Will try: OptimalKPathFinder , For lengths: 6 , For confidences: 0.99 
======================

OptimalKPathFinder
(6, 0.99): 0.03839999999999999
0.13456
0.16779289600000002
0.19974964879360002
0.2381616656515072
0.2747299057002349
0.33275151324421615
0.36477944060849377
0.38917191008912755
0.40871840896627554
0.4314236220619706
0.4532569549747909
0.48606153767630345
0.5246069223505807
0.5474257900777528
0.5926832110699776
0.6083241757648904
0.6474917581884013
0.664412153795358
0.6772987270896162
0.6896904559693751
0.7045853140828451
0.7159292380220639
0.7250195024053578
0.7382185662899006
0.7482709733443684
0.7579373679679446
0.772461125889868
0.7833829918471543
0.7917010849602236
0.799699763297751
0.806109370872223
0.8135547710307296
0.8275381632034249
0.8341606977364133
0.8441110558722286
0.850097191326735
0.8620894160205962
0.8758804744185366
0.8833276459534244
0.88892791894766
0.8931930868600699
0.8972944723246432
0.9005810492102546
0.9037624556355265
0.9101782919264914
0.9136274455165141
0.9177733281317214
0.9217202083813988
0.9247261523795531
0.9276166681281782
0.933407334677924
0.9355382999682305
0.9380136292494504
0.9403939058862715
0.9423013008979108
0.9441476592691777
0.945934934172564
0.9485300573322809
0.9505065031307213
0.9524862430054925
0.9543107712740816
0.9565038542529256
0.9581741062496133
0.9601817491496318
0.9614559331768436
0.963768577186233
0.9664859338972656
0.969837340507539
0.9712851481631771
0.9723877984737112
0.9734481070123207
0.9754394989863966
0.9778955490877569
0.9801059941789813
0.9808699240025083
0.9817881676503879
0.9823709462855755
0.983428689508441
0.9850858205575969
0.9858017011708322
0.9862560467333656
0.986915756490164
0.9874181914409418
0.9879013328896096
0.9883659217066486
0.9887382122120358
0.9894139194793137
0.9929426129862091
347 iterations, 191083 milliseconds
86pathways
Q9JIS1 Q811U3 Q9JIR4 P68511 P21708 P69736 4.5396709772680195
Q9JIS1 Q811U3 Q9JIR4 P68511 P21708 P69736 4.5396709772680195
Q9JIS1 Q811U3 Q9JIR4 P68511 P21708 P69736 4.5396709772680195
Q9JIS1 Q811U3 Q9JIR4 P68511 P21708 P69736 4.5396709772680195
Q9JIS1 Q811U3 Q9JIR4 P68511 P21708 P69736 4.5396709772680195
Q9JIS1 Q811U3 Q9JIR4 P68511 P21708 P69736 4.5396709772680195
O54857 P31016 P05696 Q63369 P47196 O70437 4.602315258933337
P31424 Q8R4T5 O88382 P62630 P21708 P69736 4.642325131328103
P31424 Q8R4T5 O88382 P62630 P21708 P69736 4.642325131328103
P31424 Q8R4T5 O88382 P62630 P21708 P69736 4.642325131328103
P31424 Q8R4T5 O88382 P62630 P21708 P69736 4.642325131328103
P31424 Q8R4T5 O88382 P62630 P21708 P69736 4.642325131328103
Q9JIS1 P68511 P97756 P61983 P21708 P69736 4.876011179522381
Q9JIS1 P68511 P97756 P61983 P21708 P69736 4.876011179522381
Q9JIS1 P68511 P97756 P61983 P21708 P69736 4.876011179522381
Q9JIS1 P68511 P97756 P61983 P21708 P69736 4.876011179522381
Q9JIS1 P68511 P97756 P61983 P21708 P69736 4.876011179522381
P15385 P31016 P05696 Q63369 P47196 O70437 5.00855346333049
P15385 Q62936 P05696 Q63369 P47196 O70437 5.00855346333049
P15385 P31016 P05696 Q63369 P47196 O70437 5.00855346333049
Q63226 P31016 P05696 Q63369 P47196 O70437 5.00855346333049
P15385 Q62936 P05696 Q63369 P47196 O70437 5.00855346333049
Q63226 P31016 P05696 Q63369 P47196 O70437 5.00855346333049
Q63226 P31016 P05696 Q63369 P47196 O70437 5.00855346333049
P15385 P31016 P05696 Q63369 P47196 O70437 5.00855346333049
P15385 Q62936 P05696 Q63369 P47196 O70437 5.00855346333049
P49187 P50232 P49185 Q9R237 P47196 O70437 5.014571028949903
P49187 P50232 P49185 Q9R237 P47196 O70437 5.014571028949903
P49187 P50232 P49185 Q9R237 P47196 O70437 5.014571028949903
P49187 P50232 P49185 Q9R237 P47196 O70437 5.014571028949903
P49187 P50232 P49185 Q9R237 P47196 O70437 5.014571028949903
P49187 P50232 P49185 Q9R237 P47196 O70437 5.014571028949903
P31422 Q9EP80 P05696 Q63369 P47196 O70437 5.052106419256225
P31422 Q9EP80 P05696 Q63369 P47196 O70437 5.052106419256225
P31422 Q9EP80 P05696 Q63369 P47196 O70437 5.052106419256225
Q9JJ40 P31016 P05696 Q63369 P47196 O70437 5.234019896060839
Q9JJ40 P31016 P05696 Q63369 P47196 O70437 5.234019896060839
Q9JJ40 P31016 P05696 Q63369 P47196 O70437 5.234019896060839
Q9JJ40 P97836 O88382 P62630 P21708 P69736 5.336042501333993
O54857 P31016 Q6IN36 Q4V7C7 P21708 P69736 5.759648238868962
O54857 P31016 Q6IN36 P47942 P21708 P69736 5.759648238868962
O54857 P31016 Q6IN36 P47942 P21708 P69736 5.759648238868962
O54857 P31016 Q6IN36 P47942 P21708 P69736 5.759648238868962
O54857 P31016 Q6IN36 Q4V7C7 P21708 P69736 5.759648238868962
O54857 P31016 Q6IN36 P47942 P21708 P69736 5.759648238868962
O54857 P31016 Q6IN36 Q4V7C7 P21708 P69736 5.759648238868962
O54857 P31016 Q6IN36 Q4V7C7 P21708 P69736 5.759648238868962
O54857 P31016 Q6IN36 P47942 P21708 P69736 5.759648238868962
O54857 P31016 Q6IN36 P47942 P21708 P69736 5.759648238868962
P31424 O88382 Q00961 P62260 P21708 P69736 5.827637481273751
P31424 O88382 Q00961 P62260 P21708 P69736 5.827637481273751
P31424 O88382 Q00961 P62260 P21708 P69736 5.827637481273751
P31424 O88382 Q00961 P62260 P21708 P69736 5.827637481273751
P31424 O88382 Q00961 P62260 P21708 P69736 5.827637481273751
P31424 O88382 Q00961 P62260 P21708 P69736 5.827637481273751
Q9JIS1 P68511 P21708 P04797 P47196 O70437 6.033912279090199
Q62976 P34926 P21708 P04797 P47196 O70437 6.033912279090199
Q9JIS1 P68511 P21708 P04797 P47196 O70437 6.033912279090199
Q62976 P34926 P21708 P04797 P47196 O70437 6.033912279090199
Q9JIS1 P68511 P21708 P04797 P47196 O70437 6.033912279090199
Q9JIS1 P68511 P21708 P04797 P47196 O70437 6.033912279090199
Q62976 P34926 P21708 P04797 P47196 O70437 6.033912279090199
Q9JIS1 P68511 P21708 P04797 P47196 O70437 6.033912279090199
Q9JIS1 P68511 P21708 P04797 P47196 O70437 6.033912279090199
Q62976 P34926 P21708 P04797 P47196 O70437 6.033912279090199
Q9JIS1 P68511 P21708 P04797 P47196 O70437 6.033912279090199
Q63226 P31016 Q6IN36 P47942 P21708 P69736 6.165886443266115
P15385 P31016 Q6IN36 Q4V7C7 P21708 P69736 6.165886443266115
Q63226 P31016 Q6IN36 Q4V7C7 P21708 P69736 6.165886443266115
Q63226 P31016 Q6IN36 Q4V7C7 P21708 P69736 6.165886443266115
Q63226 P31016 Q6IN36 Q4V7C7 P21708 P69736 6.165886443266115
Q63226 P31016 Q6IN36 P47942 P21708 P69736 6.165886443266115
Q63226 P31016 Q6IN36 P47942 P21708 P69736 6.165886443266115
P15385 P31016 Q6IN36 P47942 P21708 P69736 6.165886443266115
Q63226 P31016 Q6IN36 P47942 P21708 P69736 6.165886443266115
P15385 P31016 Q6IN36 P47942 P21708 P69736 6.165886443266115
P15385 P31016 Q6IN36 P47942 P21708 P69736 6.165886443266115
P15385 P31016 Q6IN36 P47942 P21708 P69736 6.165886443266115
Q63226 P31016 Q6IN36 Q4V7C7 P21708 P69736 6.165886443266115
Q9JJ40 P31016 Q6IN36 P47942 P21708 P69736 6.391352875996464
Q9JJ40 P31016 Q6IN36 Q4V7C7 P21708 P69736 6.391352875996464
Q9JJ40 P31016 Q6IN36 Q4V7C7 P21708 P69736 6.391352875996464
Q9JJ40 P35439 O88382 P62630 P21708 P69736 6.503188899943317
Q9JJ40 P35439 O88382 P62630 P21708 P69736 6.503188899943317
Q9JJ40 P35439 O88382 P62630 P21708 P69736 6.503188899943317
Q9JJ40 P35439 O88382 P62630 P21708 P69736 6.503188899943317

