0	0.015432098765432056	0.015432098765432056	7.140359441081964	7.140359441081964	[3, 5, 27, 33, 7, 88]	162
1	0.030626047858558048	0.03731138545953361	7.140359441081964	7.140359441081964	[3, 17, 65, 1, 34, 88]	216
2	0.045585522428642	0.08352043895747607	7.140359441081964	7.915890503099491	[0, 1, 6, 4, 34, 88]	28
3	0.06031414090968146	0.10049228268048571	6.752593910073201	6.752593910073201	[3, 68, 33, 7, 34, 88]	27
4	0.07481546589564314	0.1171498330012174	6.752593910073201	7.528124972090727	[3, 17, 52, 68, 7, 88]	33
5	0.08909300500219186	0.13349891016786153	6.752593910073201	7.528124972090727	[3, 5, 52, 10, 34, 88]	27
6	0.10315021171512095	0.14954522664623449	6.752593910073201	6.752593910073201	[3, 17, 33, 7, 34, 88]	27
7	0.11699048622569008	0.18220268994301902	6.752593910073201	7.528124972090728	[13, 14, 17, 1, 34, 88]	28
8	0.13061717625307134	0.19734708457370387	6.752593910073201	7.528124972090727	[3, 5, 37, 33, 7, 88]	28
9	0.1440335778541042	0.21875116231840508	6.752593910073201	7.528124972090727	[0, 1, 34, 33, 38, 88]	27
10	0.1572429362205532	0.2562511065271217	6.752593910073201	7.140359441081964	[144, 43, 7, 33, 34, 88]	28
11	0.17024844646406312	0.27277885971540794	6.752593910073201	7.915890503099491	[140, 57, 147, 3, 5, 88]	30
12	0.18305325438900033	0.2921714234563304	6.752593910073201	8.303656034108254	[13, 98, 7, 8, 5, 88]	27
13	0.19566045725336756	0.3079009473795231	6.752593910073201	7.140359441081964	[3, 5, 8, 34, 7, 88]	28
14	0.208073104517976	0.3207175965021245	6.752593910073201	7.140359441081964	[3, 17, 68, 33, 7, 88]	29
15	0.22029419858405663	0.3424546334140566	6.752593910073201	7.528124972090727	[3, 17, 48, 40, 5, 88]	31
16	0.2323266955194878	0.35463139946194444	6.752593910073201	7.140359441081964	[3, 4, 33, 7, 34, 88]	33
17	0.2441735057738167	0.3645907914455564	6.752593910073201	6.752593910073201	[3, 5, 27, 33, 34, 88]	32
18	0.2558374948822454	0.3815350370070082	6.752593910073201	6.752593910073201	[3, 68, 67, 7, 34, 88]	27
19	0.2673214841587539	0.3929880918772488	6.752593910073201	7.140359441081964	[3, 5, 8, 34, 7, 88]	27
20	0.2786282513785262	0.4162973491491625	6.752593910073201	7.140359441081964	[3, 147, 7, 68, 34, 88]	27
21	0.28976053144984526	0.42710665749825205	6.752593910073201	7.140359441081964	[13, 34, 68, 33, 7, 88]	27
22	0.30072101707561927	0.4398376206649576	6.752593910073201	7.140359441081964	[13, 98, 7, 68, 34, 88]	27
23	0.31151235940469924	0.4522856735390697	6.752593910073201	7.915890503099491	[144, 43, 50, 34, 7, 88]	28
24	0.32213716867314524	0.46689138891136117	6.752593910073201	7.528124972090727	[3, 99, 41, 27, 34, 88]	26
25	0.3325980148355967	0.4811076185403915	6.752593910073201	7.140359441081964	[3, 5, 12, 8, 34, 88]	27
26	0.34289742818689917	0.5010330859884404	6.752593910073201	7.528124972090727	[13, 12, 8, 34, 7, 88]	26
27	0.35303789997413837	0.514338870362082	6.752593910073201	7.140359441081964	[3, 4, 33, 7, 34, 88]	26
28	0.3630218829992288	0.5251313399095914	6.752593910073201	7.140359441081964	[140, 147, 27, 33, 34, 88]	27
29	0.37285179221220366	0.5403271370324845	6.752593910073201	7.528124972090727	[119, 6, 33, 68, 7, 88]	28
30	0.38253000529534864	0.5679075088105354	6.752593910073201	7.528124972090728	[140, 147, 3, 8, 34, 88]	31
31	0.3920588632383216	0.5817344685285982	6.752593910073201	7.140359441081964	[140, 6, 67, 7, 34, 88]	33
32	0.40144067090439683	0.5910292581168516	6.752593910073201	7.140359441081964	[13, 34, 67, 33, 7, 88]	31
33	0.4106776975879709	0.600117496825366	6.752593910073201	7.528124972090728	[13, 14, 17, 1, 34, 88]	32
34	0.4197721775634652	0.6090037746736912	6.752593910073201	7.91589050309949	[3, 43, 27, 33, 38, 88]	32
35	0.4287263106257574	0.6162444455130673	6.752593910073201	7.528124972090727	[3, 17, 52, 68, 33, 88]	35
36	0.43754226262227347	0.6285246232566492	6.752593910073201	7.91589050309949	[140, 6, 33, 27, 7, 88]	27
37	0.44622216597686803	0.6384306333031384	6.752593910073201	7.140359441081964	[3, 5, 8, 34, 33, 88]	26
38	0.4547681202056201	0.6480724830817215	6.752593910073201	6.752593910073201	[3, 17, 7, 67, 34, 88]	27
39	0.46318219242466907	0.6593341636231064	6.752593910073201	7.915890503099491	[140, 6, 2, 3, 5, 88]	27
40	0.47146641785021426	0.6656427902226785	6.752593910073201	6.752593910073201	[3, 68, 67, 33, 34, 88]	26
41	0.4796228002907974	0.6763422209355527	6.752593910073201	7.528124972090727	[119, 6, 67, 33, 7, 88]	27
42	0.48765331263198874	0.6866992698656151	6.752593910073201	7.140359441081964	[119, 6, 67, 7, 34, 88]	27
43	0.49555989731359384	0.6950539560025321	6.752593910073201	7.528124972090727	[3, 5, 30, 27, 33, 88]	26
44	0.5033444667994951	0.7031858505091312	6.752593910073201	7.140359441081964	[3, 37, 33, 67, 34, 88]	26
45	0.5110089040402437	0.7097817204978172	6.752593910073201	7.528124972090727	[144, 43, 8, 34, 7, 88]	27
46	0.5185550629285114	0.7190687054418871	6.752593910073201	7.140359441081964	[0, 1, 34, 67, 7, 88]	26
47	0.5259847687475159	0.7280585068677468	6.752593910073201	8.303656034108254	[119, 6, 76, 1, 7, 88]	27
48	0.5332998186125233	0.73309446044427	6.752593910073201	7.528124972090727	[13, 14, 17, 3, 5, 88]	28
49	0.5405019819055399	0.7402119414990893	6.752593910073201	7.91589050309949	[119, 17, 3, 8, 38, 88]	26
50	0.5475930007032939	0.7471396230591136	6.752593910073201	7.140359441081964	[3, 17, 68, 67, 33, 88]	27
51	0.5545745901986134	0.7538825664442039	6.752593910073201	7.528124972090727	[3, 43, 67, 33, 7, 88]	27
52	0.5614484391153014	0.7620864808960638	6.752593910073201	7.528124972090728	[144, 43, 6, 1, 34, 88]	26
53	0.5682162101166085	0.7673734479872624	6.752593910073201	7.528124972090727	[123, 6, 8, 34, 7, 88]	27
54	0.5748795402074016	0.7725429269208788	6.752593910073201	7.528124972090727	[0, 1, 17, 3, 5, 88]	28
55	0.5814400411301268	0.7786084488696553	6.752593910073201	7.140359441081964	[13, 34, 67, 33, 7, 88]	27
56	0.5878992997546619	0.7835282611169964	6.752593910073201	7.140359441081964	[140, 147, 27, 33, 34, 88]	26
57	0.5942588784621516	0.7875369970222371	6.752593910073201	7.528124972090727	[3, 5, 147, 33, 68, 88]	26
58	0.6005203155229208	0.7914714970773808	6.752593910073201	6.752593910073201	[3, 5, 27, 33, 34, 88]	27
59	0.6066851254685548	0.7981444091709047	6.752593910073201	7.528124972090727	[3, 17, 48, 40, 5, 88]	27
60	0.6127547994582376	0.8018824756677398	6.752593910073201	6.752593910073201	[3, 5, 27, 33, 34, 88]	28
61	0.6187308056394376	0.8071656096499334	6.752593910073201	7.140359441081964	[140, 147, 7, 68, 34, 88]	33
62	0.6246145895030265	0.8114508183243794	6.752593910073201	7.528124972090727	[119, 6, 17, 3, 5, 88]	32
63	0.630407574232918	0.8156408001393931	6.752593910073201	7.528124972090728	[13, 14, 5, 8, 34, 88]	31
64	0.6361111610503113	0.819054859396071	6.752593910073201	7.140359441081964	[3, 5, 8, 34, 7, 88]	34
65	0.6417267295526212	0.8238800631455091	6.752593910073201	7.140359441081964	[140, 147, 7, 68, 34, 88]	32
66	0.6472556380471796	0.8271415434576294	6.752593910073201	7.140359441081964	[3, 5, 6, 33, 34, 88]	32
67	0.6526992238797849	0.8309828424919042	6.752593910073201	7.140359441081964	[119, 6, 33, 7, 34, 88]	33
68	0.6580588037581832	0.8347387793254175	6.752593910073201	7.528124972090728	[101, 100, 29, 33, 34, 88]	33
69	0.6633356740705569	0.8400271383870042	6.752593910073201	7.528124972090728	[3, 24, 6, 33, 34, 88]	32
70	0.6685311111990977	0.8442930813633507	6.752593910073201	6.752593910073201	[3, 68, 67, 7, 34, 88]	33
71	0.6736463718287411	0.8477532351108318	6.752593910073201	7.528124972090727	[119, 6, 17, 3, 5, 88]	32
72	0.6786826932511372	0.8505726196458163	6.752593910073201	7.140359441081964	[3, 17, 1, 34, 7, 88]	31
73	0.6836412936639282	0.8545573497885945	6.752593910073201	7.140359441081964	[3, 5, 12, 8, 34, 88]	28
74	0.6885233724654107	0.857250732199917	6.752593910073201	6.752593910073201	[3, 68, 33, 7, 34, 88]	26
75	0.6933301105446482	0.8618187087695196	6.752593910073201	7.140359441081964	[0, 1, 34, 67, 33, 88]	26
76	0.6980626705671074	0.8673459604187388	6.752593910073201	7.528124972090727	[101, 100, 41, 27, 33, 88]	27
77	0.7027221972558866	0.8702938279649891	6.752593910073201	7.140359441081964	[119, 6, 33, 7, 34, 88]	26
78	0.7073098176686043	0.873752659219256	6.752593910073201	7.140359441081964	[3, 5, 67, 1, 34, 88]	27
79	0.7118266414700147	0.8771192549734093	6.752593910073201	7.140359441081964	[13, 3, 17, 1, 34, 88]	26
80	0.7162737612004157	0.880396074840785	6.752593910073201	7.528124972090728	[3, 14, 6, 1, 34, 88]	26
81	0.7206522525399155	0.8843828723460921	6.752593910073201	7.915890503099491	[21, 20, 5, 27, 33, 88]	27
82	0.7249631745686205	0.8880826204310172	6.752593910073201	8.303656034108254	[119, 6, 102, 104, 5, 88]	26
83	0.7292075700228084	0.89106708388619	6.752593910073201	7.140359441081964	[3, 68, 7, 1, 34, 88]	26
84	0.7333864655471478	0.8930843601105198	6.752593910073201	7.528124972090727	[3, 17, 1, 68, 7, 88]	27
85	0.7375008719430252	0.8971899206822759	6.752593910073201	7.140359441081964	[119, 17, 68, 7, 34, 88]	27
86	0.7415517844130401	0.898776495980389	6.752593910073201	7.140359441081964	[3, 5, 30, 7, 34, 88]	26
87	0.7455401828017278	0.9006510053140855	6.752593910073201	7.140359441081964	[3, 17, 1, 34, 7, 88]	27
88	0.7494670318325654	0.9033003118390431	6.752593910073201	6.752593910073201	[3, 5, 67, 68, 34, 88]	26
89	0.753333281341322	0.9050910468049869	6.752593910073201	6.752593910073201	[3, 5, 27, 33, 34, 88]	26
90	0.7571398665058078	0.9081281333072272	6.752593910073201	7.528124972090727	[13, 34, 68, 67, 5, 88]	27
91	0.7608877080720762	0.9101697303448444	6.752593910073201	7.140359441081964	[3, 5, 67, 33, 7, 88]	27
92	0.7645777125771367	0.9125652042023152	6.752593910073201	7.528124972090727	[3, 17, 38, 37, 34, 88]	26
93	0.7682107725682302	0.9153631176678412	6.752593910073201	7.140359441081964	[123, 6, 67, 7, 34, 88]	27
94	0.7717877668187205	0.9169304673406589	6.752593910073201	7.140359441081964	[13, 3, 17, 68, 34, 88]	26
95	0.7753095605406538	0.9184687920195356	6.752593910073201	7.140359441081964	[3, 5, 27, 33, 7, 88]	27
96	0.7787770055940388	0.919978629204359	6.752593910073201	7.140359441081964	[3, 17, 68, 33, 7, 88]	27
97	0.7821909406928962	0.9217568818887065	6.752593910073201	7.528124972090727	[123, 6, 48, 17, 34, 88]	27
98	0.7855521916081293	0.9234956178467353	6.752593910073201	7.140359441081964	[119, 17, 33, 7, 34, 88]	26
99	0.7888615713672631	0.925195715227919	6.752593910073201	7.915890503099491	[119, 17, 37, 27, 33, 88]	26
100	0.7921198804511016	0.9265809797607353	6.752593910073201	7.140359441081964	[140, 57, 27, 33, 34, 88]	27
101	0.79532790698735	0.92821251354383	6.752593910073201	7.140359441081964	[119, 17, 3, 68, 34, 88]	27
102	0.7984864269412489	0.9298077910206338	6.752593910073201	7.528124972090727	[3, 17, 6, 33, 7, 88]	26
103	0.8015962043032667	0.9311076467424739	6.752593910073201	7.528124972090728	[13, 12, 5, 8, 34, 88]	27
104	0.8046579912738953	0.9329447761626747	6.752593910073201	7.140359441081964	[3, 2, 7, 67, 34, 88]	27
105	0.8076725284455943	0.9355196967580279	6.752593910073201	7.528124972090727	[123, 6, 67, 68, 7, 88]	26
106	0.8106405449819278	0.936713776447694	6.752593910073201	7.140359441081964	[3, 5, 37, 1, 34, 88]	26
107	0.8135627587939351	0.9378857435505146	6.752593910073201	7.140359441081964	[3, 5, 8, 34, 33, 88]	26
108	0.8164398767137817	0.9390360075588384	6.752593910073201	6.752593910073201	[3, 5, 67, 33, 34, 88]	27
109	0.8192725946657295	0.9401649703818229	6.752593910073201	7.140359441081964	[3, 5, 27, 33, 7, 88]	26
110	0.8220615978344683	0.9417605711716409	6.752593910073201	7.140359441081964	[3, 5, 35, 7, 34, 88]	26
111	0.8248075608308499	0.94305478070116	6.752593910073201	7.528124972090727	[123, 6, 8, 34, 33, 88]	26
112	0.8275111478550652	0.9439335649495989	6.752593910073201	7.140359441081964	[3, 68, 67, 33, 7, 88]	27
113	0.8301730128573019	0.9449718322653471	6.752593910073201	7.528124972090727	[3, 4, 33, 67, 7, 88]	26
114	0.8327937996959238	0.9467327336328559	6.752593910073201	7.528124972090728	[3, 61, 51, 8, 34, 88]	26
115	0.8353741422932088	0.9481531940693131	6.752593910073201	7.140359441081964	[3, 17, 28, 8, 34, 88]	27
116	0.837914664788684	0.9498122918590951	6.752593910073201	7.528124972090727	[3, 5, 37, 10, 34, 88]	26
117	0.8404159816900932	0.951418298519604	6.752593910073201	7.140359441081964	[13, 3, 17, 1, 34, 88]	27
118	0.8428786980220363	0.9524978918858351	6.752593910073201	7.140359441081964	[0, 1, 34, 33, 7, 88]	26
119	0.8453034094723135	0.9533775605546159	6.752593910073201	7.140359441081964	[3, 17, 61, 8, 34, 88]	27
120	0.8476907025360123	0.9548694786168682	6.752593910073201	7.140359441081964	[0, 1, 34, 67, 7, 88]	27
121	0.8500411546573702	0.9555659372801881	6.752593910073201	6.752593910073201	[3, 17, 33, 7, 34, 88]	27
122	0.8523553343694478	0.9565533608961839	6.752593910073201	7.140359441081964	[140, 147, 33, 67, 34, 88]	26
123	0.8546338014316477	0.9575188417651577	6.752593910073201	7.528124972090728	[140, 6, 2, 7, 34, 88]	27
124	0.8568771069651099	0.9588782388286726	6.752593910073201	7.140359441081964	[119, 17, 68, 67, 34, 88]	26
125	0.8590857935860187	0.9596397529244379	6.752593910073201	7.140359441081964	[3, 5, 6, 1, 34, 88]	26
126	0.8612603955368516	0.9609312808308559	6.752593910073201	7.528124972090728	[140, 147, 57, 1, 34, 88]	26
127	0.8634014388156039	0.9622335714698274	6.752593910073201	7.528124972090727	[0, 1, 34, 3, 5, 88]	26
128	0.8655094413030175	0.9629329497759417	6.752593910073201	7.140359441081964	[3, 104, 33, 7, 34, 88]	26
129	0.8675849128878474	0.9641190953831116	6.752593910073201	7.528124972090727	[13, 98, 8, 34, 7, 88]	27
130	0.8696283555901955	0.9650759195062286	6.752593910073201	7.140359441081964	[3, 5, 71, 33, 34, 88]	26
131	0.8716402636829393	0.9657226617375947	6.752593910073201	7.140359441081964	[3, 17, 48, 29, 34, 88]	27
132	0.8736211238112891	0.9664843803656482	6.752593910073201	8.303656034108254	[140, 57, 56, 6, 5, 88]	26
133	0.8755714151104975	0.9677713801596073	6.752593910073201	7.915890503099491	[13, 18, 6, 4, 34, 88]	27
134	0.8774916093217553	0.9683682064529479	6.752593910073201	7.140359441081964	[13, 34, 68, 33, 7, 88]	26
135	0.8793821709062961	0.9689539804075229	6.752593910073201	7.140359441081964	[3, 17, 1, 34, 7, 88]	27
136	0.8812435571577422	0.9695289066962725	6.752593910073201	7.528124972090727	[3, 37, 27, 33, 7, 88]	26
137	0.8830762183127152	0.9705039816819918	6.752593910073201	7.140359441081964	[13, 98, 7, 68, 34, 88]	26
138	0.8848805976597413	0.9710502042434364	6.752593910073201	7.140359441081964	[3, 17, 6, 1, 34, 88]	27
139	0.8866571316464736	0.9716935330380266	6.752593910073201	7.140359441081964	[0, 1, 34, 67, 7, 88]	26
140	0.8884062499852626	0.9722177268706558	6.752593910073201	6.752593910073201	[3, 17, 33, 7, 34, 88]	27
141	0.890128375757095	0.9729585874874384	6.752593910073201	6.752593910073201	[3, 5, 67, 7, 34, 88]	27
142	0.89182392551393	0.9734593543858191	6.752593910073201	7.528124972090727	[3, 17, 1, 33, 7, 88]	27
143	0.8934933093794557	0.9741671049355306	6.752593910073201	7.140359441081964	[3, 5, 12, 8, 34, 88]	26
144	0.8951369311482913	0.9746454918811689	6.752593910073201	7.915890503099491	[3, 147, 11, 27, 33, 88]	27
145	0.8967551883836571	0.9752089253949207	6.752593910073201	7.528124972090728	[144, 43, 29, 1, 34, 88]	26
146	0.898348472513539	0.9757598381639224	6.752593910073201	7.140359441081964	[0, 1, 34, 68, 33, 88]	27
147	0.8999171689253671	0.9764062424795512	6.752593910073201	7.528124972090727	[123, 6, 8, 34, 68, 88]	27
148	0.9014616570592349	0.9769305482022278	6.752593910073201	8.303656034108254	[119, 6, 24, 26, 5, 88]	27
149	0.9029823104996788	0.9774432026866228	6.752593910073201	7.528124972090727	[140, 147, 27, 33, 7, 88]	26
150	0.9044794970660417	0.9780447172816462	6.752593910073201	7.140359441081964	[3, 5, 2, 7, 34, 88]	27
151	0.9059535789014423	0.9785326124531651	6.752593910073201	7.140359441081964	[140, 6, 33, 7, 34, 88]	26
152	0.9074049125603707	0.9790096655097614	6.752593910073201	7.528124972090728	[123, 3, 37, 1, 34, 88]	27
153	0.9088338490949328	0.9794761173873223	6.752593910073201	7.140359441081964	[0, 1, 34, 68, 33, 88]	26
154	0.9102407341397641	0.9798561892875571	6.752593910073201	7.140359441081964	[3, 5, 4, 33, 34, 88]	27
155	0.9116259079956319	0.9808230922017543	6.752593910073201	7.528124972090728	[101, 100, 17, 1, 34, 88]	26
156	0.9129897057117488	0.9815901685136842	6.752593910073201	8.303656034108254	[3, 56, 54, 100, 33, 88]	26
157	0.9143324571668143	0.9819992758800468	6.752593910073201	7.528124972090727	[119, 6, 17, 3, 34, 88]	27
158	0.9156544871488079	0.9823992919716013	6.752593910073201	7.140359441081964	[119, 17, 68, 33, 34, 88]	26
159	0.9169561154335486	0.98296251462851	6.752593910073201	7.140359441081964	[140, 6, 67, 7, 34, 88]	27
160	0.9182376568620432	0.9834168475717497	6.752593910073201	7.528124972090727	[3, 6, 1, 34, 7, 88]	26
161	0.9194994214166413	0.9837239429870878	6.752593910073201	7.140359441081964	[3, 10, 33, 7, 34, 88]	28
162	0.9207417142960141	0.9840253514502898	6.752593910073201	7.528124972090727	[3, 17, 39, 27, 33, 88]	27
163	0.9219648359889768	0.9845365402038806	6.752593910073201	7.915890503099491	[13, 98, 97, 3, 5, 88]	26
164	0.9231690823471717	0.9848229005704754	6.752593910073201	7.140359441081964	[3, 17, 33, 67, 7, 88]	27
165	0.9243547446566289	0.9854057011885691	6.752593910073201	7.91589050309949	[119, 6, 33, 67, 5, 88]	26
166	0.9255221097082241	0.9857300189399342	6.752593910073201	7.140359441081964	[119, 17, 33, 7, 34, 88]	27
167	0.9266714598670478	0.986047129630158	6.752593910073201	7.140359441081964	[0, 1, 34, 33, 7, 88]	27
168	0.9278030731407044	0.9863055161184883	6.752593910073201	7.528124972090727	[3, 5, 37, 33, 7, 88]	26
169	0.9289172232465578	0.9865591176718497	6.752593910073201	7.140359441081964	[3, 8, 34, 33, 7, 88]	26
170	0.9300141796779381	0.9868578039458086	6.752593910073201	7.140359441081964	[119, 6, 33, 7, 34, 88]	26
171	0.9310942077693279	0.9871498527470128	6.752593910073201	7.140359441081964	[144, 43, 7, 33, 34, 88]	27
172	0.932157568760542	0.987387818436883	6.752593910073201	7.528124972090727	[3, 17, 6, 33, 7, 88]	26
173	0.9332045198599164	0.9876680891382855	6.752593910073201	7.140359441081964	[0, 1, 34, 33, 7, 88]	27
174	0.9342353143065225	0.9878964578579469	6.752593910073201	7.528124972090727	[3, 5, 37, 27, 34, 88]	26
175	0.9352502014314219	0.9881654254611036	6.752593910073201	7.91589050309949	[101, 100, 41, 27, 7, 88]	27
176	0.936249426717974	0.9884810141154742	6.752593910073201	7.140359441081964	[3, 17, 50, 67, 34, 88]	26
177	0.9372332318612151	0.9886943286688914	6.752593910073201	7.140359441081964	[3, 17, 6, 33, 34, 88]	27
178	0.9382018548263199	0.9891284664480059	6.752593910073201	7.140359441081964	[3, 4, 7, 68, 34, 88]	26
179	0.9391555299061606	0.9893700560824947	6.752593910073201	7.140359441081964	[119, 6, 67, 7, 34, 88]	27
180	0.9400944877779791	0.9895669068957819	6.752593910073201	7.140359441081964	[3, 17, 139, 7, 34, 88]	26
181	0.9410189555591831	0.9897601123236377	6.752593910073201	7.528124972090727	[3, 5, 52, 68, 33, 88]	28
182	0.9419291568622822	0.9899876653831124	6.752593910073201	7.528124972090727	[140, 57, 27, 33, 7, 88]	27
183	0.9428253118489753	0.9902101617079322	6.752593910073201	7.140359441081964	[123, 6, 33, 7, 34, 88]	26
184	0.9437076372834047	0.9905234365332783	6.752593910073201	7.528124972090727	[123, 3, 17, 68, 33, 88]	27
185	0.9445763465845868	0.9908266865642135	6.752593910073201	7.528124972090728	[123, 6, 2, 8, 34, 88]	26
186	0.9454316498780345	0.9910713082558344	6.752593910073201	7.915890503099491	[13, 14, 6, 67, 33, 88]	26
187	0.9462737540465833	0.9912366543992449	6.752593910073201	7.140359441081964	[3, 5, 67, 68, 7, 88]	26
188	0.9471028627804323	0.991470343615265	6.752593910073201	7.528124972090727	[119, 6, 8, 34, 68, 88]	26
189	0.9479191766264133	0.991697801118858	6.752593910073201	7.528124972090728	[3, 85, 7, 1, 34, 88]	26
190	0.9487228930364995	0.9919191930890218	6.752593910073201	6.752593910073201	[3, 5, 67, 68, 34, 88]	26
191	0.9495142064155659	0.9920987665759323	6.752593910073201	7.140359441081964	[13, 3, 5, 8, 34, 88]	27
192	0.9502933081684121	0.9923094661339075	6.752593910073201	7.140359441081964	[140, 57, 27, 33, 34, 88]	26
193	0.9510603867460601	0.9924803668864873	6.752593910073201	7.140359441081964	[0, 1, 34, 67, 33, 88]	27
194	0.9518156276913369	0.9926196193515524	6.752593910073201	6.752593910073201	[3, 17, 33, 7, 34, 88]	26
195	0.9525592136837545	0.9928557915323027	6.752593910073201	7.528124972090727	[13, 3, 68, 67, 33, 88]	27
196	0.9532913245836966	0.993084406203269	6.752593910073201	8.303656034108254	[123, 6, 4, 12, 5, 88]	26
197	0.9540121374759235	0.9933057052047644	6.752593910073201	7.140359441081964	[13, 3, 17, 1, 34, 88]	26
198	0.9547218267124061	0.9934296736268984	6.752593910073201	7.140359441081964	[3, 17, 1, 34, 7, 88]	27
199	0.9554205639544987	0.9935513463375114	6.752593910073201	7.140359441081964	[3, 4, 33, 7, 34, 88]	26
200	0.9561085182144601	0.9936946497522333	6.752593910073201	7.140359441081964	[0, 1, 34, 67, 7, 88]	27
201	0.9567858558963357	0.9938627924255071	6.752593910073201	7.528124972090727	[140, 57, 1, 34, 7, 88]	27
202	0.9574527408362071	0.9939764444176273	6.752593910073201	7.140359441081964	[3, 17, 50, 1, 34, 88]	26
203	0.9581093343418212	0.9941103012083468	6.752593910073201	7.140359441081964	[13, 98, 7, 67, 34, 88]	26
204	0.9587557952316079	0.9942193697044885	6.752593910073201	7.140359441081964	[3, 17, 1, 34, 33, 88]	27
205	0.9593922798730954	0.9943264184136646	6.752593910073201	6.752593910073201	[3, 17, 33, 7, 34, 88]	27
206	0.9600189422207328	0.9944524980044721	6.752593910073201	7.140359441081964	[0, 1, 34, 67, 33, 88]	27
207	0.960635933853129	0.994630018068329	6.752593910073201	7.528124972090727	[3, 17, 30, 27, 33, 88]	26
208	0.9612434040097164	0.9947732175865068	6.752593910073201	7.140359441081964	[3, 24, 27, 33, 34, 88]	27
209	0.9618414996268504	0.9948700098534234	6.752593910073201	7.140359441081964	[3, 5, 27, 33, 7, 88]	26
210	0.9624303653733497	0.9949650096709526	6.752593910073201	7.140359441081964	[3, 17, 50, 1, 34, 88]	26
211	0.9630101436854893	0.9950582502326016	6.752593910073201	7.140359441081964	[13, 3, 5, 8, 34, 88]	26
212	0.963580974801454	0.995190030226399	6.752593910073201	7.140359441081964	[3, 5, 2, 7, 34, 88]	27
213	0.9641429967952587	0.9953439492591541	6.752593910073201	7.528124972090727	[119, 6, 67, 68, 7, 88]	26
214	0.9646963456101467	0.9954681106122434	6.752593910073201	6.752593910073201	[3, 5, 67, 7, 34, 88]	27
215	0.9652411550914716	0.9955520344897945	6.752593910073201	7.140359441081964	[13, 3, 17, 1, 34, 88]	27
216	0.9657775570190723	0.995694369386121	6.752593910073201	7.140359441081964	[13, 34, 68, 33, 7, 88]	26
217	0.9663056811391484	0.995774103286378	6.752593910073201	7.140359441081964	[3, 4, 33, 7, 34, 88]	26
218	0.966825655195643	0.9958680121022363	6.752593910073201	7.528124972090727	[13, 14, 17, 3, 5, 88]	29
219	0.9673376049611423	0.9959781984461766	6.752593910073201	7.140359441081964	[3, 2, 7, 67, 34, 88]	26
220	0.9678416542672975	0.9960675718140394	6.752593910073201	7.140359441081964	[0, 1, 34, 33, 7, 88]	27
221	0.9683379250347776	0.9961986527535714	6.752593910073201	7.528124972090727	[144, 43, 8, 34, 7, 88]	26
222	0.9688265373027594	0.9963000220134762	6.752593910073201	6.752593910073201	[3, 17, 33, 67, 34, 88]	27
223	0.9693076092579637	0.9964184213090449	6.752593910073201	7.91589050309949	[13, 12, 5, 3, 68, 88]	26
224	0.969781257263242	0.9964980119466217	6.752593910073201	7.528124972090727	[0, 1, 34, 8, 5, 88]	27
225	0.9702475958857228	0.9965913982947118	6.752593910073201	7.91589050309949	[123, 3, 5, 8, 38, 88]	27
226	0.9707067379245234	0.9966822943401862	6.752593910073201	7.528124972090727	[140, 57, 27, 33, 7, 88]	26
227	0.9711587944380339	0.9967707664911145	6.752593910073201	6.752593910073201	[3, 5, 67, 68, 34, 88]	27
228	0.9716038747707803	0.9968741019633989	6.752593910073201	7.528124972090727	[119, 6, 67, 33, 7, 88]	26
229	0.9720420865798731	0.9969741307005701	6.752593910073201	7.91589050309949	[13, 3, 17, 30, 7, 88]	27
230	0.9724735358610479	0.9970413722405574	6.752593910073201	7.528124972090727	[123, 6, 1, 34, 7, 88]	26
231	0.9728983269743033	0.9971071195241006	6.752593910073201	7.528124972090727	[13, 3, 8, 34, 7, 88]	26
232	0.9733165626691443	0.9971714057568983	6.752593910073201	7.528124972090727	[119, 17, 48, 50, 34, 88]	26
233	0.9737283441094353	0.9972237871317706	6.752593910073201	7.140359441081964	[3, 4, 33, 7, 34, 88]	27
234	0.97413377089787	0.997312625943554	6.752593910073201	7.91589050309949	[119, 17, 48, 6, 5, 88]	26
235	0.9745329411000634	0.9973723453670306	6.752593910073201	7.528124972090727	[0, 1, 34, 8, 7, 88]	27
236	0.9749259512682722	0.9974307376922076	6.752593910073201	7.528124972090727	[123, 3, 8, 34, 33, 88]	27
237	0.9753128964647495	0.9974783166238335	6.752593910073201	7.91589050309949	[3, 5, 52, 29, 7, 88]	27
238	0.975693870284738	0.9975343540321927	6.752593910073201	7.528124972090727	[0, 1, 17, 3, 5, 88]	27
239	0.9760689648791093	0.9976001045913342	6.752593910073201	7.528124972090727	[13, 18, 5, 3, 34, 88]	26
240	0.9764382709766539	0.9976534356004156	6.752593910073201	7.528124972090727	[3, 17, 4, 7, 68, 88]	27
241	0.9768018779060265	0.9976968904967043	6.752593910073201	7.140359441081964	[3, 5, 12, 8, 34, 88]	26
242	0.9771598736173532	0.9977583067501254	6.752593910073201	7.140359441081964	[3, 17, 48, 29, 34, 88]	27
243	0.9775123447035052	0.9977998195880862	6.752593910073201	7.528124972090727	[3, 17, 1, 68, 7, 88]	26
244	0.9778593764210437	0.9978702253612673	6.752593910073201	7.528124972090727	[140, 147, 27, 33, 68, 88]	26
245	0.9782010527108425	0.9979175536865725	6.752593910073201	7.140359441081964	[13, 3, 5, 8, 34, 88]	27
246	0.9785374562183912	0.9979561175071916	6.752593910073201	7.140359441081964	[3, 5, 147, 7, 34, 88]	26
247	0.9788686683137864	0.9979939671829843	6.752593910073201	7.528124972090727	[3, 37, 1, 34, 7, 88]	27
248	0.9791947691114131	0.9980474613914381	6.752593910073201	7.528124972090727	[3, 37, 41, 27, 33, 88]	26
249	0.9795158374893234	0.998109942626912	6.752593910073201	7.528124972090727	[140, 57, 1, 34, 7, 88]	27
250	0.9798319511083153	0.9981449436893767	6.752593910073201	7.140359441081964	[3, 17, 6, 1, 34, 88]	27
251	0.9801431864307178	0.9981792965840178	6.752593910073201	6.752593910073201	[3, 68, 67, 7, 34, 88]	26
252	0.9804496187388858	0.9982197566599286	6.752593910073201	7.528124972090727	[0, 1, 17, 3, 5, 88]	27
253	0.9807513221534092	0.9982672298156637	6.752593910073201	6.752593910073201	[3, 5, 27, 33, 34, 88]	28
254	0.9810483696510417	0.9983134370205794	6.752593910073201	7.528124972090727	[3, 52, 68, 67, 7, 88]	27
255	0.9813408330823528	0.9983446696683465	6.752593910073201	7.140359441081964	[3, 17, 1, 34, 7, 88]	26
256	0.9816287831891066	0.9983976402389594	6.752593910073201	7.528124972090727	[119, 17, 48, 29, 34, 88]	27
257	0.9819122896213734	0.9984403698325871	6.752593910073201	7.528124972090727	[3, 17, 102, 10, 34, 88]	26
258	0.982191420954377	0.9984692518727244	6.752593910073201	7.140359441081964	[3, 17, 1, 34, 7, 88]	27
259	0.982466244705081	0.9985100718227851	6.752593910073201	7.140359441081964	[3, 8, 34, 67, 33, 88]	26
260	0.9827368273485212	0.9985498032408441	6.752593910073201	7.528124972090728	[3, 10, 6, 1, 34, 88]	27
261	0.9830032343338835	0.9986078111112103	6.752593910073201	7.528124972090727	[101, 100, 33, 67, 68, 88]	26
262	0.9832655301003359	0.9986387486420724	6.752593910073201	7.140359441081964	[144, 43, 27, 33, 34, 88]	27
263	0.9835237780926147	0.9986689986722486	6.752593910073201	7.528124972090727	[119, 6, 17, 3, 5, 88]	26
264	0.9837780407763707	0.9987115907147366	6.752593910073201	7.528124972090727	[119, 6, 67, 68, 7, 88]	27
265	0.9840283796532785	0.9987354501459451	6.752593910073201	6.752593910073201	[3, 5, 67, 33, 34, 88]	26
266	0.9842748552759131	0.9987840088603409	6.752593910073201	7.528124972090728	[119, 6, 28, 8, 34, 88]	27
267	0.9845175272623958	0.9988110308856666	6.752593910073201	7.528124972090728	[13, 14, 17, 1, 34, 88]	26
268	0.9847564543108157	0.9988330488322283	6.752593910073201	7.140359441081964	[3, 5, 8, 34, 7, 88]	27
269	0.9849916942134266	0.9988703912695971	6.752593910073201	7.140359441081964	[3, 17, 28, 8, 34, 88]	27
270	0.9852233038706267	0.9989137682448446	6.752593910073201	7.528124972090728	[13, 14, 6, 8, 34, 88]	27
271	0.9854513393047221	0.9989554795442425	6.752593910073201	7.140359441081964	[140, 147, 7, 68, 34, 88]	26
272	0.9856758556734764	0.9989833334230627	6.752593910073201	7.140359441081964	[3, 5, 2, 7, 34, 88]	26
273	0.9858969072834536	0.9990223734196171	6.752593910073201	7.528124972090728	[3, 28, 6, 1, 34, 88]	26
274	0.9861145476031533	0.9990440984547367	6.752593910073201	7.528124972090727	[3, 43, 27, 33, 68, 88]	26
275	0.9863288292759441	0.9990653407112982	6.752593910073201	7.140359441081964	[101, 100, 27, 33, 34, 88]	27
276	0.9865398041327968	0.9990952498085366	6.752593910073201	7.91589050309949	[3, 17, 146, 8, 7, 88]	26
277	0.9867475232048216	0.9991193764803089	6.752593910073201	7.528124972090727	[3, 17, 39, 27, 33, 88]	27
278	0.9869520367356114	0.9991389458918576	6.752593910073201	7.915890503099491	[119, 6, 1, 68, 7, 88]	26
279	0.9871533941933952	0.9991619073347414	6.752593910073201	7.140359441081964	[3, 5, 52, 68, 34, 88]	26
280	0.9873516442830033	0.9991887263000296	6.752593910073201	7.528124972090727	[3, 17, 25, 67, 33, 88]	27
281	0.9875468349576483	0.9992037498870662	6.752593910073201	6.752593910073201	[3, 5, 67, 33, 34, 88]	26
282	0.9877390134305241	0.9992214443340203	6.752593910073201	7.140359441081964	[0, 1, 34, 33, 7, 88]	27
283	0.9879282261862259	0.9992387455710421	6.752593910073201	7.528124972090727	[119, 6, 1, 34, 7, 88]	26
284	0.988114518991994	0.999252842875282	6.752593910073201	6.752593910073201	[3, 17, 68, 33, 34, 88]	27
285	0.9882979369087842	0.9992815337088712	6.752593910073201	7.528124972090727	[119, 6, 67, 33, 7, 88]	26
286	0.9884785243021672	0.9993091228144505	6.752593910073201	7.915890503099491	[101, 100, 37, 10, 34, 88]	26
287	0.9886563248530597	0.9993219168364051	6.752593910073201	7.140359441081964	[3, 17, 6, 8, 34, 88]	27
288	0.9888313815682902	0.9993344739320272	6.752593910073201	7.140359441081964	[3, 5, 8, 34, 7, 88]	26
289	0.9890037367910018	0.9993522212938398	6.752593910073201	7.528124972090727	[3, 17, 33, 67, 5, 88]	27
290	0.9891734322108937	0.9993642171958058	6.752593910073201	7.528124972090728	[3, 10, 6, 1, 34, 88]	26
291	0.9893405088743059	0.9993886312554868	6.752593910073201	7.528124972090727	[123, 6, 8, 34, 68, 88]	27
292	0.9895050071941468	0.9994022172275872	6.752593910073201	7.528124972090727	[0, 1, 17, 3, 5, 88]	26
293	0.9896669669596693	0.9994251720860478	6.752593910073201	7.528124972090727	[140, 147, 7, 67, 68, 88]	27
294	0.9898264273460942	0.9994379460396912	6.752593910073201	7.140359441081964	[119, 17, 3, 8, 34, 88]	26
295	0.9899834269240865	0.999450436127698	6.752593910073201	7.140359441081964	[123, 6, 33, 7, 34, 88]	26
296	0.9901380036690851	0.9994650911642927	6.752593910073201	7.528124972090728	[13, 70, 5, 8, 34, 88]	26
297	0.9902901949704882	0.9994822082470354	6.752593910073201	7.140359441081964	[3, 17, 29, 1, 34, 88]	26
298	0.9904400376406967	0.9994960160271145	6.752593910073201	7.91589050309949	[3, 17, 28, 8, 7, 88]	27
299	0.9905875679240193	0.9995072156709564	6.752593910073201	7.528124972090728	[144, 43, 6, 8, 34, 88]	27
300	0.9907328215054387	0.9995229847694858	6.752593910073201	7.528124972090727	[123, 3, 5, 27, 34, 88]	27
301	0.9908758335192437	0.9995318183848656	6.752593910073201	6.752593910073201	[3, 68, 67, 33, 34, 88]	26
302	0.991016638557527	0.9995404884147755	6.752593910073201	7.91589050309949	[3, 17, 4, 2, 5, 88]	26
303	0.9911552706785528	0.9995506997833361	6.752593910073201	7.528124972090727	[13, 3, 68, 67, 7, 88]	27
304	0.9912917634149948	0.9995606842325953	6.752593910073201	7.528124972090727	[13, 3, 17, 33, 7, 88]	26
305	0.9914261497820474	0.9995688197097694	6.752593910073201	7.140359441081964	[3, 8, 34, 33, 7, 88]	27
306	0.9915584622854109	0.9995831923861105	6.752593910073201	7.528124972090728	[21, 20, 5, 8, 34, 88]	26
307	0.9916887329291545	0.9995909110456269	6.752593910073201	7.140359441081964	[3, 5, 2, 7, 34, 88]	27
308	0.9918169932234577	0.9995984867670042	6.752593910073201	7.528124972090727	[140, 57, 41, 27, 33, 88]	27
309	0.9919432741922315	0.9996113351904601	6.752593910073201	7.528124972090727	[3, 37, 33, 67, 7, 88]	28
310	0.992067606380623	0.9996199721862277	6.752593910073201	7.140359441081964	[0, 1, 34, 33, 7, 88]	33
311	0.9921900198624035	0.9996270097383345	6.752593910073201	7.140359441081964	[3, 17, 1, 34, 33, 88]	35
312	0.992310544247243	0.9996339169654024	6.752593910073201	7.140359441081964	[3, 5, 37, 1, 34, 88]	26
313	0.9924292086878719	0.9996406962808579	6.752593910073201	6.752593910073201	[3, 5, 27, 33, 34, 88]	27
314	0.9925460418871331	0.9996473500534346	6.752593910073201	6.752593910073201	[3, 68, 67, 7, 34, 88]	27
315	0.9926610721049243	0.9996567540520097	6.752593910073201	7.140359441081964	[3, 17, 28, 8, 34, 88]	27
316	0.9927743271650334	0.9996699346964125	6.752593910073201	7.528124972090728	[3, 28, 29, 1, 34, 88]	26
317	0.9928858344618694	0.9996787364378416	6.752593910073201	7.528124972090728	[13, 18, 6, 1, 34, 88]	26
318	0.9929956209670875	0.9996890168718306	6.752593910073201	7.140359441081964	[0, 1, 34, 67, 7, 88]	27
319	0.9931037132361139	0.9996959276080122	6.752593910073201	7.140359441081964	[0, 1, 34, 68, 33, 88]	26
320	0.9932101374145689	0.9997040362051318	6.752593910073201	7.528124972090727	[13, 34, 33, 67, 5, 88]	27
321	0.993314919244591	0.9997106131783511	6.752593910073201	7.528124972090728	[119, 6, 2, 8, 34, 88]	27
322	0.9934180840710634	0.99971704399661	6.752593910073201	7.140359441081964	[3, 5, 67, 1, 34, 88]	26
323	0.9935196568477445	0.9997245894900337	6.752593910073201	7.528124972090727	[3, 5, 40, 50, 34, 88]	26
324	0.993619662143304	0.9997307097235885	6.752593910073201	7.528124972090727	[123, 6, 17, 3, 5, 88]	27
325	0.9937181241472653	0.9997366939519532	6.752593910073201	7.140359441081964	[13, 3, 5, 67, 34, 88]	26
326	0.993815066675857	0.9997451197454907	6.752593910073201	7.140359441081964	[13, 34, 67, 33, 7, 88]	33
327	0.9939105131777727	0.9997498397502038	6.752593910073201	7.140359441081964	[3, 17, 6, 1, 34, 88]	30
328	0.9940044867398441	0.9997553988668659	6.752593910073201	7.528124972090727	[119, 6, 1, 34, 7, 88]	27
329	0.9940970100926243	0.9997608344476023	6.752593910073201	7.140359441081964	[140, 6, 67, 33, 34, 88]	27
330	0.9941881056158863	0.9997661492376556	6.752593910073201	7.528124972090727	[3, 5, 52, 68, 33, 88]	26
331	0.9942777953440362	0.9997736324620506	6.752593910073201	7.140359441081964	[0, 1, 34, 68, 7, 88]	28
332	0.9943661009714431	0.999780876223265	6.752593910073201	7.140359441081964	[144, 43, 67, 7, 34, 88]	27
333	0.9944530438576862	0.9997849340709823	6.752593910073201	7.140359441081964	[3, 5, 8, 34, 33, 88]	36
334	0.9945386450327219	0.9997889167733716	6.752593910073201	6.752593910073201	[3, 68, 67, 7, 34, 88]	26
335	0.99462292520197	0.9997956714366236	6.752593910073201	7.140359441081964	[13, 34, 68, 67, 33, 88]	26
336	0.9947059047513224	0.9998024823887361	6.752593910073201	7.528124972090727	[0, 1, 34, 27, 33, 88]	28
337	0.9947876037520735	0.9998090663091116	6.752593910073201	7.528124972090727	[0, 1, 34, 27, 33, 88]	26
338	0.994868041965776	0.999814157874202	6.752593910073201	7.140359441081964	[119, 6, 33, 7, 34, 88]	26
339	0.9949472388490203	0.9998191136642233	6.752593910073201	7.140359441081964	[3, 17, 1, 34, 7, 88]	28
340	0.9950252135581403	0.999823937299844	6.752593910073201	6.752593910073201	[3, 17, 33, 67, 34, 88]	26
341	0.995101984953848	0.9998271977202172	6.752593910073201	6.752593910073201	[3, 17, 68, 33, 34, 88]	26
342	0.9951775716057949	0.9998310377708791	6.752593910073201	6.752593910073201	[3, 68, 33, 7, 34, 88]	27
343	0.9952519917970635	0.9998347924870817	6.752593910073201	7.140359441081964	[0, 1, 34, 68, 33, 88]	27
344	0.9953252635285903	0.9998384637651466	6.752593910073201	7.140359441081964	[0, 1, 34, 68, 7, 88]	26
345	0.9953974045235194	0.9998427713980761	6.752593910073201	7.91589050309949	[3, 17, 18, 6, 33, 88]	27
346	0.9954684322314897	0.9998456830388525	6.752593910073201	7.140359441081964	[3, 5, 27, 33, 7, 88]	27
347	0.9955383638328557	0.999848064473438	6.752593910073201	6.752593910073201	[3, 17, 33, 7, 34, 88]	28
348	0.9956072162428424	0.9998521160874797	6.752593910073201	7.140359441081964	[3, 17, 1, 34, 7, 88]	27
349	0.9956750061156381	0.9998548546784523	6.752593910073201	7.140359441081964	[3, 37, 27, 33, 34, 88]	26
350	0.9957417498484215	0.9998587252203602	6.752593910073201	7.528124972090727	[3, 61, 27, 33, 7, 88]	27
351	0.9958074635853286	0.9998613414199832	6.752593910073201	6.752593910073201	[3, 17, 33, 7, 34, 88]	27
352	0.9958721632213574	0.9998644227217613	6.752593910073201	7.140359441081964	[123, 3, 5, 67, 34, 88]	27
353	0.9959358644062131	0.9998669334120991	6.752593910073201	7.140359441081964	[13, 34, 67, 33, 7, 88]	26
354	0.9959985825480925	0.9998693976081713	6.752593910073201	6.752593910073201	[3, 5, 67, 33, 34, 88]	27
355	0.996060332817412	0.9998722998835453	6.752593910073201	7.140359441081964	[13, 34, 68, 33, 7, 88]	26
356	0.9961211301504767	0.9998765565540938	6.752593910073201	7.528124972090727	[144, 43, 27, 33, 7, 88]	27
357	0.9961809892530927	0.9998788425438327	6.752593910073201	6.752593910073201	[3, 17, 7, 67, 34, 88]	26
358	0.9962399246041252	0.9998820734093306	6.752593910073201	6.752593910073201	[3, 5, 67, 7, 34, 88]	27
359	0.9962979504589998	0.999885847060232	6.752593910073201	7.140359441081964	[119, 6, 67, 7, 34, 88]	26
360	0.9963550808531512	0.9998902305331191	6.752593910073201	7.91589050309949	[119, 6, 67, 33, 38, 88]	27
361	0.9964113296054173	0.9998931577189025	6.752593910073201	7.528124972090727	[3, 28, 8, 34, 7, 88]	26
362	0.9964667103213831	0.9998951362796636	6.752593910073201	7.140359441081964	[3, 5, 37, 1, 34, 88]	27
363	0.9965212363966703	0.9998970782004106	6.752593910073201	6.752593910073201	[3, 5, 27, 33, 34, 88]	28
364	0.9965749210201785	0.9999010303975149	6.752593910073201	7.140359441081964	[123, 6, 67, 33, 34, 88]	27
365	0.9966277771772746	0.9999043293842643	6.752593910073201	7.140359441081964	[144, 43, 67, 7, 34, 88]	26
366	0.9966798176529339	0.999906880600684	6.752593910073201	7.91589050309949	[123, 6, 48, 17, 33, 88]	27
367	0.9967310550348331	0.9999086050340046	6.752593910073201	7.528124972090727	[3, 5, 4, 33, 7, 88]	26
368	0.9967815017163943	0.9999122608326444	6.752593910073201	7.91589050309949	[101, 100, 41, 27, 7, 88]	27
369	0.9968311698997833	0.9999146005437739	6.752593910073201	7.528124972090727	[13, 12, 8, 34, 7, 88]	26
370	0.9968800715988607	0.9999161820151855	6.752593910073201	6.752593910073201	[3, 5, 27, 33, 34, 88]	26
371	0.9969282186420881	0.9999188641906995	6.752593910073201	7.528124972090727	[119, 6, 1, 34, 7, 88]	27
372	0.9969756226753893	0.999921027812281	6.752593910073201	7.528124972090727	[3, 17, 25, 67, 33, 88]	26
373	0.9970222951649665	0.9999231337372868	6.752593910073201	6.752593910073201	[3, 68, 67, 7, 34, 88]	26
374	0.9970682474000752	0.9999245571865962	6.752593910073201	7.140359441081964	[3, 68, 7, 1, 34, 88]	27
375	0.9971134904957529	0.9999262336935608	6.752593910073201	7.140359441081964	[119, 17, 33, 7, 34, 88]	27
376	0.9971580353955098	0.9999275997362727	6.752593910073201	7.528124972090727	[3, 17, 1, 67, 33, 88]	27
377	0.9972018928739742	0.9999292086310221	6.752593910073201	7.528124972090727	[144, 43, 17, 3, 5, 88]	26
378	0.9972450735394993	0.9999305195822995	6.752593910073201	7.91589050309949	[3, 17, 25, 56, 5, 88]	27
379	0.9972875878367292	0.9999323723934381	6.752593910073201	7.528124972090727	[140, 57, 41, 27, 34, 88]	26
380	0.9973294460491254	0.9999336247565227	6.752593910073201	7.140359441081964	[13, 98, 7, 67, 34, 88]	27
381	0.9973706583014538	0.9999353947630154	6.752593910073201	7.140359441081964	[3, 17, 52, 68, 34, 88]	26
382	0.9974112345622338	0.9999368304349484	6.752593910073201	7.528124972090727	[0, 1, 17, 3, 5, 88]	26
383	0.9974511846461499	0.9999380002417086	6.752593910073201	7.528124972090727	[3, 17, 52, 10, 34, 88]	26
384	0.9974905182164254	0.9999391483853807	6.752593910073201	7.140359441081964	[3, 68, 33, 1, 34, 88]	27
385	0.9975292447871595	0.9999402752671329	6.752593910073201	6.752593910073201	[3, 17, 68, 7, 34, 88]	26
386	0.9975673737256293	0.9999421864585846	6.752593910073201	7.140359441081964	[3, 17, 139, 33, 34, 88]	28
387	0.9976049142545548	0.9999437281530223	6.752593910073201	7.140359441081964	[3, 5, 121, 7, 34, 88]	26
388	0.9976418754543301	0.9999452287356084	6.752593910073201	7.528124972090727	[3, 43, 67, 68, 7, 88]	27
389	0.9976782662652202	0.9999466893026588	6.752593910073201	7.528124972090727	[3, 17, 48, 29, 7, 88]	26
390	0.9977140954895223	0.9999488217305526	6.752593910073201	7.140359441081964	[101, 100, 27, 33, 34, 88]	27
391	0.9977493717936964	0.9999501864844045	6.752593910073201	7.528124972090727	[3, 5, 6, 10, 34, 88]	26
392	0.9977841037104603	0.9999512934514176	6.752593910073201	7.140359441081964	[119, 6, 67, 33, 34, 88]	27
393	0.9978182996408544	0.9999528520609723	6.752593910073201	7.528124972090727	[101, 100, 33, 67, 7, 88]	26
394	0.9978519678562733	0.9999537251709543	6.752593910073201	7.528124972090727	[3, 6, 8, 34, 7, 88]	27
395	0.9978851165004666	0.9999547535004887	6.752593910073201	7.140359441081964	[123, 6, 67, 7, 34, 88]	26
396	0.9979177535915088	0.9999559600738089	6.752593910073201	6.752593910073201	[3, 5, 67, 7, 34, 88]	28
397	0.9979498870237387	0.9999571344718408	6.752593910073201	7.528124972090728	[13, 14, 17, 1, 34, 88]	27
398	0.9979815245696686	0.9999580870391331	6.752593910073201	7.528124972090728	[13, 3, 6, 1, 34, 88]	26
399	0.9980126738818651	0.9999594282538808	6.752593910073201	7.140359441081964	[13, 98, 7, 68, 34, 88]	27
400	0.9980433424947992	0.9999601795825127	6.752593910073201	7.528124972090727	[3, 5, 52, 10, 34, 88]	26
401	0.9980735378266696	0.9999617086865442	6.752593910073201	7.528124972090727	[13, 34, 7, 33, 38, 88]	27
402	0.9981032671811964	0.9999627297882364	6.752593910073201	7.140359441081964	[3, 17, 48, 29, 34, 88]	27
403	0.9981325377493877	0.9999634199773432	6.752593910073201	6.752593910073201	[3, 5, 67, 7, 34, 88]	27
404	0.9981613566112799	0.999964395444614	6.752593910073201	7.528124972090727	[3, 17, 1, 33, 7, 88]	26
405	0.998189730737649	0.9999650547882323	6.752593910073201	6.752593910073201	[3, 5, 67, 7, 34, 88]	27
406	0.9982176669916977	0.9999657019217835	6.752593910073201	7.140359441081964	[3, 17, 29, 1, 34, 88]	26
407	0.9982451721307147	0.9999667994602864	6.752593910073201	7.528124972090727	[0, 1, 68, 67, 7, 88]	28
408	0.9982722528077098	0.999967414285096	6.752593910073201	7.140359441081964	[3, 17, 33, 27, 34, 88]	27
409	0.998298915573023	0.9999682832374934	6.752593910073201	7.140359441081964	[3, 17, 6, 1, 34, 88]	26
410	0.9983251668759084	0.9999688705849472	6.752593910073201	7.528124972090727	[3, 17, 1, 67, 7, 88]	27
411	0.998351013066095	0.9999694470555963	6.752593910073201	7.140359441081964	[3, 68, 67, 33, 7, 88]	27
412	0.9983764603953219	0.9999701260099164	6.752593910073201	7.140359441081964	[144, 43, 27, 33, 34, 88]	27
413	0.9984015150188509	0.999970679231955	6.752593910073201	6.752593910073201	[3, 68, 67, 33, 34, 88]	27
414	0.9984261829969551	0.9999713308045782	6.752593910073201	7.140359441081964	[0, 1, 34, 33, 7, 88]	26
415	0.9984504702963848	0.9999718617156046	6.752593910073201	7.140359441081964	[3, 8, 34, 33, 7, 88]	27
416	0.9984743827918109	0.9999724870108133	6.752593910073201	7.140359441081964	[119, 6, 67, 7, 34, 88]	28
417	0.998497926267246	0.9999735435095981	6.752593910073201	7.91589050309949	[3, 14, 19, 26, 5, 88]	26
418	0.9985211064174427	0.999974390117291	6.752593910073201	7.140359441081964	[0, 1, 34, 68, 33, 88]	27
419	0.9985439288492723	0.9999752096335377	6.752593910073201	7.140359441081964	[140, 57, 27, 33, 34, 88]	26
420	0.9985663990830799	0.9999755922009214	6.752593910073201	7.140359441081964	[3, 6, 33, 7, 34, 88]	26
421	0.99858852255402	0.9999760441972005	6.752593910073201	7.528124972090727	[140, 57, 1, 34, 7, 88]	27
422	0.9986103046133715	0.9999765765483739	6.752593910073201	6.752593910073201	[3, 5, 67, 7, 34, 88]	27
423	0.9986317505298319	0.9999770970695211	6.752593910073201	7.140359441081964	[144, 43, 27, 33, 34, 88]	26
424	0.9986528654907912	0.9999775211978633	6.752593910073201	6.752593910073201	[3, 17, 68, 7, 34, 88]	27
425	0.9986736546035877	0.999978120632587	6.752593910073201	7.140359441081964	[3, 5, 12, 8, 34, 88]	26
426	0.9986941228967422	0.9999785258060576	6.752593910073201	7.91589050309949	[3, 17, 61, 8, 5, 88]	27
427	0.9987142753211752	0.9999790030103675	6.752593910073201	7.91589050309949	[140, 57, 41, 27, 5, 88]	27
428	0.998734116751404	0.9999796749140356	6.752593910073201	7.140359441081964	[140, 147, 33, 67, 34, 88]	26
429	0.9987536519867218	0.9999800513045165	6.752593910073201	7.140359441081964	[3, 147, 27, 33, 34, 88]	27
430	0.9987728857523588	0.999980817334423	6.752593910073201	7.140359441081964	[123, 6, 33, 68, 34, 88]	26
431	0.9987918227006248	0.9999813288721717	6.752593910073201	7.140359441081964	[3, 43, 67, 7, 34, 88]	27
432	0.9988104674120349	0.9999816746337982	6.752593910073201	7.140359441081964	[3, 17, 1, 34, 7, 88]	27
433	0.9988288243964172	0.9999821633102303	6.752593910073201	7.91589050309949	[3, 17, 24, 26, 5, 88]	27
434	0.9988468980940033	0.9999824936193	6.752593910073201	6.752593910073201	[3, 5, 27, 33, 34, 88]	26
435	0.9988646928765033	0.9999828178115353	6.752593910073201	6.752593910073201	[3, 68, 33, 7, 34, 88]	28
436	0.9988822130481622	0.9999832760032277	6.752593910073201	7.528124972090727	[123, 3, 17, 33, 7, 88]	26
437	0.9988994628468016	0.9999838111711243	6.752593910073201	7.140359441081964	[13, 34, 67, 33, 7, 88]	27
438	0.9989164464448448	0.9999841709228772	6.752593910073201	7.140359441081964	[0, 1, 34, 68, 7, 88]	27
439	0.9989331679503256	0.9999845930316005	6.752593910073201	7.528124972090727	[3, 99, 41, 27, 33, 88]	26
440	0.9989496314078823	0.99998487834583	6.752593910073201	7.140359441081964	[3, 5, 27, 33, 7, 88]	26
441	0.9989658407997359	0.9999851583764628	6.752593910073201	6.752593910073201	[3, 17, 33, 7, 34, 88]	26
442	0.9989818000466536	0.9999854332213431	6.752593910073201	7.140359441081964	[3, 37, 27, 33, 34, 88]	27
443	0.9989975130088966	0.9999857569275356	6.752593910073201	7.528124972090728	[140, 6, 17, 1, 34, 88]	26
444	0.9990129834871544	0.9999860206881367	6.752593910073201	7.140359441081964	[3, 8, 34, 33, 7, 88]	28
445	0.9990282152234637	0.9999864680261163	6.752593910073201	7.528124972090727	[3, 17, 48, 40, 5, 88]	27
446	0.999043211902114	0.9999867186182253	6.752593910073201	7.140359441081964	[3, 8, 34, 33, 7, 88]	26
447	0.9990579771505381	0.9999870137600425	6.752593910073201	7.140359441081964	[140, 6, 33, 7, 34, 88]	27
448	0.9990725145401903	0.9999872542459677	6.752593910073201	7.528124972090728	[3, 4, 2, 7, 34, 88]	26
449	0.9990868275874096	0.9999876621100967	6.752593910073201	7.528124972090727	[3, 5, 32, 68, 7, 88]	26
450	0.9991009197542706	0.9999880569225736	6.752593910073201	7.140359441081964	[3, 5, 121, 7, 34, 88]	26
451	0.9991147944494208	0.999988278090674	6.752593910073201	6.752593910073201	[3, 68, 33, 7, 34, 88]	27
452	0.999128455028905	0.9999886531917725	6.752593910073201	7.528124972090727	[0, 1, 68, 67, 7, 88]	27
453	0.9991419047969774	0.9999889053430665	6.752593910073201	7.528124972090727	[140, 6, 8, 34, 33, 88]	27
454	0.9991551470069007	0.999989076556908	6.752593910073201	7.140359441081964	[3, 5, 67, 33, 7, 88]	27
455	0.9991681848617324	0.9999892788428912	6.752593910073201	7.140359441081964	[0, 1, 34, 33, 7, 88]	26
456	0.9991810215151007	0.9999894773828377	6.752593910073201	7.140359441081964	[3, 5, 37, 33, 34, 88]	27
457	0.9991936600719664	0.9999896722461185	6.752593910073201	6.752593910073201	[3, 68, 33, 7, 34, 88]	26
458	0.9992061035893743	0.9999899476528886	6.752593910073201	7.140359441081964	[140, 147, 27, 33, 34, 88]	27
459	0.9992183550771927	0.9999902693279962	6.752593910073201	7.140359441081964	[3, 17, 65, 1, 34, 88]	27
460	0.999230417498841	0.999990528812583	6.752593910073201	7.915890503099491	[3, 4, 6, 67, 7, 88]	27
461	0.999242293772007	0.9999907042049425	6.752593910073201	6.752593910073201	[3, 17, 68, 7, 34, 88]	27
462	0.9992539867693525	0.9999910611634727	6.752593910073201	7.915890503099491	[3, 4, 35, 7, 68, 88]	26
463	0.9992654993192083	0.9999912995324468	6.752593910073201	7.91589050309949	[3, 17, 39, 27, 5, 88]	27
464	0.9992768342062575	0.9999914928761702	6.752593910073201	7.528124972090727	[140, 6, 8, 34, 7, 88]	27
465	0.9992879941722103	0.9999917197328057	6.752593910073201	6.752593910073201	[3, 5, 67, 7, 34, 88]	26
466	0.9992989819164663	0.999992037695066	6.752593910073201	7.140359441081964	[13, 34, 68, 67, 7, 88]	27
467	0.9993098000967677	0.9999921851451573	6.752593910073201	6.752593910073201	[3, 68, 67, 7, 34, 88]	27
468	0.9993204513298424	0.9999924852355833	6.752593910073201	7.140359441081964	[3, 52, 68, 7, 34, 88]	27
469	0.9993309381920361	0.999992685629301	6.752593910073201	7.528124972090727	[3, 17, 48, 49, 33, 88]	26
470	0.9993412632199368	0.9999928210806103	6.752593910073201	7.140359441081964	[3, 17, 43, 8, 34, 88]	26
471	0.9993514289109872	0.9999930508060307	6.752593910073201	7.140359441081964	[123, 3, 68, 7, 34, 88]	27
472	0.9993614377240893	0.9999932052325634	6.752593910073201	7.140359441081964	[123, 6, 67, 7, 34, 88]	26
473	0.9993712920801989	0.99999333106159	6.752593910073201	7.140359441081964	[3, 5, 27, 33, 7, 88]	27
474	0.999380994362912	0.9999935444676191	6.752593910073201	7.140359441081964	[13, 3, 68, 7, 34, 88]	27
475	0.9993905469190398	0.9999936879238942	6.752593910073201	7.528124972090727	[119, 17, 48, 29, 34, 88]	28
476	0.9993999520591781	0.9999938281922521	6.752593910073201	7.528124972090727	[13, 14, 5, 3, 34, 88]	26
477	0.9994092120582648	0.9999939653435355	6.752593910073201	7.140359441081964	[13, 34, 68, 67, 33, 88]	27
478	0.9994183291561312	0.9999940994470125	6.752593910073201	7.140359441081964	[0, 1, 34, 68, 7, 88]	27
479	0.9994273055580427	0.9999942305704121	6.752593910073201	7.528124972090727	[123, 6, 17, 3, 5, 88]	27
480	0.9994361434352333	0.9999943587799586	6.752593910073201	7.140359441081964	[140, 6, 33, 7, 34, 88]	27
481	0.9994448449254304	0.9999945154805152	6.752593910073201	7.140359441081964	[101, 100, 33, 7, 34, 88]	28
482	0.9994534121333712	0.9999946170456909	6.752593910073201	7.140359441081964	[3, 10, 33, 7, 34, 88]	26
483	0.9994618471313131	0.9999947605911391	6.752593910073201	7.140359441081964	[3, 17, 37, 1, 34, 88]	28
484	0.9994701519595336	0.9999948770224472	6.752593910073201	7.528124972090727	[140, 6, 8, 34, 7, 88]	27
485	0.9994783286268247	0.9999950409577288	6.752593910073201	7.528124972090727	[119, 6, 8, 34, 7, 88]	27
486	0.9994863791109787	0.999995132791845	6.752593910073201	7.140359441081964	[3, 17, 4, 33, 34, 88]	27
487	0.999494305359266	0.9999952409520262	6.752593910073201	7.140359441081964	[13, 3, 68, 7, 34, 88]	27
488	0.999502109288907	0.9999953678599722	6.752593910073201	7.528124972090727	[13, 18, 17, 3, 5, 88]	27
489	0.9995097927875349	0.999995453640343	6.752593910073201	7.140359441081964	[3, 98, 7, 68, 34, 88]	26
490	0.9995173577136532	0.9999955378321885	6.752593910073201	7.528124972090727	[13, 14, 17, 3, 5, 88]	32
491	0.9995248058970845	0.9999956369914733	6.752593910073201	7.140359441081964	[144, 43, 67, 33, 34, 88]	27
492	0.9995321391394135	0.9999957533383673	6.752593910073201	7.140359441081964	[140, 147, 27, 33, 34, 88]	28
493	0.9995393592144225	0.9999958319802494	6.752593910073201	6.752593910073201	[3, 5, 67, 33, 34, 88]	27
494	0.999546467868521	0.9999959246029105	6.752593910073201	7.140359441081964	[3, 8, 34, 68, 33, 88]	27
495	0.9995534668211672	0.9999960151672903	6.752593910073201	7.528124972090727	[13, 3, 5, 27, 34, 88]	27
496	0.9995603577652851	0.9999961214294959	6.752593910073201	7.528124972090727	[13, 12, 8, 34, 7, 88]	27
497	0.9995671423676726	0.9999962248580426	6.752593910073201	7.140359441081964	[3, 85, 7, 67, 34, 88]	28
498	0.999573822269406	0.9999963087500862	6.752593910073201	7.528124972090728	[0, 1, 29, 7, 34, 88]	27
499	0.9995803990862362	0.9999964268700834	6.752593910073201	7.140359441081964	[3, 17, 25, 67, 34, 88]	26
