0	0.015432098765432056	0.022222222222222254	6.752593910073201	6.752593910073201	[3, 68, 67, 7, 34, 88]	161
1	0.030626047858558048	0.043950617283950666	6.752593910073201	7.140359441081964	[13, 3, 5, 8, 34, 88]	215
2	0.045585522428642	0.06944526748971191	6.752593910073201	7.528124972090727	[101, 100, 17, 3, 5, 88]	28
3	0.06031414090968146	0.09426006035665291	6.752593910073201	7.140359441081964	[3, 2, 7, 33, 34, 88]	27
4	0.07481546589564314	0.11438761457094959	6.752593910073201	7.528124972090728	[140, 147, 33, 1, 34, 88]	33
5	0.08909300500219186	0.13800394484905754	6.752593910073201	7.140359441081964	[123, 3, 17, 1, 34, 88]	27
6	0.10315021171512095	0.16558781861388772	6.752593910073201	7.528124972090727	[101, 100, 33, 67, 7, 88]	27
7	0.11699048622569008	0.18783881011751735	6.752593910073201	7.140359441081964	[3, 2, 7, 68, 34, 88]	27
8	0.13061717625307134	0.2003721618132347	6.752593910073201	6.752593910073201	[3, 17, 33, 7, 34, 88]	28
9	0.1440335778541042	0.21518008474261918	6.752593910073201	6.752593910073201	[3, 5, 27, 33, 34, 88]	28
10	0.1572429362205532	0.22971378687701505	6.752593910073201	7.140359441081964	[3, 5, 27, 33, 7, 88]	27
11	0.17024844646406312	0.2543629456969506	6.752593910073201	7.91589050309949	[13, 34, 33, 104, 5, 88]	31
12	0.18305325438900033	0.26586969036212105	6.752593910073201	6.752593910073201	[3, 5, 67, 33, 34, 88]	26
13	0.19566045725336756	0.28218369724296277	6.752593910073201	7.528124972090727	[0, 1, 34, 67, 5, 88]	26
14	0.208073104517976	0.30132546531648374	6.752593910073201	6.752593910073201	[3, 17, 68, 67, 34, 88]	29
15	0.22029419858405663	0.31685156608722853	6.752593910073201	7.140359441081964	[119, 17, 33, 67, 34, 88]	30
16	0.2323266955194878	0.3320326423964013	6.752593910073201	7.528124972090727	[119, 17, 3, 4, 34, 88]	32
17	0.2441735057738167	0.34984510526583057	6.752593910073201	7.140359441081964	[3, 5, 2, 8, 34, 88]	31
18	0.2558374948822454	0.37065006189732397	6.752593910073201	7.140359441081964	[0, 1, 34, 68, 33, 88]	27
19	0.2673214841587539	0.38743272691339525	6.752593910073201	7.528124972090727	[3, 17, 25, 67, 33, 88]	27
20	0.2786282513785262	0.3968859255721391	6.752593910073201	6.752593910073201	[3, 5, 27, 33, 34, 88]	27
21	0.28976053144984526	0.420045506030169	6.752593910073201	7.528124972090728	[13, 135, 5, 8, 34, 88]	26
22	0.30072101707561927	0.43078540406664734	6.752593910073201	7.140359441081964	[3, 5, 37, 1, 34, 88]	27
23	0.31151235940469924	0.44596445995820333	6.752593910073201	7.140359441081964	[3, 8, 34, 68, 33, 88]	28
24	0.32213716867314524	0.45622437736638477	6.752593910073201	7.528124972090727	[3, 17, 48, 6, 5, 88]	27
25	0.3325980148355967	0.4683082800915762	6.752593910073201	7.528124972090727	[13, 34, 33, 27, 5, 88]	27
26	0.34289742818689917	0.4824867259558008	6.752593910073201	7.528124972090727	[140, 57, 41, 27, 33, 88]	26
27	0.35303789997413837	0.49207030510476746	6.752593910073201	7.140359441081964	[13, 34, 67, 33, 7, 88]	27
28	0.3630218829992288	0.5056150969686404	6.752593910073201	7.91589050309949	[3, 17, 37, 1, 68, 88]	27
29	0.37285179221220366	0.5245994772450445	6.752593910073201	7.91589050309949	[3, 24, 26, 19, 5, 88]	29
30	0.38253000529534864	0.53727682451851	6.752593910073201	7.528124972090727	[13, 14, 17, 3, 34, 88]	30
31	0.3920588632383216	0.5520839661339176	6.752593910073201	7.140359441081964	[119, 17, 68, 33, 34, 88]	32
32	0.40144067090439683	0.5620376557753862	6.752593910073201	7.140359441081964	[0, 1, 34, 67, 7, 88]	33
33	0.4106776975879709	0.571770152313711	6.752593910073201	7.140359441081964	[144, 43, 67, 68, 34, 88]	31
34	0.4197721775634652	0.5831896149186786	6.752593910073201	7.915890503099491	[3, 2, 10, 33, 68, 88]	31
35	0.4287263106257574	0.5991951337058015	6.752593910073201	7.91589050309949	[13, 14, 19, 26, 5, 88]	34
36	0.43754226262227347	0.6066174460445828	6.752593910073201	6.752593910073201	[3, 17, 33, 7, 34, 88]	27
37	0.44622216597686803	0.6217233361164709	6.752593910073201	7.528124972090727	[0, 1, 68, 33, 7, 88]	27
38	0.4547681202056201	0.6318107138200316	6.752593910073201	7.528124972090727	[3, 4, 33, 67, 7, 88]	27
39	0.46318219242466907	0.6435927709777907	6.752593910073201	7.140359441081964	[13, 3, 17, 1, 34, 88]	26
40	0.47146641785021426	0.6501929048485722	6.752593910073201	6.752593910073201	[3, 68, 67, 33, 34, 88]	26
41	0.4796228002907974	0.6566708140180431	6.752593910073201	6.752593910073201	[3, 17, 68, 7, 34, 88]	27
42	0.48765331263198874	0.6676573479694657	6.752593910073201	7.528124972090727	[0, 1, 68, 67, 7, 88]	27
43	0.49555989731359384	0.6738118415255867	6.752593910073201	7.140359441081964	[3, 68, 33, 27, 34, 88]	26
44	0.5033444667994951	0.6825101924182377	6.752593910073201	6.752593910073201	[3, 5, 67, 68, 34, 88]	27
45	0.5110089040402437	0.6909765872870848	6.752593910073201	7.140359441081964	[13, 3, 68, 7, 34, 88]	26
46	0.5185550629285114	0.7028430863352607	6.752593910073201	7.528124972090727	[0, 1, 34, 67, 5, 88]	27
47	0.5259847687475159	0.7083459921438671	6.752593910073201	7.140359441081964	[3, 5, 6, 1, 34, 88]	26
48	0.5332998186125233	0.7200121524581123	6.752593910073201	7.140359441081964	[144, 43, 27, 33, 34, 88]	28
49	0.5405019819055399	0.725197112597777	6.752593910073201	7.140359441081964	[3, 17, 6, 1, 34, 88]	26
50	0.5475930007032939	0.7313038434289374	6.752593910073201	7.528124972090727	[123, 3, 68, 67, 33, 88]	27
51	0.5545745901986134	0.7399021204392114	6.752593910073201	7.528124972090728	[119, 17, 25, 67, 34, 88]	27
52	0.5614484391153014	0.7468380638941658	6.752593910073201	7.528124972090727	[3, 17, 48, 6, 33, 88]	27
53	0.5682162101166085	0.7524638846965177	6.752593910073201	7.528124972090727	[13, 34, 33, 27, 5, 88]	26
54	0.5748795402074016	0.7579646872588173	6.752593910073201	7.915890503099491	[123, 6, 80, 27, 33, 88]	27
55	0.5814400411301268	0.7633432497641769	6.752593910073201	7.528124972090727	[101, 100, 41, 27, 34, 88]	26
56	0.5878992997546619	0.7686022886583064	6.752593910073201	7.91589050309949	[3, 37, 27, 33, 38, 88]	27
57	0.5942588784621516	0.7737444600214551	6.752593910073201	7.140359441081964	[0, 1, 34, 68, 7, 88]	27
58	0.6005203155229208	0.7779343774284652	6.752593910073201	7.528124972090727	[3, 37, 33, 67, 7, 88]	26
59	0.6066851254685548	0.7850404773507542	6.752593910073201	7.140359441081964	[119, 6, 67, 33, 34, 88]	27
60	0.6127547994582376	0.7890212092516662	6.752593910073201	7.528124972090727	[3, 61, 27, 33, 7, 88]	28
61	0.6187308056394376	0.7929282238951538	6.752593910073201	6.752593910073201	[3, 17, 68, 67, 34, 88]	33
62	0.6246145895030265	0.7984501379246165	6.752593910073201	7.140359441081964	[3, 17, 1, 34, 7, 88]	32
63	0.630407574232918	0.8038248009132933	6.752593910073201	7.140359441081964	[0, 1, 34, 68, 7, 88]	32
64	0.6361111610503113	0.8101024072840679	6.752593910073201	7.140359441081964	[119, 17, 7, 67, 34, 88]	32
65	0.6417267295526212	0.8151663430898262	6.752593910073201	7.140359441081964	[3, 5, 32, 68, 34, 88]	31
66	0.6472556380471796	0.8185891885881627	6.752593910073201	6.752593910073201	[3, 17, 33, 7, 34, 88]	33
67	0.6526992238797849	0.8219486480587522	6.752593910073201	7.528124972090727	[3, 5, 4, 33, 7, 88]	32
68	0.6580588037581832	0.8266966841105189	6.752593910073201	7.140359441081964	[3, 85, 7, 33, 34, 88]	32
69	0.6633356740705569	0.8324734613068349	6.752593910073201	7.528124972090728	[144, 43, 29, 7, 34, 88]	33
70	0.6685311111990977	0.8355758046159676	6.752593910073201	6.752593910073201	[3, 17, 33, 7, 34, 88]	33
71	0.6736463718287411	0.8381132150385606	6.752593910073201	7.140359441081964	[3, 5, 52, 68, 34, 88]	31
72	0.6786826932511372	0.8424301959708657	6.752593910073201	7.528124972090727	[3, 17, 100, 33, 7, 88]	33
73	0.6836412936639282	0.847472429699798	6.752593910073201	7.528124972090727	[13, 34, 33, 27, 5, 88]	28
74	0.6885233724654107	0.850297014334987	6.752593910073201	7.140359441081964	[3, 43, 67, 7, 34, 88]	26
75	0.6933301105446482	0.8550875098762674	6.752593910073201	7.528124972090727	[123, 3, 5, 4, 34, 88]	27
76	0.6980626705671074	0.8583077874345725	6.752593910073201	6.752593910073201	[3, 68, 33, 7, 34, 88]	26
77	0.7027221972558866	0.8620862464363173	6.752593910073201	7.140359441081964	[3, 8, 34, 67, 33, 88]	26
78	0.7073098176686043	0.8651509965155102	6.752593910073201	7.528124972090727	[123, 6, 67, 33, 7, 88]	26
79	0.7118266414700147	0.8681476410373877	6.752593910073201	7.528124972090727	[3, 5, 71, 33, 7, 88]	27
80	0.7162737612004157	0.8705893513885472	6.752593910073201	7.140359441081964	[3, 17, 6, 8, 34, 88]	26
81	0.7206522525399155	0.8729858448813519	6.752593910073201	7.140359441081964	[3, 5, 67, 33, 7, 88]	27
82	0.7249631745686205	0.8763728890178492	6.752593910073201	7.140359441081964	[3, 17, 43, 8, 34, 88]	27
83	0.7292075700228084	0.8791201581507859	6.752593910073201	7.528124972090727	[140, 57, 1, 34, 7, 88]	26
84	0.7333864655471478	0.8829883130899607	6.752593910073201	7.140359441081964	[3, 5, 12, 8, 34, 88]	27
85	0.7375008719430252	0.8855885727990728	6.752593910073201	7.140359441081964	[119, 17, 3, 8, 34, 88]	26
86	0.7415517844130401	0.8881310489590933	6.752593910073201	7.528124972090727	[119, 6, 67, 33, 7, 88]	26
87	0.7455401828017278	0.8906170256488912	6.752593910073201	7.140359441081964	[123, 3, 17, 68, 34, 88]	27
88	0.7494670318325654	0.8926426362850229	6.752593910073201	7.140359441081964	[3, 17, 68, 67, 7, 88]	26
89	0.753333281341322	0.8955054993174223	6.752593910073201	7.140359441081964	[101, 100, 27, 33, 34, 88]	27
90	0.7571398665058078	0.8978275993325907	6.752593910073201	7.528124972090727	[101, 100, 17, 3, 5, 88]	26
91	0.7608877080720762	0.9005521966837216	6.752593910073201	6.752593910073201	[3, 68, 67, 33, 34, 88]	27
92	0.7645777125771367	0.903204138105489	6.752593910073201	7.140359441081964	[3, 17, 43, 67, 34, 88]	26
93	0.7682107725682302	0.9057853610893426	6.752593910073201	7.915890503099491	[140, 6, 2, 7, 33, 88]	26
94	0.7717877668187205	0.9078790197318017	6.752593910073201	7.140359441081964	[0, 1, 34, 68, 7, 88]	26
95	0.7753095605406538	0.9103355792056204	6.752593910073201	6.752593910073201	[3, 68, 67, 7, 34, 88]	26
96	0.7787770055940388	0.9127266304268038	6.752593910073201	7.528124972090727	[3, 17, 1, 67, 7, 88]	27
97	0.7821909406928962	0.9143428039374185	6.752593910073201	6.752593910073201	[3, 17, 68, 7, 34, 88]	27
98	0.7855521916081293	0.9159290483089478	6.752593910073201	7.140359441081964	[3, 17, 6, 67, 34, 88]	27
99	0.7888615713672631	0.9191573728538842	6.752593910073201	7.528124972090727	[13, 34, 68, 67, 5, 88]	26
100	0.7921198804511016	0.9213131762444473	6.752593910073201	7.140359441081964	[119, 6, 67, 33, 34, 88]	27
101	0.79532790698735	0.9225274790801811	6.752593910073201	7.140359441081964	[3, 5, 27, 33, 7, 88]	27
102	0.7984864269412489	0.9237230426746228	6.752593910073201	6.752593910073201	[3, 17, 33, 7, 34, 88]	26
103	0.8015962043032667	0.9257570948699662	6.752593910073201	7.528124972090728	[13, 135, 3, 8, 34, 88]	27
104	0.8046579912738953	0.9271319634834853	6.752593910073201	7.140359441081964	[3, 17, 6, 33, 34, 88]	26
105	0.8076725284455943	0.9299300960857194	6.752593910073201	7.528124972090727	[101, 100, 33, 68, 7, 88]	26
106	0.8106405449819278	0.9314872050615923	6.752593910073201	7.140359441081964	[3, 6, 33, 7, 34, 88]	27
107	0.8135627587939351	0.9330097116157792	6.752593910073201	7.528124972090727	[13, 34, 27, 33, 68, 88]	27
108	0.8164398767137817	0.9342502725117833	6.752593910073201	6.752593910073201	[3, 17, 33, 7, 34, 88]	26
109	0.8192725946657295	0.9360035985781358	6.752593910073201	7.528124972090727	[13, 14, 17, 3, 5, 88]	27
110	0.8220615978344683	0.9377101692827188	6.752593910073201	7.528124972090728	[3, 97, 98, 8, 34, 88]	26
111	0.8248075608308499	0.9401020987822624	6.752593910073201	7.528124972090728	[119, 17, 25, 67, 34, 88]	27
112	0.8275111478550652	0.9416993761480686	6.752593910073201	7.140359441081964	[3, 8, 34, 67, 7, 88]	26
113	0.8301730128573019	0.9427790173305118	6.752593910073201	6.752593910073201	[3, 17, 33, 7, 34, 88]	26
114	0.8327937996959238	0.9438386651577246	6.752593910073201	7.140359441081964	[3, 5, 37, 1, 34, 88]	26
115	0.8353741422932088	0.9456358278726774	6.752593910073201	7.528124972090727	[123, 3, 5, 67, 33, 88]	27
116	0.837914664788684	0.9468439205866179	6.752593910073201	7.140359441081964	[0, 1, 34, 33, 7, 88]	27
117	0.8404159816900932	0.9478282924276065	6.752593910073201	7.91589050309949	[3, 17, 37, 1, 7, 88]	26
118	0.8428786980220363	0.9498316859983864	6.752593910073201	7.91589050309949	[119, 17, 68, 33, 38, 88]	26
119	0.8453034094723135	0.9509465374206445	6.752593910073201	7.528124972090727	[144, 43, 17, 3, 5, 88]	27
120	0.8476907025360123	0.9525162482231838	6.752593910073201	7.140359441081964	[144, 43, 7, 68, 34, 88]	27
121	0.8500411546573702	0.954035728280042	6.752593910073201	7.91589050309949	[123, 3, 17, 4, 5, 88]	27
122	0.8523553343694478	0.9552614421925741	6.752593910073201	7.140359441081964	[3, 4, 7, 68, 34, 88]	26
123	0.8546338014316477	0.9566930760424118	6.752593910073201	7.528124972090728	[101, 100, 29, 68, 34, 88]	27
124	0.8568771069651099	0.9576554521303582	6.752593910073201	7.91589050309949	[119, 6, 33, 27, 5, 88]	26
125	0.8590857935860187	0.9583089173752601	6.752593910073201	6.752593910073201	[3, 68, 33, 7, 34, 88]	27
126	0.8612603955368516	0.9590809744609035	6.752593910073201	7.140359441081964	[3, 5, 6, 1, 34, 88]	26
127	0.8634014388156039	0.9603903832781545	6.752593910073201	7.528124972090727	[119, 6, 67, 33, 7, 88]	27
128	0.8655094413030175	0.9611238946989294	6.752593910073201	7.140359441081964	[3, 8, 34, 33, 7, 88]	26
129	0.8675849128878474	0.9618438225748752	6.752593910073201	7.91589050309949	[13, 3, 17, 6, 5, 88]	27
130	0.8696283555901955	0.9625504184531182	6.752593910073201	7.140359441081964	[119, 17, 7, 67, 34, 88]	26
131	0.8716402636829393	0.9635490739610351	6.752593910073201	7.140359441081964	[3, 5, 6, 1, 34, 88]	26
132	0.8736211238112891	0.9647155035942819	6.752593910073201	7.140359441081964	[3, 17, 139, 1, 34, 88]	26
133	0.8755714151104975	0.9653689201943878	6.752593910073201	7.528124972090727	[3, 99, 41, 27, 33, 88]	27
134	0.8774916093217553	0.9661384997456237	6.752593910073201	7.91589050309949	[140, 57, 41, 27, 7, 88]	26
135	0.8793821709062961	0.9668909775290543	6.752593910073201	7.91589050309949	[13, 98, 3, 17, 38, 88]	26
136	0.8812435571577422	0.9681623639919386	6.752593910073201	7.140359441081964	[3, 147, 7, 67, 34, 88]	26
137	0.8830762183127152	0.9691811683441965	6.752593910073201	7.140359441081964	[3, 6, 67, 7, 34, 88]	26
138	0.8848805976597413	0.969866031269881	6.752593910073201	7.528124972090727	[13, 18, 17, 3, 34, 88]	27
139	0.8866571316464736	0.9706696037693509	6.752593910073201	7.140359441081964	[3, 17, 48, 29, 34, 88]	26
140	0.8884062499852626	0.9712127592551036	6.752593910073201	7.140359441081964	[3, 17, 29, 1, 34, 88]	27
141	0.890128375757095	0.9716570067974631	6.752593910073201	7.140359441081964	[3, 5, 4, 7, 34, 88]	27
142	0.89182392551393	0.9724128199495308	6.752593910073201	7.528124972090727	[140, 57, 41, 27, 34, 88]	27
143	0.8934933093794557	0.9729236936541691	6.752593910073201	7.528124972090727	[140, 6, 67, 68, 33, 88]	26
144	0.8951369311482913	0.9737901354572357	6.752593910073201	7.140359441081964	[0, 1, 34, 67, 7, 88]	27
145	0.8967551883836571	0.9743725768915193	6.752593910073201	7.91589050309949	[119, 17, 3, 98, 7, 88]	26
146	0.898348472513539	0.9750559748410789	6.752593910073201	7.528124972090727	[3, 17, 37, 27, 33, 88]	26
147	0.8999171689253671	0.9760138254071814	6.752593910073201	7.91589050309949	[119, 17, 48, 40, 5, 88]	26
148	0.9014616570592349	0.976458013825567	6.752593910073201	7.140359441081964	[3, 6, 67, 7, 34, 88]	26
149	0.9029823104996788	0.9770858001235518	6.752593910073201	7.140359441081964	[3, 5, 104, 33, 34, 88]	26
150	0.9044794970660417	0.9775101371583008	6.752593910073201	7.140359441081964	[3, 17, 1, 34, 7, 88]	27
151	0.9059535789014423	0.9781098668340795	6.752593910073201	7.140359441081964	[3, 37, 33, 7, 34, 88]	26
152	0.9074049125603707	0.9785152396704855	6.752593910073201	7.528124972090727	[3, 17, 37, 33, 7, 88]	26
153	0.9088338490949328	0.9789926787889192	6.752593910073201	7.528124972090727	[0, 1, 68, 33, 7, 88]	27
154	0.9102407341397641	0.9796649130676737	6.752593910073201	7.140359441081964	[123, 3, 5, 67, 34, 88]	27
155	0.9116259079956319	0.9801168038883921	6.752593910073201	7.528124972090727	[119, 6, 17, 3, 5, 88]	26
156	0.9129897057117488	0.9804850112237922	6.752593910073201	7.140359441081964	[3, 37, 33, 7, 34, 88]	27
157	0.9143324571668143	0.9812343867927986	6.752593910073201	7.528124972090727	[13, 98, 34, 67, 68, 88]	27
158	0.9156544871488079	0.9819549863399551	6.752593910073201	7.528124972090727	[13, 98, 7, 68, 33, 88]	27
159	0.9169561154335486	0.9825324267770765	6.752593910073201	7.91589050309949	[3, 14, 19, 26, 5, 88]	26
160	0.9182376568620432	0.9829205950709193	6.752593910073201	7.140359441081964	[0, 1, 34, 67, 7, 88]	27
161	0.9194994214166413	0.9832368803473838	6.752593910073201	7.140359441081964	[3, 5, 27, 33, 7, 88]	26
162	0.9207417142960141	0.9837733001762675	6.752593910073201	7.140359441081964	[0, 1, 34, 68, 33, 88]	27
163	0.9219648359889768	0.984206012171567	6.752593910073201	7.528124972090727	[3, 5, 2, 4, 34, 88]	26
164	0.9231690823471717	0.9846271851803252	6.752593910073201	7.140359441081964	[13, 34, 68, 67, 7, 88]	27
165	0.9243547446566289	0.9851191152545549	6.752593910073201	7.915890503099491	[119, 6, 30, 7, 68, 88]	27
166	0.9255221097082241	0.9854498015822314	6.752593910073201	7.528124972090728	[140, 6, 61, 8, 34, 88]	26
167	0.9266714598670478	0.9857192497010789	6.752593910073201	6.752593910073201	[3, 5, 67, 7, 34, 88]	27
168	0.9278030731407044	0.9859837080399478	6.752593910073201	7.140359441081964	[3, 5, 8, 34, 33, 88]	27
169	0.9289172232465578	0.9862432690021711	6.752593910073201	7.140359441081964	[3, 17, 4, 33, 34, 88]	26
170	0.9300141796779381	0.9864980232799087	6.752593910073201	7.140359441081964	[3, 5, 37, 1, 34, 88]	27
171	0.9310942077693279	0.9867480598858362	6.752593910073201	7.140359441081964	[3, 5, 67, 33, 7, 88]	26
172	0.932157568760542	0.9870425474439287	6.752593910073201	7.915890503099491	[123, 6, 102, 27, 33, 88]	27
173	0.9332045198599164	0.9873304908340637	6.752593910073201	7.528124972090727	[123, 6, 33, 68, 7, 88]	26
174	0.9342353143065225	0.9876120354821956	6.752593910073201	7.528124972090727	[123, 6, 8, 34, 33, 88]	27
175	0.9352502014314219	0.9878414422325253	6.752593910073201	7.140359441081964	[3, 17, 29, 1, 34, 88]	26
176	0.936249426717974	0.988165670439658	6.752593910073201	7.528124972090727	[3, 5, 111, 10, 34, 88]	27
177	0.9372332318612151	0.9884812525612671	6.752593910073201	7.528124972090727	[3, 99, 41, 27, 33, 88]	26
178	0.9382018548263199	0.9887372247265722	6.752593910073201	7.140359441081964	[140, 6, 33, 7, 34, 88]	26
179	0.9391555299061606	0.9889875086215373	6.752593910073201	6.752593910073201	[3, 5, 67, 33, 34, 88]	26
180	0.9400944877779791	0.9891914436470644	6.752593910073201	6.752593910073201	[3, 17, 33, 7, 34, 88]	26
181	0.9410189555591831	0.9893916020980447	6.752593910073201	6.752593910073201	[3, 17, 33, 7, 34, 88]	28
182	0.9419291568622822	0.9896273442736437	6.752593910073201	7.528124972090727	[13, 14, 17, 3, 5, 88]	27
183	0.9428253118489753	0.9898578477342294	6.752593910073201	7.528124972090727	[123, 6, 48, 17, 34, 88]	26
184	0.9437076372834047	0.9900456653687807	6.752593910073201	6.752593910073201	[3, 68, 33, 7, 34, 88]	26
185	0.9445763465845868	0.9903111142922799	6.752593910073201	6.752593910073201	[3, 17, 7, 67, 34, 88]	27
186	0.9454316498780345	0.9904905381016821	6.752593910073201	7.140359441081964	[3, 17, 68, 67, 7, 88]	27
187	0.9462737540465833	0.9907018594772002	6.752593910073201	7.528124972090727	[123, 6, 1, 34, 7, 88]	26
188	0.9471028627804323	0.9909084848221514	6.752593910073201	7.528124972090727	[144, 43, 17, 3, 5, 88]	27
189	0.9479191766264133	0.9910768462143338	6.752593910073201	7.140359441081964	[3, 17, 43, 8, 34, 88]	26
190	0.9487228930364995	0.9912751385206819	6.752593910073201	7.528124972090728	[13, 14, 17, 1, 34, 88]	27
191	0.9495142064155659	0.9914367100295581	6.752593910073201	6.752593910073201	[3, 17, 68, 33, 34, 88]	26
192	0.9502933081684121	0.99166506442877	6.752593910073201	6.752593910073201	[3, 17, 7, 67, 34, 88]	27
193	0.9510603867460601	0.9918502852192417	6.752593910073201	7.140359441081964	[101, 100, 33, 7, 34, 88]	26
194	0.9518156276913369	0.9920012058633298	6.752593910073201	7.140359441081964	[3, 5, 67, 1, 34, 88]	26
195	0.9525592136837545	0.9921246440444513	6.752593910073201	6.752593910073201	[3, 68, 33, 7, 34, 88]	26
196	0.9532913245836966	0.9922704839695541	6.752593910073201	7.140359441081964	[3, 17, 1, 34, 7, 88]	27
197	0.9540121374759235	0.992413623155303	6.752593910073201	7.140359441081964	[3, 5, 37, 7, 34, 88]	26
198	0.9547218267124061	0.9926159265378283	6.752593910073201	7.91589050309949	[3, 17, 4, 2, 7, 88]	26
199	0.9554205639544987	0.9928128351634862	6.752593910073201	7.140359441081964	[3, 5, 6, 1, 34, 88]	27
200	0.9561085182144601	0.99300449289246	6.752593910073201	7.140359441081964	[3, 5, 37, 1, 34, 88]	27
201	0.9567858558963357	0.9932376764627112	6.752593910073201	7.528124972090727	[144, 43, 17, 3, 5, 88]	27
202	0.9574527408362071	0.9933629046763648	6.752593910073201	6.752593910073201	[3, 5, 27, 33, 34, 88]	26
203	0.9581093343418212	0.9935752917267211	6.752593910073201	7.140359441081964	[3, 5, 12, 8, 34, 88]	26
204	0.9587557952316079	0.9937180630216829	6.752593910073201	7.140359441081964	[13, 34, 68, 67, 33, 88]	26
205	0.9593922798730954	0.9938855813411046	6.752593910073201	6.752593910073201	[3, 17, 7, 67, 34, 88]	27
206	0.9600189422207328	0.9940812427381893	6.752593910073201	7.140359441081964	[101, 100, 33, 67, 34, 88]	26
207	0.960635933853129	0.9942127706773406	6.752593910073201	7.140359441081964	[0, 1, 34, 68, 7, 88]	27
208	0.9612434040097164	0.9943413757733998	6.752593910073201	7.140359441081964	[3, 5, 61, 8, 34, 88]	26
209	0.9618414996268504	0.9944671229784353	6.752593910073201	7.140359441081964	[3, 17, 65, 1, 34, 88]	26
210	0.9624303653733497	0.9946795854560634	6.752593910073201	7.140359441081964	[13, 34, 68, 67, 7, 88]	27
211	0.9630101436854893	0.994821463177235	6.752593910073201	7.140359441081964	[3, 8, 34, 33, 7, 88]	26
212	0.963580974801454	0.9949365417732965	6.752593910073201	7.91589050309949	[123, 6, 3, 17, 7, 88]	27
213	0.9641429967952587	0.9950490630672232	6.752593910073201	7.528124972090727	[144, 43, 8, 34, 7, 88]	27
214	0.9646963456101467	0.9951810880520973	6.752593910073201	7.140359441081964	[3, 5, 12, 8, 34, 88]	26
215	0.9652411550914716	0.995309592370708	6.752593910073201	7.91589050309949	[140, 147, 27, 33, 38, 88]	26
216	0.9657775570190723	0.9953964517712505	6.752593910073201	7.140359441081964	[13, 34, 68, 33, 7, 88]	27
217	0.9663056811391484	0.9954674941821879	6.752593910073201	6.752593910073201	[3, 5, 67, 7, 34, 88]	26
218	0.966825655195643	0.9955682165336949	6.752593910073201	7.140359441081964	[119, 17, 33, 7, 34, 88]	26
219	0.9673376049611423	0.9956667006107238	6.752593910073201	7.528124972090727	[140, 6, 1, 34, 33, 88]	27
220	0.9678416542672975	0.9957629961527078	6.752593910073201	7.140359441081964	[144, 43, 67, 68, 34, 88]	27
221	0.9683379250347776	0.9958414591869169	6.752593910073201	7.140359441081964	[3, 17, 1, 34, 7, 88]	26
222	0.9688265373027594	0.9959745324929355	6.752593910073201	7.140359441081964	[119, 6, 67, 7, 34, 88]	27
223	0.9693076092579637	0.9961033474531616	6.752593910073201	7.91589050309949	[119, 17, 3, 2, 7, 88]	26
224	0.969781257263242	0.9962072581877439	6.752593910073201	6.752593910073201	[3, 5, 67, 33, 34, 88]	27
225	0.9702475958857228	0.9963083979694042	6.752593910073201	7.528124972090727	[144, 43, 8, 34, 68, 88]	26
226	0.9707067379245234	0.9964265292343832	6.752593910073201	8.303656034108254	[140, 57, 142, 10, 33, 88]	26
227	0.9711587944380339	0.996540880298883	6.752593910073201	7.140359441081964	[119, 6, 67, 33, 34, 88]	27
228	0.9716038747707803	0.9966331234909127	6.752593910073201	7.528124972090727	[13, 34, 1, 33, 7, 88]	26
229	0.9720420865798731	0.9967079429688924	6.752593910073201	7.528124972090727	[13, 14, 17, 3, 5, 88]	27
230	0.9724735358610479	0.996834357958887	6.752593910073201	7.91589050309949	[0, 1, 67, 33, 38, 88]	26
231	0.9728983269743033	0.9969047055598006	6.752593910073201	7.140359441081964	[123, 3, 5, 8, 34, 88]	26
232	0.9733165626691443	0.997003754981887	6.752593910073201	7.91589050309949	[0, 1, 33, 67, 5, 88]	27
233	0.9737283441094353	0.9971188107905825	6.752593910073201	7.528124972090727	[13, 3, 68, 67, 7, 88]	26
234	0.97413377089787	0.9972110088452839	6.752593910073201	7.140359441081964	[119, 17, 3, 68, 34, 88]	27
235	0.9745329411000634	0.9973002565622348	6.752593910073201	7.528124972090727	[140, 6, 48, 17, 34, 88]	26
236	0.9749259512682722	0.9973866483522433	6.752593910073201	7.91589050309949	[13, 70, 3, 17, 38, 88]	28
237	0.9753128964647495	0.9974350437531276	6.752593910073201	7.140359441081964	[3, 24, 27, 33, 34, 88]	26
238	0.975693870284738	0.9974825429428845	6.752593910073201	6.752593910073201	[3, 5, 27, 33, 34, 88]	27
239	0.9760689648791093	0.9975496751310743	6.752593910073201	7.140359441081964	[3, 5, 121, 33, 34, 88]	26
240	0.9764382709766539	0.9976280855268799	6.752593910073201	7.140359441081964	[140, 147, 7, 68, 34, 88]	27
241	0.9768018779060265	0.9977191670426477	6.752593910073201	7.915890503099491	[119, 6, 43, 67, 7, 88]	26
242	0.9771598736173532	0.997754365082113	6.752593910073201	7.140359441081964	[3, 8, 34, 33, 7, 88]	27
243	0.9775123447035052	0.9978142486799234	6.752593910073201	7.140359441081964	[3, 17, 48, 29, 34, 88]	26
244	0.9778593764210437	0.9978628209314806	6.752593910073201	7.140359441081964	[101, 100, 27, 33, 34, 88]	27
245	0.9782010527108425	0.9979312106616732	6.752593910073201	7.528124972090727	[101, 100, 41, 27, 33, 88]	26
246	0.9785374562183912	0.9979695215753459	6.752593910073201	7.140359441081964	[3, 5, 67, 68, 33, 88]	26
247	0.9788686683137864	0.9980236676666701	6.752593910073201	7.528124972090727	[13, 34, 27, 33, 68, 88]	27
248	0.9791947691114131	0.9980675861629663	6.752593910073201	7.140359441081964	[144, 43, 27, 33, 34, 88]	26
249	0.9795158374893234	0.9981033716043929	6.752593910073201	6.752593910073201	[3, 17, 68, 7, 34, 88]	27
250	0.9798319511083153	0.998145518902073	6.752593910073201	7.140359441081964	[144, 43, 27, 33, 34, 88]	27
251	0.9801431864307178	0.9982167309762334	6.752593910073201	7.528124972090727	[13, 98, 34, 67, 33, 88]	27
252	0.9804496187388858	0.9982642848168671	6.752593910073201	7.140359441081964	[13, 98, 7, 67, 34, 88]	26
253	0.9807513221534092	0.9982964276906289	6.752593910073201	7.140359441081964	[3, 17, 1, 34, 33, 88]	28
254	0.9810483696510417	0.9983418562855455	6.752593910073201	7.140359441081964	[3, 104, 33, 67, 34, 88]	27
255	0.9813408330823528	0.9983787039236445	6.752593910073201	7.528124972090727	[0, 1, 34, 8, 5, 88]	26
256	0.9816287831891066	0.9984087279250584	6.752593910073201	7.140359441081964	[3, 17, 4, 7, 34, 88]	27
257	0.9819122896213734	0.9984440895267238	6.752593910073201	7.140359441081964	[101, 100, 33, 7, 34, 88]	26
258	0.982191420954377	0.9984786653150188	6.752593910073201	7.528124972090727	[140, 6, 17, 3, 34, 88]	27
259	0.982466244705081	0.9985192342399517	6.752593910073201	7.140359441081964	[3, 147, 27, 33, 34, 88]	26
260	0.9827368273485212	0.9985666187442732	6.752593910073201	7.140359441081964	[119, 6, 67, 7, 34, 88]	26
261	0.9830032343338835	0.9986048422444259	6.752593910073201	7.140359441081964	[3, 17, 146, 8, 34, 88]	27
262	0.9832655301003359	0.99865841630224	6.752593910073201	7.140359441081964	[13, 34, 67, 33, 7, 88]	26
263	0.9835237780926147	0.998683260444791	6.752593910073201	7.140359441081964	[3, 43, 27, 33, 34, 88]	27
264	0.9837780407763707	0.9987076445106283	6.752593910073201	7.528124972090727	[3, 17, 11, 27, 33, 88]	27
265	0.9840283796532785	0.9987421073236782	6.752593910073201	7.140359441081964	[3, 17, 38, 8, 34, 88]	26
266	0.9842748552759131	0.9987823598893205	6.752593910073201	7.91589050309949	[119, 17, 48, 29, 68, 88]	27
267	0.9845175272623958	0.998804908780259	6.752593910073201	6.752593910073201	[3, 17, 33, 7, 34, 88]	26
268	0.9847564543108157	0.9988314663629199	6.752593910073201	7.140359441081964	[0, 1, 34, 33, 7, 88]	26
269	0.9849916942134266	0.9988626272599087	6.752593910073201	7.140359441081964	[3, 17, 48, 50, 34, 88]	28
270	0.9852233038706267	0.9988879022096885	6.752593910073201	7.140359441081964	[140, 147, 27, 33, 34, 88]	26
271	0.9854513393047221	0.9989126154939176	6.752593910073201	7.140359441081964	[140, 57, 27, 33, 34, 88]	27
272	0.9856758556734764	0.9989327522440303	6.752593910073201	6.752593910073201	[3, 17, 33, 7, 34, 88]	26
273	0.9858969072834536	0.9989737345578595	6.752593910073201	7.528124972090728	[119, 6, 4, 7, 34, 88]	27
274	0.9861145476031533	0.9989927394734547	6.752593910073201	7.140359441081964	[3, 5, 37, 1, 34, 88]	26
275	0.9863288292759441	0.9990263148243396	6.752593910073201	7.528124972090727	[144, 43, 27, 33, 7, 88]	27
276	0.9865398041327968	0.9990522797623572	6.752593910073201	7.140359441081964	[101, 100, 33, 7, 34, 88]	26
277	0.9867475232048216	0.9990826068099617	6.752593910073201	7.140359441081964	[0, 1, 34, 67, 7, 88]	27
278	0.9869520367356114	0.9990995955727402	6.752593910073201	7.140359441081964	[3, 17, 48, 29, 34, 88]	27
279	0.9871533941933952	0.9991196045600127	6.752593910073201	7.140359441081964	[144, 43, 27, 33, 34, 88]	26
280	0.9873516442830033	0.9991359081792717	6.752593910073201	7.140359441081964	[3, 5, 27, 33, 7, 88]	27
281	0.9875468349576483	0.9991690893051877	6.752593910073201	8.303656034108254	[13, 14, 3, 2, 5, 88]	26
282	0.9877390134305241	0.9992009962758684	6.752593910073201	7.915890503099491	[3, 24, 6, 67, 68, 88]	27
283	0.9879282261862259	0.9992187519141825	6.752593910073201	7.140359441081964	[144, 43, 27, 33, 34, 88]	26
284	0.988114518991994	0.9992361129827563	6.752593910073201	7.528124972090728	[140, 6, 5, 8, 34, 88]	28
285	0.9882979369087842	0.999260557367308	6.752593910073201	7.528124972090727	[123, 6, 48, 17, 34, 88]	27
286	0.9884785243021672	0.9992802758375131	6.752593910073201	7.140359441081964	[3, 5, 6, 1, 34, 88]	26
287	0.9886563248530597	0.9993090648040126	6.752593910073201	7.528124972090727	[101, 100, 27, 33, 68, 88]	27
288	0.9888313815682902	0.9993218599002346	6.752593910073201	7.140359441081964	[3, 5, 6, 8, 34, 88]	26
289	0.9890037367910018	0.9993369296802294	6.752593910073201	7.140359441081964	[123, 6, 67, 33, 34, 88]	27
290	0.9891734322108937	0.9993492087602251	6.752593910073201	7.528124972090727	[3, 10, 8, 34, 7, 88]	26
291	0.9893405088743059	0.9993665631932858	6.752593910073201	7.140359441081964	[3, 17, 1, 34, 7, 88]	27
292	0.9895050071941468	0.9993806395667684	6.752593910073201	7.140359441081964	[0, 1, 34, 67, 33, 88]	27
293	0.9896669669596693	0.9993921092044208	6.752593910073201	6.752593910073201	[3, 68, 67, 7, 34, 88]	26
294	0.9898264273460942	0.9994115617098793	6.752593910073201	7.140359441081964	[140, 6, 67, 68, 34, 88]	27
295	0.9899834269240865	0.9994272533976158	6.752593910073201	7.528124972090727	[13, 12, 5, 3, 34, 88]	26
296	0.9901380036690851	0.9994399810998911	6.752593910073201	7.528124972090727	[0, 1, 17, 3, 5, 88]	27
297	0.9902901949704882	0.9994524259643379	6.752593910073201	7.528124972090728	[140, 6, 5, 8, 34, 88]	26
298	0.9904400376406967	0.9994625662242576	6.752593910073201	7.140359441081964	[3, 17, 1, 34, 33, 88]	27
299	0.9905875679240193	0.9994768977916108	6.752593910073201	7.140359441081964	[13, 98, 7, 33, 34, 88]	28
300	0.9907328215054387	0.9994943345318904	6.752593910073201	7.140359441081964	[101, 100, 33, 7, 34, 88]	27
301	0.9908758335192437	0.9995078189443733	6.752593910073201	7.140359441081964	[3, 34, 67, 33, 7, 88]	26
302	0.991016638557527	0.9995209437725233	6.752593910073201	7.528124972090728	[3, 85, 7, 1, 34, 88]	27
303	0.9911552706785528	0.9995298151841433	6.752593910073201	7.140359441081964	[3, 5, 67, 1, 34, 88]	26
304	0.9912917634149948	0.9995402637356068	6.752593910073201	7.140359441081964	[13, 34, 68, 33, 7, 88]	26
305	0.9914261497820474	0.9995504800970377	6.752593910073201	7.528124972090727	[123, 6, 17, 3, 5, 88]	26
306	0.9915584622854109	0.9995604694282146	6.752593910073201	7.528124972090728	[119, 6, 30, 7, 34, 88]	26
307	0.9916887329291545	0.9995745344065118	6.752593910073201	7.140359441081964	[0, 1, 34, 68, 7, 88]	27
308	0.9918169932234577	0.9995839891974782	6.752593910073201	7.528124972090727	[13, 3, 17, 4, 34, 88]	26
309	0.9919432741922315	0.9995932338819787	6.752593910073201	7.528124972090727	[140, 6, 8, 34, 7, 88]	27
310	0.992067606380623	0.999600766587868	6.752593910073201	7.140359441081964	[3, 8, 34, 67, 33, 88]	27
311	0.9921900198624035	0.9996135420570562	6.752593910073201	7.140359441081964	[119, 6, 33, 7, 34, 88]	27
312	0.992310544247243	0.9996259087112304	6.752593910073201	7.140359441081964	[3, 17, 48, 50, 34, 88]	26
313	0.9924292086878719	0.9996342218509808	6.752593910073201	7.140359441081964	[119, 6, 33, 68, 34, 88]	28
314	0.9925460418871331	0.9996464144559482	6.752593910073201	7.140359441081964	[101, 100, 27, 33, 34, 88]	27
315	0.9926610721049243	0.9996529623363936	6.752593910073201	6.752593910073201	[3, 68, 33, 7, 34, 88]	26
316	0.9927743271650334	0.9996593889597937	6.752593910073201	7.140359441081964	[3, 17, 50, 33, 34, 88]	27
317	0.9928858344618694	0.9996669580940205	6.752593910073201	7.140359441081964	[0, 1, 34, 33, 7, 88]	27
318	0.9929956209670875	0.9996743590252645	6.752593910073201	7.915890503099491	[119, 6, 37, 10, 34, 88]	27
319	0.9931037132361139	0.9996830427845907	6.752593910073201	6.752593910073201	[3, 17, 33, 7, 34, 88]	26
320	0.9932101374145689	0.9996914949770016	6.752593910073201	7.140359441081964	[3, 5, 67, 33, 7, 88]	27
321	0.993314919244591	0.9996983506441794	6.752593910073201	7.140359441081964	[0, 1, 68, 67, 34, 88]	26
322	0.9934180840710634	0.9997039367433612	6.752593910073201	7.528124972090727	[3, 5, 6, 33, 7, 88]	26
323	0.9935196568477445	0.999709419396262	6.752593910073201	7.140359441081964	[3, 17, 68, 33, 7, 88]	27
324	0.993619662143304	0.9997187179755815	6.752593910073201	7.91589050309949	[3, 5, 2, 8, 38, 88]	26
325	0.9937181241472653	0.9997239269019597	6.752593910073201	7.140359441081964	[3, 5, 6, 67, 34, 88]	27
326	0.993815066675857	0.9997290393667382	6.752593910073201	6.752593910073201	[3, 68, 33, 7, 34, 88]	28
327	0.9939105131777727	0.9997340571562431	6.752593910073201	7.140359441081964	[3, 68, 33, 27, 34, 88]	27
328	0.9940044867398441	0.9997381612124739	6.752593910073201	7.140359441081964	[3, 17, 68, 33, 7, 88]	26
329	0.9940970100926243	0.9997451435801412	6.752593910073201	6.752593910073201	[3, 68, 67, 33, 34, 88]	27
330	0.9941881056158863	0.9997508070561382	6.752593910073201	7.528124972090727	[123, 3, 5, 67, 68, 88]	26
331	0.9942777953440362	0.9997563446771128	6.752593910073201	7.91589050309949	[3, 2, 7, 33, 38, 88]	26
332	0.9943661009714431	0.9997641416474452	6.752593910073201	7.91589050309949	[0, 1, 34, 121, 33, 88]	27
333	0.9944530438576862	0.9997685093947147	6.752593910073201	7.140359441081964	[3, 37, 27, 33, 34, 88]	26
334	0.9945386450327219	0.9997746824775223	6.752593910073201	7.140359441081964	[3, 5, 67, 1, 34, 88]	27
335	0.99462292520197	0.9997806909447884	6.752593910073201	7.528124972090727	[3, 142, 8, 34, 7, 88]	26
336	0.9947059047513224	0.9997865391862607	6.752593910073201	7.140359441081964	[3, 68, 7, 1, 34, 88]	27
337	0.9947876037520735	0.9997933699323004	6.752593910073201	7.140359441081964	[119, 6, 67, 33, 34, 88]	26
338	0.994868041965776	0.9997971964150356	6.752593910073201	7.528124972090727	[3, 5, 6, 4, 34, 88]	27
339	0.9949472388490203	0.9998026045106346	6.752593910073201	7.140359441081964	[140, 147, 33, 67, 34, 88]	27
340	0.9950252135581403	0.9998069910770649	6.752593910073201	7.915890503099491	[140, 57, 147, 3, 5, 88]	26
341	0.995101984953848	0.9998131673625988	6.752593910073201	7.140359441081964	[119, 17, 68, 33, 34, 88]	27
342	0.9951775716057949	0.9998173191989855	6.752593910073201	7.140359441081964	[3, 5, 12, 8, 34, 88]	26
343	0.9952519917970635	0.9998243341417445	6.752593910073201	7.140359441081964	[140, 147, 7, 68, 34, 88]	27
344	0.9953252635285903	0.9998275872131938	6.752593910073201	6.752593910073201	[3, 68, 33, 7, 34, 88]	27
345	0.9953974045235194	0.9998342078642071	6.752593910073201	7.140359441081964	[140, 147, 7, 68, 34, 88]	27
346	0.9954684322314897	0.999837278088944	6.752593910073201	6.752593910073201	[3, 68, 67, 7, 34, 88]	26
347	0.9955383638328557	0.9998416173399055	6.752593910073201	7.528124972090727	[3, 17, 48, 29, 33, 88]	27
348	0.9956072162428424	0.9998440615167588	6.752593910073201	6.752593910073201	[3, 17, 68, 33, 34, 88]	26
349	0.9956750061156381	0.9998490515482225	6.752593910073201	7.140359441081964	[13, 3, 17, 1, 34, 88]	26
350	0.9957417498484215	0.9998538818986794	6.752593910073201	7.528124972090727	[140, 6, 33, 68, 7, 88]	27
351	0.9958074635853286	0.9998571289675976	6.752593910073201	7.140359441081964	[140, 6, 33, 7, 34, 88]	28
352	0.9958721632213574	0.9998597747274569	6.752593910073201	7.140359441081964	[3, 17, 50, 1, 34, 88]	26
353	0.9959358644062131	0.9998635140680581	6.752593910073201	7.140359441081964	[3, 8, 34, 68, 7, 88]	27
354	0.9959985825480925	0.9998665470887679	6.752593910073201	7.140359441081964	[119, 17, 33, 7, 34, 88]	26
355	0.996060332817412	0.9998690184389759	6.752593910073201	7.140359441081964	[3, 17, 6, 1, 34, 88]	26
356	0.9961211301504767	0.9998710397593621	6.752593910073201	6.752593910073201	[3, 68, 67, 33, 34, 88]	27
357	0.9961809892530927	0.9998744786991124	6.752593910073201	8.303656034108254	[119, 6, 52, 29, 7, 88]	26
358	0.9962399246041252	0.9998764157562249	6.752593910073201	6.752593910073201	[3, 17, 33, 7, 34, 88]	27
359	0.9962979504589998	0.9998787043533318	6.752593910073201	7.140359441081964	[3, 17, 4, 7, 34, 88]	26
360	0.9963550808531512	0.9998813998121466	6.752593910073201	7.528124972090727	[0, 1, 34, 8, 5, 88]	27
361	0.9964113296054173	0.9998845624838227	6.752593910073201	7.140359441081964	[3, 6, 33, 7, 34, 88]	27
362	0.9964667103213831	0.9998867002156038	6.752593910073201	7.140359441081964	[3, 17, 1, 34, 33, 88]	27
363	0.9965212363966703	0.9998903258087045	6.752593910073201	7.140359441081964	[0, 1, 34, 67, 7, 88]	28
364	0.9965749210201785	0.999893981615081	6.752593910073201	7.140359441081964	[144, 43, 67, 7, 34, 88]	26
365	0.9966277771772746	0.9998959449185054	6.752593910073201	7.140359441081964	[3, 17, 68, 67, 33, 88]	27
366	0.9966798176529339	0.999897871864459	6.752593910073201	7.140359441081964	[3, 5, 52, 68, 34, 88]	27
367	0.9967310550348331	0.9998997631262283	6.752593910073201	7.528124972090727	[3, 37, 41, 27, 33, 88]	26
368	0.9967815017163943	0.999903104355354	6.752593910073201	7.528124972090728	[144, 43, 6, 1, 34, 88]	27
369	0.9968311698997833	0.9999052575919017	6.752593910073201	7.140359441081964	[13, 34, 67, 33, 7, 88]	26
370	0.9968800715988607	0.9999070120809406	6.752593910073201	7.140359441081964	[3, 5, 27, 33, 7, 88]	27
371	0.9969282186420881	0.9999101116782426	6.752593910073201	7.915890503099491	[144, 43, 37, 10, 34, 88]	27
372	0.9969756226753893	0.9999117762767936	6.752593910073201	7.140359441081964	[13, 34, 68, 33, 7, 88]	26
373	0.9970222951649665	0.9999141289094124	6.752593910073201	7.140359441081964	[3, 34, 67, 33, 7, 88]	27
374	0.9970682474000752	0.9999182507217607	6.752593910073201	7.915890503099491	[21, 20, 5, 67, 7, 88]	26
375	0.9971134904957529	0.9999204307025137	6.752593910073201	7.528124972090727	[123, 3, 5, 67, 68, 88]	28
376	0.9971580353955098	0.9999221989091245	6.752593910073201	7.528124972090727	[119, 6, 48, 17, 34, 88]	27
377	0.9972018928739742	0.9999239278222551	6.752593910073201	7.528124972090727	[13, 3, 17, 68, 33, 88]	26
378	0.9972450735394993	0.9999259564136617	6.752593910073201	7.528124972090728	[3, 56, 29, 33, 34, 88]	27
379	0.9972875878367292	0.999930399028842	6.752593910073201	7.528124972090728	[119, 6, 76, 1, 34, 88]	26
380	0.9973294460491254	0.999932626259919	6.752593910073201	7.140359441081964	[144, 43, 67, 7, 34, 88]	27
381	0.9973706583014538	0.9999338739217724	6.752593910073201	7.528124972090727	[3, 34, 1, 67, 7, 88]	26
382	0.9974112345622338	0.9999350984787766	6.752593910073201	6.752593910073201	[3, 17, 68, 67, 34, 88]	27
383	0.9974511846461499	0.9999363003587992	6.752593910073201	7.140359441081964	[140, 147, 27, 33, 34, 88]	26
384	0.9974905182164254	0.9999379990158979	6.752593910073201	7.140359441081964	[3, 5, 30, 7, 34, 88]	27
385	0.9975292447871595	0.9999399830473892	6.752593910073201	7.140359441081964	[119, 6, 67, 33, 34, 88]	26
386	0.9975673737256293	0.9999410944724375	6.752593910073201	7.140359441081964	[3, 5, 37, 1, 34, 88]	28
387	0.9976049142545548	0.9999421853155405	6.752593910073201	6.752593910073201	[3, 17, 33, 7, 34, 88]	26
388	0.9976418754543301	0.9999434700863062	6.752593910073201	7.528124972090727	[140, 6, 67, 33, 7, 88]	26
389	0.9976782662652202	0.9999456408349922	6.752593910073201	7.528124972090728	[140, 6, 146, 8, 34, 88]	27
390	0.9977140954895223	0.9999468488164367	6.752593910073201	7.140359441081964	[123, 3, 5, 67, 34, 88]	26
391	0.9977493717936964	0.9999485496543108	6.752593910073201	7.91589050309949	[3, 5, 138, 35, 7, 88]	27
392	0.9977841037104603	0.9999496929953261	6.752593910073201	7.140359441081964	[140, 147, 33, 7, 34, 88]	26
393	0.9978182996408544	0.9999513028194756	6.752593910073201	7.140359441081964	[119, 6, 67, 7, 34, 88]	26
394	0.9978519678562733	0.9999526014109563	6.752593910073201	7.528124972090727	[3, 5, 30, 27, 33, 88]	27
395	0.9978851165004666	0.9999534791626052	6.752593910073201	7.91589050309949	[3, 17, 28, 8, 7, 88]	26
396	0.9979177535915088	0.9999557121628002	6.752593910073201	7.528124972090728	[101, 100, 29, 1, 34, 88]	28
397	0.9979498870237387	0.9999568931717921	6.752593910073201	7.528124972090728	[13, 135, 5, 8, 34, 88]	27
398	0.9979815245696686	0.9999585484739953	6.752593910073201	7.140359441081964	[140, 6, 67, 68, 34, 88]	26
399	0.9980126738818651	0.9999596538480222	6.752593910073201	7.915890503099491	[123, 58, 93, 27, 33, 88]	27
400	0.9980433424947992	0.9999604009989848	6.752593910073201	7.528124972090727	[3, 17, 33, 27, 7, 88]	27
401	0.9980735378266696	0.9999611343138184	6.752593910073201	7.140359441081964	[3, 147, 27, 33, 34, 88]	26
402	0.9981032671811964	0.9999623780157761	6.752593910073201	7.528124972090728	[123, 3, 4, 7, 34, 88]	27
403	0.9981325377493877	0.9999630747191877	6.752593910073201	7.140359441081964	[13, 34, 67, 33, 7, 88]	26
404	0.9981613566112799	0.9999637585206842	6.752593910073201	7.140359441081964	[13, 3, 17, 1, 34, 88]	27
405	0.998189730737649	0.9999647249601327	6.752593910073201	7.140359441081964	[3, 6, 67, 68, 34, 88]	26
406	0.9982176669916977	0.9999653782016117	6.752593910073201	7.140359441081964	[3, 6, 33, 7, 34, 88]	27
407	0.9982451721307147	0.9999664860991601	6.752593910073201	7.140359441081964	[123, 3, 68, 7, 34, 88]	28
408	0.9982722528077098	0.999967230852512	6.752593910073201	7.528124972090727	[144, 43, 17, 3, 5, 88]	26
409	0.998298915573023	0.9999681046964451	6.752593910073201	6.752593910073201	[3, 68, 67, 7, 34, 88]	27
410	0.9983251668759084	0.9999689552378732	6.752593910073201	7.528124972090727	[3, 17, 48, 6, 5, 88]	27
411	0.998351013066095	0.999969645121476	6.752593910073201	7.528124972090727	[3, 5, 4, 7, 68, 88]	27
412	0.9983764603953219	0.9999706164775888	6.752593910073201	7.528124972090727	[0, 1, 34, 27, 33, 88]	26
413	0.9984015150188509	0.9999712694447536	6.752593910073201	7.528124972090727	[0, 1, 34, 8, 5, 88]	27
414	0.9984261829969551	0.9999726485114053	6.752593910073201	7.528124972090728	[101, 100, 29, 1, 34, 88]	26
415	0.9984504702963848	0.9999733778844345	6.752593910073201	7.140359441081964	[3, 8, 34, 67, 33, 88]	27
416	0.9984743827918109	0.9999739694870027	6.752593910073201	7.140359441081964	[0, 1, 34, 67, 33, 88]	27
417	0.998497926267246	0.9999744515335397	6.752593910073201	7.140359441081964	[3, 17, 68, 33, 7, 88]	26
418	0.9985211064174427	0.9999750192772388	6.752593910073201	7.528124972090728	[13, 98, 6, 1, 34, 88]	26
419	0.9985439288492723	0.9999758186603671	6.752593910073201	7.528124972090728	[123, 3, 37, 1, 34, 88]	27
420	0.9985663990830799	0.9999765924632353	6.752593910073201	7.140359441081964	[123, 6, 67, 33, 34, 88]	26
421	0.99858852255402	0.9999770259361385	6.752593910073201	7.140359441081964	[3, 5, 8, 34, 7, 88]	26
422	0.9986103046133715	0.9999776385778414	6.752593910073201	7.140359441081964	[3, 52, 68, 7, 34, 88]	26
423	0.9986317505298319	0.999978711926105	6.752593910073201	7.528124972090727	[144, 43, 67, 68, 7, 88]	27
424	0.9986528654907912	0.9999791061496957	6.752593910073201	7.140359441081964	[3, 17, 50, 1, 34, 88]	26
425	0.9986736546035877	0.9999795704574802	6.752593910073201	7.528124972090727	[119, 6, 17, 3, 34, 88]	26
426	0.9986941228967422	0.9999802242028408	6.752593910073201	7.528124972090727	[3, 5, 71, 33, 68, 88]	28
427	0.9987142753211752	0.9999805904213067	6.752593910073201	7.528124972090727	[144, 43, 27, 33, 7, 88]	27
428	0.998734116751404	0.9999812115278249	6.752593910073201	7.140359441081964	[13, 98, 7, 68, 34, 88]	26
429	0.9987536519867218	0.9999818127589345	6.752593910073201	7.140359441081964	[123, 3, 68, 7, 34, 88]	27
430	0.9987728857523588	0.9999822169198471	6.752593910073201	7.915890503099491	[119, 17, 11, 27, 33, 88]	26
431	0.9987918227006248	0.9999826911353178	6.752593910073201	7.140359441081964	[3, 5, 30, 7, 34, 88]	27
432	0.9988104674120349	0.999983011669849	6.752593910073201	7.140359441081964	[3, 17, 6, 1, 34, 88]	26
433	0.9988288243964172	0.9999835552964138	6.752593910073201	7.528124972090727	[119, 17, 48, 29, 34, 88]	26
434	0.9988468980940033	0.9999838598279617	6.752593910073201	6.752593910073201	[3, 5, 27, 33, 34, 88]	27
435	0.9988646928765033	0.9999842184984514	6.752593910073201	7.140359441081964	[140, 6, 33, 68, 34, 88]	27
436	0.9988822130481622	0.9999845691984859	6.752593910073201	7.528124972090728	[101, 100, 33, 1, 34, 88]	26
437	0.9988994628468016	0.9999849806865262	6.752593910073201	7.140359441081964	[119, 6, 67, 33, 34, 88]	26
438	0.9989164464448448	0.999985258821961	6.752593910073201	7.140359441081964	[3, 5, 37, 1, 34, 88]	27
439	0.9989331679503256	0.9999855864036952	6.752593910073201	7.140359441081964	[119, 6, 33, 7, 34, 88]	26
440	0.9989496314078823	0.9999860476387769	6.752593910073201	7.140359441081964	[0, 1, 34, 67, 33, 88]	27
441	0.9989658407997359	0.9999863576912486	6.752593910073201	7.140359441081964	[144, 43, 67, 33, 34, 88]	26
442	0.9989818000466536	0.9999867942451286	6.752593910073201	7.528124972090727	[0, 1, 34, 8, 5, 88]	27
443	0.9989975130088966	0.9999870387961447	6.752593910073201	7.140359441081964	[3, 5, 27, 33, 7, 88]	27
444	0.9990129834871544	0.9999872788184383	6.752593910073201	6.752593910073201	[3, 68, 33, 7, 34, 88]	27
445	0.9990282152234637	0.9999875143958746	6.752593910073201	7.528124972090727	[3, 52, 68, 33, 7, 88]	26
446	0.999043211902114	0.9999877456107659	6.752593910073201	7.140359441081964	[3, 68, 67, 33, 7, 88]	26
447	0.9990579771505381	0.9999880179305266	6.752593910073201	7.140359441081964	[140, 57, 27, 33, 34, 88]	26
448	0.9990725145401903	0.9999884780419944	6.752593910073201	7.528124972090728	[13, 18, 5, 8, 34, 88]	27
449	0.9990868275874096	0.9999888467446506	6.752593910073201	7.528124972090727	[140, 147, 33, 68, 7, 88]	27
450	0.9991009197542706	0.9999892036488217	6.752593910073201	7.528124972090727	[123, 6, 8, 34, 33, 88]	26
451	0.9991147944494208	0.9999894915515198	6.752593910073201	7.140359441081964	[3, 8, 34, 67, 33, 88]	26
452	0.999128455028905	0.9999898950759415	6.752593910073201	7.140359441081964	[140, 147, 33, 68, 34, 88]	28
453	0.9991419047969774	0.9999901196298094	6.752593910073201	7.528124972090727	[13, 3, 17, 33, 7, 88]	26
454	0.9991551470069007	0.9999903391935915	6.752593910073201	7.140359441081964	[119, 17, 68, 33, 34, 88]	26
455	0.9991681848617324	0.9999905968150957	6.752593910073201	7.140359441081964	[3, 68, 33, 27, 34, 88]	27
456	0.9991810215151007	0.9999908475666931	6.752593910073201	7.528124972090727	[13, 14, 17, 3, 5, 88]	27
457	0.9991936600719664	0.9999911990201321	6.752593910073201	7.91589050309949	[123, 6, 67, 33, 38, 88]	26
458	0.9992061035893743	0.9999914337129286	6.752593910073201	7.528124972090727	[13, 14, 5, 3, 34, 88]	26
459	0.9992183550771927	0.9999915923478744	6.752593910073201	6.752593910073201	[3, 5, 27, 33, 34, 88]	27
460	0.999230417498841	0.999991816551931	6.752593910073201	7.528124972090727	[13, 18, 17, 3, 5, 88]	27
461	0.999242293772007	0.9999920784222692	6.752593910073201	7.140359441081964	[123, 6, 67, 7, 34, 88]	26
462	0.9992539867693525	0.9999923319127566	6.752593910073201	7.140359441081964	[119, 17, 7, 67, 34, 88]	27
463	0.9992654993192083	0.9999925023146954	6.752593910073201	7.140359441081964	[140, 6, 67, 7, 34, 88]	27
464	0.9992768342062575	0.9999927022529702	6.752593910073201	7.140359441081964	[3, 5, 6, 1, 34, 88]	27
465	0.9992879941722103	0.9999928373964337	6.752593910073201	7.528124972090727	[3, 61, 41, 27, 33, 88]	26
466	0.9992989819164663	0.9999930761498859	6.752593910073201	7.528124972090727	[101, 100, 27, 33, 7, 88]	27
467	0.9993098000967677	0.9999932300132217	6.752593910073201	7.528124972090727	[144, 43, 8, 34, 7, 88]	26
468	0.9993204513298424	0.9999934105462025	6.752593910073201	6.752593910073201	[3, 5, 67, 33, 34, 88]	28
469	0.9993309381920361	0.9999935569785091	6.752593910073201	7.140359441081964	[13, 34, 67, 33, 7, 88]	27
470	0.9993412632199368	0.9999936762937219	6.752593910073201	7.528124972090727	[3, 37, 27, 33, 7, 88]	26
471	0.9993514289109872	0.9999938786523228	6.752593910073201	7.528124972090727	[13, 3, 5, 67, 68, 88]	27
472	0.9993614377240893	0.9999940418882609	6.752593910073201	7.140359441081964	[3, 5, 4, 33, 34, 88]	27
473	0.9993712920801989	0.9999942706797517	6.752593910073201	7.140359441081964	[123, 3, 68, 67, 34, 88]	27
474	0.999380994362912	0.9999944234616249	6.752593910073201	7.140359441081964	[3, 17, 68, 67, 7, 88]	26
475	0.9993905469190398	0.999994572169315	6.752593910073201	6.752593910073201	[3, 5, 67, 33, 34, 88]	28
476	0.9993999520591781	0.999994672684698	6.752593910073201	6.752593910073201	[3, 17, 68, 33, 34, 88]	27
477	0.9994092120582648	0.9999948431587877	6.752593910073201	7.140359441081964	[123, 3, 5, 67, 34, 88]	26
478	0.9994183291561312	0.999994957755259	6.752593910073201	7.140359441081964	[0, 1, 34, 67, 7, 88]	26
479	0.9994273055580427	0.9999951258300838	6.752593910073201	7.528124972090727	[0, 1, 34, 8, 7, 88]	27
480	0.9994361434352333	0.999995281803521	6.752593910073201	6.752593910073201	[3, 5, 67, 33, 34, 88]	26
481	0.9994448449254304	0.9999953866523317	6.752593910073201	7.91589050309949	[13, 34, 8, 2, 5, 88]	26
482	0.9994534121333712	0.9999955342794571	6.752593910073201	7.915890503099491	[13, 18, 6, 33, 7, 88]	27
483	0.9994618471313131	0.9999956533653382	6.752593910073201	7.140359441081964	[3, 5, 27, 7, 34, 88]	27
484	0.9994701519595336	0.9999957982531603	6.752593910073201	7.140359441081964	[144, 43, 7, 33, 34, 88]	27
485	0.9994783286268247	0.9999958916253123	6.752593910073201	7.140359441081964	[0, 1, 34, 68, 33, 88]	26
486	0.9994863791109787	0.999995967706325	6.752593910073201	7.140359441081964	[3, 17, 139, 7, 34, 88]	27
487	0.999494305359266	0.9999960423784301	6.752593910073201	7.140359441081964	[3, 5, 8, 34, 7, 88]	27
488	0.999502109288907	0.9999961156677185	6.752593910073201	7.528124972090728	[140, 147, 27, 7, 34, 88]	26
489	0.9995097927875349	0.9999962192499127	6.752593910073201	7.91589050309949	[140, 57, 27, 33, 38, 88]	27
490	0.9995173577136532	0.9999963644307159	6.752593910073201	7.91589050309949	[140, 57, 41, 27, 5, 88]	27
491	0.9995248058970845	0.9999964856163588	6.752593910073201	7.528124972090727	[0, 1, 34, 8, 7, 88]	27
492	0.9995321391394135	0.9999965793332559	6.752593910073201	7.91589050309949	[3, 99, 41, 27, 7, 88]	26
493	0.9995393592144225	0.9999966705510357	6.752593910073201	7.91589050309949	[3, 5, 12, 4, 7, 88]	27
494	0.999546467868521	0.9999967770934026	6.752593910073201	7.528124972090727	[3, 68, 33, 50, 34, 88]	26
495	0.9995534668211672	0.9999968802264138	6.752593910073201	7.528124972090727	[119, 6, 67, 33, 7, 88]	27
496	0.9995603577652851	0.999996963420376	6.752593910073201	7.528124972090728	[13, 14, 5, 8, 34, 88]	27
497	0.9995671423676726	0.9999970308999232	6.752593910073201	7.140359441081964	[144, 43, 7, 33, 34, 88]	27
498	0.999573822269406	0.9999970968799249	6.752593910073201	7.528124972090727	[3, 17, 61, 29, 34, 88]	27
499	0.9995803990862362	0.9999971613937043	6.752593910073201	7.140359441081964	[140, 147, 27, 33, 34, 88]	26
