0	0.015432098765432056	0.01851851851851849	7.140359441081964	7.140359441081964	[3, 61, 27, 33, 34, 88]	168
1	0.030626047858558048	0.03669410150891628	7.140359441081964	7.140359441081964	[3, 17, 29, 1, 34, 88]	279
2	0.045585522428642	0.06238225880201176	7.140359441081964	7.140359441081964	[3, 5, 4, 7, 34, 88]	27
3	0.06031414090968146	0.0797455503056782	6.752593910073201	6.752593910073201	[3, 17, 33, 7, 34, 88]	27
4	0.07481546589564314	0.10428566896419345	6.752593910073201	7.528124972090727	[0, 1, 34, 8, 38, 88]	34
5	0.08909300500219186	0.12419043187610024	6.752593910073201	7.140359441081964	[13, 34, 68, 67, 7, 88]	27
6	0.10315021171512095	0.15221633805606505	6.752593910073201	7.140359441081964	[13, 3, 17, 1, 34, 88]	28
7	0.11699048622569008	0.1679160354994712	6.752593910073201	6.752593910073201	[3, 5, 27, 33, 34, 88]	27
8	0.13061717625307134	0.1864067902661497	6.752593910073201	7.528124972090728	[13, 14, 17, 7, 34, 88]	37
9	0.1440335778541042	0.20810260919238566	6.752593910073201	7.140359441081964	[3, 5, 2, 8, 34, 88]	27
10	0.1572429362205532	0.222767375688823	6.752593910073201	7.528124972090727	[3, 147, 27, 33, 68, 88]	27
11	0.17024844646406312	0.2371605724353263	6.752593910073201	7.528124972090727	[140, 57, 27, 33, 7, 88]	35
12	0.18305325438900033	0.2575029571703842	6.752593910073201	6.752593910073201	[3, 5, 27, 33, 34, 88]	28
13	0.19566045725336756	0.2712529024079696	6.752593910073201	6.752593910073201	[3, 5, 27, 33, 34, 88]	27
14	0.208073104517976	0.2906861583437571	6.752593910073201	7.140359441081964	[3, 8, 34, 67, 68, 88]	30
15	0.22029419858405663	0.30382159985590973	6.752593910073201	7.140359441081964	[3, 17, 29, 1, 34, 88]	33
16	0.2323266955194878	0.31929223097022286	6.752593910073201	7.140359441081964	[0, 1, 34, 33, 7, 88]	35
17	0.2441735057738167	0.33189793039670024	6.752593910073201	6.752593910073201	[3, 17, 68, 7, 34, 88]	33
18	0.2558374948822454	0.3442701909449095	6.752593910073201	7.140359441081964	[3, 17, 6, 8, 34, 88]	27
19	0.2673214841587539	0.3564133355570408	6.752593910073201	6.752593910073201	[3, 17, 33, 7, 34, 88]	27
20	0.2786282513785262	0.373575646608853	6.752593910073201	7.140359441081964	[3, 10, 33, 67, 34, 88]	27
21	0.28976053144984526	0.4036440155716281	6.752593910073201	7.528124972090727	[101, 100, 27, 33, 7, 88]	27
22	0.30072101707561927	0.4265440853736776	6.752593910073201	7.91589050309949	[3, 24, 26, 19, 5, 88]	26
23	0.31151235940469924	0.4371636393482391	6.752593910073201	6.752593910073201	[3, 17, 68, 7, 34, 88]	28
24	0.32213716867314524	0.4475865349158643	6.752593910073201	7.528124972090727	[13, 18, 17, 3, 5, 88]	26
25	0.3325980148355967	0.4687992119750951	6.752593910073201	7.91589050309949	[140, 6, 48, 17, 68, 88]	27
26	0.34289742818689917	0.4865059049092586	6.752593910073201	7.528124972090728	[0, 1, 50, 33, 34, 88]	27
27	0.35303789997413837	0.49791688480016394	6.752593910073201	7.528124972090727	[3, 37, 27, 33, 68, 88]	27
28	0.3630218829992288	0.5113057678721595	6.752593910073201	7.140359441081964	[3, 5, 67, 1, 34, 88]	27
29	0.37285179221220366	0.5221656396972227	6.752593910073201	7.140359441081964	[123, 3, 68, 67, 34, 88]	28
30	0.38253000529534864	0.5349078893052968	6.752593910073201	6.752593910073201	[3, 5, 67, 7, 34, 88]	30
31	0.3920588632383216	0.5435207061700134	6.752593910073201	7.91589050309949	[3, 17, 11, 37, 7, 88]	36
32	0.40144067090439683	0.5581280435725731	6.752593910073201	7.528124972090727	[140, 147, 33, 67, 7, 88]	35
33	0.4106776975879709	0.569911295743971	6.752593910073201	7.140359441081964	[3, 5, 121, 33, 34, 88]	33
34	0.4197721775634652	0.5765484671059468	6.752593910073201	6.752593910073201	[3, 17, 68, 33, 34, 88]	34
35	0.4287263106257574	0.5843901621595403	6.752593910073201	7.140359441081964	[3, 104, 33, 7, 34, 88]	36
36	0.43754226262227347	0.600349579932614	6.752593910073201	7.528124972090728	[13, 135, 5, 67, 34, 88]	26
37	0.44622216597686803	0.6110069244677443	6.752593910073201	7.140359441081964	[13, 98, 7, 68, 34, 88]	26
38	0.4547681202056201	0.6182104999405638	6.752593910073201	7.528124972090727	[3, 5, 4, 33, 7, 88]	27
39	0.46318219242466907	0.6252806758675904	6.752593910073201	7.140359441081964	[3, 5, 27, 33, 7, 88]	26
40	0.47146641785021426	0.6322199226107831	6.752593910073201	7.140359441081964	[3, 6, 33, 7, 34, 88]	26
41	0.4796228002907974	0.646342677582529	6.752593910073201	7.91589050309949	[3, 24, 27, 33, 38, 88]	27
42	0.48765331263198874	0.6557735395136615	6.752593910073201	7.528124972090727	[13, 34, 68, 3, 5, 88]	27
43	0.49555989731359384	0.6649529117932972	6.752593910073201	6.752593910073201	[3, 17, 7, 67, 34, 88]	26
44	0.5033444667994951	0.6711574875008287	6.752593910073201	6.752593910073201	[3, 68, 33, 7, 34, 88]	27
45	0.5110089040402437	0.6784650988896992	6.752593910073201	7.528124972090728	[119, 6, 43, 7, 34, 88]	27
46	0.5185550629285114	0.6856103189143725	6.752593910073201	7.140359441081964	[123, 3, 17, 1, 34, 88]	27
47	0.5259847687475159	0.6939940437433226	6.752593910073201	7.91589050309949	[3, 17, 28, 8, 5, 88]	27
48	0.5332998186125233	0.7086823296436431	6.752593910073201	7.91589050309949	[0, 1, 34, 4, 7, 88]	28
49	0.5405019819055399	0.7140771013169089	6.752593910073201	7.528124972090727	[3, 17, 61, 29, 34, 88]	26
50	0.5475930007032939	0.723226634074768	6.752593910073201	7.140359441081964	[119, 6, 33, 68, 34, 88]	27
51	0.5545745901986134	0.7274978279933672	6.752593910073201	6.752593910073201	[3, 17, 33, 7, 34, 88]	27
52	0.5614484391153014	0.7365812337269215	6.752593910073201	7.140359441081964	[0, 1, 34, 33, 7, 88]	27
53	0.5682162101166085	0.7414593590282749	6.752593910073201	7.528124972090728	[3, 56, 50, 1, 34, 88]	26
54	0.5748795402074016	0.7462471486758995	6.752593910073201	7.140359441081964	[3, 17, 1, 34, 7, 88]	26
55	0.5814400411301268	0.7530138913778754	6.752593910073201	7.91589050309949	[144, 43, 27, 33, 38, 88]	26
56	0.5878992997546619	0.7596001876077987	6.752593910073201	7.91589050309949	[140, 57, 27, 33, 38, 88]	27
57	0.5942588784621516	0.7649424056609588	6.752593910073201	7.140359441081964	[0, 1, 34, 68, 7, 88]	28
58	0.6005203155229208	0.7712106081766665	6.752593910073201	7.528124972090728	[140, 147, 5, 8, 34, 88]	27
59	0.6066851254685548	0.7762948168838517	6.752593910073201	7.140359441081964	[3, 52, 68, 7, 34, 88]	27
60	0.6127547994582376	0.7822602884336156	6.752593910073201	7.140359441081964	[3, 17, 28, 8, 34, 88]	28
61	0.6187308056394376	0.7862925053144747	6.752593910073201	7.528124972090728	[3, 37, 29, 7, 34, 88]	33
62	0.6246145895030265	0.7902500515123547	6.752593910073201	7.528124972090727	[3, 5, 2, 10, 34, 88]	31
63	0.630407574232918	0.7941343098176815	6.752593910073201	7.140359441081964	[3, 5, 67, 33, 7, 88]	32
64	0.6361111610503113	0.7979466374136504	6.752593910073201	7.140359441081964	[3, 5, 6, 1, 34, 88]	32
65	0.6417267295526212	0.8024367121377914	6.752593910073201	7.528124972090727	[140, 6, 67, 68, 7, 88]	31
66	0.6472556380471796	0.8060952915426471	6.752593910073201	7.140359441081964	[3, 5, 6, 1, 34, 88]	32
67	0.6526992238797849	0.8096861194770426	6.752593910073201	7.140359441081964	[3, 4, 33, 7, 34, 88]	33
68	0.6580588037581832	0.8132104505978381	6.752593910073201	7.140359441081964	[3, 68, 7, 1, 34, 88]	31
69	0.6633356740705569	0.8181915052485624	6.752593910073201	7.140359441081964	[3, 17, 30, 7, 34, 88]	34
70	0.6685311111990977	0.8215583292254409	6.752593910073201	7.140359441081964	[119, 17, 68, 33, 34, 88]	32
71	0.6736463718287411	0.828410489383184	6.752593910073201	7.140359441081964	[13, 98, 7, 67, 34, 88]	32
72	0.6786826932511372	0.831588072913125	6.752593910073201	7.140359441081964	[3, 17, 139, 1, 34, 88]	34
73	0.6836412936639282	0.8341870224052064	6.752593910073201	6.752593910073201	[3, 68, 33, 7, 34, 88]	29
74	0.6885233724654107	0.8421460453297565	6.752593910073201	7.140359441081964	[101, 100, 33, 67, 34, 88]	27
75	0.6933301105446482	0.8456539109890953	6.752593910073201	7.140359441081964	[3, 37, 33, 68, 34, 88]	27
76	0.6980626705671074	0.8490838240782265	6.752593910073201	7.140359441081964	[0, 1, 34, 33, 7, 88]	27
77	0.7027221972558866	0.8518785680767778	6.752593910073201	7.140359441081964	[0, 1, 34, 33, 7, 88]	27
78	0.7073098176686043	0.8551701554528495	6.752593910073201	7.140359441081964	[140, 6, 33, 7, 34, 88]	27
79	0.7118266414700147	0.8621219879911126	6.752593910073201	7.528124972090727	[0, 1, 34, 33, 38, 88]	27
80	0.7162737612004157	0.8651859438135323	6.752593910073201	7.528124972090727	[140, 6, 1, 34, 7, 88]	26
81	0.7206522525399155	0.8687809853118382	6.752593910073201	7.915890503099491	[3, 4, 5, 67, 68, 88]	27
82	0.7249631745686205	0.8722801590368559	6.752593910073201	7.140359441081964	[3, 17, 65, 1, 34, 88]	26
83	0.7292075700228084	0.8746453412769141	6.752593910073201	7.140359441081964	[0, 1, 34, 68, 7, 88]	26
84	0.7333864655471478	0.8774310003596493	6.752593910073201	7.528124972090727	[119, 17, 1, 34, 33, 88]	26
85	0.7375008719430252	0.8821376499458388	6.752593910073201	7.915890503099491	[123, 58, 102, 10, 34, 88]	27
86	0.7415517844130401	0.8847568132803757	6.752593910073201	7.140359441081964	[119, 6, 33, 7, 34, 88]	26
87	0.7455401828017278	0.8878299649262323	6.752593910073201	7.528124972090728	[13, 98, 7, 1, 34, 88]	27
88	0.7494670318325654	0.8915689660953579	6.752593910073201	7.915890503099491	[101, 100, 37, 3, 5, 88]	27
89	0.753333281341322	0.8935769482047031	6.752593910073201	6.752593910073201	[3, 17, 68, 33, 34, 88]	26
90	0.7571398665058078	0.8955477454601716	6.752593910073201	6.752593910073201	[3, 17, 68, 67, 34, 88]	27
91	0.7608877080720762	0.8978689066721678	6.752593910073201	7.140359441081964	[144, 43, 7, 33, 34, 88]	27
92	0.7645777125771367	0.9001384865238974	6.752593910073201	7.528124972090727	[123, 6, 8, 34, 7, 88]	26
93	0.7682107725682302	0.9019877738104919	6.752593910073201	7.528124972090727	[3, 17, 1, 33, 7, 88]	26
94	0.7717877668187205	0.9051241650485562	6.752593910073201	7.140359441081964	[144, 43, 67, 7, 34, 88]	26
95	0.7753095605406538	0.9068811249550643	6.752593910073201	7.140359441081964	[3, 17, 6, 1, 34, 88]	27
96	0.7787770055940388	0.9093642949562626	6.752593910073201	7.140359441081964	[3, 24, 27, 33, 34, 88]	26
97	0.7821909406928962	0.9113784217350124	6.752593910073201	7.140359441081964	[13, 34, 67, 33, 7, 88]	27
98	0.7855521916081293	0.913347790140901	6.752593910073201	7.528124972090727	[140, 6, 17, 3, 5, 88]	26
99	0.7888615713672631	0.9149524606938473	6.752593910073201	7.528124972090728	[3, 37, 29, 1, 34, 88]	27
100	0.7921198804511016	0.9165274151254427	6.752593910073201	7.140359441081964	[3, 17, 43, 7, 34, 88]	26
101	0.79532790698735	0.9180732037342307	6.752593910073201	7.140359441081964	[3, 5, 8, 34, 33, 88]	27
102	0.7984864269412489	0.9198937992068035	6.752593910073201	7.528124972090727	[123, 3, 8, 34, 7, 88]	26
103	0.8015962043032667	0.9213772473696404	6.752593910073201	7.140359441081964	[3, 17, 29, 1, 34, 88]	27
104	0.8046579912738953	0.923124419650315	6.752593910073201	7.528124972090727	[0, 1, 17, 3, 5, 88]	26
105	0.8076725284455943	0.9255844382215049	6.752593910073201	7.528124972090727	[123, 3, 5, 4, 34, 88]	27
106	0.8106405449819278	0.9284419957937992	6.752593910073201	7.528124972090727	[13, 34, 1, 68, 7, 88]	27
107	0.8135627587939351	0.9295462859821665	6.752593910073201	7.140359441081964	[3, 17, 6, 1, 34, 88]	27
108	0.8164398767137817	0.9314250516893087	6.752593910073201	6.752593910073201	[3, 17, 33, 67, 34, 88]	27
109	0.8192725946657295	0.9326949581395066	6.752593910073201	7.140359441081964	[3, 5, 4, 7, 34, 88]	27
110	0.8220615978344683	0.9344897592557865	6.752593910073201	7.140359441081964	[3, 98, 7, 33, 34, 88]	26
111	0.8248075608308499	0.9365860869596013	6.752593910073201	7.528124972090728	[13, 3, 6, 67, 34, 88]	27
112	0.8275111478550652	0.9390211812203526	6.752593910073201	7.528124972090727	[123, 3, 68, 67, 7, 88]	27
113	0.8301730128573019	0.9403762660821225	6.752593910073201	7.528124972090727	[144, 43, 27, 33, 7, 88]	26
114	0.8327937996959238	0.9422842255674947	6.752593910073201	7.140359441081964	[119, 6, 33, 7, 34, 88]	26
115	0.8353741422932088	0.9438233128856948	6.752593910073201	7.140359441081964	[13, 34, 68, 67, 33, 88]	26
116	0.837914664788684	0.9448636219063301	6.752593910073201	7.140359441081964	[3, 17, 6, 1, 34, 88]	27
117	0.8404159816900932	0.9458846659451018	6.752593910073201	7.140359441081964	[3, 52, 68, 7, 34, 88]	26
118	0.8428786980220363	0.9468868017609332	6.752593910073201	7.528124972090727	[3, 6, 8, 34, 7, 88]	27
119	0.8453034094723135	0.9477064498819064	6.752593910073201	6.752593910073201	[3, 17, 7, 67, 34, 88]	26
120	0.8476907025360123	0.9486748489581674	6.752593910073201	6.752593910073201	[3, 17, 33, 67, 34, 88]	27
121	0.8500411546573702	0.9496253147182014	6.752593910073201	6.752593910073201	[3, 17, 33, 7, 34, 88]	26
122	0.8523553343694478	0.9515597026330225	6.752593910073201	7.528124972090728	[3, 28, 6, 67, 34, 88]	28
123	0.8546338014316477	0.9528514438961418	6.752593910073201	7.140359441081964	[3, 43, 27, 33, 34, 88]	35
124	0.8568771069651099	0.95466194845053	6.752593910073201	7.528124972090727	[3, 24, 27, 33, 68, 88]	33
125	0.8590857935860187	0.955669460707185	6.752593910073201	7.140359441081964	[0, 1, 34, 33, 7, 88]	33
126	0.8612603955368516	0.9566545838025808	6.752593910073201	7.140359441081964	[101, 100, 27, 33, 34, 88]	32
127	0.8634014388156039	0.9580416371208982	6.752593910073201	7.91589050309949	[119, 17, 68, 67, 5, 88]	31
128	0.8655094413030175	0.9593843047330295	6.752593910073201	7.91589050309949	[119, 17, 48, 6, 5, 88]	32
129	0.8675849128878474	0.9604673899401487	6.752593910073201	7.140359441081964	[3, 5, 121, 33, 34, 88]	33
130	0.8696283555901955	0.9611994753116274	6.752593910073201	6.752593910073201	[3, 17, 33, 7, 34, 88]	31
131	0.8716402636829393	0.9620617091935912	6.752593910073201	7.528124972090727	[140, 6, 8, 34, 7, 88]	33
132	0.8736211238112891	0.9630733969484289	6.752593910073201	7.528124972090728	[13, 18, 17, 1, 34, 88]	31
133	0.8755714151104975	0.9637572229308653	6.752593910073201	7.91589050309949	[3, 17, 11, 4, 7, 88]	33
134	0.8774916093217553	0.9644283854691826	6.752593910073201	7.528124972090727	[3, 24, 27, 33, 7, 88]	34
135	0.8793821709062961	0.9652188657920897	6.752593910073201	7.140359441081964	[119, 6, 33, 7, 34, 88]	32
136	0.8812435571577422	0.9658629608700139	6.752593910073201	7.528124972090727	[3, 61, 27, 33, 7, 88]	34
137	0.8830762183127152	0.96649512826131	6.752593910073201	7.528124972090727	[3, 17, 33, 27, 5, 88]	32
138	0.8848805976597413	0.9671155888490635	6.752593910073201	7.140359441081964	[3, 37, 7, 68, 34, 88]	26
139	0.8866571316464736	0.9679925064797551	6.752593910073201	7.528124972090727	[3, 5, 32, 68, 33, 88]	27
140	0.8884062499852626	0.9687037841135383	6.752593910073201	7.91589050309949	[140, 147, 33, 27, 5, 88]	26
141	0.890128375757095	0.9695383498705107	6.752593910073201	7.140359441081964	[3, 4, 7, 67, 34, 88]	27
142	0.89182392551393	0.9703506605406303	6.752593910073201	7.140359441081964	[3, 68, 33, 27, 34, 88]	26
143	0.8934933093794557	0.9710095347508386	6.752593910073201	7.140359441081964	[123, 3, 17, 7, 34, 88]	27
144	0.8951369311482913	0.9717826138241495	6.752593910073201	7.528124972090727	[3, 17, 48, 40, 5, 88]	26
145	0.8967551883836571	0.9724096668502795	6.752593910073201	7.140359441081964	[140, 6, 33, 7, 34, 88]	27
146	0.898348472513539	0.9732925575110706	6.752593910073201	7.528124972090728	[140, 147, 7, 1, 34, 88]	27
147	0.8999171689253671	0.9737871397793841	6.752593910073201	6.752593910073201	[3, 5, 67, 7, 34, 88]	26
148	0.9014616570592349	0.974272563116803	6.752593910073201	6.752593910073201	[3, 5, 67, 7, 34, 88]	27
149	0.9029823104996788	0.9751301443462428	6.752593910073201	7.528124972090727	[144, 43, 17, 3, 5, 88]	26
150	0.9044794970660417	0.9755906972287198	6.752593910073201	6.752593910073201	[3, 68, 67, 33, 34, 88]	26
151	0.9059535789014423	0.9760427213541139	6.752593910073201	7.140359441081964	[3, 17, 1, 34, 33, 88]	27
152	0.9074049125603707	0.9764863746623711	6.752593910073201	7.528124972090727	[3, 17, 1, 33, 7, 88]	26
153	0.9088338490949328	0.9770088996698739	6.752593910073201	7.528124972090727	[0, 1, 17, 3, 5, 88]	27
154	0.9102407341397641	0.977744614880438	6.752593910073201	7.528124972090727	[3, 17, 80, 29, 34, 88]	26
155	0.9116259079956319	0.978239178994206	6.752593910073201	7.140359441081964	[119, 6, 67, 7, 34, 88]	26
156	0.9129897057117488	0.9786421571609799	6.752593910073201	6.752593910073201	[3, 17, 33, 7, 34, 88]	27
157	0.9143324571668143	0.9792116996366872	6.752593910073201	6.752593910073201	[3, 68, 67, 7, 34, 88]	27
158	0.9156544871488079	0.9798769252483132	6.752593910073201	7.915890503099491	[123, 6, 1, 68, 7, 88]	26
159	0.9169561154335486	0.9803241046872395	6.752593910073201	7.91589050309949	[119, 17, 48, 6, 5, 88]	26
160	0.9182376568620432	0.9806884731189573	6.752593910073201	7.91589050309949	[3, 17, 11, 4, 5, 88]	27
161	0.9194994214166413	0.9811176181607583	6.752593910073201	7.528124972090727	[119, 6, 1, 34, 33, 88]	26
162	0.9207417142960141	0.9816211483431381	6.752593910073201	7.915890503099491	[13, 135, 5, 4, 34, 88]	27
163	0.9219648359889768	0.9819614974478947	6.752593910073201	7.140359441081964	[3, 5, 6, 8, 34, 88]	26
164	0.9231690823471717	0.9822955437914522	6.752593910073201	7.528124972090727	[3, 52, 68, 33, 7, 88]	27
165	0.9243547446566289	0.9826234040916105	6.752593910073201	6.752593910073201	[3, 17, 68, 33, 34, 88]	26
166	0.9255221097082241	0.9832906653744927	6.752593910073201	7.528124972090727	[3, 61, 27, 33, 68, 88]	26
167	0.9266714598670478	0.9836619839217262	6.752593910073201	7.140359441081964	[13, 34, 68, 67, 7, 88]	26
168	0.9278030731407044	0.9840250509456878	6.752593910073201	7.528124972090727	[119, 6, 17, 3, 5, 88]	27
169	0.9289172232465578	0.9844510495871361	6.752593910073201	7.528124972090727	[3, 98, 34, 67, 68, 88]	26
170	0.9300141796779381	0.9848656882648126	6.752593910073201	7.528124972090727	[144, 43, 8, 34, 68, 88]	26
171	0.9310942077693279	0.9852692699110842	6.752593910073201	7.140359441081964	[3, 17, 52, 68, 34, 88]	27
172	0.932157568760542	0.985662089380122	6.752593910073201	6.752593910073201	[3, 17, 7, 67, 34, 88]	26
173	0.9332045198599164	0.9859807096161193	6.752593910073201	7.915890503099491	[140, 57, 1, 68, 7, 88]	26
174	0.9342353143065225	0.9862922494024277	6.752593910073201	7.915890503099491	[140, 6, 1, 67, 7, 88]	27
175	0.9352502014314219	0.9865460966357161	6.752593910073201	6.752593910073201	[3, 17, 33, 7, 34, 88]	26
176	0.936249426717974	0.986795242994314	6.752593910073201	7.528124972090727	[13, 34, 1, 33, 7, 88]	27
177	0.9372332318612151	0.9872177952184958	6.752593910073201	7.140359441081964	[123, 6, 33, 68, 34, 88]	27
178	0.9382018548263199	0.9874545027144497	6.752593910073201	7.140359441081964	[3, 17, 6, 8, 34, 88]	26
179	0.9391555299061606	0.9877332915430175	6.752593910073201	7.140359441081964	[0, 1, 34, 33, 7, 88]	26
180	0.9400944877779791	0.9881258262136409	6.752593910073201	7.528124972090727	[3, 17, 48, 29, 68, 88]	26
181	0.9410189555591831	0.9883896967422267	6.752593910073201	7.140359441081964	[140, 6, 67, 7, 34, 88]	27
182	0.9419291568622822	0.9886477034812883	6.752593910073201	7.140359441081964	[140, 147, 27, 33, 34, 88]	26
183	0.9428253118489753	0.9888579311945978	6.752593910073201	7.140359441081964	[3, 17, 50, 1, 34, 88]	27
184	0.9437076372834047	0.9892144773963706	6.752593910073201	7.528124972090728	[140, 6, 28, 8, 34, 88]	26
185	0.9445763465845868	0.9895020913324674	6.752593910073201	7.140359441081964	[13, 34, 67, 33, 7, 88]	27
186	0.9454316498780345	0.9897820355636016	6.752593910073201	7.140359441081964	[140, 57, 27, 33, 34, 88]	27
187	0.9462737540465833	0.9900545146152389	6.752593910073201	7.528124972090727	[3, 17, 48, 6, 5, 88]	27
188	0.9471028627804323	0.9902386902705123	6.752593910073201	6.752593910073201	[3, 68, 67, 7, 34, 88]	27
189	0.9479191766264133	0.9904989918632986	6.752593910073201	7.528124972090727	[3, 17, 48, 6, 5, 88]	27
190	0.9487228930364995	0.9906749364584226	6.752593910073201	6.752593910073201	[3, 5, 27, 33, 34, 88]	26
191	0.9495142064155659	0.9908476228203038	6.752593910073201	7.140359441081964	[3, 17, 68, 33, 7, 88]	26
192	0.9502933081684121	0.9910510089798525	6.752593910073201	7.140359441081964	[123, 6, 67, 7, 34, 88]	26
193	0.9510603867460601	0.9912167310357812	6.752593910073201	7.528124972090727	[3, 5, 4, 33, 7, 88]	27
194	0.9518156276913369	0.9913793841647482	6.752593910073201	7.528124972090727	[3, 147, 27, 33, 7, 88]	26
195	0.9525592136837545	0.9915390251987344	6.752593910073201	7.91589050309949	[3, 17, 14, 6, 5, 88]	26
196	0.9532913245836966	0.9917270468609847	6.752593910073201	7.528124972090727	[101, 100, 41, 27, 33, 88]	27
197	0.9540121374759235	0.9919476589446918	6.752593910073201	7.140359441081964	[3, 17, 48, 29, 34, 88]	26
198	0.9547218267124061	0.9921623880395	6.752593910073201	7.140359441081964	[140, 57, 27, 33, 34, 88]	27
199	0.9554205639544987	0.9923075290017315	6.752593910073201	7.528124972090727	[3, 17, 7, 67, 5, 88]	26
200	0.9561085182144601	0.9924499821683661	6.752593910073201	7.140359441081964	[3, 5, 6, 1, 34, 88]	26
201	0.9567858558963357	0.9926513159772097	6.752593910073201	7.528124972090727	[3, 17, 48, 29, 7, 88]	26
202	0.9574527408362071	0.9927874027183724	6.752593910073201	7.140359441081964	[3, 17, 4, 7, 34, 88]	26
203	0.9581093343418212	0.9929476826579642	6.752593910073201	7.528124972090727	[119, 6, 17, 3, 5, 88]	27
204	0.9587557952316079	0.9931357444537517	6.752593910073201	7.528124972090727	[3, 5, 12, 4, 34, 88]	27
205	0.9593922798730954	0.9932628602972008	6.752593910073201	7.528124972090727	[3, 6, 48, 17, 34, 88]	26
206	0.9600189422207328	0.9935323458853128	6.752593910073201	7.528124972090727	[0, 1, 34, 33, 38, 88]	27
207	0.960635933853129	0.9936760715323059	6.752593910073201	7.528124972090727	[13, 34, 33, 27, 7, 88]	26
208	0.9612434040097164	0.9938166032760324	6.752593910073201	7.528124972090727	[140, 6, 17, 3, 5, 88]	27
209	0.9618414996268504	0.9939814938553382	6.752593910073201	6.752593910073201	[3, 5, 67, 33, 34, 88]	26
210	0.9624303653733497	0.994092947672832	6.752593910073201	7.528124972090727	[13, 34, 17, 3, 5, 88]	26
211	0.9630101436854893	0.9943197784821952	6.752593910073201	7.140359441081964	[3, 8, 34, 67, 68, 88]	36
212	0.963580974801454	0.9944249677695619	6.752593910073201	7.140359441081964	[3, 17, 1, 34, 7, 88]	35
213	0.9641429967952587	0.994573635295707	6.752593910073201	7.140359441081964	[3, 5, 67, 33, 7, 88]	31
214	0.9646963456101467	0.9946741235309716	6.752593910073201	7.140359441081964	[3, 5, 67, 33, 7, 88]	27
215	0.9652411550914716	0.9948445515779806	6.752593910073201	7.140359441081964	[3, 5, 67, 33, 7, 88]	29
216	0.9657775570190723	0.9950095259274852	6.752593910073201	7.91589050309949	[3, 17, 93, 29, 68, 88]	26
217	0.9663056811391484	0.9951426052360856	6.752593910073201	7.91589050309949	[123, 6, 3, 17, 38, 88]	27
218	0.966825655195643	0.9952325569909729	6.752593910073201	7.140359441081964	[3, 5, 147, 33, 34, 88]	26
219	0.9673376049611423	0.995359688804547	6.752593910073201	7.140359441081964	[3, 5, 67, 68, 7, 88]	26
220	0.9678416542672975	0.9955378767544524	6.752593910073201	7.528124972090727	[101, 100, 33, 67, 68, 88]	27
221	0.9683379250347776	0.9956806646983098	6.752593910073201	7.140359441081964	[0, 1, 34, 68, 7, 88]	26
222	0.9688265373027594	0.9957958469730216	6.752593910073201	7.528124972090728	[13, 14, 6, 8, 34, 88]	26
223	0.9693076092579637	0.9959572864492575	6.752593910073201	7.91589050309949	[3, 98, 7, 67, 5, 88]	26
224	0.969781257263242	0.996032151515012	6.752593910073201	7.140359441081964	[3, 10, 33, 68, 34, 88]	27
225	0.9702475958857228	0.9961591226665316	6.752593910073201	7.528124972090727	[3, 5, 138, 35, 34, 88]	27
226	0.9707067379245234	0.9962615460620908	6.752593910073201	7.91589050309949	[3, 17, 61, 27, 5, 88]	27
227	0.9711587944380339	0.9963307766905706	6.752593910073201	6.752593910073201	[3, 17, 33, 7, 34, 88]	27
228	0.9716038747707803	0.9964123149863358	6.752593910073201	7.140359441081964	[123, 6, 33, 7, 34, 88]	26
229	0.9720420865798731	0.9964787535976999	6.752593910073201	7.140359441081964	[3, 17, 4, 7, 34, 88]	27
230	0.9724735358610479	0.996557003517751	6.752593910073201	7.140359441081964	[13, 3, 17, 1, 34, 88]	26
231	0.9728983269743033	0.9966488167572776	6.752593910073201	6.752593910073201	[3, 17, 68, 67, 34, 88]	27
232	0.9733165626691443	0.9967232874960048	6.752593910073201	7.140359441081964	[3, 5, 2, 7, 34, 88]	26
233	0.9737283441094353	0.9968491132561582	6.752593910073201	7.528124972090727	[0, 1, 68, 67, 7, 88]	27
234	0.97413377089787	0.9969499416319612	6.752593910073201	7.140359441081964	[3, 5, 67, 68, 33, 88]	26
235	0.9745329411000634	0.9969970104339371	6.752593910073201	6.752593910073201	[3, 5, 27, 33, 34, 88]	27
236	0.9749259512682722	0.9970526213518272	6.752593910073201	6.752593910073201	[3, 5, 67, 7, 34, 88]	26
237	0.9753128964647495	0.9971072024379044	6.752593910073201	6.752593910073201	[3, 68, 67, 33, 34, 88]	27
238	0.975693870284738	0.9971714868281731	6.752593910073201	7.140359441081964	[140, 6, 67, 33, 34, 88]	26
239	0.9760689648791093	0.9972238667017255	6.752593910073201	6.752593910073201	[3, 5, 67, 7, 34, 88]	26
240	0.9764382709766539	0.9972855585527983	6.752593910073201	7.528124972090727	[13, 3, 17, 68, 33, 88]	26
241	0.9768018779060265	0.9973358259870058	6.752593910073201	6.752593910073201	[3, 68, 67, 33, 34, 88]	26
242	0.9771598736173532	0.9974068706273522	6.752593910073201	7.140359441081964	[3, 17, 68, 67, 7, 88]	26
243	0.9775123447035052	0.9974898507672769	6.752593910073201	7.140359441081964	[0, 1, 34, 67, 33, 88]	26
244	0.9778593764210437	0.9975363350123274	6.752593910073201	7.140359441081964	[3, 17, 6, 1, 34, 88]	27
245	0.9782010527108425	0.997581958438025	6.752593910073201	7.528124972090728	[101, 100, 33, 1, 34, 88]	26
246	0.9785374562183912	0.9976593357680082	6.752593910073201	7.140359441081964	[13, 34, 68, 67, 7, 88]	27
247	0.9788686683137864	0.997734237023432	6.752593910073201	7.140359441081964	[13, 34, 67, 33, 7, 88]	26
248	0.9791947691114131	0.9977946573694738	6.752593910073201	7.140359441081964	[3, 5, 27, 33, 7, 88]	26
249	0.9795158374893234	0.9978286904347596	6.752593910073201	6.752593910073201	[3, 5, 67, 68, 34, 88]	26
250	0.9798319511083153	0.9978865920231661	6.752593910073201	7.140359441081964	[0, 1, 34, 67, 7, 88]	27
251	0.9801431864307178	0.9979257292079222	6.752593910073201	7.140359441081964	[0, 1, 34, 68, 33, 88]	28
252	0.9804496187388858	0.997981043095711	6.752593910073201	7.915890503099491	[13, 14, 6, 33, 7, 88]	27
253	0.9807513221534092	0.9980259088046952	6.752593910073201	7.528124972090727	[119, 6, 1, 34, 33, 88]	27
254	0.9810483696510417	0.9980624660490527	6.752593910073201	6.752593910073201	[3, 17, 7, 67, 34, 88]	26
255	0.9813408330823528	0.9981554676786982	6.752593910073201	7.140359441081964	[101, 100, 33, 67, 34, 88]	26
256	0.9816287831891066	0.9982144927129798	6.752593910073201	7.528124972090727	[123, 3, 17, 33, 7, 88]	26
257	0.9819122896213734	0.9982475576627394	6.752593910073201	7.140359441081964	[3, 37, 27, 33, 34, 88]	27
258	0.982191420954377	0.9982800102986147	6.752593910073201	7.140359441081964	[3, 17, 1, 34, 33, 88]	27
259	0.982466244705081	0.998335049969059	6.752593910073201	7.915890503099491	[13, 12, 5, 35, 34, 88]	27
260	0.9827368273485212	0.9983658823770394	6.752593910073201	7.528124972090727	[3, 5, 99, 29, 34, 88]	26
261	0.9830032343338835	0.9984021961019941	6.752593910073201	7.528124972090727	[140, 6, 1, 34, 33, 88]	27
262	0.9832655301003359	0.9984377028552831	6.752593910073201	7.140359441081964	[3, 5, 67, 33, 7, 88]	27
263	0.9835237780926147	0.9984793641124755	6.752593910073201	7.528124972090727	[3, 8, 34, 1, 7, 88]	27
264	0.9837780407763707	0.9985075240363186	6.752593910073201	7.140359441081964	[3, 5, 2, 7, 34, 88]	27
265	0.9840283796532785	0.9985406901688448	6.752593910073201	7.528124972090728	[119, 6, 37, 1, 34, 88]	26
266	0.9842748552759131	0.9985873880834418	6.752593910073201	7.140359441081964	[3, 5, 104, 33, 34, 88]	27
267	0.9845175272623958	0.9986135475633781	6.752593910073201	7.91589050309949	[3, 17, 4, 12, 5, 88]	26
268	0.9847564543108157	0.9986505196283546	6.752593910073201	7.140359441081964	[3, 5, 67, 68, 7, 88]	26
269	0.9849916942134266	0.9986755100056074	6.752593910073201	7.140359441081964	[3, 17, 65, 1, 34, 88]	26
270	0.9852233038706267	0.9987000375980961	6.752593910073201	7.140359441081964	[3, 17, 1, 34, 33, 88]	26
271	0.9854513393047221	0.9987499561543292	6.752593910073201	7.528124972090727	[119, 17, 68, 67, 7, 88]	27
272	0.9856758556734764	0.9987731051144342	6.752593910073201	7.528124972090727	[3, 6, 67, 33, 7, 88]	26
273	0.9858969072834536	0.9987958253900928	6.752593910073201	7.140359441081964	[3, 17, 1, 34, 7, 88]	26
274	0.9861145476031533	0.9988343589776099	6.752593910073201	7.528124972090727	[0, 1, 34, 8, 7, 88]	26
275	0.9863288292759441	0.9988667378948984	6.752593910073201	8.303656034108254	[21, 20, 89, 26, 5, 88]	26
276	0.9865398041327968	0.9988969582177012	6.752593910073201	7.140359441081964	[3, 17, 4, 7, 34, 88]	27
277	0.9867475232048216	0.9989393150221415	6.752593910073201	7.91589050309949	[3, 98, 7, 67, 5, 88]	27
278	0.9869520367356114	0.9989675999548844	6.752593910073201	7.528124972090727	[3, 17, 61, 10, 34, 88]	26
279	0.9871533941933952	0.9990020132897216	6.752593910073201	7.140359441081964	[101, 100, 33, 7, 34, 88]	27
280	0.9873516442830033	0.9990204945250971	6.752593910073201	6.752593910073201	[3, 68, 33, 7, 34, 88]	26
281	0.9875468349576483	0.999051838700294	6.752593910073201	7.528124972090727	[140, 57, 41, 27, 33, 88]	27
282	0.9877390134305241	0.9990771230016194	6.752593910073201	7.140359441081964	[3, 43, 27, 33, 34, 88]	26
283	0.9879282261862259	0.9990942133164042	6.752593910073201	7.528124972090727	[3, 17, 1, 68, 7, 88]	27
284	0.988114518991994	0.9991289955250544	6.752593910073201	7.140359441081964	[123, 6, 67, 33, 34, 88]	26
285	0.9882979369087842	0.9991451252375534	6.752593910073201	7.140359441081964	[3, 17, 1, 34, 7, 88]	29
286	0.9884785243021672	0.9991641224544966	6.752593910073201	7.528124972090727	[140, 6, 17, 3, 34, 88]	26
287	0.9886563248530597	0.9991919850393467	6.752593910073201	7.528124972090727	[101, 100, 27, 33, 7, 88]	26
288	0.9888313815682902	0.9992135321049641	6.752593910073201	7.140359441081964	[3, 2, 7, 33, 34, 88]	27
289	0.9890037367910018	0.9992386990776053	6.752593910073201	7.528124972090727	[123, 6, 8, 34, 7, 88]	26
290	0.9891734322108937	0.9992590004355358	6.752593910073201	7.140359441081964	[3, 5, 30, 7, 34, 88]	27
291	0.9893405088743059	0.9992754670925239	6.752593910073201	7.140359441081964	[0, 1, 34, 68, 7, 88]	27
292	0.9895050071941468	0.9992947879700567	6.752593910073201	7.140359441081964	[3, 4, 33, 68, 34, 88]	26
293	0.9896669669596693	0.9993104593484998	6.752593910073201	7.140359441081964	[140, 147, 33, 7, 34, 88]	27
294	0.9898264273460942	0.9993232286198239	6.752593910073201	7.140359441081964	[3, 5, 27, 33, 7, 88]	27
295	0.9899834269240865	0.9993412758566286	6.752593910073201	7.140359441081964	[13, 34, 68, 33, 7, 88]	26
296	0.9901380036690851	0.9993534744518762	6.752593910073201	6.752593910073201	[3, 5, 27, 33, 34, 88]	27
297	0.9902901949704882	0.9993678416862789	6.752593910073201	7.140359441081964	[13, 3, 17, 7, 34, 88]	27
298	0.9904400376406967	0.999381889648806	6.752593910073201	7.140359441081964	[3, 6, 67, 7, 34, 88]	27
299	0.9905875679240193	0.9993933361367912	6.752593910073201	7.140359441081964	[0, 1, 34, 33, 7, 88]	26
300	0.9907328215054387	0.9994135582655648	6.752593910073201	7.915890503099491	[101, 100, 37, 27, 33, 88]	26
301	0.9908758335192437	0.9994291967118164	6.752593910073201	7.528124972090727	[119, 17, 3, 4, 34, 88]	26
302	0.991016638557527	0.9994482234880891	6.752593910073201	7.528124972090728	[21, 20, 5, 8, 34, 88]	26
303	0.9911552706785528	0.9994658803364703	6.752593910073201	7.91589050309949	[13, 34, 7, 2, 5, 88]	27
304	0.9912917634149948	0.9994863905315499	6.752593910073201	7.528124972090727	[3, 52, 68, 67, 7, 88]	26
305	0.9914261497820474	0.9995035108471648	6.752593910073201	7.528124972090727	[0, 1, 34, 8, 7, 88]	27
306	0.9915584622854109	0.99951454393945	6.752593910073201	7.140359441081964	[123, 3, 17, 33, 34, 88]	26
307	0.9916887329291545	0.9995378458303564	6.752593910073201	7.528124972090727	[0, 1, 34, 8, 38, 88]	27
308	0.9918169932234577	0.9995481159230152	6.752593910073201	7.140359441081964	[119, 6, 33, 7, 34, 88]	27
309	0.9919432741922315	0.9995581577913927	6.752593910073201	7.528124972090728	[13, 14, 6, 1, 34, 88]	26
310	0.992067606380623	0.9995679765071395	6.752593910073201	7.140359441081964	[140, 6, 33, 7, 34, 88]	27
311	0.9921900198624035	0.999577577029203	6.752593910073201	7.528124972090727	[123, 6, 17, 3, 5, 88]	27
312	0.992310544247243	0.9995888416417577	6.752593910073201	7.140359441081964	[3, 8, 34, 67, 7, 88]	26
313	0.9924292086878719	0.9995964556854288	6.752593910073201	6.752593910073201	[3, 17, 33, 7, 34, 88]	26
314	0.9925460418871331	0.9996039287282912	6.752593910073201	7.528124972090727	[13, 14, 17, 3, 34, 88]	27
315	0.9926610721049243	0.999611263381471	6.752593910073201	7.140359441081964	[3, 5, 30, 7, 34, 88]	26
316	0.9927743271650334	0.9996184622077401	6.752593910073201	7.528124972090727	[3, 5, 27, 41, 33, 88]	27
317	0.9928858344618694	0.9996269408253459	6.752593910073201	7.140359441081964	[0, 1, 34, 33, 7, 88]	27
318	0.9929956209670875	0.9996388787189348	6.752593910073201	7.528124972090727	[123, 6, 33, 68, 7, 88]	27
319	0.9931037132361139	0.9996485086197632	6.752593910073201	6.752593910073201	[3, 68, 67, 7, 34, 88]	27
320	0.9932101374145689	0.999656319539324	6.752593910073201	6.752593910073201	[3, 68, 67, 7, 34, 88]	27
321	0.993314919244591	0.9996654843516087	6.752593910073201	7.528124972090727	[3, 17, 48, 6, 5, 88]	27
322	0.9934180840710634	0.9996716790858382	6.752593910073201	7.140359441081964	[3, 5, 4, 7, 34, 88]	27
323	0.9935196568477445	0.9996789751061529	6.752593910073201	7.91589050309949	[13, 3, 5, 147, 38, 88]	26
324	0.993619662143304	0.9996849200115945	6.752593910073201	7.140359441081964	[3, 5, 8, 34, 7, 88]	27
325	0.9937181241472653	0.9996933221446186	6.752593910073201	7.91589050309949	[3, 24, 27, 41, 33, 88]	26
326	0.993815066675857	0.9997001372080716	6.752593910073201	7.140359441081964	[144, 43, 7, 33, 34, 88]	27
327	0.9939105131777727	0.9997081335491896	6.752593910073201	7.140359441081964	[3, 17, 30, 7, 34, 88]	27
328	0.9940044867398441	0.9997135384834639	6.752593910073201	7.140359441081964	[3, 17, 29, 1, 34, 88]	27
329	0.9940970100926243	0.999722705251993	6.752593910073201	7.91589050309949	[13, 3, 5, 30, 7, 88]	27
330	0.9941881056158863	0.9997300997786066	6.752593910073201	7.140359441081964	[3, 17, 48, 29, 34, 88]	27
331	0.9942777953440362	0.9997387365856912	6.752593910073201	7.140359441081964	[0, 1, 34, 67, 7, 88]	27
332	0.9943661009714431	0.9997457036100728	6.752593910073201	7.140359441081964	[3, 17, 65, 1, 34, 88]	26
333	0.9944530438576862	0.9997538410945505	6.752593910073201	7.140359441081964	[140, 6, 33, 7, 34, 88]	26
334	0.9945386450327219	0.9997617181795249	6.752593910073201	7.140359441081964	[140, 6, 33, 68, 34, 88]	27
335	0.99462292520197	0.999767013331091	6.752593910073201	7.528124972090727	[140, 6, 33, 27, 34, 88]	26
336	0.9947059047513224	0.9997713278990337	6.752593910073201	7.528124972090727	[3, 17, 48, 29, 7, 88]	27
337	0.9947876037520735	0.9997789503023993	6.752593910073201	7.140359441081964	[144, 43, 7, 33, 34, 88]	26
338	0.994868041965776	0.9997830438153178	6.752593910073201	6.752593910073201	[3, 68, 33, 7, 34, 88]	27
339	0.9949472388490203	0.9997870615224415	6.752593910073201	7.140359441081964	[3, 68, 67, 33, 7, 88]	26
340	0.9950252135581403	0.999792739881843	6.752593910073201	6.752593910073201	[3, 68, 33, 7, 34, 88]	27
341	0.995101984953848	0.9997982668183273	6.752593910073201	6.752593910073201	[3, 68, 67, 33, 34, 88]	26
342	0.9951775716057949	0.9998036463698385	6.752593910073201	7.140359441081964	[3, 5, 2, 7, 34, 88]	26
343	0.9952519917970635	0.9998099296860037	6.752593910073201	7.140359441081964	[119, 6, 67, 7, 34, 88]	26
344	0.9953252635285903	0.9998134495066332	6.752593910073201	6.752593910073201	[3, 17, 33, 7, 34, 88]	27
345	0.9953974045235194	0.9998169041453993	6.752593910073201	7.528124972090728	[123, 6, 28, 8, 34, 88]	26
346	0.9954684322314897	0.9998227632127465	6.752593910073201	7.528124972090728	[123, 6, 52, 68, 34, 88]	27
347	0.9955383638328557	0.9998284347899387	6.752593910073201	7.140359441081964	[123, 3, 68, 7, 34, 88]	26
348	0.9956072162428424	0.9998339248766606	6.752593910073201	7.140359441081964	[140, 147, 33, 7, 34, 88]	26
349	0.9956750061156381	0.9998383535466163	6.752593910073201	7.140359441081964	[3, 43, 7, 68, 34, 88]	26
350	0.9957417498484215	0.9998426641187066	6.752593910073201	7.140359441081964	[3, 5, 67, 33, 7, 88]	27
351	0.9958074635853286	0.9998476988669079	6.752593910073201	7.528124972090727	[119, 6, 48, 17, 34, 88]	26
352	0.9958721632213574	0.9998525725031668	6.752593910073201	7.528124972090727	[140, 57, 27, 33, 7, 88]	27
353	0.9959358644062131	0.9998553026419972	6.752593910073201	7.140359441081964	[3, 4, 33, 7, 34, 88]	26
354	0.9959985825480925	0.9998579822227008	6.752593910073201	6.752593910073201	[3, 5, 67, 7, 34, 88]	26
355	0.996060332817412	0.9998606121815398	6.752593910073201	7.140359441081964	[3, 5, 4, 33, 34, 88]	26
356	0.9961211301504767	0.9998650725917305	6.752593910073201	7.140359441081964	[123, 6, 33, 68, 34, 88]	27
357	0.9961809892530927	0.9998675712474392	6.752593910073201	6.752593910073201	[3, 68, 67, 33, 34, 88]	26
358	0.9962399246041252	0.9998700236317458	6.752593910073201	6.752593910073201	[3, 17, 68, 7, 34, 88]	27
359	0.9962979504589998	0.9998724306015283	6.752593910073201	7.91589050309949	[3, 17, 89, 26, 5, 88]	27
360	0.9963550808531512	0.9998758324521543	6.752593910073201	7.140359441081964	[3, 17, 65, 1, 34, 88]	27
361	0.9964113296054173	0.9998799713704157	6.752593910073201	7.140359441081964	[144, 43, 67, 7, 34, 88]	27
362	0.9964667103213831	0.9998821941228155	6.752593910073201	6.752593910073201	[3, 5, 27, 33, 34, 88]	27
363	0.9965212363966703	0.9998843757131337	6.752593910073201	6.752593910073201	[3, 17, 68, 33, 34, 88]	26
364	0.9965749210201785	0.9998869451417307	6.752593910073201	7.140359441081964	[13, 3, 68, 7, 34, 88]	27
365	0.9966277771772746	0.9998899599379513	6.752593910073201	7.528124972090727	[3, 5, 30, 27, 34, 88]	26
366	0.9966798176529339	0.9998941854763339	6.752593910073201	7.528124972090728	[140, 6, 30, 7, 34, 88]	27
367	0.9967310550348331	0.9998965369101932	6.752593910073201	7.140359441081964	[0, 1, 34, 33, 7, 88]	26
368	0.9967815017163943	0.9998984528933378	6.752593910073201	7.140359441081964	[3, 68, 67, 33, 7, 88]	27
369	0.9968311698997833	0.9999017024007509	6.752593910073201	7.91589050309949	[144, 43, 7, 67, 5, 88]	26
370	0.9968800715988607	0.9999048479239269	6.752593910073201	7.140359441081964	[119, 17, 68, 33, 34, 88]	26
371	0.9969282186420881	0.9999073853126222	6.752593910073201	7.140359441081964	[3, 34, 67, 33, 7, 88]	26
372	0.9969756226753893	0.9999109417166175	6.752593910073201	7.140359441081964	[3, 2, 7, 67, 34, 88]	26
373	0.9970222951649665	0.9999133166041744	6.752593910073201	7.528124972090727	[13, 12, 8, 34, 68, 88]	27
374	0.9970682474000752	0.9999152429018594	6.752593910073201	7.528124972090728	[0, 1, 50, 33, 34, 88]	26
375	0.9971134904957529	0.9999171263929292	6.752593910073201	7.140359441081964	[0, 1, 34, 67, 33, 88]	26
376	0.9971580353955098	0.9999193363557844	6.752593910073201	7.91589050309949	[3, 68, 33, 104, 38, 88]	27
377	0.9972018928739742	0.9999214873862968	6.752593910073201	7.140359441081964	[3, 5, 32, 68, 34, 88]	26
378	0.9972450735394993	0.9999235810559955	6.752593910073201	7.528124972090728	[3, 6, 2, 8, 34, 88]	26
379	0.9972875878367292	0.9999252792547512	6.752593910073201	7.140359441081964	[0, 1, 34, 67, 7, 88]	27
380	0.9973294460491254	0.9999277699462595	6.752593910073201	7.528124972090727	[144, 43, 27, 33, 7, 88]	27
381	0.9973706583014538	0.9999296960810259	6.752593910073201	7.528124972090727	[3, 17, 48, 29, 7, 88]	27
382	0.9974112345622338	0.9999312583903365	6.752593910073201	7.140359441081964	[0, 1, 34, 67, 7, 88]	26
383	0.9974511846461499	0.9999330914999275	6.752593910073201	7.915890503099491	[3, 6, 30, 27, 33, 88]	26
384	0.9974905182164254	0.9999343305462252	6.752593910073201	7.140359441081964	[3, 68, 67, 33, 7, 88]	27
385	0.9975292447871595	0.9999360817316592	6.752593910073201	7.528124972090727	[3, 24, 27, 33, 7, 88]	26
386	0.9975673737256293	0.9999375021376222	6.752593910073201	7.528124972090727	[123, 6, 5, 3, 34, 88]	27
387	0.9976049142545548	0.9999391687472856	6.752593910073201	7.528124972090727	[13, 34, 33, 67, 5, 88]	26
388	0.9976418754543301	0.9999407909140247	6.752593910073201	7.140359441081964	[3, 17, 68, 67, 33, 88]	27
389	0.9976782662652202	0.999942369822984	6.752593910073201	7.140359441081964	[3, 37, 7, 68, 34, 88]	27
390	0.9977140954895223	0.9999436504935844	6.752593910073201	7.140359441081964	[3, 17, 65, 1, 34, 88]	27
391	0.9977493717936964	0.9999451531470889	6.752593910073201	7.528124972090727	[3, 104, 33, 68, 7, 88]	27
392	0.9977841037104603	0.9999484439582635	6.752593910073201	7.528124972090728	[123, 6, 76, 1, 34, 88]	27
393	0.9978182996408544	0.9999493986997772	6.752593910073201	6.752593910073201	[3, 17, 68, 7, 34, 88]	26
394	0.9978519678562733	0.9999503357608923	6.752593910073201	7.91589050309949	[3, 17, 11, 4, 7, 88]	27
395	0.9978851165004666	0.999951255469024	6.752593910073201	7.140359441081964	[3, 8, 34, 33, 7, 88]	26
396	0.9979177535915088	0.9999525553231834	6.752593910073201	7.140359441081964	[3, 17, 61, 8, 34, 88]	26
397	0.9979498870237387	0.9999534339283096	6.752593910073201	7.528124972090727	[3, 37, 41, 27, 33, 88]	27
398	0.9979815245696686	0.999954152540527	6.752593910073201	7.140359441081964	[3, 17, 68, 33, 7, 88]	26
399	0.9980126738818651	0.9999551713729598	6.752593910073201	7.528124972090728	[144, 43, 6, 33, 34, 88]	26
400	0.9980433424947992	0.9999560015327198	6.752593910073201	7.140359441081964	[3, 5, 27, 33, 7, 88]	26
401	0.9980735378266696	0.9999568163191509	6.752593910073201	6.752593910073201	[3, 17, 68, 7, 34, 88]	26
402	0.9981032671811964	0.999957775956503	6.752593910073201	7.140359441081964	[3, 8, 34, 68, 7, 88]	26
403	0.9981325377493877	0.9999585578832345	6.752593910073201	7.140359441081964	[13, 3, 17, 1, 34, 88]	26
404	0.9981613566112799	0.9999596630063483	6.752593910073201	6.752593910073201	[3, 17, 33, 67, 34, 88]	26
405	0.998189730737649	0.9999604099877122	6.752593910073201	7.528124972090728	[3, 56, 29, 1, 34, 88]	27
406	0.9982176669916977	0.9999611431360879	6.752593910073201	7.140359441081964	[3, 5, 27, 33, 7, 88]	26
407	0.9982451721307147	0.9999626352396621	6.752593910073201	7.528124972090728	[119, 6, 139, 1, 34, 88]	27
408	0.9982722528077098	0.9999638309119929	6.752593910073201	7.140359441081964	[123, 6, 33, 68, 34, 88]	29
409	0.998298915573023	0.9999647954210065	6.752593910073201	7.528124972090727	[13, 135, 5, 3, 34, 88]	26
410	0.9983251668759084	0.9999659219675342	6.752593910073201	7.91589050309949	[119, 17, 3, 2, 5, 88]	27
411	0.998351013066095	0.9999666792571446	6.752593910073201	7.528124972090727	[13, 14, 5, 3, 34, 88]	26
412	0.9983764603953219	0.9999679587736703	6.752593910073201	7.91589050309949	[140, 147, 7, 67, 5, 88]	26
413	0.9984015150188509	0.999968670800922	6.752593910073201	7.140359441081964	[119, 6, 33, 7, 34, 88]	27
414	0.9984261829969551	0.9999695062462307	6.752593910073201	7.140359441081964	[13, 34, 67, 33, 7, 88]	26
415	0.9984504702963848	0.9999700709453746	6.752593910073201	7.91589050309949	[3, 17, 18, 14, 5, 88]	26
416	0.9984743827918109	0.9999705328135016	6.752593910073201	7.140359441081964	[3, 17, 37, 7, 34, 88]	27
417	0.998497926267246	0.9999710785021404	6.752593910073201	7.140359441081964	[3, 17, 1, 34, 7, 88]	27
418	0.9985211064174427	0.9999717212020929	6.752593910073201	7.140359441081964	[119, 6, 33, 7, 34, 88]	27
419	0.9985439288492723	0.9999723496198242	6.752593910073201	7.140359441081964	[123, 6, 67, 7, 34, 88]	26
420	0.9985663990830799	0.9999730869632955	6.752593910073201	7.140359441081964	[3, 5, 37, 33, 34, 88]	27
421	0.99858852255402	0.99997394818047	6.752593910073201	8.303656034108254	[140, 6, 48, 40, 5, 88]	27
422	0.9986103046133715	0.999974527109793	6.752593910073201	7.140359441081964	[0, 1, 34, 33, 7, 88]	26
423	0.9986317505298319	0.999974998829982	6.752593910073201	6.752593910073201	[3, 17, 68, 33, 34, 88]	27
424	0.9986528654907912	0.9999754618146119	6.752593910073201	7.140359441081964	[3, 17, 61, 8, 34, 88]	26
425	0.9986736546035877	0.9999760071076205	6.752593910073201	7.140359441081964	[0, 1, 34, 33, 7, 88]	26
426	0.9986941228967422	0.9999765402830068	6.752593910073201	7.140359441081964	[3, 5, 8, 34, 7, 88]	27
427	0.9987142753211752	0.9999770616100511	6.752593910073201	7.528124972090727	[119, 6, 48, 17, 34, 88]	26
428	0.998734116751404	0.9999777956385294	6.752593910073201	7.91589050309949	[144, 43, 27, 41, 33, 88]	27
429	0.9987536519867218	0.9999782890687843	6.752593910073201	7.528124972090728	[0, 1, 29, 33, 34, 88]	26
430	0.9987728857523588	0.99997886802695	6.752593910073201	6.752593910073201	[3, 5, 67, 7, 34, 88]	27
431	0.9987918227006248	0.9999793376263512	6.752593910073201	7.140359441081964	[13, 34, 67, 33, 7, 88]	26
432	0.9988104674120349	0.99997979679021	6.752593910073201	7.528124972090727	[13, 14, 17, 3, 5, 88]	27
433	0.9988288243964172	0.9999801709237246	6.752593910073201	6.752593910073201	[3, 17, 33, 67, 34, 88]	26
434	0.9988468980940033	0.9999805381288409	6.752593910073201	7.140359441081964	[3, 17, 6, 1, 34, 88]	26
435	0.9988646928765033	0.9999811609087179	6.752593910073201	7.91589050309949	[13, 14, 19, 26, 5, 88]	28
436	0.9988822130481622	0.9999814516354353	6.752593910073201	7.140359441081964	[3, 17, 68, 33, 7, 88]	26
437	0.9988994628468016	0.9999821638926345	6.752593910073201	7.140359441081964	[119, 6, 67, 68, 34, 88]	27
438	0.9989164464448448	0.9999824941909191	6.752593910073201	7.140359441081964	[3, 10, 33, 7, 34, 88]	26
439	0.9989331679503256	0.9999828832088987	6.752593910073201	6.752593910073201	[3, 5, 67, 7, 34, 88]	26
440	0.9989496314078823	0.9999833396566614	6.752593910073201	6.752593910073201	[3, 5, 27, 33, 34, 88]	27
441	0.9989658407997359	0.9999836481815381	6.752593910073201	7.528124972090727	[3, 5, 6, 4, 34, 88]	26
442	0.9989818000466536	0.9999840115552816	6.752593910073201	7.528124972090727	[123, 3, 8, 34, 7, 88]	26
443	0.9989975130088966	0.9999845445034389	6.752593910073201	7.140359441081964	[0, 1, 34, 33, 7, 88]	27
444	0.9990129834871544	0.9999850390793289	6.752593910073201	7.140359441081964	[0, 1, 34, 67, 7, 88]	27
445	0.9990282152234637	0.9999853161334153	6.752593910073201	6.752593910073201	[3, 68, 67, 7, 34, 88]	27
446	0.999043211902114	0.9999856424415616	6.752593910073201	7.140359441081964	[0, 1, 34, 68, 33, 88]	27
447	0.9990579771505381	0.9999859614984159	6.752593910073201	7.140359441081964	[101, 100, 27, 33, 34, 88]	27
448	0.9990725145401903	0.9999865005768767	6.752593910073201	7.91589050309949	[13, 14, 19, 26, 5, 88]	26
449	0.9990868275874096	0.9999868005640572	6.752593910073201	7.140359441081964	[123, 3, 17, 7, 34, 88]	27
450	0.9991009197542706	0.999987093884856	6.752593910073201	7.528124972090727	[3, 5, 4, 7, 68, 88]	26
451	0.9991147944494208	0.9999875068805405	6.752593910073201	7.140359441081964	[0, 1, 34, 67, 7, 88]	27
452	0.999128455028905	0.9999879066603633	6.752593910073201	7.140359441081964	[123, 3, 68, 7, 34, 88]	26
453	0.9991419047969774	0.9999881306110973	6.752593910073201	7.140359441081964	[3, 8, 34, 68, 33, 88]	27
454	0.9991551470069007	0.9999884471281347	6.752593910073201	7.140359441081964	[3, 17, 50, 67, 34, 88]	26
455	0.9991681848617324	0.9999886610702062	6.752593910073201	7.140359441081964	[3, 17, 6, 1, 34, 88]	27
456	0.9991810215151007	0.9999889634416674	6.752593910073201	7.140359441081964	[13, 98, 7, 33, 34, 88]	26
457	0.9991936600719664	0.9999891678223772	6.752593910073201	7.140359441081964	[3, 17, 6, 1, 34, 88]	26
458	0.9992061035893743	0.9999894566804473	6.752593910073201	7.528124972090727	[3, 4, 33, 67, 7, 88]	27
459	0.9992183550771927	0.9999897940666729	6.752593910073201	7.528124972090728	[123, 6, 28, 8, 34, 88]	26
460	0.999230417498841	0.9999900208651913	6.752593910073201	7.528124972090727	[140, 6, 17, 3, 5, 88]	26
461	0.999242293772007	0.9999901748641853	6.752593910073201	7.140359441081964	[3, 5, 27, 33, 7, 88]	27
462	0.9992539867693525	0.9999903932005367	6.752593910073201	7.140359441081964	[119, 6, 67, 7, 34, 88]	28
463	0.9992654993192083	0.9999905711042305	6.752593910073201	7.140359441081964	[3, 43, 27, 33, 34, 88]	27
464	0.9992768342062575	0.9999907457134114	6.752593910073201	7.528124972090727	[3, 17, 11, 27, 33, 88]	26
465	0.9992879941722103	0.999990992494387	6.752593910073201	7.91589050309949	[123, 6, 17, 3, 68, 88]	27
466	0.9992989819164663	0.9999913383826026	6.752593910073201	8.303656034108254	[119, 6, 10, 2, 5, 88]	26
467	0.9993098000967677	0.9999916155543593	6.752593910073201	7.528124972090727	[3, 17, 48, 49, 33, 88]	26
468	0.9993204513298424	0.9999918838566199	6.752593910073201	7.140359441081964	[119, 17, 68, 7, 34, 88]	27
469	0.9993309381920361	0.999992009105746	6.752593910073201	6.752593910073201	[3, 5, 67, 33, 34, 88]	26
470	0.9993412632199368	0.999992186681174	6.752593910073201	7.140359441081964	[0, 1, 34, 33, 7, 88]	27
471	0.9993514289109872	0.9999923313722633	6.752593910073201	7.140359441081964	[3, 5, 27, 33, 7, 88]	27
472	0.9993614377240893	0.999992501786213	6.752593910073201	7.528124972090727	[119, 6, 17, 3, 34, 88]	27
473	0.9993712920801989	0.999992668413186	6.752593910073201	7.915890503099491	[3, 52, 11, 37, 34, 88]	27
474	0.999380994362912	0.999992903023964	6.752593910073201	7.140359441081964	[123, 6, 67, 7, 34, 88]	27
475	0.9993905469190398	0.9999930344494462	6.752593910073201	6.752593910073201	[3, 17, 68, 7, 34, 88]	26
476	0.9993999520591781	0.9999932201974611	6.752593910073201	7.528124972090728	[13, 14, 6, 1, 34, 88]	26
477	0.9994092120582648	0.9999934009921954	6.752593910073201	7.140359441081964	[3, 17, 33, 67, 7, 88]	26
478	0.9994183291561312	0.9999935769657369	6.752593910073201	7.140359441081964	[140, 147, 7, 68, 34, 88]	27
479	0.9994273055580427	0.9999936959108158	6.752593910073201	7.528124972090727	[13, 3, 17, 33, 7, 88]	26
480	0.9994361434352333	0.9999938360016866	6.752593910073201	7.528124972090727	[119, 6, 17, 3, 5, 88]	26
481	0.9994448449254304	0.9999940332496325	6.752593910073201	7.140359441081964	[123, 6, 67, 68, 34, 88]	26
482	0.9994534121333712	0.9999941923629757	6.752593910073201	7.140359441081964	[3, 5, 4, 7, 34, 88]	26
483	0.9994618471313131	0.9999943472332964	6.752593910073201	7.528124972090727	[3, 17, 48, 41, 33, 88]	26
484	0.9994701519595336	0.9999944519141613	6.752593910073201	6.752593910073201	[3, 5, 27, 33, 34, 88]	26
485	0.9994783286268247	0.9999946649606575	6.752593910073201	7.528124972090727	[140, 57, 27, 33, 7, 88]	27
486	0.9994863791109787	0.9999948356819164	6.752593910073201	7.528124972090727	[3, 5, 32, 68, 7, 88]	27
487	0.999494305359266	0.9999949504445405	6.752593910073201	7.140359441081964	[123, 6, 33, 7, 34, 88]	27
488	0.999502109288907	0.9999950439548267	6.752593910073201	7.140359441081964	[3, 8, 34, 33, 7, 88]	26
489	0.9995097927875349	0.9999951357334411	6.752593910073201	7.528124972090727	[3, 68, 33, 27, 7, 88]	27
490	0.9995173577136532	0.999995265447216	6.752593910073201	7.140359441081964	[3, 5, 6, 1, 34, 88]	26
491	0.9995248058970845	0.9999954169529051	6.752593910073201	7.91589050309949	[3, 14, 19, 26, 5, 88]	26
492	0.9995321391394135	0.9999955018241475	6.752593910073201	6.752593910073201	[3, 5, 27, 33, 34, 88]	27
493	0.9995393592144225	0.9999955851237005	6.752593910073201	7.528124972090727	[3, 5, 37, 27, 33, 88]	26
494	0.999546467868521	0.9999956832320627	6.752593910073201	7.91589050309949	[119, 17, 48, 29, 7, 88]	27
495	0.9995534668211672	0.999995779160239	6.752593910073201	7.528124972090728	[123, 6, 4, 7, 34, 88]	26
496	0.9995603577652851	0.9999958442966551	6.752593910073201	7.140359441081964	[3, 6, 67, 7, 34, 88]	27
497	0.9995671423676726	0.9999960038756636	6.752593910073201	7.528124972090727	[123, 3, 68, 67, 7, 88]	27
498	0.999573822269406	0.9999961104389792	6.752593910073201	7.140359441081964	[3, 17, 48, 29, 34, 88]	28
499	0.9995803990862362	0.9999961824678869	6.752593910073201	7.140359441081964	[3, 17, 68, 33, 7, 88]	26
