0	0.015432098765432056	0.03839999999999999	7.528124972090728	7.528124972090728	[140, 147, 5, 8, 34, 88]	169
1	0.030626047858558048	0.05976888888888887	7.528124972090727	7.528124972090727	[0, 1, 68, 33, 7, 88]	243
2	0.045585522428642	0.08985628444444449	7.528124972090727	7.91589050309949	[123, 3, 17, 30, 7, 88]	142
3	0.06031414090968146	0.1248058031217778	7.140359441081964	7.140359441081964	[3, 43, 67, 68, 34, 88]	28
4	0.07481546589564314	0.15281201742188089	7.140359441081964	7.91589050309949	[101, 100, 26, 19, 5, 88]	33
5	0.08909300500219186	0.1754036969572974	7.140359441081964	7.140359441081964	[3, 8, 34, 67, 7, 88]	28
6	0.10315021171512095	0.2070681949941372	7.140359441081964	7.140359441081964	[13, 98, 7, 68, 34, 88]	28
7	0.11699048622569008	0.21930479692324	6.752593910073201	6.752593910073201	[3, 68, 33, 7, 34, 88]	27
8	0.13061717625307134	0.23665357921383467	6.752593910073201	7.140359441081964	[119, 6, 33, 7, 34, 88]	34
9	0.1440335778541042	0.2732942074115706	6.752593910073201	7.915890503099491	[144, 43, 17, 68, 7, 88]	27
10	0.1572429362205532	0.28675172208913413	6.752593910073201	7.140359441081964	[13, 3, 17, 33, 34, 88]	28
11	0.17024844646406312	0.3026016838204867	6.752593910073201	7.528124972090727	[101, 100, 27, 33, 68, 88]	33
12	0.18305325438900033	0.31551646745344064	6.752593910073201	6.752593910073201	[3, 17, 68, 33, 34, 88]	27
13	0.19566045725336756	0.3337693616546822	6.752593910073201	6.752593910073201	[3, 5, 67, 33, 34, 88]	42
14	0.208073104517976	0.35508874208173236	6.752593910073201	7.140359441081964	[3, 5, 52, 68, 34, 88]	32
15	0.22029419858405663	0.36703154315429287	6.752593910073201	7.140359441081964	[3, 17, 37, 1, 34, 88]	33
16	0.2323266955194878	0.3787531812440281	6.752593910073201	7.528124972090727	[3, 5, 6, 4, 34, 88]	35
17	0.2441735057738167	0.3902577519617313	6.752593910073201	7.140359441081964	[3, 17, 29, 7, 34, 88]	31
18	0.2558374948822454	0.40976950389895594	6.752593910073201	7.140359441081964	[119, 6, 67, 7, 34, 88]	27
19	0.2673214841587539	0.4286568797741894	6.752593910073201	7.528124972090728	[119, 6, 76, 1, 34, 88]	26
20	0.2786282513785262	0.4413533935569852	6.752593910073201	7.528124972090728	[123, 6, 5, 8, 34, 88]	27
21	0.28976053144984526	0.4562506363954656	6.752593910073201	7.140359441081964	[3, 147, 27, 33, 34, 88]	27
22	0.30072101707561927	0.46632006905480883	6.752593910073201	7.140359441081964	[3, 43, 27, 33, 34, 88]	27
23	0.31151235940469924	0.4805515338800139	6.752593910073201	7.140359441081964	[140, 147, 33, 68, 34, 88]	34
24	0.32213716867314524	0.5004983549790214	6.752593910073201	7.91589050309949	[144, 43, 67, 33, 38, 88]	26
25	0.3325980148355967	0.5115983915350432	6.752593910073201	7.528124972090727	[119, 6, 17, 3, 5, 88]	27
26	0.34289742818689917	0.5272272430059217	6.752593910073201	7.528124972090727	[0, 1, 34, 8, 5, 88]	27
27	0.35303789997413837	0.5398345165257639	6.752593910073201	7.140359441081964	[3, 5, 30, 7, 34, 88]	27
28	0.3630218829992288	0.5521055960850768	6.752593910073201	7.140359441081964	[119, 6, 33, 68, 34, 88]	28
29	0.37285179221220366	0.5640494468561414	6.752593910073201	7.528124972090727	[3, 17, 86, 37, 34, 88]	28
30	0.38253000529534864	0.5721226052476943	6.752593910073201	6.752593910073201	[3, 17, 68, 7, 34, 88]	30
31	0.3920588632383216	0.5800462607060703	6.752593910073201	7.528124972090727	[3, 10, 8, 34, 7, 88]	32
32	0.40144067090439683	0.5934847803634762	6.752593910073201	7.91589050309949	[13, 34, 1, 17, 38, 88]	35
33	0.4106776975879709	0.6010128399863748	6.752593910073201	6.752593910073201	[3, 5, 67, 7, 34, 88]	31
34	0.4197721775634652	0.6116524975867381	6.752593910073201	7.528124972090727	[13, 14, 17, 3, 5, 88]	32
35	0.4287263106257574	0.6188441180017985	6.752593910073201	7.528124972090728	[3, 98, 7, 1, 34, 88]	39
36	0.43754226262227347	0.6259025602610244	6.752593910073201	7.91589050309949	[3, 17, 7, 2, 5, 88]	26
37	0.44622216597686803	0.6342158366996683	6.752593910073201	7.140359441081964	[13, 34, 68, 33, 7, 88]	26
38	0.4547681202056201	0.6439700810543438	6.752593910073201	7.91589050309949	[3, 17, 38, 8, 5, 88]	27
39	0.46318219242466907	0.653464212226228	6.752593910073201	6.752593910073201	[3, 5, 67, 7, 34, 88]	27
40	0.47146641785021426	0.6611650075100896	6.752593910073201	7.140359441081964	[13, 3, 5, 8, 34, 88]	28
41	0.4796228002907974	0.6720077272697667	6.752593910073201	7.528124972090727	[3, 17, 139, 7, 68, 88]	27
42	0.48765331263198874	0.6807541878759062	6.752593910073201	7.140359441081964	[3, 17, 37, 1, 34, 88]	26
43	0.49555989731359384	0.6866661473596858	6.752593910073201	7.528124972090727	[13, 34, 33, 27, 5, 88]	27
44	0.5033444667994951	0.6936291218628039	6.752593910073201	7.140359441081964	[123, 6, 33, 7, 34, 88]	26
45	0.5110089040402437	0.6993026566431223	6.752593910073201	6.752593910073201	[3, 17, 33, 67, 34, 88]	26
46	0.5185550629285114	0.7093259014216848	6.752593910073201	7.528124972090727	[101, 100, 27, 33, 7, 88]	27
47	0.5259847687475159	0.7170772107171066	6.752593910073201	6.752593910073201	[3, 17, 68, 67, 34, 88]	26
48	0.5332998186125233	0.7223165216297528	6.752593910073201	7.140359441081964	[3, 37, 27, 33, 34, 88]	27
49	0.5405019819055399	0.7312023929376007	6.752593910073201	7.528124972090728	[101, 100, 29, 68, 34, 88]	27
50	0.5475930007032939	0.740162313173014	6.752593910073201	7.140359441081964	[144, 43, 7, 33, 34, 88]	26
51	0.5545745901986134	0.7459364839913916	6.752593910073201	7.528124972090728	[101, 100, 29, 7, 34, 88]	26
52	0.5614484391153014	0.7506413639174768	6.752593910073201	7.140359441081964	[3, 5, 4, 33, 34, 88]	26
53	0.5682162101166085	0.7586208402721176	6.752593910073201	7.528124972090727	[13, 12, 8, 34, 7, 88]	27
54	0.5748795402074016	0.7630908247115228	6.752593910073201	7.140359441081964	[3, 6, 67, 33, 34, 88]	26
55	0.5814400411301268	0.7674780316613095	6.752593910073201	7.528124972090727	[3, 17, 11, 4, 34, 88]	27
56	0.5878992997546619	0.7736786174836745	6.752593910073201	7.528124972090727	[3, 17, 50, 67, 7, 88]	26
57	0.5942588784621516	0.7787079815395929	6.752593910073201	7.140359441081964	[123, 3, 17, 1, 34, 88]	27
58	0.6005203155229208	0.7872055950484724	6.752593910073201	7.528124972090728	[140, 57, 142, 8, 34, 88]	27
59	0.6066851254685548	0.7940150160069214	6.752593910073201	7.140359441081964	[119, 6, 67, 68, 34, 88]	27
60	0.6127547994582376	0.8039022952385891	6.752593910073201	7.528124972090727	[101, 100, 41, 27, 34, 88]	28
61	0.6187308056394376	0.8075337342156523	6.752593910073201	7.528124972090727	[3, 17, 6, 33, 7, 88]	33
62	0.6246145895030265	0.8118107623441934	6.752593910073201	7.140359441081964	[140, 6, 33, 7, 34, 88]	32
63	0.630407574232918	0.8168291420150149	6.752593910073201	7.528124972090727	[13, 12, 8, 34, 7, 88]	32
64	0.6361111610503113	0.8217136982279478	6.752593910073201	7.140359441081964	[3, 17, 38, 8, 34, 88]	38
65	0.6417267295526212	0.8250152964089117	6.752593910073201	7.528124972090727	[3, 5, 2, 4, 34, 88]	33
66	0.6472556380471796	0.8296815551713408	6.752593910073201	6.752593910073201	[3, 5, 67, 7, 34, 88]	31
67	0.6526992238797849	0.8351317454058579	6.752593910073201	7.915890503099491	[123, 58, 56, 50, 34, 88]	32
68	0.6580588037581832	0.8387954843968388	6.752593910073201	7.140359441081964	[140, 147, 33, 7, 34, 88]	41
69	0.6633356740705569	0.84395402889614	6.752593910073201	7.915890503099491	[119, 6, 24, 3, 5, 88]	30
70	0.6685311111990977	0.8474217171428924	6.752593910073201	7.915890503099491	[101, 100, 29, 33, 7, 88]	31
71	0.6736463718287411	0.8502472408995055	6.752593910073201	7.528124972090727	[3, 61, 41, 27, 33, 88]	31
72	0.6786826932511372	0.8550393291907213	6.752593910073201	7.140359441081964	[3, 5, 67, 68, 7, 88]	30
73	0.6836412936639282	0.8589049470789688	6.752593910073201	6.752593910073201	[3, 5, 67, 68, 34, 88]	28
74	0.6885233724654107	0.8620403926994361	6.752593910073201	7.528124972090727	[123, 3, 68, 33, 7, 88]	27
75	0.6933301105446482	0.8645952002420392	6.752593910073201	6.752593910073201	[3, 17, 33, 7, 34, 88]	26
76	0.6980626705671074	0.8689281538342939	6.752593910073201	7.140359441081964	[0, 1, 34, 67, 7, 88]	27
77	0.7027221972558866	0.8718408615268651	6.752593910073201	7.528124972090727	[13, 98, 8, 34, 7, 88]	27
78	0.7073098176686043	0.8746888423818238	6.752593910073201	7.140359441081964	[0, 1, 34, 67, 7, 88]	27
79	0.7118266414700147	0.8780304732516417	6.752593910073201	7.528124972090728	[13, 12, 5, 8, 34, 88]	26
80	0.7162737612004157	0.8802891681914261	6.752593910073201	7.140359441081964	[3, 5, 6, 1, 34, 88]	27
81	0.7206522525399155	0.8841199148093005	6.752593910073201	7.140359441081964	[123, 6, 67, 7, 34, 88]	26
82	0.7249631745686205	0.8866950278135383	6.752593910073201	7.140359441081964	[140, 6, 33, 7, 34, 88]	26
83	0.7292075700228084	0.8887932680392134	6.752593910073201	6.752593910073201	[3, 68, 33, 7, 34, 88]	26
84	0.7333864655471478	0.8923518834619587	6.752593910073201	7.91589050309949	[3, 5, 142, 8, 38, 88]	26
85	0.7375008719430252	0.8966578081234803	6.752593910073201	7.140359441081964	[101, 100, 33, 68, 34, 88]	27
86	0.7415517844130401	0.8994135999068542	6.752593910073201	6.752593910073201	[3, 17, 7, 67, 34, 88]	26
87	0.7455401828017278	0.9016488532422574	6.752593910073201	7.915890503099491	[119, 17, 29, 68, 7, 88]	26
88	0.7494670318325654	0.9038344342813184	6.752593910073201	7.528124972090727	[13, 14, 17, 3, 5, 88]	26
89	0.753333281341322	0.9059714468528446	6.752593910073201	7.140359441081964	[13, 3, 17, 7, 34, 88]	26
90	0.7571398665058078	0.9080609702561148	6.752593910073201	7.91589050309949	[0, 1, 33, 27, 5, 88]	27
91	0.7608877080720762	0.9105126777159517	6.752593910073201	7.140359441081964	[140, 147, 33, 7, 34, 88]	26
92	0.7645777125771367	0.9121698503508415	6.752593910073201	6.752593910073201	[3, 17, 33, 7, 34, 88]	27
93	0.7682107725682302	0.9141216314541561	6.752593910073201	7.140359441081964	[140, 6, 67, 33, 34, 88]	26
94	0.7717877668187205	0.9168697392476232	6.752593910073201	7.528124972090727	[13, 12, 8, 34, 33, 88]	26
95	0.7753095605406538	0.9187170783754537	6.752593910073201	7.915890503099491	[123, 3, 37, 27, 33, 88]	26
96	0.7787770055940388	0.9205233655226659	6.752593910073201	7.528124972090727	[3, 17, 89, 27, 33, 88]	26
97	0.7821909406928962	0.9226427424420615	6.752593910073201	7.91589050309949	[3, 17, 55, 6, 5, 88]	28
98	0.7855521916081293	0.9251181746839154	6.752593910073201	7.528124972090727	[3, 24, 27, 33, 68, 88]	27
99	0.7888615713672631	0.9275143930940302	6.752593910073201	7.140359441081964	[119, 17, 68, 67, 34, 88]	27
100	0.7921198804511016	0.9291251843586072	6.752593910073201	6.752593910073201	[3, 17, 33, 67, 34, 88]	27
101	0.79532790698735	0.9307001802617494	6.752593910073201	7.91589050309949	[119, 6, 33, 27, 5, 88]	27
102	0.7984864269412489	0.9319835102569022	6.752593910073201	7.140359441081964	[3, 17, 29, 1, 34, 88]	27
103	0.8015962043032667	0.9337972833167181	6.752593910073201	7.140359441081964	[3, 17, 38, 8, 34, 88]	40
104	0.8046579912738953	0.9352684547985688	6.752593910073201	7.140359441081964	[140, 147, 27, 33, 34, 88]	27
105	0.8076725284455943	0.9373398642450146	6.752593910073201	7.528124972090728	[119, 17, 49, 33, 34, 88]	26
106	0.8106405449819278	0.9390108011984809	6.752593910073201	7.528124972090727	[101, 100, 41, 27, 33, 88]	27
107	0.8135627587939351	0.9401402308059165	6.752593910073201	7.528124972090727	[3, 5, 37, 27, 33, 88]	27
108	0.8164398767137817	0.9414704478991183	6.752593910073201	7.140359441081964	[119, 6, 33, 7, 34, 88]	27
109	0.8192725946657295	0.9430312359551418	6.752593910073201	7.140359441081964	[3, 5, 67, 68, 7, 88]	27
110	0.8220615978344683	0.9440862130670836	6.752593910073201	6.752593910073201	[3, 68, 33, 7, 34, 88]	27
111	0.8248075608308499	0.9453287416655929	6.752593910073201	7.140359441081964	[0, 1, 34, 68, 33, 88]	27
112	0.8275111478550652	0.9467866418878437	6.752593910073201	7.528124972090728	[3, 6, 30, 7, 34, 88]	27
113	0.8301730128573019	0.9477720744454763	6.752593910073201	6.752593910073201	[3, 17, 33, 7, 34, 88]	35
114	0.8327937996959238	0.9491648191269302	6.752593910073201	7.915890503099491	[3, 10, 6, 67, 33, 88]	28
115	0.8353741422932088	0.9502944898129985	6.752593910073201	7.528124972090727	[140, 6, 17, 3, 5, 88]	27
116	0.837914664788684	0.9512149622238688	6.752593910073201	6.752593910073201	[3, 17, 68, 33, 34, 88]	27
117	0.8404159816900932	0.9522990741744495	6.752593910073201	7.140359441081964	[123, 6, 33, 7, 34, 88]	27
118	0.8428786980220363	0.9533590947483507	6.752593910073201	7.915890503099491	[123, 6, 2, 7, 68, 88]	26
119	0.8453034094723135	0.9542228152159737	6.752593910073201	7.140359441081964	[3, 17, 37, 1, 34, 88]	26
120	0.8476907025360123	0.9554435401435478	6.752593910073201	7.528124972090727	[3, 5, 71, 33, 7, 88]	26
121	0.8500411546573702	0.9566317124063866	6.752593910073201	7.528124972090727	[140, 147, 27, 33, 68, 88]	27
122	0.8523553343694478	0.9577882000755495	6.752593910073201	6.752593910073201	[3, 5, 67, 33, 34, 88]	27
123	0.8546338014316477	0.9591389776731319	6.752593910073201	7.140359441081964	[13, 34, 67, 33, 7, 88]	33
124	0.8568771069651099	0.9602286049351818	6.752593910073201	7.528124972090727	[13, 12, 8, 34, 7, 88]	32
125	0.8590857935860187	0.961501289577256	6.752593910073201	7.528124972090728	[119, 6, 25, 67, 34, 88]	32
126	0.8612603955368516	0.9625279218551958	6.752593910073201	7.91589050309949	[119, 6, 48, 17, 38, 88]	31
127	0.8634014388156039	0.9632218492282477	6.752593910073201	7.140359441081964	[3, 17, 33, 27, 34, 88]	32
128	0.8655094413030175	0.9642025999154945	6.752593910073201	7.140359441081964	[3, 17, 6, 1, 34, 88]	31
129	0.8675849128878474	0.9651571972510813	6.752593910073201	7.140359441081964	[3, 17, 48, 29, 34, 88]	30
130	0.8696283555901955	0.9662721669390467	6.752593910073201	7.528124972090728	[3, 24, 25, 67, 34, 88]	32
131	0.8716402636829393	0.9675673157285872	6.752593910073201	7.140359441081964	[101, 100, 33, 7, 34, 88]	31
132	0.8736211238112891	0.9688127308046095	6.752593910073201	7.528124972090728	[3, 18, 6, 1, 34, 88]	30
133	0.8755714151104975	0.9695057812311738	6.752593910073201	7.140359441081964	[119, 17, 68, 67, 34, 88]	31
134	0.8774916093217553	0.9701834305371477	6.752593910073201	7.528124972090727	[140, 147, 27, 33, 7, 88]	32
135	0.8793821709062961	0.9707355892309042	6.752593910073201	7.91589050309949	[3, 5, 6, 4, 7, 88]	30
136	0.8812435571577422	0.9712775227636652	6.752593910073201	7.91589050309949	[3, 99, 41, 27, 5, 88]	31
137	0.8830762183127152	0.971809420490264	6.752593910073201	7.528124972090727	[3, 17, 7, 67, 5, 88]	31
138	0.8848805976597413	0.9723314682589629	6.752593910073201	7.140359441081964	[3, 17, 68, 33, 7, 88]	26
139	0.8866571316464736	0.9729463245198747	6.752593910073201	7.140359441081964	[119, 17, 3, 8, 34, 88]	27
140	0.8884062499852626	0.9738120421352388	6.752593910073201	7.528124972090727	[123, 6, 1, 34, 33, 88]	26
141	0.890128375757095	0.9746500567869112	6.752593910073201	7.528124972090727	[13, 98, 7, 67, 68, 88]	27
142	0.89182392551393	0.9753260552725935	6.752593910073201	7.140359441081964	[3, 17, 139, 1, 34, 88]	27
143	0.8934933093794557	0.9757829801749529	6.752593910073201	7.140359441081964	[3, 17, 68, 33, 7, 88]	26
144	0.8951369311482913	0.9764287673702875	6.752593910073201	7.140359441081964	[3, 98, 7, 67, 34, 88]	26
145	0.8967551883836571	0.9769525725398367	6.752593910073201	7.91589050309949	[140, 147, 3, 17, 38, 88]	27
146	0.898348472513539	0.9774647375945069	6.752593910073201	7.140359441081964	[123, 3, 5, 8, 34, 88]	26
147	0.8999171689253671	0.9778820572686827	6.752593910073201	7.140359441081964	[3, 17, 29, 68, 34, 88]	26
148	0.9014616570592349	0.9783735671071565	6.752593910073201	7.140359441081964	[140, 147, 27, 33, 34, 88]	26
149	0.9029823104996788	0.978950271984299	6.752593910073201	7.528124972090727	[3, 17, 38, 33, 7, 88]	26
150	0.9044794970660417	0.9796238632808014	6.752593910073201	7.915890503099491	[0, 1, 17, 68, 7, 88]	26
151	0.9059535789014423	0.9801672269266467	6.752593910073201	6.752593910073201	[3, 68, 67, 7, 34, 88]	26
152	0.9074049125603707	0.9805345005020791	6.752593910073201	6.752593910073201	[3, 5, 27, 33, 34, 88]	26
153	0.9088338490949328	0.9810535804886904	6.752593910073201	6.752593910073201	[3, 5, 67, 7, 34, 88]	26
154	0.9102407341397641	0.9815588183423253	6.752593910073201	7.140359441081964	[3, 52, 68, 7, 34, 88]	26
155	0.9116259079956319	0.9819003217063563	6.752593910073201	6.752593910073201	[3, 68, 67, 33, 34, 88]	27
156	0.9129897057117488	0.9825036443161445	6.752593910073201	7.140359441081964	[0, 1, 34, 33, 7, 88]	26
157	0.9143324571668143	0.9828924522202301	6.752593910073201	7.528124972090727	[13, 12, 8, 34, 7, 88]	26
158	0.9156544871488079	0.9834398937491827	6.752593910073201	7.528124972090728	[144, 43, 65, 1, 34, 88]	26
159	0.9169561154335486	0.983807896110312	6.752593910073201	7.528124972090727	[144, 43, 27, 33, 7, 88]	26
160	0.9182376568620432	0.984107749886047	6.752593910073201	6.752593910073201	[3, 5, 27, 33, 34, 88]	26
161	0.9194994214166413	0.9845315432224191	6.752593910073201	7.140359441081964	[3, 17, 48, 29, 34, 88]	26
162	0.9207417142960141	0.9850265338393016	6.752593910073201	7.140359441081964	[119, 17, 7, 67, 34, 88]	26
163	0.9219648359889768	0.985303820249685	6.752593910073201	7.528124972090727	[3, 17, 50, 33, 7, 88]	27
164	0.9231690823471717	0.9855759717265427	6.752593910073201	7.140359441081964	[3, 6, 67, 7, 34, 88]	26
165	0.9243547446566289	0.9860375406312932	6.752593910073201	7.140359441081964	[119, 17, 33, 7, 34, 88]	26
166	0.9255221097082241	0.9863478175061534	6.752593910073201	7.91589050309949	[119, 6, 33, 27, 5, 88]	26
167	0.9266714598670478	0.9867118757059894	6.752593910073201	7.528124972090727	[101, 100, 33, 68, 7, 88]	26
168	0.9278030731407044	0.9869579520818044	6.752593910073201	7.140359441081964	[13, 98, 7, 68, 34, 88]	26
169	0.9289172232465578	0.9871994714876968	6.752593910073201	7.140359441081964	[3, 5, 67, 33, 7, 88]	26
170	0.9300141796779381	0.9874365183119987	6.752593910073201	7.140359441081964	[13, 3, 17, 1, 34, 88]	26
171	0.9310942077693279	0.9877157067939544	6.752593910073201	6.752593910073201	[3, 68, 67, 7, 34, 88]	26
172	0.932157568760542	0.987988691087422	6.752593910073201	7.528124972090727	[0, 1, 17, 3, 5, 88]	26
173	0.9332045198599164	0.988255609063257	6.752593910073201	7.140359441081964	[123, 3, 5, 8, 34, 88]	26
174	0.9342353143065225	0.9886314295732329	6.752593910073201	7.140359441081964	[13, 34, 68, 33, 7, 88]	26
175	0.9352502014314219	0.9888419586552101	6.752593910073201	7.140359441081964	[3, 5, 37, 1, 34, 88]	26
176	0.936249426717974	0.9890899151295387	6.752593910073201	7.140359441081964	[140, 147, 33, 7, 34, 88]	26
177	0.9372332318612151	0.9896135992033208	6.752593910073201	7.140359441081964	[144, 43, 67, 68, 34, 88]	28
178	0.9382018548263199	0.9898905698912323	6.752593910073201	7.528124972090727	[3, 17, 6, 33, 7, 88]	26
179	0.9391555299061606	0.9902140716547129	6.752593910073201	7.140359441081964	[3, 24, 27, 33, 34, 88]	26
180	0.9400944877779791	0.9904750297439205	6.752593910073201	7.528124972090727	[101, 100, 41, 27, 34, 88]	26
181	0.9410189555591831	0.9906866957496112	6.752593910073201	7.528124972090727	[13, 14, 17, 3, 5, 88]	27
182	0.9419291568622822	0.9908591643468406	6.752593910073201	7.528124972090727	[3, 5, 4, 10, 34, 88]	26
183	0.9428253118489753	0.9911516710877417	6.752593910073201	7.140359441081964	[0, 1, 34, 67, 7, 88]	26
184	0.9437076372834047	0.9913876265254019	6.752593910073201	7.140359441081964	[3, 5, 67, 68, 33, 88]	26
185	0.9445763465845868	0.9915790126026152	6.752593910073201	7.528124972090727	[119, 6, 17, 3, 5, 88]	27
186	0.9454316498780345	0.9917349568136778	6.752593910073201	6.752593910073201	[3, 5, 67, 7, 34, 88]	26
187	0.9462737540465833	0.9919186244400406	6.752593910073201	7.140359441081964	[123, 6, 33, 68, 34, 88]	26
188	0.9471028627804323	0.9921341277883062	6.752593910073201	7.528124972090727	[3, 17, 80, 29, 34, 88]	26
189	0.9479191766264133	0.9922797920885227	6.752593910073201	6.752593910073201	[3, 17, 33, 7, 34, 88]	26
190	0.9487228930364995	0.9924227589016983	6.752593910073201	7.140359441081964	[3, 5, 67, 68, 7, 88]	26
191	0.9495142064155659	0.9926652306168439	6.752593910073201	7.140359441081964	[0, 1, 34, 67, 7, 88]	26
192	0.9502933081684121	0.9928282254920251	6.752593910073201	7.140359441081964	[3, 5, 2, 7, 34, 88]	26
193	0.9510603867460601	0.9930577222762803	6.752593910073201	7.140359441081964	[3, 85, 7, 33, 34, 88]	27
194	0.9518156276913369	0.9932119951145852	6.752593910073201	7.140359441081964	[119, 17, 33, 7, 34, 88]	26
195	0.9525592136837545	0.9933930085781962	6.752593910073201	7.140359441081964	[3, 98, 7, 67, 34, 88]	26
196	0.9532913245836966	0.9935691950161111	6.752593910073201	7.91589050309949	[3, 17, 4, 2, 5, 88]	26
197	0.9540121374759235	0.9936882839972941	6.752593910073201	6.752593910073201	[3, 5, 67, 7, 34, 88]	26
198	0.9547218267124061	0.9938051676269739	6.752593910073201	7.528124972090727	[3, 24, 27, 33, 7, 88]	26
199	0.9554205639544987	0.9939198867449929	6.752593910073201	7.140359441081964	[3, 17, 29, 1, 34, 88]	27
200	0.9561085182144601	0.9940820230984597	6.752593910073201	7.528124972090727	[3, 85, 7, 67, 68, 88]	26
201	0.9567858558963357	0.9942135336962717	6.752593910073201	7.528124972090727	[119, 6, 17, 3, 5, 88]	26
202	0.9574527408362071	0.9943678394643712	6.752593910073201	7.528124972090727	[3, 17, 28, 29, 34, 88]	26
203	0.9581093343418212	0.9945841144289393	6.752593910073201	7.140359441081964	[3, 4, 33, 67, 34, 88]	26
204	0.9587557952316079	0.9947920844348681	6.752593910073201	7.140359441081964	[144, 43, 7, 68, 34, 88]	26
205	0.9593922798730954	0.9949309621832716	6.752593910073201	7.528124972090727	[140, 57, 1, 34, 7, 88]	26
206	0.9600189422207328	0.9950436074680877	6.752593910073201	7.140359441081964	[140, 57, 27, 33, 34, 88]	26
207	0.960635933853129	0.9951353925149751	6.752593910073201	6.752593910073201	[3, 17, 68, 33, 34, 88]	26
208	0.9612434040097164	0.9952651153812424	6.752593910073201	7.140359441081964	[3, 5, 30, 7, 34, 88]	26
209	0.9618414996268504	0.9954166316890426	6.752593910073201	7.140359441081964	[101, 100, 33, 7, 34, 88]	27
210	0.9624303653733497	0.9955015088799862	6.752593910073201	7.140359441081964	[3, 17, 4, 7, 34, 88]	26
211	0.9630101436854893	0.9955709300392458	6.752593910073201	7.528124972090727	[3, 5, 4, 33, 7, 88]	26
212	0.963580974801454	0.9956693538161514	6.752593910073201	7.140359441081964	[144, 43, 27, 33, 34, 88]	26
213	0.9641429967952587	0.9958079344940346	6.752593910073201	7.140359441081964	[0, 1, 34, 67, 7, 88]	26
214	0.9646963456101467	0.9959010915052782	6.752593910073201	7.140359441081964	[3, 5, 67, 68, 7, 88]	26
215	0.9652411550914716	0.9959769972181435	6.752593910073201	7.140359441081964	[13, 3, 17, 7, 34, 88]	30
216	0.9657775570190723	0.9960514972696594	6.752593910073201	7.528124972090727	[3, 6, 67, 33, 7, 88]	26
217	0.9663056811391484	0.996139241774778	6.752593910073201	7.140359441081964	[13, 3, 17, 1, 34, 88]	26
218	0.966825655195643	0.9962874948906265	6.752593910073201	7.915890503099491	[13, 70, 5, 67, 7, 88]	27
219	0.9673376049611423	0.9963864950268765	6.752593910073201	7.140359441081964	[3, 24, 27, 33, 34, 88]	27
220	0.9678416542672975	0.9964828551594931	6.752593910073201	7.140359441081964	[3, 43, 7, 33, 34, 88]	26
221	0.9683379250347776	0.9965479874713543	6.752593910073201	7.140359441081964	[3, 37, 7, 68, 34, 88]	26
222	0.9688265373027594	0.9966119136292922	6.752593910073201	7.140359441081964	[3, 5, 4, 7, 34, 88]	26
223	0.9693076092579637	0.9967022625991777	6.752593910073201	7.140359441081964	[3, 98, 7, 67, 34, 88]	27
224	0.969781257263242	0.9967902022631997	6.752593910073201	7.140359441081964	[3, 5, 8, 34, 7, 88]	26
225	0.9702475958857228	0.9968929157907773	6.752593910073201	7.140359441081964	[0, 1, 34, 67, 33, 88]	26
226	0.9707067379245234	0.9969504543872444	6.752593910073201	7.140359441081964	[3, 17, 50, 1, 34, 88]	26
227	0.9711587944380339	0.9969975152763301	6.752593910073201	7.140359441081964	[3, 5, 27, 33, 7, 88]	27
228	0.9716038747707803	0.997053116845287	6.752593910073201	7.140359441081964	[3, 17, 139, 7, 34, 88]	26
229	0.9720420865798731	0.9971076887555594	6.752593910073201	6.752593910073201	[3, 68, 33, 7, 34, 88]	26
230	0.9724735358610479	0.9971719623387693	6.752593910073201	7.528124972090728	[140, 147, 7, 1, 34, 88]	26
231	0.9728983269743033	0.9972624595439286	6.752593910073201	7.91589050309949	[140, 6, 48, 17, 33, 88]	26
232	0.9733165626691443	0.9973354606227571	6.752593910073201	7.140359441081964	[3, 5, 104, 33, 34, 88]	26
233	0.9737283441094353	0.997384803944558	6.752593910073201	6.752593910073201	[3, 68, 33, 7, 34, 88]	26
234	0.97413377089787	0.9974545425060364	6.752593910073201	7.140359441081964	[3, 17, 30, 7, 34, 88]	26
235	0.9745329411000634	0.9975111082281245	6.752593910073201	7.140359441081964	[144, 43, 27, 33, 34, 88]	26
236	0.9749259512682722	0.9976305750331745	6.752593910073201	7.140359441081964	[101, 100, 33, 7, 34, 88]	26
237	0.9753128964647495	0.9977063966321129	6.752593910073201	7.91589050309949	[140, 57, 27, 33, 38, 88]	26
238	0.975693870284738	0.9977573655958437	6.752593910073201	7.140359441081964	[144, 43, 27, 33, 34, 88]	26
239	0.9760689648791093	0.9977988958625874	6.752593910073201	6.752593910073201	[3, 5, 67, 7, 34, 88]	27
240	0.9764382709766539	0.9978396570503173	6.752593910073201	7.140359441081964	[3, 17, 1, 34, 7, 88]	26
241	0.9768018779060265	0.9978876646714213	6.752593910073201	7.528124972090727	[3, 5, 27, 7, 68, 88]	26
242	0.9771598736173532	0.9979267819923209	6.752593910073201	7.140359441081964	[3, 17, 6, 67, 34, 88]	26
243	0.9775123447035052	0.9979931249685666	6.752593910073201	7.528124972090728	[3, 15, 85, 7, 34, 88]	26
244	0.9778593764210437	0.9980377221914875	6.752593910073201	7.528124972090727	[0, 1, 68, 33, 7, 88]	26
245	0.9782010527108425	0.99808132836501	6.752593910073201	7.528124972090727	[3, 37, 27, 33, 68, 88]	26
246	0.9785374562183912	0.9981239655124541	6.752593910073201	7.140359441081964	[13, 34, 68, 33, 7, 88]	26
247	0.9788686683137864	0.9981656551677329	6.752593910073201	7.528124972090727	[119, 6, 8, 34, 7, 88]	26
248	0.9791947691114131	0.998236094009292	6.752593910073201	7.140359441081964	[144, 43, 67, 7, 34, 88]	26
249	0.9795158374893234	0.9982687589350459	6.752593910073201	7.140359441081964	[3, 17, 4, 7, 34, 88]	26
250	0.9798319511083153	0.998295475618147	6.752593910073201	6.752593910073201	[3, 68, 33, 7, 34, 88]	27
251	0.9801431864307178	0.9983500203983663	6.752593910073201	7.140359441081964	[123, 6, 33, 68, 34, 88]	27
252	0.9804496187388858	0.9983940198544098	6.752593910073201	7.140359441081964	[3, 17, 33, 67, 7, 88]	26
253	0.9807513221534092	0.9984297083020897	6.752593910073201	7.528124972090727	[3, 17, 50, 67, 7, 88]	26
254	0.9810483696510417	0.9984587877779768	6.752593910073201	7.140359441081964	[3, 17, 1, 34, 33, 88]	27
255	0.9813408330823528	0.9984930369384662	6.752593910073201	7.528124972090727	[13, 34, 7, 67, 5, 88]	26
256	0.9816287831891066	0.998520943661828	6.752593910073201	6.752593910073201	[3, 17, 33, 7, 34, 88]	28
257	0.9819122896213734	0.9985483335940164	6.752593910073201	6.752593910073201	[3, 5, 67, 7, 34, 88]	26
258	0.982191420954377	0.9985805928474827	6.752593910073201	7.528124972090728	[140, 6, 17, 7, 34, 88]	26
259	0.982466244705081	0.9986068781651218	6.752593910073201	7.140359441081964	[3, 17, 6, 1, 34, 88]	26
260	0.9827368273485212	0.9986514580638379	6.752593910073201	7.140359441081964	[3, 8, 34, 67, 33, 88]	26
261	0.9830032343338835	0.9986764310626558	6.752593910073201	7.528124972090727	[3, 10, 33, 68, 7, 88]	26
262	0.9832655301003359	0.9987187852686508	6.752593910073201	7.91589050309949	[13, 34, 7, 8, 38, 88]	27
263	0.9835237780926147	0.9987472567071253	6.752593910073201	7.528124972090727	[123, 6, 17, 3, 5, 88]	27
264	0.9837780407763707	0.9987750954469669	6.752593910073201	7.140359441081964	[140, 147, 33, 7, 34, 88]	26
265	0.9840283796532785	0.9988023155481454	6.752593910073201	7.140359441081964	[123, 3, 17, 33, 34, 88]	26
266	0.9842748552759131	0.9988289307581866	6.752593910073201	7.140359441081964	[3, 5, 27, 33, 68, 88]	26
267	0.9845175272623958	0.9988549545191158	6.752593910073201	7.528124972090727	[144, 43, 27, 33, 7, 88]	26
268	0.9847564543108157	0.9988803999742466	6.752593910073201	7.140359441081964	[13, 3, 17, 68, 34, 88]	26
269	0.9849916942134266	0.9989102559749333	6.752593910073201	7.140359441081964	[3, 8, 34, 68, 7, 88]	26
270	0.9852233038706267	0.9989304364198419	6.752593910073201	7.528124972090727	[3, 5, 104, 33, 7, 88]	26
271	0.9854513393047221	0.9989589581153129	6.752593910073201	7.140359441081964	[13, 3, 5, 67, 34, 88]	26
272	0.9856758556734764	0.998982092379417	6.752593910073201	7.140359441081964	[13, 34, 68, 67, 33, 88]	26
273	0.9858969072834536	0.9990092365826325	6.752593910073201	7.528124972090727	[3, 61, 41, 27, 33, 88]	26
274	0.9861145476031533	0.9990275840533246	6.752593910073201	7.140359441081964	[3, 5, 37, 1, 34, 88]	26
275	0.9863288292759441	0.999049193296584	6.752593910073201	7.140359441081964	[123, 6, 33, 7, 34, 88]	26
276	0.9865398041327968	0.9990703223344377	6.752593910073201	7.528124972090727	[123, 6, 17, 3, 5, 88]	26
277	0.9867475232048216	0.9991000720197357	6.752593910073201	7.528124972090728	[140, 147, 33, 1, 34, 88]	26
278	0.9869520367356114	0.9991167373527036	6.752593910073201	7.140359441081964	[3, 5, 4, 33, 34, 88]	26
279	0.9871533941933952	0.9991330940683942	6.752593910073201	7.140359441081964	[3, 5, 27, 7, 34, 88]	27
280	0.9873516442830033	0.9991608350582056	6.752593910073201	7.528124972090727	[140, 57, 27, 33, 68, 88]	26
281	0.9875468349576483	0.999187688336343	6.752593910073201	7.528124972090728	[119, 6, 76, 1, 34, 88]	26
282	0.9877390134305241	0.9992027311449293	6.752593910073201	6.752593910073201	[3, 17, 68, 33, 34, 88]	26
283	0.9879282261862259	0.9992282437482916	6.752593910073201	7.528124972090728	[119, 17, 139, 7, 34, 88]	27
284	0.988114518991994	0.9992453938872183	6.752593910073201	7.528124972090727	[3, 17, 38, 33, 7, 88]	26
285	0.9882979369087842	0.9992593680744921	6.752593910073201	7.140359441081964	[3, 17, 29, 1, 34, 88]	27
286	0.9884785243021672	0.9992791182591724	6.752593910073201	7.528124972090727	[3, 5, 52, 68, 7, 88]	26
287	0.9886563248530597	0.9992924679210395	6.752593910073201	6.752593910073201	[3, 5, 67, 7, 34, 88]	26
288	0.9888313815682902	0.9993055703669462	6.752593910073201	6.752593910073201	[3, 17, 33, 7, 34, 88]	26
289	0.9890037367910018	0.9993184301749657	6.752593910073201	7.140359441081964	[3, 17, 29, 1, 34, 88]	26
290	0.9891734322108937	0.9993366053702999	6.752593910073201	7.528124972090727	[140, 57, 41, 27, 33, 88]	26
291	0.9893405088743059	0.9993513474731822	6.752593910073201	7.528124972090727	[13, 34, 33, 27, 5, 88]	26
292	0.9895050071941468	0.9993686448738973	6.752593910073201	7.140359441081964	[3, 8, 34, 67, 7, 88]	26
293	0.9896669669596693	0.9993803366354918	6.752593910073201	6.752593910073201	[3, 5, 27, 33, 34, 88]	26
294	0.9898264273460942	0.9993941069324809	6.752593910073201	7.140359441081964	[3, 17, 1, 34, 33, 88]	26
295	0.9899834269240865	0.999405327174472	6.752593910073201	7.140359441081964	[3, 17, 37, 1, 34, 88]	26
296	0.9901380036690851	0.9994185421261503	6.752593910073201	7.140359441081964	[140, 57, 27, 33, 34, 88]	26
297	0.9902901949704882	0.9994275152414875	6.752593910073201	6.752593910073201	[3, 17, 68, 7, 34, 88]	26
298	0.9904400376406967	0.9994381168110896	6.752593910073201	6.752593910073201	[3, 17, 33, 7, 34, 88]	26
299	0.9905875679240193	0.9994531003627939	6.752593910073201	7.140359441081964	[3, 17, 139, 1, 34, 88]	26
300	0.9907328215054387	0.9994632281338532	6.752593910073201	7.140359441081964	[3, 37, 33, 68, 34, 88]	26
301	0.9908758335192437	0.9994751563975455	6.752593910073201	7.91589050309949	[119, 6, 33, 27, 5, 88]	26
302	0.991016638557527	0.9994848757235169	6.752593910073201	6.752593910073201	[3, 17, 68, 7, 34, 88]	26
303	0.9911552706785528	0.9994963229296608	6.752593910073201	7.528124972090727	[144, 43, 27, 33, 7, 88]	26
304	0.9912917634149948	0.9995097543182032	6.752593910073201	7.140359441081964	[3, 24, 27, 33, 34, 88]	26
305	0.9914261497820474	0.9995254421800207	6.752593910073201	7.528124972090728	[123, 6, 43, 7, 34, 88]	26
306	0.9915584622854109	0.9995539156492195	6.752593910073201	7.528124972090728	[119, 6, 76, 1, 34, 88]	26
307	0.9916887329291545	0.9995638286347924	6.752593910073201	7.528124972090727	[144, 43, 27, 33, 7, 88]	26
308	0.9918169932234577	0.999573521331797	6.752593910073201	7.528124972090727	[119, 17, 3, 4, 34, 88]	26
309	0.9919432741922315	0.9995848940962825	6.752593910073201	7.140359441081964	[3, 5, 2, 7, 34, 88]	26
310	0.992067606380623	0.9995941186719206	6.752593910073201	7.140359441081964	[0, 1, 34, 67, 33, 88]	26
311	0.9921900198624035	0.999603138256989	6.752593910073201	7.528124972090727	[119, 6, 17, 3, 5, 88]	26
312	0.992310544247243	0.9996137212368027	6.752593910073201	7.140359441081964	[3, 17, 68, 67, 33, 88]	26
313	0.9924292086878719	0.9996260821572249	6.752593910073201	7.140359441081964	[123, 3, 68, 67, 34, 88]	27
314	0.9925460418871331	0.9996404406023875	6.752593910073201	7.91589050309949	[0, 1, 33, 67, 5, 88]	26
315	0.9926610721049243	0.9996484308112233	6.752593910073201	7.528124972090728	[119, 6, 43, 7, 34, 88]	26
316	0.9927743271650334	0.9996562434598628	6.752593910073201	7.915890503099491	[119, 17, 11, 27, 33, 88]	26
317	0.9928858344618694	0.9996626093217172	6.752593910073201	7.528124972090727	[3, 5, 6, 37, 34, 88]	27
318	0.9929956209670875	0.9996716064064715	6.752593910073201	6.752593910073201	[3, 17, 68, 67, 34, 88]	27
319	0.9931037132361139	0.9996803635689655	6.752593910073201	7.915890503099491	[13, 135, 5, 27, 33, 88]	26
320	0.9932101374145689	0.9996905919347586	6.752593910073201	6.752593910073201	[3, 68, 67, 7, 34, 88]	26
321	0.993314919244591	0.9996963217137446	6.752593910073201	7.140359441081964	[3, 17, 37, 7, 34, 88]	26
322	0.9934180840710634	0.9997060394189048	6.752593910073201	7.91589050309949	[123, 3, 5, 147, 33, 88]	27
323	0.9935196568477445	0.999713878367734	6.752593910073201	7.91589050309949	[119, 17, 3, 8, 38, 88]	26
324	0.993619662143304	0.9997230342599664	6.752593910073201	7.140359441081964	[119, 6, 67, 33, 34, 88]	27
325	0.9937181241472653	0.9997291890541895	6.752593910073201	7.140359441081964	[3, 85, 7, 33, 34, 88]	26
326	0.993815066675857	0.9997364106794111	6.752593910073201	7.528124972090728	[13, 14, 6, 67, 34, 88]	26
327	0.9939105131777727	0.9997434397279601	6.752593910073201	7.140359441081964	[3, 5, 4, 33, 34, 88]	26
328	0.9940044867398441	0.9997491410673388	6.752593910073201	7.140359441081964	[140, 57, 27, 33, 34, 88]	26
329	0.9940970100926243	0.9997537866031287	6.752593910073201	7.140359441081964	[3, 5, 67, 33, 7, 88]	25
330	0.9941881056158863	0.9997616654318286	6.752593910073201	7.528124972090727	[13, 12, 8, 34, 68, 88]	25
331	0.9942777953440362	0.999766079034943	6.752593910073201	7.140359441081964	[3, 17, 1, 34, 33, 88]	26
332	0.9943661009714431	0.9997704109046662	6.752593910073201	7.140359441081964	[3, 17, 1, 34, 7, 88]	26
333	0.9944530438576862	0.9997777577557169	6.752593910073201	7.528124972090727	[3, 5, 116, 62, 34, 88]	26
334	0.9945386450327219	0.9997811874199806	6.752593910073201	6.752593910073201	[3, 5, 67, 7, 34, 88]	26
335	0.99462292520197	0.9997870224221144	6.752593910073201	7.528124972090727	[3, 5, 71, 33, 7, 88]	26
336	0.9947059047513224	0.9997941216747106	6.752593910073201	7.140359441081964	[101, 100, 27, 33, 34, 88]	26
337	0.9947876037520735	0.9998007097811198	6.752593910073201	7.140359441081964	[13, 98, 7, 67, 34, 88]	26
338	0.994868041965776	0.9998051384526505	6.752593910073201	7.528124972090728	[3, 43, 7, 1, 34, 88]	26
339	0.9949472388490203	0.9998113740221657	6.752593910073201	7.140359441081964	[101, 100, 33, 7, 34, 88]	26
340	0.9950252135581403	0.9998164040482412	6.752593910073201	7.528124972090728	[119, 6, 52, 68, 34, 88]	26
341	0.995101984953848	0.9998212999402882	6.752593910073201	7.140359441081964	[3, 17, 48, 29, 34, 88]	27
342	0.9951775716057949	0.9998252710527262	6.752593910073201	7.140359441081964	[119, 17, 68, 7, 34, 88]	26
343	0.9952519917970635	0.9998285067739721	6.752593910073201	7.140359441081964	[3, 5, 37, 1, 34, 88]	26
344	0.9953252635285903	0.999831682574454	6.752593910073201	7.528124972090727	[3, 17, 33, 27, 5, 88]	26
345	0.9953974045235194	0.999834799563816	6.752593910073201	7.140359441081964	[3, 5, 8, 34, 33, 88]	27
346	0.9954684322314897	0.9998392049087809	6.752593910073201	7.528124972090727	[13, 34, 7, 67, 5, 88]	26
347	0.9955383638328557	0.9998453794402837	6.752593910073201	8.303656034108254	[119, 17, 39, 37, 5, 88]	27
348	0.9956072162428424	0.9998482427839822	6.752593910073201	7.140359441081964	[3, 5, 6, 1, 34, 88]	26
349	0.9956750061156381	0.9998530990148947	6.752593910073201	7.140359441081964	[0, 1, 34, 67, 7, 88]	26
350	0.9957417498484215	0.9998570163744975	6.752593910073201	7.528124972090727	[140, 57, 1, 34, 7, 88]	27
351	0.9958074635853286	0.9998615918505136	6.752593910073201	7.528124972090728	[13, 12, 5, 8, 34, 88]	27
352	0.9958721632213574	0.999864154964393	6.752593910073201	7.528124972090727	[3, 5, 56, 29, 34, 88]	26
353	0.9959358644062131	0.9998677774986758	6.752593910073201	7.528124972090727	[0, 1, 34, 8, 38, 88]	26
354	0.9959985825480925	0.999870715776483	6.752593910073201	7.140359441081964	[140, 147, 33, 7, 34, 88]	27
355	0.996060332817412	0.9998735887592278	6.752593910073201	7.140359441081964	[0, 1, 34, 67, 33, 88]	26
356	0.9961211301504767	0.9998763978979117	6.752593910073201	7.91589050309949	[119, 6, 33, 27, 5, 88]	26
357	0.9961809892530927	0.9998796939539674	6.752593910073201	7.140359441081964	[3, 17, 6, 8, 34, 88]	26
358	0.9962399246041252	0.9998829021151949	6.752593910073201	7.140359441081964	[3, 5, 67, 68, 33, 88]	26
359	0.9962979504589998	0.9998860247254564	6.752593910073201	7.528124972090727	[13, 14, 17, 3, 5, 88]	26
360	0.9963550808531512	0.9998885575093351	6.752593910073201	7.528124972090727	[0, 1, 17, 3, 5, 88]	26
361	0.9964113296054173	0.9998910340091277	6.752593910073201	7.528124972090728	[140, 6, 17, 1, 34, 88]	26
362	0.9964667103213831	0.9998930518978475	6.752593910073201	7.140359441081964	[144, 43, 67, 7, 34, 88]	26
363	0.9965212363966703	0.9998954285223398	6.752593910073201	7.140359441081964	[0, 1, 34, 67, 7, 88]	26
364	0.9965749210201785	0.9998973650311854	6.752593910073201	6.752593910073201	[3, 68, 67, 33, 34, 88]	26
365	0.9966277771772746	0.999899265678756	6.752593910073201	7.140359441081964	[0, 1, 34, 33, 7, 88]	26
366	0.9966798176529339	0.9999031338766918	6.752593910073201	7.528124972090727	[13, 34, 67, 33, 38, 88]	26
367	0.9967310550348331	0.9999068535358269	6.752593910073201	7.140359441081964	[140, 147, 7, 67, 34, 88]	26
368	0.9967815017163943	0.9999082909812615	6.752593910073201	7.140359441081964	[3, 5, 32, 68, 34, 88]	26
369	0.9968311698997833	0.9999112256698612	6.752593910073201	7.91589050309949	[0, 1, 34, 37, 38, 88]	26
370	0.9968800715988607	0.9999128696389379	6.752593910073201	7.140359441081964	[3, 52, 68, 33, 34, 88]	26
371	0.9969282186420881	0.9999156578104919	6.752593910073201	8.303656034108254	[101, 100, 17, 30, 7, 88]	26
372	0.9969756226753893	0.9999175320813698	6.752593910073201	7.528124972090727	[0, 1, 34, 8, 5, 88]	26
373	0.9970222951649665	0.9999197312258666	6.752593910073201	7.140359441081964	[3, 147, 7, 67, 34, 88]	26
374	0.9970682474000752	0.9999215149764029	6.752593910073201	7.140359441081964	[144, 43, 27, 33, 34, 88]	26
375	0.9971134904957529	0.9999236079103655	6.752593910073201	6.752593910073201	[3, 17, 7, 67, 34, 88]	26
376	0.9971580353955098	0.9999250225786921	6.752593910073201	7.140359441081964	[3, 17, 29, 1, 34, 88]	26
377	0.9972018928739742	0.9999274218561739	6.752593910073201	7.528124972090727	[119, 17, 3, 4, 34, 88]	26
378	0.9972450735394993	0.9999290347038146	6.752593910073201	7.528124972090727	[3, 10, 8, 34, 7, 88]	25
379	0.9972875878367292	0.9999313055932925	6.752593910073201	7.140359441081964	[101, 100, 33, 68, 34, 88]	26
380	0.9973294460491254	0.9999335038143071	6.752593910073201	7.915890503099491	[119, 6, 1, 67, 7, 88]	27
381	0.9973706583014538	0.9999352770459256	6.752593910073201	7.528124972090727	[3, 5, 150, 27, 33, 88]	26
382	0.9974112345622338	0.9999364756191491	6.752593910073201	6.752593910073201	[3, 5, 67, 33, 34, 88]	26
383	0.9974511846461499	0.9999389149553738	6.752593910073201	8.303656034108254	[13, 18, 3, 2, 7, 88]	26
384	0.9974905182164254	0.99994027240081	6.752593910073201	7.140359441081964	[3, 8, 34, 33, 7, 88]	27
385	0.9975292447871595	0.999941599680792	6.752593910073201	7.528124972090727	[123, 6, 33, 68, 7, 88]	26
386	0.9975673737256293	0.9999439356935603	6.752593910073201	7.528124972090728	[21, 20, 5, 8, 34, 88]	26
387	0.9976049142545548	0.999945430741732	6.752593910073201	7.91589050309949	[123, 6, 5, 3, 68, 88]	26
388	0.9976418754543301	0.9999464412835518	6.752593910073201	7.528124972090727	[3, 17, 6, 33, 7, 88]	26
389	0.9976782662652202	0.9999476314772506	6.752593910073201	7.140359441081964	[119, 6, 67, 7, 34, 88]	26
390	0.9977140954895223	0.999948601264709	6.752593910073201	7.140359441081964	[3, 5, 67, 33, 7, 88]	26
391	0.9977493717936964	0.9999497434588266	6.752593910073201	7.528124972090728	[140, 6, 139, 1, 34, 88]	26
392	0.9977841037104603	0.9999508602708527	6.752593910073201	7.140359441081964	[13, 34, 68, 67, 33, 88]	26
393	0.9978182996408544	0.9999521706636298	6.752593910073201	7.91589050309949	[123, 3, 5, 37, 38, 88]	26
394	0.9978519678562733	0.9999537012023937	6.752593910073201	7.140359441081964	[0, 1, 34, 67, 7, 88]	26
395	0.9978851165004666	0.9999547300645628	6.752593910073201	7.528124972090728	[101, 100, 17, 1, 34, 88]	26
396	0.9979177535915088	0.999955736063128	6.752593910073201	7.528124972090727	[101, 100, 41, 27, 33, 88]	26
397	0.9979498870237387	0.9999571525091079	6.752593910073201	7.140359441081964	[119, 6, 33, 7, 34, 88]	26
398	0.9979815245696686	0.9999581046755722	6.752593910073201	7.528124972090727	[119, 6, 5, 3, 34, 88]	26
399	0.9980126738818651	0.9999594453259539	6.752593910073201	7.528124972090727	[119, 17, 48, 50, 34, 88]	26
400	0.9980433424947992	0.9999601963384362	6.752593910073201	6.752593910073201	[3, 68, 67, 33, 34, 88]	26
401	0.9980735378266696	0.9999614700556063	6.752593910073201	7.140359441081964	[144, 43, 67, 7, 34, 88]	26
402	0.9981032671811964	0.9999627030138268	6.752593910073201	7.140359441081964	[123, 6, 33, 68, 34, 88]	26
403	0.9981325377493877	0.9999635318357418	6.752593910073201	7.140359441081964	[3, 17, 4, 7, 34, 88]	26
404	0.9981613566112799	0.999964342239392	6.752593910073201	7.528124972090727	[101, 100, 27, 33, 7, 88]	26
405	0.998189730737649	0.9999652931130082	6.752593910073201	7.528124972090727	[13, 12, 8, 34, 33, 88]	26
406	0.9982176669916977	0.9999660643771636	6.752593910073201	7.528124972090727	[13, 14, 5, 3, 34, 88]	27
407	0.9982451721307147	0.9999666928146236	6.752593910073201	7.528124972090727	[3, 37, 41, 27, 33, 88]	26
408	0.9982722528077098	0.9999673096143528	6.752593910073201	7.528124972090727	[3, 17, 93, 27, 33, 88]	29
409	0.998298915573023	0.9999681813579699	6.752593910073201	7.140359441081964	[3, 17, 33, 27, 34, 88]	26
410	0.9983251668759084	0.9999687705920817	6.752593910073201	7.140359441081964	[3, 17, 29, 7, 34, 88]	26
411	0.998351013066095	0.9999702696036618	6.752593910073201	8.303656034108254	[0, 1, 6, 2, 5, 88]	27
412	0.9983764603953219	0.9999710624142307	6.752593910073201	7.140359441081964	[3, 68, 67, 33, 7, 88]	26
413	0.9984015150188509	0.9999718340831846	6.752593910073201	7.528124972090727	[3, 43, 27, 33, 7, 88]	27
414	0.9984261829969551	0.9999722687423948	6.752593910073201	6.752593910073201	[3, 17, 33, 7, 34, 88]	26
415	0.9984504702963848	0.9999730082425975	6.752593910073201	7.528124972090728	[123, 6, 17, 1, 34, 88]	26
416	0.9984743827918109	0.9999738719788344	6.752593910073201	7.140359441081964	[3, 5, 30, 7, 34, 88]	26
417	0.998497926267246	0.9999745687260655	6.752593910073201	7.140359441081964	[3, 52, 68, 7, 34, 88]	26
418	0.9985211064174427	0.9999751338654862	6.752593910073201	7.140359441081964	[123, 6, 33, 7, 34, 88]	26
419	0.9985439288492723	0.9999755943494587	6.752593910073201	7.140359441081964	[3, 17, 50, 1, 34, 88]	26
420	0.9985663990830799	0.9999761366972485	6.752593910073201	7.528124972090727	[123, 6, 67, 33, 7, 88]	27
421	0.99858852255402	0.9999765786102625	6.752593910073201	7.140359441081964	[3, 17, 1, 34, 33, 88]	26
422	0.9986103046133715	0.9999772031806554	6.752593910073201	7.528124972090727	[13, 12, 8, 34, 68, 88]	26
423	0.9986317505298319	0.9999780785785183	6.752593910073201	7.140359441081964	[13, 34, 68, 67, 7, 88]	26
424	0.9986528654907912	0.9999785657212179	6.752593910073201	7.140359441081964	[0, 1, 34, 68, 7, 88]	26
425	0.9986736546035877	0.9999791373019854	6.752593910073201	7.140359441081964	[140, 6, 67, 7, 34, 88]	26
426	0.9986941228967422	0.9999799384295892	6.752593910073201	7.528124972090727	[13, 98, 7, 67, 68, 88]	26
427	0.9987142753211752	0.9999803099401523	6.752593910073201	6.752593910073201	[3, 17, 68, 7, 34, 88]	26
428	0.998734116751404	0.9999806745708902	6.752593910073201	6.752593910073201	[3, 5, 27, 33, 34, 88]	26
429	0.9987536519867218	0.9999810324492071	6.752593910073201	7.140359441081964	[3, 5, 8, 34, 33, 88]	26
430	0.9987728857523588	0.9999814539503358	6.752593910073201	7.140359441081964	[140, 6, 33, 7, 34, 88]	27
431	0.9987918227006248	0.9999818660847728	6.752593910073201	7.528124972090727	[119, 17, 1, 34, 7, 88]	26
432	0.9988104674120349	0.9999822690606668	6.752593910073201	7.528124972090728	[144, 43, 37, 1, 34, 88]	26
433	0.9988288243964172	0.9999828364507254	6.752593910073201	7.528124972090727	[3, 5, 18, 17, 34, 88]	26
434	0.9988468980940033	0.9999832178629315	6.752593910073201	7.140359441081964	[144, 43, 67, 7, 34, 88]	27
435	0.9988646928765033	0.9999835907993108	6.752593910073201	7.528124972090727	[13, 34, 7, 67, 5, 88]	26
436	0.9988822130481622	0.9999838946733977	6.752593910073201	7.140359441081964	[3, 5, 6, 1, 34, 88]	27
437	0.9988994628468016	0.9999843241487737	6.752593910073201	7.140359441081964	[101, 100, 27, 33, 34, 88]	26
438	0.9989164464448448	0.999984742171473	6.752593910073201	7.528124972090728	[3, 61, 51, 8, 34, 88]	26
439	0.9989331679503256	0.9999850247238532	6.752593910073201	7.140359441081964	[3, 5, 8, 34, 7, 88]	26
440	0.9989496314078823	0.9999853020437819	6.752593910073201	7.140359441081964	[3, 2, 7, 33, 34, 88]	26
441	0.9989658407997359	0.9999855742281563	6.752593910073201	7.140359441081964	[3, 17, 7, 8, 34, 88]	26
442	0.9989818000466536	0.9999860550872177	6.752593910073201	7.528124972090727	[0, 1, 17, 3, 5, 88]	27
443	0.9989975130088966	0.9999865199176438	6.752593910073201	7.915890503099491	[21, 20, 89, 27, 33, 88]	25
444	0.9990129834871544	0.9999867695487985	6.752593910073201	7.140359441081964	[3, 5, 37, 7, 34, 88]	26
445	0.9990282152234637	0.9999871223608305	6.752593910073201	6.752593910073201	[3, 68, 67, 33, 34, 88]	26
446	0.999043211902114	0.9999874657645418	6.752593910073201	7.140359441081964	[3, 17, 33, 67, 7, 88]	26
447	0.9990579771505381	0.9999878668600765	6.752593910073201	7.528124972090728	[119, 17, 29, 1, 34, 88]	27
448	0.9990725145401903	0.9999880915478527	6.752593910073201	7.140359441081964	[3, 104, 33, 7, 34, 88]	26
449	0.9990868275874096	0.9999884091065767	6.752593910073201	7.140359441081964	[3, 6, 33, 7, 34, 88]	26
450	0.9991009197542706	0.999988718197068	6.752593910073201	7.528124972090727	[3, 104, 33, 67, 7, 88]	26
451	0.9991147944494208	0.9999889271193445	6.752593910073201	6.752593910073201	[3, 17, 68, 33, 34, 88]	26
452	0.999128455028905	0.99998913217269	6.752593910073201	6.752593910073201	[3, 17, 68, 33, 34, 88]	27
453	0.9991419047969774	0.9999893736799635	6.752593910073201	7.528124972090727	[119, 6, 1, 34, 7, 88]	26
454	0.9991551470069007	0.9999896570484978	6.752593910073201	6.752593910073201	[3, 5, 67, 7, 34, 88]	26
455	0.9991681848617324	0.9999899880229459	6.752593910073201	7.140359441081964	[3, 5, 67, 33, 7, 88]	26
456	0.9991810215151007	0.9999902550090007	6.752593910073201	7.140359441081964	[3, 17, 33, 67, 7, 88]	26
457	0.9991936600719664	0.9999904715643563	6.752593910073201	7.528124972090727	[3, 17, 37, 7, 68, 88]	26
458	0.9992061035893743	0.9999908374562849	6.752593910073201	7.528124972090727	[140, 57, 41, 27, 33, 88]	26
459	0.9992183550771927	0.999991081790784	6.752593910073201	7.528124972090728	[3, 10, 2, 8, 34, 88]	26
460	0.999230417498841	0.999991279973211	6.752593910073201	7.140359441081964	[144, 43, 27, 33, 34, 88]	26
461	0.999242293772007	0.9999915590140683	6.752593910073201	7.140359441081964	[119, 17, 33, 67, 34, 88]	27
462	0.9992539867693525	0.9999917465915334	6.752593910073201	7.528124972090728	[140, 6, 5, 8, 34, 88]	27
463	0.9992654993192083	0.9999919666824258	6.752593910073201	7.528124972090727	[3, 147, 27, 33, 7, 88]	26
464	0.9992768342062575	0.9999921154475662	6.752593910073201	6.752593910073201	[3, 68, 33, 7, 34, 88]	26
465	0.9992879941722103	0.999992237122758	6.752593910073201	6.752593910073201	[3, 68, 33, 7, 34, 88]	27
466	0.9992989819164663	0.999992380879744	6.752593910073201	7.140359441081964	[3, 10, 33, 7, 34, 88]	26
467	0.9993098000967677	0.9999927465975162	6.752593910073201	7.140359441081964	[101, 100, 33, 67, 34, 88]	27
468	0.9993204513298424	0.9999928809197844	6.752593910073201	7.140359441081964	[3, 17, 68, 67, 7, 88]	26
469	0.9993309381920361	0.9999930127546033	6.752593910073201	7.528124972090727	[3, 17, 6, 4, 34, 88]	26
470	0.9993412632199368	0.9999931680267232	6.752593910073201	7.140359441081964	[123, 3, 17, 7, 34, 88]	27
471	0.9993514289109872	0.9999932945447468	6.752593910073201	7.140359441081964	[3, 6, 67, 7, 34, 88]	26
472	0.9993614377240893	0.9999934733568869	6.752593910073201	7.528124972090727	[0, 1, 34, 33, 38, 88]	26
473	0.9993712920801989	0.9999937239799825	6.752593910073201	7.528124972090727	[3, 4, 33, 67, 7, 88]	26
474	0.999380994362912	0.9999938402025754	6.752593910073201	7.528124972090727	[3, 17, 48, 6, 5, 88]	27
475	0.9993905469190398	0.9999939770869626	6.752593910073201	7.528124972090728	[140, 6, 37, 7, 34, 88]	26
476	0.9993999520591781	0.999994137697977	6.752593910073201	7.528124972090727	[140, 57, 41, 27, 33, 88]	26
477	0.9994092120582648	0.9999942940260309	6.752593910073201	7.528124972090727	[13, 12, 8, 34, 68, 88]	26
478	0.9994183291561312	0.9999943996922155	6.752593910073201	6.752593910073201	[3, 68, 67, 33, 34, 88]	27
479	0.9994273055580427	0.9999945789020647	6.752593910073201	7.91589050309949	[140, 147, 33, 27, 5, 88]	26
480	0.9994361434352333	0.9999947523771986	6.752593910073201	7.140359441081964	[144, 43, 67, 7, 34, 88]	26
481	0.9994448449254304	0.9999948333590319	6.752593910073201	7.528124972090727	[3, 5, 4, 33, 7, 88]	26
482	0.9994534121333712	0.9999949481732756	6.752593910073201	7.140359441081964	[119, 17, 33, 7, 34, 88]	27
483	0.9994618471313131	0.9999950604360918	6.752593910073201	7.528124972090727	[140, 57, 1, 34, 7, 88]	26
484	0.9994701519595336	0.999995192157796	6.752593910073201	6.752593910073201	[3, 68, 67, 7, 34, 88]	26
485	0.9994783286268247	0.9999952811919108	6.752593910073201	7.140359441081964	[3, 17, 43, 8, 34, 88]	26
486	0.9994863791109787	0.9999953860543128	6.752593910073201	7.140359441081964	[119, 17, 33, 7, 34, 88]	27
487	0.999494305359266	0.9999954885864392	6.752593910073201	7.91589050309949	[3, 52, 68, 33, 38, 88]	26
488	0.999502109288907	0.9999955721311348	6.752593910073201	7.140359441081964	[3, 5, 27, 33, 7, 88]	27
489	0.9995097927875349	0.9999956902076379	6.752593910073201	7.528124972090727	[144, 43, 8, 34, 68, 88]	26
490	0.9995173577136532	0.9999958051354342	6.752593910073201	7.528124972090727	[3, 17, 38, 37, 34, 88]	26
491	0.9995248058970845	0.9999959662182335	6.752593910073201	7.528124972090727	[3, 146, 8, 34, 7, 88]	27
492	0.9995321391394135	0.9999961006776257	6.752593910073201	7.140359441081964	[101, 100, 33, 68, 34, 88]	26
493	0.9995393592144225	0.9999962046595557	6.752593910073201	7.140359441081964	[13, 98, 7, 33, 34, 88]	27
494	0.999546467868521	0.9999962890004545	6.752593910073201	7.528124972090727	[13, 34, 27, 33, 68, 88]	26
495	0.9995534668211672	0.9999963577226683	6.752593910073201	6.752593910073201	[3, 17, 7, 67, 34, 88]	26
496	0.9995603577652851	0.9999964742755428	6.752593910073201	7.140359441081964	[13, 34, 67, 33, 7, 88]	26
497	0.9995671423676726	0.9999965682948617	6.752593910073201	7.528124972090727	[13, 18, 5, 3, 34, 88]	26
498	0.999573822269406	0.9999966445549759	6.752593910073201	7.528124972090727	[123, 3, 8, 34, 33, 88]	26
499	0.9995803990862362	0.999996696336535	6.752593910073201	7.140359441081964	[3, 17, 29, 7, 34, 88]	26
