0	0.015432098765432056	0.022222222222222254	7.528124972090727	7.528124972090727	[140, 6, 1, 34, 7, 88]	163
1	0.030626047858558048	0.043950617283950666	7.528124972090727	7.528124972090727	[123, 6, 1, 34, 7, 88]	215
2	0.045585522428642	0.06165523548239604	6.752593910073201	6.752593910073201	[3, 17, 33, 7, 34, 88]	27
3	0.06031414090968146	0.08250734136056503	6.752593910073201	7.528124972090727	[13, 34, 33, 27, 5, 88]	27
4	0.07481546589564314	0.09949794615018415	6.752593910073201	7.140359441081964	[3, 5, 2, 7, 34, 88]	32
5	0.08909300500219186	0.12351133425284588	6.752593910073201	7.915890503099491	[140, 6, 4, 7, 68, 88]	28
6	0.10315021171512095	0.14298886015833823	6.752593910073201	7.140359441081964	[144, 43, 27, 33, 34, 88]	27
7	0.11699048622569008	0.1588594368220727	6.752593910073201	7.528124972090727	[3, 37, 41, 27, 33, 88]	29
8	0.13061717625307134	0.1744361139179602	6.752593910073201	7.140359441081964	[3, 5, 6, 1, 34, 88]	28
9	0.1440335778541042	0.19645115088014786	6.752593910073201	7.140359441081964	[3, 17, 1, 34, 7, 88]	27
10	0.1572429362205532	0.22216471405198313	6.752593910073201	8.303656034108254	[0, 1, 65, 17, 7, 88]	27
11	0.17024844646406312	0.24705544320231965	6.752593910073201	7.528124972090727	[119, 17, 68, 33, 7, 88]	31
12	0.18305325438900033	0.27596851418335056	6.752593910073201	7.140359441081964	[13, 98, 7, 68, 34, 88]	27
13	0.19566045725336756	0.3001028970439056	6.752593910073201	7.915890503099491	[101, 100, 41, 33, 7, 88]	27
14	0.208073104517976	0.31565616599848545	6.752593910073201	7.140359441081964	[119, 6, 33, 7, 34, 88]	30
15	0.22029419858405663	0.3308638067540747	6.752593910073201	7.528124972090728	[144, 43, 6, 1, 34, 88]	31
16	0.2323266955194878	0.34325521774011036	6.752593910073201	7.140359441081964	[3, 8, 34, 67, 7, 88]	33
17	0.2441735057738167	0.35541715815233055	6.752593910073201	7.140359441081964	[3, 5, 8, 34, 7, 88]	31
18	0.2558374948822454	0.36974122130450104	6.752593910073201	7.140359441081964	[123, 3, 5, 8, 34, 88]	27
19	0.2673214841587539	0.39394315840640814	6.752593910073201	7.140359441081964	[13, 98, 7, 33, 34, 88]	27
20	0.2786282513785262	0.4181854320701518	6.752593910073201	7.528124972090727	[101, 100, 41, 27, 33, 88]	26
21	0.28976053144984526	0.43111464469081506	6.752593910073201	7.528124972090728	[101, 100, 37, 33, 34, 88]	26
22	0.30072101707561927	0.44164955867802214	6.752593910073201	7.528124972090727	[3, 17, 52, 10, 34, 88]	27
23	0.31151235940469924	0.4519893816654662	6.752593910073201	7.140359441081964	[13, 34, 67, 33, 7, 88]	28
24	0.32213716867314524	0.4666029981543871	6.752593910073201	7.140359441081964	[3, 17, 50, 1, 34, 88]	27
25	0.3325980148355967	0.48082691820360346	6.752593910073201	7.140359441081964	[3, 17, 65, 1, 34, 88]	26
26	0.34289742818689917	0.49236409779907897	6.752593910073201	7.140359441081964	[0, 1, 34, 67, 7, 88]	27
27	0.35303789997413837	0.5059010551911035	6.752593910073201	7.140359441081964	[3, 17, 28, 8, 34, 88]	27
28	0.3630218829992288	0.5150510356505276	6.752593910073201	7.528124972090728	[13, 14, 17, 7, 34, 88]	26
29	0.37285179221220366	0.5279830080331801	6.752593910073201	6.752593910073201	[3, 17, 7, 67, 34, 88]	28
30	0.38253000529534864	0.5384722745213317	6.752593910073201	7.140359441081964	[144, 43, 27, 33, 34, 88]	30
31	0.3920588632383216	0.5470190842524181	6.752593910073201	7.528124972090727	[3, 17, 43, 27, 34, 88]	32
32	0.40144067090439683	0.5590985753390203	6.752593910073201	7.528124972090727	[140, 147, 27, 33, 7, 88]	32
33	0.4106776975879709	0.5672634165364459	6.752593910073201	7.140359441081964	[3, 5, 4, 33, 34, 88]	31
34	0.4197721775634652	0.573941450231871	6.752593910073201	6.752593910073201	[3, 68, 67, 33, 34, 88]	32
35	0.4287263106257574	0.5853030115590212	6.752593910073201	7.140359441081964	[3, 8, 34, 68, 33, 88]	34
36	0.43754226262227347	0.5945185001910429	6.752593910073201	7.528124972090727	[123, 3, 17, 68, 7, 88]	26
37	0.44622216597686803	0.6035292001867976	6.752593910073201	7.528124972090727	[3, 6, 1, 34, 7, 88]	26
38	0.4547681202056201	0.6123396624048687	6.752593910073201	7.140359441081964	[0, 1, 34, 68, 7, 88]	26
39	0.46318219242466907	0.6209543365736494	6.752593910073201	7.140359441081964	[13, 3, 17, 7, 34, 88]	27
40	0.47146641785021426	0.6279737007111744	6.752593910073201	7.140359441081964	[3, 8, 34, 33, 7, 88]	26
41	0.4796228002907974	0.6398785422884168	6.752593910073201	7.140359441081964	[13, 34, 67, 33, 7, 88]	26
42	0.48765331263198874	0.6537072062645417	6.752593910073201	7.140359441081964	[3, 147, 7, 67, 34, 88]	27
43	0.49555989731359384	0.6647885756640763	6.752593910073201	7.528124972090728	[140, 6, 2, 7, 34, 88]	27
44	0.5033444667994951	0.6737275469797009	6.752593910073201	7.140359441081964	[3, 17, 48, 29, 34, 88]	27
45	0.5110089040402437	0.6841682654763506	6.752593910073201	7.140359441081964	[119, 6, 67, 68, 34, 88]	26
46	0.5185550629285114	0.691186748465765	6.752593910073201	7.528124972090727	[13, 14, 17, 3, 5, 88]	27
47	0.5259847687475159	0.6994217685066779	6.752593910073201	7.140359441081964	[3, 8, 34, 68, 33, 88]	27
48	0.5332998186125233	0.7049880320528505	6.752593910073201	7.140359441081964	[3, 5, 27, 33, 68, 88]	27
49	0.5405019819055399	0.7128550178647745	6.752593910073201	7.528124972090727	[3, 5, 138, 35, 34, 88]	26
50	0.5475930007032939	0.7205122173883804	6.752593910073201	7.140359441081964	[3, 5, 67, 33, 7, 88]	26
51	0.5545745901986134	0.7256879170663735	6.752593910073201	6.752593910073201	[3, 17, 68, 7, 34, 88]	27
52	0.5614484391153014	0.7330029059446035	6.752593910073201	7.528124972090727	[144, 43, 8, 34, 33, 88]	26
53	0.5682162101166085	0.7401228284527473	6.752593910073201	7.140359441081964	[3, 17, 1, 34, 7, 88]	27
54	0.5748795402074016	0.7449353686665854	6.752593910073201	6.752593910073201	[3, 17, 7, 67, 34, 88]	27
55	0.5814400411301268	0.7506034715851057	6.752593910073201	7.140359441081964	[144, 43, 7, 33, 34, 88]	26
56	0.5878992997546619	0.7561456166609922	6.752593910073201	7.528124972090727	[140, 57, 27, 33, 7, 88]	26
57	0.5942588784621516	0.7606614385746775	6.752593910073201	7.140359441081964	[3, 17, 6, 1, 34, 88]	27
58	0.6005203155229208	0.7650936341566279	6.752593910073201	7.140359441081964	[3, 17, 68, 33, 7, 88]	26
59	0.6066851254685548	0.7726106378636158	6.752593910073201	7.528124972090727	[13, 34, 68, 67, 5, 88]	27
60	0.6127547994582376	0.77766373479998	6.752593910073201	7.140359441081964	[0, 1, 34, 67, 33, 88]	29
61	0.6187308056394376	0.7817810730444248	6.752593910073201	6.752593910073201	[3, 17, 68, 7, 34, 88]	31
62	0.6246145895030265	0.7876002444299067	6.752593910073201	6.752593910073201	[3, 5, 67, 68, 34, 88]	32
63	0.630407574232918	0.792320238998131	6.752593910073201	7.528124972090727	[140, 57, 1, 34, 33, 88]	32
64	0.6361111610503113	0.8002951418206028	6.752593910073201	7.528124972090727	[140, 57, 41, 27, 33, 88]	31
65	0.6417267295526212	0.8056206047053867	6.752593910073201	7.528124972090728	[3, 2, 6, 1, 34, 88]	33
66	0.6472556380471796	0.8118407453548143	6.752593910073201	7.528124972090727	[3, 17, 30, 7, 68, 88]	31
67	0.6526992238797849	0.8160220621247074	6.752593910073201	7.140359441081964	[0, 1, 34, 67, 7, 88]	32
68	0.6580588037581832	0.823381179639719	6.752593910073201	7.528124972090728	[21, 20, 5, 8, 34, 88]	32
69	0.6633356740705569	0.8292684736517284	6.752593910073201	7.140359441081964	[144, 43, 7, 68, 34, 88]	31
70	0.6685311111990977	0.8324301685841038	6.752593910073201	7.140359441081964	[3, 52, 68, 7, 34, 88]	32
71	0.6736463718287411	0.8388648501104743	6.752593910073201	7.140359441081964	[140, 6, 67, 33, 34, 88]	32
72	0.6786826932511372	0.845052439866232	6.752593910073201	7.140359441081964	[119, 17, 68, 7, 34, 88]	32
73	0.6836412936639282	0.8500107617905126	6.752593910073201	7.140359441081964	[140, 147, 33, 67, 34, 88]	29
74	0.6885233724654107	0.8540104748094323	6.752593910073201	7.528124972090727	[140, 57, 1, 34, 68, 88]	26
75	0.6933301105446482	0.8596164725767501	6.752593910073201	7.528124972090728	[119, 6, 52, 68, 34, 88]	27
76	0.6980626705671074	0.8622161675290325	6.752593910073201	7.528124972090727	[3, 34, 33, 27, 7, 88]	27
77	0.7027221972558866	0.8647677199821986	6.752593910073201	7.140359441081964	[13, 3, 17, 1, 34, 88]	26
78	0.7073098176686043	0.8690951529427682	6.752593910073201	7.528124972090727	[123, 6, 67, 68, 7, 88]	27
79	0.7118266414700147	0.87200414954404	6.752593910073201	7.140359441081964	[13, 3, 17, 1, 34, 88]	27
80	0.7162737612004157	0.8743744430710022	6.752593910073201	7.140359441081964	[3, 5, 4, 7, 34, 88]	26
81	0.7206522525399155	0.8783944608927302	6.752593910073201	7.528124972090727	[3, 5, 35, 7, 68, 88]	27
82	0.7249631745686205	0.8806464153206426	6.752593910073201	7.140359441081964	[3, 5, 37, 7, 34, 88]	26
83	0.7292075700228084	0.8838291775787588	6.752593910073201	7.528124972090728	[13, 12, 4, 7, 34, 88]	27
84	0.7333864655471478	0.885980489105078	6.752593910073201	7.528124972090727	[3, 17, 4, 33, 7, 88]	26
85	0.7375008719430252	0.8896291134537155	6.752593910073201	7.140359441081964	[3, 5, 67, 1, 34, 88]	27
86	0.7415517844130401	0.8925723370949498	6.752593910073201	7.140359441081964	[119, 6, 33, 68, 34, 88]	27
87	0.7455401828017278	0.8954370747724179	6.752593910073201	6.752593910073201	[3, 5, 67, 33, 34, 88]	26
88	0.7494670318325654	0.8987830883797004	6.752593910073201	7.528124972090728	[3, 99, 65, 1, 34, 88]	26
89	0.753333281341322	0.9006574756319282	6.752593910073201	6.752593910073201	[3, 5, 27, 33, 34, 88]	27
90	0.7571398665058078	0.9033066096150768	6.752593910073201	7.140359441081964	[3, 5, 52, 68, 34, 88]	27
91	0.7608877080720762	0.9071743452304737	6.752593910073201	7.528124972090727	[144, 43, 67, 33, 7, 88]	27
92	0.7645777125771367	0.9092371375586854	6.752593910073201	7.528124972090727	[3, 17, 4, 34, 68, 88]	26
93	0.7682107725682302	0.9116574805571205	6.752593910073201	6.752593910073201	[3, 68, 67, 33, 34, 88]	26
94	0.7717877668187205	0.9136206476558512	6.752593910073201	7.140359441081964	[0, 1, 34, 67, 7, 88]	27
95	0.7753095605406538	0.9159240970516951	6.752593910073201	7.140359441081964	[3, 5, 67, 68, 7, 88]	26
96	0.7787770055940388	0.9186145259460409	6.752593910073201	7.140359441081964	[119, 17, 68, 7, 34, 88]	27
97	0.7821909406928962	0.9204230920361288	6.752593910073201	6.752593910073201	[3, 68, 67, 33, 34, 88]	27
98	0.7855521916081293	0.9234788453019415	6.752593910073201	7.915890503099491	[123, 6, 30, 7, 33, 88]	27
99	0.7888615713672631	0.9255194094272231	6.752593910073201	7.528124972090727	[3, 17, 1, 67, 7, 88]	26
100	0.7921198804511016	0.9271745336621736	6.752593910073201	7.140359441081964	[13, 3, 17, 68, 34, 88]	27
101	0.79532790698735	0.9282983834513376	6.752593910073201	6.752593910073201	[3, 5, 27, 33, 34, 88]	26
102	0.7984864269412489	0.9296261911652017	6.752593910073201	7.140359441081964	[3, 17, 1, 34, 33, 88]	27
103	0.8015962043032667	0.931502826067463	6.752593910073201	7.528124972090727	[3, 68, 33, 27, 7, 88]	26
104	0.8046579912738953	0.9333294173723307	6.752593910073201	7.528124972090727	[13, 34, 68, 33, 38, 88]	27
105	0.8076725284455943	0.9354628760164161	6.752593910073201	7.528124972090727	[13, 3, 68, 33, 7, 88]	26
106	0.8106405449819278	0.9368970343271624	6.752593910073201	7.140359441081964	[13, 34, 67, 33, 7, 88]	27
107	0.8135627587939351	0.9389163292286932	6.752593910073201	7.140359441081964	[13, 3, 68, 33, 34, 88]	26
108	0.8164398767137817	0.9402737441347223	6.752593910073201	7.140359441081964	[123, 6, 67, 68, 34, 88]	26
109	0.8192725946657295	0.9418664442911296	6.752593910073201	7.140359441081964	[3, 5, 37, 1, 34, 88]	26
110	0.8220615978344683	0.9441917865194844	6.752593910073201	7.140359441081964	[144, 43, 67, 7, 34, 88]	27
111	0.8248075608308499	0.9456800055456316	6.752593910073201	7.140359441081964	[3, 5, 4, 33, 34, 88]	26
112	0.8275111478550652	0.9466859313688606	6.752593910073201	7.140359441081964	[3, 17, 37, 1, 34, 88]	26
113	0.8301730128573019	0.9492450066631553	6.752593910073201	7.91589050309949	[101, 100, 26, 19, 5, 88]	27
114	0.8327937996959238	0.9503728954039741	6.752593910073201	7.528124972090727	[0, 1, 17, 3, 5, 88]	27
115	0.8353741422932088	0.951291915859456	6.752593910073201	6.752593910073201	[3, 17, 33, 7, 34, 88]	26
116	0.837914664788684	0.953162306290453	6.752593910073201	7.528124972090727	[3, 8, 34, 67, 5, 88]	27
117	0.8404159816900932	0.9540296709887779	6.752593910073201	7.91589050309949	[13, 34, 1, 37, 5, 88]	27
118	0.8428786980220363	0.9550512338556939	6.752593910073201	7.140359441081964	[123, 6, 67, 7, 34, 88]	27
119	0.8453034094723135	0.9562498676195421	6.752593910073201	7.140359441081964	[3, 17, 43, 8, 34, 88]	35
120	0.8476907025360123	0.9570600552562172	6.752593910073201	6.752593910073201	[3, 17, 33, 7, 34, 88]	26
121	0.8500411546573702	0.9578552394181391	6.752593910073201	7.140359441081964	[3, 5, 6, 1, 34, 88]	27
122	0.8523553343694478	0.9587917896532916	6.752593910073201	7.528124972090727	[123, 6, 1, 34, 7, 88]	26
123	0.8546338014316477	0.9595549046597122	6.752593910073201	7.140359441081964	[3, 17, 1, 34, 33, 88]	27
124	0.8568771069651099	0.960453684556163	6.752593910073201	7.140359441081964	[3, 5, 30, 7, 34, 88]	26
125	0.8590857935860187	0.9615082529679986	6.752593910073201	7.140359441081964	[3, 4, 7, 67, 34, 88]	27
126	0.8612603955368516	0.9625346995555186	6.752593910073201	7.140359441081964	[13, 34, 67, 33, 7, 88]	26
127	0.8634014388156039	0.9635337742340382	6.752593910073201	7.140359441081964	[3, 5, 6, 1, 34, 88]	26
128	0.8655094413030175	0.9642090747111856	6.752593910073201	6.752593910073201	[3, 5, 67, 7, 34, 88]	27
129	0.8675849128878474	0.965163499385554	6.752593910073201	7.140359441081964	[3, 5, 35, 7, 34, 88]	26
130	0.8696283555901955	0.965808619767303	6.752593910073201	7.528124972090727	[3, 5, 4, 10, 34, 88]	27
131	0.8716402636829393	0.9667203899068416	6.752593910073201	6.752593910073201	[3, 68, 67, 33, 34, 88]	27
132	0.8736211238112891	0.9677853374298226	6.752593910073201	7.140359441081964	[119, 17, 33, 67, 34, 88]	26
133	0.8755714151104975	0.9686443950983608	6.752593910073201	7.915890503099491	[123, 58, 56, 29, 34, 88]	27
134	0.8774916093217553	0.9693411863183972	6.752593910073201	7.140359441081964	[3, 8, 34, 68, 7, 88]	26
135	0.8793821709062961	0.9703222683562084	6.752593910073201	7.140359441081964	[0, 1, 34, 68, 7, 88]	27
136	0.8812435571577422	0.9711136745333762	6.752593910073201	7.140359441081964	[3, 5, 30, 7, 34, 88]	26
137	0.8830762183127152	0.9720380369483081	6.752593910073201	7.140359441081964	[3, 5, 67, 68, 7, 88]	27
138	0.8848805976597413	0.9727836892963533	6.752593910073201	7.140359441081964	[3, 43, 67, 33, 34, 88]	27
139	0.8866571316464736	0.9735094575817839	6.752593910073201	7.140359441081964	[3, 5, 30, 7, 34, 88]	26
140	0.8884062499852626	0.9740981363021887	6.752593910073201	7.140359441081964	[144, 43, 7, 33, 34, 88]	27
141	0.890128375757095	0.9745778004447407	6.752593910073201	7.140359441081964	[13, 34, 68, 33, 7, 88]	27
142	0.89182392551393	0.9752557257662143	6.752593910073201	7.140359441081964	[3, 5, 67, 33, 7, 88]	27
143	0.8934933093794557	0.9758055985269651	6.752593910073201	6.752593910073201	[3, 68, 67, 7, 34, 88]	26
144	0.8951369311482913	0.976253642998688	6.752593910073201	6.752593910073201	[3, 68, 33, 7, 34, 88]	27
145	0.8967551883836571	0.9767813398209393	6.752593910073201	7.140359441081964	[140, 6, 33, 7, 34, 88]	27
146	0.898348472513539	0.9772973100471407	6.752593910073201	7.140359441081964	[101, 100, 27, 33, 34, 88]	26
147	0.8999171689253671	0.9779027151125502	6.752593910073201	7.140359441081964	[3, 5, 67, 1, 34, 88]	27
148	0.9014616570592349	0.9783937658878269	6.752593910073201	7.528124972090728	[144, 43, 6, 1, 34, 88]	26
149	0.9029823104996788	0.9790851653794165	6.752593910073201	7.140359441081964	[101, 100, 33, 67, 34, 88]	27
150	0.9044794970660417	0.9798882950288469	6.752593910073201	7.528124972090727	[101, 100, 33, 67, 7, 88]	26
151	0.9059535789014423	0.980424607161411	6.752593910073201	7.140359441081964	[3, 17, 1, 34, 33, 88]	26
152	0.9074049125603707	0.9808596158911573	6.752593910073201	7.528124972090728	[0, 1, 29, 7, 34, 88]	27
153	0.9088338490949328	0.9814721081826403	6.752593910073201	7.140359441081964	[13, 34, 67, 33, 7, 88]	26
154	0.9102407341397641	0.9819661852977699	6.752593910073201	6.752593910073201	[3, 17, 68, 67, 34, 88]	27
155	0.9116259079956319	0.9824470870231627	6.752593910073201	7.528124972090728	[140, 147, 33, 1, 34, 88]	26
156	0.9129897057117488	0.9831211188814732	6.752593910073201	7.528124972090728	[13, 18, 5, 67, 34, 88]	26
157	0.9143324571668143	0.9836612430772661	6.752593910073201	7.140359441081964	[123, 3, 68, 7, 34, 88]	26
158	0.9156544871488079	0.9840243265644381	6.752593910073201	7.140359441081964	[123, 3, 5, 8, 34, 88]	26
159	0.9169561154335486	0.9844503445227196	6.752593910073201	7.140359441081964	[3, 5, 37, 7, 34, 88]	26
160	0.9182376568620432	0.9847958924222148	6.752593910073201	7.528124972090728	[119, 17, 6, 8, 34, 88]	26
161	0.9194994214166413	0.9852824238647039	6.752593910073201	7.528124972090727	[140, 147, 33, 68, 7, 88]	33
162	0.9207417142960141	0.9855095469532116	6.752593910073201	7.140359441081964	[3, 37, 33, 7, 34, 88]	26
163	0.9219648359889768	0.985831557020918	6.752593910073201	7.140359441081964	[144, 43, 27, 33, 34, 88]	27
164	0.9231690823471717	0.9863038384535541	6.752593910073201	7.140359441081964	[101, 100, 33, 7, 34, 88]	26
165	0.9243547446566289	0.9867421156230403	6.752593910073201	7.528124972090727	[13, 12, 5, 3, 34, 88]	27
166	0.9255221097082241	0.987166367923103	6.752593910073201	7.140359441081964	[0, 1, 34, 68, 33, 88]	27
167	0.9266714598670478	0.9875085981118202	6.752593910073201	7.915890503099491	[144, 43, 50, 33, 7, 88]	26
168	0.9278030731407044	0.9878417021621717	6.752593910073201	7.140359441081964	[123, 6, 67, 33, 34, 88]	27
169	0.9289172232465578	0.9881659234378471	6.752593910073201	7.140359441081964	[3, 43, 67, 33, 34, 88]	26
170	0.9300141796779381	0.9884814988128379	6.752593910073201	7.140359441081964	[3, 17, 68, 67, 7, 88]	27
171	0.9310942077693279	0.9886948043903779	6.752593910073201	7.140359441081964	[3, 17, 29, 7, 34, 88]	26
172	0.932157568760542	0.9889041598646302	6.752593910073201	7.140359441081964	[3, 17, 1, 34, 7, 88]	26
173	0.9332045198599164	0.989259226748962	6.752593910073201	7.91589050309949	[119, 17, 3, 2, 7, 88]	26
174	0.9342353143065225	0.9894581299573145	6.752593910073201	6.752593910073201	[3, 5, 27, 33, 34, 88]	26
175	0.9352502014314219	0.9896533497729199	6.752593910073201	7.140359441081964	[3, 6, 33, 7, 34, 88]	27
176	0.936249426717974	0.9900506611416398	6.752593910073201	7.915890503099491	[13, 12, 4, 33, 7, 88]	26
177	0.9372332318612151	0.9902717575607144	6.752593910073201	7.915890503099491	[144, 43, 29, 33, 7, 88]	27
178	0.9382018548263199	0.9905830613187716	6.752593910073201	7.140359441081964	[119, 6, 67, 7, 34, 88]	26
179	0.9391555299061606	0.9908341796836043	6.752593910073201	7.528124972090727	[3, 17, 48, 6, 33, 88]	27
180	0.9400944877779791	0.9911397070274842	6.752593910073201	7.528124972090727	[0, 1, 34, 8, 5, 88]	26
181	0.9410189555591831	0.9913037865269752	6.752593910073201	7.140359441081964	[3, 17, 6, 67, 34, 88]	27
182	0.9419291568622822	0.991582065358112	6.752593910073201	7.528124972090727	[123, 3, 5, 67, 33, 88]	27
183	0.9428253118489753	0.9918514392666524	6.752593910073201	7.140359441081964	[0, 1, 34, 68, 33, 88]	26
184	0.9437076372834047	0.9921121932101196	6.752593910073201	7.140359441081964	[140, 6, 67, 33, 34, 88]	27
185	0.9445763465845868	0.9922874778054502	6.752593910073201	7.140359441081964	[101, 100, 33, 7, 34, 88]	26
186	0.9454316498780345	0.9924303022905344	6.752593910073201	7.140359441081964	[3, 17, 37, 7, 34, 88]	26
187	0.9462737540465833	0.9925985177951893	6.752593910073201	7.140359441081964	[13, 34, 67, 33, 7, 88]	26
188	0.9471028627804323	0.9927629951775184	6.752593910073201	7.528124972090727	[13, 3, 5, 4, 34, 88]	27
189	0.9479191766264133	0.9929945793318378	6.752593910073201	6.752593910073201	[3, 5, 67, 7, 34, 88]	26
190	0.9487228930364995	0.9931502553466859	6.752593910073201	7.140359441081964	[0, 1, 34, 67, 33, 88]	26
191	0.9495142064155659	0.9933329152041076	6.752593910073201	7.140359441081964	[3, 17, 68, 67, 7, 88]	27
192	0.9502933081684121	0.9934810726440163	6.752593910073201	7.528124972090727	[144, 43, 17, 3, 5, 88]	26
193	0.9510603867460601	0.9936259376963714	6.752593910073201	7.140359441081964	[0, 1, 34, 68, 33, 88]	26
194	0.9518156276913369	0.9937439758871794	6.752593910073201	7.528124972090727	[3, 17, 48, 29, 7, 88]	26
195	0.9525592136837545	0.9938405194691674	6.752593910073201	7.140359441081964	[3, 17, 29, 1, 34, 88]	26
196	0.9532913245836966	0.993935573181063	6.752593910073201	7.140359441081964	[3, 5, 27, 33, 7, 88]	27
197	0.9540121374759235	0.9940972912295679	6.752593910073201	8.303656034108254	[3, 43, 50, 1, 7, 88]	26
198	0.9547218267124061	0.9943239552463525	6.752593910073201	7.140359441081964	[140, 147, 7, 67, 34, 88]	27
199	0.9554205639544987	0.9944753164397832	6.752593910073201	7.91589050309949	[3, 17, 24, 26, 5, 88]	26
200	0.9561085182144601	0.99465210631371	6.752593910073201	7.140359441081964	[123, 6, 67, 68, 34, 88]	27
201	0.9567858558963357	0.9948574654312636	6.752593910073201	7.91589050309949	[13, 14, 19, 26, 5, 88]	27
202	0.9574527408362071	0.9949945996864299	6.752593910073201	7.140359441081964	[3, 17, 68, 67, 7, 88]	26
203	0.9581093343418212	0.9951058308045092	6.752593910073201	7.140359441081964	[140, 6, 67, 7, 34, 88]	27
204	0.9587557952316079	0.9952145901199646	6.752593910073201	7.528124972090728	[140, 6, 37, 1, 34, 88]	26
205	0.9593922798730954	0.9953032088214467	6.752593910073201	7.528124972090727	[3, 17, 33, 27, 7, 88]	27
206	0.9600189422207328	0.9954284565862082	6.752593910073201	6.752593910073201	[3, 5, 27, 33, 34, 88]	27
207	0.960635933853129	0.9955747459754495	6.752593910073201	6.752593910073201	[3, 17, 7, 67, 34, 88]	27
208	0.9612434040097164	0.9956730849537728	6.752593910073201	7.140359441081964	[3, 5, 37, 1, 34, 88]	26
209	0.9618414996268504	0.9957884693550055	6.752593910073201	7.528124972090728	[3, 56, 25, 67, 34, 88]	26
210	0.9624303653733497	0.9959232383356453	6.752593910073201	7.528124972090727	[140, 6, 67, 68, 7, 88]	26
211	0.9630101436854893	0.9960319519800281	6.752593910073201	7.528124972090727	[3, 10, 33, 67, 7, 88]	27
212	0.963580974801454	0.9961377665938941	6.752593910073201	7.91589050309949	[3, 24, 27, 41, 33, 88]	26
213	0.9641429967952587	0.9962092894347478	6.752593910073201	7.140359441081964	[3, 68, 67, 1, 34, 88]	27
214	0.9646963456101467	0.996293527447309	6.752593910073201	7.528124972090727	[119, 6, 17, 3, 5, 88]	26
215	0.9652411550914716	0.9963621658279145	6.752593910073201	6.752593910073201	[3, 17, 33, 7, 34, 88]	27
216	0.9657775570190723	0.9964295331273975	6.752593910073201	7.140359441081964	[140, 147, 33, 7, 34, 88]	26
217	0.9663056811391484	0.9965088768356776	6.752593910073201	7.140359441081964	[3, 5, 8, 34, 33, 88]	26
218	0.966825655195643	0.9965735272646465	6.752593910073201	6.752593910073201	[3, 5, 27, 33, 34, 88]	28
219	0.9673376049611423	0.9966369804634493	6.752593910073201	7.140359441081964	[3, 5, 27, 7, 34, 88]	27
220	0.9678416542672975	0.9967661204136529	6.752593910073201	7.528124972090727	[101, 100, 33, 67, 7, 88]	27
221	0.9683379250347776	0.9968260070726593	6.752593910073201	6.752593910073201	[3, 17, 33, 7, 34, 88]	26
222	0.9688265373027594	0.996884784719462	6.752593910073201	6.752593910073201	[3, 5, 67, 7, 34, 88]	27
223	0.9693076092579637	0.9969540117256961	6.752593910073201	7.140359441081964	[3, 17, 1, 34, 33, 88]	26
224	0.969781257263242	0.9970217003540139	6.752593910073201	7.140359441081964	[13, 3, 17, 33, 34, 88]	27
225	0.9702475958857228	0.9970878847905914	6.752593910073201	8.303656034108254	[13, 3, 6, 8, 7, 88]	27
226	0.9707067379245234	0.9971655411961756	6.752593910073201	7.140359441081964	[3, 17, 37, 1, 34, 88]	26
227	0.9711587944380339	0.9972285291695939	6.752593910073201	7.140359441081964	[3, 17, 1, 34, 7, 88]	27
228	0.9716038747707803	0.9972712987811743	6.752593910073201	6.752593910073201	[3, 5, 67, 68, 34, 88]	27
229	0.9720420865798731	0.9973218302852267	6.752593910073201	6.752593910073201	[3, 17, 33, 7, 34, 88]	26
230	0.9724735358610479	0.9973714260206854	6.752593910073201	7.91589050309949	[3, 17, 7, 2, 5, 88]	27
231	0.9728983269743033	0.9974415213268004	6.752593910073201	7.528124972090727	[13, 34, 8, 7, 68, 88]	27
232	0.9733165626691443	0.9975397669078513	6.752593910073201	7.528124972090728	[140, 147, 38, 8, 34, 88]	26
233	0.9737283441094353	0.9975777334679153	6.752593910073201	6.752593910073201	[3, 68, 33, 7, 34, 88]	27
234	0.97413377089787	0.9976225902555466	6.752593910073201	6.752593910073201	[3, 68, 33, 7, 34, 88]	27
235	0.9745329411000634	0.9976666163619253	6.752593910073201	6.752593910073201	[3, 17, 68, 33, 34, 88]	26
236	0.9749259512682722	0.9977288399256073	6.752593910073201	7.528124972090727	[3, 5, 32, 68, 7, 88]	27
237	0.9753128964647495	0.9977793101494827	6.752593910073201	7.140359441081964	[0, 1, 34, 68, 7, 88]	26
238	0.975693870284738	0.9978645846397426	6.752593910073201	7.140359441081964	[140, 6, 67, 33, 34, 88]	26
239	0.9760689648791093	0.9979215290493494	6.752593910073201	7.528124972090728	[3, 56, 50, 1, 34, 88]	27
240	0.9764382709766539	0.9979769549413667	6.752593910073201	7.528124972090727	[3, 5, 61, 10, 34, 88]	26
241	0.9768018779060265	0.9980309028095969	6.752593910073201	7.140359441081964	[140, 147, 33, 7, 34, 88]	26
242	0.9771598736173532	0.9980673675723822	6.752593910073201	7.140359441081964	[3, 5, 27, 33, 7, 88]	27
243	0.9775123447035052	0.9981031570617825	6.752593910073201	7.140359441081964	[3, 8, 34, 68, 33, 88]	26
244	0.9778593764210437	0.9981638560358055	6.752593910073201	7.528124972090728	[144, 43, 50, 67, 34, 88]	27
245	0.9782010527108425	0.9982226126426598	6.752593910073201	7.528124972090728	[13, 12, 4, 7, 34, 88]	27
246	0.9785374562183912	0.9982908643171816	6.752593910073201	7.528124972090727	[13, 98, 34, 67, 33, 88]	27
247	0.9788686683137864	0.9983455566590318	6.752593910073201	7.528124972090727	[3, 17, 48, 29, 68, 88]	26
248	0.9791947691114131	0.9983823220666088	6.752593910073201	7.528124972090728	[144, 43, 6, 8, 34, 88]	27
249	0.9795158374893234	0.9984254601448327	6.752593910073201	7.140359441081964	[3, 5, 12, 8, 34, 88]	27
250	0.9798319511083153	0.9984674478743037	6.752593910073201	7.140359441081964	[3, 5, 12, 8, 34, 88]	26
251	0.9801431864307178	0.9985015045882081	6.752593910073201	7.140359441081964	[123, 3, 17, 33, 34, 88]	27
252	0.9804496187388858	0.998534804486248	6.752593910073201	7.528124972090727	[101, 100, 41, 27, 34, 88]	27
253	0.9807513221534092	0.9985673643865536	6.752593910073201	7.528124972090727	[3, 5, 14, 17, 34, 88]	30
254	0.9810483696510417	0.998599200733519	6.752593910073201	7.140359441081964	[119, 6, 33, 7, 34, 88]	27
255	0.9813408330823528	0.9986440263100465	6.752593910073201	7.528124972090727	[119, 6, 48, 17, 34, 88]	26
256	0.9816287831891066	0.998674159058712	6.752593910073201	7.140359441081964	[140, 6, 33, 7, 34, 88]	27
257	0.9819122896213734	0.9987165859688333	6.752593910073201	8.303656034108254	[119, 6, 28, 8, 5, 88]	32
258	0.982191420954377	0.9987403528953364	6.752593910073201	7.140359441081964	[3, 17, 6, 1, 34, 88]	27
259	0.982466244705081	0.9987636796935708	6.752593910073201	6.752593910073201	[3, 68, 33, 7, 34, 88]	27
260	0.9827368273485212	0.9987966482350756	6.752593910073201	7.91589050309949	[3, 5, 37, 1, 7, 88]	28
261	0.9830032343338835	0.9988189325270187	6.752593910073201	6.752593910073201	[3, 68, 67, 7, 34, 88]	27
262	0.9832655301003359	0.9988451784708627	6.752593910073201	7.528124972090727	[144, 43, 17, 3, 5, 88]	26
263	0.9835237780926147	0.9988759737116397	6.752593910073201	6.752593910073201	[3, 5, 67, 68, 34, 88]	27
264	0.9837780407763707	0.9989119425528672	6.752593910073201	7.528124972090728	[140, 6, 76, 1, 34, 88]	26
265	0.9840283796532785	0.998936121607248	6.752593910073201	7.140359441081964	[119, 17, 68, 7, 34, 88]	26
266	0.9842748552759131	0.998970165715816	6.752593910073201	7.915890503099491	[3, 10, 52, 68, 33, 88]	27
267	0.9845175272623958	0.9990044935252889	6.752593910073201	7.528124972090728	[21, 20, 5, 67, 34, 88]	27
268	0.9847564543108157	0.9990266158913935	6.752593910073201	7.140359441081964	[0, 1, 34, 68, 7, 88]	27
269	0.9849916942134266	0.9990446415230344	6.752593910073201	6.752593910073201	[3, 68, 67, 7, 34, 88]	27
270	0.9852233038706267	0.9990701177490868	6.752593910073201	7.140359441081964	[3, 5, 35, 7, 34, 88]	26
271	0.9854513393047221	0.999090781799107	6.752593910073201	7.140359441081964	[123, 3, 17, 1, 34, 88]	27
272	0.9856758556734764	0.9991076191731977	6.752593910073201	7.140359441081964	[3, 5, 6, 8, 34, 88]	26
273	0.9858969072834536	0.9991241447440644	6.752593910073201	7.140359441081964	[119, 17, 33, 7, 34, 88]	26
274	0.9861145476031533	0.9991436081941963	6.752593910073201	7.528124972090727	[13, 34, 33, 27, 7, 88]	27
275	0.9863288292759441	0.9991664453090178	6.752593910073201	7.140359441081964	[3, 68, 67, 33, 7, 88]	26
276	0.9865398041327968	0.9991849687465951	6.752593910073201	7.140359441081964	[119, 17, 3, 8, 34, 88]	27
277	0.9867475232048216	0.9992030805522264	6.752593910073201	7.140359441081964	[3, 5, 67, 33, 7, 88]	26
278	0.9869520367356114	0.9992178383197777	6.752593910073201	6.752593910073201	[3, 5, 27, 33, 34, 88]	27
279	0.9871533941933952	0.9992352196904494	6.752593910073201	7.140359441081964	[140, 147, 33, 7, 34, 88]	26
280	0.9873516442830033	0.9992522148084393	6.752593910073201	7.140359441081964	[119, 17, 3, 8, 34, 88]	26
281	0.9875468349576483	0.9992761439345693	6.752593910073201	7.140359441081964	[13, 34, 67, 33, 7, 88]	27
282	0.9877390134305241	0.9992922296249122	6.752593910073201	7.915890503099491	[3, 43, 8, 7, 68, 88]	27
283	0.9879282261862259	0.9993053364837101	6.752593910073201	7.140359441081964	[3, 5, 27, 33, 7, 88]	27
284	0.988114518991994	0.9993207734507388	6.752593910073201	7.140359441081964	[3, 5, 67, 33, 7, 88]	27
285	0.9882979369087842	0.9993425087003152	6.752593910073201	7.528124972090727	[3, 17, 100, 33, 68, 88]	27
286	0.9884785243021672	0.9993600418016401	6.752593910073201	6.752593910073201	[3, 68, 67, 7, 34, 88]	27
287	0.9886563248530597	0.9993805204639876	6.752593910073201	7.528124972090727	[3, 99, 41, 27, 33, 88]	27
288	0.9888313815682902	0.9993970399182812	6.752593910073201	7.140359441081964	[3, 17, 48, 50, 34, 88]	26
289	0.9890037367910018	0.9994131188537937	6.752593910073201	6.752593910073201	[3, 68, 67, 7, 34, 88]	27
290	0.9891734322108937	0.9994239870231679	6.752593910073201	6.752593910073201	[3, 68, 67, 7, 34, 88]	26
291	0.9893405088743059	0.9994424194384266	6.752593910073201	7.528124972090728	[144, 43, 29, 1, 34, 88]	27
292	0.9895050071941468	0.9994548101175726	6.752593910073201	7.140359441081964	[123, 6, 67, 7, 34, 88]	26
293	0.9896669669596693	0.9994669254482932	6.752593910073201	7.528124972090727	[101, 100, 17, 3, 5, 88]	27
294	0.9898264273460942	0.9994811407696721	6.752593910073201	7.528124972090727	[3, 5, 40, 50, 34, 88]	26
295	0.9899834269240865	0.9994984360773497	6.752593910073201	7.140359441081964	[0, 1, 34, 68, 33, 88]	26
296	0.9901380036690851	0.9995144861228745	6.752593910073201	7.528124972090728	[140, 6, 76, 1, 34, 88]	26
297	0.9902901949704882	0.9995274331595978	6.752593910073201	6.752593910073201	[3, 68, 67, 7, 34, 88]	26
298	0.9904400376406967	0.9995361843973831	6.752593910073201	7.528124972090727	[3, 61, 41, 27, 33, 88]	28
299	0.9905875679240193	0.9995447735752093	6.752593910073201	6.752593910073201	[3, 5, 67, 33, 34, 88]	26
300	0.9907328215054387	0.999556912946537	6.752593910073201	7.140359441081964	[3, 17, 139, 7, 34, 88]	26
301	0.9908758335192437	0.999565118262342	6.752593910073201	7.528124972090727	[13, 18, 17, 3, 5, 88]	26
302	0.991016638557527	0.9995790344779469	6.752593910073201	7.140359441081964	[140, 6, 67, 68, 34, 88]	26
303	0.9911552706785528	0.999588389267326	6.752593910073201	7.140359441081964	[13, 98, 7, 33, 34, 88]	26
304	0.9912917634149948	0.9996081465824943	6.752593910073201	7.91589050309949	[0, 1, 7, 67, 5, 88]	26
305	0.9914261497820474	0.9996212083630778	6.752593910073201	7.140359441081964	[0, 1, 34, 33, 7, 88]	26
306	0.9915584622854109	0.9996357539619356	6.752593910073201	7.140359441081964	[3, 8, 34, 33, 7, 88]	27
307	0.9916887329291545	0.9996424992589368	6.752593910073201	7.140359441081964	[3, 17, 37, 7, 34, 88]	27
308	0.9918169932234577	0.9996504437198493	6.752593910073201	7.140359441081964	[119, 6, 33, 68, 34, 88]	26
309	0.9919432741922315	0.9996616295208142	6.752593910073201	7.140359441081964	[123, 3, 68, 7, 34, 88]	27
310	0.992067606380623	0.999667895640799	6.752593910073201	6.752593910073201	[3, 17, 68, 33, 34, 88]	26
311	0.9921900198624035	0.9996767517570444	6.752593910073201	7.91589050309949	[3, 17, 4, 2, 5, 88]	26
312	0.992310544247243	0.9996853717101899	6.752593910073201	7.915890503099491	[3, 2, 6, 67, 7, 88]	27
313	0.9924292086878719	0.9996923634499635	6.752593910073201	7.140359441081964	[13, 34, 68, 33, 7, 88]	27
314	0.9925460418871331	0.9997041766934849	6.752593910073201	7.528124972090728	[3, 56, 29, 68, 34, 88]	26
315	0.9926610721049243	0.9997107505447408	6.752593910073201	6.752593910073201	[3, 5, 67, 7, 34, 88]	27
316	0.9927743271650334	0.9997218577238227	6.752593910073201	7.91589050309949	[119, 17, 48, 40, 5, 88]	26
317	0.9928858344618694	0.9997280386632933	6.752593910073201	7.528124972090727	[140, 57, 1, 34, 7, 88]	26
318	0.9929956209670875	0.9997330749843435	6.752593910073201	7.140359441081964	[3, 5, 27, 33, 7, 88]	26
319	0.9931037132361139	0.9997390066513581	6.752593910073201	7.140359441081964	[13, 3, 17, 1, 34, 88]	27
320	0.9932101374145689	0.9997490287959458	6.752593910073201	7.140359441081964	[123, 3, 68, 67, 34, 88]	27
321	0.993314919244591	0.9997557213613874	6.752593910073201	8.303656034108254	[13, 14, 17, 1, 7, 88]	26
322	0.9934180840710634	0.999762235458417	6.752593910073201	7.140359441081964	[3, 5, 8, 34, 33, 88]	27
323	0.9935196568477445	0.9997685758461926	6.752593910073201	7.528124972090727	[140, 57, 41, 27, 33, 88]	27
324	0.993619662143304	0.9997728614786705	6.752593910073201	7.140359441081964	[3, 6, 67, 7, 34, 88]	26
325	0.9937181241472653	0.9997779090013666	6.752593910073201	7.140359441081964	[123, 6, 67, 7, 34, 88]	27
326	0.993815066675857	0.9997820217976376	6.752593910073201	7.528124972090727	[3, 17, 37, 27, 34, 88]	28
327	0.9939105131777727	0.9997860584310148	6.752593910073201	7.140359441081964	[3, 17, 37, 33, 34, 88]	27
328	0.9940044867398441	0.9997900203119219	6.752593910073201	6.752593910073201	[3, 17, 33, 67, 34, 88]	27
329	0.9940970100926243	0.9997956197702706	6.752593910073201	6.752593910073201	[3, 68, 67, 33, 34, 88]	26
330	0.9941881056158863	0.9998010699097301	6.752593910073201	6.752593910073201	[3, 5, 67, 7, 34, 88]	27
331	0.9942777953440362	0.9998074356726188	6.752593910073201	7.140359441081964	[123, 3, 17, 1, 34, 88]	27
332	0.9943661009714431	0.9998135977310949	6.752593910073201	7.528124972090727	[140, 57, 41, 27, 34, 88]	27
333	0.9944530438576862	0.9998207555782209	6.752593910073201	7.140359441081964	[0, 1, 34, 67, 33, 88]	26
334	0.9945386450327219	0.9998264913997178	6.752593910073201	7.528124972090727	[13, 12, 8, 34, 7, 88]	28
335	0.99462292520197	0.9998320436749268	6.752593910073201	7.528124972090727	[123, 6, 67, 33, 7, 88]	27
336	0.9947059047513224	0.9998357760377062	6.752593910073201	7.140359441081964	[0, 1, 34, 67, 7, 88]	26
337	0.9947876037520735	0.9998394254590905	6.752593910073201	7.140359441081964	[119, 17, 33, 7, 34, 88]	27
338	0.994868041965776	0.9998437074468481	6.752593910073201	7.140359441081964	[3, 5, 121, 33, 34, 88]	26
339	0.9949472388490203	0.9998497090808892	6.752593910073201	7.915890503099491	[13, 18, 6, 67, 68, 88]	27
340	0.9950252135581403	0.9998524922460579	6.752593910073201	7.140359441081964	[3, 17, 37, 1, 34, 88]	27
341	0.995101984953848	0.9998557701961455	6.752593910073201	7.528124972090727	[0, 1, 17, 3, 5, 88]	26
342	0.9951775716057949	0.9998584411184391	6.752593910073201	6.752593910073201	[3, 68, 67, 33, 34, 88]	27
343	0.9952519917970635	0.9998622160219474	6.752593910073201	6.752593910073201	[3, 17, 33, 67, 34, 88]	26
344	0.9953252635285903	0.9998652778881263	6.752593910073201	7.140359441081964	[123, 3, 17, 1, 34, 88]	27
345	0.9953974045235194	0.99986777274205	6.752593910073201	7.140359441081964	[3, 8, 34, 33, 7, 88]	26
346	0.9954684322314897	0.999870221394975	6.752593910073201	7.140359441081964	[3, 5, 6, 1, 34, 88]	26
347	0.9955383638328557	0.9998726247024754	6.752593910073201	7.140359441081964	[3, 17, 37, 1, 34, 88]	26
348	0.9956072162428424	0.999876021377076	6.752593910073201	7.140359441081964	[3, 17, 28, 8, 34, 88]	26
349	0.9956750061156381	0.9998783172775005	6.752593910073201	6.752593910073201	[3, 17, 33, 7, 34, 88]	27
350	0.9957417498484215	0.9998815621501005	6.752593910073201	7.91589050309949	[3, 5, 27, 62, 7, 88]	26
351	0.9958074635853286	0.9998841941023205	6.752593910073201	7.528124972090727	[119, 6, 48, 17, 34, 88]	27
352	0.9958721632213574	0.9998878998910463	6.752593910073201	7.528124972090728	[119, 17, 1, 67, 34, 88]	26
353	0.9959358644062131	0.9998896298309993	6.752593910073201	6.752593910073201	[3, 5, 67, 33, 34, 88]	27
354	0.9959985825480925	0.9998920825014215	6.752593910073201	7.528124972090727	[13, 3, 5, 27, 33, 88]	26
355	0.996060332817412	0.9998949603013836	6.752593910073201	7.140359441081964	[3, 24, 27, 33, 34, 88]	27
356	0.9961211301504767	0.9998977613600134	6.752593910073201	7.140359441081964	[3, 8, 34, 33, 7, 88]	26
357	0.9961809892530927	0.9999000333297908	6.752593910073201	7.140359441081964	[0, 1, 34, 68, 33, 88]	27
358	0.9962399246041252	0.999902699107663	6.752593910073201	7.528124972090727	[3, 17, 48, 40, 5, 88]	26
359	0.9962979504589998	0.999904861349715	6.752593910073201	7.528124972090728	[144, 43, 7, 1, 34, 88]	27
360	0.9963550808531512	0.9999066231765722	6.752593910073201	7.528124972090728	[3, 37, 27, 7, 34, 88]	26
361	0.9964113296054173	0.9999091132251969	6.752593910073201	7.528124972090727	[13, 98, 34, 67, 33, 88]	31
362	0.9964667103213831	0.9999126032773493	6.752593910073201	7.528124972090728	[140, 6, 4, 33, 34, 88]	27
363	0.9965212363966703	0.99991493385662	6.752593910073201	7.140359441081964	[3, 17, 33, 67, 7, 88]	28
364	0.9965749210201785	0.9999172022871101	6.752593910073201	7.140359441081964	[3, 5, 6, 1, 34, 88]	27
365	0.9966277771772746	0.9999187355780896	6.752593910073201	6.752593910073201	[3, 68, 67, 7, 34, 88]	27
366	0.9966798176529339	0.9999202404747917	6.752593910073201	6.752593910073201	[3, 17, 68, 33, 34, 88]	27
367	0.9967310550348331	0.9999233032405597	6.752593910073201	7.140359441081964	[3, 8, 34, 67, 33, 88]	26
368	0.9967815017163943	0.999925348487478	6.752593910073201	7.140359441081964	[3, 17, 48, 29, 34, 88]	26
369	0.9968311698997833	0.9999270074099785	6.752593910073201	7.140359441081964	[140, 6, 33, 7, 34, 88]	27
370	0.9968800715988607	0.9999286294675346	6.752593910073201	7.140359441081964	[3, 5, 8, 34, 33, 88]	27
371	0.9969282186420881	0.9999297308646405	6.752593910073201	7.140359441081964	[3, 5, 8, 34, 7, 88]	27
372	0.9969756226753893	0.9999316047082502	6.752593910073201	7.91589050309949	[13, 98, 3, 17, 38, 88]	26
373	0.9970222951649665	0.9999331246036223	6.752593910073201	7.140359441081964	[0, 1, 34, 67, 7, 88]	27
374	0.9970682474000752	0.9999363346226484	6.752593910073201	8.303656034108254	[0, 1, 6, 2, 5, 88]	28
375	0.9971134904957529	0.9999375136111179	6.752593910073201	6.752593910073201	[3, 5, 67, 33, 34, 88]	26
376	0.9971580353955098	0.9999386707664676	6.752593910073201	7.140359441081964	[3, 17, 1, 34, 7, 88]	26
377	0.9972018928739742	0.9999400336383238	6.752593910073201	7.528124972090727	[144, 43, 27, 33, 7, 88]	26
378	0.9972450735394993	0.9999423363466122	6.752593910073201	7.528124972090727	[144, 43, 27, 33, 7, 88]	26
379	0.9972875878367292	0.9999441815835206	6.752593910073201	7.91589050309949	[13, 34, 7, 2, 5, 88]	27
380	0.9973294460491254	0.9999463250107135	6.752593910073201	7.528124972090728	[3, 43, 7, 1, 34, 88]	26
381	0.9973706583014538	0.9999473189919965	6.752593910073201	7.528124972090727	[3, 5, 147, 27, 33, 88]	27
382	0.9974112345622338	0.9999484896810633	6.752593910073201	7.528124972090727	[0, 1, 34, 8, 5, 88]	26
383	0.9974511846461499	0.9999496343548174	6.752593910073201	7.528124972090727	[119, 17, 3, 10, 34, 88]	27
384	0.9974905182164254	0.9999505670519504	6.752593910073201	7.140359441081964	[3, 5, 8, 34, 7, 88]	26
385	0.9975292447871595	0.9999516655619071	6.752593910073201	7.528124972090727	[144, 43, 67, 33, 7, 88]	27
386	0.9975673737256293	0.9999532122639261	6.752593910073201	7.528124972090727	[13, 3, 17, 39, 34, 88]	27
387	0.9976049142545548	0.999954078703483	6.752593910073201	6.752593910073201	[3, 5, 67, 33, 34, 88]	26
388	0.9976418754543301	0.999954929097863	6.752593910073201	7.528124972090727	[3, 5, 147, 27, 33, 88]	26
389	0.9976782662652202	0.9999557637441988	6.752593910073201	6.752593910073201	[3, 17, 68, 7, 34, 88]	27
390	0.9977140954895223	0.9999571793043844	6.752593910073201	7.528124972090727	[140, 57, 41, 27, 34, 88]	26
391	0.9977493717936964	0.9999579722802292	6.752593910073201	7.140359441081964	[3, 5, 6, 8, 34, 88]	27
392	0.9977841037104603	0.9999587505713361	6.752593910073201	7.140359441081964	[3, 10, 33, 7, 34, 88]	26
393	0.9978182996408544	0.9999596672253064	6.752593910073201	7.140359441081964	[140, 6, 33, 7, 34, 88]	27
394	0.9978519678562733	0.9999604141285414	6.752593910073201	7.528124972090727	[3, 6, 8, 34, 7, 88]	27
395	0.9978851165004666	0.9999616808764281	6.752593910073201	7.140359441081964	[3, 17, 25, 67, 34, 88]	27
396	0.9979177535915088	0.9999627027197233	6.752593910073201	6.752593910073201	[3, 5, 67, 7, 34, 88]	27
397	0.9979498870237387	0.9999633934100989	6.752593910073201	7.91589050309949	[3, 17, 11, 52, 5, 88]	26
398	0.9979815245696686	0.9999640713099118	6.752593910073201	6.752593910073201	[3, 5, 67, 7, 34, 88]	27
399	0.9980126738818651	0.9999648697252471	6.752593910073201	7.528124972090727	[0, 1, 34, 33, 38, 88]	27
400	0.9980433424947992	0.9999655202858907	6.752593910073201	7.140359441081964	[3, 5, 6, 1, 34, 88]	27
401	0.9980735378266696	0.999966158799115	6.752593910073201	6.752593910073201	[3, 17, 68, 33, 34, 88]	26
402	0.9981032671811964	0.9999669108258012	6.752593910073201	7.140359441081964	[123, 3, 5, 67, 34, 88]	28
403	0.9981325377493877	0.9999676461407835	6.752593910073201	7.140359441081964	[140, 147, 33, 7, 34, 88]	26
404	0.9981613566112799	0.9999681454287344	6.752593910073201	6.752593910073201	[3, 17, 68, 67, 34, 88]	26
405	0.998189730737649	0.9999687353282022	6.752593910073201	6.752593910073201	[3, 68, 33, 7, 34, 88]	28
406	0.9982176669916977	0.9999694300986867	6.752593910073201	7.528124972090727	[144, 43, 8, 34, 7, 88]	27
407	0.9982451721307147	0.9999702452960549	6.752593910073201	6.752593910073201	[3, 5, 67, 7, 34, 88]	27
408	0.9982722528077098	0.9999711974465813	6.752593910073201	7.528124972090727	[140, 6, 67, 68, 33, 88]	26
409	0.998298915573023	0.9999717308272	6.752593910073201	7.140359441081964	[3, 5, 67, 1, 34, 88]	27
410	0.9983251668759084	0.9999728163634356	6.752593910073201	7.140359441081964	[119, 6, 67, 68, 34, 88]	26
411	0.998351013066095	0.9999732358639999	6.752593910073201	7.140359441081964	[3, 8, 34, 33, 7, 88]	27
412	0.9983764603953219	0.9999738306225776	6.752593910073201	7.140359441081964	[140, 57, 27, 33, 34, 88]	26
413	0.9984015150188509	0.9999746680426551	6.752593910073201	7.91589050309949	[3, 16, 26, 19, 5, 88]	27
414	0.9984261829969551	0.9999752309750406	6.752593910073201	7.528124972090727	[0, 1, 34, 8, 5, 88]	26
415	0.9984504702963848	0.999975689660688	6.752593910073201	6.752593910073201	[3, 17, 68, 33, 34, 88]	27
416	0.9984743827918109	0.9999762298904504	6.752593910073201	7.91589050309949	[3, 17, 6, 8, 38, 88]	27
417	0.998497926267246	0.9999771426626571	6.752593910073201	7.140359441081964	[13, 34, 68, 67, 7, 88]	27
418	0.9985211064174427	0.999977650603487	6.752593910073201	7.528124972090727	[13, 34, 33, 27, 7, 88]	27
419	0.9985439288492723	0.9999787233745197	6.752593910073201	7.140359441081964	[101, 100, 33, 7, 34, 88]	27
420	0.9985663990830799	0.9999791173861026	6.752593910073201	7.140359441081964	[3, 17, 29, 68, 34, 88]	27
421	0.99858852255402	0.9999795814441892	6.752593910073201	7.140359441081964	[144, 43, 27, 33, 34, 88]	27
422	0.9986103046133715	0.9999799595655932	6.752593910073201	7.140359441081964	[3, 5, 35, 7, 34, 88]	27
423	0.9986317505298319	0.9999803306847488	6.752593910073201	7.528124972090728	[119, 6, 37, 1, 34, 88]	27
424	0.9986528654907912	0.9999806949313276	6.752593910073201	7.140359441081964	[3, 5, 27, 33, 7, 88]	27
425	0.9986736546035877	0.9999811239328535	6.752593910073201	7.140359441081964	[119, 17, 3, 8, 34, 88]	28
426	0.9986941228967422	0.9999815434010124	6.752593910073201	7.915890503099491	[119, 17, 102, 29, 34, 88]	27
427	0.9987142753211752	0.9999818851898825	6.752593910073201	7.528124972090727	[13, 34, 17, 3, 5, 88]	27
428	0.998734116751404	0.9999822206493292	6.752593910073201	6.752593910073201	[3, 17, 33, 7, 34, 88]	27
429	0.9987536519867218	0.9999825498965638	6.752593910073201	7.140359441081964	[3, 17, 4, 33, 34, 88]	27
430	0.9987728857523588	0.9999829376766401	6.752593910073201	7.528124972090727	[3, 17, 80, 27, 34, 88]	27
431	0.9987918227006248	0.9999833168393815	6.752593910073201	7.140359441081964	[140, 6, 33, 7, 34, 88]	27
432	0.9988104674120349	0.9999836257868003	6.752593910073201	8.303656034108254	[3, 18, 6, 4, 5, 88]	27
433	0.9988288243964172	0.9999841497616228	6.752593910073201	7.91589050309949	[13, 14, 19, 26, 5, 88]	27
434	0.9988468980940033	0.9999845724346461	6.752593910073201	6.752593910073201	[3, 68, 67, 7, 34, 88]	28
435	0.9988646928765033	0.9999850661167374	6.752593910073201	7.915890503099491	[140, 6, 98, 34, 33, 88]	29
436	0.9988822130481622	0.9999854643536245	6.752593910073201	7.140359441081964	[144, 43, 67, 33, 34, 88]	27
437	0.9988994628468016	0.9999860225224453	6.752593910073201	7.528124972090728	[3, 2, 7, 1, 34, 88]	27
438	0.9989164464448448	0.9999862813646222	6.752593910073201	7.140359441081964	[3, 5, 37, 1, 34, 88]	27
439	0.9989331679503256	0.9999864930719583	6.752593910073201	6.752593910073201	[3, 17, 33, 7, 34, 88]	27
440	0.9989496314078823	0.9999867432002554	6.752593910073201	7.140359441081964	[3, 6, 67, 7, 34, 88]	27
441	0.9989658407997359	0.9999872522613655	6.752593910073201	7.140359441081964	[101, 100, 33, 68, 34, 88]	26
442	0.9989818000466536	0.9999875922010625	6.752593910073201	7.915890503099491	[140, 147, 3, 10, 34, 88]	27
443	0.9989975130088966	0.9999879230757008	6.752593910073201	7.140359441081964	[3, 17, 6, 8, 34, 88]	27
444	0.9990129834871544	0.9999881467224471	6.752593910073201	7.140359441081964	[3, 37, 27, 33, 34, 88]	26
445	0.9990282152234637	0.999988410128615	6.752593910073201	7.140359441081964	[13, 34, 67, 33, 7, 88]	26
446	0.999043211902114	0.9999886247558628	6.752593910073201	7.140359441081964	[3, 17, 29, 7, 34, 88]	27
447	0.9990579771505381	0.9999888775390658	6.752593910073201	6.752593910073201	[3, 5, 67, 68, 34, 88]	26
448	0.9990725145401903	0.9999890835105646	6.752593910073201	7.91589050309949	[3, 37, 41, 27, 5, 88]	27
449	0.9990868275874096	0.9999893746169496	6.752593910073201	7.91589050309949	[3, 17, 102, 19, 5, 88]	26
450	0.9991009197542706	0.9999895713833024	6.752593910073201	7.140359441081964	[3, 68, 67, 1, 34, 88]	27
451	0.9991147944494208	0.9999899050990367	6.752593910073201	7.528124972090728	[13, 18, 5, 8, 34, 88]	26
452	0.999128455028905	0.9999900920416471	6.752593910073201	7.140359441081964	[0, 1, 34, 33, 7, 88]	28
453	0.9991419047969774	0.9999903122184994	6.752593910073201	7.140359441081964	[140, 147, 27, 33, 34, 88]	26
454	0.9991551470069007	0.9999904916218605	6.752593910073201	6.752593910073201	[3, 68, 33, 7, 34, 88]	26
455	0.9991681848617324	0.9999907451786109	6.752593910073201	6.752593910073201	[3, 68, 67, 33, 34, 88]	27
456	0.9991810215151007	0.999990991973848	6.752593910073201	7.140359441081964	[13, 34, 68, 33, 7, 88]	27
457	0.9991936600719664	0.999991158789147	6.752593910073201	7.140359441081964	[3, 43, 67, 7, 34, 88]	27
458	0.9992061035893743	0.999991322515274	6.752593910073201	6.752593910073201	[3, 68, 33, 7, 34, 88]	27
459	0.9992183550771927	0.9999916001947852	6.752593910073201	7.528124972090727	[101, 100, 41, 27, 33, 88]	27
460	0.999230417498841	0.999991824189591	6.752593910073201	7.140359441081964	[3, 8, 34, 68, 7, 88]	29
461	0.999242293772007	0.9999919755934874	6.752593910073201	6.752593910073201	[3, 68, 33, 7, 34, 88]	27
462	0.9992539867693525	0.9999922323744959	6.752593910073201	7.140359441081964	[123, 6, 67, 7, 34, 88]	27
463	0.9992654993192083	0.9999923762194125	6.752593910073201	7.140359441081964	[3, 17, 1, 34, 7, 88]	27
464	0.9992768342062575	0.999992545636759	6.752593910073201	7.528124972090727	[140, 6, 1, 34, 7, 88]	27
465	0.9992879941722103	0.9999927941155337	6.752593910073201	7.140359441081964	[144, 43, 27, 33, 34, 88]	26
466	0.9992989819164663	0.9999929275578385	6.752593910073201	7.140359441081964	[3, 68, 33, 27, 34, 88]	27
467	0.9993098000967677	0.9999930847232199	6.752593910073201	7.528124972090727	[13, 34, 33, 27, 7, 88]	27
468	0.9993204513298424	0.9999932383960373	6.752593910073201	7.140359441081964	[144, 43, 27, 33, 34, 88]	27
469	0.9993309381920361	0.9999934187054763	6.752593910073201	7.528124972090727	[3, 17, 1, 33, 7, 88]	27
470	0.9993412632199368	0.999993629306901	6.752593910073201	7.528124972090728	[119, 17, 146, 8, 34, 88]	26
471	0.9993514289109872	0.9999938739415161	6.752593910073201	7.140359441081964	[144, 43, 67, 68, 34, 88]	26
472	0.9993614377240893	0.9999940373030756	6.752593910073201	7.528124972090727	[3, 5, 6, 98, 34, 88]	27
473	0.9993712920801989	0.9999941698074517	6.752593910073201	7.140359441081964	[140, 6, 67, 7, 34, 88]	27
474	0.999380994362912	0.9999942993672861	6.752593910073201	7.140359441081964	[0, 1, 34, 67, 7, 88]	27
475	0.9993905469190398	0.9999944260480131	6.752593910073201	7.140359441081964	[140, 147, 33, 7, 34, 88]	28
476	0.9993999520591781	0.9999945292693462	6.752593910073201	6.752593910073201	[3, 68, 33, 7, 34, 88]	27
477	0.9994092120582648	0.9999947043327271	6.752593910073201	7.140359441081964	[13, 34, 67, 33, 7, 88]	27
478	0.9994183291561312	0.9999948455505211	6.752593910073201	7.140359441081964	[3, 5, 2, 7, 34, 88]	27
479	0.9994273055580427	0.9999949410032892	6.752593910073201	7.528124972090727	[3, 17, 4, 33, 7, 88]	27
480	0.9994361434352333	0.9999950346884134	6.752593910073201	6.752593910073201	[3, 5, 27, 33, 34, 88]	27
481	0.9994448449254304	0.9999951113135922	6.752593910073201	7.140359441081964	[3, 5, 27, 33, 7, 88]	27
482	0.9994534121333712	0.999995201844822	6.752593910073201	6.752593910073201	[3, 17, 33, 67, 34, 88]	29
483	0.9994618471313131	0.9999953084704927	6.752593910073201	7.528124972090727	[119, 17, 48, 29, 34, 88]	27
484	0.9994701519595336	0.9999954585994368	6.752593910073201	7.140359441081964	[3, 6, 67, 68, 34, 88]	27
485	0.9994783286268247	0.9999955426994473	6.752593910073201	7.140359441081964	[3, 5, 6, 1, 34, 88]	27
486	0.9994863791109787	0.9999956615607953	6.752593910073201	7.140359441081964	[3, 17, 4, 7, 34, 88]	28
487	0.999494305359266	0.9999957419022621	6.752593910073201	7.140359441081964	[3, 17, 1, 34, 33, 88]	27
488	0.999502109288907	0.999995820755924	6.752593910073201	7.140359441081964	[13, 34, 68, 33, 7, 88]	27
489	0.9995097927875349	0.9999958981493328	6.752593910073201	7.140359441081964	[3, 8, 34, 33, 7, 88]	27
490	0.9995173577136532	0.9999959741095303	6.752593910073201	6.752593910073201	[3, 5, 67, 7, 34, 88]	28
491	0.9995248058970845	0.9999961029380253	6.752593910073201	7.528124972090728	[140, 6, 25, 67, 34, 88]	28
492	0.9995321391394135	0.9999961895394025	6.752593910073201	7.528124972090727	[0, 1, 17, 3, 5, 88]	27
493	0.9995393592144225	0.9999962601034876	6.752593910073201	7.140359441081964	[3, 5, 27, 33, 68, 88]	27
494	0.999546467868521	0.9999963598340613	6.752593910073201	7.140359441081964	[3, 8, 34, 68, 33, 88]	27
495	0.9995534668211672	0.9999964811729259	6.752593910073201	7.528124972090727	[101, 100, 41, 27, 34, 88]	28
496	0.9995603577652851	0.9999965593690832	6.752593910073201	7.140359441081964	[123, 6, 33, 7, 34, 88]	28
497	0.9995671423676726	0.9999966230844706	6.752593910073201	7.528124972090727	[3, 43, 27, 33, 7, 88]	27
498	0.999573822269406	0.9999966981270378	6.752593910073201	7.528124972090728	[0, 1, 29, 68, 34, 88]	28
499	0.9995803990862362	0.9999968037869726	6.752593910073201	7.140359441081964	[123, 3, 17, 1, 34, 88]	27
