0	0.015432098765432056	0.03839999999999999	7.140359441081964	7.140359441081964	[3, 37, 7, 67, 34, 88]	172
1	0.030626047858558048	0.06917119999999999	7.140359441081964	7.528124972090727	[119, 6, 67, 68, 33, 88]	237
2	0.045585522428642	0.09399330133333328	6.752593910073201	6.752593910073201	[3, 68, 67, 7, 34, 88]	28
3	0.06031414090968146	0.12298551569066662	6.752593910073201	7.528124972090727	[119, 6, 8, 34, 33, 88]	27
4	0.07481546589564314	0.15104997918856533	6.752593910073201	7.528124972090727	[119, 6, 48, 17, 34, 88]	33
5	0.08909300500219186	0.16677127587025853	6.752593910073201	7.528124972090727	[3, 17, 29, 33, 7, 88]	27
6	0.10315021171512095	0.1822014374282167	6.752593910073201	7.140359441081964	[3, 8, 34, 33, 7, 88]	28
7	0.11699048622569008	0.19734585525362003	6.752593910073201	7.140359441081964	[3, 5, 27, 33, 7, 88]	28
8	0.13061717625307134	0.21874996578019013	6.752593910073201	7.140359441081964	[3, 104, 33, 7, 34, 88]	34
9	0.1440335778541042	0.2437499668752241	6.752593910073201	7.528124972090728	[123, 3, 2, 8, 34, 88]	27
10	0.1572429362205532	0.25775459711827553	6.752593910073201	7.140359441081964	[3, 147, 27, 33, 34, 88]	27
11	0.17024844646406312	0.2742489394045361	6.752593910073201	7.915890503099491	[140, 6, 2, 7, 33, 88]	31
12	0.18305325438900033	0.2876887738600076	6.752593910073201	7.140359441081964	[3, 8, 34, 33, 7, 88]	28
13	0.19566045725336756	0.3035179122186741	6.752593910073201	7.528124972090727	[0, 1, 34, 8, 5, 88]	27
14	0.208073104517976	0.32209076789284274	6.752593910073201	6.752593910073201	[3, 17, 33, 67, 34, 88]	30
15	0.22029419858405663	0.3437838633202718	6.752593910073201	7.140359441081964	[101, 100, 33, 68, 34, 88]	31
16	0.2323266955194878	0.355936013999526	6.752593910073201	7.140359441081964	[3, 17, 1, 34, 33, 88]	32
17	0.2441735057738167	0.37654606155154124	6.752593910073201	7.140359441081964	[13, 34, 67, 33, 7, 88]	32
18	0.2558374948822454	0.396496587581892	6.752593910073201	7.91589050309949	[119, 17, 7, 67, 5, 88]	27
19	0.2673214841587539	0.41580869677927146	6.752593910073201	7.528124972090728	[140, 6, 139, 7, 34, 88]	27
20	0.2786282513785262	0.4248239946684802	6.752593910073201	6.752593910073201	[3, 68, 33, 7, 34, 88]	27
21	0.28976053144984526	0.44016202147732064	6.752593910073201	7.528124972090728	[101, 100, 29, 68, 34, 88]	26
22	0.30072101707561927	0.45052939144996285	6.752593910073201	7.140359441081964	[3, 43, 67, 7, 34, 88]	27
23	0.31151235940469924	0.4627398494177415	6.752593910073201	7.140359441081964	[3, 5, 8, 34, 33, 88]	28
24	0.32213716867314524	0.474678963875125	6.752593910073201	7.140359441081964	[13, 34, 68, 67, 7, 88]	27
25	0.3325980148355967	0.48440713121077084	6.752593910073201	7.140359441081964	[3, 17, 1, 34, 7, 88]	27
26	0.34289742818689917	0.49815627437848353	6.752593910073201	7.528124972090727	[3, 5, 32, 68, 33, 88]	27
27	0.35303789997413837	0.5093083571700727	6.752593910073201	7.140359441081964	[119, 6, 33, 7, 34, 88]	26
28	0.3630218829992288	0.528150916254742	6.752593910073201	7.140359441081964	[140, 147, 7, 67, 34, 88]	27
29	0.37285179221220366	0.5368888622500245	6.752593910073201	7.140359441081964	[3, 17, 43, 8, 34, 88]	28
30	0.38253000529534864	0.5517084186580237	6.752593910073201	7.91589050309949	[13, 34, 33, 121, 5, 88]	30
31	0.3920588632383216	0.563662860827143	6.752593910073201	7.140359441081964	[3, 5, 121, 7, 34, 88]	32
32	0.40144067090439683	0.573359241697651	6.752593910073201	7.140359441081964	[119, 17, 7, 67, 34, 88]	32
33	0.4106776975879709	0.5828401474377032	6.752593910073201	7.140359441081964	[119, 6, 33, 7, 34, 88]	30
34	0.4197721775634652	0.5921103663835321	6.752593910073201	7.140359441081964	[13, 34, 67, 33, 7, 88]	32
35	0.4287263106257574	0.6029874232799712	6.752593910073201	7.528124972090727	[3, 98, 8, 34, 33, 88]	35
36	0.43754226262227347	0.6103395080340459	6.752593910073201	7.140359441081964	[3, 17, 50, 1, 34, 88]	27
37	0.44622216597686803	0.6228086437769564	6.752593910073201	7.140359441081964	[140, 6, 33, 68, 34, 88]	27
38	0.4547681202056201	0.6409138288756625	6.752593910073201	7.915890503099491	[144, 43, 3, 85, 34, 88]	27
39	0.46318219242466907	0.6488935215673144	6.752593910073201	7.140359441081964	[119, 17, 3, 8, 34, 88]	26
40	0.47146641785021426	0.6566958877547076	6.752593910073201	7.140359441081964	[123, 3, 17, 1, 34, 88]	27
41	0.4796228002907974	0.6630533713148055	6.752593910073201	7.140359441081964	[3, 4, 33, 7, 34, 88]	27
42	0.48765331263198874	0.675992121856317	6.752593910073201	7.140359441081964	[140, 147, 33, 67, 34, 88]	27
43	0.49555989731359384	0.6819922677478667	6.752593910073201	7.528124972090727	[3, 4, 33, 67, 7, 88]	27
44	0.5033444667994951	0.6890591062423586	6.752593910073201	7.140359441081964	[140, 147, 27, 33, 34, 88]	26
45	0.5110089040402437	0.6948172709415741	6.752593910073201	7.140359441081964	[0, 1, 34, 33, 7, 88]	27
46	0.5185550629285114	0.7004688029611745	6.752593910073201	7.140359441081964	[3, 17, 1, 34, 33, 88]	26
47	0.5259847687475159	0.7119708009274655	6.752593910073201	7.915890503099491	[13, 14, 6, 4, 34, 88]	27
48	0.5332998186125233	0.7230311221718508	6.752593910073201	7.528124972090727	[101, 100, 33, 68, 7, 88]	30
49	0.5405019819055399	0.7322634180994558	6.752593910073201	8.303656034108254	[144, 43, 29, 1, 7, 88]	27
50	0.5475930007032939	0.7408309887202732	6.752593910073201	7.140359441081964	[140, 147, 33, 67, 34, 88]	27
51	0.5545745901986134	0.7507830787534147	6.752593910073201	7.91589050309949	[3, 111, 19, 26, 5, 88]	27
52	0.5614484391153014	0.7574288633199904	6.752593910073201	8.303656034108254	[140, 6, 10, 8, 38, 88]	27
53	0.5682162101166085	0.7628193330239905	6.752593910073201	7.528124972090727	[13, 98, 8, 34, 33, 88]	27
54	0.5748795402074016	0.7704091143672229	6.752593910073201	6.752593910073201	[3, 68, 67, 7, 34, 88]	27
55	0.5814400411301268	0.7765315379840969	6.752593910073201	7.528124972090727	[3, 17, 48, 29, 33, 88]	27
56	0.5878992997546619	0.7814975038066725	6.752593910073201	7.140359441081964	[0, 1, 34, 33, 7, 88]	27
57	0.5942588784621516	0.788489583684859	6.752593910073201	8.303656034108254	[140, 6, 8, 2, 5, 88]	27
58	0.6005203155229208	0.7924064432462505	6.752593910073201	6.752593910073201	[3, 68, 67, 33, 34, 88]	27
59	0.6066851254685548	0.7970196333963339	6.752593910073201	7.140359441081964	[101, 100, 27, 33, 34, 88]	27
60	0.6127547994582376	0.8015303082097487	6.752593910073201	7.528124972090727	[0, 1, 34, 8, 5, 88]	29
61	0.6187308056394376	0.8059407458050876	6.752593910073201	7.140359441081964	[119, 6, 67, 33, 34, 88]	33
62	0.6246145895030265	0.8111156592502853	6.752593910073201	7.528124972090727	[3, 24, 27, 33, 7, 88]	33
63	0.630407574232918	0.814613517412317	6.752593910073201	7.140359441081964	[140, 57, 27, 33, 34, 88]	32
64	0.6361111610503113	0.821732358343684	6.752593910073201	7.91589050309949	[140, 147, 34, 1, 68, 88]	33
65	0.6417267295526212	0.8256938614916021	6.752593910073201	7.528124972090728	[144, 43, 50, 67, 34, 88]	33
66	0.6472556380471796	0.8303420251851594	6.752593910073201	7.140359441081964	[13, 34, 67, 33, 7, 88]	31
67	0.6526992238797849	0.8348662378468885	6.752593910073201	7.528124972090727	[3, 24, 27, 33, 7, 88]	33
68	0.6580588037581832	0.840150518235788	6.752593910073201	7.140359441081964	[123, 6, 33, 68, 34, 88]	33
69	0.6633356740705569	0.8437027289416594	6.752593910073201	7.528124972090727	[101, 100, 17, 3, 5, 88]	32
70	0.6685311111990977	0.8487042416155264	6.752593910073201	7.91589050309949	[13, 34, 68, 32, 5, 88]	33
71	0.6736463718287411	0.8527387951724457	6.752593910073201	7.528124972090727	[3, 17, 66, 29, 34, 88]	33
72	0.6786826932511372	0.855465854521104	6.752593910073201	7.528124972090727	[3, 17, 11, 27, 33, 88]	31
73	0.6836412936639282	0.8593200984005412	6.752593910073201	7.91589050309949	[0, 1, 34, 17, 38, 88]	29
74	0.6885233724654107	0.863821855251724	6.752593910073201	7.528124972090727	[123, 6, 48, 17, 34, 88]	27
75	0.6933301105446482	0.8663436727470624	6.752593910073201	7.528124972090728	[3, 61, 27, 7, 34, 88]	27
76	0.6980626705671074	0.8693138133526832	6.752593910073201	7.528124972090728	[123, 6, 2, 7, 34, 88]	27
77	0.7027221972558866	0.8722179508337347	6.752593910073201	7.528124972090728	[101, 100, 29, 33, 34, 88]	26
78	0.7073098176686043	0.8783514891937154	6.752593910073201	7.91589050309949	[0, 1, 34, 4, 7, 88]	27
79	0.7118266414700147	0.8806042393938318	6.752593910073201	7.140359441081964	[3, 17, 1, 34, 33, 88]	27
80	0.7162737612004157	0.8837881263433296	6.752593910073201	7.140359441081964	[3, 8, 34, 33, 7, 88]	27
81	0.7206522525399155	0.8859401980777124	6.752593910073201	7.528124972090727	[13, 3, 5, 27, 33, 88]	51
82	0.7249631745686205	0.8880524166318289	6.752593910073201	6.752593910073201	[3, 17, 68, 7, 34, 88]	51
83	0.7292075700228084	0.8905401407066771	6.752593910073201	7.528124972090727	[0, 1, 34, 27, 33, 88]	60
84	0.7333864655471478	0.892567175138035	6.752593910073201	6.752593910073201	[3, 17, 33, 7, 34, 88]	27
85	0.7375008719430252	0.8977239507314092	6.752593910073201	7.140359441081964	[101, 100, 33, 67, 34, 88]	27
86	0.7415517844130401	0.8996179516437905	6.752593910073201	7.528124972090727	[140, 6, 1, 34, 33, 88]	27
87	0.7455401828017278	0.903472622300669	6.752593910073201	7.915890503099491	[140, 6, 25, 67, 68, 88]	27
88	0.7494670318325654	0.9066902015573134	6.752593910073201	7.140359441081964	[101, 100, 33, 7, 34, 88]	26
89	0.753333281341322	0.9091784628491183	6.752593910073201	7.91589050309949	[140, 147, 3, 17, 7, 88]	26
90	0.7571398665058078	0.911196719230249	6.752593910073201	7.140359441081964	[13, 98, 7, 33, 34, 88]	27
91	0.7608877080720762	0.9128412244296888	6.752593910073201	7.140359441081964	[3, 5, 6, 1, 34, 88]	35
92	0.7645777125771367	0.9151654584448972	6.752593910073201	7.91589050309949	[3, 5, 40, 49, 33, 88]	31
93	0.7682107725682302	0.9167364684736954	6.752593910073201	7.528124972090727	[3, 17, 48, 6, 5, 88]	46
94	0.7717877668187205	0.91858676917428	6.752593910073201	7.528124972090727	[119, 6, 8, 34, 33, 88]	48
95	0.7753095605406538	0.9200944215969784	6.752593910073201	6.752593910073201	[3, 68, 67, 7, 34, 88]	26
96	0.7787770055940388	0.9218701011170456	6.752593910073201	7.91589050309949	[3, 17, 29, 104, 38, 88]	26
97	0.7821909406928962	0.9233169510963595	6.752593910073201	7.140359441081964	[3, 5, 27, 33, 7, 88]	27
98	0.7855521916081293	0.925770808661276	6.752593910073201	7.91589050309949	[13, 98, 34, 33, 38, 88]	27
99	0.7888615713672631	0.9271454233156968	6.752593910073201	6.752593910073201	[3, 17, 68, 33, 34, 88]	27
100	0.7921198804511016	0.9290882120272782	6.752593910073201	7.140359441081964	[3, 17, 50, 1, 34, 88]	28
101	0.79532790698735	0.9309791930398842	6.752593910073201	7.140359441081964	[3, 147, 33, 68, 34, 88]	27
102	0.7984864269412489	0.9322573561317382	6.752593910073201	6.752593910073201	[3, 17, 33, 7, 34, 88]	26
103	0.8015962043032667	0.933511849536706	6.752593910073201	7.140359441081964	[3, 5, 4, 7, 34, 88]	27
104	0.8046579912738953	0.9349893639914458	6.752593910073201	7.140359441081964	[0, 1, 34, 33, 7, 88]	27
105	0.8076725284455943	0.9361932646582709	6.752593910073201	6.752593910073201	[3, 17, 33, 7, 34, 88]	27
106	0.8106405449819278	0.9382350801892062	6.752593910073201	7.140359441081964	[0, 1, 34, 68, 33, 88]	29
107	0.8135627587939351	0.9398821447174941	6.752593910073201	7.140359441081964	[3, 43, 67, 7, 34, 88]	27
108	0.8164398767137817	0.9409954383338368	6.752593910073201	6.752593910073201	[3, 17, 33, 7, 34, 88]	28
109	0.8192725946657295	0.9423066508153071	6.752593910073201	7.528124972090728	[0, 1, 29, 7, 34, 88]	27
110	0.8220615978344683	0.9435887252416336	6.752593910073201	7.140359441081964	[13, 34, 68, 33, 7, 88]	33
111	0.8248075608308499	0.9446333784778996	6.752593910073201	7.528124972090727	[3, 37, 33, 68, 7, 88]	27
112	0.8275111478550652	0.9464051103666068	6.752593910073201	7.140359441081964	[144, 43, 67, 7, 34, 88]	28
113	0.8301730128573019	0.9478343074234973	6.752593910073201	7.528124972090727	[3, 5, 150, 27, 34, 88]	28
114	0.8327937996959238	0.948639333543505	6.752593910073201	6.752593910073201	[3, 17, 33, 7, 34, 88]	27
115	0.8353741422932088	0.9503513557587215	6.752593910073201	7.528124972090727	[144, 43, 27, 33, 7, 88]	26
116	0.837914664788684	0.951270775096523	6.752593910073201	7.140359441081964	[3, 5, 6, 1, 34, 88]	26
117	0.8404159816900932	0.9521731681502911	6.752593910073201	7.140359441081964	[3, 17, 50, 1, 34, 88]	27
118	0.8428786980220363	0.953058850221582	6.752593910073201	7.140359441081964	[3, 5, 8, 34, 7, 88]	26
119	0.8453034094723135	0.9543106142156732	6.752593910073201	6.752593910073201	[3, 5, 67, 68, 34, 88]	27
120	0.8476907025360123	0.95515671395242	6.752593910073201	7.140359441081964	[3, 17, 29, 1, 34, 88]	27
121	0.8500411546573702	0.9565916991059426	6.752593910073201	7.140359441081964	[140, 6, 67, 7, 34, 88]	27
122	0.8523553343694478	0.9575563280146994	6.752593910073201	7.528124972090727	[119, 6, 33, 27, 34, 88]	28
123	0.8546338014316477	0.958914525518229	6.752593910073201	7.528124972090727	[123, 6, 1, 34, 33, 88]	37
124	0.8568771069651099	0.9600101381710762	6.752593910073201	6.752593910073201	[3, 68, 67, 7, 34, 88]	32
125	0.8590857935860187	0.9612898137496018	6.752593910073201	7.91589050309949	[3, 24, 26, 19, 5, 88]	33
126	0.8612603955368516	0.9623220853829457	6.752593910073201	7.140359441081964	[3, 43, 7, 68, 34, 88]	34
127	0.8634014388156039	0.9630198245425208	6.752593910073201	7.140359441081964	[3, 5, 67, 68, 7, 88]	32
128	0.8655094413030175	0.9640059625547203	6.752593910073201	7.140359441081964	[3, 17, 30, 7, 34, 88]	33
129	0.8675849128878474	0.9646725188037069	6.752593910073201	8.303656034108254	[3, 61, 11, 2, 5, 88]	35
130	0.8696283555901955	0.9656145849689414	6.752593910073201	7.528124972090727	[144, 43, 27, 33, 7, 88]	32
131	0.8716402636829393	0.9663787053029649	6.752593910073201	7.140359441081964	[119, 6, 33, 7, 34, 88]	34
132	0.8736211238112891	0.9671258451851212	6.752593910073201	7.528124972090727	[123, 3, 17, 33, 7, 88]	32
133	0.8755714151104975	0.9676331623890545	6.752593910073201	7.140359441081964	[3, 5, 67, 33, 7, 88]	34
134	0.8774916093217553	0.96918677059438	6.752593910073201	7.140359441081964	[0, 1, 34, 67, 33, 88]	33
135	0.8793821709062961	0.9698715090256159	6.752593910073201	7.528124972090727	[119, 6, 33, 27, 34, 88]	32
136	0.8812435571577422	0.97042944404366	6.752593910073201	6.752593910073201	[3, 5, 67, 7, 34, 88]	34
137	0.8830762183127152	0.9710865675093565	6.752593910073201	7.140359441081964	[0, 1, 34, 33, 7, 88]	31
138	0.8848805976597413	0.9720117973490571	6.752593910073201	7.528124972090727	[119, 6, 8, 34, 7, 88]	27
139	0.8866571316464736	0.9725300973981487	6.752593910073201	7.140359441081964	[119, 17, 68, 7, 34, 88]	27
140	0.8884062499852626	0.9734457608182103	6.752593910073201	7.528124972090727	[0, 1, 34, 8, 5, 88]	27
141	0.890128375757095	0.9742954964720276	6.752593910073201	7.528124972090727	[119, 17, 68, 67, 33, 88]	27
142	0.89182392551393	0.9751180405849228	6.752593910073201	7.91589050309949	[119, 17, 33, 27, 5, 88]	28
143	0.8934933093794557	0.975670973016369	6.752593910073201	7.140359441081964	[3, 5, 67, 33, 7, 88]	27
144	0.8951369311482913	0.9764495018798451	6.752593910073201	7.140359441081964	[13, 34, 68, 33, 7, 88]	27
145	0.8967551883836571	0.97720311781969	6.752593910073201	7.140359441081964	[0, 1, 34, 67, 7, 88]	27
146	0.898348472513539	0.978297368164345	6.752593910073201	7.91589050309949	[0, 1, 34, 35, 7, 88]	27
147	0.8999171689253671	0.9787796488718039	6.752593910073201	7.528124972090728	[144, 43, 37, 1, 34, 88]	32
148	0.9014616570592349	0.9794587001079063	6.752593910073201	7.140359441081964	[13, 3, 17, 1, 34, 88]	27
149	0.9029823104996788	0.9800064681050287	6.752593910073201	7.140359441081964	[3, 8, 34, 33, 7, 88]	27
150	0.9044794970660417	0.9809661576359874	6.752593910073201	7.140359441081964	[0, 1, 34, 67, 7, 88]	27
151	0.9059535789014423	0.9814737267656943	6.752593910073201	7.140359441081964	[3, 68, 67, 33, 7, 88]	27
152	0.9074049125603707	0.9819677607186091	6.752593910073201	7.140359441081964	[0, 1, 34, 33, 7, 88]	27
153	0.9088338490949328	0.982301691075672	6.752593910073201	7.140359441081964	[3, 17, 48, 50, 34, 88]	27
154	0.9102407341397641	0.9826294375372335	6.752593910073201	7.140359441081964	[123, 6, 33, 68, 34, 88]	27
155	0.9116259079956319	0.9832084562859925	6.752593910073201	7.140359441081964	[0, 1, 34, 33, 7, 88]	35
156	0.9129897057117488	0.9837681744097927	6.752593910073201	7.140359441081964	[144, 43, 67, 33, 34, 88]	27
157	0.9143324571668143	0.9842010230921983	6.752593910073201	7.528124972090727	[101, 100, 41, 27, 34, 88]	27
158	0.9156544871488079	0.984493596738639	6.752593910073201	7.140359441081964	[0, 1, 34, 33, 7, 88]	27
159	0.9169561154335486	0.9849071008256086	6.752593910073201	7.91589050309949	[3, 68, 7, 8, 38, 88]	26
160	0.9182376568620432	0.9853900735991892	6.752593910073201	7.528124972090728	[123, 6, 62, 7, 34, 88]	27
161	0.9194994214166413	0.9859510947729803	6.752593910073201	8.303656034108254	[123, 58, 102, 19, 5, 88]	27
162	0.9207417142960141	0.9863257322457009	6.752593910073201	6.752593910073201	[3, 5, 67, 7, 34, 88]	27
163	0.9219648359889768	0.9867633088138384	6.752593910073201	7.91589050309949	[119, 17, 48, 41, 33, 88]	27
164	0.9231690823471717	0.9870574575068642	6.752593910073201	7.91589050309949	[123, 6, 33, 67, 5, 88]	26
165	0.9243547446566289	0.9873450695622672	6.752593910073201	7.528124972090727	[13, 3, 68, 33, 7, 88]	26
166	0.9255221097082241	0.9876262902386613	6.752593910073201	8.303656034108254	[119, 17, 11, 27, 5, 88]	27
167	0.9266714598670478	0.987956255832297	6.752593910073201	7.528124972090727	[13, 135, 5, 3, 34, 88]	31
168	0.9278030731407044	0.9882238945915793	6.752593910073201	7.528124972090727	[13, 3, 17, 4, 34, 88]	47
169	0.9289172232465578	0.9885379240691372	6.752593910073201	7.91589050309949	[144, 43, 3, 17, 33, 88]	28
170	0.9300141796779381	0.9887501847345235	6.752593910073201	6.752593910073201	[3, 5, 27, 33, 34, 88]	27
171	0.9310942077693279	0.9889585146468471	6.752593910073201	7.140359441081964	[140, 6, 33, 7, 34, 88]	28
172	0.932157568760542	0.9891629865978314	6.752593910073201	7.140359441081964	[3, 5, 67, 1, 34, 88]	27
173	0.9332045198599164	0.989363672031205	6.752593910073201	6.752593910073201	[3, 17, 33, 7, 34, 88]	27
174	0.9342353143065225	0.9897040345262064	6.752593910073201	7.91589050309949	[13, 14, 5, 3, 68, 88]	28
175	0.9352502014314219	0.9900993996004	6.752593910073201	7.528124972090728	[3, 28, 29, 1, 34, 88]	28
176	0.936249426717974	0.9904162188131873	6.752593910073201	7.140359441081964	[144, 43, 67, 33, 34, 88]	27
177	0.9372332318612151	0.990735678186081	6.752593910073201	7.140359441081964	[144, 43, 7, 33, 34, 88]	27
178	0.9382018548263199	0.9909415520041681	6.752593910073201	7.140359441081964	[3, 8, 34, 68, 7, 88]	28
179	0.9391555299061606	0.991289396407208	6.752593910073201	7.915890503099491	[13, 14, 6, 67, 68, 88]	27
180	0.9400944877779791	0.9914507038811486	6.752593910073201	7.140359441081964	[3, 5, 6, 1, 34, 88]	26
181	0.9410189555591831	0.9916786851109847	6.752593910073201	6.752593910073201	[3, 17, 33, 67, 34, 88]	27
182	0.9419291568622822	0.9918636032196295	6.752593910073201	7.140359441081964	[140, 147, 27, 33, 34, 88]	27
183	0.9428253118489753	0.9920142772340808	6.752593910073201	7.140359441081964	[3, 43, 67, 7, 34, 88]	27
184	0.9437076372834047	0.9921621609890052	6.752593910073201	6.752593910073201	[3, 68, 33, 7, 34, 88]	26
185	0.9445763465845868	0.9923363351892496	6.752593910073201	7.528124972090728	[13, 14, 5, 8, 34, 88]	27
186	0.9454316498780345	0.9925066388517106	6.752593910073201	7.140359441081964	[0, 1, 34, 33, 7, 88]	26
187	0.9462737540465833	0.9926731579883393	6.752593910073201	7.140359441081964	[13, 3, 17, 33, 34, 88]	27
188	0.9471028627804323	0.9929076169327125	6.752593910073201	7.140359441081964	[140, 147, 33, 68, 34, 88]	27
189	0.9479191766264133	0.9931345731908656	6.752593910073201	7.528124972090727	[140, 57, 41, 27, 34, 88]	26
190	0.9487228930364995	0.9932617107243682	6.752593910073201	7.140359441081964	[3, 5, 67, 33, 7, 88]	27
191	0.9495142064155659	0.993441398438385	6.752593910073201	7.915890503099491	[140, 147, 5, 4, 34, 88]	27
192	0.9502933081684121	0.9935871451397542	6.752593910073201	7.528124972090727	[0, 1, 34, 67, 5, 88]	26
193	0.9510603867460601	0.993800906968429	6.752593910073201	7.140359441081964	[0, 1, 34, 67, 7, 88]	27
194	0.9518156276913369	0.9939157049875322	6.752593910073201	6.752593910073201	[3, 17, 33, 7, 34, 88]	26
195	0.9525592136837545	0.9940509115433649	6.752593910073201	7.140359441081964	[123, 3, 17, 7, 34, 88]	27
196	0.9532913245836966	0.9942412823739771	6.752593910073201	7.140359441081964	[3, 5, 37, 1, 34, 88]	31
197	0.9540121374759235	0.9944624171308165	6.752593910073201	7.528124972090728	[119, 6, 30, 7, 34, 88]	27
198	0.9547218267124061	0.994610086007328	6.752593910073201	7.528124972090727	[3, 17, 139, 10, 34, 88]	26
199	0.9554205639544987	0.9947897498070838	6.752593910073201	7.140359441081964	[0, 1, 34, 33, 7, 88]	28
200	0.9561085182144601	0.9949286898122282	6.752593910073201	7.140359441081964	[3, 17, 139, 1, 34, 88]	27
201	0.9567858558963357	0.9950639247505688	6.752593910073201	7.140359441081964	[3, 2, 7, 68, 34, 88]	27
202	0.9574527408362071	0.9951553335514841	6.752593910073201	7.140359441081964	[3, 5, 37, 1, 34, 88]	27
203	0.9581093343418212	0.9953103628778367	6.752593910073201	7.91589050309949	[119, 17, 68, 33, 38, 88]	27
204	0.9587557952316079	0.9954145770361069	6.752593910073201	7.528124972090728	[140, 6, 17, 33, 34, 88]	27
205	0.9593922798730954	0.9955613105709515	6.752593910073201	7.528124972090727	[119, 17, 48, 29, 34, 88]	40
206	0.9600189422207328	0.9956796756223928	6.752593910073201	7.140359441081964	[3, 5, 142, 8, 34, 88]	33
207	0.960635933853129	0.9958236864349798	6.752593910073201	7.140359441081964	[101, 100, 33, 7, 34, 88]	27
208	0.9612434040097164	0.9959350547967136	6.752593910073201	7.528124972090727	[0, 1, 34, 33, 38, 88]	28
209	0.9618414996268504	0.9960253869123422	6.752593910073201	7.140359441081964	[3, 5, 27, 33, 68, 88]	27
210	0.9624303653733497	0.9961137116476235	6.752593910073201	7.140359441081964	[0, 1, 34, 33, 7, 88]	27
211	0.9630101436854893	0.9962000736110096	6.752593910073201	7.528124972090727	[119, 17, 3, 98, 34, 88]	28
212	0.963580974801454	0.9962704426182132	6.752593910073201	7.91589050309949	[3, 37, 41, 27, 7, 88]	27
213	0.9641429967952587	0.9963395084956537	6.752593910073201	7.140359441081964	[3, 4, 33, 68, 34, 88]	27
214	0.9646963456101467	0.9964371216024362	6.752593910073201	6.752593910073201	[3, 5, 67, 33, 34, 88]	27
215	0.9652411550914716	0.9965321316930379	6.752593910073201	7.528124972090727	[13, 34, 68, 33, 38, 88]	27
216	0.9657775570190723	0.9966091954331926	6.752593910073201	7.528124972090727	[119, 6, 8, 34, 7, 88]	27
217	0.9663056811391484	0.9966996168883075	6.752593910073201	6.752593910073201	[3, 17, 7, 67, 34, 88]	27
218	0.966825655195643	0.9967876271046193	6.752593910073201	7.140359441081964	[3, 43, 67, 7, 34, 88]	26
219	0.9673376049611423	0.9968590131689611	6.752593910073201	7.528124972090727	[119, 6, 17, 3, 5, 88]	27
220	0.9678416542672975	0.9969427728177888	6.752593910073201	7.140359441081964	[3, 17, 1, 34, 7, 88]	27
221	0.9683379250347776	0.9970242988759811	6.752593910073201	7.140359441081964	[3, 6, 67, 7, 34, 88]	27
222	0.9688265373027594	0.9971036509059549	6.752593910073201	7.528124972090727	[3, 5, 35, 4, 34, 88]	27
223	0.9693076092579637	0.9971963340769644	6.752593910073201	7.140359441081964	[3, 17, 65, 1, 34, 88]	26
224	0.969781257263242	0.9972860513865015	6.752593910073201	7.91589050309949	[3, 5, 61, 8, 38, 88]	27
225	0.9702475958857228	0.9973584233495282	6.752593910073201	7.140359441081964	[13, 3, 5, 67, 34, 88]	26
226	0.9707067379245234	0.9974288653935407	6.752593910073201	7.528124972090727	[140, 57, 1, 34, 7, 88]	26
227	0.9711587944380339	0.9975111417009475	6.752593910073201	7.528124972090728	[119, 17, 38, 8, 34, 88]	27
228	0.9716038747707803	0.9975572316694484	6.752593910073201	7.140359441081964	[3, 37, 33, 7, 34, 88]	27
229	0.9720420865798731	0.9976223721582631	6.752593910073201	7.140359441081964	[3, 8, 34, 67, 68, 88]	27
230	0.9724735358610479	0.997685775567376	6.752593910073201	7.140359441081964	[3, 5, 4, 7, 34, 88]	27
231	0.9728983269743033	0.9977629163817969	6.752593910073201	7.528124972090728	[101, 100, 37, 1, 34, 88]	28
232	0.9733165626691443	0.9978126293510903	6.752593910073201	7.528124972090727	[123, 6, 1, 34, 33, 88]	27
233	0.9737283441094353	0.997853136214959	6.752593910073201	7.140359441081964	[3, 8, 34, 33, 7, 88]	28
234	0.97413377089787	0.9979218358560803	6.752593910073201	7.528124972090728	[119, 6, 76, 1, 34, 88]	26
235	0.9745329411000634	0.9980016373592068	6.752593910073201	7.140359441081964	[119, 17, 33, 7, 34, 88]	26
236	0.9749259512682722	0.9980460454178911	6.752593910073201	7.528124972090727	[123, 3, 5, 27, 33, 88]	27
237	0.9753128964647495	0.9981111772372947	6.752593910073201	7.528124972090727	[101, 100, 27, 33, 7, 88]	28
238	0.975693870284738	0.9982018407299046	6.752593910073201	7.140359441081964	[101, 100, 33, 7, 34, 88]	27
239	0.9760689648791093	0.9982497916437738	6.752593910073201	7.140359441081964	[3, 17, 33, 67, 7, 88]	27
240	0.9764382709766539	0.998288685162801	6.752593910073201	7.528124972090727	[119, 17, 3, 4, 34, 88]	27
241	0.9768018779060265	0.9983267143814055	6.752593910073201	6.752593910073201	[3, 5, 67, 7, 34, 88]	27
242	0.9771598736173532	0.9983802595212005	6.752593910073201	7.140359441081964	[119, 17, 7, 67, 34, 88]	26
243	0.9775123447035052	0.9984234526006351	6.752593910073201	6.752593910073201	[3, 5, 67, 7, 34, 88]	26
244	0.9778593764210437	0.9984739021174148	6.752593910073201	7.140359441081964	[144, 43, 7, 33, 34, 88]	27
245	0.9782010527108425	0.9985021631893145	6.752593910073201	7.528124972090727	[3, 17, 33, 27, 7, 88]	27
246	0.9785374562183912	0.998529900908031	6.752593910073201	7.140359441081964	[13, 3, 17, 7, 34, 88]	28
247	0.9788686683137864	0.9986004656644455	6.752593910073201	7.91589050309949	[0, 1, 7, 67, 5, 88]	27
248	0.9791947691114131	0.9986263829669557	6.752593910073201	7.140359441081964	[3, 8, 34, 33, 7, 88]	27
249	0.9795158374893234	0.9986518203194195	6.752593910073201	6.752593910073201	[3, 17, 33, 7, 34, 88]	26
250	0.9798319511083153	0.9986877717775683	6.752593910073201	7.528124972090727	[119, 17, 68, 67, 7, 88]	28
251	0.9801431864307178	0.998712072300206	6.752593910073201	6.752593910073201	[3, 17, 68, 7, 34, 88]	28
252	0.9804496187388858	0.9987532859865994	6.752593910073201	7.140359441081964	[13, 34, 68, 67, 7, 88]	27
253	0.9807513221534092	0.9987763732831438	6.752593910073201	7.528124972090727	[3, 37, 41, 27, 33, 88]	28
254	0.9810483696510417	0.9988035649879629	6.752593910073201	7.91589050309949	[140, 57, 41, 27, 5, 88]	27
255	0.9813408330823528	0.9988257211918895	6.752593910073201	7.140359441081964	[3, 52, 68, 67, 34, 88]	27
256	0.9816287831891066	0.9988518162765141	6.752593910073201	7.140359441081964	[0, 1, 34, 33, 7, 88]	27
257	0.9819122896213734	0.9988730789380602	6.752593910073201	7.140359441081964	[3, 5, 4, 33, 34, 88]	27
258	0.982191420954377	0.9988981216283255	6.752593910073201	7.140359441081964	[0, 1, 34, 67, 7, 88]	27
259	0.982466244705081	0.9989185267833565	6.752593910073201	7.140359441081964	[3, 5, 27, 33, 7, 88]	27
260	0.9827368273485212	0.9989531339262891	6.752593910073201	7.528124972090727	[144, 43, 67, 33, 7, 88]	27
261	0.9830032343338835	0.9989810503549214	6.752593910073201	7.140359441081964	[144, 43, 7, 33, 34, 88]	28
262	0.9832655301003359	0.9989999197927932	6.752593910073201	7.140359441081964	[3, 5, 27, 33, 7, 88]	27
263	0.9835237780926147	0.9990265885983187	6.752593910073201	7.528124972090728	[13, 18, 17, 7, 34, 88]	28
264	0.9837780407763707	0.9990577377631725	6.752593910073201	7.140359441081964	[13, 3, 68, 7, 34, 88]	27
265	0.9840283796532785	0.9990786769239909	6.752593910073201	7.528124972090727	[0, 1, 17, 3, 5, 88]	27
266	0.9842748552759131	0.9990991507701245	6.752593910073201	7.140359441081964	[144, 43, 27, 33, 34, 88]	27
267	0.9845175272623958	0.9991191696418995	6.752593910073201	7.528124972090728	[0, 1, 50, 67, 34, 88]	27
268	0.9847564543108157	0.9991426584514488	6.752593910073201	7.528124972090728	[101, 100, 37, 7, 34, 88]	27
269	0.9849916942134266	0.9991655208927435	6.752593910073201	7.140359441081964	[3, 5, 12, 8, 34, 88]	28
270	0.9852233038706267	0.9991809742095445	6.752593910073201	7.528124972090727	[3, 17, 37, 10, 34, 88]	27
271	0.9854513393047221	0.9992071830348391	6.752593910073201	7.915890503099491	[13, 34, 62, 27, 33, 88]	27
272	0.9856758556734764	0.9992283248205768	6.752593910073201	7.140359441081964	[3, 5, 67, 68, 7, 88]	27
273	0.9858969072834536	0.9992454731578972	6.752593910073201	7.528124972090727	[0, 1, 34, 8, 7, 88]	27
274	0.9861145476031533	0.9992622404210552	6.752593910073201	7.140359441081964	[0, 1, 34, 33, 7, 88]	27
275	0.9863288292759441	0.9992905703888866	6.752593910073201	7.140359441081964	[123, 6, 67, 68, 34, 88]	27
276	0.9865398041327968	0.9993094885118496	6.752593910073201	7.140359441081964	[3, 17, 68, 1, 34, 88]	27
277	0.9867475232048216	0.9993315848794704	6.752593910073201	7.528124972090727	[13, 12, 8, 34, 33, 88]	27
278	0.9869520367356114	0.9993494092826846	6.752593910073201	7.91589050309949	[3, 5, 35, 4, 7, 88]	27
279	0.9871533941933952	0.9993614572589311	6.752593910073201	7.91589050309949	[3, 37, 41, 27, 7, 88]	27
280	0.9873516442830033	0.9993818906266453	6.752593910073201	7.528124972090728	[0, 1, 29, 68, 34, 88]	26
281	0.9875468349576483	0.9994056260265821	6.752593910073201	7.528124972090727	[13, 98, 7, 67, 68, 88]	27
282	0.9877390134305241	0.9994254384923628	6.752593910073201	7.140359441081964	[101, 100, 27, 33, 34, 88]	27
283	0.9879282261862259	0.9994438244606072	6.752593910073201	7.915890503099491	[140, 57, 61, 3, 5, 88]	27
284	0.988114518991994	0.9994616220778677	6.752593910073201	7.528124972090728	[140, 147, 38, 8, 34, 88]	27
285	0.9882979369087842	0.9994822957900776	6.752593910073201	7.528124972090728	[119, 17, 28, 8, 34, 88]	27
286	0.9884785243021672	0.9994961012356756	6.752593910073201	7.140359441081964	[3, 8, 34, 68, 33, 88]	27
287	0.9886563248530597	0.9995122259961339	6.752593910073201	7.528124972090727	[13, 12, 8, 34, 33, 88]	27
288	0.9888313815682902	0.9995252333029037	6.752593910073201	7.140359441081964	[13, 34, 68, 33, 7, 88]	27
289	0.9890037367910018	0.9995378937481596	6.752593910073201	7.528124972090728	[13, 18, 6, 1, 34, 88]	27
290	0.9891734322108937	0.9995464512713418	6.752593910073201	7.140359441081964	[3, 17, 50, 1, 34, 88]	27
291	0.9893405088743059	0.999558545904106	6.752593910073201	7.140359441081964	[3, 17, 6, 1, 34, 88]	27
292	0.9895050071941468	0.9995667209799559	6.752593910073201	7.528124972090727	[3, 17, 37, 27, 33, 88]	27
293	0.9896669669596693	0.9995747446655123	6.752593910073201	7.140359441081964	[3, 17, 4, 33, 34, 88]	27
294	0.9898264273460942	0.9995883528362159	6.752593910073201	7.91589050309949	[119, 6, 33, 27, 5, 88]	27
295	0.9899834269240865	0.9995993300939168	6.752593910073201	7.140359441081964	[3, 5, 12, 8, 34, 88]	27
296	0.9901380036690851	0.9996082338696075	6.752593910073201	7.140359441081964	[123, 6, 67, 7, 34, 88]	27
297	0.9902901949704882	0.9996142796432247	6.752593910073201	7.140359441081964	[3, 5, 4, 33, 34, 88]	27
298	0.9904400376406967	0.9996228512067086	6.752593910073201	7.528124972090727	[140, 6, 1, 34, 7, 88]	27
299	0.9905875679240193	0.9996409543487866	6.752593910073201	7.140359441081964	[101, 100, 33, 67, 34, 88]	27
300	0.9907328215054387	0.9996505288994856	6.752593910073201	7.915890503099491	[13, 14, 17, 33, 7, 88]	27
301	0.9908758335192437	0.9996570005865322	6.752593910073201	7.528124972090727	[3, 17, 48, 6, 5, 88]	27
302	0.991016638557527	0.9996701717640093	6.752593910073201	7.528124972090727	[3, 146, 8, 34, 33, 88]	27
303	0.9911552706785528	0.9996789671836358	6.752593910073201	7.528124972090727	[13, 12, 8, 34, 33, 88]	27
304	0.9912917634149948	0.9996892402337594	6.752593910073201	7.140359441081964	[140, 6, 67, 7, 34, 88]	27
305	0.9914261497820474	0.9996940359091644	6.752593910073201	6.752593910073201	[3, 5, 27, 33, 34, 88]	27
306	0.9915584622854109	0.9997021949515866	6.752593910073201	7.140359441081964	[3, 8, 34, 67, 7, 88]	27
307	0.9916887329291545	0.9997077098598905	6.752593910073201	6.752593910073201	[3, 17, 33, 7, 34, 88]	27
308	0.9918169932234577	0.999713122640263	6.752593910073201	7.140359441081964	[3, 17, 4, 7, 34, 88]	27
309	0.9919432741922315	0.9997223027157746	6.752593910073201	7.528124972090727	[123, 3, 17, 68, 7, 88]	27
310	0.992067606380623	0.9997311890288698	6.752593910073201	7.140359441081964	[0, 1, 34, 67, 33, 88]	28
311	0.9921900198624035	0.999737162606006	6.752593910073201	7.528124972090727	[101, 100, 17, 3, 5, 88]	27
312	0.992310544247243	0.9997430034369836	6.752593910073201	7.140359441081964	[123, 6, 67, 7, 34, 88]	26
313	0.9924292086878719	0.9997498566786641	6.752593910073201	6.752593910073201	[3, 17, 7, 67, 34, 88]	27
314	0.9925460418871331	0.9997544889623925	6.752593910073201	7.140359441081964	[3, 5, 27, 33, 7, 88]	27
315	0.9926610721049243	0.999759035463089	6.752593910073201	7.140359441081964	[3, 17, 68, 67, 7, 88]	27
316	0.9927743271650334	0.9997654611840733	6.752593910073201	7.91589050309949	[3, 17, 100, 26, 5, 88]	27
317	0.9928858344618694	0.9997744674746049	6.752593910073201	7.528124972090727	[0, 1, 68, 67, 7, 88]	27
318	0.9929956209670875	0.9997804816752821	6.752593910073201	7.140359441081964	[3, 8, 34, 68, 7, 88]	27
319	0.9931037132361139	0.9997951162302633	6.752593910073201	7.915890503099491	[110, 101, 100, 27, 33, 88]	27
320	0.9932101374145689	0.9997996692029241	6.752593910073201	7.528124972090728	[123, 6, 4, 7, 34, 88]	27
321	0.993314919244591	0.9998041209984146	6.752593910073201	7.528124972090727	[3, 5, 6, 67, 7, 88]	27
322	0.9934180840710634	0.9998093444384569	6.752593910073201	7.528124972090727	[3, 68, 33, 27, 7, 88]	28
323	0.9935196568477445	0.9998154454164263	6.752593910073201	7.528124972090728	[123, 3, 37, 1, 34, 88]	27
324	0.993619662143304	0.9998225323124356	6.752593910073201	8.303656034108254	[140, 147, 27, 30, 5, 88]	27
325	0.9937181241472653	0.9998264760388259	6.752593910073201	7.140359441081964	[123, 3, 68, 7, 34, 88]	28
326	0.993815066675857	0.9998296894455143	6.752593910073201	7.140359441081964	[3, 17, 6, 1, 34, 88]	28
327	0.9939105131777727	0.9998328433446714	6.752593910073201	7.91589050309949	[3, 61, 41, 27, 5, 88]	27
328	0.9940044867398441	0.9998381923576419	6.752593910073201	7.528124972090727	[119, 17, 48, 29, 34, 88]	27
329	0.9940970100926243	0.9998425072281047	6.752593910073201	7.528124972090727	[144, 43, 8, 34, 68, 88]	27
330	0.9941881056158863	0.9998454237609177	6.752593910073201	7.528124972090727	[3, 61, 27, 33, 7, 88]	27
331	0.9942777953440362	0.9998482862838637	6.752593910073201	6.752593910073201	[3, 68, 67, 7, 34, 88]	27
332	0.9943661009714431	0.9998523319829606	6.752593910073201	7.528124972090727	[3, 5, 35, 7, 33, 88]	27
333	0.9944530438576862	0.9998556134944504	6.752593910073201	6.752593910073201	[3, 68, 67, 33, 34, 88]	27
334	0.9945386450327219	0.9998588220834626	6.752593910073201	7.140359441081964	[3, 5, 27, 33, 68, 88]	35
335	0.99462292520197	0.9998619593704967	6.752593910073201	7.528124972090727	[140, 6, 1, 34, 7, 88]	51
336	0.9947059047513224	0.9998650269400413	6.752593910073201	7.915890503099491	[140, 6, 17, 33, 7, 88]	64
337	0.9947876037520735	0.9998702099055436	6.752593910073201	7.915890503099491	[3, 24, 6, 4, 34, 88]	27
338	0.994868041965776	0.9998730941298649	6.752593910073201	7.140359441081964	[13, 3, 17, 7, 34, 88]	27
339	0.9949472388490203	0.9998759142603124	6.752593910073201	7.140359441081964	[0, 1, 34, 33, 7, 88]	27
340	0.9950252135581403	0.9998792232133707	6.752593910073201	7.528124972090728	[3, 69, 10, 33, 34, 88]	33
341	0.995101984953848	0.9998814598205306	6.752593910073201	6.752593910073201	[3, 5, 27, 33, 34, 88]	35
342	0.9951775716057949	0.999884094046741	6.752593910073201	7.528124972090727	[119, 6, 1, 34, 33, 88]	27
343	0.9952519917970635	0.9998866697345912	6.752593910073201	7.528124972090727	[123, 3, 17, 33, 7, 88]	39
344	0.9953252635285903	0.9998896918750021	6.752593910073201	7.140359441081964	[3, 5, 12, 8, 34, 88]	55
345	0.9953974045235194	0.9998917346180576	6.752593910073201	7.91589050309949	[119, 17, 33, 67, 5, 88]	39
346	0.9954684322314897	0.9998946216949094	6.752593910073201	7.528124972090728	[3, 15, 61, 8, 34, 88]	27
347	0.9955383638328557	0.9998965731450037	6.752593910073201	6.752593910073201	[3, 68, 67, 7, 34, 88]	27
348	0.9956072162428424	0.9999000207068368	6.752593910073201	7.140359441081964	[101, 100, 33, 68, 34, 88]	27
349	0.9956750061156381	0.9999022424689071	6.752593910073201	7.140359441081964	[123, 6, 33, 7, 34, 88]	26
350	0.9957417498484215	0.999904052793557	6.752593910073201	7.140359441081964	[3, 5, 27, 33, 7, 88]	26
351	0.9958074635853286	0.9999071231041632	6.752593910073201	7.528124972090727	[123, 3, 5, 67, 7, 88]	26
352	0.9958721632213574	0.9999095998213855	6.752593910073201	7.140359441081964	[3, 5, 52, 68, 34, 88]	26
353	0.9959358644062131	0.9999126131606727	6.752593910073201	7.528124972090728	[101, 100, 33, 1, 34, 88]	27
354	0.9959985825480925	0.9999145550904355	6.752593910073201	7.528124972090727	[13, 18, 17, 3, 5, 88]	26
355	0.996060332817412	0.9999161374035755	6.752593910073201	7.140359441081964	[3, 17, 6, 8, 34, 88]	27
356	0.9961211301504767	0.9999188210066612	6.752593910073201	7.140359441081964	[123, 3, 68, 33, 34, 88]	27
357	0.9961809892530927	0.9999209857798168	6.752593910073201	7.140359441081964	[3, 17, 139, 1, 34, 88]	26
358	0.9962399246041252	0.9999230928256884	6.752593910073201	7.140359441081964	[3, 68, 33, 27, 34, 88]	27
359	0.9962979504589998	0.9999255538552664	6.752593910073201	7.528124972090727	[123, 6, 48, 17, 34, 88]	27
360	0.9963550808531512	0.9999275390857926	6.752593910073201	6.752593910073201	[3, 17, 7, 67, 34, 88]	27
361	0.9964113296054173	0.9999288809545742	6.752593910073201	7.140359441081964	[3, 17, 37, 7, 34, 88]	26
362	0.9964667103213831	0.9999307774624523	6.752593910073201	7.91589050309949	[3, 5, 35, 4, 33, 88]	27
363	0.9965212363966703	0.9999323157410644	6.752593910073201	7.140359441081964	[123, 6, 33, 68, 34, 88]	26
364	0.9965749210201785	0.9999335691532669	6.752593910073201	7.140359441081964	[3, 5, 4, 7, 34, 88]	26
365	0.9966277771772746	0.9999350453943054	6.752593910073201	7.140359441081964	[0, 1, 34, 68, 33, 88]	27
366	0.9966798176529339	0.9999371239416877	6.752593910073201	7.140359441081964	[123, 6, 67, 33, 34, 88]	27
367	0.9967310550348331	0.9999391359755536	6.752593910073201	7.140359441081964	[123, 3, 17, 1, 34, 88]	27
368	0.9967815017163943	0.9999407590162056	6.752593910073201	7.528124972090727	[13, 34, 7, 33, 38, 88]	28
369	0.9968311698997833	0.9999420754825121	6.752593910073201	7.528124972090727	[13, 34, 17, 3, 5, 88]	28
370	0.9968800715988607	0.9999440062997617	6.752593910073201	7.140359441081964	[101, 100, 33, 7, 34, 88]	28
371	0.9969282186420881	0.9999452506042115	6.752593910073201	7.528124972090727	[0, 1, 34, 33, 38, 88]	27
372	0.9969756226753893	0.9999462644819113	6.752593910073201	7.140359441081964	[3, 4, 7, 68, 34, 88]	27
373	0.9970222951649665	0.99994798401849	6.752593910073201	7.528124972090727	[13, 34, 68, 33, 38, 88]	26
374	0.9970682474000752	0.9999491399291903	6.752593910073201	7.140359441081964	[119, 17, 33, 7, 34, 88]	27
375	0.9971134904957529	0.9999507674514562	6.752593910073201	7.140359441081964	[0, 1, 34, 67, 33, 88]	27
376	0.9971580353955098	0.9999518615080905	6.752593910073201	7.528124972090727	[13, 18, 17, 3, 5, 88]	26
377	0.9972018928739742	0.9999534019398316	6.752593910073201	7.528124972090728	[123, 6, 4, 33, 34, 88]	27
378	0.9972450735394993	0.9999542648668718	6.752593910073201	7.140359441081964	[3, 5, 4, 7, 34, 88]	26
379	0.9972875878367292	0.9999557283911319	6.752593910073201	7.528124972090727	[123, 3, 17, 68, 7, 88]	27
380	0.9973294460491254	0.9999574284209124	6.752593910073201	7.915890503099491	[3, 113, 111, 10, 34, 88]	27
381	0.9973706583014538	0.9999582167834881	6.752593910073201	7.140359441081964	[3, 10, 33, 7, 34, 88]	27
382	0.9974112345622338	0.999959331002595	6.752593910073201	7.528124972090728	[13, 70, 3, 8, 34, 88]	27
383	0.9974511846461499	0.999960632410512	6.752593910073201	7.528124972090728	[119, 6, 85, 7, 34, 88]	27
384	0.9974905182164254	0.999961507245834	6.752593910073201	7.140359441081964	[119, 6, 33, 68, 34, 88]	27
385	0.9975292447871595	0.9999622200746149	6.752593910073201	7.140359441081964	[3, 17, 6, 33, 34, 88]	28
386	0.9975673737256293	0.9999634290322271	6.752593910073201	7.140359441081964	[144, 43, 67, 7, 34, 88]	27
387	0.9976049142545548	0.9999641062723711	6.752593910073201	6.752593910073201	[3, 17, 68, 7, 34, 88]	27
388	0.9976418754543301	0.9999649039107629	6.752593910073201	7.140359441081964	[123, 3, 17, 1, 34, 88]	27
389	0.9976782662652202	0.9999655538383413	6.752593910073201	7.140359441081964	[3, 5, 27, 33, 7, 88]	26
390	0.9977140954895223	0.9999663193086005	6.752593910073201	7.140359441081964	[119, 6, 67, 7, 34, 88]	27
391	0.9977493717936964	0.9999672174603711	6.752593910073201	7.528124972090727	[3, 17, 48, 50, 33, 88]	26
392	0.9977841037104603	0.9999684763098928	6.752593910073201	7.91589050309949	[3, 104, 33, 67, 5, 88]	27
393	0.9978182996408544	0.999968962786592	6.752593910073201	7.140359441081964	[3, 17, 1, 34, 33, 88]	27
394	0.9978519678562733	0.9999697904456162	6.752593910073201	6.752593910073201	[3, 68, 67, 7, 34, 88]	27
395	0.9978851165004666	0.9999705960337332	6.752593910073201	7.140359441081964	[3, 5, 35, 7, 34, 88]	26
396	0.9979177535915088	0.9999713801395003	6.752593910073201	7.528124972090727	[3, 5, 52, 68, 7, 88]	28
397	0.9979498870237387	0.9999720161364002	6.752593910073201	7.140359441081964	[3, 5, 37, 1, 34, 88]	27
398	0.9979815245696686	0.9999730907167624	6.752593910073201	7.140359441081964	[123, 3, 68, 7, 34, 88]	26
399	0.9980126738818651	0.9999735890368224	6.752593910073201	7.140359441081964	[3, 5, 2, 8, 34, 88]	28
400	0.9980433424947992	0.9999742933291739	6.752593910073201	7.140359441081964	[3, 104, 33, 7, 34, 88]	26
401	0.9980735378266696	0.9999748645885255	6.752593910073201	7.140359441081964	[123, 3, 17, 7, 34, 88]	26
402	0.9981032671811964	0.9999753300591083	6.752593910073201	7.915890503099491	[3, 61, 8, 7, 33, 88]	27
403	0.9981325377493877	0.9999758782800171	6.752593910073201	7.528124972090728	[140, 6, 2, 8, 34, 88]	26
404	0.9981613566112799	0.9999763249785353	6.752593910073201	6.752593910073201	[3, 68, 67, 33, 34, 88]	27
405	0.998189730737649	0.9999768510901234	6.752593910073201	7.140359441081964	[119, 17, 3, 8, 34, 88]	34
406	0.9982176669916977	0.9999774683943867	6.752593910073201	7.140359441081964	[3, 17, 1, 34, 7, 88]	27
407	0.9982451721307147	0.9999780692372031	6.752593910073201	7.140359441081964	[3, 5, 30, 7, 34, 88]	27
408	0.9982722528077098	0.9999785565874875	6.752593910073201	7.140359441081964	[119, 17, 33, 7, 34, 88]	26
409	0.998298915573023	0.9999792427766879	6.752593910073201	7.528124972090728	[123, 6, 61, 8, 34, 88]	27
410	0.9983251668759084	0.9999796271697122	6.752593910073201	6.752593910073201	[3, 17, 68, 67, 34, 88]	27
411	0.998351013066095	0.9999801704451865	6.752593910073201	7.140359441081964	[3, 5, 12, 8, 34, 88]	27
412	0.9983764603953219	0.9999806111019601	6.752593910073201	7.140359441081964	[0, 1, 34, 67, 33, 88]	26
413	0.9984015150188509	0.9999813556356449	6.752593910073201	7.528124972090728	[13, 14, 6, 67, 34, 88]	27
414	0.9984261829969551	0.9999818528186943	6.752593910073201	6.752593910073201	[3, 68, 67, 33, 34, 88]	27
415	0.9984504702963848	0.9999821888776075	6.752593910073201	6.752593910073201	[3, 17, 33, 67, 34, 88]	27
416	0.9984743827918109	0.9999830438114823	6.752593910073201	8.303656034108254	[21, 20, 5, 32, 68, 88]	27
417	0.998497926267246	0.9999834959765094	6.752593910073201	7.528124972090727	[3, 52, 68, 67, 33, 88]	26
418	0.9985211064174427	0.9999841297310115	6.752593910073201	7.528124972090727	[3, 4, 7, 67, 68, 88]	37
419	0.9985439288492723	0.9999844236248816	6.752593910073201	7.528124972090728	[13, 14, 5, 8, 34, 88]	28
420	0.9985663990830799	0.9999847120762727	6.752593910073201	7.528124972090727	[3, 17, 33, 67, 5, 88]	27
421	0.99858852255402	0.9999851197542388	6.752593910073201	6.752593910073201	[3, 68, 67, 7, 34, 88]	27
422	0.9986103046133715	0.9999854504263668	6.752593910073201	7.528124972090728	[119, 6, 2, 8, 34, 88]	29
423	0.9986317505298319	0.9999857737502253	6.752593910073201	7.140359441081964	[0, 1, 34, 33, 7, 88]	27
424	0.9986528654907912	0.9999860371992952	6.752593910073201	6.752593910073201	[3, 68, 67, 33, 34, 88]	27
425	0.9986736546035877	0.9999862957696786	6.752593910073201	6.752593910073201	[3, 17, 33, 7, 34, 88]	27
426	0.9986941228967422	0.9999866003081302	6.752593910073201	7.140359441081964	[13, 34, 67, 33, 7, 88]	27
427	0.9987142753211752	0.9999870290982701	6.752593910073201	7.140359441081964	[13, 98, 7, 68, 34, 88]	26
428	0.998734116751404	0.9999873749889828	6.752593910073201	6.752593910073201	[3, 17, 33, 67, 34, 88]	27
429	0.9987536519867218	0.9999877116559432	6.752593910073201	7.140359441081964	[3, 5, 32, 68, 34, 88]	28
430	0.9987728857523588	0.9999879847302556	6.752593910073201	7.140359441081964	[0, 1, 34, 33, 7, 88]	27
431	0.9987918227006248	0.999988207235251	6.752593910073201	7.140359441081964	[3, 5, 6, 33, 34, 88]	28
432	0.9988104674120349	0.9999884256197833	6.752593910073201	6.752593910073201	[3, 68, 67, 33, 34, 88]	27
433	0.9988288243964172	0.9999886399601577	6.752593910073201	7.140359441081964	[3, 17, 37, 1, 34, 88]	27
434	0.9988468980940033	0.9999888503312659	6.752593910073201	6.752593910073201	[3, 17, 7, 67, 34, 88]	27
435	0.9988646928765033	0.999989022394055	6.752593910073201	7.140359441081964	[3, 5, 67, 33, 7, 88]	28
436	0.9988822130481622	0.9999893151302135	6.752593910073201	7.528124972090727	[13, 14, 17, 3, 5, 88]	27
437	0.9988994628468016	0.9999897425250049	6.752593910073201	7.140359441081964	[101, 100, 33, 67, 34, 88]	27
438	0.9989164464448448	0.9999899324782456	6.752593910073201	7.140359441081964	[3, 17, 4, 7, 34, 88]	27
439	0.9989331679503256	0.9999902009454924	6.752593910073201	6.752593910073201	[3, 5, 67, 7, 34, 88]	27
440	0.9989496314078823	0.9999905145152367	6.752593910073201	8.303656034108254	[119, 17, 139, 1, 7, 88]	27
441	0.9989658407997359	0.9999906901723619	6.752593910073201	7.140359441081964	[3, 5, 37, 1, 34, 88]	36
442	0.9989818000466536	0.9999910476697432	6.752593910073201	7.140359441081964	[140, 147, 7, 67, 34, 88]	27
443	0.9989975130088966	0.9999912466104156	6.752593910073201	7.140359441081964	[119, 17, 3, 68, 34, 88]	28
444	0.9990129834871544	0.9999914087102227	6.752593910073201	7.140359441081964	[140, 6, 33, 7, 34, 88]	27
445	0.9990282152234637	0.9999915996277733	6.752593910073201	7.528124972090728	[101, 100, 37, 1, 34, 88]	27
446	0.999043211902114	0.9999917863027117	6.752593910073201	7.140359441081964	[119, 17, 33, 67, 34, 88]	28
447	0.9990579771505381	0.9999921017086876	6.752593910073201	7.140359441081964	[13, 34, 67, 33, 7, 88]	27
448	0.9990725145401903	0.9999923544540096	6.752593910073201	7.528124972090727	[3, 5, 30, 7, 68, 88]	26
449	0.9990868275874096	0.9999925583352359	6.752593910073201	7.140359441081964	[3, 68, 33, 1, 34, 88]	27
450	0.9991009197542706	0.9999929155351447	6.752593910073201	7.915890503099491	[21, 20, 5, 67, 7, 88]	27
451	0.9991147944494208	0.9999930467289383	6.752593910073201	6.752593910073201	[3, 5, 67, 7, 34, 88]	27
452	0.999128455028905	0.999993313734547	6.752593910073201	7.91589050309949	[3, 24, 26, 19, 5, 88]	27
453	0.9991419047969774	0.9999934375542776	6.752593910073201	6.752593910073201	[3, 5, 67, 33, 34, 88]	28
454	0.9991551470069007	0.9999936125528303	6.752593910073201	7.140359441081964	[3, 8, 34, 67, 7, 88]	27
455	0.9991681848617324	0.9999938169511396	6.752593910073201	7.528124972090727	[13, 3, 5, 4, 34, 88]	27
456	0.9991810215151007	0.9999939314520445	6.752593910073201	7.140359441081964	[3, 5, 6, 1, 34, 88]	28
457	0.9991936600719664	0.99999409327999	6.752593910073201	7.528124972090727	[101, 100, 27, 33, 7, 88]	27
458	0.9992061035893743	0.9999942507925236	6.752593910073201	7.915890503099491	[3, 2, 10, 139, 34, 88]	27
459	0.9992183550771927	0.9999943785526897	6.752593910073201	7.140359441081964	[123, 6, 67, 7, 34, 88]	36
460	0.999230417498841	0.9999944826535658	6.752593910073201	7.140359441081964	[3, 4, 33, 7, 34, 88]	27
461	0.999242293772007	0.9999946592086517	6.752593910073201	7.140359441081964	[119, 6, 67, 33, 34, 88]	27
462	0.9992539867693525	0.9999948301139748	6.752593910073201	7.528124972090727	[13, 3, 17, 68, 7, 88]	27
463	0.9992654993192083	0.999994925852605	6.752593910073201	7.140359441081964	[3, 5, 2, 8, 34, 88]	27
464	0.9992768342062575	0.9999950611632021	6.752593910073201	7.140359441081964	[13, 98, 7, 67, 34, 88]	27
465	0.9992879941722103	0.9999951526231429	6.752593910073201	6.752593910073201	[3, 17, 33, 7, 34, 88]	26
466	0.9992989819164663	0.9999952603426285	6.752593910073201	7.528124972090728	[119, 6, 4, 7, 34, 88]	27
467	0.9993098000967677	0.9999953481140614	6.752593910073201	7.140359441081964	[3, 5, 4, 7, 34, 88]	27
468	0.9993204513298424	0.999995503176926	6.752593910073201	7.528124972090727	[144, 43, 17, 3, 5, 88]	27
469	0.9993309381920361	0.9999956031063276	6.752593910073201	7.140359441081964	[140, 147, 33, 7, 34, 88]	28
470	0.9993412632199368	0.9999957719470447	6.752593910073201	7.91589050309949	[3, 16, 26, 19, 5, 88]	28
471	0.9993514289109872	0.9999958502443216	6.752593910073201	7.140359441081964	[3, 17, 29, 68, 34, 88]	28
472	0.9993614377240893	0.9999959830365033	6.752593910073201	7.140359441081964	[13, 3, 17, 1, 34, 88]	27
473	0.9993712920801989	0.9999960723023588	6.752593910073201	7.528124972090727	[144, 43, 27, 33, 7, 88]	27
474	0.999380994362912	0.9999962231259483	6.752593910073201	7.140359441081964	[3, 52, 68, 67, 34, 88]	27
475	0.9993905469190398	0.9999963238425896	6.752593910073201	7.528124972090727	[3, 17, 48, 50, 33, 88]	27
476	0.9993999520591781	0.9999963919195787	6.752593910073201	7.140359441081964	[3, 17, 50, 1, 34, 88]	27
477	0.9994092120582648	0.9999965073781522	6.752593910073201	7.528124972090728	[123, 3, 37, 1, 34, 88]	27
478	0.9994183291561312	0.9999965720563345	6.752593910073201	7.140359441081964	[3, 5, 27, 7, 34, 88]	27
479	0.9994273055580427	0.9999966482328604	6.752593910073201	7.140359441081964	[101, 100, 33, 7, 34, 88]	27
480	0.9994361434352333	0.9999967227165747	6.752593910073201	7.140359441081964	[140, 57, 27, 33, 34, 88]	27
481	0.9994448449254304	0.9999968101107993	6.752593910073201	7.140359441081964	[3, 5, 67, 1, 34, 88]	27
482	0.9994534121333712	0.9999968809972261	6.752593910073201	7.140359441081964	[0, 1, 34, 67, 7, 88]	27
483	0.9994618471313131	0.9999969503083987	6.752593910073201	7.140359441081964	[123, 3, 17, 7, 34, 88]	27
484	0.9994701519595336	0.9999970966935956	6.752593910073201	7.140359441081964	[144, 43, 27, 33, 34, 88]	27
485	0.9994783286268247	0.999997150458529	6.752593910073201	6.752593910073201	[3, 5, 27, 33, 34, 88]	27
486	0.9994863791109787	0.9999972264463016	6.752593910073201	7.528124972090727	[3, 17, 49, 33, 7, 88]	27
487	0.999494305359266	0.9999972880808282	6.752593910073201	7.528124972090727	[3, 5, 40, 37, 34, 88]	27
488	0.999502109288907	0.9999973603986728	6.752593910073201	6.752593910073201	[3, 5, 67, 7, 34, 88]	27
489	0.9995097927875349	0.9999974307880415	6.752593910073201	7.140359441081964	[3, 17, 1, 34, 33, 88]	27
490	0.9995173577136532	0.9999974783660408	6.752593910073201	7.140359441081964	[3, 17, 1, 34, 7, 88]	28
491	0.9995248058970845	0.9999975590583274	6.752593910073201	6.752593910073201	[3, 5, 67, 7, 34, 88]	27
492	0.9995321391394135	0.9999976042609511	6.752593910073201	6.752593910073201	[3, 5, 27, 33, 34, 88]	27
493	0.9995393592144225	0.999997648626489	6.752593910073201	7.140359441081964	[3, 5, 8, 34, 33, 88]	29
494	0.999546467868521	0.9999977008792337	6.752593910073201	7.140359441081964	[0, 1, 34, 67, 33, 88]	27
495	0.9995534668211672	0.9999977621891207	6.752593910073201	7.140359441081964	[3, 17, 33, 27, 34, 88]	27
496	0.9995603577652851	0.9999978337990689	6.752593910073201	7.528124972090727	[3, 17, 48, 40, 5, 88]	27
497	0.9995671423676726	0.9999979031174987	6.752593910073201	7.528124972090727	[3, 4, 33, 67, 7, 88]	27
498	0.999573822269406	0.9999979730135821	6.752593910073201	7.140359441081964	[0, 1, 34, 67, 7, 88]	28
499	0.9995803990862362	0.9999980270665532	6.752593910073201	7.91589050309949	[119, 17, 3, 8, 38, 88]	27
