0	0.015432098765432056	0.026666666666666616	7.140359441081964	7.140359441081964	[3, 24, 27, 33, 34, 88]	186
1	0.030626047858558048	0.06404266666666658	7.140359441081964	7.915890503099491	[119, 17, 97, 98, 34, 88]	237
2	0.045585522428642	0.09399330133333328	7.140359441081964	7.528124972090728	[123, 6, 139, 1, 34, 88]	27
3	0.06031414090968146	0.12298551569066662	7.140359441081964	7.915890503099491	[140, 57, 142, 3, 5, 88]	27
4	0.07481546589564314	0.14637256860558212	7.140359441081964	7.140359441081964	[3, 5, 4, 7, 34, 88]	33
5	0.08909300500219186	0.17368864641020354	7.140359441081964	7.91589050309949	[13, 34, 8, 2, 5, 88]	27
6	0.10315021171512095	0.20541900238805166	7.140359441081964	8.303656034108254	[140, 147, 3, 2, 5, 88]	27
7	0.11699048622569008	0.22307635789053948	7.140359441081964	7.528124972090727	[140, 6, 1, 34, 7, 88]	26
8	0.13061717625307134	0.24793791443804225	7.140359441081964	7.140359441081964	[123, 6, 67, 68, 34, 88]	28
9	0.1440335778541042	0.26799290338636106	7.140359441081964	7.140359441081964	[3, 34, 67, 33, 7, 88]	26
10	0.1572429362205532	0.2842597277555531	7.140359441081964	7.140359441081964	[0, 1, 34, 68, 33, 88]	26
11	0.17024844646406312	0.2975141772415614	7.140359441081964	7.140359441081964	[3, 8, 34, 68, 33, 88]	31
12	0.18305325438900033	0.31312497330286004	7.140359441081964	7.140359441081964	[140, 147, 27, 33, 34, 88]	28
13	0.19566045725336756	0.3283888627850188	7.140359441081964	7.528124972090727	[3, 17, 6, 33, 7, 88]	27
14	0.208073104517976	0.34629849311075156	7.140359441081964	7.528124972090727	[13, 70, 5, 3, 34, 88]	30
15	0.22029419858405663	0.360825193263846	7.140359441081964	7.140359441081964	[140, 6, 33, 7, 34, 88]	32
16	0.2323266955194878	0.3812787870794029	7.140359441081964	7.528124972090727	[119, 17, 48, 29, 34, 88]	34
17	0.2441735057738167	0.3927365873186732	7.140359441081964	7.140359441081964	[3, 68, 7, 1, 34, 88]	35
18	0.2558374948822454	0.40398220607203106	6.752593910073201	6.752593910073201	[3, 5, 67, 68, 34, 88]	27
19	0.2673214841587539	0.41501957262625266	6.752593910073201	7.528124972090728	[3, 56, 50, 1, 34, 88]	27
20	0.2786282513785262	0.4258525435035443	6.752593910073201	7.140359441081964	[3, 5, 6, 1, 34, 88]	27
21	0.28976053144984526	0.4386113758701322	6.752593910073201	7.140359441081964	[123, 3, 68, 7, 34, 88]	26
22	0.30072101707561927	0.453581739180262	6.752593910073201	7.140359441081964	[140, 57, 27, 33, 34, 88]	27
23	0.31151235940469924	0.47179568120758664	6.752593910073201	7.91589050309949	[144, 43, 27, 41, 33, 88]	31
24	0.32213716867314524	0.4835335549585291	6.752593910073201	7.528124972090727	[119, 6, 17, 3, 5, 88]	26
25	0.3325980148355967	0.5000604811998561	6.752593910073201	7.528124972090728	[123, 6, 146, 8, 34, 88]	26
26	0.34289742818689917	0.5111702482843039	6.752593910073201	7.528124972090727	[13, 14, 17, 3, 5, 88]	26
27	0.35303789997413837	0.5202226510938538	6.752593910073201	7.140359441081964	[3, 37, 33, 7, 34, 88]	26
28	0.3630218829992288	0.5291074168143379	6.752593910073201	6.752593910073201	[3, 5, 27, 33, 34, 88]	27
29	0.37285179221220366	0.539571696440686	6.752593910073201	7.915890503099491	[140, 57, 61, 3, 5, 88]	28
30	0.38253000529534864	0.5518497845356011	6.752593910073201	6.752593910073201	[3, 5, 67, 33, 34, 88]	30
31	0.3920588632383216	0.5638004569479851	6.752593910073201	7.91589050309949	[3, 17, 68, 32, 5, 88]	32
32	0.40144067090439683	0.5754324447627054	6.752593910073201	7.528124972090727	[3, 17, 11, 4, 34, 88]	32
33	0.4106776975879709	0.5832948068967294	6.752593910073201	6.752593910073201	[3, 68, 67, 7, 34, 88]	31
34	0.4197721775634652	0.5910115697319751	6.752593910073201	6.752593910073201	[3, 68, 33, 7, 34, 88]	32
35	0.4287263106257574	0.6001002015157091	6.752593910073201	7.140359441081964	[140, 57, 27, 33, 34, 88]	35
36	0.43754226262227347	0.6128969950672063	6.752593910073201	7.140359441081964	[13, 34, 68, 67, 7, 88]	27
37	0.44622216597686803	0.6214992840657129	6.752593910073201	7.915890503099491	[119, 6, 10, 33, 7, 88]	27
38	0.4547681202056201	0.6299104110864748	6.752593910073201	7.528124972090727	[140, 6, 8, 34, 33, 88]	26
39	0.46318219242466907	0.6441218513007542	6.752593910073201	7.528124972090727	[13, 34, 68, 33, 38, 88]	27
40	0.47146641785021426	0.6555099520591301	6.752593910073201	7.140359441081964	[0, 1, 34, 67, 7, 88]	27
41	0.4796228002907974	0.6618893973913684	6.752593910073201	6.752593910073201	[3, 17, 68, 7, 34, 88]	27
42	0.48765331263198874	0.6694029663382268	6.752593910073201	7.528124972090727	[13, 14, 17, 3, 34, 88]	27
43	0.49555989731359384	0.6804228674602859	6.752593910073201	7.528124972090727	[144, 43, 8, 34, 33, 88]	27
44	0.5033444667994951	0.6889449243280117	6.752593910073201	7.528124972090728	[101, 100, 17, 7, 34, 88]	27
45	0.5110089040402437	0.6958572593429447	6.752593910073201	7.140359441081964	[13, 3, 68, 7, 34, 88]	27
46	0.5185550629285114	0.7026159869131015	6.752593910073201	7.528124972090727	[0, 1, 34, 8, 5, 88]	27
47	0.5259847687475159	0.7168904195412726	6.752593910073201	7.528124972090727	[101, 100, 33, 68, 7, 88]	27
48	0.5332998186125233	0.7244400083535054	6.752593910073201	7.528124972090727	[140, 57, 27, 33, 7, 88]	32
49	0.5405019819055399	0.7305635637234275	6.752593910073201	7.528124972090727	[13, 3, 68, 33, 7, 88]	27
50	0.5475930007032939	0.7355531273581788	6.752593910073201	6.752593910073201	[3, 17, 7, 67, 34, 88]	27
51	0.5545745901986134	0.7457078872676247	6.752593910073201	7.140359441081964	[3, 98, 7, 68, 34, 88]	26
52	0.5614484391153014	0.7538452348750607	6.752593910073201	7.140359441081964	[123, 3, 17, 1, 34, 88]	26
53	0.5682162101166085	0.7604093619450591	6.752593910073201	7.528124972090727	[13, 14, 17, 3, 5, 88]	26
54	0.5748795402074016	0.7680762623628172	6.752593910073201	7.140359441081964	[140, 6, 67, 68, 34, 88]	27
55	0.5814400411301268	0.7742608953664754	6.752593910073201	7.528124972090727	[3, 6, 33, 68, 7, 88]	27
56	0.5878992997546619	0.7802806048233694	6.752593910073201	7.140359441081964	[3, 5, 67, 68, 33, 88]	26
57	0.5942588784621516	0.7876045846625904	6.752593910073201	8.303656034108254	[21, 20, 89, 27, 5, 88]	27
58	0.6005203155229208	0.7932684624049213	6.752593910073201	7.528124972090727	[3, 5, 56, 29, 34, 88]	27
59	0.6066851254685548	0.7978624965737009	6.752593910073201	7.140359441081964	[101, 100, 33, 7, 34, 88]	27
60	0.6127547994582376	0.8032528299984021	6.752593910073201	7.528124972090727	[3, 10, 33, 68, 7, 88]	28
61	0.6187308056394376	0.8068962961095428	6.752593910073201	6.752593910073201	[3, 17, 68, 7, 34, 88]	33
62	0.6246145895030265	0.8111874895293307	6.752593910073201	7.528124972090727	[13, 34, 33, 27, 5, 88]	32
63	0.630407574232918	0.8146840175010098	6.752593910073201	7.528124972090727	[3, 37, 1, 34, 7, 88]	31
64	0.6361111610503113	0.8188021504454318	6.752593910073201	7.140359441081964	[0, 1, 34, 68, 33, 88]	35
65	0.6417267295526212	0.824600481631178	6.752593910073201	7.528124972090728	[13, 98, 6, 1, 34, 88]	33
66	0.6472556380471796	0.8278486208602303	6.752593910073201	7.140359441081964	[3, 17, 29, 1, 34, 88]	33
67	0.6526992238797849	0.8310366093628186	6.752593910073201	7.140359441081964	[3, 5, 67, 33, 7, 88]	33
68	0.6580588037581832	0.8341655610412849	6.752593910073201	7.528124972090727	[3, 17, 29, 68, 7, 88]	34
69	0.6633356740705569	0.8394722630879639	6.752593910073201	7.140359441081964	[0, 1, 34, 68, 33, 88]	32
70	0.6685311111990977	0.8437530027389515	6.752593910073201	7.528124972090727	[13, 14, 17, 3, 5, 88]	32
71	0.6736463718287411	0.848752906651305	6.752593910073201	7.528124972090727	[0, 1, 68, 33, 7, 88]	32
72	0.6786826932511372	0.8537944764295948	6.752593910073201	7.140359441081964	[101, 100, 27, 33, 34, 88]	32
73	0.6836412936639282	0.8576932903914724	6.752593910073201	6.752593910073201	[3, 68, 67, 7, 34, 88]	29
74	0.6885233724654107	0.8603285998286673	6.752593910073201	7.140359441081964	[3, 5, 27, 7, 34, 88]	27
75	0.6933301105446482	0.8634324087213636	6.752593910073201	7.140359441081964	[123, 6, 67, 33, 34, 88]	27
76	0.6980626705671074	0.8655399332781326	6.752593910073201	6.752593910073201	[3, 5, 27, 33, 34, 88]	27
77	0.7027221972558866	0.8698426554132324	6.752593910073201	7.140359441081964	[0, 1, 34, 67, 33, 88]	26
78	0.7073098176686043	0.8740076904400089	6.752593910073201	7.528124972090727	[13, 34, 17, 3, 5, 88]	26
79	0.7118266414700147	0.8780394443459286	6.752593910073201	7.140359441081964	[0, 1, 34, 68, 7, 88]	26
80	0.7162737612004157	0.8819421821268589	6.752593910073201	7.91589050309949	[13, 3, 17, 4, 5, 88]	27
81	0.7206522525399155	0.8845656891907065	6.752593910073201	7.528124972090727	[0, 1, 68, 67, 7, 88]	27
82	0.7249631745686205	0.8871308960975797	6.752593910073201	7.140359441081964	[144, 43, 27, 33, 34, 88]	27
83	0.7292075700228084	0.8908931995609937	6.752593910073201	7.528124972090727	[21, 20, 5, 3, 34, 88]	27
84	0.7333864655471478	0.8945300929089606	6.752593910073201	7.528124972090728	[144, 43, 7, 1, 34, 88]	27
85	0.7375008719430252	0.8964832393365725	6.752593910073201	7.91589050309949	[3, 61, 41, 27, 5, 88]	26
86	0.7415517844130401	0.8999337980253533	6.752593910073201	7.528124972090727	[0, 1, 34, 8, 7, 88]	27
87	0.7455401828017278	0.9026022300780105	6.752593910073201	7.528124972090727	[13, 12, 5, 3, 34, 88]	26
88	0.7494670318325654	0.9057189587155142	6.752593910073201	7.528124972090727	[123, 3, 17, 4, 34, 88]	27
89	0.753333281341322	0.9093393507008385	6.752593910073201	7.140359441081964	[140, 147, 7, 68, 34, 88]	27
90	0.7571398665058078	0.9122404914784117	6.752593910073201	7.140359441081964	[140, 6, 33, 7, 34, 88]	27
91	0.7608877080720762	0.9141907027788914	6.752593910073201	7.528124972090727	[119, 17, 48, 50, 34, 88]	27
92	0.7645777125771367	0.9160975760504716	6.752593910073201	7.140359441081964	[123, 3, 17, 1, 34, 88]	27
93	0.7682107725682302	0.9179620743604612	6.752593910073201	7.140359441081964	[123, 6, 33, 7, 34, 88]	26
94	0.7717877668187205	0.9194812952056378	6.752593910073201	6.752593910073201	[3, 17, 7, 67, 34, 88]	27
95	0.7753095605406538	0.9216284606668208	6.752593910073201	7.915890503099491	[123, 6, 43, 27, 33, 88]	27
96	0.7787770055940388	0.923079785469287	6.752593910073201	7.140359441081964	[3, 17, 29, 7, 34, 88]	27
97	0.7821909406928962	0.9247891235699696	6.752593910073201	7.91589050309949	[101, 100, 26, 19, 5, 88]	28
98	0.7855521916081293	0.9264604763795258	6.752593910073201	7.140359441081964	[140, 57, 27, 33, 34, 88]	27
99	0.7888615713672631	0.929284394086552	6.752593910073201	7.140359441081964	[140, 6, 67, 7, 34, 88]	27
100	0.7921198804511016	0.9311701435775772	6.752593910073201	7.140359441081964	[3, 5, 67, 33, 7, 88]	26
101	0.79532790698735	0.93269969594252	6.752593910073201	7.140359441081964	[144, 43, 67, 7, 34, 88]	27
102	0.7984864269412489	0.9348533056723594	6.752593910073201	7.528124972090728	[144, 43, 65, 1, 34, 88]	27
103	0.8015962043032667	0.9365905508544298	6.752593910073201	7.915890503099491	[3, 56, 25, 67, 7, 88]	26
104	0.8046579912738953	0.9386196532270881	6.752593910073201	7.140359441081964	[119, 17, 7, 67, 34, 88]	27
105	0.8076725284455943	0.9402564624743657	6.752593910073201	7.140359441081964	[140, 147, 33, 67, 34, 88]	26
106	0.8106405449819278	0.9418496234750493	6.752593910073201	7.140359441081964	[3, 8, 34, 33, 7, 88]	27
107	0.8135627587939351	0.9431418540644926	6.752593910073201	7.140359441081964	[0, 1, 34, 68, 7, 88]	27
108	0.8164398767137817	0.944405368418615	6.752593910073201	7.140359441081964	[0, 1, 34, 68, 7, 88]	26
109	0.8192725946657295	0.9456408046759791	6.752593910073201	7.528124972090727	[123, 6, 17, 3, 5, 88]	27
110	0.8220615978344683	0.947090383217953	6.752593910073201	7.140359441081964	[140, 147, 7, 67, 34, 88]	26
111	0.8248075608308499	0.9491221125023837	6.752593910073201	8.303656034108254	[140, 57, 41, 30, 5, 88]	26
112	0.8275111478550652	0.9507502049023073	6.752593910073201	7.528124972090727	[119, 6, 67, 33, 7, 88]	27
113	0.8301730128573019	0.9521182547661321	6.752593910073201	7.140359441081964	[0, 1, 34, 68, 7, 88]	27
114	0.8327937996959238	0.953650470613616	6.752593910073201	7.528124972090727	[123, 6, 33, 68, 7, 88]	27
115	0.8353741422932088	0.9546804601555355	6.752593910073201	7.140359441081964	[123, 6, 67, 7, 34, 88]	26
116	0.837914664788684	0.955519710893396	6.752593910073201	7.140359441081964	[3, 5, 27, 33, 7, 88]	27
117	0.8404159816900932	0.9567058519362388	6.752593910073201	7.140359441081964	[3, 5, 8, 34, 7, 88]	27
118	0.8428786980220363	0.9575075954189011	6.752593910073201	7.528124972090727	[3, 37, 1, 34, 7, 88]	27
119	0.8453034094723135	0.9588673523654963	6.752593910073201	7.528124972090727	[119, 17, 48, 50, 34, 88]	26
120	0.8476907025360123	0.9595021154462756	6.752593910073201	6.752593910073201	[3, 5, 27, 33, 34, 88]	26
121	0.8500411546573702	0.9607980477519947	6.752593910073201	7.528124972090727	[3, 24, 27, 33, 68, 88]	26
122	0.8523553343694478	0.9615240098306616	6.752593910073201	6.752593910073201	[3, 17, 33, 7, 34, 88]	27
123	0.8546338014316477	0.9623790318344246	6.752593910073201	7.140359441081964	[0, 1, 34, 67, 33, 88]	34
124	0.8568771069651099	0.9633822576521733	6.752593910073201	6.752593910073201	[3, 5, 67, 33, 34, 88]	31
125	0.8590857935860187	0.9640603639919478	6.752593910073201	7.140359441081964	[3, 5, 8, 34, 33, 88]	32
126	0.8612603955368516	0.9648590225699045	6.752593910073201	7.140359441081964	[13, 3, 17, 7, 34, 88]	32
127	0.8634014388156039	0.9655097814112026	6.752593910073201	6.752593910073201	[3, 17, 33, 67, 34, 88]	31
128	0.8655094413030175	0.9668342058050124	6.752593910073201	7.140359441081964	[3, 43, 7, 33, 34, 88]	31
129	0.8675849128878474	0.96757122345379	6.752593910073201	6.752593910073201	[3, 5, 67, 7, 34, 88]	32
130	0.8696283555901955	0.9686089443032687	6.752593910073201	7.140359441081964	[13, 34, 67, 33, 7, 88]	32
131	0.8716402636829393	0.9693065233187516	6.752593910073201	7.528124972090727	[13, 14, 17, 3, 5, 88]	32
132	0.8736211238112891	0.9702887145725515	6.752593910073201	7.528124972090728	[123, 3, 12, 8, 34, 88]	32
133	0.8755714151104975	0.9709489653598282	6.752593910073201	7.140359441081964	[144, 43, 7, 33, 34, 88]	32
134	0.8774916093217553	0.9715945439073875	6.752593910073201	7.528124972090728	[119, 6, 67, 1, 34, 88]	32
135	0.8793821709062961	0.9723520227365239	6.752593910073201	7.140359441081964	[3, 5, 8, 34, 7, 88]	30
136	0.8812435571577422	0.9730893021302166	6.752593910073201	7.140359441081964	[3, 17, 139, 7, 34, 88]	33
137	0.8830762183127152	0.9735876483870645	6.752593910073201	6.752593910073201	[3, 5, 27, 33, 34, 88]	31
138	0.8848805976597413	0.9741745895340186	6.752593910073201	7.528124972090727	[119, 6, 5, 3, 34, 88]	26
139	0.8866571316464736	0.9751662852959122	6.752593910073201	7.528124972090728	[144, 43, 7, 1, 34, 88]	27
140	0.8884062499852626	0.9758285176880213	6.752593910073201	7.140359441081964	[3, 52, 68, 67, 34, 88]	26
141	0.890128375757095	0.9762761377308357	6.752593910073201	7.528124972090727	[3, 17, 61, 10, 34, 88]	27
142	0.89182392551393	0.9768033346701505	6.752593910073201	7.915890503099491	[123, 6, 43, 27, 33, 88]	27
143	0.8934933093794557	0.9773188161219248	6.752593910073201	7.528124972090727	[144, 43, 17, 3, 5, 88]	27
144	0.8951369311482913	0.9777388380455929	6.752593910073201	7.140359441081964	[3, 5, 37, 1, 34, 88]	27
145	0.8967551883836571	0.9782335305334686	6.752593910073201	7.140359441081964	[140, 6, 33, 7, 34, 88]	26
146	0.898348472513539	0.9786366133013673	6.752593910073201	7.140359441081964	[3, 5, 6, 8, 34, 88]	27
147	0.8999171689253671	0.9793202416757236	6.752593910073201	7.140359441081964	[123, 3, 17, 1, 34, 88]	26
148	0.9014616570592349	0.9797797918607075	6.752593910073201	7.140359441081964	[13, 3, 17, 68, 34, 88]	26
149	0.9029823104996788	0.9801542401595833	6.752593910073201	7.140359441081964	[3, 24, 27, 33, 34, 88]	27
150	0.9044794970660417	0.9805952570449259	6.752593910073201	7.528124972090727	[119, 6, 67, 33, 7, 88]	26
151	0.9059535789014423	0.9809546041366866	6.752593910073201	7.140359441081964	[3, 17, 1, 34, 33, 88]	27
152	0.9074049125603707	0.9814624813597083	6.752593910073201	7.528124972090727	[3, 17, 48, 40, 5, 88]	26
153	0.9088338490949328	0.981956815190116	6.752593910073201	7.140359441081964	[3, 17, 49, 33, 34, 88]	27
154	0.9102407341397641	0.9825341971040323	6.752593910073201	7.140359441081964	[3, 17, 48, 50, 34, 88]	27
155	0.9116259079956319	0.9830931027967033	6.752593910073201	7.91589050309949	[3, 68, 7, 8, 38, 88]	27
156	0.9129897057117488	0.9835439533887912	6.752593910073201	7.528124972090727	[13, 98, 8, 34, 7, 88]	27
157	0.9143324571668143	0.9839096433134847	6.752593910073201	7.528124972090727	[119, 17, 1, 34, 33, 88]	26
158	0.9156544871488079	0.9842672067954072	6.752593910073201	7.528124972090727	[123, 6, 17, 3, 5, 88]	26
159	0.9169561154335486	0.9846867479475298	6.752593910073201	7.140359441081964	[13, 98, 7, 33, 34, 88]	26
160	0.9182376568620432	0.9850270424375847	6.752593910073201	7.140359441081964	[0, 1, 34, 68, 7, 88]	27
161	0.9194994214166413	0.9852581065974985	6.752593910073201	7.528124972090727	[3, 5, 2, 7, 33, 88]	26
162	0.9207417142960141	0.9855311046234707	6.752593910073201	7.528124972090727	[144, 43, 27, 33, 68, 88]	27
163	0.9219648359889768	0.9859169418335115	6.752593910073201	7.528124972090727	[3, 5, 12, 4, 34, 88]	27
164	0.9231690823471717	0.986592928625503	6.752593910073201	7.140359441081964	[0, 1, 34, 67, 33, 88]	26
165	0.9243547446566289	0.9871077601662837	6.752593910073201	7.915890503099491	[13, 14, 5, 67, 33, 88]	26
166	0.9255221097082241	0.9873942543848107	6.752593910073201	7.140359441081964	[140, 147, 33, 7, 34, 88]	26
167	0.9266714598670478	0.9877304076012157	6.752593910073201	7.140359441081964	[3, 5, 6, 1, 34, 88]	27
168	0.9278030731407044	0.9879197531629254	6.752593910073201	7.528124972090727	[3, 5, 147, 33, 7, 88]	27
169	0.9289172232465578	0.9882418930785807	6.752593910073201	7.140359441081964	[3, 5, 8, 34, 7, 88]	26
170	0.9300141796779381	0.988503184343501	6.752593910073201	7.140359441081964	[0, 1, 34, 67, 7, 88]	26
171	0.9310942077693279	0.9887586691358677	6.752593910073201	7.140359441081964	[123, 6, 33, 7, 34, 88]	26
172	0.932157568760542	0.988966841929648	6.752593910073201	7.140359441081964	[3, 17, 6, 1, 34, 88]	27
173	0.9332045198599164	0.9891711596716916	6.752593910073201	7.528124972090727	[3, 8, 34, 1, 7, 88]	26
174	0.9342353143065225	0.9893716937518454	6.752593910073201	7.140359441081964	[3, 68, 33, 27, 34, 88]	27
175	0.9352502014314219	0.9896551152517962	6.752593910073201	7.140359441081964	[140, 147, 7, 67, 34, 88]	28
176	0.936249426717974	0.9899309788450816	6.752593910073201	7.140359441081964	[3, 17, 43, 7, 34, 88]	27
177	0.9372332318612151	0.990253187522039	6.752593910073201	8.303656034108254	[140, 6, 150, 27, 7, 88]	26
178	0.9382018548263199	0.9904036012948471	6.752593910073201	6.752593910073201	[3, 5, 67, 7, 34, 88]	27
179	0.9391555299061606	0.990710686053412	6.752593910073201	7.528124972090728	[140, 6, 71, 33, 34, 88]	26
180	0.9400944877779791	0.9910673957089609	6.752593910073201	7.528124972090727	[140, 147, 33, 68, 7, 88]	27
181	0.9410189555591831	0.9914104077137368	6.752593910073201	7.528124972090727	[119, 6, 67, 68, 33, 88]	26
182	0.9419291568622822	0.9916394635080371	6.752593910073201	7.140359441081964	[3, 10, 33, 7, 34, 88]	27
183	0.9428253118489753	0.9918624111478228	6.752593910073201	7.528124972090727	[13, 3, 17, 68, 7, 88]	27
184	0.9437076372834047	0.992013107237678	6.752593910073201	7.528124972090727	[3, 17, 48, 29, 7, 88]	26
185	0.9445763465845868	0.9922260910446732	6.752593910073201	7.528124972090727	[3, 17, 48, 50, 33, 88]	26
186	0.9454316498780345	0.9923988445770138	6.752593910073201	7.140359441081964	[140, 147, 7, 67, 34, 88]	27
187	0.9462737540465833	0.9925396067144765	6.752593910073201	7.140359441081964	[3, 5, 27, 7, 34, 88]	27
188	0.9471028627804323	0.9927385505354238	6.752593910073201	7.528124972090727	[3, 17, 24, 27, 33, 88]	26
189	0.9479191766264133	0.992899916079081	6.752593910073201	7.140359441081964	[119, 17, 68, 7, 34, 88]	27
190	0.9487228930364995	0.9930313991146537	6.752593910073201	7.140359441081964	[3, 5, 27, 7, 34, 88]	26
191	0.9495142064155659	0.9932543943429847	6.752593910073201	7.140359441081964	[0, 1, 34, 67, 7, 88]	26
192	0.9502933081684121	0.9933793129662628	6.752593910073201	6.752593910073201	[3, 5, 27, 33, 34, 88]	27
193	0.9510603867460601	0.9935019182817023	6.752593910073201	6.752593910073201	[3, 5, 27, 33, 34, 88]	27
194	0.9518156276913369	0.9936463200976645	6.752593910073201	7.140359441081964	[3, 5, 6, 33, 34, 88]	26
195	0.9525592136837545	0.9938157515617269	6.752593910073201	7.528124972090727	[140, 57, 27, 33, 7, 88]	27
196	0.9532913245836966	0.9940136475117516	6.752593910073201	7.140359441081964	[140, 6, 67, 7, 34, 88]	27
197	0.9540121374759235	0.994146677567046	6.752593910073201	7.528124972090727	[140, 147, 27, 33, 7, 88]	26
198	0.9547218267124061	0.9943339838849005	6.752593910073201	7.140359441081964	[0, 1, 34, 68, 7, 88]	27
199	0.9554205639544987	0.9944850776479698	6.752593910073201	7.140359441081964	[3, 17, 6, 1, 34, 88]	26
200	0.9561085182144601	0.9945872058396741	6.752593910073201	7.140359441081964	[3, 5, 67, 33, 7, 88]	27
201	0.9567858558963357	0.9947315470172827	6.752593910073201	7.528124972090728	[3, 116, 6, 8, 34, 88]	27
202	0.9574527408362071	0.9948486237502321	6.752593910073201	7.528124972090727	[140, 57, 1, 34, 7, 88]	26
203	0.9581093343418212	0.9949630987780047	6.752593910073201	7.140359441081964	[3, 43, 27, 33, 34, 88]	27
204	0.9587557952316079	0.9951242796171085	6.752593910073201	7.140359441081964	[0, 1, 34, 67, 7, 88]	26
205	0.9593922798730954	0.9952145707353102	6.752593910073201	6.752593910073201	[3, 68, 33, 7, 34, 88]	26
206	0.9600189422207328	0.9953983312190743	6.752593910073201	7.528124972090727	[123, 3, 68, 67, 7, 88]	27
207	0.960635933853129	0.9955210423865657	6.752593910073201	7.915890503099491	[123, 58, 56, 17, 34, 88]	27
208	0.9612434040097164	0.9956205747779753	6.752593910073201	7.140359441081964	[123, 3, 17, 33, 34, 88]	27
209	0.9618414996268504	0.9957607163850801	6.752593910073201	7.528124972090727	[119, 6, 33, 68, 7, 88]	26
210	0.9624303653733497	0.9959020258389107	6.752593910073201	7.528124972090728	[144, 43, 3, 8, 34, 88]	27
211	0.9630101436854893	0.9959930919313794	6.752593910073201	7.528124972090727	[0, 1, 17, 3, 5, 88]	27
212	0.963580974801454	0.9960672939326501	6.752593910073201	6.752593910073201	[3, 5, 27, 33, 34, 88]	27
213	0.9641429967952587	0.9961546874008135	6.752593910073201	7.528124972090728	[144, 43, 17, 7, 34, 88]	26
214	0.9646963456101467	0.9962572290701251	6.752593910073201	7.140359441081964	[3, 68, 33, 27, 34, 88]	27
215	0.9652411550914716	0.9963404017574556	6.752593910073201	7.140359441081964	[3, 5, 2, 8, 34, 88]	27
216	0.9657775570190723	0.9964081720952805	6.752593910073201	7.140359441081964	[13, 34, 68, 33, 7, 88]	26
217	0.9663056811391484	0.9965039541727397	6.752593910073201	7.140359441081964	[3, 5, 30, 7, 34, 88]	27
218	0.966825655195643	0.9965971820614667	6.752593910073201	7.140359441081964	[3, 52, 68, 33, 34, 88]	26
219	0.9673376049611423	0.9966601972084765	6.752593910073201	7.528124972090727	[13, 18, 17, 3, 5, 88]	27
220	0.9678416542672975	0.9967344150482882	6.752593910073201	7.140359441081964	[119, 17, 68, 33, 34, 88]	27
221	0.9683379250347776	0.9968389137667429	6.752593910073201	7.528124972090728	[13, 98, 7, 1, 34, 88]	26
222	0.9688265373027594	0.9968974524006922	6.752593910073201	7.140359441081964	[3, 10, 33, 7, 34, 88]	27
223	0.9693076092579637	0.9969549069858645	6.752593910073201	7.140359441081964	[3, 5, 4, 7, 34, 88]	26
224	0.969781257263242	0.997022575719512	6.752593910073201	7.140359441081964	[119, 17, 33, 67, 34, 88]	27
225	0.9702475958857228	0.9971178532964876	6.752593910073201	7.528124972090727	[3, 5, 2, 7, 68, 88]	26
226	0.9707067379245234	0.997210081991	6.752593910073201	7.528124972090728	[123, 6, 76, 1, 34, 88]	27
227	0.9711587944380339	0.9972617471393148	6.752593910073201	7.140359441081964	[3, 5, 67, 68, 7, 88]	26
228	0.9716038747707803	0.9973225972028856	6.752593910073201	7.528124972090727	[3, 2, 8, 34, 68, 88]	27
229	0.9720420865798731	0.9973939946108087	6.752593910073201	7.140359441081964	[3, 8, 34, 67, 7, 88]	27
230	0.9724735358610479	0.9974519058416795	6.752593910073201	7.915890503099491	[140, 6, 4, 3, 5, 88]	26
231	0.9728983269743033	0.9975085301563089	6.752593910073201	7.140359441081964	[0, 1, 34, 33, 7, 88]	27
232	0.9733165626691443	0.9975749693521407	6.752593910073201	7.140359441081964	[3, 37, 33, 67, 34, 88]	26
233	0.9737283441094353	0.9976525703328721	6.752593910073201	7.91589050309949	[3, 17, 28, 8, 38, 88]	27
234	0.97413377089787	0.9977047354365861	6.752593910073201	7.528124972090727	[123, 3, 5, 67, 7, 88]	26
235	0.9745329411000634	0.9977965460191227	6.752593910073201	7.528124972090727	[101, 100, 27, 33, 68, 88]	26
236	0.9749259512682722	0.9978455116631422	6.752593910073201	7.140359441081964	[3, 5, 6, 1, 34, 88]	27
237	0.9753128964647495	0.9978854095953062	6.752593910073201	7.140359441081964	[3, 5, 6, 1, 34, 88]	26
238	0.975693870284738	0.9979417986727647	6.752593910073201	6.752593910073201	[3, 5, 67, 7, 34, 88]	26
239	0.9760689648791093	0.9980076611152362	6.752593910073201	7.528124972090727	[140, 147, 27, 33, 7, 88]	27
240	0.9764382709766539	0.998044556279769	6.752593910073201	7.140359441081964	[3, 17, 68, 67, 7, 88]	27
241	0.9768018779060265	0.9980880105846629	6.752593910073201	7.140359441081964	[123, 6, 33, 68, 34, 88]	26
242	0.9771598736173532	0.9981491942459537	6.752593910073201	7.140359441081964	[123, 3, 68, 7, 34, 88]	27
243	0.9775123447035052	0.9981903232627103	6.752593910073201	7.528124972090727	[119, 17, 1, 34, 33, 88]	27
244	0.9778593764210437	0.998238581309038	6.752593910073201	7.528124972090727	[3, 17, 30, 27, 33, 88]	26
245	0.9782010527108425	0.998277723946615	6.752593910073201	7.91589050309949	[119, 6, 33, 27, 7, 88]	27
246	0.9785374562183912	0.9983096179476035	6.752593910073201	7.140359441081964	[3, 34, 67, 33, 7, 88]	27
247	0.9788686683137864	0.9983409213189443	6.752593910073201	7.140359441081964	[3, 5, 4, 7, 34, 88]	27
248	0.9791947691114131	0.9983716449982231	6.752593910073201	6.752593910073201	[3, 5, 27, 33, 34, 88]	26
249	0.9795158374893234	0.9984150677982705	6.752593910073201	6.752593910073201	[3, 17, 33, 67, 34, 88]	27
250	0.9798319511083153	0.9984444183945987	6.752593910073201	7.140359441081964	[3, 5, 142, 8, 34, 88]	27
251	0.9801431864307178	0.9984732254613654	6.752593910073201	6.752593910073201	[3, 17, 33, 7, 34, 88]	26
252	0.9804496187388858	0.9985139394490624	6.752593910073201	7.528124972090727	[13, 18, 17, 3, 5, 88]	27
253	0.9807513221534092	0.9985614933866924	6.752593910073201	7.91589050309949	[119, 6, 33, 67, 5, 88]	26
254	0.9810483696510417	0.9986075255983182	6.752593910073201	7.140359441081964	[140, 6, 67, 33, 34, 88]	27
255	0.9813408330823528	0.9986333121613123	6.752593910073201	7.140359441081964	[3, 17, 6, 1, 34, 88]	27
256	0.9816287831891066	0.9986586211953621	6.752593910073201	7.140359441081964	[3, 8, 34, 67, 7, 88]	26
257	0.9819122896213734	0.9986834615435961	6.752593910073201	7.528124972090727	[3, 37, 41, 27, 33, 88]	27
258	0.982191420954377	0.998718569235767	6.752593910073201	7.528124972090728	[13, 12, 5, 8, 34, 88]	27
259	0.982466244705081	0.9987470454749721	6.752593910073201	7.528124972090728	[0, 1, 139, 33, 34, 88]	26
260	0.9827368273485212	0.9987748889088616	6.752593910073201	7.140359441081964	[13, 3, 17, 7, 34, 88]	27
261	0.9830032343338835	0.9988075585379587	6.752593910073201	7.140359441081964	[3, 68, 67, 1, 34, 88]	27
262	0.9832655301003359	0.9988296407872557	6.752593910073201	7.140359441081964	[3, 17, 4, 7, 34, 88]	26
263	0.9835237780926147	0.9988670922820635	6.752593910073201	7.140359441081964	[123, 3, 5, 8, 34, 88]	27
264	0.9837780407763707	0.9988922680091288	6.752593910073201	7.140359441081964	[101, 100, 33, 7, 34, 88]	26
265	0.9840283796532785	0.9989127815645152	6.752593910073201	7.140359441081964	[3, 17, 139, 1, 34, 88]	27
266	0.9842748552759131	0.9989329152392464	6.752593910073201	7.528124972090727	[3, 5, 37, 33, 7, 88]	27
267	0.9845175272623958	0.9989755986296766	6.752593910073201	7.140359441081964	[144, 43, 67, 7, 34, 88]	26
268	0.9847564543108157	0.9990083794735269	6.752593910073201	7.528124972090727	[119, 6, 67, 33, 7, 88]	27
269	0.9849916942134266	0.9990236822594293	6.752593910073201	7.140359441081964	[3, 5, 2, 7, 34, 88]	26
270	0.9852233038706267	0.9990549244271276	6.752593910073201	7.528124972090727	[0, 1, 68, 33, 7, 88]	27
271	0.9854513393047221	0.9990851668454594	6.752593910073201	7.528124972090727	[119, 17, 33, 27, 34, 88]	26
272	0.9856758556734764	0.9991021082001732	6.752593910073201	7.140359441081964	[3, 5, 27, 7, 34, 88]	26
273	0.9858969072834536	0.9991220613512805	6.752593910073201	7.140359441081964	[0, 1, 34, 33, 7, 88]	27
274	0.9861145476031533	0.9991383194744049	6.752593910073201	7.140359441081964	[13, 34, 68, 67, 7, 88]	27
275	0.9863288292759441	0.9991574679305293	6.752593910073201	7.528124972090727	[119, 17, 1, 34, 33, 88]	26
276	0.9865398041327968	0.9991844289567523	6.752593910073201	7.528124972090728	[140, 6, 43, 8, 34, 88]	26
277	0.9867475232048216	0.9992025527577134	6.752593910073201	7.140359441081964	[0, 1, 34, 33, 7, 88]	27
278	0.9869520367356114	0.9992173202992372	6.752593910073201	7.140359441081964	[3, 5, 27, 33, 7, 88]	27
279	0.9871533941933952	0.9992318143677699	6.752593910073201	6.752593910073201	[3, 68, 33, 7, 34, 88]	27
280	0.9873516442830033	0.9992436690843166	6.752593910073201	7.140359441081964	[3, 68, 67, 33, 7, 88]	26
281	0.9875468349576483	0.9992576752123848	6.752593910073201	6.752593910073201	[3, 17, 33, 7, 34, 88]	27
282	0.9877390134305241	0.9992774705400546	6.752593910073201	6.752593910073201	[3, 5, 67, 33, 34, 88]	27
283	0.9879282261862259	0.9993005914827728	6.752593910073201	7.140359441081964	[119, 17, 68, 67, 34, 88]	26
284	0.988114518991994	0.999311384824088	6.752593910073201	6.752593910073201	[3, 17, 33, 7, 34, 88]	27
285	0.9882979369087842	0.9993297478954457	6.752593910073201	7.528124972090727	[13, 70, 5, 3, 34, 88]	26
286	0.9884785243021672	0.9993476212849005	6.752593910073201	7.140359441081964	[3, 5, 2, 7, 34, 88]	27
287	0.9886563248530597	0.9993650180506365	6.752593910073201	7.140359441081964	[3, 5, 30, 7, 34, 88]	26
288	0.9888313815682902	0.999385337473016	6.752593910073201	7.140359441081964	[123, 3, 68, 7, 34, 88]	27
289	0.9890037367910018	0.9994089405140523	6.752593910073201	7.140359441081964	[3, 2, 7, 33, 34, 88]	27
290	0.9891734322108937	0.9994278544176026	6.752593910073201	7.528124972090727	[3, 17, 48, 40, 5, 88]	26
291	0.9893405088743059	0.9994405687638781	6.752593910073201	7.140359441081964	[140, 147, 27, 33, 34, 88]	27
292	0.9895050071941468	0.9994530005691252	6.752593910073201	7.140359441081964	[13, 3, 17, 33, 34, 88]	26
293	0.9896669669596693	0.9994712338834878	6.752593910073201	7.140359441081964	[144, 43, 67, 7, 34, 88]	27
294	0.9898264273460942	0.9994829842416325	6.752593910073201	7.140359441081964	[119, 6, 67, 33, 34, 88]	26
295	0.9899834269240865	0.9994967713285222	6.752593910073201	7.528124972090727	[3, 17, 48, 6, 5, 88]	27
296	0.9901380036690851	0.9995060903779941	6.752593910073201	7.140359441081964	[3, 5, 2, 8, 34, 88]	26
297	0.9902901949704882	0.9995152368524757	6.752593910073201	7.140359441081964	[3, 17, 50, 1, 34, 88]	27
298	0.9904400376406967	0.999528163869743	6.752593910073201	6.752593910073201	[3, 5, 67, 7, 34, 88]	26
299	0.9905875679240193	0.9995369015758588	6.752593910073201	7.140359441081964	[3, 5, 8, 34, 33, 88]	27
300	0.9907328215054387	0.9995454774726023	6.752593910073201	7.140359441081964	[3, 17, 6, 1, 34, 88]	26
301	0.9908758335192437	0.9995629311376543	6.752593910073201	7.528124972090727	[119, 17, 68, 67, 7, 88]	27
302	0.991016638557527	0.9995710250054755	6.752593910073201	7.140359441081964	[3, 17, 6, 33, 34, 88]	26
303	0.9911552706785528	0.9995847522053003	6.752593910073201	7.528124972090728	[140, 57, 61, 8, 34, 88]	26
304	0.9912917634149948	0.9995924419792762	6.752593910073201	7.140359441081964	[3, 17, 50, 1, 34, 88]	27
305	0.9914261497820474	0.999608092207272	6.752593910073201	7.91589050309949	[101, 100, 26, 19, 5, 88]	26
306	0.9915584622854109	0.9996206332566393	6.752593910073201	7.528124972090727	[13, 34, 1, 67, 7, 88]	27
307	0.9916887329291545	0.9996276585667015	6.752593910073201	7.140359441081964	[3, 5, 27, 33, 7, 88]	27
308	0.9918169932234577	0.999639573492567	6.752593910073201	7.528124972090727	[13, 3, 5, 67, 7, 88]	26
309	0.9919432741922315	0.9996515877094815	6.752593910073201	7.528124972090727	[101, 100, 17, 3, 5, 88]	27
310	0.992067606380623	0.9996649667414375	6.752593910073201	7.140359441081964	[3, 2, 7, 68, 34, 88]	27
311	0.9921900198624035	0.9996739009616658	6.752593910073201	6.752593910073201	[3, 17, 7, 67, 34, 88]	27
312	0.992310544247243	0.9996789333542326	6.752593910073201	7.140359441081964	[3, 5, 4, 33, 34, 88]	26
313	0.9924292086878719	0.9996912623134301	6.752593910073201	7.140359441081964	[140, 147, 7, 67, 34, 88]	26
314	0.9925460418871331	0.9996969796779962	6.752593910073201	7.140359441081964	[3, 5, 8, 34, 33, 88]	27
315	0.9926610721049243	0.9997050602199163	6.752593910073201	7.140359441081964	[3, 17, 48, 29, 34, 88]	27
316	0.9927743271650334	0.9997129252807185	6.752593910073201	7.528124972090727	[3, 17, 48, 40, 5, 88]	26
317	0.9928858344618694	0.999723948949939	6.752593910073201	7.528124972090727	[123, 6, 48, 17, 34, 88]	27
318	0.9929956209670875	0.9997327825835409	6.752593910073201	7.528124972090727	[13, 34, 33, 67, 5, 88]	26
319	0.9931037132361139	0.9997399083813131	6.752593910073201	7.140359441081964	[3, 8, 34, 68, 33, 88]	26
320	0.9932101374145689	0.9997468441578115	6.752593910073201	7.528124972090727	[3, 5, 27, 39, 34, 88]	26
321	0.993314919244591	0.9997524698431934	6.752593910073201	7.528124972090727	[140, 6, 1, 34, 33, 88]	26
322	0.9934180840710634	0.9997579705133447	6.752593910073201	7.528124972090727	[140, 57, 1, 34, 7, 88]	26
323	0.9935196568477445	0.9997695879287042	6.752593910073201	7.915890503099491	[21, 20, 5, 67, 68, 88]	26
324	0.993619662143304	0.9997757322506053	6.752593910073201	7.528124972090727	[3, 43, 67, 33, 7, 88]	26
325	0.9937181241472653	0.999782908818586	6.752593910073201	7.528124972090727	[144, 43, 67, 68, 7, 88]	27
326	0.993815066675857	0.9997862589911387	6.752593910073201	6.752593910073201	[3, 5, 27, 33, 34, 88]	26
327	0.9939105131777727	0.9997930987034223	6.752593910073201	7.140359441081964	[140, 147, 7, 68, 34, 88]	26
328	0.9940044867398441	0.9997962916246658	6.752593910073201	7.140359441081964	[3, 17, 1, 34, 33, 88]	27
329	0.9940970100926243	0.999801723848008	6.752593910073201	7.140359441081964	[3, 17, 1, 34, 7, 88]	27
330	0.9941881056158863	0.9998070112120611	6.752593910073201	7.91589050309949	[3, 5, 12, 4, 33, 88]	26
331	0.9942777953440362	0.9998105850785044	6.752593910073201	7.528124972090727	[3, 17, 4, 10, 34, 88]	27
332	0.9943661009714431	0.9998168989092209	6.752593910073201	7.140359441081964	[101, 100, 27, 33, 34, 88]	26
333	0.9944530438576862	0.9998202896701612	6.752593910073201	7.140359441081964	[3, 10, 33, 67, 34, 88]	26
334	0.9945386450327219	0.9998242832330466	6.752593910073201	7.528124972090727	[13, 34, 7, 67, 5, 88]	26
335	0.99462292520197	0.9998275372472494	6.752593910073201	7.528124972090728	[3, 43, 37, 7, 34, 88]	27
336	0.9947059047513224	0.99983073100193	6.752593910073201	7.140359441081964	[123, 3, 68, 33, 34, 88]	26
337	0.9947876037520735	0.9998344925352204	6.752593910073201	7.528124972090727	[13, 18, 17, 3, 5, 88]	27
338	0.994868041965776	0.9998381704788822	6.752593910073201	7.528124972090727	[13, 14, 17, 3, 5, 88]	27
339	0.9949472388490203	0.9998424859327787	6.752593910073201	7.528124972090727	[3, 17, 48, 29, 7, 88]	26
340	0.9950252135581403	0.9998459862453836	6.752593910073201	7.140359441081964	[140, 147, 33, 7, 34, 88]	28
341	0.995101984953848	0.9998488383519506	6.752593910073201	7.140359441081964	[3, 5, 2, 8, 34, 88]	26
342	0.9951775716057949	0.999852197499685	6.752593910073201	7.140359441081964	[13, 98, 7, 33, 34, 88]	26
343	0.9952519917970635	0.9998549345830242	6.752593910073201	7.528124972090727	[3, 17, 29, 33, 7, 88]	27
344	0.9953252635285903	0.9998576209796348	6.752593910073201	7.140359441081964	[3, 5, 61, 8, 34, 88]	26
345	0.9953974045235194	0.9998621771082865	6.752593910073201	7.528124972090727	[3, 17, 48, 29, 7, 88]	27
346	0.9954684322314897	0.9998658523853988	6.752593910073201	7.140359441081964	[3, 17, 146, 8, 34, 88]	26
347	0.9955383638328557	0.9998683366004841	6.752593910073201	7.528124972090727	[3, 17, 89, 10, 34, 88]	27
348	0.9956072162428424	0.9998707748115863	6.752593910073201	7.528124972090727	[3, 17, 6, 33, 7, 88]	26
349	0.9956750061156381	0.9998742208166106	6.752593910073201	7.140359441081964	[3, 85, 7, 67, 34, 88]	27
350	0.9957417498484215	0.9998790507372527	6.752593910073201	7.140359441081964	[3, 147, 7, 68, 34, 88]	27
351	0.9958074635853286	0.9998817384986471	6.752593910073201	7.140359441081964	[119, 6, 67, 33, 34, 88]	26
352	0.9958721632213574	0.9998839285264499	6.752593910073201	7.140359441081964	[3, 17, 6, 1, 34, 88]	27
353	0.9959358644062131	0.9998860779981824	6.752593910073201	7.140359441081964	[3, 5, 6, 8, 34, 88]	26
354	0.9959985825480925	0.9998881876648827	6.752593910073201	7.140359441081964	[3, 43, 27, 33, 34, 88]	27
355	0.996060332817412	0.9998902582636812	6.752593910073201	6.752593910073201	[3, 68, 67, 33, 34, 88]	26
356	0.9961211301504767	0.9998937699992434	6.752593910073201	7.140359441081964	[123, 3, 68, 33, 34, 88]	27
357	0.9961809892530927	0.9998957372214796	6.752593910073201	6.752593910073201	[3, 68, 33, 7, 34, 88]	26
358	0.9962399246041252	0.9998985175622401	6.752593910073201	7.528124972090727	[3, 43, 27, 33, 7, 88]	27
359	0.9962979504589998	0.9999003968666431	6.752593910073201	7.140359441081964	[3, 5, 8, 34, 7, 88]	26
360	0.9963550808531512	0.9999035841669105	6.752593910073201	7.528124972090727	[123, 3, 5, 67, 7, 88]	26
361	0.9964113296054173	0.9999053696453011	6.752593910073201	7.140359441081964	[3, 17, 43, 8, 34, 88]	26
362	0.9964667103213831	0.9999074725420721	6.752593910073201	7.140359441081964	[140, 147, 27, 33, 34, 88]	27
363	0.9965212363966703	0.9999091860135153	6.752593910073201	6.752593910073201	[3, 68, 67, 7, 34, 88]	26
364	0.9965749210201785	0.9999116077198216	6.752593910073201	7.528124972090727	[13, 34, 1, 67, 7, 88]	27
365	0.9966277771772746	0.9999132446138989	6.752593910073201	6.752593910073201	[3, 17, 33, 67, 34, 88]	26
366	0.9966798176529339	0.999914851195123	6.752593910073201	7.528124972090727	[13, 34, 33, 67, 5, 88]	27
367	0.9967310550348331	0.9999164280248429	6.752593910073201	7.140359441081964	[3, 17, 139, 1, 34, 88]	26
368	0.9967815017163943	0.9999179756540125	6.752593910073201	7.528124972090727	[3, 17, 11, 27, 33, 88]	28
369	0.9968311698997833	0.9999197984172566	6.752593910073201	7.140359441081964	[13, 3, 17, 7, 34, 88]	26
370	0.9968800715988607	0.999922878158034	6.752593910073201	7.528124972090728	[3, 28, 29, 1, 34, 88]	27
371	0.9969282186420881	0.9999253460569769	6.752593910073201	7.91589050309949	[3, 5, 129, 35, 7, 88]	26
372	0.9969756226753893	0.9999267285374033	6.752593910073201	7.140359441081964	[3, 17, 33, 27, 34, 88]	26
373	0.9970222951649665	0.9999283567921277	6.752593910073201	7.528124972090727	[119, 6, 17, 3, 5, 88]	26
374	0.9970682474000752	0.9999299488634137	6.752593910073201	7.915890503099491	[123, 6, 37, 3, 5, 88]	26
375	0.9971134904957529	0.9999318168937227	6.752593910073201	7.91589050309949	[3, 17, 25, 6, 5, 88]	27
376	0.9971580353955098	0.9999333320738621	6.752593910073201	7.528124972090728	[140, 6, 37, 1, 34, 88]	26
377	0.9972018928739742	0.9999343608998829	6.752593910073201	7.140359441081964	[3, 4, 33, 7, 34, 88]	27
378	0.9972450735394993	0.9999355764387738	6.752593910073201	6.752593910073201	[3, 5, 67, 33, 34, 88]	26
379	0.9972875878367292	0.9999367694676855	6.752593910073201	7.915890503099491	[3, 43, 50, 67, 7, 88]	26
380	0.9973294460491254	0.9999379404034691	6.752593910073201	7.528124972090727	[3, 17, 61, 10, 34, 88]	27
381	0.9973706583014538	0.9999395953260433	6.752593910073201	7.140359441081964	[3, 17, 4, 33, 34, 88]	26
382	0.9974112345622338	0.9999407139311165	6.752593910073201	7.140359441081964	[3, 17, 50, 1, 34, 88]	26
383	0.9974511846461499	0.9999418118212811	6.752593910073201	7.528124972090727	[3, 17, 48, 29, 7, 88]	26
384	0.9974905182164254	0.9999431048919192	6.752593910073201	7.528124972090727	[119, 17, 1, 34, 68, 88]	26
385	0.9975292447871595	0.9999443692276544	6.752593910073201	7.140359441081964	[101, 100, 33, 7, 34, 88]	26
386	0.9975673737256293	0.9999453994271422	6.752593910073201	7.528124972090727	[3, 37, 41, 27, 33, 88]	26
387	0.9976049142545548	0.9999471466454737	6.752593910073201	7.528124972090727	[3, 99, 41, 27, 33, 88]	27
388	0.9976418754543301	0.9999488379528185	6.752593910073201	7.528124972090727	[0, 1, 67, 33, 7, 88]	26
389	0.9976782662652202	0.9999499748872004	6.752593910073201	7.528124972090727	[119, 6, 67, 33, 7, 88]	27
390	0.9977140954895223	0.9999509012781781	6.752593910073201	6.752593910073201	[3, 17, 68, 67, 34, 88]	26
391	0.9977493717936964	0.9999524724372764	6.752593910073201	7.140359441081964	[3, 52, 68, 33, 34, 88]	27
392	0.9977841037104603	0.9999539933192836	6.752593910073201	7.528124972090728	[123, 6, 37, 1, 34, 88]	26
393	0.9978182996408544	0.9999548452948523	6.752593910073201	7.140359441081964	[3, 17, 68, 33, 7, 88]	26
394	0.9978519678562733	0.9999558487327446	6.752593910073201	7.140359441081964	[3, 5, 6, 8, 34, 88]	27
395	0.9978851165004666	0.9999566663488049	6.752593910073201	7.528124972090727	[3, 5, 37, 39, 34, 88]	26
396	0.9979177535915088	0.9999581108038447	6.752593910073201	7.528124972090727	[21, 20, 5, 3, 34, 88]	28
397	0.9979498870237387	0.9999594512581217	6.752593910073201	7.140359441081964	[3, 17, 30, 7, 34, 88]	26
398	0.9979815245696686	0.9999603523412744	6.752593910073201	7.140359441081964	[140, 6, 33, 7, 34, 88]	27
399	0.9980126738818651	0.9999616739298987	6.752593910073201	7.528124972090727	[101, 100, 17, 3, 5, 88]	26
400	0.9980433424947992	0.9999623836719376	6.752593910073201	7.140359441081964	[3, 17, 29, 1, 34, 88]	27
401	0.9980735378266696	0.9999636375495397	6.752593910073201	7.140359441081964	[144, 43, 67, 33, 34, 88]	26
402	0.9981032671811964	0.9999648011479544	6.752593910073201	7.140359441081964	[13, 34, 68, 33, 7, 88]	27
403	0.9981325377493877	0.9999655833446666	6.752593910073201	7.140359441081964	[123, 6, 67, 7, 34, 88]	26
404	0.9981613566112799	0.9999665011221421	6.752593910073201	7.140359441081964	[3, 43, 7, 68, 34, 88]	27
405	0.998189730737649	0.9999671214717321	6.752593910073201	7.140359441081964	[3, 5, 67, 1, 34, 88]	26
406	0.9982176669916977	0.9999683840072175	6.752593910073201	7.528124972090728	[3, 2, 6, 1, 34, 88]	27
407	0.9982451721307147	0.9999692271003584	6.752593910073201	7.140359441081964	[3, 17, 68, 67, 33, 88]	26
408	0.9982722528077098	0.9999697969688703	6.752593910073201	7.140359441081964	[3, 17, 1, 34, 7, 88]	26
409	0.998298915573023	0.9999704681473398	6.752593910073201	7.528124972090727	[119, 17, 68, 33, 7, 88]	27
410	0.9983251668759084	0.9999711244107323	6.752593910073201	7.140359441081964	[0, 1, 34, 67, 7, 88]	27
411	0.998351013066095	0.9999718944264461	6.752593910073201	7.140359441081964	[3, 37, 7, 68, 34, 88]	26
412	0.9983764603953219	0.9999726439084076	6.752593910073201	7.140359441081964	[3, 5, 67, 33, 7, 88]	27
413	0.9984015150188509	0.999973251821554	6.752593910073201	7.528124972090728	[119, 6, 2, 8, 34, 88]	26
414	0.9984261829969551	0.9999739651063125	6.752593910073201	7.91589050309949	[101, 100, 41, 27, 7, 88]	27
415	0.9984504702963848	0.9999745436595057	6.752593910073201	7.140359441081964	[140, 6, 67, 7, 34, 88]	26
416	0.9984743827918109	0.9999752224952522	6.752593910073201	7.91589050309949	[3, 99, 41, 27, 7, 88]	26
417	0.998497926267246	0.9999758832287121	6.752593910073201	7.528124972090727	[3, 61, 27, 33, 7, 88]	26
418	0.9985211064174427	0.9999765263426131	6.752593910073201	7.140359441081964	[3, 8, 34, 67, 7, 88]	27
419	0.9985439288492723	0.9999771523068101	6.752593910073201	7.528124972090728	[3, 56, 5, 67, 34, 88]	26
420	0.9985663990830799	0.9999778834329922	6.752593910073201	7.91589050309949	[13, 34, 7, 35, 5, 88]	27
421	0.99858852255402	0.9999785911631365	6.752593910073201	7.140359441081964	[3, 17, 25, 67, 34, 88]	26
422	0.9986103046133715	0.9999791620654528	6.752593910073201	7.140359441081964	[140, 57, 27, 33, 34, 88]	27
423	0.9986317505298319	0.9999798288793583	6.752593910073201	7.140359441081964	[0, 1, 34, 67, 7, 88]	26
424	0.9986528654907912	0.9999803667759087	6.752593910073201	7.140359441081964	[3, 5, 2, 7, 34, 88]	27
425	0.9986736546035877	0.9999809950390797	6.752593910073201	7.528124972090728	[140, 6, 5, 67, 34, 88]	27
426	0.9986941228967422	0.9999816031978291	6.752593910073201	6.752593910073201	[3, 5, 67, 68, 34, 88]	27
427	0.9987142753211752	0.9999820937792203	6.752593910073201	7.528124972090728	[144, 43, 27, 7, 34, 88]	26
428	0.998734116751404	0.9999824253759014	6.752593910073201	6.752593910073201	[3, 68, 33, 7, 34, 88]	27
429	0.9987536519867218	0.9999829877638726	6.752593910073201	7.528124972090727	[13, 3, 68, 67, 33, 88]	26
430	0.9987728857523588	0.9999835321554287	6.752593910073201	7.140359441081964	[13, 34, 67, 33, 7, 88]	27
431	0.9987918227006248	0.9999838371155133	6.752593910073201	6.752593910073201	[3, 68, 67, 33, 34, 88]	26
432	0.9988104674120349	0.999984136428189	6.752593910073201	6.752593910073201	[3, 68, 67, 7, 34, 88]	27
433	0.9988288243964172	0.999984665213916	6.752593910073201	7.915890503099491	[101, 100, 37, 3, 5, 88]	26
434	0.9988468980940033	0.9999849491914361	6.752593910073201	7.528124972090727	[3, 61, 41, 27, 34, 88]	27
435	0.9988646928765033	0.9999852836538486	6.752593910073201	7.528124972090727	[144, 43, 27, 33, 7, 88]	26
436	0.9988822130481622	0.9999855561787774	6.752593910073201	7.528124972090727	[3, 99, 41, 27, 33, 88]	27
437	0.9988994628468016	0.9999859413473433	6.752593910073201	7.140359441081964	[119, 17, 68, 7, 34, 88]	26
438	0.9989164464448448	0.9999863162447474	6.752593910073201	7.528124972090727	[13, 70, 5, 3, 34, 88]	27
439	0.9989331679503256	0.9999865696476226	6.752593910073201	7.140359441081964	[3, 8, 34, 68, 7, 88]	26
440	0.9989496314078823	0.9999868183578517	6.752593910073201	7.91589050309949	[140, 147, 33, 27, 5, 88]	27
441	0.9989658407997359	0.9999870624623359	6.752593910073201	7.528124972090728	[13, 98, 6, 1, 34, 88]	26
442	0.9989818000466536	0.9999874764635412	6.752593910073201	7.528124972090727	[3, 17, 48, 40, 5, 88]	27
443	0.9989975130088966	0.9999877547643514	6.752593910073201	7.140359441081964	[13, 3, 17, 1, 34, 88]	26
444	0.9990129834871544	0.9999879815279745	6.752593910073201	6.752593910073201	[3, 68, 67, 33, 34, 88]	26
445	0.9990282152234637	0.9999883020205619	6.752593910073201	7.528124972090727	[3, 5, 37, 33, 68, 88]	27
446	0.999043211902114	0.9999885186498108	6.752593910073201	7.91589050309949	[3, 17, 4, 2, 5, 88]	26
447	0.9990579771505381	0.9999887312674068	6.752593910073201	6.752593910073201	[3, 17, 33, 67, 34, 88]	27
448	0.9990725145401903	0.9999890317669426	6.752593910073201	7.528124972090728	[3, 43, 37, 1, 34, 88]	27
449	0.9990868275874096	0.9999892348823697	6.752593910073201	6.752593910073201	[3, 5, 27, 33, 34, 88]	26
450	0.9991009197542706	0.9999894741072058	6.752593910073201	7.140359441081964	[13, 3, 5, 8, 34, 88]	27
451	0.9991147944494208	0.9999896690311465	6.752593910073201	7.140359441081964	[3, 5, 6, 1, 34, 88]	26
452	0.999128455028905	0.9999899445236493	6.752593910073201	6.752593910073201	[3, 5, 67, 7, 34, 88]	27
453	0.9991419047969774	0.9999901307361743	6.752593910073201	7.140359441081964	[3, 37, 7, 68, 34, 88]	27
454	0.9991551470069007	0.9999903135003192	6.752593910073201	7.528124972090727	[3, 10, 8, 34, 7, 88]	26
455	0.9991681848617324	0.999990623468309	6.752593910073201	7.140359441081964	[140, 147, 33, 7, 34, 88]	27
456	0.9991810215151007	0.9999909235173231	6.752593910073201	7.91589050309949	[3, 5, 12, 8, 7, 88]	26
457	0.9991936600719664	0.9999912720542579	6.752593910073201	7.528124972090728	[140, 6, 30, 7, 34, 88]	27
458	0.9992061035893743	0.9999915047994776	6.752593910073201	7.140359441081964	[3, 6, 67, 7, 34, 88]	27
459	0.9992183550771927	0.9999917313381582	6.752593910073201	7.528124972090727	[13, 18, 17, 3, 5, 88]	26
460	0.999230417498841	0.9999919959353372	6.752593910073201	7.528124972090727	[123, 6, 48, 17, 34, 88]	27
461	0.999242293772007	0.9999922520654064	6.752593910073201	7.140359441081964	[3, 17, 38, 8, 34, 88]	26
462	0.9992539867693525	0.9999924242417307	6.752593910073201	7.140359441081964	[0, 1, 34, 67, 33, 88]	27
463	0.9992654993192083	0.9999926666659953	6.752593910073201	7.528124972090727	[13, 3, 17, 68, 7, 88]	27
464	0.9992768342062575	0.9999928622215688	6.752593910073201	7.528124972090728	[3, 4, 2, 7, 34, 88]	27
465	0.9992879941722103	0.9999931001475165	6.752593910073201	7.140359441081964	[101, 100, 33, 7, 34, 88]	26
466	0.9992989819164663	0.9999933301425993	6.752593910073201	7.915890503099491	[21, 20, 5, 27, 33, 88]	27
467	0.9993098000967677	0.999993453658477	6.752593910073201	7.140359441081964	[3, 5, 27, 7, 34, 88]	26
468	0.9993204513298424	0.9999935748870238	6.752593910073201	6.752593910073201	[3, 68, 33, 7, 34, 88]	27
469	0.9993309381920361	0.9999938216113621	6.752593910073201	7.915890503099491	[140, 57, 1, 67, 33, 88]	26
470	0.9993412632199368	0.9999939360259665	6.752593910073201	7.140359441081964	[3, 5, 2, 8, 34, 88]	26
471	0.9993514289109872	0.9999940977319407	6.752593910073201	7.140359441081964	[3, 4, 7, 67, 34, 88]	27
472	0.9993614377240893	0.9999942551257557	6.752593910073201	7.140359441081964	[3, 5, 147, 7, 34, 88]	26
473	0.9993712920801989	0.9999943437812223	6.752593910073201	7.140359441081964	[3, 5, 67, 33, 7, 88]	27
474	0.999380994362912	0.999994469474973	6.752593910073201	7.140359441081964	[119, 17, 33, 7, 34, 88]	26
475	0.9993905469190398	0.999994681847134	6.752593910073201	8.303656034108254	[101, 100, 29, 52, 5, 88]	27
476	0.9993999520591781	0.9999947803314464	6.752593910073201	6.752593910073201	[3, 17, 68, 7, 34, 88]	26
477	0.9994092120582648	0.9999949807667188	6.752593910073201	7.915890503099491	[13, 34, 121, 33, 68, 88]	27
478	0.9994183291561312	0.9999951413821838	6.752593910073201	7.140359441081964	[13, 34, 67, 33, 7, 88]	26
479	0.9994273055580427	0.999995296857954	6.752593910073201	7.528124972090727	[140, 6, 48, 17, 34, 88]	27
480	0.9994361434352333	0.9999954222750752	6.752593910073201	7.140359441081964	[3, 8, 34, 67, 7, 88]	26
481	0.9994448449254304	0.999995507047759	6.752593910073201	7.140359441081964	[3, 8, 34, 33, 7, 88]	27
482	0.9994534121333712	0.9999955902505783	6.752593910073201	7.140359441081964	[140, 57, 27, 33, 34, 88]	27
483	0.9994618471313131	0.9999957078438961	6.752593910073201	7.528124972090727	[13, 18, 17, 3, 34, 88]	26
484	0.9994701519595336	0.9999958726626905	6.752593910073201	7.528124972090727	[140, 147, 33, 67, 7, 88]	27
485	0.9994783286268247	0.9999959643812975	6.752593910073201	7.140359441081964	[123, 6, 67, 33, 34, 88]	26
486	0.9994863791109787	0.999996039114977	6.752593910073201	6.752593910073201	[3, 17, 33, 7, 34, 88]	26
487	0.999494305359266	0.9999961658632979	6.752593910073201	7.91589050309949	[119, 17, 3, 2, 5, 88]	26
488	0.999502109288907	0.9999962368658294	6.752593910073201	7.140359441081964	[0, 1, 34, 33, 7, 88]	26
489	0.9995097927875349	0.9999963572861228	6.752593910073201	7.140359441081964	[13, 3, 68, 7, 34, 88]	26
490	0.9995173577136532	0.99999643823532	6.752593910073201	7.140359441081964	[119, 17, 3, 8, 34, 88]	27
491	0.9995248058970845	0.9999965332157116	6.752593910073201	7.140359441081964	[13, 98, 7, 33, 34, 88]	27
492	0.9995321391394135	0.9999966441528088	6.752593910073201	7.528124972090728	[13, 18, 6, 8, 34, 88]	26
493	0.9995393592144225	0.999996695940574	6.752593910073201	7.140359441081964	[3, 5, 8, 34, 7, 88]	28
494	0.999546467868521	0.9999967840488254	6.752593910073201	7.528124972090728	[3, 14, 6, 1, 34, 88]	26
495	0.9995534668211672	0.9999968555144071	6.752593910073201	7.140359441081964	[140, 6, 67, 7, 34, 88]	27
496	0.9995603577652851	0.9999969253918647	6.752593910073201	7.140359441081964	[119, 17, 33, 7, 34, 88]	26
497	0.9995671423676726	0.9999969823290524	6.752593910073201	7.140359441081964	[3, 5, 2, 8, 34, 88]	27
498	0.999573822269406	0.9999970982076167	6.752593910073201	7.91589050309949	[101, 100, 26, 19, 5, 88]	26
499	0.9995803990862362	0.999997162691892	6.752593910073201	7.140359441081964	[0, 1, 34, 68, 7, 88]	26
