0	0.015432098765432056	0.022222222222222254	6.752593910073201	6.752593910073201	[3, 5, 67, 68, 34, 88]	159
1	0.030626047858558048	0.04032921810699586	6.752593910073201	7.140359441081964	[3, 5, 8, 34, 7, 88]	216
2	0.045585522428642	0.071038683127572	6.752593910073201	7.528124972090727	[3, 5, 30, 7, 68, 88]	28
3	0.06031414090968146	0.09581098491083673	6.752593910073201	7.528124972090728	[3, 99, 29, 7, 34, 88]	27
4	0.07481546589564314	0.11255522593100642	6.752593910073201	7.528124972090727	[3, 43, 27, 33, 7, 88]	36
5	0.08909300500219186	0.13227622091031743	6.752593910073201	7.915890503099491	[119, 6, 43, 27, 33, 88]	27
6	0.10315021171512095	0.15541552168604222	6.752593910073201	7.140359441081964	[3, 17, 139, 1, 34, 88]	27
7	0.11699048622569008	0.1684492327711341	6.752593910073201	6.752593910073201	[3, 68, 33, 7, 34, 88]	27
8	0.13061717625307134	0.18692813870955338	6.752593910073201	7.528124972090727	[13, 3, 8, 34, 7, 88]	31
9	0.1440335778541042	0.20499640229378557	6.752593910073201	7.528124972090727	[123, 6, 17, 3, 5, 88]	27
10	0.1572429362205532	0.22266314890947925	6.752593910073201	7.528124972090727	[119, 6, 1, 34, 33, 88]	27
11	0.17024844646406312	0.24339213160522644	6.752593910073201	7.528124972090728	[3, 28, 6, 8, 34, 88]	31
12	0.18305325438900033	0.263568341429087	6.752593910073201	7.528124972090727	[101, 100, 17, 3, 5, 88]	27
13	0.19566045725336756	0.28320651899097804	6.752593910073201	7.140359441081964	[3, 5, 8, 34, 33, 88]	27
14	0.208073104517976	0.29913526301340077	6.752593910073201	7.140359441081964	[140, 147, 7, 68, 34, 88]	29
15	0.22029419858405663	0.32156293459697194	6.752593910073201	7.915890503099491	[140, 6, 52, 68, 7, 88]	31
16	0.2323266955194878	0.34417750344373954	6.752593910073201	7.140359441081964	[101, 100, 33, 7, 34, 88]	33
17	0.2441735057738167	0.3651638233335399	6.752593910073201	7.140359441081964	[3, 5, 67, 1, 34, 88]	32
18	0.2558374948822454	0.3820927880446455	6.752593910073201	7.140359441081964	[3, 17, 29, 1, 34, 88]	26
19	0.2673214841587539	0.3958240594214312	6.752593910073201	7.140359441081964	[123, 3, 68, 7, 34, 88]	27
20	0.2786282513785262	0.4092501914342883	6.752593910073201	7.140359441081964	[3, 5, 27, 33, 68, 88]	27
21	0.28976053144984526	0.4250035196627072	6.752593910073201	7.528124972090727	[3, 5, 6, 98, 34, 88]	27
22	0.30072101707561927	0.44033675913836834	6.752593910073201	7.140359441081964	[3, 43, 67, 7, 34, 88]	27
23	0.31151235940469924	0.4552611122280118	6.752593910073201	7.528124972090727	[3, 5, 99, 50, 34, 88]	32
24	0.32213716867314524	0.46978748256859815	6.752593910073201	7.915890503099491	[140, 147, 11, 39, 34, 88]	26
25	0.3325980148355967	0.486754283126403	6.752593910073201	7.528124972090727	[101, 100, 41, 27, 33, 88]	27
26	0.34289742818689917	0.496258833438877	6.752593910073201	6.752593910073201	[3, 68, 33, 7, 34, 88]	27
27	0.35303789997413837	0.5096919312138403	6.752593910073201	7.140359441081964	[119, 6, 67, 7, 34, 88]	26
28	0.3630218829992288	0.5227668130481378	6.752593910073201	7.528124972090727	[3, 17, 48, 49, 33, 88]	26
29	0.37285179221220366	0.5354930313668541	6.752593910073201	7.528124972090727	[3, 17, 48, 29, 7, 88]	28
30	0.38253000529534864	0.5458154084475907	6.752593910073201	7.140359441081964	[13, 3, 17, 7, 34, 88]	30
31	0.3920588632383216	0.5542262342170797	6.752593910073201	7.528124972090728	[3, 43, 29, 1, 34, 88]	32
32	0.40144067090439683	0.5641323179011446	6.752593910073201	7.140359441081964	[144, 43, 7, 33, 34, 88]	33
33	0.4106776975879709	0.578080083728308	6.752593910073201	7.528124972090727	[119, 17, 33, 67, 7, 88]	31
34	0.4197721775634652	0.5915815210490022	6.752593910073201	7.140359441081964	[13, 3, 68, 7, 34, 88]	32
35	0.4287263106257574	0.6006574872479133	6.752593910073201	7.528124972090727	[3, 5, 8, 7, 33, 88]	35
36	0.43754226262227347	0.6134364476559802	6.752593910073201	7.528124972090727	[3, 17, 66, 27, 33, 88]	27
37	0.44622216597686803	0.6205950319586471	6.752593910073201	6.752593910073201	[3, 5, 27, 33, 34, 88]	27
38	0.4547681202056201	0.6327359909359704	6.752593910073201	7.140359441081964	[0, 1, 34, 67, 7, 88]	26
39	0.46318219242466907	0.6444884392260194	6.752593910073201	7.140359441081964	[119, 6, 33, 68, 34, 88]	27
40	0.47146641785021426	0.6510719866477598	6.752593910073201	7.528124972090727	[3, 5, 37, 33, 7, 88]	26
41	0.4796228002907974	0.6644708223604858	6.752593910073201	7.140359441081964	[3, 43, 67, 33, 34, 88]	27
42	0.48765331263198874	0.6719270263080306	6.752593910073201	7.528124972090727	[119, 6, 8, 34, 7, 88]	27
43	0.49555989731359384	0.6806756389398164	6.752593910073201	7.140359441081964	[13, 3, 68, 7, 34, 88]	26
44	0.5033444667994951	0.687771735852265	6.752593910073201	7.528124972090727	[119, 17, 3, 10, 34, 88]	27
45	0.5110089040402437	0.6977630403049926	6.752593910073201	7.140359441081964	[140, 6, 33, 68, 34, 88]	26
46	0.5185550629285114	0.7033600210400852	6.752593910073201	7.140359441081964	[3, 147, 33, 7, 34, 88]	27
47	0.5259847687475159	0.7128525003668025	6.752593910073201	7.528124972090728	[123, 6, 5, 67, 34, 88]	26
48	0.5332998186125233	0.7192335559142069	6.752593910073201	7.140359441081964	[101, 100, 27, 33, 34, 88]	28
49	0.5405019819055399	0.726720661089828	6.752593910073201	6.752593910073201	[3, 17, 68, 67, 34, 88]	26
50	0.5475930007032939	0.7317813895881646	6.752593910073201	7.140359441081964	[3, 68, 7, 1, 34, 88]	27
51	0.5545745901986134	0.7367484008920875	6.752593910073201	7.140359441081964	[3, 17, 4, 33, 34, 88]	26
52	0.5614484391153014	0.7468572622978313	6.752593910073201	7.140359441081964	[144, 43, 67, 68, 34, 88]	27
53	0.5682162101166085	0.7549578299043007	6.752593910073201	6.752593910073201	[3, 5, 67, 33, 34, 88]	26
54	0.5748795402074016	0.7594956478690358	6.752593910073201	7.140359441081964	[3, 8, 34, 33, 7, 88]	27
55	0.5814400411301268	0.7671917871372267	6.752593910073201	7.140359441081964	[123, 3, 68, 7, 34, 88]	26
56	0.5878992997546619	0.7715030503383892	6.752593910073201	7.528124972090727	[3, 17, 33, 27, 5, 88]	26
57	0.5942588784621516	0.7788149527275607	6.752593910073201	7.140359441081964	[0, 1, 34, 67, 7, 88]	27
58	0.6005203155229208	0.786187787636642	6.752593910073201	7.91589050309949	[0, 1, 7, 67, 5, 88]	26
59	0.6066851254685548	0.794398176591395	6.752593910073201	7.528124972090727	[3, 28, 8, 34, 68, 88]	27
60	0.6127547994582376	0.8022932866102854	6.752593910073201	7.528124972090727	[140, 57, 1, 34, 68, 88]	27
61	0.6187308056394376	0.8088835103899426	6.752593910073201	7.528124972090727	[0, 1, 34, 8, 5, 88]	33
62	0.6246145895030265	0.8139799501128774	6.752593910073201	7.528124972090727	[140, 57, 27, 33, 7, 88]	32
63	0.630407574232918	0.818940484776534	6.752593910073201	7.140359441081964	[101, 100, 33, 7, 34, 88]	32
64	0.6361111610503113	0.8247343892636849	6.752593910073201	7.528124972090727	[13, 34, 1, 68, 33, 88]	33
65	0.6417267295526212	0.8286291806133808	6.752593910073201	7.140359441081964	[123, 3, 17, 68, 34, 88]	33
66	0.6472556380471796	0.8341130468337526	6.752593910073201	7.140359441081964	[13, 34, 67, 33, 7, 88]	31
67	0.6526992238797849	0.8371850274479424	6.752593910073201	6.752593910073201	[3, 68, 67, 7, 34, 88]	33
68	0.6580588037581832	0.8408031379490992	6.752593910073201	7.528124972090727	[101, 100, 41, 27, 33, 88]	32
69	0.6633356740705569	0.8450483876037899	6.752593910073201	7.915890503099491	[140, 6, 56, 29, 34, 88]	32
70	0.6685311111990977	0.8479178619074235	6.752593910073201	7.140359441081964	[3, 5, 4, 7, 34, 88]	32
71	0.6736463718287411	0.8512974649761473	6.752593910073201	7.140359441081964	[140, 6, 33, 7, 34, 88]	32
72	0.6786826932511372	0.8560559460969106	6.752593910073201	7.140359441081964	[3, 5, 52, 68, 34, 88]	32
73	0.6836412936639282	0.8592547028503126	6.752593910073201	7.140359441081964	[140, 6, 67, 7, 34, 88]	28
74	0.6885233724654107	0.8618610972419735	6.752593910073201	6.752593910073201	[3, 68, 33, 7, 34, 88]	27
75	0.6933301105446482	0.8644192250708258	6.752593910073201	7.528124972090727	[3, 5, 61, 29, 34, 88]	26
76	0.6980626705671074	0.8669299801621069	6.752593910073201	7.140359441081964	[3, 10, 33, 7, 34, 88]	27
77	0.7027221972558866	0.86988709171406	6.752593910073201	7.528124972090728	[144, 43, 50, 1, 34, 88]	26
78	0.7073098176686043	0.8740507047792101	6.752593910073201	7.91589050309949	[3, 5, 30, 41, 33, 88]	27
79	0.7118266414700147	0.8768495780063388	6.752593910073201	7.140359441081964	[123, 3, 17, 7, 34, 88]	27
80	0.7162737612004157	0.8795862540506424	6.752593910073201	7.528124972090727	[123, 6, 33, 68, 7, 88]	26
81	0.7206522525399155	0.8834394939210218	6.752593910073201	7.528124972090727	[0, 1, 68, 33, 7, 88]	27
82	0.7249631745686205	0.8865477740831279	6.752593910073201	7.528124972090727	[3, 5, 111, 10, 34, 88]	26
83	0.7292075700228084	0.8901782453124678	6.752593910073201	7.140359441081964	[0, 1, 34, 68, 7, 88]	27
84	0.7333864655471478	0.892211981510385	6.752593910073201	7.140359441081964	[3, 5, 27, 7, 34, 88]	26
85	0.7375008719430252	0.8963510414203862	6.752593910073201	7.528124972090727	[3, 12, 8, 34, 68, 88]	27
86	0.7415517844130401	0.898270466579268	6.752593910073201	7.140359441081964	[3, 5, 8, 34, 7, 88]	26
87	0.7455401828017278	0.9031534841834631	6.752593910073201	7.140359441081964	[144, 43, 7, 68, 34, 88]	27
88	0.7494670318325654	0.9068723903908181	6.752593910073201	7.140359441081964	[3, 43, 67, 68, 34, 88]	26
89	0.753333281341322	0.9089418928265778	6.752593910073201	7.528124972090727	[119, 6, 1, 34, 7, 88]	27
90	0.7571398665058078	0.9109654063193204	6.752593910073201	7.91589050309949	[101, 100, 41, 27, 5, 88]	26
91	0.7608877080720762	0.9126141950911849	6.752593910073201	7.140359441081964	[3, 5, 37, 33, 34, 88]	27
92	0.7645777125771367	0.915527055254812	6.752593910073201	7.528124972090728	[144, 43, 6, 1, 34, 88]	26
93	0.7682107725682302	0.9174042318047051	6.752593910073201	7.140359441081964	[123, 3, 17, 1, 34, 88]	27
94	0.7717877668187205	0.918933783067581	6.752593910073201	7.140359441081964	[0, 1, 34, 33, 7, 88]	27
95	0.7753095605406538	0.9204350093070702	6.752593910073201	7.140359441081964	[3, 5, 8, 34, 7, 88]	26
96	0.7787770055940388	0.9222031202113575	6.752593910073201	7.140359441081964	[140, 6, 33, 7, 34, 88]	27
97	0.7821909406928962	0.9236438031704065	6.752593910073201	7.140359441081964	[3, 61, 27, 33, 34, 88]	26
98	0.7855521916081293	0.925057806815399	6.752593910073201	7.140359441081964	[13, 3, 17, 1, 34, 88]	28
99	0.7888615713672631	0.9270562653003216	6.752593910073201	7.528124972090727	[3, 17, 37, 27, 33, 88]	26
100	0.7921198804511016	0.9293904648107113	6.752593910073201	7.528124972090727	[3, 17, 48, 40, 5, 88]	27
101	0.79532790698735	0.9312733857490924	6.752593910073201	7.915890503099491	[140, 57, 61, 3, 5, 88]	26
102	0.7984864269412489	0.9325461008278129	6.752593910073201	7.140359441081964	[3, 5, 2, 7, 34, 88]	26
103	0.8015962043032667	0.9340450763649726	6.752593910073201	7.528124972090727	[123, 6, 5, 3, 34, 88]	26
104	0.8046579912738953	0.9358038743285734	6.752593910073201	6.752593910073201	[3, 68, 67, 33, 34, 88]	26
105	0.8076725284455943	0.9372304548990494	6.752593910073201	7.140359441081964	[119, 6, 33, 7, 34, 88]	27
106	0.8106405449819278	0.9383928538824005	6.752593910073201	7.140359441081964	[3, 5, 8, 34, 7, 88]	26
107	0.8135627587939351	0.9397619015739026	6.752593910073201	6.752593910073201	[3, 17, 33, 67, 34, 88]	26
108	0.8164398767137817	0.9416895207235377	6.752593910073201	7.528124972090727	[3, 34, 67, 33, 38, 88]	26
109	0.8192725946657295	0.9427693444138426	6.752593910073201	7.140359441081964	[13, 3, 68, 7, 34, 88]	26
110	0.8220615978344683	0.9442954952294734	6.752593910073201	7.140359441081964	[119, 17, 68, 7, 34, 88]	27
111	0.8248075608308499	0.9469693114584588	6.752593910073201	7.140359441081964	[101, 100, 33, 7, 34, 88]	26
112	0.8275111478550652	0.9477876862816307	6.752593910073201	6.752593910073201	[3, 17, 33, 7, 34, 88]	27
113	0.8301730128573019	0.9494584803206185	6.752593910073201	7.915890503099491	[13, 14, 15, 3, 34, 88]	26
114	0.8327937996959238	0.9503944343887551	6.752593910073201	7.528124972090728	[3, 56, 29, 1, 34, 88]	27
115	0.8353741422932088	0.9514967802912273	6.752593910073201	7.140359441081964	[13, 3, 17, 7, 34, 88]	26
116	0.837914664788684	0.953048883321908	6.752593910073201	7.140359441081964	[119, 6, 67, 33, 34, 88]	27
117	0.8404159816900932	0.954551319055607	6.752593910073201	7.528124972090727	[123, 3, 34, 33, 7, 88]	26
118	0.8428786980220363	0.9553929612953179	6.752593910073201	7.140359441081964	[3, 6, 67, 33, 34, 88]	26
119	0.8453034094723135	0.9565824823274428	6.752593910073201	7.528124972090727	[101, 100, 27, 33, 7, 88]	27
120	0.8476907025360123	0.9577402827987109	6.752593910073201	7.140359441081964	[140, 57, 27, 33, 34, 88]	26
121	0.8500411546573702	0.9586793876254063	6.752593910073201	7.140359441081964	[119, 6, 33, 7, 34, 88]	26
122	0.8523553343694478	0.9594445841508618	6.752593910073201	7.140359441081964	[3, 5, 35, 7, 34, 88]	27
123	0.8546338014316477	0.9605260619068388	6.752593910073201	7.528124972090727	[3, 17, 48, 6, 33, 88]	33
124	0.8568771069651099	0.9614032605311312	6.752593910073201	7.140359441081964	[140, 6, 33, 7, 34, 88]	32
125	0.8590857935860187	0.9619988892266385	6.752593910073201	7.140359441081964	[3, 5, 2, 7, 34, 88]	32
126	0.8612603955368516	0.9638229425437598	6.752593910073201	7.91589050309949	[0, 1, 34, 121, 33, 88]	31
127	0.8634014388156039	0.9646268771538985	6.752593910073201	7.528124972090727	[101, 100, 41, 27, 34, 88]	33
128	0.8655094413030175	0.9654129465504785	6.752593910073201	7.140359441081964	[101, 100, 33, 7, 34, 88]	32
129	0.8675849128878474	0.9661815477382457	6.752593910073201	7.528124972090727	[0, 1, 68, 33, 7, 88]	31
130	0.8696283555901955	0.9670833731318924	6.752593910073201	7.140359441081964	[3, 5, 71, 33, 34, 88]	32
131	0.8716402636829393	0.9676929402961166	6.752593910073201	7.140359441081964	[3, 5, 2, 7, 34, 88]	32
132	0.8736211238112891	0.9687267662066409	6.752593910073201	7.140359441081964	[3, 5, 67, 68, 33, 88]	31
133	0.8755714151104975	0.9695607191077972	6.752593910073201	7.528124972090727	[3, 61, 41, 27, 34, 88]	32
134	0.8774916093217553	0.9703724332649226	6.752593910073201	7.140359441081964	[140, 147, 33, 7, 34, 88]	32
135	0.8793821709062961	0.9709210919081648	6.752593910073201	7.140359441081964	[3, 17, 68, 33, 7, 88]	31
136	0.8812435571577422	0.9715672898657611	6.752593910073201	7.140359441081964	[0, 1, 34, 68, 7, 88]	32
137	0.8830762183127152	0.9721991278687442	6.752593910073201	7.140359441081964	[119, 6, 33, 7, 34, 88]	31
138	0.8848805976597413	0.9730887557769443	6.752593910073201	7.140359441081964	[140, 6, 33, 7, 34, 88]	26
139	0.8866571316464736	0.9735871121514454	6.752593910073201	7.140359441081964	[3, 17, 1, 34, 7, 88]	27
140	0.8884062499852626	0.9744323245625991	6.752593910073201	7.915890503099491	[3, 2, 6, 33, 68, 88]	27
141	0.890128375757095	0.9749058000336621	6.752593910073201	7.528124972090727	[3, 17, 48, 6, 5, 88]	26
142	0.89182392551393	0.9754634489218029	6.752593910073201	7.140359441081964	[13, 3, 5, 8, 34, 88]	27
143	0.8934933093794557	0.9760087056124296	6.752593910073201	7.528124972090727	[140, 57, 1, 34, 68, 88]	26
144	0.8951369311482913	0.9766484734627647	6.752593910073201	6.752593910073201	[3, 5, 27, 33, 34, 88]	27
145	0.8967551883836571	0.9772711808370911	6.752593910073201	7.528124972090727	[101, 100, 27, 33, 7, 88]	26
146	0.898348472513539	0.9779985030503041	6.752593910073201	7.140359441081964	[13, 34, 68, 67, 33, 88]	37
147	0.8999171689253671	0.9784874252047419	6.752593910073201	7.140359441081964	[119, 17, 68, 7, 34, 88]	27
148	0.9014616570592349	0.9791758275981901	6.752593910073201	8.303656034108254	[3, 111, 10, 8, 5, 88]	26
149	0.9029823104996788	0.9795614604204458	6.752593910073201	7.140359441081964	[3, 5, 4, 7, 34, 88]	26
150	0.9044794970660417	0.980379002003628	6.752593910073201	7.915890503099491	[21, 20, 89, 10, 34, 88]	26
151	0.9059535789014423	0.9807423538183756	6.752593910073201	7.140359441081964	[3, 37, 33, 7, 34, 88]	27
152	0.9074049125603707	0.9811703015113006	6.752593910073201	7.140359441081964	[3, 5, 27, 33, 68, 88]	26
153	0.9088338490949328	0.9814608832781015	6.752593910073201	6.752593910073201	[3, 5, 27, 33, 34, 88]	27
154	0.9102407341397641	0.9819552597240189	6.752593910073201	7.140359441081964	[3, 5, 30, 7, 34, 88]	26
155	0.9116259079956319	0.9822894215809814	6.752593910073201	7.140359441081964	[3, 5, 61, 8, 34, 88]	26
156	0.9129897057117488	0.98285616009039	6.752593910073201	7.528124972090727	[3, 5, 121, 7, 68, 88]	26
157	0.9143324571668143	0.9831736386072346	6.752593910073201	7.140359441081964	[3, 17, 37, 1, 34, 88]	51
158	0.9156544871488079	0.9834852378922858	6.752593910073201	7.140359441081964	[3, 17, 29, 7, 34, 88]	42
159	0.9169561154335486	0.9837910668202065	6.752593910073201	7.140359441081964	[3, 8, 34, 33, 7, 88]	26
160	0.9182376568620432	0.9843097526819599	6.752593910073201	7.140359441081964	[140, 6, 67, 68, 34, 88]	27
161	0.9194994214166413	0.984658424844583	6.752593910073201	7.528124972090728	[144, 43, 50, 1, 34, 88]	26
162	0.9207417142960141	0.9850675335153941	6.752593910073201	7.140359441081964	[3, 5, 142, 8, 34, 88]	27
163	0.9219648359889768	0.9853440606725165	6.752593910073201	6.752593910073201	[3, 17, 68, 33, 34, 88]	26
164	0.9231690823471717	0.9856154669563587	6.752593910073201	6.752593910073201	[3, 17, 68, 7, 34, 88]	27
165	0.9243547446566289	0.9859990545041892	6.752593910073201	7.915890503099491	[119, 17, 80, 27, 34, 88]	27
166	0.9255221097082241	0.9864470847600552	6.752593910073201	7.528124972090727	[13, 34, 7, 67, 5, 88]	26
167	0.9266714598670478	0.9868807780477333	6.752593910073201	7.140359441081964	[3, 5, 121, 7, 34, 88]	27
168	0.9278030731407044	0.9872452008797408	6.752593910073201	7.528124972090728	[101, 100, 17, 68, 34, 88]	26
169	0.9289172232465578	0.987528640860191	6.752593910073201	7.140359441081964	[0, 1, 34, 67, 7, 88]	27
170	0.9300141796779381	0.9881272660989018	6.752593910073201	8.303656034108254	[101, 100, 41, 30, 5, 88]	26
171	0.9310942077693279	0.9883911046300373	6.752593910073201	7.528124972090727	[119, 6, 17, 3, 5, 88]	27
172	0.932157568760542	0.9886060841739255	6.752593910073201	7.140359441081964	[3, 17, 29, 1, 34, 88]	26
173	0.9332045198599164	0.9889706894803599	6.752593910073201	7.528124972090727	[123, 6, 48, 17, 34, 88]	27
174	0.9342353143065225	0.9892648044275503	6.752593910073201	7.140359441081964	[3, 17, 30, 7, 34, 88]	26
175	0.9352502014314219	0.9894636043455586	6.752593910073201	7.140359441081964	[3, 17, 6, 1, 34, 88]	28
176	0.936249426717974	0.9898007690065007	6.752593910073201	7.915890503099491	[13, 14, 16, 3, 5, 88]	26
177	0.9372332318612151	0.9900274185841341	6.752593910073201	7.140359441081964	[140, 147, 27, 33, 34, 88]	27
178	0.9382018548263199	0.9902933540885571	6.752593910073201	7.140359441081964	[3, 17, 50, 1, 34, 88]	27
179	0.9391555299061606	0.990552197979529	6.752593910073201	6.752593910073201	[3, 17, 7, 67, 34, 88]	26
180	0.9400944877779791	0.9907271572762044	6.752593910073201	7.528124972090727	[13, 14, 17, 3, 5, 88]	26
181	0.9410189555591831	0.9909744330821723	6.752593910073201	7.528124972090727	[3, 5, 56, 29, 34, 88]	27
182	0.9419291568622822	0.9911137165222622	6.752593910073201	6.752593910073201	[3, 68, 33, 7, 34, 88]	27
183	0.9428253118489753	0.9913111894884341	6.752593910073201	7.915890503099491	[0, 1, 50, 33, 7, 88]	26
184	0.9437076372834047	0.9914720933867964	6.752593910073201	7.140359441081964	[3, 17, 1, 34, 7, 88]	27
185	0.9445763465845868	0.9916300175833372	6.752593910073201	7.528124972090727	[3, 17, 6, 67, 68, 88]	26
186	0.9454316498780345	0.99178501725772	6.752593910073201	6.752593910073201	[3, 17, 68, 33, 34, 88]	26
187	0.9462737540465833	0.992058850015796	6.752593910073201	7.140359441081964	[101, 100, 27, 33, 34, 88]	26
188	0.9471028627804323	0.9923637901751894	6.752593910073201	7.140359441081964	[13, 98, 7, 67, 34, 88]	26
189	0.9479191766264133	0.9925052014682414	6.752593910073201	7.528124972090727	[3, 5, 2, 7, 33, 88]	26
190	0.9487228930364995	0.9927050627624217	6.752593910073201	6.752593910073201	[3, 68, 67, 7, 34, 88]	26
191	0.9495142064155659	0.9928401541927472	6.752593910073201	7.140359441081964	[3, 68, 67, 1, 34, 88]	27
192	0.9502933081684121	0.9930692692585792	6.752593910073201	7.528124972090727	[123, 3, 5, 4, 34, 88]	26
193	0.9510603867460601	0.9932540887450171	6.752593910073201	7.91589050309949	[140, 57, 41, 27, 5, 88]	27
194	0.9518156276913369	0.9933790130275169	6.752593910073201	7.140359441081964	[13, 3, 68, 7, 34, 88]	26
195	0.9525592136837545	0.9935555726801164	6.752593910073201	6.752593910073201	[3, 17, 33, 67, 34, 88]	26
196	0.9532913245836966	0.9936987821761137	6.752593910073201	7.528124972090728	[144, 43, 17, 7, 34, 88]	27
197	0.9540121374759235	0.9937960231919145	6.752593910073201	6.752593910073201	[3, 68, 33, 7, 34, 88]	26
198	0.9547218267124061	0.9939683558810279	6.752593910073201	7.140359441081964	[0, 1, 34, 68, 7, 88]	26
199	0.9554205639544987	0.9941613684928351	6.752593910073201	7.140359441081964	[0, 1, 34, 67, 7, 88]	26
200	0.9561085182144601	0.994441622805179	6.752593910073201	7.528124972090728	[101, 100, 29, 1, 34, 88]	26
201	0.9567858558963357	0.9946269020450064	6.752593910073201	7.528124972090727	[101, 100, 27, 33, 7, 88]	27
202	0.9574527408362071	0.9947701846571395	6.752593910073201	7.528124972090727	[140, 57, 41, 27, 33, 88]	26
203	0.9581093343418212	0.9948864027758698	6.752593910073201	7.528124972090728	[119, 6, 37, 1, 34, 88]	26
204	0.9587557952316079	0.9950500378870419	6.752593910073201	7.91589050309949	[123, 3, 17, 40, 5, 88]	26
205	0.9593922798730954	0.9951417038520967	6.752593910073201	7.140359441081964	[3, 5, 4, 7, 34, 88]	27
206	0.9600189422207328	0.9952496659887168	6.752593910073201	7.140359441081964	[119, 17, 3, 8, 34, 88]	26
207	0.960635933853129	0.995376341562351	6.752593910073201	6.752593910073201	[3, 68, 33, 7, 34, 88]	27
208	0.9612434040097164	0.9954996391206883	6.752593910073201	7.140359441081964	[3, 8, 34, 67, 33, 88]	26
209	0.9618414996268504	0.9955829791369719	6.752593910073201	6.752593910073201	[3, 68, 33, 7, 34, 88]	26
210	0.9624303653733497	0.9956647758196205	6.752593910073201	7.140359441081964	[3, 5, 37, 1, 34, 88]	26
211	0.9630101436854893	0.9957450577488868	6.752593910073201	7.140359441081964	[3, 5, 67, 1, 34, 88]	28
212	0.963580974801454	0.9959084475313296	6.752593910073201	7.528124972090727	[140, 147, 34, 67, 68, 88]	26
213	0.9641429967952587	0.9959993709195223	6.752593910073201	7.140359441081964	[140, 6, 33, 7, 34, 88]	27
214	0.9646963456101467	0.9961273910500975	6.752593910073201	7.91589050309949	[119, 17, 48, 6, 5, 88]	26
215	0.9652411550914716	0.996230660622095	6.752593910073201	7.140359441081964	[0, 1, 34, 68, 7, 88]	26
216	0.9657775570190723	0.996331176338839	6.752593910073201	7.91589050309949	[3, 17, 146, 8, 5, 88]	27
217	0.9663056811391484	0.9964330881072047	6.752593910073201	7.528124972090728	[21, 20, 5, 8, 34, 88]	27
218	0.966825655195643	0.9965472292877741	6.752593910073201	7.140359441081964	[123, 6, 67, 33, 34, 88]	26
219	0.9673376049611423	0.9966111694861487	6.752593910073201	7.140359441081964	[3, 8, 34, 68, 33, 88]	26
220	0.9678416542672975	0.9966739256067755	6.752593910073201	7.528124972090727	[3, 10, 33, 68, 7, 88]	27
221	0.9683379250347776	0.9967355195770204	6.752593910073201	7.528124972090727	[3, 17, 48, 29, 68, 88]	26
222	0.9688265373027594	0.9968225723882999	6.752593910073201	7.140359441081964	[3, 17, 48, 29, 34, 88]	27
223	0.9693076092579637	0.9969242500718742	6.752593910073201	7.528124972090728	[13, 3, 2, 7, 34, 88]	26
224	0.969781257263242	0.9970062700699577	6.752593910073201	7.140359441081964	[3, 8, 34, 67, 7, 88]	27
225	0.9702475958857228	0.9970727974017364	6.752593910073201	7.528124972090727	[0, 1, 34, 27, 33, 88]	26
226	0.9707067379245234	0.9971852019815097	6.752593910073201	7.140359441081964	[3, 104, 33, 67, 34, 88]	26
227	0.9711587944380339	0.9972373278707409	6.752593910073201	7.528124972090727	[3, 17, 50, 67, 7, 88]	27
228	0.9716038747707803	0.9973257333788773	6.752593910073201	7.140359441081964	[119, 17, 68, 67, 34, 88]	26
229	0.9720420865798731	0.997375256834824	6.752593910073201	7.528124972090727	[3, 17, 89, 10, 34, 88]	27
230	0.9724735358610479	0.9974335844607168	6.752593910073201	7.528124972090727	[13, 18, 17, 3, 5, 88]	26
231	0.9728983269743033	0.9975157097579739	6.752593910073201	7.528124972090727	[101, 100, 33, 67, 68, 88]	27
232	0.9733165626691443	0.9975952070457187	6.752593910073201	7.140359441081964	[140, 147, 27, 33, 34, 88]	27
233	0.9737283441094353	0.9976397402485757	6.752593910073201	6.752593910073201	[3, 17, 68, 7, 34, 88]	27
234	0.97413377089787	0.9977152685606213	6.752593910073201	7.528124972090727	[13, 34, 1, 67, 68, 88]	26
235	0.9745329411000634	0.9977660403703853	6.752593910073201	7.528124972090727	[140, 6, 17, 3, 5, 88]	26
236	0.9749259512682722	0.997837527078533	6.752593910073201	7.915890503099491	[119, 6, 71, 33, 7, 88]	27
237	0.9753128964647495	0.997877572873375	6.752593910073201	7.140359441081964	[3, 4, 33, 7, 34, 88]	27
238	0.975693870284738	0.9979454905414269	6.752593910073201	7.91589050309949	[119, 17, 48, 6, 5, 88]	27
239	0.9760689648791093	0.997991146307173	6.752593910073201	7.140359441081964	[140, 147, 33, 68, 34, 88]	27
240	0.9764382709766539	0.9980447157389817	6.752593910073201	7.140359441081964	[3, 4, 33, 67, 34, 88]	26
241	0.9768018779060265	0.9980809247067783	6.752593910073201	7.140359441081964	[3, 68, 67, 33, 7, 88]	26
242	0.9771598736173532	0.9981423351161615	6.752593910073201	7.140359441081964	[13, 3, 5, 67, 34, 88]	27
243	0.9775123447035052	0.9982017803924443	6.752593910073201	7.528124972090728	[140, 147, 57, 1, 34, 88]	26
244	0.9778593764210437	0.9982593234198861	6.752593910073201	7.140359441081964	[3, 17, 1, 34, 33, 88]	27
245	0.9782010527108425	0.9983057414620224	6.752593910073201	7.915890503099491	[13, 18, 14, 3, 5, 88]	26
246	0.9785374562183912	0.9983599577352378	6.752593910073201	7.140359441081964	[119, 17, 33, 7, 34, 88]	27
247	0.9788686683137864	0.9983903288882889	6.752593910073201	6.752593910073201	[3, 68, 33, 7, 34, 88]	26
248	0.9791947691114131	0.9984201376125799	6.752593910073201	7.140359441081964	[3, 5, 27, 33, 7, 88]	26
249	0.9795158374893234	0.9984622672762443	6.752593910073201	7.528124972090727	[140, 57, 1, 34, 7, 88]	27
250	0.9798319511083153	0.9985114747234045	6.752593910073201	7.140359441081964	[0, 1, 34, 67, 33, 88]	26
251	0.9801431864307178	0.9985686340940259	6.752593910073201	7.140359441081964	[3, 147, 7, 67, 34, 88]	27
252	0.9804496187388858	0.9986068038515185	6.752593910073201	7.140359441081964	[3, 5, 67, 68, 7, 88]	26
253	0.9807513221534092	0.9986439557488113	6.752593910073201	6.752593910073201	[3, 68, 67, 7, 34, 88]	27
254	0.9810483696510417	0.9986690676793889	6.752593910073201	7.140359441081964	[3, 17, 139, 1, 34, 88]	26
255	0.9813408330823528	0.9987201754805003	6.752593910073201	7.140359441081964	[13, 98, 7, 68, 34, 88]	26
256	0.9816287831891066	0.9987486160253781	6.752593910073201	7.140359441081964	[3, 5, 67, 68, 7, 88]	26
257	0.9819122896213734	0.9987717898026859	6.752593910073201	7.140359441081964	[3, 68, 7, 1, 34, 88]	26
258	0.982191420954377	0.9987907436637555	6.752593910073201	6.752593910073201	[3, 17, 33, 7, 34, 88]	26
259	0.982466244705081	0.9988094050269692	6.752593910073201	6.752593910073201	[3, 68, 33, 7, 34, 88]	27
260	0.9827368273485212	0.9988411542262501	6.752593910073201	7.528124972090727	[101, 100, 17, 3, 5, 88]	26
261	0.9830032343338835	0.9988626143331714	6.752593910073201	7.140359441081964	[3, 17, 6, 1, 34, 88]	27
262	0.9832655301003359	0.998887889570212	6.752593910073201	7.140359441081964	[13, 3, 17, 1, 34, 88]	26
263	0.9835237780926147	0.9989305946107159	6.752593910073201	7.140359441081964	[13, 98, 7, 67, 34, 88]	27
264	0.9837780407763707	0.9989543591749221	6.752593910073201	7.528124972090727	[123, 6, 5, 3, 34, 88]	26
265	0.9840283796532785	0.9989775956377016	6.752593910073201	7.528124972090727	[140, 147, 27, 33, 7, 88]	26
266	0.9842748552759131	0.9990048597540296	6.752593910073201	7.528124972090728	[3, 2, 6, 1, 34, 88]	27
267	0.9845175272623958	0.9990367042419007	6.752593910073201	7.140359441081964	[13, 34, 68, 33, 7, 88]	27
268	0.9847564543108157	0.9990545430522358	6.752593910073201	7.140359441081964	[3, 68, 67, 1, 34, 88]	26
269	0.9849916942134266	0.9990720515142315	6.752593910073201	7.140359441081964	[3, 68, 67, 33, 7, 88]	27
270	0.9852233038706267	0.9990967968071853	6.752593910073201	7.140359441081964	[3, 17, 146, 8, 34, 88]	26
271	0.9854513393047221	0.9991168679892478	6.752593910073201	7.140359441081964	[0, 1, 34, 33, 7, 88]	27
272	0.9856758556734764	0.9991364931450424	6.752593910073201	7.140359441081964	[13, 3, 17, 1, 34, 88]	26
273	0.9858969072834536	0.9991556821862636	6.752593910073201	7.140359441081964	[140, 6, 33, 7, 34, 88]	27
274	0.9861145476031533	0.9991744448043467	6.752593910073201	7.528124972090727	[0, 1, 17, 3, 5, 88]	27
275	0.9863288292759441	0.9992019633108684	6.752593910073201	7.140359441081964	[144, 43, 67, 7, 34, 88]	26
276	0.9865398041327968	0.9992232442892452	6.752593910073201	7.91589050309949	[13, 34, 7, 17, 38, 88]	26
277	0.9867475232048216	0.9992376286542592	6.752593910073201	7.528124972090727	[3, 17, 102, 27, 34, 88]	27
278	0.9869520367356114	0.9992545702397202	6.752593910073201	7.140359441081964	[123, 3, 17, 7, 34, 88]	27
279	0.9871533941933952	0.9992744483666609	6.752593910073201	7.528124972090727	[3, 99, 41, 27, 33, 88]	28
280	0.9873516442830033	0.9992937964102167	6.752593910073201	7.140359441081964	[3, 5, 12, 8, 34, 88]	28
281	0.9875468349576483	0.999306874254472	6.752593910073201	7.140359441081964	[3, 6, 33, 7, 34, 88]	27
282	0.9877390134305241	0.9993197099164262	6.752593910073201	7.140359441081964	[3, 37, 33, 7, 34, 88]	27
283	0.9879282261862259	0.9993323078809367	6.752593910073201	7.528124972090727	[3, 5, 37, 27, 33, 88]	27
284	0.988114518991994	0.9993446725498083	6.752593910073201	7.140359441081964	[3, 4, 33, 7, 34, 88]	27
285	0.9882979369087842	0.9993592353820347	6.752593910073201	7.140359441081964	[13, 34, 67, 33, 7, 88]	26
286	0.9884785243021672	0.9993734745957673	6.752593910073201	7.528124972090727	[3, 5, 4, 7, 68, 88]	27
287	0.9886563248530597	0.9993975331712899	6.752593910073201	7.528124972090727	[13, 12, 8, 34, 33, 88]	27
288	0.9888313815682902	0.9994086899644141	6.752593910073201	7.140359441081964	[3, 5, 67, 68, 7, 88]	27
289	0.9890037367910018	0.9994218301874271	6.752593910073201	7.140359441081964	[0, 1, 34, 33, 7, 88]	27
290	0.9891734322108937	0.9994495823384306	6.752593910073201	7.528124972090727	[144, 43, 7, 68, 33, 88]	27
291	0.9893405088743059	0.9994580764381462	6.752593910073201	6.752593910073201	[3, 5, 27, 33, 34, 88]	26
292	0.9895050071941468	0.9994754179921256	6.752593910073201	7.528124972090728	[123, 3, 6, 1, 34, 88]	27
293	0.9896669669596693	0.9994894068456689	6.752593910073201	7.140359441081964	[140, 147, 33, 7, 34, 88]	27
294	0.9898264273460942	0.9995030226631177	6.752593910073201	7.528124972090727	[140, 6, 8, 34, 68, 88]	27
295	0.9899834269240865	0.9995106920664647	6.752593910073201	6.752593910073201	[3, 68, 67, 7, 34, 88]	27
296	0.9901380036690851	0.9995270023309158	6.752593910073201	7.528124972090728	[144, 43, 37, 1, 34, 88]	28
297	0.9902901949704882	0.99953576154701	6.752593910073201	7.140359441081964	[3, 5, 8, 34, 33, 88]	27
298	0.9904400376406967	0.9995535883036047	6.752593910073201	7.140359441081964	[119, 6, 67, 7, 34, 88]	27
299	0.9905875679240193	0.9995618551868714	6.752593910073201	7.140359441081964	[3, 17, 33, 67, 7, 88]	27
300	0.9907328215054387	0.9995699689797071	6.752593910073201	7.91589050309949	[3, 17, 37, 1, 7, 88]	27
301	0.9908758335192437	0.9995779325171199	6.752593910073201	7.528124972090727	[3, 37, 27, 33, 7, 88]	27
302	0.991016638557527	0.9995857485816178	6.752593910073201	7.140359441081964	[3, 5, 147, 7, 34, 88]	27
303	0.9911552706785528	0.9995934199041804	6.752593910073201	7.528124972090727	[3, 17, 11, 4, 34, 88]	27
304	0.9912917634149948	0.9996090325798598	6.752593910073201	7.140359441081964	[140, 6, 67, 68, 34, 88]	27
305	0.9914261497820474	0.9996194583777303	6.752593910073201	7.528124972090727	[140, 6, 33, 68, 7, 88]	26
306	0.9915584622854109	0.9996265054448092	6.752593910073201	7.140359441081964	[3, 17, 50, 67, 34, 88]	26
307	0.9916887329291545	0.9996334220106462	6.752593910073201	7.140359441081964	[3, 43, 67, 33, 34, 88]	27
308	0.9918169932234577	0.9996402104919305	6.752593910073201	7.140359441081964	[3, 17, 1, 34, 7, 88]	27
309	0.9919432741922315	0.9996468732605984	6.752593910073201	6.752593910073201	[3, 17, 33, 7, 34, 88]	27
310	0.992067606380623	0.9996581733162593	6.752593910073201	7.140359441081964	[140, 147, 33, 68, 34, 88]	29
311	0.9921900198624035	0.9996657694647868	6.752593910073201	7.140359441081964	[119, 17, 3, 8, 34, 88]	27
312	0.992310544247243	0.9996746822790592	6.752593910073201	7.528124972090727	[3, 17, 24, 27, 33, 88]	27
313	0.9924292086878719	0.9996850924461294	6.752593910073201	7.528124972090728	[119, 6, 4, 7, 34, 88]	27
314	0.9925460418871331	0.9996934899808992	6.752593910073201	7.140359441081964	[3, 17, 6, 1, 34, 88]	27
315	0.9926610721049243	0.9997032983015104	6.752593910073201	7.528124972090728	[13, 98, 7, 1, 34, 88]	28
316	0.9927743271650334	0.999709891672588	6.752593910073201	7.140359441081964	[119, 17, 3, 68, 34, 88]	26
317	0.9928858344618694	0.9997163385243082	6.752593910073201	7.528124972090727	[140, 147, 27, 33, 7, 88]	27
318	0.9929956209670875	0.9997226421126569	6.752593910073201	7.140359441081964	[140, 147, 27, 33, 34, 88]	28
319	0.9931037132361139	0.9997300383229861	6.752593910073201	7.528124972090727	[119, 17, 3, 68, 7, 88]	27
320	0.9932101374145689	0.9997360374713642	6.752593910073201	6.752593910073201	[3, 5, 67, 7, 34, 88]	27
321	0.993314919244591	0.9997409256663389	6.752593910073201	7.140359441081964	[3, 17, 68, 33, 7, 88]	27
322	0.9934180840710634	0.9997457233391845	6.752593910073201	7.140359441081964	[3, 5, 27, 33, 7, 88]	27
323	0.9935196568477445	0.9997504321662366	6.752593910073201	7.528124972090727	[13, 3, 5, 67, 7, 88]	27
324	0.993619662143304	0.9997600155710531	6.752593910073201	7.140359441081964	[13, 3, 68, 33, 34, 88]	27
325	0.9937181241472653	0.9997664151558251	6.752593910073201	6.752593910073201	[3, 68, 67, 33, 34, 88]	27
326	0.993815066675857	0.9997726440850031	6.752593910073201	7.140359441081964	[13, 34, 68, 67, 33, 88]	27
327	0.9939105131777727	0.9997776964386696	6.752593910073201	7.140359441081964	[144, 43, 27, 33, 34, 88]	27
328	0.9940044867398441	0.9997836245336384	6.752593910073201	6.752593910073201	[3, 68, 67, 7, 34, 88]	27
329	0.9940970100926243	0.9997884328773354	6.752593910073201	7.528124972090727	[140, 6, 1, 34, 33, 88]	27
330	0.9941881056158863	0.9997931343689501	6.752593910073201	7.140359441081964	[140, 6, 33, 7, 34, 88]	28
331	0.9942777953440362	0.9997986507857781	6.752593910073201	7.140359441081964	[3, 5, 142, 8, 34, 88]	27
332	0.9943661009714431	0.9998023794749304	6.752593910073201	7.91589050309949	[3, 99, 41, 27, 7, 88]	27
333	0.9944530438576862	0.9998060391142836	6.752593910073201	6.752593910073201	[3, 17, 33, 7, 34, 88]	27
334	0.9945386450327219	0.9998112114045693	6.752593910073201	6.752593910073201	[3, 5, 67, 68, 34, 88]	28
335	0.99462292520197	0.9998184608866338	6.752593910073201	8.303656034108254	[123, 6, 31, 32, 5, 88]	27
336	0.9947059047513224	0.9998224950891531	6.752593910073201	7.528124972090727	[13, 34, 33, 27, 5, 88]	28
337	0.9947876037520735	0.9998257822171318	6.752593910073201	7.140359441081964	[3, 8, 34, 33, 7, 88]	27
338	0.994868041965776	0.9998296537234177	6.752593910073201	7.140359441081964	[13, 3, 17, 33, 34, 88]	27
339	0.9949472388490203	0.9998334391962307	6.752593910073201	7.140359441081964	[13, 34, 68, 67, 7, 88]	27
340	0.9950252135581403	0.9998378808176646	6.752593910073201	7.91589050309949	[3, 17, 6, 98, 7, 88]	28
341	0.995101984953848	0.9998408830247448	6.752593910073201	6.752593910073201	[3, 17, 68, 7, 34, 88]	27
342	0.9951775716057949	0.9998451261440849	6.752593910073201	7.528124972090728	[13, 18, 6, 1, 34, 88]	27
343	0.9952519917970635	0.9998500821074742	6.752593910073201	7.140359441081964	[3, 5, 67, 33, 7, 88]	27
344	0.9953252635285903	0.9998540799179416	6.752593910073201	7.528124972090728	[140, 147, 38, 8, 34, 88]	27
345	0.9953974045235194	0.9998579711201298	6.752593910073201	7.140359441081964	[3, 61, 27, 33, 34, 88]	27
346	0.9954684322314897	0.9998625160442857	6.752593910073201	7.528124972090728	[0, 1, 139, 7, 34, 88]	27
347	0.9955383638328557	0.9998655712433016	6.752593910073201	7.91589050309949	[119, 17, 3, 61, 5, 88]	27
348	0.9956072162428424	0.9998698729635158	6.752593910073201	7.528124972090727	[3, 17, 11, 4, 34, 88]	26
349	0.9956750061156381	0.9998733430178222	6.752593910073201	7.528124972090727	[13, 12, 8, 34, 7, 88]	27
350	0.9957417498484215	0.9998773960412518	6.752593910073201	7.528124972090728	[123, 3, 98, 7, 34, 88]	26
351	0.9958074635853286	0.9998796664849323	6.752593910073201	7.140359441081964	[3, 6, 67, 7, 34, 88]	27
352	0.9958721632213574	0.9998830090825731	6.752593910073201	7.140359441081964	[0, 1, 34, 33, 7, 88]	27
353	0.9959358644062131	0.9998848144979655	6.752593910073201	7.140359441081964	[3, 5, 27, 7, 34, 88]	27
354	0.9959985825480925	0.9998885004340305	6.752593910073201	7.91589050309949	[123, 3, 17, 18, 5, 88]	27
355	0.996060332817412	0.9998909782021632	6.752593910073201	7.915890503099491	[119, 17, 80, 27, 34, 88]	27
356	0.9961211301504767	0.999894466899694	6.752593910073201	7.140359441081964	[13, 3, 5, 67, 34, 88]	27
357	0.9961809892530927	0.9998964212163663	6.752593910073201	6.752593910073201	[3, 17, 68, 33, 34, 88]	27
358	0.9962399246041252	0.9998987229671138	6.752593910073201	7.528124972090727	[119, 17, 48, 29, 34, 88]	27
359	0.9962979504589998	0.9999005984677227	6.752593910073201	7.528124972090728	[3, 10, 6, 1, 34, 88]	27
360	0.9963550808531512	0.999902439236839	6.752593910073201	6.752593910073201	[3, 5, 27, 33, 34, 88]	27
361	0.9964113296054173	0.9999042459176383	6.752593910073201	7.140359441081964	[3, 17, 38, 33, 34, 88]	27
362	0.9964667103213831	0.9999063737861352	6.752593910073201	7.140359441081964	[119, 17, 3, 8, 34, 88]	27
363	0.9965212363966703	0.9999093698249789	6.752593910073201	7.528124972090727	[3, 5, 52, 68, 33, 88]	27
364	0.9965749210201785	0.9999110481615534	6.752593910073201	7.140359441081964	[3, 5, 27, 33, 68, 88]	27
365	0.9966277771772746	0.9999126954178209	6.752593910073201	7.140359441081964	[3, 17, 29, 1, 34, 88]	27
366	0.9966798176529339	0.9999160479137765	6.752593910073201	7.528124972090728	[140, 147, 57, 1, 34, 88]	28
367	0.9967310550348331	0.9999179135156926	6.752593910073201	7.140359441081964	[119, 17, 68, 7, 34, 88]	27
368	0.9967815017163943	0.9999201024886075	6.752593910073201	7.528124972090727	[3, 17, 30, 27, 33, 88]	27
369	0.9968311698997833	0.999922659208972	6.752593910073201	7.140359441081964	[13, 3, 5, 8, 34, 88]	28
370	0.9968800715988607	0.9999247216300662	6.752593910073201	6.752593910073201	[3, 5, 67, 7, 34, 88]	27
371	0.9969282186420881	0.9999276123194716	6.752593910073201	7.528124972090727	[144, 43, 67, 68, 7, 88]	26
372	0.9969756226753893	0.9999292209345945	6.752593910073201	7.528124972090727	[140, 147, 27, 33, 7, 88]	27
373	0.9970222951649665	0.9999307938027145	6.752593910073201	7.528124972090727	[0, 1, 68, 67, 7, 88]	26
374	0.9970682474000752	0.9999320753989606	6.752593910073201	6.752593910073201	[3, 17, 33, 7, 34, 88]	27
375	0.9971134904957529	0.9999333332619428	6.752593910073201	6.752593910073201	[3, 5, 67, 7, 34, 88]	27
376	0.9971580353955098	0.9999345678311661	6.752593910073201	6.752593910073201	[3, 17, 33, 67, 34, 88]	27
377	0.9972018928739742	0.9999367489034605	6.752593910073201	7.528124972090727	[101, 100, 27, 33, 7, 88]	27
378	0.9972450735394993	0.9999381544833836	6.752593910073201	7.528124972090727	[123, 6, 48, 17, 34, 88]	27
379	0.9972875878367292	0.9999392997707284	6.752593910073201	6.752593910073201	[3, 68, 33, 7, 34, 88]	27
380	0.9973294460491254	0.9999406486647122	6.752593910073201	7.528124972090727	[3, 17, 50, 33, 7, 88]	26
381	0.9973706583014538	0.9999419675832741	6.752593910073201	7.528124972090728	[13, 14, 17, 7, 34, 88]	27
382	0.9974112345622338	0.9999438246206094	6.752593910073201	7.140359441081964	[3, 5, 30, 7, 34, 88]	27
383	0.9974511846461499	0.9999448649054129	6.752593910073201	7.140359441081964	[3, 37, 33, 7, 34, 88]	26
384	0.9974905182164254	0.999945885925683	6.752593910073201	7.140359441081964	[3, 5, 4, 33, 34, 88]	27
385	0.9975292447871595	0.9999484834012503	6.752593910073201	7.91589050309949	[101, 100, 26, 19, 5, 88]	27
386	0.9975673737256293	0.9999496282145558	6.752593910073201	7.528124972090727	[123, 6, 8, 34, 7, 88]	27
387	0.9976049142545548	0.9999505610253974	6.752593910073201	7.140359441081964	[3, 5, 27, 33, 7, 88]	27
388	0.9976418754543301	0.9999518793980534	6.752593910073201	7.528124972090727	[140, 147, 27, 33, 7, 88]	27
389	0.9976782662652202	0.9999534192573157	6.752593910073201	7.140359441081964	[119, 17, 68, 7, 34, 88]	27
390	0.9977140954895223	0.9999542818636618	6.752593910073201	7.140359441081964	[3, 17, 50, 1, 34, 88]	27
391	0.9977493717936964	0.9999555010139641	6.752593910073201	7.140359441081964	[3, 5, 121, 33, 34, 88]	27
392	0.9977841037104603	0.9999564898803205	6.752593910073201	7.140359441081964	[3, 5, 67, 33, 7, 88]	27
393	0.9978182996408544	0.9999581606689162	6.752593910073201	7.528124972090727	[13, 98, 7, 68, 33, 88]	26
394	0.9978519678562733	0.9999594995275108	6.752593910073201	7.915890503099491	[119, 6, 14, 3, 5, 88]	27
395	0.9978851165004666	0.9999602495362606	6.752593910073201	7.140359441081964	[3, 5, 27, 33, 68, 88]	26
396	0.9979177535915088	0.9999611328798993	6.752593910073201	7.140359441081964	[123, 6, 67, 7, 34, 88]	28
397	0.9979498870237387	0.9999618526413826	6.752593910073201	6.752593910073201	[3, 68, 33, 7, 34, 88]	27
398	0.9979815245696686	0.9999628699042791	6.752593910073201	7.140359441081964	[3, 68, 67, 1, 34, 88]	26
399	0.9980126738818651	0.9999636950175174	6.752593910073201	7.528124972090727	[140, 6, 67, 33, 7, 88]	26
400	0.9980433424947992	0.9999650891288446	6.752593910073201	7.91589050309949	[101, 100, 26, 19, 5, 88]	27
401	0.9980735378266696	0.9999660200854088	6.752593910073201	7.528124972090727	[3, 24, 27, 33, 7, 88]	27
402	0.9981032671811964	0.9999666493430864	6.752593910073201	7.528124972090727	[3, 43, 27, 33, 7, 88]	27
403	0.9981325377493877	0.9999673904687956	6.752593910073201	7.91589050309949	[119, 6, 33, 27, 5, 88]	27
404	0.9981613566112799	0.9999682600562944	6.752593910073201	7.140359441081964	[3, 5, 30, 7, 34, 88]	27
405	0.998189730737649	0.9999688478330296	6.752593910073201	7.140359441081964	[3, 5, 2, 8, 34, 88]	27
406	0.9982176669916977	0.9999698447023727	6.752593910073201	7.528124972090728	[123, 6, 76, 1, 34, 88]	26
407	0.9982451721307147	0.9999706488436428	6.752593910073201	7.528124972090727	[140, 6, 8, 34, 68, 88]	27
408	0.9982722528077098	0.9999715880806462	6.752593910073201	7.140359441081964	[119, 17, 68, 7, 34, 88]	27
409	0.998298915573023	0.9999721142273009	6.752593910073201	7.140359441081964	[3, 17, 43, 7, 34, 88]	26
410	0.9983251668759084	0.9999725445632993	6.752593910073201	6.752593910073201	[3, 68, 33, 7, 34, 88]	26
411	0.998351013066095	0.9999730529973123	6.752593910073201	7.140359441081964	[3, 8, 34, 68, 7, 88]	26
412	0.9983764603953219	0.9999739153013983	6.752593910073201	7.140359441081964	[119, 17, 68, 7, 34, 88]	26
413	0.9984015150188509	0.9999744949613673	6.752593910073201	7.140359441081964	[0, 1, 34, 67, 7, 88]	26
414	0.9984261829969551	0.9999750617400036	6.752593910073201	7.528124972090728	[140, 6, 51, 8, 34, 88]	27
415	0.9984504702963848	0.9999755235596332	6.752593910073201	7.140359441081964	[3, 5, 2, 8, 34, 88]	27
416	0.9984743827918109	0.9999761762647096	6.752593910073201	7.915890503099491	[123, 58, 102, 10, 34, 88]	27
417	0.998497926267246	0.9999768115643173	6.752593910073201	7.140359441081964	[3, 5, 2, 8, 34, 88]	27
418	0.9985211064174427	0.9999777020002475	6.752593910073201	7.140359441081964	[123, 3, 68, 67, 34, 88]	27
419	0.9985439288492723	0.9999784155362396	6.752593910073201	7.140359441081964	[0, 1, 34, 68, 7, 88]	27
420	0.9985663990830799	0.9999789911219399	6.752593910073201	7.528124972090727	[3, 10, 34, 67, 7, 88]	27
421	0.99858852255402	0.9999793801752372	6.752593910073201	7.140359441081964	[3, 17, 50, 1, 34, 88]	27
422	0.9986103046133715	0.9999798383935654	6.752593910073201	7.140359441081964	[119, 6, 33, 7, 34, 88]	28
423	0.9986317505298319	0.999980286429264	6.752593910073201	7.528124972090727	[119, 6, 67, 68, 7, 88]	27
424	0.9986528654907912	0.9999806514953886	6.752593910073201	7.528124972090727	[3, 43, 27, 33, 68, 88]	27
425	0.9986736546035877	0.9999812706475362	6.752593910073201	7.528124972090727	[13, 34, 68, 67, 5, 88]	27
426	0.9986941228967422	0.999981869986815	6.752593910073201	7.91589050309949	[3, 68, 7, 8, 38, 88]	27
427	0.9987142753211752	0.999982450147237	6.752593910073201	7.91589050309949	[101, 100, 26, 19, 5, 88]	27
428	0.998734116751404	0.9999830117425254	6.752593910073201	8.303656034108254	[119, 6, 8, 2, 5, 88]	27
429	0.9987536519867218	0.9999836640916124	6.752593910073201	7.140359441081964	[123, 6, 67, 68, 34, 88]	27
430	0.9987728857523588	0.9999839666084344	6.752593910073201	7.91589050309949	[3, 5, 52, 29, 7, 88]	27
431	0.9987918227006248	0.999984263523093	6.752593910073201	6.752593910073201	[3, 5, 67, 7, 34, 88]	27
432	0.9988104674120349	0.9999846132225798	6.752593910073201	7.528124972090727	[13, 34, 7, 67, 5, 88]	27
433	0.9988288243964172	0.9999848981629025	6.752593910073201	7.528124972090727	[13, 18, 17, 3, 5, 88]	27
434	0.9988468980940033	0.9999852337592824	6.752593910073201	6.752593910073201	[3, 5, 67, 7, 34, 88]	27
435	0.9988646928765033	0.999985800782926	6.752593910073201	7.140359441081964	[140, 147, 33, 67, 34, 88]	28
436	0.9988822130481622	0.9999862551578723	6.752593910073201	7.140359441081964	[0, 1, 34, 67, 7, 88]	27
437	0.9988994628468016	0.9999866949928204	6.752593910073201	7.140359441081964	[123, 3, 17, 1, 34, 88]	27
438	0.9989164464448448	0.9999869906596466	6.752593910073201	7.528124972090727	[0, 1, 34, 27, 33, 88]	27
439	0.9989331679503256	0.9999874902183162	6.752593910073201	7.528124972090727	[13, 98, 34, 68, 33, 88]	27
440	0.9989496314078823	0.9999877682134647	6.752593910073201	7.140359441081964	[119, 6, 67, 7, 34, 88]	27
441	0.9989658407997359	0.9999879947280301	6.752593910073201	6.752593910073201	[3, 17, 68, 7, 34, 88]	27
442	0.9989818000466536	0.9999882615118517	6.752593910073201	7.140359441081964	[13, 3, 17, 7, 34, 88]	27
443	0.9989975130088966	0.9999887310513776	6.752593910073201	7.528124972090728	[101, 100, 37, 7, 34, 88]	27
444	0.9990129834871544	0.9999889049549058	6.752593910073201	6.752593910073201	[3, 17, 33, 7, 34, 88]	28
445	0.9990282152234637	0.9999892599963488	6.752593910073201	7.140359441081964	[123, 6, 33, 68, 34, 88]	26
446	0.999043211902114	0.999989672412489	6.752593910073201	7.915890503099491	[144, 43, 50, 67, 7, 88]	26
447	0.9990579771505381	0.9999898636641096	6.752593910073201	6.752593910073201	[3, 5, 67, 7, 34, 88]	27
448	0.9990725145401903	0.9999901339664	6.752593910073201	7.140359441081964	[3, 5, 37, 1, 34, 88]	27
449	0.9990868275874096	0.9999903970606293	6.752593910073201	7.140359441081964	[3, 5, 30, 7, 34, 88]	27
450	0.9991009197542706	0.9999906104592821	6.752593910073201	7.140359441081964	[0, 1, 34, 67, 7, 88]	27
451	0.9991147944494208	0.9999908608470345	6.752593910073201	7.528124972090727	[123, 6, 33, 68, 7, 88]	27
452	0.999128455028905	0.9999911045577803	6.752593910073201	7.528124972090727	[140, 57, 27, 33, 7, 88]	27
453	0.9991419047969774	0.999991302234274	6.752593910073201	7.140359441081964	[0, 1, 34, 33, 7, 88]	26
454	0.9991551470069007	0.9999915805627773	6.752593910073201	7.528124972090727	[3, 17, 90, 27, 33, 88]	26
455	0.9991681848617324	0.9999917364782813	6.752593910073201	7.140359441081964	[3, 6, 33, 7, 34, 88]	27
456	0.9991810215151007	0.9999919201120974	6.752593910073201	7.528124972090727	[119, 17, 48, 50, 34, 88]	27
457	0.9991936600719664	0.9999920996651618	6.752593910073201	7.528124972090727	[13, 34, 33, 27, 7, 88]	27
458	0.9992061035893743	0.9999922459676588	6.752593910073201	7.528124972090727	[3, 17, 11, 27, 33, 88]	27
459	0.9992183550771927	0.9999924182794886	6.752593910073201	7.140359441081964	[144, 43, 67, 7, 34, 88]	27
460	0.999230417498841	0.9999926204587023	6.752593910073201	7.140359441081964	[3, 5, 8, 34, 7, 88]	27
461	0.999242293772007	0.9999928172464703	6.752593910073201	7.528124972090727	[3, 98, 8, 34, 33, 88]	27
462	0.9992539867693525	0.9999930087865644	6.752593910073201	7.140359441081964	[3, 5, 12, 8, 34, 88]	27
463	0.9992654993192083	0.9999931952189226	6.752593910073201	7.528124972090727	[3, 5, 2, 10, 34, 88]	27
464	0.9992768342062575	0.9999933766797514	6.752593910073201	7.528124972090727	[123, 6, 8, 34, 68, 88]	27
465	0.9992879941722103	0.9999935533016246	6.752593910073201	7.140359441081964	[3, 5, 67, 1, 34, 88]	26
466	0.9992989819164663	0.9999936965615885	6.752593910073201	7.140359441081964	[0, 1, 34, 33, 7, 88]	26
467	0.9993098000967677	0.9999938132919295	6.752593910073201	7.528124972090727	[3, 5, 37, 29, 34, 88]	27
468	0.9993204513298424	0.9999939278605975	6.752593910073201	7.528124972090727	[140, 6, 33, 68, 7, 88]	27
469	0.9993309381920361	0.9999940627970286	6.752593910073201	7.140359441081964	[3, 5, 2, 7, 34, 88]	27
470	0.9993412632199368	0.9999941947348725	6.752593910073201	7.140359441081964	[0, 1, 34, 33, 7, 88]	27
471	0.9993514289109872	0.9999943495419426	6.752593910073201	7.140359441081964	[3, 98, 7, 33, 34, 88]	28
472	0.9993614377240893	0.9999945378905445	6.752593910073201	7.140359441081964	[101, 100, 27, 33, 34, 88]	27
473	0.9993712920801989	0.9999946390407195	6.752593910073201	7.140359441081964	[0, 1, 34, 68, 7, 88]	27
474	0.999380994362912	0.9999947383177432	6.752593910073201	6.752593910073201	[3, 5, 67, 68, 34, 88]	27
475	0.9993905469190398	0.9999949066915754	6.752593910073201	7.140359441081964	[140, 6, 67, 33, 34, 88]	27
476	0.9993999520591781	0.9999950425131334	6.752593910073201	7.528124972090727	[0, 1, 34, 8, 38, 88]	27
477	0.9994092120582648	0.9999951190175604	6.752593910073201	6.752593910073201	[3, 5, 67, 33, 34, 88]	27
478	0.9994183291561312	0.9999952752089984	6.752593910073201	7.528124972090727	[0, 1, 34, 3, 5, 88]	26
479	0.9994273055580427	0.9999954012034252	6.752593910073201	7.140359441081964	[3, 5, 2, 7, 34, 88]	27
480	0.9994361434352333	0.9999955851552882	6.752593910073201	7.528124972090727	[0, 1, 34, 8, 38, 88]	27
481	0.9994448449254304	0.9999957546853251	6.752593910073201	7.140359441081964	[140, 147, 33, 67, 34, 88]	26
482	0.9994534121333712	0.9999958490256512	6.752593910073201	7.140359441081964	[0, 1, 34, 67, 7, 88]	26
483	0.9994618471313131	0.9999959258955465	6.752593910073201	6.752593910073201	[3, 17, 68, 7, 34, 88]	27
484	0.9994701519595336	0.9999960013419253	6.752593910073201	7.528124972090727	[3, 43, 67, 33, 7, 88]	26
485	0.9994783286268247	0.9999961292989837	6.752593910073201	7.140359441081964	[140, 6, 33, 68, 34, 88]	27
486	0.9994863791109787	0.9999962531614163	6.752593910073201	7.91589050309949	[119, 17, 3, 2, 5, 88]	27
487	0.999494305359266	0.9999963364244959	6.752593910073201	7.528124972090728	[119, 6, 10, 33, 34, 88]	27
488	0.999502109288907	0.9999964341198426	6.752593910073201	7.140359441081964	[3, 8, 34, 33, 7, 88]	27
489	0.9995097927875349	0.9999965001546604	6.752593910073201	7.140359441081964	[13, 34, 68, 67, 7, 88]	27
490	0.9995173577136532	0.9999966345487215	6.752593910073201	7.140359441081964	[3, 2, 7, 67, 34, 88]	27
491	0.9995248058970845	0.9999967242940888	6.752593910073201	7.528124972090727	[3, 6, 1, 34, 33, 88]	27
492	0.9995321391394135	0.9999967970875535	6.752593910073201	7.528124972090727	[13, 14, 17, 3, 5, 88]	27
493	0.9995393592144225	0.9999968824985521	6.752593910073201	7.528124972090728	[13, 18, 6, 1, 34, 88]	27
494	0.999546467868521	0.9999969402300604	6.752593910073201	7.528124972090728	[3, 85, 35, 7, 34, 88]	28
495	0.9995534668211672	0.9999970577252261	6.752593910073201	7.140359441081964	[123, 6, 67, 33, 34, 88]	27
496	0.9995603577652851	0.9999971231091099	6.752593910073201	6.752593910073201	[3, 5, 27, 33, 34, 88]	27
497	0.9995671423676726	0.9999972151696185	6.752593910073201	7.528124972090727	[140, 6, 1, 34, 33, 88]	27
498	0.999573822269406	0.9999973042841906	6.752593910073201	7.915890503099491	[123, 6, 4, 3, 5, 88]	26
499	0.9995803990862362	0.9999973641889864	6.752593910073201	7.140359441081964	[3, 5, 147, 33, 34, 88]	26
