0	0.015432098765432056	0.03200000000000003	7.528124972090727	7.528124972090727	[140, 147, 27, 33, 68, 88]	163
1	0.030626047858558048	0.05781333333333327	6.752593910073201	6.752593910073201	[3, 5, 67, 7, 34, 88]	234
2	0.045585522428642	0.07526123456790113	6.752593910073201	7.528124972090727	[3, 5, 27, 41, 33, 88]	28
3	0.06031414090968146	0.09238602652034733	6.752593910073201	7.528124972090727	[3, 5, 8, 7, 33, 88]	27
4	0.07481546589564314	0.12142967367169621	6.752593910073201	7.528124972090728	[140, 147, 5, 8, 34, 88]	33
5	0.08909300500219186	0.14095345870121412	6.752593910073201	7.140359441081964	[0, 1, 34, 33, 7, 88]	27
6	0.10315021171512095	0.1638613664691817	6.752593910073201	7.140359441081964	[3, 24, 27, 33, 34, 88]	28
7	0.11699048622569008	0.19061780274216789	6.752593910073201	7.915890503099491	[123, 6, 24, 27, 34, 88]	28
8	0.13061717625307134	0.20860407379234192	6.752593910073201	7.528124972090728	[0, 1, 29, 7, 34, 88]	32
9	0.1440335778541042	0.22325955390729857	6.752593910073201	6.752593910073201	[3, 5, 67, 33, 34, 88]	28
10	0.1572429362205532	0.24397263246977052	6.752593910073201	7.91589050309949	[3, 5, 40, 49, 33, 88]	28
11	0.17024844646406312	0.26077324063710894	6.752593910073201	7.528124972090727	[144, 43, 17, 3, 5, 88]	31
12	0.18305325438900033	0.285414132615872	6.752593910073201	7.528124972090727	[144, 43, 27, 33, 7, 88]	27
13	0.19566045725336756	0.29864720423409663	6.752593910073201	7.140359441081964	[3, 8, 34, 33, 7, 88]	28
14	0.208073104517976	0.31734994545452067	6.752593910073201	7.140359441081964	[3, 68, 67, 1, 34, 88]	30
15	0.22029419858405663	0.32788466851849407	6.752593910073201	7.140359441081964	[3, 5, 27, 33, 7, 88]	32
16	0.2323266955194878	0.3458077440246675	6.752593910073201	7.915890503099491	[140, 57, 61, 27, 33, 88]	34
17	0.2441735057738167	0.36761415255717855	6.752593910073201	7.140359441081964	[101, 100, 33, 7, 34, 88]	32
18	0.2558374948822454	0.38447777515565373	6.752593910073201	7.140359441081964	[3, 5, 104, 33, 34, 88]	27
19	0.2673214841587539	0.40089170115150297	6.752593910073201	7.140359441081964	[3, 10, 33, 68, 34, 88]	28
20	0.2786282513785262	0.42006316671465493	6.752593910073201	7.140359441081964	[119, 17, 68, 33, 34, 88]	27
21	0.28976053144984526	0.43552814893559744	6.752593910073201	7.140359441081964	[3, 6, 67, 33, 34, 88]	27
22	0.30072101707561927	0.45058073163064816	6.752593910073201	6.752593910073201	[3, 17, 7, 67, 34, 88]	27
23	0.31151235940469924	0.46279004870552265	6.752593910073201	7.140359441081964	[101, 100, 27, 33, 34, 88]	30
24	0.32213716867314524	0.4727383811369018	6.752593910073201	7.528124972090727	[3, 17, 43, 27, 33, 88]	27
25	0.3325980148355967	0.486798690973251	6.752593910073201	7.91589050309949	[140, 147, 3, 17, 38, 88]	27
26	0.34289742818689917	0.4963024189181908	6.752593910073201	7.140359441081964	[3, 8, 34, 33, 7, 88]	27
27	0.35303789997413837	0.5156444060317322	6.752593910073201	7.91589050309949	[3, 16, 26, 19, 5, 88]	28
28	0.3630218829992288	0.5264078636754717	6.752593910073201	7.140359441081964	[119, 17, 68, 7, 34, 88]	27
29	0.37285179221220366	0.5369321333715722	6.752593910073201	7.140359441081964	[123, 6, 33, 7, 34, 88]	29
30	0.38253000529534864	0.551750305103682	6.752593910073201	7.140359441081964	[119, 17, 68, 33, 34, 88]	31
31	0.3920588632383216	0.5637036303009171	6.752593910073201	7.140359441081964	[140, 147, 7, 67, 34, 88]	34
32	0.40144067090439683	0.5717831927027519	6.752593910073201	6.752593910073201	[3, 17, 68, 33, 34, 88]	33
33	0.4106776975879709	0.5882267181029663	6.752593910073201	7.140359441081964	[119, 17, 68, 67, 34, 88]	33
34	0.4197721775634652	0.6014034631236713	6.752593910073201	7.140359441081964	[144, 43, 27, 33, 34, 88]	33
35	0.4287263106257574	0.6146900143528824	6.752593910073201	7.528124972090727	[101, 100, 27, 33, 7, 88]	36
36	0.43754226262227347	0.6218253844574586	6.752593910073201	7.140359441081964	[3, 5, 6, 8, 34, 88]	27
37	0.44622216597686803	0.6302292648028485	6.752593910073201	7.140359441081964	[119, 6, 67, 7, 34, 88]	27
38	0.4547681202056201	0.638446392251674	6.752593910073201	6.752593910073201	[3, 5, 67, 7, 34, 88]	27
39	0.46318219242466907	0.6451418294321986	6.752593910073201	7.528124972090727	[3, 5, 40, 50, 34, 88]	27
40	0.47146641785021426	0.651713277035306	6.752593910073201	6.752593910073201	[3, 17, 68, 33, 34, 88]	27
41	0.4796228002907974	0.6581630311642818	6.752593910073201	7.140359441081964	[3, 5, 27, 33, 7, 88]	27
42	0.48765331263198874	0.6644933454019802	6.752593910073201	7.140359441081964	[3, 37, 33, 7, 34, 88]	27
43	0.49555989731359384	0.6756769005552475	6.752593910073201	7.140359441081964	[101, 100, 27, 33, 34, 88]	27
44	0.5033444667994951	0.6828840805429087	6.752593910073201	7.528124972090727	[3, 5, 2, 10, 34, 88]	26
45	0.5110089040402437	0.6913405050617645	6.752593910073201	7.528124972090727	[3, 5, 150, 27, 33, 88]	28
46	0.5185550629285114	0.6970564216346948	6.752593910073201	6.752593910073201	[3, 5, 27, 33, 34, 88]	27
47	0.5259847687475159	0.7051349170577697	6.752593910073201	7.528124972090727	[119, 6, 33, 27, 34, 88]	27
48	0.5332998186125233	0.712997985936229	6.752593910073201	7.140359441081964	[123, 6, 33, 68, 34, 88]	27
49	0.5405019819055399	0.7183128380485211	6.752593910073201	7.140359441081964	[3, 17, 50, 1, 34, 88]	27
50	0.5475930007032939	0.7258244957005605	6.752593910073201	7.140359441081964	[3, 8, 34, 67, 7, 88]	27
51	0.5545745901986134	0.736352835065659	6.752593910073201	7.915890503099491	[140, 57, 1, 67, 7, 88]	27
52	0.5614484391153014	0.7412351899718504	6.752593910073201	7.91589050309949	[13, 3, 17, 1, 7, 88]	27
53	0.5682162101166085	0.7481355849059343	6.752593910073201	6.752593910073201	[3, 5, 67, 68, 34, 88]	27
54	0.5748795402074016	0.7527997407410096	6.752593910073201	7.140359441081964	[3, 17, 6, 1, 34, 88]	28
55	0.5814400411301268	0.7573775233198798	6.752593910073201	7.528124972090727	[3, 37, 41, 27, 33, 88]	27
56	0.5878992997546619	0.7638474560313497	6.752593910073201	7.140359441081964	[3, 5, 12, 8, 34, 88]	27
57	0.5942588784621516	0.7682206512900285	6.752593910073201	7.140359441081964	[3, 5, 2, 8, 34, 88]	27
58	0.6005203155229208	0.7725128614513243	6.752593910073201	7.140359441081964	[3, 5, 8, 34, 33, 88]	26
59	0.6066851254685548	0.7812483675715933	6.752593910073201	7.528124972090727	[119, 17, 1, 34, 7, 88]	27
60	0.6127547994582376	0.785299323727675	6.752593910073201	6.752593910073201	[3, 17, 68, 7, 34, 88]	28
61	0.6187308056394376	0.7935438296965323	6.752593910073201	7.528124972090727	[140, 147, 33, 67, 7, 88]	34
62	0.6246145895030265	0.7973670921095595	6.752593910073201	7.140359441081964	[3, 17, 33, 67, 7, 88]	32
63	0.630407574232918	0.8027706363199711	6.752593910073201	7.528124972090727	[13, 18, 17, 3, 5, 88]	32
64	0.6361111610503113	0.8103442438852843	6.752593910073201	7.528124972090728	[13, 14, 6, 33, 34, 88]	33
65	0.6417267295526212	0.81540173071501	6.752593910073201	7.528124972090727	[13, 14, 5, 3, 34, 88]	32
66	0.6472556380471796	0.8195039144768986	6.752593910073201	7.528124972090727	[119, 6, 8, 34, 7, 88]	31
67	0.6526992238797849	0.8252797892136379	6.752593910073201	7.140359441081964	[119, 17, 3, 68, 34, 88]	32
68	0.6580588037581832	0.8299389948346075	6.752593910073201	7.140359441081964	[3, 5, 67, 68, 33, 88]	32
69	0.6633356740705569	0.8337181282827274	6.752593910073201	7.528124972090727	[140, 57, 27, 33, 7, 88]	32
70	0.6685311111990977	0.8367974222034176	6.752593910073201	7.140359441081964	[3, 17, 48, 29, 34, 88]	33
71	0.6736463718287411	0.8411494909446597	6.752593910073201	7.140359441081964	[3, 5, 2, 7, 34, 88]	31
72	0.6786826932511372	0.8440911670382771	6.752593910073201	7.91589050309949	[3, 17, 37, 1, 7, 88]	33
73	0.6836412936639282	0.8500780662240073	6.752593910073201	7.528124972090727	[101, 100, 33, 67, 7, 88]	29
74	0.6885233724654107	0.8528543983309702	6.752593910073201	7.140359441081964	[13, 98, 7, 33, 34, 88]	27
75	0.6933301105446482	0.8567782810421443	6.752593910073201	7.528124972090727	[13, 3, 34, 33, 7, 88]	27
76	0.6980626705671074	0.8594305350969194	6.752593910073201	7.140359441081964	[3, 10, 33, 7, 34, 88]	27
77	0.7027221972558866	0.8620336733358653	6.752593910073201	7.528124972090727	[13, 3, 5, 27, 33, 88]	27
78	0.7073098176686043	0.8650995917061794	6.752593910073201	7.140359441081964	[123, 3, 17, 7, 34, 88]	27
79	0.7118266414700147	0.8675977474153242	6.752593910073201	7.140359441081964	[3, 5, 4, 7, 34, 88]	27
80	0.7162737612004157	0.8700496409817071	6.752593910073201	7.91589050309949	[13, 34, 33, 147, 7, 88]	27
81	0.7206522525399155	0.8724561291116755	6.752593910073201	6.752593910073201	[3, 17, 33, 67, 34, 88]	26
82	0.7249631745686205	0.8752904373536382	6.752593910073201	7.140359441081964	[140, 147, 33, 7, 34, 88]	27
83	0.7292075700228084	0.8792811433583219	6.752593910073201	7.140359441081964	[119, 17, 33, 67, 34, 88]	26
84	0.7333864655471478	0.8833051052463777	6.752593910073201	7.140359441081964	[0, 1, 34, 33, 7, 88]	27
85	0.7375008719430252	0.8864169691064744	6.752593910073201	7.140359441081964	[140, 57, 27, 33, 34, 88]	27
86	0.7415517844130401	0.8900516260950672	6.752593910073201	7.528124972090727	[123, 3, 68, 33, 7, 88]	27
87	0.7455401828017278	0.893569974060025	6.752593910073201	7.140359441081964	[13, 34, 68, 67, 33, 88]	27
88	0.7494670318325654	0.897827175097624	6.752593910073201	7.140359441081964	[101, 100, 27, 33, 34, 88]	27
89	0.753333281341322	0.9005517837616874	6.752593910073201	7.140359441081964	[3, 5, 67, 33, 7, 88]	27
90	0.7571398665058078	0.9032037361947091	6.752593910073201	7.528124972090727	[3, 17, 89, 10, 34, 88]	27
91	0.7608877080720762	0.9069207127248322	6.752593910073201	7.915890503099491	[13, 98, 32, 68, 33, 88]	27
92	0.7645777125771367	0.9098992499176376	6.752593910073201	7.140359441081964	[123, 3, 5, 67, 34, 88]	27
93	0.7682107725682302	0.914224085921591	6.752593910073201	7.140359441081964	[0, 1, 68, 67, 34, 88]	27
94	0.7717877668187205	0.9161302173455557	6.752593910073201	7.140359441081964	[0, 1, 34, 33, 7, 88]	27
95	0.7753095605406538	0.9183667448830075	6.752593910073201	7.140359441081964	[3, 5, 37, 1, 34, 88]	27
96	0.7787770055940388	0.9198784718296185	6.752593910073201	6.752593910073201	[3, 17, 33, 7, 34, 88]	27
97	0.7821909406928962	0.9229551385113611	6.752593910073201	7.528124972090727	[3, 12, 8, 34, 33, 88]	27
98	0.7855521916081293	0.924667246544442	6.752593910073201	7.140359441081964	[3, 5, 37, 1, 34, 88]	28
99	0.7888615713672631	0.9266761199699235	6.752593910073201	7.140359441081964	[140, 147, 33, 7, 34, 88]	27
100	0.7921198804511016	0.9286314234373922	6.752593910073201	7.528124972090727	[3, 17, 52, 50, 34, 88]	27
101	0.79532790698735	0.9305345854790618	6.752593910073201	7.140359441081964	[13, 34, 68, 33, 7, 88]	26
102	0.7984864269412489	0.9327574787437318	6.752593910073201	7.140359441081964	[123, 3, 68, 7, 34, 88]	26
103	0.8015962043032667	0.9349092394239324	6.752593910073201	7.528124972090727	[119, 6, 67, 68, 7, 88]	26
104	0.8046579912738953	0.9361146238790448	6.752593910073201	7.140359441081964	[3, 17, 1, 34, 7, 88]	27
105	0.8076725284455943	0.9375342989039549	6.752593910073201	7.528124972090727	[119, 6, 8, 34, 7, 88]	27
106	0.8106405449819278	0.9395332013390283	6.752593910073201	7.528124972090727	[3, 5, 56, 50, 34, 88]	27
107	0.8135627587939351	0.940652956869787	6.752593910073201	7.140359441081964	[3, 37, 27, 33, 34, 88]	27
108	0.8164398767137817	0.9422355446865928	6.752593910073201	7.140359441081964	[3, 17, 1, 34, 33, 88]	27
109	0.8192725946657295	0.9441610265303729	6.752593910073201	7.140359441081964	[144, 43, 67, 7, 34, 88]	27
110	0.8220615978344683	0.9456500658228963	6.752593910073201	7.528124972090727	[123, 6, 1, 34, 68, 88]	26
111	0.8248075608308499	0.9474617302954664	6.752593910073201	7.528124972090727	[0, 1, 34, 8, 5, 88]	27
112	0.8275111478550652	0.9484346612159208	6.752593910073201	7.528124972090727	[3, 17, 1, 33, 7, 88]	26
113	0.8301730128573019	0.9495805576333448	6.752593910073201	7.140359441081964	[3, 43, 67, 33, 34, 88]	27
114	0.8327937996959238	0.950514251010505	6.752593910073201	7.140359441081964	[3, 5, 37, 1, 34, 88]	27
115	0.8353741422932088	0.9514306537695698	6.752593910073201	7.140359441081964	[3, 43, 67, 7, 34, 88]	26
116	0.837914664788684	0.9523300861071703	6.752593910073201	7.528124972090727	[3, 5, 37, 33, 7, 88]	26
117	0.8404159816900932	0.9532128622903708	6.752593910073201	6.752593910073201	[3, 17, 33, 7, 34, 88]	27
118	0.8428786980220363	0.954710050697079	6.752593910073201	7.140359441081964	[144, 43, 67, 7, 34, 88]	27
119	0.8453034094723135	0.9555487534619479	6.752593910073201	6.752593910073201	[3, 5, 67, 33, 34, 88]	27
120	0.8476907025360123	0.9572556813290091	6.752593910073201	7.528124972090727	[140, 6, 67, 68, 7, 88]	27
121	0.8500411546573702	0.9583955298269022	6.752593910073201	7.528124972090727	[3, 5, 52, 68, 7, 88]	29
122	0.8523553343694478	0.9599931414815491	6.752593910073201	7.528124972090728	[123, 6, 139, 1, 34, 88]	27
123	0.8546338014316477	0.9610599910420412	6.752593910073201	6.752593910073201	[3, 68, 67, 7, 34, 88]	27
124	0.8568771069651099	0.9617811023190405	6.752593910073201	7.528124972090727	[3, 10, 8, 34, 33, 88]	27
125	0.8590857935860187	0.962630411156395	6.752593910073201	7.528124972090727	[123, 6, 48, 17, 34, 88]	27
126	0.8612603955368516	0.9638262379993905	6.752593910073201	7.528124972090727	[3, 17, 68, 33, 38, 88]	27
127	0.8634014388156039	0.9644961224808832	6.752593910073201	7.140359441081964	[3, 17, 50, 67, 34, 88]	26
128	0.8655094413030175	0.9652850975368635	6.752593910073201	7.140359441081964	[123, 3, 17, 7, 34, 88]	26
129	0.8675849128878474	0.966618149791448	6.752593910073201	7.140359441081964	[13, 34, 68, 67, 7, 88]	27
130	0.8696283555901955	0.9673599686849714	6.752593910073201	7.140359441081964	[3, 147, 33, 7, 34, 88]	26
131	0.8716402636829393	0.9684044496870523	6.752593910073201	7.528124972090728	[119, 17, 146, 8, 34, 88]	26
132	0.8736211238112891	0.96910657302734	6.752593910073201	7.140359441081964	[119, 6, 67, 33, 34, 88]	27
133	0.8755714151104975	0.9700951626904651	6.752593910073201	7.140359441081964	[13, 3, 5, 67, 34, 88]	27
134	0.8774916093217553	0.9708926250187194	6.752593910073201	6.752593910073201	[3, 68, 67, 7, 34, 88]	27
135	0.8793821709062961	0.9718240610181204	6.752593910073201	7.140359441081964	[119, 6, 67, 7, 34, 88]	27
136	0.8812435571577422	0.9724501929954955	6.752593910073201	7.140359441081964	[123, 3, 17, 7, 34, 88]	27
137	0.8830762183127152	0.97296037460669	6.752593910073201	7.91589050309949	[3, 5, 6, 43, 7, 88]	27
138	0.8848805976597413	0.9734611084102699	6.752593910073201	7.140359441081964	[3, 17, 29, 7, 34, 88]	27
139	0.8866571316464736	0.9739525693656352	6.752593910073201	6.752593910073201	[3, 17, 33, 7, 34, 88]	27
140	0.8884062499852626	0.9744349291921975	6.752593910073201	7.91589050309949	[3, 5, 37, 1, 7, 88]	27
141	0.890128375757095	0.9751166644137389	6.752593910073201	7.140359441081964	[0, 1, 34, 67, 7, 88]	27
142	0.89182392551393	0.975669627426767	6.752593910073201	7.528124972090727	[0, 1, 34, 8, 7, 88]	27
143	0.8934933093794557	0.9761201898818268	6.752593910073201	7.140359441081964	[3, 6, 33, 7, 34, 88]	27
144	0.8951369311482913	0.9767569848183114	6.752593910073201	7.528124972090727	[13, 18, 17, 3, 5, 88]	28
145	0.8967551883836571	0.9772734962667934	6.752593910073201	7.140359441081964	[13, 98, 7, 33, 34, 88]	27
146	0.898348472513539	0.9780007443862561	6.752593910073201	7.528124972090727	[13, 98, 8, 34, 33, 88]	27
147	0.8999171689253671	0.9784896167332281	6.752593910073201	7.140359441081964	[123, 3, 17, 7, 34, 88]	27
148	0.9014616570592349	0.9788215670922832	6.752593910073201	6.752593910073201	[3, 17, 68, 33, 34, 88]	27
149	0.9029823104996788	0.9792921989346769	6.752593910073201	7.140359441081964	[3, 17, 1, 34, 7, 88]	27
150	0.9044794970660417	0.9799824589701877	6.752593910073201	7.528124972090727	[21, 20, 5, 3, 34, 88]	27
151	0.9059535789014423	0.9804272932152946	6.752593910073201	7.528124972090727	[123, 3, 17, 4, 34, 88]	27
152	0.9074049125603707	0.9809492320628868	6.752593910073201	7.528124972090727	[3, 85, 34, 67, 33, 88]	27
153	0.9088338490949328	0.9813725824614893	6.752593910073201	7.140359441081964	[119, 17, 68, 33, 34, 88]	27
154	0.9102407341397641	0.9818693135958496	6.752593910073201	7.528124972090727	[140, 57, 41, 27, 34, 88]	27
155	0.9116259079956319	0.9824494955607824	6.752593910073201	7.528124972090728	[119, 6, 76, 1, 34, 88]	27
156	0.9129897057117488	0.9828395067705428	6.752593910073201	7.528124972090728	[13, 14, 3, 8, 34, 88]	27
157	0.9143324571668143	0.9832208510645307	6.752593910073201	7.140359441081964	[123, 3, 17, 33, 34, 88]	41
158	0.9156544871488079	0.9835315760448172	6.752593910073201	6.752593910073201	[3, 68, 33, 7, 34, 88]	27
159	0.9169561154335486	0.983897541021599	6.752593910073201	7.140359441081964	[123, 6, 67, 7, 34, 88]	26
160	0.9182376568620432	0.9841957347063842	6.752593910073201	7.140359441081964	[3, 5, 147, 7, 34, 88]	26
161	0.9194994214166413	0.9846171817808806	6.752593910073201	7.140359441081964	[3, 8, 34, 68, 33, 88]	28
162	0.9207417142960141	0.9852078820004948	6.752593910073201	7.140359441081964	[140, 147, 7, 67, 34, 88]	26
163	0.9219648359889768	0.9856023384804816	6.752593910073201	7.528124972090727	[3, 17, 48, 49, 33, 88]	26
164	0.9231690823471717	0.9859862761210021	6.752593910073201	7.140359441081964	[13, 34, 68, 33, 7, 88]	27
165	0.9243547446566289	0.9862457895261687	6.752593910073201	6.752593910073201	[3, 17, 33, 7, 34, 88]	27
166	0.9255221097082241	0.9865514386478095	6.752593910073201	7.528124972090727	[119, 6, 67, 33, 7, 88]	30
167	0.9266714598670478	0.9869817926110795	6.752593910073201	7.915890503099491	[140, 6, 1, 67, 68, 88]	27
168	0.9278030731407044	0.9872710861086111	6.752593910073201	7.528124972090727	[13, 14, 17, 3, 5, 88]	26
169	0.9289172232465578	0.9875068067362295	6.752593910073201	7.528124972090727	[3, 17, 52, 10, 34, 88]	27
170	0.9300141796779381	0.9879065889206701	6.752593910073201	7.140359441081964	[140, 57, 27, 33, 34, 88]	27
171	0.9310942077693279	0.9883709759061163	6.752593910073201	7.140359441081964	[140, 6, 67, 33, 34, 88]	27
172	0.932157568760542	0.9886293986637582	6.752593910073201	7.528124972090728	[13, 98, 6, 1, 34, 88]	27
173	0.9332045198599164	0.9889326146993913	6.752593910073201	6.752593910073201	[3, 17, 33, 67, 34, 88]	27
174	0.9342353143065225	0.9891785565949605	6.752593910073201	7.528124972090727	[3, 8, 34, 1, 68, 88]	26
175	0.9352502014314219	0.9894671284190948	6.752593910073201	7.140359441081964	[13, 34, 68, 33, 7, 88]	26
176	0.936249426717974	0.9897011922320038	6.752593910073201	7.528124972090728	[123, 6, 37, 1, 34, 88]	27
177	0.9372332318612151	0.9898919108943741	6.752593910073201	7.140359441081964	[3, 5, 6, 8, 34, 88]	26
178	0.9382018548263199	0.9902153697457541	6.752593910073201	7.528124972090728	[13, 14, 6, 1, 34, 88]	27
179	0.9391555299061606	0.9905415240875624	6.752593910073201	7.528124972090727	[144, 43, 17, 3, 5, 88]	27
180	0.9400944877779791	0.9907166810489038	6.752593910073201	7.140359441081964	[3, 68, 33, 27, 34, 88]	26
181	0.9410189555591831	0.9909229770255948	6.752593910073201	7.140359441081964	[140, 147, 27, 33, 34, 88]	28
182	0.9419291568622822	0.9911650309715789	6.752593910073201	7.140359441081964	[3, 17, 28, 8, 34, 88]	26
183	0.9428253118489753	0.9914477499804885	6.752593910073201	7.528124972090727	[123, 3, 17, 4, 34, 88]	27
184	0.9437076372834047	0.9916061249808498	6.752593910073201	6.752593910073201	[3, 17, 68, 7, 34, 88]	28
185	0.9445763465845868	0.9917926555368308	6.752593910073201	7.528124972090727	[123, 6, 17, 3, 5, 88]	27
186	0.9454316498780345	0.9920552905596522	6.752593910073201	7.140359441081964	[144, 43, 67, 7, 34, 88]	28
187	0.9462737540465833	0.9922024148085475	6.752593910073201	6.752593910073201	[3, 17, 33, 7, 34, 88]	27
188	0.9471028627804323	0.9923468145343153	6.752593910073201	6.752593910073201	[3, 17, 33, 7, 34, 88]	27
189	0.9479191766264133	0.9925508994800668	6.752593910073201	7.528124972090727	[13, 14, 17, 3, 5, 88]	27
190	0.9487228930364995	0.9927495421605984	6.752593910073201	7.528124972090727	[140, 57, 41, 27, 33, 88]	27
191	0.9495142064155659	0.9928838098983651	6.752593910073201	7.140359441081964	[3, 8, 34, 33, 7, 88]	27
192	0.9502933081684121	0.9930155911965435	6.752593910073201	7.528124972090727	[3, 37, 41, 27, 33, 88]	26
193	0.9510603867460601	0.9932837924945962	6.752593910073201	7.140359441081964	[13, 98, 7, 68, 34, 88]	27
194	0.9518156276913369	0.9934081667076593	6.752593910073201	7.528124972090727	[3, 17, 11, 27, 33, 88]	26
195	0.9525592136837545	0.9935839489287883	6.752593910073201	6.752593910073201	[3, 5, 67, 68, 34, 88]	26
196	0.9532913245836966	0.9937892625630671	6.752593910073201	7.915890503099491	[119, 6, 85, 34, 33, 88]	27
197	0.9540121374759235	0.9939042762193067	6.752593910073201	7.140359441081964	[3, 8, 34, 33, 7, 88]	27
198	0.9547218267124061	0.9941383520124852	6.752593910073201	7.528124972090727	[119, 17, 33, 67, 7, 88]	27
199	0.9554205639544987	0.9942686108566522	6.752593910073201	7.140359441081964	[123, 3, 17, 1, 34, 88]	27
200	0.9561085182144601	0.9944520153092393	6.752593910073201	7.528124972090727	[13, 34, 68, 67, 5, 88]	27
201	0.9567858558963357	0.9945547557664757	6.752593910073201	7.140359441081964	[3, 17, 4, 7, 34, 88]	27
202	0.9574527408362071	0.9946555936226521	6.752593910073201	7.140359441081964	[3, 17, 1, 34, 7, 88]	27
203	0.9581093343418212	0.9947545641111215	6.752593910073201	7.140359441081964	[3, 68, 7, 1, 34, 88]	26
204	0.9587557952316079	0.9948711293530965	6.752593910073201	7.140359441081964	[0, 1, 34, 67, 33, 88]	27
205	0.9593922798730954	0.9949851042563611	6.752593910073201	7.528124972090727	[0, 1, 34, 67, 5, 88]	27
206	0.9600189422207328	0.9951455809201575	6.752593910073201	7.140359441081964	[13, 34, 67, 33, 7, 88]	28
207	0.960635933853129	0.9953009223307124	6.752593910073201	7.140359441081964	[140, 6, 67, 7, 34, 88]	27
208	0.9612434040097164	0.9953879422875511	6.752593910073201	6.752593910073201	[3, 68, 33, 7, 34, 88]	26
209	0.9618414996268504	0.9954733507637076	6.752593910073201	7.91589050309949	[3, 5, 37, 1, 33, 88]	27
210	0.9624303653733497	0.9955571776014167	6.752593910073201	6.752593910073201	[3, 17, 68, 7, 34, 88]	27
211	0.9630101436854893	0.9956993479181714	6.752593910073201	7.528124972090727	[119, 17, 3, 68, 33, 88]	27
212	0.963580974801454	0.9957789896233904	6.752593910073201	7.140359441081964	[3, 8, 34, 33, 7, 88]	26
213	0.9641429967952587	0.9958915499001	6.752593910073201	7.528124972090728	[13, 12, 4, 33, 34, 88]	28
214	0.9646963456101467	0.9959828487912089	6.752593910073201	7.140359441081964	[140, 6, 33, 7, 34, 88]	26
215	0.9652411550914716	0.9961371073976265	6.752593910073201	7.528124972090727	[13, 98, 34, 67, 33, 88]	27
216	0.9657775570190723	0.996240117867023	6.752593910073201	7.915890503099491	[123, 58, 102, 29, 34, 88]	27
217	0.9663056811391484	0.9963097453139301	6.752593910073201	7.140359441081964	[3, 17, 1, 34, 33, 88]	27
218	0.966825655195643	0.9963780833636721	6.752593910073201	7.140359441081964	[3, 5, 61, 8, 34, 88]	26
219	0.9673376049611423	0.9964585704000349	6.752593910073201	7.528124972090727	[140, 6, 17, 3, 5, 88]	26
220	0.9678416542672975	0.996524152429664	6.752593910073201	7.91589050309949	[3, 10, 33, 27, 5, 88]	27
221	0.9683379250347776	0.9966013934867826	6.752593910073201	7.140359441081964	[0, 1, 34, 67, 7, 88]	27
222	0.9688265373027594	0.9966920229938017	6.752593910073201	6.752593910073201	[3, 68, 67, 33, 34, 88]	27
223	0.9693076092579637	0.9967802357139669	6.752593910073201	7.140359441081964	[3, 8, 34, 68, 33, 88]	27
224	0.969781257263242	0.9968398609785231	6.752593910073201	7.140359441081964	[3, 5, 6, 1, 34, 88]	27
225	0.9702475958857228	0.9969241313524292	6.752593910073201	6.752593910073201	[3, 68, 67, 7, 34, 88]	28
226	0.9707067379245234	0.9970266603073482	6.752593910073201	7.915890503099491	[101, 100, 29, 33, 7, 88]	27
227	0.9711587944380339	0.9970817221535084	6.752593910073201	7.140359441081964	[3, 17, 43, 8, 34, 88]	27
228	0.9716038747707803	0.9971357643358508	6.752593910073201	7.140359441081964	[3, 5, 27, 33, 7, 88]	27
229	0.9720420865798731	0.9972121439535615	6.752593910073201	7.140359441081964	[3, 43, 67, 33, 34, 88]	26
230	0.9724735358610479	0.9972864867814665	6.752593910073201	7.528124972090727	[3, 37, 41, 27, 33, 88]	26
231	0.9728983269743033	0.9973367370262541	6.752593910073201	7.140359441081964	[3, 8, 34, 33, 7, 88]	27
232	0.9733165626691443	0.9974077573722208	6.752593910073201	7.140359441081964	[3, 5, 35, 7, 34, 88]	27
233	0.9737283441094353	0.9974653627639491	6.752593910073201	7.528124972090727	[144, 43, 17, 3, 5, 88]	27
234	0.97413377089787	0.9975216880358614	6.752593910073201	7.528124972090727	[123, 3, 5, 67, 7, 88]	27
235	0.9745329411000634	0.997567582701864	6.752593910073201	7.140359441081964	[3, 6, 67, 7, 34, 88]	27
236	0.9749259512682722	0.9976324471631476	6.752593910073201	7.140359441081964	[3, 17, 52, 68, 34, 88]	27
237	0.9753128964647495	0.9976955819054637	6.752593910073201	7.91589050309949	[119, 17, 68, 33, 38, 88]	27
238	0.975693870284738	0.9977570330546512	6.752593910073201	7.528124972090727	[3, 99, 41, 27, 34, 88]	26
239	0.9760689648791093	0.9977985694795651	6.752593910073201	6.752593910073201	[3, 17, 33, 7, 34, 88]	27
240	0.9764382709766539	0.9978393367114251	6.752593910073201	7.140359441081964	[3, 8, 34, 33, 7, 88]	27
241	0.9768018779060265	0.9978969543991204	6.752593910073201	7.140359441081964	[3, 17, 28, 8, 34, 88]	27
242	0.9771598736173532	0.9979358996880255	6.752593910073201	7.528124972090727	[3, 17, 1, 68, 7, 88]	27
243	0.9775123447035052	0.997974123767877	6.752593910073201	7.140359441081964	[3, 147, 33, 7, 34, 88]	29
244	0.9778593764210437	0.9980389518073048	6.752593910073201	7.528124972090727	[144, 43, 27, 33, 7, 88]	27
245	0.9782010527108425	0.9980825306560315	6.752593910073201	7.140359441081964	[119, 17, 33, 7, 34, 88]	27
246	0.9785374562183912	0.9981438896750384	6.752593910073201	7.140359441081964	[123, 6, 67, 68, 34, 88]	27
247	0.9788686683137864	0.9981782620884636	6.752593910073201	7.140359441081964	[3, 5, 27, 33, 7, 88]	26
248	0.9791947691114131	0.9982119979757144	6.752593910073201	7.140359441081964	[3, 17, 37, 1, 34, 88]	26
249	0.9795158374893234	0.998280657253447	6.752593910073201	7.528124972090727	[3, 147, 33, 67, 7, 88]	26
250	0.9798319511083153	0.9983466800149146	6.752593910073201	7.528124972090728	[3, 56, 50, 67, 34, 88]	27
251	0.9801431864307178	0.9983834204590275	6.752593910073201	7.140359441081964	[3, 5, 8, 34, 68, 88]	27
252	0.9804496187388858	0.9984351510043387	6.752593910073201	7.140359441081964	[123, 3, 17, 1, 34, 88]	27
253	0.9807513221534092	0.9984641296894435	6.752593910073201	7.528124972090727	[3, 17, 99, 29, 34, 88]	27
254	0.9810483696510417	0.9985050862310584	6.752593910073201	7.140359441081964	[3, 6, 33, 7, 34, 88]	27
255	0.9813408330823528	0.9985327698193721	6.752593910073201	7.140359441081964	[3, 43, 67, 33, 34, 88]	26
256	0.9816287831891066	0.9985797211851521	6.752593910073201	7.915890503099491	[119, 17, 4, 33, 7, 88]	27
257	0.9819122896213734	0.9986175952868814	6.752593910073201	7.528124972090727	[3, 5, 30, 7, 33, 88]	27
258	0.982191420954377	0.9986618322377012	6.752593910073201	7.140359441081964	[140, 147, 33, 7, 34, 88]	27
259	0.982466244705081	0.9987132178797735	6.752593910073201	7.91589050309949	[13, 34, 8, 38, 33, 88]	27
260	0.9827368273485212	0.9987543949076207	6.752593910073201	7.140359441081964	[119, 17, 3, 8, 34, 88]	27
261	0.9830032343338835	0.9987774616685907	6.752593910073201	7.140359441081964	[3, 5, 37, 1, 34, 88]	30
262	0.9832655301003359	0.9988001012673206	6.752593910073201	7.140359441081964	[3, 17, 28, 8, 34, 88]	27
263	0.9835237780926147	0.9988461773786554	6.752593910073201	7.915890503099491	[13, 3, 52, 68, 7, 88]	27
264	0.9837780407763707	0.9988830997025384	6.752593910073201	7.140359441081964	[119, 6, 33, 7, 34, 88]	27
265	0.9840283796532785	0.9989128837104708	6.752593910073201	6.752593910073201	[3, 17, 33, 7, 34, 88]	27
266	0.9842748552759131	0.9989330154936102	6.752593910073201	7.140359441081964	[0, 1, 34, 33, 7, 88]	27
267	0.9845175272623958	0.9989614684137806	6.752593910073201	7.140359441081964	[3, 8, 34, 33, 7, 88]	27
268	0.9847564543108157	0.998980700480192	6.752593910073201	7.140359441081964	[3, 6, 67, 7, 34, 88]	27
269	0.9849916942134266	0.9990198415817527	6.752593910073201	7.528124972090728	[13, 12, 5, 8, 34, 88]	27
270	0.9852233038706267	0.9990512066511366	6.752593910073201	7.140359441081964	[13, 34, 67, 33, 7, 88]	26
271	0.9854513393047221	0.9990687768983377	6.752593910073201	7.528124972090727	[3, 5, 37, 39, 34, 88]	26
272	0.9856758556734764	0.9990894707450414	6.752593910073201	7.140359441081964	[0, 1, 34, 68, 7, 88]	27
273	0.9858969072834536	0.9991137515251736	6.752593910073201	6.752593910073201	[3, 17, 68, 67, 34, 88]	27
274	0.9861145476031533	0.9991421114763681	6.752593910073201	7.528124972090727	[13, 34, 7, 67, 5, 88]	27
275	0.9863288292759441	0.9991579983008798	6.752593910073201	7.140359441081964	[3, 6, 33, 7, 34, 88]	26
276	0.9865398041327968	0.9991735909249375	6.752593910073201	7.528124972090727	[3, 17, 33, 67, 5, 88]	27
277	0.9867475232048216	0.99919195557105	6.752593910073201	7.140359441081964	[3, 17, 1, 34, 7, 88]	28
278	0.9869520367356114	0.9992069193567713	6.752593910073201	6.752593910073201	[3, 17, 33, 7, 34, 88]	27
279	0.9871533941933952	0.9992216060353496	6.752593910073201	7.140359441081964	[3, 17, 6, 8, 34, 88]	26
280	0.9873516442830033	0.9992423632077403	6.752593910073201	7.528124972090727	[3, 17, 25, 67, 7, 88]	27
281	0.9875468349576483	0.9992625668555339	6.752593910073201	7.528124972090728	[13, 14, 6, 1, 34, 88]	27
282	0.9877390134305241	0.9992762230248758	6.752593910073201	7.140359441081964	[3, 17, 37, 7, 34, 88]	27
283	0.9879282261862259	0.999289626302193	6.752593910073201	7.91589050309949	[3, 17, 43, 37, 38, 88]	26
284	0.988114518991994	0.9993027813706709	6.752593910073201	7.528124972090727	[3, 5, 147, 27, 33, 88]	26
285	0.9882979369087842	0.999321373867453	6.752593910073201	6.752593910073201	[3, 5, 67, 7, 34, 88]	26
286	0.9884785243021672	0.9993364544481763	6.752593910073201	7.528124972090728	[123, 6, 4, 7, 34, 88]	27
287	0.9886563248530597	0.9993576879058347	6.752593910073201	7.140359441081964	[119, 17, 3, 8, 34, 88]	27
288	0.9888313815682902	0.999378241892848	6.752593910073201	7.140359441081964	[0, 1, 34, 67, 33, 88]	27
289	0.9890037367910018	0.9994021174041625	6.752593910073201	7.528124972090728	[123, 3, 28, 8, 34, 88]	26
290	0.9891734322108937	0.9994154036840701	6.752593910073201	7.140359441081964	[119, 6, 67, 7, 34, 88]	27
291	0.9893405088743059	0.9994283947133129	6.752593910073201	7.140359441081964	[119, 17, 3, 8, 34, 88]	27
292	0.9895050071941468	0.999446686082487	6.752593910073201	7.528124972090728	[13, 14, 17, 1, 34, 88]	27
293	0.9896669669596693	0.9994569326365149	6.752593910073201	6.752593910073201	[3, 68, 33, 7, 34, 88]	27
294	0.9898264273460942	0.9994714144328746	6.752593910073201	7.528124972090727	[13, 34, 33, 67, 5, 88]	26
295	0.9899834269240865	0.9994831607788107	6.752593910073201	7.140359441081964	[144, 43, 7, 33, 34, 88]	27
296	0.9901380036690851	0.9994927318754994	6.752593910073201	7.140359441081964	[3, 17, 1, 34, 7, 88]	27
297	0.9902901949704882	0.9995021257296568	6.752593910073201	7.140359441081964	[3, 17, 29, 1, 34, 88]	27
298	0.9904400376406967	0.9995098089745695	6.752593910073201	7.140359441081964	[3, 34, 67, 33, 7, 88]	27
299	0.9905875679240193	0.9995173736508879	6.752593910073201	6.752593910073201	[3, 17, 33, 7, 34, 88]	26
300	0.9907328215054387	0.9995328176940594	6.752593910073201	7.140359441081964	[13, 3, 17, 7, 34, 88]	26
301	0.9908758335192437	0.9995477675278496	6.752593910073201	7.140359441081964	[140, 6, 67, 7, 34, 88]	27
302	0.991016638557527	0.9995561422032597	6.752593910073201	7.91589050309949	[3, 5, 30, 27, 7, 88]	27
303	0.9911552706785528	0.9995643617920883	6.752593910073201	7.140359441081964	[3, 5, 4, 7, 34, 88]	26
304	0.9912917634149948	0.999574042641153	6.752593910073201	7.140359441081964	[13, 34, 68, 33, 7, 88]	27
305	0.9914261497820474	0.9995835083602385	6.752593910073201	7.140359441081964	[123, 3, 17, 7, 34, 88]	27
306	0.9915584622854109	0.9995912211683822	6.752593910073201	7.140359441081964	[0, 1, 34, 33, 7, 88]	27
307	0.9916887329291545	0.9996003051424182	6.752593910073201	7.528124972090728	[123, 6, 17, 1, 34, 88]	27
308	0.9918169932234577	0.9996091872503644	6.752593910073201	7.140359441081964	[0, 1, 34, 67, 33, 88]	27
309	0.9919432741922315	0.9996196089236881	6.752593910073201	7.140359441081964	[140, 147, 33, 68, 34, 88]	30
310	0.992067606380623	0.999629752685723	6.752593910073201	7.140359441081964	[3, 98, 7, 33, 34, 88]	27
311	0.9921900198624035	0.9996366091174689	6.752593910073201	7.528124972090727	[3, 17, 39, 27, 33, 88]	27
312	0.992310544247243	0.9996433385782565	6.752593910073201	7.140359441081964	[13, 34, 67, 33, 7, 88]	26
313	0.9924292086878719	0.9996499434193999	6.752593910073201	7.140359441081964	[3, 17, 61, 8, 34, 88]	26
314	0.9925460418871331	0.9996633855920949	6.752593910073201	7.915890503099491	[140, 147, 7, 35, 34, 88]	27
315	0.9926610721049243	0.9996741572531479	6.752593910073201	7.528124972090728	[119, 6, 139, 7, 34, 88]	27
316	0.9927743271650334	0.9996845842210471	6.752593910073201	7.140359441081964	[123, 6, 67, 7, 34, 88]	27
317	0.9928858344618694	0.9996946775259736	6.752593910073201	7.528124972090728	[140, 57, 61, 8, 34, 88]	27
318	0.9929956209670875	0.9997044478451425	6.752593910073201	7.140359441081964	[119, 17, 68, 7, 34, 88]	27
319	0.9931037132361139	0.9997123292359387	6.752593910073201	7.140359441081964	[140, 57, 27, 33, 34, 88]	27
320	0.9932101374145689	0.9997215347003887	6.752593910073201	7.528124972090727	[123, 3, 17, 68, 33, 88]	27
321	0.993314919244591	0.9997277228181578	6.752593910073201	7.140359441081964	[13, 34, 68, 33, 7, 88]	27
322	0.9934180840710634	0.9997349835430069	6.752593910073201	7.528124972090728	[3, 2, 7, 1, 34, 88]	27
323	0.9935196568477445	0.9997408727976068	6.752593910073201	7.91589050309949	[13, 3, 5, 37, 33, 88]	27
324	0.993619662143304	0.999745671449503	6.752593910073201	7.140359441081964	[3, 37, 33, 7, 34, 88]	26
325	0.9937181241472653	0.9997503812374751	6.752593910073201	7.140359441081964	[3, 5, 4, 33, 34, 88]	27
326	0.993815066675857	0.9997559283210867	6.752593910073201	7.915890503099491	[144, 43, 50, 34, 7, 88]	27
327	0.9939105131777727	0.9997604481669926	6.752593910073201	7.140359441081964	[3, 43, 27, 33, 34, 88]	27
328	0.9940044867398441	0.9997657715410594	6.752593910073201	7.528124972090727	[140, 57, 27, 33, 7, 88]	27
329	0.9940970100926243	0.9997720176332978	6.752593910073201	7.528124972090727	[3, 5, 12, 4, 34, 88]	26
330	0.9941881056158863	0.9997793130690323	6.752593910073201	7.91589050309949	[140, 147, 33, 27, 5, 88]	27
331	0.9942777953440362	0.9997851980538581	6.752593910073201	7.915890503099491	[13, 18, 14, 17, 34, 88]	27
332	0.9943661009714431	0.9997920717161346	6.752593910073201	7.140359441081964	[3, 17, 28, 8, 34, 88]	27
333	0.9944530438576862	0.9997959222399099	6.752593910073201	7.140359441081964	[3, 17, 50, 1, 34, 88]	26
334	0.9945386450327219	0.9998024527282328	6.752593910073201	7.528124972090727	[13, 98, 34, 67, 68, 88]	26
335	0.99462292520197	0.9998061110110433	6.752593910073201	6.752593910073201	[3, 68, 67, 33, 34, 88]	27
336	0.9947059047513224	0.9998104196552423	6.752593910073201	7.528124972090727	[0, 1, 17, 3, 5, 88]	27
337	0.9947876037520735	0.9998167390000676	6.752593910073201	7.528124972090728	[144, 43, 37, 1, 34, 88]	27
338	0.994868041965776	0.9998226033520654	6.752593910073201	7.140359441081964	[119, 17, 33, 67, 34, 88]	27
339	0.9949472388490203	0.9998273339293436	6.752593910073201	7.140359441081964	[3, 17, 1, 34, 7, 88]	26
340	0.9950252135581403	0.9998305314491707	6.752593910073201	7.140359441081964	[3, 17, 29, 1, 34, 88]	27
341	0.995101984953848	0.9998370390415225	6.752593910073201	7.528124972090727	[140, 57, 27, 33, 7, 88]	27
342	0.9951775716057949	0.9998424710734718	6.752593910073201	7.528124972090727	[0, 1, 34, 8, 5, 88]	27
343	0.9952519917970635	0.9998500324619451	6.752593910073201	7.528124972090727	[101, 100, 33, 67, 7, 88]	27
344	0.9953252635285903	0.9998540315962933	6.752593910073201	7.528124972090727	[123, 3, 8, 34, 68, 88]	27
345	0.9953974045235194	0.9998579240870588	6.752593910073201	7.140359441081964	[3, 34, 67, 33, 7, 88]	27
346	0.9954684322314897	0.9998624705162729	6.752593910073201	7.140359441081964	[140, 6, 67, 7, 34, 88]	27
347	0.9955383638328557	0.9998650173585641	6.752593910073201	7.140359441081964	[3, 17, 37, 7, 34, 88]	27
348	0.9956072162428424	0.9998675170371092	6.752593910073201	7.528124972090727	[3, 17, 33, 27, 5, 88]	27
349	0.9956750061156381	0.9998704611029513	6.752593910073201	7.528124972090727	[101, 100, 41, 27, 34, 88]	27
350	0.9957417498484215	0.9998728599714151	6.752593910073201	6.752593910073201	[3, 68, 67, 33, 34, 88]	27
351	0.9958074635853286	0.9998752144163889	6.752593910073201	7.528124972090727	[3, 5, 6, 4, 34, 88]	27
352	0.9958721632213574	0.9998771401198397	6.752593910073201	7.140359441081964	[3, 8, 34, 33, 7, 88]	27
353	0.9959358644062131	0.9998798703393988	6.752593910073201	7.528124972090728	[140, 147, 7, 1, 34, 88]	27
354	0.9959985825480925	0.9998830737970148	6.752593910073201	7.140359441081964	[3, 4, 33, 7, 34, 88]	27
355	0.996060332817412	0.9998875637632095	6.752593910073201	7.91589050309949	[3, 68, 7, 8, 38, 88]	27
356	0.9961211301504767	0.9998896459157426	6.752593910073201	6.752593910073201	[3, 5, 27, 33, 34, 88]	27
357	0.9961809892530927	0.9998913489108701	6.752593910073201	6.752593910073201	[3, 17, 33, 7, 34, 88]	27
358	0.9962399246041252	0.9998933609680761	6.752593910073201	6.752593910073201	[3, 5, 67, 7, 34, 88]	27
359	0.9962979504589998	0.9998953357649637	6.752593910073201	7.140359441081964	[3, 17, 4, 7, 34, 88]	27
360	0.9963550808531512	0.9998972739915384	6.752593910073201	7.528124972090727	[3, 17, 48, 6, 5, 88]	26
361	0.9964113296054173	0.9998995567917265	6.752593910073201	7.140359441081964	[101, 100, 27, 33, 34, 88]	27
362	0.9964667103213831	0.9999017888630214	6.752593910073201	7.140359441081964	[13, 3, 5, 8, 34, 88]	27
363	0.9965212363966703	0.9999044078266741	6.752593910073201	7.91589050309949	[3, 17, 7, 2, 5, 88]	27
364	0.9965749210201785	0.9999074667762206	6.752593910073201	7.528124972090727	[13, 3, 17, 39, 34, 88]	28
365	0.9966277771772746	0.9999104278393816	6.752593910073201	7.140359441081964	[119, 17, 3, 8, 34, 88]	26
366	0.9966798176529339	0.9999132941485214	6.752593910073201	7.528124972090727	[119, 17, 48, 29, 34, 88]	26
367	0.9967310550348331	0.9999152209452209	6.752593910073201	7.140359441081964	[13, 34, 67, 33, 7, 88]	27
368	0.9967815017163943	0.9999180469137134	6.752593910073201	7.528124972090727	[101, 100, 27, 33, 7, 88]	27
369	0.9968311698997833	0.9999195645634595	6.752593910073201	7.140359441081964	[3, 5, 67, 33, 7, 88]	27
370	0.9968800715988607	0.999921709508434	6.752593910073201	7.915890503099491	[3, 116, 11, 27, 33, 88]	26
371	0.9969282186420881	0.999924214804164	6.752593910073201	7.91589050309949	[119, 6, 48, 17, 7, 88]	27
372	0.9969756226753893	0.9999262357427197	6.752593910073201	7.140359441081964	[13, 98, 7, 67, 34, 88]	27
373	0.9970222951649665	0.9999276017474842	6.752593910073201	7.91589050309949	[3, 17, 11, 2, 5, 88]	27
374	0.9970682474000752	0.9999295323675512	6.752593910073201	7.140359441081964	[3, 43, 67, 7, 34, 88]	26
375	0.9971134904957529	0.9999308373237077	6.752593910073201	7.140359441081964	[3, 5, 67, 68, 7, 88]	26
376	0.9971580353955098	0.9999323742720697	6.752593910073201	7.528124972090727	[13, 3, 17, 33, 7, 88]	28
377	0.9972018928739742	0.9999349711000223	6.752593910073201	7.528124972090727	[13, 98, 7, 67, 33, 88]	27
378	0.9972450735394993	0.9999367052040217	6.752593910073201	7.528124972090728	[13, 12, 4, 7, 34, 88]	27
379	0.9972875878367292	0.999938730637493	6.752593910073201	6.752593910073201	[3, 5, 27, 33, 34, 88]	27
380	0.9973294460491254	0.9999398652553172	6.752593910073201	7.140359441081964	[3, 17, 139, 7, 34, 88]	27
381	0.9973706583014538	0.9999414688485088	6.752593910073201	7.528124972090728	[140, 147, 5, 8, 34, 88]	26
382	0.9974112345622338	0.9999425527587216	6.752593910073201	7.528124972090727	[0, 1, 67, 33, 7, 88]	27
383	0.9974511846461499	0.999943616596523	6.752593910073201	6.752593910073201	[3, 17, 68, 33, 34, 88]	27
384	0.9974905182164254	0.9999454208654343	6.752593910073201	7.915890503099491	[140, 147, 11, 27, 33, 88]	27
385	0.9975292447871595	0.9999464315901484	6.752593910073201	6.752593910073201	[3, 17, 68, 7, 34, 88]	27
386	0.9975673737256293	0.9999484886170867	6.752593910073201	7.528124972090727	[13, 34, 8, 7, 33, 88]	27
387	0.9976049142545548	0.9999494425315851	6.752593910073201	7.140359441081964	[3, 17, 68, 67, 7, 88]	26
388	0.9976418754543301	0.9999503787810002	6.752593910073201	7.140359441081964	[3, 17, 4, 7, 34, 88]	28
389	0.9976782662652202	0.9999520328216335	6.752593910073201	7.140359441081964	[101, 100, 33, 67, 34, 88]	27
390	0.9977140954895223	0.9999527730558676	6.752593910073201	7.140359441081964	[3, 5, 6, 33, 34, 88]	27
391	0.9977493717936964	0.9999542843180799	6.752593910073201	7.528124972090727	[3, 5, 35, 4, 34, 88]	27
392	0.9977841037104603	0.999955503402931	6.752593910073201	7.528124972090727	[3, 8, 34, 1, 33, 88]	26
393	0.9978182996408544	0.9999564922161992	6.752593910073201	7.140359441081964	[119, 17, 68, 7, 34, 88]	26
394	0.9978519678562733	0.9999572979158993	6.752593910073201	6.752593910073201	[3, 17, 33, 67, 34, 88]	26
395	0.9978851165004666	0.9999584366381419	6.752593910073201	7.528124972090727	[3, 17, 7, 67, 5, 88]	27
396	0.9979177535915088	0.9999592063300282	6.752593910073201	7.140359441081964	[3, 43, 67, 7, 34, 88]	27
397	0.9979498870237387	0.9999601128560276	6.752593910073201	7.140359441081964	[13, 34, 67, 33, 7, 88]	27
398	0.9979815245696686	0.9999611765132002	6.752593910073201	6.752593910073201	[3, 5, 27, 33, 34, 88]	27
399	0.9980126738818651	0.9999620392573513	6.752593910073201	7.140359441081964	[3, 5, 27, 33, 68, 88]	27
400	0.9980433424947992	0.9999630515438219	6.752593910073201	7.140359441081964	[3, 8, 34, 67, 7, 88]	27
401	0.9980735378266696	0.9999640368359867	6.752593910073201	7.528124972090728	[3, 2, 7, 1, 34, 88]	27
402	0.9981032671811964	0.9999647028205054	6.752593910073201	7.528124972090727	[3, 17, 50, 67, 7, 88]	27
403	0.9981325377493877	0.999965487202272	6.752593910073201	7.528124972090727	[101, 100, 41, 27, 33, 88]	27
404	0.9981613566112799	0.9999664075435447	6.752593910073201	7.91589050309949	[140, 57, 41, 27, 5, 88]	27
405	0.998189730737649	0.9999670296260716	6.752593910073201	6.752593910073201	[3, 17, 33, 7, 34, 88]	27
406	0.9982176669916977	0.9999677623010479	6.752593910073201	7.528124972090727	[144, 43, 27, 33, 7, 88]	27
407	0.9982451721307147	0.9999686219730199	6.752593910073201	7.140359441081964	[3, 8, 34, 68, 33, 88]	27
408	0.9982722528077098	0.9999692030475936	6.752593910073201	7.528124972090727	[3, 17, 7, 67, 5, 88]	27
409	0.998298915573023	0.9999703856505661	6.752593910073201	7.140359441081964	[140, 147, 7, 67, 34, 88]	27
410	0.9983251668759084	0.9999709340644444	6.752593910073201	7.140359441081964	[3, 5, 6, 1, 34, 88]	27
411	0.998351013066095	0.9999715799741234	6.752593910073201	7.140359441081964	[144, 43, 27, 33, 34, 88]	29
412	0.9983764603953219	0.9999723378414801	6.752593910073201	7.140359441081964	[3, 68, 7, 1, 34, 88]	27
413	0.9984015150188509	0.9999730754990407	6.752593910073201	7.528124972090727	[0, 1, 34, 8, 38, 88]	27
414	0.9984261829969551	0.9999741093998775	6.752593910073201	7.528124972090728	[123, 6, 76, 1, 34, 88]	27
415	0.9984504702963848	0.9999747998158808	6.752593910073201	7.140359441081964	[3, 10, 33, 7, 34, 88]	27
416	0.9984743827918109	0.999975266485957	6.752593910073201	7.528124972090727	[3, 6, 33, 68, 7, 88]	26
417	0.998497926267246	0.9999759260463316	6.752593910073201	7.140359441081964	[3, 6, 67, 68, 34, 88]	28
418	0.9985211064174427	0.9999768504861524	6.752593910073201	7.140359441081964	[140, 6, 67, 68, 34, 88]	27
419	0.9985439288492723	0.9999774678065216	6.752593910073201	7.528124972090727	[3, 10, 33, 67, 7, 88]	26
420	0.9985663990830799	0.999978188836713	6.752593910073201	7.140359441081964	[123, 6, 67, 7, 34, 88]	27
421	0.99858852255402	0.9999786735292304	6.752593910073201	7.140359441081964	[0, 1, 34, 68, 33, 88]	27
422	0.9986103046133715	0.9999793559762951	6.752593910073201	7.91589050309949	[13, 98, 34, 8, 38, 88]	27
423	0.9986317505298319	0.9999801487068054	6.752593910073201	8.303656034108254	[3, 113, 111, 19, 5, 88]	27
424	0.9986528654907912	0.9999805898466542	6.752593910073201	7.140359441081964	[123, 3, 17, 7, 34, 88]	27
425	0.9986736546035877	0.9999809492939383	6.752593910073201	6.752593910073201	[3, 68, 33, 7, 34, 88]	27
426	0.9986941228967422	0.9999813726429619	6.752593910073201	7.140359441081964	[123, 6, 33, 7, 34, 88]	27
427	0.9987142753211752	0.9999817865842294	6.752593910073201	6.752593910073201	[3, 17, 33, 67, 34, 88]	27
428	0.998734116751404	0.9999826608281864	6.752593910073201	7.528124972090727	[0, 1, 34, 67, 5, 88]	28
429	0.9987536519867218	0.9999830461431156	6.752593910073201	7.140359441081964	[119, 6, 33, 7, 34, 88]	26
430	0.9987728857523588	0.9999836971712199	6.752593910073201	7.140359441081964	[140, 147, 7, 68, 34, 88]	28
431	0.9987918227006248	0.999984059456304	6.752593910073201	7.528124972090727	[101, 100, 41, 27, 34, 88]	27
432	0.9988104674120349	0.9999846715731819	6.752593910073201	7.140359441081964	[13, 98, 7, 67, 34, 88]	27
433	0.9988288243964172	0.9999849554329377	6.752593910073201	7.140359441081964	[3, 5, 6, 8, 34, 88]	27
434	0.9988468980940033	0.9999852340360316	6.752593910073201	6.752593910073201	[3, 17, 33, 7, 34, 88]	26
435	0.9988646928765033	0.9999855621685642	6.752593910073201	7.528124972090727	[119, 6, 17, 3, 5, 88]	28
436	0.9988822130481622	0.9999859471774024	6.752593910073201	7.528124972090727	[3, 5, 52, 68, 33, 88]	26
437	0.9988994628468016	0.9999863219193383	6.752593910073201	7.528124972090727	[3, 17, 66, 27, 33, 88]	26
438	0.9989164464448448	0.9999867596179196	6.752593910073201	7.528124972090727	[0, 1, 34, 8, 38, 88]	27
439	0.9989331679503256	0.999987112694775	6.752593910073201	7.528124972090728	[13, 14, 6, 1, 34, 88]	27
440	0.9989496314078823	0.9999875250885423	6.752593910073201	7.528124972090727	[3, 17, 48, 40, 5, 88]	27
441	0.9989658407997359	0.9999878023087968	6.752593910073201	7.140359441081964	[123, 3, 17, 1, 34, 88]	27
442	0.9989818000466536	0.9999881275805622	6.752593910073201	7.140359441081964	[3, 5, 2, 7, 34, 88]	27
443	0.9989975130088966	0.9999883474401815	6.752593910073201	6.752593910073201	[3, 17, 68, 33, 34, 88]	27
444	0.9990129834871544	0.99998865817511	6.752593910073201	7.140359441081964	[3, 5, 67, 33, 7, 88]	27
445	0.9990282152234637	0.9999888682089042	6.752593910073201	7.140359441081964	[3, 68, 67, 33, 7, 88]	27
446	0.999043211902114	0.9999892244262193	6.752593910073201	8.303656034108254	[0, 1, 6, 4, 5, 88]	27
447	0.9990579771505381	0.9999895692445803	6.752593910073201	7.528124972090727	[13, 3, 17, 68, 33, 88]	27
448	0.9990725145401903	0.9999898473980582	6.752593910073201	7.528124972090727	[3, 17, 48, 6, 5, 88]	27
449	0.9990868275874096	0.9999900354092052	6.752593910073201	7.140359441081964	[3, 5, 6, 1, 34, 88]	27
450	0.9991009197542706	0.9999903542761106	6.752593910073201	7.140359441081964	[144, 43, 7, 68, 34, 88]	27
451	0.9991147944494208	0.9999905686255304	6.752593910073201	7.528124972090727	[123, 3, 5, 27, 33, 88]	27
452	0.999128455028905	0.9999907782116297	6.752593910073201	7.528124972090727	[140, 6, 17, 3, 5, 88]	27
453	0.9991419047969774	0.9999909489854885	6.752593910073201	6.752593910073201	[3, 17, 68, 7, 34, 88]	27
454	0.9991551470069007	0.9999911165968682	6.752593910073201	7.140359441081964	[13, 34, 68, 67, 7, 88]	27
455	0.9991681848617324	0.9999915430002186	6.752593910073201	7.91589050309949	[101, 100, 26, 19, 5, 88]	27
456	0.9991810215151007	0.9999917309335471	6.752593910073201	7.140359441081964	[123, 6, 33, 7, 34, 88]	26
457	0.9991936600719664	0.9999919146905794	6.752593910073201	7.140359441081964	[140, 147, 33, 7, 34, 88]	28
458	0.9992061035893743	0.9999921302988306	6.752593910073201	7.528124972090727	[3, 5, 111, 10, 34, 88]	26
459	0.9992183550771927	0.9999923401575285	6.752593910073201	7.528124972090727	[13, 12, 5, 3, 34, 88]	28
460	0.999230417498841	0.9999924820064631	6.752593910073201	7.140359441081964	[13, 34, 67, 33, 7, 88]	27
461	0.999242293772007	0.9999926212285656	6.752593910073201	6.752593910073201	[3, 5, 67, 7, 34, 88]	26
462	0.9992539867693525	0.9999929045733887	6.752593910073201	7.528124972090727	[140, 57, 27, 33, 7, 88]	27
463	0.9992654993192083	0.9999930622495357	6.752593910073201	7.140359441081964	[144, 43, 27, 33, 34, 88]	27
464	0.9992768342062575	0.999993190726396	6.752593910073201	6.752593910073201	[3, 68, 67, 7, 34, 88]	27
465	0.9992879941722103	0.9999933420435873	6.752593910073201	7.528124972090727	[144, 43, 27, 33, 7, 88]	27
466	0.9992989819164663	0.9999935977091136	6.752593910073201	7.91589050309949	[123, 6, 48, 17, 68, 88]	27
467	0.9993098000967677	0.9999938435570835	6.752593910073201	7.91589050309949	[0, 1, 67, 33, 38, 88]	28
468	0.9993204513298424	0.9999940077288947	6.752593910073201	6.752593910073201	[3, 5, 67, 68, 34, 88]	27
469	0.9993309381920361	0.9999941408904748	6.752593910073201	7.528124972090727	[140, 57, 41, 27, 33, 88]	27
470	0.9993412632199368	0.9999942971333955	6.752593910073201	7.528124972090727	[13, 14, 17, 3, 5, 88]	27
471	0.9993514289109872	0.9999944027420363	6.752593910073201	6.752593910073201	[3, 17, 33, 7, 34, 88]	27
472	0.9993614377240893	0.9999946176767421	6.752593910073201	7.91589050309949	[13, 34, 7, 30, 5, 88]	27
473	0.9993712920801989	0.999994717349395	6.752593910073201	7.91589050309949	[3, 37, 41, 27, 7, 88]	27
474	0.999380994362912	0.9999948582200778	6.752593910073201	7.140359441081964	[3, 6, 67, 68, 34, 88]	27
475	0.9993905469190398	0.9999949953342091	6.752593910073201	7.140359441081964	[3, 68, 33, 1, 34, 88]	27
476	0.9993999520591781	0.9999950880132052	6.752593910073201	6.752593910073201	[3, 17, 68, 33, 34, 88]	27
477	0.9994092120582648	0.9999951789759236	6.752593910073201	7.140359441081964	[3, 5, 37, 33, 34, 88]	28
478	0.9994183291561312	0.9999952682541473	6.752593910073201	7.140359441081964	[3, 17, 1, 34, 33, 88]	27
479	0.9994273055580427	0.9999953734040551	6.752593910073201	7.140359441081964	[123, 6, 33, 7, 34, 88]	26
480	0.9994361434352333	0.9999954762172983	6.752593910073201	7.140359441081964	[3, 43, 67, 7, 34, 88]	27
481	0.9994448449254304	0.9999955968515037	6.752593910073201	7.528124972090728	[13, 14, 6, 33, 34, 88]	26
482	0.9994534121333712	0.9999956783912907	6.752593910073201	7.140359441081964	[3, 17, 1, 34, 33, 88]	28
483	0.9994618471313131	0.9999957584210816	6.752593910073201	7.140359441081964	[3, 8, 34, 33, 7, 88]	26
484	0.9994701519595336	0.9999958998070455	6.752593910073201	7.528124972090728	[101, 100, 37, 1, 34, 88]	27
485	0.9994783286268247	0.9999959757365446	6.752593910073201	6.752593910073201	[3, 5, 67, 7, 34, 88]	27
486	0.9994863791109787	0.999996050259942	6.752593910073201	7.140359441081964	[3, 5, 37, 7, 34, 88]	27
487	0.999494305359266	0.9999961380319433	6.752593910073201	7.140359441081964	[0, 1, 34, 67, 33, 88]	27
488	0.999502109288907	0.9999962095498702	6.752593910073201	7.140359441081964	[3, 4, 7, 67, 34, 88]	26
489	0.9995097927875349	0.9999962797433912	6.752593910073201	7.140359441081964	[3, 5, 27, 33, 7, 88]	26
490	0.9995173577136532	0.9999963486370321	6.752593910073201	7.528124972090727	[3, 37, 41, 27, 33, 88]	27
491	0.9995248058970845	0.999996465480647	6.752593910073201	7.140359441081964	[13, 34, 68, 67, 7, 88]	27
492	0.9995321391394135	0.9999965597344965	6.752593910073201	7.140359441081964	[3, 5, 12, 8, 34, 88]	27
493	0.9995393592144225	0.9999966698229926	6.752593910073201	7.140359441081964	[144, 43, 27, 33, 34, 88]	27
494	0.999546467868521	0.999996743826926	6.752593910073201	7.528124972090727	[13, 18, 17, 3, 5, 88]	26
495	0.9995534668211672	0.9999968688639721	6.752593910073201	7.140359441081964	[140, 147, 7, 67, 34, 88]	27
496	0.9995603577652851	0.9999969384447728	6.752593910073201	7.140359441081964	[140, 147, 7, 68, 34, 88]	27
497	0.9995671423676726	0.9999969951402399	6.752593910073201	7.140359441081964	[3, 17, 68, 67, 33, 88]	27
498	0.999573822269406	0.9999970912957522	6.752593910073201	7.528124972090728	[140, 6, 139, 33, 34, 88]	27
499	0.9995803990862362	0.9999972029899954	6.752593910073201	7.140359441081964	[3, 43, 67, 68, 34, 88]	27
