0	0.015432098765432056	0.022222222222222254	7.528124972090727	7.528124972090727	[119, 6, 1, 34, 33, 88]	162
1	0.030626047858558048	0.04829629629629628	7.528124972090727	7.528124972090727	[3, 6, 67, 33, 7, 88]	213
2	0.045585522428642	0.073675061728395	7.140359441081964	7.140359441081964	[3, 68, 33, 27, 34, 88]	28
3	0.06031414090968146	0.10924593935802462	7.140359441081964	7.140359441081964	[3, 2, 7, 67, 34, 88]	28
4	0.07481546589564314	0.12904047403895746	7.140359441081964	7.140359441081964	[0, 1, 34, 33, 7, 88]	33
5	0.08909300500219186	0.15226606139791854	7.140359441081964	7.140359441081964	[3, 5, 8, 34, 7, 88]	27
6	0.10315021171512095	0.17110459336685369	7.140359441081964	7.140359441081964	[0, 1, 34, 68, 33, 88]	28
7	0.11699048622569008	0.1864545083045045	7.140359441081964	7.140359441081964	[3, 17, 37, 1, 34, 88]	27
8	0.13061717625307134	0.2045332970088488	7.140359441081964	7.528124972090727	[13, 34, 68, 67, 5, 88]	28
9	0.1440335778541042	0.2222103348530966	7.140359441081964	7.140359441081964	[119, 17, 3, 8, 34, 88]	28
10	0.1572429362205532	0.23949454963413896	7.140359441081964	7.140359441081964	[0, 1, 68, 67, 34, 88]	27
11	0.17024844646406312	0.26869795892818804	7.140359441081964	7.528124972090727	[0, 1, 34, 33, 38, 88]	30
12	0.18305325438900033	0.2799834842533703	7.140359441081964	7.140359441081964	[3, 8, 34, 33, 7, 88]	26
13	0.19566045725336756	0.2933171234338634	7.140359441081964	7.528124972090727	[3, 5, 4, 33, 7, 88]	26
14	0.208073104517976	0.30640384337027327	7.140359441081964	7.140359441081964	[3, 5, 27, 33, 68, 88]	29
15	0.22029419858405663	0.3218170912953783	7.140359441081964	7.140359441081964	[123, 6, 33, 7, 34, 88]	31
16	0.2323266955194878	0.34785931498963574	7.140359441081964	8.303656034108254	[140, 6, 4, 2, 5, 88]	33
17	0.2441735057738167	0.3623513302120883	7.140359441081964	7.528124972090727	[144, 43, 27, 33, 68, 88]	31
18	0.2558374948822454	0.3793552947397659	7.140359441081964	7.528124972090727	[13, 98, 8, 34, 7, 88]	27
19	0.2673214841587539	0.3959058202133722	7.140359441081964	7.528124972090727	[3, 5, 99, 50, 34, 88]	27
20	0.2786282513785262	0.4120149983410155	6.752593910073201	6.752593910073201	[3, 5, 67, 7, 34, 88]	27
21	0.28976053144984526	0.42769459838525503	6.752593910073201	7.140359441081964	[3, 17, 68, 67, 7, 88]	27
22	0.30072101707561927	0.4496711258072612	6.752593910073201	7.528124972090727	[123, 6, 67, 68, 7, 88]	27
23	0.31151235940469924	0.46728164978142883	6.752593910073201	7.140359441081964	[119, 17, 68, 7, 34, 88]	29
24	0.32213716867314524	0.481487472453924	6.752593910073201	7.915890503099491	[123, 6, 37, 27, 33, 88]	27
25	0.3325980148355967	0.49108955629736983	6.752593910073201	7.528124972090727	[3, 17, 80, 27, 33, 88]	27
26	0.34289742818689917	0.5046605014627733	6.752593910073201	7.528124972090727	[13, 12, 8, 34, 7, 88]	27
27	0.35303789997413837	0.5156680458747117	6.752593910073201	7.140359441081964	[0, 1, 34, 68, 7, 88]	27
28	0.3630218829992288	0.526430978188607	6.752593910073201	7.140359441081964	[119, 17, 33, 7, 34, 88]	27
29	0.37285179221220366	0.5369547342288602	6.752593910073201	7.528124972090727	[0, 1, 34, 8, 5, 88]	28
30	0.38253000529534864	0.5472446290237745	6.752593910073201	7.528124972090727	[140, 6, 17, 3, 5, 88]	30
31	0.3920588632383216	0.5593181055831404	6.752593910073201	6.752593910073201	[3, 17, 68, 67, 34, 88]	32
32	0.40144067090439683	0.5691110365701817	6.752593910073201	7.528124972090727	[0, 1, 67, 33, 7, 88]	32
33	0.4106776975879709	0.5806014089283101	6.752593910073201	7.140359441081964	[3, 17, 6, 1, 34, 88]	31
34	0.4197721775634652	0.5917853713568886	6.752593910073201	7.91589050309949	[3, 5, 52, 10, 33, 88]	32
35	0.4287263106257574	0.5993449015169461	6.752593910073201	6.752593910073201	[3, 17, 68, 33, 34, 88]	36
36	0.43754226262227347	0.6100290374764943	6.752593910073201	7.140359441081964	[3, 5, 2, 8, 34, 88]	27
37	0.44622216597686803	0.6172507219676702	6.752593910073201	7.140359441081964	[3, 5, 8, 34, 7, 88]	27
38	0.4547681202056201	0.6274573693818657	6.752593910073201	7.91589050309949	[3, 17, 14, 19, 5, 88]	27
39	0.46318219242466907	0.639378733561646	6.752593910073201	7.528124972090727	[101, 100, 41, 27, 34, 88]	27
40	0.47146641785021426	0.6489953006666687	6.752593910073201	7.140359441081964	[13, 34, 67, 33, 7, 88]	27
41	0.4796228002907974	0.6583554259822242	6.752593910073201	7.528124972090727	[144, 43, 8, 34, 68, 88]	27
42	0.48765331263198874	0.6646821773529237	6.752593910073201	7.140359441081964	[3, 68, 67, 33, 7, 88]	27
43	0.49555989731359384	0.6736239859568458	6.752593910073201	7.528124972090727	[13, 12, 3, 17, 34, 88]	28
44	0.5033444667994951	0.6840680184062267	6.752593910073201	7.140359441081964	[3, 17, 1, 34, 7, 88]	27
45	0.5110089040402437	0.6910887291083105	6.752593910073201	7.140359441081964	[123, 6, 67, 33, 34, 88]	27
46	0.5185550629285114	0.6979534240170149	6.752593910073201	7.528124972090727	[0, 1, 17, 3, 5, 88]	27
47	0.5259847687475159	0.7035468791278108	6.752593910073201	6.752593910073201	[3, 68, 33, 7, 34, 88]	27
48	0.5332998186125233	0.7130333789957208	6.752593910073201	7.140359441081964	[13, 34, 68, 67, 33, 88]	28
49	0.5405019819055399	0.7183475756809853	6.752593910073201	7.140359441081964	[3, 5, 6, 8, 34, 88]	27
50	0.5475930007032939	0.7246065184436301	6.752593910073201	7.528124972090727	[13, 98, 8, 34, 7, 88]	27
51	0.5545745901986134	0.7319503446184665	6.752593910073201	7.528124972090727	[3, 17, 1, 33, 7, 88]	28
52	0.5614484391153014	0.7390983354286408	6.752593910073201	7.528124972090727	[3, 17, 28, 29, 34, 88]	27
53	0.5682162101166085	0.7439298477355178	6.752593910073201	7.140359441081964	[3, 17, 1, 34, 7, 88]	27
54	0.5748795402074016	0.7478815476161425	6.752593910073201	7.140359441081964	[3, 5, 8, 34, 7, 88]	27
55	0.5814400411301268	0.7525504078454732	6.752593910073201	6.752593910073201	[3, 17, 68, 33, 34, 88]	27
56	0.5878992997546619	0.7580492876711293	6.752593910073201	7.528124972090727	[144, 43, 17, 3, 5, 88]	27
57	0.5942588784621516	0.7657917104656532	6.752593910073201	7.140359441081964	[0, 1, 34, 67, 7, 88]	27
58	0.6005203155229208	0.7709963391219721	6.752593910073201	7.528124972090728	[119, 17, 65, 1, 34, 88]	27
59	0.6066851254685548	0.776085309363706	6.752593910073201	7.140359441081964	[119, 17, 68, 7, 34, 88]	27
60	0.6127547994582376	0.7820563677806738	6.752593910073201	7.140359441081964	[3, 17, 50, 1, 34, 88]	29
61	0.6187308056394376	0.7868995596077699	6.752593910073201	7.528124972090727	[123, 6, 33, 68, 7, 88]	33
62	0.6246145895030265	0.7925822380182295	6.752593910073201	7.140359441081964	[3, 6, 67, 33, 34, 88]	32
63	0.630407574232918	0.7981133783377433	6.752593910073201	7.140359441081964	[119, 17, 68, 33, 34, 88]	31
64	0.6361111610503113	0.8034970215820701	6.752593910073201	7.91589050309949	[140, 147, 5, 3, 68, 88]	33
65	0.6417267295526212	0.8071359656268466	6.752593910073201	7.140359441081964	[3, 6, 67, 7, 34, 88]	32
66	0.6472556380471796	0.810707521818942	6.752593910073201	6.752593910073201	[3, 68, 67, 33, 34, 88]	32
67	0.6526992238797849	0.8142129380815541	6.752593910073201	6.752593910073201	[3, 17, 68, 7, 34, 88]	33
68	0.6580588037581832	0.8213471612592225	6.752593910073201	7.91589050309949	[0, 1, 68, 33, 38, 88]	32
69	0.6633356740705569	0.824104149511395	6.752593910073201	6.752593910073201	[3, 68, 33, 7, 34, 88]	31
70	0.6685311111990977	0.8287947055244245	6.752593910073201	7.528124972090727	[3, 17, 1, 33, 7, 88]	32
71	0.6736463718287411	0.8333601800437731	6.752593910073201	7.528124972090727	[3, 10, 33, 68, 7, 88]	32
72	0.6786826932511372	0.8370632871539115	6.752593910073201	7.528124972090727	[140, 6, 17, 3, 5, 88]	32
73	0.6836412936639282	0.8406841029949357	6.752593910073201	7.140359441081964	[0, 1, 34, 33, 7, 88]	29
74	0.6885233724654107	0.8449325269150707	6.752593910073201	7.140359441081964	[140, 147, 7, 68, 34, 88]	28
75	0.6933301105446482	0.8490676595306689	6.752593910073201	7.140359441081964	[3, 5, 8, 34, 33, 88]	27
76	0.6980626705671074	0.8518627028726935	6.752593910073201	8.303656034108254	[3, 61, 51, 6, 5, 88]	27
77	0.7027221972558866	0.8546059861528288	6.752593910073201	7.140359441081964	[3, 5, 27, 33, 7, 88]	27
78	0.7073098176686043	0.8592585945959383	6.752593910073201	7.528124972090728	[144, 43, 6, 1, 34, 88]	27
79	0.7118266414700147	0.8630116987400466	6.752593910073201	6.752593910073201	[3, 68, 67, 7, 34, 88]	28
80	0.7162737612004157	0.86605588321249	6.752593910073201	7.528124972090727	[3, 5, 4, 33, 68, 88]	27
81	0.7206522525399155	0.8690324191411014	6.752593910073201	7.140359441081964	[123, 6, 33, 7, 34, 88]	27
82	0.7249631745686205	0.8732233817285862	6.752593910073201	7.528124972090727	[119, 17, 48, 50, 34, 88]	27
83	0.7292075700228084	0.8766040915491571	6.752593910073201	7.140359441081964	[3, 17, 68, 67, 7, 88]	27
84	0.7333864655471478	0.8798946491078463	6.752593910073201	7.140359441081964	[140, 147, 33, 7, 34, 88]	27
85	0.7375008719430252	0.8825636569054497	6.752593910073201	7.528124972090727	[123, 6, 17, 3, 5, 88]	27
86	0.7415517844130401	0.8851733534186619	6.752593910073201	7.528124972090727	[140, 57, 41, 27, 33, 88]	27
87	0.7455401828017278	0.8882353973274976	6.752593910073201	7.140359441081964	[3, 8, 34, 67, 33, 88]	27
88	0.7494670318325654	0.8907190551646643	6.752593910073201	7.140359441081964	[119, 6, 33, 7, 34, 88]	26
89	0.753333281341322	0.8936332136936066	6.752593910073201	7.140359441081964	[3, 5, 67, 1, 34, 88]	27
90	0.7571398665058078	0.8970369508554112	6.752593910073201	7.915890503099491	[119, 17, 30, 27, 33, 88]	27
91	0.7608877080720762	0.9003317684280381	6.752593910073201	7.915890503099491	[119, 6, 2, 3, 5, 88]	27
92	0.7645777125771367	0.9029895879366236	6.752593910073201	7.140359441081964	[13, 98, 7, 68, 34, 88]	27
93	0.7682107725682302	0.9060939211226517	6.752593910073201	7.140359441081964	[101, 100, 33, 7, 34, 88]	27
94	0.7717877668187205	0.9081807228754817	6.752593910073201	7.528124972090727	[123, 6, 8, 34, 33, 88]	27
95	0.7753095605406538	0.9111189397434662	6.752593910073201	7.140359441081964	[13, 3, 5, 8, 34, 88]	26
96	0.7787770055940388	0.9139631336716754	6.752593910073201	7.528124972090727	[3, 17, 48, 49, 33, 88]	27
97	0.7821909406928962	0.9162574501070974	6.752593910073201	6.752593910073201	[3, 17, 33, 7, 34, 88]	27
98	0.7855521916081293	0.917808238068077	6.752593910073201	7.140359441081964	[3, 5, 27, 33, 7, 88]	26
99	0.7888615713672631	0.9204383744498985	6.752593910073201	7.140359441081964	[123, 3, 68, 33, 34, 88]	27
100	0.7921198804511016	0.9219117378860116	6.752593910073201	7.140359441081964	[3, 8, 34, 33, 7, 88]	27
101	0.79532790698735	0.9233578168140484	6.752593910073201	7.140359441081964	[3, 68, 33, 1, 34, 88]	27
102	0.7984864269412489	0.9250609764404029	6.752593910073201	7.528124972090727	[123, 6, 48, 17, 34, 88]	27
103	0.8015962043032667	0.9264487361359509	6.752593910073201	6.752593910073201	[3, 17, 33, 7, 34, 88]	27
104	0.8046579912738953	0.9288023765796005	6.752593910073201	7.140359441081964	[123, 3, 5, 67, 34, 88]	27
105	0.8076725284455943	0.9303845459889427	6.752593910073201	7.140359441081964	[144, 43, 27, 33, 34, 88]	27
106	0.8106405449819278	0.9316737210632215	6.752593910073201	7.140359441081964	[3, 37, 27, 33, 34, 88]	27
107	0.8135627587939351	0.9329390225250137	6.752593910073201	7.528124972090728	[3, 43, 50, 67, 34, 88]	27
108	0.8164398767137817	0.9341808924782542	6.752593910073201	7.528124972090727	[3, 5, 4, 33, 7, 88]	26
109	0.8192725946657295	0.935936068678834	6.752593910073201	7.915890503099491	[13, 70, 5, 27, 33, 88]	27
110	0.8220615978344683	0.9371224377773743	6.752593910073201	7.528124972090727	[3, 5, 104, 33, 68, 88]	27
111	0.8248075608308499	0.9385197169378771	6.752593910073201	7.91589050309949	[3, 37, 27, 33, 38, 88]	26
112	0.8275111478550652	0.940487085995865	6.752593910073201	8.303656034108254	[3, 116, 11, 27, 7, 88]	26
113	0.8301730128573019	0.9415891769959416	6.752593910073201	7.140359441081964	[13, 3, 17, 7, 34, 88]	27
114	0.8327937996959238	0.9434583233320714	6.752593910073201	7.140359441081964	[140, 147, 27, 33, 34, 88]	27
115	0.8353741422932088	0.9445053914185145	6.752593910073201	7.140359441081964	[3, 43, 67, 7, 34, 88]	26
116	0.837914664788684	0.9457386049425476	6.752593910073201	7.528124972090727	[13, 12, 8, 34, 7, 88]	27
117	0.8404159816900932	0.9469444137216021	6.752593910073201	7.140359441081964	[13, 34, 68, 33, 7, 88]	27
118	0.8428786980220363	0.9479269245786094	6.752593910073201	6.752593910073201	[3, 5, 67, 33, 34, 88]	27
119	0.8453034094723135	0.949084104032418	6.752593910073201	7.140359441081964	[140, 6, 33, 7, 34, 88]	27
120	0.8476907025360123	0.9504418612582203	6.752593910073201	8.303656034108254	[3, 61, 11, 4, 33, 88]	27
121	0.8500411546573702	0.9517634116246677	6.752593910073201	7.528124972090727	[3, 17, 48, 29, 7, 88]	27
122	0.8523553343694478	0.9533069824526783	6.752593910073201	7.140359441081964	[144, 43, 67, 7, 34, 88]	27
123	0.8546338014316477	0.9543446050648411	6.752593910073201	7.528124972090727	[140, 57, 41, 27, 33, 88]	27
124	0.8568771069651099	0.9558055777027662	6.752593910073201	7.528124972090727	[3, 5, 142, 10, 34, 88]	26
125	0.8590857935860187	0.9572197992162776	6.752593910073201	7.528124972090727	[123, 6, 33, 68, 7, 88]	26
126	0.8612603955368516	0.9588625589263726	6.752593910073201	7.140359441081964	[3, 2, 7, 67, 34, 88]	27
127	0.8634014388156039	0.959497395979978	6.752593910073201	6.752593910073201	[3, 17, 68, 33, 34, 88]	26
128	0.8655094413030175	0.9602474442025709	6.752593910073201	7.140359441081964	[3, 17, 68, 1, 34, 88]	27
129	0.8675849128878474	0.9611308343314027	6.752593910073201	7.140359441081964	[3, 104, 33, 7, 34, 88]	26
130	0.8696283555901955	0.9619945935684826	6.752593910073201	7.140359441081964	[123, 6, 67, 7, 34, 88]	27
131	0.8716402636829393	0.9630080710733231	6.752593910073201	7.91589050309949	[3, 68, 7, 37, 38, 88]	27
132	0.8736211238112891	0.9638301139383604	6.752593910073201	7.140359441081964	[3, 5, 6, 1, 34, 88]	27
133	0.8755714151104975	0.9647946442333374	6.752593910073201	7.140359441081964	[140, 147, 33, 7, 34, 88]	27
134	0.8774916093217553	0.9654465952660534	6.752593910073201	7.91589050309949	[3, 17, 11, 27, 5, 88]	26
135	0.8793821709062961	0.966368019392292	6.752593910073201	7.528124972090727	[13, 18, 17, 3, 5, 88]	26
136	0.8812435571577422	0.9672648722084976	6.752593910073201	7.140359441081964	[3, 24, 27, 33, 34, 88]	27
137	0.8830762183127152	0.9681378089496042	6.752593910073201	7.140359441081964	[3, 5, 32, 68, 34, 88]	27
138	0.8848805976597413	0.9689874673776148	6.752593910073201	7.528124972090727	[3, 5, 35, 4, 34, 88]	27
139	0.8866571316464736	0.9694660558440096	6.752593910073201	7.140359441081964	[3, 8, 34, 33, 7, 88]	27
140	0.8884062499852626	0.970280294354836	6.752593910073201	7.140359441081964	[3, 17, 30, 7, 34, 88]	26
141	0.890128375757095	0.9708306592741909	6.752593910073201	7.528124972090727	[3, 17, 6, 33, 7, 88]	28
142	0.89182392551393	0.9716085083602125	6.752593910073201	7.140359441081964	[3, 17, 48, 29, 34, 88]	27
143	0.8934933093794557	0.9725170360926857	6.752593910073201	7.915890503099491	[123, 6, 62, 27, 33, 88]	27
144	0.8951369311482913	0.9733964909377197	6.752593910073201	7.140359441081964	[13, 34, 68, 67, 33, 88]	27
145	0.8967551883836571	0.9742478032277128	6.752593910073201	7.140359441081964	[140, 6, 67, 33, 34, 88]	26
146	0.898348472513539	0.9748200742670969	6.752593910073201	7.140359441081964	[119, 6, 33, 7, 34, 88]	26
147	0.8999171689253671	0.9752863691880765	6.752593910073201	7.528124972090727	[3, 17, 1, 33, 7, 88]	27
148	0.9014616570592349	0.975744029017927	6.752593910073201	7.140359441081964	[3, 5, 6, 33, 34, 88]	26
149	0.9029823104996788	0.9761932136657432	6.752593910073201	7.140359441081964	[3, 6, 67, 7, 34, 88]	26
150	0.9044794970660417	0.9769550308284394	6.752593910073201	7.91589050309949	[13, 34, 68, 32, 5, 88]	27
151	0.9059535789014423	0.9774671412544741	6.752593910073201	7.528124972090728	[101, 100, 29, 7, 34, 88]	27
152	0.9074049125603707	0.9780680174876881	6.752593910073201	7.140359441081964	[3, 5, 67, 1, 34, 88]	27
153	0.9088338490949328	0.9785553948768506	6.752593910073201	7.528124972090727	[3, 17, 33, 27, 7, 88]	26
154	0.9102407341397641	0.9789525171939459	6.752593910073201	7.528124972090728	[3, 10, 2, 7, 34, 88]	26
155	0.9116259079956319	0.9795137834021074	6.752593910073201	7.91589050309949	[13, 3, 5, 104, 38, 88]	27
156	0.9129897057117488	0.9798931577835498	6.752593910073201	7.140359441081964	[3, 5, 6, 1, 34, 88]	27
157	0.9143324571668143	0.9802655067134841	6.752593910073201	6.752593910073201	[3, 17, 33, 67, 34, 88]	27
158	0.9156544871488079	0.9807917598677912	6.752593910073201	7.528124972090727	[0, 1, 34, 8, 38, 88]	26
159	0.9169561154335486	0.9813039796046501	6.752593910073201	6.752593910073201	[3, 5, 67, 33, 34, 88]	26
160	0.9182376568620432	0.981650202204564	6.752593910073201	6.752593910073201	[3, 68, 67, 33, 34, 88]	27
161	0.9194994214166413	0.9821395301457756	6.752593910073201	7.140359441081964	[3, 5, 6, 1, 34, 88]	28
162	0.9207417142960141	0.9826158093418883	6.752593910073201	7.528124972090727	[3, 10, 33, 68, 7, 88]	27
163	0.9219648359889768	0.9830793877594379	6.752593910073201	7.140359441081964	[3, 17, 43, 67, 34, 88]	26
164	0.9231690823471717	0.9837291392694755	6.752593910073201	7.91589050309949	[3, 68, 7, 8, 38, 88]	26
165	0.9243547446566289	0.9842498068128522	6.752593910073201	7.528124972090728	[140, 147, 38, 8, 34, 88]	27
166	0.9255221097082241	0.9845414770570587	6.752593910073201	7.140359441081964	[3, 17, 1, 34, 7, 88]	27
167	0.9266714598670478	0.9848277460004465	6.752593910073201	7.528124972090727	[3, 68, 33, 27, 7, 88]	27
168	0.9278030731407044	0.985108713667105	6.752593910073201	7.528124972090727	[3, 98, 8, 34, 33, 88]	27
169	0.9289172232465578	0.9853844782288251	6.752593910073201	7.140359441081964	[119, 17, 33, 7, 34, 88]	27
170	0.9300141796779381	0.9856551360394025	6.752593910073201	7.140359441081964	[3, 5, 37, 1, 34, 88]	26
171	0.9310942077693279	0.9859207816683024	6.752593910073201	7.140359441081964	[3, 17, 50, 67, 34, 88]	27
172	0.932157568760542	0.9861380535561373	6.752593910073201	7.140359441081964	[3, 17, 50, 1, 34, 88]	27
173	0.9332045198599164	0.9864460968104454	6.752593910073201	7.528124972090727	[0, 1, 68, 67, 33, 88]	26
174	0.9342353143065225	0.9868075342288335	6.752593910073201	7.528124972090727	[3, 17, 39, 34, 33, 88]	26
175	0.9352502014314219	0.9871593333160645	6.752593910073201	7.528124972090727	[123, 6, 8, 34, 68, 88]	27
176	0.936249426717974	0.9873971234398412	6.752593910073201	7.140359441081964	[13, 34, 68, 67, 7, 88]	27
177	0.9372332318612151	0.9876771873634003	6.752593910073201	7.140359441081964	[3, 17, 1, 34, 7, 88]	27
178	0.9382018548263199	0.9880057957003763	6.752593910073201	7.91589050309949	[3, 147, 7, 67, 5, 88]	26
179	0.9391555299061606	0.9883896102379642	6.752593910073201	7.528124972090727	[13, 98, 8, 34, 7, 88]	27
180	0.9400944877779791	0.9885687829194771	6.752593910073201	7.140359441081964	[3, 5, 8, 34, 7, 88]	27
181	0.9410189555591831	0.988780472124672	6.752593910073201	7.140359441081964	[3, 6, 33, 7, 34, 88]	28
182	0.9419291568622822	0.9892113019950846	6.752593910073201	7.528124972090728	[119, 17, 38, 8, 34, 88]	27
183	0.9428253118489753	0.9894110926988793	6.752593910073201	7.528124972090727	[3, 37, 41, 27, 33, 88]	27
184	0.9437076372834047	0.989607183574826	6.752593910073201	6.752593910073201	[3, 68, 33, 7, 34, 88]	26
185	0.9445763465845868	0.989884325346164	6.752593910073201	7.140359441081964	[140, 6, 67, 68, 34, 88]	26
186	0.9454316498780345	0.9901540766702662	6.752593910073201	7.140359441081964	[3, 68, 33, 1, 34, 88]	27
187	0.9462737540465833	0.9903364085837798	6.752593910073201	7.140359441081964	[3, 8, 34, 33, 7, 88]	27
188	0.9471028627804323	0.9905511550596958	6.752593910073201	7.528124972090727	[119, 17, 1, 34, 7, 88]	27
189	0.9479191766264133	0.9908535180977855	6.752593910073201	7.528124972090727	[140, 147, 33, 67, 7, 88]	27
190	0.9487228930364995	0.9910567732511681	6.752593910073201	7.528124972090727	[123, 6, 17, 3, 5, 88]	27
191	0.9495142064155659	0.9912223885613317	6.752593910073201	7.140359441081964	[3, 17, 6, 33, 34, 88]	27
192	0.9502933081684121	0.991384936921307	6.752593910073201	7.528124972090728	[3, 56, 29, 33, 34, 88]	27
193	0.9510603867460601	0.991544475126468	6.752593910073201	7.140359441081964	[3, 17, 29, 7, 34, 88]	26
194	0.9518156276913369	0.9917010589204223	6.752593910073201	7.140359441081964	[3, 8, 34, 33, 7, 88]	27
195	0.9525592136837545	0.9918547430144885	6.752593910073201	7.140359441081964	[3, 147, 33, 68, 34, 88]	27
196	0.9532913245836966	0.9920719498674355	6.752593910073201	7.140359441081964	[3, 6, 67, 68, 34, 88]	27
197	0.9540121374759235	0.9923890718727381	6.752593910073201	7.528124972090727	[0, 1, 17, 3, 34, 88]	26
198	0.9547218267124061	0.9926813315128249	6.752593910073201	7.528124972090727	[101, 100, 33, 68, 7, 88]	26
199	0.9554205639544987	0.9928439685903178	6.752593910073201	7.528124972090728	[13, 18, 17, 68, 34, 88]	27
200	0.9561085182144601	0.9930347960945759	6.752593910073201	7.140359441081964	[13, 98, 7, 33, 34, 88]	28
201	0.9567858558963357	0.9932205348653872	6.752593910073201	7.140359441081964	[144, 43, 67, 7, 34, 88]	26
202	0.9574527408362071	0.9933460805160282	6.752593910073201	6.752593910073201	[3, 68, 67, 33, 34, 88]	26
203	0.9581093343418212	0.9935590059395153	6.752593910073201	7.528124972090728	[119, 6, 43, 7, 34, 88]	27
204	0.9587557952316079	0.9937021391408594	6.752593910073201	7.528124972090727	[119, 6, 1, 34, 33, 88]	27
205	0.9593922798730954	0.9938700820971031	6.752593910073201	7.140359441081964	[140, 57, 27, 33, 34, 88]	27
206	0.9600189422207328	0.9940335465745137	6.752593910073201	7.140359441081964	[140, 57, 27, 33, 34, 88]	26
207	0.960635933853129	0.9942244730841293	6.752593910073201	7.528124972090727	[3, 68, 34, 8, 38, 88]	27
208	0.9612434040097164	0.9943528181267042	6.752593910073201	7.528124972090727	[13, 34, 33, 27, 7, 88]	27
209	0.9618414996268504	0.9945034096433254	6.752593910073201	7.528124972090727	[3, 5, 32, 98, 34, 88]	27
210	0.9624303653733497	0.9946051983536343	6.752593910073201	7.528124972090727	[3, 10, 8, 34, 7, 88]	26
211	0.9630101436854893	0.9947250828346645	6.752593910073201	7.140359441081964	[119, 6, 33, 7, 34, 88]	27
212	0.963580974801454	0.9948423032161164	6.752593910073201	7.915890503099491	[123, 6, 4, 33, 7, 88]	27
213	0.9641429967952587	0.99497984179702	6.752593910073201	7.528124972090728	[144, 43, 27, 7, 34, 88]	26
214	0.9646963456101467	0.9951404868595154	6.752593910073201	7.140359441081964	[3, 17, 146, 8, 34, 88]	26
215	0.9652411550914716	0.9952304778435984	6.752593910073201	6.752593910073201	[3, 17, 68, 33, 34, 88]	28
216	0.9657775570190723	0.9953188023279762	6.752593910073201	6.752593910073201	[3, 68, 67, 33, 34, 88]	26
217	0.9663056811391484	0.9953910430327915	6.752593910073201	7.140359441081964	[3, 34, 67, 33, 7, 88]	27
218	0.966825655195643	0.9954934642987294	6.752593910073201	7.528124972090727	[144, 43, 27, 33, 7, 88]	28
219	0.9673376049611423	0.9955769186635678	6.752593910073201	7.140359441081964	[3, 5, 4, 33, 34, 88]	27
220	0.9678416542672975	0.9957184572663336	6.752593910073201	7.140359441081964	[13, 34, 68, 33, 7, 88]	26
221	0.9683379250347776	0.9958136026604151	6.752593910073201	7.140359441081964	[123, 3, 17, 1, 34, 88]	26
222	0.9688265373027594	0.9960145497327151	6.752593910073201	7.140359441081964	[144, 43, 67, 7, 34, 88]	27
223	0.9693076092579637	0.9961031152942104	6.752593910073201	7.140359441081964	[0, 1, 34, 33, 7, 88]	27
224	0.969781257263242	0.9962070322196981	6.752593910073201	7.915890503099491	[13, 12, 5, 27, 33, 88]	26
225	0.9702475958857228	0.9963081780271728	6.752593910073201	7.140359441081964	[3, 5, 30, 7, 34, 88]	27
226	0.9707067379245234	0.9963765451007437	6.752593910073201	6.752593910073201	[3, 17, 33, 67, 34, 88]	26
227	0.9711587944380339	0.9964436461173966	6.752593910073201	7.140359441081964	[3, 43, 67, 33, 34, 88]	27
228	0.9716038747707803	0.9965226762036766	6.752593910073201	7.528124972090727	[123, 3, 34, 33, 7, 88]	27
229	0.9720420865798731	0.996633950565159	6.752593910073201	7.91589050309949	[119, 17, 48, 6, 5, 88]	27
230	0.9724735358610479	0.9967416641470739	6.752593910073201	7.140359441081964	[0, 1, 34, 33, 7, 88]	27
231	0.9728983269743033	0.9968459308943676	6.752593910073201	7.140359441081964	[101, 100, 27, 33, 34, 88]	27
232	0.9733165626691443	0.9969160213189371	6.752593910073201	7.140359441081964	[13, 3, 17, 7, 34, 88]	27
233	0.9737283441094353	0.9969982607504322	6.752593910073201	6.752593910073201	[3, 17, 68, 67, 34, 88]	27
234	0.97413377089787	0.997053848514313	6.752593910073201	7.140359441081964	[3, 17, 1, 34, 33, 88]	26
235	0.9745329411000634	0.9971324125539314	6.752593910073201	6.752593910073201	[3, 5, 67, 7, 34, 88]	27
236	0.9749259512682722	0.9971961367193996	6.752593910073201	7.140359441081964	[144, 43, 67, 33, 34, 88]	28
237	0.9753128964647495	0.9972584447923017	6.752593910073201	7.915890503099491	[13, 18, 6, 62, 34, 88]	27
238	0.975693870284738	0.9973193682413617	6.752593910073201	7.140359441081964	[0, 1, 34, 68, 7, 88]	26
239	0.9760689648791093	0.9973789378359982	6.752593910073201	7.528124972090727	[140, 6, 17, 3, 5, 88]	27
240	0.9764382709766539	0.9974488328270382	6.752593910073201	7.140359441081964	[13, 34, 68, 67, 7, 88]	27
241	0.9768018779060265	0.9975304701765729	6.752593910073201	7.140359441081964	[140, 6, 67, 7, 34, 88]	26
242	0.9771598736173532	0.9975853486170936	6.752593910073201	6.752593910073201	[3, 5, 67, 33, 34, 88]	27
243	0.9775123447035052	0.9976300643834437	6.752593910073201	7.140359441081964	[3, 5, 35, 7, 34, 88]	27
244	0.9778593764210437	0.9976739520800466	6.752593910073201	6.752593910073201	[3, 68, 67, 33, 34, 88]	26
245	0.9782010527108425	0.9977483856134851	6.752593910073201	7.528124972090728	[123, 6, 2, 8, 34, 88]	27
246	0.9785374562183912	0.9978384501889457	6.752593910073201	7.140359441081964	[101, 100, 33, 7, 34, 88]	27
247	0.9788686683137864	0.9978864846291914	6.752593910073201	7.140359441081964	[140, 147, 33, 7, 34, 88]	27
248	0.9791947691114131	0.9979428450390796	6.752593910073201	7.140359441081964	[3, 2, 7, 67, 34, 88]	26
249	0.9795158374893234	0.9980114168711103	6.752593910073201	7.528124972090727	[144, 43, 67, 33, 7, 88]	27
250	0.9798319511083153	0.9980421048823586	6.752593910073201	6.752593910073201	[3, 68, 33, 7, 34, 88]	27
251	0.9801431864307178	0.998104757526123	6.752593910073201	7.528124972090727	[3, 17, 25, 67, 7, 88]	27
252	0.9804496187388858	0.9981468740255426	6.752593910073201	7.140359441081964	[0, 1, 34, 67, 7, 88]	27
253	0.9807513221534092	0.9981962907181947	6.752593910073201	7.528124972090728	[13, 18, 5, 8, 34, 88]	27
254	0.9810483696510417	0.9982443896323763	6.752593910073201	7.140359441081964	[3, 5, 2, 8, 34, 88]	27
255	0.9813408330823528	0.9982769009354804	6.752593910073201	7.528124972090727	[3, 17, 6, 33, 7, 88]	27
256	0.9816287831891066	0.9983596096905774	6.752593910073201	7.528124972090727	[101, 100, 33, 67, 7, 88]	27
257	0.9819122896213734	0.9984121021804788	6.752593910073201	7.528124972090727	[3, 5, 2, 7, 68, 88]	26
258	0.982191420954377	0.9984415076956552	6.752593910073201	7.140359441081964	[3, 5, 6, 1, 34, 88]	27
259	0.982466244705081	0.9984830674904377	6.752593910073201	7.528124972090727	[3, 17, 39, 27, 33, 88]	27
260	0.9827368273485212	0.9985111588332074	6.752593910073201	7.140359441081964	[3, 17, 6, 1, 34, 88]	26
261	0.9830032343338835	0.9985683303340122	6.752593910073201	7.140359441081964	[101, 100, 33, 7, 34, 88]	26
262	0.9832655301003359	0.9986233064491862	6.752593910073201	7.528124972090727	[3, 85, 34, 67, 33, 88]	27
263	0.9835237780926147	0.9986488007742013	6.752593910073201	7.140359441081964	[3, 5, 6, 1, 34, 88]	26
264	0.9837780407763707	0.9986848327535558	6.752593910073201	7.91589050309949	[3, 5, 142, 10, 33, 88]	27
265	0.9840283796532785	0.9987199038801277	6.752593910073201	7.140359441081964	[3, 17, 28, 8, 34, 88]	27
266	0.9842748552759131	0.998743609363829	6.752593910073201	7.528124972090727	[3, 17, 33, 67, 5, 88]	27
267	0.9845175272623958	0.9987771131141269	6.752593910073201	7.140359441081964	[3, 17, 30, 7, 34, 88]	27
268	0.9847564543108157	0.998799759167569	6.752593910073201	7.140359441081964	[3, 6, 67, 33, 34, 88]	27
269	0.9849916942134266	0.9988458484155344	6.752593910073201	7.140359441081964	[13, 34, 68, 67, 7, 88]	28
270	0.9852233038706267	0.9988714962285224	6.752593910073201	7.528124972090727	[140, 6, 17, 3, 5, 88]	27
271	0.9854513393047221	0.9988923944465128	6.752593910073201	7.528124972090727	[3, 37, 27, 33, 7, 88]	26
272	0.9856758556734764	0.9989129056604663	6.752593910073201	6.752593910073201	[3, 68, 67, 7, 34, 88]	27
273	0.9858969072834536	0.9989418948428539	6.752593910073201	7.140359441081964	[3, 5, 2, 7, 34, 88]	27
274	0.9861145476031533	0.9989654082907904	6.752593910073201	7.528124972090727	[13, 34, 33, 27, 5, 88]	27
275	0.9863288292759441	0.9989883992176617	6.752593910073201	7.140359441081964	[123, 3, 17, 1, 34, 88]	26
276	0.9865398041327968	0.9990071325654828	6.752593910073201	6.752593910073201	[3, 5, 67, 7, 34, 88]	26
277	0.9867475232048216	0.9990255189994554	6.752593910073201	6.752593910073201	[3, 17, 33, 7, 34, 88]	27
278	0.9869520367356114	0.9990471741328008	6.752593910073201	7.140359441081964	[0, 1, 34, 67, 7, 88]	27
279	0.9871533941933952	0.9990725828225928	6.752593910073201	7.528124972090728	[13, 18, 6, 1, 34, 88]	27
280	0.9873516442830033	0.9991096795096891	6.752593910073201	7.915890503099491	[110, 101, 100, 33, 68, 88]	26
281	0.9875468349576483	0.999152414893224	6.752593910073201	7.140359441081964	[144, 43, 7, 68, 34, 88]	28
282	0.9877390134305241	0.999171250117819	6.752593910073201	7.140359441081964	[0, 1, 34, 33, 7, 88]	27
283	0.9879282261862259	0.9991865973378594	6.752593910073201	7.140359441081964	[3, 34, 67, 33, 7, 88]	27
284	0.988114518991994	0.9992082880755165	6.752593910073201	7.140359441081964	[3, 8, 34, 68, 7, 88]	27
285	0.9882979369087842	0.9992336228570999	6.752593910073201	7.140359441081964	[119, 17, 68, 67, 34, 88]	27
286	0.9884785243021672	0.9992540595809106	6.752593910073201	7.140359441081964	[101, 100, 33, 7, 34, 88]	27
287	0.9886563248530597	0.9992678732923752	6.752593910073201	7.140359441081964	[3, 17, 37, 1, 34, 88]	27
288	0.9888313815682902	0.9992873966712452	6.752593910073201	7.140359441081964	[13, 98, 7, 33, 34, 88]	27
289	0.9890037367910018	0.9993032323007731	6.752593910073201	7.140359441081964	[119, 6, 33, 68, 34, 88]	26
290	0.9891734322108937	0.9993218127727526	6.752593910073201	7.528124972090727	[3, 52, 68, 33, 7, 88]	27
291	0.9893405088743059	0.9993343717954793	6.752593910073201	7.140359441081964	[3, 6, 33, 7, 34, 88]	27
292	0.9895050071941468	0.9993466982437111	6.752593910073201	6.752593910073201	[3, 5, 67, 68, 34, 88]	27
293	0.9896669669596693	0.9993612160605176	6.752593910073201	7.140359441081964	[13, 3, 17, 33, 34, 88]	27
294	0.9898264273460942	0.9993730453927302	6.752593910073201	6.752593910073201	[3, 68, 67, 7, 34, 88]	26
295	0.9899834269240865	0.9993846556632352	6.752593910073201	7.140359441081964	[13, 3, 5, 8, 34, 88]	27
296	0.9901380036690851	0.9994043466820117	6.752593910073201	7.140359441081964	[3, 5, 67, 68, 7, 88]	27
297	0.9902901949704882	0.9994175834224115	6.752593910073201	7.140359441081964	[123, 6, 67, 7, 34, 88]	27
298	0.9904400376406967	0.9994362207528943	6.752593910073201	7.528124972090727	[119, 17, 48, 29, 34, 88]	28
299	0.9905875679240193	0.9994487491806078	6.752593910073201	7.528124972090727	[0, 1, 34, 27, 33, 88]	26
300	0.9907328215054387	0.999458957529115	6.752593910073201	6.752593910073201	[3, 5, 67, 7, 34, 88]	27
301	0.9908758335192437	0.9994733853283386	6.752593910073201	7.140359441081964	[3, 43, 67, 7, 34, 88]	26
302	0.991016638557527	0.9994850878765977	6.752593910073201	7.140359441081964	[123, 3, 5, 8, 34, 88]	27
303	0.9911552706785528	0.9994965303682289	6.752593910073201	7.140359441081964	[0, 1, 34, 33, 7, 88]	27
304	0.9912917634149948	0.9995042999613117	6.752593910073201	6.752593910073201	[3, 68, 67, 7, 34, 88]	27
305	0.9914261497820474	0.9995175186290102	6.752593910073201	7.140359441081964	[3, 17, 6, 8, 34, 88]	26
306	0.9915584622854109	0.9995303847989032	6.752593910073201	7.140359441081964	[3, 5, 8, 34, 33, 88]	26
307	0.9916887329291545	0.9995390813767013	6.752593910073201	6.752593910073201	[3, 5, 67, 33, 34, 88]	27
308	0.9918169932234577	0.9995493240127746	6.752593910073201	7.528124972090727	[0, 1, 34, 8, 7, 88]	27
309	0.9919432741922315	0.9995576698643899	6.752593910073201	7.528124972090727	[3, 5, 37, 33, 7, 88]	27
310	0.992067606380623	0.9995658611631975	6.752593910073201	8.303656034108254	[3, 10, 6, 4, 5, 88]	26
311	0.9921900198624035	0.9995774381988456	6.752593910073201	7.528124972090728	[3, 92, 6, 33, 34, 88]	27
312	0.992310544247243	0.9995868284610934	6.752593910073201	7.140359441081964	[123, 6, 67, 7, 34, 88]	28
313	0.9924292086878719	0.9996000499503385	6.752593910073201	7.140359441081964	[13, 98, 7, 68, 34, 88]	26
314	0.9925460418871331	0.9996107152849961	6.752593910073201	7.528124972090727	[140, 57, 1, 34, 7, 88]	26
315	0.9926610721049243	0.9996231723958762	6.752593910073201	7.91589050309949	[101, 100, 26, 19, 5, 88]	27
316	0.9927743271650334	0.9996352308792081	6.752593910073201	7.140359441081964	[123, 6, 67, 7, 34, 88]	27
317	0.9928858344618694	0.9996492380134465	6.752593910073201	7.140359441081964	[3, 98, 7, 67, 34, 88]	27
318	0.9929956209670875	0.9996585916664213	6.752593910073201	7.140359441081964	[3, 104, 33, 7, 34, 88]	26
319	0.9931037132361139	0.9996661785182787	6.752593910073201	7.528124972090727	[140, 6, 67, 33, 7, 88]	27
320	0.9932101374145689	0.9996723603975698	6.752593910073201	7.140359441081964	[3, 34, 67, 33, 7, 88]	27
321	0.993314919244591	0.9996796412776238	6.752593910073201	7.140359441081964	[0, 1, 34, 33, 7, 88]	26
322	0.9934180840710634	0.9996855738465567	6.752593910073201	6.752593910073201	[3, 17, 33, 7, 34, 88]	27
323	0.9935196568477445	0.999692561094411	6.752593910073201	7.528124972090727	[140, 6, 17, 3, 5, 88]	27
324	0.993619662143304	0.9997007594652266	6.752593910073201	7.528124972090727	[3, 8, 34, 1, 7, 88]	26
325	0.9937181241472653	0.9997063009566114	6.752593910073201	7.528124972090727	[3, 17, 11, 27, 34, 88]	27
326	0.993815066675857	0.99971282760202	6.752593910073201	7.528124972090727	[3, 61, 41, 27, 33, 88]	28
327	0.9939105131777727	0.99971814560939	6.752593910073201	7.140359441081964	[13, 3, 17, 1, 34, 88]	27
328	0.9940044867398441	0.999723365135142	6.752593910073201	7.140359441081964	[3, 5, 6, 1, 34, 88]	27
329	0.9940970100926243	0.999732586297304	6.752593910073201	7.528124972090728	[21, 20, 5, 8, 34, 88]	26
330	0.9941881056158863	0.9997375384029095	6.752593910073201	7.140359441081964	[3, 5, 27, 7, 34, 88]	27
331	0.9942777953440362	0.9997459371740164	6.752593910073201	7.915890503099491	[123, 6, 93, 29, 34, 88]	27
332	0.9943661009714431	0.9997527121827092	6.752593910073201	7.140359441081964	[3, 8, 34, 33, 7, 88]	26
333	0.9944530438576862	0.999758207467538	6.752593910073201	7.528124972090727	[119, 6, 17, 3, 5, 88]	27
334	0.9945386450327219	0.999763580634926	6.752593910073201	7.140359441081964	[123, 6, 33, 7, 34, 88]	27
335	0.99462292520197	0.9997698851513279	6.752593910073201	7.140359441081964	[3, 24, 27, 33, 34, 88]	26
336	0.9947059047513224	0.9997760215472925	6.752593910073201	7.140359441081964	[123, 3, 5, 8, 34, 88]	27
337	0.9947876037520735	0.9997831888577792	6.752593910073201	7.140359441081964	[3, 5, 12, 8, 34, 88]	27
338	0.994868041965776	0.9997872038789314	6.752593910073201	7.140359441081964	[3, 5, 8, 34, 33, 88]	26
339	0.9949472388490203	0.9997919326816218	6.752593910073201	7.528124972090727	[3, 17, 43, 7, 68, 88]	27
340	0.9950252135581403	0.9997999224666475	6.752593910073201	7.140359441081964	[140, 147, 33, 68, 34, 88]	27
341	0.995101984953848	0.9998043686340554	6.752593910073201	7.528124972090727	[144, 43, 8, 34, 7, 88]	27
342	0.9951775716057949	0.999808715997743	6.752593910073201	7.91589050309949	[0, 1, 34, 10, 33, 88]	27
343	0.9952519917970635	0.9998122582940812	6.752593910073201	7.140359441081964	[3, 8, 34, 33, 7, 88]	27
344	0.9953252635285903	0.9998164303319904	6.752593910073201	7.528124972090727	[3, 61, 27, 33, 7, 88]	26
345	0.9953974045235194	0.9998223045613668	6.752593910073201	7.528124972090727	[3, 5, 150, 27, 33, 88]	26
346	0.9954684322314897	0.999827990815403	6.752593910073201	7.91589050309949	[119, 17, 48, 6, 5, 88]	27
347	0.9955383638328557	0.9998318132417274	6.752593910073201	7.528124972090728	[144, 43, 6, 1, 34, 88]	27
348	0.9956072162428424	0.999834927811325	6.752593910073201	6.752593910073201	[3, 5, 27, 33, 34, 88]	27
349	0.9956750061156381	0.9998385960821845	6.752593910073201	7.528124972090727	[140, 57, 41, 27, 33, 88]	26
350	0.9957417498484215	0.9998410868833854	6.752593910073201	6.752593910073201	[3, 5, 67, 7, 34, 88]	27
351	0.9958074635853286	0.9998471891470633	6.752593910073201	7.528124972090728	[3, 4, 7, 1, 34, 88]	28
352	0.9958721632213574	0.9998505849437953	6.752593910073201	7.528124972090727	[3, 17, 37, 33, 68, 88]	27
353	0.9959358644062131	0.999854569345294	6.752593910073201	7.140359441081964	[3, 17, 43, 7, 34, 88]	26
354	0.9959985825480925	0.9998572625055664	6.752593910073201	6.752593910073201	[3, 17, 33, 7, 34, 88]	27
355	0.996060332817412	0.9998604344498871	6.752593910073201	7.140359441081964	[13, 3, 17, 7, 34, 88]	27
356	0.9961211301504767	0.9998641561978902	6.752593910073201	7.528124972090727	[3, 17, 49, 33, 7, 88]	27
357	0.9961809892530927	0.9998677786992798	6.752593910073201	6.752593910073201	[3, 5, 67, 7, 34, 88]	27
358	0.9962399246041252	0.9998707169504069	6.752593910073201	7.91589050309949	[123, 3, 17, 4, 5, 88]	26
359	0.9962979504589998	0.9998741644983961	6.752593910073201	7.140359441081964	[3, 8, 34, 33, 7, 88]	27
360	0.9963550808531512	0.9998764947854627	6.752593910073201	7.140359441081964	[3, 17, 1, 34, 33, 88]	27
361	0.9964113296054173	0.9998792393457858	6.752593910073201	7.140359441081964	[119, 6, 33, 7, 34, 88]	27
362	0.9964667103213831	0.9998824596298982	6.752593910073201	7.528124972090727	[13, 98, 8, 34, 33, 88]	27
363	0.9965212363966703	0.9998855940397675	6.752593910073201	7.91589050309949	[13, 34, 7, 4, 5, 88]	28
364	0.9965749210201785	0.9998877126686607	6.752593910073201	7.140359441081964	[3, 5, 37, 1, 34, 88]	27
365	0.9966277771772746	0.9998897920636856	6.752593910073201	6.752593910073201	[3, 5, 67, 33, 34, 88]	26
366	0.9966798176529339	0.9998927309419873	6.752593910073201	7.915890503099491	[119, 6, 89, 10, 34, 88]	27
367	0.9967310550348331	0.9998955914502009	6.752593910073201	7.528124972090727	[3, 5, 12, 4, 34, 88]	27
368	0.9967815017163943	0.9998983756781956	6.752593910073201	7.140359441081964	[3, 52, 68, 7, 34, 88]	27
369	0.9968311698997833	0.9999002576100808	6.752593910073201	7.91589050309949	[3, 5, 8, 2, 7, 88]	27
370	0.9968800715988607	0.9999024741076346	6.752593910073201	7.528124972090727	[0, 1, 34, 8, 7, 88]	27
371	0.9969282186420881	0.9999050747980976	6.752593910073201	7.140359441081964	[3, 17, 48, 29, 34, 88]	27
372	0.9969756226753893	0.9999082389714944	6.752593910073201	7.140359441081964	[144, 43, 27, 33, 34, 88]	26
373	0.9970222951649665	0.9999102781054612	6.752593910073201	7.528124972090727	[101, 100, 41, 27, 34, 88]	27
374	0.9970682474000752	0.9999132688352792	6.752593910073201	7.140359441081964	[144, 43, 7, 33, 34, 88]	27
375	0.9971134904957529	0.9999151961944952	6.752593910073201	7.140359441081964	[13, 34, 67, 33, 7, 88]	28
376	0.9971580353955098	0.9999167666353379	6.752593910073201	6.752593910073201	[3, 5, 27, 33, 34, 88]	26
377	0.9972018928739742	0.9999189861917289	6.752593910073201	7.140359441081964	[3, 5, 35, 7, 34, 88]	27
378	0.9972450735394993	0.9999211465599495	6.752593910073201	7.528124972090727	[13, 14, 17, 3, 5, 88]	27
379	0.9972875878367292	0.9999241745320474	6.752593910073201	7.528124972090728	[144, 43, 65, 1, 34, 88]	27
380	0.9973294460491254	0.9999258595424463	6.752593910073201	7.528124972090727	[13, 3, 17, 4, 34, 88]	27
381	0.9973706583014538	0.999928232037088	6.752593910073201	7.528124972090727	[3, 5, 71, 33, 7, 88]	27
382	0.9974112345622338	0.9999293395673798	6.752593910073201	6.752593910073201	[3, 17, 68, 33, 34, 88]	27
383	0.9974511846461499	0.9999306480939099	6.752593910073201	7.140359441081964	[3, 5, 8, 34, 33, 88]	27
384	0.9974905182164254	0.9999328673549048	6.752593910073201	7.528124972090728	[140, 6, 2, 8, 34, 88]	27
385	0.9975292447871595	0.9999341105520362	6.752593910073201	6.752593910073201	[3, 17, 68, 67, 34, 88]	27
386	0.9975673737256293	0.999936219014371	6.752593910073201	7.140359441081964	[13, 34, 68, 67, 7, 88]	28
387	0.9976049142545548	0.9999392805016812	6.752593910073201	7.528124972090727	[101, 100, 27, 33, 68, 88]	26
388	0.9976418754543301	0.9999404049368352	6.752593910073201	7.91589050309949	[3, 5, 52, 29, 33, 88]	27
389	0.9976782662652202	0.9999419941385197	6.752593910073201	7.140359441081964	[3, 5, 2, 7, 34, 88]	27
390	0.9977140954895223	0.9999430683211397	6.752593910073201	7.140359441081964	[3, 6, 33, 7, 34, 88]	27
391	0.9977493717936964	0.9999445864992426	6.752593910073201	7.528124972090727	[3, 17, 1, 33, 7, 88]	27
392	0.9977841037104603	0.9999463597312669	6.752593910073201	7.140359441081964	[123, 3, 68, 67, 34, 88]	28
393	0.9978182996408544	0.999947790138433	6.752593910073201	7.140359441081964	[3, 17, 6, 1, 34, 88]	26
394	0.9978519678562733	0.9999491824014082	6.752593910073201	7.528124972090727	[3, 17, 48, 40, 5, 88]	27
395	0.9978851165004666	0.9999501234680488	6.752593910073201	7.140359441081964	[3, 17, 33, 27, 34, 88]	26
396	0.9979177535915088	0.9999517195170712	6.752593910073201	7.528124972090727	[123, 3, 5, 67, 33, 88]	27
397	0.9979498870237387	0.9999527924166919	6.752593910073201	7.528124972090727	[119, 17, 1, 34, 33, 88]	27
398	0.9979815245696686	0.9999536666311976	6.752593910073201	7.140359441081964	[3, 5, 8, 34, 7, 88]	27
399	0.9980126738818651	0.9999549021876989	6.752593910073201	6.752593910073201	[3, 68, 67, 33, 34, 88]	27
400	0.9980433424947992	0.9999559043613057	6.752593910073201	7.140359441081964	[0, 1, 34, 68, 33, 88]	27
401	0.9980735378266696	0.9999576681868534	6.752593910073201	7.91589050309949	[0, 1, 68, 33, 38, 88]	27
402	0.9981032671811964	0.999958797035204	6.752593910073201	7.140359441081964	[119, 17, 68, 67, 34, 88]	26
403	0.9981325377493877	0.9999598957809319	6.752593910073201	7.528124972090727	[119, 6, 48, 17, 34, 88]	26
404	0.9981613566112799	0.9999607869858	6.752593910073201	7.140359441081964	[123, 3, 5, 8, 34, 88]	27
405	0.998189730737649	0.9999622927655454	6.752593910073201	7.528124972090728	[13, 18, 6, 1, 34, 88]	27
406	0.9982176669916977	0.9999634993970479	6.752593910073201	7.528124972090727	[13, 34, 1, 67, 33, 88]	27
407	0.9982451721307147	0.9999641753341396	6.752593910073201	7.140359441081964	[3, 17, 43, 67, 34, 88]	27
408	0.9982722528077098	0.9999648387538778	6.752593910073201	7.140359441081964	[3, 17, 50, 33, 34, 88]	27
409	0.998298915573023	0.9999654898880652	6.752593910073201	7.140359441081964	[3, 17, 68, 33, 7, 88]	27
410	0.9983251668759084	0.9999664101577168	6.752593910073201	7.140359441081964	[13, 34, 68, 33, 7, 88]	28
411	0.998351013066095	0.9999670321918331	6.752593910073201	7.528124972090727	[3, 17, 48, 29, 7, 88]	26
412	0.9983764603953219	0.9999677648097924	6.752593910073201	7.528124972090728	[119, 17, 6, 8, 34, 88]	26
413	0.9984015150188509	0.9999687963358791	6.752593910073201	8.303656034108254	[119, 6, 8, 12, 5, 88]	27
414	0.9984261829969551	0.9999693741815109	6.752593910073201	6.752593910073201	[3, 17, 33, 7, 34, 88]	27
415	0.9984504702963848	0.9999699413262978	6.752593910073201	7.140359441081964	[3, 17, 6, 67, 34, 88]	27
416	0.9984743827918109	0.9999706092968245	6.752593910073201	7.140359441081964	[119, 6, 67, 7, 34, 88]	27
417	0.998497926267246	0.9999715497993261	6.752593910073201	7.528124972090727	[144, 43, 67, 33, 7, 88]	27
418	0.9985211064174427	0.9999721820260077	6.752593910073201	7.528124972090727	[140, 57, 1, 34, 7, 88]	27
419	0.9985439288492723	0.9999726971736742	6.752593910073201	7.140359441081964	[3, 43, 27, 33, 34, 88]	27
420	0.9985663990830799	0.9999733039031482	6.752593910073201	7.528124972090727	[123, 6, 33, 68, 7, 88]	26
421	0.99858852255402	0.9999741581782474	6.752593910073201	7.915890503099491	[0, 1, 50, 67, 7, 88]	26
422	0.9986103046133715	0.9999749851165435	6.752593910073201	7.528124972090727	[123, 3, 68, 67, 7, 88]	27
423	0.9986317505298319	0.9999756521801023	6.752593910073201	7.528124972090727	[13, 135, 5, 3, 34, 88]	27
424	0.9986528654907912	0.999976103065656	6.752593910073201	7.140359441081964	[3, 5, 8, 34, 7, 88]	27
425	0.9986736546035877	0.9999770589430298	6.752593910073201	7.140359441081964	[144, 43, 67, 7, 34, 88]	27
426	0.9986941228967422	0.9999774837774181	6.752593910073201	7.140359441081964	[3, 17, 68, 67, 7, 88]	27
427	0.9987142753211752	0.9999780842100203	6.752593910073201	7.140359441081964	[3, 5, 35, 7, 34, 88]	27
428	0.998734116751404	0.9999785712275754	6.752593910073201	7.528124972090727	[140, 57, 41, 27, 33, 88]	27
429	0.9987536519867218	0.9999791426615067	6.752593910073201	7.528124972090728	[3, 10, 37, 1, 34, 88]	27
430	0.9987728857523588	0.9999796061579177	6.752593910073201	7.140359441081964	[119, 6, 67, 33, 34, 88]	27
431	0.9987918227006248	0.99997998382166	6.752593910073201	7.140359441081964	[3, 5, 6, 1, 34, 88]	27
432	0.9988104674120349	0.9999803544916293	6.752593910073201	7.528124972090727	[3, 6, 1, 34, 7, 88]	27
433	0.9988288243964172	0.9999807910584819	6.752593910073201	7.140359441081964	[119, 6, 33, 68, 34, 88]	27
434	0.9988468980940033	0.9999814057446105	6.752593910073201	7.140359441081964	[123, 6, 33, 7, 34, 88]	26
435	0.9988646928765033	0.9999817500826732	6.752593910073201	6.752593910073201	[3, 5, 67, 7, 34, 88]	28
436	0.9988822130481622	0.9999820880441053	6.752593910073201	7.140359441081964	[119, 17, 33, 7, 34, 88]	27
437	0.9988994628468016	0.9999825656962624	6.752593910073201	7.528124972090727	[140, 6, 5, 3, 34, 88]	28
438	0.9989164464448448	0.9999828885537391	6.752593910073201	7.528124972090727	[3, 37, 1, 34, 33, 88]	27
439	0.9989331679503256	0.9999837099031595	6.752593910073201	7.91589050309949	[144, 43, 7, 67, 5, 88]	27
440	0.9989496314078823	0.9999840115716195	6.752593910073201	7.140359441081964	[3, 17, 68, 67, 7, 88]	27
441	0.9989658407997359	0.999984366870028	6.752593910073201	7.140359441081964	[3, 17, 68, 67, 7, 88]	27
442	0.9989818000466536	0.9999851172602666	6.752593910073201	7.528124972090727	[101, 100, 33, 67, 7, 88]	27
443	0.9989975130088966	0.9999856133515911	6.752593910073201	7.140359441081964	[101, 100, 33, 67, 34, 88]	27
444	0.9990129834871544	0.9999860737243402	6.752593910073201	7.528124972090727	[123, 6, 1, 34, 7, 88]	27
445	0.9990282152234637	0.9999863831971326	6.752593910073201	7.528124972090728	[144, 43, 27, 7, 34, 88]	27
446	0.999043211902114	0.999986685792752	6.752593910073201	7.528124972090727	[144, 43, 27, 33, 7, 88]	26
447	0.9990579771505381	0.9999871118473839	6.752593910073201	7.528124972090727	[13, 135, 5, 3, 34, 88]	27
448	0.9990725145401903	0.9999875242682675	6.752593910073201	7.528124972090728	[140, 6, 52, 68, 34, 88]	26
449	0.9990868275874096	0.9999877553003367	6.752593910073201	7.140359441081964	[3, 17, 29, 1, 34, 88]	27
450	0.9991009197542706	0.9999883430459205	6.752593910073201	7.140359441081964	[0, 1, 34, 68, 7, 88]	27
451	0.9991147944494208	0.9999885589154405	6.752593910073201	7.140359441081964	[3, 5, 6, 8, 34, 88]	27
452	0.999128455028905	0.9999887707873768	6.752593910073201	6.752593910073201	[3, 68, 33, 7, 34, 88]	28
453	0.9991419047969774	0.9999890702330467	6.752593910073201	7.528124972090727	[3, 61, 8, 34, 7, 88]	26
454	0.9991551470069007	0.9999894899360977	6.752593910073201	7.528124972090728	[13, 98, 6, 1, 34, 88]	27
455	0.9991681848617324	0.9999896845669107	6.752593910073201	6.752593910073201	[3, 17, 33, 7, 34, 88]	28
456	0.9991810215151007	0.9999900146607696	6.752593910073201	7.140359441081964	[140, 147, 33, 68, 34, 88]	27
457	0.9991936600719664	0.9999901995744591	6.752593910073201	7.140359441081964	[3, 17, 68, 67, 7, 88]	27
458	0.9992061035893743	0.9999904609191401	6.752593910073201	7.528124972090727	[13, 18, 17, 3, 5, 88]	26
459	0.9992183550771927	0.9999907152946298	6.752593910073201	7.915890503099491	[119, 6, 62, 7, 68, 88]	27
460	0.999230417498841	0.9999908872336181	6.752593910073201	7.528124972090727	[13, 18, 17, 3, 5, 88]	28
461	0.999242293772007	0.9999910559885511	6.752593910073201	6.752593910073201	[3, 5, 67, 7, 34, 88]	27
462	0.9992539867693525	0.9999913421969174	6.752593910073201	7.528124972090728	[119, 6, 52, 68, 34, 88]	26
463	0.9992654993192083	0.9999915730716663	6.752593910073201	6.752593910073201	[3, 17, 7, 67, 34, 88]	27
464	0.9992768342062575	0.9999917291258947	6.752593910073201	7.140359441081964	[3, 37, 27, 33, 34, 88]	27
465	0.9992879941722103	0.9999919129230971	6.752593910073201	7.528124972090727	[0, 1, 34, 8, 7, 88]	27
466	0.9992989819164663	0.9999920626837805	6.752593910073201	7.140359441081964	[3, 10, 33, 7, 34, 88]	27
467	0.9993098000967677	0.9999922390685854	6.752593910073201	7.140359441081964	[13, 34, 68, 67, 7, 88]	27
468	0.9993204513298424	0.9999924460267564	6.752593910073201	7.528124972090728	[3, 99, 50, 1, 34, 88]	27
469	0.9993309381920361	0.9999926474660429	6.752593910073201	6.752593910073201	[3, 5, 67, 68, 34, 88]	26
470	0.9993412632199368	0.9999927836240792	6.752593910073201	7.140359441081964	[3, 8, 34, 33, 7, 88]	27
471	0.9993514289109872	0.9999929760607703	6.752593910073201	7.140359441081964	[3, 98, 7, 67, 34, 88]	27
472	0.9993614377240893	0.9999931061337191	6.752593910073201	6.752593910073201	[3, 68, 67, 7, 34, 88]	27
473	0.9993712920801989	0.9999932899701532	6.752593910073201	7.140359441081964	[3, 52, 68, 7, 34, 88]	27
474	0.999380994362912	0.9999934390819276	6.752593910073201	7.528124972090727	[119, 6, 17, 3, 5, 88]	26
475	0.9993905469190398	0.9999936490313059	6.752593910073201	7.91589050309949	[3, 17, 14, 19, 5, 88]	28
476	0.9993999520591781	0.9999938183904711	6.752593910073201	7.140359441081964	[140, 147, 7, 67, 34, 88]	28
477	0.9994092120582648	0.999994016201976	6.752593910073201	7.140359441081964	[144, 43, 67, 33, 34, 88]	26
478	0.9994183291561312	0.9999941491752654	6.752593910073201	7.140359441081964	[119, 6, 33, 7, 34, 88]	33
479	0.9994273055580427	0.9999943738469352	6.752593910073201	7.528124972090727	[13, 98, 7, 68, 33, 88]	27
480	0.9994361434352333	0.9999945238776836	6.752593910073201	7.140359441081964	[3, 8, 34, 67, 7, 88]	27
481	0.9994448449254304	0.9999946699076121	6.752593910073201	6.752593910073201	[3, 5, 67, 7, 34, 88]	26
482	0.9994534121333712	0.9999948120434091	6.752593910073201	7.140359441081964	[3, 5, 2, 7, 34, 88]	28
483	0.9994618471313131	0.99999497805802	6.752593910073201	7.915890503099491	[119, 6, 28, 29, 34, 88]	27
484	0.9994701519595336	0.9999951387601633	6.752593910073201	7.528124972090727	[140, 57, 27, 33, 7, 88]	27
485	0.9994783286268247	0.999995325431773	6.752593910073201	7.528124972090727	[13, 34, 68, 67, 5, 88]	27
486	0.9994863791109787	0.9999954119978514	6.752593910073201	7.528124972090727	[3, 17, 48, 29, 33, 88]	29
487	0.999494305359266	0.9999955588139201	6.752593910073201	7.528124972090727	[13, 3, 17, 4, 34, 88]	27
488	0.999502109288907	0.9999957293554655	6.752593910073201	7.528124972090728	[140, 147, 57, 1, 34, 88]	27
489	0.9995097927875349	0.9999958432393198	6.752593910073201	7.528124972090727	[3, 28, 8, 34, 7, 88]	27
490	0.9995173577136532	0.9999959356117794	6.752593910073201	7.528124972090727	[3, 5, 37, 33, 68, 88]	28
491	0.9995248058970845	0.9999960656722024	6.752593910073201	7.91589050309949	[144, 43, 7, 67, 5, 88]	26
492	0.9995321391394135	0.999996191570692	6.752593910073201	7.528124972090727	[0, 1, 34, 8, 38, 88]	26
493	0.9995393592144225	0.9999963134404298	6.752593910073201	7.528124972090727	[123, 3, 17, 33, 7, 88]	27
494	0.999546467868521	0.9999963953639758	6.752593910073201	7.140359441081964	[123, 6, 33, 7, 34, 88]	27
495	0.9995534668211672	0.9999964621164948	6.752593910073201	7.528124972090727	[3, 17, 11, 27, 33, 88]	26
496	0.9995603577652851	0.9999965407361282	6.752593910073201	7.91589050309949	[123, 3, 17, 6, 33, 88]	28
497	0.9995671423676726	0.9999966329831648	6.752593910073201	7.140359441081964	[3, 17, 7, 8, 34, 88]	27
498	0.999573822269406	0.9999967622766113	6.752593910073201	7.140359441081964	[13, 3, 68, 67, 34, 88]	27
499	0.9995803990862362	0.9999968342260199	6.752593910073201	7.140359441081964	[101, 100, 27, 33, 34, 88]	26
