0	0.015432098765432056	0.026666666666666616	7.140359441081964	7.140359441081964	[3, 17, 65, 1, 34, 88]	164
1	0.030626047858558048	0.052622222222222126	7.140359441081964	7.140359441081964	[119, 6, 33, 68, 34, 88]	232
2	0.045585522428642	0.07788562962962953	7.140359441081964	7.140359441081964	[3, 8, 34, 68, 7, 88]	28
3	0.06031414090968146	0.0983770600823044	7.140359441081964	7.140359441081964	[123, 6, 33, 68, 34, 88]	27
4	0.07481546589564314	0.12242033848010958	7.140359441081964	7.140359441081964	[13, 98, 7, 33, 34, 88]	32
5	0.08909300500219186	0.13867181369344084	7.140359441081964	7.140359441081964	[3, 17, 48, 29, 34, 88]	28
6	0.10315021171512095	0.15781244005580886	7.140359441081964	7.140359441081964	[140, 6, 33, 7, 34, 88]	27
7	0.11699048622569008	0.18476244197402303	7.140359441081964	7.140359441081964	[13, 34, 68, 67, 7, 88]	27
8	0.13061717625307134	0.20287883215237812	7.140359441081964	7.140359441081964	[123, 6, 67, 68, 34, 88]	31
9	0.1440335778541042	0.22059263588232525	7.140359441081964	8.303656034108254	[140, 57, 1, 6, 5, 88]	26
10	0.1572429362205532	0.23502610558820813	7.140359441081964	7.140359441081964	[3, 5, 37, 1, 34, 88]	26
11	0.17024844646406312	0.2491922888180561	7.140359441081964	7.140359441081964	[3, 17, 68, 67, 33, 88]	33
12	0.18305325438900033	0.27802330492744276	7.140359441081964	7.528124972090727	[3, 104, 33, 68, 7, 88]	27
13	0.19566045725336756	0.29406723148461067	7.140359441081964	7.140359441081964	[119, 17, 33, 7, 34, 88]	27
14	0.208073104517976	0.304961255690095	6.752593910073201	6.752593910073201	[3, 17, 33, 7, 34, 88]	30
15	0.22029419858405663	0.32720249550801195	6.752593910073201	7.140359441081964	[119, 17, 7, 67, 34, 88]	32
16	0.2323266955194878	0.345143762294465	6.752593910073201	7.528124972090728	[13, 14, 6, 8, 34, 88]	32
17	0.2441735057738167	0.3626065952999459	6.752593910073201	6.752593910073201	[3, 17, 68, 67, 34, 88]	31
18	0.2558374948822454	0.38300318425034763	6.752593910073201	7.528124972090727	[119, 6, 33, 68, 7, 88]	27
19	0.2673214841587539	0.40274708235433654	6.752593910073201	7.528124972090728	[13, 14, 6, 1, 34, 88]	27
20	0.2786282513785262	0.413807321569997	6.752593910073201	6.752593910073201	[3, 17, 68, 7, 34, 88]	26
21	0.28976053144984526	0.4325654872797571	6.752593910073201	7.91589050309949	[13, 98, 7, 33, 38, 88]	27
22	0.30072101707561927	0.4430735338116134	6.752593910073201	7.140359441081964	[3, 5, 8, 34, 7, 88]	26
23	0.31151235940469924	0.46089518072964175	6.752593910073201	8.303656034108254	[13, 98, 97, 17, 7, 88]	30
24	0.32213716867314524	0.4752713092435179	6.752593910073201	7.140359441081964	[3, 37, 7, 68, 34, 88]	27
25	0.3325980148355967	0.48693194681588414	6.752593910073201	7.528124972090727	[140, 57, 1, 34, 7, 88]	27
26	0.34289742818689917	0.4983334591088645	6.752593910073201	7.528124972090727	[140, 6, 17, 3, 5, 88]	27
27	0.35303789997413837	0.515055677138569	6.752593910073201	7.140359441081964	[0, 1, 34, 68, 7, 88]	27
28	0.3630218829992288	0.5258322176466008	6.752593910073201	7.140359441081964	[123, 6, 33, 7, 34, 88]	27
29	0.37285179221220366	0.5485922711995641	6.752593910073201	7.915890503099491	[21, 20, 5, 67, 7, 88]	28
30	0.38253000529534864	0.558623554061796	6.752593910073201	7.140359441081964	[3, 5, 67, 33, 7, 88]	31
31	0.3920588632383216	0.570393592620148	6.752593910073201	7.91589050309949	[3, 17, 100, 29, 33, 88]	32
32	0.40144067090439683	0.5818497634836107	6.752593910073201	7.528124972090727	[0, 1, 34, 8, 38, 88]	32
33	0.4106776975879709	0.5911419909617528	6.752593910073201	7.140359441081964	[119, 17, 3, 8, 34, 88]	31
34	0.4197721775634652	0.6042254472509767	6.752593910073201	7.528124972090727	[144, 43, 67, 68, 7, 88]	32
35	0.4287263106257574	0.6168902329389454	6.752593910073201	7.140359441081964	[13, 34, 67, 33, 7, 88]	35
36	0.43754226262227347	0.6322146236213876	6.752593910073201	7.528124972090727	[144, 43, 8, 34, 68, 88]	26
37	0.44622216597686803	0.6403876319853568	6.752593910073201	7.140359441081964	[0, 1, 68, 67, 34, 88]	27
38	0.4547681202056201	0.6499772951324139	6.752593910073201	7.528124972090727	[119, 6, 67, 33, 7, 88]	27
39	0.46318219242466907	0.6611780216881766	6.752593910073201	7.140359441081964	[119, 17, 68, 7, 34, 88]	27
40	0.47146641785021426	0.6702132744431586	6.752593910073201	7.528124972090727	[13, 12, 8, 34, 7, 88]	27
41	0.4796228002907974	0.6790075871246743	6.752593910073201	7.140359441081964	[140, 147, 27, 33, 34, 88]	26
42	0.48765331263198874	0.68495189106681	6.752593910073201	7.140359441081964	[3, 5, 8, 34, 7, 88]	27
43	0.49555989731359384	0.6950334305526721	6.752593910073201	7.528124972090728	[0, 1, 17, 68, 34, 88]	27
44	0.5033444667994951	0.7031658724046008	6.752593910073201	7.528124972090728	[3, 56, 50, 1, 34, 88]	27
45	0.5110089040402437	0.7126645644876536	6.752593910073201	7.140359441081964	[13, 34, 67, 33, 7, 88]	27
46	0.5185550629285114	0.7218592984240486	6.752593910073201	7.915890503099491	[119, 17, 1, 67, 7, 88]	26
47	0.5259847687475159	0.7292763837994074	6.752593910073201	7.528124972090727	[3, 5, 40, 50, 34, 88]	27
48	0.5332998186125233	0.7379395395178263	6.752593910073201	7.915890503099491	[144, 43, 8, 98, 34, 88]	27
49	0.5405019819055399	0.7463254742532559	6.752593910073201	7.528124972090728	[123, 6, 62, 7, 34, 88]	26
50	0.5475930007032939	0.7544430590771517	6.752593910073201	7.140359441081964	[0, 1, 34, 67, 33, 88]	27
51	0.5545745901986134	0.7609912441684277	6.752593910073201	7.140359441081964	[3, 8, 34, 68, 7, 88]	26
52	0.5614484391153014	0.7673648109906029	6.752593910073201	7.140359441081964	[3, 5, 2, 7, 34, 88]	27
53	0.5682162101166085	0.7735684160308535	6.752593910073201	7.140359441081964	[3, 85, 7, 67, 34, 88]	26
54	0.5748795402074016	0.7777615935117637	6.752593910073201	7.140359441081964	[3, 17, 139, 1, 34, 88]	26
55	0.5814400411301268	0.781877119557842	6.752593910073201	7.140359441081964	[3, 17, 29, 1, 34, 88]	27
56	0.5878992997546619	0.7859164321586227	6.752593910073201	7.140359441081964	[3, 17, 1, 34, 33, 88]	27
57	0.5942588784621516	0.7906738447773201	6.752593910073201	7.140359441081964	[0, 1, 34, 33, 7, 88]	27
58	0.6005203155229208	0.7945502550592215	6.752593910073201	7.140359441081964	[3, 5, 4, 7, 34, 88]	26
59	0.6066851254685548	0.7991158049467944	6.752593910073201	7.528124972090727	[140, 57, 27, 33, 7, 88]	26
60	0.6127547994582376	0.8055440991884969	6.752593910073201	7.528124972090727	[0, 1, 34, 67, 5, 88]	30
61	0.6187308056394376	0.811766688014465	6.752593910073201	7.140359441081964	[123, 6, 67, 7, 34, 88]	31
62	0.6246145895030265	0.8152524900882712	6.752593910073201	7.140359441081964	[3, 5, 4, 33, 34, 88]	32
63	0.630407574232918	0.8186737402718217	6.752593910073201	6.752593910073201	[3, 5, 67, 7, 34, 88]	33
64	0.6361111610503113	0.8220316339704917	6.752593910073201	6.752593910073201	[3, 17, 33, 7, 34, 88]	32
65	0.6417267295526212	0.8259864865489253	6.752593910073201	7.91589050309949	[119, 6, 33, 27, 7, 88]	32
66	0.6472556380471796	0.8298534535145047	6.752593910073201	7.140359441081964	[13, 3, 17, 1, 34, 88]	32
67	0.6526992238797849	0.833634487880849	6.752593910073201	7.140359441081964	[140, 147, 33, 7, 34, 88]	31
68	0.6580588037581832	0.8373314992612746	6.752593910073201	7.140359441081964	[3, 5, 2, 7, 34, 88]	32
69	0.6633356740705569	0.8416693259476407	6.752593910073201	6.752593910073201	[3, 5, 67, 33, 34, 88]	31
70	0.6685311111990977	0.8458914772557036	6.752593910073201	7.140359441081964	[140, 57, 27, 33, 34, 88]	33
71	0.6736463718287411	0.850001037862218	6.752593910073201	7.140359441081964	[3, 8, 34, 67, 33, 88]	32
72	0.6786826932511372	0.8533343481319466	6.752593910073201	7.140359441081964	[0, 1, 34, 33, 7, 88]	31
73	0.6836412936639282	0.858223203194215	6.752593910073201	7.140359441081964	[0, 1, 34, 33, 7, 88]	29
74	0.6885233724654107	0.8627600606920002	6.752593910073201	7.528124972090727	[3, 5, 40, 17, 34, 88]	27
75	0.6933301105446482	0.8664197924068802	6.752593910073201	7.528124972090727	[3, 12, 8, 34, 33, 88]	26
76	0.6980626705671074	0.8715492723784559	6.752593910073201	7.140359441081964	[140, 57, 27, 33, 34, 88]	27
77	0.7027221972558866	0.8749746251150304	6.752593910073201	7.915890503099491	[13, 14, 5, 67, 7, 88]	27
78	0.7073098176686043	0.878308635111963	6.752593910073201	7.140359441081964	[140, 147, 7, 68, 34, 88]	26
79	0.7118266414700147	0.881553738175644	6.752593910073201	7.528124972090727	[3, 5, 35, 85, 34, 88]	26
80	0.7162737612004157	0.8853440185540233	6.752593910073201	7.140359441081964	[13, 34, 67, 33, 7, 88]	26
81	0.7206522525399155	0.8878919292528228	6.752593910073201	7.91589050309949	[119, 17, 7, 67, 5, 88]	26
82	0.7249631745686205	0.8908814778060808	6.752593910073201	7.140359441081964	[3, 5, 67, 33, 7, 88]	26
83	0.7292075700228084	0.8933063338548346	6.752593910073201	7.528124972090728	[123, 3, 2, 8, 34, 88]	27
84	0.7333864655471478	0.8952821424871525	6.752593910073201	7.140359441081964	[3, 5, 2, 7, 34, 88]	26
85	0.7375008719430252	0.8980746186874952	6.752593910073201	7.140359441081964	[140, 57, 27, 33, 34, 88]	27
86	0.7415517844130401	0.9003396271611064	6.752593910073201	7.140359441081964	[0, 1, 34, 33, 7, 88]	26
87	0.7455401828017278	0.9025543021130817	6.752593910073201	7.140359441081964	[0, 1, 34, 67, 7, 88]	27
88	0.7494670318325654	0.9047197620661244	6.752593910073201	6.752593910073201	[3, 5, 67, 68, 34, 88]	26
89	0.753333281341322	0.9092932134869505	6.752593910073201	7.140359441081964	[0, 1, 34, 67, 7, 88]	27
90	0.7571398665058078	0.9109729687927476	6.752593910073201	6.752593910073201	[3, 5, 27, 33, 34, 88]	27
91	0.7608877080720762	0.9129513472640199	6.752593910073201	7.528124972090727	[123, 3, 5, 67, 7, 88]	26
92	0.7645777125771367	0.9145633593517233	6.752593910073201	6.752593910073201	[3, 68, 33, 7, 34, 88]	27
93	0.7682107725682302	0.9164619513661294	6.752593910073201	7.91589050309949	[3, 17, 6, 52, 68, 88]	26
94	0.7717877668187205	0.91966981243367	6.752593910073201	7.140359441081964	[140, 147, 7, 68, 34, 88]	27
95	0.7753095605406538	0.9222403784357925	6.752593910073201	7.140359441081964	[0, 1, 34, 68, 33, 88]	26
96	0.7787770055940388	0.9243139683441715	6.752593910073201	7.528124972090727	[13, 12, 8, 34, 33, 88]	27
97	0.7821909406928962	0.9268368360660324	6.752593910073201	7.140359441081964	[101, 100, 27, 33, 34, 88]	28
98	0.7855521916081293	0.9287878537709382	6.752593910073201	7.140359441081964	[3, 5, 37, 1, 34, 88]	26
99	0.7888615713672631	0.9306868443370465	6.752593910073201	7.140359441081964	[3, 5, 35, 7, 34, 88]	27
100	0.7921198804511016	0.9322271366851121	6.752593910073201	7.91589050309949	[119, 6, 33, 27, 5, 88]	26
101	0.79532790698735	0.9337332003143318	6.752593910073201	7.528124972090727	[144, 43, 8, 34, 33, 88]	27
102	0.7984864269412489	0.9355003149726163	6.752593910073201	7.140359441081964	[3, 17, 38, 8, 34, 88]	26
103	0.8015962043032667	0.9366947535842346	6.752593910073201	7.528124972090727	[3, 17, 33, 27, 7, 88]	26
104	0.8046579912738953	0.9378670729623043	6.752593910073201	7.528124972090727	[3, 17, 49, 33, 68, 88]	26
105	0.8076725284455943	0.9390176827222616	6.752593910073201	7.140359441081964	[3, 5, 4, 7, 34, 88]	27
106	0.8106405449819278	0.9401469848940716	6.752593910073201	7.528124972090727	[3, 37, 41, 27, 33, 88]	26
107	0.8135627587939351	0.9412553740626999	6.752593910073201	6.752593910073201	[3, 17, 33, 7, 34, 88]	26
108	0.8164398767137817	0.9423432375059833	6.752593910073201	6.752593910073201	[3, 5, 27, 33, 34, 88]	26
109	0.8192725946657295	0.9438807511724904	6.752593910073201	7.528124972090727	[3, 17, 24, 27, 33, 88]	26
110	0.8220615978344683	0.9453772644745573	6.752593910073201	7.91589050309949	[3, 37, 33, 67, 5, 88]	27
111	0.8248075608308499	0.9468338707552357	6.752593910073201	7.140359441081964	[3, 5, 4, 7, 34, 88]	26
112	0.8275111478550652	0.9478184287042128	6.752593910073201	7.528124972090727	[3, 17, 37, 33, 7, 88]	26
113	0.8301730128573019	0.9489780191774526	6.752593910073201	7.140359441081964	[119, 6, 33, 7, 34, 88]	27
114	0.8327937996959238	0.9506107225637741	6.752593910073201	7.140359441081964	[140, 6, 33, 68, 34, 88]	27
115	0.8353741422932088	0.9517082620623569	6.752593910073201	7.140359441081964	[123, 3, 5, 67, 34, 88]	26
116	0.837914664788684	0.9529960417406941	6.752593910073201	7.140359441081964	[3, 17, 146, 8, 34, 88]	26
117	0.8404159816900932	0.9545001684049919	6.752593910073201	7.140359441081964	[119, 17, 3, 8, 34, 88]	26
118	0.8428786980220363	0.9555112757737698	6.752593910073201	7.140359441081964	[144, 43, 27, 33, 34, 88]	26
119	0.8453034094723135	0.9569349149490092	6.752593910073201	7.528124972090727	[119, 6, 67, 68, 7, 88]	27
120	0.8476907025360123	0.9577324165240275	6.752593910073201	7.528124972090727	[3, 17, 1, 68, 7, 88]	27
121	0.8500411546573702	0.9593554917295049	6.752593910073201	7.915890503099491	[119, 6, 30, 7, 68, 88]	26
122	0.8523553343694478	0.9604393452833847	6.752593910073201	7.140359441081964	[3, 17, 28, 8, 34, 88]	28
123	0.8546338014316477	0.9614942960758278	6.752593910073201	7.91589050309949	[3, 17, 65, 1, 7, 88]	33
124	0.8568771069651099	0.9627264786014013	6.752593910073201	7.528124972090727	[140, 6, 1, 34, 33, 88]	32
125	0.8590857935860187	0.9634167289976716	6.752593910073201	7.528124972090727	[3, 17, 48, 29, 7, 88]	32
126	0.8612603955368516	0.9648215266041611	6.752593910073201	7.528124972090728	[13, 98, 6, 1, 34, 88]	31
127	0.8634014388156039	0.9653644042800228	6.752593910073201	7.140359441081964	[3, 5, 4, 7, 34, 88]	33
128	0.8655094413030175	0.9660058042007631	6.752593910073201	7.140359441081964	[3, 5, 8, 34, 33, 88]	32
129	0.8675849128878474	0.9667612307740795	6.752593910073201	7.140359441081964	[119, 17, 3, 8, 34, 88]	31
130	0.8696283555901955	0.9676475979534374	6.752593910073201	7.915890503099491	[144, 43, 6, 67, 7, 88]	33
131	0.8716402636829393	0.9682467165098552	6.752593910073201	6.752593910073201	[3, 5, 27, 33, 34, 88]	32
132	0.8736211238112891	0.9688347402781912	6.752593910073201	6.752593910073201	[3, 17, 33, 67, 34, 88]	32
133	0.8755714151104975	0.9698320285892891	6.752593910073201	7.528124972090727	[140, 147, 33, 68, 7, 88]	32
134	0.8774916093217553	0.9705024279539716	6.752593910073201	7.140359441081964	[13, 3, 17, 1, 34, 88]	33
135	0.8793821709062961	0.9714856803555059	6.752593910073201	7.528124972090727	[101, 100, 27, 33, 7, 88]	31
136	0.8812435571577422	0.9720137233118853	6.752593910073201	6.752593910073201	[3, 17, 68, 33, 34, 88]	32
137	0.8830762183127152	0.972909284165905	6.752593910073201	7.528124972090727	[13, 3, 68, 33, 7, 88]	31
138	0.8848805976597413	0.9734109640887586	6.752593910073201	7.140359441081964	[3, 8, 34, 33, 7, 88]	26
139	0.8866571316464736	0.9742618132379184	6.752593910073201	7.528124972090728	[123, 6, 51, 8, 34, 88]	26
140	0.8884062499852626	0.9749481648849072	6.752593910073201	7.528124972090728	[3, 24, 27, 7, 34, 88]	26
141	0.890128375757095	0.9757498236085902	6.752593910073201	7.528124972090728	[101, 100, 17, 1, 34, 88]	27
142	0.89182392551393	0.9763964949790277	6.752593910073201	7.91589050309949	[3, 5, 6, 62, 7, 88]	26
143	0.8934933093794557	0.977025921779587	6.752593910073201	7.528124972090727	[3, 17, 48, 29, 7, 88]	26
144	0.8951369311482913	0.9774513676725576	6.752593910073201	7.140359441081964	[119, 17, 33, 7, 34, 88]	26
145	0.8967551883836571	0.9780526645346227	6.752593910073201	7.140359441081964	[101, 100, 33, 7, 34, 88]	26
146	0.898348472513539	0.9787549792695148	6.752593910073201	7.140359441081964	[144, 43, 67, 7, 34, 88]	26
147	0.8999171689253671	0.9797747402645781	6.752593910073201	7.528124972090727	[123, 3, 5, 35, 34, 88]	26
148	0.9014616570592349	0.9802241904809208	6.752593910073201	7.140359441081964	[101, 100, 27, 33, 34, 88]	26
149	0.9029823104996788	0.9805293727265856	6.752593910073201	6.752593910073201	[3, 17, 33, 7, 34, 88]	27
150	0.9044794970660417	0.9810485894538766	6.752593910073201	7.528124972090727	[140, 6, 33, 68, 7, 88]	26
151	0.9059535789014423	0.9814697319104572	6.752593910073201	7.528124972090728	[13, 14, 17, 7, 34, 88]	26
152	0.9074049125603707	0.9820627004893225	6.752593910073201	7.528124972090727	[13, 34, 1, 68, 33, 88]	27
153	0.9088338490949328	0.982541028476274	6.752593910073201	7.140359441081964	[3, 5, 67, 1, 34, 88]	26
154	0.9102407341397641	0.9828643427637503	6.752593910073201	7.140359441081964	[3, 5, 6, 1, 34, 88]	26
155	0.9116259079956319	0.9833212936233837	6.752593910073201	7.915890503099491	[119, 6, 8, 7, 68, 88]	34
156	0.9129897057117488	0.983691931542864	6.752593910073201	7.528124972090728	[0, 1, 29, 33, 34, 88]	26
157	0.9143324571668143	0.9840543330641337	6.752593910073201	7.528124972090727	[123, 6, 67, 33, 7, 88]	27
158	0.9156544871488079	0.9843496231925757	6.752593910073201	7.140359441081964	[3, 5, 27, 33, 7, 88]	26
159	0.9169561154335486	0.9846974093438519	6.752593910073201	7.528124972090727	[144, 43, 17, 3, 5, 88]	26
160	0.9182376568620432	0.984980790652299	6.752593910073201	7.140359441081964	[3, 5, 4, 7, 34, 88]	27
161	0.9194994214166413	0.985258924158738	6.752593910073201	7.528124972090727	[3, 37, 27, 33, 7, 88]	26
162	0.9207417142960141	0.9855319070446872	6.752593910073201	7.140359441081964	[3, 5, 2, 8, 34, 88]	27
163	0.9219648359889768	0.9859177228568289	6.752593910073201	7.140359441081964	[3, 5, 67, 68, 7, 88]	26
164	0.9231690823471717	0.9861785057668876	6.752593910073201	6.752593910073201	[3, 17, 68, 33, 34, 88]	26
165	0.9243547446566289	0.986485650083179	6.752593910073201	7.140359441081964	[140, 6, 33, 68, 34, 88]	29
166	0.9255221097082241	0.9867359158223794	6.752593910073201	6.752593910073201	[3, 17, 33, 7, 34, 88]	27
167	0.9266714598670478	0.9873725918629052	6.752593910073201	7.528124972090728	[144, 43, 65, 1, 34, 88]	26
168	0.9278030731407044	0.9876064327543328	6.752593910073201	6.752593910073201	[3, 17, 33, 7, 34, 88]	26
169	0.9289172232465578	0.9879369278808839	6.752593910073201	7.91589050309949	[13, 98, 7, 33, 38, 88]	26
170	0.9300141796779381	0.9882049961501976	6.752593910073201	7.140359441081964	[3, 5, 6, 8, 34, 88]	26
171	0.9310942077693279	0.9885195295861924	6.752593910073201	7.528124972090727	[3, 17, 100, 27, 33, 88]	26
172	0.932157568760542	0.9887746511509437	6.752593910073201	7.140359441081964	[140, 147, 27, 33, 34, 88]	27
173	0.9332045198599164	0.9890739937869185	6.752593910073201	7.140359441081964	[3, 5, 27, 33, 7, 88]	26
174	0.9342353143065225	0.989316793924987	6.752593910073201	7.528124972090728	[140, 6, 17, 33, 34, 88]	26
175	0.9352502014314219	0.9895146310745243	6.752593910073201	6.752593910073201	[3, 17, 68, 33, 34, 88]	28
176	0.936249426717974	0.989794240912537	6.752593910073201	7.140359441081964	[3, 17, 1, 34, 33, 88]	26
177	0.9372332318612151	0.9900210355589251	6.752593910073201	7.140359441081964	[123, 6, 33, 7, 34, 88]	26
178	0.9382018548263199	0.9902427903242822	6.752593910073201	7.140359441081964	[119, 17, 3, 8, 34, 88]	26
179	0.9391555299061606	0.9904596172059649	6.752593910073201	7.528124972090727	[123, 3, 5, 27, 33, 88]	27
180	0.9400944877779791	0.9907140274138058	6.752593910073201	7.140359441081964	[3, 5, 67, 68, 7, 88]	26
181	0.9410189555591831	0.9909203823601657	6.752593910073201	7.528124972090727	[13, 3, 17, 68, 7, 88]	26
182	0.9419291568622822	0.9914651594185557	6.752593910073201	7.528124972090727	[140, 57, 41, 27, 33, 88]	26
183	0.9428253118489753	0.9916232120219158	6.752593910073201	7.140359441081964	[3, 17, 1, 34, 33, 88]	26
184	0.9437076372834047	0.9918912692372145	6.752593910073201	7.528124972090727	[3, 5, 129, 35, 34, 88]	27
185	0.9445763465845868	0.9920414309180068	6.752593910073201	7.528124972090727	[3, 17, 11, 27, 33, 88]	26
186	0.9454316498780345	0.99225365942686	6.752593910073201	7.91589050309949	[3, 17, 25, 6, 5, 88]	26
187	0.9462737540465833	0.9923971101782144	6.752593910073201	6.752593910073201	[3, 17, 68, 67, 34, 88]	26
188	0.9471028627804323	0.9925379044341734	6.752593910073201	7.140359441081964	[3, 43, 27, 33, 34, 88]	26
189	0.9479191766264133	0.9927037287800806	6.752593910073201	7.91589050309949	[3, 5, 61, 41, 33, 88]	26
190	0.9487228930364995	0.9929372094591181	6.752593910073201	7.140359441081964	[13, 98, 7, 33, 34, 88]	27
191	0.9495142064155659	0.9930941603600266	6.752593910073201	7.140359441081964	[13, 3, 17, 1, 34, 88]	26
192	0.9502933081684121	0.9932220462792853	6.752593910073201	7.140359441081964	[123, 3, 17, 33, 34, 88]	27
193	0.9510603867460601	0.99334756394078	6.752593910073201	6.752593910073201	[3, 17, 33, 7, 34, 88]	26
194	0.9518156276913369	0.993470757201136	6.752593910073201	7.140359441081964	[3, 68, 33, 1, 34, 88]	26
195	0.9525592136837545	0.9936796929706996	6.752593910073201	7.528124972090728	[119, 6, 30, 7, 34, 88]	26
196	0.9532913245836966	0.9939223927606248	6.752593910073201	7.528124972090728	[123, 6, 43, 67, 34, 88]	27
197	0.9540121374759235	0.9941168761922847	6.752593910073201	7.528124972090727	[119, 6, 8, 34, 33, 88]	27
198	0.9547218267124061	0.9942258229294647	6.752593910073201	7.140359441081964	[3, 17, 29, 7, 34, 88]	26
199	0.9554205639544987	0.9943541379754766	6.752593910073201	7.528124972090727	[144, 43, 17, 3, 5, 88]	26
200	0.9561085182144601	0.9945046942961305	6.752593910073201	6.752593910073201	[3, 68, 33, 7, 34, 88]	26
201	0.9567858558963357	0.994651235781567	6.752593910073201	7.140359441081964	[3, 5, 30, 7, 34, 88]	27
202	0.9574527408362071	0.9947700972086433	6.752593910073201	7.528124972090727	[119, 6, 17, 3, 5, 88]	27
203	0.9581093343418212	0.9949374540979667	6.752593910073201	7.528124972090727	[13, 34, 67, 33, 38, 88]	26
204	0.9587557952316079	0.9950994555668318	6.752593910073201	7.140359441081964	[119, 6, 67, 68, 34, 88]	26
205	0.9593922798730954	0.9952301367517163	6.752593910073201	7.140359441081964	[13, 98, 7, 33, 34, 88]	27
206	0.9600189422207328	0.9953827723756614	6.752593910073201	7.91589050309949	[3, 24, 27, 33, 38, 88]	26
207	0.960635933853129	0.995560073916436	6.752593910073201	7.140359441081964	[13, 34, 68, 67, 33, 88]	27
208	0.9612434040097164	0.9957021515511101	6.752593910073201	7.91589050309949	[123, 3, 17, 18, 5, 88]	27
209	0.9618414996268504	0.9958671889315474	6.752593910073201	7.528124972090727	[119, 17, 48, 50, 34, 88]	26
210	0.9624303653733497	0.9959309668801346	6.752593910073201	6.752593910073201	[3, 68, 33, 7, 34, 88]	26
211	0.9630101436854893	0.9960063193453174	6.752593910073201	7.528124972090727	[13, 3, 5, 27, 33, 88]	27
212	0.963580974801454	0.9960802763944782	6.752593910073201	7.140359441081964	[3, 17, 25, 67, 34, 88]	26
213	0.9641429967952587	0.9961673813634897	6.752593910073201	7.528124972090727	[3, 8, 34, 1, 68, 88]	27
214	0.9646963456101467	0.9962525506665233	6.752593910073201	7.528124972090727	[140, 147, 27, 33, 7, 88]	26
215	0.9652411550914716	0.9963358273183783	6.752593910073201	7.528124972090727	[123, 6, 8, 34, 68, 88]	27
216	0.9657775570190723	0.9964335385898883	6.752593910073201	7.528124972090727	[3, 17, 7, 67, 5, 88]	26
217	0.9663056811391484	0.9965286442274912	6.752593910073201	6.752593910073201	[3, 68, 67, 33, 34, 88]	26
218	0.966825655195643	0.9966057854668803	6.752593910073201	7.140359441081964	[3, 8, 34, 33, 7, 88]	27
219	0.9673376049611423	0.9966686412915677	6.752593910073201	6.752593910073201	[3, 5, 67, 7, 34, 88]	26
220	0.9678416542672975	0.9967426714850884	6.752593910073201	7.528124972090727	[140, 57, 41, 27, 33, 88]	26
221	0.9683379250347776	0.9968469059975655	6.752593910073201	7.528124972090727	[13, 34, 1, 67, 7, 88]	26
222	0.9688265373027594	0.9969052966272403	6.752593910073201	7.140359441081964	[3, 5, 67, 33, 7, 88]	26
223	0.9693076092579637	0.9969740678133017	6.752593910073201	7.528124972090727	[119, 6, 8, 34, 68, 88]	27
224	0.969781257263242	0.9970413107507838	6.752593910073201	7.528124972090727	[119, 6, 48, 17, 34, 88]	27
225	0.9702475958857228	0.9971070594007664	6.752593910073201	7.140359441081964	[0, 1, 34, 67, 33, 88]	26
226	0.9707067379245234	0.9971842044834126	6.752593910073201	7.140359441081964	[3, 68, 33, 1, 34, 88]	26
227	0.9711587944380339	0.9972467777171146	6.752593910073201	7.140359441081964	[119, 17, 68, 7, 34, 88]	27
228	0.9716038747707803	0.9972977633149458	6.752593910073201	6.752593910073201	[3, 17, 7, 67, 34, 88]	26
229	0.9720420865798731	0.9973698229598805	6.752593910073201	7.528124972090727	[3, 17, 11, 29, 34, 88]	26
230	0.9724735358610479	0.997418529942105	6.752593910073201	7.140359441081964	[3, 5, 67, 1, 34, 88]	27
231	0.9728983269743033	0.9974663349431772	6.752593910073201	7.140359441081964	[3, 17, 29, 68, 34, 88]	26
232	0.9733165626691443	0.9975132546664516	6.752593910073201	7.528124972090727	[3, 17, 6, 33, 7, 88]	27
233	0.9737283441094353	0.9975685156738638	6.752593910073201	7.91589050309949	[123, 6, 33, 27, 5, 88]	27
234	0.97413377089787	0.9976463231723002	6.752593910073201	7.528124972090727	[0, 1, 68, 33, 7, 88]	26
235	0.9745329411000634	0.9977216408307865	6.752593910073201	7.140359441081964	[13, 34, 68, 67, 7, 88]	26
236	0.9749259512682722	0.9977722710345469	6.752593910073201	7.528124972090727	[119, 6, 17, 3, 34, 88]	27
237	0.9753128964647495	0.9978316771402923	6.752593910073201	7.528124972090728	[13, 12, 4, 33, 34, 88]	26
238	0.975693870284738	0.9978798620927303	6.752593910073201	7.528124972090727	[144, 43, 8, 34, 7, 88]	26
239	0.9760689648791093	0.997964667609021	6.752593910073201	7.528124972090727	[144, 43, 8, 34, 33, 88]	27
240	0.9764382709766539	0.9980023589495947	6.752593910073201	7.140359441081964	[3, 17, 29, 7, 34, 88]	26
241	0.9768018779060265	0.9980662834632077	6.752593910073201	7.528124972090728	[119, 6, 139, 1, 34, 88]	26
242	0.9771598736173532	0.9981178492375221	6.752593910073201	6.752593910073201	[3, 5, 67, 7, 34, 88]	26
243	0.9775123447035052	0.9981527038812718	6.752593910073201	7.140359441081964	[3, 43, 7, 33, 34, 88]	26
244	0.9778593764210437	0.998211817357071	6.752593910073201	7.91589050309949	[0, 1, 33, 27, 7, 88]	26
245	0.9782010527108425	0.9982449318504586	6.752593910073201	7.140359441081964	[3, 68, 7, 1, 34, 88]	26
246	0.9785374562183912	0.9983010940312439	6.752593910073201	7.140359441081964	[123, 6, 33, 7, 34, 88]	27
247	0.9788686683137864	0.9983554590222441	6.752593910073201	7.140359441081964	[101, 100, 33, 7, 34, 88]	26
248	0.9791947691114131	0.9983920043773054	6.752593910073201	7.140359441081964	[144, 43, 7, 33, 34, 88]	27
249	0.9795158374893234	0.9984217820740219	6.752593910073201	7.528124972090727	[3, 17, 37, 27, 34, 88]	26
250	0.9798319511083153	0.9984823856423795	6.752593910073201	7.140359441081964	[140, 147, 33, 7, 34, 88]	26
251	0.9801431864307178	0.9985161104058822	6.752593910073201	7.528124972090727	[0, 1, 34, 27, 33, 88]	26
252	0.9804496187388858	0.9985435898428102	6.752593910073201	7.140359441081964	[3, 17, 4, 7, 34, 88]	26
253	0.9807513221534092	0.998582427447002	6.752593910073201	7.528124972090728	[13, 18, 17, 7, 34, 88]	27
254	0.9810483696510417	0.9986139290592908	6.752593910073201	7.140359441081964	[13, 98, 7, 67, 34, 88]	26
255	0.9813408330823528	0.9986395970396743	6.752593910073201	7.140359441081964	[3, 5, 6, 1, 34, 88]	26
256	0.9816287831891066	0.9986647896870878	6.752593910073201	7.140359441081964	[3, 17, 68, 1, 34, 88]	27
257	0.9819122896213734	0.998707516417101	6.752593910073201	7.140359441081964	[123, 6, 67, 68, 34, 88]	26
258	0.982191420954377	0.9987419826459782	6.752593910073201	7.140359441081964	[3, 5, 35, 7, 34, 88]	26
259	0.982466244705081	0.9987755297754188	6.752593910073201	7.140359441081964	[3, 17, 48, 50, 34, 88]	26
260	0.9827368273485212	0.9987982051499481	6.752593910073201	6.752593910073201	[3, 17, 33, 7, 34, 88]	27
261	0.9830032343338835	0.9988382649782832	6.752593910073201	7.140359441081964	[0, 1, 34, 33, 7, 88]	26
262	0.9832655301003359	0.9988640813120991	6.752593910073201	7.528124972090727	[123, 3, 5, 67, 7, 88]	27
263	0.9835237780926147	0.9988851168433566	6.752593910073201	7.140359441081964	[119, 6, 33, 7, 34, 88]	26
264	0.9837780407763707	0.9989057628277388	6.752593910073201	7.140359441081964	[3, 17, 38, 8, 34, 88]	26
265	0.9840283796532785	0.9989300792093446	6.752593910073201	7.528124972090727	[13, 14, 17, 3, 5, 88]	27
266	0.9842748552759131	0.9989586104304288	6.752593910073201	7.528124972090727	[3, 17, 1, 67, 7, 88]	26
267	0.9845175272623958	0.9989778954224579	6.752593910073201	7.140359441081964	[3, 17, 1, 34, 33, 88]	27
268	0.9847564543108157	0.9990006088575144	6.752593910073201	7.140359441081964	[13, 34, 68, 33, 7, 88]	26
269	0.9849916942134266	0.9990272592879806	6.752593910073201	6.752593910073201	[3, 5, 67, 7, 34, 88]	26
270	0.9852233038706267	0.9990531990403012	6.752593910073201	7.140359441081964	[144, 43, 7, 68, 34, 88]	27
271	0.9854513393047221	0.9990707323914068	6.752593910073201	7.140359441081964	[3, 5, 6, 8, 34, 88]	26
272	0.9856758556734764	0.9990955128609692	6.752593910073201	7.140359441081964	[3, 17, 146, 8, 34, 88]	27
273	0.9858969072834536	0.9991122626228031	6.752593910073201	7.140359441081964	[3, 17, 6, 1, 34, 88]	26
274	0.9861145476031533	0.9991359356195284	6.752593910073201	7.91589050309949	[13, 34, 8, 2, 7, 88]	26
275	0.9863288292759441	0.9991519368117593	6.752593910073201	7.140359441081964	[3, 17, 37, 1, 34, 88]	26
276	0.9865398041327968	0.9991707826603868	6.752593910073201	7.140359441081964	[3, 52, 68, 33, 34, 88]	27
277	0.9867475232048216	0.9991861385370464	6.752593910073201	7.528124972090727	[3, 147, 27, 33, 7, 88]	26
278	0.9869520367356114	0.9992042243473342	6.752593910073201	7.140359441081964	[13, 3, 17, 1, 34, 88]	26
279	0.9871533941933952	0.9992254450314053	6.752593910073201	7.528124972090727	[3, 5, 32, 68, 7, 88]	27
280	0.9873516442830033	0.9992502307904003	6.752593910073201	7.528124972090728	[144, 43, 50, 67, 34, 88]	26
281	0.9875468349576483	0.9992668923283915	6.752593910073201	7.140359441081964	[119, 17, 68, 7, 34, 88]	26
282	0.9877390134305241	0.9992831836099828	6.752593910073201	7.140359441081964	[0, 1, 34, 33, 7, 88]	27
283	0.9879282261862259	0.9992991128630943	6.752593910073201	7.528124972090727	[119, 6, 17, 3, 5, 88]	26
284	0.988114518991994	0.9993215412514752	6.752593910073201	7.140359441081964	[119, 6, 33, 68, 34, 88]	27
285	0.9882979369087842	0.9993341053023739	6.752593910073201	6.752593910073201	[3, 5, 67, 33, 34, 88]	26
286	0.9884785243021672	0.9993464366856633	6.752593910073201	7.140359441081964	[3, 5, 6, 33, 34, 88]	26
287	0.9886563248530597	0.9993638650407122	6.752593910073201	6.752593910073201	[3, 5, 67, 33, 34, 88]	27
288	0.9888313815682902	0.9993780013731408	6.752593910073201	7.140359441081964	[123, 3, 17, 1, 34, 88]	26
289	0.9890037367910018	0.9993918235648488	6.752593910073201	7.915890503099491	[0, 1, 50, 33, 7, 88]	26
290	0.9891734322108937	0.9994151775399586	6.752593910073201	7.140359441081964	[13, 34, 68, 67, 7, 88]	27
291	0.9893405088743059	0.9994260075855149	6.752593910073201	7.528124972090727	[3, 5, 12, 4, 34, 88]	26
292	0.9895050071941468	0.9994480488942311	6.752593910073201	7.528124972090727	[13, 34, 68, 33, 38, 88]	26
293	0.9896669669596693	0.9994692438166927	6.752593910073201	7.528124972090728	[3, 111, 57, 1, 34, 88]	26
294	0.9898264273460942	0.9994862280145586	6.752593910073201	7.140359441081964	[140, 6, 67, 33, 34, 88]	26
295	0.9899834269240865	0.9994957423105852	6.752593910073201	7.140359441081964	[3, 17, 6, 1, 34, 88]	27
296	0.9901380036690851	0.9995050804159448	6.752593910073201	7.528124972090727	[3, 5, 4, 33, 7, 88]	26
297	0.9902901949704882	0.9995240853279724	6.752593910073201	7.140359441081964	[0, 1, 68, 67, 34, 88]	26
298	0.9904400376406967	0.9995367763858932	6.752593910073201	7.140359441081964	[13, 3, 68, 33, 34, 88]	27
299	0.9905875679240193	0.9995491290156027	6.752593910073201	7.91589050309949	[13, 135, 3, 17, 33, 88]	27
300	0.9907328215054387	0.9995591483708115	6.752593910073201	7.140359441081964	[0, 1, 34, 33, 7, 88]	26
301	0.9908758335192437	0.9995760770733724	6.752593910073201	7.140359441081964	[140, 147, 7, 68, 34, 88]	26
302	0.991016638557527	0.9995873816847491	6.752593910073201	7.528124972090727	[3, 17, 66, 27, 33, 88]	27
303	0.9911552706785528	0.9995965509806436	6.752593910073201	7.528124972090727	[144, 43, 8, 34, 7, 88]	26
304	0.9912917634149948	0.999609461349263	6.752593910073201	7.528124972090727	[119, 6, 48, 17, 34, 88]	26
305	0.9914261497820474	0.9996181399859461	6.752593910073201	7.528124972090727	[0, 1, 67, 33, 7, 88]	27
306	0.9915584622854109	0.9996283229196541	6.752593910073201	7.140359441081964	[13, 34, 68, 67, 7, 88]	26
307	0.9916887329291545	0.9996340586770669	6.752593910073201	6.752593910073201	[3, 5, 27, 33, 34, 88]	26
308	0.9918169932234577	0.9996408353682323	6.752593910073201	7.140359441081964	[3, 37, 33, 7, 34, 88]	26
309	0.9919432741922315	0.9996523286364488	6.752593910073201	7.528124972090728	[140, 6, 43, 67, 34, 88]	26
310	0.992067606380623	0.99966005466675	6.752593910073201	7.140359441081964	[0, 1, 34, 68, 7, 88]	27
311	0.9921900198624035	0.9996691198756367	6.752593910073201	7.528124972090727	[13, 18, 17, 3, 5, 88]	26
312	0.992310544247243	0.9996764727672892	6.752593910073201	7.140359441081964	[144, 43, 67, 7, 34, 88]	26
313	0.9924292086878719	0.9996851001601614	6.752593910073201	7.528124972090727	[13, 14, 17, 3, 5, 88]	27
314	0.9925460418871331	0.9996934974892239	6.752593910073201	7.140359441081964	[3, 17, 52, 68, 34, 88]	26
315	0.9926610721049243	0.99970030865613	6.752593910073201	7.528124972090727	[13, 34, 33, 27, 5, 88]	26
316	0.9927743271650334	0.9997058584958313	6.752593910073201	6.752593910073201	[3, 17, 33, 7, 34, 88]	27
317	0.9928858344618694	0.9997137022692758	6.752593910073201	7.528124972090727	[3, 17, 89, 10, 34, 88]	26
318	0.9929956209670875	0.9997213368754284	6.752593910073201	7.528124972090727	[3, 37, 41, 27, 33, 88]	27
319	0.9931037132361139	0.9997287678920836	6.752593910073201	7.140359441081964	[144, 43, 67, 7, 34, 88]	26
320	0.9932101374145689	0.9997347952722596	6.752593910073201	7.91589050309949	[119, 17, 3, 4, 7, 88]	27
321	0.993314919244591	0.9997406887106538	6.752593910073201	7.140359441081964	[0, 1, 34, 33, 7, 88]	26
322	0.9934180840710634	0.9997489866719129	6.752593910073201	7.140359441081964	[140, 6, 67, 33, 34, 88]	26
323	0.9935196568477445	0.9997536350668774	6.752593910073201	7.140359441081964	[3, 5, 67, 33, 7, 88]	26
324	0.993619662143304	0.9997591098431691	6.752593910073201	7.140359441081964	[140, 147, 33, 7, 34, 88]	26
325	0.9937181241472653	0.9997644629577653	6.752593910073201	7.528124972090728	[123, 6, 139, 1, 34, 88]	27
326	0.993815066675857	0.9997688247548437	6.752593910073201	7.140359441081964	[3, 17, 68, 1, 34, 88]	26
327	0.9939105131777727	0.9997749894280479	6.752593910073201	7.140359441081964	[3, 17, 139, 7, 34, 88]	27
328	0.9940044867398441	0.9997791562904914	6.752593910073201	7.140359441081964	[3, 17, 6, 8, 34, 88]	26
329	0.9940970100926243	0.9997832459888157	6.752593910073201	7.140359441081964	[3, 4, 33, 7, 34, 88]	26
330	0.9941881056158863	0.9997880627446198	6.752593910073201	7.140359441081964	[144, 43, 7, 33, 34, 88]	27
331	0.9942777953440362	0.9998039580387733	6.752593910073201	7.91589050309949	[0, 1, 34, 35, 5, 88]	26
332	0.9943661009714431	0.999809185824406	6.752593910073201	7.140359441081964	[3, 17, 38, 33, 34, 88]	27
333	0.9944530438576862	0.9998127194202504	6.752593910073201	6.752593910073201	[3, 68, 33, 7, 34, 88]	26
334	0.9945386450327219	0.9998187123988024	6.752593910073201	7.140359441081964	[119, 17, 3, 8, 34, 88]	27
335	0.99462292520197	0.9998235467348343	6.752593910073201	7.528124972090727	[13, 18, 17, 3, 5, 88]	26
336	0.9947059047513224	0.9998268143878929	6.752593910073201	7.140359441081964	[3, 5, 2, 7, 34, 88]	27
337	0.9947876037520735	0.9998314326708825	6.752593910073201	7.140359441081964	[3, 85, 7, 67, 34, 88]	26
338	0.994868041965776	0.9998351786115295	6.752593910073201	7.140359441081964	[119, 6, 33, 7, 34, 88]	27
339	0.9949472388490203	0.9998388413090511	6.752593910073201	7.528124972090728	[144, 43, 17, 33, 34, 88]	26
340	0.9950252135581403	0.9998424226132944	6.752593910073201	7.140359441081964	[123, 3, 17, 7, 34, 88]	28
341	0.995101984953848	0.9998453407130482	6.752593910073201	7.140359441081964	[3, 17, 37, 1, 34, 88]	26
342	0.9951775716057949	0.9998494649607003	6.752593910073201	7.528124972090728	[3, 10, 2, 7, 34, 88]	26
343	0.9952519917970635	0.9998522526466131	6.752593910073201	6.752593910073201	[3, 17, 68, 67, 34, 88]	27
344	0.9953252635285903	0.9998555359211329	6.752593910073201	7.915890503099491	[140, 57, 61, 27, 33, 88]	26
345	0.9953974045235194	0.9998601587716567	6.752593910073201	7.140359441081964	[119, 17, 68, 67, 34, 88]	26
346	0.9954684322314897	0.9998627484240333	6.752593910073201	7.140359441081964	[3, 5, 27, 33, 7, 88]	26
347	0.9955383638328557	0.9998657984590549	6.752593910073201	7.140359441081964	[0, 1, 34, 33, 7, 88]	27
348	0.9956072162428424	0.9998687807155203	6.752593910073201	7.528124972090728	[119, 6, 37, 1, 34, 88]	26
349	0.9956750061156381	0.9998708057044783	6.752593910073201	7.528124972090727	[3, 5, 6, 33, 7, 88]	27
350	0.9957417498484215	0.9998742508856923	6.752593910073201	6.752593910073201	[3, 5, 67, 7, 34, 88]	26
351	0.9958074635853286	0.9998770453104546	6.752593910073201	7.140359441081964	[119, 6, 33, 68, 34, 88]	26
352	0.9958721632213574	0.999879777636889	6.752593910073201	7.91589050309949	[119, 17, 3, 8, 7, 88]	27
353	0.9959358644062131	0.9998829835665719	6.752593910073201	7.528124972090727	[101, 100, 41, 27, 34, 88]	26
354	0.9959985825480925	0.9998861040047967	6.752593910073201	7.528124972090728	[13, 98, 6, 1, 34, 88]	26
355	0.996060332817412	0.9998897486766432	6.752593910073201	7.528124972090727	[3, 17, 25, 67, 33, 88]	27
356	0.9961211301504767	0.9998926887119327	6.752593910073201	6.752593910073201	[3, 5, 67, 68, 34, 88]	26
357	0.9961809892530927	0.999894675958008	6.752593910073201	7.528124972090727	[3, 17, 48, 6, 5, 88]	26
358	0.9962399246041252	0.9998966264032301	6.752593910073201	7.140359441081964	[3, 4, 33, 67, 34, 88]	27
359	0.9962979504589998	0.9998993830324773	6.752593910073201	7.528124972090728	[13, 12, 4, 7, 34, 88]	26
360	0.9963550808531512	0.9999016189650889	6.752593910073201	7.140359441081964	[0, 1, 68, 67, 34, 88]	26
361	0.9964113296054173	0.9999042424593532	6.752593910073201	7.528124972090727	[13, 135, 5, 3, 34, 88]	27
362	0.9964667103213831	0.999906015747143	6.752593910073201	7.528124972090727	[3, 68, 33, 27, 7, 88]	26
363	0.9965212363966703	0.9999081042860953	6.752593910073201	7.91589050309949	[13, 14, 3, 17, 38, 88]	27
364	0.9965749210201785	0.999910146413071	6.752593910073201	7.140359441081964	[123, 6, 67, 7, 34, 88]	26
365	0.9966277771772746	0.9999125425087224	6.752593910073201	7.528124972090727	[13, 18, 17, 3, 5, 88]	27
366	0.9966798176529339	0.9999144860085286	6.752593910073201	7.915890503099491	[140, 57, 56, 3, 5, 88]	26
367	0.9967310550348331	0.9999163863194502	6.752593910073201	7.140359441081964	[123, 6, 67, 7, 34, 88]	27
368	0.9967815017163943	0.9999182444012402	6.752593910073201	7.528124972090727	[119, 6, 1, 34, 7, 88]	27
369	0.9968311698997833	0.9999204245505404	6.752593910073201	7.91589050309949	[140, 147, 7, 33, 38, 88]	26
370	0.9968800715988607	0.9999221928938617	6.752593910073201	7.140359441081964	[140, 6, 67, 33, 34, 88]	27
371	0.9969282186420881	0.9999239219406648	6.752593910073201	7.140359441081964	[119, 6, 67, 33, 34, 88]	26
372	0.9969756226753893	0.9999253307936155	6.752593910073201	7.140359441081964	[3, 5, 27, 7, 34, 88]	26
373	0.9970222951649665	0.9999273219724524	6.752593910073201	7.140359441081964	[3, 17, 61, 8, 34, 88]	27
374	0.9970682474000752	0.9999284435469517	6.752593910073201	6.752593910073201	[3, 17, 68, 33, 34, 88]	26
375	0.9971134904957529	0.9999318782566979	6.752593910073201	8.303656034108254	[21, 20, 5, 4, 7, 88]	26
376	0.9971580353955098	0.9999344941316407	6.752593910073201	7.528124972090728	[144, 43, 67, 1, 34, 88]	26
377	0.9972018928739742	0.999935707203277	6.752593910073201	7.140359441081964	[3, 17, 1, 34, 33, 88]	26
378	0.9972450735394993	0.9999368978106238	6.752593910073201	7.528124972090727	[3, 43, 67, 33, 7, 88]	26
379	0.9972875878367292	0.9999380663696863	6.752593910073201	7.528124972090727	[3, 37, 27, 33, 7, 88]	26
380	0.9973294460491254	0.9999397179331613	6.752593910073201	7.140359441081964	[3, 5, 27, 33, 7, 88]	26
381	0.9973706583014538	0.9999416469593001	6.752593910073201	6.752593910073201	[3, 5, 67, 68, 34, 88]	27
382	0.9974112345622338	0.999942727571165	6.752593910073201	7.528124972090727	[3, 37, 1, 34, 7, 88]	26
383	0.9974511846461499	0.9999440002918057	6.752593910073201	7.140359441081964	[0, 1, 34, 68, 7, 88]	26
384	0.9974905182164254	0.999945037323439	6.752593910073201	7.140359441081964	[3, 68, 33, 1, 34, 88]	26
385	0.9975292447871595	0.9999467961290889	6.752593910073201	7.528124972090728	[144, 43, 65, 1, 34, 88]	26
386	0.9975673737256293	0.9999479784373314	6.752593910073201	7.140359441081964	[123, 6, 33, 7, 34, 88]	27
387	0.9976049142545548	0.9999491344720574	6.752593910073201	6.752593910073201	[3, 5, 67, 7, 34, 88]	26
388	0.9976418754543301	0.9999504908861359	6.752593910073201	7.528124972090727	[13, 98, 8, 34, 7, 88]	26
389	0.9976782662652202	0.9999514077215778	6.752593910073201	7.140359441081964	[3, 5, 8, 34, 7, 88]	26
390	0.9977140954895223	0.9999529626744873	6.752593910073201	7.140359441081964	[3, 85, 7, 67, 34, 88]	26
391	0.9977493717936964	0.9999540079483875	6.752593910073201	7.140359441081964	[0, 1, 34, 33, 7, 88]	27
392	0.9977841037104603	0.999954859653047	6.752593910073201	6.752593910073201	[3, 68, 33, 7, 34, 88]	26
393	0.9978182996408544	0.999955695585398	6.752593910073201	7.140359441081964	[3, 5, 6, 8, 34, 88]	26
394	0.9978519678562733	0.9999573968749187	6.752593910073201	7.915890503099491	[3, 56, 29, 68, 33, 88]	26
395	0.9978851165004666	0.9999585329582542	6.752593910073201	7.140359441081964	[3, 17, 6, 67, 34, 88]	27
396	0.9979177535915088	0.9999596387460341	6.752593910073201	7.528124972090727	[3, 17, 6, 85, 34, 88]	27
397	0.9979498870237387	0.9999607598919776	6.752593910073201	7.140359441081964	[144, 43, 7, 33, 34, 88]	26
398	0.9979815245696686	0.9999616318943781	6.752593910073201	7.915890503099491	[0, 1, 37, 3, 5, 88]	27
399	0.9980126738818651	0.9999626550438614	6.752593910073201	7.140359441081964	[3, 104, 33, 7, 34, 88]	26
400	0.9980433424947992	0.9999636509093583	6.752593910073201	7.528124972090727	[13, 34, 7, 67, 5, 88]	26
401	0.9980735378266696	0.999964814080259	6.752593910073201	7.140359441081964	[13, 3, 17, 1, 34, 88]	27
402	0.9981032671811964	0.9999659400296906	6.752593910073201	7.140359441081964	[123, 6, 67, 7, 34, 88]	26
403	0.9981325377493877	0.9999670299487405	6.752593910073201	7.140359441081964	[3, 68, 67, 1, 34, 88]	27
404	0.9981613566112799	0.9999676405052453	6.752593910073201	6.752593910073201	[3, 5, 67, 33, 34, 88]	26
405	0.998189730737649	0.9999682397551481	6.752593910073201	7.140359441081964	[3, 17, 1, 34, 7, 88]	27
406	0.9982176669916977	0.999969086695011	6.752593910073201	7.528124972090728	[3, 4, 2, 7, 34, 88]	26
407	0.9982451721307147	0.9999699110498106	6.752593910073201	6.752593910073201	[3, 17, 7, 67, 34, 88]	26
408	0.9982722528077098	0.9999707134218156	6.752593910073201	7.528124972090727	[13, 14, 17, 3, 34, 88]	26
409	0.998298915573023	0.9999712557658561	6.752593910073201	7.140359441081964	[119, 17, 68, 33, 34, 88]	26
410	0.9983251668759084	0.9999720222787666	6.752593910073201	6.752593910073201	[3, 17, 33, 67, 34, 88]	27
411	0.998351013066095	0.9999726440059051	6.752593910073201	7.140359441081964	[0, 1, 34, 33, 7, 88]	26
412	0.9983764603953219	0.999973251916885	6.752593910073201	8.303656034108254	[0, 1, 50, 52, 5, 88]	27
413	0.9984015150188509	0.999973846318732	6.752593910073201	6.752593910073201	[3, 68, 33, 7, 34, 88]	27
414	0.9984261829969551	0.9999743306461629	6.752593910073201	7.140359441081964	[3, 8, 34, 33, 7, 88]	26
415	0.9984504702963848	0.9999749010762482	6.752593910073201	7.528124972090727	[123, 6, 33, 27, 34, 88]	26
416	0.9984743827918109	0.9999755703808816	6.752593910073201	6.752593910073201	[3, 5, 67, 68, 34, 88]	26
417	0.998497926267246	0.9999760227812357	6.752593910073201	7.91589050309949	[3, 17, 37, 27, 7, 88]	26
418	0.9985211064174427	0.999976790052236	6.752593910073201	7.140359441081964	[140, 147, 7, 68, 34, 88]	26
419	0.9985439288492723	0.9999772198660836	6.752593910073201	6.752593910073201	[3, 17, 33, 7, 34, 88]	26
420	0.9985663990830799	0.9999778273363213	6.752593910073201	7.528124972090727	[123, 6, 1, 34, 7, 88]	26
421	0.99858852255402	0.9999785664251106	6.752593910073201	7.528124972090727	[0, 1, 34, 8, 5, 88]	26
422	0.9986103046133715	0.9999789633431642	6.752593910073201	7.528124972090727	[3, 17, 39, 27, 33, 88]	27
423	0.9986317505298319	0.9999792879829301	6.752593910073201	7.140359441081964	[3, 17, 4, 7, 34, 88]	26
424	0.9986528654907912	0.9999798403033853	6.752593910073201	7.140359441081964	[3, 17, 6, 8, 34, 88]	27
425	0.9986736546035877	0.999980377895295	6.752593910073201	7.140359441081964	[3, 17, 1, 34, 7, 88]	26
426	0.9986941228967422	0.9999809011514205	6.752593910073201	6.752593910073201	[3, 5, 67, 33, 34, 88]	26
427	0.9987142753211752	0.9999812548338016	6.752593910073201	7.140359441081964	[13, 34, 68, 67, 7, 88]	27
428	0.998734116751404	0.9999818546791199	6.752593910073201	8.303656034108254	[123, 6, 4, 2, 7, 88]	26
429	0.9987536519867218	0.9999823385543434	6.752593910073201	7.91589050309949	[3, 17, 18, 6, 33, 88]	27
430	0.9987728857523588	0.9999829037206044	6.752593910073201	7.528124972090728	[0, 1, 139, 7, 34, 88]	26
431	0.9987918227006248	0.9999833596213883	6.752593910073201	7.140359441081964	[3, 43, 67, 7, 34, 88]	26
432	0.9988104674120349	0.9999841583595617	6.752593910073201	7.91589050309949	[101, 100, 26, 19, 5, 88]	27
433	0.9988288243964172	0.9999845103960159	6.752593910073201	7.91589050309949	[0, 1, 33, 27, 5, 88]	26
434	0.9988468980940033	0.9999849234521221	6.752593910073201	7.528124972090727	[3, 17, 48, 40, 5, 88]	26
435	0.9988646928765033	0.9999852584865194	6.752593910073201	7.140359441081964	[0, 1, 34, 68, 33, 88]	27
436	0.9988822130481622	0.9999855314775098	6.752593910073201	6.752593910073201	[3, 5, 27, 33, 34, 88]	26
437	0.9988994628468016	0.9999860137615928	6.752593910073201	7.528124972090727	[144, 43, 27, 33, 7, 88]	26
438	0.9989164464448448	0.9999863245668907	6.752593910073201	7.140359441081964	[13, 3, 17, 7, 34, 88]	26
439	0.9989331679503256	0.9999866892451069	6.752593910073201	7.140359441081964	[3, 24, 27, 33, 34, 88]	26
440	0.9989496314078823	0.999986935740568	6.752593910073201	7.140359441081964	[3, 68, 7, 1, 34, 88]	26
441	0.9989658407997359	0.9999872260574442	6.752593910073201	7.528124972090727	[140, 57, 27, 33, 7, 88]	27
442	0.9989818000466536	0.9999875666959124	6.752593910073201	7.528124972090728	[13, 14, 6, 8, 34, 88]	26
443	0.9989975130088966	0.999987898250688	6.752593910073201	7.528124972090727	[13, 12, 8, 34, 7, 88]	26
444	0.9990129834871544	0.999988285506666	6.752593910073201	7.528124972090727	[3, 17, 48, 40, 5, 88]	27
445	0.9990282152234637	0.9999885024417278	6.752593910073201	7.140359441081964	[3, 5, 8, 34, 33, 88]	26
446	0.999043211902114	0.9999888090432817	6.752593910073201	7.528124972090727	[13, 18, 5, 3, 34, 88]	27
447	0.9990579771505381	0.9999891074687942	6.752593910073201	7.140359441081964	[3, 34, 67, 33, 7, 88]	26
448	0.9990725145401903	0.9999894100391055	6.752593910073201	7.528124972090727	[0, 1, 17, 3, 5, 88]	26
449	0.9990868275874096	0.9999896453715698	6.752593910073201	7.528124972090727	[0, 1, 67, 33, 7, 88]	27
450	0.9991009197542706	0.9999898371239481	6.752593910073201	7.140359441081964	[3, 68, 7, 1, 34, 88]	26
451	0.9991147944494208	0.9999900629656382	6.752593910073201	7.528124972090727	[13, 34, 33, 27, 7, 88]	26
452	0.999128455028905	0.9999902163149339	6.752593910073201	6.752593910073201	[3, 68, 33, 7, 34, 88]	27
453	0.9991419047969774	0.9999904337301575	6.752593910073201	7.528124972090727	[101, 100, 27, 33, 68, 88]	26
454	0.9991551470069007	0.9999906108833028	6.752593910073201	7.140359441081964	[3, 5, 37, 1, 34, 88]	26
455	0.9991681848617324	0.9999907847558342	6.752593910073201	7.140359441081964	[3, 5, 27, 33, 7, 88]	26
456	0.9991810215151007	0.9999909554085039	6.752593910073201	7.140359441081964	[3, 5, 4, 7, 34, 88]	27
457	0.9991936600719664	0.9999913027208174	6.752593910073201	7.140359441081964	[3, 2, 7, 68, 34, 88]	26
458	0.9992061035893743	0.999991463781543	6.752593910073201	7.140359441081964	[3, 8, 34, 67, 7, 88]	27
459	0.9992183550771927	0.9999917369405337	6.752593910073201	7.140359441081964	[13, 98, 7, 68, 34, 88]	26
460	0.999230417498841	0.9999920013584366	6.752593910073201	7.140359441081964	[13, 34, 68, 33, 7, 88]	26
461	0.999242293772007	0.9999921494814284	6.752593910073201	7.140359441081964	[3, 8, 34, 33, 7, 88]	27
462	0.9992539867693525	0.9999924006980228	6.752593910073201	7.91589050309949	[13, 14, 3, 17, 38, 88]	26
463	0.9992654993192083	0.9999925414258372	6.752593910073201	6.752593910073201	[3, 17, 33, 67, 34, 88]	26
464	0.9992768342062575	0.9999927071719297	6.752593910073201	7.528124972090727	[140, 6, 17, 3, 5, 88]	26
465	0.9992879941722103	0.9999928422243013	6.752593910073201	7.140359441081964	[0, 1, 34, 68, 7, 88]	26
466	0.9992989819164663	0.9999930012859836	6.752593910073201	7.140359441081964	[123, 6, 33, 7, 34, 88]	26
467	0.9993098000967677	0.999993225244832	6.752593910073201	7.528124972090727	[144, 43, 67, 68, 33, 88]	27
468	0.9993204513298424	0.9999934420369975	6.752593910073201	7.528124972090727	[123, 3, 5, 35, 34, 88]	26
469	0.9993309381920361	0.9999936518918136	6.752593910073201	7.140359441081964	[0, 1, 34, 67, 33, 88]	26
470	0.9993412632199368	0.9999937694493725	6.752593910073201	6.752593910073201	[3, 17, 33, 7, 34, 88]	27
471	0.9993514289109872	0.9999939355973892	6.752593910073201	6.752593910073201	[3, 17, 33, 7, 34, 88]	27
472	0.9993614377240893	0.9999941377441429	6.752593910073201	7.528124972090727	[101, 100, 27, 33, 7, 88]	26
473	0.9993712920801989	0.9999942680164953	6.752593910073201	7.528124972090727	[119, 17, 1, 34, 7, 88]	27
474	0.999380994362912	0.9999943953939066	6.752593910073201	7.528124972090727	[140, 6, 5, 3, 34, 88]	26
475	0.9993905469190398	0.9999945199407086	6.752593910073201	7.915890503099491	[123, 6, 2, 4, 34, 88]	27
476	0.9993999520591781	0.999994695302606	6.752593910073201	7.91589050309949	[13, 34, 68, 52, 5, 88]	26
477	0.9994092120582648	0.9999947935377429	6.752593910073201	7.140359441081964	[3, 5, 4, 33, 34, 88]	26
478	0.9994183291561312	0.9999949323767364	6.752593910073201	7.915890503099491	[3, 6, 30, 27, 33, 88]	27
479	0.9994273055580427	0.9999950449905867	6.752593910073201	7.140359441081964	[13, 3, 5, 67, 34, 88]	26
480	0.9994361434352333	0.9999951771241711	6.752593910073201	7.140359441081964	[3, 4, 33, 67, 34, 88]	26
481	0.9994448449254304	0.9999952664366863	6.752593910073201	7.528124972090727	[3, 43, 8, 34, 33, 88]	27
482	0.9994534121333712	0.9999953926650414	6.752593910073201	7.528124972090727	[3, 37, 33, 67, 7, 88]	27
483	0.9994618471313131	0.9999954950502628	6.752593910073201	7.140359441081964	[0, 1, 34, 33, 7, 88]	26
484	0.9994701519595336	0.9999956151822558	6.752593910073201	7.140359441081964	[13, 3, 5, 67, 34, 88]	26
485	0.9994783286268247	0.9999957126226501	6.752593910073201	7.140359441081964	[119, 17, 3, 8, 34, 88]	27
486	0.9994863791109787	0.9999958498187252	6.752593910073201	6.752593910073201	[3, 5, 67, 68, 34, 88]	26
487	0.999494305359266	0.999995926673934	6.752593910073201	7.140359441081964	[3, 5, 8, 34, 7, 88]	26
488	0.999502109288907	0.9999960021058982	6.752593910073201	7.528124972090727	[3, 17, 6, 33, 7, 88]	27
489	0.9995097927875349	0.9999960909479894	6.752593910073201	7.528124972090727	[140, 147, 5, 3, 34, 88]	26
490	0.9995173577136532	0.9999961778158118	6.752593910073201	7.140359441081964	[123, 3, 17, 7, 34, 88]	27
491	0.9995248058970845	0.9999963001257058	6.752593910073201	7.140359441081964	[144, 43, 67, 68, 34, 88]	26
492	0.9995321391394135	0.999996423454849	6.752593910073201	7.140359441081964	[101, 100, 27, 33, 34, 88]	26
493	0.9995393592144225	0.9999965188293863	6.752593910073201	7.140359441081964	[3, 17, 6, 8, 34, 88]	27
494	0.999546467868521	0.999996652506338	6.752593910073201	7.140359441081964	[144, 43, 7, 68, 34, 88]	27
495	0.9995534668211672	0.9999967596261351	6.752593910073201	7.140359441081964	[119, 6, 67, 68, 34, 88]	26
496	0.9995603577652851	0.9999968460361048	6.752593910073201	7.91589050309949	[3, 5, 30, 41, 33, 88]	26
497	0.9995671423676726	0.9999969161241914	6.752593910073201	7.528124972090728	[0, 1, 6, 8, 34, 88]	26
498	0.999573822269406	0.9999969983608796	6.752593910073201	7.140359441081964	[3, 4, 33, 68, 34, 88]	26
499	0.9995803990862362	0.9999970539467893	6.752593910073201	7.140359441081964	[3, 17, 29, 1, 34, 88]	27
