0	0.015432098765432056	0.022222222222222254	7.528124972090727	7.528124972090727	[123, 3, 5, 67, 33, 88]	163
1	0.030626047858558048	0.04829629629629628	7.528124972090727	7.91589050309949	[140, 147, 7, 67, 5, 88]	246
2	0.045585522428642	0.08001975308641973	7.528124972090727	7.528124972090727	[101, 100, 33, 68, 7, 88]	27
3	0.06031414090968146	0.1153469945679012	7.528124972090727	8.303656034108254	[119, 6, 51, 8, 5, 88]	27
4	0.07481546589564314	0.1317294576314586	6.752593910073201	6.752593910073201	[3, 17, 7, 67, 34, 88]	37
5	0.08909300500219186	0.159514114987252	6.752593910073201	7.140359441081964	[0, 1, 34, 67, 33, 88]	27
6	0.10315021171512095	0.17507866841341402	6.752593910073201	7.140359441081964	[3, 147, 33, 7, 34, 88]	27
7	0.11699048622569008	0.19707657058905625	6.752593910073201	7.140359441081964	[3, 5, 121, 7, 34, 88]	30
8	0.13061717625307134	0.2184878620400147	6.752593910073201	7.140359441081964	[3, 17, 1, 34, 7, 88]	27
9	0.1440335778541042	0.23296030903927367	6.752593910073201	6.752593910073201	[3, 17, 68, 33, 34, 88]	27
10	0.1572429362205532	0.25341470079822637	6.752593910073201	7.915890503099491	[140, 147, 27, 62, 34, 88]	27
11	0.17024844646406312	0.2700054852249325	6.752593910073201	7.140359441081964	[119, 17, 33, 7, 34, 88]	30
12	0.18305325438900033	0.2862275855532673	6.752593910073201	8.303656034108254	[13, 98, 6, 4, 5, 88]	26
13	0.19566045725336756	0.29944559322820685	6.752593910073201	7.140359441081964	[3, 17, 6, 1, 34, 88]	26
14	0.208073104517976	0.31501346893424675	6.752593910073201	7.528124972090727	[119, 6, 33, 68, 7, 88]	29
15	0.22029419858405663	0.3413169517271717	6.752593910073201	7.528124972090727	[3, 28, 8, 34, 7, 88]	32
16	0.2323266955194878	0.3559543527999013	6.752593910073201	7.528124972090727	[123, 3, 5, 27, 33, 88]	33
17	0.2441735057738167	0.3678811240443476	6.752593910073201	7.140359441081964	[3, 5, 8, 34, 7, 88]	31
18	0.2558374948822454	0.3795870291546374	6.752593910073201	7.140359441081964	[3, 68, 33, 1, 34, 88]	26
19	0.2673214841587539	0.38916130339607813	6.752593910073201	6.752593910073201	[3, 17, 33, 7, 34, 88]	27
20	0.2786282513785262	0.405450335305516	6.752593910073201	7.528124972090727	[3, 5, 104, 33, 7, 88]	27
21	0.28976053144984526	0.4164605142813398	6.752593910073201	7.528124972090727	[101, 100, 27, 33, 7, 88]	27
22	0.30072101707561927	0.43513377782433693	6.752593910073201	7.140359441081964	[119, 17, 3, 8, 34, 88]	26
23	0.31151235940469924	0.4532094969339582	6.752593910073201	7.140359441081964	[0, 1, 34, 67, 33, 88]	28
24	0.32213716867314524	0.4742062522516942	6.752593910073201	7.528124972090728	[13, 98, 6, 8, 34, 88]	27
25	0.3325980148355967	0.49103165217964007	6.752593910073201	7.140359441081964	[119, 6, 67, 68, 34, 88]	27
26	0.34289742818689917	0.5023420599089814	6.752593910073201	7.140359441081964	[144, 43, 7, 33, 34, 88]	26
27	0.35303789997413837	0.5115579476884446	6.752593910073201	6.752593910073201	[3, 68, 67, 7, 34, 88]	27
28	0.3630218829992288	0.5245830690834195	6.752593910073201	6.752593910073201	[3, 17, 7, 67, 34, 88]	27
29	0.37285179221220366	0.5372608539078616	6.752593910073201	7.140359441081964	[13, 34, 68, 33, 7, 88]	28
30	0.38253000529534864	0.5458300973540122	6.752593910073201	7.140359441081964	[3, 17, 1, 34, 7, 88]	30
31	0.3920588632383216	0.5603635342386839	6.752593910073201	7.915890503099491	[119, 6, 24, 27, 33, 88]	32
32	0.40144067090439683	0.5744319011430461	6.752593910073201	7.528124972090727	[123, 6, 1, 34, 7, 88]	32
33	0.4106776975879709	0.583888970006534	6.752593910073201	7.528124972090728	[123, 6, 10, 8, 34, 88]	31
34	0.4197721775634652	0.5915947298212277	6.752593910073201	6.752593910073201	[3, 68, 33, 7, 34, 88]	32
35	0.4287263106257574	0.6006704024918672	6.752593910073201	7.140359441081964	[3, 17, 43, 7, 34, 88]	35
36	0.43754226262227347	0.608065395038314	6.752593910073201	7.140359441081964	[3, 5, 6, 1, 34, 88]	27
37	0.44622216597686803	0.6153234432783452	6.752593910073201	6.752593910073201	[3, 17, 68, 67, 34, 88]	26
38	0.4547681202056201	0.6224470832176352	6.752593910073201	7.140359441081964	[3, 43, 27, 33, 34, 88]	26
39	0.46318219242466907	0.630837148035021	6.752593910073201	7.140359441081964	[123, 3, 5, 8, 34, 88]	27
40	0.47146641785021426	0.6426503592979004	6.752593910073201	7.140359441081964	[119, 17, 3, 68, 34, 88]	26
41	0.4796228002907974	0.6521796830499563	6.752593910073201	7.140359441081964	[3, 5, 27, 33, 7, 88]	26
42	0.48765331263198874	0.6614548915019575	6.752593910073201	7.140359441081964	[3, 6, 67, 33, 34, 88]	27
43	0.49555989731359384	0.6744550236682822	6.752593910073201	7.140359441081964	[3, 43, 67, 68, 34, 88]	26
44	0.5033444667994951	0.6831362230371281	6.752593910073201	7.140359441081964	[3, 5, 6, 1, 34, 88]	27
45	0.5110089040402437	0.69327586389994	6.752593910073201	7.140359441081964	[13, 34, 68, 33, 7, 88]	26
46	0.5185550629285114	0.7030910362551419	6.752593910073201	7.140359441081964	[140, 147, 33, 68, 34, 88]	27
47	0.5259847687475159	0.7096890132272499	6.752593910073201	7.528124972090728	[144, 43, 17, 33, 34, 88]	26
48	0.5332998186125233	0.7189789648039779	6.752593910073201	7.528124972090727	[119, 17, 68, 67, 33, 88]	32
49	0.5405019819055399	0.7241830580483486	6.752593910073201	6.752593910073201	[3, 5, 67, 7, 34, 88]	26
50	0.5475930007032939	0.7292907791956014	6.752593910073201	6.752593910073201	[3, 5, 27, 33, 34, 88]	27
51	0.5545745901986134	0.7353065396579215	6.752593910073201	7.140359441081964	[144, 43, 67, 7, 34, 88]	26
52	0.5614484391153014	0.741188616554412	6.752593910073201	7.528124972090727	[140, 6, 17, 3, 5, 88]	26
53	0.5682162101166085	0.7494705808246709	6.752593910073201	7.528124972090727	[119, 17, 68, 33, 7, 88]	26
54	0.5748795402074016	0.7574875222382814	6.752593910073201	7.528124972090727	[140, 147, 7, 67, 68, 88]	26
55	0.5814400411301268	0.7668000013843315	6.752593910073201	7.528124972090728	[13, 14, 6, 1, 34, 88]	27
56	0.5878992997546619	0.7742624013400328	6.752593910073201	7.528124972090728	[123, 6, 85, 7, 34, 88]	26
57	0.5942588784621516	0.7784427272411434	6.752593910073201	7.140359441081964	[3, 43, 67, 33, 34, 88]	27
58	0.6005203155229208	0.7843509211813795	6.752593910073201	8.303656034108254	[3, 111, 11, 4, 33, 88]	26
59	0.6066851254685548	0.7901015632832094	6.752593910073201	7.140359441081964	[3, 10, 33, 7, 34, 88]	26
60	0.6127547994582376	0.7939885713705573	6.752593910073201	7.140359441081964	[3, 5, 67, 33, 7, 88]	28
61	0.6187308056394376	0.7994822094673425	6.752593910073201	7.140359441081964	[3, 61, 27, 33, 34, 88]	33
62	0.6246145895030265	0.8031955018846139	6.752593910073201	6.752593910073201	[3, 68, 33, 7, 34, 88]	32
63	0.630407574232918	0.8075689351760669	6.752593910073201	7.140359441081964	[0, 1, 34, 67, 33, 88]	31
64	0.6361111610503113	0.8127004302380385	6.752593910073201	7.528124972090727	[3, 17, 66, 27, 33, 88]	33
65	0.6417267295526212	0.8161689407891859	6.752593910073201	7.140359441081964	[3, 68, 33, 1, 34, 88]	34
66	0.6472556380471796	0.8202540754383152	6.752593910073201	7.528124972090727	[13, 34, 33, 27, 5, 88]	33
67	0.6526992238797849	0.8235827036709389	6.752593910073201	6.752593910073201	[3, 17, 68, 7, 34, 88]	33
68	0.6580588037581832	0.8268496906399956	6.752593910073201	7.528124972090727	[3, 5, 6, 33, 7, 88]	33
69	0.6633356740705569	0.8323905005395158	6.752593910073201	7.140359441081964	[123, 3, 17, 1, 34, 88]	32
70	0.6685311111990977	0.8368600871917953	6.752593910073201	7.91589050309949	[3, 17, 11, 2, 5, 88]	32
71	0.6736463718287411	0.8412104848666808	6.752593910073201	7.140359441081964	[3, 2, 7, 68, 34, 88]	33
72	0.6786826932511372	0.8447391407585323	6.752593910073201	7.528124972090727	[140, 57, 27, 33, 7, 88]	32
73	0.6836412936639282	0.8481893820750094	6.752593910073201	7.528124972090727	[123, 3, 5, 67, 7, 88]	41
74	0.6885233724654107	0.8515629513622314	6.752593910073201	7.140359441081964	[119, 17, 68, 7, 34, 88]	63
75	0.6933301105446482	0.8555212726592385	6.752593910073201	7.528124972090727	[3, 17, 1, 33, 7, 88]	50
76	0.6980626705671074	0.8587319110445888	6.752593910073201	7.528124972090727	[119, 6, 17, 3, 5, 88]	26
77	0.7027221972558866	0.8613479867659853	6.752593910073201	7.528124972090727	[3, 17, 1, 33, 7, 88]	26
78	0.7073098176686043	0.8639156166406893	6.752593910073201	7.140359441081964	[3, 17, 1, 34, 33, 88]	27
79	0.7118266414700147	0.867544533530271	6.752593910073201	7.140359441081964	[3, 5, 6, 8, 34, 88]	27
80	0.7162737612004157	0.8699974125389696	6.752593910073201	7.140359441081964	[3, 5, 2, 7, 34, 88]	26
81	0.7206522525399155	0.8741574953377226	6.752593910073201	7.140359441081964	[13, 34, 67, 33, 7, 88]	27
82	0.7249631745686205	0.8781844554869154	6.752593910073201	7.140359441081964	[13, 3, 5, 8, 34, 88]	26
83	0.7292075700228084	0.8808914675872062	6.752593910073201	7.528124972090727	[140, 57, 27, 33, 7, 88]	26
84	0.7333864655471478	0.8835383238630461	6.752593910073201	7.528124972090727	[119, 6, 33, 27, 34, 88]	27
85	0.7375008719430252	0.8874203797342779	6.752593910073201	7.140359441081964	[101, 100, 33, 7, 34, 88]	26
86	0.7415517844130401	0.8895051875169764	6.752593910073201	7.140359441081964	[3, 8, 34, 68, 7, 88]	27
87	0.7455401828017278	0.892451715849857	6.752593910073201	7.140359441081964	[13, 34, 67, 33, 7, 88]	26
88	0.7494670318325654	0.8944433507415264	6.752593910073201	6.752593910073201	[3, 68, 67, 7, 34, 88]	26
89	0.753333281341322	0.8963981035055721	6.752593910073201	7.140359441081964	[3, 5, 8, 34, 7, 88]	27
90	0.7571398665058078	0.8983166571443578	6.752593910073201	7.140359441081964	[3, 17, 38, 33, 34, 88]	26
91	0.7608877080720762	0.9015705241157383	6.752593910073201	7.140359441081964	[119, 17, 68, 7, 34, 88]	26
92	0.7645777125771367	0.9047202673440348	6.752593910073201	7.140359441081964	[144, 43, 67, 7, 34, 88]	35
93	0.7682107725682302	0.9068375947363896	6.752593910073201	7.528124972090727	[144, 43, 8, 34, 33, 88]	33
94	0.7717877668187205	0.9085628244634935	6.752593910073201	7.140359441081964	[3, 4, 33, 7, 34, 88]	51
95	0.7753095605406538	0.9114888140806616	6.752593910073201	7.140359441081964	[144, 43, 67, 7, 34, 88]	44
96	0.7787770055940388	0.913127910116205	6.752593910073201	7.140359441081964	[3, 5, 27, 7, 34, 88]	26
97	0.7821909406928962	0.9154444991797729	6.752593910073201	7.140359441081964	[3, 5, 8, 34, 33, 88]	35
98	0.7855521916081293	0.9173235103091112	6.752593910073201	7.140359441081964	[140, 147, 33, 7, 34, 88]	27
99	0.7888615713672631	0.9199691579792196	6.752593910073201	7.528124972090727	[13, 98, 8, 34, 68, 88]	26
100	0.7921198804511016	0.9221033137664405	6.752593910073201	7.528124972090727	[3, 17, 33, 67, 5, 88]	26
101	0.79532790698735	0.9241805587326687	6.752593910073201	7.528124972090727	[3, 17, 48, 29, 7, 88]	26
102	0.7984864269412489	0.9255846224598415	6.752593910073201	6.752593910073201	[3, 68, 33, 7, 34, 88]	26
103	0.8015962043032667	0.927569032527579	6.752593910073201	7.140359441081964	[3, 17, 30, 7, 34, 88]	27
104	0.8046579912738953	0.9291786095825217	6.752593910073201	7.528124972090728	[140, 6, 37, 1, 34, 88]	26
105	0.8076725284455943	0.9307524182584658	6.752593910073201	7.140359441081964	[0, 1, 34, 68, 7, 88]	27
106	0.8106405449819278	0.9320347808833089	6.752593910073201	6.752593910073201	[3, 17, 33, 7, 34, 88]	26
107	0.8135627587939351	0.9332933960521366	6.752593910073201	7.140359441081964	[3, 5, 6, 1, 34, 88]	26
108	0.8164398767137817	0.9347757650287558	6.752593910073201	7.91589050309949	[13, 34, 7, 37, 5, 88]	26
109	0.8192725946657295	0.9359836212319269	6.752593910073201	6.752593910073201	[3, 68, 67, 7, 34, 88]	26
110	0.8220615978344683	0.938441850176621	6.752593910073201	7.528124972090727	[3, 147, 7, 67, 68, 88]	27
111	0.8248075608308499	0.9400834008385778	6.752593910073201	7.528124972090727	[3, 17, 68, 67, 5, 88]	26
112	0.8275111478550652	0.9414148808199426	6.752593910073201	7.528124972090728	[119, 6, 43, 7, 34, 88]	28
113	0.8301730128573019	0.9424997904343881	6.752593910073201	7.140359441081964	[3, 17, 29, 7, 34, 88]	27
114	0.8327937996959238	0.9443397971404878	6.752593910073201	7.528124972090727	[0, 1, 34, 67, 5, 88]	26
115	0.8353741422932088	0.9461209236319922	6.752593910073201	7.528124972090728	[13, 14, 17, 68, 34, 88]	27
116	0.837914664788684	0.9475576990018056	6.752593910073201	7.528124972090727	[3, 5, 2, 4, 34, 88]	26
117	0.8404159816900932	0.9485288527239945	6.752593910073201	7.140359441081964	[3, 17, 29, 68, 34, 88]	27
118	0.8428786980220363	0.9501759294368266	6.752593910073201	7.140359441081964	[13, 3, 5, 67, 34, 88]	27
119	0.8453034094723135	0.9509448194146534	6.752593910073201	7.140359441081964	[3, 5, 67, 33, 7, 88]	26
120	0.8476907025360123	0.9525145851933845	6.752593910073201	7.140359441081964	[13, 3, 17, 1, 34, 88]	26
121	0.8500411546573702	0.9533939447268404	6.752593910073201	7.140359441081964	[3, 17, 29, 7, 34, 88]	27
122	0.8523553343694478	0.954636772867458	6.752593910073201	7.528124972090727	[140, 57, 1, 34, 7, 88]	27
123	0.8546338014316477	0.9560883961356993	6.752593910073201	7.528124972090727	[119, 17, 48, 50, 34, 88]	35
124	0.8568771069651099	0.9575521162645093	6.752593910073201	7.528124972090728	[101, 100, 17, 1, 34, 88]	31
125	0.8590857935860187	0.9583381881855368	6.752593910073201	6.752593910073201	[3, 68, 33, 7, 34, 88]	33
126	0.8612603955368516	0.9599380017592123	6.752593910073201	8.303656034108254	[140, 147, 7, 2, 5, 88]	32
127	0.8634014388156039	0.9612199857029174	6.752593910073201	7.140359441081964	[119, 17, 3, 8, 34, 88]	31
128	0.8655094413030175	0.9622541194175064	6.752593910073201	7.91589050309949	[140, 147, 7, 33, 38, 88]	33
129	0.8675849128878474	0.9634619875961461	6.752593910073201	7.528124972090727	[101, 100, 33, 68, 7, 88]	32
130	0.8696283555901955	0.9642739434273429	6.752593910073201	7.528124972090727	[140, 6, 8, 34, 33, 88]	31
131	0.8716402636829393	0.9654648119797649	6.752593910073201	7.915890503099491	[0, 1, 17, 68, 7, 88]	32
132	0.8736211238112891	0.966104352498658	6.752593910073201	7.528124972090727	[3, 17, 33, 27, 5, 88]	33
133	0.8755714151104975	0.966857589109799	6.752593910073201	7.140359441081964	[0, 1, 34, 67, 7, 88]	31
134	0.8774916093217553	0.9674713374596176	6.752593910073201	7.140359441081964	[13, 3, 17, 68, 34, 88]	32
135	0.8793821709062961	0.9681941966271815	6.752593910073201	7.528124972090727	[0, 1, 68, 33, 7, 88]	33
136	0.8812435571577422	0.96904235138379	6.752593910073201	7.140359441081964	[3, 68, 7, 1, 34, 88]	31
137	0.8830762183127152	0.969730299130817	6.752593910073201	7.528124972090727	[13, 3, 17, 33, 7, 88]	31
138	0.8848805976597413	0.970290849146913	6.752593910073201	7.140359441081964	[3, 4, 33, 7, 34, 88]	26
139	0.8866571316464736	0.9712415419742118	6.752593910073201	7.140359441081964	[13, 34, 67, 33, 7, 88]	26
140	0.8884062499852626	0.9718806188192293	6.752593910073201	7.528124972090727	[123, 6, 17, 3, 5, 88]	26
141	0.890128375757095	0.9726304689840498	6.752593910073201	7.528124972090727	[3, 17, 48, 29, 7, 88]	27
142	0.89182392551393	0.9731373121510118	6.752593910073201	7.140359441081964	[3, 5, 8, 34, 7, 88]	26
143	0.8934933093794557	0.9736347693334005	6.752593910073201	6.752593910073201	[3, 17, 68, 33, 34, 88]	26
144	0.8951369311482913	0.974123014345745	6.752593910073201	7.140359441081964	[13, 34, 68, 33, 7, 88]	26
145	0.8967551883836571	0.9746022177837868	6.752593910073201	7.140359441081964	[3, 5, 6, 1, 34, 88]	27
146	0.898348472513539	0.9754149468147055	6.752593910073201	6.752593910073201	[3, 5, 67, 68, 34, 88]	26
147	0.8999171689253671	0.9762016685166349	6.752593910073201	7.528124972090727	[13, 34, 68, 67, 5, 88]	27
148	0.9014616570592349	0.9768362906895247	6.752593910073201	6.752593910073201	[3, 5, 27, 33, 34, 88]	26
149	0.9029823104996788	0.9775775293874599	6.752593910073201	7.140359441081964	[0, 1, 34, 67, 7, 88]	27
150	0.9044794970660417	0.9780758065121831	6.752593910073201	7.528124972090727	[119, 17, 3, 4, 34, 88]	26
151	0.9059535789014423	0.9784818100952908	6.752593910073201	7.528124972090727	[3, 17, 1, 67, 7, 88]	34
152	0.9074049125603707	0.9790556284927496	6.752593910073201	7.528124972090728	[3, 4, 7, 1, 34, 88]	27
153	0.9088338490949328	0.9796141450662763	6.752593910073201	7.91589050309949	[140, 57, 27, 33, 38, 88]	26
154	0.9102407341397641	0.9800671640648035	6.752593910073201	7.140359441081964	[0, 1, 34, 33, 7, 88]	26
155	0.9116259079956319	0.9804362906561961	6.752593910073201	7.140359441081964	[3, 5, 27, 7, 34, 88]	26
156	0.9129897057117488	0.980871039752725	6.752593910073201	7.140359441081964	[140, 147, 33, 7, 34, 88]	26
157	0.9143324571668143	0.981166239756541	6.752593910073201	6.752593910073201	[3, 17, 68, 33, 34, 88]	27
158	0.9156544871488079	0.9818894561498899	6.752593910073201	7.91589050309949	[101, 100, 26, 19, 5, 88]	27
159	0.9169561154335486	0.9822919126798922	6.752593910073201	7.528124972090727	[13, 98, 8, 34, 7, 88]	26
160	0.9182376568620432	0.9827641283417619	6.752593910073201	7.140359441081964	[13, 98, 7, 33, 34, 88]	26
161	0.9194994214166413	0.9831471477119449	6.752593910073201	7.528124972090727	[144, 43, 17, 3, 34, 88]	26
162	0.9207417142960141	0.983596557106293	6.752593910073201	7.528124972090727	[3, 4, 7, 67, 68, 88]	26
163	0.9219648359889768	0.9839610780594865	6.752593910073201	7.528124972090727	[119, 17, 48, 50, 34, 88]	26
164	0.9231690823471717	0.9843174985470534	6.752593910073201	7.528124972090727	[144, 43, 27, 33, 7, 88]	51
165	0.9243547446566289	0.9846659985793411	6.752593910073201	7.140359441081964	[3, 5, 4, 7, 34, 88]	52
166	0.9255221097082241	0.9850067541664669	6.752593910073201	7.528124972090727	[13, 12, 8, 34, 7, 88]	59
167	0.9266714598670478	0.9855824948064746	6.752593910073201	7.528124972090728	[13, 12, 4, 7, 34, 88]	59
168	0.9278030731407044	0.9860438549726674	6.752593910073201	7.528124972090727	[13, 3, 5, 67, 7, 88]	27
169	0.9289172232465578	0.9863539915288303	6.752593910073201	7.140359441081964	[119, 17, 33, 7, 34, 88]	27
170	0.9300141796779381	0.9866066953894076	6.752593910073201	7.140359441081964	[3, 17, 37, 1, 34, 88]	26
171	0.9310942077693279	0.986904324380754	6.752593910073201	7.140359441081964	[3, 17, 68, 33, 7, 88]	26
172	0.932157568760542	0.9873233860005699	6.752593910073201	7.528124972090727	[119, 6, 1, 34, 7, 88]	27
173	0.9332045198599164	0.987810167978148	6.752593910073201	7.915890503099491	[13, 98, 32, 68, 7, 88]	38
174	0.9342353143065225	0.9880359056081823	6.752593910073201	6.752593910073201	[3, 5, 67, 7, 34, 88]	48
175	0.9352502014314219	0.9882574629117346	6.752593910073201	7.91589050309949	[3, 2, 7, 33, 38, 88]	61
176	0.936249426717974	0.9885705972340882	6.752593910073201	6.752593910073201	[3, 5, 67, 68, 34, 88]	51
177	0.9372332318612151	0.9889363381225974	6.752593910073201	7.140359441081964	[144, 43, 67, 7, 34, 88]	57
178	0.9382018548263199	0.9891412207499568	6.752593910073201	7.140359441081964	[3, 17, 25, 67, 34, 88]	47
179	0.9391555299061606	0.9893423092545872	6.752593910073201	6.752593910073201	[3, 68, 33, 7, 34, 88]	58
180	0.9400944877779791	0.9895396738980208	6.752593910073201	6.752593910073201	[3, 5, 27, 33, 34, 88]	52
181	0.9410189555591831	0.9898744043332841	6.752593910073201	7.915890503099491	[123, 6, 24, 27, 33, 88]	40
182	0.9419291568622822	0.9900994175703223	6.752593910073201	7.140359441081964	[0, 1, 34, 33, 7, 88]	27
183	0.9428253118489753	0.9903194305132039	6.752593910073201	7.528124972090727	[13, 3, 17, 33, 7, 88]	26
184	0.9437076372834047	0.9905775790328518	6.752593910073201	7.528124972090727	[3, 5, 12, 4, 34, 88]	27
185	0.9445763465845868	0.9908288435919758	6.752593910073201	7.528124972090727	[13, 34, 33, 27, 5, 88]	26
186	0.9454316498780345	0.990998679821754	6.752593910073201	7.140359441081964	[3, 8, 34, 67, 33, 88]	27
187	0.9462737540465833	0.9911987091590484	6.752593910073201	7.528124972090727	[140, 6, 67, 33, 7, 88]	26
188	0.9471028627804323	0.9914803504659588	6.752593910073201	7.140359441081964	[0, 1, 34, 67, 33, 88]	28
189	0.9479191766264133	0.991611826539015	6.752593910073201	6.752593910073201	[3, 17, 33, 7, 34, 88]	26
190	0.9487228930364995	0.9917982303937036	6.752593910073201	7.140359441081964	[0, 1, 34, 68, 33, 88]	26
191	0.9495142064155659	0.9919804919405102	6.752593910073201	7.140359441081964	[119, 17, 33, 7, 34, 88]	27
192	0.9502933081684121	0.9921943454887632	6.752593910073201	6.752593910073201	[3, 17, 33, 67, 34, 88]	26
193	0.9510603867460601	0.9923678044779018	6.752593910073201	7.140359441081964	[123, 3, 17, 1, 34, 88]	26
194	0.9518156276913369	0.9925374088228374	6.752593910073201	7.528124972090727	[140, 57, 41, 27, 33, 88]	26
195	0.9525592136837545	0.9927364112542283	6.752593910073201	7.140359441081964	[3, 17, 43, 7, 34, 88]	26
196	0.9532913245836966	0.9928978243374678	6.752593910073201	7.528124972090727	[144, 43, 17, 3, 5, 88]	53
197	0.9540121374759235	0.9931250939586688	6.752593910073201	7.528124972090727	[119, 6, 48, 17, 34, 88]	26
198	0.9547218267124061	0.9932524070335083	6.752593910073201	6.752593910073201	[3, 5, 27, 33, 34, 88]	27
199	0.9554205639544987	0.9934023535438747	6.752593910073201	7.140359441081964	[119, 17, 33, 7, 34, 88]	26
200	0.9561085182144601	0.9935245321819511	6.752593910073201	6.752593910073201	[3, 17, 68, 7, 34, 88]	27
201	0.9567858558963357	0.9936684314667966	6.752593910073201	7.140359441081964	[3, 5, 27, 33, 68, 88]	26
202	0.9574527408362071	0.9938372732943487	6.752593910073201	7.528124972090728	[101, 100, 29, 7, 34, 88]	27
203	0.9581093343418212	0.9939513978629719	6.752593910073201	7.140359441081964	[3, 5, 27, 33, 7, 88]	26
204	0.9587557952316079	0.9940634090136576	6.752593910073201	7.528124972090727	[3, 17, 43, 67, 7, 88]	26
205	0.9593922798730954	0.994173345883775	6.752593910073201	7.140359441081964	[3, 37, 33, 7, 34, 88]	27
206	0.9600189422207328	0.9942632633855686	6.752593910073201	7.140359441081964	[3, 5, 27, 7, 34, 88]	27
207	0.960635933853129	0.9944835540715627	6.752593910073201	7.528124972090727	[123, 6, 8, 34, 68, 88]	26
208	0.9612434040097164	0.9946600803412727	6.752593910073201	7.915890503099491	[13, 12, 5, 67, 68, 88]	27
209	0.9618414996268504	0.9947787452225778	6.752593910073201	7.528124972090727	[13, 34, 33, 27, 7, 88]	34
210	0.9624303653733497	0.9948947731065205	6.752593910073201	7.528124972090727	[101, 100, 17, 3, 5, 88]	27
211	0.9630101436854893	0.9949735574721607	6.752593910073201	6.752593910073201	[3, 68, 67, 7, 34, 88]	27
212	0.963580974801454	0.9951075959395698	6.752593910073201	7.140359441081964	[3, 17, 30, 7, 34, 88]	26
213	0.9641429967952587	0.9953424313344704	6.752593910073201	7.528124972090727	[144, 43, 67, 68, 7, 88]	27
214	0.9646963456101467	0.9954666331655512	6.752593910073201	7.140359441081964	[140, 147, 33, 7, 34, 88]	27
215	0.9652411550914716	0.9955875229478032	6.752593910073201	7.140359441081964	[119, 6, 67, 7, 34, 88]	26
216	0.9657775570190723	0.9957051890025284	6.752593910073201	7.528124972090727	[3, 5, 104, 33, 7, 88]	27
217	0.9663056811391484	0.9958006292469166	6.752593910073201	7.140359441081964	[123, 6, 67, 68, 34, 88]	26
218	0.966825655195643	0.9958939485969851	6.752593910073201	7.140359441081964	[3, 8, 34, 67, 68, 88]	26
219	0.9673376049611423	0.9959699865859298	6.752593910073201	6.752593910073201	[3, 17, 7, 67, 34, 88]	27
220	0.9678416542672975	0.9960446164639682	6.752593910073201	7.140359441081964	[3, 5, 6, 1, 34, 88]	26
221	0.9683379250347776	0.99613251387588	6.752593910073201	7.140359441081964	[0, 1, 34, 68, 33, 88]	27
222	0.9688265373027594	0.9962562734318519	6.752593910073201	7.140359441081964	[119, 17, 68, 33, 34, 88]	26
223	0.9693076092579637	0.9963256017016324	6.752593910073201	7.140359441081964	[3, 52, 68, 7, 34, 88]	26
224	0.969781257263242	0.9964431824471801	6.752593910073201	7.140359441081964	[13, 34, 68, 67, 7, 88]	26
225	0.9702475958857228	0.9965570006088704	6.752593910073201	7.140359441081964	[140, 147, 33, 67, 34, 88]	26
226	0.9707067379245234	0.9966207598568543	6.752593910073201	7.140359441081964	[3, 5, 2, 7, 34, 88]	47
227	0.9711587944380339	0.9966833383780236	6.752593910073201	7.528124972090727	[3, 61, 41, 27, 34, 88]	34
228	0.9716038747707803	0.9967894715499269	6.752593910073201	7.528124972090728	[123, 3, 2, 8, 34, 88]	28
229	0.9720420865798731	0.9968750856419288	6.752593910073201	7.140359441081964	[13, 98, 7, 68, 34, 88]	27
230	0.9724735358610479	0.9969329544263376	6.752593910073201	6.752593910073201	[3, 68, 67, 33, 34, 88]	27
231	0.9728983269743033	0.9969897515665905	6.752593910073201	6.752593910073201	[3, 17, 33, 67, 34, 88]	27
232	0.9733165626691443	0.99704549690795	6.752593910073201	7.528124972090727	[3, 5, 2, 4, 34, 88]	27
233	0.9737283441094353	0.9971242836570713	6.752593910073201	7.528124972090727	[3, 37, 27, 33, 68, 88]	27
234	0.97413377089787	0.9971775376634219	6.752593910073201	7.91589050309949	[3, 17, 6, 4, 5, 88]	27
235	0.9745329411000634	0.9972402590486792	6.752593910073201	7.528124972090727	[13, 34, 1, 33, 7, 88]	31
236	0.9749259512682722	0.9973322504137232	6.752593910073201	7.528124972090727	[101, 100, 27, 33, 68, 88]	27
237	0.9753128964647495	0.9973816531838394	6.752593910073201	6.752593910073201	[3, 5, 27, 33, 34, 88]	29
238	0.975693870284738	0.9974514757656037	6.752593910073201	7.91589050309949	[3, 17, 11, 2, 5, 88]	27
239	0.9760689648791093	0.9975194364118543	6.752593910073201	7.140359441081964	[3, 17, 65, 1, 34, 88]	27
240	0.9764382709766539	0.9975653727745977	6.752593910073201	7.140359441081964	[3, 5, 8, 34, 33, 88]	27
241	0.9768018779060265	0.9976029441823971	6.752593910073201	7.140359441081964	[3, 5, 27, 33, 7, 88]	28
242	0.9771598736173532	0.9976473341049453	6.752593910073201	7.91589050309949	[3, 17, 37, 1, 33, 88]	26
243	0.9775123447035052	0.9976836406773999	6.752593910073201	7.140359441081964	[3, 8, 34, 68, 7, 88]	27
244	0.9778593764210437	0.9977479839919166	6.752593910073201	7.140359441081964	[144, 43, 27, 33, 34, 88]	27
245	0.9782010527108425	0.9978080377521321	6.752593910073201	7.140359441081964	[3, 52, 68, 7, 34, 88]	27
246	0.9785374562183912	0.9978486296456112	6.752593910073201	7.140359441081964	[3, 17, 43, 8, 34, 88]	28
247	0.9788686683137864	0.9978964378757087	6.752593910073201	7.140359441081964	[0, 1, 34, 33, 7, 88]	31
248	0.9791947691114131	0.997963751863686	6.752593910073201	7.140359441081964	[119, 17, 68, 67, 34, 88]	27
249	0.9795158374893234	0.9980014601625066	6.752593910073201	6.752593910073201	[3, 17, 68, 67, 34, 88]	27
250	0.9798319511083153	0.9980547545581732	6.752593910073201	7.140359441081964	[3, 17, 146, 8, 34, 88]	26
251	0.9801431864307178	0.9981170024123116	6.752593910073201	7.140359441081964	[123, 6, 67, 33, 34, 88]	26
252	0.9804496187388858	0.9981518727380095	6.752593910073201	7.140359441081964	[3, 17, 68, 67, 33, 88]	27
253	0.9807513221534092	0.9981929422327204	6.752593910073201	7.528124972090728	[140, 6, 10, 8, 34, 88]	28
254	0.9810483696510417	0.9982411304398479	6.752593910073201	7.140359441081964	[3, 8, 34, 67, 33, 88]	27
255	0.9813408330823528	0.9982802164300735	6.752593910073201	7.140359441081964	[13, 3, 17, 1, 34, 88]	27
256	0.9816287831891066	0.998312064273961	6.752593910073201	7.140359441081964	[3, 104, 33, 7, 34, 88]	27
257	0.9819122896213734	0.9983495739567618	6.752593910073201	7.140359441081964	[13, 3, 17, 1, 34, 88]	27
258	0.982191420954377	0.998380137402007	6.752593910073201	6.752593910073201	[3, 5, 67, 33, 34, 88]	27
259	0.982466244705081	0.9984423401257699	6.752593910073201	7.140359441081964	[3, 8, 34, 67, 33, 88]	27
260	0.9827368273485212	0.9984921852417453	6.752593910073201	7.528124972090727	[13, 3, 68, 67, 7, 88]	27
261	0.9830032343338835	0.9985404353140095	6.752593910073201	7.140359441081964	[0, 1, 34, 67, 33, 88]	27
262	0.9832655301003359	0.9985890874702091	6.752593910073201	7.528124972090727	[144, 43, 8, 34, 33, 88]	27
263	0.9835237780926147	0.9986342366711625	6.752593910073201	7.915890503099491	[144, 43, 50, 67, 7, 88]	27
264	0.9837780407763707	0.9986645869673588	6.752593910073201	7.140359441081964	[140, 147, 33, 7, 34, 88]	28
265	0.9840283796532785	0.9987001979815626	6.752593910073201	7.91589050309949	[3, 17, 1, 6, 5, 88]	28
266	0.9842748552759131	0.9987242683893114	6.752593910073201	6.752593910073201	[3, 17, 33, 7, 34, 88]	42
267	0.9845175272623958	0.9987582878989298	6.752593910073201	7.528124972090728	[3, 28, 29, 33, 34, 88]	50
268	0.9847564543108157	0.9987858815011758	6.752593910073201	7.528124972090727	[140, 147, 5, 3, 34, 88]	27
269	0.9849916942134266	0.9988083651770799	6.752593910073201	7.140359441081964	[3, 17, 6, 8, 34, 88]	27
270	0.9852233038706267	0.9988304324886155	6.752593910073201	7.140359441081964	[3, 17, 4, 33, 34, 88]	26
271	0.9854513393047221	0.9988616209555857	6.752593910073201	7.91589050309949	[144, 43, 3, 17, 38, 88]	26
272	0.9856758556734764	0.9989053347108913	6.752593910073201	7.91589050309949	[13, 14, 19, 26, 5, 88]	26
273	0.9858969072834536	0.9989256062903192	6.752593910073201	7.140359441081964	[3, 5, 2, 7, 34, 88]	27
274	0.9861145476031533	0.9989455024701281	6.752593910073201	7.140359441081964	[3, 17, 50, 1, 34, 88]	32
275	0.9863288292759441	0.9989650302021628	6.752593910073201	7.140359441081964	[0, 1, 34, 68, 33, 88]	26
276	0.9865398041327968	0.9989926293967718	6.752593910073201	7.528124972090728	[13, 18, 6, 1, 34, 88]	26
277	0.9867475232048216	0.9990150154101769	6.752593910073201	7.528124972090727	[140, 57, 41, 27, 34, 88]	30
278	0.9869520367356114	0.9990412816659054	6.752593910073201	7.528124972090728	[3, 10, 139, 1, 34, 88]	63
279	0.9871533941933952	0.999087300145942	6.752593910073201	7.91589050309949	[101, 100, 26, 19, 5, 88]	41
280	0.9873516442830033	0.9991177234744106	6.752593910073201	7.528124972090727	[101, 100, 27, 33, 7, 88]	27
281	0.9875468349576483	0.9991412508484263	6.752593910073201	7.140359441081964	[3, 17, 48, 50, 34, 88]	27
282	0.9877390134305241	0.9991571536104925	6.752593910073201	7.140359441081964	[3, 5, 37, 1, 34, 88]	27
283	0.9879282261862259	0.9991796295142127	6.752593910073201	7.528124972090727	[140, 57, 27, 33, 7, 88]	27
284	0.988114518991994	0.9991978599694524	6.752593910073201	7.140359441081964	[140, 6, 67, 7, 34, 88]	27
285	0.9882979369087842	0.999219250370267	6.752593910073201	7.140359441081964	[3, 43, 27, 33, 34, 88]	28
286	0.9884785243021672	0.9992366003620389	6.752593910073201	7.140359441081964	[0, 1, 34, 68, 33, 88]	27
287	0.9886563248530597	0.9992507373923715	6.752593910073201	6.752593910073201	[3, 5, 67, 33, 34, 88]	27
288	0.9888313815682902	0.9992707177285749	6.752593910073201	7.140359441081964	[3, 5, 27, 33, 7, 88]	27
289	0.9890037367910018	0.9992901652558129	6.752593910073201	7.140359441081964	[140, 57, 27, 33, 34, 88]	27
290	0.9891734322108937	0.9993033103436683	6.752593910073201	6.752593910073201	[3, 68, 33, 7, 34, 88]	27
291	0.9893405088743059	0.9993218887345038	6.752593910073201	7.140359441081964	[3, 6, 67, 7, 34, 88]	27
292	0.9895050071941468	0.9993435882949996	6.752593910073201	7.140359441081964	[119, 6, 67, 33, 34, 88]	27
293	0.9896669669596693	0.9993645934695596	6.752593910073201	7.140359441081964	[123, 3, 68, 67, 34, 88]	27
294	0.9898264273460942	0.999385773687241	6.752593910073201	7.91589050309949	[101, 100, 41, 27, 7, 88]	26
295	0.9899834269240865	0.9993994231608578	6.752593910073201	7.140359441081964	[140, 57, 27, 33, 34, 88]	27
296	0.9901380036690851	0.9994186416197104	6.752593910073201	7.140359441081964	[123, 3, 5, 8, 34, 88]	27
297	0.9902901949704882	0.9994294075156417	6.752593910073201	7.140359441081964	[3, 5, 6, 1, 34, 88]	27
298	0.9904400376406967	0.9994399740431298	6.752593910073201	7.528124972090728	[3, 6, 37, 7, 34, 88]	27
299	0.9905875679240193	0.9994549080686463	6.752593910073201	7.915890503099491	[3, 37, 29, 68, 7, 88]	27
300	0.9907328215054387	0.9994723510104496	6.752593910073201	7.528124972090727	[13, 3, 68, 67, 7, 88]	27
301	0.9908758335192437	0.9994899393101013	6.752593910073201	7.528124972090727	[0, 1, 17, 3, 5, 88]	28
302	0.991016638557527	0.9994993848784328	6.752593910073201	7.528124972090727	[3, 17, 4, 33, 68, 88]	27
303	0.9911552706785528	0.9995105096589121	6.752593910073201	7.140359441081964	[123, 3, 5, 8, 34, 88]	27
304	0.9912917634149948	0.9995261733498269	6.752593910073201	6.752593910073201	[3, 5, 67, 7, 34, 88]	27
305	0.9914261497820474	0.9995349479174227	6.752593910073201	7.528124972090727	[13, 3, 5, 27, 33, 88]	27
306	0.9915584622854109	0.9995498295840651	6.752593910073201	7.528124972090728	[119, 17, 65, 1, 34, 88]	27
307	0.9916887329291545	0.9995598333710859	6.752593910073201	7.140359441081964	[123, 3, 17, 7, 34, 88]	27
308	0.9918169932234577	0.9995739187032112	6.752593910073201	7.140359441081964	[0, 1, 34, 67, 7, 88]	51
309	0.9919432741922315	0.9995833871764731	6.752593910073201	7.528124972090727	[144, 43, 17, 3, 5, 88]	49
310	0.992067606380623	0.9995898163867127	6.752593910073201	6.752593910073201	[3, 5, 27, 33, 34, 88]	65
311	0.9921900198624035	0.9996007546164004	6.752593910073201	7.528124972090727	[0, 1, 34, 8, 38, 88]	50
312	0.992310544247243	0.9996135304686756	6.752593910073201	7.528124972090727	[140, 57, 27, 33, 7, 88]	44
313	0.9924292086878719	0.9996221186804828	6.752593910073201	7.528124972090727	[144, 43, 8, 34, 33, 88]	59
314	0.9925460418871331	0.9996305160431388	6.752593910073201	7.528124972090727	[0, 1, 34, 3, 5, 88]	57
315	0.9926610721049243	0.999640368948655	6.752593910073201	7.140359441081964	[3, 5, 37, 1, 34, 88]	47
316	0.9927743271650334	0.9996470287829392	6.752593910073201	7.140359441081964	[3, 5, 2, 8, 34, 88]	26
317	0.9928858344618694	0.9996605828776743	6.752593910073201	7.140359441081964	[140, 6, 33, 7, 34, 88]	27
318	0.9929956209670875	0.9996668683799397	6.752593910073201	7.140359441081964	[3, 5, 37, 1, 34, 88]	27
319	0.9931037132361139	0.999675751889808	6.752593910073201	7.140359441081964	[3, 17, 1, 34, 7, 88]	26
320	0.9932101374145689	0.9996817564844411	6.752593910073201	7.140359441081964	[3, 17, 29, 1, 34, 88]	27
321	0.993314919244591	0.999691940276939	6.752593910073201	7.140359441081964	[140, 147, 7, 67, 34, 88]	26
322	0.9934180840710634	0.9997022089343743	6.752593910073201	7.140359441081964	[0, 1, 34, 67, 7, 88]	26
323	0.9935196568477445	0.9997077235837378	6.752593910073201	7.140359441081964	[3, 17, 6, 67, 34, 88]	26
324	0.993619662143304	0.9997174661309466	6.752593910073201	7.528124972090728	[101, 100, 17, 1, 34, 88]	26
325	0.9937181241472653	0.9997250003674546	6.752593910073201	7.528124972090728	[13, 12, 4, 7, 34, 88]	27
326	0.993815066675857	0.999733800355696	6.752593910073201	7.140359441081964	[13, 3, 17, 1, 34, 88]	26
327	0.9939105131777727	0.9997423187443139	6.752593910073201	7.915890503099491	[144, 43, 17, 68, 7, 88]	26
328	0.9940044867398441	0.9997491902444654	6.752593910073201	7.140359441081964	[3, 10, 33, 7, 34, 88]	27
329	0.9940970100926243	0.9997538348695679	6.752593910073201	6.752593910073201	[3, 68, 33, 7, 34, 88]	26
330	0.9941881056158863	0.9997636814747852	6.752593910073201	7.528124972090727	[101, 100, 41, 27, 34, 88]	26
331	0.9942777953440362	0.9997712436675921	6.752593910073201	7.140359441081964	[3, 17, 139, 1, 34, 88]	26
332	0.9943661009714431	0.9997763271416455	6.752593910073201	7.140359441081964	[119, 17, 68, 7, 34, 88]	26
333	0.9944530438576862	0.999783484673113	6.752593910073201	7.528124972090727	[119, 6, 1, 34, 7, 88]	26
334	0.9945386450327219	0.9997882961248216	6.752593910073201	7.140359441081964	[140, 6, 67, 33, 34, 88]	27
335	0.99462292520197	0.999793000655381	6.752593910073201	7.915890503099491	[0, 1, 50, 33, 68, 88]	26
336	0.9947059047513224	0.9997968339765777	6.752593910073201	6.752593910073201	[3, 68, 67, 7, 34, 88]	26
337	0.9947876037520735	0.9998013487770983	6.752593910073201	7.140359441081964	[140, 6, 33, 68, 34, 88]	26
338	0.994868041965776	0.9998050275034482	6.752593910073201	6.752593910073201	[3, 17, 7, 67, 34, 88]	27
339	0.9949472388490203	0.9998112666233379	6.752593910073201	7.528124972090728	[140, 147, 57, 1, 34, 88]	26
340	0.9950252135581403	0.9998173060913911	6.752593910073201	7.915890503099491	[119, 6, 24, 27, 33, 88]	27
341	0.995101984953848	0.9998243215374817	6.752593910073201	7.91589050309949	[0, 1, 34, 35, 5, 88]	26
342	0.9951775716057949	0.9998290062964822	6.752593910073201	7.140359441081964	[3, 5, 32, 68, 34, 88]	26
343	0.9952519917970635	0.9998328061565603	6.752593910073201	7.91589050309949	[144, 43, 7, 67, 5, 88]	27
344	0.9953252635285903	0.9998381563595504	6.752593910073201	7.528124972090727	[3, 52, 68, 33, 7, 88]	26
345	0.9953974045235194	0.9998433353560447	6.752593910073201	7.915890503099491	[13, 12, 4, 10, 34, 88]	26
346	0.9954684322314897	0.9998475130798836	6.752593910073201	7.140359441081964	[3, 17, 146, 8, 34, 88]	26
347	0.9955383638328557	0.9998533685776161	6.752593910073201	7.528124972090727	[144, 43, 67, 68, 33, 88]	26
348	0.9956072162428424	0.9998572787488796	6.752593910073201	7.140359441081964	[3, 68, 7, 1, 34, 88]	26
349	0.9956750061156381	0.9998604503322378	6.752593910073201	7.140359441081964	[144, 43, 67, 33, 34, 88]	26
350	0.9957417498484215	0.999863551435966	6.752593910073201	7.140359441081964	[13, 3, 17, 7, 34, 88]	26
351	0.9958074635853286	0.9998665836262778	6.752593910073201	7.915890503099491	[13, 18, 14, 3, 5, 88]	27
352	0.9958721632213574	0.9998695484345828	6.752593910073201	7.140359441081964	[13, 3, 17, 1, 34, 88]	26
353	0.9959358644062131	0.9998730271429939	6.752593910073201	6.752593910073201	[3, 68, 67, 7, 34, 88]	26
354	0.9959985825480925	0.9998758487620384	6.752593910073201	7.140359441081964	[119, 17, 7, 67, 34, 88]	26
355	0.996060332817412	0.9998781478590377	6.752593910073201	7.528124972090728	[3, 52, 10, 8, 34, 88]	27
356	0.9961211301504767	0.9998820471275485	6.752593910073201	7.528124972090727	[144, 43, 7, 68, 33, 88]	27
357	0.9961809892530927	0.9998865765178506	6.752593910073201	7.528124972090727	[119, 6, 1, 34, 33, 88]	27
358	0.9962399246041252	0.9998920208449938	6.752593910073201	7.915890503099491	[21, 20, 5, 67, 7, 88]	26
359	0.9962979504589998	0.9998949002891273	6.752593910073201	8.303656034108254	[3, 43, 29, 56, 5, 88]	26
360	0.9963550808531512	0.9998968465800694	6.752593910073201	7.140359441081964	[3, 5, 8, 34, 33, 88]	27
361	0.9964113296054173	0.9999008076713948	6.752593910073201	7.91589050309949	[3, 16, 26, 19, 5, 88]	26
362	0.9964667103213831	0.9999030119453637	6.752593910073201	7.140359441081964	[13, 34, 68, 67, 33, 88]	26
363	0.9965212363966703	0.9999048080204496	6.752593910073201	7.140359441081964	[3, 8, 34, 68, 33, 88]	26
364	0.9965749210201785	0.9999073464732376	6.752593910073201	7.140359441081964	[3, 5, 2, 8, 34, 88]	27
365	0.9966277771772746	0.9999098172339512	6.752593910073201	7.140359441081964	[3, 5, 67, 33, 7, 88]	26
366	0.9966798176529339	0.9999127030824648	6.752593910073201	7.528124972090727	[0, 1, 68, 67, 7, 88]	27
367	0.9967310550348331	0.9999150310002658	6.752593910073201	7.91589050309949	[123, 6, 48, 17, 68, 88]	26
368	0.9967815017163943	0.9999166045002609	6.752593910073201	7.140359441081964	[3, 5, 4, 7, 34, 88]	28
369	0.9968311698997833	0.9999181488613671	6.752593910073201	6.752593910073201	[3, 17, 68, 7, 34, 88]	26
370	0.9968800715988607	0.9999196646231937	6.752593910073201	7.140359441081964	[3, 17, 1, 34, 7, 88]	27
371	0.9969282186420881	0.9999222353552515	6.752593910073201	7.528124972090728	[140, 147, 5, 8, 34, 88]	26
372	0.9969756226753893	0.9999236754412654	6.752593910073201	7.140359441081964	[3, 85, 7, 33, 34, 88]	27
373	0.9970222951649665	0.9999253715425706	6.752593910073201	7.140359441081964	[0, 1, 34, 67, 33, 88]	26
374	0.9970682474000752	0.9999278591578182	6.752593910073201	7.528124972090727	[0, 1, 34, 3, 5, 88]	26
375	0.9971134904957529	0.9999291950993401	6.752593910073201	6.752593910073201	[3, 17, 68, 67, 34, 88]	26
376	0.9971580353955098	0.9999305063012042	6.752593910073201	7.140359441081964	[3, 17, 52, 68, 34, 88]	27
377	0.9972018928739742	0.9999320506056218	6.752593910073201	7.140359441081964	[123, 6, 67, 33, 34, 88]	26
378	0.9972450735394993	0.999934659862366	6.752593910073201	7.140359441081964	[119, 17, 68, 67, 34, 88]	26
379	0.9972875878367292	0.9999367507467702	6.752593910073201	7.140359441081964	[3, 17, 48, 29, 34, 88]	27
380	0.9973294460491254	0.9999379220292375	6.752593910073201	7.528124972090727	[3, 17, 6, 4, 34, 88]	26
381	0.9973706583014538	0.9999388800226134	6.752593910073201	7.140359441081964	[3, 17, 1, 34, 7, 88]	27
382	0.9974112345622338	0.9999402382443331	6.752593910073201	7.140359441081964	[123, 6, 33, 7, 34, 88]	26
383	0.9974511846461499	0.9999418318911509	6.752593910073201	7.140359441081964	[3, 17, 146, 8, 34, 88]	26
384	0.9974905182164254	0.999943693270634	6.752593910073201	8.303656034108254	[140, 57, 1, 29, 33, 88]	26
385	0.9975292447871595	0.9999447359878446	6.752593910073201	7.140359441081964	[3, 68, 7, 1, 34, 88]	26
386	0.9975673737256293	0.9999462096948354	6.752593910073201	7.140359441081964	[3, 17, 25, 67, 34, 88]	26
387	0.9976049142545548	0.9999474050349502	6.752593910073201	7.140359441081964	[13, 34, 67, 33, 7, 88]	26
388	0.9976418754543301	0.9999485738119512	6.752593910073201	7.140359441081964	[140, 57, 27, 33, 34, 88]	26
389	0.9976782662652202	0.9999499451769659	6.752593910073201	6.752593910073201	[3, 17, 68, 67, 34, 88]	26
390	0.9977140954895223	0.9999518672821704	6.752593910073201	7.915890503099491	[3, 142, 8, 98, 34, 88]	26
391	0.9977493717936964	0.9999526100710258	6.752593910073201	6.752593910073201	[3, 17, 33, 7, 34, 88]	27
392	0.9977841037104603	0.9999541265487529	6.752593910073201	7.915890503099491	[119, 6, 2, 10, 34, 88]	26
393	0.9978182996408544	0.9999553498407863	6.752593910073201	7.140359441081964	[3, 5, 35, 7, 34, 88]	26
394	0.9978519678562733	0.9999563420665465	6.752593910073201	7.528124972090727	[3, 17, 7, 67, 5, 88]	27
395	0.9978851165004666	0.9999571505467957	6.752593910073201	7.528124972090727	[13, 34, 33, 67, 5, 88]	26
396	0.9979177535915088	0.9999581027568669	6.752593910073201	7.140359441081964	[13, 34, 67, 33, 7, 88]	27
397	0.9979498870237387	0.9999592200166838	6.752593910073201	7.528124972090727	[3, 17, 25, 67, 33, 88]	26
398	0.9979815245696686	0.99995997520156	6.752593910073201	7.140359441081964	[3, 17, 100, 33, 34, 88]	27
399	0.9980126738818651	0.9999608646415253	6.752593910073201	7.140359441081964	[140, 6, 67, 7, 34, 88]	26
400	0.9980433424947992	0.9999615893703859	6.752593910073201	6.752593910073201	[3, 68, 67, 7, 34, 88]	26
401	0.9980735378266696	0.9999628185105336	6.752593910073201	7.91589050309949	[119, 17, 48, 50, 33, 88]	26
402	0.9981032671811964	0.9999638100169194	6.752593910073201	7.528124972090727	[3, 5, 32, 68, 7, 88]	27
403	0.9981325377493877	0.9999646142387656	6.752593910073201	7.140359441081964	[123, 3, 17, 7, 34, 88]	26
404	0.9981613566112799	0.9999652695306404	6.752593910073201	7.140359441081964	[3, 5, 4, 33, 34, 88]	26
405	0.998189730737649	0.9999661956764899	6.752593910073201	7.140359441081964	[3, 8, 34, 68, 33, 88]	27
406	0.9982176669916977	0.9999670971251169	6.752593910073201	7.140359441081964	[3, 5, 30, 7, 34, 88]	27
407	0.9982451721307147	0.9999679745351138	6.752593910073201	7.140359441081964	[3, 17, 48, 29, 34, 88]	26
408	0.9982722528077098	0.9999685675992783	6.752593910073201	6.752593910073201	[3, 17, 7, 67, 34, 88]	26
409	0.998298915573023	0.9999695734361014	6.752593910073201	7.528124972090727	[140, 6, 8, 34, 7, 88]	26
410	0.9983251668759084	0.9999705470861462	6.752593910073201	7.528124972090728	[144, 43, 65, 1, 34, 88]	27
411	0.998351013066095	0.9999716780780381	6.752593910073201	7.528124972090727	[3, 98, 7, 68, 33, 88]	26
412	0.9983764603953219	0.9999722025580745	6.752593910073201	7.528124972090727	[3, 5, 27, 39, 34, 88]	26
413	0.9984015150188509	0.9999729438231925	6.752593910073201	7.140359441081964	[3, 17, 33, 67, 7, 88]	27
414	0.9984261829969551	0.999973545071566	6.752593910073201	7.140359441081964	[13, 3, 17, 1, 34, 88]	26
415	0.9984504702963848	0.9999741329588645	6.752593910073201	7.140359441081964	[119, 17, 33, 7, 34, 88]	27
416	0.9984743827918109	0.9999746119781447	6.752593910073201	6.752593910073201	[3, 5, 27, 33, 34, 88]	26
417	0.998497926267246	0.9999752889920609	6.752593910073201	7.528124972090728	[13, 70, 5, 8, 34, 88]	26
418	0.9985211064174427	0.9999759479522726	6.752593910073201	7.140359441081964	[13, 3, 5, 8, 34, 88]	26
419	0.9985439288492723	0.9999768715509054	6.752593910073201	7.91589050309949	[119, 17, 48, 41, 33, 88]	27
420	0.9985663990830799	0.9999772998555182	6.752593910073201	7.140359441081964	[3, 5, 27, 33, 7, 88]	26
421	0.99858852255402	0.9999780262601417	6.752593910073201	8.303656034108254	[13, 3, 64, 52, 5, 88]	26
422	0.9986103046133715	0.9999784331812501	6.752593910073201	7.140359441081964	[3, 8, 34, 33, 7, 88]	27
423	0.9986317505298319	0.9999790082964168	6.752593910073201	7.140359441081964	[3, 17, 1, 67, 34, 88]	26
424	0.9986528654907912	0.9999793970316684	6.752593910073201	7.140359441081964	[3, 147, 27, 33, 34, 88]	26
425	0.9986736546035877	0.9999797785681189	6.752593910073201	7.91589050309949	[3, 5, 6, 1, 7, 88]	26
426	0.9986941228967422	0.9999807491968492	6.752593910073201	7.140359441081964	[0, 1, 34, 33, 7, 88]	26
427	0.9987142753211752	0.9999811056932039	6.752593910073201	6.752593910073201	[3, 17, 33, 67, 34, 88]	26
428	0.998734116751404	0.9999815255666882	6.752593910073201	7.140359441081964	[119, 6, 67, 7, 34, 88]	26
429	0.9987536519867218	0.9999818676858236	6.752593910073201	7.528124972090727	[3, 17, 43, 27, 33, 88]	27
430	0.9987728857523588	0.9999822034694195	6.752593910073201	6.752593910073201	[3, 68, 67, 7, 34, 88]	26
431	0.9987918227006248	0.9999825330348006	6.752593910073201	7.140359441081964	[3, 8, 34, 67, 33, 88]	27
432	0.9988104674120349	0.9999829211895829	6.752593910073201	7.915890503099491	[119, 17, 6, 4, 34, 88]	26
433	0.9988288243964172	0.9999832374638498	6.752593910073201	7.140359441081964	[3, 17, 7, 8, 34, 88]	26
434	0.9988468980940033	0.9999836844648138	6.752593910073201	7.528124972090727	[140, 57, 41, 27, 33, 88]	26
435	0.9988646928765033	0.9999840470322624	6.752593910073201	7.528124972090727	[13, 14, 17, 3, 5, 88]	26
436	0.9988822130481622	0.9999844015426566	6.752593910073201	7.528124972090728	[123, 6, 37, 7, 34, 88]	26
437	0.9988994628468016	0.999984748175042	6.752593910073201	7.140359441081964	[13, 3, 5, 8, 34, 88]	26
438	0.9989164464448448	0.9999850871044855	6.752593910073201	7.140359441081964	[140, 6, 33, 68, 34, 88]	26
439	0.9989331679503256	0.9999854185021636	6.752593910073201	7.915890503099491	[0, 1, 37, 33, 7, 88]	26
440	0.9989496314078823	0.9999856885299013	6.752593910073201	7.140359441081964	[0, 1, 34, 33, 7, 88]	26
441	0.9989658407997359	0.9999859535571254	6.752593910073201	7.140359441081964	[3, 17, 4, 7, 34, 88]	26
442	0.9989818000466536	0.9999862657003004	6.752593910073201	7.140359441081964	[119, 6, 33, 7, 34, 88]	26
443	0.9989975130088966	0.9999866319482923	6.752593910073201	6.752593910073201	[3, 68, 67, 7, 34, 88]	26
444	0.9990129834871544	0.9999869290161081	6.752593910073201	7.140359441081964	[119, 6, 67, 33, 34, 88]	27
445	0.9990282152234637	0.9999872194824168	6.752593910073201	7.528124972090727	[140, 6, 33, 27, 34, 88]	26
446	0.999043211902114	0.9999874561586684	6.752593910073201	7.140359441081964	[3, 4, 33, 7, 34, 88]	26
447	0.9990579771505381	0.9999877906611038	6.752593910073201	7.140359441081964	[3, 5, 27, 33, 7, 88]	28
448	0.9990725145401903	0.9999881813599485	6.752593910073201	7.528124972090728	[123, 6, 76, 1, 34, 88]	26
449	0.9990868275874096	0.9999885595564302	6.752593910073201	7.140359441081964	[13, 34, 68, 67, 33, 88]	26
450	0.9991009197542706	0.9999889988694632	6.752593910073201	7.915890503099491	[119, 17, 90, 27, 33, 88]	26
451	0.9991147944494208	0.9999892025941028	6.752593910073201	7.140359441081964	[3, 5, 6, 1, 34, 88]	26
452	0.999128455028905	0.9999894025460638	6.752593910073201	7.140359441081964	[13, 34, 68, 67, 7, 88]	51
453	0.9991419047969774	0.9999896380450403	6.752593910073201	7.140359441081964	[123, 6, 33, 7, 34, 88]	26
454	0.9991551470069007	0.999989868310706	6.752593910073201	7.140359441081964	[3, 5, 67, 33, 7, 88]	26
455	0.9991681848617324	0.9999900559345818	6.752593910073201	7.528124972090728	[13, 14, 6, 1, 34, 88]	27
456	0.9991810215151007	0.9999902769138134	6.752593910073201	7.140359441081964	[140, 147, 33, 7, 34, 88]	26
457	0.9991936600719664	0.9999905880525712	6.752593910073201	7.140359441081964	[144, 43, 67, 7, 34, 88]	26
458	0.9992061035893743	0.9999908494955554	6.752593910073201	7.140359441081964	[101, 100, 27, 33, 34, 88]	27
459	0.9992183550771927	0.9999910528400986	6.752593910073201	7.140359441081964	[13, 34, 68, 33, 7, 88]	26
460	0.999230417498841	0.9999913964110388	6.752593910073201	7.915890503099491	[13, 14, 6, 67, 7, 88]	26
461	0.999242293772007	0.9999915557367604	6.752593910073201	7.528124972090727	[3, 6, 67, 33, 7, 88]	27
462	0.9992539867693525	0.9999917809171134	6.752593910073201	7.140359441081964	[3, 17, 1, 34, 33, 88]	26
463	0.9992654993192083	0.9999920000926571	6.752593910073201	6.752593910073201	[3, 68, 67, 7, 34, 88]	26
464	0.9992768342062575	0.9999922134235195	6.752593910073201	7.140359441081964	[3, 8, 34, 33, 7, 88]	27
465	0.9992879941722103	0.9999923864585524	6.752593910073201	7.140359441081964	[119, 6, 67, 7, 34, 88]	26
466	0.9992989819164663	0.999992678818544	6.752593910073201	7.528124972090727	[3, 99, 41, 27, 33, 88]	26
467	0.9993098000967677	0.9999928143959784	6.752593910073201	7.140359441081964	[3, 34, 67, 33, 7, 88]	27
468	0.9993204513298424	0.9999929740760678	6.752593910073201	7.140359441081964	[0, 1, 34, 33, 7, 88]	26
469	0.9993309381920361	0.9999931614340393	6.752593910073201	7.915890503099491	[13, 12, 5, 27, 33, 88]	26
470	0.9993412632199368	0.9999934240349722	6.752593910073201	7.915890503099491	[13, 14, 5, 67, 7, 88]	26
471	0.9993514289109872	0.9999935701675283	6.752593910073201	7.140359441081964	[140, 6, 33, 7, 34, 88]	27
472	0.9993614377240893	0.9999937130526944	6.752593910073201	7.140359441081964	[13, 3, 5, 8, 34, 88]	27
473	0.9993712920801989	0.9999939142350082	6.752593910073201	7.140359441081964	[0, 1, 34, 67, 33, 88]	26
474	0.999380994362912	0.9999941576656078	6.752593910073201	7.915890503099491	[110, 101, 100, 37, 34, 88]	26
475	0.9993905469190398	0.9999942658569855	6.752593910073201	6.752593910073201	[3, 17, 68, 33, 34, 88]	26
476	0.9993999520591781	0.9999944187674659	6.752593910073201	7.528124972090727	[3, 17, 30, 27, 33, 88]	25
477	0.9994092120582648	0.9999945676003335	6.752593910073201	7.528124972090727	[3, 61, 27, 33, 7, 88]	26
478	0.9994183291561312	0.9999947414371227	6.752593910073201	7.528124972090728	[144, 43, 50, 67, 34, 88]	26
479	0.9994273055580427	0.9999948388179167	6.752593910073201	7.140359441081964	[13, 34, 68, 33, 7, 88]	26
480	0.9994361434352333	0.9999950865546567	6.752593910073201	7.140359441081964	[144, 43, 67, 68, 34, 88]	26
481	0.9994448449254304	0.9999951775443854	6.752593910073201	7.140359441081964	[3, 17, 65, 1, 34, 88]	26
482	0.9994534121333712	0.999995266849119	6.752593910073201	7.140359441081964	[3, 5, 27, 33, 7, 88]	26
483	0.9994618471313131	0.9999954183099472	6.752593910073201	7.140359441081964	[119, 6, 67, 7, 34, 88]	26
484	0.9994701519595336	0.9999955942468451	6.752593910073201	7.140359441081964	[123, 6, 67, 68, 34, 88]	26
485	0.9994783286268247	0.999995711733596	6.752593910073201	7.140359441081964	[3, 68, 33, 27, 34, 88]	26
486	0.9994863791109787	0.9999957911459368	6.752593910073201	7.140359441081964	[3, 17, 43, 67, 34, 88]	26
487	0.999494305359266	0.9999958690876787	6.752593910073201	7.140359441081964	[3, 5, 6, 1, 34, 88]	26
488	0.999502109288907	0.9999959608857303	6.752593910073201	7.528124972090727	[3, 5, 61, 17, 34, 88]	27
489	0.9995097927875349	0.9999960356841427	6.752593910073201	7.91589050309949	[3, 5, 8, 2, 7, 88]	26
490	0.9995173577136532	0.9999961678280046	6.752593910073201	7.140359441081964	[101, 100, 27, 33, 34, 88]	26
491	0.9995248058970845	0.9999962700192578	6.752593910073201	7.140359441081964	[3, 5, 67, 33, 7, 88]	27
492	0.9995321391394135	0.9999963694854109	6.752593910073201	7.528124972090727	[13, 12, 8, 34, 7, 88]	26
493	0.9995393592144225	0.9999965088971712	6.752593910073201	7.528124972090728	[140, 57, 61, 8, 34, 88]	27
494	0.999546467868521	0.9999965735472236	6.752593910073201	6.752593910073201	[3, 17, 33, 7, 34, 88]	26
495	0.9995534668211672	0.9999966496906185	6.752593910073201	7.528124972090727	[3, 17, 11, 27, 33, 88]	26
496	0.9995603577652851	0.9999967390322021	6.752593910073201	7.140359441081964	[3, 17, 1, 34, 33, 88]	27
497	0.9995671423676726	0.9999967994204947	6.752593910073201	7.140359441081964	[3, 17, 1, 34, 7, 88]	26
498	0.999573822269406	0.9999968586904855	6.752593910073201	6.752593910073201	[3, 68, 33, 7, 34, 88]	26
499	0.9995803990862362	0.9999969168628839	6.752593910073201	7.140359441081964	[3, 43, 67, 7, 34, 88]	27
