0	0.015432098765432056	0.022222222222222254	7.915890503099491	7.915890503099491	[123, 6, 51, 10, 34, 88]	161
1	0.030626047858558048	0.043950617283950666	7.140359441081964	7.140359441081964	[0, 1, 34, 33, 7, 88]	218
2	0.045585522428642	0.07454419753086428	7.140359441081964	7.91589050309949	[119, 17, 48, 6, 5, 88]	28
3	0.06031414090968146	0.09922301893004115	6.752593910073201	6.752593910073201	[3, 5, 67, 68, 34, 88]	27
4	0.07481546589564314	0.12324373842524006	6.752593910073201	6.752593910073201	[3, 17, 33, 67, 34, 88]	33
5	0.08909300500219186	0.15246894714439874	6.752593910073201	7.140359441081964	[101, 100, 33, 7, 34, 88]	27
6	0.10315021171512095	0.17130297054118993	6.752593910073201	7.528124972090727	[123, 6, 8, 34, 7, 88]	28
7	0.11699048622569008	0.19340155799342484	6.752593910073201	7.528124972090727	[3, 17, 48, 6, 5, 88]	29
8	0.13061717625307134	0.2083385661787318	6.752593910073201	7.140359441081964	[3, 17, 1, 34, 7, 88]	26
9	0.1440335778541042	0.2229989631013478	6.752593910073201	6.752593910073201	[3, 5, 27, 33, 34, 88]	27
10	0.1572429362205532	0.23738787119206362	6.752593910073201	7.140359441081964	[3, 5, 8, 34, 33, 88]	27
11	0.17024844646406312	0.25772419462694185	6.752593910073201	7.140359441081964	[3, 5, 12, 8, 34, 88]	31
12	0.18305325438900033	0.2691790681666495	6.752593910073201	6.752593910073201	[3, 5, 27, 33, 34, 88]	27
13	0.19566045725336756	0.2827127891265263	6.752593910073201	7.91589050309949	[3, 17, 90, 10, 33, 88]	27
14	0.208073104517976	0.29865250492371465	6.752593910073201	7.140359441081964	[3, 5, 27, 33, 68, 88]	30
15	0.22029419858405663	0.31423800481429875	6.752593910073201	7.915890503099491	[140, 57, 111, 3, 5, 88]	31
16	0.2323266955194878	0.32693730102144136	6.752593910073201	6.752593910073201	[3, 17, 68, 7, 34, 88]	32
17	0.2441735057738167	0.34937272432072664	6.752593910073201	7.528124972090727	[101, 100, 27, 33, 68, 88]	32
18	0.2558374948822454	0.36383110822471054	6.752593910073201	7.528124972090728	[119, 6, 2, 7, 34, 88]	27
19	0.2673214841587539	0.38825999366888164	6.752593910073201	7.140359441081964	[140, 147, 33, 67, 34, 88]	27
20	0.2786282513785262	0.4018542160317954	6.752593910073201	7.140359441081964	[3, 43, 7, 33, 34, 88]	27
21	0.28976053144984526	0.4209948811187779	6.752593910073201	7.528124972090727	[144, 43, 67, 68, 7, 88]	27
22	0.30072101707561927	0.439523044922977	6.752593910073201	7.140359441081964	[3, 17, 25, 67, 34, 88]	27
23	0.31151235940469924	0.4499022477947737	6.752593910073201	7.140359441081964	[3, 17, 37, 7, 34, 88]	29
24	0.32213716867314524	0.46457152118691303	6.752593910073201	7.140359441081964	[3, 24, 27, 33, 34, 88]	27
25	0.3325980148355967	0.4764699318272039	6.752593910073201	7.528124972090727	[0, 1, 34, 3, 5, 88]	26
26	0.34289742818689917	0.48810393334215496	6.752593910073201	7.140359441081964	[0, 1, 34, 67, 33, 88]	27
27	0.35303789997413837	0.5044846074752061	6.752593910073201	7.140359441081964	[101, 100, 33, 68, 34, 88]	27
28	0.3630218829992288	0.5203411000359994	6.752593910073201	7.528124972090727	[3, 5, 52, 68, 7, 88]	27
29	0.37285179221220366	0.529223672257555	6.752593910073201	7.528124972090727	[3, 17, 37, 27, 33, 88]	29
30	0.38253000529534864	0.5396853684296092	6.752593910073201	7.528124972090727	[144, 43, 27, 33, 7, 88]	30
31	0.3920588632383216	0.5544154366398618	6.752593910073201	7.140359441081964	[119, 6, 67, 7, 34, 88]	32
32	0.40144067090439683	0.5662976916627989	6.752593910073201	7.140359441081964	[3, 6, 67, 33, 34, 88]	32
33	0.4106776975879709	0.5829518603029473	6.752593910073201	7.140359441081964	[3, 8, 34, 68, 7, 88]	31
34	0.4197721775634652	0.5906749740010409	6.752593910073201	7.140359441081964	[3, 17, 1, 34, 7, 88]	32
35	0.4287263106257574	0.6037733748330076	6.752593910073201	7.140359441081964	[140, 147, 33, 7, 34, 88]	35
36	0.43754226262227347	0.6125784109478296	6.752593910073201	7.915890503099491	[0, 1, 29, 17, 34, 88]	27
37	0.44622216597686803	0.6211877795934335	6.752593910073201	7.528124972090727	[13, 34, 1, 33, 7, 88]	26
38	0.4547681202056201	0.6357341688570456	6.752593910073201	7.140359441081964	[144, 43, 67, 68, 34, 88]	27
39	0.46318219242466907	0.6424798323967299	6.752593910073201	6.752593910073201	[3, 17, 7, 67, 34, 88]	27
40	0.47146641785021426	0.6520137035328171	6.752593910073201	7.91589050309949	[3, 17, 18, 6, 5, 88]	26
41	0.4796228002907974	0.6597467323431989	6.752593910073201	7.528124972090727	[119, 17, 68, 67, 33, 88]	27
42	0.48765331263198874	0.6706348369082166	6.752593910073201	7.528124972090727	[119, 17, 48, 50, 34, 88]	27
43	0.49555989731359384	0.6794179079239975	6.752593910073201	7.140359441081964	[3, 17, 6, 1, 34, 88]	26
44	0.5033444667994951	0.6865419544145752	6.752593910073201	7.528124972090727	[140, 6, 8, 34, 7, 88]	26
45	0.5110089040402437	0.6923467330365276	6.752593910073201	7.140359441081964	[3, 17, 68, 33, 7, 88]	27
46	0.5185550629285114	0.6991834723023824	6.752593910073201	7.528124972090727	[140, 6, 8, 34, 7, 88]	26
47	0.5259847687475159	0.7047541487412272	6.752593910073201	7.140359441081964	[3, 43, 27, 33, 34, 88]	26
48	0.5332998186125233	0.7126273714414612	6.752593910073201	7.528124972090727	[140, 57, 27, 33, 7, 88]	27
49	0.5405019819055399	0.7190134298538731	6.752593910073201	7.140359441081964	[144, 43, 7, 68, 34, 88]	26
50	0.5475930007032939	0.7242168848565791	6.752593910073201	6.752593910073201	[3, 17, 33, 7, 34, 88]	27
51	0.5545745901986134	0.7315711012604037	6.752593910073201	7.528124972090728	[3, 10, 139, 1, 34, 88]	26
52	0.5614484391153014	0.7401608260200707	6.752593910073201	7.140359441081964	[13, 3, 68, 33, 34, 88]	26
53	0.5682162101166085	0.7470898706595355	6.752593910073201	7.140359441081964	[3, 17, 37, 1, 34, 88]	26
54	0.5748795402074016	0.7551829947984304	6.752593910073201	7.528124972090727	[123, 6, 67, 68, 33, 88]	26
55	0.5814400411301268	0.7597166430429039	6.752593910073201	7.528124972090727	[13, 14, 17, 3, 5, 88]	27
56	0.5878992997546619	0.765056273197506	6.752593910073201	7.140359441081964	[119, 6, 33, 7, 34, 88]	27
57	0.5942588784621516	0.7713214392455725	6.752593910073201	7.528124972090727	[3, 5, 30, 27, 33, 88]	26
58	0.6005203155229208	0.777419534199024	6.752593910073201	7.140359441081964	[3, 5, 2, 7, 34, 88]	27
59	0.6066851254685548	0.7823657667723789	6.752593910073201	7.915890503099491	[144, 43, 6, 4, 34, 88]	26
60	0.6127547994582376	0.7872020830663261	6.752593910073201	7.528124972090727	[13, 18, 17, 3, 5, 88]	29
61	0.6187308056394376	0.7911427852317645	6.752593910073201	7.140359441081964	[13, 3, 17, 1, 34, 88]	32
62	0.6246145895030265	0.7950105114311763	6.752593910073201	7.528124972090727	[3, 37, 41, 27, 33, 88]	32
63	0.630407574232918	0.7988066130713396	6.752593910073201	7.528124972090727	[3, 37, 41, 27, 33, 88]	31
64	0.6361111610503113	0.8032775772253099	6.752593910073201	7.140359441081964	[119, 6, 67, 7, 34, 88]	33
65	0.6417267295526212	0.8069205850544708	6.752593910073201	7.140359441081964	[3, 6, 67, 7, 34, 88]	32
66	0.6472556380471796	0.8120693694530182	6.752593910073201	7.140359441081964	[3, 5, 30, 7, 34, 88]	31
67	0.6526992238797849	0.8155495663149994	6.752593910073201	7.140359441081964	[3, 5, 2, 8, 34, 88]	32
68	0.6580588037581832	0.8189653150869438	6.752593910073201	7.528124972090728	[3, 2, 6, 1, 34, 88]	32
69	0.6633356740705569	0.8223178092520005	6.752593910073201	7.140359441081964	[3, 5, 37, 7, 34, 88]	31
70	0.6685311111990977	0.8250598183684819	6.752593910073201	6.752593910073201	[3, 17, 7, 67, 34, 88]	32
71	0.6736463718287411	0.8306579041806905	6.752593910073201	7.140359441081964	[3, 8, 34, 68, 7, 88]	32
72	0.6786826932511372	0.8351736934025388	6.752593910073201	7.91589050309949	[0, 1, 7, 33, 38, 88]	31
73	0.6836412936639282	0.8406679036224541	6.752593910073201	7.528124972090728	[0, 1, 6, 8, 34, 88]	29
74	0.6885233724654107	0.8457665307065356	6.752593910073201	7.140359441081964	[119, 17, 68, 67, 34, 88]	26
75	0.6933301105446482	0.8491939411352792	6.752593910073201	7.528124972090727	[0, 1, 68, 67, 7, 88]	26
76	0.6980626705671074	0.8540197350189503	6.752593910073201	7.915890503099491	[123, 3, 18, 13, 34, 88]	27
77	0.7027221972558866	0.8572637409074181	6.752593910073201	7.91589050309949	[13, 3, 5, 4, 7, 88]	27
78	0.7073098176686043	0.8618313011983807	6.752593910073201	7.528124972090727	[123, 6, 8, 34, 7, 88]	27
79	0.7118266414700147	0.8662526995600326	6.752593910073201	7.528124972090727	[13, 98, 8, 34, 7, 88]	27
80	0.7162737612004157	0.8687295014200319	6.752593910073201	7.140359441081964	[3, 17, 50, 1, 34, 88]	27
81	0.7206522525399155	0.8716466236106979	6.752593910073201	7.528124972090727	[101, 100, 17, 3, 5, 88]	26
82	0.7249631745686205	0.8744989208637934	6.752593910073201	7.528124972090727	[123, 6, 1, 34, 7, 88]	27
83	0.7292075700228084	0.8768230149218714	6.752593910073201	6.752593910073201	[3, 5, 27, 33, 34, 88]	26
84	0.7333864655471478	0.8801077345239549	6.752593910073201	7.140359441081964	[3, 43, 67, 7, 34, 88]	27
85	0.7375008719430252	0.8847115975182349	6.752593910073201	7.140359441081964	[13, 3, 68, 33, 34, 88]	27
86	0.7415517844130401	0.886846567934564	6.752593910073201	7.140359441081964	[119, 17, 33, 7, 34, 88]	26
87	0.7455401828017278	0.8898639927896422	6.752593910073201	7.528124972090727	[3, 68, 33, 27, 7, 88]	26
88	0.7494670318325654	0.8928009529819184	6.752593910073201	7.140359441081964	[3, 5, 2, 7, 34, 88]	26
89	0.753333281341322	0.8951831540267647	6.752593910073201	7.528124972090727	[144, 43, 8, 34, 33, 88]	26
90	0.7571398665058078	0.8985372930979082	6.752593910073201	7.140359441081964	[123, 6, 67, 33, 34, 88]	26
91	0.7608877080720762	0.9007920199179547	6.752593910073201	7.140359441081964	[123, 6, 33, 68, 34, 88]	26
92	0.7645777125771367	0.9026292047342889	6.752593910073201	7.140359441081964	[3, 17, 29, 1, 34, 88]	27
93	0.7682107725682302	0.904793000184638	6.752593910073201	7.915890503099491	[13, 14, 6, 10, 34, 88]	26
94	0.7717877668187205	0.9078396241787297	6.752593910073201	7.140359441081964	[119, 6, 67, 33, 34, 88]	27
95	0.7753095605406538	0.9107887562050102	6.752593910073201	7.528124972090727	[140, 6, 33, 68, 7, 88]	27
96	0.7787770055940388	0.9127712282893433	6.752593910073201	7.140359441081964	[123, 6, 33, 7, 34, 88]	28
97	0.7821909406928962	0.9150973288682942	6.752593910073201	7.140359441081964	[3, 37, 33, 67, 34, 88]	26
98	0.7855521916081293	0.9178142143445088	6.752593910073201	7.915890503099491	[123, 58, 93, 50, 34, 88]	26
99	0.7888615713672631	0.9200058352953219	6.752593910073201	7.140359441081964	[3, 24, 27, 33, 34, 88]	26
100	0.7921198804511016	0.9230776112199816	6.752593910073201	7.140359441081964	[3, 8, 34, 67, 68, 88]	28
101	0.79532790698735	0.924502099901093	6.752593910073201	7.140359441081964	[3, 5, 37, 1, 34, 88]	27
102	0.7984864269412489	0.926179831014402	6.752593910073201	7.528124972090727	[144, 43, 17, 3, 5, 88]	27
103	0.8015962043032667	0.9285420764219412	6.752593910073201	7.528124972090727	[119, 17, 68, 67, 7, 88]	27
104	0.8046579912738953	0.9301300302792314	6.752593910073201	7.528124972090727	[3, 5, 27, 33, 38, 88]	27
105	0.8076725284455943	0.9314239186073937	6.752593910073201	7.140359441081964	[3, 4, 33, 7, 34, 88]	27
106	0.8106405449819278	0.9332526141111965	6.752593910073201	7.140359441081964	[3, 17, 139, 33, 34, 88]	27
107	0.8135627587939351	0.9350325444015647	6.752593910073201	7.140359441081964	[140, 57, 27, 33, 34, 88]	27
108	0.8164398767137817	0.9362356454311653	6.752593910073201	7.91589050309949	[3, 17, 7, 8, 5, 88]	27
109	0.8192725946657295	0.9374164668120697	6.752593910073201	6.752593910073201	[3, 17, 68, 7, 34, 88]	27
110	0.8220615978344683	0.9388072119940236	6.752593910073201	7.528124972090727	[123, 6, 17, 3, 5, 88]	27
111	0.8248075608308499	0.9407653812102149	6.752593910073201	7.915890503099491	[119, 17, 90, 27, 33, 88]	27
112	0.8275111478550652	0.942660889011488	6.752593910073201	7.140359441081964	[3, 5, 27, 33, 7, 88]	27
113	0.8301730128573019	0.9439350914778994	6.752593910073201	7.528124972090728	[140, 6, 37, 1, 34, 88]	27
114	0.8327937996959238	0.9451809783339461	6.752593910073201	7.528124972090727	[140, 6, 67, 33, 7, 88]	27
115	0.8353741422932088	0.9466428189117075	6.752593910073201	7.528124972090727	[3, 17, 48, 6, 5, 88]	27
116	0.837914664788684	0.947630914857787	6.752593910073201	7.528124972090727	[3, 37, 41, 27, 33, 88]	27
117	0.8404159816900932	0.9486007127307909	6.752593910073201	6.752593910073201	[3, 5, 27, 33, 34, 88]	27
118	0.8428786980220363	0.9505744453619286	6.752593910073201	7.528124972090728	[3, 98, 7, 1, 34, 88]	27
119	0.8453034094723135	0.9514897334107817	6.752593910073201	7.140359441081964	[3, 5, 6, 1, 34, 88]	27
120	0.8476907025360123	0.9527833405198276	6.752593910073201	6.752593910073201	[3, 17, 7, 67, 34, 88]	27
121	0.8500411546573702	0.9536577231027937	6.752593910073201	7.91589050309949	[3, 5, 6, 1, 33, 88]	27
122	0.8523553343694478	0.9548935171533859	6.752593910073201	7.140359441081964	[3, 17, 1, 34, 7, 88]	27
123	0.8546338014316477	0.9560963566959623	6.752593910073201	7.528124972090727	[3, 61, 41, 27, 33, 88]	27
124	0.8568771069651099	0.9575012732816914	6.752593910073201	7.91589050309949	[144, 43, 7, 67, 5, 88]	27
125	0.8590857935860187	0.9586345726608464	6.752593910073201	7.140359441081964	[3, 17, 33, 67, 7, 88]	27
126	0.8612603955368516	0.9594005990930529	6.752593910073201	6.752593910073201	[3, 17, 33, 7, 34, 88]	26
127	0.8634014388156039	0.960152439850589	6.752593910073201	7.140359441081964	[3, 17, 29, 1, 34, 88]	26
128	0.8655094413030175	0.9614275617753701	6.752593910073201	8.303656034108254	[140, 147, 11, 37, 38, 88]	26
129	0.8675849128878474	0.9621418661869373	6.752593910073201	6.752593910073201	[3, 68, 33, 7, 34, 88]	27
130	0.8696283555901955	0.9631514164219523	6.752593910073201	7.140359441081964	[3, 8, 34, 67, 33, 88]	27
131	0.8716402636829393	0.9649201484336987	6.752593910073201	7.528124972090728	[144, 43, 29, 1, 34, 88]	28
132	0.8736211238112891	0.9658556111421334	6.752593910073201	7.140359441081964	[3, 17, 6, 1, 34, 88]	26
133	0.8755714151104975	0.9667661281783431	6.752593910073201	6.752593910073201	[3, 68, 67, 7, 34, 88]	26
134	0.8774916093217553	0.9675046586632688	6.752593910073201	7.528124972090728	[123, 3, 4, 33, 34, 88]	27
135	0.8793821709062961	0.9682267773596406	6.752593910073201	7.528124972090727	[144, 43, 17, 3, 5, 88]	27
136	0.8812435571577422	0.9694468691090304	6.752593910073201	7.140359441081964	[3, 8, 34, 67, 33, 88]	27
137	0.8830762183127152	0.970261619266123	6.752593910073201	7.140359441081964	[3, 5, 2, 8, 34, 88]	27
138	0.8848805976597413	0.9709224721713202	6.752593910073201	7.528124972090727	[13, 34, 1, 33, 7, 88]	26
139	0.8866571316464736	0.9716978729134184	6.752593910073201	7.140359441081964	[3, 10, 33, 67, 34, 88]	27
140	0.8884062499852626	0.9724525963023939	6.752593910073201	7.915890503099491	[3, 43, 37, 10, 34, 88]	26
141	0.890128375757095	0.9730647608290073	6.752593910073201	7.140359441081964	[13, 3, 68, 33, 34, 88]	27
142	0.89182392551393	0.973563561554396	6.752593910073201	6.752593910073201	[3, 5, 27, 33, 34, 88]	27
143	0.8934933093794557	0.9741510379642984	6.752593910073201	7.91589050309949	[3, 5, 52, 29, 68, 88]	27
144	0.8951369311482913	0.9748403436185837	6.752593910073201	7.140359441081964	[3, 5, 2, 7, 34, 88]	26
145	0.8967551883836571	0.9756454526227891	6.752593910073201	7.140359441081964	[13, 3, 17, 1, 34, 88]	26
146	0.898348472513539	0.9762949072195147	6.752593910073201	7.528124972090727	[140, 6, 8, 34, 7, 88]	27
147	0.8999171689253671	0.9769270430269943	6.752593910073201	7.528124972090727	[3, 17, 48, 29, 7, 88]	27
148	0.9014616570592349	0.9775423218796078	6.752593910073201	7.528124972090727	[3, 17, 48, 29, 7, 88]	27
149	0.9029823104996788	0.9779582048077632	6.752593910073201	7.528124972090727	[3, 61, 41, 27, 33, 88]	27
150	0.9044794970660417	0.9786929313141711	6.752593910073201	7.528124972090728	[101, 100, 27, 7, 34, 88]	26
151	0.9059535789014423	0.9790875066602049	6.752593910073201	7.140359441081964	[3, 17, 61, 8, 34, 88]	26
152	0.9074049125603707	0.9797567064470784	6.752593910073201	7.528124972090727	[123, 6, 67, 33, 7, 88]	26
153	0.9088338490949328	0.9802965276084896	6.752593910073201	7.528124972090727	[3, 5, 121, 33, 7, 88]	27
154	0.9102407341397641	0.98095331002154	6.752593910073201	7.528124972090727	[0, 1, 17, 3, 5, 88]	27
155	0.9116259079956319	0.9813060265026226	6.752593910073201	7.140359441081964	[3, 17, 29, 1, 34, 88]	27
156	0.9129897057117488	0.9816522111970185	6.752593910073201	7.528124972090727	[3, 17, 6, 33, 7, 88]	27
157	0.9143324571668143	0.982141485565098	6.752593910073201	7.140359441081964	[3, 5, 67, 33, 7, 88]	26
158	0.9156544871488079	0.982472198795374	6.752593910073201	7.528124972090727	[3, 2, 8, 34, 33, 88]	26
159	0.9169561154335486	0.9829396068274973	6.752593910073201	7.140359441081964	[101, 100, 27, 33, 34, 88]	28
160	0.9182376568620432	0.9833187266757751	6.752593910073201	7.528124972090727	[123, 6, 33, 27, 34, 88]	26
161	0.9194994214166413	0.9838525274221503	6.752593910073201	7.140359441081964	[140, 147, 7, 67, 34, 88]	27
162	0.9207417142960141	0.9844725903691397	6.752593910073201	7.91589050309949	[3, 24, 26, 19, 5, 88]	27
163	0.9219648359889768	0.9849694674773273	6.752593910073201	7.140359441081964	[123, 3, 68, 7, 34, 88]	26
164	0.9231690823471717	0.985470485228083	6.752593910073201	7.528124972090727	[0, 1, 17, 3, 5, 88]	26
165	0.9243547446566289	0.9857933633341256	6.752593910073201	7.528124972090728	[101, 100, 37, 1, 34, 88]	26
166	0.9255221097082241	0.986109066371145	6.752593910073201	7.528124972090727	[119, 17, 1, 34, 7, 88]	26
167	0.9266714598670478	0.9864794912679146	6.752593910073201	7.140359441081964	[3, 5, 67, 68, 7, 88]	26
168	0.9278030731407044	0.9868400381674368	6.752593910073201	7.915890503099491	[144, 43, 37, 7, 68, 88]	26
169	0.9289172232465578	0.987132481763716	6.752593910073201	7.140359441081964	[140, 57, 27, 33, 34, 88]	26
170	0.9300141796779381	0.987370769138462	6.752593910073201	6.752593910073201	[3, 68, 33, 7, 34, 88]	26
171	0.9310942077693279	0.987604643784046	6.752593910073201	7.140359441081964	[3, 17, 7, 8, 34, 88]	27
172	0.932157568760542	0.9880012951829565	6.752593910073201	7.528124972090727	[0, 1, 34, 8, 7, 88]	26
173	0.9332045198599164	0.9883212606447443	6.752593910073201	7.528124972090727	[13, 14, 17, 3, 5, 88]	26
174	0.9342353143065225	0.9885807881859723	6.752593910073201	7.140359441081964	[0, 1, 34, 33, 7, 88]	26
175	0.9352502014314219	0.989019285919631	6.752593910073201	7.528124972090727	[13, 34, 67, 33, 38, 88]	26
176	0.936249426717974	0.9893243057551968	6.752593910073201	7.140359441081964	[144, 43, 7, 33, 34, 88]	27
177	0.9372332318612151	0.9895615434050813	6.752593910073201	7.140359441081964	[119, 17, 33, 7, 34, 88]	26
178	0.9382018548263199	0.9898399022476124	6.752593910073201	6.752593910073201	[3, 17, 7, 67, 34, 88]	27
179	0.9391555299061606	0.9900656821976654	6.752593910073201	7.140359441081964	[123, 3, 17, 7, 34, 88]	26
180	0.9400944877779791	0.990330597339061	6.752593910073201	7.140359441081964	[3, 17, 68, 67, 7, 88]	27
181	0.9410189555591831	0.9905096603513007	6.752593910073201	7.140359441081964	[3, 5, 27, 33, 7, 88]	27
182	0.9419291568622822	0.9908740893938107	6.752593910073201	7.528124972090727	[13, 12, 8, 34, 68, 88]	26
183	0.9428253118489753	0.9911174470099758	6.752593910073201	6.752593910073201	[3, 17, 68, 67, 34, 88]	26
184	0.9437076372834047	0.9912819387320133	6.752593910073201	7.140359441081964	[3, 5, 67, 1, 34, 88]	27
185	0.9445763465845868	0.9914756734268574	6.752593910073201	7.528124972090727	[140, 57, 1, 34, 7, 88]	26
186	0.9454316498780345	0.9916335313263601	6.752593910073201	7.140359441081964	[3, 5, 27, 33, 7, 88]	26
187	0.9462737540465833	0.991819452852441	6.752593910073201	7.140359441081964	[119, 6, 67, 33, 34, 88]	26
188	0.9471028627804323	0.9920376007763758	6.752593910073201	7.915890503099491	[140, 57, 27, 7, 68, 88]	27
189	0.9479191766264133	0.9922145429813453	6.752593910073201	7.140359441081964	[119, 17, 33, 67, 34, 88]	26
190	0.9487228930364995	0.9924221551685094	6.752593910073201	7.140359441081964	[3, 17, 139, 1, 34, 88]	26
191	0.9495142064155659	0.9926646462031171	6.752593910073201	7.91589050309949	[3, 5, 52, 29, 7, 88]	26
192	0.9502933081684121	0.9928276540652701	6.752593910073201	7.140359441081964	[101, 100, 27, 33, 34, 88]	27
193	0.9510603867460601	0.9929604752862836	6.752593910073201	6.752593910073201	[3, 68, 67, 7, 34, 88]	26
194	0.9518156276913369	0.9930908368550561	6.752593910073201	7.140359441081964	[3, 17, 29, 1, 34, 88]	27
195	0.9525592136837545	0.9932750812055879	6.752593910073201	7.140359441081964	[3, 8, 34, 68, 7, 88]	26
196	0.9532913245836966	0.9933996167388178	6.752593910073201	7.140359441081964	[3, 5, 4, 33, 34, 88]	27
197	0.9540121374759235	0.9936108290031757	6.752593910073201	7.140359441081964	[3, 5, 67, 68, 7, 88]	26
198	0.9547218267124061	0.9937291469845984	6.752593910073201	7.140359441081964	[3, 8, 34, 68, 7, 88]	26
199	0.9554205639544987	0.9938452738922909	6.752593910073201	7.140359441081964	[3, 17, 29, 33, 34, 88]	26
200	0.9561085182144601	0.9939820455835734	6.752593910073201	7.528124972090727	[13, 34, 17, 3, 5, 88]	27
201	0.9567858558963357	0.9941157779039383	6.752593910073201	7.528124972090727	[140, 6, 17, 3, 5, 88]	26
202	0.9574527408362071	0.9942247449797914	6.752593910073201	7.140359441081964	[3, 37, 27, 33, 34, 88]	27
203	0.9581093343418212	0.994417253480465	6.752593910073201	7.140359441081964	[101, 100, 33, 7, 34, 88]	26
204	0.9587557952316079	0.9945959013690902	6.752593910073201	7.91589050309949	[13, 12, 3, 17, 38, 88]	26
205	0.9593922798730954	0.9947400106659143	6.752593910073201	7.140359441081964	[119, 17, 33, 7, 34, 88]	27
206	0.9600189422207328	0.9948802770481566	6.752593910073201	7.528124972090727	[13, 14, 17, 3, 5, 88]	26
207	0.960635933853129	0.9949940486693087	6.752593910073201	7.528124972090727	[119, 6, 67, 33, 7, 88]	26
208	0.9612434040097164	0.9951862772004073	6.752593910073201	7.140359441081964	[140, 6, 33, 68, 34, 88]	26
209	0.9618414996268504	0.9953403163299942	6.752593910073201	7.140359441081964	[119, 17, 68, 33, 34, 88]	26
210	0.9624303653733497	0.9954645745611944	6.752593910073201	7.528124972090727	[3, 37, 41, 27, 33, 88]	26
211	0.9630101436854893	0.9955855192395625	6.752593910073201	7.140359441081964	[3, 4, 33, 67, 34, 88]	26
212	0.963580974801454	0.9957267826238966	6.752593910073201	7.140359441081964	[119, 17, 3, 8, 34, 88]	26
213	0.9641429967952587	0.9958407350872593	6.752593910073201	6.752593910073201	[3, 17, 33, 67, 34, 88]	27
214	0.9646963456101467	0.9959177585115693	6.752593910073201	7.140359441081964	[3, 8, 34, 33, 7, 88]	27
215	0.9652411550914716	0.996074516584725	6.752593910073201	7.528124972090727	[0, 1, 34, 33, 38, 88]	26
216	0.9657775570190723	0.996161749549509	6.752593910073201	7.140359441081964	[13, 34, 68, 33, 7, 88]	27
217	0.9663056811391484	0.9962470440039644	6.752593910073201	7.528124972090728	[119, 6, 10, 8, 34, 88]	26
218	0.966825655195643	0.996316543189076	6.752593910073201	7.528124972090727	[3, 17, 33, 27, 7, 88]	27
219	0.9673376049611423	0.9963847553522414	6.752593910073201	7.91589050309949	[3, 37, 41, 27, 7, 88]	26
220	0.9678416542672975	0.9965004431809696	6.752593910073201	7.528124972090727	[13, 70, 5, 3, 34, 88]	26
221	0.9683379250347776	0.9965782111102814	6.752593910073201	7.91589050309949	[123, 6, 33, 27, 5, 88]	27
222	0.9688265373027594	0.9966694588140073	6.752593910073201	7.91589050309949	[0, 1, 7, 33, 38, 88]	27
223	0.9693076092579637	0.9967804768535403	6.752593910073201	7.528124972090727	[144, 43, 17, 3, 5, 88]	26
224	0.969781257263242	0.996883501594227	6.752593910073201	7.140359441081964	[3, 5, 2, 8, 34, 88]	27
225	0.9702475958857228	0.9969315957054272	6.752593910073201	7.140359441081964	[3, 5, 67, 68, 7, 88]	26
226	0.9707067379245234	0.9969884180071786	6.752593910073201	7.140359441081964	[3, 34, 67, 33, 7, 88]	27
227	0.9711587944380339	0.9970553420514635	6.752593910073201	7.528124972090727	[144, 43, 7, 68, 33, 88]	26
228	0.9716038747707803	0.9971338662634245	6.752593910073201	7.140359441081964	[3, 6, 33, 68, 34, 88]	26
229	0.9720420865798731	0.9972102964963998	6.752593910073201	7.140359441081964	[3, 68, 7, 1, 34, 88]	27
230	0.9724735358610479	0.997272289907591	6.752593910073201	7.528124972090727	[144, 43, 17, 3, 5, 88]	26
231	0.9728983269743033	0.9973228030574504	6.752593910073201	7.140359441081964	[3, 5, 4, 7, 34, 88]	26
232	0.9733165626691443	0.9973723807786087	6.752593910073201	6.752593910073201	[3, 17, 68, 7, 34, 88]	26
233	0.9737283441094353	0.9974599680859884	6.752593910073201	7.91589050309949	[0, 1, 34, 27, 5, 88]	26
234	0.97413377089787	0.9975412491072367	6.752593910073201	7.140359441081964	[3, 17, 48, 50, 34, 88]	27
235	0.9745329411000634	0.9976068157977105	6.752593910073201	6.752593910073201	[3, 17, 68, 67, 34, 88]	26
236	0.9749259512682722	0.9976511340236788	6.752593910073201	7.528124972090727	[3, 61, 41, 27, 33, 88]	27
237	0.9753128964647495	0.997726297734921	6.752593910073201	7.140359441081964	[123, 6, 67, 7, 34, 88]	26
238	0.975693870284738	0.9977684033324226	6.752593910073201	7.528124972090727	[13, 34, 1, 33, 7, 88]	26
239	0.9760689648791093	0.9978179943694798	6.752593910073201	7.140359441081964	[13, 3, 5, 8, 34, 88]	26
240	0.9764382709766539	0.9978761811862936	6.752593910073201	7.140359441081964	[3, 17, 50, 1, 34, 88]	26
241	0.9768018779060265	0.9979441433883323	6.752593910073201	7.91589050309949	[119, 17, 48, 41, 33, 88]	27
242	0.9771598736173532	0.9980230882822203	6.752593910073201	7.528124972090727	[13, 34, 1, 67, 68, 88]	26
243	0.9775123447035052	0.9980863494571892	6.752593910073201	7.915890503099491	[119, 17, 43, 67, 7, 88]	27
244	0.9778593764210437	0.9981373801383309	6.752593910073201	6.752593910073201	[3, 5, 67, 7, 34, 88]	26
245	0.9782010527108425	0.998208904741019	6.752593910073201	7.140359441081964	[3, 2, 7, 68, 34, 88]	27
246	0.9785374562183912	0.9982662197893064	6.752593910073201	7.140359441081964	[119, 17, 68, 67, 34, 88]	26
247	0.9788686683137864	0.9982983268302451	6.752593910073201	7.528124972090727	[3, 17, 37, 27, 33, 88]	27
248	0.9791947691114131	0.9983437047814386	6.752593910073201	6.752593910073201	[3, 5, 67, 7, 34, 88]	26
249	0.9795158374893234	0.9984232069519295	6.752593910073201	7.528124972090727	[101, 100, 33, 68, 7, 88]	26
250	0.9798319511083153	0.9984736643294678	6.752593910073201	7.140359441081964	[0, 1, 34, 68, 7, 88]	27
251	0.9801431864307178	0.998507582899924	6.752593910073201	7.140359441081964	[13, 34, 67, 33, 7, 88]	26
252	0.9804496187388858	0.9985473806892594	6.752593910073201	7.140359441081964	[3, 68, 33, 27, 34, 88]	28
253	0.9807513221534092	0.9985742810468657	6.752593910073201	6.752593910073201	[3, 17, 68, 33, 34, 88]	26
254	0.9810483696510417	0.9986059636902688	6.752593910073201	7.140359441081964	[119, 17, 33, 67, 34, 88]	27
255	0.9813408330823528	0.9986274765962831	6.752593910073201	6.752593910073201	[3, 68, 67, 7, 34, 88]	26
256	0.9816287831891066	0.998671397345202	6.752593910073201	7.140359441081964	[123, 3, 68, 33, 34, 88]	26
257	0.9819122896213734	0.9987139126301555	6.752593910073201	7.140359441081964	[13, 34, 67, 33, 7, 88]	27
258	0.982191420954377	0.9987482082933514	6.752593910073201	7.140359441081964	[3, 5, 4, 33, 34, 88]	26
259	0.982466244705081	0.9987760258868325	6.752593910073201	7.140359441081964	[119, 17, 7, 67, 34, 88]	27
260	0.9827368273485212	0.9987986920741134	6.752593910073201	6.752593910073201	[3, 5, 67, 7, 34, 88]	26
261	0.9830032343338835	0.9988209385171853	6.752593910073201	7.140359441081964	[123, 6, 67, 7, 34, 88]	26
262	0.9832655301003359	0.9988602405666125	6.752593910073201	7.528124972090727	[101, 100, 17, 3, 5, 88]	27
263	0.9835237780926147	0.9988813472227863	6.752593910073201	6.752593910073201	[3, 68, 67, 7, 34, 88]	26
264	0.9837780407763707	0.998902063014957	6.752593910073201	7.140359441081964	[3, 17, 6, 1, 34, 88]	26
265	0.9840283796532785	0.9989223951813466	6.752593910073201	7.528124972090727	[3, 17, 1, 68, 7, 88]	26
266	0.9842748552759131	0.9989423508261366	6.752593910073201	6.752593910073201	[3, 5, 67, 68, 34, 88]	27
267	0.9845175272623958	0.9989619369219488	6.752593910073201	6.752593910073201	[3, 68, 33, 7, 34, 88]	26
268	0.9847564543108157	0.9989811603122831	6.752593910073201	7.140359441081964	[3, 17, 6, 8, 34, 88]	28
269	0.9849916942134266	0.9990083293706222	6.752593910073201	7.140359441081964	[3, 43, 67, 33, 34, 88]	26
270	0.9852233038706267	0.9990347739207389	6.752593910073201	7.528124972090727	[13, 12, 8, 34, 33, 88]	26
271	0.9854513393047221	0.999056223389167	6.752593910073201	7.140359441081964	[101, 100, 33, 7, 34, 88]	26
272	0.9856758556734764	0.9990737007338121	6.752593910073201	7.140359441081964	[3, 6, 33, 7, 34, 88]	27
273	0.9858969072834536	0.9990908544239266	6.752593910073201	7.140359441081964	[3, 17, 1, 34, 33, 88]	26
274	0.9861145476031533	0.9991211592764624	6.752593910073201	7.91589050309949	[0, 1, 34, 4, 5, 88]	26
275	0.9863288292759441	0.9991406890703188	6.752593910073201	7.528124972090728	[119, 17, 38, 8, 34, 88]	26
276	0.9865398041327968	0.9991819359949435	6.752593910073201	7.528124972090727	[144, 43, 67, 33, 7, 88]	26
277	0.9867475232048216	0.9992001151950559	6.752593910073201	7.140359441081964	[0, 1, 34, 68, 33, 88]	26
278	0.9869520367356114	0.9992149278766289	6.752593910073201	6.752593910073201	[3, 5, 67, 68, 34, 88]	27
279	0.9871533941933952	0.9992323739238149	6.752593910073201	7.140359441081964	[101, 100, 27, 33, 34, 88]	26
280	0.9873516442830033	0.9992569379582529	6.752593910073201	7.140359441081964	[13, 34, 68, 67, 33, 88]	27
281	0.9875468349576483	0.9992767529460328	6.752593910073201	7.140359441081964	[3, 8, 34, 67, 7, 88]	26
282	0.9877390134305241	0.9992998968517597	6.752593910073201	7.91589050309949	[101, 100, 26, 19, 5, 88]	26
283	0.9879282261862259	0.9993185662690461	6.752593910073201	7.140359441081964	[13, 3, 68, 7, 34, 88]	27
284	0.988114518991994	0.9993337092408451	6.752593910073201	7.140359441081964	[140, 6, 67, 7, 34, 88]	27
285	0.9882979369087842	0.9993550305451381	6.752593910073201	7.528124972090727	[3, 17, 4, 33, 68, 88]	27
286	0.9884785243021672	0.9993756695676936	6.752593910073201	7.528124972090727	[13, 3, 5, 67, 68, 88]	26
287	0.9886563248530597	0.999387231242366	6.752593910073201	6.752593910073201	[3, 17, 33, 7, 34, 88]	27
288	0.9888313815682902	0.9993985788119518	6.752593910073201	7.528124972090727	[3, 61, 27, 33, 7, 88]	26
289	0.9890037367910018	0.9994146167102997	6.752593910073201	7.528124972090727	[3, 17, 48, 29, 7, 88]	27
290	0.9891734322108937	0.9994254571415905	6.752593910073201	7.140359441081964	[13, 3, 17, 1, 34, 88]	26
291	0.9893405088743059	0.9994382247606662	6.752593910073201	7.528124972090727	[119, 6, 8, 34, 7, 88]	26
292	0.9895050071941468	0.9994507086548737	6.752593910073201	7.528124972090727	[0, 1, 34, 3, 5, 88]	27
293	0.9896669669596693	0.9994629151292098	6.752593910073201	7.140359441081964	[0, 1, 34, 67, 33, 88]	26
294	0.9898264273460942	0.9994748503485608	6.752593910073201	7.140359441081964	[101, 100, 27, 33, 34, 88]	27
295	0.9899834269240865	0.9994829545098484	6.752593910073201	6.752593910073201	[3, 68, 33, 7, 34, 88]	27
296	0.9901380036690851	0.9994967423895857	6.752593910073201	7.140359441081964	[3, 43, 67, 7, 34, 88]	27
297	0.9902901949704882	0.9995101625925301	6.752593910073201	8.303656034108254	[13, 98, 8, 2, 7, 88]	26
298	0.9904400376406967	0.9995192336556314	6.752593910073201	6.752593910073201	[3, 17, 33, 7, 34, 88]	27
299	0.9905875679240193	0.9995320540914813	6.752593910073201	7.91589050309949	[3, 17, 50, 43, 7, 88]	26
300	0.9907328215054387	0.9995424528894483	6.752593910073201	7.91589050309949	[123, 3, 17, 37, 33, 88]	26
301	0.9908758335192437	0.9995509259840881	6.752593910073201	7.140359441081964	[3, 5, 37, 7, 34, 88]	27
302	0.991016638557527	0.999560905406664	6.752593910073201	7.140359441081964	[3, 5, 27, 33, 7, 88]	26
303	0.9911552706785528	0.9995690367880221	6.752593910073201	6.752593910073201	[3, 68, 67, 7, 34, 88]	26
304	0.9912917634149948	0.9995786137482883	6.752593910073201	7.91589050309949	[3, 5, 35, 4, 33, 88]	26
305	0.9914261497820474	0.9995879778872152	6.752593910073201	7.140359441081964	[0, 1, 34, 67, 7, 88]	26
306	0.9915584622854109	0.9996011625948242	6.752593910073201	7.915890503099491	[123, 6, 80, 27, 33, 88]	27
307	0.9916887329291545	0.999616477951183	6.752593910073201	7.91589050309949	[3, 99, 41, 27, 7, 88]	26
308	0.9918169932234577	0.9996235802113463	6.752593910073201	7.528124972090728	[3, 52, 50, 1, 34, 88]	26
309	0.9919432741922315	0.9996380347312306	6.752593910073201	7.140359441081964	[140, 147, 7, 67, 34, 88]	27
310	0.992067606380623	0.9996460784038699	6.752593910073201	8.303656034108254	[140, 6, 10, 4, 5, 88]	26
311	0.9921900198624035	0.9996526325075019	6.752593910073201	7.528124972090727	[13, 34, 33, 27, 5, 88]	26
312	0.992310544247243	0.9996637482672619	6.752593910073201	7.91589050309949	[3, 24, 27, 41, 33, 88]	28
313	0.9924292086878719	0.9996712205279894	6.752593910073201	7.140359441081964	[119, 17, 33, 7, 34, 88]	26
314	0.9925460418871331	0.9996762942852735	6.752593910073201	7.140359441081964	[3, 5, 67, 33, 7, 88]	27
315	0.9926610721049243	0.9996834877456008	6.752593910073201	7.140359441081964	[123, 3, 68, 33, 34, 88]	26
316	0.9927743271650334	0.9996956418161698	6.752593910073201	7.528124972090728	[13, 70, 3, 8, 34, 88]	27
317	0.9928858344618694	0.9997053812780523	6.752593910073201	7.528124972090727	[140, 6, 8, 34, 7, 88]	26
318	0.9929956209670875	0.9997148090771546	6.752593910073201	7.528124972090727	[0, 1, 34, 67, 5, 88]	27
319	0.9931037132361139	0.9997200903905407	6.752593910073201	7.140359441081964	[3, 5, 8, 34, 7, 88]	27
320	0.9932101374145689	0.9997263106040842	6.752593910073201	7.528124972090727	[13, 34, 33, 67, 5, 88]	26
321	0.993314919244591	0.99973239259066	6.752593910073201	7.140359441081964	[0, 1, 34, 67, 33, 88]	26
322	0.9934180840710634	0.9997409560277589	6.752593910073201	7.140359441081964	[144, 43, 7, 33, 34, 88]	27
323	0.9935196568477445	0.9997492454348706	6.752593910073201	7.140359441081964	[3, 17, 28, 8, 34, 88]	27
324	0.993619662143304	0.9997548177585402	6.752593910073201	7.140359441081964	[123, 6, 67, 33, 34, 88]	26
325	0.9937181241472653	0.9997602662527949	6.752593910073201	7.528124972090727	[140, 6, 8, 34, 7, 88]	27
326	0.993815066675857	0.999764705766632	6.752593910073201	7.140359441081964	[3, 17, 6, 8, 34, 88]	27
327	0.9939105131777727	0.9997722351820998	6.752593910073201	7.91589050309949	[123, 3, 17, 18, 5, 88]	26
328	0.9940044867398441	0.9997783089105772	6.752593910073201	7.140359441081964	[3, 17, 43, 8, 34, 88]	27
329	0.9940970100926243	0.9997842206729617	6.752593910073201	6.752593910073201	[3, 5, 27, 33, 34, 88]	27
330	0.9941881056158863	0.9997882165864254	6.752593910073201	7.915890503099491	[3, 61, 11, 27, 33, 88]	26
331	0.9942777953440362	0.9997949936556598	6.752593910073201	7.91589050309949	[3, 5, 129, 35, 7, 88]	26
332	0.9943661009714431	0.9997995493522007	6.752593910073201	7.528124972090727	[0, 1, 34, 8, 7, 88]	27
333	0.9944530438576862	0.9998048947028086	6.752593910073201	6.752593910073201	[3, 68, 67, 7, 34, 88]	26
334	0.9945386450327219	0.9998111380723188	6.752593910073201	7.528124972090727	[3, 17, 66, 27, 33, 88]	27
335	0.99462292520197	0.9998171816540046	6.752593910073201	7.140359441081964	[13, 34, 68, 67, 7, 88]	27
336	0.9947059047513224	0.9998220568098978	6.752593910073201	7.528124972090727	[3, 17, 24, 27, 33, 88]	26
337	0.9947876037520735	0.9998260111030112	6.752593910073201	7.528124972090727	[119, 6, 1, 34, 7, 88]	27
338	0.994868041965776	0.9998326922766555	6.752593910073201	7.140359441081964	[140, 147, 33, 7, 34, 88]	27
339	0.9949472388490203	0.9998364102260632	6.752593910073201	7.528124972090727	[119, 17, 1, 34, 33, 88]	27
340	0.9950252135581403	0.9998416450988292	6.752593910073201	7.140359441081964	[3, 17, 30, 7, 34, 88]	26
341	0.995101984953848	0.999844088847304	6.752593910073201	6.752593910073201	[3, 68, 67, 33, 34, 88]	26
342	0.9951775716057949	0.9998500758355676	6.752593910073201	7.528124972090728	[13, 14, 17, 68, 34, 88]	26
343	0.9952519917970635	0.999853407483666	6.752593910073201	7.528124972090727	[3, 37, 27, 33, 68, 88]	27
344	0.9953252635285903	0.9998561221598945	6.752593910073201	6.752593910073201	[3, 17, 68, 33, 34, 88]	26
345	0.9953974045235194	0.9998599589022973	6.752593910073201	7.528124972090727	[3, 99, 41, 27, 33, 88]	27
346	0.9954684322314897	0.9998636933315693	6.752593910073201	7.140359441081964	[3, 5, 67, 68, 7, 88]	26
347	0.9955383638328557	0.9998682368871837	6.752593910073201	7.528124972090727	[101, 100, 17, 3, 5, 88]	27
348	0.9956072162428424	0.9998726289909443	6.752593910073201	7.528124972090727	[144, 43, 8, 34, 33, 88]	27
349	0.9956750061156381	0.999876704863234	6.752593910073201	7.140359441081964	[123, 3, 17, 1, 34, 88]	26
350	0.9957417498484215	0.9998799927335478	6.752593910073201	6.752593910073201	[3, 5, 67, 7, 34, 88]	26
351	0.9958074635853286	0.9998831929273199	6.752593910073201	7.91589050309949	[3, 17, 28, 29, 33, 88]	27
352	0.9958721632213574	0.9998863077825914	6.752593910073201	6.752593910073201	[3, 68, 67, 7, 34, 88]	26
353	0.9959358644062131	0.9998893395750555	6.752593910073201	6.752593910073201	[3, 5, 67, 33, 34, 88]	26
354	0.9959985825480925	0.9998917986956098	6.752593910073201	7.140359441081964	[144, 43, 27, 33, 34, 88]	27
355	0.996060332817412	0.999894684063727	6.752593910073201	7.140359441081964	[119, 6, 67, 7, 34, 88]	26
356	0.9961211301504767	0.9998970244178663	6.752593910073201	7.140359441081964	[144, 43, 27, 33, 34, 88]	27
357	0.9961809892530927	0.99989977043339	6.752593910073201	7.140359441081964	[3, 43, 67, 7, 34, 88]	26
358	0.9962399246041252	0.9999016265364753	6.752593910073201	7.140359441081964	[3, 5, 67, 33, 7, 88]	27
359	0.9962979504589998	0.9999049056519261	6.752593910073201	7.528124972090727	[101, 100, 17, 3, 5, 88]	26
360	0.9963550808531512	0.999907018859661	6.752593910073201	7.91589050309949	[140, 147, 7, 67, 5, 88]	27
361	0.9964113296054173	0.9999090851072242	6.752593910073201	7.915890503099491	[119, 6, 14, 3, 5, 88]	26
362	0.9964667103213831	0.9999107687163497	6.752593910073201	7.140359441081964	[3, 17, 61, 8, 34, 88]	27
363	0.9965212363966703	0.9999127516337641	6.752593910073201	7.140359441081964	[123, 3, 5, 8, 34, 88]	27
364	0.9965749210201785	0.9999155435814836	6.752593910073201	7.528124972090727	[123, 3, 5, 27, 33, 88]	27
365	0.9966277771772746	0.9999171075892339	6.752593910073201	6.752593910073201	[3, 17, 7, 67, 34, 88]	26
366	0.9966798176529339	0.9999193180535211	6.752593910073201	7.140359441081964	[3, 17, 68, 67, 7, 88]	26
367	0.9967310550348331	0.999920812163641	6.752593910073201	7.528124972090727	[13, 34, 1, 33, 7, 88]	26
368	0.9967815017163943	0.9999225718933379	6.752593910073201	7.140359441081964	[3, 17, 28, 8, 34, 88]	26
369	0.9968311698997833	0.999924005747165	6.752593910073201	7.140359441081964	[3, 5, 12, 8, 34, 88]	27
370	0.9968800715988607	0.9999264375632557	6.752593910073201	7.528124972090727	[119, 6, 67, 68, 7, 88]	26
371	0.9969282186420881	0.9999280722840722	6.752593910073201	7.140359441081964	[123, 6, 33, 7, 34, 88]	27
372	0.9969756226753893	0.9999296706777595	6.752593910073201	7.528124972090727	[144, 43, 27, 33, 7, 88]	26
373	0.9970222951649665	0.9999312335515871	6.752593910073201	7.140359441081964	[123, 3, 5, 8, 34, 88]	26
374	0.9970682474000752	0.9999325070043354	6.752593910073201	6.752593910073201	[3, 17, 68, 67, 34, 88]	27
375	0.9971134904957529	0.9999335485629105	6.752593910073201	7.140359441081964	[3, 5, 67, 33, 7, 88]	27
376	0.9971580353955098	0.9999347791450789	6.752593910073201	7.140359441081964	[123, 3, 17, 1, 34, 88]	26
377	0.9972018928739742	0.9999368662124364	6.752593910073201	7.528124972090728	[13, 18, 6, 1, 34, 88]	26
378	0.9972450735394993	0.9999380353566505	6.752593910073201	7.91589050309949	[13, 34, 7, 2, 5, 88]	26
379	0.9972875878367292	0.9999391828500458	6.752593910073201	6.752593910073201	[3, 17, 33, 7, 34, 88]	27
380	0.9973294460491254	0.9999403090935635	6.752593910073201	7.140359441081964	[3, 5, 2, 8, 34, 88]	26
381	0.9973706583014538	0.9999422192025694	6.752593910073201	7.140359441081964	[123, 3, 17, 68, 34, 88]	27
382	0.9974112345622338	0.9999435032202901	6.752593910073201	7.140359441081964	[123, 3, 17, 7, 34, 88]	26
383	0.9974511846461499	0.9999457630914785	6.752593910073201	7.140359441081964	[144, 43, 67, 7, 34, 88]	26
384	0.9974905182164254	0.9999469683561124	6.752593910073201	7.528124972090728	[119, 17, 6, 1, 34, 88]	27
385	0.9975292447871595	0.9999479504235917	6.752593910073201	7.140359441081964	[3, 5, 8, 34, 33, 88]	26
386	0.9975673737256293	0.9999493384122959	6.752593910073201	6.752593910073201	[3, 17, 7, 67, 34, 88]	28
387	0.9976049142545548	0.9999509595831025	6.752593910073201	6.752593910073201	[3, 17, 7, 67, 34, 88]	26
388	0.9976418754543301	0.9999522673275532	6.752593910073201	6.752593910073201	[3, 17, 33, 67, 34, 88]	26
389	0.9976782662652202	0.9999531512659318	6.752593910073201	7.140359441081964	[3, 17, 1, 34, 7, 88]	27
390	0.9977140954895223	0.9999544005655069	6.752593910073201	7.140359441081964	[3, 6, 67, 7, 34, 88]	26
391	0.9977493717936964	0.999955244999479	6.752593910073201	7.140359441081964	[3, 37, 27, 33, 34, 88]	26
392	0.9977841037104603	0.999956073795785	6.752593910073201	7.140359441081964	[3, 5, 6, 1, 34, 88]	26
393	0.9978182996408544	0.9999572451612306	6.752593910073201	7.528124972090727	[3, 5, 12, 4, 34, 88]	26
394	0.9978519678562733	0.999958670322523	6.752593910073201	7.140359441081964	[144, 43, 67, 68, 34, 88]	26
395	0.9978851165004666	0.9999597724472558	6.752593910073201	7.528124972090727	[3, 5, 37, 33, 7, 88]	27
396	0.9979177535915088	0.9999610597289436	6.752593910073201	7.528124972090727	[3, 5, 150, 27, 34, 88]	27
397	0.9979498870237387	0.9999620981361717	6.752593910073201	6.752593910073201	[3, 68, 67, 7, 34, 88]	26
398	0.9979815245696686	0.9999633109958143	6.752593910073201	7.140359441081964	[3, 5, 32, 68, 34, 88]	26
399	0.9980126738818651	0.9999639904218176	6.752593910073201	7.140359441081964	[3, 17, 4, 7, 34, 88]	26
400	0.9980433424947992	0.9999649506772359	6.752593910073201	7.528124972090727	[3, 17, 48, 6, 5, 88]	27
401	0.9980735378266696	0.9999658853258429	6.752593910073201	7.528124972090727	[3, 5, 142, 10, 34, 88]	26
402	0.9981032671811964	0.9999667950504871	6.752593910073201	7.528124972090727	[13, 3, 17, 68, 7, 88]	27
403	0.9981325377493877	0.999967532938254	6.752593910073201	7.528124972090728	[119, 6, 139, 1, 34, 88]	26
404	0.9981613566112799	0.9999683987265673	6.752593910073201	7.528124972090727	[3, 24, 27, 33, 68, 88]	27
405	0.998189730737649	0.999969100977088	6.752593910073201	7.91589050309949	[140, 6, 33, 27, 7, 88]	26
406	0.9982176669916977	0.9999699249510323	6.752593910073201	7.140359441081964	[0, 1, 34, 67, 7, 88]	28
407	0.9982451721307147	0.9999704818963836	6.752593910073201	6.752593910073201	[3, 5, 67, 7, 34, 88]	27
408	0.9982722528077098	0.9999712690458133	6.752593910073201	7.140359441081964	[3, 5, 8, 34, 33, 88]	27
409	0.998298915573023	0.9999719075114619	6.752593910073201	7.528124972090728	[140, 147, 7, 1, 34, 88]	26
410	0.9983251668759084	0.9999724277427311	6.752593910073201	7.91589050309949	[13, 34, 7, 2, 5, 88]	27
411	0.998351013066095	0.9999730404595594	6.752593910073201	7.528124972090728	[0, 1, 29, 7, 34, 88]	26
412	0.9983764603953219	0.9999735397103082	6.752593910073201	6.752593910073201	[3, 5, 27, 33, 34, 88]	26
413	0.9984015150188509	0.999974029715673	6.752593910073201	7.140359441081964	[3, 5, 8, 34, 7, 88]	26
414	0.9984261829969551	0.9999747222565883	6.752593910073201	6.752593910073201	[3, 17, 68, 67, 34, 88]	27
415	0.9984504702963848	0.9999755311443774	6.752593910073201	7.528124972090727	[119, 6, 48, 17, 34, 88]	27
416	0.9984743827918109	0.9999760748967247	6.752593910073201	7.140359441081964	[13, 3, 17, 7, 34, 88]	27
417	0.998497926267246	0.9999765179541927	6.752593910073201	7.140359441081964	[3, 5, 37, 33, 34, 88]	26
418	0.9985211064174427	0.9999772693796586	6.752593910073201	7.528124972090728	[119, 17, 28, 8, 34, 88]	26
419	0.9985439288492723	0.9999776903170723	6.752593910073201	7.140359441081964	[13, 3, 68, 7, 34, 88]	27
420	0.9985663990830799	0.9999782852419503	6.752593910073201	7.528124972090728	[13, 18, 6, 1, 34, 88]	26
421	0.99858852255402	0.9999789801142079	6.752593910073201	7.140359441081964	[119, 17, 68, 7, 34, 88]	27
422	0.9986103046133715	0.9999795406444957	6.752593910073201	7.528124972090727	[140, 57, 1, 34, 7, 88]	26
423	0.9986317505298319	0.9999800862273092	6.752593910073201	8.303656034108254	[123, 58, 93, 17, 7, 88]	27
424	0.9986528654907912	0.9999806172612475	6.752593910073201	7.528124972090728	[3, 61, 29, 1, 34, 88]	26
425	0.9986736546035877	0.9999809762008541	6.752593910073201	7.140359441081964	[123, 3, 68, 7, 34, 88]	27
426	0.9986941228967422	0.9999814835021646	6.752593910073201	6.752593910073201	[3, 5, 27, 33, 34, 88]	28
427	0.9987142753211752	0.9999819772754402	6.752593910073201	7.140359441081964	[140, 147, 27, 33, 34, 88]	26
428	0.998734116751404	0.9999823110295988	6.752593910073201	7.140359441081964	[3, 8, 34, 68, 7, 88]	26
429	0.9987536519867218	0.9999826386031248	6.752593910073201	7.528124972090728	[3, 14, 6, 1, 34, 88]	27
430	0.9987728857523588	0.9999830244119442	6.752593910073201	7.528124972090727	[3, 6, 8, 34, 68, 88]	26
431	0.9987918227006248	0.9999834770942924	6.752593910073201	7.528124972090727	[3, 17, 48, 29, 7, 88]	26
432	0.9988104674120349	0.9999839177051112	6.752593910073201	7.528124972090727	[140, 57, 41, 27, 33, 88]	26
433	0.9988288243964172	0.9999843465663083	6.752593910073201	7.528124972090727	[3, 8, 34, 1, 7, 88]	26
434	0.9988468980940033	0.9999848474761864	6.752593910073201	7.140359441081964	[0, 1, 34, 67, 33, 88]	26
435	0.9988646928765033	0.9999854293331009	6.752593910073201	7.528124972090727	[140, 57, 1, 34, 7, 88]	27
436	0.9988822130481622	0.9999858178842181	6.752593910073201	7.528124972090727	[3, 61, 41, 27, 34, 88]	27
437	0.9988994628468016	0.9999860805159919	6.752593910073201	7.140359441081964	[3, 34, 67, 33, 7, 88]	26
438	0.9989164464448448	0.9999863382842142	6.752593910073201	7.140359441081964	[3, 17, 48, 29, 34, 88]	27
439	0.9989331679503256	0.9999867754591194	6.752593910073201	7.140359441081964	[140, 6, 67, 33, 34, 88]	26
440	0.9989496314078823	0.9999871281135428	6.752593910073201	7.528124972090727	[13, 12, 8, 34, 7, 88]	27
441	0.9989658407997359	0.9999873664818106	6.752593910073201	7.528124972090727	[3, 17, 1, 67, 7, 88]	26
442	0.9989818000466536	0.9999876472266592	6.752593910073201	7.528124972090727	[119, 6, 33, 68, 7, 88]	26
443	0.9989975130088966	0.9999881215731555	6.752593910073201	7.528124972090727	[13, 34, 68, 33, 38, 88]	27
444	0.9990129834871544	0.999988341544023	6.752593910073201	7.140359441081964	[3, 8, 34, 68, 7, 88]	26
445	0.9990282152234637	0.9999886006208225	6.752593910073201	7.91589050309949	[13, 98, 3, 17, 7, 88]	26
446	0.999043211902114	0.9999889806001284	6.752593910073201	7.528124972090727	[21, 20, 5, 3, 34, 88]	26
447	0.9990579771505381	0.9999893332209243	6.752593910073201	7.140359441081964	[13, 34, 67, 33, 7, 88]	26
448	0.9990725145401903	0.9999895307538702	6.752593910073201	7.91589050309949	[3, 17, 11, 4, 5, 88]	27
449	0.9990868275874096	0.9999897246287985	6.752593910073201	7.140359441081964	[13, 98, 7, 68, 34, 88]	26
450	0.9991009197542706	0.9999899529703807	6.752593910073201	7.140359441081964	[119, 6, 67, 33, 34, 88]	26
451	0.9991147944494208	0.9999901390264848	6.752593910073201	7.140359441081964	[3, 5, 6, 8, 34, 88]	27
452	0.999128455028905	0.9999903216371054	6.752593910073201	7.140359441081964	[3, 4, 33, 7, 34, 88]	29
453	0.9991419047969774	0.9999905367118365	6.752593910073201	7.140359441081964	[0, 1, 34, 68, 7, 88]	26
454	0.9991551470069007	0.999990747007129	6.752593910073201	7.140359441081964	[0, 1, 34, 67, 33, 88]	27
455	0.9991681848617324	0.9999909183588488	6.752593910073201	7.140359441081964	[3, 4, 33, 7, 34, 88]	26
456	0.9991810215151007	0.9999910865373887	6.752593910073201	7.91589050309949	[3, 17, 39, 37, 5, 88]	27
457	0.9991936600719664	0.999991251601511	6.752593910073201	7.140359441081964	[3, 17, 30, 7, 34, 88]	26
458	0.9992061035893743	0.9999914460103664	6.752593910073201	7.140359441081964	[119, 17, 33, 7, 34, 88]	27
459	0.9992183550771927	0.9999917197380347	6.752593910073201	7.140359441081964	[13, 34, 67, 33, 7, 88]	26
460	0.999230417498841	0.9999919405450204	6.752593910073201	7.140359441081964	[140, 57, 27, 33, 34, 88]	29
461	0.999242293772007	0.9999920897941867	6.752593910073201	6.752593910073201	[3, 17, 33, 7, 34, 88]	26
462	0.9992539867693525	0.9999922362794795	6.752593910073201	7.140359441081964	[3, 17, 1, 34, 33, 88]	26
463	0.9992654993192083	0.9999924088066022	6.752593910073201	7.915890503099491	[144, 43, 6, 3, 5, 88]	26
464	0.9992768342062575	0.9999926517247909	6.752593910073201	7.140359441081964	[123, 6, 67, 33, 34, 88]	27
465	0.9992879941722103	0.9999927878039615	6.752593910073201	7.140359441081964	[3, 17, 4, 7, 34, 88]	26
466	0.9992989819164663	0.9999930185942347	6.752593910073201	7.528124972090728	[140, 147, 7, 1, 34, 88]	27
467	0.9993098000967677	0.9999931478795266	6.752593910073201	7.528124972090728	[3, 43, 37, 7, 34, 88]	26
468	0.9993204513298424	0.9999933306027393	6.752593910073201	6.752593910073201	[3, 5, 67, 33, 34, 88]	27
469	0.9993309381920361	0.9999935440234516	6.752593910073201	7.91589050309949	[119, 17, 3, 104, 33, 88]	27
470	0.9993412632199368	0.9999937919329511	6.752593910073201	7.528124972090728	[13, 18, 17, 1, 34, 88]	26
471	0.9993514289109872	0.9999939298899966	6.752593910073201	7.140359441081964	[140, 6, 33, 7, 34, 88]	27
472	0.9993614377240893	0.99999406478133	6.752593910073201	7.140359441081964	[101, 100, 33, 7, 34, 88]	26
473	0.9993712920801989	0.9999942626219523	6.752593910073201	7.528124972090727	[144, 43, 27, 33, 7, 88]	27
474	0.999380994362912	0.9999944156187003	6.752593910073201	7.140359441081964	[3, 68, 67, 33, 7, 88]	27
475	0.9993905469190398	0.9999946836690027	6.752593910073201	7.91589050309949	[0, 1, 34, 121, 5, 88]	28
476	0.9993999520591781	0.999994887816113	6.752593910073201	7.528124972090727	[13, 98, 7, 67, 33, 88]	26
477	0.9994092120582648	0.9999950241410166	6.752593910073201	7.528124972090727	[3, 17, 48, 41, 33, 88]	27
478	0.9994183291561312	0.9999951568305895	6.752593910073201	7.140359441081964	[3, 5, 67, 33, 7, 88]	26
479	0.9994273055580427	0.9999952859817738	6.752593910073201	6.752593910073201	[3, 5, 67, 33, 34, 88]	27
480	0.9994361434352333	0.9999953732784076	6.752593910073201	6.752593910073201	[3, 17, 7, 67, 34, 88]	26
481	0.9994448449254304	0.9999954966576501	6.752593910073201	6.752593910073201	[3, 68, 67, 33, 34, 88]	27
482	0.9994534121333712	0.9999955800528788	6.752593910073201	7.528124972090727	[3, 17, 48, 29, 33, 88]	26
483	0.9994618471313131	0.9999956979181354	6.752593910073201	7.140359441081964	[0, 1, 34, 67, 7, 88]	27
484	0.9994701519595336	0.999995835584755	6.752593910073201	6.752593910073201	[3, 5, 67, 68, 34, 88]	27
485	0.9994783286268247	0.9999959127035558	6.752593910073201	6.752593910073201	[3, 68, 67, 7, 34, 88]	26
486	0.9994863791109787	0.9999960035323657	6.752593910073201	7.140359441081964	[13, 3, 17, 1, 34, 88]	27
487	0.999494305359266	0.99999613141933	6.752593910073201	7.528124972090727	[119, 6, 48, 17, 34, 88]	26
488	0.999502109288907	0.9999962030597128	6.752593910073201	7.140359441081964	[3, 5, 27, 33, 7, 88]	26
489	0.9995097927875349	0.999996329624389	6.752593910073201	7.528124972090727	[144, 43, 8, 34, 7, 88]	26
490	0.9995173577136532	0.9999964111882915	6.752593910073201	7.528124972090728	[144, 43, 7, 1, 34, 88]	27
491	0.9995248058970845	0.9999964909396628	6.752593910073201	7.140359441081964	[140, 6, 67, 7, 34, 88]	27
492	0.9995321391394135	0.9999965845146052	6.752593910073201	7.528124972090727	[3, 17, 1, 67, 68, 88]	26
493	0.9995393592144225	0.9999966983641183	6.752593910073201	7.528124972090728	[101, 100, 33, 1, 34, 88]	26
494	0.999546467868521	0.9999967864077418	6.752593910073201	7.528124972090727	[3, 5, 6, 33, 7, 88]	26
495	0.9995534668211672	0.9999968459187095	6.752593910073201	7.528124972090727	[3, 6, 8, 34, 33, 88]	26
496	0.9995603577652851	0.9999969043276223	6.752593910073201	7.140359441081964	[3, 5, 37, 7, 34, 88]	28
497	0.9995671423676726	0.9999969616548886	6.752593910073201	7.528124972090727	[3, 5, 104, 29, 34, 88]	27
498	0.999573822269406	0.9999970179205387	6.752593910073201	6.752593910073201	[3, 17, 33, 7, 34, 88]	26
499	0.9995803990862362	0.9999970974426577	6.752593910073201	7.528124972090727	[3, 6, 67, 33, 7, 88]	27
