0	0.015432098765432056	0.01851851851851849	6.752593910073201	6.752593910073201	[3, 5, 27, 33, 34, 88]	161
1	0.030626047858558048	0.04032921810699586	6.752593910073201	7.140359441081964	[119, 6, 67, 33, 34, 88]	216
2	0.045585522428642	0.0659204389574759	6.752593910073201	7.915890503099491	[119, 6, 102, 27, 33, 88]	27
3	0.06031414090968146	0.09581098491083673	6.752593910073201	7.528124972090728	[119, 6, 2, 8, 34, 88]	27
4	0.07481546589564314	0.11255522593100642	6.752593910073201	7.140359441081964	[3, 5, 8, 34, 33, 88]	33
5	0.08909300500219186	0.14663310525525575	6.752593910073201	7.528124972090728	[140, 6, 25, 67, 34, 88]	27
6	0.10315021171512095	0.17394084588708758	6.752593910073201	7.140359441081964	[119, 17, 68, 7, 34, 88]	27
7	0.11699048622569008	0.1959690899967652	6.752593910073201	7.140359441081964	[3, 4, 33, 68, 34, 88]	27
8	0.13061717625307134	0.21740991426351808	6.752593910073201	7.528124972090727	[3, 5, 52, 68, 7, 88]	33
9	0.1440335778541042	0.2348008050576621	6.752593910073201	7.140359441081964	[140, 147, 27, 33, 34, 88]	27
10	0.1572429362205532	0.25520611692279105	6.752593910073201	7.140359441081964	[3, 52, 68, 7, 34, 88]	27
11	0.17024844646406312	0.27903952118126174	6.752593910073201	7.140359441081964	[0, 1, 34, 67, 33, 88]	31
12	0.18305325438900033	0.2982651339497614	6.752593910073201	7.140359441081964	[13, 98, 7, 33, 34, 88]	26
13	0.19566045725336756	0.3207206496633691	6.752593910073201	7.140359441081964	[3, 17, 48, 50, 34, 88]	27
14	0.208073104517976	0.33883476567234594	6.752593910073201	7.528124972090727	[3, 24, 27, 33, 7, 88]	30
15	0.22029419858405663	0.35646583858775005	6.752593910073201	7.140359441081964	[3, 37, 7, 68, 34, 88]	32
16	0.2323266955194878	0.3736267495587433	6.752593910073201	7.528124972090728	[3, 24, 27, 7, 34, 88]	32
17	0.2441735057738167	0.3875461551241046	6.752593910073201	7.140359441081964	[123, 6, 33, 7, 34, 88]	32
18	0.2558374948822454	0.39888789299217675	6.752593910073201	7.140359441081964	[3, 37, 33, 7, 34, 88]	27
19	0.2673214841587539	0.414917549179052	6.752593910073201	6.752593910073201	[3, 5, 67, 68, 34, 88]	27
20	0.2786282513785262	0.4257524093794399	6.752593910073201	7.140359441081964	[3, 5, 37, 7, 34, 88]	26
21	0.28976053144984526	0.4363866240205614	6.752593910073201	7.140359441081964	[3, 5, 8, 34, 7, 88]	27
22	0.30072101707561927	0.4514163140466797	6.752593910073201	6.752593910073201	[3, 17, 7, 67, 34, 88]	26
23	0.31151235940469924	0.4636070626234202	6.752593910073201	7.528124972090727	[123, 6, 67, 68, 7, 88]	29
24	0.32213716867314524	0.4779108742867957	6.752593910073201	7.140359441081964	[3, 5, 2, 7, 34, 88]	27
25	0.3325980148355967	0.4895128548582003	6.752593910073201	7.528124972090727	[123, 6, 1, 34, 68, 88]	26
26	0.34289742818689917	0.4989663205089744	6.752593910073201	7.140359441081964	[3, 17, 4, 7, 34, 88]	27
27	0.35303789997413837	0.5123272186287351	6.752593910073201	7.140359441081964	[140, 147, 27, 33, 34, 88]	26
28	0.3630218829992288	0.5213581960615362	6.752593910073201	7.140359441081964	[3, 17, 43, 8, 34, 88]	26
29	0.37285179221220366	0.536674733787567	6.752593910073201	7.140359441081964	[119, 6, 67, 7, 34, 88]	28
30	0.38253000529534864	0.5452548313100195	6.752593910073201	7.528124972090727	[3, 5, 4, 33, 7, 88]	30
31	0.3920588632383216	0.5553602795031303	6.752593910073201	7.140359441081964	[3, 4, 7, 67, 34, 88]	32
32	0.40144067090439683	0.5672173387163801	6.752593910073201	7.528124972090727	[3, 37, 33, 68, 7, 88]	32
33	0.4106776975879709	0.5768347311893494	6.752593910073201	7.528124972090727	[119, 17, 48, 29, 34, 88]	30
34	0.4197721775634652	0.586238403829586	6.752593910073201	7.528124972090727	[3, 5, 4, 7, 68, 88]	31
35	0.4287263106257574	0.5972720463941305	6.752593910073201	7.528124972090727	[3, 37, 41, 27, 33, 88]	35
36	0.43754226262227347	0.6101593409095183	6.752593910073201	7.140359441081964	[13, 3, 68, 7, 34, 88]	27
37	0.44622216597686803	0.6188224666670845	6.752593910073201	7.140359441081964	[0, 1, 34, 67, 33, 88]	26
38	0.4547681202056201	0.6272930785189271	6.752593910073201	7.140359441081964	[140, 6, 33, 7, 34, 88]	27
39	0.46318219242466907	0.6341950585463544	6.752593910073201	7.140359441081964	[3, 5, 67, 68, 33, 88]	27
40	0.47146641785021426	0.6439498569851183	6.752593910073201	7.140359441081964	[3, 37, 7, 67, 34, 88]	26
41	0.4796228002907974	0.6505433781520604	6.752593910073201	7.140359441081964	[3, 5, 6, 1, 34, 88]	27
42	0.48765331263198874	0.6617259900511945	6.752593910073201	7.528124972090727	[3, 5, 40, 17, 34, 88]	27
43	0.49555989731359384	0.6747157120332287	6.752593910073201	7.528124972090727	[140, 6, 8, 34, 68, 88]	27
44	0.5033444667994951	0.6819442517658236	6.752593910073201	7.915890503099491	[119, 6, 37, 27, 33, 88]	27
45	0.5110089040402437	0.6904257383854016	6.752593910073201	7.528124972090728	[3, 85, 6, 67, 34, 88]	27
46	0.5185550629285114	0.6986810520284575	6.752593910073201	6.752593910073201	[3, 5, 67, 7, 34, 88]	26
47	0.5259847687475159	0.7033310357934505	6.752593910073201	7.140359441081964	[3, 37, 33, 7, 34, 88]	27
48	0.5332998186125233	0.7112422081722918	6.752593910073201	7.140359441081964	[140, 147, 33, 7, 34, 88]	27
49	0.5405019819055399	0.7176590479906853	6.752593910073201	7.528124972090727	[144, 43, 67, 33, 7, 88]	27
50	0.5475930007032939	0.7266939584549834	6.752593910073201	7.528124972090727	[13, 3, 5, 67, 33, 88]	27
51	0.5545745901986134	0.7354397517844239	6.752593910073201	7.140359441081964	[144, 43, 7, 33, 34, 88]	26
52	0.5614484391153014	0.7413188684114367	6.752593910073201	7.528124972090727	[144, 43, 27, 33, 7, 88]	27
53	0.5682162101166085	0.7482170319204651	6.752593910073201	7.140359441081964	[3, 68, 67, 33, 7, 88]	26
54	0.5748795402074016	0.7538122089888991	6.752593910073201	7.140359441081964	[123, 3, 68, 7, 34, 88]	27
55	0.5814400411301268	0.7603772167491951	6.752593910073201	7.528124972090728	[3, 28, 29, 1, 34, 88]	27
56	0.5878992997546619	0.7648146756982841	6.752593910073201	7.91589050309949	[3, 37, 41, 27, 7, 88]	27
57	0.5942588784621516	0.7710862843463299	6.752593910073201	7.140359441081964	[0, 1, 34, 68, 7, 88]	27
58	0.6005203155229208	0.7771906500970944	6.752593910073201	6.752593910073201	[3, 5, 67, 33, 34, 88]	26
59	0.6066851254685548	0.7821419689838256	6.752593910073201	6.752593910073201	[3, 5, 67, 7, 34, 88]	26
60	0.6127547994582376	0.7869832585619628	6.752593910073201	7.528124972090728	[119, 17, 50, 67, 34, 88]	27
61	0.6187308056394376	0.7937997942879801	6.752593910073201	7.91589050309949	[119, 17, 3, 12, 5, 88]	33
62	0.6246145895030265	0.7976183166159805	6.752593910073201	7.528124972090727	[13, 34, 33, 67, 5, 88]	32
63	0.630407574232918	0.8030151615062209	6.752593910073201	7.140359441081964	[3, 8, 34, 68, 33, 88]	31
64	0.6361111610503113	0.8082680905327218	6.752593910073201	7.140359441081964	[140, 147, 33, 7, 34, 88]	33
65	0.6417267295526212	0.8133809414518491	6.752593910073201	6.752593910073201	[3, 5, 67, 7, 34, 88]	32
66	0.6472556380471796	0.8183574496797998	6.752593910073201	7.140359441081964	[3, 5, 2, 8, 34, 88]	31
67	0.6526992238797849	0.8223939507980265	6.752593910073201	7.528124972090727	[123, 6, 1, 34, 33, 88]	32
68	0.6580588037581832	0.8256829517091742	6.752593910073201	7.528124972090727	[3, 17, 48, 6, 5, 88]	32
69	0.6633356740705569	0.8289110451960413	6.752593910073201	6.752593910073201	[3, 5, 67, 7, 34, 88]	32
70	0.6685311111990977	0.8320793591738923	6.752593910073201	7.140359441081964	[3, 17, 37, 1, 34, 88]	32
71	0.6736463718287411	0.8346707270878755	6.752593910073201	7.140359441081964	[3, 17, 38, 33, 34, 88]	32
72	0.6786826932511372	0.8390795076988654	6.752593910073201	7.528124972090727	[3, 52, 68, 67, 7, 88]	32
73	0.6836412936639282	0.8420595168155531	6.752593910073201	7.140359441081964	[3, 68, 7, 1, 34, 88]	29
74	0.6885233724654107	0.8471136122774554	6.752593910073201	7.528124972090728	[140, 6, 76, 1, 34, 88]	27
75	0.6933301105446482	0.8499448416797247	6.752593910073201	6.752593910073201	[3, 68, 33, 7, 34, 88]	26
76	0.6980626705671074	0.8547466067459736	6.752593910073201	7.140359441081964	[123, 6, 33, 7, 34, 88]	26
77	0.7027221972558866	0.8603243370469282	6.752593910073201	7.915890503099491	[140, 57, 1, 67, 7, 88]	27
78	0.7073098176686043	0.862910923397911	6.752593910073201	7.140359441081964	[3, 17, 68, 67, 33, 88]	26
79	0.7118266414700147	0.8665666321073	6.752593910073201	7.528124972090727	[140, 57, 27, 33, 7, 88]	26
80	0.7162737612004157	0.8695318180604712	6.752593910073201	7.140359441081964	[123, 3, 5, 8, 34, 88]	27
81	0.7206522525399155	0.8719478955037958	6.752593910073201	7.140359441081964	[3, 5, 8, 34, 33, 88]	26
82	0.7249631745686205	0.8753626182903612	6.752593910073201	7.91589050309949	[123, 6, 67, 33, 38, 88]	27
83	0.7292075700228084	0.8776707179516507	6.752593910073201	7.140359441081964	[3, 6, 67, 7, 34, 88]	26
84	0.7333864655471478	0.8803891464416141	6.752593910073201	7.528124972090727	[123, 6, 8, 34, 7, 88]	26
85	0.7375008719430252	0.883578769203171	6.752593910073201	7.140359441081964	[3, 24, 27, 33, 34, 88]	26
86	0.7415517844130401	0.8866833353577531	6.752593910073201	7.140359441081964	[3, 17, 48, 29, 34, 88]	27
87	0.7455401828017278	0.8897051130815464	6.752593910073201	7.528124972090727	[3, 142, 8, 34, 33, 88]	27
88	0.7494670318325654	0.8949992676536321	6.752593910073201	7.140359441081964	[101, 100, 33, 68, 34, 88]	27
89	0.753333281341322	0.8973326172613293	6.752593910073201	7.140359441081964	[13, 3, 5, 67, 34, 88]	26
90	0.7571398665058078	0.8992338650898232	6.752593910073201	6.752593910073201	[3, 17, 68, 33, 34, 88]	27
91	0.7608877080720762	0.9010999046251968	6.752593910073201	7.140359441081964	[3, 5, 2, 8, 34, 88]	27
92	0.7645777125771367	0.9042647076771905	6.752593910073201	7.528124972090727	[13, 3, 5, 27, 33, 88]	26
93	0.7682107725682302	0.9073282370315204	6.752593910073201	7.140359441081964	[144, 43, 7, 68, 34, 88]	27
94	0.7717877668187205	0.9097994840440132	6.752593910073201	7.528124972090727	[3, 17, 48, 40, 5, 88]	27
95	0.7753095605406538	0.9126859005546047	6.752593910073201	7.140359441081964	[119, 17, 68, 33, 34, 88]	26
96	0.7787770055940388	0.9143028283221121	6.752593910073201	7.140359441081964	[3, 5, 37, 1, 34, 88]	27
97	0.7821909406928962	0.9158898129828137	6.752593910073201	6.752593910073201	[3, 5, 27, 33, 34, 88]	26
98	0.7855521916081293	0.9199271019596387	6.752593910073201	7.140359441081964	[144, 43, 7, 68, 34, 88]	27
99	0.7888615713672631	0.9214099334048306	6.752593910073201	7.140359441081964	[3, 8, 34, 33, 7, 88]	26
100	0.7921198804511016	0.924427791962085	6.752593910073201	7.528124972090728	[3, 24, 25, 67, 34, 88]	27
101	0.79532790698735	0.9264430508430961	6.752593910073201	7.140359441081964	[3, 8, 34, 68, 7, 88]	27
102	0.7984864269412489	0.9280776497132495	6.752593910073201	7.528124972090727	[140, 57, 41, 27, 33, 88]	27
103	0.8015962043032667	0.92940954508893	6.752593910073201	7.528124972090727	[13, 3, 17, 33, 7, 88]	26
104	0.8046579912738953	0.9307167757354313	6.752593910073201	6.752593910073201	[3, 17, 68, 7, 34, 88]	26
105	0.8076725284455943	0.9322564029413106	6.752593910073201	7.140359441081964	[123, 3, 68, 7, 34, 88]	27
106	0.8106405449819278	0.9340628988628757	6.752593910073201	7.140359441081964	[3, 5, 142, 8, 34, 88]	27
107	0.8135627587939351	0.9361728860992637	6.752593910073201	7.140359441081964	[140, 6, 67, 68, 34, 88]	26
108	0.8164398767137817	0.93787494246995	6.752593910073201	6.752593910073201	[3, 68, 67, 7, 34, 88]	27
109	0.8192725946657295	0.9395316106707513	6.752593910073201	7.140359441081964	[3, 6, 67, 7, 34, 88]	27
110	0.8220615978344683	0.9411441010528646	6.752593910073201	7.140359441081964	[3, 5, 6, 1, 34, 88]	27
111	0.8248075608308499	0.9431059643511025	6.752593910073201	7.140359441081964	[144, 43, 67, 7, 34, 88]	26
112	0.8275111478550652	0.9443702762544113	6.752593910073201	7.140359441081964	[119, 17, 7, 67, 34, 88]	27
113	0.8301730128573019	0.9456064923376466	6.752593910073201	7.140359441081964	[123, 3, 68, 7, 34, 88]	27
114	0.8327937996959238	0.9473470845828419	6.752593910073201	7.915890503099491	[119, 17, 29, 68, 7, 88]	26
115	0.8353741422932088	0.9485171493698898	6.752593910073201	7.915890503099491	[140, 57, 27, 37, 34, 88]	26
116	0.837914664788684	0.9501646005900534	6.752593910073201	7.91589050309949	[140, 57, 27, 33, 38, 88]	26
117	0.8404159816900932	0.9510874783569042	6.752593910073201	7.140359441081964	[3, 17, 29, 1, 34, 88]	27
118	0.8428786980220363	0.9523918122673868	6.752593910073201	7.528124972090728	[3, 37, 25, 67, 34, 88]	26
119	0.8453034094723135	0.9534497719947782	6.752593910073201	7.140359441081964	[0, 1, 34, 67, 7, 88]	26
120	0.8476907025360123	0.9549393792909453	6.752593910073201	7.140359441081964	[140, 6, 33, 68, 34, 88]	27
121	0.8500411546573702	0.9557738352300019	6.752593910073201	7.140359441081964	[101, 100, 33, 7, 34, 88]	26
122	0.8523553343694478	0.9567566388915574	6.752593910073201	7.140359441081964	[13, 34, 67, 33, 7, 88]	27
123	0.8546338014316477	0.9584863733358951	6.752593910073201	7.528124972090727	[101, 100, 33, 67, 68, 88]	32
124	0.8568771069651099	0.9594088983728752	6.752593910073201	7.140359441081964	[119, 6, 33, 7, 34, 88]	32
125	0.8590857935860187	0.9601605854400442	6.752593910073201	7.140359441081964	[3, 37, 33, 7, 34, 88]	32
126	0.8612603955368516	0.9610459057635987	6.752593910073201	7.140359441081964	[3, 43, 67, 7, 34, 88]	30
127	0.8634014388156039	0.9617672778790877	6.752593910073201	7.140359441081964	[3, 17, 29, 1, 34, 88]	31
128	0.8655094413030175	0.9630417019497848	6.752593910073201	7.91589050309949	[101, 100, 33, 67, 5, 88]	32
129	0.8675849128878474	0.9642736452181253	6.752593910073201	7.528124972090727	[21, 20, 5, 3, 34, 88]	31
130	0.8696283555901955	0.9649352443807526	6.752593910073201	7.91589050309949	[3, 17, 6, 2, 7, 88]	32
131	0.8716402636829393	0.9660573165605685	6.752593910073201	7.140359441081964	[140, 6, 67, 68, 34, 88]	32
132	0.8736211238112891	0.966811598414778	6.752593910073201	7.140359441081964	[3, 5, 27, 33, 68, 88]	31
133	0.8755714151104975	0.9678736272655052	6.752593910073201	7.140359441081964	[123, 3, 17, 1, 34, 88]	32
134	0.8774916093217553	0.968730330538425	6.752593910073201	7.140359441081964	[3, 17, 68, 67, 7, 88]	32
135	0.8793821709062961	0.9695641883907337	6.752593910073201	7.140359441081964	[3, 5, 37, 1, 34, 88]	31
136	0.8812435571577422	0.9702405397598285	6.752593910073201	7.140359441081964	[119, 17, 3, 8, 34, 88]	31
137	0.8830762183127152	0.971192842487514	6.752593910073201	7.528124972090727	[119, 6, 48, 17, 34, 88]	30
138	0.8848805976597413	0.9717263083673748	6.752593910073201	7.140359441081964	[144, 43, 7, 33, 34, 88]	26
139	0.8866571316464736	0.9722498952494605	6.752593910073201	7.140359441081964	[3, 5, 67, 1, 34, 88]	27
140	0.8884062499852626	0.9728665642439169	6.752593910073201	7.528124972090727	[119, 6, 5, 3, 34, 88]	26
141	0.890128375757095	0.9737348341881116	6.752593910073201	7.528124972090727	[140, 57, 27, 33, 7, 88]	26
142	0.89182392551393	0.9743185045394869	6.752593910073201	7.528124972090727	[0, 1, 34, 8, 5, 88]	27
143	0.8934933093794557	0.9751403123942233	6.752593910073201	7.140359441081964	[123, 3, 17, 1, 34, 88]	26
144	0.8951369311482913	0.975803237397044	6.752593910073201	7.140359441081964	[3, 43, 67, 68, 34, 88]	27
145	0.8967551883836571	0.9763409432326653	6.752593910073201	7.528124972090727	[3, 17, 48, 29, 7, 88]	26
146	0.898348472513539	0.9769718514131275	6.752593910073201	7.528124972090727	[3, 8, 34, 1, 7, 88]	27
147	0.8999171689253671	0.9775859353754441	6.752593910073201	7.140359441081964	[3, 5, 12, 8, 34, 88]	26
148	0.9014616570592349	0.9780010106462692	6.752593910073201	7.140359441081964	[3, 8, 34, 33, 7, 88]	27
149	0.9029823104996788	0.9787049783055887	6.752593910073201	7.915890503099491	[3, 56, 25, 67, 7, 88]	26
150	0.9044794970660417	0.9790993305591889	6.752593910073201	6.752593910073201	[3, 5, 27, 33, 34, 88]	27
151	0.9059535789014423	0.9797681519812947	6.752593910073201	7.91589050309949	[3, 111, 19, 26, 5, 88]	26
152	0.9074049125603707	0.980545054945213	6.752593910073201	7.528124972090727	[3, 68, 34, 8, 38, 88]	27
153	0.9088338490949328	0.9809773870575417	6.752593910073201	7.140359441081964	[13, 98, 7, 33, 34, 88]	26
154	0.9102407341397641	0.9814846567360073	6.752593910073201	7.140359441081964	[3, 17, 43, 67, 34, 88]	27
155	0.9116259079956319	0.9819783992230471	6.752593910073201	7.140359441081964	[119, 17, 68, 33, 34, 88]	26
156	0.9129897057117488	0.9825550904479096	6.752593910073201	7.140359441081964	[144, 43, 67, 7, 34, 88]	27
157	0.9143324571668143	0.9831133275535764	6.752593910073201	7.528124972090728	[123, 6, 51, 8, 34, 88]	27
158	0.9156544871488079	0.9835636388188144	6.752593910073201	7.140359441081964	[140, 57, 27, 33, 34, 88]	27
159	0.9169561154335486	0.9838172863679068	6.752593910073201	6.752593910073201	[3, 5, 27, 33, 34, 88]	26
160	0.9182376568620432	0.9840670196029699	6.752593910073201	7.140359441081964	[3, 5, 37, 7, 34, 88]	27
161	0.9194994214166413	0.9843620747955075	6.752593910073201	7.140359441081964	[3, 17, 61, 8, 34, 88]	26
162	0.9207417142960141	0.9848624884020513	6.752593910073201	7.528124972090727	[119, 6, 48, 17, 34, 88]	27
163	0.9219648359889768	0.9851428126909022	6.752593910073201	6.752593910073201	[3, 17, 33, 7, 34, 88]	26
164	0.9231690823471717	0.9854179457892188	6.752593910073201	7.140359441081964	[3, 17, 29, 33, 34, 88]	27
165	0.9243547446566289	0.9856879838301592	6.752593910073201	7.528124972090727	[13, 34, 7, 67, 5, 88]	26
166	0.9255221097082241	0.9860696375946882	6.752593910073201	7.528124972090728	[3, 61, 29, 1, 34, 88]	26
167	0.9266714598670478	0.9863276072688607	6.752593910073201	6.752593910073201	[3, 68, 67, 7, 34, 88]	27
168	0.9278030731407044	0.9865807997268448	6.752593910073201	7.140359441081964	[3, 5, 37, 1, 34, 88]	26
169	0.9289172232465578	0.9870102141355858	6.752593910073201	7.140359441081964	[119, 6, 67, 68, 34, 88]	27
170	0.9300141796779381	0.9872507657256675	6.752593910073201	7.140359441081964	[3, 6, 33, 7, 34, 88]	26
171	0.9310942077693279	0.9874868626566736	6.752593910073201	7.140359441081964	[0, 1, 34, 33, 7, 88]	27
172	0.932157568760542	0.9878205463191624	6.752593910073201	6.752593910073201	[3, 5, 67, 68, 34, 88]	26
173	0.9332045198599164	0.9880460917576964	6.752593910073201	7.140359441081964	[3, 8, 34, 33, 7, 88]	27
174	0.9342353143065225	0.9883648626441578	6.752593910073201	7.528124972090727	[3, 17, 30, 27, 33, 88]	26
175	0.9352502014314219	0.9885803281507475	6.752593910073201	7.528124972090727	[3, 17, 61, 10, 34, 88]	27
176	0.936249426717974	0.9887918035553632	6.752593910073201	6.752593910073201	[3, 68, 67, 7, 34, 88]	26
177	0.9372332318612151	0.9889647695498792	6.752593910073201	6.752593910073201	[3, 68, 33, 7, 34, 88]	26
178	0.9382018548263199	0.9892099968932153	6.752593910073201	7.140359441081964	[123, 3, 68, 33, 34, 88]	26
179	0.9391555299061606	0.9894977303093963	6.752593910073201	7.528124972090727	[13, 12, 8, 34, 33, 88]	27
180	0.9400944877779791	0.9896922167851481	6.752593910073201	7.140359441081964	[3, 17, 6, 8, 34, 88]	26
181	0.9410189555591831	0.9900220658480234	6.752593910073201	7.528124972090727	[13, 98, 8, 34, 33, 88]	27
182	0.9419291568622822	0.9902881440920761	6.752593910073201	7.140359441081964	[3, 5, 30, 7, 34, 88]	26
183	0.9428253118489753	0.9905989234811297	6.752593910073201	7.528124972090727	[3, 5, 32, 68, 7, 88]	27
184	0.9437076372834047	0.9908997579297335	6.752593910073201	6.752593910073201	[3, 5, 67, 33, 34, 88]	27
185	0.9445763465845868	0.9911909656759821	6.752593910073201	7.140359441081964	[0, 1, 34, 67, 7, 88]	26
186	0.9454316498780345	0.9913540959412417	6.752593910073201	7.528124972090728	[3, 37, 29, 1, 34, 88]	27
187	0.9462737540465833	0.9915462271425474	6.752593910073201	8.303656034108254	[3, 111, 10, 8, 38, 88]	26
188	0.9471028627804323	0.9917716610854128	6.752593910073201	7.528124972090727	[140, 57, 27, 33, 7, 88]	26
189	0.9479191766264133	0.9919910834564685	6.752593910073201	7.528124972090727	[3, 17, 61, 27, 33, 88]	27
190	0.9487228930364995	0.9921393967257931	6.752593910073201	7.140359441081964	[3, 17, 1, 34, 33, 88]	27
191	0.9495142064155659	0.9923490128131053	6.752593910073201	7.528124972090727	[3, 98, 8, 34, 33, 88]	27
192	0.9502933081684121	0.9927162601980762	6.752593910073201	7.91589050309949	[144, 43, 7, 67, 5, 88]	26
193	0.9510603867460601	0.9930658797085685	6.752593910073201	7.528124972090728	[144, 43, 6, 8, 34, 88]	27
194	0.9518156276913369	0.9932877715578944	6.752593910073201	7.91589050309949	[123, 6, 48, 17, 7, 88]	27
195	0.9525592136837545	0.9934120720846	6.752593910073201	7.140359441081964	[3, 43, 27, 33, 34, 88]	26
196	0.9532913245836966	0.9935584704827201	6.752593910073201	7.528124972090727	[13, 14, 17, 3, 5, 88]	27
197	0.9540121374759235	0.9936777580663734	6.752593910073201	6.752593910073201	[3, 68, 33, 7, 34, 88]	26
198	0.9547218267124061	0.9937948366206998	6.752593910073201	6.752593910073201	[3, 5, 67, 7, 34, 88]	27
199	0.9554205639544987	0.9939097470536498	6.752593910073201	6.752593910073201	[3, 5, 67, 33, 34, 88]	26
200	0.9561085182144601	0.9940450860080131	6.752593910073201	7.915890503099491	[123, 6, 14, 3, 5, 88]	27
201	0.9567858558963357	0.9941553621930499	6.752593910073201	7.140359441081964	[3, 104, 33, 7, 34, 88]	26
202	0.9574527408362071	0.994263596226512	6.752593910073201	7.140359441081964	[3, 2, 7, 68, 34, 88]	27
203	0.9581093343418212	0.9943910718659228	6.752593910073201	7.140359441081964	[123, 6, 33, 7, 34, 88]	26
204	0.9587557952316079	0.9945406432828315	6.752593910073201	7.140359441081964	[3, 98, 7, 67, 34, 88]	27
205	0.9593922798730954	0.994715342697781	6.752593910073201	7.140359441081964	[0, 1, 34, 67, 33, 88]	26
206	0.9600189422207328	0.9948844517314519	6.752593910073201	7.140359441081964	[144, 43, 7, 68, 34, 88]	27
207	0.960635933853129	0.9949981305818641	6.752593910073201	7.140359441081964	[0, 1, 34, 33, 7, 88]	26
208	0.9612434040097164	0.995090757793311	6.752593910073201	7.140359441081964	[3, 5, 4, 7, 34, 88]	27
209	0.9618414996268504	0.9951998520645708	6.752593910073201	7.528124972090727	[119, 6, 48, 17, 34, 88]	27
210	0.9624303653733497	0.9953065220186915	6.752593910073201	7.140359441081964	[3, 5, 67, 68, 7, 88]	26
211	0.9630101436854893	0.9953934382776046	6.752593910073201	7.528124972090727	[3, 17, 48, 6, 33, 88]	27
212	0.963580974801454	0.9954958063158801	6.752593910073201	7.140359441081964	[140, 147, 27, 33, 34, 88]	27
213	0.9641429967952587	0.9955792173100304	6.752593910073201	6.752593910073201	[3, 17, 68, 67, 34, 88]	26
214	0.9646963456101467	0.9956610836561409	6.752593910073201	7.140359441081964	[3, 5, 67, 1, 34, 88]	27
215	0.9652411550914716	0.9957999289791445	6.752593910073201	7.140359441081964	[13, 34, 67, 33, 7, 88]	26
216	0.9657775570190723	0.995893263890719	6.752593910073201	7.140359441081964	[0, 1, 34, 33, 7, 88]	27
217	0.9663056811391484	0.9959845246931475	6.752593910073201	7.140359441081964	[123, 3, 5, 8, 34, 88]	26
218	0.966825655195643	0.9960588853469781	6.752593910073201	7.91589050309949	[3, 5, 2, 10, 33, 88]	27
219	0.9673376049611423	0.9961318689516637	6.752593910073201	7.528124972090727	[3, 37, 1, 34, 7, 88]	27
220	0.9678416542672975	0.9962350191129526	6.752593910073201	7.528124972090728	[13, 18, 17, 1, 34, 88]	26
221	0.9683379250347776	0.996318685354887	6.752593910073201	7.140359441081964	[119, 6, 67, 7, 34, 88]	27
222	0.9688265373027594	0.9964364874235306	6.752593910073201	7.140359441081964	[144, 43, 67, 68, 34, 88]	26
223	0.9693076092579637	0.996502478397169	6.752593910073201	6.752593910073201	[3, 68, 67, 33, 34, 88]	27
224	0.969781257263242	0.9965672473157399	6.752593910073201	6.752593910073201	[3, 68, 33, 7, 34, 88]	27
225	0.9702475958857228	0.9966990650188156	6.752593910073201	7.528124972090727	[119, 6, 8, 34, 68, 88]	26
226	0.9707067379245234	0.9967724191295085	6.752593910073201	7.528124972090728	[119, 6, 37, 1, 34, 88]	27
227	0.9711587944380339	0.9968441431488527	6.752593910073201	7.915890503099491	[144, 43, 27, 62, 34, 88]	26
228	0.9716038747707803	0.9969025849423925	6.752593910073201	6.752593910073201	[3, 17, 68, 7, 34, 88]	27
229	0.9720420865798731	0.9969599444804964	6.752593910073201	7.140359441081964	[3, 5, 2, 8, 34, 88]	26
230	0.9724735358610479	0.9970275012698187	6.752593910073201	7.528124972090728	[144, 43, 6, 1, 34, 88]	27
231	0.9728983269743033	0.9971067679026235	6.752593910073201	7.140359441081964	[3, 8, 34, 68, 7, 88]	26
232	0.9733165626691443	0.9971839207585536	6.752593910073201	7.528124972090727	[13, 18, 17, 3, 5, 88]	26
233	0.9737283441094353	0.9972590162049921	6.752593910073201	6.752593910073201	[3, 5, 27, 33, 34, 88]	26
234	0.97413377089787	0.9973467276864324	6.752593910073201	7.915890503099491	[3, 43, 65, 17, 34, 88]	26
235	0.9745329411000634	0.997452858578975	6.752593910073201	7.140359441081964	[144, 43, 67, 33, 34, 88]	26
236	0.9749259512682722	0.9975751213671843	6.752593910073201	8.303656034108254	[0, 1, 17, 99, 5, 88]	27
237	0.9753128964647495	0.9976527174834343	6.752593910073201	7.528124972090727	[140, 147, 33, 67, 7, 88]	27
238	0.975693870284738	0.9977048793171358	6.752593910073201	7.528124972090728	[144, 43, 50, 1, 34, 88]	26
239	0.9760689648791093	0.9977783231789875	6.752593910073201	7.140359441081964	[0, 1, 34, 67, 7, 88]	27
240	0.9764382709766539	0.9978194653423396	6.752593910073201	7.140359441081964	[3, 6, 33, 7, 34, 88]	26
241	0.9768018779060265	0.9978598456137777	6.752593910073201	7.528124972090727	[3, 37, 27, 33, 7, 88]	27
242	0.9771598736173532	0.9978994781024114	6.752593910073201	6.752593910073201	[3, 5, 67, 33, 34, 88]	26
243	0.9775123447035052	0.9979666948031343	6.752593910073201	7.140359441081964	[13, 3, 17, 1, 34, 88]	27
244	0.9778593764210437	0.9980118793630647	6.752593910073201	7.91589050309949	[13, 98, 7, 33, 38, 88]	26
245	0.9782010527108425	0.9980560598216632	6.752593910073201	7.528124972090727	[0, 1, 34, 27, 33, 88]	27
246	0.9785374562183912	0.9981078982264189	6.752593910073201	7.140359441081964	[3, 5, 67, 33, 7, 88]	27
247	0.9788686683137864	0.998137097327863	6.752593910073201	6.752593910073201	[3, 5, 27, 33, 34, 88]	26
248	0.9791947691114131	0.9981967102133714	6.752593910073201	7.528124972090727	[3, 99, 41, 27, 34, 88]	27
249	0.9795158374893234	0.998236783319741	6.752593910073201	7.140359441081964	[119, 6, 33, 7, 34, 88]	26
250	0.9798319511083153	0.9982759659126356	6.752593910073201	7.915890503099491	[119, 6, 37, 10, 34, 88]	27
251	0.9801431864307178	0.9983142777812437	6.752593910073201	7.140359441081964	[123, 3, 17, 1, 34, 88]	26
252	0.9804496187388858	0.9983517382749938	6.752593910073201	7.528124972090727	[101, 100, 27, 33, 7, 88]	27
253	0.9807513221534092	0.9983883663133273	6.752593910073201	7.140359441081964	[13, 34, 67, 33, 7, 88]	26
254	0.9810483696510417	0.9984241803952534	6.752593910073201	7.140359441081964	[140, 6, 33, 7, 34, 88]	27
255	0.9813408330823528	0.9984533622397856	6.752593910073201	7.528124972090727	[119, 6, 17, 3, 5, 88]	26
256	0.9816287831891066	0.9984820036797897	6.752593910073201	7.140359441081964	[3, 5, 6, 1, 34, 88]	26
257	0.9819122896213734	0.9985157369313499	6.752593910073201	7.528124972090727	[0, 1, 34, 27, 33, 88]	27
258	0.982191420954377	0.9985553172798473	6.752593910073201	7.528124972090727	[3, 24, 27, 33, 7, 88]	26
259	0.982466244705081	0.9985938421523847	6.752593910073201	7.140359441081964	[3, 17, 48, 29, 34, 88]	27
260	0.9827368273485212	0.9986250901045538	6.752593910073201	7.528124972090727	[123, 3, 17, 68, 7, 88]	26
261	0.9830032343338835	0.998650551398914	6.752593910073201	7.140359441081964	[3, 5, 37, 7, 34, 88]	26
262	0.9832655301003359	0.9986805391456047	6.752593910073201	7.528124972090727	[0, 1, 68, 33, 7, 88]	27
263	0.9835237780926147	0.9987312064424135	6.752593910073201	7.915890503099491	[13, 12, 5, 35, 34, 88]	26
264	0.9837780407763707	0.9987594018548044	6.752593910073201	7.140359441081964	[123, 3, 5, 8, 34, 88]	27
265	0.9840283796532785	0.9987869707024754	6.752593910073201	7.140359441081964	[123, 6, 67, 7, 34, 88]	26
266	0.9842748552759131	0.998813926909087	6.752593910073201	7.140359441081964	[119, 17, 3, 8, 34, 88]	27
267	0.9845175272623958	0.9988402840888851	6.752593910073201	7.528124972090727	[144, 43, 27, 33, 7, 88]	26
268	0.9847564543108157	0.9988617603094613	6.752593910073201	7.528124972090727	[3, 43, 27, 33, 7, 88]	27
269	0.9849916942134266	0.9988870545248066	6.752593910073201	7.528124972090727	[140, 6, 48, 17, 34, 88]	27
270	0.9852233038706267	0.9989167330708117	6.752593910073201	7.91589050309949	[3, 147, 27, 41, 33, 88]	26
271	0.9854513393047221	0.9989367935695004	6.752593910073201	6.752593910073201	[3, 17, 68, 7, 34, 88]	27
272	0.9856758556734764	0.9989604203790671	6.752593910073201	7.140359441081964	[119, 6, 33, 7, 34, 88]	26
273	0.9858969072834536	0.998988142502292	6.752593910073201	7.528124972090727	[140, 57, 27, 33, 68, 88]	27
274	0.9861145476031533	0.9990218710855489	6.752593910073201	7.528124972090727	[101, 100, 17, 3, 5, 88]	26
275	0.9863288292759441	0.9990479545232676	6.752593910073201	7.140359441081964	[13, 98, 7, 33, 34, 88]	26
276	0.9865398041327968	0.9990691110894172	6.752593910073201	7.528124972090727	[13, 98, 8, 34, 7, 88]	26
277	0.9867475232048216	0.9990939347936995	6.752593910073201	7.140359441081964	[3, 24, 27, 33, 34, 88]	27
278	0.9869520367356114	0.999107917281451	6.752593910073201	6.752593910073201	[3, 68, 67, 33, 34, 88]	26
279	0.9871533941933952	0.9991317061539456	6.752593910073201	7.140359441081964	[3, 6, 67, 7, 34, 88]	28
280	0.9873516442830033	0.9991510015727468	6.752593910073201	7.140359441081964	[119, 6, 67, 7, 34, 88]	27
281	0.9875468349576483	0.9991641034003279	6.752593910073201	6.752593910073201	[3, 68, 67, 7, 34, 88]	26
282	0.9877390134305241	0.9991863939763191	6.752593910073201	6.752593910073201	[3, 5, 67, 7, 34, 88]	27
283	0.9879282261862259	0.9991989496248327	6.752593910073201	7.140359441081964	[3, 5, 4, 33, 34, 88]	26
284	0.988114518991994	0.9992203109681705	6.752593910073201	7.528124972090728	[3, 85, 7, 1, 34, 88]	26
285	0.9882979369087842	0.9992376373911	6.752593910073201	7.140359441081964	[13, 34, 68, 67, 7, 88]	26
286	0.9884785243021672	0.9992579670606707	6.752593910073201	7.140359441081964	[3, 85, 7, 67, 34, 88]	26
287	0.9886563248530597	0.9992744566815447	6.752593910073201	7.528124972090727	[123, 6, 33, 27, 34, 88]	26
288	0.9888313815682902	0.9992878926689235	6.752593910073201	6.752593910073201	[3, 17, 33, 67, 34, 88]	27
289	0.9890037367910018	0.9993037172762808	6.752593910073201	7.140359441081964	[123, 3, 17, 7, 34, 88]	26
290	0.9891734322108937	0.9993191902256967	6.752593910073201	7.528124972090727	[0, 1, 34, 3, 5, 88]	26
291	0.9893405088743059	0.9993343193317924	6.752593910073201	7.140359441081964	[140, 147, 33, 7, 34, 88]	26
292	0.9895050071941468	0.999346646751574	6.752593910073201	7.140359441081964	[3, 17, 68, 33, 7, 88]	27
293	0.9896669669596693	0.9993640695048653	6.752593910073201	7.140359441081964	[140, 57, 27, 33, 34, 88]	27
294	0.9898264273460942	0.999375845995516	6.752593910073201	6.752593910073201	[3, 17, 33, 7, 34, 88]	26
295	0.9899834269240865	0.9993874044030064	6.752593910073201	7.140359441081964	[13, 34, 67, 33, 7, 88]	27
296	0.9901380036690851	0.9993987487659137	6.752593910073201	7.140359441081964	[3, 5, 6, 8, 34, 88]	27
297	0.9902901949704882	0.9994098830480265	6.752593910073201	7.91589050309949	[3, 17, 7, 2, 5, 88]	26
298	0.9904400376406967	0.9994208111397297	6.752593910073201	6.752593910073201	[3, 5, 67, 33, 34, 88]	26
299	0.9905875679240193	0.9994315368593643	6.752593910073201	6.752593910073201	[3, 17, 68, 7, 34, 88]	26
300	0.9907328215054387	0.9994420639545613	6.752593910073201	6.752593910073201	[3, 5, 67, 7, 34, 88]	27
301	0.9908758335192437	0.9994569422491063	6.752593910073201	7.140359441081964	[3, 17, 48, 29, 34, 88]	26
302	0.991016638557527	0.9994714237891301	6.752593910073201	7.140359441081964	[3, 5, 6, 1, 34, 88]	26
303	0.9911552706785528	0.9994855191547534	6.752593910073201	7.140359441081964	[3, 98, 7, 67, 34, 88]	26
304	0.9912917634149948	0.9994950465778134	6.752593910073201	7.140359441081964	[3, 5, 27, 7, 34, 88]	27
305	0.9914261497820474	0.9995085120024051	6.752593910073201	7.140359441081964	[140, 57, 27, 33, 34, 88]	26
306	0.9915584622854109	0.9995176136319902	6.752593910073201	7.140359441081964	[3, 5, 27, 33, 7, 88]	27
307	0.9916887329291545	0.9995283333290571	6.752593910073201	7.140359441081964	[13, 3, 5, 8, 34, 88]	26
308	0.9918169932234577	0.9995434266625273	6.752593910073201	7.528124972090727	[3, 5, 52, 68, 33, 88]	27
309	0.9919432741922315	0.9995580370093263	6.752593910073201	7.528124972090728	[119, 6, 76, 1, 34, 88]	26
310	0.992067606380623	0.9995721798250279	6.752593910073201	7.91589050309949	[13, 34, 33, 139, 7, 88]	27
311	0.9921900198624035	0.9995816869400272	6.752593910073201	7.528124972090728	[123, 6, 37, 1, 34, 88]	27
312	0.992310544247243	0.9995909827858045	6.752593910073201	7.915890503099491	[13, 18, 14, 3, 5, 88]	26
313	0.9924292086878719	0.999600072057231	6.752593910073201	7.528124972090728	[119, 17, 29, 7, 34, 88]	27
314	0.9925460418871331	0.9996074781302453	6.752593910073201	7.528124972090727	[119, 17, 1, 34, 33, 88]	27
315	0.9926610721049243	0.9996225509700438	6.752593910073201	7.140359441081964	[3, 43, 67, 7, 34, 88]	26
316	0.9927743271650334	0.9996295407668949	6.752593910073201	7.140359441081964	[3, 17, 37, 1, 34, 88]	27
317	0.9928858344618694	0.9996364011230635	6.752593910073201	7.140359441081964	[3, 17, 68, 33, 7, 88]	26
318	0.9929956209670875	0.9996460970931151	6.752593910073201	6.752593910073201	[3, 5, 67, 7, 34, 88]	27
319	0.9931037132361139	0.99965265085065	6.752593910073201	7.140359441081964	[3, 5, 37, 1, 34, 88]	26
320	0.9932101374145689	0.9996637660234292	6.752593910073201	7.140359441081964	[13, 34, 67, 33, 7, 88]	27
321	0.993314919244591	0.9996727322628045	6.752593910073201	7.528124972090727	[3, 147, 33, 68, 7, 88]	26
322	0.9934180840710634	0.999681459402463	6.752593910073201	7.140359441081964	[3, 17, 1, 34, 33, 88]	26
323	0.9935196568477445	0.9996885380824083	6.752593910073201	7.528124972090727	[123, 3, 5, 27, 33, 88]	26
324	0.993619662143304	0.9996954594583548	6.752593910073201	7.140359441081964	[0, 1, 34, 67, 33, 88]	27
325	0.9937181241472653	0.9997035805394653	6.752593910073201	7.140359441081964	[3, 8, 34, 68, 33, 88]	26
326	0.993815066675857	0.9997101676385883	6.752593910073201	6.752593910073201	[3, 5, 67, 7, 34, 88]	27
327	0.9939105131777727	0.9997178965015593	6.752593910073201	7.528124972090727	[13, 14, 5, 3, 34, 88]	26
328	0.9940044867398441	0.9997254192615177	6.752593910073201	7.140359441081964	[3, 5, 2, 8, 34, 88]	27
329	0.9940970100926243	0.9997315210557062	6.752593910073201	7.140359441081964	[0, 1, 34, 68, 7, 88]	26
330	0.9941881056158863	0.9997386804942207	6.752593910073201	7.140359441081964	[3, 147, 33, 7, 34, 88]	27
331	0.9942777953440362	0.9997444875943491	6.752593910073201	7.140359441081964	[119, 6, 33, 68, 34, 88]	27
332	0.9943661009714431	0.99975266399133	6.752593910073201	7.528124972090727	[119, 6, 48, 17, 34, 88]	26
333	0.9944530438576862	0.9997581603470782	6.752593910073201	7.140359441081964	[0, 1, 34, 67, 33, 88]	27
334	0.9945386450327219	0.9997626388591693	6.752593910073201	7.140359441081964	[3, 37, 33, 7, 34, 88]	26
335	0.99462292520197	0.9997689684895915	6.752593910073201	7.528124972090727	[3, 61, 41, 27, 33, 88]	27
336	0.9947059047513224	0.999775129329869	6.752593910073201	7.528124972090727	[13, 135, 5, 3, 34, 88]	26
337	0.9947876037520735	0.9997785995562599	6.752593910073201	6.752593910073201	[3, 5, 67, 33, 34, 88]	27
338	0.994868041965776	0.9997835195661209	6.752593910073201	7.140359441081964	[119, 6, 67, 7, 34, 88]	27
339	0.9949472388490203	0.9997883302424293	6.752593910073201	7.528124972090727	[13, 14, 17, 3, 5, 88]	26
340	0.9950252135581403	0.9997915967510338	6.752593910073201	6.752593910073201	[3, 5, 67, 7, 34, 88]	27
341	0.995101984953848	0.9997982656550006	6.752593910073201	7.528124972090727	[3, 17, 48, 40, 5, 88]	26
342	0.9951775716057949	0.999803645237534	6.752593910073201	7.528124972090727	[13, 18, 17, 3, 5, 88]	27
343	0.9952519917970635	0.9998099285899329	6.752593910073201	7.528124972090727	[3, 17, 100, 33, 68, 88]	26
344	0.9953252635285903	0.999814997160868	6.752593910073201	7.140359441081964	[3, 5, 67, 68, 7, 88]	26
345	0.9953974045235194	0.9998199305699116	6.752593910073201	7.91589050309949	[3, 147, 33, 67, 5, 88]	27
346	0.9954684322314897	0.9998247324213806	6.752593910073201	7.140359441081964	[3, 43, 67, 68, 34, 88]	27
347	0.9955383638328557	0.999827978117281	6.752593910073201	7.140359441081964	[13, 34, 68, 67, 7, 88]	26
348	0.9956072162428424	0.9998311637077016	6.752593910073201	6.752593910073201	[3, 17, 7, 67, 34, 88]	26
349	0.9956750061156381	0.9998376470213259	6.752593910073201	7.528124972090727	[140, 6, 67, 68, 7, 88]	27
350	0.9957417498484215	0.9998412548652964	6.752593910073201	7.528124972090727	[101, 100, 17, 3, 5, 88]	26
351	0.9958074635853286	0.9998454880688885	6.752593910073201	7.528124972090727	[140, 57, 41, 27, 33, 88]	26
352	0.9958721632213574	0.9998483494009461	6.752593910073201	7.140359441081964	[3, 17, 6, 1, 34, 88]	26
353	0.9959358644062131	0.9998523934169209	6.752593910073201	7.528124972090727	[3, 5, 30, 27, 33, 88]	27
354	0.9959985825480925	0.9998571168275795	6.752593910073201	7.528124972090727	[3, 17, 1, 67, 68, 88]	26
355	0.996060332817412	0.9998597628122539	6.752593910073201	7.528124972090727	[3, 17, 4, 33, 7, 88]	27
356	0.9961211301504767	0.9998635024705939	6.752593910073201	7.91589050309949	[13, 18, 5, 3, 68, 88]	26
357	0.9961809892530927	0.9998665357490251	6.752593910073201	7.528124972090727	[123, 6, 8, 34, 33, 88]	27
358	0.9962399246041252	0.9998700947957178	6.752593910073201	7.140359441081964	[3, 10, 33, 68, 34, 88]	26
359	0.9962979504589998	0.9998742517622548	6.752593910073201	7.140359441081964	[123, 3, 17, 1, 34, 88]	27
360	0.9963550808531512	0.9998765804333241	6.752593910073201	7.140359441081964	[3, 17, 33, 27, 34, 88]	26
361	0.9964113296054173	0.9998805298594577	6.752593910073201	7.140359441081964	[140, 6, 67, 7, 34, 88]	27
362	0.9964667103213831	0.9998831847514698	6.752593910073201	7.528124972090727	[101, 100, 33, 67, 7, 88]	27
363	0.9965212363966703	0.999885347996813	6.752593910073201	7.140359441081964	[3, 43, 67, 7, 34, 88]	26
364	0.9965749210201785	0.999887895819106	6.752593910073201	7.528124972090727	[0, 1, 34, 27, 33, 88]	27
365	0.9966277771772746	0.9998899718224559	6.752593910073201	7.528124972090727	[3, 17, 11, 27, 34, 88]	26
366	0.9966798176529339	0.9998934927241373	6.752593910073201	7.140359441081964	[13, 34, 67, 33, 7, 88]	27
367	0.9967310550348331	0.999897042966666	6.752593910073201	7.140359441081964	[0, 1, 34, 33, 7, 88]	26
368	0.9967815017163943	0.9998997884875549	6.752593910073201	7.140359441081964	[3, 10, 33, 7, 34, 88]	28
369	0.9968311698997833	0.9999020154100537	6.752593910073201	7.140359441081964	[144, 43, 67, 7, 34, 88]	26
370	0.9968800715988607	0.9999046283324523	6.752593910073201	7.528124972090727	[3, 17, 7, 67, 5, 88]	26
371	0.9969282186420881	0.9999067477028423	6.752593910073201	7.140359441081964	[123, 3, 17, 1, 34, 88]	27
372	0.9969756226753893	0.9999097317763513	6.752593910073201	6.752593910073201	[3, 5, 67, 68, 34, 88]	27
373	0.9970222951649665	0.9999117377368768	6.752593910073201	7.140359441081964	[0, 1, 34, 33, 7, 88]	26
374	0.9970682474000752	0.999913372223231	6.752593910073201	6.752593910073201	[3, 5, 27, 33, 34, 88]	27
375	0.9971134904957529	0.9999152972849369	6.752593910073201	7.528124972090727	[140, 57, 41, 27, 33, 88]	26
376	0.9971580353955098	0.9999175560240052	6.752593910073201	7.528124972090727	[3, 24, 27, 33, 7, 88]	27
377	0.9972018928739742	0.9999207218726834	6.752593910073201	7.528124972090727	[13, 12, 8, 34, 68, 88]	27
378	0.9972450735394993	0.9999228359560786	6.752593910073201	7.140359441081964	[3, 6, 67, 33, 34, 88]	26
379	0.9972875878367292	0.9999245507126102	6.752593910073201	7.528124972090727	[119, 6, 8, 34, 7, 88]	27
380	0.9973294460491254	0.9999259479216359	6.752593910073201	7.528124972090727	[3, 17, 29, 33, 7, 88]	27
381	0.9973706583014538	0.9999279226437257	6.752593910073201	7.140359441081964	[140, 57, 27, 33, 34, 88]	26
382	0.9974112345622338	0.9999292574095825	6.752593910073201	6.752593910073201	[3, 5, 27, 33, 34, 88]	27
383	0.9974511846461499	0.9999305674575533	6.752593910073201	7.528124972090727	[3, 5, 147, 27, 34, 88]	26
384	0.9974905182164254	0.9999318532453764	6.752593910073201	7.140359441081964	[3, 5, 8, 34, 7, 88]	27
385	0.9975292447871595	0.9999333676177014	6.752593910073201	7.528124972090728	[3, 14, 6, 1, 34, 88]	27
386	0.9975673737256293	0.9999355886971113	6.752593910073201	7.140359441081964	[101, 100, 33, 7, 34, 88]	26
387	0.9976049142545548	0.9999367814990167	6.752593910073201	7.140359441081964	[3, 17, 29, 1, 34, 88]	27
388	0.9976418754543301	0.999938186354594	6.752593910073201	7.140359441081964	[13, 34, 68, 67, 33, 88]	26
389	0.9976782662652202	0.9999398347184715	6.752593910073201	6.752593910073201	[3, 17, 7, 67, 34, 88]	27
390	0.9977140954895223	0.9999417600074805	6.752593910073201	7.91589050309949	[119, 17, 48, 40, 5, 88]	26
391	0.9977493717936964	0.9999430542295364	6.752593910073201	7.91589050309949	[119, 6, 3, 17, 38, 88]	27
392	0.9977841037104603	0.9999441087808413	6.752593910073201	7.528124972090728	[3, 43, 67, 1, 34, 88]	26
393	0.9978182996408544	0.9999449712996554	6.752593910073201	6.752593910073201	[3, 17, 68, 7, 34, 88]	27
394	0.9978519678562733	0.9999459903496618	6.752593910073201	7.140359441081964	[3, 68, 33, 1, 34, 88]	26
395	0.9978851165004666	0.9999471905641139	6.752593910073201	7.528124972090727	[13, 34, 7, 67, 5, 88]	26
396	0.9979177535915088	0.9999481685166303	6.752593910073201	6.752593910073201	[3, 5, 67, 68, 34, 88]	27
397	0.9979498870237387	0.9999491283589148	6.752593910073201	7.140359441081964	[3, 37, 27, 33, 34, 88]	26
398	0.9979815245696686	0.9999500704263423	6.752593910073201	7.140359441081964	[3, 17, 139, 1, 34, 88]	27
399	0.9980126738818651	0.9999509950480767	6.752593910073201	7.140359441081964	[3, 17, 4, 7, 34, 88]	26
400	0.9980433424947992	0.9999519025471865	6.752593910073201	7.140359441081964	[3, 5, 8, 34, 7, 88]	27
401	0.9980735378266696	0.9999529713794711	6.752593910073201	7.140359441081964	[123, 3, 17, 1, 34, 88]	26
402	0.9981032671811964	0.9999538422798514	6.752593910073201	6.752593910073201	[3, 5, 67, 68, 34, 88]	27
403	0.9981325377493877	0.9999553193268961	6.752593910073201	7.528124972090727	[119, 6, 48, 17, 34, 88]	27
404	0.9981613566112799	0.9999568086826662	6.752593910073201	7.140359441081964	[101, 100, 27, 33, 34, 88]	26
405	0.998189730737649	0.999958190804821	6.752593910073201	7.528124972090727	[3, 61, 41, 27, 33, 88]	27
406	0.9982176669916977	0.9999595286990667	6.752593910073201	7.140359441081964	[140, 147, 27, 33, 34, 88]	26
407	0.9982451721307147	0.9999604280613096	6.752593910073201	7.140359441081964	[13, 3, 17, 7, 34, 88]	27
408	0.9982722528077098	0.999961483313008	6.752593910073201	7.140359441081964	[3, 8, 34, 67, 68, 88]	27
409	0.998298915573023	0.9999621965849893	6.752593910073201	7.528124972090727	[3, 17, 33, 27, 5, 88]	26
410	0.9983251668759084	0.9999632046760563	6.752593910073201	6.752593910073201	[3, 68, 67, 33, 34, 88]	26
411	0.998351013066095	0.9999646176164957	6.752593910073201	7.140359441081964	[123, 3, 68, 7, 34, 88]	26
412	0.9983764603953219	0.9999655611467225	6.752593910073201	7.528124972090727	[0, 1, 34, 27, 33, 88]	26
413	0.9984015150188509	0.9999660926105076	6.752593910073201	7.140359441081964	[3, 17, 68, 33, 7, 88]	27
414	0.9984261829969551	0.9999669968075608	6.752593910073201	7.140359441081964	[3, 68, 33, 27, 34, 88]	26
415	0.9984504702963848	0.9999677302118373	6.752593910073201	7.528124972090727	[13, 14, 17, 3, 5, 88]	27
416	0.9984743827918109	0.9999683278005069	6.752593910073201	7.140359441081964	[3, 17, 33, 67, 7, 88]	26
417	0.998497926267246	0.9999691723924934	6.752593910073201	7.140359441081964	[3, 52, 68, 7, 34, 88]	27
418	0.9985211064174427	0.9999697432741139	6.752593910073201	6.752593910073201	[3, 5, 67, 68, 34, 88]	26
419	0.9985439288492723	0.9999703035838525	6.752593910073201	7.528124972090727	[3, 17, 11, 27, 33, 88]	26
420	0.9985663990830799	0.9999710954882831	6.752593910073201	7.91589050309949	[3, 17, 14, 6, 5, 88]	26
421	0.99858852255402	0.9999717378107658	6.752593910073201	7.140359441081964	[0, 1, 34, 67, 7, 88]	26
422	0.9986103046133715	0.9999723658594154	6.752593910073201	7.528124972090727	[119, 6, 1, 34, 68, 88]	27
423	0.9986317505298319	0.9999732501519141	6.752593910073201	7.91589050309949	[13, 98, 7, 67, 5, 88]	26
424	0.9986528654907912	0.9999739634811964	6.752593910073201	7.915890503099491	[123, 58, 56, 29, 34, 88]	27
425	0.9986736546035877	0.9999745420705031	6.752593910073201	7.140359441081964	[13, 34, 67, 33, 7, 88]	26
426	0.9986941228967422	0.9999751078022697	6.752593910073201	7.528124972090727	[13, 34, 33, 27, 5, 88]	27
427	0.9987142753211752	0.9999759043525971	6.752593910073201	7.528124972090727	[123, 6, 1, 34, 33, 88]	26
428	0.998734116751404	0.9999765469031945	6.752593910073201	7.140359441081964	[3, 5, 27, 33, 7, 88]	27
429	0.9987536519867218	0.9999771723191093	6.752593910073201	7.140359441081964	[3, 5, 12, 8, 34, 88]	27
430	0.9987728857523588	0.9999779028048978	6.752593910073201	7.528124972090727	[3, 17, 48, 49, 33, 88]	26
431	0.9987918227006248	0.9999783120122145	6.752593910073201	7.528124972090727	[13, 34, 33, 27, 5, 88]	27
432	0.9988104674120349	0.9999788903585555	6.752593910073201	7.140359441081964	[3, 17, 28, 8, 34, 88]	26
433	0.9988288243964172	0.9999795940132703	6.752593910073201	7.528124972090728	[144, 43, 6, 1, 34, 88]	27
434	0.9988468980940033	0.9999801381729164	6.752593910073201	6.752593910073201	[3, 68, 67, 7, 34, 88]	26
435	0.9988646928765033	0.999980505984529	6.752593910073201	7.140359441081964	[3, 17, 6, 1, 34, 88]	26
436	0.9988822130481622	0.9999809391848729	6.752593910073201	7.140359441081964	[123, 3, 68, 7, 34, 88]	27
437	0.9988994628468016	0.9999814474732762	6.752593910073201	7.528124972090727	[3, 68, 33, 27, 7, 88]	26
438	0.9989164464448448	0.9999821598903025	6.752593910073201	7.140359441081964	[13, 34, 68, 67, 33, 88]	27
439	0.9989331679503256	0.9999827307738127	6.752593910073201	8.303656034108254	[3, 28, 93, 27, 7, 88]	26
440	0.9989496314078823	0.9999835596966697	6.752593910073201	7.140359441081964	[144, 43, 67, 68, 34, 88]	27
441	0.9989658407997359	0.9999840857863763	6.752593910073201	7.140359441081964	[13, 34, 68, 33, 7, 88]	27
442	0.9989818000466536	0.9999845101654062	6.752593910073201	6.752593910073201	[3, 68, 67, 7, 34, 88]	26
443	0.9989975130088966	0.9999848543839528	6.752593910073201	7.140359441081964	[3, 5, 27, 33, 68, 88]	27
444	0.9990129834871544	0.9999851909531983	6.752593910073201	7.140359441081964	[119, 17, 7, 67, 34, 88]	26
445	0.9990282152234637	0.9999855200431272	6.752593910073201	7.140359441081964	[0, 1, 34, 33, 7, 88]	27
446	0.999043211902114	0.9999858418199467	6.752593910073201	7.528124972090727	[0, 1, 68, 33, 7, 88]	26
447	0.9990579771505381	0.9999861564461701	6.752593910073201	7.528124972090727	[119, 17, 3, 68, 33, 88]	27
448	0.9990725145401903	0.9999865256076055	6.752593910073201	7.528124972090727	[3, 17, 4, 33, 7, 88]	27
449	0.9990868275874096	0.9999867751333906	6.752593910073201	7.140359441081964	[3, 17, 4, 7, 34, 88]	26
450	0.9991009197542706	0.9999871277965001	6.752593910073201	7.140359441081964	[140, 57, 27, 33, 34, 88]	27
451	0.9991147944494208	0.9999874710552602	6.752593910073201	7.140359441081964	[3, 43, 7, 68, 34, 88]	26
452	0.999128455028905	0.9999877494762544	6.752593910073201	7.528124972090728	[119, 17, 139, 1, 34, 88]	27
453	0.9991419047969774	0.9999880217101154	6.752593910073201	7.91589050309949	[119, 6, 33, 27, 5, 88]	26
454	0.9991551470069007	0.999988287894335	6.752593910073201	7.915890503099491	[123, 6, 37, 33, 7, 88]	27
455	0.9991681848617324	0.9999886626817164	6.752593910073201	7.140359441081964	[140, 147, 33, 67, 34, 88]	26
456	0.9991810215151007	0.9999888726320549	6.752593910073201	7.140359441081964	[3, 17, 68, 67, 33, 88]	26
457	0.9991936600719664	0.999989299922984	6.752593910073201	7.528124972090728	[123, 6, 25, 67, 34, 88]	26
458	0.9992061035893743	0.9999894980725583	6.752593910073201	7.528124972090727	[3, 5, 6, 33, 7, 88]	26
459	0.9992183550771927	0.9999896925526962	6.752593910073201	7.140359441081964	[3, 17, 68, 33, 7, 88]	27
460	0.999230417498841	0.99998988343135	6.752593910073201	6.752593910073201	[3, 5, 67, 7, 34, 88]	27
461	0.999242293772007	0.9999901082439866	6.752593910073201	7.528124972090727	[101, 100, 27, 33, 7, 88]	26
462	0.9992539867693525	0.9999902608945423	6.752593910073201	7.140359441081964	[3, 5, 27, 33, 7, 88]	27
463	0.9992654993192083	0.999990585531391	6.752593910073201	7.528124972090728	[101, 100, 17, 33, 34, 88]	26
464	0.9992768342062575	0.9999908365838872	6.752593910073201	7.140359441081964	[3, 68, 33, 27, 34, 88]	27
465	0.9992879941722103	0.9999910402153563	6.752593910073201	7.140359441081964	[3, 17, 48, 50, 34, 88]	27
466	0.9992989819164663	0.9999912791429468	6.752593910073201	6.752593910073201	[3, 68, 67, 7, 34, 88]	26
467	0.9993098000967677	0.9999915582103726	6.752593910073201	7.140359441081964	[140, 6, 67, 7, 34, 88]	27
468	0.9993204513298424	0.9999917833247627	6.752593910073201	7.140359441081964	[3, 17, 50, 67, 34, 88]	26
469	0.9993309381920361	0.9999920024361023	6.752593910073201	7.528124972090727	[3, 61, 41, 27, 33, 88]	27
470	0.9993412632199368	0.9999922157044729	6.752593910073201	6.752593910073201	[3, 68, 67, 33, 34, 88]	26
471	0.9993514289109872	0.9999924232856869	6.752593910073201	6.752593910073201	[3, 5, 67, 68, 34, 88]	28
472	0.9993614377240893	0.9999925635952113	6.752593910073201	6.752593910073201	[3, 5, 27, 33, 34, 88]	26
473	0.9993712920801989	0.9999927288486511	6.752593910073201	7.528124972090727	[0, 1, 34, 8, 7, 88]	27
474	0.999380994362912	0.9999929615254942	6.752593910073201	7.528124972090727	[13, 12, 8, 34, 7, 88]	26
475	0.9993905469190398	0.9999930918676146	6.752593910073201	6.752593910073201	[3, 5, 27, 33, 34, 88]	27
476	0.9993999520591781	0.9999932453816677	6.752593910073201	7.91589050309949	[140, 147, 33, 27, 5, 88]	27
477	0.9994092120582648	0.9999933954842973	6.752593910073201	7.140359441081964	[119, 6, 33, 7, 34, 88]	26
478	0.9994183291561312	0.999993571604716	6.752593910073201	6.752593910073201	[3, 5, 67, 68, 34, 88]	27
479	0.9994273055580427	0.9999936906490732	6.752593910073201	7.140359441081964	[3, 5, 8, 34, 7, 88]	26
480	0.9994361434352333	0.9999939329281488	6.752593910073201	7.140359441081964	[123, 3, 68, 7, 34, 88]	27
481	0.9994448449254304	0.9999940947167314	6.752593910073201	7.140359441081964	[3, 5, 61, 8, 34, 88]	26
482	0.9994534121333712	0.999994291559507	6.752593910073201	7.528124972090728	[21, 20, 5, 8, 34, 88]	26
483	0.9994618471313131	0.9999944184137403	6.752593910073201	7.140359441081964	[144, 43, 67, 68, 34, 88]	27
484	0.9994701519595336	0.9999945970245006	6.752593910073201	7.915890503099491	[0, 1, 139, 10, 34, 88]	26
485	0.9994783286268247	0.9999946970796024	6.752593910073201	7.140359441081964	[3, 17, 6, 67, 34, 88]	27
486	0.9994863791109787	0.9999948384908129	6.752593910073201	7.140359441081964	[13, 3, 68, 67, 34, 88]	26
487	0.999494305359266	0.9999949761310579	6.752593910073201	6.752593910073201	[3, 17, 68, 67, 34, 88]	27
488	0.999502109288907	0.9999951690476253	6.752593910073201	7.528124972090728	[119, 17, 25, 67, 34, 88]	26
489	0.9995097927875349	0.9999952585097064	6.752593910073201	6.752593910073201	[3, 17, 33, 7, 34, 88]	27
490	0.9995173577136532	0.9999953463150821	6.752593910073201	6.752593910073201	[3, 68, 67, 33, 34, 88]	26
491	0.9995248058970845	0.9999954324944325	6.752593910073201	7.140359441081964	[3, 5, 6, 1, 34, 88]	27
492	0.9995321391394135	0.9999955786546106	6.752593910073201	7.528124972090728	[119, 6, 2, 7, 34, 88]	27
493	0.9995393592144225	0.9999957484342736	6.752593910073201	7.91589050309949	[3, 16, 26, 19, 5, 88]	27
494	0.999546467868521	0.9999958271669722	6.752593910073201	7.915890503099491	[3, 6, 2, 4, 34, 88]	26
495	0.9995534668211672	0.9999959198965951	6.752593910073201	7.140359441081964	[144, 43, 67, 33, 34, 88]	27
496	0.9995603577652851	0.9999959954540656	6.752593910073201	7.140359441081964	[3, 37, 27, 33, 34, 88]	26
497	0.9995671423676726	0.9999960696123236	6.752593910073201	7.140359441081964	[3, 5, 67, 33, 7, 88]	27
498	0.999573822269406	0.9999961569542719	6.752593910073201	7.528124972090727	[123, 6, 8, 34, 33, 88]	27
499	0.9995803990862362	0.9999962281217855	6.752593910073201	7.140359441081964	[3, 17, 6, 1, 34, 88]	27
