Will try: OptimalKPathFinder , For lengths: 6 , For confidences: 0.99 
======================

OptimalKPathFinder
(6, 0.99): 0.022222222222222254
0.043950617283950666
0.05870446578265509
0.07613586456445776
0.09666617868524763
0.11060651543393207
0.13432367502236053
0.14768287756831178
0.1749570254861258
0.1902355990882345
0.21182931644588154
0.22642506984503186
0.24075053151456827
0.254810706856891
0.2663105416276179
0.2826147518136709
0.2958996638171214
0.3115463379545187
0.32684530822219604
0.33723349791012514
0.35196164240101124
0.3663624947920999
0.37614085135395026
0.3876937985510993
0.4013006030277416
0.4105397912526221
0.4236389070025638
0.4325333683142526
0.44129056942051414
0.44991262853439506
0.46009943170968404
0.4720972221161355
0.48187319948435514
0.4933871283847028
0.5012052282553092
0.514506422168501
0.5219986070115796
0.529375171718191
0.5398335012355646
0.5500594234303298
0.5583916563297682
0.570167878827641
0.5781277329234253
0.5846381074153477
0.5957144245509385
0.6086515629653084
0.6158987562437287
0.6218262445733007
0.6276622593175399
0.6359364313327057
0.641554696281275
0.6530249460002742
0.6607355027558237
0.6670181786307159
0.6731845086560729
0.6782279575965656
0.6831935755348902
0.6902337183007816
0.6984941524794274
0.7031470204967201
0.7097437533745707
0.714223016439778
0.7195151828020043
0.723843652203208
0.7281053242371092
0.7323012297272772
0.7382500912888932
0.7440667559269178
0.7480163430268111
0.7536159798484375
0.7581786468882812
0.7619104578930918
0.7663195234876641
0.770646939719374
0.7741863387977788
0.7783680732644865
0.781788319047442
0.785829276102119
0.7891343798659751
0.793039298757346
0.7968719043359136
0.8013858620173377
0.8044508950108974
0.8080721747329178
0.8123372375166307
0.8173415778495206
0.8207241412226776
0.8240440645333688
0.8279541964326272
0.831140229832023
0.8337460904827634
0.8363117372345725
0.8415497616430663
0.8439949813707968
0.8468839631972634
0.8492468649997749
0.8515733022682968
0.8548716733290014
0.8575592349340198
0.8597573948887417
0.8623544801685799
0.8644786394252375
0.8669882942506961
0.869040944030778
0.8710619171167228
0.8745002659936101
0.8768243351418766
0.8791053659725826
0.8809710239051045
0.8836161122627688
0.8857713694430879
0.8888174662579389
0.890876402067977
0.8925604082089034
0.8945500302791088
0.8973620294716659
0.899262732629598
0.9008173200890178
0.9034621915533106
0.9056074761854593
0.9073554858857286
0.9098260062621091
0.9118298727896178
0.9131905229008892
0.9151196223919805
0.9166914812365734
0.9185427816535385
0.9207149741427775
0.921938508492426
0.9236732083037054
0.9253693592302897
0.9273595096508153
0.9284805048722533
0.9295842007847186
0.9306708643528556
0.9317407584214844
0.9335610048635782
0.9347913566253637
0.9362404375892446
0.9376573167539279
0.9386193951990834
0.939756073065767
0.9406857632962337
0.9417841750870442
0.9428622459187656
0.9441319737872373
0.9459197506260458
0.9467543223756438
0.9481742071122934
0.9491339440176212
0.9499189140173493
0.951031827039186
0.9521200086605374
0.952858897415776
0.9539064774732032
0.9547600612236995
0.9554582084270374
0.9564480260175477
0.9572545440542598
0.9580461265717735
0.9586935628901103
0.9597950678797074
0.9604155143630452
0.9611485603933592
0.961748119646548
0.9624564878012416
0.9634576481265419
0.9640215733097742
0.9648210939028904
0.9653639782562409
0.9666940014912012
0.9672079829496703
0.9677140325955087
0.9683119208807771
0.9690161004167598
0.9694942470152665
0.9699650148082408
0.9706324589236133
0.9711763022768797
0.9716211124269278
0.9720590582228086
0.9725764830705343
0.9733077768553201
0.9741619279959499
0.9746404108108397
0.9750317624958577
0.9754941372644528
0.9759479495373333
0.9763933578792345
0.976830517918508
0.9774483707740145
0.9777963897435513
0.9782075677112633
0.9786918439843463
0.9790864394661177
0.9794091795978134
0.9797904910867428
0.9801647412518031
0.9807994695317453
0.9813114836775655
0.9816575673131661
0.9821466988514818
0.9825434388770043
0.9828128302523592
0.9830780643534031
0.9834541073677718
0.983895331171298
0.9841935657792369
0.9844862775240658
0.9848999767900908
0.9853831775328079
0.9857079958098566
0.9859285514300749
0.9861891338109994
0.9864022644620642
0.9866121060598718
0.9869096148140969
0.9871116269311633
0.9873980352215819
0.9876314049397008
0.9879062626077074
0.9881302207075647
0.9884467481553629
0.9887034870852438
0.9888778159882493
0.9891249756329549
0.9893263649730853
0.9895240248809911
0.9896856911636919
0.9900295014582355
230 iterations, 12954818 milliseconds
230pathways
P09619 P27986 P22681 Q96B97 P0CG48 P04637 0.1287673846844192
P09619 P27986 P22681 Q96B97 P0CG48 P04637 0.1287673846844192
P09619 P27986 P22681 Q96B97 P0CG48 P04637 0.1287673846844192
P09619 P27986 P22681 P12931 P18031 P06213 0.16749872591503795
P09619 P27986 P22681 P12931 P18031 P06213 0.16749872591503795
P09619 P27986 P22681 P12931 P18031 P06213 0.16749872591503795
P35568 P27986 P22681 Q96B97 P0CG48 P04637 0.17740604517959738
P35568 P27986 P22681 Q96B97 P0CG48 P04637 0.17740604517959738
P22681 Q96B97 P0CG48 P04637 Q00987 O96017 0.18644425498262523
P22681 Q96B97 P0CG48 P04637 Q00987 O96017 0.18644425498262523
P22681 Q96B97 P0CG48 P04637 Q00987 O96017 0.18644425498262523
P22681 Q96B97 P0CG48 P04637 Q00987 O96017 0.18644425498262523
O43597 P22681 Q96B97 P0CG48 P04637 Q00987 0.1941408295346144
P10747 P27986 P22681 Q96B97 P0CG48 P04637 0.20209865776996874
P10747 P27986 P22681 Q96B97 P0CG48 P04637 0.20209865776996874
P10747 P27986 P22681 Q96B97 P0CG48 P04637 0.20209865776996874
P10747 P27986 P22681 Q96B97 P0CG48 P04637 0.20209865776996874
P10747 P27986 P22681 Q96B97 P0CG48 P04637 0.20209865776996874
P12931 P22681 Q96B97 P0CG48 P04637 Q00987 0.20635641730273835
P12931 P22681 Q96B97 P0CG48 P04637 Q00987 0.20635641730273835
P35568 P27986 P22681 P12931 P18031 P06213 0.2161373864102161
P0CG48 Q96B97 P22681 P12931 P18031 P06213 0.21853930910221597
P0CG48 Q96B97 P22681 P12931 P18031 P06213 0.21853930910221597
P09619 P27986 P22681 Q96B97 P0CG48 P55036 0.22065255862223065
P09619 P27986 P22681 Q96B97 P0CG48 P55036 0.22065255862223065
P09619 P27986 P22681 Q96B97 P0CG48 P55036 0.22065255862223065
P09619 P27986 P22681 Q96B97 P0CG48 P55036 0.22065255862223065
P18031 P12931 P22681 Q96B97 P0CG48 P04637 0.22657955342078154
P18031 P12931 P22681 Q96B97 P0CG48 P04637 0.22657955342078154
P18031 P12931 P22681 Q96B97 P0CG48 P04637 0.22657955342078154
P00533 P22681 Q96B97 P0CG48 P04637 Q00987 0.2381411587970519
P00533 P22681 Q96B97 P0CG48 P04637 Q00987 0.2381411587970519
P00533 P22681 Q96B97 P0CG48 P04637 Q00987 0.2381411587970519
P00533 P22681 Q96B97 P0CG48 P04637 Q00987 0.2381411587970519
P10747 P27986 P22681 P12931 P18031 P06213 0.2408299990005875
P22681 Q96B97 P0CG48 P04637 Q00987 Q8N488 0.24508563114986298
P22681 Q96B97 P0CG48 P04637 Q00987 Q8N488 0.24508563114986298
P22681 Q96B97 P0CG48 P04637 Q00987 Q8N488 0.24508563114986298
P29353 P62993 P00533 P22681 Q96B97 P0CG48 0.2512539106781674
P29353 P62993 P00533 P22681 Q96B97 P0CG48 0.2512539106781674
P35568 P27986 P22681 Q96B97 P0CG48 P55036 0.26929121911740883
Q9Y5K6 P22681 Q96B97 P0CG48 P04637 Q00987 0.26977824374023446
P00533 P62993 P22681 Q96B97 P0CG48 P04637 0.2730726676895317
P00533 P62993 P22681 Q96B97 P0CG48 P04637 0.2730726676895317
P29353 P62993 P00533 P22681 P27986 P10747 0.2735446005765389
P09619 P27986 P22681 Q96B97 P0CG48 P54252 0.27755072522583735
P09619 P27986 P22681 Q96B97 P0CG48 Q13501 0.27755072522583735
P09619 P27986 P22681 Q96B97 P0CG48 Q04206 0.2822455695300451
P09619 P27986 P22681 Q96B97 P0CG48 Q04206 0.2822455695300451
P09619 P27986 P22681 Q96B97 P0CG48 Q04206 0.2822455695300451
P32121 Q00987 P04637 P0CG48 Q96B97 P22681 0.2890096056681221
P32121 Q00987 P04637 P0CG48 Q96B97 P22681 0.2890096056681221
P60953 P27986 P22681 Q96B97 P0CG48 P04637 0.29307043597569554
P60953 P27986 P22681 Q96B97 P0CG48 P04637 0.29307043597569554
P60953 P27986 P22681 Q96B97 P0CG48 P04637 0.29307043597569554
P10747 P27986 P22681 Q96B97 P0CG48 P55036 0.2939838317077802
P29353 P62993 P22681 P12931 P18031 P06213 0.30269924192723124
P11274 P62993 P00533 P22681 Q96B97 P0CG48 0.3093012924849177
P29353 P00533 P22681 Q96B97 P0CG48 P04637 0.3107871986317668
P00533 P62993 P22681 P12931 P18031 P06213 0.3118040089201504
P18031 P12931 P22681 Q96B97 P0CG48 P55036 0.318464727358593
P07949 P22681 Q96B97 P0CG48 P04637 Q00987 0.3223254567873786
P07949 P22681 Q96B97 P0CG48 P04637 Q00987 0.3223254567873786
P11274 P62993 P00533 P22681 P27986 P10747 0.33159198238328924
P60953 P27986 P22681 P12931 P18031 P06213 0.3318017772063142
P10912 P18031 P12931 P22681 Q96B97 P0CG48 0.33407262502458396
P10912 P18031 P12931 P22681 Q96B97 P0CG48 0.33407262502458396
O43597 P22681 Q96B97 P0CG48 P04637 O15151 0.33585663140262606
P12931 P22681 Q96B97 P0CG48 P04637 O15151 0.34807221917075004
P12931 P22681 Q96B97 P0CG48 P04637 O15151 0.34807221917075004
P29353 P00533 P22681 P12931 P18031 P06213 0.3495185398623855
P43405 P27986 P22681 P12931 P18031 P06213 0.35103313913420187
P08581 P22681 Q96B97 P0CG48 P04637 Q00987 0.3541955855528175
P29353 P62993 P22681 Q96B97 P0CG48 P55036 0.355853074634424
P29353 P62993 P22681 Q96B97 P0CG48 P55036 0.355853074634424
P29353 P62993 P22681 Q96B97 P0CG48 P55036 0.355853074634424
P10912 P18031 P12931 P22681 P27986 P10747 0.3563633149229554
P10912 P18031 P12931 P22681 P27986 P10747 0.3563633149229554
P10912 P18031 P12931 P22681 P27986 P10747 0.3563633149229554
P46940 P60953 P27986 P22681 Q96B97 P0CG48 0.3587532375194829
P46940 P60953 P27986 P22681 Q96B97 P0CG48 0.3587532375194829
P06239 P22681 Q96B97 P0CG48 P04637 Q00987 0.3606933342103375
P11274 P62993 P22681 P12931 P18031 P06213 0.3607466237339816
Q9UQC2 P62993 P00533 P22681 Q96B97 P0CG48 0.36752751208569656
Q9UQC2 P62993 P00533 P22681 Q96B97 P0CG48 0.36752751208569656
P18031 P12931 P22681 Q96B97 P0CG48 P54252 0.3753628939621997
P18031 P12931 P22681 Q96B97 P0CG48 Q13501 0.3753628939621997
Q9H1D0 P18031 P12931 P22681 P27986 P10747 0.3756492218095388
O43597 P22681 Q96B97 P0CG48 P04637 Q09472 0.37706316736195933
P18031 P12931 P22681 Q96B97 P0CG48 Q04206 0.38005773826640743
Q13153 P60953 P27986 P22681 Q96B97 P0CG48 0.384955609913507
P60953 P27986 P22681 Q96B97 P0CG48 P55036 0.384955609913507
Q9UQC2 P62993 P00533 P22681 P27986 P10747 0.3898182019840681
Q99816 O14964 P0CG48 P04637 Q00987 O96017 0.39062181355682657
Q99816 O14964 P0CG48 P04637 Q00987 O96017 0.39062181355682657
Q99816 O14964 P0CG48 P04637 Q00987 O96017 0.39062181355682657
P56945 P18031 P12931 P22681 Q96B97 P0CG48 0.40146164692956093
P29353 P00533 P22681 Q96B97 P0CG48 P55036 0.4026723725695783
P29353 P00533 P22681 Q96B97 P0CG48 P55036 0.4026723725695783
O43561 P62993 P22681 Q96B97 P0CG48 P04637 0.4066040603140543
P30874 P27986 P22681 P12931 P18031 P06213 0.409763318676026
P12931 P22681 Q96B97 P0CG48 P04637 O96017 0.4099230827104292
P12931 P22681 Q96B97 P0CG48 P04637 O96017 0.4099230827104292
P11274 P62993 P22681 Q96B97 P0CG48 P55036 0.41390045644117435
O43561 P62993 P00533 P22681 P27986 P10747 0.4161807601939807
P29353 P62993 P22681 Q96B97 P0CG48 Q04206 0.4174460855422384
Q9UQC2 P62993 P22681 P12931 P18031 P06213 0.41897284333476037
P35568 P27986 P22681 P12931 P18031 Q03135 0.41970405181790693
P35568 P27986 P22681 P12931 P18031 Q03135 0.41970405181790693
O43597 P22681 Q96B97 P0CG48 P04637 Q93009 0.4200409293929528
P09619 P27986 P22681 Q96B97 P78314 P27348 0.42089048894888004
P19878 P14598 Q04206 P0CG48 P04637 Q00987 0.42375346724447405
P19878 P14598 Q04206 P0CG48 P04637 Q00987 0.42375346724447405
P09619 P27986 P22681 Q96B97 P78314 P15498 0.425271656964443
P60953 P27986 P22681 Q96B97 P0CG48 Q13501 0.4418537765171137
O60674 P18031 P12931 P22681 P27986 P10747 0.44439666440827835
O43561 P62993 P22681 P12931 P18031 P06213 0.44533540154467305
O43597 P22681 Q96B97 P0CG48 P04637 P22736 0.4454552578155204
P09619 P27986 P35568 P62258 P30305-2 P31946 0.4490309472639553
P09619 P27986 P35568 P62258 P30305 P31946 0.4490309472639553
Q99816 O14964 P0CG48 P04637 Q00987 Q8N488 0.4492631897240643
Q99816 O14964 P0CG48 P04637 Q00987 Q8N488 0.4492631897240643
P09619 P27986 P22681 P27348 P78314 P15498 0.45591365441607423
Q96B97 P22681 P00533 P62993 P18031 P06213 0.45756243128478064
P12931 P22681 Q96B97 P0CG48 P04637 P22736 0.45767084558364435
P06239 P43405 P27986 P22681 Q96B97 P0CG48 0.46108513844500126
Q96B97 P22681 P27986 P35568 P62258 P54253 0.46414967336266133
P29353 P00533 P22681 Q96B97 P0CG48 Q04206 0.46426538347739266
P29353 P62993 P22681 Q96B97 P0CG48 Q9Y6K9 0.46441438091118753
P35568 P27986 P22681 Q96B97 P78314 P27348 0.4695291494440582
O43597 P22681 Q96B97 P0CG48 O14964 Q99816 0.4736607547328072
P35568 P27986 P22681 Q96B97 P78314 P15498 0.4739103174596212
Q00987 P04637 P0CG48 Q96B97 P78314 P27348 0.4779683117804445
P01112 P04049 P31946 P49815 P63104 P54253 0.47818075077320266
P01112 P04049 P31946 P49815 P63104 P54253 0.47818075077320266
P35968 P29353 P62993 P22681 P27986 P10747 0.4817850116841094
P15498 P78314 Q96B97 P0CG48 P04637 Q00987 0.48234947979600745
P01112 P04049 P63104 P49815 P61981 O15151 0.48287649559483514
Q99962 Q96B97 P22681 P12931 P18031 P06213 0.48471517633303335
P12931 P22681 Q96B97 P0CG48 O14964 Q99816 0.4858763425009312
P14598 Q04206 P0CG48 P04637 Q00987 O96017 0.490480173062598
P14598 Q04206 P0CG48 P04637 Q00987 O96017 0.490480173062598
P60953 P27986 P22681 Q96B97 P0CG48 Q9Y6K9 0.49351691619027055
P09619 P27986 P22681 P62993 P18031 P06213 0.49357670240294965
P09619 P27986 P22681 P62993 P18031 P06213 0.49357670240294965
P09619 P27986 P22681 P62993 P18031 P06213 0.49357670240294965
P10747 P27986 P22681 Q96B97 P78314 P27348 0.4942217620344296
P49815 P63104 P22681 Q96B97 P0CG48 P04637 0.49422304886848833
Q9Y5K6 P22681 Q96B97 P0CG48 P04637 Q93009 0.4956783435985729
P11274 P62993 P29353 P00533 P18031 P06213 0.4963011283524297
P11274 P62993 P29353 P00533 P18031 P06213 0.4963011283524297
O43561 P62993 P22681 Q96B97 P0CG48 P55036 0.4984892342518658
P10747 P27986 P22681 Q96B97 P78314 P15498 0.49860293004999257
P19878 P14598 Q04206 P0CG48 Q96B97 P22681 0.49909583386846557
P19878 P14598 Q04206 P0CG48 Q96B97 P22681 0.49909583386846557
P04049 P63104 P30305 P62258 P30305-2 P31946 0.5005220038700334
P04049 P63104 P30305 P62258 P30305-2 P31946 0.5005220038700334
P04049 P63104 P30305 P62258 P30305-2 P31946 0.5005220038700334
P04049 P63104 P30305 P62258 P30305-2 P31946 0.5005220038700334
P01112 P04049 P63104 P22681 P27986 P10747 0.5017324050790279
P09619 P27986 P22681 P63104 P04049 P31946 0.5040092425991489
P09619 P27986 P22681 P63104 P04049 P31946 0.5040092425991489
P35568 P27986 P22681 P27348 P78314 P15498 0.5045523149112524
P35568 P27986 P22681 P27348 P78314 P15498 0.5045523149112524
P07949 P22681 Q96B97 P0CG48 P04637 Q09472 0.5052477946147236
P29353 P62993 P22681 P12931 P18031 Q03135 0.5062659073349222
P01112 P04049 P31946 P30305 P63104 P54253 0.5113353056757508
P01112 P04049 P31946 P30305 P63104 P54253 0.5113353056757508
P01112 P04049 P31946 P30305 P63104 P54253 0.5113353056757508
P11274 P62993 P29353 P00533 P22681 P07949 0.5153600542424949
P09619 P27986 P22681 P63104 P49815 P31946 0.5164369637559915
P55196 P12931 P22681 Q96B97 P0CG48 P55036 0.5241416910988883
P55196 P12931 P22681 Q96B97 P0CG48 P55036 0.5241416910988883
P09619 P27986 P22681 P00533 P18031 P06213 0.5276173071275932
Q96B97 P22681 P27986 P60953 P46940 Q99816 0.5276865571949214
P49815 P63104 P22681 P12931 P18031 P06213 0.5329543900991072
P49815 P63104 P22681 P12931 P18031 P06213 0.5329543900991072
P49815 P63104 P22681 P12931 P18031 P06213 0.5329543900991072
P06213 P18031 P12931 Q8WUM4 Q53EZ4 Q99816 0.5391578771720784
O43597 P22681 Q96B97 P0CG48 Q04206 Q8WTS6 0.5402032631193221
P14598 Q04206 P0CG48 P04637 Q00987 Q8N488 0.5491215492298357
Q99816 O14964 P0CG48 P04637 Q00987 Q9H2X6 0.5519173437841476
Q99816 O14964 P0CG48 P04637 Q00987 Q9H2X6 0.5519173437841476
P29353 P00533 P22681 P12931 P18031 Q03135 0.5530852052700764
P00533 P29353 P62993 Q07889 Q8IZP0 P00519 0.5549890759376366
P09619 P27986 P22681 P12931 P18031 P40763 0.5580604285206273
P09619 P27986 P22681 Q96B97 P0CG48 Q9UDY8 0.5597831929100535
O43597 P22681 P27986 P35568 P62258 P54253 0.5608636436311459
P06213 P18031 P62993 P22681 P27986 P10747 0.5669079754884992
Q9UQC2 P62993 P29353 P00533 P22681 P07949 0.5735862738432738
Q9UQC2 P62993 P29353 P00533 P22681 P27348 0.5862127042160856
P14598 Q04206 P0CG48 P04637 Q00987 P32121 0.5930455237480948
P17612 Q04206 P0CG48 P04637 Q00987 O96017 0.5948652828045891
P17612 Q04206 P0CG48 P04637 Q00987 O96017 0.5948652828045891
P01112 P04049 P31946 P49815 P61981 O15151 0.596673621058105
P32121 Q00987 O96017 P04637 P0CG48 P55036 0.599137976443218
P04049 P63104 P49815 P61981 O15151 P04637 0.6002749898121404
P11274 P62993 P29353 P00533 P22681 P46108 0.6018012732829315
P26045 P10912 P18031 P12931 P22681 P27348 0.6047498602355452
O43561 P62993 P22681 Q96B97 P0CG48 Q9Y6K9 0.6070505405286293
Q13322 P06213 P18031 P12931 P22681 P07949 0.6123712262989034
O43561 P62993 P29353 P00533 P22681 P27348 0.6125752624259981
P60953 P27986 P35568 P62258 P30305-2 P31946 0.6133339985552317
P01112 P04049 P31946 P30305-2 P62258 P54253 0.614061877125219
P11274 P62993 P22681 Q96B97 P78314 P27348 0.6141383867678237
P60953 P27986 P22681 Q96B97 P0CG48 Q9UBN7 0.6153154012574594
Q9Y5K6 P22681 Q96B97 P0CG48 Q04206 Q8WTS6 0.6158406773249423
P0CG48 P04637 O15151 P61981 P49815 P31946 0.6221869413375989
Q96B97 P0CG48 P04637 Q00987 O96017 P06400 0.6244988051897356
P06703 P52292 O96017 Q00987 P04637 P0CG48 0.6259311023794796
P19878 P14598 Q04206 P0CG48 P04637 O96017 0.6273201326521649
Q99962 Q96B97 P0CG48 P04637 Q00987 P32121 0.6365650791673174
P12931 P22681 P27986 P60953 P46940 Q99816 0.6366161152315299
Q96B97 P22681 P62993 Q07889 Q8IZP0 P00519 0.6388388530008217
Q99816 O14964 P0CG48 P04637 Q09472 Q16665 0.6403488381905702
P49815 P61981 O15151 P04637 P0CG48 P55036 0.6408176172007294
P50406 P06241 P22681 Q96B97 P0CG48 Q13501 0.654233235492105
Q96B97 P22681 P00533 P62993 P18031 Q03135 0.6611290966924716
P60953 P27986 P22681 P63104 P04049 P31946 0.6683122938904253
P08069 P62258 P35568 P27986 P22681 P07949 0.6763738299871823
Q9UQC2 P62993 P22681 Q96B97 P78314 P15498 0.6767457743841655
P15498 P78314 Q96B97 P0CG48 P04637 O96017 0.6859161452036984
P26045 P10912 P18031 P62993 P00533 P22681 0.6876275607924272
P11274 P62993 P22681 P63104 P04049 P31946 0.6972571404180927
P60953 P46940 Q99816 O14964 P0CG48 P55036 0.7175255635843119
P49815 P61981 O15151 P04637 Q00987 P32121 0.7254362033648687
P29353 P62993 P22681 P12931 P18031 P42229 0.7417552944714312
P12931 P22681 P62993 Q07889 Q8IZP0 P00519 0.7477684110374302
Q99816 P46940 P60953 P27986 P22681 P07949 0.7525851547161703
P09619 P27986 P22681 P06241 O15117 Q86WV1 0.8922619801057473

