Will try: OptimalKPathFinder , For lengths: 7 , For confidences: 0.99 
======================

OptimalKPathFinder
(7, 0.99): 0.007139882191943836
0.0154102705118776
0.02361176763381112
0.031744947411955104
0.03981037892039363
0.04568664244305265
0.05363594154806672
0.06283287117344993
0.06856823936829315
0.07521855240903841
0.08182138299813313
0.08946968468078087
0.09979315764358376
0.10854152345851487
0.11490643196003081
0.12494150642760415
0.13118932098277092
0.1384263945272709
0.14982287079013767
0.15690472942578826
0.16392759715235394
0.1708919653559995
0.18029228320910606
0.18712033582710597
0.1978727123373295
0.210251219862988
0.21920528766499492
0.22570920030418695
0.23323389223514723
0.240685457908275
0.24701044368163372
0.2523867004055109
0.2596521357757198
0.26684696438820066
0.2720815906911349
0.2803346338805778
0.2873284663987451
0.29425433164268344
0.3011128901301209
0.30903678026469994
0.3132654053971653
0.3189858101835279
0.32384817126985954
0.3294804230710269
0.33506575898880253
0.3438611854572047
0.3493267316008347
0.3567039795418683
0.3620625469759218
0.36737647827974584
0.373524423097241
0.3796126211235069
0.38340932923654714
0.38718280187932086
0.39528884947350973
0.40032601024424264
0.4061537458103821
0.4103937381054231
0.4153050772299094
0.4194797300967156
0.4243153841567179
0.4291107578830259
0.4346587582923259
0.43811858960436023
0.4421303566804283
0.4467773341341523
0.4513856029043801
0.4559554854291249
0.4598398991703342
0.46369657865504654
0.4681639124438425
0.47196115945441774
0.47794799438123836
0.48229661583578864
0.487327746877229
0.49410912588678946
0.4983231273371286
0.504011073739202
0.5081425933248812
0.5129225486861555
0.516979836910344
0.52100332848127
0.5256583009935997
0.5302680356778213
0.5341808383793805
0.5387077495710288
0.5431906674566359
0.5492331189453048
0.5536137494706177
0.556800894711501
0.5611079802828178
0.563793955124902
0.5687396018921933
0.572930665041929
0.5759798897813215
0.5795119190209607
0.5830145269424853
0.585566435931099
0.5895939729968804
0.5935823697607591
0.5969677727615024
0.599845375383542
0.603734147245704
0.6075851273502161
0.6099866667454328
0.6127713159981576
0.6155360831832722
0.6178889635316649
0.6216023846829606
0.6243040990780367
0.6285636897914377
0.6312157012881371
0.6347996108966101
0.638940204877374
0.6424490464237553
0.6459237884410172
0.6499382579598264
0.6533402185238708
0.6558153285242954
0.6591601746999582
0.6630245718122036
0.6658315308141844
0.6682174543164333
0.6709811573208778
0.6747115296868542
0.6778727393108888
0.6801726900030225
0.6824562193181672
0.6851013153671621
0.6873496548778386
0.6892630434190753
0.6911647222156504
0.6937372776324296
0.6959239573899181
0.6993715315691706
0.7018757253920014
0.7047729486632162
0.7065797084058616
0.7086746947205695
0.7104575761713356
0.7132713995321585
0.7156598093652933
0.7180283240727877
0.7200415686203729
0.7223735838755136
0.7250716054121946
0.7270345617607719
0.729308326344189
0.7329912062578734
0.7365230686089598
0.7395103354047765
0.7420418190257214
0.7445487012509331
0.7466765754595883
0.7484852748672667
0.7500245195875411
0.7518093150685606
0.7546232684124545
0.7563752293686338
0.7595977792447101
0.7623234280061079
0.7640204107299293
0.7659860882748695
0.7690815103876358
0.7716996338526286
0.7736013445244101
0.7752178042529203
0.7770902090488143
0.7786817586956366
0.781191035807931
0.7833174591722855
0.7846435344419092
0.7870852177248806
0.7886054041872483
0.790114736697365
0.7913992133149129
0.7931368291973376
0.7954822166214041
0.7981874783063061
0.7994225505603794
0.8010933331462987
0.8025135033148263
0.8041585386891301
0.8057898711448641
0.8069784175224424
0.8081596901162073
0.8095294073284435
0.8108893449211482
0.8122395727196525
0.8140642610314148
0.8158712167065225
0.81795884463502
0.8194752224389765
0.8207641480834891
0.822505993097255
0.8242309105598667
0.8259390649761945
0.8279125449651266
0.8289657028128354
0.8301868675455337
0.8316013875992986
0.8332379144447865
0.8342584815690268
0.8356390856375896
0.8368126032030974
0.8389711666527919
0.8407968903868872
0.8421230304086541
0.8439130187260162
0.8450274613840086
0.8467845196449609
0.8478784601246779
0.8496031941368698
0.8505236074019333
0.8519762448421477
0.8532092623778234
0.8546358001584081
0.8558466639638358
0.8568759018007097
0.8580681058673427
0.8589367147273883
0.8603075921352854
0.8616651471193935
0.8632335694876543
0.8643728150562702
0.8652028397327187
0.8661652755768356
0.8671208397424083
0.8682277048840792
0.8691685435473689
0.8702583515977865
0.8715192033801209
0.872975901754496
0.8746561146942513
0.8757002120312422
0.8767356121809194
0.8781331675983692
0.8790032824248223
0.879867184733921
0.8808678745737051
0.8817184639145247
0.8825629801476571
0.8835412143821623
0.8845113000599452
0.8856336392235997
0.8864502015662645
0.8877376142469191
0.8885391544557827
0.8898028828633135
0.8908737975099286
0.892111056041562
0.8930097561161845
0.8939009701427053
0.8945502854917287
0.8959451229852243
0.8969563462798286
0.8979577423315309
0.8986863120298838
0.8995302411258448
0.9002475833680592
0.900959803871173
0.9016669392037998
0.9026225568986123
0.9034336976158249
0.9041231696385597
0.9049218104578969
0.905845796750823
0.9069133047241698
0.9076887041017276
0.9085858012435961
0.9096222434063672
0.9105005500788028
0.9113703212150633
0.9120031266802976
0.91273612854052
0.9132701746220917
0.9138894153578178
0.9144164034405246
0.9150274602375221
0.9156341541609765
0.9165906830253645
0.9171862157222739
0.9179910144033013
0.9185765488991425
0.9193678360818526
0.9200394909249858
0.9208165609840239
0.9217143324014385
0.9226019250045968
0.9232466403315056
0.9237946502773746
0.92433874749679
0.9249689953310525
0.9256981596135495
0.926540584107727
0.9271524909456468
0.9277593006837088
0.9287148654894799
0.9294076267578038
0.9299956515245026
0.9305787781257145
0.9312534255686133
0.9319215166709591
0.9325831151484036
0.9332382840973987
0.9338870860012141
0.9343591244185315
0.9351033520328339
0.9357340288838268
0.9363585767080851
0.937080134795295
0.9376916009294515
0.9383980453633579
0.938837876062257
0.9392745664217815
0.9397804009372186
0.9404631628313544
0.9409590965020637
0.9413806415975449
0.9421560299362017
0.9428118572611881
0.9432882266301078
0.9436931420108651
0.9440377342959858
0.9444372982803068
0.9448340094248515
0.94522788809856
0.9456841322626702
0.9461365759756009
0.9465211544775898
0.946902987134381
0.9473452779537531
0.9476675195356901
0.9481034419052387
0.9487899043138995
0.9491033049283882
0.9495979278153815
0.9499063834076342
0.9504743382442823
0.9508868801997652
0.9512375420892176
0.9515857002940903
0.951931372690396
0.9523317777492015
0.9527288474889
0.953122609692241
0.9535781722802659
0.9539096186613195
0.9542386985542595
0.9545654288555321
0.9550069698773442
0.955444219927127
0.955877220705289
0.9563774789739365
0.9566444443976866
0.956909776020001
0.9572687116633163
0.9576246574220558
0.9580364683314625
0.9582932809078664
0.9587661462036956
0.9591668639276636
0.9594167585971642
0.9597548114201783
0.9600900483096395
0.9604224927218874
0.9608712172942016
0.9613887937850191
0.9617104198259602
0.9620293667661853
0.9623004726142284
0.9626668431427586
0.9629333974845727
0.9632421571889911
0.963599376263928
0.9639025884566483
0.9643118561612215
0.9646091334943225
0.9648618201118438
0.9652602121740679
0.9655495898319265
0.965836557013668
0.9660804799718616
0.9663226613488698
0.9666031889511283
0.966807574062393
0.9671839054222299
0.967457258979729
0.9677283355396646
0.9679971540691135
0.9683599981272868
0.9685859040132109
0.968810196957723
0.9690328884770347
0.9693338322236136
0.9698070755534961
0.9700226494770744
0.9703139745550425
0.9705259292794666
0.9707363706721283
0.9709154611286223
0.971123121309771
0.9713292988216902
0.9717085409007684
0.9719105385857751
0.9721835168308113
0.9723821232436335
0.9726505185473883
0.9729163055391532
0.9731419089915551
0.973497174745635
0.9738477412172536
0.9741442520878063
0.9743024866541586
0.974516543408393
0.974805471487663
0.9750911237383697
0.9753331925067042
0.97553866362285
0.9757424231928388
0.9759156194335039
0.9760630134105702
0.9762095053513805
0.9765241944340343
0.9767197446678199
0.9769459862162376
0.9771105891587051
0.977370106288425
0.9775316810635418
0.9776921022137992
0.9778286242956363
0.978121896461038
0.9784112893649926
0.9785654302156025
0.9787439772358807
0.9789505469420431
0.9791892028724054
0.9793625539521855
0.9795344610412968
0.9796805825784566
0.979910961460787
0.9800543948293065
0.9801968041004722
0.9803381965862188
0.9805292733929611
0.9806682920871269
0.9808874724489509
0.9810239336440556
0.9812452288785273
0.9813600061839651
0.9814740810638838
0.9816541191487829
0.9818069378147655
0.9819368341354788
0.9820872978244793
0.9821969217529988
0.9823699351470415
0.982569822503651
0.9826942719175596
0.9828904819865215
0.983084467451527
0.9832253715127387
0.9834472581329406
0.9836081205417556
0.9837674196618551
0.9840680230014504
0.9843138868440207
0.9844098842725776
0.9845397477938389
0.9847150341000313
0.9848085765478887
0.9849562094288615
0.9851552013676332
0.9852611914810315
0.9853664248375066
0.9854709068402137
0.9855746428537303
0.9857381956558422
0.9858569945258477
0.9859748038175941
0.986111103100222
0.9862102681878624
0.9863442791870085
0.9864417794248593
0.9865735405577568
0.9867257679890747
0.986836340517279
0.9869303274952005
0.987039196070834
0.9871651514054226
0.9872436993827798
0.9873676673188072
0.9874449759192242
0.9875218113988131
0.9876257529948247
0.9877014821369655
0.9878039271004226
0.98789100562413
0.9879774624174367
0.9880942995173644
0.988210001174144
0.9883082102439138
0.9884218330792499
0.9885749834353446
0.9886565567076572
0.9887375475564155
0.9888652397609913
0.9889579907833903
0.9890499692025208
0.9891948108797362
0.9893377366617502
0.9894138639658848
0.9894786500494431
0.9895537712485903
0.9896283560912256
0.9897147504594785
0.9899106599745361
0.9899826966737124
0.9900800465602653
519 iterations, 73414513 milliseconds
519pathways
P09619 P27986 P22681 Q96B97 P0CG48 P04637 Q00987 0.12976788501800274
P09619 P27986 P22681 Q96B97 P0CG48 P04637 Q00987 0.12976788501800274
P09619 P27986 P22681 Q96B97 P0CG48 P04637 Q00987 0.12976788501800274
P35568 P27986 P22681 Q96B97 P0CG48 P04637 Q00987 0.17840654551318091
P10747 P27986 P22681 Q96B97 P0CG48 P04637 Q00987 0.20309915810355228
P10747 P27986 P22681 Q96B97 P0CG48 P04637 Q00987 0.20309915810355228
P06213 P18031 P12931 P22681 Q96B97 P0CG48 P04637 0.22758005375436505
P06213 P18031 P12931 P22681 Q96B97 P0CG48 P04637 0.22758005375436505
P09619 P27986 P22681 Q96B97 P0CG48 P04637 O15151 0.27148368688601443
P09619 P27986 P22681 Q96B97 P0CG48 P04637 O15151 0.27148368688601443
P09619 P27986 P22681 Q96B97 P0CG48 P04637 O15151 0.27148368688601443
P09619 P27986 P22681 Q96B97 P0CG48 P04637 O15151 0.27148368688601443
P00533 P62993 P22681 Q96B97 P0CG48 P04637 Q00987 0.2740731680231152
O43597 P22681 Q96B97 P0CG48 P04637 Q00987 O96017 0.28516022792178297
O43597 P22681 Q96B97 P0CG48 P04637 Q00987 O96017 0.28516022792178297
O43597 P22681 Q96B97 P0CG48 P04637 Q00987 O96017 0.28516022792178297
O43597 P22681 Q96B97 P0CG48 P04637 Q00987 O96017 0.28516022792178297
O43597 P22681 Q96B97 P0CG48 P04637 Q00987 O96017 0.28516022792178297
P60953 P27986 P22681 Q96B97 P0CG48 P04637 Q00987 0.29407093630927905
P12931 P22681 Q96B97 P0CG48 P04637 Q00987 O96017 0.2973758156899069
P12931 P22681 Q96B97 P0CG48 P04637 Q00987 O96017 0.2973758156899069
P12931 P22681 Q96B97 P0CG48 P04637 Q00987 O96017 0.2973758156899069
P29353 P62993 P00533 P22681 P12931 P18031 P06213 0.29902599656093515
P29353 P62993 P00533 P22681 P12931 P18031 P06213 0.29902599656093515
P29353 P62993 P00533 P22681 P12931 P18031 P06213 0.29902599656093515
P43405 P27986 P22681 Q96B97 P0CG48 P04637 Q00987 0.31330229823716665
P06213 P18031 P12931 P22681 Q96B97 P0CG48 P55036 0.3194652276921765
P06213 P18031 P12931 P22681 Q96B97 P0CG48 P55036 0.3194652276921765
P35568 P27986 P22681 Q96B97 P0CG48 P04637 O15151 0.3201223473811926
P00533 P22681 Q96B97 P0CG48 P04637 Q00987 O96017 0.32916055718422044
P00533 P22681 Q96B97 P0CG48 P04637 Q00987 O96017 0.32916055718422044
O43597 P22681 Q96B97 P0CG48 P04637 Q00987 Q8N488 0.34380160408902066
P29353 P62993 P00533 P22681 Q96B97 P0CG48 P55036 0.3521798292681279
P29353 P62993 P00533 P22681 Q96B97 P0CG48 P55036 0.3521798292681279
P29353 P62993 P00533 P22681 Q96B97 P0CG48 P55036 0.3521798292681279
P12931 P22681 Q96B97 P0CG48 P04637 Q00987 Q8N488 0.35601719185714464
P11274 P62993 P00533 P22681 P12931 P18031 P06213 0.3570733783676855
P11274 P62993 P00533 P22681 P12931 P18031 P06213 0.3570733783676855
P11274 P62993 P00533 P22681 P12931 P18031 P06213 0.3570733783676855
P11274 P62993 P00533 P22681 P12931 P18031 P06213 0.3570733783676855
P11274 P62993 P00533 P22681 P12931 P18031 P06213 0.3570733783676855
Q9Y5K6 P22681 Q96B97 P0CG48 P04637 Q00987 O96017 0.360797642127403
Q9Y5K6 P22681 Q96B97 P0CG48 P04637 Q00987 O96017 0.360797642127403
P35568 P27986 P22681 Q96B97 P0CG48 P04637 Q09472 0.3613288833405259
P35568 P27986 P22681 Q96B97 P0CG48 P04637 Q09472 0.3613288833405259
P46940 P60953 P27986 P22681 Q96B97 P0CG48 P04637 0.36779398217163195
P46940 P60953 P27986 P22681 Q96B97 P0CG48 P04637 0.36779398217163195
P18031 P12931 P22681 Q96B97 P0CG48 P04637 O15151 0.36929585562237677
P18031 P12931 P22681 Q96B97 P0CG48 P04637 O15151 0.36929585562237677
P30874 P27986 P22681 Q96B97 P0CG48 P04637 Q00987 0.3720324777789908
P11274 P62993 P29353 P00533 P22681 Q96B97 P0CG48 0.373843065660297
P06213 P18031 P12931 P22681 Q96B97 P0CG48 P54252 0.3763633942957832
P06213 P18031 P12931 P22681 Q96B97 P0CG48 Q13501 0.3763633942957832
Q9UQC2 P62993 P00533 P22681 Q96B97 P0CG48 P04637 0.3765682567378456
Q9UQC2 P62993 P00533 P22681 Q96B97 P0CG48 P04637 0.3765682567378456
Q9UQC2 P62993 P00533 P22681 Q96B97 P0CG48 P04637 0.3765682567378456
P06213 P18031 P12931 P22681 Q96B97 P0CG48 Q04206 0.3810582385999909
P06213 P18031 P12931 P22681 Q96B97 P0CG48 Q04206 0.3810582385999909
Q9UQC2 P62993 P22681 Q96B97 P0CG48 P04637 Q00987 0.38124200243772516
Q9UQC2 P62993 P22681 Q96B97 P0CG48 P04637 Q00987 0.38124200243772516
Q9UQC2 P62993 P22681 Q96B97 P0CG48 P04637 Q00987 0.38124200243772516
Q9UQC2 P62993 P22681 Q96B97 P0CG48 P04637 Q00987 0.38124200243772516
P35568 P27986 P22681 Q96B97 P0CG48 P04637 O96017 0.3819732109208718
P10747 P27986 P22681 Q96B97 P0CG48 P04637 Q09472 0.38602149593089724
P10747 P27986 P22681 Q96B97 P0CG48 P04637 Q09472 0.38602149593089724
O43597 P22681 Q96B97 P0CG48 P04637 Q00987 P32121 0.3877255786072798
P00533 P22681 Q96B97 P0CG48 P04637 Q00987 Q8N488 0.3878019333514582
Q13153 P60953 P27986 P22681 Q96B97 P0CG48 P04637 0.39399635456565607
P09619 P27986 P22681 Q96B97 P0CG48 Q00987 O96017 0.3946688765803672
P11274 P62993 P29353 P00533 P22681 P27986 P10747 0.39613375555866853
P11274 P62993 P29353 P00533 P22681 P27986 P10747 0.39613375555866853
P11274 P62993 P29353 P00533 P22681 P27986 P10747 0.39613375555866853
P11274 P62993 P29353 P00533 P22681 P27986 P10747 0.39613375555866853
P11274 P62993 P29353 P00533 P22681 P27986 P10747 0.39613375555866853
P06213 P18031 P12931 P22681 Q96B97 P0CG48 Q00987 0.40246214726314444
P35568 P27986 P22681 Q96B97 P0CG48 P04637 Q93009 0.40430664537151934
P35568 P27986 P22681 Q96B97 P0CG48 P04637 Q93009 0.40430664537151934
P46940 P60953 P27986 P22681 P12931 P18031 P06213 0.40652532340225067
P46940 P60953 P27986 P22681 P12931 P18031 P06213 0.40652532340225067
P46940 P60953 P27986 P22681 P12931 P18031 P06213 0.40652532340225067
P46940 P60953 P27986 P22681 P12931 P18031 P06213 0.40652532340225067
P10747 P27986 P22681 Q96B97 P0CG48 P04637 O96017 0.40666582351124314
P10747 P27986 P22681 Q96B97 P0CG48 P04637 O96017 0.40666582351124314
P29353 P62993 P22681 Q96B97 P0CG48 P04637 O15151 0.4066842028982077
P29353 P62993 P22681 Q96B97 P0CG48 P04637 O15151 0.4066842028982077
O43561 P62993 P22681 Q96B97 P0CG48 P04637 Q00987 0.40760456064763784
O43561 P62993 P22681 Q96B97 P0CG48 P04637 Q00987 0.40760456064763784
O43561 P62993 P22681 Q96B97 P0CG48 P04637 Q00987 0.40760456064763784
P29353 P62993 P00533 P22681 Q96B97 P0CG48 Q13501 0.4090779958717346
P29353 P62993 P00533 P22681 Q96B97 P0CG48 P54252 0.4090779958717346
P29353 P62993 P00533 P22681 Q96B97 P0CG48 P54252 0.4090779958717346
P29353 P62993 P00533 P22681 Q96B97 P0CG48 P54252 0.4090779958717346
P18031 P12931 P22681 Q96B97 P0CG48 P04637 Q09472 0.41050239158171004
P18031 P12931 P22681 Q96B97 P0CG48 P04637 Q09472 0.41050239158171004
P07949 P22681 Q96B97 P0CG48 P04637 Q00987 O96017 0.41334485517454717
Q9UQC2 P62993 P00533 P22681 P12931 P18031 P06213 0.41529959796846433
P63000 Q13153 P60953 P27986 P22681 Q96B97 P0CG48 0.42681981401220587
P63000 Q13153 P60953 P27986 P22681 Q96B97 P0CG48 0.42681981401220587
P63000 Q13153 P60953 P27986 P22681 Q96B97 P0CG48 0.42681981401220587
P18031 P12931 P22681 Q96B97 P0CG48 P04637 O96017 0.43114671916205594
Q13153 P60953 P27986 P22681 P12931 P18031 P06213 0.4327276957962748
Q13153 P60953 P27986 P22681 P12931 P18031 P06213 0.4327276957962748
P55196 P12931 P22681 Q96B97 P0CG48 P04637 Q00987 0.4332570174946603
O43561 P62993 P00533 P22681 P12931 P18031 P06213 0.44166215617837695
P08581 P22681 Q96B97 P0CG48 P04637 Q00987 O96017 0.44521498393998604
P06241 P22681 Q96B97 P0CG48 P04637 Q00987 O96017 0.4478090191170327
P29353 P62993 P22681 Q96B97 P0CG48 P04637 Q09472 0.44789073885754105
P29353 P62993 P22681 Q96B97 P0CG48 P04637 Q09472 0.44789073885754105
P26045 P10912 P18031 P12931 P22681 Q96B97 P0CG48 0.45060644128053545
P06239 P22681 Q96B97 P0CG48 P04637 Q00987 O96017 0.45171273259750605
P09619 P27986 P22681 Q96B97 P0CG48 Q00987 Q8N488 0.45331025274760495
P29353 P00533 P22681 Q96B97 P0CG48 P04637 O15151 0.453503500833362
P29353 P00533 P22681 Q96B97 P0CG48 P04637 O15151 0.453503500833362
Q9H1D0 P18031 P12931 P22681 Q96B97 P0CG48 P55036 0.4542844505011278
Q9UQC2 P62993 P29353 P00533 P22681 P27986 P10747 0.45435997515944737
P10747 P27986 P22681 Q96B97 P0CG48 P04637 P22736 0.4544135863844583
P09619 P27986 P22681 Q96B97 P0CG48 P04637 Q9BUJ2 0.4600530946183321
P09619 P27986 P22681 Q96B97 P0CG48 P04637 Q9BUJ2 0.4600530946183321
P04049 P63104 P22681 Q96B97 P0CG48 P04637 Q00987 0.46416515218209903
Q96B97 P22681 P27986 P35568 P62258 P30305-2 P31946 0.4652753066501715
Q96B97 P22681 P27986 P35568 P62258 P30305-2 P31946 0.4652753066501715
P11274 P62993 P00533 P22681 Q96B97 P0CG48 P54252 0.46712537767848494
P11274 P62993 P00533 P22681 Q96B97 P0CG48 Q13501 0.46712537767848494
P35968 P29353 P62993 P22681 Q96B97 P0CG48 P04637 0.46853506643788695
P06239 P43405 P27986 P22681 Q96B97 P0CG48 P04637 0.4701258830971503
P06239 P43405 P27986 P22681 Q96B97 P0CG48 P04637 0.4701258830971503
P26045 P10912 P18031 P12931 P22681 P27986 P10747 0.47289713117890697
P26045 P10912 P18031 P12931 P22681 P27986 P10747 0.47289713117890697
P26045 P10912 P18031 P12931 P22681 P27986 P10747 0.47289713117890697
P04049 P63104 P30305 P62258 P35568 P27986 P22681 0.4748515240110532
P04049 P63104 P30305 P62258 P35568 P27986 P22681 0.4748515240110532
P09619 P27986 P22681 Q96B97 P0CG48 Q04206 Q8WTS6 0.4758303186027105
P09619 P27986 P22681 Q96B97 P0CG48 Q04206 Q8WTS6 0.4758303186027105
P09619 P27986 P22681 Q96B97 P0CG48 Q04206 Q8WTS6 0.4758303186027105
P35968 P29353 P62993 P00533 P22681 P27986 P10747 0.4781117663178133
P35968 P29353 P62993 P00533 P22681 P27986 P10747 0.4781117663178133
P35968 P29353 P62993 P00533 P22681 P27986 P10747 0.4781117663178133
P35968 P29353 P62993 P00533 P22681 P27986 P10747 0.4781117663178133
P35968 P29353 P62993 P00533 P22681 P27986 P10747 0.4781117663178133
P35968 P29353 P62993 P00533 P22681 P27986 P10747 0.4781117663178133
O43561 P62993 P29353 P00533 P22681 P27986 P10747 0.48072253336936
P10747 P27986 P22681 Q96B97 P0CG48 O14964 Q99816 0.48261908330174513
P10747 P27986 P22681 Q96B97 P0CG48 O14964 Q99816 0.48261908330174513
Q13153 P60953 P27986 P22681 Q96B97 P0CG48 P55036 0.48588152850346755
Q13153 P60953 P27986 P22681 Q96B97 P0CG48 P55036 0.48588152850346755
P09619 P27986 P22681 P00533 P62993 P18031 P06213 0.48990345703665356
P09619 P27986 P22681 P00533 P62993 P18031 P06213 0.48990345703665356
P29353 P62993 P22681 Q96B97 P0CG48 P04637 Q93009 0.4908685008885345
P10912 P18031 P12931 P22681 Q96B97 P0CG48 P54252 0.4918967102181512
Q13322 P06213 P18031 P12931 P22681 P27986 P10747 0.493144927615077
Q13322 P06213 P18031 P12931 P22681 P27986 P10747 0.493144927615077
P09619 P27986 P22681 Q96B97 P0CG48 Q00987 P32121 0.4972342272658641
P09619 P27986 P22681 Q96B97 P0CG48 Q00987 P32121 0.4972342272658641
P00533 P62993 P22681 Q96B97 P0CG48 P04637 Q93009 0.4999732678814537
P35568 P27986 P22681 Q96B97 P0CG48 Q00987 Q8N488 0.5019489132427831
P35568 P27986 P22681 Q96B97 P0CG48 Q00987 Q8N488 0.5019489132427831
P29353 P62993 P00533 P22681 P12931 P18031 Q03135 0.5025926619686261
P29353 P62993 P00533 P22681 P12931 P18031 Q03135 0.5025926619686261
P29353 P62993 P00533 P22681 P12931 P18031 Q03135 0.5025926619686261
P49815 P63104 P30305 P62258 P35568 P27986 P22681 0.5059099210310259
P49815 P63104 P30305 P62258 P35568 P27986 P22681 0.5059099210310259
P49815 P63104 P30305 P62258 P35568 P27986 P22681 0.5059099210310259
P49815 P63104 P30305 P62258 P35568 P27986 P22681 0.5059099210310259
P49815 P63104 P30305 P62258 P35568 P27986 P22681 0.5059099210310259
P11274 P62993 P22681 Q96B97 P0CG48 P04637 Q09472 0.5059381206642913
P06241 P22681 Q96B97 P0CG48 P04637 Q00987 Q8N488 0.5064503952842704
P18031 P12931 P22681 Q96B97 P0CG48 O14964 Q99816 0.5070999789525579
P35968 P29353 P62993 P22681 P12931 P18031 P06213 0.5072664076685057
O43597 P22681 Q96B97 P0CG48 P04637 Q00987 O15151 0.507482648766973
P06239 P43405 P27986 P22681 P12931 P18031 P06213 0.5088572243277691
P19878 P14598 Q04206 P0CG48 P04637 Q00987 O96017 0.5147728656316426
P19878 P14598 Q04206 P0CG48 P04637 Q00987 O96017 0.5147728656316426
P19878 P14598 Q04206 P0CG48 P04637 Q00987 O96017 0.5147728656316426
P19878 P14598 Q04206 P0CG48 P04637 Q00987 O96017 0.5147728656316426
P19878 P14598 Q04206 P0CG48 P04637 Q00987 O96017 0.5147728656316426
P15498 P78314 P27348 P22681 Q96B97 P0CG48 P04637 0.5159949822554014
P15498 P78314 P27348 P22681 Q96B97 P0CG48 P04637 0.5159949822554014
P29353 P62993 P22681 Q96B97 P0CG48 P04637 P22736 0.5162828293111021
P46940 P60953 P27986 P22681 Q96B97 P0CG48 P54252 0.5165773227130501
P46940 P60953 P27986 P22681 Q96B97 P0CG48 P54252 0.5165773227130501
P10912 P18031 P12931 P22681 Q96B97 P0CG48 Q00987 0.5179954631855125
P43405 P06239 P22681 Q96B97 P0CG48 P04637 Q00987 0.5185174194039048
P11274 P62993 P00533 P22681 Q96B97 P0CG48 Q9Y6K9 0.5187885173516418
P06213 P18031 P12931 P22681 Q96B97 P78314 P27348 0.5197031580188258
Q9Y5K6 P22681 Q96B97 P0CG48 P04637 Q00987 Q9H2X6 0.522093172354724
Q96B97 P22681 P00533 P29353 P62993 P18031 P06213 0.5221042044601599
Q03135 P18031 P12931 P22681 Q96B97 P0CG48 P55036 0.5230318930998674
P06213 P18031 P12931 P22681 Q96B97 P78314 P15498 0.5240843260343888
P35568 P27986 P22681 Q96B97 P0CG48 Q04206 Q8WTS6 0.5244689790978887
P01112 P04049 P63104 P30305 P62258 P30305-2 P31946 0.5258398118543233
P01112 P04049 P63104 P22681 P12931 P18031 P06213 0.5272138010634242
P01112 P04049 P63104 P22681 P12931 P18031 P06213 0.5272138010634242
O43597 P22681 Q96B97 P0CG48 P04637 Q09472 Q16665 0.5348872525555266
O43597 P22681 Q96B97 P0CG48 P04637 Q09472 Q16665 0.5348872525555266
O43597 P22681 Q96B97 P0CG48 P04637 Q09472 Q16665 0.5348872525555266
P35568 P27986 P22681 P00533 P62993 P18031 P06213 0.5385421175318318
P35568 P27986 P22681 P00533 P62993 P18031 P06213 0.5385421175318318
P43405 P27986 P22681 Q96B97 P0CG48 P04637 Q93009 0.5392023980955051
P0CG48 Q96B97 P22681 P00533 P62993 P18031 P06213 0.5409440402238317
P46940 P60953 P27986 P22681 Q96B97 P0CG48 Q00987 0.5426760756804114
P46940 P60953 P27986 P22681 Q96B97 P0CG48 Q00987 0.5426760756804114
Q13153 P60953 P27986 P22681 Q96B97 P0CG48 P54252 0.5427796951070742
P10912 P18031 P12931 P22681 Q96B97 P0CG48 Q9Y6K9 0.543559849891308
P49815 P31946 P30305 P62258 P35568 P27986 P22681 0.5455685467063286
P49815 P31946 P30305-2 P62258 P35568 P27986 P22681 0.5455685467063286
P35568 P27986 P22681 Q96B97 P0CG48 Q00987 P32121 0.5458728877610423
P35568 P27986 P22681 Q96B97 P0CG48 Q00987 P32121 0.5458728877610423
P12931 P22681 Q96B97 P0CG48 P04637 Q09472 Q16665 0.5471028403236505
Q13153 P60953 P27986 P22681 Q96B97 P0CG48 Q04206 0.547474539411282
P08581 P22681 Q96B97 P0CG48 P04637 Q00987 P32121 0.5477803346254829
P10747 P27986 P22681 Q96B97 P0CG48 Q04206 Q8WTS6 0.5491615916882601
O43561 P62993 P00533 P22681 Q96B97 P0CG48 P54252 0.5517141554891765
O43561 P62993 P00533 P22681 Q96B97 P0CG48 P54252 0.5517141554891765
O43561 P62993 P00533 P22681 Q96B97 P0CG48 P54252 0.5517141554891765
P35968 P29353 P00533 P22681 P12931 P18031 P06213 0.5540857056036601
P35968 P29353 P00533 P22681 P12931 P18031 P06213 0.5540857056036601
P06213 P18031 P12931 P22681 P27348 P78314 P15498 0.5547263234860201
P29353 P62993 P00533 P22681 Q96B97 P78314 P15498 0.5567989276103402
P56945 P18031 P12931 P22681 Q96B97 P0CG48 P54252 0.5592857321231282
P35968 P29353 P62993 P22681 Q96B97 P0CG48 P55036 0.5604202403756984
P11274 P62993 P00533 P22681 P12931 P18031 Q03135 0.5606400437753764
O43597 P22681 P27986 P35568 P62258 P30305 P31946 0.5619892769186561
O43597 P22681 P27986 P35568 P62258 P30305-2 P31946 0.5619892769186561
O43597 P22681 P27986 P35568 P62258 P30305-2 P31946 0.5619892769186561
P07766 P16333 P22681 Q96B97 P0CG48 P04637 Q00987 0.5625302896719045
P29353 P00533 P22681 Q96B97 P0CG48 P04637 P22736 0.5631021272462564
P10747 P27986 P22681 P00533 P62993 P18031 P06213 0.5632347301222032
P09619 P27986 P22681 Q96B97 P0CG48 P04637 P06748 0.5688239375622026
P01112 P04049 P31946 P22681 Q96B97 P0CG48 P04637 0.570225559005992
P43405 P22681 Q96B97 P0CG48 P04637 Q00987 O96017 0.5706372278152498
P15498 P78314 Q96B97 P0CG48 P04637 Q00987 O96017 0.5733688781831761
P15498 P78314 Q96B97 P0CG48 P04637 Q00987 O96017 0.5733688781831761
P15498 P78314 Q96B97 P0CG48 P04637 Q00987 O96017 0.5733688781831761
P19878 P14598 Q04206 P0CG48 P04637 Q00987 Q8N488 0.5734142417988803
P60953 P27986 P22681 Q96B97 P0CG48 O14964 Q99816 0.573590861507472
P12931 P22681 P27986 P35568 P62258 P30305 P31946 0.5742048646867801
P55196 P12931 P22681 Q96B97 P0CG48 P04637 O15151 0.574972819362672
P29353 P00533 P22681 Q96B97 P0CG48 Q00987 O96017 0.5766886905277148
P29353 P00533 P22681 Q96B97 P0CG48 Q00987 O96017 0.5766886905277148
P11274 P62993 P18031 P12931 P22681 Q96B97 P0CG48 0.5783250496613924
O60674 P18031 P12931 P22681 Q96B97 P0CG48 P54252 0.579930059703474
P04049 P63104 P49815 P31946 P22681 Q96B97 P0CG48 0.5866603663599435
P04049 P63104 P49815 P31946 P22681 Q96B97 P0CG48 0.5866603663599435
P06213 P18031 P00533 P22681 Q96B97 P0CG48 P04637 0.5876986349669203
P11274 P62993 P22681 Q96B97 P0CG48 Q00987 O96017 0.5879167743993109
O43561 P62993 P22681 Q96B97 P0CG48 P04637 Q09472 0.5905268984749829
P11274 P62993 P18031 P12931 P22681 P27986 P10747 0.6006157395597639
P04049 P63104 P49815 P61981 O15151 P04637 Q00987 0.601275490145724
P04049 P63104 P49815 P61981 O15151 P04637 Q00987 0.601275490145724
P00533 P62993 P22681 Q96B97 P0CG48 P04637 Q9BUJ2 0.6043583776234447
P49815 P31946 P30305-2 P62258 P35568 P27986 P10747 0.6046574630763351
P04049 P63104 P22681 Q96B97 P0CG48 P04637 O15151 0.6058809540501107
P04049 P63104 P22681 Q96B97 P0CG48 P04637 O15151 0.6058809540501107
P00533 P22681 P27986 P35568 P62258 P30305 P31946 0.6059896061810937
P04049 P63104 P49815 P31946 P22681 P27986 P10747 0.6089510562583149
P01112 P04049 P31946 P22681 P12931 P18031 P06213 0.6089569002366109
P01112 P04049 P31946 P22681 P12931 P18031 P06213 0.6089569002366109
P29353 P62993 P22681 Q96B97 P0CG48 Q04206 Q8WTS6 0.6110308346149038
P11274 P62993 P00533 P22681 Q96B97 P78314 P15498 0.6148463094170906
P06213 P18031 P12931 P22681 P63104 P49815 P31946 0.6152496328259374
P06213 P18031 P12931 P22681 P63104 P49815 P31946 0.6152496328259374
P19878 P14598 Q04206 P0CG48 P04637 Q00987 P32121 0.6173382163171395
P19878 P14598 Q04206 P0CG48 P04637 Q00987 P32121 0.6173382163171395
P19878 P14598 Q04206 P0CG48 P04637 Q00987 P32121 0.6173382163171395
O43597 P22681 P00533 P29353 P62993 P18031 P06213 0.6188181747286445
P04049 P31946 P30305 P62258 P35568 P27986 P10747 0.6232881389394654
P06239 P43405 P27986 P22681 Q96B97 P0CG48 Q04206 0.6236040679427762
P60953 P46940 Q99816 O14964 P0CG48 P04637 Q00987 0.626640889980084
P22681 Q96B97 P0CG48 P04637 P61289 Q00987 O96017 0.6267370968802867
P18031 P62993 P29353 P00533 P22681 P27986 P10747 0.6267760029639989
P18031 P62993 P29353 P00533 P22681 P27986 P10747 0.6267760029639989
P15498 P78314 Q96B97 P0CG48 P04637 Q00987 Q8N488 0.6320102543504137
Q9UQC2 P62993 P22681 Q96B97 P0CG48 P04637 P22736 0.6325564307186312
P19174 P09619 P27986 P22681 P12931 P18031 P06213 0.6343074642642543
P19174 P09619 P27986 P22681 P12931 P18031 P06213 0.6343074642642543
P19174 P09619 P27986 P22681 P12931 P18031 P06213 0.6343074642642543
Q96B97 P22681 P00533 P62993 Q07889 Q8IZP0 P00519 0.6351656076345256
P29353 P00533 P22681 Q96B97 P0CG48 Q00987 Q8N488 0.6353300666949525
P29353 P62993 P00533 P22681 P63104 P04049 P31946 0.6355365132450463
P29353 P62993 P00533 P22681 P63104 P04049 P31946 0.6355365132450463
P29353 P62993 P00533 P22681 P63104 P04049 P31946 0.6355365132450463
Q13153 P60953 P27986 P22681 P12931 P18031 Q03135 0.6362943612039657
P43405 P27986 P22681 Q96B97 P0CG48 Q00987 Q8N488 0.6368446659667689
P01112 P04049 P63104 P22681 Q96B97 P0CG48 Q13501 0.6372658003742235
Q9Y5K6 P22681 P27986 P35568 P62258 P30305-2 P31946 0.6376266911242763
P04049 P63104 P49815 P31946 P30305-2 P62258 P54253 0.6395374291313195
P04049 P63104 P49815 P31946 P30305 P62258 P54253 0.6395374291313195
P04049 P63104 P49815 P31946 P30305 P62258 P54253 0.6395374291313195
P10912 P18031 P12931 P22681 Q96B97 P78314 P15498 0.6396176419567569
P09619 P27986 P22681 Q96B97 P78314 P27348 P46527 0.6402910539842553
P09619 P27986 P22681 Q96B97 P78314 P27348 P46527 0.6402910539842553
P04049 P63104 P30305 P31946 P22681 P27986 P10747 0.642105611160863
P04049 P63104 P30305 P31946 P22681 P27986 P10747 0.642105611160863
P46940 Q99816 O14964 P0CG48 P04637 Q00987 O96017 0.6429367421713162
Q8WV28 P62993 P00533 P22681 Q96B97 P0CG48 P04637 0.6448322433325249
O43561 P62993 P00533 P22681 P12931 P18031 Q03135 0.6452288215860679
O43561 P62993 P00533 P22681 P12931 P18031 Q03135 0.6452288215860679
P11274 P62993 P00533 P22681 P27348 P78314 P15498 0.6454883068687218
P29353 P62993 P00533 P22681 P63104 P49815 P31946 0.6479642344018888
P50406 P06241 P22681 Q96B97 P0CG48 P04637 O15151 0.6481661971522821
P06213 P18031 P12931 P22681 P63104 P30305 P31946 0.6484041877284854
P06213 P18031 P12931 P22681 P63104 P30305 P31946 0.6484041877284854
P63000 Q13153 Q14155 P22681 P12931 P18031 P06213 0.649021913726699
P63000 Q13153 Q14155 P22681 P12931 P18031 P06213 0.649021913726699
P63000 Q13153 Q14155 P22681 P12931 P18031 P06213 0.649021913726699
P49815 P63104 P30305 P31946 P22681 Q96B97 P0CG48 0.6508733182824643
P49815 P63104 P30305 P31946 P22681 Q96B97 P0CG48 0.6508733182824643
P11274 P62993 P22681 Q96B97 P0CG48 P04637 Q9BUJ2 0.6533009924372758
P23528 P63104 P30305 P62258 P35568 P27986 P22681 0.6541196433181174
P23528 P63104 P30305 P62258 P35568 P27986 P22681 0.6541196433181174
P60953 P27986 P22681 P00533 P62993 P18031 P06213 0.65420650832793
Q9H1D0 P18031 P12931 P22681 Q96B97 P78314 P27348 0.6545223808277773
P01112 P04049 P63104 P49815 P31946 P30305 Q04917 0.6552470962294858
P01112 P04049 P63104 P49815 P31946 P30305 Q04917 0.6552470962294858
P01112 P04049 P63104 P49815 P31946 P30305 Q04917 0.6552470962294858
P04049 P63104 P30305 P31946 P49815 P61981 O15151 0.6553037279667535
P04049 P63104 P30305 P31946 P49815 P61981 O15151 0.6553037279667535
Q9H1D0 P18031 P12931 P22681 Q96B97 P78314 P15498 0.6589035488433402
Q9UQC2 P62993 P22681 Q96B97 P0CG48 O14964 Q99816 0.660761927635918
P09619 P27986 P35568 P62258 P30305 P63104 P54253 0.6608269129141113
P09619 P27986 P35568 P62258 P30305 P63104 P54253 0.6608269129141113
P09619 P27986 P22681 P12931 Q8WUM4 Q53EZ4 Q99816 0.6622083295166961
P35968 P29353 P00533 P22681 Q96B97 P0CG48 P54252 0.6641377049144594
P35968 P29353 P00533 P22681 Q96B97 P0CG48 P54252 0.6641377049144594
P35968 P29353 P00533 P22681 Q96B97 P0CG48 Q13501 0.6641377049144594
P35968 P29353 P00533 P22681 Q96B97 P0CG48 Q13501 0.6641377049144594
P46940 P60953 P27986 P22681 Q96B97 P78314 P15498 0.6642982544516558
P46940 P60953 P27986 P22681 Q96B97 P78314 P15498 0.6642982544516558
P01133 P00533 P62993 P22681 Q96B97 P0CG48 P04637 0.6646348706287046
P22681 Q96B97 P0CG48 P04637 O15151 P61981 O14757 0.6686746257550484
Q9UQC2 P62993 P00533 P22681 Q96B97 P78314 P27348 0.6686913610023065
P35968 P29353 P62993 P22681 Q96B97 P0CG48 Q9Y6K9 0.668981546652462
P11274 P62993 P22681 Q96B97 P0CG48 Q04206 Q8WTS6 0.6690782164216542
P09619 P27986 P22681 P62993 P29353 P00533 P01133 0.6690953159647568
P10912 P18031 P12931 P22681 P27348 P78314 P15498 0.6702596394083881
P10912 P18031 P12931 P22681 P27348 P78314 P15498 0.6702596394083881
P09619 P27986 P22681 P62993 Q07889 Q8IZP0 P00519 0.6711798787526946
P32121 Q00987 P04637 P0CG48 Q96B97 P78314 P27348 0.67155306085311
P04049 P63104 P30305 P31946 P30305-2 P62258 P54253 0.6726919840338675
Q9UQC2 P62993 P00533 P22681 Q96B97 P78314 P15498 0.6730725290178695
P19878 P14598 Q04206 P0CG48 P04637 Q00987 Q9H2X6 0.6760683958589636
P19878 P14598 Q04206 P0CG48 P04637 Q00987 Q9H2X6 0.6760683958589636
P09619 P27986 P22681 Q96B97 P78314 P15498 P00519 0.6775865855789326
P29353 P00533 P22681 P27986 P35568 P62258 P54253 0.6785105130618819
P07550 P12931 P22681 Q96B97 P0CG48 P04637 O15151 0.679357929104663
Q9Y5K6 Q13191 Q96B97 P22681 P12931 P18031 P06213 0.6795401074579985
O43561 P62993 P18031 P12931 P22681 P27986 P10747 0.6852045173704553
O43561 P62993 P18031 P12931 P22681 P27986 P10747 0.6852045173704553
P04049 P31946 P22681 Q96B97 P0CG48 P04637 O15151 0.6876240532232973
P46940 P60953 P27986 P35568 P62258 P30305 P31946 0.6880575447511681
P01112 P04049 P63104 P22681 Q96B97 P0CG48 Q9Y6K9 0.6889289400473804
P35568 P27986 P22681 Q96B97 P78314 P27348 P46527 0.6889297144794335
Q96B97 P22681 P27986 P60953 Q13153 O94875 P31749 0.6894300623967633
Q96B97 P22681 P27986 P60953 Q13153 O94875 P31749 0.6894300623967633
P11274 P62993 P00533 P22681 P63104 P04049 P31946 0.6935838950517965
P29353 P62993 P22681 P27986 P60953 P46940 Q99816 0.6952280989589879
P29353 P62993 P22681 P27986 P60953 P46940 Q99816 0.6952280989589879
P29353 P00533 P27986 P22681 P12931 P18031 P06213 0.6979036685790514
P30874 P27986 P22681 Q96B97 P0CG48 P04637 Q9BUJ2 0.7023176873793202
P18031 P62993 P00533 P22681 Q96B97 P0CG48 Q04206 0.702462469388023
Q9UQC2 P62993 P00533 P22681 P27348 P78314 P15498 0.7037145264695007
P07766 P16333 P22681 Q96B97 P0CG48 P04637 O15151 0.7042460915399162
P11274 P62993 P00533 P22681 P63104 P49815 P31946 0.7060116162086391
P06213 P18031 P62993 P22681 Q96B97 P0CG48 Q04206 0.7071362150879026
P60953 Q13153 Q14155 P22681 P12931 P18031 P06213 0.7080836282179606
P60953 Q13153 Q14155 P22681 P12931 P18031 P06213 0.7080836282179606
P09619 P27986 P22681 P27348 P78314 P15498 P00519 0.7082285830305638
Q13153 Q14155 Q13191 Q96B97 P0CG48 P04637 Q00987 0.709752492533005
P55196 P12931 P22681 Q96B97 P0CG48 O14964 Q99816 0.7127769426928532
Q13153 P60953 P27986 P35568 P62258 P30305-2 P31946 0.7142599171451922
P15498 P78314 P27348 P22681 Q96B97 P0CG48 Q9Y6K9 0.7164414624699764
P30874 P27986 P22681 Q96B97 P0CG48 Q04206 Q8WTS6 0.7180949113636986
P10912 P18031 P12931 P22681 P63104 P04049 P31946 0.7183552275914629
P10912 P18031 P12931 P22681 P63104 P04049 P31946 0.7183552275914629
P35568 P62258 P30305-2 P31946 P04049 P63104 P54253 0.719800918103884
P43405 P06239 P22681 Q96B97 P0CG48 P04637 O96017 0.7220840848115957
P00533 P18031 P12931 P22681 Q96B97 P0CG48 Q13501 0.7249203701320681
P11274 P62993 P29353 P22681 Q96B97 P0CG48 P55036 0.7252148802295804
P01112 P04049 P63104 P22681 P12931 P18031 Q03135 0.730780466471115
P10912 P18031 P12931 P22681 P63104 P49815 P31946 0.7307829487483053
P09619 P27986 P22681 Q9Y5K6 P06729 O95400 P14678 0.7309032014207827
P09619 P27986 P22681 Q9Y5K6 P06729 O95400 P14678 0.7309032014207827
P09619 P27986 P22681 Q9Y5K6 P06729 O95400 P14678 0.7309032014207827
O43597 P22681 P00533 P62993 Q07889 Q8IZP0 P00519 0.7318795779030102
P46940 P60953 P27986 P22681 P62993 P18031 P06213 0.7326032998901626
P46940 P60953 P27986 P22681 P62993 P18031 P06213 0.7326032998901626
P56945 P18031 P12931 P22681 Q96B97 P0CG48 Q9UBN7 0.7327473568634739
P10747 P27986 P35568 P62258 P30305 P63104 P54253 0.7341581859996609
P15498 P78314 Q96B97 P0CG48 P04637 Q00987 Q9H2X6 0.734664408410497
Q96B97 P22681 P27986 P60953 Q13153 P63000 Q01105 0.7350004080123277
Q99816 Q53EZ4 Q8WUM4 P12931 P22681 P27986 P10747 0.7355396026022455
P50406 P06241 P09619 P27986 P22681 Q96B97 P0CG48 0.7361961529358927
Q8WV28 P62993 P00533 P22681 Q96B97 P0CG48 P55036 0.7367174172703363
P11274 P62993 O43597 P22681 P12931 P18031 P06213 0.7370002200531478
P35568 P27986 P22681 Q96B97 P0CG48 Q9Y6K9 O15111 0.737388701613937
Q9H1D0 P18031 P12931 P22681 P63104 P04049 P31946 0.7376411344780462
P01112 P04049 P31946 P49815 P61981 O15151 P04637 0.7393899232597001
P00533 P29353 P62993 Q07889 P01112 P04049 P31946 0.7425797954591495
P46940 P60953 P27986 P22681 P63104 P04049 P31946 0.7430358400863617
P20936 P09619 P27986 P22681 Q96B97 P0CG48 Q13501 0.7443594635750537
P46940 Q99816 O14964 P0CG48 P04637 Q00987 P32121 0.7455020928568131
P19174 P09619 P27986 P22681 Q96B97 P0CG48 Q04206 0.7490543078792614
P63000 Q13153 Q14155 Q13191 Q96B97 P0CG48 P04637 0.7506161962981203
P01112 P04049 P63104 P54253 P62258 P30305-2 P31946 0.7517193429874078
P01112 P04049 P63104 P54253 P62258 P30305-2 P31946 0.7517193429874078
P63000 Q13153 P60953 P27986 P35568 P62258 P54253 0.7549984879563809
P63000 Q13153 P60953 P27986 P35568 P62258 P54253 0.7549984879563809
P46940 P60953 P27986 P22681 P63104 P49815 P31946 0.7554635612432042
P35968 P29353 P00533 P22681 P12931 P18031 Q03135 0.757652371011351
P0CG48 Q96B97 P22681 P27348 P78314 P15498 P00519 0.7592691662177419
P60953 Q13153 Q14155 P22681 Q96B97 P0CG48 P55036 0.7612374609251533
P10912 P18031 P12931 P22681 P63104 P30305 P31946 0.7639375036508533
Q15080 P19878 P14598 Q04206 P0CG48 Q96B97 P22681 0.7643643114833464
P35968 P29353 P62993 P22681 Q96B97 P78314 P15498 0.7650393387179107
P06239 P43405 P27986 P22681 Q96B97 P78314 P15498 0.7666301553771742
P46940 P60953 P27986 P22681 P00533 P18031 P06213 0.766643904614806
P18031 P12931 P22681 P62993 Q07889 Q8IZP0 P00519 0.7689920474890569
P09619 P27986 P22681 P31946 P30305 P63104 P54253 0.7689920836939148
P09619 P27986 P22681 P31946 P30305 P63104 P54253 0.7689920836939148
P35568 P27986 P22681 P31946 P04049 P63104 P54253 0.7720484681297025
Q9HCE7 P61289 Q00987 P04637 P0CG48 O14964 Q99816 0.7725640148997701
Q9HCE7 P61289 Q00987 P04637 P0CG48 O14964 Q99816 0.7725640148997701
Q9HCE7 P61289 Q00987 P04637 P0CG48 O14964 Q99816 0.7725640148997701
Q9UQC2 P62993 P00533 Q96B97 P22681 P27986 P10747 0.7767366445355178
P23528 P63104 P49815 P61981 O15151 P04637 Q00987 0.7805436094527882
P10747 P27986 P22681 P27348 P78314 P15498 P00519 0.7815598561161133
P0CG48 Q96B97 P22681 Q9Y5K6 P06729 O95400 P14678 0.7819437846079608
P0CG48 Q96B97 P22681 Q9Y5K6 P06729 O95400 P14678 0.7819437846079608
Q9H1D0 P18031 P12931 P22681 P63104 P30305 P31946 0.7832234105374367
P06703 P52292 O96017 Q00987 P04637 P0CG48 Q13501 0.7837551875730469
O43597 P22681 P27986 P60953 Q13153 O94875 P31749 0.786144032665248
Q9Y5K6 Q13191 Q96B97 P0CG48 P04637 Q00987 Q8N488 0.7874660357740234
P46940 P60953 P27986 P22681 P63104 P30305 P31946 0.7886181161457523
P23528 P63104 P04049 P31946 P49815 P61981 O15151 0.7889895712144275
P09619 P27986 P35568 P62258 P30305 P63104 P22681 0.7909838240486045
Q13322 P06213 P18031 P12931 Q8WUM4 Q53EZ4 Q99816 0.7914728057865681
P46940 Q99816 Q53EZ4 Q8WUM4 P12931 P18031 P06213 0.7914728057865681
P23467 P10912 P18031 P12931 P22681 P27986 P10747 0.7964198678007389
Q9UQC2 P62993 P00533 P22681 P63104 P30305 P31946 0.797392390711966
P56945 P18031 P12931 P22681 P63104 P49815 P31946 0.7981719706532823
P50570 Q99962 Q96B97 P0CG48 P04637 Q00987 O96017 0.7992682060967016
Q03135 P18031 P12931 P22681 P63104 P04049 P31946 0.8063885770767858
P10747 P27986 P22681 P31946 P49815 P63104 P54253 0.8091688018769163
P0CG48 P04637 O15151 P61981 P49815 P63104 P54253 0.8095334800828908
Q9UQC2 P62993 P22681 P27986 P60953 P46940 Q99816 0.8115017003665169
P49815 P61981 O15151 Q00987 P04637 P0CG48 P55036 0.8124436345650763
P00533 P62993 Q07889 P01112 P04049 P63104 P54253 0.8156954881459592
Q13153 P60953 P46940 Q99816 O14964 P0CG48 P55036 0.8184514821742723
P35568 P27986 P22681 Q96B97 Q9ULH1 Q14247 P50570 0.8198802215292282
Q9UQC2 P62993 P29353 P00533 Q96B97 P0CG48 P04637 0.8240244671233287
P19878 P14598 Q04206 P0CG48 Q00987 P04637 Q93009 0.8255361609451755
P18031 P12931 Q8WUM4 Q53EZ4 Q99816 O14964 P0CG48 0.8277185470224202
P00533 P22681 P27986 P60953 Q13153 O94875 P31749 0.8301443619276854
P00533 P22681 P27986 P60953 Q13153 O94875 P31749 0.8301443619276854
Q15080 P19878 P14598 Q04206 P0CG48 P04637 O15151 0.8307377467273667
P11274 P62993 P22681 Q96B97 P78314 P27348 P46527 0.833538951803199
Q96B97 P0CG48 P04637 Q00987 Q9H2X6 Q09472 Q16665 0.8348475776667534
P35968 P29353 P00533 P22681 Q96B97 P0CG48 Q9UBN7 0.8375993296548051
Q01113 P63104 P04049 P31946 P30305 P62258 P54253 0.8385987062927045
P01112 P04049 P63104 P49815 P31946 P22681 P46108 0.8399363819668678
P18031 P62993 P00533 P22681 Q96B97 P78314 P27348 0.841107388806858
Q9P0K1 P63104 P49815 P31946 P22681 P27986 P10747 0.8420831654560305
P19174 P00533 P22681 Q96B97 P0CG48 P04637 O15151 0.84666569901428
P29353 P62993 P00533 Q96B97 P0CG48 P04637 O96017 0.8477762582816947
P35568 P62258 P30305-2 P31946 P04049 P63104 P22681 0.8499578292383771
P00533 P62993 P18031 P12931 Q8WUM4 Q53EZ4 Q99816 0.8500010029174239
P01112 P04049 P63104 P62258 P35568 P27986 P10747 0.8500236979137014
Q01113 P63104 P49815 P31946 P30305 P62258 P54253 0.8510264274495468
P43405 P27986 P22681 P62993 P29353 P00533 P01133 0.8526297291839208
P06213 P35568 P27986 P22681 Q96B97 P0CG48 Q13501 0.8538221278033875
P49815 P63104 P22681 P00533 P62993 P18031 P06213 0.8553591212207228
P60953 P27986 P22681 P00533 P62993 P18031 Q03135 0.8577731737356209
Q9P0K1 P63104 P04049 P31946 P30305 P62258 P54253 0.8602418171721926
Q9Y5K6 P22681 P27986 P60953 Q13153 O94875 P31749 0.861781446870868
P06239 P43405 P27986 P22681 P00533 P18031 P06213 0.8689758055403244
P18031 P12931 P22681 Q96B97 Q9ULH1 Q14247 P50570 0.8690537297704124
P60953 Q13153 P63000 Q14155 Q13191 Q96B97 P22681 0.8707203903804482
P29353 P00533 P22681 Q96B97 P0CG48 Q9Y6K9 O15111 0.8707698550661065
Q99816 O14964 P0CG48 P04637 O15151 P61981 O14757 0.8728521843292498
P50406 P06241 P22681 Q96B97 P0CG48 Q00987 P32121 0.8739167375321317
P09619 P27986 P22681 P62993 O43561 P18031 P06213 0.8751559748906828
P09619 P27986 P22681 Q96B97 Q8WUM4 Q53EZ4 Q99816 0.8753622706492006
Q99816 O14964 P0CG48 P04637 Q00987 Q9H2X6 Q01196 0.8832030537180605
P07766 P16333 P22681 Q96B97 P0CG48 Q00987 Q8N488 0.8860726574015066
P35968 P29353 P00533 P22681 P63104 P04049 P31946 0.890596222287771
P06241 P09619 P27986 P22681 Q96B97 P78314 P15498 0.8920803953136595
P04049 P31946 P49815 P61981 O15151 P04637 Q09472 0.8979949534363388
P35968 P29353 P00533 Q96B97 P0CG48 P04637 Q00987 0.8992693019167286
P63000 Q13153 Q14155 P22681 Q96B97 P78314 P27348 0.902413676760541
P63000 Q13153 Q14155 P22681 Q96B97 P78314 P15498 0.906794844776104
Q96B97 P0CG48 P04637 Q00987 O96017 P30304 Q9Y297 0.9072901651850379
P12931 Q8WUM4 Q53EZ4 Q99816 O14964 P0CG48 P55036 0.9074208291607542
P30874 P27986 P22681 P62993 P29353 P00533 P01133 0.911359908725745
P46940 P60953 P42768 P06241 P22681 P27986 P10747 0.9138302431322624
P35568 P27986 P22681 Q96B97 P78314 P15498 Q8N720 0.9139668703374046
P09619 P27986 P22681 P00533 P62993 Q9UQC2 P31946 0.9143239296541389
P60953 P42768 P06241 P22681 Q96B97 P0CG48 P55036 0.9177419256279151
P04049 P63104 P49815 P61981 O15151 Q00987 Q8N488 0.9205612813973101
P08069 P62258 P35568 P27986 P60953 P46940 Q99816 0.9265723991814195
Q9H1D0 P18031 P12931 P22681 P43405 P27986 P10747 0.9291342511457842
Q13153 Q14155 P22681 P00533 P62993 P18031 P06213 0.9295624407496157
O43561 P62993 O43597 P22681 Q96B97 P0CG48 P54252 0.9316409971746387
Q9UQC2 P62993 P29353 P00533 P22681 Q15811 O00401 0.9432398612001456
Q13153 O94875 P31749 Q00987 P04637 P0CG48 P54252 0.94728359454078
P09619 P27986 P00533 P22681 P12931 P18031 Q03135 0.9562977393044958
P18031 P12931 P22681 P63104 P30305 P62258 P54253 0.9619262244945261
P23528 P63104 P49815 P61981 O15151 P04637 Q09472 0.9634659472801331
Q86WV1 O15117 P06241 P22681 P12931 P18031 P06213 0.9910746491756932
P35968 P29353 P00533 P22681 P12931 P18031 P42229 0.9931417581478599
Q9P0K1 P63104 P04049 P01112 Q07889 P62993 P22681 0.9949993992929645
P01112 P04049 P31946 Q9UQC2 P62993 P00533 P22681 1.0062246278058433
P00533 P62993 P22681 Q96B97 Q8WUM4 Q53EZ4 Q99816 1.0196675536543132
P11274 P62993 P29353 P00533 Q96B97 P22681 P31946 1.0249353727718913
P08069 P62258 P35568 P06213 P18031 P12931 P22681 1.0272799804524
P04049 P01112 Q07889 P62993 P29353 P00533 P01133 1.033216079808362
P60953 Q13153 P63000 P19174 P00533 P62993 P22681 1.0405621010800241
Q99816 P46940 P60953 Q13153 P63000 P19174 P31749 1.0534292360474877
P16284 Q06124 P09619 P27986 P22681 P27348 P46527 1.0584996366680324
P09619 P27986 P22681 P00533 P62993 Q9UQC2 P27361 1.1581341177769078

