0	0.015432098765432056	0.022222222222222254	2.6743890052643993	2.6743890052643993	[2004, 19, 132, 1108, 1086, 1112]	65901
1	0.030626047858558048	0.04032921810699586	2.6743890052643993	3.5504141572377215	[10, 158, 1713, 174, 1086, 1112]	70005
2	0.045585522428642	0.0659204389574759	2.6743890052643993	3.3692329725658183	[1580, 301, 2627, 261, 1086, 1112]	63828
3	0.06031414090968146	0.09581098491083673	2.6743890052643993	3.5764431740820974	[2872, 241, 217, 261, 1086, 1112]	63027
4	0.07481546589564314	0.11992269197988104	2.6743890052643993	3.9051828495251035	[305, 3083, 19, 334, 1086, 1096]	62332
5	0.08909300500219186	0.14808516583652487	2.6743890052643993	3.8661440547314783	[2636, 301, 2627, 261, 1086, 1112]	62062
6	0.10315021171512095	0.1638613664691818	2.426484904269537	2.426484904269537	[734, 19, 132, 1108, 1086, 1112]	63727
7	0.11699048622569008	0.18244222499208895	2.426484904269537	3.6917975251449304	[1529, 156, 1713, 174, 1086, 1112]	61834
8	0.13061717625307134	0.20424376565896651	2.426484904269537	3.236190705972595	[734, 19, 132, 1094, 1086, 1112]	62371
9	0.1440335778541042	0.22192723753321175	2.426484904269537	2.793516874800511	[1259, 734, 1203, 174, 1086, 1112]	62670
10	0.1572429362205532	0.246825565932149	2.426484904269537	3.204410474350957	[5032, 23, 5272, 174, 1086, 1112]	63233
11	0.17024844646406312	0.26077324063710916	2.426484904269537	3.2554358471025484	[1580, 438, 2627, 261, 1086, 1112]	63089
12	0.18305325438900033	0.27720050195628454	2.426484904269537	2.545237350214759	[811, 734, 1203, 174, 1086, 1112]	96500
13	0.19566045725336756	0.2932627130239227	2.426484904269537	3.544621900098326	[2309, 420, 158, 1115, 1086, 1112]	65162
14	0.208073104517976	0.3089679860678356	2.426484904269537	3.184750484208875	[432, 19, 132, 1108, 1086, 1096]	60823
15	0.22029419858405663	0.3310810105136649	2.426484904269537	2.793516874800511	[1259, 734, 1203, 174, 1086, 1112]	66153
16	0.2323266955194878	0.3489188502333005	2.426484904269537	2.723312616127263	[107, 734, 1203, 174, 1086, 1112]	67488
17	0.2441735057738167	0.3739203663843418	2.426484904269537	3.8480675773813147	[1468, 3136, 836, 1089, 1086, 1112]	71938
18	0.2558374948822454	0.3855144336735207	2.426484904269537	3.3286916908759068	[19, 241, 132, 1094, 1086, 1112]	65432
19	0.2673214841587539	0.39689379601289987	2.426484904269537	3.484094806967457	[2004, 19, 132, 1094, 1086, 1112]	80235
20	0.2786282513785262	0.41297662811922253	2.426484904269537	3.4347039664096126	[421, 438, 2627, 261, 1086, 1112]	64172
21	0.28976053144984526	0.43254407384858173	2.426484904269537	3.4714239837057717	[2146, 1728, 132, 1108, 1086, 1112]	61583
22	0.30072101707561927	0.4476762318792862	2.426484904269537	3.998590429430397	[542, 269, 2013, 2116, 1086, 1112]	61793
23	0.31151235940469924	0.4579044498074475	2.426484904269537	3.6060011103515626	[545, 132, 1713, 174, 1086, 1112]	62897
24	0.32213716867314524	0.4723603311459156	2.426484904269537	2.870736037412858	[3, 19, 132, 1108, 1086, 1112]	61680
25	0.3325980148355967	0.4840856571204508	2.426484904269537	2.545237350214759	[811, 734, 1203, 174, 1086, 1112]	61213
26	0.34289742818689917	0.49363962643303505	2.426484904269537	3.236190705972595	[734, 19, 132, 1094, 1086, 1112]	61436
27	0.35303789997413837	0.5030166703879788	2.426484904269537	3.0091646099295257	[241, 132, 1713, 174, 1086, 1112]	105467
28	0.3630218829992288	0.512220065380794	2.426484904269537	3.409802677289374	[1791, 420, 158, 1115, 1086, 1112]	60411
29	0.37285179221220366	0.5252275303039728	2.426484904269537	3.536331055654151	[331, 241, 132, 1094, 1086, 1096]	60936
30	0.38253000529534864	0.5378881294958668	2.426484904269537	3.6060011103515626	[2040, 1451, 1713, 174, 1086, 1112]	60895
31	0.3920588632383216	0.5481572821737365	2.426484904269537	2.5286478000845856	[2872, 241, 132, 1108, 1086, 1112]	106783
32	0.40144067090439683	0.5565247399112598	2.426484904269537	3.409802677289374	[1791, 420, 158, 1115, 1086, 1112]	74004
33	0.4106776975879709	0.5707159482340995	2.426484904269537	3.7428479496337594	[1792, 496, 132, 1108, 1086, 1112]	92060
34	0.4197721775634652	0.5802555938288974	2.426484904269537	3.462983623397844	[1742, 400, 19, 334, 1086, 1112]	85889
35	0.4287263106257574	0.5914487779934601	2.426484904269537	3.6167299521115073	[3621, 1720, 132, 1094, 1086, 1112]	74014
36	0.43754226262227347	0.5990145413639516	2.426484904269537	3.926571328946758	[734, 19, 422, 334, 1086, 1112]	86514
37	0.44622216597686803	0.60644019800536	2.1976818767155635	2.1976818767155635	[10, 734, 1203, 174, 1086, 1112]	93918
38	0.4547681202056201	0.6169351260585503	2.1976818767155635	2.1976818767155635	[10, 734, 1203, 174, 1086, 1112]	73962
39	0.46318219242466907	0.624028920020429	2.1976818767155635	3.0836053386938795	[241, 132, 19, 334, 1086, 1112]	63191
40	0.47146641785021426	0.6360599945797752	2.1976818767155635	3.3383536017876443	[2872, 241, 132, 1094, 1086, 1112]	62118
41	0.4796228002907974	0.6441475502557803	2.1976818767155635	3.464547836593158	[1726, 132, 217, 261, 1086, 1112]	63316
42	0.48765331263198874	0.6555348286475953	2.1976818767155635	3.866616265254481	[4345, 1402, 1078, 334, 1086, 1112]	271688
43	0.49555989731359384	0.664720566550326	2.1976818767155635	3.484094806967457	[2004, 19, 132, 1094, 1086, 1096]	63276
44	0.5033444667994951	0.6775952967947936	2.1976818767155635	4.169455003942114	[420, 1791, 836, 1089, 1086, 1112]	61466
45	0.5110089040402437	0.6847598457549092	2.1976818767155635	3.4669248454207757	[3819, 438, 2627, 261, 1086, 1112]	61957
46	0.5185550629285114	0.6931662498681117	2.1976818767155635	3.3802769052980004	[1515, 1031, 132, 1108, 1086, 1112]	61964
47	0.5259847687475159	0.7049486658731762	2.1976818767155635	2.6296491148067798	[241, 1031, 132, 1108, 1086, 1112]	61274
48	0.5332998186125233	0.7104125794681173	2.1976818767155635	2.1976818767155635	[10, 734, 1203, 174, 1086, 1112]	62205
49	0.5405019819055399	0.716847855479937	2.1976818767155635	3.7282586004404497	[2557, 2558, 255, 174, 1086, 1112]	61586
50	0.5475930007032939	0.725908724104579	2.1976818767155635	3.5764431740820974	[2872, 241, 217, 261, 1086, 1096]	61133
51	0.5545745901986134	0.7346796449332325	2.1976818767155635	3.6060011103515626	[3180, 843, 3094, 174, 1086, 1096]	84706
52	0.5614484391153014	0.7395929848418763	2.1976818767155635	3.5247094981667253	[2387, 1663, 1546, 234, 1086, 1112]	87575
53	0.5682162101166085	0.7479260093269363	2.1976818767155635	3.0466300264731196	[4118, 23, 5272, 174, 1086, 1112]	75836
54	0.5748795402074016	0.7546479824115513	2.1976818767155635	3.4455895737600724	[190, 196, 1078, 334, 1086, 1112]	76047
55	0.5814400411301268	0.7601002494690724	2.1976818767155635	3.260479038210432	[1726, 132, 1713, 174, 1086, 1112]	76808
56	0.5878992997546619	0.7664975761498971	2.1976818767155635	3.673264351591776	[21, 1417, 5272, 174, 1086, 1112]	92018
57	0.5942588784621516	0.7708216951100842	2.1976818767155635	3.6167299521115073	[3621, 1720, 132, 1094, 1086, 1096]	584274
58	0.6005203155229208	0.7759145463298601	2.1976818767155635	3.697543484746859	[1819, 241, 19, 334, 1086, 1112]	62480
59	0.6066851254685548	0.7800642769533812	2.1976818767155635	3.5492810816234277	[158, 420, 1822, 1094, 1086, 1112]	63473
60	0.6127547994582376	0.7859292295679577	2.1976818767155635	3.528922042863038	[1892, 3459, 1203, 174, 1086, 1112]	61079
61	0.6187308056394376	0.7916377834461454	2.1976818767155635	3.5673687331398343	[2297, 400, 19, 334, 1086, 1096]	62629
62	0.6246145895030265	0.7954963430119576	2.1976818767155635	2.9611430034036257	[781, 19, 132, 1108, 1086, 1112]	62592
63	0.630407574232918	0.800949773864972	2.1976818767155635	3.1589477053178707	[10, 734, 19, 334, 1086, 1112]	61675
64	0.6361111610503113	0.8075847814028063	2.1976818767155635	2.793516874800511	[1259, 734, 1203, 174, 1086, 1112]	63001
65	0.6417267295526212	0.8127158538987315	2.1976818767155635	2.6296491148067798	[241, 1031, 132, 1108, 1086, 1112]	63824
66	0.6472556380471796	0.8187089465739721	2.1976818767155635	3.616068971143373	[1988, 19, 132, 1108, 1086, 1112]	62555
67	0.6526992238797849	0.8235433746653328	2.1976818767155635	3.673264351591776	[21, 1417, 5272, 174, 1086, 1112]	61659
68	0.6580588037581832	0.8274646330061032	2.1976818767155635	3.260479038210432	[1726, 132, 1713, 174, 1086, 1112]	66237
69	0.6633356740705569	0.830659732394879	2.1976818767155635	3.913538059743548	[2627, 438, 254, 174, 1086, 1112]	88690
70	0.6685311111990977	0.8360786209582429	2.1976818767155635	3.204410474350957	[5032, 23, 5272, 174, 1086, 1112]	117962
71	0.6736463718287411	0.8404498577326898	2.1976818767155635	4.303353396184585	[1647, 1645, 234, 174, 1086, 1112]	88593
72	0.6786826932511372	0.8447045281931513	2.1976818767155635	3.5247094981667253	[2387, 1663, 1546, 234, 1086, 1112]	68183
73	0.6836412936639282	0.8488457407746672	2.1976818767155635	3.6157662924345093	[241, 1697, 132, 1108, 1086, 1096]	298053
74	0.6885233724654107	0.8528765210206761	2.1976818767155635	3.528922042863038	[1892, 3459, 1203, 174, 1086, 1112]	64749
75	0.6933301105446482	0.8575844723480145	2.1976818767155635	4.269238095219388	[677, 132, 1729, 1094, 1086, 1112]	64721
76	0.6980626705671074	0.8602217969341623	2.1976818767155635	2.702639471550251	[77, 19, 132, 1108, 1086, 1112]	72328
77	0.7027221972558866	0.8648810703696903	2.1976818767155635	3.5039302684876574	[4301, 1711, 132, 1108, 1086, 1112]	69309
78	0.7073098176686043	0.8678837132503638	2.1976818767155635	3.528922042863038	[2528, 3459, 1203, 174, 1086, 1112]	72472
79	0.7118266414700147	0.8721114344263522	2.1976818767155635	4.112562981256703	[3819, 438, 970, 261, 1086, 1112]	72441
80	0.7162737612004157	0.876203868524709	2.1976818767155635	4.133167556076189	[3248, 390, 1078, 334, 1086, 1112]	64689
81	0.7206522525399155	0.882146082835523	2.1976818767155635	3.069833347705165	[2607, 1587, 132, 1108, 1086, 1112]	71487
82	0.7249631745686205	0.8843285627830132	2.1976818767155635	2.2790614829839417	[19, 734, 1203, 174, 1086, 1112]	76294
83	0.7292075700228084	0.886899039165613	2.1976818767155635	2.5286478000845856	[2872, 241, 132, 1108, 1086, 1112]	69320
84	0.7333864655471478	0.8894123938508216	2.1976818767155635	4.012957617861208	[1974, 1969, 254, 174, 1086, 1112]	77587
85	0.7375008719430252	0.8923613966814663	2.1976818767155635	3.7351968406794853	[1758, 2919, 1203, 174, 1086, 1112]	96844
86	0.7415517844130401	0.8952317594366273	2.1976818767155635	3.5779691026203686	[160, 320, 836, 1089, 1086, 1112]	82064
87	0.7455401828017278	0.8985843431346552	2.1976818767155635	2.426484904269537	[734, 19, 132, 1108, 1086, 1112]	66734
88	0.7494670318325654	0.9024787043582844	2.1976818767155635	3.8480675773813147	[1468, 3136, 836, 1089, 1086, 1112]	961427
89	0.753333281341322	0.9055993858188193	2.1976818767155635	2.940940296086106	[1548, 19, 132, 1108, 1086, 1112]	88951
90	0.7571398665058078	0.9082216251016298	2.1976818767155635	3.736204611367037	[77, 19, 1987, 334, 1086, 1112]	99675
91	0.7608877080720762	0.9111585330983777	2.1976818767155635	3.926892758259741	[1781, 390, 3248, 334, 1086, 1112]	84962
92	0.7645777125771367	0.913527638882421	2.1976818767155635	3.671150278463103	[2490, 390, 1078, 334, 1086, 1112]	87352
93	0.7682107725682302	0.9151289789031168	2.1976818767155635	2.1976818767155635	[10, 734, 1203, 174, 1086, 1112]	92512
94	0.7717877668187205	0.9178448515782172	2.1976818767155635	2.6743890052643993	[2004, 19, 132, 1108, 1086, 1096]	105926
95	0.7753095605406538	0.9193662432156575	2.1976818767155635	3.5800061191568133	[19, 241, 1729, 1094, 1086, 1112]	88453
96	0.7787770055940388	0.9208594609338862	2.1976818767155635	2.790120672112291	[241, 217, 132, 1108, 1086, 1112]	88025
97	0.7821909406928962	0.9226181395797998	2.1976818767155635	3.5891433710848464	[1807, 157, 1713, 174, 1086, 1112]	91952
98	0.7855521916081293	0.9240511369949886	2.1976818767155635	2.6296491148067798	[241, 1031, 132, 1108, 1086, 1112]	101157
99	0.7888615713672631	0.9254575974210074	2.1976818767155635	3.7379752745274795	[1712, 132, 1713, 174, 1086, 1112]	94258
100	0.7921198804511016	0.9278429543035351	2.1976818767155635	3.0466300264731196	[4118, 23, 5272, 174, 1086, 1096]	93529
101	0.79532790698735	0.9297671421887742	2.1976818767155635	4.000940622867456	[1529, 2229, 494, 636, 1086, 1112]	104078
102	0.7984864269412489	0.9320145936387334	2.1976818767155635	3.4669248454207757	[3819, 438, 2627, 261, 1086, 1096]	95265
103	0.8015962043032667	0.9335253804467616	2.1976818767155635	3.334919766974785	[1715, 132, 19, 334, 1086, 1112]	86560
104	0.8046579912738953	0.9356525682724652	2.1976818767155635	2.5286478000845856	[2872, 241, 132, 1108, 1086, 1112]	719259
105	0.8076725284455943	0.9368441873785307	2.1976818767155635	3.9510522245975706	[10, 158, 420, 458, 1086, 1112]	69406
106	0.8106405449819278	0.939269370583195	2.1976818767155635	3.838061935263993	[2582, 1192, 836, 1089, 1086, 1112]	70560
107	0.8135627587939351	0.9408888540343099	2.1976818767155635	3.221273652630817	[19, 132, 217, 261, 1086, 1112]	76873
108	0.8164398767137817	0.942780410705212	2.1976818767155635	2.7751196038897037	[1819, 241, 132, 1108, 1086, 1112]	72872
109	0.8192725946657295	0.944051957133985	2.1976818767155635	3.32346175437313	[2040, 545, 132, 1108, 1086, 1112]	74544
110	0.8220615978344683	0.9450880320018742	2.1976818767155635	3.4102169169392242	[1019, 19, 132, 1108, 1086, 1112]	72141
111	0.8248075608308499	0.9461049202981358	2.1976818767155635	3.460050044086323	[734, 19, 1987, 334, 1086, 1096]	73645
112	0.8275111478550652	0.9471029773296518	2.1976818767155635	2.426484904269537	[734, 19, 132, 1108, 1086, 1112]	84329
113	0.8301730128573019	0.9480825518235472	2.1976818767155635	2.545237350214759	[811, 734, 1203, 174, 1086, 1112]	74968
114	0.8327937996959238	0.9497439101651937	2.1976818767155635	3.184750484208875	[4284, 19, 132, 1108, 1086, 1112]	75006
115	0.8353741422932088	0.9508607121615227	2.1976818767155635	2.940940296086106	[1548, 19, 132, 1108, 1086, 1112]	74772
116	0.837914664788684	0.9517706989733463	2.1976818767155635	2.426484904269537	[734, 19, 132, 1108, 1086, 1096]	74940
117	0.8404159816900932	0.9526638341775436	2.1976818767155635	3.363125263892072	[432, 422, 19, 334, 1086, 1112]	79026
118	0.8428786980220363	0.9541785914838622	2.1976818767155635	3.4347039664096126	[421, 438, 2627, 261, 1086, 1112]	132745
119	0.8453034094723135	0.9554004957109592	2.1976818767155635	3.8093348907349753	[2003, 1417, 5272, 174, 1086, 1112]	1236166
120	0.8476907025360123	0.9562264124570525	2.1976818767155635	3.460050044086323	[734, 19, 1987, 334, 1086, 1112]	91900
121	0.8500411546573702	0.9573937081248645	2.1976818767155635	3.081560325988364	[241, 1126, 132, 1108, 1086, 1096]	102048
122	0.8523553343694478	0.9587571094648688	2.1976818767155635	3.490617761732537	[241, 1729, 1822, 1094, 1086, 1112]	88786
123	0.8546338014316477	0.959856919879139	2.1976818767155635	2.7266252539510933	[331, 241, 132, 1108, 1086, 1112]	90963
124	0.8568771069651099	0.9606003102517475	2.1976818767155635	3.0836053386938795	[241, 132, 19, 334, 1086, 1112]	80638
125	0.8590857935860187	0.9618611003236915	2.1976818767155635	3.8388357754274143	[158, 420, 1582, 1087, 1086, 1112]	110653
126	0.8612603955368516	0.9628781376483931	2.1976818767155635	3.6178645301457264	[10, 301, 2627, 261, 1086, 1096]	96486
127	0.8634014388156039	0.9640660372436446	2.1976818767155635	3.0466300264731196	[4118, 23, 5272, 174, 1086, 1112]	113422
128	0.8655094413030175	0.9647314809983919	2.1976818767155635	2.1976818767155635	[10, 734, 1203, 174, 1086, 1112]	82712
129	0.8675849128878474	0.9656719748384348	2.1976818767155635	3.70195466250723	[241, 1209, 132, 1094, 1086, 1112]	83464
130	0.8696283555901955	0.9667704716436049	2.1976818767155635	3.0466300264731196	[4118, 23, 5272, 174, 1086, 1096]	82874
131	0.8716402636829393	0.9673858332798344	2.1976818767155635	3.6412264034130413	[107, 10, 158, 1115, 1086, 1112]	81628
132	0.8736211238112891	0.9678891383218122	2.0839469793305785	2.0839469793305785	[359, 158, 10, 734, 19, 794]	79418
133	0.8755714151104975	0.9686027130257719	2.0839469793305785	3.4669248454207757	[3819, 438, 2627, 261, 1086, 1112]	79309
134	0.8774916093217553	0.9691841442660355	2.0839469793305785	3.8824796627235756	[1580, 438, 254, 174, 1086, 1112]	1230848
135	0.8793821709062961	0.9700059004189412	2.0839469793305785	2.5872420769840634	[811, 3459, 1203, 174, 1086, 1112]	275816
136	0.8812435571577422	0.9705613467074793	2.0839469793305785	2.426484904269537	[734, 19, 132, 1108, 1086, 1112]	94765
137	0.8830762183127152	0.9712155390028686	2.0839469793305785	3.6721450672688247	[1792, 496, 217, 261, 1086, 1112]	99473
138	0.8848805976597413	0.9717485845768896	2.0839469793305785	3.4051240256480337	[19, 132, 387, 344, 1086, 1112]	98994
139	0.8866571316464736	0.9721845632099623	2.0839469793305785	2.3681853041810967	[10, 494, 2229, 734, 19, 794]	123779
140	0.8884062499852626	0.9728026840275187	2.0839469793305785	3.585810503855643	[2040, 438, 2627, 261, 1086, 1112]	107523
141	0.890128375757095	0.9735279457867848	2.0839469793305785	3.0172048542480914	[19, 132, 1713, 174, 1086, 1112]	109612
142	0.89182392551393	0.9740181690129555	2.0839469793305785	2.426484904269537	[734, 19, 132, 1108, 1086, 1112]	114712
143	0.8934933093794557	0.9748495876045409	2.0839469793305785	4.306592233815799	[1820, 10, 161, 1023, 1086, 1112]	100090
144	0.8951369311482913	0.9755202652684198	2.0839469793305785	3.363125263892072	[432, 422, 19, 334, 1086, 1096]	91898
145	0.8967551883836571	0.9761730581945953	2.0839469793305785	3.4607062329820666	[420, 158, 1713, 174, 1086, 1112]	82962
146	0.898348472513539	0.9767025457902709	2.0839469793305785	3.932132379958449	[2627, 438, 970, 261, 1086, 1096]	93529
147	0.8999171689253671	0.9774480643249823	2.0839469793305785	3.838061935263993	[1719, 1192, 836, 1089, 1086, 1112]	118356
148	0.9014616570592349	0.9781697262665828	2.0839469793305785	3.184750484208875	[813, 19, 132, 1108, 1086, 1096]	108387
149	0.9029823104996788	0.9785739905949795	2.0839469793305785	3.0373270629232803	[3284, 734, 1203, 174, 1086, 1112]	752772
150	0.9044794970660417	0.9789707685469243	2.0839469793305785	4.130405234647846	[77, 19, 3308, 334, 1086, 1112]	100503
151	0.9059535789014423	0.9796437039534227	2.0839469793305785	3.592725015116719	[2149, 420, 158, 1115, 1086, 1112]	79203
152	0.9074049125603707	0.9802951054269132	2.0839469793305785	2.940940296086106	[1548, 19, 132, 1108, 1086, 1112]	77481
153	0.9088338490949328	0.9806600108819703	2.0839469793305785	3.6060011103515626	[545, 132, 1713, 174, 1086, 1112]	76703
154	0.9102407341397641	0.9811757439251179	2.0839469793305785	3.5247094981667253	[2387, 1663, 1546, 234, 1086, 1112]	77774
155	0.9116259079956319	0.9815243412598379	2.0839469793305785	3.56678126317036	[19, 241, 217, 261, 1086, 1112]	79400
156	0.9129897057117488	0.9818664830883593	2.0839469793305785	3.460050044086323	[734, 19, 1987, 334, 1086, 1112]	79498
157	0.9143324571668143	0.9822022889570935	2.0839469793305785	2.1976818767155635	[10, 734, 1203, 174, 1086, 1112]	78708
158	0.9156544871488079	0.9825318761986288	2.0839469793305785	2.2790614829839417	[19, 734, 1203, 174, 1086, 1112]	79307
159	0.9169561154335486	0.9829976928333319	2.0839469793305785	3.6060011103515626	[2040, 1451, 1713, 174, 1086, 1096]	79726
160	0.9182376568620432	0.9833125503734554	2.0839469793305785	3.4051240256480337	[19, 132, 387, 344, 1086, 1112]	78425
161	0.9194994214166413	0.9836215772183915	2.0839469793305785	3.5432222043472263	[87, 1265, 255, 174, 1086, 1112]	79069
162	0.9207417142960141	0.983985542169094	2.0839469793305785	3.464547836593158	[1726, 132, 217, 261, 1086, 1112]	78711
163	0.9219648359889768	0.9844125943779181	2.0839469793305785	3.7744206279486043	[331, 241, 217, 261, 1086, 1096]	134480
164	0.9231690823471717	0.9848282585278403	2.0839469793305785	2.5872420769840634	[811, 3459, 1203, 174, 1086, 1096]	810920
165	0.9243547446566289	0.9851092167032506	2.0839469793305785	3.6845784447295697	[107, 734, 19, 334, 1086, 1112]	105508
166	0.9255221097082241	0.9853849719494867	2.0839469793305785	3.3692329725658183	[1580, 301, 2627, 261, 1086, 1112]	104333
167	0.9266714598670478	0.9856556206170888	2.0839469793305785	3.7008473606648478	[10, 157, 1713, 174, 1086, 1112]	96706
168	0.9278030731407044	0.9859212572723279	2.0839469793305785	2.545237350214759	[811, 734, 1203, 174, 1086, 1112]	89972
169	0.9289172232465578	0.9863717770396134	2.0839469793305785	3.0466300264731196	[4118, 23, 5272, 174, 1086, 1112]	97039
170	0.9300141796779381	0.9866241515388798	2.0839469793305785	2.723312616127263	[107, 734, 1203, 174, 1086, 1112]	107399
171	0.9310942077693279	0.9869808408311763	2.0839469793305785	2.426484904269537	[734, 19, 132, 1108, 1086, 1112]	106995
172	0.932157568760542	0.9872219363713398	2.0839469793305785	2.2790614829839417	[19, 734, 1203, 174, 1086, 1112]	125306
173	0.9332045198599164	0.9874585671792779	2.0839469793305785	3.6842932849867926	[19, 387, 344, 174, 1086, 1112]	104910
174	0.9342353143065225	0.9876908159352172	2.0839469793305785	3.6022839188384888	[193, 1265, 255, 174, 1086, 1112]	115359
175	0.9352502014314219	0.987964353358879	2.0839469793305785	3.4885679563002645	[3869, 438, 2627, 261, 1086, 1112]	118498
176	0.936249426717974	0.9883494940513949	2.0839469793305785	3.4347039664096126	[421, 438, 2627, 261, 1086, 1112]	115751
177	0.9372332318612151	0.9885652441615542	2.0839469793305785	3.0172048542480914	[19, 132, 1713, 174, 1086, 1112]	124772
178	0.9382018548263199	0.988819349846853	2.0839469793305785	3.3383536017876443	[2872, 241, 132, 1094, 1086, 1112]	123206
179	0.9391555299061606	0.9890263989237632	2.0839469793305785	2.702639471550251	[77, 19, 132, 1108, 1086, 1096]	1796100
180	0.9400944877779791	0.9892702567254573	2.0839469793305785	3.409802677289374	[1791, 420, 158, 1115, 1086, 1112]	105808
181	0.9410189555591831	0.9894689556749859	2.0839469793305785	3.5069954494906392	[542, 269, 132, 1108, 1086, 1112]	85585
182	0.9419291568622822	0.989663975014338	2.058294522483556	2.058294522483556	[837, 162, 10, 734, 19, 794]	92543
183	0.9428253118489753	0.9900608783737874	2.058294522483556	3.428024668171216	[1647, 1697, 132, 1108, 1086, 1112]	108811
184	0.9437076372834047	0.9902817477432588	2.058294522483556	3.6445912614277525	[1849, 420, 1822, 1094, 1086, 1112]	107978
185	0.9445763465845868	0.9906056894851503	2.058294522483556	3.4714239837057717	[5415, 1587, 132, 1108, 1086, 1112]	101603
186	0.9454316498780345	0.9908562044322129	2.058294522483556	2.702639471550251	[77, 19, 132, 1108, 1086, 1112]	91032
187	0.9462737540465833	0.9911000389806872	2.058294522483556	3.6440743024501234	[1265, 415, 255, 174, 1086, 1112]	88177
188	0.9471028627804323	0.9913373712745356	2.058294522483556	3.6445912614277525	[1849, 420, 1822, 1094, 1086, 1112]	89445
189	0.9479191766264133	0.9915298741351014	2.058294522483556	3.184750484208875	[3167, 19, 132, 1108, 1086, 1112]	91398
190	0.9487228930364995	0.9916867283177847	2.058294522483556	3.6425874947946353	[119, 409, 19, 334, 1086, 1096]	96277
191	0.9495142064155659	0.9920059579503818	2.058294522483556	3.993920281751505	[1723, 241, 1729, 1094, 1086, 1112]	99910
192	0.9502933081684121	0.9922617672959696	2.058294522483556	3.409802677289374	[1791, 420, 158, 1115, 1086, 1112]	100650
193	0.9510603867460601	0.9924050679015998	2.058294522483556	3.7119802833327293	[2149, 420, 1822, 1094, 1086, 1112]	96505
194	0.9518156276913369	0.9926967132941783	2.058294522483556	3.4455895737600724	[190, 196, 1078, 334, 1086, 1112]	1402101
195	0.9525592136837545	0.9928319593442861	2.058294522483556	2.1976818767155635	[10, 734, 1203, 174, 1086, 1112]	158732
196	0.9532913245836966	0.9929647008379104	2.058294522483556	2.518985889172849	[19, 241, 132, 1108, 1086, 1112]	96166
197	0.9540121374759235	0.9931898304110973	2.058294522483556	3.58966803006855	[2872, 241, 1729, 1094, 1086, 1112]	107607
198	0.9547218267124061	0.993341167513073	2.058294522483556	3.5764431740820974	[2872, 241, 217, 261, 1086, 1096]	167125
199	0.9554205639544987	0.993489141568338	2.058294522483556	3.8276748976068466	[3202, 1720, 132, 1108, 1086, 1112]	113036
200	0.9561085182144601	0.9937391585321138	2.058294522483556	2.892248860804172	[241, 1209, 132, 1108, 1086, 1112]	128326
201	0.9567858558963357	0.9938782883425112	2.058294522483556	2.793516874800511	[1259, 734, 1203, 174, 1086, 1112]	116285
202	0.9574527408362071	0.9939916533732055	2.058294522483556	3.0836053386938795	[241, 132, 19, 334, 1086, 1112]	111434
203	0.9581093343418212	0.9941251721871343	2.058294522483556	2.5286478000845856	[2872, 241, 132, 1108, 1086, 1112]	108791
204	0.9587557952316079	0.9942557239163091	2.058294522483556	3.697543484746859	[1819, 241, 19, 334, 1086, 1112]	114459
205	0.9593922798730954	0.9943620993993404	2.058294522483556	3.428024668171216	[321, 1398, 132, 1108, 1086, 1112]	112100
206	0.9600189422207328	0.9944665049660193	2.058294522483556	3.5504141572377215	[10, 158, 1713, 174, 1086, 1112]	102722
207	0.960635933853129	0.99458947152233	2.058294522483556	3.866616265254481	[4345, 1402, 1078, 334, 1086, 1112]	118564
208	0.9612434040097164	0.9946896664941387	2.058294522483556	3.775462889659569	[420, 158, 1546, 234, 1086, 1112]	121698
209	0.9618414996268504	0.9948312753876283	2.058294522483556	3.4714239837057717	[396, 1728, 132, 1108, 1086, 1112]	2210667
210	0.9624303653733497	0.9949269925100797	2.058294522483556	3.58506169461264	[241, 1720, 132, 1094, 1086, 1096]	273929
211	0.9630101436854893	0.9950622727098108	2.058294522483556	2.790120672112291	[241, 217, 132, 1108, 1086, 1112]	94577
212	0.963580974801454	0.9951719999829262	2.058294522483556	2.793516874800511	[1259, 734, 1203, 174, 1086, 1112]	96719
213	0.9641429967952587	0.9952792888721944	2.058294522483556	3.5995927639097713	[300, 301, 2627, 261, 1086, 1112]	100004
214	0.9646963456101467	0.9954303516282842	2.058294522483556	3.6060011103515626	[1872, 843, 3094, 174, 1086, 1096]	103342
215	0.9652411550914716	0.9955149747462789	2.058294522483556	3.490617761732537	[241, 1729, 1822, 1094, 1086, 1112]	108707
216	0.9657775570190723	0.995598030769496	2.058294522483556	3.460050044086323	[734, 19, 1987, 334, 1086, 1112]	94226
217	0.9663056811391484	0.9956958523079517	2.058294522483556	3.5891433710848464	[1807, 157, 1713, 174, 1086, 1112]	97117
218	0.966825655195643	0.9958106295797396	2.058294522483556	3.2554358471025484	[1580, 438, 2627, 261, 1086, 1096]	174604
219	0.9673376049611423	0.9958882105134481	2.058294522483556	3.2554358471025484	[1580, 438, 2627, 261, 1086, 1096]	150736
220	0.9678416542672975	0.9959978582330895	2.058294522483556	3.6060011103515626	[545, 132, 1713, 174, 1086, 1112]	109081
221	0.9683379250347776	0.9960719719695138	2.058294522483556	3.428024668171216	[321, 1398, 132, 1108, 1086, 1112]	94040
222	0.9688265373027594	0.9961447132293376	2.058294522483556	3.3692329725658183	[1580, 301, 2627, 261, 1086, 1112]	96017
223	0.9693076092579637	0.9962732227883597	2.058294522483556	3.069833347705165	[2607, 1587, 132, 1108, 1086, 1112]	98850
224	0.969781257263242	0.9963422371811679	2.058294522483556	3.823816307279582	[241, 19, 387, 344, 1086, 1112]	998751
225	0.9702475958857228	0.9964397775230034	2.058294522483556	3.3286916908759068	[19, 241, 132, 1094, 1086, 1112]	106552
226	0.9707067379245234	0.9965057075688737	2.058294522483556	3.56678126317036	[19, 241, 217, 261, 1086, 1112]	108714
227	0.9711587944380339	0.9965704166879686	2.058294522483556	3.592725015116719	[2149, 420, 158, 1115, 1086, 1112]	89659
228	0.9716038747707803	0.9966801633539536	2.058294522483556	2.7751196038897037	[1819, 241, 132, 1108, 1086, 1112]	101707
229	0.9720420865798731	0.9967686923311815	2.058294522483556	3.5247094981667253	[2387, 1663, 1546, 234, 1086, 1112]	90656
230	0.9724735358610479	0.9968927745456642	2.058294522483556	3.5779691026203686	[157, 320, 836, 1089, 1086, 1112]	92160
231	0.9728983269743033	0.9969756338911131	2.058294522483556	4.267304680416987	[386, 23, 5272, 174, 1086, 1112]	108002
232	0.9733165626691443	0.9970917695496944	2.058294522483556	2.6296491148067798	[241, 1031, 132, 1108, 1086, 1112]	118223
233	0.9737283441094353	0.9971456256691444	2.058294522483556	3.536331055654151	[331, 241, 132, 1094, 1086, 1112]	108542
234	0.97413377089787	0.9971984844530491	2.058294522483556	3.770768306464354	[10, 159, 1713, 174, 1086, 1112]	101051
235	0.9745329411000634	0.9973105450749272	2.058294522483556	3.6060011103515626	[3179, 843, 3094, 174, 1086, 1112]	106665
236	0.9749259512682722	0.9973966076325296	2.058294522483556	3.838061935263993	[1719, 1192, 836, 1089, 1086, 1112]	109429
237	0.9753128964647495	0.9974660314289955	2.058294522483556	3.5297365521895774	[1546, 677, 132, 1108, 1086, 1112]	104414
238	0.975693870284738	0.9975223418416844	2.058294522483556	3.5673687331398343	[2297, 400, 19, 334, 1086, 1112]	98820
239	0.9760689648791093	0.9975682244001718	2.058294522483556	2.1976818767155635	[10, 734, 1203, 174, 1086, 1112]	1938712
240	0.9764382709766539	0.9976222638579457	2.058294522483556	3.6483982096103746	[1726, 132, 387, 344, 1086, 1112]	204437
241	0.9768018779060265	0.9976751024388802	2.058294522483556	3.4225800030903457	[4196, 1663, 1546, 234, 1086, 1112]	109012
242	0.9771598736173532	0.9977181560974195	2.058294522483556	3.0836053386938795	[241, 132, 19, 334, 1086, 1112]	140482
243	0.9775123447035052	0.9977604124659858	2.058294522483556	3.1589477053178707	[10, 734, 19, 334, 1086, 1112]	121128
244	0.9778593764210437	0.9978320792670743	2.058294522483556	3.7876454839350577	[331, 241, 1729, 1094, 1086, 1112]	133095
245	0.9782010527108425	0.9978722259473136	2.058294522483556	3.1589477053178707	[10, 734, 19, 334, 1086, 1112]	113404
246	0.9785374562183912	0.9979116291705116	2.058294522483556	3.7232750780577044	[734, 19, 387, 344, 1086, 1112]	120047
247	0.9788686683137864	0.9979673190592979	2.058294522483556	3.585810503855643	[10, 438, 2627, 261, 1086, 1112]	120387
248	0.9791947691114131	0.9980215238843833	2.058294522483556	3.6178645301457264	[10, 301, 2627, 261, 1086, 1112]	116147
249	0.9795158374893234	0.9980654900202859	2.058294522483556	3.967115338612812	[2149, 157, 1713, 174, 1086, 1112]	129587
250	0.9798319511083153	0.9981084791309461	2.058294522483556	3.236190705972595	[734, 19, 132, 1094, 1086, 1112]	129396
251	0.9801431864307178	0.9981505129280362	2.058294522483556	3.0373270629232803	[3284, 734, 1203, 174, 1086, 1096]	123613
252	0.9804496187388858	0.9981916126407466	2.058294522483556	3.409802677289374	[1791, 420, 158, 1115, 1086, 1112]	119078
253	0.9807513221534092	0.99823983630366	2.058294522483556	2.7266252539510933	[331, 241, 132, 1108, 1086, 1112]	118152
254	0.9810483696510417	0.9982789510524676	2.058294522483556	4.254859046245974	[813, 3222, 151, 174, 1086, 1112]	1690060
255	0.9813408330823528	0.9983340246187886	2.058294522483556	3.6060011103515626	[1872, 843, 3094, 174, 1086, 1096]	89892
256	0.9816287831891066	0.9983710462939266	2.058294522483556	2.959761840921175	[457, 540, 19, 409, 4290, 794]	89539
257	0.9819122896213734	0.9984012121032984	2.058294522483556	3.236190705972595	[734, 19, 132, 1094, 1086, 1112]	87628
258	0.982191420954377	0.9984308192865706	2.058294522483556	3.490617761732537	[241, 1729, 1822, 1094, 1086, 1112]	89364
259	0.982466244705081	0.9984810330694004	2.058294522483556	3.544621900098326	[2309, 420, 158, 1115, 1086, 1112]	90437
260	0.9827368273485212	0.9985215388542164	2.058294522483556	3.0153658545485023	[1580, 438, 2297, 400, 19, 794]	92509
261	0.9830032343338835	0.9985543935463449	2.058294522483556	3.6483982096103746	[1715, 132, 387, 344, 1086, 1112]	89557
262	0.9832655301003359	0.9985865181342038	2.058294522483556	3.484094806967457	[2004, 19, 132, 1094, 1086, 1096]	92194
263	0.9835237780926147	0.9986126937243112	2.058294522483556	2.723312616127263	[107, 734, 1203, 174, 1086, 1112]	93145
264	0.9837780407763707	0.9986383845812684	2.058294522483556	2.870736037412858	[3, 19, 132, 1108, 1086, 1112]	92433
265	0.9840283796532785	0.9986746943257679	2.058294522483556	3.3692329725658183	[1580, 301, 2627, 261, 1086, 1112]	175089
266	0.9842748552759131	0.998704145562973	2.058294522483556	2.8377953460797247	[1819, 241, 1720, 132, 393, 794]	131126
267	0.9845175272623958	0.9987281428673624	2.058294522483556	3.2554358471025484	[1580, 438, 2627, 261, 1086, 1112]	117393
268	0.9847564543108157	0.9987688422956068	2.058294522483556	2.940940296086106	[1548, 19, 132, 1108, 1086, 1112]	120753
269	0.9849916942134266	0.9988016731677241	2.058294522483556	3.213233408312252	[241, 132, 217, 261, 1086, 1096]	1405316
270	0.9852233038706267	0.9988238644053588	2.058294522483556	3.0091646099295257	[241, 132, 1713, 174, 1086, 1112]	719819
271	0.9854513393047221	0.9988615007443873	2.058294522483556	3.7271075836125993	[1794, 1879, 836, 1089, 1086, 1112]	102640
272	0.9856758556734764	0.998891860724537	2.058294522483556	3.409802677289374	[1791, 420, 158, 1115, 1086, 1096]	113517
273	0.9858969072834536	0.9989273211813517	2.058294522483556	3.484094806967457	[2004, 19, 132, 1094, 1086, 1112]	102662
274	0.9861145476031533	0.9989616469035485	2.058294522483556	2.932900051767541	[4015, 241, 132, 1108, 1086, 1112]	95965
275	0.9863288292759441	0.9989893363194539	2.058294522483556	3.3692329725658183	[1580, 301, 2627, 261, 1086, 1096]	94798
276	0.9865398041327968	0.9990281458047868	2.058294522483556	3.528922042863038	[2528, 3459, 1203, 174, 1086, 1112]	99931
277	0.9867475232048216	0.9990540619166592	2.058294522483556	2.545237350214759	[811, 734, 1203, 174, 1086, 1112]	92236
278	0.9869520367356114	0.9990715792885729	2.058294522483556	3.4607062329820666	[420, 158, 1713, 174, 1086, 1112]	93345
279	0.9871533941933952	0.999096337174211	2.058294522483556	3.7538597690840323	[420, 1879, 836, 1089, 1086, 1112]	92698
280	0.9873516442830033	0.9991130716709848	2.058294522483556	2.7266252539510933	[331, 241, 132, 1108, 1086, 1112]	92693
281	0.9875468349576483	0.9991426359486186	2.058294522483556	3.069833347705165	[2607, 1587, 132, 1108, 1086, 1096]	92966
282	0.9877390134305241	0.9991585130606813	2.058294522483556	3.4393549165098385	[241, 1031, 132, 1094, 1086, 1112]	95059
283	0.9879282261862259	0.9991740961521501	2.058294522483556	3.0373270629232803	[3284, 734, 1203, 174, 1086, 1112]	93724
284	0.988114518991994	0.9991961202547595	2.058294522483556	3.5005121038821185	[734, 10, 158, 1115, 1086, 1112]	2390893
285	0.9882979369087842	0.9992218444066072	2.058294522483556	3.204410474350957	[5032, 23, 5272, 174, 1086, 1112]	129306
286	0.9884785243021672	0.9992467453855958	2.058294522483556	3.7379752745274795	[1712, 132, 1713, 174, 1086, 1112]	84211
287	0.9886563248530597	0.9992708495332567	2.058294522483556	3.838061935263993	[1719, 1192, 836, 1089, 1086, 1112]	83770
288	0.9888313815682902	0.9992843523196778	2.058294522483556	2.7266252539510933	[331, 241, 132, 1108, 1086, 1112]	84936
289	0.9890037367910018	0.9993002556014629	2.058294522483556	3.459532293516329	[2764, 258, 132, 1108, 1086, 1112]	83128
290	0.9891734322108937	0.9993132138310653	2.058294522483556	2.5872420769840634	[811, 3459, 1203, 174, 1086, 1112]	83080
291	0.9893405088743059	0.9993351909884712	2.058294522483556	4.051939410932119	[1792, 232, 193, 1115, 1086, 1112]	84507
292	0.9895050071941468	0.9993564648768402	2.058294522483556	3.4455895737600724	[190, 196, 1078, 334, 1086, 1112]	83905
293	0.9896669669596693	0.9993707656573548	2.058294522483556	3.544621900098326	[2309, 420, 158, 1115, 1086, 1112]	83301
294	0.9898264273460942	0.9993875452398254	2.058294522483556	2.518985889172849	[19, 241, 132, 1108, 1086, 1112]	84361
295	0.9899834269240865	0.999401155345607	2.058294522483556	3.6483982096103746	[1726, 132, 387, 344, 1086, 1112]	83495
296	0.9901380036690851	0.9994203183745476	2.058294522483556	3.3383536017876443	[2872, 241, 132, 1094, 1086, 1112]	83081
297	0.9902901949704882	0.9994310532194634	2.058294522483556	3.0373270629232803	[3284, 734, 1203, 174, 1086, 1096]	84318
298	0.9904400376406967	0.999452900775836	2.058294522483556	2.5872420769840634	[811, 3459, 1203, 174, 1086, 1112]	84593
299	0.9905875679240193	0.999465058536373	2.058294522483556	3.316188644224363	[2627, 261, 132, 1108, 1086, 1112]	83064
300	0.9907328215054387	0.9994793236420697	2.058294522483556	3.5800061191568133	[19, 241, 1729, 1094, 1086, 1112]	98402
301	0.9908758335192437	0.9994889657968462	2.058294522483556	3.613369342697065	[1582, 420, 158, 1115, 1086, 1112]	84103
302	0.991016638557527	0.9995053188913471	2.058294522483556	3.409802677289374	[1791, 420, 158, 1115, 1086, 1112]	83528
303	0.9911552706785528	0.9995185103875779	2.058294522483556	3.8118519204438046	[161, 10, 158, 1115, 1086, 1112]	82037
304	0.9912917634149948	0.9995345600413252	2.058294522483556	3.4225800030903457	[4196, 1663, 1546, 234, 1086, 1112]	82883
305	0.9914261497820474	0.999544903151518	2.058294522483556	3.451071680941741	[2872, 241, 19, 334, 1086, 1112]	83221
306	0.9915584622854109	0.9995533308709343	2.058294522483556	3.3286916908759068	[19, 241, 132, 1094, 1086, 1112]	85218
307	0.9916887329291545	0.9995652420477095	2.058294522483556	4.134240849341694	[734, 10, 161, 1023, 1086, 1112]	84334
308	0.9918169932234577	0.9995732931209	2.058294522483556	3.536331055654151	[331, 241, 132, 1094, 1086, 1112]	83512
309	0.9919432741922315	0.9995811951001426	2.058294522483556	3.0373270629232803	[3284, 734, 1203, 174, 1086, 1096]	83454
310	0.992067606380623	0.9995945968569381	2.058294522483556	3.464547836593158	[1726, 132, 217, 261, 1086, 1112]	84569
311	0.9921900198624035	0.9996036058156728	2.058294522483556	4.013482276844911	[2872, 241, 132, 3279, 1086, 1112]	82183
312	0.992310544247243	0.9996141763272548	2.058294522483556	3.6060011103515626	[2040, 1451, 1713, 174, 1086, 1112]	82134
313	0.9924292086878719	0.9996227501866491	2.058294522483556	2.7751196038897037	[1819, 241, 132, 1108, 1086, 1112]	83115
314	0.9925460418871331	0.9996353251804275	2.058294522483556	3.069833347705165	[2607, 1587, 132, 1108, 1086, 1112]	84959
315	0.9926610721049243	0.9996450498422828	2.058294522483556	3.529057945505385	[1791, 420, 1822, 1094, 1086, 1112]	84557
316	0.9927743271650334	0.9996516229933516	2.058294522483556	2.1976818767155635	[10, 734, 1203, 174, 1086, 1112]	85482
317	0.9928858344618694	0.9996609130468622	2.058294522483556	3.409802677289374	[1791, 420, 158, 1115, 1086, 1112]	83168
318	0.9929956209670875	0.9996717638293626	2.058294522483556	3.6060011103515626	[3180, 843, 3094, 174, 1086, 1112]	83054
319	0.9931037132361139	0.9996822673868231	2.058294522483556	3.4455895737600724	[190, 196, 1078, 334, 1086, 1112]	82661
320	0.9932101374145689	0.9996893281115603	2.058294522483556	3.4714239837057717	[2146, 1728, 132, 1108, 1086, 1112]	84041
321	0.993314919244591	0.9997012579120764	2.058294522483556	3.4714239837057717	[2146, 1728, 132, 1108, 1086, 1112]	84045
322	0.9934180840710634	0.9997067901729638	2.058294522483556	3.529057945505385	[1791, 420, 1822, 1094, 1086, 1112]	83853
323	0.9935196568477445	0.9997146091016849	2.058294522483556	4.239276065236055	[320, 232, 158, 1115, 1086, 1112]	84274
324	0.993619662143304	0.9997198941183203	2.058294522483556	2.892248860804172	[241, 1209, 132, 1108, 1086, 1112]	82329
325	0.9937181241472653	0.9997250812642773	2.058294522483556	3.0836053386938795	[241, 132, 19, 334, 1086, 1096]	81860
326	0.993815066675857	0.9997311905695156	2.058294522483556	3.663877168314336	[2309, 420, 1822, 1094, 1086, 1096]	82604
327	0.9939105131777727	0.9997371641124153	2.058294522483556	2.793516874800511	[1259, 734, 1203, 174, 1086, 1112]	81830
328	0.9940044867398441	0.9997472570104985	2.058294522483556	4.699010133194229	[157, 2089, 1210, 1117, 1086, 1112]	83940
329	0.9940970100926243	0.9997528735213763	2.058294522483556	2.437295428183131	[241, 1729, 1032, 132, 19, 794]	84123
330	0.9941881056158863	0.9997607815686923	2.058294522483556	3.409802677289374	[1791, 420, 158, 1115, 1086, 1112]	84200
331	0.9942777953440362	0.9997660975338325	2.058294522483556	4.013482276844911	[2872, 241, 132, 3279, 1086, 1112]	83395
332	0.9943661009714431	0.9997754536324791	2.058294522483556	3.4455895737600724	[190, 196, 1078, 334, 1086, 1096]	84133
333	0.9944530438576862	0.999781441535613	2.058294522483556	3.428024668171216	[1647, 1697, 132, 1108, 1086, 1112]	84427
334	0.9945386450327219	0.9997884354064734	2.058294522483556	3.3383536017876443	[2872, 241, 132, 1094, 1086, 1112]	83740
335	0.99462292520197	0.9997940771289675	2.058294522483556	3.6842932849867926	[19, 387, 344, 174, 1086, 1112]	82054
336	0.9947059047513224	0.9998006666608406	2.058294522483556	3.7254107014033675	[1873, 10, 158, 1115, 1086, 1112]	83007
337	0.9947876037520735	0.999804358018973	2.058294522483556	3.6167299521115073	[3621, 1720, 132, 1094, 1086, 1112]	84531
338	0.994868041965776	0.9998137488340624	2.058294522483556	3.879539149408224	[2607, 1587, 132, 1094, 1086, 1112]	84552
339	0.9949472388490203	0.9998209008788344	2.058294522483556	3.5779691026203686	[160, 320, 836, 1089, 1086, 1112]	81343
340	0.9950252135581403	0.9998266320507117	2.058294522483556	3.988420050280083	[841, 1268, 1010, 1105, 1086, 1112]	83504
341	0.995101984953848	0.999831255196026	2.058294522483556	2.426484904269537	[734, 19, 132, 1108, 1086, 1096]	81533
342	0.9951775716057949	0.9998357550574654	2.058294522483556	3.5432222043472263	[87, 1265, 255, 174, 1086, 1112]	83301
343	0.9952519917970635	0.9998387966304753	2.058294522483556	3.5432222043472263	[87, 1265, 255, 174, 1086, 1112]	84273
344	0.9953252635285903	0.999844170076126	2.058294522483556	3.7351968406794853	[1758, 2919, 1203, 174, 1086, 1112]	84763
345	0.9953974045235194	0.9998470558154571	2.058294522483556	3.0091646099295257	[241, 132, 1713, 174, 1086, 1112]	84709
346	0.9954684322314897	0.9998529288721435	2.058294522483556	3.7271075836125993	[1794, 1879, 836, 1089, 1086, 1112]	83187
347	0.9955383638328557	0.9998576351482349	2.058294522483556	3.5644935086479057	[1414, 3251, 3248, 334, 1086, 1112]	83523
348	0.9956072162428424	0.9998607988116075	2.058294522483556	3.6167299521115073	[3621, 1720, 132, 1094, 1086, 1112]	86522
349	0.9956750061156381	0.9998638921713495	2.058294522483556	3.260479038210432	[1715, 132, 1713, 174, 1086, 1112]	84745
350	0.9957417498484215	0.999866916789764	2.058294522483556	3.8377000442262252	[1879, 496, 132, 1108, 1086, 1112]	84067
351	0.9958074635853286	0.9998693812936572	2.058294522483556	3.58506169461264	[241, 1720, 132, 1094, 1086, 1112]	83653
352	0.9958721632213574	0.999872283931576	2.058294522483556	3.334919766974785	[1715, 132, 19, 334, 1086, 1112]	82698
353	0.9959358644062131	0.9998763708457655	2.058294522483556	2.6296491148067798	[241, 1031, 132, 1108, 1086, 1112]	81493
354	0.9959985825480925	0.9998791181603041	2.058294522483556	3.428024668171216	[321, 1398, 132, 1108, 1086, 1112]	84102
355	0.996060332817412	0.9998818044234085	2.058294522483556	4.109954242854247	[1781, 301, 2627, 261, 1086, 1112]	81907
356	0.9961211301504767	0.9998849563054509	2.058294522483556	3.5779691026203686	[160, 320, 836, 1089, 1086, 1096]	82554
357	0.9961809892530927	0.9998870867442389	2.058294522483556	3.5069954494906392	[542, 269, 132, 1108, 1086, 1112]	84231
358	0.9962399246041252	0.9998891777304566	1.8537891199394705	1.8537891199394705	[2047, 232, 10, 734, 19, 794]	83006
359	0.9962979504589998	0.9998916404475576	1.8537891199394705	3.704751074145321	[1530, 156, 1713, 174, 1086, 1112]	84746
360	0.9963550808531512	0.9998945300356228	1.8537891199394705	2.961062504761295	[241, 1587, 132, 1108, 1086, 1096]	83317
361	0.9964113296054173	0.9998964831831112	1.8537891199394705	2.2790614829839417	[19, 734, 1203, 174, 1086, 1112]	83232
362	0.9964667103213831	0.9998984001612017	1.8537891199394705	3.9278875470654624	[1535, 496, 217, 261, 1086, 1112]	83536
363	0.9965212363966703	0.9999016513560433	1.8537891199394705	3.204410474350957	[5032, 23, 5272, 174, 1086, 1112]	81376
364	0.9965749210201785	0.9999047985126499	1.8537891199394705	3.316188644224363	[2627, 261, 132, 1108, 1086, 1096]	83911
365	0.9966277771772746	0.9999078449602451	1.8537891199394705	3.0466300264731196	[4118, 23, 5272, 174, 1086, 1112]	83018
366	0.9966798176529339	0.9999095515350553	1.8537891199394705	2.7266252539510933	[331, 241, 132, 1108, 1086, 1112]	83303
367	0.9967310550348331	0.9999115615009431	1.8537891199394705	3.069833347705165	[2607, 1587, 132, 1108, 1086, 1112]	81897
368	0.9967815017163943	0.9999139198609179	1.8537891199394705	3.879539149408224	[19, 23, 5272, 174, 1086, 1112]	81655
369	0.9968311698997833	0.9999155139375675	1.8537891199394705	3.626211045907998	[1580, 438, 132, 1108, 1086, 1112]	80913
370	0.9968800715988607	0.9999182174915654	1.8537891199394705	3.204410474350957	[5032, 23, 5272, 174, 1086, 1112]	83387
371	0.9969282186420881	0.999920398358457	1.8537891199394705	3.5492810816234277	[158, 420, 1822, 1094, 1086, 1112]	82762
372	0.9969756226753893	0.9999221672838245	1.8537891199394705	3.334919766974785	[1715, 132, 19, 334, 1086, 1112]	83203
373	0.9970222951649665	0.9999238968997396	1.8537891199394705	3.4714239837057717	[1586, 1587, 132, 1108, 1086, 1112]	82154
374	0.9970682474000752	0.9999253062164111	1.8537891199394705	2.6296491148067798	[241, 1031, 132, 1108, 1086, 1112]	82350
375	0.9971134904957529	0.9999269660782686	1.8537891199394705	2.793516874800511	[1259, 734, 1203, 174, 1086, 1112]	84986
376	0.9971580353955098	0.999929303163764	1.8537891199394705	3.5644935086479057	[1414, 3251, 3248, 334, 1086, 1096]	85292
377	0.9972018928739742	0.999930612364435	1.8537891199394705	2.723312616127263	[107, 734, 1203, 174, 1086, 1112]	85751
378	0.9972450735394993	0.9999321543118921	1.8537891199394705	3.9811398533998643	[359, 158, 1546, 234, 1086, 1112]	84594
379	0.9972875878367292	0.9999334107135237	1.8537891199394705	3.942044072910205	[276, 132, 217, 261, 1086, 1112]	85685
380	0.9973294460491254	0.9999351864278297	1.8537891199394705	3.4714239837057717	[396, 1728, 132, 1108, 1086, 1096]	84132
381	0.9973706583014538	0.9999369147897543	1.8537891199394705	3.428024668171216	[1647, 1697, 132, 1108, 1086, 1112]	81955
382	0.9974112345622338	0.9999380830343885	1.8537891199394705	3.865170813915224	[10, 158, 1546, 234, 1086, 1096]	84218
383	0.9974511846461499	0.999940064377288	1.8537891199394705	3.4885679563002645	[3869, 438, 2627, 261, 1086, 1112]	82400
384	0.9974905182164254	0.9999411742962271	1.8537891199394705	2.870736037412858	[3, 19, 132, 1108, 1086, 1112]	83369
385	0.9975292447871595	0.9999422636611118	1.8537891199394705	3.5605912733082006	[241, 19, 1987, 334, 1086, 1112]	84399
386	0.9975673737256293	0.9999433328525728	1.8537891199394705	3.6804418391159164	[677, 132, 19, 334, 1086, 1112]	84273
387	0.9976049142545548	0.9999451462012904	1.8537891199394705	3.58966803006855	[2872, 241, 1729, 1094, 1086, 1112]	85369
388	0.9976418754543301	0.999946608969256	1.8537891199394705	2.8498690158547593	[4015, 241, 1031, 132, 393, 794]	84279
389	0.9976782662652202	0.9999477954366058	1.8537891199394705	3.363125263892072	[432, 422, 19, 334, 1086, 1112]	83649
390	0.9977140954895223	0.9999489555380146	1.8537891199394705	4.1571400309425535	[846, 10, 494, 636, 1086, 1096]	83391
391	0.9977493717936964	0.9999503167236675	1.8537891199394705	3.3692329725658183	[1580, 301, 2627, 261, 1086, 1112]	83125
392	0.9977841037104603	0.9999516416110364	1.8537891199394705	2.9611430034036257	[781, 19, 132, 1108, 1086, 1112]	84279
393	0.9978182996408544	0.9999531890794833	1.8537891199394705	2.7266252539510933	[331, 241, 132, 1108, 1086, 1112]	84933
394	0.9978519678562733	0.999954437370697	1.8537891199394705	3.459532293516329	[2764, 258, 132, 1108, 1086, 1112]	82090
395	0.9978851165004666	0.9999558953748348	1.8537891199394705	2.5286478000845856	[2872, 241, 132, 1108, 1086, 1112]	84361
396	0.9979177535915088	0.99995730672284	1.8537891199394705	3.6060011103515626	[3179, 843, 3094, 174, 1086, 1112]	85176
397	0.9979498870237387	0.9999584452102309	1.8537891199394705	4.156729188337866	[1873, 10, 158, 1089, 1086, 1112]	82380
398	0.9979815245696686	0.9999592147433748	1.8537891199394705	2.1976818767155635	[10, 734, 1203, 174, 1086, 1096]	81861
399	0.9980126738818651	0.9999599700259049	1.8537891199394705	3.2554358471025484	[1580, 438, 2627, 261, 1086, 1112]	84743
400	0.9980433424947992	0.9999607113217215	1.8537891199394705	3.913538059743548	[2627, 438, 8, 174, 1086, 1112]	81637
401	0.9980735378266696	0.9999617590198089	1.8537891199394705	2.7266252539510933	[331, 241, 132, 1108, 1086, 1112]	82331
402	0.9981032671811964	0.9999624671861087	1.8537891199394705	3.775462889659569	[420, 158, 1546, 234, 1086, 1112]	80131
403	0.9981325377493877	0.9999634680611459	1.8537891199394705	3.4347039664096126	[421, 438, 2627, 261, 1086, 1112]	83639
404	0.9981613566112799	0.999964144578532	1.8537891199394705	3.9660641926173117	[107, 438, 2627, 261, 1086, 1112]	83030
405	0.998189730737649	0.9999649413656758	1.8537891199394705	2.793516874800511	[1259, 734, 1203, 174, 1086, 1112]	83778
406	0.9982176669916977	0.999965876262591	1.8537891199394705	3.4051240256480337	[19, 132, 387, 344, 1086, 1112]	83256
407	0.9982451721307147	0.9999665081836542	1.8537891199394705	3.866616265254481	[269, 1402, 1078, 334, 1086, 1112]	83395
408	0.9982722528077098	0.9999671284024755	1.8537891199394705	3.460050044086323	[734, 19, 1987, 334, 1086, 1112]	81970
409	0.998298915573023	0.9999681802935962	1.8537891199394705	2.7426255031449807	[841, 1820, 733, 734, 19, 794]	84602
410	0.9983251668759084	0.9999687695474185	1.8537891199394705	2.426484904269537	[734, 19, 132, 1108, 1086, 1112]	84977
411	0.998351013066095	0.9999693478891329	1.8537891199394705	3.528922042863038	[1892, 3459, 1203, 174, 1086, 1112]	83653
412	0.9983764603953219	0.9999699155208157	1.8537891199394705	3.56678126317036	[19, 241, 217, 261, 1086, 1112]	84566
413	0.9984015150188509	0.9999708782241497	1.8537891199394705	3.5995927639097713	[300, 301, 2627, 261, 1086, 1112]	82574
414	0.9984261829969551	0.9999718101209768	1.8537891199394705	2.8070241504084494	[3621, 1720, 132, 1108, 1086, 1096]	81249
415	0.9984504702963848	0.9999727121971056	1.8537891199394705	3.8661440547314783	[2636, 301, 2627, 261, 1086, 1112]	83100
416	0.9984743827918109	0.9999734398718494	1.8537891199394705	3.428024668171216	[321, 1398, 132, 1108, 1086, 1112]	83228
417	0.998497926267246	0.9999741481419334	1.8537891199394705	3.236190705972595	[734, 19, 132, 1094, 1086, 1112]	82938
418	0.9985211064174427	0.9999747226276682	1.8537891199394705	2.2132202515078228	[1851, 159, 10, 734, 19, 794]	81244
419	0.9985439288492723	0.9999751907271559	1.8537891199394705	3.5432222043472263	[87, 1265, 255, 174, 1086, 1112]	84504
420	0.9985663990830799	0.9999760177029173	1.8537891199394705	3.069833347705165	[2607, 1587, 132, 1108, 1086, 1112]	83322
421	0.99858852255402	0.9999764618195299	1.8537891199394705	2.2790614829839417	[19, 734, 1203, 174, 1086, 1096]	83568
422	0.9986103046133715	0.9999768977117609	1.8537891199394705	3.775462889659569	[420, 158, 1546, 234, 1086, 1112]	83727
423	0.9986317505298319	0.9999775137727807	1.8537891199394705	2.2790614829839417	[19, 734, 1203, 174, 1086, 1112]	81852
424	0.9986528654907912	0.9999782333320516	1.8537891199394705	3.184750484208875	[732, 19, 132, 1108, 1086, 1112]	84534
425	0.9986736546035877	0.9999791039987695	1.8537891199394705	3.544621900098326	[2309, 420, 158, 1115, 1086, 1112]	84312
426	0.9986941228967422	0.9999795683543524	1.8537891199394705	2.793516874800511	[1259, 734, 1203, 174, 1086, 1112]	84714
427	0.9987142753211752	0.9999799467181607	1.8537891199394705	2.5872420769840634	[811, 3459, 1203, 174, 1086, 1112]	83152
428	0.998734116751404	0.9999805884231796	1.8537891199394705	2.7751196038897037	[1819, 241, 132, 1108, 1086, 1112]	85290
429	0.9987536519867218	0.9999809478968245	1.8537891199394705	3.397083781329468	[241, 132, 387, 344, 1086, 1112]	81247
430	0.9987728857523588	0.999981371276895	1.8537891199394705	3.3383536017876443	[2872, 241, 132, 1094, 1086, 1112]	81854
431	0.9987918227006248	0.9999818680428445	1.8537891199394705	3.5779691026203686	[160, 320, 836, 1089, 1086, 1112]	81837
432	0.9988104674120349	0.9999822709752257	1.8537891199394705	2.8070241504084494	[3621, 1720, 132, 1108, 1086, 1112]	83524
433	0.9988288243964172	0.9999828383040185	1.8537891199394705	3.184750484208875	[732, 19, 132, 1108, 1086, 1112]	82797
434	0.9988468980940033	0.9999833874782899	1.8537891199394705	3.5891433710848464	[1807, 157, 1713, 174, 1086, 1112]	83511
435	0.9988646928765033	0.9999839190789847	1.8537891199394705	2.545237350214759	[811, 734, 1203, 174, 1086, 1112]	82910
436	0.9988822130481622	0.9999842168738182	1.8537891199394705	3.2554358471025484	[1580, 438, 2627, 261, 1086, 1112]	81822
437	0.9988994628468016	0.9999845091539327	1.8537891199394705	3.5123452732533087	[77, 19, 132, 1094, 1086, 1112]	85203
438	0.9989164464448448	0.9999847960214525	1.8537891199394705	3.462983623397844	[1742, 400, 19, 334, 1086, 1112]	83648
439	0.9989331679503256	0.9999852014608804	1.8537891199394705	2.790120672112291	[241, 217, 132, 1108, 1086, 1112]	84047
440	0.9989496314078823	0.9999856750141323	1.8537891199394705	3.4885679563002645	[3869, 438, 2627, 261, 1086, 1112]	82928
441	0.9989658407997359	0.9999860570137553	1.8537891199394705	3.7428479496337594	[1792, 496, 132, 1108, 1086, 1112]	84570
442	0.9989818000466536	0.9999863668578941	1.8537891199394705	3.184750484208875	[732, 19, 132, 1108, 1086, 1112]	83254
443	0.9989975130088966	0.9999867304083503	1.8537891199394705	3.5779691026203686	[257, 320, 836, 1089, 1086, 1112]	84981
444	0.9990129834871544	0.9999870842641276	1.8537891199394705	2.518985889172849	[19, 241, 132, 1108, 1086, 1096]	85137
445	0.9990282152234637	0.9999874286837509	1.8537891199394705	3.5297365521895774	[1546, 677, 132, 1108, 1086, 1112]	83899
446	0.999043211902114	0.9999878309658708	1.8537891199394705	3.204410474350957	[5032, 23, 5272, 174, 1086, 1112]	84234
447	0.9990579771505381	0.9999882203749629	1.8537891199394705	3.5995927639097713	[300, 301, 2627, 261, 1086, 1112]	84499
448	0.9990725145401903	0.9999884385161674	1.8537891199394705	3.459532293516329	[2764, 258, 132, 1108, 1086, 1112]	85120
449	0.9990868275874096	0.9999886954380304	1.8537891199394705	3.6721450672688247	[1792, 496, 217, 261, 1086, 1112]	83987
450	0.9991009197542706	0.9999889047817705	1.8537891199394705	2.518985889172849	[19, 241, 132, 1108, 1086, 1112]	82340
451	0.9991147944494208	0.9999891513421756	1.8537891199394705	3.7079541450811853	[2004, 19, 1987, 334, 1086, 1112]	81935
452	0.999128455028905	0.9999895679306361	1.8537891199394705	3.081560325988364	[241, 1126, 132, 1108, 1086, 1112]	84562
453	0.9991419047969774	0.9999898461191524	1.8537891199394705	3.213233408312252	[241, 132, 217, 261, 1086, 1112]	83064
454	0.9991551470069007	0.999990071760949	1.8537891199394705	2.545237350214759	[811, 734, 1203, 174, 1086, 1112]	82817
455	0.9991681848617324	0.9999902556172278	1.8537891199394705	2.518985889172849	[19, 241, 132, 1108, 1086, 1112]	82423
456	0.9991810215151007	0.9999905674374765	1.8537891199394705	2.5286478000845856	[2872, 241, 132, 1108, 1086, 1112]	81950
457	0.9991936600719664	0.9999907130017129	1.8537891199394705	1.9156583628661144	[1549, 162, 10, 734, 19, 794]	82805
458	0.9992061035893743	0.9999908849831627	1.8537891199394705	3.6060011103515626	[545, 132, 1713, 174, 1086, 1112]	85616
459	0.9992183550771927	0.9999911766637015	1.8537891199394705	3.704751074145321	[1530, 156, 1713, 174, 1086, 1112]	84794
460	0.999230417498841	0.9999913727378414	1.8537891199394705	3.544621900098326	[2309, 420, 158, 1115, 1086, 1112]	84467
461	0.999242293772007	0.9999915644547783	1.8537891199394705	2.932900051767541	[1723, 241, 132, 1108, 1086, 1112]	81960
462	0.9992539867693525	0.9999918343922254	1.8537891199394705	3.459532293516329	[2764, 258, 132, 1108, 1086, 1112]	82207
463	0.9992654993192083	0.9999919856071842	1.8537891199394705	3.7637785788263267	[1019, 10, 158, 1115, 1086, 1112]	82592
464	0.9992768342062575	0.9999921993243259	1.8537891199394705	2.6743890052643993	[2004, 19, 132, 1108, 1086, 1112]	81930
465	0.9992879941722103	0.9999923437812829	1.8537891199394705	2.723312616127263	[107, 734, 1203, 174, 1086, 1096]	84057
466	0.9992989819164663	0.9999925139194766	1.8537891199394705	2.793516874800511	[1259, 734, 1203, 174, 1086, 1112]	81793
467	0.9993098000967677	0.9999926802768215	1.8537891199394705	3.4225800030903457	[4196, 1663, 1546, 234, 1086, 1112]	82282
468	0.9993204513298424	0.9999928158272507	1.8537891199394705	2.1976818767155635	[10, 734, 1203, 174, 1086, 1112]	83534
469	0.9993309381920361	0.9999930074051908	1.8537891199394705	3.5644935086479057	[1414, 3251, 3248, 334, 1086, 1112]	83748
470	0.9993412632199368	0.9999931627961866	1.8537891199394705	3.5764431740820974	[2872, 241, 217, 261, 1086, 1112]	83192
471	0.9993514289109872	0.9999933147340491	1.8537891199394705	2.5286478000845856	[2872, 241, 132, 1108, 1086, 1112]	84168
472	0.9993614377240893	0.9999934385352703	1.8537891199394705	4.16178952130384	[107, 1546, 234, 174, 1086, 1112]	82222
473	0.9993712920801989	0.9999935600438765	1.8537891199394705	3.6721450672688247	[1792, 496, 217, 261, 1086, 1112]	84485
474	0.999380994362912	0.9999937317760398	1.8537891199394705	3.9128741871805746	[10, 107, 836, 1089, 1086, 1112]	82321
475	0.9993905469190398	0.9999938989286787	1.8537891199394705	3.5504141572377215	[10, 158, 1713, 174, 1086, 1096]	82222
476	0.9993999520591781	0.9999940616239139	1.8537891199394705	3.1589477053178707	[10, 734, 19, 334, 1086, 1112]	85639
477	0.9994092120582648	0.9999942199806096	1.8537891199394705	4.017543107152484	[10, 232, 193, 1115, 1086, 1112]	82625
478	0.9994183291561312	0.999994348425485	1.8537891199394705	3.6060011103515626	[1723, 132, 1713, 174, 1086, 1112]	82017
479	0.9994273055580427	0.9999944530842723	1.8537891199394705	3.5800061191568133	[19, 241, 1729, 1094, 1086, 1112]	82181
480	0.9994361434352333	0.9999945558049339	1.8537891199394705	3.4607062329820666	[420, 158, 1713, 174, 1086, 1112]	81180
481	0.9994448449254304	0.9999947648620244	1.8537891199394705	2.961062504761295	[241, 1587, 132, 1108, 1086, 1112]	84369
482	0.9994534121333712	0.9999948811984238	1.8537891199394705	3.5891433710848464	[1807, 157, 1713, 174, 1086, 1096]	82360
483	0.9994618471313131	0.99999499494957	1.8537891199394705	3.58506169461264	[241, 1720, 132, 1094, 1086, 1096]	81014
484	0.9994701519595336	0.9999950876356891	1.8537891199394705	3.6060011103515626	[677, 132, 1713, 174, 1086, 1096]	83689
485	0.9994783286268247	0.9999952762704786	1.8537891199394705	4.524939973531598	[1555, 2229, 1468, 1089, 1086, 1112]	84106
486	0.9994863791109787	0.9999953637469512	1.8537891199394705	2.892248860804172	[241, 1209, 132, 1108, 1086, 1112]	81948
487	0.999494305359266	0.9999955121070487	1.8537891199394705	3.7379752745274795	[1718, 132, 1713, 174, 1086, 1112]	84634
488	0.999502109288907	0.9999956118380032	1.8537891199394705	3.4225800030903457	[4196, 1663, 1546, 234, 1086, 1112]	83875
489	0.9995097927875349	0.9999956931002625	1.8537891199394705	3.409802677289374	[1791, 420, 158, 1115, 1086, 1112]	83194
490	0.9995173577136532	0.999995836663587	1.8537891199394705	3.4225800030903457	[4196, 1663, 1546, 234, 1086, 1112]	82879
491	0.9995248058970845	0.9999959137624095	1.8537891199394705	3.5065031788170664	[811, 734, 19, 334, 1086, 1112]	83609
492	0.9995321391394135	0.9999960445220124	1.8537891199394705	3.866616265254481	[2707, 1402, 1078, 334, 1086, 1112]	84661
493	0.9995393592144225	0.9999961177716048	1.8537891199394705	3.409802677289374	[1791, 420, 158, 1115, 1086, 1112]	82103
494	0.999546467868521	0.9999962420029134	1.8537891199394705	2.7266252539510933	[331, 241, 132, 1108, 1086, 1112]	83396
495	0.9995534668211672	0.9999963622588202	1.8537891199394705	2.5286478000845856	[2872, 241, 132, 1108, 1086, 1112]	82992
496	0.9995603577652851	0.999996443097513	1.8537891199394705	2.4215430106723	[2872, 241, 1209, 132, 19, 794]	81824
497	0.9995671423676726	0.9999965379482461	1.8537891199394705	3.844906356519843	[3158, 3083, 19, 334, 1086, 1112]	83374
498	0.999573822269406	0.9999966302696262	1.8537891199394705	3.8093348907349753	[2003, 1417, 5272, 174, 1086, 1096]	83587
499	0.9995803990862362	0.9999967381009981	1.8537891199394705	3.6728634883562234	[1820, 10, 158, 1115, 1086, 1112]	84660
