0	0.015432098765432056	0.026666666666666616	2.702639471550251	2.702639471550251	[77, 19, 132, 1108, 1086, 1112]	75680
1	0.030626047858558048	0.04469135802469126	2.2790614829839417	2.2790614829839417	[19, 734, 1203, 174, 1086, 1112]	65017
2	0.045585522428642	0.07016625514403274	2.2790614829839417	2.870736037412858	[3, 19, 132, 1108, 1086, 1112]	64234
3	0.06031414090968146	0.0908292272519432	2.2790614829839417	3.484094806967457	[2004, 19, 132, 1094, 1086, 1112]	64876
4	0.07481546589564314	0.1076657230435738	2.2790614829839417	2.5872420769840634	[811, 3459, 1203, 174, 1086, 1112]	65446
5	0.08909300500219186	0.12749537364260555	2.2790614829839417	3.4347039664096126	[421, 438, 2627, 261, 1086, 1096]	65924
6	0.10315021171512095	0.15076216367880269	2.2790614829839417	3.4393549165098385	[241, 1031, 132, 1094, 1086, 1096]	65251
7	0.11699048622569008	0.16963411559705155	2.2790614829839417	2.7751196038897037	[1819, 241, 132, 1108, 1086, 1112]	66131
8	0.13061717625307134	0.18244840393660322	2.2790614829839417	2.3677454998477403	[158, 420, 1582, 793, 2372, 794]	65691
9	0.1440335778541042	0.20424977983162707	2.2790614829839417	3.5492810816234277	[158, 420, 1822, 1094, 1086, 1096]	65521
10	0.1572429362205532	0.21898589501993027	2.1976818767155635	2.1976818767155635	[10, 734, 1203, 174, 1086, 1112]	65269
11	0.17024844646406312	0.23981293781939872	2.1976818767155635	3.2554358471025484	[1580, 438, 2627, 261, 1086, 1112]	72945
12	0.18305325438900033	0.25670598364563435	2.1976818767155635	3.528922042863038	[2528, 3459, 1203, 174, 1086, 1112]	67188
13	0.19566045725336756	0.2704706876521966	2.1976818767155635	4.2811297854088295	[3580, 159, 1713, 174, 1086, 1112]	66140
14	0.208073104517976	0.28668245014881444	2.1976818767155635	3.592725015116719	[2149, 420, 158, 1115, 1086, 1112]	327040
15	0.22029419858405663	0.2976904370292339	2.1976818767155635	2.415116715167146	[1792, 496, 217, 132, 19, 794]	81849
16	0.2323266955194878	0.31069616967684066	2.1976818767155635	3.8670757774883784	[1791, 420, 1546, 234, 1086, 1112]	79803
17	0.2441735057738167	0.32601403257291084	2.1976818767155635	3.3692329725658183	[1580, 301, 2627, 261, 1086, 1112]	79670
18	0.2558374948822454	0.33849525419193094	2.1976818767155635	3.236190705972595	[734, 19, 132, 1094, 1086, 1112]	78867
19	0.2673214841587539	0.3561353807468127	2.1976818767155635	2.790120672112291	[241, 217, 132, 1108, 1086, 1112]	81678
20	0.2786282513785262	0.37673904856291474	2.1976818767155635	3.585810503855643	[2040, 438, 2627, 261, 1086, 1112]	80487
21	0.28976053144984526	0.39058929192818337	2.1976818767155635	3.6060011103515626	[1723, 132, 1713, 174, 1086, 1096]	84322
22	0.30072101707561927	0.40187467541099475	2.1976818767155635	3.0373270629232803	[3284, 734, 1203, 174, 1086, 1112]	81738
23	0.31151235940469924	0.41295107031079115	2.1976818767155635	4.347805158755419	[2348, 2372, 793, 636, 1086, 1112]	84557
24	0.32213716867314524	0.4238223467865172	2.1976818767155635	4.69603446773177	[4293, 2003, 593, 2116, 1086, 1112]	686360
25	0.3325980148355967	0.4391870842055434	2.1976818767155635	3.6632814211403364	[241, 1126, 19, 334, 1086, 1112]	92083
26	0.34289742818689917	0.4516495934454202	2.1976818767155635	3.5673687331398343	[2297, 400, 19, 334, 1086, 1112]	80126
27	0.35303789997413837	0.4727062490571161	2.1976818767155635	3.4714239837057717	[396, 1728, 132, 1108, 1086, 1096]	87802
28	0.3630218829992288	0.482470948148651	2.1976818767155635	4.003300750436941	[320, 232, 193, 1115, 1086, 1112]	99539
29	0.37285179221220366	0.4962717228646869	2.1976818767155635	3.428024668171216	[1647, 1697, 132, 1108, 1086, 1112]	87765
30	0.38253000529534864	0.5123910277330169	2.1976818767155635	3.967115338612812	[1265, 159, 1713, 174, 1086, 1112]	85754
31	0.3920588632383216	0.5214208235157388	2.1976818767155635	3.932132379958449	[2627, 438, 970, 261, 1086, 1112]	83680
32	0.40144067090439683	0.5367353571632352	2.1976818767155635	3.204410474350957	[5032, 23, 5272, 174, 1086, 1112]	84802
33	0.4106776975879709	0.5453143320305827	2.1976818767155635	2.723312616127263	[107, 734, 1203, 174, 1086, 1112]	84417
34	0.4197721775634652	0.5574392831764338	2.1976818767155635	3.70195466250723	[241, 1209, 132, 1094, 1086, 1096]	82734
35	0.4287263106257574	0.567273965772513	2.1976818767155635	3.462983623397844	[1742, 400, 19, 334, 1086, 1112]	81080
36	0.43754226262227347	0.5768900998664572	2.1976818767155635	4.017654981928133	[3819, 438, 3366, 150, 1086, 1096]	1110380
37	0.44622216597686803	0.5847254683874488	2.1976818767155635	3.832643710182441	[10, 415, 255, 174, 1086, 1112]	184376
38	0.4547681202056201	0.5957994558971168	2.1976818767155635	2.5872420769840634	[811, 3459, 1203, 174, 1086, 1112]	86538
39	0.46318219242466907	0.6087338733084091	2.1976818767155635	3.0373270629232803	[846, 734, 1203, 174, 1086, 1112]	85554
40	0.47146641785021426	0.6275146473896054	2.1976818767155635	3.069833347705165	[2607, 1587, 132, 1108, 1086, 1112]	86034
41	0.4796228002907974	0.634412524289798	2.1976818767155635	3.0172048542480914	[19, 132, 1713, 174, 1086, 1112]	87985
42	0.48765331263198874	0.6425366904166914	2.1976818767155635	2.5286478000845856	[2872, 241, 132, 1108, 1086, 1112]	85072
43	0.49555989731359384	0.6504803195185427	2.1976818767155635	3.451071680941741	[2872, 241, 19, 334, 1086, 1112]	123254
44	0.5033444667994951	0.6598008443313814	2.1976818767155635	4.006639177711412	[1751, 420, 158, 1115, 1086, 1112]	181885
45	0.5110089040402437	0.6673608255684619	2.1976818767155635	3.4347039664096126	[421, 438, 2627, 261, 1086, 1112]	93758
46	0.5185550629285114	0.6780052791502711	2.1976818767155635	3.6060011103515626	[3180, 843, 3094, 174, 1086, 1112]	106561
47	0.5259847687475159	0.6883091102174624	2.1976818767155635	3.6483982096103746	[1726, 132, 387, 344, 1086, 1112]	110667
48	0.5332998186125233	0.6940811637319539	2.1976818767155635	3.1589477053178707	[10, 734, 19, 334, 1086, 1112]	99026
49	0.5405019819055399	0.6997463273665474	2.1976818767155635	3.626211045907998	[1580, 438, 132, 1108, 1086, 1112]	95371
50	0.5475930007032939	0.7093544448908178	2.1976818767155635	2.7751196038897037	[1819, 241, 132, 1108, 1086, 1112]	1151948
51	0.5545745901986134	0.7147367699854323	2.1976818767155635	3.6425874947946353	[119, 409, 19, 334, 1086, 1112]	1447183
52	0.5614484391153014	0.7210759528746449	2.1976818767155635	3.464547836593158	[1715, 132, 217, 261, 1086, 1112]	1627350
53	0.5682162101166085	0.7300015223826564	2.1976818767155635	2.7751196038897037	[1819, 241, 132, 1108, 1086, 1112]	432863
54	0.5748795402074016	0.7360014885519306	2.1976818767155635	3.409802677289374	[1791, 420, 158, 1115, 1086, 1096]	94625
55	0.5814400411301268	0.7444494409182689	2.1976818767155635	3.184750484208875	[2006, 19, 132, 1108, 1086, 1096]	93914
56	0.5878992997546619	0.7501283422311962	2.1976818767155635	2.932900051767541	[4015, 241, 132, 1108, 1086, 1112]	93962
57	0.5942588784621516	0.7556810457371697	2.1976818767155635	3.334919766974785	[1715, 132, 19, 334, 1086, 1112]	819439
58	0.6005203155229208	0.7621962178508451	2.1976818767155635	3.843804425147278	[1549, 107, 836, 1089, 1086, 1112]	1536174
59	0.6066851254685548	0.766599991594348	2.1976818767155635	2.3288876735107538	[1794, 107, 10, 734, 19, 794]	157250
60	0.6127547994582376	0.7728239918184987	2.1976818767155635	3.836139833873668	[140, 1210, 1822, 1094, 1086, 1112]	93126
61	0.6187308056394376	0.7770309549329709	2.1976818767155635	3.6022839188384888	[193, 1265, 255, 174, 1086, 1112]	93955
62	0.6246145895030265	0.7841659643751159	2.1976818767155635	3.6728634883562234	[1820, 10, 158, 1115, 1086, 1112]	96737
63	0.630407574232918	0.7899215386584462	2.1976818767155635	3.6178645301457264	[10, 301, 2627, 261, 1086, 1112]	98513
64	0.6361111610503113	0.7938118805351415	2.1976818767155635	3.5005121038821185	[734, 10, 158, 1115, 1086, 1096]	112130
65	0.6417267295526212	0.7993102303875378	2.1976818767155635	3.490617761732537	[241, 1729, 1822, 1094, 1086, 1112]	2420000
66	0.6472556380471796	0.8030267076025833	2.1976818767155635	2.1976818767155635	[10, 734, 1203, 174, 1086, 1112]	513425
67	0.6526992238797849	0.8082793287331811	2.1976818767155635	3.0172048542480914	[19, 132, 1713, 174, 1086, 1112]	114570
68	0.6580588037581832	0.8118297115344185	2.1976818767155635	2.790120672112291	[241, 217, 132, 1108, 1086, 1112]	97699
69	0.6633356740705569	0.8153143465060033	2.1976818767155635	2.2790614829839417	[19, 734, 1203, 174, 1086, 1112]	105427
70	0.6685311111990977	0.8212242874178113	2.1976818767155635	3.0466300264731196	[4118, 23, 5272, 174, 1086, 1112]	150804
71	0.6736463718287411	0.8259916397533362	2.1976818767155635	3.773546740312346	[2015, 1723, 132, 1108, 1086, 1112]	98263
72	0.6786826932511372	0.8315599072812295	2.1976818767155635	3.671150278463103	[2490, 390, 3248, 334, 1086, 1112]	98525
73	0.6836412936639282	0.8369499902482301	2.1976818767155635	3.32346175437313	[2040, 545, 132, 1108, 1086, 1112]	96132
74	0.6885233724654107	0.8412979905082774	2.1976818767155635	3.2554358471025484	[1580, 438, 2627, 261, 1086, 1112]	96463
75	0.6933301105446482	0.8455300440947233	2.1976818767155635	3.4714239837057717	[1586, 1587, 132, 1108, 1086, 1112]	94804
76	0.6980626705671074	0.8489627097815072	2.1976818767155635	2.356920718541416	[331, 241, 1031, 132, 19, 794]	96326
77	0.7027221972558866	0.8523190940085849	2.1976818767155635	3.750646097789165	[1548, 19, 132, 1094, 1086, 1112]	96135
78	0.7073098176686043	0.8562572515016893	2.1976818767155635	3.843804425147278	[1549, 107, 836, 1089, 1086, 1112]	95354
79	0.7118266414700147	0.858919154251658	2.1976818767155635	3.397083781329468	[241, 132, 387, 344, 1086, 1112]	95951
80	0.7162737612004157	0.8615317625062568	2.1976818767155635	2.3288876735107538	[1794, 107, 10, 734, 19, 794]	2591916
81	0.7206522525399155	0.8668489428260167	2.1976818767155635	3.4714239837057717	[1586, 1587, 132, 1108, 1086, 1112]	449413
82	0.7249631745686205	0.8698078552076607	2.1976818767155635	3.316188644224363	[2627, 261, 132, 1108, 1086, 1112]	745193
83	0.7292075700228084	0.8739740038410155	2.1976818767155635	3.184750484208875	[455, 19, 132, 1108, 1086, 1112]	122358
84	0.7333864655471478	0.8767745815334375	2.1976818767155635	3.4225800030903457	[4196, 1663, 1546, 234, 1086, 1112]	108375
85	0.7375008719430252	0.8807177949243674	2.1976818767155635	3.671150278463103	[2490, 390, 3248, 334, 1086, 1112]	130444
86	0.7415517844130401	0.8829267246479903	2.1976818767155635	3.6721450672688247	[1792, 496, 217, 261, 1086, 1112]	135547
87	0.7455401828017278	0.885528352989146	2.1976818767155635	3.697543484746859	[1819, 241, 19, 334, 1086, 1112]	112474
88	0.7494670318325654	0.8876481983041619	2.1976818767155635	3.810069908734289	[677, 132, 217, 261, 1086, 1112]	96815
89	0.753333281341322	0.8906442463493842	2.1976818767155635	3.2554358471025484	[1580, 438, 2627, 261, 1086, 1096]	99448
90	0.7571398665058078	0.8930743742082867	2.1976818767155635	2.793516874800511	[1259, 734, 1203, 174, 1086, 1112]	114647
91	0.7608877080720762	0.8959257242293991	2.1976818767155635	3.490617761732537	[241, 1729, 1822, 1094, 1086, 1112]	111434
92	0.7645777125771367	0.8982384859131902	2.1976818767155635	3.855323932624696	[4015, 241, 19, 334, 1086, 1112]	111274
93	0.7682107725682302	0.9014948543639681	2.1976818767155635	3.671150278463103	[2490, 390, 3248, 334, 1086, 1096]	99839
94	0.7717877668187205	0.9036838576003244	2.1976818767155635	3.4225800030903457	[4196, 1663, 1546, 234, 1086, 1096]	98004
95	0.7753095605406538	0.9058242163203172	2.1976818767155635	3.484094806967457	[2004, 19, 132, 1094, 1086, 1112]	556755
96	0.7787770055940388	0.907917011513199	2.1976818767155635	3.917979333181071	[677, 1546, 234, 174, 1086, 1112]	112329
97	0.7821909406928962	0.909963300146239	2.1976818767155635	3.810069908734289	[545, 132, 217, 261, 1086, 1112]	95072
98	0.7855521916081293	0.9116306464398273	2.1976818767155635	3.4607062329820666	[420, 158, 1713, 174, 1086, 1112]	112718
99	0.7888615713672631	0.9132671159502008	2.1976818767155635	2.426484904269537	[734, 19, 132, 1108, 1086, 1112]	111712
100	0.7921198804511016	0.9151945133735297	2.1976818767155635	3.334919766974785	[1726, 132, 19, 334, 1086, 1112]	110669
101	0.79532790698735	0.9167649853480939	2.1976818767155635	2.2790614829839417	[19, 734, 1203, 174, 1086, 1112]	97663
102	0.7984864269412489	0.9189845857388115	2.1976818767155635	3.5069954494906392	[542, 269, 132, 1108, 1086, 1112]	97890
103	0.8015962043032667	0.9204848711880927	2.1976818767155635	2.775355892909582	[241, 1720, 132, 1108, 1086, 1112]	98791
104	0.8046579912738953	0.9230293553100738	2.1976818767155635	3.6721450672688247	[1792, 496, 217, 261, 1086, 1112]	118315
105	0.8076725284455943	0.9244547376191464	2.1976818767155635	2.9611430034036257	[781, 19, 132, 1108, 1086, 1112]	140594
106	0.8106405449819278	0.9261335212276098	2.1976818767155635	3.363125263892072	[432, 422, 19, 334, 1086, 1112]	113989
107	0.8135627587939351	0.9275014189826541	2.1976818767155635	3.221273652630817	[19, 132, 217, 261, 1086, 1112]	124923
108	0.8164398767137817	0.9291124985608173	2.1976818767155635	3.260479038210432	[1715, 132, 1713, 174, 1086, 1112]	113953
109	0.8192725946657295	0.9310028319325289	2.1976818767155635	2.6296491148067798	[241, 1031, 132, 1108, 1086, 1096]	103101
110	0.8220615978344683	0.9325361023340283	2.1976818767155635	3.855323932624696	[1723, 241, 19, 334, 1086, 1112]	1165128
111	0.8248075608308499	0.9343351396051208	2.1976818767155635	4.447695704913323	[4428, 2087, 1146, 1098, 1086, 1112]	1038696
112	0.8275111478550652	0.936436415137757	2.1976818767155635	3.3383536017876443	[2872, 241, 132, 1094, 1086, 1112]	228010
113	0.8301730128573019	0.9376135185611318	2.1976818767155635	3.460050044086323	[734, 19, 1987, 334, 1086, 1112]	123613
114	0.8327937996959238	0.9396098859671757	2.1976818767155635	3.529057945505385	[1791, 420, 1822, 1094, 1086, 1096]	113131
115	0.8353741422932088	0.9412202890080509	2.1976818767155635	3.8929202031877006	[1196, 2558, 255, 174, 1086, 1112]	109934
116	0.837914664788684	0.942526504807872	2.1976818767155635	2.932900051767541	[1723, 241, 132, 1108, 1086, 1112]	118395
117	0.8404159816900932	0.9440591313463288	2.1976818767155635	3.917979333181071	[677, 1546, 234, 174, 1086, 1112]	124125
118	0.8428786980220363	0.9458492391432463	2.1976818767155635	3.848858729833574	[2307, 420, 158, 1115, 1086, 1112]	131198
119	0.8453034094723135	0.9470525893845074	2.1976818767155635	3.409802677289374	[1791, 420, 158, 1115, 1086, 1096]	123265
120	0.8476907025360123	0.9487469065242032	2.1976818767155635	3.967115338612812	[1530, 158, 1713, 174, 1086, 1096]	109138
121	0.8500411546573702	0.9496960378848661	2.1976818767155635	3.236190705972595	[734, 19, 132, 1094, 1086, 1096]	126876
122	0.8523553343694478	0.9506275927388501	2.1976818767155635	3.409802677289374	[1791, 420, 158, 1115, 1086, 1112]	107590
123	0.8546338014316477	0.9515418965770195	2.1976818767155635	3.6845784447295697	[107, 734, 19, 334, 1086, 1112]	108726
124	0.8568771069651099	0.9524392688626303	2.1976818767155635	3.4686455498577784	[1265, 734, 1203, 174, 1086, 1112]	100884
125	0.8590857935860187	0.9539612122590261	2.1976818767155635	3.4455895737600724	[190, 196, 1078, 334, 1086, 1112]	96605
126	0.8612603955368516	0.9554344534667373	2.1976818767155635	3.184750484208875	[813, 19, 132, 1108, 1086, 1112]	1328394
127	0.8634014388156039	0.9568605509558017	2.1976818767155635	3.5253359932117423	[1849, 420, 158, 1115, 1086, 1112]	136051
128	0.8655094413030175	0.9578192053790061	2.1976818767155635	3.585810503855643	[2040, 438, 2627, 261, 1086, 1112]	105660
129	0.8675849128878474	0.9586003312053207	2.1976818767155635	3.7536729288630175	[87, 415, 255, 174, 1086, 1112]	141726
130	0.8696283555901955	0.9601900784870364	2.1976818767155635	3.490617761732537	[241, 1729, 1822, 1094, 1086, 1112]	135476
131	0.8716402636829393	0.960927299255795	2.1976818767155635	2.518985889172849	[19, 241, 132, 1108, 1086, 1112]	112431
132	0.8736211238112891	0.9616508677880952	2.1976818767155635	3.56678126317036	[19, 241, 217, 261, 1086, 1096]	121140
133	0.8755714151104975	0.9625030707261375	2.1976818767155635	3.363125263892072	[432, 422, 19, 334, 1086, 1096]	116145
134	0.8774916093217553	0.963702972462901	2.1976818767155635	3.6445912614277525	[1849, 420, 1822, 1094, 1086, 1112]	129761
135	0.8793821709062961	0.9645095730748366	2.1976818767155635	3.6804418391159164	[1723, 132, 19, 334, 1086, 1112]	109195
136	0.8812435571577422	0.9656452667364418	2.1976818767155635	2.932900051767541	[4015, 241, 132, 1108, 1086, 1112]	121415
137	0.8830762183127152	0.9665613929568034	2.1976818767155635	3.5247094981667253	[2387, 1663, 1546, 234, 1086, 1112]	122758
138	0.8848805976597413	0.9671806264205662	2.1976818767155635	2.7266252539510933	[331, 241, 132, 1108, 1086, 1096]	106136
139	0.8866571316464736	0.9680558097160179	2.1976818767155635	3.5504141572377215	[10, 158, 1713, 174, 1086, 1112]	118820
140	0.8884062499852626	0.9686473687953508	2.1976818767155635	3.752824415762799	[10, 161, 1713, 174, 1086, 1112]	95338
141	0.890128375757095	0.9694834389608081	2.1976818767155635	3.5800061191568133	[19, 241, 1729, 1094, 1086, 1112]	1388050
142	0.89182392551393	0.9701615847616791	2.1976818767155635	3.464547836593158	[1726, 132, 217, 261, 1086, 1112]	264132
143	0.8934933093794557	0.9707141480068332	2.1976818767155635	3.221273652630817	[19, 132, 217, 261, 1086, 1112]	111354
144	0.8951369311482913	0.9712564785992992	2.1976818767155635	2.426484904269537	[734, 19, 132, 1108, 1086, 1112]	115482
145	0.8967551883836571	0.9720229725033179	2.1976818767155635	3.4347039664096126	[421, 438, 2627, 261, 1086, 1096]	115893
146	0.898348472513539	0.9727690265698961	2.1976818767155635	3.6060011103515626	[2040, 1451, 1713, 174, 1086, 1112]	100514
147	0.8999171689253671	0.9732733038556388	2.1976818767155635	3.4051240256480337	[19, 132, 387, 344, 1086, 1112]	112725
148	0.9014616570592349	0.9741285581322583	2.1976818767155635	2.6743890052643993	[2004, 19, 132, 1108, 1086, 1112]	104028
149	0.9029823104996788	0.9746076589075868	2.1976818767155635	3.4686455498577784	[732, 734, 1203, 174, 1086, 1112]	100077
150	0.9044794970660417	0.9754202138225441	2.1976818767155635	3.17671023989031	[2072, 241, 132, 1108, 1086, 1112]	104373
151	0.9059535789014423	0.9760756747872763	2.1976818767155635	3.7538597690840323	[420, 1879, 836, 1089, 1086, 1112]	108035
152	0.9074049125603707	0.9765187178467711	2.1976818767155635	2.1976818767155635	[10, 734, 1203, 174, 1086, 1112]	133639
153	0.9088338490949328	0.9770405241168428	2.1976818767155635	3.363125263892072	[432, 422, 19, 334, 1086, 1112]	102894
154	0.9102407341397641	0.9776527768070604	2.1976818767155635	4.215537190177668	[19, 1987, 653, 636, 1086, 1112]	102520
155	0.9116259079956319	0.9780666142735963	2.1976818767155635	2.426484904269537	[734, 19, 132, 1108, 1086, 1112]	109241
156	0.9129897057117488	0.9785540228452941	2.1976818767155635	2.7751196038897037	[1819, 241, 132, 1108, 1086, 1112]	2477965
157	0.9143324571668143	0.9790306001153988	2.1976818767155635	2.545237350214759	[811, 734, 1203, 174, 1086, 1112]	469008
158	0.9156544871488079	0.9795897841123214	2.1976818767155635	2.5872420769840634	[811, 3459, 1203, 174, 1086, 1112]	100258
159	0.9169561154335486	0.980043344465381	2.1976818767155635	3.462983623397844	[1742, 400, 19, 334, 1086, 1112]	102558
160	0.9182376568620432	0.9804129121604666	2.1976818767155635	3.8498112984743313	[2764, 370, 1713, 174, 1086, 1112]	98087
161	0.9194994214166413	0.9810396989713316	2.1976818767155635	3.0373270629232803	[3284, 734, 1203, 174, 1086, 1112]	98936
162	0.9207417142960141	0.981646428604249	2.1976818767155635	2.5286478000845856	[2872, 241, 132, 1108, 1086, 1112]	96852
163	0.9219648359889768	0.9819863095560222	2.1976818767155635	2.2790614829839417	[19, 734, 1203, 174, 1086, 1112]	96832
164	0.9231690823471717	0.9823866137881105	2.1976818767155635	3.0373270629232803	[3284, 734, 1203, 174, 1086, 1112]	97293
165	0.9243547446566289	0.9827127876068492	2.1976818767155635	3.236190705972595	[734, 19, 132, 1094, 1086, 1112]	97751
166	0.9255221097082241	0.9830329211696853	2.1976818767155635	3.6804418391159164	[545, 132, 19, 334, 1086, 1112]	99709
167	0.9266714598670478	0.9833471263332098	2.1976818767155635	3.4607062329820666	[420, 158, 1713, 174, 1086, 1096]	99039
168	0.9278030731407044	0.9838800182905469	2.1976818767155635	3.671150278463103	[2490, 390, 1078, 334, 1086, 1112]	99425
169	0.9289172232465578	0.9842382401063127	2.1976818767155635	3.544621900098326	[2309, 420, 158, 1115, 1086, 1112]	97515
170	0.9300141796779381	0.9846585537034777	2.1976818767155635	3.3692329725658183	[1580, 301, 2627, 261, 1086, 1112]	98803
171	0.9310942077693279	0.9849426545608206	2.1976818767155635	3.536331055654151	[331, 241, 132, 1094, 1086, 1096]	2939941
172	0.932157568760542	0.9853441837725321	2.1976818767155635	3.5247094981667253	[2387, 1663, 1546, 234, 1086, 1112]	114196
173	0.9332045198599164	0.9856155877767444	2.1976818767155635	3.460050044086323	[734, 19, 1987, 334, 1086, 1112]	97873
174	0.9342353143065225	0.9859352413817056	2.1976818767155635	3.464547836593158	[1726, 132, 217, 261, 1086, 1112]	106054
175	0.9352502014314219	0.9864753281126482	2.1976818767155635	4.072212456386735	[1794, 1791, 420, 458, 1086, 1112]	95346
176	0.936249426717974	0.9867758763768115	2.1976818767155635	3.462983623397844	[1742, 400, 19, 334, 1086, 1112]	94934
177	0.9372332318612151	0.98712851967343	2.1976818767155635	3.5779691026203686	[157, 320, 836, 1089, 1086, 1112]	94842
178	0.9382018548263199	0.9875404070438801	2.1976818767155635	3.4347039664096126	[421, 438, 2627, 261, 1086, 1112]	95113
179	0.9391555299061606	0.9878726628560434	2.1976818767155635	3.6632814211403364	[241, 1126, 19, 334, 1086, 1112]	94676
180	0.9400944877779791	0.988097243173524	2.1976818767155635	3.0836053386938795	[241, 132, 19, 334, 1086, 1112]	94927
181	0.9410189555591831	0.9884781313919713	2.1976818767155635	3.6445912614277525	[1849, 420, 1822, 1094, 1086, 1112]	96447
182	0.9419291568622822	0.9887853812215187	2.1976818767155635	3.592725015116719	[2149, 420, 158, 1115, 1086, 1112]	212877
183	0.9428253118489753	0.9890844377222782	2.1976818767155635	2.6743890052643993	[2004, 19, 132, 1108, 1086, 1112]	185598
184	0.9437076372834047	0.9892865777644583	2.1976818767155635	3.0836053386938795	[241, 132, 19, 334, 1086, 1112]	107040
185	0.9445763465845868	0.9895246538141369	2.1976818767155635	3.451071680941741	[2872, 241, 19, 334, 1086, 1112]	111594
186	0.9454316498780345	0.9898039963790933	2.1976818767155635	2.5037639632019135	[1715, 132, 241, 1126, 19, 794]	1924858
187	0.9462737540465833	0.989992811260962	2.1976818767155635	3.673264351591776	[21, 1417, 5272, 174, 1086, 1112]	86296
188	0.9471028627804323	0.9902596696273362	2.1976818767155635	3.3692329725658183	[1580, 301, 2627, 261, 1086, 1112]	87130
189	0.9479191766264133	0.9904400461157189	2.1976818767155635	3.823816307279582	[241, 19, 387, 344, 1086, 1112]	87153
190	0.9487228930364995	0.9906170822987612	2.1976818767155635	3.8541227312790616	[119, 123, 19, 334, 1086, 1112]	87794
191	0.9495142064155659	0.9908672934374608	2.1976818767155635	3.6617107163654943	[457, 545, 132, 1108, 1086, 1112]	86266
192	0.9502933081684121	0.9910364176330635	2.1976818767155635	3.917979333181071	[677, 1546, 234, 174, 1086, 1112]	86301
193	0.9510603867460601	0.9913232522688055	2.1976818767155635	3.671150278463103	[2490, 390, 3248, 334, 1086, 1112]	87610
194	0.9518156276913369	0.991554632208304	2.1976818767155635	3.428024668171216	[1647, 1697, 132, 1108, 1086, 1112]	86366
195	0.9525592136837545	0.9917110279081501	2.1976818767155635	3.6845784447295697	[107, 734, 19, 334, 1086, 1112]	87503
196	0.9532913245836966	0.9918645273913326	2.1976818767155635	3.9043011772296445	[3, 19, 1987, 334, 1086, 1096]	87809
197	0.9540121374759235	0.9920814733275637	2.1976818767155635	3.490617761732537	[241, 1729, 1822, 1094, 1086, 1096]	87650
198	0.9547218267124061	0.9922926340388286	2.1976818767155635	3.490617761732537	[241, 1729, 1822, 1094, 1086, 1112]	88495
199	0.9554205639544987	0.9925392697495862	2.1976818767155635	3.204410474350957	[5032, 23, 5272, 174, 1086, 1112]	87945
200	0.9561085182144601	0.9927050637551509	2.1976818767155635	3.848858729833574	[2307, 420, 158, 1115, 1086, 1112]	88519
201	0.9567858558963357	0.9929385017149861	2.1976818767155635	2.6743890052643993	[2004, 19, 132, 1108, 1086, 1112]	86648
202	0.9574527408362071	0.9930692702017456	2.1571403571201886	2.1571403571201886	[1807, 157, 10, 734, 19, 794]	89172
203	0.9581093343418212	0.9932540896630324	2.1571403571201886	3.213233408312252	[241, 132, 217, 261, 1086, 1112]	86456
204	0.9587557952316079	0.9933790139285318	2.1571403571201886	3.2554358471025484	[1580, 438, 2627, 261, 1086, 1112]	87429
205	0.9593922798730954	0.9935016247817071	2.1571403571201886	3.9343585605063875	[269, 1337, 240, 234, 1086, 1112]	87019
206	0.9600189422207328	0.9936219650635274	2.1571403571201886	3.397083781329468	[241, 132, 387, 344, 1086, 1112]	86243
207	0.960635933853129	0.9937636991732267	2.1571403571201886	3.5891433710848464	[1807, 157, 1713, 174, 1086, 1112]	84694
208	0.9612434040097164	0.9939022836360439	2.1571403571201886	3.906291334879657	[4349, 158, 1713, 174, 1086, 1112]	86444
209	0.9618414996268504	0.9940648894057494	2.1571403571201886	3.3802769052980004	[1515, 1031, 132, 1108, 1086, 1112]	85874
210	0.9624303653733497	0.9942231590215961	2.1571403571201886	3.5432222043472263	[87, 1265, 255, 174, 1086, 1112]	86181
211	0.9630101436854893	0.9943772081143536	2.1571403571201886	3.3286916908759068	[19, 241, 132, 1094, 1086, 1112]	87783
212	0.963580974801454	0.9945571374546942	2.1571403571201886	3.0466300264731196	[4118, 23, 5272, 174, 1086, 1112]	87123
213	0.9641429967952587	0.994731309056144	2.1571403571201886	4.051939410932119	[1792, 232, 193, 1115, 1086, 1112]	87210
214	0.9646963456101467	0.9948718074813135	2.1571403571201886	3.409802677289374	[1791, 420, 158, 1115, 1086, 1112]	86781
215	0.9652411550914716	0.9950085592818118	2.1571403571201886	4.115611771921291	[241, 132, 1587, 487, 1086, 1112]	87951
216	0.9657775570190723	0.9951194801866604	2.1571403571201886	2.7751196038897037	[1819, 241, 132, 1108, 1086, 1112]	87781
217	0.9663056811391484	0.9952098601832038	2.1571403571201886	3.8061659836099055	[1580, 438, 3366, 150, 1086, 1112]	87200
218	0.966825655195643	0.9952985664761074	2.1571403571201886	3.5297365521895774	[1546, 677, 132, 1108, 1086, 1112]	89355
219	0.9673376049611423	0.9954239380367446	2.1571403571201886	3.4714239837057717	[1586, 1587, 132, 1108, 1086, 1112]	87473
220	0.9678416542672975	0.9955459663557646	2.1571403571201886	2.426484904269537	[734, 19, 132, 1108, 1086, 1112]	87114
221	0.9683379250347776	0.9956647405862776	2.1571403571201886	4.29289903957417	[107, 10, 159, 1023, 1086, 1112]	88165
222	0.9688265373027594	0.9957610796843603	2.1571403571201886	3.529057945505385	[1791, 420, 1822, 1094, 1086, 1096]	87206
223	0.9693076092579637	0.995839578208724	2.1571403571201886	3.6804418391159164	[677, 132, 19, 334, 1086, 1112]	87286
224	0.969781257263242	0.9959166230567106	2.1571403571201886	2.545237350214759	[811, 734, 1203, 174, 1086, 1096]	87324
225	0.9702475958857228	0.995992241148253	2.1571403571201886	3.6060011103515626	[677, 132, 1713, 174, 1086, 1096]	87603
226	0.9707067379245234	0.9961204894315089	2.1571403571201886	3.6060011103515626	[1872, 843, 3094, 174, 1086, 1096]	86876
227	0.9711587944380339	0.9962239430466687	2.1571403571201886	2.702639471550251	[77, 19, 132, 1108, 1086, 1112]	86655
228	0.9716038747707803	0.9963246378987575	2.1571403571201886	3.3692329725658183	[1580, 301, 2627, 261, 1086, 1112]	88144
229	0.9720420865798731	0.9963927001598917	2.1571403571201886	3.460050044086323	[734, 19, 1987, 334, 1086, 1112]	88321
230	0.9724735358610479	0.9965312204737518	2.1571403571201886	3.081560325988364	[241, 1126, 132, 1108, 1086, 1112]	87881
231	0.9728983269743033	0.9966422214185917	2.1571403571201886	3.7254107014033675	[1873, 10, 158, 1115, 1086, 1112]	86888
232	0.9733165626691443	0.9967044025034326	2.1571403571201886	2.7266252539510933	[331, 241, 132, 1108, 1086, 1112]	85470
233	0.9737283441094353	0.9968098616233227	2.1571403571201886	3.204410474350957	[5032, 23, 5272, 174, 1086, 1112]	89469
234	0.97413377089787	0.9968807535872489	2.1571403571201886	3.484094806967457	[2004, 19, 132, 1094, 1086, 1096]	87848
235	0.9745329411000634	0.996963933491589	2.1571403571201886	2.9611430034036257	[781, 19, 132, 1108, 1086, 1112]	86343
236	0.9749259512682722	0.9970610876198581	2.1571403571201886	3.575302319672975	[1851, 159, 1713, 174, 1086, 1112]	86888
237	0.9753128964647495	0.9971263967838613	2.1571403571201886	3.834090028441395	[3820, 438, 2627, 261, 1086, 1112]	87195
238	0.975693870284738	0.9972183520867778	2.1571403571201886	3.9196196481109737	[1550, 420, 1822, 1094, 1086, 1112]	87319
239	0.9760689648791093	0.9972801664848493	2.1571403571201886	3.528922042863038	[1892, 3459, 1203, 174, 1086, 1112]	86522
240	0.9764382709766539	0.9973526953785867	2.1571403571201886	3.773546740312346	[2015, 1723, 132, 1108, 1086, 1112]	86895
241	0.9768018779060265	0.9974115243701737	2.1571403571201886	2.5872420769840634	[811, 3459, 1203, 174, 1086, 1112]	87927
242	0.9771598736173532	0.9974943555903281	2.1571403571201886	3.069833347705165	[2607, 1587, 132, 1108, 1086, 1112]	88249
243	0.9775123447035052	0.9975745362114375	2.1571403571201886	3.84519172267838	[734, 10, 232, 1023, 1086, 1112]	87910
244	0.9778593764210437	0.9976392152457992	2.1571403571201886	3.9128741871805746	[10, 107, 836, 1089, 1086, 1112]	88057
245	0.9782010527108425	0.9976829334819881	2.1571403571201886	2.5872420769840634	[811, 3459, 1203, 174, 1086, 1096]	87983
246	0.9785374562183912	0.9977719088362799	2.1571403571201886	3.204410474350957	[5032, 23, 5272, 174, 1086, 1096]	86791
247	0.9788686683137864	0.9978313246006457	2.1571403571201886	3.529057945505385	[1791, 420, 1822, 1094, 1086, 1112]	86779
248	0.9791947691114131	0.997879517387298	2.1571403571201886	3.926892758259741	[1781, 390, 1078, 334, 1086, 1112]	88146
249	0.9795158374893234	0.9979360635903034	2.1571403571201886	2.7266252539510933	[331, 241, 132, 1108, 1086, 1112]	88012
250	0.9798319511083153	0.9979742846349274	2.1571403571201886	3.1589477053178707	[10, 734, 19, 334, 1086, 1112]	87010
251	0.9801431864307178	0.9980117978824288	2.1571403571201886	2.723312616127263	[107, 734, 1203, 174, 1086, 1112]	87244
252	0.9804496187388858	0.9980486164401615	2.1571403571201886	3.451071680941741	[2872, 241, 19, 334, 1086, 1112]	87221
253	0.9807513221534092	0.9980847531727511	2.1571403571201886	3.736204611367037	[77, 19, 1987, 334, 1086, 1112]	87035
254	0.9810483696510417	0.9981202207065891	2.1571403571201886	3.823816307279582	[241, 19, 387, 344, 1086, 1112]	87201
255	0.9813408330823528	0.9981803736439783	2.1571403571201886	4.072212456386735	[1794, 1791, 420, 458, 1086, 1096]	86277
256	0.9816287831891066	0.998214070428349	2.1571403571201886	3.5492810816234277	[158, 420, 1822, 1094, 1086, 1096]	87596
257	0.9819122896213734	0.9982471431981944	2.1571403571201886	2.426484904269537	[734, 19, 132, 1108, 1086, 1112]	86679
258	0.982191420954377	0.9983144528993837	2.1571403571201886	2.6296491148067798	[241, 1031, 132, 1108, 1086, 1112]	87196
259	0.982466244705081	0.9983683904066034	2.1571403571201886	2.7751196038897037	[1819, 241, 132, 1108, 1086, 1112]	86588
260	0.9827368273485212	0.9984046483975678	2.1571403571201886	3.5247094981667253	[2387, 1663, 1546, 234, 1086, 1112]	87721
261	0.9830032343338835	0.998434191945761	2.1571403571201886	3.736204611367037	[77, 19, 1987, 334, 1086, 1112]	87961
262	0.9832655301003359	0.9984842978034967	2.1571403571201886	4.524939973531598	[1555, 2229, 1468, 1089, 1086, 1112]	87761
263	0.9835237780926147	0.9985247165287368	2.1571403571201886	3.5039302684876574	[4301, 1711, 132, 1108, 1086, 1112]	86658
264	0.9837780407763707	0.9985719255998172	2.1571403571201886	3.585810503855643	[2040, 438, 2627, 261, 1086, 1096]	87155
265	0.9840283796532785	0.9985983714220428	2.1571403571201886	2.9746866305103152	[193, 1529, 2229, 734, 19, 794]	89161
266	0.9842748552759131	0.9986357481841216	2.1571403571201886	3.0091646099295257	[241, 132, 1713, 174, 1086, 1096]	86611
267	0.9845175272623958	0.998672128232545	2.1571403571201886	3.8377000442262252	[1879, 496, 132, 1108, 1086, 1112]	86027
268	0.9847564543108157	0.9986967184504609	2.1571403571201886	3.2554358471025484	[1580, 438, 2627, 261, 1086, 1112]	86728
269	0.9849916942134266	0.9987314726251153	2.1571403571201886	3.5247094981667253	[2387, 1663, 1546, 234, 1086, 1096]	86233
270	0.9852233038706267	0.9987549638727983	2.1571403571201886	3.979854736899159	[1546, 234, 255, 174, 1086, 1096]	86267
271	0.9854513393047221	0.9987964650770383	2.1571403571201886	3.4225800030903457	[4196, 1663, 1546, 234, 1086, 1112]	87830
272	0.9856758556734764	0.9988232102975486	2.1571403571201886	3.6022839188384888	[193, 1265, 255, 174, 1086, 1096]	87656
273	0.9858969072834536	0.9988450026994459	2.1571403571201886	2.426484904269537	[734, 19, 132, 1108, 1086, 1112]	86371
274	0.9861145476031533	0.9988758026274607	2.1571403571201886	3.5005121038821185	[734, 10, 158, 1115, 1086, 1112]	87797
275	0.9863288292759441	0.9989007847912948	2.1571403571201886	3.6167299521115073	[3621, 1720, 132, 1094, 1086, 1112]	87555
276	0.9865398041327968	0.9989300971968603	2.1571403571201886	2.790120672112291	[241, 217, 132, 1108, 1086, 1112]	88080
277	0.9867475232048216	0.9989538728147079	2.1571403571201886	3.575302319672975	[1851, 159, 1713, 174, 1086, 1112]	87473
278	0.9869520367356114	0.9989873488846372	2.1571403571201886	3.6060011103515626	[3180, 843, 3094, 174, 1086, 1112]	86610
279	0.9871533941933952	0.9990061016830699	2.1571403571201886	3.585810503855643	[10, 438, 2627, 261, 1086, 1112]	87245
280	0.9873516442830033	0.999028188312335	2.1571403571201886	3.260479038210432	[1715, 132, 1713, 174, 1086, 1112]	88311
281	0.9875468349576483	0.9990461848250696	2.1571403571201886	3.6022839188384888	[193, 1265, 255, 174, 1086, 1112]	87946
282	0.9877390134305241	0.9990638480690497	2.1571403571201886	2.1976818767155635	[10, 734, 1203, 174, 1086, 1112]	87303
283	0.9879282261862259	0.9990888121205417	2.1571403571201886	2.426484904269537	[734, 19, 132, 1108, 1086, 1112]	86765
284	0.988114518991994	0.9991090607400852	2.1571403571201886	2.426484904269537	[734, 19, 132, 1108, 1086, 1112]	85394
285	0.9882979369087842	0.9991328191203497	2.1571403571201886	3.184750484208875	[732, 19, 132, 1108, 1086, 1096]	86583
286	0.9884785243021672	0.9991488780255283	2.1571403571201886	3.0172048542480914	[19, 132, 1713, 174, 1086, 1112]	85600
287	0.9886563248530597	0.9991715746115143	2.1571403571201886	3.84519172267838	[734, 10, 232, 1023, 1086, 1112]	86753
288	0.9888313815682902	0.9991869158224121	2.1571403571201886	3.5065031788170664	[811, 734, 19, 334, 1086, 1112]	87166
289	0.9890037367910018	0.9992085980671478	2.1571403571201886	3.5779691026203686	[157, 320, 836, 1089, 1086, 1112]	88064
290	0.9891734322108937	0.999233922928999	2.1571403571201886	3.6167299521115073	[3621, 1720, 132, 1094, 1086, 1112]	87313
291	0.9893405088743059	0.9992584373952711	2.1571403571201886	3.4455895737600724	[190, 196, 1078, 334, 1086, 1096]	87383
292	0.9895050071941468	0.9992721700360995	2.1571403571201886	3.213233408312252	[241, 132, 217, 261, 1086, 1096]	86101
293	0.9896669669596693	0.9993001187067132	2.1571403571201886	3.081560325988364	[241, 1126, 132, 1108, 1086, 1096]	87676
294	0.9898264273460942	0.9993187822078675	2.1571403571201886	2.870736037412858	[3, 19, 132, 1108, 1086, 1112]	87514
295	0.9899834269240865	0.9993369480156578	2.1571403571201886	3.8933429468	[19, 1548, 255, 174, 1086, 1096]	86883
296	0.9901380036690851	0.9993516825041987	2.1571403571201886	3.334919766974785	[1715, 132, 19, 334, 1086, 1112]	88128
297	0.9902901949704882	0.9993724286640643	2.1571403571201886	3.0466300264731196	[4118, 23, 5272, 174, 1086, 1096]	88302
298	0.9904400376406967	0.9993840503554705	2.1571403571201886	3.752824415762799	[10, 161, 1713, 174, 1086, 1112]	87148
299	0.9905875679240193	0.9994004756793247	2.1571403571201886	2.790120672112291	[241, 217, 132, 1108, 1086, 1096]	86014
300	0.9907328215054387	0.9994115779815593	2.1571403571201886	2.545237350214759	[811, 734, 1203, 174, 1086, 1112]	86211
301	0.9908758335192437	0.9994224746856045	2.1571403571201886	2.775355892909582	[241, 1720, 132, 1108, 1086, 1112]	86626
302	0.991016638557527	0.9994378753606551	2.1571403571201886	3.0091646099295257	[241, 132, 1713, 174, 1086, 1112]	86995
303	0.9911552706785528	0.9994528653510376	2.1571403571201886	3.490617761732537	[241, 1729, 1822, 1094, 1086, 1112]	86281
304	0.9912917634149948	0.9994703736598044	2.1571403571201886	2.5286478000845856	[2872, 241, 132, 1108, 1086, 1096]	85817
305	0.9914261497820474	0.9994844970288763	2.1571403571201886	3.4607062329820666	[420, 158, 1713, 174, 1086, 1112]	86218
306	0.9915584622854109	0.9994940433801934	2.1571403571201886	3.6845784447295697	[107, 734, 19, 334, 1086, 1096]	87709
307	0.9916887329291545	0.9995034129472269	2.1571403571201886	3.1589477053178707	[10, 734, 19, 334, 1086, 1112]	85478
308	0.9918169932234577	0.9995193037329156	2.1571403571201886	3.926892758259741	[1781, 390, 3248, 334, 1086, 1112]	86201
309	0.9919432741922315	0.9995377624695717	2.1571403571201886	3.4714239837057717	[396, 1728, 132, 1108, 1086, 1112]	87478
310	0.992067606380623	0.9995463224238389	2.1571403571201886	3.0172048542480914	[19, 132, 1713, 174, 1086, 1112]	87574
311	0.9921900198624035	0.9995564041477536	2.1571403571201886	2.7751196038897037	[1819, 241, 132, 1108, 1086, 1112]	87265
312	0.992310544247243	0.9995711906761617	2.1571403571201886	3.4225800030903457	[4196, 1663, 1546, 234, 1086, 1112]	88922
313	0.9924292086878719	0.9995791315895661	2.1571403571201886	3.0091646099295257	[241, 132, 1713, 174, 1086, 1112]	89479
314	0.9925460418871331	0.9995884842209092	2.1571403571201886	3.5764431740820974	[2872, 241, 217, 261, 1086, 1112]	86761
315	0.9926610721049243	0.99960165272584	2.1571403571201886	3.6060011103515626	[3179, 843, 3094, 174, 1086, 1112]	87186
316	0.9927743271650334	0.9996090295272134	2.1571403571201886	2.6296491148067798	[241, 1031, 132, 1108, 1086, 1112]	86869
317	0.9928858344618694	0.999617717759942	2.1571403571201886	3.5673687331398343	[2297, 400, 19, 334, 1086, 1096]	86692
318	0.9929956209670875	0.9996279119530102	2.1571403571201886	3.5779691026203686	[257, 320, 836, 1089, 1086, 1112]	87496
319	0.9931037132361139	0.9996378343009299	2.1571403571201886	2.9867947119456337	[300, 301, 1580, 438, 774, 794]	85455
320	0.9932101374145689	0.9996474920529052	2.1571403571201886	3.184750484208875	[455, 19, 132, 1108, 1086, 1112]	86676
321	0.993314919244591	0.9996553255628405	2.1571403571201886	3.5891433710848464	[1807, 157, 1713, 174, 1086, 1112]	85370
322	0.9934180840710634	0.9996663551448297	2.1571403571201886	3.204410474350957	[5032, 23, 5272, 174, 1086, 1112]	87800
323	0.9935196568477445	0.9996737694749446	2.1571403571201886	3.704751074145321	[1530, 156, 1713, 174, 1086, 1112]	87070
324	0.993619662143304	0.999681019042168	2.1571403571201886	3.528922042863038	[1892, 3459, 1203, 174, 1086, 1112]	86871
325	0.9937181241472653	0.9996895252010435	2.1571403571201886	2.518985889172849	[19, 241, 132, 1108, 1086, 1112]	87610
326	0.993815066675857	0.9996978045290157	2.1571403571201886	3.2554358471025484	[1580, 438, 2627, 261, 1086, 1112]	85889
327	0.9939105131777727	0.9997074747840872	2.1571403571201886	3.866616265254481	[1781, 1402, 1078, 334, 1086, 1096]	88035
328	0.9940044867398441	0.9997152754565115	2.1571403571201886	3.428024668171216	[1647, 1697, 132, 1108, 1086, 1112]	86562
329	0.9940970100926243	0.9997243866419032	2.1571403571201886	3.913538059743548	[2627, 438, 254, 174, 1086, 1112]	88949
330	0.9941881056158863	0.9997332062693622	2.1571403571201886	3.3383536017876443	[2872, 241, 132, 1094, 1086, 1096]	87186
331	0.9942777953440362	0.9997420993937168	2.1571403571201886	3.9714357928126214	[1813, 1666, 1546, 234, 1086, 1112]	86915
332	0.9943661009714431	0.9997520027769982	2.1571403571201886	3.5779691026203686	[157, 320, 836, 1089, 1086, 1096]	85652
333	0.9944530438576862	0.9997599386881342	2.1571403571201886	3.316188644224363	[2627, 261, 132, 1108, 1086, 1112]	87200
334	0.9945386450327219	0.9997676206501139	2.1571403571201886	3.184750484208875	[2006, 19, 132, 1108, 1086, 1096]	86826
335	0.99462292520197	0.9997719239714081	2.1571403571201886	2.426484904269537	[734, 19, 132, 1108, 1086, 1096]	86443
336	0.9947059047513224	0.9997780059988373	2.1571403571201886	3.3692329725658183	[1580, 301, 2627, 261, 1086, 1112]	86760
337	0.9947876037520735	0.9997839258388682	2.1571403571201886	3.4393549165098385	[241, 1031, 132, 1094, 1086, 1096]	86560
338	0.994868041965776	0.9997896878164984	2.1571403571201886	2.790120672112291	[241, 217, 132, 1108, 1086, 1112]	87224
339	0.9949472388490203	0.9997964178063704	2.1571403571201886	3.204410474350957	[5032, 23, 5272, 174, 1086, 1112]	86468
340	0.9950252135581403	0.9998001878469932	2.1571403571201886	3.0172048542480914	[19, 132, 1713, 174, 1086, 1112]	86461
341	0.995101984953848	0.9998038880720489	2.1571403571201886	3.2554358471025484	[1580, 438, 2627, 261, 1086, 1112]	87383
342	0.9951775716057949	0.9998091177234609	2.1571403571201886	3.70195466250723	[241, 1209, 132, 1094, 1086, 1112]	88008
343	0.9952519917970635	0.999814207917502	2.1571403571201886	3.5779691026203686	[157, 320, 836, 1089, 1086, 1112]	87254
344	0.9953252635285903	0.9998176485116224	2.1571403571201886	2.426484904269537	[734, 19, 132, 1108, 1086, 1112]	87707
345	0.9953974045235194	0.9998217007669196	2.1571403571201886	3.773546740312346	[1451, 1713, 132, 1108, 1086, 1112]	88777
346	0.9954684322314897	0.9998250026045692	2.1571403571201886	2.8070241504084494	[3621, 1720, 132, 1108, 1086, 1112]	85824
347	0.9955383638328557	0.999830602521223	2.1571403571201886	3.671150278463103	[2490, 390, 1078, 334, 1086, 1112]	85718
348	0.9956072162428424	0.9998337395115707	2.1571403571201886	3.9826090934107468	[1849, 420, 1546, 234, 1086, 1112]	85124
349	0.9956750061156381	0.9998390598472005	2.1571403571201886	3.184750484208875	[2005, 19, 132, 1108, 1086, 1112]	86208
350	0.9957417498484215	0.99984420993209	2.1571403571201886	3.204410474350957	[5032, 23, 5272, 174, 1086, 1112]	86710
351	0.9958074635853286	0.9998470949333477	2.1571403571201886	2.702639471550251	[77, 19, 132, 1108, 1086, 1096]	87138
352	0.9958721632213574	0.9998504928237177	2.1571403571201886	3.184750484208875	[2005, 19, 132, 1108, 1086, 1112]	88085
353	0.9959358644062131	0.9998532614751303	2.1571403571201886	3.979854736899159	[1546, 234, 255, 174, 1086, 1112]	85888
354	0.9959985825480925	0.9998591310161251	2.1571403571201886	3.4455895737600724	[190, 196, 1078, 334, 1086, 1112]	87537
355	0.996060332817412	0.9998636388236091	2.1571403571201886	3.9318305908166167	[734, 10, 158, 1089, 1086, 1112]	87074
356	0.9961211301504767	0.9998672751216462	2.1571403571201886	3.4714239837057717	[1586, 1587, 132, 1108, 1086, 1096]	87493
357	0.9961809892530927	0.9998702245633874	2.1571403571201886	2.793516874800511	[1259, 734, 1203, 174, 1086, 1096]	88334
358	0.9962399246041252	0.9998726278122135	2.1571403571201886	2.7264952743719832	[715, 494, 2229, 734, 19, 794]	87183
359	0.9962979504589998	0.9998749865564318	2.1571403571201886	3.0836053386938795	[241, 132, 19, 334, 1086, 1112]	85895
360	0.9963550808531512	0.9998773016202016	2.1571403571201886	3.3802769052980004	[1515, 1031, 132, 1108, 1086, 1112]	88270
361	0.9964113296054173	0.9998795738124201	2.1571403571201886	2.870736037412858	[3, 19, 132, 1108, 1086, 1112]	87359
362	0.9964667103213831	0.9998818039270049	2.1571403571201886	3.56678126317036	[19, 241, 217, 261, 1086, 1112]	86053
363	0.9965212363966703	0.9998849558222848	2.1571403571201886	2.426484904269537	[734, 19, 132, 1108, 1086, 1112]	86659
364	0.9965749210201785	0.9998875123595673	2.1571403571201886	3.464547836593158	[1715, 132, 217, 261, 1086, 1112]	85551
365	0.9966277771772746	0.9998905120299789	2.1571403571201886	3.2554358471025484	[1580, 438, 2627, 261, 1086, 1112]	86680
366	0.9966798176529339	0.9998925395849793	2.1571403571201886	3.736204611367037	[77, 19, 1987, 334, 1086, 1112]	86036
367	0.9967310550348331	0.9998941979247172	2.1571403571201886	2.3681853041810967	[10, 494, 2229, 734, 19, 794]	86485
368	0.9967815017163943	0.9998970193133915	2.1571403571201886	3.2554358471025484	[1580, 438, 2627, 261, 1086, 1112]	87426
369	0.9968311698997833	0.9998997654650343	2.1571403571201886	3.1589477053178707	[10, 734, 19, 334, 1086, 1112]	86598
370	0.9968800715988607	0.9999029729701533	2.1571403571201886	2.8070241504084494	[3621, 1720, 132, 1108, 1086, 1112]	87164
371	0.9969282186420881	0.9999055603576158	2.1571403571201886	3.3692329725658183	[1580, 301, 2627, 261, 1086, 1112]	86365
372	0.9969756226753893	0.9999085824261721	2.1571403571201886	4.094176333173401	[1265, 193, 232, 1023, 1086, 1112]	86805
373	0.9970222951649665	0.9999106139278128	2.1571403571201886	4.257637480093968	[1938, 1468, 1546, 234, 1086, 1112]	86184
374	0.9970682474000752	0.9999122692254458	2.1571403571201886	2.545237350214759	[811, 734, 1203, 174, 1086, 1112]	84199
375	0.9971134904957529	0.9999146087127673	2.1571403571201886	3.5297365521895774	[1546, 677, 132, 1108, 1086, 1112]	85930
376	0.9971580353955098	0.9999173412339587	2.1571403571201886	3.204410474350957	[5032, 23, 5272, 174, 1086, 1096]	87576
377	0.9972018928739742	0.9999188719518484	2.1571403571201886	4.077730212084311	[382, 400, 19, 334, 1086, 1112]	87972
378	0.9972450735394993	0.9999210353664657	2.1571403571201886	3.5005121038821185	[734, 10, 158, 1115, 1086, 1112]	85639
379	0.9972875878367292	0.9999224976744941	2.1571403571201886	2.775355892909582	[241, 1720, 132, 1108, 1086, 1112]	86061
380	0.9973294460491254	0.9999245644031743	2.1571403571201886	3.6412264034130413	[107, 10, 158, 1115, 1086, 1112]	85750
381	0.9973706583014538	0.9999269783422727	2.1571403571201886	3.5995927639097713	[300, 301, 2627, 261, 1086, 1112]	86294
382	0.9974112345622338	0.9999286010457777	2.1571403571201886	3.0466300264731196	[4118, 23, 5272, 174, 1086, 1112]	86475
383	0.9974511846461499	0.9999299232486337	2.1571403571201886	2.5872420769840634	[811, 3459, 1203, 174, 1086, 1112]	88432
384	0.9974905182164254	0.9999317919620035	2.1571403571201886	3.528922042863038	[1892, 3459, 1203, 174, 1086, 1096]	87155
385	0.9975292447871595	0.9999336108430168	2.1571403571201886	3.5800061191568133	[19, 241, 1729, 1094, 1086, 1112]	86279
386	0.9975673737256293	0.9999357352960402	2.1571403571201886	3.7271075836125993	[1794, 1879, 836, 1089, 1086, 1112]	85267
387	0.9976049142545548	0.9999374490214792	2.1571403571201886	3.1140102213751986	[241, 1729, 132, 1108, 1086, 1112]	86556
388	0.9976418754543301	0.9999386073729333	2.1571403571201886	3.906291334879657	[320, 157, 1713, 174, 1086, 1112]	87099
389	0.9976782662652202	0.9999405719369994	2.1571403571201886	3.260479038210432	[1726, 132, 1713, 174, 1086, 1096]	87465
390	0.9977140954895223	0.9999424736350154	2.1571403571201886	3.316188644224363	[2627, 261, 132, 1108, 1086, 1112]	85891
391	0.9977493717936964	0.9999437519986817	2.1571403571201886	3.528922042863038	[1892, 3459, 1203, 174, 1086, 1112]	85118
392	0.9977841037104603	0.9999452519453835	2.1571403571201886	3.2554358471025484	[1580, 438, 2627, 261, 1086, 1112]	84028
393	0.9978182996408544	0.9999467118935067	2.1571403571201886	3.4347039664096126	[421, 438, 2627, 261, 1086, 1112]	86346
394	0.9978519678562733	0.9999476987102935	2.1571403571201886	3.221273652630817	[19, 132, 217, 261, 1086, 1112]	83027
395	0.9978851165004666	0.999948860961176	2.1571403571201886	3.663877168314336	[2309, 420, 1822, 1094, 1086, 1096]	82257
396	0.9979177535915088	0.9999499973842609	2.1571403571201886	3.697543484746859	[1819, 241, 19, 334, 1086, 1112]	83773
397	0.9979498870237387	0.9999509233586265	2.1571403571201886	3.7008473606648478	[10, 157, 1713, 174, 1086, 1112]	83921
398	0.9979815245696686	0.999952232069063	2.1571403571201886	3.5069954494906392	[542, 269, 132, 1108, 1086, 1112]	84478
399	0.9980126738818651	0.9999532935786395	2.1571403571201886	3.3383536017876443	[2872, 241, 132, 1094, 1086, 1112]	84042
400	0.9980433424947992	0.999954788184123	2.1571403571201886	3.5995927639097713	[300, 301, 2627, 261, 1086, 1112]	84371
401	0.9980735378266696	0.9999559938325464	2.1571403571201886	3.671150278463103	[2490, 390, 3248, 334, 1086, 1112]	84509
402	0.9981032671811964	0.9999569717473786	2.1571403571201886	3.544621900098326	[2309, 420, 158, 1115, 1086, 1112]	85203
403	0.9981325377493877	0.9999577685668717	2.1571403571201886	4.201140360204991	[107, 10, 494, 636, 1086, 1112]	85837
404	0.9981613566112799	0.9999585506304481	2.1571403571201886	3.363125263892072	[432, 422, 19, 334, 1086, 1112]	85427
405	0.998189730737649	0.9999596559469695	2.1571403571201886	3.5800061191568133	[19, 241, 1729, 1094, 1086, 1112]	86412
406	0.9982176669916977	0.9999605524814813	2.1571403571201886	2.7751196038897037	[1819, 241, 132, 1108, 1086, 1112]	85229
407	0.9982451721307147	0.9999616044153085	2.1571403571201886	3.4347039664096126	[421, 438, 2627, 261, 1086, 1112]	85749
408	0.9982722528077098	0.9999623154446546	2.1571403571201886	3.84519172267838	[734, 10, 232, 1023, 1086, 1112]	84785
409	0.998298915573023	0.9999631528792178	2.1571403571201886	3.704751074145321	[1530, 156, 1713, 174, 1086, 1112]	86582
410	0.9983251668759084	0.9999638352333063	2.1571403571201886	4.027112558168636	[241, 19, 422, 636, 1086, 1112]	84199
411	0.998351013066095	0.9999646388947885	2.1571403571201886	3.5673687331398343	[2297, 400, 19, 334, 1086, 1096]	83741
412	0.9983764603953219	0.9999655818575941	2.1571403571201886	3.5005121038821185	[734, 10, 158, 1115, 1086, 1112]	83077
413	0.9984015150188509	0.9999666832381511	2.1571403571201886	3.204410474350957	[5032, 23, 5272, 174, 1086, 1096]	84876
414	0.9984261829969551	0.9999673002152224	2.1571403571201886	3.5504141572377215	[10, 158, 1713, 174, 1086, 1112]	85614
415	0.9984504702963848	0.9999679057667923	2.1571403571201886	3.221273652630817	[19, 132, 217, 261, 1086, 1112]	85764
416	0.9984743827918109	0.9999685001044443	2.1571403571201886	3.6663831967223626	[359, 158, 1713, 174, 1086, 1096]	85833
417	0.998497926267246	0.9999695081011021	2.1571403571201886	2.5872420769840634	[811, 3459, 1203, 174, 1086, 1112]	85350
418	0.9985211064174427	0.999970321218406	2.1571403571201886	3.7909510646521527	[1515, 1032, 132, 1108, 1086, 1112]	86168
419	0.9985439288492723	0.9999712709394171	2.1571403571201886	2.6743890052643993	[2004, 19, 132, 1108, 1086, 1112]	86381
420	0.9985663990830799	0.9999718029590575	2.1571403571201886	3.5492810816234277	[158, 420, 1822, 1094, 1086, 1112]	86029
421	0.99858852255402	0.9999723251264824	2.1571403571201886	4.2701839969889	[1178, 1393, 593, 2116, 1086, 1112]	84376
422	0.9986103046133715	0.999973210722435	2.1571403571201886	3.184750484208875	[2006, 19, 132, 1108, 1086, 1112]	82500
423	0.9986317505298319	0.99997392510317	2.1571403571201886	3.490617761732537	[241, 1729, 1822, 1094, 1086, 1112]	83809
424	0.9986528654907912	0.9999744079716298	2.1571403571201886	2.775355892909582	[241, 1720, 132, 1108, 1086, 1112]	84926
425	0.9986736546035877	0.9999752269165376	2.1571403571201886	3.409802677289374	[1791, 420, 158, 1115, 1086, 1112]	86927
426	0.9986941228967422	0.9999758875320967	2.1571403571201886	2.1976818767155635	[10, 734, 1203, 174, 1086, 1112]	83252
427	0.9987142753211752	0.99997633405928	2.1571403571201886	2.5872420769840634	[811, 3459, 1203, 174, 1086, 1112]	83450
428	0.998734116751404	0.9999767723174415	2.1571403571201886	3.6167299521115073	[3621, 1720, 132, 1094, 1086, 1112]	83853
429	0.9987536519867218	0.9999775156032834	2.1571403571201886	3.613369342697065	[988, 420, 158, 1115, 1086, 1112]	85060
430	0.9987728857523588	0.9999781151871958	2.1571403571201886	4.169455003942114	[420, 1791, 836, 1089, 1086, 1112]	84818
431	0.9987918227006248	0.999978844680956	2.1571403571201886	3.4225800030903457	[4196, 1663, 1546, 234, 1086, 1112]	83404
432	0.9988104674120349	0.9999793147991569	2.1571403571201886	3.3383536017876443	[2872, 241, 132, 1094, 1086, 1112]	85291
433	0.9988288243964172	0.9999798664045128	2.1571403571201886	2.1976818767155635	[10, 734, 1203, 174, 1086, 1112]	84622
434	0.9988468980940033	0.9999804033003924	2.1571403571201886	3.5065031788170664	[811, 734, 19, 334, 1086, 1112]	86301
435	0.9988646928765033	0.9999809258790486	2.1571403571201886	2.7266252539510933	[331, 241, 132, 1108, 1086, 1112]	85326
436	0.9988822130481622	0.999981434522274	2.1571403571201886	3.221273652630817	[19, 132, 217, 261, 1086, 1112]	84983
437	0.9988994628468016	0.9999823256652048	2.1571403571201886	3.993920281751505	[4015, 241, 1729, 1094, 1086, 1096]	83179
438	0.9989164464448448	0.9999826529677011	2.1571403571201886	3.0373270629232803	[3284, 734, 1203, 174, 1086, 1112]	82770
439	0.9989331679503256	0.999983115555229	2.1571403571201886	3.8093348907349753	[2003, 1417, 5272, 174, 1086, 1096]	84961
440	0.9989496314078823	0.9999835658070896	2.1571403571201886	2.9611430034036257	[781, 19, 132, 1108, 1086, 1096]	86032
441	0.9989658407997359	0.9999838701439954	2.1571403571201886	3.7559304011572747	[734, 19, 132, 261, 1086, 1112]	85466
442	0.9989818000466536	0.9999841190615263	2.1571403571201886	2.7827016269626736	[2357, 438, 3366, 793, 2372, 794]	83484
443	0.9989975130088966	0.9999844719712702	2.1571403571201886	3.6483982096103746	[1715, 132, 387, 344, 1086, 1112]	82380
444	0.9990129834871544	0.9999847595273577	2.1571403571201886	3.7669971618612905	[1879, 496, 217, 261, 1086, 1096]	83079
445	0.9990282152234637	0.9999850982045275	2.1571403571201886	3.17671023989031	[2072, 241, 132, 1108, 1086, 1112]	84549
446	0.999043211902114	0.999985429355538	2.1571403571201886	2.932900051767541	[1723, 241, 132, 1108, 1086, 1112]	85584
447	0.9990579771505381	0.9999858956161608	2.1571403571201886	3.0466300264731196	[4118, 23, 5272, 174, 1086, 1112]	85848
448	0.9990725145401903	0.9999861568084542	2.1571403571201886	3.0836053386938795	[241, 132, 19, 334, 1086, 1112]	83883
449	0.9990868275874096	0.9999864131638532	2.1571403571201886	3.5504141572377215	[10, 158, 1713, 174, 1086, 1112]	84383
450	0.9991009197542706	0.9999866647719299	2.1571403571201886	3.8498112984743313	[2764, 370, 1713, 174, 1086, 1112]	85440
451	0.9991147944494208	0.9999870914992282	2.1571403571201886	4.014578494587123	[249, 318, 158, 1115, 1086, 1112]	84232
452	0.999128455028905	0.9999874357259154	2.1571403571201886	4.209174341914961	[1550, 420, 1582, 1087, 1086, 1112]	85730
453	0.9991419047969774	0.9999876683976577	2.1571403571201886	2.2790614829839417	[19, 734, 1203, 174, 1086, 1112]	84015
454	0.9991551470069007	0.999987896760664	2.1571403571201886	3.409802677289374	[1791, 420, 158, 1115, 1086, 1112]	85250
455	0.9991681848617324	0.9999881208947259	2.1571403571201886	3.5605912733082006	[241, 19, 1987, 334, 1086, 1112]	85477
456	0.9991810215151007	0.9999883408781568	2.1571403571201886	3.6022839188384888	[193, 1265, 255, 174, 1086, 1112]	87654
457	0.9991936600719664	0.9999886517880726	2.1571403571201886	3.5297365521895774	[1546, 677, 132, 1108, 1086, 1112]	82858
458	0.9992061035893743	0.9999889544070574	2.1571403571201886	3.8093348907349753	[2003, 1417, 5272, 174, 1086, 1112]	83333
459	0.9992183550771927	0.9999891998646784	2.1571403571201886	3.464547836593158	[1715, 132, 217, 261, 1086, 1112]	82335
460	0.999230417498841	0.9999893998671843	2.1571403571201886	2.1976818767155635	[10, 734, 1203, 174, 1086, 1096]	83479
461	0.999242293772007	0.9999895961659402	2.1571403571201886	2.870736037412858	[3, 19, 132, 1108, 1086, 1112]	84865
462	0.9992539867693525	0.999989873601515	2.1571403571201886	3.213233408312252	[241, 132, 217, 261, 1086, 1112]	83292
463	0.9992654993192083	0.9999900986325925	2.1571403571201886	3.464547836593158	[1715, 132, 217, 261, 1086, 1112]	83082
464	0.9992768342062575	0.9999904154763496	2.1571403571201886	3.0466300264731196	[4118, 23, 5272, 174, 1086, 1112]	82483
465	0.9992879941722103	0.999990628465764	2.1571403571201886	3.32346175437313	[2040, 545, 132, 1108, 1086, 1112]	82528
466	0.9992989819164663	0.9999909283548596	2.1571403571201886	3.968113998049585	[2306, 420, 1822, 1094, 1086, 1112]	84526
467	0.9993098000967677	0.9999912186475041	2.1571403571201886	3.0466300264731196	[4118, 23, 5272, 174, 1086, 1112]	84907
468	0.9993204513298424	0.9999913812651429	2.1571403571201886	2.2790614829839417	[19, 734, 1203, 174, 1086, 1112]	85418
469	0.9993309381920361	0.9999916570646583	2.1571403571201886	3.6483982096103746	[1726, 132, 387, 344, 1086, 1112]	82793
470	0.9993412632199368	0.9999918795429341	2.1571403571201886	3.0836053386938795	[241, 132, 19, 334, 1086, 1112]	83823
471	0.9993514289109872	0.9999920960884559	2.1571403571201886	3.844906356519843	[3158, 3083, 19, 334, 1086, 1112]	85184
472	0.9993614377240893	0.9999923490136252	2.1571403571201886	3.673264351591776	[21, 1417, 5272, 174, 1086, 1112]	82546
473	0.9993712920801989	0.9999925530399286	2.1571403571201886	2.790120672112291	[241, 217, 132, 1108, 1086, 1112]	82798
474	0.999380994362912	0.9999926679621519	1.963992260073085	1.963992260073085	[1799, 232, 10, 734, 19, 794]	81895
475	0.9993905469190398	0.9999929495124052	1.963992260073085	3.773546740312346	[2015, 1723, 132, 1108, 1086, 1112]	82909
476	0.9993999520591781	0.9999930800769904	1.963992260073085	3.8484313860605868	[19, 241, 132, 261, 1086, 1112]	84432
477	0.9994092120582648	0.9999932646082706	1.963992260073085	3.2554358471025484	[1580, 438, 2627, 261, 1086, 1096]	85150
478	0.9994183291561312	0.9999934891213282	1.963992260073085	3.4225800030903457	[4196, 1663, 1546, 234, 1086, 1096]	83928
479	0.9994273055580427	0.9999936974694458	1.963992260073085	3.866616265254481	[4345, 1402, 1078, 334, 1086, 1112]	83443
480	0.9994361434352333	0.9999938991504235	1.963992260073085	3.0466300264731196	[4118, 23, 5272, 174, 1086, 1112]	84039
481	0.9994448449254304	0.9999940347248585	1.963992260073085	3.4686455498577784	[732, 734, 1203, 174, 1086, 1112]	84824
482	0.9994534121333712	0.999994263791424	1.963992260073085	3.4393549165098385	[241, 1031, 132, 1094, 1086, 1112]	85262
483	0.9994618471313131	0.9999943700175087	1.963992260073085	3.460050044086323	[734, 19, 1987, 334, 1086, 1112]	85369
484	0.9994701519595336	0.9999945501769484	1.963992260073085	2.932900051767541	[1723, 241, 132, 1108, 1086, 1112]	84603
485	0.9994783286268247	0.9999946510995975	1.963992260073085	3.213233408312252	[241, 132, 217, 261, 1086, 1096]	84425
486	0.9994863791109787	0.9999947937369416	1.963992260073085	3.5779691026203686	[157, 320, 836, 1089, 1086, 1112]	85708
487	0.999494305359266	0.9999948901492205	1.963992260073085	2.2790614829839417	[19, 734, 1203, 174, 1086, 1112]	83176
488	0.999502109288907	0.9999950264119079	1.963992260073085	3.758359653125659	[107, 420, 158, 1115, 1086, 1112]	82434
489	0.9995097927875349	0.9999951185153911	1.963992260073085	2.426484904269537	[734, 19, 132, 1108, 1086, 1112]	82279
490	0.9995173577136532	0.9999952269928268	1.963992260073085	3.879539149408224	[2607, 1587, 132, 1094, 1086, 1112]	83756
491	0.9995248058970845	0.9999953542730181	1.963992260073085	3.879539149408224	[19, 23, 5272, 174, 1086, 1112]	83143
492	0.9995321391394135	0.9999954575113955	1.963992260073085	3.184750484208875	[1456, 19, 132, 1108, 1086, 1096]	83669
493	0.9995393592144225	0.999995578644425	1.963992260073085	3.7282586004404497	[2557, 2558, 255, 174, 1086, 1112]	83947
494	0.999546467868521	0.99999566052138	1.963992260073085	3.2554358471025484	[1580, 438, 2627, 261, 1086, 1112]	83694
495	0.9995534668211672	0.9999957993846958	1.963992260073085	2.5286478000845856	[2872, 241, 132, 1108, 1086, 1112]	83768
496	0.9995603577652851	0.9999958771738682	1.963992260073085	3.4347039664096126	[421, 438, 2627, 261, 1086, 1112]	84936
497	0.9995671423676726	0.9999959535225003	1.963992260073085	3.9547918965890094	[241, 19, 3308, 334, 1086, 1112]	85899
498	0.999573822269406	0.9999960614285669	1.963992260073085	3.459532293516329	[2764, 258, 132, 1108, 1086, 1112]	83806
499	0.9995803990862362	0.9999961489523765	1.963992260073085	2.793516874800511	[1259, 734, 1203, 174, 1086, 1112]	82357
