0	0.015432098765432056	0.01851851851851849	3.529057945505385	3.529057945505385	[1791, 420, 1822, 1094, 1086, 1096]	69436
1	0.030626047858558048	0.04992592592592593	3.529057945505385	3.6728634883562234	[1820, 10, 158, 1115, 1086, 1112]	57187
2	0.045585522428642	0.07526123456790124	3.529057945505385	3.5644935086479057	[1414, 3251, 3248, 334, 1086, 1112]	59704
3	0.06031414090968146	0.09992093497942378	3.529057945505385	3.8186126393093716	[1791, 420, 1582, 1087, 1086, 1112]	59212
4	0.07481546589564314	0.1165890658131381	2.545237350214759	2.545237350214759	[811, 734, 1203, 174, 1086, 1112]	59853
5	0.08909300500219186	0.1329485275573392	2.545237350214759	3.770768306464354	[10, 159, 1713, 174, 1086, 1112]	59776
6	0.10315021171512095	0.14900503630627737	2.545237350214759	3.9010739829384757	[1580, 438, 970, 261, 1086, 1112]	60111
7	0.11699048622569008	0.1716982353381099	2.545237350214759	3.536331055654151	[331, 241, 132, 1094, 1086, 1112]	61020
8	0.13061717625307134	0.1870371569059227	2.545237350214759	2.6743890052643993	[2004, 19, 132, 1108, 1086, 1112]	60127
9	0.1440335778541042	0.2051029978635689	2.545237350214759	3.3383536017876443	[2872, 241, 132, 1094, 1086, 1112]	60416
10	0.1572429362205532	0.222767375688823	2.545237350214759	3.334919766974785	[1726, 132, 19, 334, 1086, 1112]	60264
11	0.17024844646406312	0.2371605724353263	2.518985889172849	2.518985889172849	[19, 241, 132, 1108, 1086, 1112]	60420
12	0.18305325438900033	0.2575029571703842	2.518985889172849	2.702639471550251	[77, 19, 132, 1108, 1086, 1112]	78205
13	0.19566045725336756	0.2773028783125072	2.518985889172849	3.4714239837057717	[396, 1728, 132, 1108, 1086, 1096]	66493
14	0.208073104517976	0.30042918620650705	2.518985889172849	3.4669248454207757	[3819, 438, 2627, 261, 1086, 1112]	62409
15	0.22029419858405663	0.32281545224789887	2.518985889172849	3.464547836593158	[1726, 132, 217, 261, 1086, 1112]	244853
16	0.2323266955194878	0.3378639977535012	2.518985889172849	3.8292251796573344	[3065, 1460, 19, 334, 1086, 1112]	61285
17	0.2441735057738167	0.35552095781340776	2.518985889172849	3.770768306464354	[10, 159, 1713, 174, 1086, 1112]	60931
18	0.2558374948822454	0.3698427143064431	2.518985889172849	3.409802677289374	[1791, 420, 158, 1115, 1086, 1112]	60604
19	0.2673214841587539	0.390007747448637	2.518985889172849	4.006041343635259	[3540, 359, 158, 1115, 1086, 1096]	62136
20	0.2786282513785262	0.40952749953028056	2.518985889172849	3.6060011103515626	[3180, 843, 3094, 174, 1086, 1112]	63082
21	0.28976053144984526	0.42046217546490494	2.518985889172849	3.5492810816234277	[158, 420, 1822, 1094, 1086, 1112]	61248
22	0.30072101707561927	0.43119435740073997	2.518985889172849	3.5065031788170664	[811, 734, 19, 334, 1086, 1112]	62201
23	0.31151235940469924	0.4493961379639163	2.518985889172849	3.6445912614277525	[1849, 420, 1822, 1094, 1086, 1112]	66674
24	0.32213716867314524	0.461631779342496	2.518985889172849	3.17671023989031	[1548, 241, 132, 1108, 1086, 1112]	61873
25	0.3325980148355967	0.4788595624035361	2.518985889172849	3.9534318621183226	[2309, 420, 1582, 1087, 1086, 1096]	61840
26	0.34289742818689917	0.495536056406623	2.518985889172849	2.793516874800511	[1259, 734, 1203, 174, 1086, 1112]	64668
27	0.35303789997413837	0.5067463662642536	2.518985889172849	2.6743890052643993	[2004, 19, 132, 1108, 1086, 1096]	204997
28	0.3630218829992288	0.5158806928149156	2.518985889172849	3.213233408312252	[241, 132, 217, 261, 1086, 1112]	181494
29	0.37285179221220366	0.5287905410065178	2.518985889172849	2.6296491148067798	[241, 1031, 132, 1108, 1086, 1112]	70374
30	0.38253000529534864	0.5375166420989896	2.518985889172849	3.0373270629232803	[3284, 734, 1203, 174, 1086, 1112]	670786
31	0.3920588632383216	0.5498495316430165	2.518985889172849	3.3802769052980004	[1515, 1031, 132, 1108, 1086, 1112]	74440
32	0.40144067090439683	0.5618535441325361	2.518985889172849	3.673264351591776	[21, 1417, 5272, 174, 1086, 1112]	66267
33	0.4106776975879709	0.575874230720295	2.518985889172849	2.5286478000845856	[2872, 241, 132, 1108, 1086, 1112]	67892
34	0.4197721775634652	0.583728411632882	2.518985889172849	3.5005121038821185	[734, 10, 158, 1115, 1086, 1112]	67295
35	0.4287263106257574	0.5929788913743737	2.518985889172849	3.8229149778872156	[1819, 241, 217, 261, 1086, 1112]	63814
36	0.43754226262227347	0.6038327876043903	2.518985889172849	3.236190705972595	[734, 19, 132, 1094, 1086, 1112]	63004
37	0.44622216597686803	0.6111692174635682	2.518985889172849	3.6425874947946353	[119, 409, 19, 334, 1086, 1096]	63441
38	0.4547681202056201	0.6261003195129672	2.518985889172849	3.4393549165098385	[241, 1031, 132, 1094, 1086, 1112]	65454
39	0.46318219242466907	0.6360709776592881	2.518985889172849	3.221273652630817	[19, 132, 217, 261, 1086, 1112]	65506
40	0.47146641785021426	0.6457757515883737	2.518985889172849	3.409802677289374	[1791, 420, 158, 1115, 1086, 1112]	74270
41	0.4796228002907974	0.655221731546017	2.518985889172849	2.5872420769840634	[811, 3459, 1203, 174, 1086, 1112]	145801
42	0.48765331263198874	0.6628834708449944	2.518985889172849	3.0373270629232803	[846, 734, 1203, 174, 1086, 1112]	70776
43	0.49555989731359384	0.6718732449557946	2.518985889172849	3.673264351591776	[21, 1417, 5272, 174, 1086, 1112]	68717
44	0.5033444667994951	0.677949666345502	2.518985889172849	3.0172048542480914	[19, 132, 1713, 174, 1086, 1096]	65992
45	0.5110089040402437	0.6839135614131779	2.518985889172849	3.5605912733082006	[241, 19, 1987, 334, 1086, 1112]	1299434
46	0.5185550629285114	0.6923425331088264	2.518985889172849	3.703061766034991	[2357, 438, 2627, 261, 1086, 1112]	328078
47	0.5259847687475159	0.6991793657064082	2.518985889172849	3.363125263892072	[432, 422, 19, 334, 1086, 1112]	83572
48	0.5332998186125233	0.7072012492875706	2.518985889172849	3.7282586004404497	[2557, 2558, 255, 174, 1086, 1096]	80730
49	0.5405019819055399	0.7126234483748378	2.518985889172849	2.7266252539510933	[331, 241, 132, 1108, 1086, 1096]	78051
50	0.5475930007032939	0.7179452363678964	2.518985889172849	3.8929202031877006	[1196, 2558, 255, 174, 1086, 1112]	79149
51	0.5545745901986134	0.7269709888041237	2.518985889172849	3.260479038210432	[1715, 132, 1713, 174, 1086, 1112]	79663
52	0.5614484391153014	0.7320270816040473	2.2550473658067705	2.2550473658067705	[432, 422, 19, 132, 393, 794]	102699
53	0.5682162101166085	0.7391730260946061	2.2550473658067705	3.5432222043472263	[87, 1265, 255, 174, 1086, 1112]	85796
54	0.5748795402074016	0.7461284120654166	2.2550473658067705	3.5069954494906392	[542, 269, 132, 1108, 1086, 1112]	78257
55	0.5814400411301268	0.7528983210770054	2.2550473658067705	3.3692329725658183	[1580, 301, 2627, 261, 1086, 1112]	80274
56	0.5878992997546619	0.7583894694975164	2.2550473658067705	3.0373270629232803	[3284, 734, 1203, 174, 1086, 1112]	128421
57	0.5942588784621516	0.7648324169775826	2.2550473658067705	3.833920023961542	[2764, 400, 19, 334, 1086, 1112]	100162
58	0.6005203155229208	0.7711035525248471	2.2550473658067705	3.841121164223872	[1791, 420, 158, 1089, 1086, 1112]	80211
59	0.6066851254685548	0.7772074577908511	2.2550473658067705	2.775355892909582	[241, 1720, 132, 1108, 1086, 1112]	82470
60	0.6127547994582376	0.7843368191415439	2.2550473658067705	3.3692329725658183	[1580, 301, 2627, 261, 1086, 1112]	1154930
61	0.6187308056394376	0.7891293342717318	2.2550473658067705	3.529057945505385	[1791, 420, 1822, 1094, 1086, 1112]	331786
62	0.6246145895030265	0.7930343466000331	2.2550473658067705	3.5504141572377215	[10, 158, 1713, 174, 1086, 1112]	86437
63	0.630407574232918	0.7985534306906988	2.2550473658067705	3.5779691026203686	[257, 320, 836, 1089, 1086, 1112]	112204
64	0.6361111610503113	0.8082228660175453	2.2550473658067705	4.0470847793690075	[5307, 1727, 132, 1108, 1086, 1112]	100680
65	0.6417267295526212	0.8124845801060443	2.2550473658067705	3.5764431740820974	[2872, 241, 217, 261, 1086, 1112]	99092
66	0.6472556380471796	0.8174849913032165	2.2550473658067705	3.409802677289374	[1791, 420, 158, 1115, 1086, 1112]	109393
67	0.6526992238797849	0.8215408803853672	2.2550473658067705	3.32346175437313	[2040, 545, 132, 1108, 1086, 1112]	114024
68	0.6580588037581832	0.8248456788967493	2.1976818767155635	2.1976818767155635	[10, 734, 1203, 174, 1086, 1096]	107155
69	0.6633356740705569	0.8287379971434882	2.1976818767155635	3.879539149408224	[1544, 156, 1713, 174, 1086, 1112]	93996
70	0.6685311111990977	0.8342183812348966	2.1976818767155635	3.4669248454207757	[3819, 438, 2627, 261, 1086, 1112]	88320
71	0.6736463718287411	0.8372884112120281	2.1976818767155635	2.870736037412858	[3, 19, 132, 1108, 1086, 1112]	87922
72	0.6786826932511372	0.8403015887821758	2.1976818767155635	3.1589477053178707	[10, 734, 19, 334, 1086, 1112]	94311
73	0.6836412936639282	0.8445602130813177	2.1976818767155635	3.836139833873668	[140, 1210, 1822, 1094, 1086, 1112]	98245
74	0.6885233724654107	0.8487052740658159	2.1976818767155635	2.7266252539510933	[331, 241, 132, 1108, 1086, 1112]	85898
75	0.6933301105446482	0.8520673790865756	2.1976818767155635	3.544621900098326	[2309, 420, 158, 1115, 1086, 1112]	1608265
76	0.6980626705671074	0.8548068720664538	2.1976818767155635	3.8670757774883784	[1791, 420, 1546, 234, 1086, 1112]	880320
77	0.7027221972558866	0.8603822881791019	2.1976818767155635	3.490617761732537	[241, 1729, 1822, 1094, 1086, 1112]	106477
78	0.7073098176686043	0.8657436083130244	2.1976818767155635	3.4455895737600724	[190, 196, 1078, 334, 1086, 1112]	114576
79	0.7118266414700147	0.8700398128470077	2.1976818767155635	3.204410474350957	[5032, 23, 5272, 174, 1086, 1096]	113603
80	0.7162737612004157	0.8724464829794705	2.1976818767155635	2.870736037412858	[3, 19, 132, 1108, 1086, 1112]	106649
81	0.7206522525399155	0.8748085851465173	2.1976818767155635	2.518985889172849	[19, 241, 132, 1108, 1086, 1112]	99985
82	0.7249631745686205	0.8775906165877058	2.1976818767155635	3.3383536017876443	[2872, 241, 132, 1094, 1086, 1112]	139761
83	0.7292075700228084	0.8798574570212668	2.1976818767155635	2.723312616127263	[107, 734, 1203, 174, 1086, 1112]	119471
84	0.7333864655471478	0.8825272913096831	2.1976818767155635	2.793516874800511	[1259, 734, 1203, 174, 1086, 1096]	127015
85	0.7375008719430252	0.8847027118409853	2.1976818767155635	3.585810503855643	[10, 438, 2627, 261, 1086, 1112]	117871
86	0.7415517844130401	0.8883922250620737	2.1976818767155635	3.464547836593158	[1726, 132, 217, 261, 1086, 1112]	128555
87	0.7455401828017278	0.8904590357090724	2.1976818767155635	3.6842932849867926	[19, 387, 344, 174, 1086, 1112]	114649
88	0.7494670318325654	0.8933801280901638	2.1976818767155635	3.5492810816234277	[158, 420, 1822, 1094, 1086, 1112]	124262
89	0.753333281341322	0.8962233246744261	2.1976818767155635	3.773546740312346	[331, 1398, 132, 1108, 1086, 1112]	116037
90	0.7571398665058078	0.898145114958233	2.1976818767155635	4.096215841573712	[241, 132, 239, 234, 1086, 1112]	1767588
91	0.7608877080720762	0.9008612452260134	2.1976818767155635	3.752824415762799	[10, 161, 1713, 174, 1086, 1112]	108324
92	0.7645777125771367	0.9035049453533197	2.1976818767155635	3.4714239837057717	[396, 1728, 132, 1108, 1086, 1096]	92876
93	0.7682107725682302	0.9052918908097397	2.1976818767155635	2.2790614829839417	[19, 734, 1203, 174, 1086, 1112]	92516
94	0.7717877668187205	0.9073965154584122	2.1976818767155635	3.5673687331398343	[2297, 400, 19, 334, 1086, 1112]	95796
95	0.7753095605406538	0.9094543706704474	2.1976818767155635	3.3802769052980004	[1515, 1031, 132, 1108, 1086, 1112]	110805
96	0.7787770055940388	0.9123518308089932	2.1976818767155635	3.6060011103515626	[1872, 843, 3094, 174, 1086, 1112]	132367
97	0.7821909406928962	0.9142995679021266	2.1976818767155635	3.6721450672688247	[1792, 496, 217, 261, 1086, 1112]	117721
98	0.7855521916081293	0.91658491275807	2.1976818767155635	3.409802677289374	[1791, 420, 158, 1115, 1086, 1112]	113144
99	0.7888615713672631	0.9188093150845213	2.1976818767155635	3.56678126317036	[19, 241, 217, 261, 1086, 1112]	101413
100	0.7921198804511016	0.9209744000156008	2.1976818767155635	3.4347039664096126	[421, 438, 2627, 261, 1086, 1112]	118686
101	0.79532790698735	0.9227305244596986	2.1976818767155635	3.451071680941741	[2872, 241, 19, 334, 1086, 1112]	132041
102	0.7984864269412489	0.9241614406734079	2.1976818767155635	3.0836053386938795	[241, 132, 19, 334, 1086, 1112]	143762
103	0.8015962043032667	0.9258467419917765	2.1976818767155635	2.932900051767541	[1723, 241, 132, 1108, 1086, 1112]	113778
104	0.8046579912738953	0.926991082393138	1.780457846853921	1.780457846853921	[320, 232, 10, 734, 19, 794]	122439
105	0.8076725284455943	0.9283430993858577	1.780457846853921	3.4051240256480337	[19, 132, 387, 344, 1086, 1112]	1752292
106	0.8106405449819278	0.9299354749550609	1.780457846853921	3.879539149408224	[2607, 1587, 132, 1094, 1086, 1112]	126397
107	0.8135627587939351	0.9312329661595968	1.780457846853921	3.1589477053178707	[10, 734, 19, 334, 1086, 1112]	90893
108	0.8164398767137817	0.9327611224671613	1.780457846853921	3.069833347705165	[2607, 1587, 132, 1108, 1086, 1112]	91707
109	0.8192725946657295	0.9345541592013703	1.780457846853921	3.536331055654151	[331, 241, 132, 1094, 1086, 1112]	91763
110	0.8220615978344683	0.9357661192161597	1.780457846853921	3.5432222043472263	[87, 1265, 255, 174, 1086, 1112]	90888
111	0.8248075608308499	0.9374790227037288	1.780457846853921	3.6632814211403364	[241, 1126, 19, 334, 1086, 1112]	92515
112	0.8275111478550652	0.9388683777547571	1.780457846853921	3.529057945505385	[1791, 420, 1822, 1094, 1086, 1112]	112726
113	0.8301730128573019	0.9408245896666049	1.780457846853921	3.204410474350957	[5032, 23, 5272, 174, 1086, 1112]	104330
114	0.8327937996959238	0.9427182027972735	1.780457846853921	3.409802677289374	[1791, 420, 158, 1115, 1086, 1112]	105265
115	0.8353741422932088	0.9437789768195463	1.780457846853921	2.775355892909582	[241, 1720, 132, 1108, 1086, 1112]	108225
116	0.837914664788684	0.9448201068784435	1.780457846853921	3.5005121038821185	[734, 10, 158, 1115, 1086, 1112]	100552
117	0.8404159816900932	0.9462915706950183	1.780457846853921	2.6296491148067798	[241, 1031, 132, 1108, 1086, 1112]	113274
118	0.8428786980220363	0.9477237954764846	1.780457846853921	3.7708488051066844	[781, 19, 132, 1094, 1086, 1112]	106432
119	0.8453034094723135	0.949396634021237	1.780457846853921	3.6445912614277525	[1849, 420, 1822, 1094, 1086, 1112]	119472
120	0.8476907025360123	0.9503337333912141	1.780457846853921	3.363125263892072	[432, 422, 19, 334, 1086, 1112]	1857948
121	0.8500411546573702	0.9512534790691546	1.780457846853921	2.5872420769840634	[811, 3459, 1203, 174, 1086, 1112]	566727
122	0.8523553343694478	0.9528133677389417	1.780457846853921	3.204410474350957	[5032, 23, 5272, 174, 1086, 1112]	94834
123	0.8546338014316477	0.9543233399712955	1.780457846853921	3.5764431740820974	[2872, 241, 217, 261, 1086, 1112]	98042
124	0.8568771069651099	0.9551692040459011	1.780457846853921	4.067973960779376	[394, 193, 232, 1023, 1086, 1112]	99170
125	0.8590857935860187	0.955999403970977	1.780457846853921	3.649049134808248	[331, 241, 19, 334, 1086, 1112]	96606
126	0.8612603955368516	0.9568142298233664	1.780457846853921	3.1589477053178707	[10, 734, 19, 334, 1086, 1112]	96097
127	0.8634014388156039	0.9576139663081188	1.780457846853921	2.426484904269537	[734, 19, 132, 1108, 1086, 1112]	95821
128	0.8655094413030175	0.959241590001887	1.780457846853921	3.9899348287824727	[394, 193, 1872, 1115, 1086, 1112]	95931
129	0.8675849128878474	0.9603284809351701	1.780457846853921	3.8929202031877006	[1196, 2558, 255, 174, 1086, 1112]	217501
130	0.8696283555901955	0.9615979695452447	1.780457846853921	3.838061935263993	[1719, 1192, 836, 1089, 1086, 1112]	121404
131	0.8716402636829393	0.9624513479997947	1.780457846853921	3.334919766974785	[1715, 132, 19, 334, 1086, 1112]	100517
132	0.8736211238112891	0.9634526453864669	1.780457846853921	3.428024668171216	[1647, 1697, 132, 1108, 1086, 1096]	100832
133	0.8755714151104975	0.9644272415094944	1.780457846853921	3.4393549165098385	[241, 1031, 132, 1094, 1086, 1112]	104087
134	0.8774916093217553	0.9650859962963556	1.780457846853921	2.518985889172849	[19, 241, 132, 1108, 1086, 1112]	111137
135	0.8793821709062961	0.9664266940385756	1.780457846853921	3.8480675773813147	[1468, 3136, 836, 1089, 1086, 1112]	2467831
136	0.8812435571577422	0.9671727675043851	1.780457846853921	3.5764431740820974	[2872, 241, 217, 261, 1086, 1096]	553308
137	0.8830762183127152	0.9677806792172667	1.780457846853921	2.5872420769840634	[811, 3459, 1203, 174, 1086, 1112]	188544
138	0.8848805976597413	0.9684966641235497	1.780457846853921	2.8070241504084494	[3621, 1720, 132, 1108, 1086, 1112]	103569
139	0.8866571316464736	0.9691967382541375	1.780457846853921	4.037319597286061	[841, 157, 1713, 174, 1086, 1112]	108440
140	0.8884062499852626	0.9701824426300051	1.780457846853921	3.459532293516329	[2764, 258, 132, 1108, 1086, 1112]	99814
141	0.890128375757095	0.9707346196183384	1.780457846853921	3.0836053386938795	[241, 132, 19, 334, 1086, 1096]	107505
142	0.89182392551393	0.9716711117905515	1.780457846853921	3.529057945505385	[1791, 420, 1822, 1094, 1086, 1112]	100591
143	0.8934933093794557	0.9721957208314672	1.780457846853921	3.6425874947946353	[119, 409, 19, 334, 1086, 1112]	103446
144	0.8951369311482913	0.9728135937018791	1.780457846853921	3.8670757774883784	[1791, 420, 1546, 234, 1086, 1112]	101899
145	0.8967551883836571	0.9734177360640596	1.780457846853921	2.940940296086106	[1548, 19, 132, 1108, 1086, 1112]	97293
146	0.898348472513539	0.9740084530404138	1.780457846853921	3.5673687331398343	[2297, 400, 19, 334, 1086, 1112]	96105
147	0.8999171689253671	0.9744897779841099	1.780457846853921	3.221273652630817	[19, 132, 217, 261, 1086, 1112]	95003
148	0.9014616570592349	0.9749621895029226	1.780457846853921	3.8670757774883784	[1791, 420, 1546, 234, 1086, 1112]	94100
149	0.9029823104996788	0.9757633994388291	1.780457846853921	4.524939973531598	[1555, 2229, 1468, 1089, 1086, 1112]	96469
150	0.9044794970660417	0.976409708787127	1.780457846853921	2.8070241504084494	[3621, 1720, 132, 1108, 1086, 1096]	3219134
151	0.9059535789014423	0.9773155759697013	1.780457846853921	4.128698219613206	[2796, 1879, 836, 1089, 1086, 1112]	441640
152	0.9074049125603707	0.9779204939438426	1.780457846853921	2.426484904269537	[734, 19, 132, 1108, 1086, 1112]	94459
153	0.9088338490949328	0.9784111496339795	1.780457846853921	3.363125263892072	[432, 422, 19, 334, 1086, 1096]	93036
154	0.9102407341397641	0.9788909018643355	1.780457846853921	3.5848254055927624	[1819, 241, 132, 1094, 1086, 1096]	94025
155	0.9116259079956319	0.9794538111479532	1.780457846853921	2.518985889172849	[19, 241, 132, 1108, 1086, 1112]	94062
156	0.9129897057117488	0.9801112891912187	1.780457846853921	4.094176333173401	[1265, 193, 232, 1023, 1086, 1112]	93711
157	0.9143324571668143	0.9807477279370996	1.780457846853921	3.6060011103515626	[3180, 843, 3094, 174, 1086, 1112]	96140
158	0.9156544871488079	0.981261121858777	1.780457846853921	3.5779691026203686	[157, 320, 836, 1089, 1086, 1112]	96462
159	0.9169561154335486	0.9816775413730264	1.780457846853921	3.5005121038821185	[734, 10, 158, 1115, 1086, 1096]	95916
160	0.9182376568620432	0.9820168461624148	1.780457846853921	3.221273652630817	[19, 132, 217, 261, 1086, 1112]	97287
161	0.9194994214166413	0.9823498675297775	1.780457846853921	2.5872420769840634	[811, 3459, 1203, 174, 1086, 1112]	97808
162	0.9207417142960141	0.9827420926957824	1.780457846853921	2.7751196038897037	[1819, 241, 132, 1108, 1086, 1112]	96875
163	0.9219648359889768	0.9830616835717865	1.780457846853921	2.426484904269537	[734, 19, 132, 1108, 1086, 1112]	108949
164	0.9231690823471717	0.9836037096974893	1.780457846853921	3.6167299521115073	[3621, 1720, 132, 1094, 1086, 1112]	110163
165	0.9243547446566289	0.9839073447030914	1.780457846853921	3.528922042863038	[1892, 3459, 1203, 174, 1086, 1112]	3276639
166	0.9255221097082241	0.9843364821776756	1.780457846853921	3.409802677289374	[1791, 420, 158, 1115, 1086, 1112]	364467
167	0.9266714598670478	0.9847541759862709	1.780457846853921	2.870736037412858	[3, 19, 132, 1108, 1086, 1112]	95561
168	0.9278030731407044	0.9853396156283981	1.780457846853921	3.3802769052980004	[1515, 1031, 132, 1108, 1086, 1112]	95687
169	0.9289172232465578	0.9858087479282893	1.780457846853921	3.6060011103515626	[3179, 843, 3094, 174, 1086, 1112]	93579
170	0.9300141796779381	0.9860715488925803	1.780457846853921	3.213233408312252	[241, 132, 217, 261, 1086, 1112]	94864
171	0.9310942077693279	0.9864429742554448	1.780457846853921	3.3692329725658183	[1580, 301, 2627, 261, 1086, 1112]	97920
172	0.932157568760542	0.9868948751135966	1.780457846853921	3.9714357928126214	[1813, 1666, 1546, 234, 1086, 1112]	96830
173	0.9332045198599164	0.9871861001110723	1.780457846853921	3.464547836593158	[1726, 132, 217, 261, 1086, 1112]	96498
174	0.9342353143065225	0.9874708534419373	1.780457846853921	2.6743890052643993	[2004, 19, 132, 1108, 1086, 1112]	98687
175	0.9352502014314219	0.987702874674494	1.780457846853921	3.184750484208875	[813, 19, 132, 1108, 1086, 1112]	105230
176	0.936249426717974	0.9881750842869935	1.780457846853921	2.6296491148067798	[241, 1031, 132, 1108, 1086, 1112]	97469
177	0.9372332318612151	0.9885534815898097	1.780457846853921	3.5253359932117423	[1849, 420, 158, 1115, 1086, 1112]	101083
178	0.9382018548263199	0.9887654541529614	1.780457846853921	2.1976818767155635	[10, 734, 1203, 174, 1086, 1112]	119855
179	0.9391555299061606	0.98901511072734	1.780457846853921	3.0373270629232803	[846, 734, 1203, 174, 1086, 1112]	108254
180	0.9400944877779791	0.9892185346027597	1.780457846853921	2.2790614829839417	[19, 734, 1203, 174, 1086, 1112]	2941282
181	0.9410189555591831	0.9895060403466861	1.780457846853921	2.518985889172849	[19, 241, 132, 1108, 1086, 1112]	125713
182	0.9419291568622822	0.9898418470555921	1.780457846853921	3.409802677289374	[1791, 420, 158, 1115, 1086, 1112]	100230
183	0.9428253118489753	0.9901127311341097	1.780457846853921	3.7232750780577044	[734, 19, 387, 344, 1086, 1112]	102534
184	0.9437076372834047	0.9903763916372	1.780457846853921	3.221273652630817	[19, 132, 217, 261, 1086, 1096]	95905
185	0.9445763465845868	0.9906330211935414	1.780457846853921	3.5492810816234277	[158, 420, 1822, 1094, 1086, 1096]	96780
186	0.9454316498780345	0.990882807295047	1.780457846853921	2.2790614829839417	[19, 734, 1203, 174, 1086, 1112]	105938
187	0.9462737540465833	0.9910516441969905	1.780457846853921	2.2790614829839417	[19, 734, 1203, 174, 1086, 1112]	95988
188	0.9471028627804323	0.9912902670184041	1.780457846853921	3.528922042863038	[1892, 3459, 1203, 174, 1086, 1112]	99715
189	0.9479191766264133	0.99152252656458	1.780457846853921	2.723312616127263	[107, 734, 1203, 174, 1086, 1112]	101002
190	0.9487228930364995	0.9916795168133841	1.780457846853921	3.5605912733082006	[241, 19, 1987, 334, 1086, 1112]	107447
191	0.9495142064155659	0.9918644164397533	1.780457846853921	2.7751196038897037	[1819, 241, 132, 1108, 1086, 1112]	105437
192	0.9502933081684121	0.9920150753945727	1.780457846853921	3.8061659836099055	[1580, 438, 3366, 150, 1086, 1096]	99804
193	0.9510603867460601	0.9921629443687473	1.780457846853921	2.2790614829839417	[19, 734, 1203, 174, 1086, 1112]	108495
194	0.9518156276913369	0.992371932518914	1.780457846853921	2.426484904269537	[734, 19, 132, 1108, 1086, 1112]	93539
195	0.9525592136837545	0.9925753476517429	1.780457846853921	3.5065031788170664	[811, 734, 19, 334, 1086, 1112]	150732
196	0.9532913245836966	0.9927403399261486	1.780457846853921	2.7751196038897037	[1819, 241, 132, 1108, 1086, 1112]	86280
197	0.9540121374759235	0.9929016657055676	1.780457846853921	2.5286478000845856	[2872, 241, 132, 1108, 1086, 1112]	85983
198	0.9547218267124061	0.9930331163406497	1.780457846853921	2.723312616127263	[107, 734, 1203, 174, 1086, 1112]	85472
199	0.9554205639544987	0.9932560566177489	1.780457846853921	3.671150278463103	[2490, 390, 1078, 334, 1086, 1096]	86346
200	0.9561085182144601	0.9934059220262433	1.780457846853921	3.671150278463103	[2490, 390, 3248, 334, 1086, 1112]	86590
201	0.9567858558963357	0.9935817641055436	1.780457846853921	3.7232750780577044	[734, 19, 387, 344, 1086, 1112]	85316
202	0.9574527408362071	0.9937006203258113	1.780457846853921	3.3692329725658183	[1580, 301, 2627, 261, 1086, 1112]	85407
203	0.9581093343418212	0.9938686037837896	1.780457846853921	3.5432222043472263	[87, 1265, 255, 174, 1086, 1096]	84778
204	0.9587557952316079	0.9940048570330388	1.780457846853921	2.6743890052643993	[2004, 19, 132, 1108, 1086, 1112]	86315
205	0.9593922798730954	0.9941967016079815	1.780457846853921	3.0466300264731196	[4118, 23, 5272, 174, 1086, 1112]	85963
206	0.9600189422207328	0.9943256637944708	1.780457846853921	3.334919766974785	[1726, 132, 19, 334, 1086, 1112]	86250
207	0.960635933853129	0.9944132307112228	1.780457846853921	2.525393420751951	[158, 10, 107, 734, 19, 794]	86853
208	0.9612434040097164	0.9945920073284636	1.780457846853921	3.4455895737600724	[190, 196, 1078, 334, 1086, 1112]	85734
209	0.9618414996268504	0.9947121849433866	1.780457846853921	3.5848254055927624	[1819, 241, 132, 1094, 1086, 1112]	86745
210	0.9624303653733497	0.9948296919446448	1.780457846853921	3.6804418391159164	[1723, 132, 19, 334, 1086, 1112]	86728
211	0.9630101436854893	0.9949675668261209	1.780457846853921	3.2554358471025484	[1580, 438, 2627, 261, 1086, 1112]	88283
212	0.963580974801454	0.995128604687685	1.780457846853921	3.967115338612812	[2149, 157, 1713, 174, 1086, 1112]	85113
213	0.9641429967952587	0.9952368579168476	1.780457846853921	2.793516874800511	[1259, 734, 1203, 174, 1086, 1112]	86314
214	0.9646963456101467	0.9953250642517207	1.780457846853921	3.5123452732533087	[77, 19, 132, 1094, 1086, 1112]	86064
215	0.9652411550914716	0.9954289517127937	1.780457846853921	3.7351968406794853	[1758, 2919, 1203, 174, 1086, 1112]	85824
216	0.9657775570190723	0.9955508463337859	1.780457846853921	3.490617761732537	[241, 1729, 1822, 1094, 1086, 1096]	85138
217	0.9663056811391484	0.9956694904315515	1.780457846853921	2.518985889172849	[19, 241, 132, 1108, 1086, 1112]	84645
218	0.966825655195643	0.9957657239775171	1.780457846853921	3.770768306464354	[318, 158, 1713, 174, 1086, 1112]	85546
219	0.9673376049611423	0.9958441364964519	1.780457846853921	2.1976818767155635	[10, 734, 1203, 174, 1086, 1112]	85803
220	0.9678416542672975	0.995936489018753	1.780457846853921	2.8070241504084494	[3621, 1720, 132, 1108, 1086, 1112]	85765
221	0.9683379250347776	0.9960448493115862	1.780457846853921	3.6663831967223626	[359, 158, 1713, 174, 1086, 1112]	86478
222	0.9688265373027594	0.9961327415491066	1.780457846853921	2.6743890052643993	[2004, 19, 132, 1108, 1086, 1112]	86054
223	0.9693076092579637	0.9962564938195352	1.780457846853921	3.84519172267838	[734, 10, 232, 1023, 1086, 1112]	85499
224	0.969781257263242	0.9963563206510142	1.780457846853921	3.3692329725658183	[1580, 301, 2627, 261, 1086, 1112]	85797
225	0.9702475958857228	0.9964729183901817	1.780457846853921	3.834090028441395	[1535, 438, 2627, 261, 1086, 1112]	86310
226	0.9707067379245234	0.9965857850016959	1.780457846853921	3.866616265254481	[4345, 1402, 1078, 334, 1086, 1112]	85839
227	0.9711587944380339	0.9966490112053682	1.780457846853921	3.460050044086323	[734, 19, 1987, 334, 1086, 1112]	87371
228	0.9716038747707803	0.9967234776230267	1.780457846853921	3.575302319672975	[1851, 159, 1713, 174, 1086, 1112]	86037
229	0.9720420865798731	0.9968283263390899	1.780457846853921	3.597226074150603	[846, 10, 158, 1115, 1086, 1112]	85682
230	0.9724735358610479	0.996898807975999	1.780457846853921	4.314336859955521	[2047, 232, 10, 261, 1086, 1112]	85389
231	0.9728983269743033	0.9969815064299723	1.780457846853921	2.518985889172849	[19, 241, 132, 1108, 1086, 1112]	85432
232	0.9733165626691443	0.9970780982242132	1.780457846853921	2.940940296086106	[1548, 19, 132, 1108, 1086, 1112]	85077
233	0.9737283441094353	0.9971430293747863	1.780457846853921	3.703061766034991	[2357, 438, 2627, 261, 1086, 1112]	85092
234	0.97413377089787	0.9972344524347931	1.780457846853921	3.5995927639097713	[300, 301, 2627, 261, 1086, 1112]	84826
235	0.9745329411000634	0.9973082003698653	1.780457846853921	3.5005121038821185	[734, 10, 158, 1115, 1086, 1112]	85224
236	0.9749259512682722	0.9973943379580296	1.780457846853921	3.6060011103515626	[3179, 843, 3094, 174, 1086, 1096]	85592
237	0.9753128964647495	0.9974638222791488	1.780457846853921	2.6296491148067798	[241, 1031, 132, 1108, 1086, 1112]	85779
238	0.975693870284738	0.9975107885332386	1.780457846853921	3.213233408312252	[241, 132, 217, 261, 1086, 1112]	85968
239	0.9760689648791093	0.9975771675056856	1.780457846853921	3.5247094981667253	[2387, 1663, 1546, 234, 1086, 1112]	85832
240	0.9764382709766539	0.9976310082277815	1.780457846853921	3.5848254055927624	[1819, 241, 132, 1094, 1086, 1096]	85909
241	0.9768018779060265	0.9976836524893864	1.780457846853921	3.260479038210432	[1726, 132, 1713, 174, 1086, 1112]	86243
242	0.9771598736173532	0.9977454217563361	1.780457846853921	2.870736037412858	[3, 19, 132, 1108, 1086, 1096]	86070
243	0.9775123447035052	0.9977955234950842	1.780457846853921	3.451071680941741	[2872, 241, 19, 334, 1086, 1112]	86509
244	0.9778593764210437	0.9978445118618601	1.780457846853921	2.940940296086106	[1548, 19, 132, 1108, 1086, 1112]	85416
245	0.9782010527108425	0.9979019915455438	1.780457846853921	3.6663831967223626	[359, 158, 1713, 174, 1086, 1112]	85381
246	0.9785374562183912	0.9979579384376626	1.780457846853921	3.6804418391159164	[19, 132, 1729, 1094, 1086, 1096]	85161
247	0.9788686683137864	0.9979894517333777	1.780457846853921	1.9247631298590335	[107, 162, 10, 734, 19, 794]	85942
248	0.9791947691114131	0.9980341305837471	1.780457846853921	3.544621900098326	[2309, 420, 158, 1115, 1086, 1096]	84846
249	0.9795158374893234	0.9980778165707749	1.780457846853921	3.8292251796573344	[3065, 1460, 19, 334, 1086, 1096]	85498
250	0.9798319511083153	0.998120531758091	1.780457846853921	3.8929202031877006	[2558, 415, 255, 174, 1086, 1112]	84802
251	0.9801431864307178	0.9981706509112086	1.780457846853921	3.462983623397844	[1742, 400, 19, 334, 1086, 1112]	84808
252	0.9804496187388858	0.9982194335535763	1.780457846853921	3.2554358471025484	[1580, 438, 2627, 261, 1086, 1112]	85781
253	0.9807513221534092	0.998266915325481	1.780457846853921	3.843804425147278	[1549, 107, 836, 1089, 1086, 1112]	85824
254	0.9810483696510417	0.9982990094861203	1.780457846853921	3.0836053386938795	[241, 132, 19, 334, 1086, 1112]	86243
255	0.9813408330823528	0.9983305093104513	1.780457846853921	3.5504141572377215	[10, 158, 1713, 174, 1086, 1112]	86308
256	0.9816287831891066	0.9983750290621727	1.780457846853921	3.934145955231739	[1849, 420, 1582, 1087, 1086, 1112]	85771
257	0.9819122896213734	0.9984183616205147	1.780457846853921	3.6845784447295697	[107, 734, 19, 334, 1086, 1112]	86243
258	0.982191420954377	0.9984535091400588	1.780457846853921	2.5286478000845856	[2872, 241, 132, 1108, 1086, 1096]	85784
259	0.982466244705081	0.9984878756036131	1.780457846853921	3.0373270629232803	[846, 734, 1203, 174, 1086, 1112]	87183
260	0.9827368273485212	0.9985158779072498	1.780457846853921	3.7669971618612905	[1879, 496, 217, 261, 1086, 1112]	85159
261	0.9830032343338835	0.9985728681956114	1.780457846853921	3.7538597690840323	[420, 1879, 836, 1089, 1086, 1112]	85991
262	0.9832655301003359	0.9986109250437285	1.780457846853921	3.5779691026203686	[257, 320, 836, 1089, 1086, 1096]	85830
263	0.9835237780926147	0.9986366486540298	1.780457846853921	2.7266252539510933	[331, 241, 132, 1108, 1086, 1112]	86191
264	0.9837780407763707	0.998666945350607	1.780457846853921	3.7282586004404497	[2557, 2558, 255, 174, 1086, 1096]	86016
265	0.9840283796532785	0.9987024934745907	1.780457846853921	3.0091646099295257	[241, 132, 1713, 174, 1086, 1112]	84753
266	0.9842748552759131	0.9987313269529332	1.780457846853921	3.9826090934107468	[1849, 420, 1546, 234, 1086, 1112]	84716
267	0.9845175272623958	0.9987651582341883	1.780457846853921	2.8070241504084494	[3621, 1720, 132, 1108, 1086, 1112]	84736
268	0.9847564543108157	0.9988125761579955	1.780457846853921	3.95303603319409	[457, 540, 19, 334, 1086, 1112]	86281
269	0.9849916942134266	0.9988442407937822	1.780457846853921	3.4686455498577784	[732, 734, 1203, 174, 1086, 1112]	85589
270	0.9852233038706267	0.9988812250883812	1.780457846853921	3.841121164223872	[1791, 420, 158, 1089, 1086, 1112]	86544
271	0.9854513393047221	0.9989019431423001	1.780457846853921	3.1589477053178707	[10, 734, 19, 334, 1086, 1112]	86270
272	0.9856758556734764	0.9989263444058045	1.780457846853921	3.926571328946758	[734, 19, 422, 334, 1086, 1112]	86656
273	0.9858969072834536	0.9989502034190089	1.780457846853921	3.528922042863038	[1892, 3459, 1203, 174, 1086, 1112]	86132
274	0.9861145476031533	0.9989735322319198	1.780457846853921	3.529057945505385	[1791, 420, 1822, 1094, 1086, 1112]	85746
275	0.9863288292759441	0.9990009047057352	1.780457846853921	2.961062504761295	[241, 1587, 132, 1108, 1086, 1112]	88417
276	0.9865398041327968	0.9990231068233856	1.780457846853921	3.464547836593158	[1715, 132, 217, 261, 1086, 1112]	85531
277	0.9867475232048216	0.9990491573080953	1.780457846853921	3.7538597690840323	[420, 1879, 836, 1089, 1086, 1112]	86424
278	0.9869520367356114	0.9990947977573067	1.780457846853921	3.069833347705165	[2607, 1587, 132, 1108, 1086, 1112]	85451
279	0.9871533941933952	0.9991295575234261	1.780457846853921	2.6296491148067798	[241, 1031, 132, 1108, 1086, 1112]	86195
280	0.9873516442830033	0.9991456768285479	1.780457846853921	2.518985889172849	[19, 241, 132, 1108, 1086, 1112]	85687
281	0.9875468349576483	0.9991614976280192	1.780457846853921	3.5432222043472263	[87, 1265, 255, 174, 1086, 1096]	85101
282	0.9877390134305241	0.9991801310140632	1.780457846853921	3.8229149778872156	[1819, 241, 217, 261, 1086, 1112]	85598
283	0.9879282261862259	0.9992019941870216	1.780457846853921	4.001534977136717	[2149, 420, 1582, 1087, 1086, 1112]	85310
284	0.988114518991994	0.9992232743420343	1.780457846853921	3.0836053386938795	[241, 132, 19, 334, 1086, 1096]	85620
285	0.9882979369087842	0.9992481295630892	1.780457846853921	3.204410474350957	[5032, 23, 5272, 174, 1086, 1112]	85974
286	0.9884785243021672	0.9992721894170704	1.780457846853921	2.6743890052643993	[2004, 19, 132, 1108, 1086, 1112]	85902
287	0.9886563248530597	0.9992856673908284	1.780457846853921	3.363125263892072	[432, 422, 19, 334, 1086, 1096]	86696
288	0.9888313815682902	0.9992988957724797	1.780457846853921	2.1976818767155635	[10, 734, 1203, 174, 1086, 1112]	86134
289	0.9890037367910018	0.9993118791841004	1.780457846853921	2.1976818767155635	[10, 734, 1203, 174, 1086, 1112]	86143
290	0.9891734322108937	0.9993302290725243	1.780457846853921	3.490617761732537	[241, 1729, 1822, 1094, 1086, 1096]	85896
291	0.9893405088743059	0.999342632237848	1.780457846853921	3.770768306464354	[10, 159, 1713, 174, 1086, 1112]	87130
292	0.9895050071941468	0.9993636680062369	1.780457846853921	3.4455895737600724	[190, 196, 1078, 334, 1086, 1112]	85597
293	0.9896669669596693	0.9993840306300373	1.780457846853921	2.7751196038897037	[1819, 241, 132, 1108, 1086, 1112]	85645
294	0.9898264273460942	0.9993977188382587	1.780457846853921	3.528922042863038	[1892, 3459, 1203, 174, 1086, 1096]	84938
295	0.9899834269240865	0.9994111028640752	1.780457846853921	3.5764431740820974	[2872, 241, 217, 261, 1086, 1096]	85474
296	0.9901380036690851	0.9994268067876998	1.780457846853921	3.459532293516329	[2764, 258, 132, 1108, 1086, 1112]	85060
297	0.9902901949704882	0.9994420919400279	1.780457846853921	2.702639471550251	[77, 19, 132, 1108, 1086, 1112]	86001
298	0.9904400376406967	0.999452423570768	1.780457846853921	3.575302319672975	[1851, 159, 1713, 174, 1086, 1112]	84967
299	0.9905875679240193	0.9994699460165035	1.780457846853921	3.204410474350957	[5032, 23, 5272, 174, 1086, 1096]	86084
300	0.9907328215054387	0.9994840807893968	1.780457846853921	3.6440743024501234	[1265, 415, 255, 174, 1086, 1096]	85617
301	0.9908758335192437	0.9994936348488523	1.780457846853921	2.5872420769840634	[811, 3459, 1203, 174, 1086, 1112]	85751
302	0.991016638557527	0.9995048874077668	1.780457846853921	3.3383536017876443	[2872, 241, 132, 1094, 1086, 1112]	85981
303	0.9911552706785528	0.9995140561594748	1.780457846853921	3.4393549165098385	[241, 1031, 132, 1094, 1086, 1112]	86797
304	0.9912917634149948	0.9995230551194845	1.780457846853921	2.4756583053523458	[1792, 496, 3366, 793, 2372, 794]	86276
305	0.9914261497820474	0.9995357736496315	1.780457846853921	2.6296491148067798	[241, 1031, 132, 1108, 1086, 1112]	86549
306	0.9915584622854109	0.9995443704338977	1.780457846853921	2.1976818767155635	[10, 734, 1203, 174, 1086, 1096]	86788
307	0.9916887329291545	0.9995565205556604	1.780457846853921	3.4347039664096126	[421, 438, 2627, 261, 1086, 1112]	86496
308	0.9918169932234577	0.9995647331379629	1.780457846853921	3.4051240256480337	[19, 132, 387, 344, 1086, 1112]	85195
309	0.9919432741922315	0.9995744057348971	1.780457846853921	3.613369342697065	[988, 420, 158, 1115, 1086, 1112]	85345
310	0.992067606380623	0.9995822871101768	1.780457846853921	3.5492810816234277	[158, 420, 1822, 1094, 1086, 1112]	86098
311	0.9921900198624035	0.9995900225340624	1.780457846853921	3.397083781329468	[241, 132, 387, 344, 1086, 1112]	86201
312	0.992310544247243	0.9995991331444166	1.780457846853921	2.932900051767541	[1723, 241, 132, 1108, 1086, 1096]	85556
313	0.9924292086878719	0.9996098229272321	1.780457846853921	3.213233408312252	[241, 132, 217, 261, 1086, 1112]	84575
314	0.9925460418871331	0.9996202276491726	1.780457846853921	2.518985889172849	[19, 241, 132, 1108, 1086, 1112]	84796
315	0.9926610721049243	0.9996286670347465	1.780457846853921	3.260479038210432	[1715, 132, 1713, 174, 1086, 1096]	86025
316	0.9927743271650334	0.9996355435711402	1.780457846853921	2.518985889172849	[19, 241, 132, 1108, 1086, 1112]	85999
317	0.9928858344618694	0.9996436426028926	1.780457846853921	4.0018950002973295	[2309, 420, 1546, 234, 1086, 1112]	85469
318	0.9929956209670875	0.9996502418139501	1.780457846853921	2.723312616127263	[107, 734, 1203, 174, 1086, 1096]	85500
319	0.9931037132361139	0.9996580142180845	1.780457846853921	3.4225800030903457	[4196, 1663, 1546, 234, 1086, 1112]	85732
320	0.9932101374145689	0.9996656139021272	1.780457846853921	3.8003643798949636	[1550, 420, 158, 1115, 1086, 1112]	85904
321	0.993314919244591	0.999681664434825	1.780457846853921	3.4714239837057717	[2146, 1728, 132, 1108, 1086, 1096]	86284
322	0.9934180840710634	0.9996918511729106	1.780457846853921	3.7254107014033675	[1873, 10, 158, 1115, 1086, 1112]	86348
323	0.9935196568477445	0.9997021228004803	1.780457846853921	3.4225800030903457	[4196, 1663, 1546, 234, 1086, 1112]	87643
324	0.993619662143304	0.9997087422938029	1.780457846853921	4.006041343635259	[3540, 359, 158, 1115, 1086, 1112]	85560
325	0.9937181241472653	0.9997141359550288	1.780457846853921	3.1589477053178707	[10, 734, 19, 334, 1086, 1112]	85310
326	0.993815066675857	0.9997251131343557	1.780457846853921	3.428024668171216	[1647, 1697, 132, 1108, 1086, 1112]	85202
327	0.9939105131777727	0.9997302036318676	1.780457846853921	3.575302319672975	[1851, 159, 1713, 174, 1086, 1112]	85577
328	0.9940044867398441	0.9997351998609071	1.780457846853921	3.0091646099295257	[241, 132, 1713, 174, 1086, 1096]	85231
329	0.9940970100926243	0.9997401035671866	1.780457846853921	2.1459135110379903	[2627, 438, 10, 734, 19, 794]	84600
330	0.9941881056158863	0.9997458790434713	1.780457846853921	3.4714239837057717	[1586, 1587, 132, 1108, 1086, 1112]	85257
331	0.9942777953440362	0.9997505849871108	1.780457846853921	3.1589477053178707	[10, 734, 19, 334, 1086, 1112]	85328
332	0.9943661009714431	0.9997585662675232	1.780457846853921	3.5764431740820974	[2872, 241, 217, 261, 1086, 1112]	86171
333	0.9944530438576862	0.9997639314615783	1.780457846853921	3.979854736899159	[1546, 234, 255, 174, 1086, 1112]	86275
334	0.9945386450327219	0.9997691774290988	1.780457846853921	3.484094806967457	[2004, 19, 132, 1094, 1086, 1112]	86869
335	0.99462292520197	0.9997734519211525	1.780457846853921	3.459532293516329	[2764, 258, 132, 1108, 1086, 1112]	86485
336	0.9947059047513224	0.9997807014596756	1.780457846853921	3.484094806967457	[2004, 19, 132, 1094, 1086, 1112]	86682
337	0.9947876037520735	0.999787719012966	1.780457846853921	3.4885679563002645	[3869, 438, 2627, 261, 1086, 1112]	86603
338	0.994868041965776	0.9997916501423555	1.780457846853921	3.6178645301457264	[10, 301, 2627, 261, 1086, 1112]	87161
339	0.9949472388490203	0.9997962801391921	1.780457846853921	3.6483982096103746	[1726, 132, 387, 344, 1086, 1112]	86751
340	0.9950252135581403	0.99980080724721	1.780457846853921	2.6743890052643993	[2004, 19, 132, 1108, 1086, 1112]	85911
341	0.995101984953848	0.9998071814152992	1.780457846853921	3.204410474350957	[5032, 23, 5272, 174, 1086, 1112]	85844
342	0.9951775716057949	0.9998123232442246	1.780457846853921	3.613369342697065	[988, 420, 158, 1115, 1086, 1112]	85307
343	0.9952519917970635	0.9998164938387974	1.780457846853921	4.039298092807621	[3869, 438, 3366, 150, 1086, 1096]	86320
344	0.9953252635285903	0.9998198921010419	1.780457846853921	3.5005121038821185	[734, 10, 158, 1115, 1086, 1112]	85205
345	0.9953974045235194	0.9998238944987965	1.780457846853921	2.940940296086106	[1548, 19, 132, 1108, 1086, 1112]	85260
346	0.9954684322314897	0.9998285906454953	1.780457846853921	3.3692329725658183	[1580, 301, 2627, 261, 1086, 1112]	84603
347	0.9955383638328557	0.9998317648928009	1.780457846853921	3.490617761732537	[241, 1729, 1822, 1094, 1086, 1112]	85954
348	0.9956072162428424	0.999834880357749	1.780457846853921	3.1589477053178707	[10, 734, 19, 334, 1086, 1112]	85758
349	0.9956750061156381	0.9998379381289019	1.780457846853921	2.1976818767155635	[10, 734, 1203, 174, 1086, 1112]	86382
350	0.9957417498484215	0.9998422597787978	1.780457846853921	3.409802677289374	[1791, 420, 158, 1115, 1086, 1112]	86262
351	0.9958074635853286	0.9998464661846965	1.780457846853921	2.9611430034036257	[781, 19, 132, 1108, 1086, 1112]	85939
352	0.9958721632213574	0.9998505604197713	1.780457846853921	3.8118519204438046	[161, 10, 158, 1115, 1086, 1112]	85550
353	0.9959358644062131	0.9998533278194052	1.780457846853921	3.213233408312252	[241, 132, 217, 261, 1086, 1112]	86593
354	0.9959985825480925	0.9998560439708977	1.780457846853921	3.8670757774883784	[1791, 420, 1546, 234, 1086, 1112]	87235
355	0.996060332817412	0.9998598827983404	1.780457846853921	2.426484904269537	[734, 19, 132, 1108, 1086, 1112]	87161
356	0.9961211301504767	0.9998620451008351	1.780457846853921	1.9737057446728647	[377, 162, 10, 734, 19, 794]	85202
357	0.9961809892530927	0.9998664596576085	1.780457846853921	3.204410474350957	[5032, 23, 5272, 174, 1086, 1112]	85093
358	0.9962399246041252	0.999870732948565	1.780457846853921	3.428024668171216	[321, 1398, 132, 1108, 1086, 1112]	85210
359	0.9962979504589998	0.9998736055497079	1.780457846853921	3.334919766974785	[1715, 132, 19, 334, 1086, 1112]	85738
360	0.9963550808531512	0.9998784590965991	1.780457846853921	2.8070241504084494	[3621, 1720, 132, 1108, 1086, 1112]	85084
361	0.9964113296054173	0.9998817001873566	1.780457846853921	3.879539149408224	[19, 23, 5272, 174, 1086, 1112]	85098
362	0.9964667103213831	0.9998843290720819	1.780457846853921	3.913538059743548	[2627, 438, 8, 174, 1086, 1112]	85191
363	0.9965212363966703	0.9998864711263026	1.780457846853921	4.21285431947667	[10, 438, 254, 174, 1086, 1112]	84586
364	0.9965749210201785	0.9998894985629345	1.780457846853921	4.130740653517591	[107, 162, 420, 458, 1086, 1112]	85885
365	0.9966277771772746	0.9998915448858432	1.780457846853921	3.1589477053178707	[10, 734, 19, 334, 1086, 1112]	86296
366	0.9966798176529339	0.9998950154494962	1.780457846853921	4.116549809284586	[238, 10, 158, 1115, 1086, 1112]	85596
367	0.9967310550348331	0.9998978150375096	1.780457846853921	3.6022839188384888	[193, 1265, 255, 174, 1086, 1096]	87172
368	0.9967815017163943	0.9999005399698427	1.780457846853921	3.0373270629232803	[846, 734, 1203, 174, 1086, 1112]	85352
369	0.9968311698997833	0.999902381822253	1.780457846853921	2.892248860804172	[241, 1209, 132, 1108, 1086, 1112]	85965
370	0.9968800715988607	0.9999045511150918	1.780457846853921	2.5286478000845856	[2872, 241, 132, 1108, 1086, 1112]	86234
371	0.9969282186420881	0.9999066722014232	1.780457846853921	2.7680487963085754	[2627, 438, 1580, 684, 389, 794]	86451
372	0.9969756226753893	0.9999091609427185	1.780457846853921	3.585810503855643	[10, 438, 2627, 261, 1086, 1112]	85481
373	0.9970222951649665	0.9999115833175793	1.780457846853921	2.790120672112291	[241, 217, 132, 1108, 1086, 1112]	86034
374	0.9970682474000752	0.9999144126514168	1.780457846853921	3.585810503855643	[2040, 438, 2627, 261, 1086, 1112]	85528
375	0.9971134904957529	0.9999176992056025	1.780457846853921	3.428024668171216	[1647, 1697, 132, 1108, 1086, 1112]	85861
376	0.9971580353955098	0.9999192232943875	1.780457846853921	2.870736037412858	[3, 19, 132, 1108, 1086, 1112]	85324
377	0.9972018928739742	0.9999210183322901	1.780457846853921	2.6743890052643993	[2004, 19, 132, 1108, 1086, 1112]	84961
378	0.9972450735394993	0.9999231245100957	1.780457846853921	2.2790614829839417	[19, 734, 1203, 174, 1086, 1112]	85421
379	0.9972875878367292	0.9999248328543158	1.780457846853921	3.0373270629232803	[846, 734, 1203, 174, 1086, 1112]	85434
380	0.9973294460491254	0.999926837311534	1.780457846853921	3.0091646099295257	[241, 132, 1713, 174, 1086, 1112]	85651
381	0.9973706583014538	0.9999292760678162	1.780457846853921	3.971179179052567	[3266, 1963, 387, 344, 1086, 1096]	85004
382	0.9974112345622338	0.9999315392336461	1.780457846853921	3.6060011103515626	[1872, 843, 3094, 174, 1086, 1096]	86041
383	0.9974511846461499	0.9999328070256156	1.780457846853921	3.8670757774883784	[1791, 420, 1546, 234, 1086, 1112]	86130
384	0.9974905182164254	0.9999345988382659	1.780457846853921	2.518985889172849	[19, 241, 132, 1108, 1086, 1112]	85745
385	0.9975292447871595	0.9999366916754413	1.780457846853921	3.3383536017876443	[2872, 241, 132, 1094, 1086, 1112]	85775
386	0.9975673737256293	0.9999380985270983	1.780457846853921	3.528922042863038	[1892, 3459, 1203, 174, 1086, 1112]	86048
387	0.9976049142545548	0.999940079374231	1.780457846853921	3.4455895737600724	[190, 196, 1078, 334, 1086, 1112]	87019
388	0.9976418754543301	0.9999414109436926	1.780457846853921	3.6440743024501234	[1265, 415, 255, 174, 1086, 1112]	85102
389	0.9976782662652202	0.9999429733185274	1.780457846853921	3.5800061191568133	[19, 241, 1729, 1094, 1086, 1112]	84589
390	0.9977140954895223	0.9999447981723346	1.780457846853921	3.204410474350957	[5032, 23, 5272, 174, 1086, 1112]	85374
391	0.9977493717936964	0.9999462702210723	1.780457846853921	3.5779691026203686	[157, 320, 836, 1089, 1086, 1096]	86311
392	0.9977841037104603	0.9999474642161597	1.780457846853921	3.5673687331398343	[2297, 400, 19, 334, 1086, 1112]	85582
393	0.9978182996408544	0.9999488651703954	1.780457846853921	3.5069954494906392	[542, 269, 132, 1108, 1086, 1096]	86084
394	0.9978519678562733	0.9999500014999421	1.780457846853921	2.426484904269537	[734, 19, 132, 1108, 1086, 1096]	84918
395	0.9978851165004666	0.999951601451944	1.780457846853921	3.838061935263993	[1719, 1192, 836, 1089, 1086, 1112]	85313
396	0.9979177535915088	0.9999524977213524	1.780457846853921	3.9510522245975706	[10, 158, 420, 458, 1086, 1096]	86301
397	0.9979498870237387	0.9999532307812081	1.780457846853921	2.114855114018017	[1580, 438, 10, 734, 19, 794]	85878
398	0.9979815245696686	0.9999540968778524	1.780457846853921	3.459532293516329	[2764, 258, 132, 1108, 1086, 1096]	85952
399	0.9980126738818651	0.9999558595577428	1.780457846853921	3.428024668171216	[1647, 1697, 132, 1108, 1086, 1112]	86590
400	0.9980433424947992	0.9999568404564597	1.780457846853921	2.6743890052643993	[2004, 19, 132, 1108, 1086, 1112]	85934
401	0.9980735378266696	0.9999576397072659	1.780457846853921	3.462983623397844	[1742, 400, 19, 334, 1086, 1112]	86678
402	0.9981032671811964	0.9999587693150722	1.780457846853921	2.4903566546294233	[2872, 241, 1587, 132, 19, 794]	86951
403	0.9981325377493877	0.9999598688000036	1.780457846853921	2.9611430034036257	[781, 19, 132, 1108, 1086, 1112]	85945
404	0.9981613566112799	0.9999606119703739	1.780457846853921	2.775355892909582	[241, 1720, 132, 1108, 1086, 1112]	85673
405	0.998189730737649	0.9999613413783299	1.780457846853921	3.213233408312252	[241, 132, 217, 261, 1086, 1112]	85262
406	0.9982176669916977	0.9999622004588116	1.780457846853921	3.942044072910205	[1718, 132, 217, 261, 1086, 1112]	85301
407	0.9982451721307147	0.999962900450315	1.780457846853921	2.545237350214759	[811, 734, 1203, 174, 1086, 1112]	85864
408	0.9982722528077098	0.9999635874790129	1.780457846853921	3.3286916908759068	[19, 241, 132, 1094, 1086, 1112]	85023
409	0.998298915573023	0.9999642617849571	1.780457846853921	3.1589477053178707	[10, 734, 19, 334, 1086, 1112]	84527
410	0.9983251668759084	0.9999650559675136	1.780457846853921	3.464547836593158	[1726, 132, 217, 261, 1086, 1112]	84596
411	0.998351013066095	0.9999655952272742	1.780457846853921	1.9624776608012686	[1549, 107, 10, 734, 19, 794]	85185
412	0.9983764603953219	0.9999669163705469	1.780457846853921	2.7162445651519427	[3895, 1030, 1032, 1707, 1708, 794]	85798
413	0.9984015150188509	0.9999675290303516	1.780457846853921	3.585810503855643	[10, 438, 2627, 261, 1086, 1112]	86780
414	0.9984261829969551	0.9999685681013804	1.780457846853921	4.237730469874274	[2072, 241, 1729, 1094, 1086, 1112]	85682
415	0.9984504702963848	0.9999692665880163	1.780457846853921	2.932900051767541	[1723, 241, 132, 1108, 1086, 1112]	86208
416	0.9984743827918109	0.9999698357252752	1.780457846853921	3.184750484208875	[432, 19, 132, 1108, 1086, 1112]	86200
417	0.998497926267246	0.9999706401059346	1.780457846853921	3.585810503855643	[10, 438, 2627, 261, 1086, 1112]	86355
418	0.9985211064174427	0.9999717675258667	1.780457846853921	2.6296491148067798	[241, 1031, 132, 1108, 1086, 1112]	85928
419	0.9985439288492723	0.999972670965039	1.780457846853921	3.0466300264731196	[4118, 23, 5272, 174, 1086, 1112]	86882
420	0.9985663990830799	0.9999731770582789	1.780457846853921	2.518985889172849	[19, 241, 132, 1108, 1086, 1112]	85357
421	0.99858852255402	0.999974035392414	1.780457846853921	2.8070241504084494	[3621, 1720, 132, 1108, 1086, 1112]	85182
422	0.9986103046133715	0.9999746123836938	1.780457846853921	3.316188644224363	[2627, 261, 132, 1108, 1086, 1096]	84841
423	0.9986317505298319	0.9999750825247364	1.780457846853921	3.221273652630817	[19, 132, 217, 261, 1086, 1112]	85939
424	0.9986528654907912	0.999975636246409	1.780457846853921	2.932900051767541	[4015, 241, 132, 1108, 1086, 1112]	85646
425	0.9986736546035877	0.999976087427031	1.780457846853921	3.6721450672688247	[1792, 496, 217, 261, 1086, 1112]	84782
426	0.9986941228967422	0.9999765302524564	1.780457846853921	3.0836053386938795	[241, 132, 19, 334, 1086, 1112]	85300
427	0.9987142753211752	0.9999770518024018	1.780457846853921	4.134206092136191	[3869, 438, 970, 261, 1086, 1112]	84435
428	0.998734116751404	0.9999774767690239	1.780457846853921	4.130740653517591	[107, 162, 420, 458, 1086, 1112]	85770
429	0.9987536519867218	0.9999781975124152	1.780457846853921	3.184750484208875	[732, 19, 132, 1108, 1086, 1112]	85749
430	0.9987728857523588	0.9999792440318193	1.780457846853921	3.5039302684876574	[4301, 1711, 132, 1108, 1086, 1112]	85589
431	0.9987918227006248	0.9999796284016004	1.780457846853921	3.6721450672688247	[1792, 496, 217, 261, 1086, 1112]	86430
432	0.9988104674120349	0.9999806062383236	1.780457846853921	3.4714239837057717	[5415, 1587, 132, 1108, 1086, 1096]	85434
433	0.9988288243964172	0.9999810372108053	1.780457846853921	3.464547836593158	[1715, 132, 217, 261, 1086, 1112]	85452
434	0.9988468980940033	0.9999815428851838	1.780457846853921	3.5779691026203686	[157, 320, 836, 1089, 1086, 1112]	85927
435	0.9988646928765033	0.9999818846836064	1.780457846853921	3.5605912733082006	[241, 19, 1987, 334, 1086, 1112]	87345
436	0.9988822130481622	0.9999822872461929	1.780457846853921	3.529057945505385	[1791, 420, 1822, 1094, 1086, 1096]	84570
437	0.9988994628468016	0.9999828540543146	1.780457846853921	3.7254107014033675	[1873, 10, 158, 1115, 1086, 1112]	84402
438	0.9989164464448448	0.9999831715718274	1.780457846853921	3.58506169461264	[241, 1720, 132, 1094, 1086, 1096]	83905
439	0.9989331679503256	0.999983620329912	1.780457846853921	2.518985889172849	[19, 241, 132, 1108, 1086, 1112]	83999
440	0.9989496314078823	0.9999839236571358	1.780457846853921	3.1589477053178707	[10, 734, 19, 334, 1086, 1112]	83715
441	0.9989658407997359	0.9999844381001075	1.780457846853921	3.0466300264731196	[4118, 23, 5272, 174, 1086, 1112]	83077
442	0.9989818000466536	0.9999847262834388	1.780457846853921	3.1589477053178707	[10, 734, 19, 334, 1086, 1112]	83964
443	0.9989975130088966	0.9999852150423688	1.780457846853921	4.332906285021676	[1579, 1580, 301, 1092, 1086, 1112]	82480
444	0.9990129834871544	0.9999855435969828	1.780457846853921	3.4225800030903457	[4196, 1663, 1546, 234, 1086, 1112]	81954
445	0.9990282152234637	0.9999858648503832	1.780457846853921	3.6804418391159164	[545, 132, 19, 334, 1086, 1112]	82565
446	0.999043211902114	0.9999861789648191	1.780457846853921	3.756627996100052	[2015, 1663, 1546, 234, 1086, 1112]	82729
447	0.9990579771505381	0.999986434909915	1.780457846853921	2.426484904269537	[734, 19, 132, 1108, 1086, 1112]	82090
448	0.9990725145401903	0.999986686115287	1.780457846853921	2.723312616127263	[107, 734, 1203, 174, 1086, 1112]	82600
449	0.9990868275874096	0.9999869819793917	1.780457846853921	3.464547836593158	[1726, 132, 217, 261, 1086, 1112]	83707
450	0.9991009197542706	0.9999872712687385	1.780457846853921	2.5286478000845856	[2872, 241, 132, 1108, 1086, 1112]	84786
451	0.9991147944494208	0.9999876107015723	1.780457846853921	3.4714239837057717	[396, 1728, 132, 1108, 1086, 1112]	82480
452	0.999128455028905	0.9999878401330246	1.780457846853921	3.0172048542480914	[19, 132, 1713, 174, 1086, 1112]	83449
453	0.9991419047969774	0.9999881643961439	1.780457846853921	3.409802677289374	[1791, 420, 158, 1115, 1086, 1112]	82698
454	0.9991551470069007	0.9999885431354674	1.780457846853921	3.4455895737600724	[190, 196, 1078, 334, 1086, 1112]	82199
455	0.9991681848617324	0.999988797732457	1.780457846853921	3.334919766974785	[1715, 132, 19, 334, 1086, 1112]	82001
456	0.9991810215151007	0.9999890964595914	1.780457846853921	3.4607062329820666	[420, 158, 1713, 174, 1086, 1112]	82029
457	0.9991936600719664	0.999989387220669	1.780457846853921	3.954121280714989	[158, 10, 232, 1023, 1086, 1112]	81958
458	0.9992061035893743	0.9999897268296076	1.780457846853921	2.8070241504084494	[3621, 1720, 132, 1108, 1086, 1112]	82559
459	0.9992183550771927	0.9999900555710601	1.780457846853921	2.1976818767155635	[10, 734, 1203, 174, 1086, 1112]	82335
460	0.999230417498841	0.9999902397271516	1.780457846853921	3.529057945505385	[1791, 420, 1822, 1094, 1086, 1112]	82690
461	0.999242293772007	0.9999904566221038	1.780457846853921	4.013482276844911	[2872, 241, 132, 3279, 1086, 1112]	82965
462	0.9992539867693525	0.9999906686971681	1.780457846853921	3.462983623397844	[1742, 400, 19, 334, 1086, 1112]	83456
463	0.9992654993192083	0.9999908126987551	1.780457846853921	2.5009049656849727	[77, 19, 241, 132, 393, 794]	83413
464	0.9992768342062575	0.9999911654911229	1.780457846853921	3.4714239837057717	[1586, 1587, 132, 1108, 1086, 1112]	82988
465	0.9992879941722103	0.9999914010780263	1.780457846853921	2.961062504761295	[241, 1587, 132, 1108, 1086, 1112]	84754
466	0.9992989819164663	0.9999915603173221	1.780457846853921	2.518985889172849	[19, 241, 132, 1108, 1086, 1112]	81728
467	0.9993098000967677	0.999991716607742	1.780457846853921	2.20062290543242	[2627, 261, 217, 132, 19, 794]	82024
468	0.9993204513298424	0.9999919816762943	1.780457846853921	3.671150278463103	[2490, 390, 1078, 334, 1086, 1112]	82773
469	0.9993309381920361	0.9999921954982598	1.780457846853921	3.8186126393093716	[1791, 420, 1582, 1087, 1086, 1096]	81957
470	0.9993412632199368	0.9999923689316318	1.780457846853921	3.464547836593158	[1726, 132, 217, 261, 1086, 1112]	82720
471	0.9993514289109872	0.9999925724267883	1.780457846853921	3.490617761732537	[241, 1729, 1822, 1094, 1086, 1112]	82765
472	0.9993614377240893	0.9999927704954072	1.780457846853921	2.892248860804172	[241, 1209, 132, 1108, 1086, 1112]	82917
473	0.9993712920801989	0.9999929311510649	1.780457846853921	2.8516321642469284	[3158, 3083, 19, 409, 4290, 794]	82882
474	0.999380994362912	0.9999931196537032	1.780457846853921	2.775355892909582	[241, 1720, 132, 1108, 1086, 1096]	81965
475	0.9993905469190398	0.9999932470675235	1.780457846853921	3.5432222043472263	[87, 1265, 255, 174, 1086, 1112]	83117
476	0.9993999520591781	0.9999933721218286	1.780457846853921	2.1571403571201886	[1807, 157, 10, 734, 19, 794]	82404
477	0.9994092120582648	0.9999934948603132	1.780457846853921	3.732624610913075	[988, 420, 1822, 1094, 1086, 1112]	82384
478	0.9994183291561312	0.999993615325863	1.780457846853921	2.723312616127263	[107, 734, 1203, 174, 1086, 1112]	83550
479	0.9994273055580427	0.99999378558384	1.780457846853921	3.5644935086479057	[1414, 3251, 3248, 334, 1086, 1112]	84092
480	0.9994361434352333	0.9999939006656207	1.780457846853921	2.2790614829839417	[19, 734, 1203, 174, 1086, 1112]	82535
481	0.9994448449254304	0.9999940362063847	1.780457846853921	3.260479038210432	[1715, 132, 1713, 174, 1086, 1112]	84315
482	0.9994534121333712	0.9999941466470073	1.780457846853921	2.1976818767155635	[10, 734, 1203, 174, 1086, 1112]	83384
483	0.9994618471313131	0.999994255042433	1.780457846853921	3.213233408312252	[241, 132, 217, 261, 1086, 1112]	82260
484	0.9994701519595336	0.9999944756488036	1.780457846853921	4.072212456386735	[1794, 1791, 420, 458, 1086, 1112]	82137
485	0.9994783286268247	0.9999945779516035	1.780457846853921	3.529057945505385	[1791, 420, 1822, 1094, 1086, 1096]	82438
486	0.9994863791109787	0.9999946984415679	1.780457846853921	3.334919766974785	[1715, 132, 19, 334, 1086, 1112]	83011
487	0.999494305359266	0.9999948162539775	1.780457846853921	3.4714239837057717	[1586, 1587, 132, 1108, 1086, 1112]	82760
488	0.999502109288907	0.9999949544872048	1.780457846853921	3.671150278463103	[2490, 390, 1078, 334, 1086, 1112]	82606
489	0.9995097927875349	0.9999951159436142	1.780457846853921	3.671150278463103	[2490, 390, 1078, 334, 1086, 1112]	82236
490	0.9995173577136532	0.9999952244782006	1.780457846853921	3.575302319672975	[1851, 159, 1713, 174, 1086, 1112]	82756
491	0.9995248058970845	0.9999953129137894	1.780457846853921	2.5286478000845856	[2872, 241, 132, 1108, 1086, 1112]	82798
492	0.9995321391394135	0.9999954629005482	1.780457846853921	3.884888031490436	[1551, 1879, 836, 1089, 1086, 1112]	82912
493	0.9995393592144225	0.9999955469209084	1.780457846853921	3.9994296453384184	[77, 19, 387, 344, 1086, 1096]	82930
494	0.999546467868521	0.9999956458782215	1.780457846853921	3.529057945505385	[1791, 420, 1822, 1094, 1086, 1112]	82335
495	0.9995534668211672	0.9999957130714588	1.780457846853921	1.780457846853921	[320, 232, 10, 734, 19, 794]	82317
496	0.9995603577652851	0.9999958502531722	1.780457846853921	3.7351968406794853	[1758, 2919, 1203, 174, 1086, 1112]	84932
497	0.9995671423676726	0.9999959424697683	1.780457846853921	3.0373270629232803	[846, 734, 1203, 174, 1086, 1112]	82875
498	0.999573822269406	0.9999960176092171	1.780457846853921	2.790120672112291	[241, 217, 132, 1108, 1086, 1112]	82565
499	0.9995803990862362	0.99999610610679	1.780457846853921	3.9854341029169698	[421, 438, 3366, 150, 1086, 1112]	82230
