0	0.015432098765432056	0.022222222222222254	3.967115338612812	3.967115338612812	[2149, 161, 1713, 174, 1086, 1096]	74977
1	0.030626047858558048	0.053511111111111176	3.204410474350957	3.204410474350957	[5032, 23, 5272, 174, 1086, 1112]	73480
2	0.045585522428642	0.07875081481481483	3.204410474350957	3.585810503855643	[10, 438, 2627, 261, 1086, 1112]	73657
3	0.06031414090968146	0.09581098491083673	2.2790614829839417	2.2790614829839417	[19, 734, 1203, 174, 1086, 1112]	75173
4	0.07481546589564314	0.11590407413504034	2.2790614829839417	3.0373270629232803	[846, 734, 1203, 174, 1086, 1112]	67121
5	0.08909300500219186	0.13227622091031732	2.2790614829839417	2.775355892909582	[241, 1720, 132, 1108, 1086, 1112]	66728
6	0.10315021171512095	0.1515589715567548	2.2790614829839417	2.602722548144356	[737, 1917, 10, 734, 19, 794]	67649
7	0.11699048622569008	0.16727084245385193	2.2790614829839417	3.9043011772296445	[3, 19, 1987, 334, 1086, 1096]	67048
8	0.13061717625307134	0.18012160105795916	2.114855114018017	2.114855114018017	[1580, 438, 10, 734, 19, 794]	68447
9	0.1440335778541042	0.198341121034449	2.114855114018017	3.0373270629232803	[846, 734, 1203, 174, 1086, 1112]	69704
10	0.1572429362205532	0.22399420516134672	2.114855114018017	3.866616265254481	[2707, 1402, 1078, 334, 1086, 1112]	69204
11	0.17024844646406312	0.24468769302371074	2.114855114018017	3.3286916908759068	[19, 241, 132, 1094, 1086, 1112]	70486
12	0.18305325438900033	0.2614724109565172	2.114855114018017	3.6483982096103746	[1726, 132, 387, 344, 1086, 1096]	69524
13	0.19566045725336756	0.27514884779065574	2.114855114018017	3.775462889659569	[420, 158, 1546, 234, 1086, 1096]	83114
14	0.208073104517976	0.29447821184957157	2.114855114018017	3.5005121038821185	[734, 10, 158, 1115, 1086, 1112]	82187
15	0.22029419858405663	0.3075434301486536	2.114855114018017	3.5253359932117423	[1849, 420, 158, 1115, 1086, 1112]	135625
16	0.2323266955194878	0.32036669996071554	2.114855114018017	3.316188644224363	[2627, 261, 132, 1108, 1086, 1112]	86524
17	0.2441735057738167	0.33849025462842974	2.114855114018017	3.5432222043472263	[87, 1265, 255, 174, 1086, 1112]	74465
18	0.2558374948822454	0.3507404350982736	2.114855114018017	2.775355892909582	[241, 1720, 132, 1108, 1086, 1112]	69999
19	0.2673214841587539	0.36516842542942307	2.114855114018017	3.592725015116719	[2149, 420, 158, 1115, 1086, 1112]	71038
20	0.2786282513785262	0.3769245656992486	2.114855114018017	2.545237350214759	[811, 734, 1203, 174, 1086, 1112]	68922
21	0.28976053144984526	0.388462999667781	2.114855114018017	3.4051240256480337	[19, 132, 387, 344, 1086, 1096]	70833
22	0.30072101707561927	0.3997877589331924	2.114855114018017	4.344054946150282	[1792, 496, 970, 261, 1086, 1096]	71829
23	0.31151235940469924	0.4109028004344296	2.114855114018017	2.545237350214759	[811, 734, 1203, 174, 1086, 1112]	72535
24	0.32213716867314524	0.42975391082052794	2.114855114018017	3.409802677289374	[1791, 420, 158, 1115, 1086, 1112]	82269
25	0.3325980148355967	0.4403140235831108	2.114855114018017	3.221273652630817	[19, 132, 217, 261, 1086, 1112]	72862
26	0.34289742818689917	0.45067857870194206	2.114855114018017	2.1976818767155635	[10, 734, 1203, 174, 1086, 1112]	70387
27	0.35303789997413837	0.46085119761486903	2.114855114018017	3.0172048542480914	[19, 132, 1713, 174, 1086, 1112]	118354
28	0.3630218829992288	0.47083543469607514	2.114855114018017	2.1976818767155635	[10, 734, 1203, 174, 1086, 1112]	831375
29	0.37285179221220366	0.4806347784979996	2.114855114018017	3.363125263892072	[432, 422, 19, 334, 1086, 1112]	353204
30	0.38253000529534864	0.4921762278647107	2.114855114018017	3.6663831967223626	[359, 158, 1713, 174, 1086, 1112]	94107
31	0.3920588632383216	0.501580371793142	2.114855114018017	2.892248860804172	[241, 1209, 132, 1108, 1086, 1112]	82981
32	0.40144067090439683	0.5148715618786581	2.114855114018017	3.8388357754274143	[158, 420, 1582, 1087, 1086, 1112]	79690
33	0.4106776975879709	0.5238554218438682	2.114855114018017	2.9611430034036257	[781, 19, 132, 1108, 1086, 1112]	78807
34	0.4197721775634652	0.5326729140319446	2.114855114018017	3.1589477053178707	[10, 734, 19, 334, 1086, 1112]	81446
35	0.4287263106257574	0.5413271193276494	2.114855114018017	3.0091646099295257	[241, 132, 1713, 174, 1086, 1112]	80543
36	0.43754226262227347	0.5566162153500611	2.114855114018017	3.4225800030903457	[4196, 1663, 1546, 234, 1086, 1112]	85961
37	0.44622216597686803	0.5648270261769117	2.114855114018017	3.6022839188384888	[193, 1265, 255, 174, 1086, 1112]	127438
38	0.4547681202056201	0.5744975367063138	2.114855114018017	3.464547836593158	[1715, 132, 217, 261, 1086, 1112]	84236
39	0.46318219242466907	0.5886809521494366	2.114855114018017	3.9714357928126214	[1813, 1666, 1546, 234, 1086, 1112]	81217
40	0.47146641785021426	0.5962979715540766	2.114855114018017	3.985906022209302	[107, 10, 232, 1023, 1086, 1112]	82063
41	0.4796228002907974	0.6070633589793013	2.114855114018017	2.518985889172849	[19, 241, 132, 1108, 1086, 1112]	165116
42	0.48765331263198874	0.6196373314919636	2.114855114018017	3.6167299521115073	[3621, 1720, 132, 1094, 1086, 1112]	1592727
43	0.49555989731359384	0.6297803359855112	2.114855114018017	2.545237350214759	[811, 734, 1203, 174, 1086, 1112]	113566
44	0.5033444667994951	0.6366362556894831	2.114855114018017	3.575302319672975	[1851, 159, 1713, 174, 1086, 1112]	88539
45	0.5110089040402437	0.6447110055630503	2.114855114018017	2.793516874800511	[1259, 734, 1203, 174, 1086, 1112]	99683
46	0.5185550629285114	0.6512904313859567	2.114855114018017	3.56678126317036	[19, 241, 217, 261, 1086, 1112]	90636
47	0.5259847687475159	0.6577480159899205	2.114855114018017	3.8541227312790616	[119, 400, 19, 334, 1086, 1112]	85544
48	0.5332998186125233	0.665353615634589	2.114855114018017	3.260479038210432	[1726, 132, 1713, 174, 1086, 1112]	312149
49	0.5405019819055399	0.6782040367942207	2.114855114018017	3.926892758259741	[1781, 390, 3248, 334, 1086, 1112]	296438
50	0.5475930007032939	0.6841632212980314	2.114855114018017	2.723312616127263	[107, 734, 1203, 174, 1086, 1112]	139308
51	0.5545745901986134	0.6911818163802974	2.114855114018017	4.202491060728659	[1535, 496, 3366, 150, 1086, 1112]	104014
52	0.5614484391153014	0.6969006716325141	2.114855114018017	3.5065031788170664	[811, 734, 19, 334, 1086, 1112]	110364
53	0.5682162101166085	0.7025136221578379	2.114855114018017	4.136540640363	[10, 438, 3366, 150, 1086, 1112]	155076
54	0.5748795402074016	0.7091244305543304	2.114855114018017	3.8670757774883784	[1791, 420, 1546, 234, 1086, 1096]	113726
55	0.5814400411301268	0.7155883320975676	2.114855114018017	3.8372243806298787	[2627, 438, 3366, 150, 1086, 1112]	115471
56	0.5878992997546619	0.7265097401450209	2.114855114018017	3.490617761732537	[241, 1729, 1822, 1094, 1086, 1112]	97523
57	0.5942588784621516	0.7325873014751316	2.114855114018017	2.5872420769840634	[811, 3459, 1203, 174, 1086, 1112]	1772478
58	0.6005203155229208	0.739718306769128	2.114855114018017	2.5872420769840634	[811, 3459, 1203, 174, 1086, 1112]	180635
59	0.6066851254685548	0.7480473209525159	2.114855114018017	2.7751196038897037	[1819, 241, 132, 1108, 1086, 1112]	99865
60	0.6127547994582376	0.7536462693757934	2.114855114018017	3.363125263892072	[432, 422, 19, 334, 1086, 1112]	99818
61	0.6187308056394376	0.7602157021924388	2.114855114018017	2.9611430034036257	[781, 19, 132, 1108, 1086, 1112]	105373
62	0.6246145895030265	0.7646561521518381	2.114855114018017	2.892248860804172	[241, 1209, 132, 1108, 1086, 1112]	107976
63	0.630407574232918	0.7709319880944557	2.114855114018017	3.5779691026203686	[160, 320, 836, 1089, 1086, 1112]	111189
64	0.6361111610503113	0.777040468411937	2.114855114018017	2.518985889172849	[19, 241, 132, 1108, 1086, 1096]	121159
65	0.6417267295526212	0.7811693486265306	2.114855114018017	3.8498112984743313	[386, 370, 1713, 174, 1086, 1112]	110094
66	0.6472556380471796	0.7852217680964098	2.114855114018017	3.0172048542480914	[19, 132, 1713, 174, 1086, 1112]	116841
67	0.6526992238797849	0.789199142761291	2.114855114018017	2.8070241504084494	[3621, 1720, 132, 1108, 1086, 1112]	124017
68	0.6580588037581832	0.7931028623397857	2.114855114018017	3.926571328946758	[734, 19, 422, 636, 1086, 1112]	130771
69	0.6633356740705569	0.7997235707449125	2.114855114018017	3.663877168314336	[2309, 420, 1822, 1094, 1086, 1112]	154507
70	0.6685311111990977	0.8041741580616922	2.114855114018017	2.5286478000845856	[2872, 241, 132, 1108, 1086, 1096]	123641
71	0.6736463718287411	0.8078005625420313	2.114855114018017	3.6425874947946353	[119, 409, 19, 334, 1086, 1112]	118129
72	0.6786826932511372	0.8129258808742437	2.114855114018017	3.5432222043472263	[87, 1265, 255, 174, 1086, 1112]	1987245
73	0.6836412936639282	0.8170830835214827	2.114855114018017	3.462983623397844	[1742, 400, 19, 334, 1086, 1112]	1037109
74	0.6885233724654107	0.821147903887672	2.114855114018017	3.810069908734289	[545, 132, 217, 261, 1086, 1112]	116993
75	0.6933301105446482	0.824459979741604	2.114855114018017	2.518985889172849	[19, 241, 132, 1108, 1086, 1112]	122078
76	0.6980626705671074	0.8277107208575003	2.114855114018017	2.518985889172849	[19, 241, 132, 1108, 1086, 1112]	127869
77	0.7027221972558866	0.8309012630638428	2.114855114018017	3.7559304011572747	[734, 19, 132, 261, 1086, 1112]	97427
78	0.7073098176686043	0.8365378876283813	2.114855114018017	3.4225800030903457	[4196, 1663, 1546, 234, 1086, 1112]	103435
79	0.7118266414700147	0.8408968772916245	2.114855114018017	3.9128741871805746	[10, 107, 836, 1089, 1086, 1112]	100762
80	0.7162737612004157	0.8444325022406995	2.114855114018017	2.793516874800511	[1259, 734, 1203, 174, 1086, 1112]	99620
81	0.7206522525399155	0.8485809688476142	2.114855114018017	3.756627996100052	[2015, 1663, 1546, 234, 1086, 1112]	103800
82	0.7249631745686205	0.8526188096783445	2.114855114018017	4.049998115315724	[2149, 420, 1546, 234, 1086, 1112]	98752
83	0.7292075700228084	0.8582782473866961	2.114855114018017	3.5891433710848464	[1807, 157, 1713, 174, 1086, 1112]	110050
84	0.7333864655471478	0.8614276196669918	2.114855114018017	3.8498112984743313	[2764, 370, 1713, 174, 1086, 1112]	94051
85	0.7375008719430252	0.8645070058966142	2.114855114018017	3.5891433710848464	[1807, 157, 1713, 174, 1086, 1112]	95830
86	0.7415517844130401	0.8681201524060378	2.114855114018017	2.5872420769840634	[811, 3459, 1203, 174, 1086, 1112]	94340
87	0.7455401828017278	0.8723403075290446	2.114855114018017	2.932900051767541	[1723, 241, 132, 1108, 1086, 1096]	2653221
88	0.7494670318325654	0.8757445659949368	2.114855114018017	3.836139833873668	[140, 1210, 1822, 1094, 1086, 1096]	483857
89	0.753333281341322	0.8785057978617159	2.114855114018017	3.409802677289374	[1791, 420, 158, 1115, 1086, 1112]	96184
90	0.7571398665058078	0.8817456432520702	2.114855114018017	3.7876454839350577	[331, 241, 1729, 1094, 1086, 1096]	93250
91	0.7608877080720762	0.8848990927653483	2.114855114018017	3.5779691026203686	[160, 320, 836, 1089, 1086, 1112]	93588
92	0.7645777125771367	0.8885823217968571	2.114855114018017	3.204410474350957	[5032, 23, 5272, 174, 1086, 1112]	94065
93	0.7682107725682302	0.8915534598822743	2.114855114018017	3.409802677289374	[1791, 420, 158, 1115, 1086, 1112]	94392
94	0.7717877668187205	0.8957178070227949	2.114855114018017	3.4393549165098385	[241, 1031, 132, 1094, 1086, 1096]	123585
95	0.7753095605406538	0.897648958744595	2.114855114018017	3.459532293516329	[2764, 258, 132, 1108, 1086, 1112]	108638
96	0.7787770055940388	0.9003783198447392	2.114855114018017	3.756627996100052	[2015, 1663, 1546, 234, 1086, 1112]	101078
97	0.7821909406928962	0.9022231657735402	2.114855114018017	2.723312616127263	[107, 734, 1203, 174, 1086, 1112]	108587
98	0.7855521916081293	0.9048305480195792	2.114855114018017	3.4607062329820666	[420, 158, 1713, 174, 1086, 1112]	97314
99	0.7888615713672631	0.9069454247302552	2.114855114018017	3.5764431740820974	[2872, 241, 217, 261, 1086, 1112]	100253
100	0.7921198804511016	0.9094268800707818	2.114855114018017	3.7538597690840323	[420, 1879, 836, 1089, 1086, 1112]	116262
101	0.79532790698735	0.9114396160692089	2.114855114018017	3.0373270629232803	[846, 734, 1203, 174, 1086, 1112]	127143
102	0.7984864269412489	0.9142735483549942	2.114855114018017	3.0466300264731196	[4118, 23, 5272, 174, 1086, 1112]	2720246
103	0.8015962043032667	0.9161785806137721	2.114855114018017	2.426484904269537	[734, 19, 132, 1108, 1086, 1096]	114475
104	0.8046579912738953	0.920202008744311	2.114855114018017	3.069833347705165	[2607, 1587, 132, 1108, 1086, 1112]	91334
105	0.8076725284455943	0.92167974932312	2.114855114018017	3.428024668171216	[321, 1398, 132, 1108, 1086, 1096]	93774
106	0.8106405449819278	0.9234201993381619	2.114855114018017	3.663877168314336	[2309, 420, 1822, 1094, 1086, 1096]	91342
107	0.8135627587939351	0.9254623273558108	2.114855114018017	3.6412264034130413	[107, 10, 158, 1115, 1086, 1112]	118796
108	0.8164398767137817	0.9271187200812373	2.114855114018017	4.000940622867456	[1529, 2229, 494, 636, 1086, 1112]	136674
109	0.8192725946657295	0.9294509210386377	2.114855114018017	2.5286478000845856	[2872, 241, 132, 1108, 1086, 1096]	97302
110	0.8220615978344683	0.9307573854638481	2.114855114018017	3.221273652630817	[19, 132, 217, 261, 1086, 1112]	98347
111	0.8248075608308499	0.9326038551848121	2.114855114018017	3.613369342697065	[988, 420, 158, 1115, 1086, 1112]	108064
112	0.8275111478550652	0.933851931940649	2.114855114018017	3.462983623397844	[1742, 400, 19, 334, 1086, 1112]	108033
113	0.8301730128573019	0.9353218890086346	2.114855114018017	2.5872420769840634	[811, 3459, 1203, 174, 1086, 1112]	112114
114	0.8327937996959238	0.937046638635071	2.114855114018017	3.5297365521895774	[1546, 677, 132, 1108, 1086, 1112]	116235
115	0.8353741422932088	0.9382124416233104	2.114855114018017	3.917979333181071	[677, 1546, 234, 174, 1086, 1112]	136274
116	0.837914664788684	0.9395854984761257	2.114855114018017	2.932900051767541	[1723, 241, 132, 1108, 1086, 1112]	110721
117	0.8404159816900932	0.940928042954434	2.114855114018017	3.6728634883562234	[1820, 10, 158, 1115, 1086, 1112]	2537369
118	0.8428786980220363	0.9425032951423158	2.114855114018017	2.518985889172849	[19, 241, 132, 1108, 1086, 1112]	443969
119	0.8453034094723135	0.9435680489359766	2.114855114018017	3.221273652630817	[19, 132, 217, 261, 1086, 1112]	94442
120	0.8476907025360123	0.9446130850667919	2.114855114018017	3.6445912614277525	[1849, 420, 1822, 1094, 1086, 1112]	108075
121	0.8500411546573702	0.9472716569835858	2.114855114018017	4.447695704913323	[4428, 2087, 4158, 1098, 1086, 1112]	93750
122	0.8523553343694478	0.9482481077801861	2.114855114018017	3.58506169461264	[241, 1720, 132, 1094, 1086, 1112]	107394
123	0.8546338014316477	0.9493981498295153	2.114855114018017	3.334919766974785	[1715, 132, 19, 334, 1086, 1112]	100180
124	0.8568771069651099	0.9507475325007282	2.114855114018017	3.2554358471025484	[1580, 438, 2627, 261, 1086, 1112]	101397
125	0.8590857935860187	0.9516596152321962	2.114855114018017	3.363125263892072	[432, 422, 19, 334, 1086, 1112]	95862
126	0.8612603955368516	0.9529486921593376	2.114855114018017	2.7266252539510933	[331, 241, 132, 1108, 1086, 1112]	94874
127	0.8634014388156039	0.9542033937017553	2.114855114018017	4.29289903957417	[107, 10, 159, 1023, 1086, 1112]	94914
128	0.8655094413030175	0.9560352579536852	2.114855114018017	3.4225800030903457	[4196, 1663, 1546, 234, 1086, 1112]	93854
129	0.8675849128878474	0.9572076510749201	2.114855114018017	3.84519172267838	[734, 10, 232, 1023, 1086, 1112]	94093
130	0.8696283555901955	0.9581585921621442	2.114855114018017	3.528922042863038	[2528, 3459, 1203, 174, 1086, 1096]	110046
131	0.8716402636829393	0.9590884012252077	2.114855114018017	3.8003643798949636	[1847, 420, 158, 1115, 1086, 1112]	120327
132	0.8736211238112891	0.9607248651761994	2.114855114018017	3.4225800030903457	[4196, 1663, 1546, 234, 1086, 1096]	2801680
133	0.8755714151104975	0.961772202104834	2.114855114018017	3.5504141572377215	[10, 158, 1713, 174, 1086, 1112]	394029
134	0.8774916093217553	0.9627916100487051	2.114855114018017	3.4607062329820666	[420, 158, 1713, 174, 1086, 1112]	91559
135	0.8793821709062961	0.9637838337807396	2.114855114018017	4.133167556076189	[2040, 545, 132, 1094, 1086, 1112]	107186
136	0.8812435571577422	0.9649427510997559	2.114855114018017	3.8229149778872156	[1819, 241, 217, 261, 1086, 1096]	95039
137	0.8830762183127152	0.9655919594127235	2.114855114018017	2.775355892909582	[241, 1720, 132, 1108, 1086, 1112]	92753
138	0.8848805976597413	0.9665095071617175	2.114855114018017	2.870736037412858	[3, 19, 132, 1108, 1086, 1112]	96400
139	0.8866571316464736	0.9671297014735375	2.114855114018017	3.998118218907395	[1879, 301, 2627, 261, 1086, 1112]	93122
140	0.8884062499852626	0.967738410705509	2.114855114018017	3.0172048542480914	[19, 132, 1713, 174, 1086, 1112]	94812
141	0.890128375757095	0.9685987197533621	2.114855114018017	3.6842932849867926	[19, 387, 344, 174, 1086, 1112]	95897
142	0.89182392551393	0.9692965259810652	2.114855114018017	2.7266252539510933	[331, 241, 132, 1108, 1086, 1112]	95719
143	0.8934933093794557	0.9698651088332677	2.114855114018017	2.2790614829839417	[19, 734, 1203, 174, 1086, 1112]	93457
144	0.8951369311482913	0.9708294253506031	2.114855114018017	3.6445912614277525	[1849, 420, 1822, 1094, 1086, 1112]	96269
145	0.8967551883836571	0.9717628837393838	2.114855114018017	3.204410474350957	[5032, 23, 5272, 174, 1086, 1112]	95985
146	0.898348472513539	0.9722857932997656	2.114855114018017	2.723312616127263	[107, 734, 1203, 174, 1086, 1112]	94457
147	0.8999171689253671	0.9730248388117718	2.114855114018017	3.2554358471025484	[1580, 438, 2627, 261, 1086, 1112]	3247262
148	0.9014616570592349	0.9735243788337761	2.114855114018017	4.169293761461978	[107, 159, 1713, 174, 1086, 1112]	311434
149	0.9029823104996788	0.9743715987110952	2.114855114018017	2.5286478000845856	[2872, 241, 132, 1108, 1086, 1112]	122204
150	0.9044794970660417	0.9748461987349639	2.114855114018017	3.4607062329820666	[420, 158, 1713, 174, 1086, 1112]	104987
151	0.9059535789014423	0.9753120098695016	2.114855114018017	3.5504141572377215	[10, 158, 1713, 174, 1086, 1112]	97417
152	0.9074049125603707	0.9759703562729816	2.114855114018017	2.870736037412858	[3, 19, 132, 1108, 1086, 1112]	95292
153	0.9088338490949328	0.9766111467723687	2.114855114018017	3.7538597690840323	[420, 1879, 836, 1089, 1086, 1096]	94845
154	0.9102407341397641	0.9770442736839915	2.114855114018017	3.5065031788170664	[811, 734, 19, 334, 1086, 1112]	95136
155	0.9116259079956319	0.9775544009354583	2.114855114018017	2.6743890052643993	[2004, 19, 132, 1108, 1086, 1112]	94517
156	0.9129897057117488	0.9780531920257814	2.114855114018017	3.4347039664096126	[421, 438, 2627, 261, 1086, 1112]	98758
157	0.9143324571668143	0.9787554898809565	2.114855114018017	4.070090320199629	[1873, 10, 232, 1023, 1086, 1112]	95505
158	0.9156544871488079	0.9794353142047659	2.114855114018017	3.462983623397844	[1742, 400, 19, 334, 1086, 1112]	93648
159	0.9169561154335486	0.9801208037312736	2.114855114018017	3.971179179052567	[3266, 1963, 387, 344, 1086, 1112]	98711
160	0.9182376568620432	0.9807834436068978	2.114855114018017	3.971179179052567	[3266, 1963, 387, 344, 1086, 1112]	103093
161	0.9194994214166413	0.981295885110714	2.114855114018017	3.5123452732533087	[77, 19, 132, 1094, 1086, 1096]	96660
162	0.9207417142960141	0.9817115321082537	2.114855114018017	3.334919766974785	[1715, 132, 19, 334, 1086, 1112]	3714608
163	0.9219648359889768	0.9823211477046452	2.114855114018017	3.879539149408224	[2607, 1587, 132, 1094, 1086, 1112]	132741
164	0.9231690823471717	0.9828868709780966	2.114855114018017	3.32346175437313	[2040, 545, 132, 1108, 1086, 1112]	95223
165	0.9243547446566289	0.9832037807747984	2.114855114018017	2.870736037412858	[3, 19, 132, 1108, 1086, 1112]	95240
166	0.9255221097082241	0.9838487555930462	2.114855114018017	3.9230452781866054	[420, 2307, 1468, 1089, 1086, 1112]	97549
167	0.9266714598670478	0.9843655954140688	2.114855114018017	3.6060011103515626	[3180, 843, 3094, 174, 1086, 1112]	103512
168	0.9278030731407044	0.9847130266270894	2.114855114018017	2.793516874800511	[1259, 734, 1203, 174, 1086, 1112]	98184
169	0.9289172232465578	0.9850527371464874	2.114855114018017	3.4225800030903457	[4196, 1663, 1546, 234, 1086, 1112]	97267
170	0.9300141796779381	0.9855310495577998	2.114855114018017	3.866616265254481	[2707, 1402, 1078, 334, 1086, 1096]	106334
171	0.9310942077693279	0.9859168882362584	2.114855114018017	4.068005574139735	[781, 784, 19, 334, 1086, 1096]	100365
172	0.932157568760542	0.9863675478126982	2.114855114018017	4.210214437856762	[1794, 107, 836, 1089, 1086, 1112]	87251
173	0.9332045198599164	0.9866200006309815	2.114855114018017	2.518985889172849	[19, 241, 132, 1108, 1086, 1112]	85942
174	0.9342353143065225	0.9869768006141554	2.114855114018017	3.6060011103515626	[2040, 1451, 1713, 174, 1086, 1096]	86512
175	0.9352502014314219	0.9873240859311113	2.114855114018017	3.4714239837057717	[1586, 1587, 132, 1108, 1086, 1112]	86541
176	0.936249426717974	0.98760577291042	2.114855114018017	3.671150278463103	[2490, 390, 3248, 334, 1086, 1112]	85292
177	0.9372332318612151	0.9879362856328087	2.114855114018017	2.870736037412858	[3, 19, 132, 1108, 1086, 1112]	101182
178	0.9382018548263199	0.9883223244925589	2.114855114018017	3.597226074150603	[846, 10, 158, 1115, 1086, 1112]	83021
179	0.9391555299061606	0.9886337291727573	2.114855114018017	3.58506169461264	[241, 1720, 132, 1094, 1086, 1096]	83536
180	0.9400944877779791	0.9888863129689183	2.114855114018017	3.6060011103515626	[1723, 132, 1713, 174, 1086, 1096]	83030
181	0.9410189555591831	0.9892419509539129	2.114855114018017	3.4686455498577784	[1265, 734, 1203, 174, 1086, 1096]	83948
182	0.9419291568622822	0.9895288322618085	2.114855114018017	3.9010739829384757	[1580, 438, 970, 261, 1086, 1112]	82709
183	0.9428253118489753	0.9898639096294306	2.114855114018017	4.1350763158141906	[1807, 157, 1010, 1105, 1086, 1112]	83956
184	0.9437076372834047	0.9901342053726458	2.114855114018017	2.6296491148067798	[241, 1031, 132, 1108, 1086, 1112]	84078
185	0.9445763465845868	0.9903972932293752	2.114855114018017	2.8070241504084494	[3621, 1720, 132, 1108, 1086, 1112]	83849
186	0.9454316498780345	0.990575121132535	2.114855114018017	3.56678126317036	[19, 241, 217, 261, 1086, 1112]	83988
187	0.9462737540465833	0.9908264512356674	2.114855114018017	2.426484904269537	[734, 19, 132, 1108, 1086, 1112]	83425
188	0.9471028627804323	0.991120004796126	2.114855114018017	3.4455895737600724	[190, 196, 1078, 334, 1086, 1112]	83207
189	0.9479191766264133	0.99140416464265	2.114855114018017	3.936434919038163	[1917, 420, 158, 1115, 1086, 1096]	83243
190	0.9487228930364995	0.991633386918846	2.114855114018017	3.585810503855643	[10, 438, 2627, 261, 1086, 1112]	84221
191	0.9495142064155659	0.9918193116539827	2.114855114018017	3.671150278463103	[2490, 390, 1078, 334, 1086, 1112]	83207
192	0.9502933081684121	0.9920011047283387	2.114855114018017	3.4225800030903457	[4196, 1663, 1546, 234, 1086, 1112]	84048
193	0.9510603867460601	0.9922144086022496	2.114855114018017	3.0091646099295257	[241, 132, 1713, 174, 1086, 1112]	85385
194	0.9518156276913369	0.9923585862207265	2.114855114018017	3.4051240256480337	[19, 132, 387, 344, 1086, 1112]	83190
195	0.9525592136837545	0.9925000938833056	2.114855114018017	3.3692329725658183	[1580, 301, 2627, 261, 1086, 1112]	83472
196	0.9532913245836966	0.9926667584636766	2.114855114018017	3.4669248454207757	[3819, 438, 2627, 261, 1086, 1112]	83943
197	0.9540121374759235	0.992829719386706	2.114855114018017	3.5673687331398343	[2297, 400, 19, 334, 1086, 1112]	83204
198	0.9547218267124061	0.9929890589558903	2.114855114018017	2.940940296086106	[1548, 19, 132, 1108, 1086, 1112]	84092
199	0.9554205639544987	0.9931188911974479	2.114855114018017	2.7266252539510933	[331, 241, 132, 1108, 1086, 1112]	83592
200	0.9561085182144601	0.9932718047263935	2.114855114018017	3.5247094981667253	[2387, 1663, 1546, 234, 1086, 1112]	84806
201	0.9567858558963357	0.993487106975149	2.114855114018017	3.5253359932117423	[1849, 420, 158, 1115, 1086, 1112]	83935
202	0.9574527408362071	0.9936955195519441	2.114855114018017	2.932900051767541	[1723, 241, 132, 1108, 1086, 1112]	83693
203	0.9581093343418212	0.993863639030559	2.114855114018017	2.723312616127263	[107, 734, 1203, 174, 1086, 1112]	84774
204	0.9587557952316079	0.993977275344808	2.114855114018017	3.7008473606648478	[10, 157, 1713, 174, 1086, 1112]	84032
205	0.9593922798730954	0.994137881335613	2.114855114018017	2.6296491148067798	[241, 1031, 132, 1108, 1086, 1112]	84736
206	0.9600189422207328	0.9942464390886572	2.114855114018017	3.221273652630817	[19, 132, 217, 261, 1086, 1112]	84611
207	0.960635933853129	0.9944305530378202	2.114855114018017	3.529057945505385	[1791, 420, 1822, 1094, 1086, 1112]	84009
208	0.9612434040097164	0.9945336909445273	2.114855114018017	3.4607062329820666	[420, 158, 1713, 174, 1086, 1112]	84100
209	0.9618414996268504	0.9947086128343023	2.114855114018017	3.7008473606648478	[10, 157, 1713, 174, 1086, 1112]	85892
210	0.9624303653733497	0.9948779372236047	2.114855114018017	3.4455895737600724	[190, 196, 1078, 334, 1086, 1112]	83752
211	0.9630101436854893	0.9950746244342182	2.114855114018017	3.3802769052980004	[1515, 1031, 132, 1108, 1086, 1112]	82586
212	0.963580974801454	0.9951658350928438	2.114855114018017	3.0172048542480914	[19, 132, 1713, 174, 1086, 1112]	83258
213	0.9641429967952587	0.9952553566651986	2.114855114018017	2.1976818767155635	[10, 734, 1203, 174, 1086, 1112]	84235
214	0.9646963456101467	0.9953432204306579	2.114855114018017	3.0172048542480914	[19, 132, 1713, 174, 1086, 1096]	83756
215	0.9652411550914716	0.9954467044210877	2.114855114018017	3.855323932624696	[1723, 241, 19, 334, 1086, 1112]	84198
216	0.9657775570190723	0.9955681256365254	2.114855114018017	3.5005121038821185	[734, 10, 158, 1115, 1086, 1096]	83517
217	0.9663056811391484	0.9956666117334915	2.114855114018017	3.773546740312346	[1451, 1713, 132, 1108, 1086, 1112]	83351
218	0.966825655195643	0.9957821687539317	2.114855114018017	3.7876454839350577	[331, 241, 1729, 1094, 1086, 1112]	83456
219	0.9673376049611423	0.9958758983371777	2.114855114018017	3.334919766974785	[1715, 132, 19, 334, 1086, 1112]	84232
220	0.9678416542672975	0.996007869590388	2.114855114018017	3.597226074150603	[846, 10, 158, 1115, 1086, 1112]	84324
221	0.9683379250347776	0.9960817979313067	2.114855114018017	3.649049134808248	[331, 241, 19, 334, 1086, 1112]	83817
222	0.9688265373027594	0.9962071803975049	2.114855114018017	3.8229149778872156	[1819, 241, 217, 261, 1086, 1112]	84109
223	0.9693076092579637	0.9963285506247848	2.114855114018017	3.4347039664096126	[421, 438, 2627, 261, 1086, 1096]	83721
224	0.969781257263242	0.9963965404280295	2.114855114018017	3.0091646099295257	[241, 132, 1713, 174, 1086, 1112]	84054
225	0.9702475958857228	0.9964766173074066	2.114855114018017	2.6743890052643993	[2004, 19, 132, 1108, 1086, 1112]	85117
226	0.9707067379245234	0.9965418651350472	2.114855114018017	3.8824796627235756	[1580, 438, 8, 174, 1086, 1112]	83184
227	0.9711587944380339	0.9966340820647793	2.114855114018017	2.460543902376326	[1819, 1513, 1031, 241, 19, 794]	83680
228	0.9716038747707803	0.9966964138783945	2.114855114018017	3.5065031788170664	[811, 734, 19, 334, 1086, 1112]	83103
229	0.9720420865798731	0.9968021286342859	2.114855114018017	3.673264351591776	[21, 1417, 5272, 174, 1086, 1112]	83105
230	0.9724735358610479	0.9968613484743917	2.114855114018017	3.1589477053178707	[10, 734, 19, 334, 1086, 1112]	83213
231	0.9728983269743033	0.9969310962860719	2.114855114018017	2.545237350214759	[811, 734, 1203, 174, 1086, 1096]	83706
232	0.9733165626691443	0.9969992941463813	2.114855114018017	3.7572808301688063	[1917, 10, 158, 1115, 1086, 1112]	83114
233	0.9737283441094353	0.9970793129691445	2.114855114018017	3.2554358471025484	[1580, 438, 2627, 261, 1086, 1112]	83303
234	0.97413377089787	0.9971442171253858	2.114855114018017	3.184750484208875	[432, 19, 132, 1108, 1086, 1096]	83982
235	0.9745329411000634	0.9971971019934341	2.114855114018017	2.5872420769840634	[811, 3459, 1203, 174, 1086, 1112]	83443
236	0.9749259512682722	0.9972490075120743	2.114855114018017	2.5872420769840634	[811, 3459, 1203, 174, 1086, 1112]	84013
237	0.9753128964647495	0.9973223673117523	2.114855114018017	2.775355892909582	[241, 1720, 132, 1108, 1086, 1112]	82717
238	0.975693870284738	0.99738187026038	2.114855114018017	3.0373270629232803	[846, 734, 1203, 174, 1086, 1096]	83456
239	0.9760689648791093	0.9974516870534366	2.114855114018017	3.6917975251449304	[1529, 156, 1713, 174, 1086, 1112]	84694
240	0.9764382709766539	0.9975332330677266	2.114855114018017	2.5286478000845856	[2872, 241, 132, 1108, 1086, 1112]	84429
241	0.9768018779060265	0.9975789139368427	2.114855114018017	3.56678126317036	[19, 241, 217, 261, 1086, 1112]	84884
242	0.9771598736173532	0.9976327158493574	2.114855114018017	3.810069908734289	[545, 132, 217, 261, 1086, 1112]	83388
243	0.9775123447035052	0.9977084689421779	2.114855114018017	3.5891433710848464	[1807, 157, 1713, 174, 1086, 1096]	83430
244	0.9778593764210437	0.9977509047025079	2.114855114018017	3.3286916908759068	[19, 241, 132, 1094, 1086, 1112]	82727
245	0.9782010527108425	0.9978108805771078	2.114855114018017	2.7266252539510933	[331, 241, 132, 1108, 1086, 1112]	83450
246	0.9785374562183912	0.9978514198256798	2.114855114018017	2.426484904269537	[734, 19, 132, 1108, 1086, 1112]	83097
247	0.9788686683137864	0.9979201743912581	2.114855114018017	3.5644935086479057	[1414, 3251, 3248, 334, 1086, 1112]	83253
248	0.9791947691114131	0.9979756364074912	2.114855114018017	3.0172048542480914	[19, 132, 1713, 174, 1086, 1112]	83515
249	0.9795158374893234	0.9980404160424515	2.114855114018017	3.988420050280083	[841, 1268, 1010, 1105, 1086, 1112]	83907
250	0.9798319511083153	0.9980767046342579	2.114855114018017	3.5432222043472263	[87, 1265, 255, 174, 1086, 1112]	82658
251	0.9801431864307178	0.9981382500859617	2.114855114018017	3.204410474350957	[5032, 23, 5272, 174, 1086, 1112]	83676
252	0.9804496187388858	0.998197826083211	2.114855114018017	3.671150278463103	[2490, 390, 1078, 334, 1086, 1112]	83475
253	0.9807513221534092	0.9982554956485482	2.114855114018017	3.6445912614277525	[1849, 420, 1822, 1094, 1086, 1096]	83057
254	0.9810483696510417	0.9982878012846862	2.114855114018017	4.091690760846012	[240, 234, 255, 174, 1086, 1112]	84548
255	0.9813408330823528	0.9983425916435762	2.114855114018017	3.204410474350957	[5032, 23, 5272, 174, 1086, 1096]	83388
256	0.9816287831891066	0.9983794229403856	2.114855114018017	3.756627996100052	[2015, 1663, 1546, 234, 1086, 1112]	85078
257	0.9819122896213734	0.9984094336266748	2.114855114018017	3.0373270629232803	[3284, 734, 1203, 174, 1086, 1112]	85490
258	0.982191420954377	0.9984603317506212	2.114855114018017	3.0466300264731196	[4118, 23, 5272, 174, 1086, 1112]	83296
259	0.982466244705081	0.9984888441256097	2.114855114018017	2.9611430034036257	[781, 19, 132, 1108, 1086, 1112]	84060
260	0.9827368273485212	0.998516828493654	2.114855114018017	2.790120672112291	[241, 217, 132, 1108, 1086, 1112]	83809
261	0.9830032343338835	0.9985442946326604	2.114855114018017	3.770768306464354	[10, 159, 1713, 174, 1086, 1112]	83771
262	0.9832655301003359	0.998571252139463	2.114855114018017	3.6412264034130413	[107, 10, 158, 1115, 1086, 1112]	83313
263	0.9835237780926147	0.9986093520824106	2.114855114018017	3.993920281751505	[545, 132, 387, 344, 1086, 1112]	83659
264	0.9837780407763707	0.9986351048216252	2.114855114018017	3.0172048542480914	[19, 132, 1713, 174, 1086, 1112]	83850
265	0.9840283796532785	0.9986603806582618	2.114855114018017	3.9510522245975706	[10, 158, 420, 458, 1086, 1112]	83896
266	0.9842748552759131	0.9986961038407082	2.114855114018017	3.7536729288630175	[2789, 2558, 255, 174, 1086, 1112]	84417
267	0.9845175272623958	0.9987202500658802	2.114855114018017	2.1976818767155635	[10, 734, 1203, 174, 1086, 1112]	86154
268	0.9847564543108157	0.9987439491387343	2.114855114018017	3.5432222043472263	[87, 1265, 255, 174, 1086, 1112]	83101
269	0.9849916942134266	0.9987774438283681	2.114855114018017	3.5247094981667253	[2387, 1663, 1546, 234, 1086, 1112]	83956
270	0.9852233038706267	0.9988100453262783	2.114855114018017	2.1589432646749085	[2872, 241, 1031, 132, 19, 794]	83910
271	0.9854513393047221	0.9988481238758373	2.114855114018017	3.592725015116719	[2149, 420, 158, 1115, 1086, 1112]	84342
272	0.9856758556734764	0.9988849839118106	2.114855114018017	3.94674858093202	[1792, 496, 3366, 150, 1086, 1112]	84262
273	0.9858969072834536	0.9989206644266326	2.114855114018017	3.204410474350957	[5032, 23, 5272, 174, 1086, 1112]	84869
274	0.9861145476031533	0.9989494467085891	2.114855114018017	2.8070241504084494	[3621, 1720, 132, 1108, 1086, 1112]	82639
275	0.9863288292759441	0.9989727923372871	2.114855114018017	3.704751074145321	[1530, 156, 1713, 174, 1086, 1112]	83701
276	0.9865398041327968	0.9990001845416261	2.114855114018017	3.6440743024501234	[1265, 415, 255, 174, 1086, 1112]	83559
277	0.9867475232048216	0.9990186996427071	2.114855114018017	3.221273652630817	[19, 132, 217, 261, 1086, 1112]	82823
278	0.9869520367356114	0.9990563815764272	2.114855114018017	2.6296491148067798	[241, 1031, 132, 1108, 1086, 1112]	83763
279	0.9871533941933952	0.9990773508747287	2.114855114018017	3.5253359932117423	[1849, 420, 158, 1115, 1086, 1112]	84180
280	0.9873516442830033	0.9990978541886236	2.114855114018017	3.260479038210432	[1726, 132, 1713, 174, 1086, 1112]	83500
281	0.9875468349576483	0.999114560592538	2.114855114018017	3.575302319672975	[1851, 159, 1713, 174, 1086, 1112]	83586
282	0.9877390134305241	0.9991309576186022	2.114855114018017	3.529057945505385	[1791, 420, 1822, 1094, 1086, 1112]	83828
283	0.9879282261862259	0.9991502696715221	2.114855114018017	3.967115338612812	[2260, 161, 1713, 174, 1086, 1112]	83872
284	0.988114518991994	0.9991729291469482	2.114855114018017	2.3046500427777104	[2872, 241, 1720, 132, 19, 794]	84128
285	0.9882979369087842	0.9991882452738565	2.114855114018017	3.409802677289374	[1791, 420, 158, 1115, 1086, 1112]	83426
286	0.9884785243021672	0.9992098920665538	2.114855114018017	3.3286916908759068	[19, 241, 132, 1094, 1086, 1112]	83964
287	0.9886563248530597	0.9992245236949509	2.114855114018017	3.1589477053178707	[10, 734, 19, 334, 1086, 1112]	84098
288	0.9888313815682902	0.9992417565017297	2.114855114018017	2.7266252539510933	[331, 241, 132, 1108, 1086, 1112]	84317
289	0.9890037367910018	0.9992660202936744	2.114855114018017	3.3383536017876443	[2872, 241, 132, 1094, 1086, 1112]	85802
290	0.9891734322108937	0.9992796125104582	2.114855114018017	3.221273652630817	[19, 132, 217, 261, 1086, 1112]	83527
291	0.9893405088743059	0.9992988228435127	2.114855114018017	3.529057945505385	[1791, 420, 1822, 1094, 1086, 1096]	83156
292	0.9895050071941468	0.9993118076056698	2.114855114018017	3.7498600569240876	[382, 409, 19, 334, 1086, 1112]	83068
293	0.9896669669596693	0.9993338297622884	2.114855114018017	3.184750484208875	[2005, 19, 132, 1108, 1086, 1096]	83585
294	0.9898264273460942	0.9993551472098952	2.114855114018017	3.671150278463103	[2490, 390, 1078, 334, 1086, 1112]	83401
295	0.9899834269240865	0.9993723432842979	2.114855114018017	3.7536729288630175	[2789, 2558, 255, 174, 1086, 1112]	83420
296	0.9901380036690851	0.9993862912113135	2.114855114018017	3.334919766974785	[1715, 132, 19, 334, 1086, 1112]	83268
297	0.9902901949704882	0.9994059298925515	2.114855114018017	3.5673687331398343	[2297, 400, 19, 334, 1086, 1096]	82823
298	0.9904400376406967	0.9994217717620835	2.114855114018017	3.0373270629232803	[3284, 734, 1203, 174, 1086, 1112]	83703
299	0.9905875679240193	0.9994371911817612	2.114855114018017	3.823816307279582	[241, 19, 387, 344, 1086, 1112]	83759
300	0.9907328215054387	0.9994552010639449	2.114855114018017	2.47767418067344	[19, 132, 1032, 1707, 1708, 794]	82770
301	0.9908758335192437	0.9994673077069683	2.114855114018017	3.0373270629232803	[846, 734, 1203, 174, 1086, 1112]	83373
302	0.991016638557527	0.9994815128347825	2.114855114018017	2.2790614829839417	[19, 734, 1203, 174, 1086, 1112]	83224
303	0.9911552706785528	0.9994911144489532	2.114855114018017	3.7536729288630175	[87, 415, 255, 174, 1086, 1096]	84495
304	0.9912917634149948	0.9995024230167543	2.114855114018017	2.793516874800511	[1259, 734, 1203, 174, 1086, 1112]	83966
305	0.9914261497820474	0.9995116374053329	2.114855114018017	2.545237350214759	[811, 734, 1203, 174, 1086, 1112]	84586
306	0.9915584622854109	0.9995303905289681	2.114855114018017	4.014578494587123	[249, 318, 158, 1115, 1086, 1112]	83820
307	0.9916887329291545	0.9995454180320411	2.114855114018017	3.316188644224363	[2627, 261, 132, 1108, 1086, 1112]	83781
308	0.9918169932234577	0.9995628739796107	2.114855114018017	3.8480675773813147	[1468, 3136, 836, 1089, 1086, 1112]	83223
309	0.9919432741922315	0.9995709689059142	2.114855114018017	3.4607062329820666	[420, 158, 1713, 174, 1086, 1112]	83201
310	0.992067606380623	0.999584697900925	2.114855114018017	2.7751196038897037	[1819, 241, 132, 1108, 1086, 1112]	83559
311	0.9921900198624035	0.9995923886805375	2.114855114018017	3.0836053386938795	[241, 132, 19, 334, 1086, 1096]	83678
312	0.992310544247243	0.9996014467098588	2.114855114018017	3.5848254055927624	[1819, 241, 132, 1094, 1086, 1112]	83383
313	0.9924292086878719	0.9996088273263429	2.114855114018017	2.1976818767155635	[10, 734, 1203, 174, 1086, 1112]	83542
314	0.9925460418871331	0.9996213448519	2.114855114018017	3.2554358471025484	[1580, 438, 2627, 261, 1086, 1112]	83250
315	0.9926610721049243	0.9996283569842722	2.114855114018017	3.0836053386938795	[241, 132, 19, 334, 1086, 1112]	83709
316	0.9927743271650334	0.9996352392623412	2.114855114018017	2.1976818767155635	[10, 734, 1203, 174, 1086, 1112]	84173
317	0.9928858344618694	0.9996449662153455	2.114855114018017	4.134240849341694	[734, 10, 161, 1023, 1086, 1112]	83985
318	0.9929956209670875	0.9996563272964544	2.114855114018017	3.4669248454207757	[3819, 438, 2627, 261, 1086, 1112]	84636
319	0.9931037132361139	0.9996654919018823	2.114855114018017	3.8827030740440707	[1799, 10, 158, 1115, 1086, 1112]	84827
320	0.9932101374145689	0.9996729254151738	2.114855114018017	3.464547836593158	[1715, 132, 217, 261, 1086, 1096]	83558
321	0.993314919244591	0.9996801937392811	2.114855114018017	3.409802677289374	[1791, 420, 158, 1115, 1086, 1112]	84835
322	0.9934180840710634	0.9996887219062336	2.114855114018017	3.841121164223872	[1791, 420, 158, 1089, 1086, 1112]	83082
323	0.9935196568477445	0.9996970226554006	2.114855114018017	3.836139833873668	[140, 1210, 1822, 1094, 1086, 1112]	82633
324	0.993619662143304	0.9997026333469673	2.114855114018017	3.5069954494906392	[542, 269, 132, 1108, 1086, 1112]	83168
325	0.9937181241472653	0.9997092414948124	2.114855114018017	3.184750484208875	[432, 19, 132, 1108, 1086, 1096]	83474
326	0.993815066675857	0.9997204066214117	2.114855114018017	2.961062504761295	[241, 1587, 132, 1108, 1086, 1096]	84141
327	0.9939105131777727	0.9997278624448407	2.114855114018017	4.175479118545495	[1549, 162, 836, 1089, 1086, 1096]	83871
328	0.9940044867398441	0.9997329020291955	2.114855114018017	3.7232750780577044	[734, 19, 387, 344, 1086, 1112]	83938
329	0.9940970100926243	0.9997400246417503	2.114855114018017	2.2790614829839417	[19, 734, 1203, 174, 1086, 1112]	84083
330	0.9941881056158863	0.999750007695507	2.114855114018017	3.9237160230782564	[1715, 132, 1729, 1094, 1086, 1112]	83350
331	0.9942777953440362	0.9997580074492509	2.114855114018017	3.732624610913075	[1582, 420, 1822, 1094, 1086, 1112]	82873
332	0.9943661009714431	0.9997617419021945	2.114855114018017	2.2550473658067705	[432, 422, 19, 132, 393, 794]	84378
333	0.9944530438576862	0.9997661540891909	2.114855114018017	3.4686455498577784	[732, 734, 1203, 174, 1086, 1112]	83824
334	0.9945386450327219	0.9997723899801458	2.114855114018017	3.4607062329820666	[420, 158, 1713, 174, 1086, 1096]	84691
335	0.99462292520197	0.9997766049805135	2.114855114018017	3.0836053386938795	[241, 132, 19, 334, 1086, 1112]	85047
336	0.9947059047513224	0.999783753621137	2.114855114018017	3.260479038210432	[1715, 132, 1713, 174, 1086, 1112]	83815
337	0.9947876037520735	0.9997885590962229	2.114855114018017	3.4347039664096126	[421, 438, 2627, 261, 1086, 1112]	84586
338	0.994868041965776	0.9997953252051438	2.114855114018017	3.663877168314336	[2309, 420, 1822, 1094, 1086, 1096]	83587
339	0.9949472388490203	0.9997998735339184	2.114855114018017	4.006041343635259	[3540, 359, 158, 1115, 1086, 1112]	83087
340	0.9950252135581403	0.9998052102396805	2.114855114018017	3.2554358471025484	[1580, 438, 2627, 261, 1086, 1112]	83529
341	0.995101984953848	0.9998114435120108	2.114855114018017	3.4347039664096126	[421, 438, 2627, 261, 1086, 1096]	84216
342	0.9951775716057949	0.9998164716850239	2.114855114018017	2.426484904269537	[734, 19, 132, 1108, 1086, 1112]	82677
343	0.9952519917970635	0.9998205500920233	2.114855114018017	3.5247094981667253	[2387, 1663, 1546, 234, 1086, 1112]	82867
344	0.9953252635285903	0.9998238732384673	2.114855114018017	2.723312616127263	[107, 734, 1203, 174, 1086, 1112]	83782
345	0.9953974045235194	0.9998271348451624	2.114855114018017	3.0836053386938795	[241, 132, 19, 334, 1086, 1112]	83964
346	0.9954684322314897	0.9998317445826247	2.114855114018017	3.213233408312252	[241, 132, 217, 261, 1086, 1096]	83665
347	0.9955383638328557	0.9998348604236872	2.114855114018017	3.6804418391159164	[3, 19, 132, 1094, 1086, 1112]	82473
348	0.9956072162428424	0.9998385301920497	2.114855114018017	3.334919766974785	[1726, 132, 19, 334, 1086, 1112]	83291
349	0.9956750061156381	0.9998415203736783	2.114855114018017	3.9432681249598085	[734, 1203, 174, 234, 1086, 1096]	84083
350	0.9957417498484215	0.9998450421431522	2.114855114018017	3.926892758259741	[1781, 390, 3248, 334, 1086, 1096]	83791
351	0.9958074635853286	0.9998479117330938	2.114855114018017	3.409802677289374	[1791, 420, 158, 1115, 1086, 1112]	83965
352	0.9958721632213574	0.9998512914723584	2.114855114018017	3.528922042863038	[2528, 3459, 1203, 174, 1086, 1096]	84186
353	0.9959358644062131	0.9998540453339814	2.114855114018017	2.9611430034036257	[781, 19, 132, 1108, 1086, 1096]	84928
354	0.9959985825480925	0.999858715883294	2.114855114018017	3.6060011103515626	[1872, 843, 3094, 174, 1086, 1096]	82386
355	0.996060332817412	0.9998624834597395	2.114855114018017	3.5779691026203686	[160, 320, 836, 1089, 1086, 1112]	82810
356	0.9961211301504767	0.9998661505674797	2.114855114018017	3.8093348907349753	[2003, 1417, 5272, 174, 1086, 1112]	83360
357	0.9961809892530927	0.9998697198856803	2.114855114018017	3.673264351591776	[21, 1417, 5272, 174, 1086, 1112]	82360
358	0.9962399246041252	0.99987213248039	2.114855114018017	3.6060011103515626	[2040, 1451, 1713, 174, 1086, 1112]	83772
359	0.9962979504589998	0.9998762242410175	2.114855114018017	3.184750484208875	[2006, 19, 132, 1108, 1086, 1112]	82705
360	0.9963550808531512	0.9998809772301624	2.114855114018017	3.490617761732537	[241, 1729, 1822, 1094, 1086, 1096]	82984
361	0.9964113296054173	0.9998855477045242	2.114855114018017	2.6296491148067798	[241, 1031, 132, 1108, 1086, 1112]	83399
362	0.9964667103213831	0.9998876671914774	2.114855114018017	2.5461449775735505	[2267, 261, 217, 132, 19, 794]	83433
363	0.9965212363966703	0.9998906627330381	2.114855114018017	3.732624610913075	[1582, 420, 1822, 1094, 1086, 1096]	83573
364	0.9965749210201785	0.999892687497241	2.114855114018017	2.702639471550251	[77, 19, 132, 1108, 1086, 1112]	84031
365	0.9966277771772746	0.9998955491639813	2.114855114018017	3.1818893733195384	[2709, 2520, 651, 734, 19, 794]	83134
366	0.9966798176529339	0.9998978702936706	2.114855114018017	3.363125263892072	[432, 422, 19, 334, 1086, 1096]	83762
367	0.9967310550348331	0.9999012746172149	2.114855114018017	3.069833347705165	[2607, 1587, 132, 1108, 1086, 1112]	83326
368	0.9967815017163943	0.999904433829464	2.114855114018017	3.204410474350957	[5032, 23, 5272, 174, 1086, 1112]	84771
369	0.9968311698997833	0.9999074919469212	2.114855114018017	3.4455895737600724	[190, 196, 1078, 334, 1086, 1112]	86178
370	0.9968800715988607	0.9999104522046197	2.114855114018017	3.4455895737600724	[190, 196, 1078, 334, 1086, 1112]	83876
371	0.9969282186420881	0.9999121104971267	2.114855114018017	2.2790614829839417	[19, 734, 1203, 174, 1086, 1096]	83038
372	0.9969756226753893	0.9999144542172034	2.114855114018017	3.833920023961542	[2764, 400, 19, 334, 1086, 1112]	82903
373	0.9970222951649665	0.9999157743681725	2.114855114018017	2.5635059352867255	[813, 3284, 811, 734, 19, 794]	83670
374	0.9970682474000752	0.9999184695883909	2.114855114018017	3.4347039664096126	[421, 438, 2627, 261, 1086, 1112]	84150
375	0.9971134904957529	0.9999199794108281	2.114855114018017	3.7498600569240876	[382, 409, 19, 334, 1086, 1112]	83396
376	0.9971580353955098	0.9999226467638005	2.114855114018017	3.069833347705165	[2607, 1587, 132, 1108, 1086, 1112]	83810
377	0.9972018928739742	0.9999240792311376	2.114855114018017	2.1976818767155635	[10, 734, 1203, 174, 1086, 1112]	84060
378	0.9972450735394993	0.9999254851713016	2.114855114018017	3.221273652630817	[19, 132, 217, 261, 1086, 1112]	82739
379	0.9972875878367292	0.9999271410563838	2.114855114018017	3.32346175437313	[2040, 545, 132, 1108, 1086, 1112]	83485
380	0.9973294460491254	0.9999284902960804	2.114855114018017	3.5492810816234277	[158, 420, 1822, 1094, 1086, 1096]	83560
381	0.9973706583014538	0.9999307786066058	2.114855114018017	4.107410159410477	[2028, 493, 217, 261, 1086, 1112]	83735
382	0.9974112345622338	0.9999320604842613	2.114855114018017	2.9611430034036257	[781, 19, 132, 1108, 1086, 1112]	82778
383	0.9974511846461499	0.9999335702512777	2.114855114018017	2.5286478000845856	[2872, 241, 132, 1108, 1086, 1112]	83673
384	0.9974905182164254	0.9999353417112437	2.114855114018017	3.4686455498577784	[732, 734, 1203, 174, 1086, 1112]	83564
385	0.9975292447871595	0.9999367785621049	2.114855114018017	3.334919766974785	[1726, 132, 19, 334, 1086, 1112]	85772
386	0.9975673737256293	0.9999388016481175	2.114855114018017	3.464547836593158	[1715, 132, 217, 261, 1086, 1096]	82569
387	0.9976049142545548	0.9999399349509301	2.114855114018017	3.5504141572377215	[10, 158, 1713, 174, 1086, 1112]	82725
388	0.9976418754543301	0.9999410472666537	2.114855114018017	2.545237350214759	[811, 734, 1203, 174, 1086, 1112]	82091
389	0.9976782662652202	0.9999423573273948	2.114855114018017	3.428024668171216	[321, 1398, 132, 1108, 1086, 1112]	83590
390	0.9977140954895223	0.9999434247842949	2.114855114018017	3.0172048542480914	[19, 132, 1713, 174, 1086, 1112]	83331
391	0.9977493717936964	0.9999444724734745	2.114855114018017	2.702639471550251	[77, 19, 132, 1108, 1086, 1112]	83386
392	0.9977841037104603	0.9999459532075152	2.114855114018017	2.1976818767155635	[10, 734, 1203, 174, 1086, 1112]	83966
393	0.9978182996408544	0.9999477547672647	2.114855114018017	3.069833347705165	[2607, 1587, 132, 1108, 1086, 1096]	82859
394	0.9978519678562733	0.9999487222715746	2.114855114018017	3.0373270629232803	[3284, 734, 1203, 174, 1086, 1112]	83105
395	0.9978851165004666	0.9999507733807117	2.114855114018017	3.4225800030903457	[4196, 1663, 1546, 234, 1086, 1096]	83543
396	0.9979177535915088	0.9999516849847725	2.114855114018017	4.2701839969889	[1178, 1393, 593, 2116, 1086, 1112]	83364
397	0.9979498870237387	0.9999532310652598	2.114855114018017	2.940940296086106	[1548, 19, 132, 1108, 1086, 1112]	83128
398	0.9979815245696686	0.9999544782368529	2.114855114018017	3.841121164223872	[1791, 420, 158, 1089, 1086, 1112]	84239
399	0.9980126738818651	0.9999562262725578	2.114855114018017	3.8480675773813147	[1468, 3136, 836, 1089, 1086, 1112]	84249
400	0.9980433424947992	0.9999571990220565	2.114855114018017	3.9854341029169698	[421, 438, 3366, 150, 1086, 1096]	83760
401	0.9980735378266696	0.9999579916327591	2.114855114018017	2.426484904269537	[734, 19, 132, 1108, 1086, 1112]	85191
402	0.9981032671811964	0.9999587695654858	2.114855114018017	2.2790614829839417	[19, 734, 1203, 174, 1086, 1112]	84255
403	0.9981325377493877	0.9999600889393903	2.114855114018017	3.529057945505385	[1791, 420, 1822, 1094, 1086, 1112]	83771
404	0.9981613566112799	0.9999608280331053	2.114855114018017	2.2790614829839417	[19, 734, 1203, 174, 1086, 1112]	82974
405	0.998189730737649	0.9999615534398996	2.114855114018017	2.518985889172849	[19, 241, 132, 1108, 1086, 1112]	83337
406	0.9982176669916977	0.9999627837298228	2.114855114018017	3.834090028441395	[3820, 438, 2627, 261, 1086, 1112]	83448
407	0.9982451721307147	0.999963610758049	2.114855114018017	2.4696339363548745	[241, 132, 1032, 1707, 1708, 794]	83446
408	0.9982722528077098	0.9999644194078701	2.114855114018017	3.334919766974785	[1715, 132, 19, 334, 1086, 1112]	82986
409	0.998298915573023	0.9999650783077244	2.114855114018017	2.2790614829839417	[19, 734, 1203, 174, 1086, 1112]	82776
410	0.9983251668759084	0.9999657250057294	2.114855114018017	3.4607062329820666	[420, 158, 1713, 174, 1086, 1112]	83345
411	0.998351013066095	0.9999668218055461	2.114855114018017	3.9660641926173117	[2762, 438, 2627, 261, 1086, 1112]	83343
412	0.9983764603953219	0.9999677065573982	2.114855114018017	3.7637785788263267	[1019, 10, 158, 1115, 1086, 1112]	83919
413	0.9984015150188509	0.9999685677158676	2.114855114018017	3.838061935263993	[2582, 1192, 836, 1089, 1086, 1112]	82889
414	0.9984261829969551	0.9999694059101112	2.114855114018017	2.426484904269537	[734, 19, 132, 1108, 1086, 1112]	83124
415	0.9984504702963848	0.9999699724673313	2.114855114018017	3.363125263892072	[432, 422, 19, 334, 1086, 1112]	83819
416	0.9984743827918109	0.9999707732015358	2.114855114018017	3.4347039664096126	[421, 438, 2627, 261, 1086, 1112]	84896
417	0.998497926267246	0.9999714226859461	2.114855114018017	3.451071680941741	[2872, 241, 19, 334, 1086, 1096]	85656
418	0.9985211064174427	0.9999719518954656	2.114855114018017	3.1589477053178707	[10, 734, 19, 334, 1086, 1112]	83718
419	0.9985439288492723	0.9999726998449199	2.114855114018017	2.775355892909582	[241, 1720, 132, 1108, 1086, 1112]	82835
420	0.9985663990830799	0.9999735734498825	2.114855114018017	2.6743890052643993	[2004, 19, 132, 1108, 1086, 1112]	83451
421	0.99858852255402	0.9999741607065518	2.114855114018017	2.6743890052643993	[2004, 19, 132, 1108, 1086, 1112]	81616
422	0.9986103046133715	0.9999749875639421	2.114855114018017	3.0466300264731196	[4118, 23, 5272, 174, 1086, 1112]	80728
423	0.9986317505298319	0.9999755433958545	2.114855114018017	3.5764431740820974	[2872, 241, 217, 261, 1086, 1112]	80737
424	0.9986528654907912	0.9999760868759466	2.114855114018017	3.528922042863038	[2528, 3459, 1203, 174, 1086, 1112]	80154
425	0.9986736546035877	0.9999765297115772	2.114855114018017	4.027112558168636	[241, 19, 422, 636, 1086, 1112]	81280
426	0.9986941228967422	0.9999770512735422	2.114855114018017	4.248898710311733	[846, 10, 159, 1023, 1086, 1112]	81631
427	0.9987142753211752	0.999977663239581	2.114855114018017	3.7536729288630175	[2789, 2558, 255, 174, 1086, 1112]	81522
428	0.998734116751404	0.9999780768832925	2.114855114018017	2.1976818767155635	[10, 734, 1203, 174, 1086, 1112]	81519
429	0.9987536519867218	0.9999785640636638	2.114855114018017	3.6483982096103746	[1726, 132, 387, 344, 1086, 1112]	82703
430	0.9987728857523588	0.9999790404178046	2.114855114018017	3.9811398533998643	[359, 158, 1546, 234, 1086, 1112]	81578
431	0.9987918227006248	0.9999795993399965	2.114855114018017	3.7744206279486043	[331, 241, 217, 261, 1086, 1112]	82215
432	0.9988104674120349	0.9999801433575966	2.114855114018017	2.790120672112291	[241, 217, 132, 1108, 1086, 1096]	82928
433	0.9988288243964172	0.9999805846163167	2.114855114018017	3.17671023989031	[1548, 241, 132, 1108, 1086, 1112]	80658
434	0.9988468980940033	0.99998133016705	2.114855114018017	4.040098031134054	[2685, 1630, 3974, 1108, 1086, 1112]	80072
435	0.9988646928765033	0.999981828029262	2.114855114018017	2.850381807308799	[2028, 493, 217, 132, 19, 794]	80680
436	0.9988822130481622	0.9999823126151484	2.114855114018017	2.5872420769840634	[811, 3459, 1203, 174, 1086, 1112]	80850
437	0.9988994628468016	0.9999826401593124	2.114855114018017	3.6721450672688247	[1792, 496, 217, 261, 1086, 1112]	80512
438	0.9989164464448448	0.9999831030883973	2.114855114018017	3.490617761732537	[241, 1729, 1822, 1094, 1086, 1112]	80723
439	0.9989331679503256	0.9999834159941677	2.114855114018017	3.5065031788170664	[811, 734, 19, 334, 1086, 1112]	81191
440	0.9989496314078823	0.9999837845276307	2.114855114018017	3.8661440547314783	[2636, 301, 2627, 261, 1086, 1096]	80944
441	0.9989658407997359	0.999984084814156	2.114855114018017	3.879539149408224	[1526, 156, 1713, 174, 1086, 1096]	81916
442	0.9989818000466536	0.9999846959572924	2.114855114018017	2.892248860804172	[241, 1209, 132, 1108, 1086, 1112]	81066
443	0.9989975130088966	0.9999849793654908	2.114855114018017	2.545237350214759	[811, 734, 1203, 174, 1086, 1112]	81217
444	0.9990129834871544	0.999985257525389	2.114855114018017	2.545237350214759	[811, 734, 1203, 174, 1086, 1112]	81611
445	0.9990282152234637	0.9999855305341782	2.114855114018017	3.2554358471025484	[1580, 438, 2627, 261, 1086, 1112]	81111
446	0.999043211902114	0.9999858520778631	2.114855114018017	2.932900051767541	[1723, 241, 132, 1108, 1086, 1112]	81150
447	0.9990579771505381	0.9999862293557867	2.114855114018017	3.3692329725658183	[1580, 301, 2627, 261, 1086, 1112]	81627
448	0.9990725145401903	0.9999864843677166	2.114855114018017	3.236190705972595	[734, 19, 132, 1094, 1086, 1112]	83397
449	0.9990868275874096	0.9999868447845776	2.114855114018017	3.490617761732537	[241, 1729, 1822, 1094, 1086, 1112]	80753
450	0.9991009197542706	0.9999871955903221	2.114855114018017	3.866616265254481	[269, 1402, 1078, 334, 1086, 1112]	81591
451	0.9991147944494208	0.9999876053314318	2.114855114018017	3.866616265254481	[1781, 1402, 1078, 334, 1086, 1112]	81309
452	0.999128455028905	0.9999878807685111	2.114855114018017	3.7572808301688063	[1917, 10, 158, 1115, 1086, 1112]	80826
453	0.9991419047969774	0.9999882039480175	2.114855114018017	3.7538597690840323	[420, 1879, 836, 1089, 1086, 1112]	80821
454	0.9991551470069007	0.9999885185094036	2.114855114018017	4.1037457841895515	[241, 19, 1987, 1114, 1086, 1112]	81253
455	0.9991681848617324	0.9999887311295999	2.114855114018017	2.1976818767155635	[10, 734, 1203, 174, 1086, 1112]	81387
456	0.9991810215151007	0.9999890316328106	2.114855114018017	3.613369342697065	[988, 420, 158, 1115, 1086, 1096]	82439
457	0.9991936600719664	0.9999892753743037	2.114855114018017	2.5872420769840634	[811, 3459, 1203, 174, 1086, 1112]	81309
458	0.9992061035893743	0.9999896185623259	2.114855114018017	3.0466300264731196	[4118, 23, 5272, 174, 1086, 1112]	81899
459	0.9992183550771927	0.999989895400664	2.114855114018017	3.236190705972595	[734, 19, 132, 1094, 1086, 1112]	82514
460	0.999230417498841	0.9999900825228738	2.114855114018017	3.2554358471025484	[1580, 438, 2627, 261, 1086, 1112]	81456
461	0.999242293772007	0.9999903998821419	2.114855114018017	3.834090028441395	[3820, 438, 2627, 261, 1086, 1112]	81275
462	0.9992539867693525	0.9999906132180942	2.114855114018017	2.6743890052643993	[2004, 19, 132, 1108, 1086, 1112]	81338
463	0.9992654993192083	0.9999907870473889	2.114855114018017	3.1589477053178707	[10, 734, 19, 334, 1086, 1096]	83012
464	0.9992768342062575	0.9999909576576224	2.114855114018017	4.201140360204991	[107, 10, 494, 636, 1086, 1112]	80401
465	0.9992879941722103	0.9999911987867525	2.114855114018017	4.433306967461223	[1743, 193, 232, 1023, 1086, 1112]	80471
466	0.9992989819164663	0.9999914804255764	2.114855114018017	2.5286478000845856	[2872, 241, 132, 1108, 1086, 1112]	80582
467	0.9993098000967677	0.9999917076142276	2.114855114018017	3.0466300264731196	[4118, 23, 5272, 174, 1086, 1096]	80877
468	0.9993204513298424	0.9999918611769272	2.114855114018017	3.462983623397844	[1742, 400, 19, 334, 1086, 1112]	81437
469	0.9993309381920361	0.9999920782122091	2.114855114018017	3.529057945505385	[1791, 420, 1822, 1094, 1086, 1112]	81330
470	0.9993412632199368	0.9999923317094184	2.114855114018017	2.6743890052643993	[2004, 19, 132, 1108, 1086, 1112]	81436
471	0.9993514289109872	0.9999925021158758	2.114855114018017	3.334919766974785	[1726, 132, 19, 334, 1086, 1112]	81312
472	0.9993614377240893	0.999992668735523	2.114855114018017	3.942044072910205	[1718, 132, 217, 261, 1086, 1112]	81915
473	0.9993712920801989	0.999992864235909	2.114855114018017	3.409802677289374	[1791, 420, 158, 1115, 1086, 1112]	82223
474	0.999380994362912	0.99999309258036	2.114855114018017	3.3383536017876443	[2872, 241, 132, 1094, 1086, 1112]	80947
475	0.9993905469190398	0.9999934241365027	2.114855114018017	3.4714239837057717	[5415, 1587, 132, 1108, 1086, 1112]	81818
476	0.9993999520591781	0.9999935459117526	2.114855114018017	2.518985889172849	[19, 241, 132, 1108, 1086, 1112]	81641
477	0.9994092120582648	0.9999936654319054	2.114855114018017	2.7266252539510933	[331, 241, 132, 1108, 1086, 1096]	81688
478	0.9994183291561312	0.9999938681380843	2.114855114018017	3.3692329725658183	[1580, 301, 2627, 261, 1086, 1112]	84314
479	0.9994273055580427	0.9999939816910828	2.114855114018017	2.5872420769840634	[811, 3459, 1203, 174, 1086, 1112]	82705
480	0.9994361434352333	0.9999941154312809	2.114855114018017	3.260479038210432	[1726, 132, 1713, 174, 1086, 1112]	81398
481	0.9994448449254304	0.9999943115835717	2.114855114018017	3.9714357928126214	[1813, 1666, 1546, 234, 1086, 1112]	81862
482	0.9994534121333712	0.9999944169246165	2.114855114018017	3.213233408312252	[241, 132, 217, 261, 1086, 1112]	80632
483	0.9994618471313131	0.9999945658066268	2.114855114018017	2.1589432646749085	[2872, 241, 1031, 132, 19, 794]	82019
484	0.9994701519595336	0.99999471071845	2.114855114018017	2.518985889172849	[19, 241, 132, 1108, 1086, 1112]	80880
485	0.9994783286268247	0.9999948282580401	2.114855114018017	3.4669248454207757	[3819, 438, 2627, 261, 1086, 1112]	80606
486	0.9994863791109787	0.9999949240310393	2.114855114018017	2.775355892909582	[241, 1720, 132, 1108, 1086, 1112]	79351
487	0.999494305359266	0.9999950180304645	2.114855114018017	3.0836053386938795	[241, 132, 19, 334, 1086, 1112]	78531
488	0.999502109288907	0.9999951287408987	2.114855114018017	4.093968661041803	[3819, 438, 8, 174, 1086, 1112]	79501
489	0.9995097927875349	0.9999952189494006	2.114855114018017	3.942044072910205	[276, 132, 217, 261, 1086, 1112]	79075
490	0.9995173577136532	0.9999954025417436	2.114855114018017	2.8070241504084494	[3621, 1720, 132, 1108, 1086, 1112]	79028
491	0.9995248058970845	0.9999954876798595	2.114855114018017	3.397083781329468	[241, 132, 387, 344, 1086, 1112]	78519
492	0.9995321391394135	0.9999956320741039	2.114855114018017	2.932900051767541	[1723, 241, 132, 1108, 1086, 1112]	78969
493	0.9995393592144225	0.9999957485521278	2.114855114018017	3.5779691026203686	[160, 320, 836, 1089, 1086, 1112]	80167
494	0.999546467868521	0.9999958272826439	2.114855114018017	3.5005121038821185	[734, 10, 158, 1115, 1086, 1112]	78615
495	0.9995534668211672	0.9999959608095994	2.114855114018017	3.0466300264731196	[4118, 23, 5272, 174, 1086, 1112]	78558
496	0.9995603577652851	0.999996050569386	2.114855114018017	2.545237350214759	[811, 734, 1203, 174, 1086, 1112]	78201
497	0.9995671423676726	0.99999612370699	2.114855114018017	3.6842932849867926	[19, 387, 344, 174, 1086, 1112]	78860
498	0.999573822269406	0.9999962270748036	2.114855114018017	3.7538597690840323	[420, 1879, 836, 1089, 1086, 1112]	78283
499	0.9995803990862362	0.9999963276861422	2.114855114018017	3.7538597690840323	[420, 1879, 836, 1089, 1086, 1112]	79599
