0	0.015432098765432056	0.026666666666666616	2.426484904269537	2.426484904269537	[734, 19, 132, 1108, 1086, 1096]	63855
1	0.030626047858558048	0.05781333333333327	2.426484904269537	3.866616265254481	[2707, 1402, 1078, 334, 1086, 1112]	61121
2	0.045585522428642	0.08796330666666663	2.426484904269537	3.5297365521895774	[1546, 677, 132, 1108, 1086, 1112]	58367
3	0.06031414090968146	0.10823078874074077	2.426484904269537	3.4686455498577784	[732, 734, 1203, 174, 1086, 1112]	57597
4	0.07481546589564314	0.13201130104098768	2.426484904269537	4.012957617861208	[2520, 1277, 254, 174, 1086, 1112]	58263
5	0.08909300500219186	0.14540618837060204	2.1459135110379903	2.1459135110379903	[2627, 438, 10, 734, 19, 794]	57879
6	0.10315021171512095	0.16439716196236642	2.1459135110379903	3.8229149778872156	[1819, 241, 217, 261, 1086, 1112]	57144
7	0.11699048622569008	0.1911364527795707	2.1459135110379903	3.204410474350957	[5032, 23, 5272, 174, 1086, 1112]	58720
8	0.13061717625307134	0.21270614737211546	2.1459135110379903	2.426484904269537	[734, 19, 132, 1108, 1086, 1112]	58812
9	0.1440335778541042	0.250496252298254	2.1459135110379903	3.069833347705165	[2607, 1587, 132, 1108, 1086, 1096]	58625
10	0.1572429362205532	0.2704830189036339	2.1459135110379903	2.6296491148067798	[241, 1031, 132, 1108, 1086, 1096]	58030
11	0.17024844646406312	0.28669450737244206	2.1459135110379903	2.793516874800511	[1259, 734, 1203, 174, 1086, 1112]	58884
12	0.18305325438900033	0.3057159871758436	2.1459135110379903	2.426484904269537	[734, 19, 132, 1108, 1086, 1112]	58855
13	0.19566045725336756	0.31857309852443905	2.1459135110379903	3.462983623397844	[1742, 400, 19, 334, 1086, 1096]	60006
14	0.208073104517976	0.33119211521843095	2.1459135110379903	3.6425874947946353	[119, 409, 19, 334, 1086, 1112]	61813
15	0.22029419858405663	0.34902699214593946	2.1459135110379903	3.528922042863038	[1892, 3459, 1203, 174, 1086, 1112]	93171
16	0.2323266955194878	0.3590728718967737	2.1459135110379903	2.509968809759613	[1879, 496, 217, 132, 19, 794]	59484
17	0.2441735057738167	0.37958253999607694	2.1459135110379903	3.671150278463103	[2490, 390, 1078, 334, 1086, 1112]	60087
18	0.2558374948822454	0.40439923839623393	2.1459135110379903	3.4225800030903457	[4196, 1663, 1546, 234, 1086, 1112]	60979
19	0.2673214841587539	0.4135906081740698	1.780457846853921	1.780457846853921	[320, 232, 10, 734, 19, 794]	109693
20	0.2786282513785262	0.4244500413560315	1.780457846853921	3.5123452732533087	[77, 19, 132, 1094, 1086, 1096]	81291
21	0.28976053144984526	0.4397980402532039	1.780457846853921	2.702639471550251	[77, 19, 132, 1108, 1086, 1112]	70803
22	0.30072101707561927	0.45473675917978507	1.780457846853921	3.236190705972595	[734, 19, 132, 1094, 1086, 1112]	61309
23	0.31151235940469924	0.4648342266023816	1.780457846853921	2.702639471550251	[77, 19, 132, 1108, 1086, 1112]	59290
24	0.32213716867314524	0.4791053138929847	1.780457846853921	3.4455895737600724	[190, 196, 1078, 334, 1086, 1112]	59183
25	0.3325980148355967	0.4906807513620295	1.780457846853921	3.409802677289374	[1791, 420, 158, 1115, 1086, 1112]	59959
26	0.34289742818689917	0.5069789673184446	1.780457846853921	3.4225800030903457	[4196, 1663, 1546, 234, 1086, 1112]	59511
27	0.35303789997413837	0.5161089864421771	1.780457846853921	3.0091646099295257	[241, 132, 1713, 174, 1086, 1112]	59832
28	0.3630218829992288	0.5290127468037189	1.780457846853921	3.490617761732537	[241, 1729, 1822, 1094, 1086, 1112]	60249
29	0.37285179221220366	0.5415724068889531	1.780457846853921	3.490617761732537	[241, 1729, 1822, 1094, 1086, 1112]	60554
30	0.38253000529534864	0.5500618067613798	1.780457846853921	2.790120672112291	[241, 217, 132, 1108, 1086, 1112]	444077
31	0.3920588632383216	0.5583939955250581	1.780457846853921	2.870736037412858	[3, 19, 132, 1108, 1086, 1112]	62454
32	0.40144067090439683	0.5682074622911679	1.780457846853921	3.4885679563002645	[3869, 438, 2627, 261, 1086, 1112]	59302
33	0.4106776975879709	0.5778028520180308	1.780457846853921	3.6483982096103746	[1726, 132, 387, 344, 1086, 1112]	59132
34	0.4197721775634652	0.5856213177214007	1.780457846853921	3.221273652630817	[19, 132, 217, 261, 1086, 1112]	64994
35	0.4287263106257574	0.5932949970228562	1.780457846853921	3.4607062329820666	[420, 158, 1713, 174, 1086, 1112]	59194
36	0.43754226262227347	0.6068518304554276	1.780457846853921	3.971179179052567	[3266, 1963, 387, 344, 1086, 1112]	60203
37	0.44622216597686803	0.615588456445307	1.780457846853921	2.932900051767541	[4015, 241, 132, 1108, 1086, 1096]	60355
38	0.4547681202056201	0.6227071887333568	1.780457846853921	3.9616871501273216	[87, 1265, 193, 1115, 1086, 1112]	60709
39	0.46318219242466907	0.6347805586938895	1.780457846853921	2.6743890052643993	[2004, 19, 132, 1108, 1086, 1112]	79872
40	0.47146641785021426	0.6445197437953858	1.780457846853921	3.5247094981667253	[2387, 1663, 1546, 234, 1086, 1112]	80992
41	0.4796228002907974	0.6539992172941754	1.780457846853921	2.6743890052643993	[2004, 19, 132, 1108, 1086, 1112]	75874
42	0.48765331263198874	0.6632259048329974	1.780457846853921	3.5253359932117423	[1849, 420, 158, 1115, 1086, 1112]	77031
43	0.49555989731359384	0.6740026758783415	1.780457846853921	3.5644935086479057	[1414, 3251, 3248, 334, 1086, 1112]	78206
44	0.5033444667994951	0.6800396633620759	1.780457846853921	3.0091646099295257	[241, 132, 1713, 174, 1086, 1096]	82472
45	0.5110089040402437	0.6871498930651408	1.780457846853921	3.977006837862077	[3136, 1468, 1546, 234, 1086, 1112]	969465
46	0.5185550629285114	0.6954925625834038	1.780457846853921	2.2790614829839417	[19, 734, 1203, 174, 1086, 1112]	61932
47	0.5259847687475159	0.703612760914513	1.780457846853921	2.6296491148067798	[241, 1031, 132, 1108, 1086, 1112]	61472
48	0.5332998186125233	0.7091014134901701	1.780457846853921	3.926571328946758	[734, 19, 422, 334, 1086, 1112]	61671
49	0.5405019819055399	0.7135905892079144	1.780457846853921	1.8782700155902834	[420, 158, 10, 734, 19, 794]	60889
50	0.5475930007032939	0.7227556903532611	1.780457846853921	3.6060011103515626	[3179, 843, 3094, 174, 1086, 1112]	61784
51	0.5545745901986134	0.7316275082619568	1.780457846853921	3.663877168314336	[2309, 420, 1822, 1094, 1086, 1112]	60607
52	0.5614484391153014	0.7365973692200687	1.780457846853921	3.1589477053178707	[10, 734, 19, 334, 1086, 1112]	60398
53	0.5682162101166085	0.7414751957159934	1.780457846853921	3.775462889659569	[420, 158, 1546, 234, 1086, 1112]	61691
54	0.5748795402074016	0.7472201913667491	1.780457846853921	3.575302319672975	[1851, 159, 1713, 174, 1086, 1112]	60907
55	0.5814400411301268	0.752837520447488	1.780457846853921	3.663877168314336	[2309, 420, 1822, 1094, 1086, 1112]	63042
56	0.5878992997546619	0.7594285199022217	1.780457846853921	3.3802769052980004	[1515, 1031, 132, 1108, 1086, 1096]	64945
57	0.5942588784621516	0.7638835473114398	1.780457846853921	2.8070241504084494	[3621, 1720, 132, 1108, 1086, 1112]	67432
58	0.6005203155229208	0.7682560742130797	1.780457846853921	3.0836053386938795	[241, 132, 19, 334, 1086, 1112]	72226
59	0.6066851254685548	0.7744359122340643	1.780457846853921	2.892248860804172	[241, 1209, 132, 1108, 1086, 1096]	67243
60	0.6127547994582376	0.7830975732042762	1.780457846853921	3.4714239837057717	[1586, 1587, 132, 1108, 1086, 1112]	1205787
61	0.6187308056394376	0.7871142848116045	1.780457846853921	3.4607062329820666	[420, 158, 1713, 174, 1086, 1112]	145668
62	0.6246145895030265	0.7910566128706489	1.780457846853921	2.518985889172849	[19, 241, 132, 1108, 1086, 1112]	74164
63	0.630407574232918	0.7949259348545257	1.780457846853921	3.0836053386938795	[241, 132, 19, 334, 1086, 1112]	80343
64	0.6361111610503113	0.79872360272759	1.780457846853921	2.723312616127263	[107, 734, 1203, 174, 1086, 1112]	68740
65	0.6417267295526212	0.8024509434178199	1.780457846853921	3.7669971618612905	[1879, 496, 217, 261, 1086, 1112]	90652
66	0.6472556380471796	0.8087725132284496	1.780457846853921	3.866616265254481	[4345, 1402, 1078, 334, 1086, 1112]	93237
67	0.6526992238797849	0.8123137629834783	1.780457846853921	2.6296491148067798	[241, 1031, 132, 1108, 1086, 1112]	86506
68	0.6580588037581832	0.8173187293039189	1.780457846853921	3.7282586004404497	[2557, 2558, 255, 174, 1086, 1112]	82105
69	0.6633356740705569	0.8231645299661935	1.780457846853921	2.6743890052643993	[2004, 19, 132, 1108, 1086, 1112]	98111
70	0.6685311111990977	0.8278801425004283	1.780457846853921	3.4607062329820666	[420, 158, 1713, 174, 1086, 1096]	89369
71	0.6736463718287411	0.8324700053670836	1.780457846853921	3.613369342697065	[1582, 420, 158, 1115, 1086, 1112]	115957
72	0.6786826932511372	0.836192894136704	1.780457846853921	2.545237350214759	[811, 734, 1203, 174, 1086, 1112]	103297
73	0.6836412936639282	0.8405610836263918	1.780457846853921	3.0373270629232803	[846, 734, 1203, 174, 1086, 1112]	69938
74	0.6885233724654107	0.843513656151829	1.780457846853921	3.221273652630817	[19, 132, 217, 261, 1086, 1112]	85977
75	0.6933301105446482	0.8469911304595662	1.780457846853921	3.4225800030903457	[4196, 1663, 1546, 234, 1086, 1112]	69292
76	0.6980626705671074	0.8510713669806445	1.780457846853921	4.137153134922769	[241, 1548, 255, 174, 1086, 1112]	790198
77	0.7027221972558866	0.8558370832372638	1.780457846853921	4.237909487932201	[2636, 162, 420, 458, 1086, 1112]	72044
78	0.7073098176686043	0.8585067668810181	1.780457846853921	3.5848254055927624	[1819, 241, 132, 1094, 1086, 1112]	72284
79	0.7118266414700147	0.861127011938777	1.780457846853921	2.1976818767155635	[10, 734, 1203, 174, 1086, 1112]	72779
80	0.7162737612004157	0.8642130783401376	1.780457846853921	3.6804418391159164	[545, 132, 19, 334, 1086, 1112]	72419
81	0.7206522525399155	0.8667276509634684	1.780457846853921	3.529057945505385	[1791, 420, 1822, 1094, 1086, 1112]	76314
82	0.7249631745686205	0.8696892587198357	1.780457846853921	3.6060011103515626	[545, 132, 1713, 174, 1086, 1112]	73508
83	0.7292075700228084	0.872585052970506	1.780457846853921	3.204410474350957	[5032, 23, 5272, 174, 1086, 1112]	78973
84	0.7333864655471478	0.8754164962378281	1.780457846853921	3.5673687331398343	[2297, 400, 19, 334, 1086, 1112]	80756
85	0.7375008719430252	0.8794031683582176	1.780457846853921	3.3383536017876443	[2872, 241, 132, 1094, 1086, 1112]	81163
86	0.7415517844130401	0.8832622669707547	1.780457846853921	3.773546740312346	[1451, 1713, 132, 1108, 1086, 1112]	85495
87	0.7455401828017278	0.8869978744276905	1.780457846853921	3.0466300264731196	[4118, 23, 5272, 174, 1086, 1112]	83420
88	0.7494670318325654	0.8895090327737418	1.780457846853921	2.5286478000845856	[2872, 241, 132, 1108, 1086, 1112]	80267
89	0.753333281341322	0.8915551617964503	1.780457846853921	3.4051240256480337	[19, 132, 387, 344, 1086, 1112]	84702
90	0.7571398665058078	0.894447024148545	1.780457846853921	3.5492810816234277	[158, 420, 1822, 1094, 1086, 1112]	100249
91	0.7608877080720762	0.8972617701712504	1.780457846853921	3.213233408312252	[241, 132, 217, 261, 1086, 1112]	1239935
92	0.7645777125771367	0.899164329982894	1.780457846853921	2.1976818767155635	[10, 734, 1203, 174, 1086, 1112]	84147
93	0.7682107725682302	0.901031657205433	1.780457846853921	3.490617761732537	[241, 1729, 1822, 1094, 1086, 1112]	79149
94	0.7717877668187205	0.9028644042942212	1.780457846853921	3.6412264034130413	[107, 10, 158, 1115, 1086, 1096]	81812
95	0.7753095605406538	0.9046632116221061	1.780457846853921	3.575302319672975	[1851, 159, 1713, 174, 1086, 1112]	84192
96	0.7787770055940388	0.9072055259788498	1.780457846853921	2.775355892909582	[241, 1720, 132, 1108, 1086, 1112]	79425
97	0.7821909406928962	0.9096800452860805	1.780457846853921	3.8093348907349753	[2003, 1417, 5272, 174, 1086, 1112]	77767
98	0.7855521916081293	0.9116871553908343	1.780457846853921	3.0836053386938795	[241, 132, 19, 334, 1086, 1112]	81613
99	0.7888615713672631	0.9140421645804121	1.780457846853921	3.5779691026203686	[157, 320, 836, 1089, 1086, 1112]	74762
100	0.7921198804511016	0.9167928153138388	1.780457846853921	3.6060011103515626	[1872, 843, 3094, 174, 1086, 1112]	76365
101	0.79532790698735	0.9190116735721365	1.780457846853921	3.4347039664096126	[421, 438, 2627, 261, 1086, 1112]	76898
102	0.7984864269412489	0.9208114141594224	1.780457846853921	3.462983623397844	[1742, 400, 19, 334, 1086, 1112]	75640
103	0.8015962043032667	0.9225711605114352	1.780457846853921	3.834090028441395	[3820, 438, 2627, 261, 1086, 1112]	84891
104	0.8046579912738953	0.9255444279477961	1.780457846853921	4.014578494587123	[249, 318, 158, 1115, 1086, 1112]	86875
105	0.8076725284455943	0.9271989962156229	1.780457846853921	3.833928826683146	[4647, 168, 132, 1108, 1086, 1112]	83135
106	0.8106405449819278	0.9285471629523705	1.780457846853921	2.5872420769840634	[811, 3459, 1203, 174, 1086, 1112]	1912098
107	0.8135627587939351	0.9301350037756512	1.780457846853921	3.334919766974785	[1715, 132, 19, 334, 1086, 1112]	150358
108	0.8164398767137817	0.9316875592473034	1.780457846853921	3.5065031788170664	[811, 734, 19, 334, 1086, 1096]	114219
109	0.8192725946657295	0.9335092243340419	1.780457846853921	4.108458197622587	[1019, 10, 232, 1023, 1086, 1112]	107950
110	0.8220615978344683	0.9347405349945227	1.780457846853921	3.1589477053178707	[10, 734, 19, 334, 1086, 1112]	103554
111	0.8248075608308499	0.9364807873946688	1.780457846853921	3.671150278463103	[2490, 390, 3248, 334, 1086, 1112]	93976
112	0.8275111478550652	0.9376570691095822	1.780457846853921	3.5005121038821185	[734, 10, 158, 1115, 1086, 1112]	97442
113	0.8301730128573019	0.9390424675738138	1.780457846853921	3.334919766974785	[1715, 132, 19, 334, 1086, 1112]	83670
114	0.8327937996959238	0.9401713107668913	1.780457846853921	2.392555537725512	[1726, 132, 1031, 241, 19, 794]	86103
115	0.8353741422932088	0.9415008371942937	1.780457846853921	3.6440743024501234	[1265, 415, 255, 174, 1086, 1096]	86288
116	0.837914664788684	0.942584155024029	1.780457846853921	3.865170813915224	[10, 158, 1546, 234, 1086, 1112]	91326
117	0.8404159816900932	0.9438600626901618	1.780457846853921	2.5286478000845856	[2872, 241, 132, 1108, 1086, 1112]	81217
118	0.8428786980220363	0.9453571276850907	1.780457846853921	2.4456167641718043	[2872, 241, 1031, 132, 393, 794]	82130
119	0.8453034094723135	0.9463690327279595	1.780457846853921	3.5492810816234277	[158, 420, 1822, 1094, 1086, 1112]	104599
120	0.8476907025360123	0.9473621987885528	1.780457846853921	3.3286916908759068	[19, 241, 132, 1094, 1086, 1112]	85502
121	0.8500411546573702	0.9487658734875247	1.780457846853921	3.4051240256480337	[19, 132, 387, 344, 1086, 1112]	1630247
122	0.8523553343694478	0.9497146536081261	1.780457846853921	2.723312616127263	[107, 734, 1203, 174, 1086, 1096]	684842
123	0.8546338014316477	0.9506458637264941	1.780457846853921	3.832643710182441	[10, 415, 255, 174, 1086, 1112]	95878
124	0.8568771069651099	0.9519619740271209	1.780457846853921	3.6845784447295697	[107, 734, 19, 334, 1086, 1112]	85473
125	0.8590857935860187	0.9532429880530644	1.780457846853921	3.5432222043472263	[87, 1265, 255, 174, 1086, 1112]	84714
126	0.8612603955368516	0.9541088586446743	1.780457846853921	2.518985889172849	[19, 241, 132, 1108, 1086, 1112]	85571
127	0.8634014388156039	0.9558710784727188	1.780457846853921	3.081560325988364	[241, 1126, 132, 1108, 1086, 1112]	85008
128	0.8655094413030175	0.9570478497134463	1.780457846853921	3.081560325988364	[241, 1126, 132, 1108, 1086, 1112]	81535
129	0.8675849128878474	0.957843259903938	1.780457846853921	3.8124160032918324	[1712, 132, 19, 334, 1086, 1112]	80809
130	0.8696283555901955	0.959192275587012	1.780457846853921	3.905520904488263	[421, 261, 132, 1108, 1086, 1112]	81078
131	0.8716402636829393	0.9599479741872525	1.780457846853921	2.2790614829839417	[19, 734, 1203, 174, 1086, 1112]	88546
132	0.8736211238112891	0.9610160282089258	1.780457846853921	3.184750484208875	[432, 19, 132, 1108, 1086, 1112]	84587
133	0.8755714151104975	0.9622635153062402	1.780457846853921	3.8661440547314783	[2636, 301, 2627, 261, 1086, 1112]	81528
134	0.8774916093217553	0.9634710828164404	1.780457846853921	2.6743890052643993	[2004, 19, 132, 1108, 1086, 1112]	81859
135	0.8793821709062961	0.9641475442457657	1.780457846853921	3.9043011772296445	[3, 19, 1987, 334, 1086, 1112]	84449
136	0.8812435571577422	0.9651036097325453	1.780457846853921	2.702639471550251	[77, 19, 132, 1108, 1086, 1112]	2658182
137	0.8830762183127152	0.9657498391819426	1.780457846853921	3.221273652630817	[19, 132, 217, 261, 1086, 1112]	172905
138	0.8848805976597413	0.9666631768037575	1.780457846853921	4.203442485294323	[734, 2229, 494, 636, 1086, 1096]	97938
139	0.8866571316464736	0.9675521587556573	1.780457846853921	3.2554358471025484	[1580, 438, 2627, 261, 1086, 1112]	82520
140	0.8884062499852626	0.968417434522173	1.780457846853921	3.536331055654151	[331, 241, 132, 1094, 1086, 1096]	80023
141	0.890128375757095	0.9692596362682484	1.780457846853921	2.790120672112291	[241, 217, 132, 1108, 1086, 1112]	80808
142	0.89182392551393	0.9699427554622874	1.780457846853921	3.236190705972595	[734, 19, 132, 1094, 1086, 1112]	79597
143	0.8934933093794557	0.970744281983293	1.780457846853921	4.003300750436941	[320, 232, 193, 1115, 1086, 1112]	80453
144	0.8951369311482913	0.9713944090503309	1.780457846853921	3.8229149778872156	[1819, 241, 217, 261, 1086, 1112]	80603
145	0.8967551883836571	0.9719241422160656	1.780457846853921	3.1589477053178707	[10, 734, 19, 334, 1086, 1096]	79118
146	0.898348472513539	0.9724440655083606	1.780457846853921	2.7266252539510933	[331, 241, 132, 1108, 1086, 1112]	83776
147	0.8999171689253671	0.9729543605915392	1.780457846853921	2.1976818767155635	[10, 734, 1203, 174, 1086, 1112]	79929
148	0.9014616570592349	0.9734552057657699	1.780457846853921	2.2790614829839417	[19, 734, 1203, 174, 1086, 1112]	80481
149	0.9029823104996788	0.9739467760293667	1.780457846853921	3.2554358471025484	[1580, 438, 2627, 261, 1086, 1112]	82873
150	0.9044794970660417	0.9744292431399341	1.780457846853921	2.7266252539510933	[331, 241, 132, 1108, 1086, 1112]	81002
151	0.9059535789014423	0.9749027756743797	1.780457846853921	3.409802677289374	[1791, 420, 158, 1115, 1086, 1112]	3854396
152	0.9074049125603707	0.9757058868527996	1.780457846853921	3.260479038210432	[1715, 132, 1713, 174, 1086, 1112]	96019
153	0.9088338490949328	0.9763537298700582	1.780457846853921	2.7266252539510933	[331, 241, 132, 1108, 1086, 1112]	95460
154	0.9102407341397641	0.9767916237613534	1.780457846853921	3.832643710182441	[10, 415, 255, 174, 1086, 1112]	96234
155	0.9116259079956319	0.9775342918009902	1.780457846853921	3.4455895737600724	[190, 196, 1078, 334, 1086, 1112]	95652
156	0.9129897057117488	0.9781333773529637	1.780457846853921	3.6178645301457264	[10, 301, 2627, 261, 1086, 1112]	96670
157	0.9143324571668143	0.9788622647745316	1.780457846853921	3.879539149408224	[2607, 1587, 132, 1094, 1086, 1112]	100361
158	0.9156544871488079	0.979253704315744	1.780457846853921	2.5872420769840634	[811, 3459, 1203, 174, 1086, 1112]	104018
159	0.9169561154335486	0.9796378949765635	1.780457846853921	3.5069954494906392	[542, 269, 132, 1108, 1086, 1112]	103109
160	0.9182376568620432	0.980014970995516	1.780457846853921	2.1976818767155635	[10, 734, 1203, 174, 1086, 1112]	122294
161	0.9194994214166413	0.9804590827511712	1.780457846853921	3.5673687331398343	[2297, 400, 19, 334, 1086, 1112]	127512
162	0.9207417142960141	0.9810843921031338	1.780457846853921	3.9534318621183226	[2309, 420, 1582, 1087, 1086, 1112]	148634
163	0.9219648359889768	0.9815047389452863	1.780457846853921	2.5286478000845856	[2872, 241, 132, 1108, 1086, 1112]	129932
164	0.9231690823471717	0.9820965872990371	1.780457846853921	3.544621900098326	[2309, 420, 158, 1115, 1086, 1096]	119275
165	0.9243547446566289	0.9824944409146141	1.780457846853921	2.339711906695273	[2405, 1743, 1742, 400, 19, 794]	129870
166	0.9255221097082241	0.9831666543834929	1.780457846853921	3.32346175437313	[2040, 545, 132, 1108, 1086, 1096]	2416110
167	0.9266714598670478	0.9835407287305264	1.780457846853921	3.5848254055927624	[1819, 241, 132, 1094, 1086, 1112]	104841
168	0.9278030731407044	0.9840674254111497	1.780457846853921	3.184750484208875	[2005, 19, 132, 1108, 1086, 1112]	93859
169	0.9289172232465578	0.9844214826242351	1.780457846853921	3.184750484208875	[432, 19, 132, 1108, 1086, 1112]	91880
170	0.9300141796779381	0.9849199951802596	1.780457846853921	2.5286478000845856	[2872, 241, 132, 1108, 1086, 1096]	95571
171	0.9310942077693279	0.9852551063984761	1.780457846853921	3.7426058534705993	[1723, 241, 132, 1094, 1086, 1112]	93219
172	0.932157568760542	0.9857269429937249	1.780457846853921	3.5644935086479057	[1414, 3251, 3248, 334, 1086, 1112]	92879
173	0.9332045198599164	0.9859912588642115	1.780457846853921	3.409802677289374	[1791, 420, 158, 1115, 1086, 1112]	93490
174	0.9342353143065225	0.9862506799963556	1.780457846853921	2.723312616127263	[107, 734, 1203, 174, 1086, 1112]	97110
175	0.9352502014314219	0.9866906582364723	1.780457846853921	3.4455895737600724	[190, 196, 1078, 334, 1086, 1112]	98236
176	0.936249426717974	0.9872017369601918	1.780457846853921	2.775355892909582	[241, 1720, 132, 1108, 1086, 1112]	106426
177	0.9372332318612151	0.9874861428055208	1.780457846853921	2.775355892909582	[241, 1720, 132, 1108, 1086, 1096]	107991
178	0.9382018548263199	0.9878865862357442	1.780457846853921	3.988420050280083	[841, 1268, 1010, 1105, 1086, 1112]	102235
179	0.9391555299061606	0.9882742154762003	1.780457846853921	3.6483982096103746	[1726, 132, 387, 344, 1086, 1096]	122313
180	0.9400944877779791	0.9884913596340484	1.780457846853921	3.490617761732537	[241, 1729, 1822, 1094, 1086, 1112]	135511
181	0.9410189555591831	0.9887044826037883	1.780457846853921	3.5123452732533087	[77, 19, 132, 1094, 1086, 1112]	2419752
182	0.9419291568622822	0.9890056964010207	1.780457846853921	3.998590429430397	[542, 269, 2013, 2116, 1086, 1096]	93061
183	0.9428253118489753	0.9892988778303268	1.780457846853921	3.5779691026203686	[157, 320, 836, 1089, 1086, 1112]	92844
184	0.9437076372834047	0.9895366805452084	1.780457846853921	2.7751196038897037	[1819, 241, 132, 1108, 1086, 1112]	92879
185	0.9445763465845868	0.9897691987553149	1.780457846853921	3.697543484746859	[1819, 241, 19, 334, 1086, 1112]	94763
186	0.9454316498780345	0.9899586580376238	1.780457846853921	3.221273652630817	[19, 132, 217, 261, 1086, 1096]	98119
187	0.9462737540465833	0.9901446088147049	1.780457846853921	2.723312616127263	[107, 734, 1203, 174, 1086, 1112]	105569
188	0.9471028627804323	0.9904599813326344	1.780457846853921	3.866616265254481	[4345, 1402, 1078, 334, 1086, 1096]	100247
189	0.9479191766264133	0.9906719817474647	1.780457846853921	3.334919766974785	[1715, 132, 19, 334, 1086, 1112]	122123
190	0.9487228930364995	0.9908447228262154	1.780457846853921	2.702639471550251	[77, 19, 132, 1108, 1086, 1096]	126888
191	0.9495142064155659	0.9910142649961002	1.780457846853921	3.879539149408224	[223, 23, 5272, 174, 1086, 1112]	117115
192	0.9502933081684121	0.9911806674961725	1.780457846853921	3.5253359932117423	[1849, 420, 158, 1115, 1086, 1112]	106251
193	0.9510603867460601	0.9913439884684656	1.780457846853921	3.397083781329468	[241, 132, 387, 344, 1086, 1112]	103720
194	0.9518156276913369	0.9916209808374746	1.780457846853921	2.932900051767541	[1723, 241, 132, 1108, 1086, 1112]	128446
195	0.9525592136837545	0.9918071812633086	1.780457846853921	3.334919766974785	[1715, 132, 19, 334, 1086, 1096]	124410
196	0.9532913245836966	0.9920693514628827	1.780457846853921	3.260479038210432	[1715, 132, 1713, 174, 1086, 1112]	2918303
197	0.9540121374759235	0.9922455880970409	1.780457846853921	3.9854341029169698	[421, 438, 3366, 150, 1086, 1112]	91573
198	0.9547218267124061	0.9924179083615511	1.780457846853921	3.334919766974785	[1715, 132, 19, 334, 1086, 1112]	91648
199	0.9554205639544987	0.9925583174659668	1.780457846853921	3.7232750780577044	[734, 19, 387, 344, 1086, 1112]	92926
200	0.9561085182144601	0.992756762333541	1.780457846853921	3.0091646099295257	[241, 132, 1713, 174, 1086, 1112]	93825
201	0.9567858558963357	0.9928908963644013	1.780457846853921	3.3286916908759068	[19, 241, 132, 1094, 1086, 1096]	94258
202	0.9574527408362071	0.9930804724613507	1.780457846853921	3.428024668171216	[1647, 1697, 132, 1108, 1086, 1112]	95036
203	0.9581093343418212	0.9932342397399873	1.780457846853921	3.334919766974785	[1726, 132, 19, 334, 1086, 1096]	93538
204	0.9587557952316079	0.9933595315966542	1.780457846853921	2.2132202515078228	[1851, 159, 10, 734, 19, 794]	95504
205	0.9593922798730954	0.9935366107540767	1.780457846853921	3.4347039664096126	[421, 438, 2627, 261, 1086, 1112]	95211
206	0.9600189422207328	0.9936563031475197	1.780457846853921	3.8670757774883784	[1791, 420, 1546, 234, 1086, 1112]	105131
207	0.960635933853129	0.993797274188686	1.780457846853921	2.793516874800511	[1259, 734, 1203, 174, 1086, 1112]	115365
208	0.9612434040097164	0.9939626802103211	1.780457846853921	3.428024668171216	[321, 1398, 132, 1108, 1086, 1096]	122744
209	0.9618414996268504	0.9940744824286484	1.780457846853921	3.6445912614277525	[1849, 420, 1822, 1094, 1086, 1112]	123698
210	0.9624303653733497	0.9941842142355253	1.780457846853921	3.5069954494906392	[542, 269, 132, 1108, 1086, 1112]	123098
211	0.9630101436854893	0.9943703193799885	1.780457846853921	3.4455895737600724	[190, 196, 1078, 334, 1086, 1112]	2451702
212	0.963580974801454	0.9945204441965222	1.780457846853921	3.6845784447295697	[107, 734, 19, 334, 1086, 1112]	108491
213	0.9641429967952587	0.9946219174521421	1.780457846853921	2.2790614829839417	[19, 734, 1203, 174, 1086, 1096]	100566
214	0.9646963456101467	0.9948284358219799	1.780457846853921	3.3802769052980004	[1515, 1031, 132, 1108, 1086, 1096]	96938
215	0.9652411550914716	0.9949663442000604	1.780457846853921	3.9128741871805746	[10, 107, 836, 1089, 1086, 1112]	102516
216	0.9657775570190723	0.9950595600482074	1.780457846853921	3.6022839188384888	[193, 1265, 255, 174, 1086, 1112]	119819
217	0.9663056811391484	0.9951510496769443	1.780457846853921	3.8377000442262252	[1879, 496, 132, 1108, 1086, 1112]	97699
218	0.966825655195643	0.9953062160872821	1.780457846853921	3.316188644224363	[2627, 261, 132, 1108, 1086, 1112]	100197
219	0.9673376049611423	0.9954564171724891	1.780457846853921	3.5644935086479057	[1414, 3251, 3248, 334, 1086, 1096]	99580
220	0.9678416542672975	0.9955405575952208	1.780457846853921	2.518985889172849	[19, 241, 132, 1108, 1086, 1112]	101492
221	0.9683379250347776	0.9956231398619759	1.780457846853921	3.5504141572377215	[10, 158, 1713, 174, 1086, 1112]	100037
222	0.9688265373027594	0.9957631993863927	1.780457846853921	4.251108655962535	[2004, 19, 1987, 1114, 1086, 1112]	100304
223	0.9693076092579637	0.995841658657015	1.780457846853921	3.213233408312252	[241, 132, 217, 261, 1086, 1112]	129759
224	0.969781257263242	0.9959186649781815	1.780457846853921	3.4607062329820666	[420, 158, 1713, 174, 1086, 1096]	128427
225	0.9702475958857228	0.9959942452563633	1.780457846853921	3.462983623397844	[1742, 400, 19, 334, 1086, 1112]	105521
226	0.9707067379245234	0.9960832620284441	1.780457846853921	3.316188644224363	[2627, 261, 132, 1108, 1086, 1096]	2405703
227	0.9711587944380339	0.9962085976435339	1.780457846853921	2.7266252539510933	[331, 241, 132, 1108, 1086, 1112]	174391
228	0.9716038747707803	0.9963349777220827	1.780457846853921	2.793516874800511	[1259, 734, 1203, 174, 1086, 1112]	129014
229	0.9720420865798731	0.9964028485050072	1.780457846853921	3.4607062329820666	[420, 158, 1713, 174, 1086, 1112]	129582
230	0.9724735358610479	0.9965179573528469	1.780457846853921	3.5995927639097713	[300, 301, 2627, 261, 1086, 1112]	105069
231	0.9728983269743033	0.9965953360783392	1.780457846853921	3.184750484208875	[3167, 19, 132, 1108, 1086, 1112]	97739
232	0.9733165626691443	0.9966861271162502	1.780457846853921	3.489051558789085	[241, 89, 132, 1108, 1086, 1112]	98820
233	0.9737283441094353	0.9967474951326158	1.780457846853921	2.723312616127263	[107, 734, 1203, 174, 1086, 1112]	97020
234	0.97413377089787	0.9968515752883722	1.780457846853921	2.932900051767541	[4015, 241, 132, 1108, 1086, 1112]	96581
235	0.9745329411000634	0.9969215402819639	1.780457846853921	2.426484904269537	[734, 19, 132, 1108, 1086, 1112]	94807
236	0.9749259512682722	0.9970200509929411	1.780457846853921	3.833928826683146	[949, 168, 132, 1108, 1086, 1112]	93408
237	0.9753128964647495	0.9970752352338125	1.780457846853921	3.8061659836099055	[1580, 438, 3366, 150, 1086, 1112]	94658
238	0.975693870284738	0.9971293975442975	1.780457846853921	3.775462889659569	[420, 158, 1546, 234, 1086, 1112]	96438
239	0.9760689648791093	0.9971825568490327	1.780457846853921	2.545237350214759	[811, 734, 1203, 174, 1086, 1096]	94796
240	0.9764382709766539	0.9972347317221988	1.780457846853921	2.5530270950310228	[1726, 132, 217, 241, 19, 794]	97430
241	0.9768018779060265	0.9972961821283721	1.780457846853921	2.2773308518160023	[193, 394, 432, 422, 19, 794]	2138687
242	0.9771598736173532	0.9973462528296986	1.780457846853921	3.5504141572377215	[10, 158, 1713, 174, 1086, 1112]	86578
243	0.9775123447035052	0.9974170194209067	1.780457846853921	2.426484904269537	[734, 19, 132, 1108, 1086, 1112]	84681
244	0.9778593764210437	0.9974858989030158	1.780457846853921	3.2554358471025484	[1580, 438, 2627, 261, 1086, 1112]	85666
245	0.9782010527108425	0.9975417678162821	1.780457846853921	3.810069908734289	[677, 132, 217, 261, 1086, 1112]	85716
246	0.9785374562183912	0.9975872906344991	1.780457846853921	3.184750484208875	[813, 19, 132, 1108, 1086, 1096]	84464
247	0.9788686683137864	0.9976319704375639	1.780457846853921	3.8498112984743313	[2764, 370, 1713, 174, 1086, 1112]	85107
248	0.9791947691114131	0.9976758228368683	1.780457846853921	2.2790614829839417	[19, 734, 1203, 174, 1086, 1112]	84671
249	0.9795158374893234	0.9977378008945518	1.780457846853921	3.6917975251449304	[1529, 156, 1713, 174, 1086, 1112]	84343
250	0.9798319511083153	0.9977981262040304	1.780457846853921	3.490617761732537	[241, 1729, 1822, 1094, 1086, 1112]	84352
251	0.9801431864307178	0.9978685861655014	1.780457846853921	3.184750484208875	[4284, 19, 132, 1108, 1086, 1112]	85258
252	0.9804496187388858	0.9979159509173792	1.780457846853921	3.770768306464354	[318, 158, 1713, 174, 1086, 1112]	85585
253	0.9807513221534092	0.9979622631192152	1.780457846853921	3.464547836593158	[1726, 132, 217, 261, 1086, 1112]	84185
254	0.9810483696510417	0.9979999989873779	1.780457846853921	2.2790614829839417	[19, 734, 1203, 174, 1086, 1096]	85312
255	0.9813408330823528	0.9980444434543251	1.780457846853921	3.926892758259741	[1781, 390, 3248, 334, 1086, 1112]	85051
256	0.9816287831891066	0.9980879002664511	1.780457846853921	3.6483982096103746	[1715, 132, 387, 344, 1086, 1112]	85056
257	0.9819122896213734	0.9981490874579247	1.780457846853921	3.8003643798949636	[1550, 420, 158, 1115, 1086, 1112]	102445
258	0.982191420954377	0.9981984451257134	1.780457846853921	4.134240849341694	[734, 10, 161, 1023, 1086, 1112]	83068
259	0.982466244705081	0.998231807253015	1.780457846853921	3.752824415762799	[10, 161, 1713, 174, 1086, 1112]	84475
260	0.9827368273485212	0.9982883894209185	1.780457846853921	3.2554358471025484	[1580, 438, 2627, 261, 1086, 1112]	83394
261	0.9830032343338835	0.9983264252115648	1.780457846853921	3.334919766974785	[1715, 132, 19, 334, 1086, 1112]	83693
262	0.9832655301003359	0.9983710538725897	1.780457846853921	3.9660641926173117	[107, 438, 2627, 261, 1086, 1112]	84847
263	0.9835237780926147	0.9984012195416159	1.780457846853921	3.221273652630817	[19, 132, 217, 261, 1086, 1112]	84132
264	0.9837780407763707	0.9984367479962466	1.780457846853921	3.5247094981667253	[2387, 1663, 1546, 234, 1086, 1112]	83844
265	0.9840283796532785	0.9984656971074272	1.780457846853921	2.892248860804172	[241, 1209, 132, 1108, 1086, 1112]	83821
266	0.9842748552759131	0.9984941101239563	1.780457846853921	3.4686455498577784	[732, 734, 1203, 174, 1086, 1112]	83664
267	0.9845175272623958	0.9985443064531578	1.780457846853921	3.4225800030903457	[4196, 1663, 1546, 234, 1086, 1112]	85101
268	0.9847564543108157	0.9985712637410623	1.780457846853921	3.460050044086323	[734, 19, 1987, 334, 1086, 1112]	84086
269	0.9849916942134266	0.9986030134357053	1.780457846853921	3.4669248454207757	[3819, 438, 2627, 261, 1086, 1112]	84266
270	0.9852233038706267	0.9986288835572663	1.780457846853921	3.1589477053178707	[10, 734, 19, 334, 1086, 1112]	84829
271	0.9854513393047221	0.9986542746025021	1.780457846853921	2.294123233325082	[421, 438, 10, 734, 19, 794]	84284
272	0.9856758556734764	0.9986791954431966	1.780457846853921	3.0172048542480914	[19, 132, 1713, 174, 1086, 1112]	84298
273	0.9858969072834536	0.9987036547868411	1.780457846853921	4.218315624025662	[455, 19, 1987, 334, 1086, 1112]	85410
274	0.9861145476031533	0.9987382239925253	1.780457846853921	3.3802769052980004	[1515, 1031, 132, 1108, 1086, 1112]	84118
275	0.9863288292759441	0.9987866761912123	1.780457846853921	3.490617761732537	[241, 1729, 1822, 1094, 1086, 1112]	83906
276	0.9865398041327968	0.9988255025530935	1.780457846853921	3.5779691026203686	[160, 320, 836, 1089, 1086, 1096]	83427
277	0.9867475232048216	0.9988630864713945	1.780457846853921	3.7351968406794853	[1758, 2919, 1203, 174, 1086, 1112]	83735
278	0.9869520367356114	0.998884140425628	1.780457846853921	2.870736037412858	[3, 19, 132, 1108, 1086, 1112]	83057
279	0.9871533941933952	0.9989048044918201	1.780457846853921	3.184750484208875	[455, 19, 132, 1108, 1086, 1112]	84197
280	0.9873516442830033	0.9989250858901196	1.780457846853921	3.5432222043472263	[87, 1265, 255, 174, 1086, 1096]	84722
281	0.9875468349576483	0.9989537502663831	1.780457846853921	2.426484904269537	[734, 19, 132, 1108, 1086, 1112]	84810
282	0.9877390134305241	0.9989731252614501	1.780457846853921	2.545237350214759	[811, 734, 1203, 174, 1086, 1112]	84028
283	0.9879282261862259	0.9990005085878114	1.780457846853921	2.775355892909582	[241, 1720, 132, 1108, 1086, 1112]	84812
284	0.988114518991994	0.9990271616921365	1.780457846853921	2.9611430034036257	[781, 19, 132, 1108, 1086, 1112]	84670
285	0.9882979369087842	0.9990451772163562	1.780457846853921	3.409802677289374	[1791, 420, 158, 1115, 1086, 1112]	84635
286	0.9884785243021672	0.9990757315454328	1.780457846853921	3.409802677289374	[1791, 420, 158, 1115, 1086, 1112]	84684
287	0.9886563248530597	0.9990962708444232	1.780457846853921	3.5848254055927624	[1819, 241, 132, 1094, 1086, 1112]	85088
288	0.9888313815682902	0.9991203702885719	1.780457846853921	3.7351968406794853	[1758, 2919, 1203, 174, 1086, 1112]	85113
289	0.9890037367910018	0.9991438270808767	1.780457846853921	3.5800061191568133	[19, 241, 1729, 1094, 1086, 1112]	86410
290	0.9891734322108937	0.9991596821349344	1.780457846853921	2.1883320890725697	[318, 158, 10, 734, 19, 794]	83722
291	0.9893405088743059	0.9991752435768801	1.780457846853921	3.213233408312252	[241, 132, 217, 261, 1086, 1096]	84509
292	0.9895050071941468	0.999190516843975	1.780457846853921	3.5065031788170664	[811, 734, 19, 334, 1086, 1112]	83823
293	0.9896669669596693	0.9992085053585533	1.780457846853921	3.756627996100052	[2015, 1663, 1546, 234, 1086, 1112]	82826
294	0.9898264273460942	0.9992231626667282	1.780457846853921	3.773546740312346	[420, 545, 132, 1108, 1086, 1096]	82795
295	0.9899834269240865	0.9992438783289488	1.780457846853921	3.585810503855643	[10, 438, 2627, 261, 1086, 1112]	84922
296	0.9901380036690851	0.9992578805821164	1.780457846853921	3.866616265254481	[269, 1402, 1078, 334, 1086, 1112]	84033
297	0.9902901949704882	0.9992935023141748	1.780457846853921	3.069833347705165	[2607, 1587, 132, 1108, 1086, 1112]	83425
298	0.9904400376406967	0.9993092022627488	1.780457846853921	3.6483982096103746	[1715, 132, 387, 344, 1086, 1112]	84189
299	0.9905875679240193	0.9993219948134385	1.780457846853921	2.2790614829839417	[19, 734, 1203, 174, 1086, 1112]	85008
300	0.9907328215054387	0.9993400749517468	1.780457846853921	3.0091646099295257	[241, 132, 1713, 174, 1086, 1112]	84168
301	0.9908758335192437	0.9993547399528192	1.780457846853921	3.773546740312346	[1451, 1713, 132, 1108, 1086, 1112]	85730
302	0.991016638557527	0.9993666892129521	1.780457846853921	3.971179179052567	[2004, 19, 387, 344, 1086, 1112]	84656
303	0.9911552706785528	0.99937841719049	1.780457846853921	3.221273652630817	[19, 132, 217, 261, 1086, 1112]	83817
304	0.9912917634149948	0.9993922301418126	1.780457846853921	3.464547836593158	[1726, 132, 217, 261, 1086, 1112]	84314
305	0.9914261497820474	0.9994034851391863	1.780457846853921	2.518985889172849	[19, 241, 132, 1108, 1086, 1096]	85259
306	0.9915584622854109	0.9994145317106828	1.780457846853921	3.7232750780577044	[734, 19, 387, 344, 1086, 1112]	83607
307	0.9916887329291545	0.9994253737160406	1.780457846853921	2.2790614829839417	[19, 734, 1203, 174, 1086, 1112]	84288
308	0.9918169932234577	0.9994406970836128	1.780457846853921	3.5247094981667253	[2387, 1663, 1546, 234, 1086, 1112]	83332
309	0.9919432741922315	0.9994531260373104	1.780457846853921	3.4669248454207757	[3819, 438, 2627, 261, 1086, 1096]	83665
310	0.992067606380623	0.9994632533329157	1.780457846853921	3.363125263892072	[432, 422, 19, 334, 1086, 1112]	84100
311	0.9921900198624035	0.9994731930860099	1.780457846853921	3.6425874947946353	[119, 409, 19, 334, 1086, 1112]	83505
312	0.992310544247243	0.9994829487696023	1.780457846853921	2.2790614829839417	[19, 734, 1203, 174, 1086, 1112]	83368
313	0.9924292086878719	0.999499494408975	1.780457846853921	3.926892758259741	[1781, 390, 1078, 334, 1086, 1112]	84165
314	0.9925460418871331	0.9995155105878878	1.780457846853921	3.7271075836125993	[1794, 1879, 836, 1089, 1086, 1112]	83612
315	0.9926610721049243	0.9995310142490754	1.780457846853921	3.204410474350957	[5032, 23, 5272, 174, 1086, 1112]	85131
316	0.9927743271650334	0.9995396991703889	1.780457846853921	3.6440743024501234	[1265, 415, 255, 174, 1086, 1112]	84713
317	0.9928858344618694	0.9995482232598261	1.780457846853921	2.426484904269537	[734, 19, 132, 1108, 1086, 1112]	84167
318	0.9929956209670875	0.999558262742941	1.780457846853921	3.7572808301688063	[1917, 10, 158, 1115, 1086, 1112]	84603
319	0.9931037132361139	0.9995664430625162	1.780457846853921	2.790120672112291	[241, 217, 132, 1108, 1086, 1112]	84294
320	0.9932101374145689	0.9995808949604323	1.780457846853921	3.5039302684876574	[4301, 1711, 132, 1108, 1086, 1112]	84349
321	0.993314919244591	0.9995920710948208	1.780457846853921	3.213233408312252	[241, 132, 217, 261, 1086, 1112]	85940
322	0.9934180840710634	0.9996011361816025	1.780457846853921	3.184750484208875	[2006, 19, 132, 1108, 1086, 1112]	83515
323	0.9935196568477445	0.9996099998220114	1.780457846853921	2.5719022564232046	[3895, 1030, 1032, 132, 393, 794]	83212
324	0.993619662143304	0.9996249758288461	1.780457846853921	3.3802769052980004	[1515, 1031, 132, 1108, 1086, 1112]	83339
325	0.9937181241472653	0.9996393767570184	1.780457846853921	3.9230452781866054	[420, 2307, 1468, 1089, 1086, 1112]	83993
326	0.993815066675857	0.9996509167007939	1.780457846853921	3.236190705972595	[734, 19, 132, 1094, 1086, 1112]	84187
327	0.9939105131777727	0.9996573812063347	1.780457846853921	3.363125263892072	[432, 422, 19, 334, 1086, 1112]	84031
328	0.9940044867398441	0.999668345007732	1.780457846853921	3.6060011103515626	[3179, 843, 3094, 174, 1086, 1096]	83534
329	0.9940970100926243	0.9996789579674846	1.780457846853921	3.810069908734289	[677, 132, 217, 261, 1086, 1112]	84143
330	0.9941881056158863	0.999684903190309	1.780457846853921	2.723312616127263	[107, 734, 1203, 174, 1086, 1112]	83479
331	0.9942777953440362	0.9996907383164143	1.780457846853921	3.0091646099295257	[241, 132, 1713, 174, 1086, 1112]	84120
332	0.9943661009714431	0.9996976107982718	1.780457846853921	2.5286478000845856	[2872, 241, 132, 1108, 1086, 1112]	84037
333	0.9944530438576862	0.9997092225436182	1.780457846853921	3.838061935263993	[1719, 1192, 836, 1089, 1086, 1112]	84020
334	0.9945386450327219	0.9997169766091217	1.780457846853921	3.56678126317036	[19, 241, 217, 261, 1086, 1112]	84416
335	0.99462292520197	0.9997260333576298	1.780457846853921	3.676309580563558	[2267, 438, 2627, 261, 1086, 1112]	84311
336	0.9947059047513224	0.9997311068139699	1.780457846853921	3.5432222043472263	[87, 1265, 255, 174, 1086, 1112]	84386
337	0.9947876037520735	0.999739711395923	1.780457846853921	3.544621900098326	[2309, 420, 158, 1115, 1086, 1112]	85090
338	0.994868041965776	0.9997480406312534	1.780457846853921	3.184750484208875	[432, 19, 132, 1108, 1086, 1112]	83488
339	0.9949472388490203	0.9997536397283366	1.780457846853921	3.6721450672688247	[1792, 496, 217, 261, 1086, 1112]	84440
340	0.9950252135581403	0.9997582019555897	1.780457846853921	3.1589477053178707	[10, 734, 19, 334, 1086, 1112]	83302
341	0.995101984953848	0.9997646499034406	1.780457846853921	2.702639471550251	[77, 19, 132, 1108, 1086, 1112]	83100
342	0.9951775716057949	0.9997690082385621	1.780457846853921	3.528922042863038	[1892, 3459, 1203, 174, 1086, 1112]	84003
343	0.9952519917970635	0.9997725729262386	1.780457846853921	2.5026274966442177	[331, 241, 1720, 132, 19, 794]	84294
344	0.9953252635285903	0.9997801538286973	1.780457846853921	3.4225800030903457	[4196, 1663, 1546, 234, 1086, 1112]	83776
345	0.9953974045235194	0.999787188906179	1.780457846853921	3.6060011103515626	[1872, 843, 3094, 174, 1086, 1112]	84015
346	0.9954684322314897	0.9997911298523608	1.780457846853921	3.6804418391159164	[677, 132, 19, 334, 1086, 1112]	84267
347	0.9955383638328557	0.9997978136970853	1.780457846853921	2.7266252539510933	[331, 241, 132, 1108, 1086, 1112]	84065
348	0.9956072162428424	0.99980155788788	1.780457846853921	2.4756583053523458	[1792, 496, 3366, 793, 2372, 794]	84177
349	0.9956750061156381	0.9998052327418082	1.780457846853921	3.6804418391159164	[545, 132, 19, 334, 1086, 1112]	83524
350	0.9957417498484215	0.9998127118045228	1.780457846853921	3.8480675773813147	[1468, 3136, 836, 1089, 1086, 1096]	84222
351	0.9958074635853286	0.9998177061564022	1.780457846853921	3.866616265254481	[1781, 1402, 1078, 334, 1086, 1112]	84252
352	0.9958721632213574	0.9998235395593973	1.780457846853921	3.836139833873668	[1819, 241, 1729, 1094, 1086, 1112]	84290
353	0.9959358644062131	0.9998282451711467	1.780457846853921	3.3692329725658183	[1580, 301, 2627, 261, 1086, 1112]	86098
354	0.9959985825480925	0.9998314258161255	1.780457846853921	3.8498112984743313	[101, 370, 1713, 174, 1086, 1112]	84040
355	0.996060332817412	0.9998368201900094	1.780457846853921	3.464547836593158	[1726, 132, 217, 261, 1086, 1112]	83407
356	0.9961211301504767	0.9998411716516092	1.780457846853921	3.2554358471025484	[1580, 438, 2627, 261, 1086, 1096]	83096
357	0.9961809892530927	0.9998441129173201	1.780457846853921	3.613369342697065	[1582, 420, 158, 1115, 1086, 1112]	83725
358	0.9962399246041252	0.9998469997151476	1.780457846853921	3.397083781329468	[241, 132, 387, 344, 1086, 1112]	83507
359	0.9962979504589998	0.999849833053756	1.780457846853921	3.758359653125659	[107, 420, 158, 1115, 1086, 1112]	84036
360	0.9963550808531512	0.9998526139231309	1.780457846853921	3.7559304011572747	[734, 19, 132, 261, 1086, 1112]	84468
361	0.9964113296054173	0.999856544218514	1.780457846853921	2.702639471550251	[77, 19, 132, 1108, 1086, 1096]	84182
362	0.9964667103213831	0.99985920080706	1.780457846853921	3.0091646099295257	[241, 132, 1713, 174, 1086, 1112]	84047
363	0.9965212363966703	0.9998623296780142	1.780457846853921	3.597226074150603	[846, 10, 158, 1115, 1086, 1096]	84229
364	0.9965749210201785	0.9998653890185029	1.780457846853921	3.7119802833327293	[2149, 420, 1822, 1094, 1086, 1096]	83198
365	0.9966277771772746	0.9998678818144565	1.780457846853921	2.472654499399121	[2004, 19, 241, 132, 393, 794]	84361
366	0.9966798176529339	0.9998721095963938	1.780457846853921	3.5848254055927624	[1819, 241, 132, 1094, 1086, 1112]	85273
367	0.9967310550348331	0.9998762020893093	1.780457846853921	3.0466300264731196	[4118, 23, 5272, 174, 1086, 1112]	85652
368	0.9967815017163943	0.9998784946432109	1.780457846853921	3.221273652630817	[19, 132, 217, 261, 1086, 1112]	84302
369	0.9968311698997833	0.9998823828146282	1.780457846853921	4.101960448965068	[1917, 10, 232, 1023, 1086, 1112]	86041
370	0.9968800715988607	0.9998849965298586	1.780457846853921	3.3383536017876443	[2872, 241, 132, 1094, 1086, 1112]	83163
371	0.9969282186420881	0.9998871262237502	1.780457846853921	4.091690760846012	[677, 1422, 255, 174, 1086, 1096]	84000
372	0.9969756226753893	0.9998892164788659	1.780457846853921	2.2790614829839417	[19, 734, 1203, 174, 1086, 1112]	83981
373	0.9970222951649665	0.9998927615515422	1.780457846853921	3.9237160230782564	[1726, 132, 1729, 1094, 1086, 1112]	83838
374	0.9970682474000752	0.9998947474487359	1.780457846853921	3.5605912733082006	[241, 19, 1987, 334, 1086, 1112]	84167
375	0.9971134904957529	0.9998966965700555	1.780457846853921	3.7008473606648478	[10, 157, 1713, 174, 1086, 1112]	84830
376	0.9971580353955098	0.9998994513281875	1.780457846853921	3.5005121038821185	[734, 10, 158, 1115, 1086, 1112]	84153
377	0.9972018928739742	0.9999021326261024	1.780457846853921	3.409802677289374	[1791, 420, 158, 1115, 1086, 1112]	84175
378	0.9972450735394993	0.9999039449848783	1.780457846853921	3.775462889659569	[420, 158, 1546, 234, 1086, 1096]	84009
379	0.9972875878367292	0.9999065064519482	1.780457846853921	3.6440743024501234	[1265, 415, 255, 174, 1086, 1112]	84303
380	0.9973294460491254	0.9999089996132297	1.780457846853921	3.4347039664096126	[421, 438, 2627, 261, 1086, 1112]	84147
381	0.9973706583014538	0.9999119116256062	1.780457846853921	3.4455895737600724	[190, 196, 1078, 334, 1086, 1112]	84607
382	0.9974112345622338	0.9999135428917987	1.780457846853921	3.236190705972595	[734, 19, 132, 1094, 1086, 1112]	84190
383	0.9974511846461499	0.9999163095192611	1.780457846853921	3.879539149408224	[1456, 23, 5272, 174, 1086, 1112]	85243
384	0.9974905182164254	0.9999185412654142	1.780457846853921	3.844906356519843	[3158, 3083, 19, 334, 1086, 1112]	85147
385	0.9975292447871595	0.9999203514595161	1.780457846853921	3.185727423119737	[1794, 1791, 420, 1582, 793, 794]	85031
386	0.9975673737256293	0.9999218264324881	1.780457846853921	3.460050044086323	[734, 19, 1987, 334, 1086, 1112]	83939
387	0.9976049142545548	0.999923911060955	1.780457846853921	4.012957617861208	[2520, 1277, 254, 174, 1086, 1112]	84423
388	0.9976418754543301	0.9999263459070045	1.780457846853921	3.464547836593158	[1726, 132, 217, 261, 1086, 1112]	82450
389	0.9976782662652202	0.999927482544242	1.780457846853921	2.0839469793305785	[359, 158, 10, 734, 19, 794]	84434
390	0.9977140954895223	0.9999294163430622	1.780457846853921	3.428024668171216	[1647, 1697, 132, 1108, 1086, 1096]	84596
391	0.9977493717936964	0.9999307234478204	1.780457846853921	2.702639471550251	[77, 19, 132, 1108, 1086, 1112]	83849
392	0.9977841037104603	0.9999322629267577	1.780457846853921	3.5764431740820974	[2872, 241, 217, 261, 1086, 1112]	84530
393	0.9978182996408544	0.999933768195052	1.780457846853921	3.575302319672975	[1851, 159, 1713, 174, 1086, 1112]	83932
394	0.9978519678562733	0.999936311496362	1.780457846853921	3.5779691026203686	[160, 320, 836, 1089, 1086, 1112]	83890
395	0.9978851165004666	0.9999383495284784	1.780457846853921	3.838061935263993	[1719, 1192, 836, 1089, 1086, 1112]	83769
396	0.9979177535915088	0.9999403223435671	1.780457846853921	3.464547836593158	[1715, 132, 217, 261, 1086, 1112]	84098
397	0.9979498870237387	0.9999414274853529	1.780457846853921	2.6296491148067798	[241, 1031, 132, 1108, 1086, 1112]	84165
398	0.9979815245696686	0.9999433018058216	1.780457846853921	3.204410474350957	[5032, 23, 5272, 174, 1086, 1112]	83614
399	0.9980126738818651	0.9999451161480353	1.780457846853921	3.926892758259741	[1781, 390, 1078, 334, 1086, 1112]	85072
400	0.9980433424947992	0.9999465797174211	1.780457846853921	3.6724015947973507	[241, 132, 1729, 1094, 1086, 1112]	84390
401	0.9980735378266696	0.9999477668348117	1.780457846853921	4.017543107152484	[1820, 10, 232, 1023, 1086, 1112]	85267
402	0.9981032671811964	0.9999494382960977	1.780457846853921	2.8070241504084494	[3621, 1720, 132, 1108, 1086, 1112]	83541
403	0.9981325377493877	0.9999507866082018	1.780457846853921	4.145935502249088	[432, 394, 193, 1115, 1086, 1112]	83273
404	0.9981613566112799	0.9999523614367393	1.780457846853921	3.484094806967457	[2004, 19, 132, 1094, 1086, 1112]	83609
405	0.998189730737649	0.9999532436323553	1.780457846853921	3.221273652630817	[19, 132, 217, 261, 1086, 1112]	83219
406	0.9982176669916977	0.9999541094910153	1.780457846853921	3.409802677289374	[1791, 420, 158, 1115, 1086, 1112]	82869
407	0.9982451721307147	0.9999549593152558	1.780457846853921	2.775355892909582	[241, 1720, 132, 1108, 1086, 1096]	83360
408	0.9982722528077098	0.9999559602193612	1.780457846853921	3.363125263892072	[432, 422, 19, 334, 1086, 1112]	83305
409	0.998298915573023	0.9999567757708545	1.780457846853921	2.6296491148067798	[241, 1031, 132, 1108, 1086, 1112]	84485
410	0.9983251668759084	0.9999575762195424	1.780457846853921	2.892248860804172	[241, 1209, 132, 1108, 1086, 1096]	84260
411	0.998351013066095	0.9999585189702193	1.780457846853921	3.069833347705165	[2607, 1587, 132, 1108, 1086, 1112]	84023
412	0.9983764603953219	0.9999596251310133	1.780457846853921	3.184750484208875	[432, 19, 132, 1108, 1086, 1096]	85488
413	0.9984015150188509	0.9999607017941864	1.780457846853921	3.8186126393093716	[1791, 420, 1582, 1087, 1086, 1112]	83283
414	0.9984261829969551	0.9999614295387385	1.780457846853921	3.6060011103515626	[2040, 1451, 1713, 174, 1086, 1112]	84641
415	0.9984504702963848	0.9999621438065396	1.780457846853921	3.0172048542480914	[19, 132, 1713, 174, 1086, 1096]	84618
416	0.9984743827918109	0.9999631533050318	1.780457846853921	4.203442485294323	[1555, 2229, 494, 636, 1086, 1112]	84560
417	0.998497926267246	0.9999641358835644	1.780457846853921	3.2554358471025484	[1580, 438, 2627, 261, 1086, 1112]	86371
418	0.9985211064174427	0.9999652835352904	1.780457846853921	3.204410474350957	[5032, 23, 5272, 174, 1086, 1096]	83493
419	0.9985439288492723	0.9999659264327849	1.780457846853921	2.7266252539510933	[331, 241, 132, 1108, 1086, 1112]	83281
420	0.9985663990830799	0.9999665574247704	1.780457846853921	3.9616871501273216	[87, 1265, 193, 1115, 1086, 1112]	82769
421	0.99858852255402	0.9999671767317191	1.780457846853921	3.4051240256480337	[19, 132, 387, 344, 1086, 1112]	83424
422	0.9986103046133715	0.9999679061376809	1.780457846853921	3.451071680941741	[2872, 241, 19, 334, 1086, 1112]	83642
423	0.9986317505298319	0.9999686193346213	1.780457846853921	3.4686455498577784	[1265, 734, 1203, 174, 1086, 1112]	83124
424	0.9986528654907912	0.9999692004580543	1.780457846853921	3.221273652630817	[19, 132, 217, 261, 1086, 1112]	84103
425	0.9986736546035877	0.9999697708199421	1.780457846853921	3.8498112984743313	[101, 370, 1713, 174, 1086, 1096]	83389
426	0.9986941228967422	0.999970442579499	1.780457846853921	3.464547836593158	[1715, 132, 217, 261, 1086, 1112]	83439
427	0.9987142753211752	0.999971230777379	1.780457846853921	3.7669971618612905	[1879, 496, 217, 261, 1086, 1112]	84422
428	0.998734116751404	0.9999718700934372	1.780457846853921	3.5848254055927624	[1819, 241, 132, 1094, 1086, 1112]	84519
429	0.9987536519867218	0.9999726202242789	1.780457846853921	3.843804425147278	[1549, 107, 836, 1089, 1086, 1112]	83311
430	0.9987728857523588	0.9999732286637394	1.780457846853921	3.184750484208875	[432, 19, 132, 1108, 1086, 1112]	85623
431	0.9987918227006248	0.9999739425660397	1.780457846853921	3.6178645301457264	[10, 301, 2627, 261, 1086, 1112]	84437
432	0.9988104674120349	0.999974425111113	1.780457846853921	3.7008473606648478	[10, 157, 1713, 174, 1086, 1112]	84715
433	0.9988288243964172	0.9999748987201664	1.780457846853921	3.575302319672975	[1851, 159, 1713, 174, 1086, 1096]	86433
434	0.9988468980940033	0.9999755680876287	1.780457846853921	3.0172048542480914	[19, 132, 1713, 174, 1086, 1112]	83101
435	0.9988646928765033	0.9999760205304504	1.780457846853921	3.6412264034130413	[107, 10, 158, 1115, 1086, 1112]	83974
436	0.9988822130481622	0.9999766599829717	1.780457846853921	2.426484904269537	[734, 19, 132, 1108, 1086, 1096]	82531
437	0.9988994628468016	0.9999772823834258	1.780457846853921	2.9611430034036257	[781, 19, 132, 1108, 1086, 1112]	84397
438	0.9989164464448448	0.999977703080029	1.780457846853921	2.775355892909582	[241, 1720, 132, 1108, 1086, 1112]	85208
439	0.9989331679503256	0.9999784165814681	1.780457846853921	2.545237350214759	[811, 734, 1203, 174, 1086, 1112]	83830
440	0.9989496314078823	0.9999789921392956	1.780457846853921	2.426484904269537	[734, 19, 132, 1108, 1086, 1096]	84195
441	0.9989658407997359	0.9999794589806446	1.780457846853921	2.967939429092579	[1792, 232, 10, 438, 774, 794]	83675
442	0.9989818000466536	0.999980116293264	1.780457846853921	3.732624610913075	[1582, 420, 1822, 1094, 1086, 1096]	84604
443	0.9989975130088966	0.9999806465254436	1.780457846853921	3.184750484208875	[813, 19, 132, 1108, 1086, 1112]	83757
444	0.9990129834871544	0.9999812658366294	1.780457846853921	3.6483982096103746	[1726, 132, 387, 344, 1086, 1112]	84498
445	0.9990282152234637	0.999981682151371	1.780457846853921	3.879539149408224	[1537, 156, 1713, 174, 1086, 1112]	84452
446	0.999043211902114	0.9999821706273344	1.780457846853921	3.5779691026203686	[157, 320, 836, 1089, 1086, 1112]	85093
447	0.9990579771505381	0.9999827411672597	1.780457846853921	3.3383536017876443	[2872, 241, 132, 1094, 1086, 1112]	84035
448	0.9990725145401903	0.9999831246968761	1.780457846853921	3.6483982096103746	[1715, 132, 387, 344, 1086, 1112]	84360
449	0.9990868275874096	0.9999834372024896	1.780457846853921	3.7669971618612905	[1879, 496, 217, 261, 1086, 1112]	85973
450	0.9991009197542706	0.999983743920962	1.780457846853921	3.5492810816234277	[158, 420, 1822, 1094, 1086, 1112]	84001
451	0.9991147944494208	0.9999841051671629	1.780457846853921	3.363125263892072	[432, 422, 19, 334, 1086, 1112]	83921
452	0.999128455028905	0.9999843995159191	1.780457846853921	3.4686455498577784	[1265, 734, 1203, 174, 1086, 1112]	84238
453	0.9991419047969774	0.9999848987314096	1.780457846853921	2.426484904269537	[734, 19, 132, 1108, 1086, 1112]	83865
454	0.9991551470069007	0.9999852343151561	1.780457846853921	3.363125263892072	[432, 422, 19, 334, 1086, 1112]	83450
455	0.9991681848617324	0.9999855077537644	1.780457846853921	3.7379752745274795	[276, 132, 1713, 174, 1086, 1096]	84361
456	0.9991810215151007	0.9999862033815836	1.780457846853921	3.4714239837057717	[5415, 1587, 132, 1108, 1086, 1112]	83476
457	0.9991936600719664	0.9999864588745173	1.780457846853921	2.2790614829839417	[19, 734, 1203, 174, 1086, 1112]	84359
458	0.9992061035893743	0.9999867096361003	1.780457846853921	3.9397218173230932	[1549, 107, 1546, 234, 1086, 1096]	85308
459	0.9992183550771927	0.9999869557539502	1.780457846853921	3.5432222043472263	[87, 1265, 255, 174, 1086, 1112]	84447
460	0.999230417498841	0.9999871973140623	1.780457846853921	3.6425874947946353	[119, 409, 19, 334, 1086, 1112]	83185
461	0.999242293772007	0.9999874818181943	1.780457846853921	2.932900051767541	[1723, 241, 132, 1108, 1086, 1096]	84144
462	0.9992539867693525	0.9999878156363757	1.780457846853921	3.9714357928126214	[1813, 1666, 1546, 234, 1086, 1112]	84401
463	0.9992654993192083	0.9999881405527391	1.780457846853921	2.7266252539510933	[331, 241, 132, 1108, 1086, 1112]	84081
464	0.9992768342062575	0.9999884040960115	1.780457846853921	3.184750484208875	[813, 19, 132, 1108, 1086, 1112]	85015
465	0.9992879941722103	0.9999886617827668	1.780457846853921	3.184750484208875	[732, 19, 132, 1108, 1086, 1096]	86632
466	0.9992989819164663	0.9999888717497526	1.780457846853921	3.575302319672975	[1851, 159, 1713, 174, 1086, 1112]	84324
467	0.9993098000967677	0.9999891685030926	1.780457846853921	3.8498112984743313	[386, 370, 1713, 174, 1086, 1112]	83599
468	0.9993204513298424	0.9999895151109937	1.780457846853921	2.932900051767541	[4015, 241, 132, 1108, 1086, 1096]	82591
469	0.9993309381920361	0.9999897947080337	1.780457846853921	2.1976818767155635	[10, 734, 1203, 174, 1086, 1112]	84292
470	0.9993412632199368	0.9999900214922997	1.780457846853921	3.5673687331398343	[2297, 400, 19, 334, 1086, 1096]	83595
471	0.9993514289109872	0.9999902062794793	1.780457846853921	3.7008473606648478	[10, 157, 1713, 174, 1086, 1112]	83513
472	0.9993614377240893	0.9999904674453599	1.780457846853921	4.175479118545495	[1549, 162, 836, 1089, 1086, 1096]	84238
473	0.9993712920801989	0.9999906792799075	1.780457846853921	3.451071680941741	[2872, 241, 19, 334, 1086, 1112]	84581
474	0.999380994362912	0.999991037195559	1.780457846853921	3.4714239837057717	[2146, 1728, 132, 1108, 1086, 1112]	84429
475	0.9993905469190398	0.999991203173419	1.780457846853921	3.649049134808248	[331, 241, 19, 334, 1086, 1112]	83782
476	0.9993999520591781	0.9999914846718696	1.780457846853921	3.9534318621183226	[2309, 420, 1582, 1087, 1086, 1112]	83365
477	0.9994092120582648	0.9999917685161406	1.780457846853921	2.793516874800511	[1259, 734, 1203, 174, 1086, 1112]	83646
478	0.9994183291561312	0.9999919209510268	1.780457846853921	3.0836053386938795	[241, 132, 19, 334, 1086, 1112]	85289
479	0.9994273055580427	0.999992070563045	1.780457846853921	3.833920023961542	[2764, 400, 19, 334, 1086, 1096]	85113
480	0.9994361434352333	0.999992246772755	1.780457846853921	3.575302319672975	[1851, 159, 1713, 174, 1086, 1112]	84766
481	0.9994448449254304	0.9999923903510374	1.780457846853921	4.032084968437989	[77, 19, 132, 261, 1086, 1112]	86866
482	0.9994534121333712	0.9999925312704626	1.780457846853921	2.819141811018918	[1718, 132, 19, 409, 4290, 794]	83576
483	0.9994618471313131	0.99999269724223	1.780457846853921	3.428024668171216	[321, 1398, 132, 1108, 1086, 1112]	82927
484	0.9994701519595336	0.999992859525736	1.780457846853921	3.0373270629232803	[3284, 734, 1203, 174, 1086, 1112]	83207
485	0.9994783286268247	0.999992991756741	1.780457846853921	3.6663831967223626	[359, 158, 1713, 174, 1086, 1112]	84484
486	0.9994863791109787	0.9999932160205253	1.780457846853921	3.316188644224363	[2627, 261, 132, 1108, 1086, 1112]	82568
487	0.999494305359266	0.9999933416497748	1.780457846853921	3.6663831967223626	[359, 158, 1713, 174, 1086, 1112]	82672
488	0.999502109288907	0.9999935192057808	1.780457846853921	4.003204554967674	[734, 19, 1987, 1114, 1086, 1112]	83857
489	0.9995097927875349	0.9999936392204886	1.780457846853921	2.1976818767155635	[10, 734, 1203, 174, 1086, 1112]	83947
490	0.9995173577136532	0.9999937570127018	1.780457846853921	3.6663831967223626	[359, 158, 1713, 174, 1086, 1112]	82701
491	0.9995248058970845	0.999993923492363	1.780457846853921	3.0466300264731196	[4118, 23, 5272, 174, 1086, 1112]	82252
492	0.9995321391394135	0.9999941260426176	1.780457846853921	3.4225800030903457	[4196, 1663, 1546, 234, 1086, 1112]	82922
493	0.9995393592144225	0.9999942348196061	1.780457846853921	3.926571328946758	[734, 19, 422, 636, 1086, 1112]	84341
494	0.999546467868521	0.9999944193053788	1.780457846853921	3.4885679563002645	[3869, 438, 2627, 261, 1086, 1112]	83133
495	0.9995534668211672	0.999994568123902	1.780457846853921	3.6917975251449304	[1529, 156, 1713, 174, 1086, 1112]	83677
496	0.9995603577652851	0.9999947419439371	1.780457846853921	3.9566544801462404	[1849, 420, 158, 1089, 1086, 1112]	82999
497	0.9995671423676726	0.9999948393153457	1.780457846853921	3.5605912733082006	[241, 19, 1987, 334, 1086, 1112]	84695
498	0.999573822269406	0.99999493488358	1.780457846853921	2.870736037412858	[3, 19, 132, 1108, 1086, 1112]	82122
499	0.9995803990862362	0.9999950699533512	1.780457846853921	3.5492810816234277	[158, 420, 1822, 1094, 1086, 1112]	81884
