0	0.015432098765432056	0.01851851851851849	2.5286478000845856	2.5286478000845856	[2872, 241, 132, 1108, 1086, 1112]	85587
1	0.030626047858558048	0.04032921810699586	2.5286478000845856	2.5286478000845856	[2872, 241, 132, 1108, 1086, 1112]	75670
2	0.045585522428642	0.06165523548239593	2.5286478000845856	3.363125263892072	[432, 422, 19, 334, 1086, 1112]	68283
3	0.06031414090968146	0.08250734136056492	2.5286478000845856	3.671150278463103	[2490, 390, 1078, 334, 1086, 1112]	68000
4	0.07481546589564314	0.09949794615018404	2.5286478000845856	3.363125263892072	[432, 422, 19, 334, 1086, 1112]	68273
5	0.08909300500219186	0.11617391011036582	2.5286478000845856	4.201140360204991	[107, 10, 494, 636, 1086, 1112]	68644
6	0.10315021171512095	0.1325410599231368	2.5286478000845856	3.397083781329468	[241, 132, 387, 344, 1086, 1112]	70633
7	0.11699048622569008	0.15181792525817828	2.5286478000845856	3.838061935263993	[2582, 1192, 836, 1089, 1086, 1112]	69865
8	0.13061717625307134	0.17895975164991662	2.5286478000845856	3.204410474350957	[5032, 23, 5272, 174, 1086, 1112]	69775
9	0.1440335778541042	0.19720509050214075	2.5286478000845856	3.977006837862077	[3136, 1468, 1546, 234, 1086, 1112]	68280
10	0.1572429362205532	0.21207166290024926	2.1976818767155635	2.1976818767155635	[10, 734, 1203, 174, 1086, 1112]	69436
11	0.17024844646406312	0.2372853696874413	2.1976818767155635	2.5286478000845856	[2872, 241, 132, 1108, 1086, 1112]	73293
12	0.18305325438900033	0.25140971469322937	2.1976818767155635	3.736204611367037	[77, 19, 1987, 334, 1086, 1096]	69820
13	0.19566045725336756	0.2680450543667132	2.1976818767155635	3.0373270629232803	[846, 734, 1203, 174, 1086, 1112]	71232
14	0.208073104517976	0.29615212427903137	2.1976818767155635	3.5779691026203686	[257, 320, 836, 1089, 1086, 1112]	68840
15	0.22029419858405663	0.3149214009649238	2.1976818767155635	3.756627996100052	[2015, 1663, 1546, 234, 1086, 1112]	69302
16	0.2323266955194878	0.3331901636058592	2.1976818767155635	2.6296491148067798	[241, 1031, 132, 1108, 1086, 1112]	210566
17	0.2441735057738167	0.3480081599701734	2.1976818767155635	3.184750484208875	[4284, 19, 132, 1108, 1086, 1112]	77172
18	0.2558374948822454	0.3600820829336887	2.1976818767155635	3.6060011103515626	[545, 132, 1713, 174, 1086, 1112]	72343
19	0.2673214841587539	0.37193241473121297	2.1976818767155635	3.752824415762799	[10, 161, 1713, 174, 1086, 1112]	70943
20	0.2786282513785262	0.3858894721816305	2.1976818767155635	3.5673687331398343	[2297, 400, 19, 334, 1086, 1096]	70529
21	0.28976053144984526	0.3972618893634522	2.1976818767155635	2.1976818767155635	[10, 734, 1203, 174, 1086, 1112]	72910
22	0.30072101707561927	0.41065606959981993	2.1976818767155635	3.697543484746859	[1819, 241, 19, 334, 1086, 1112]	71701
23	0.31151235940469924	0.4215698460887122	2.1976818767155635	3.5492810816234277	[158, 420, 1822, 1094, 1086, 1112]	73490
24	0.32213716867314524	0.4322815156055878	2.1976818767155635	3.6425874947946353	[119, 409, 19, 334, 1086, 1096]	73682
25	0.3325980148355967	0.4512054650854015	2.1976818767155635	3.069833347705165	[2607, 1587, 132, 1108, 1086, 1112]	164528
26	0.34289742818689917	0.4634008991946148	2.1976818767155635	3.184750484208875	[732, 19, 132, 1108, 1086, 1112]	167416
27	0.35303789997413837	0.4805720704203872	2.1976818767155635	3.8377000442262252	[3819, 438, 132, 1108, 1086, 1112]	81673
28	0.3630218829992288	0.4944234818758435	2.1976818767155635	3.409802677289374	[1791, 420, 158, 1115, 1086, 1112]	74451
29	0.37285179221220366	0.5056585156119359	2.1976818767155635	3.5891433710848464	[1807, 157, 1713, 174, 1086, 1096]	72824
30	0.38253000529534864	0.529386906862563	2.1976818767155635	3.5039302684876574	[4301, 1711, 132, 1108, 1086, 1112]	130410
31	0.3920588632383216	0.5398449755989505	2.1976818767155635	3.260479038210432	[1726, 132, 1713, 174, 1086, 1112]	71888
32	0.40144067090439683	0.5521157762496451	2.1976818767155635	3.236190705972595	[734, 19, 132, 1094, 1086, 1112]	71380
33	0.4106776975879709	0.5620687589996529	2.1976818767155635	2.5286478000845856	[2872, 241, 132, 1108, 1086, 1112]	71870
34	0.4197721775634652	0.5718005643552162	2.1976818767155635	3.184750484208875	[1456, 19, 132, 1108, 1086, 1096]	81247
35	0.4287263106257574	0.5832192159724104	2.1976818767155635	3.6663831967223626	[359, 158, 1713, 174, 1086, 1112]	81011
36	0.43754226262227347	0.590937378639588	2.1976818767155635	2.870736037412858	[3, 19, 132, 1108, 1086, 1096]	82535
37	0.44622216597686803	0.6018457152091989	2.1976818767155635	3.3692329725658183	[1580, 301, 2627, 261, 1086, 1112]	94799
38	0.4547681202056201	0.609218942705325	2.1976818767155635	3.6060011103515626	[545, 132, 1713, 174, 1086, 1112]	86980
39	0.46318219242466907	0.6242249353054405	2.1976818767155635	2.6296491148067798	[241, 1031, 132, 1108, 1086, 1112]	100949
40	0.47146641785021426	0.632575492298653	2.1976818767155635	3.597226074150603	[846, 10, 158, 1115, 1086, 1112]	141523
41	0.4796228002907974	0.6393796498486779	2.1976818767155635	3.56678126317036	[19, 241, 217, 261, 1086, 1096]	117211
42	0.48765331263198874	0.6460578044811098	2.1976818767155635	3.775462889659569	[420, 158, 1546, 234, 1086, 1112]	107098
43	0.49555989731359384	0.6573839547377143	2.1976818767155635	3.592725015116719	[2149, 420, 158, 1115, 1086, 1112]	101913
44	0.5033444667994951	0.6637286963166456	2.1976818767155635	2.723312616127263	[107, 734, 1203, 174, 1086, 1096]	97967
45	0.5110089040402437	0.6744893780345129	2.1976818767155635	3.184750484208875	[432, 19, 132, 1108, 1086, 1112]	79506
46	0.5185550629285114	0.6831696612869258	2.1976818767155635	3.397083781329468	[241, 132, 387, 344, 1086, 1112]	253403
47	0.5259847687475159	0.6933082321257442	2.1976818767155635	3.5644935086479057	[1414, 3251, 3248, 334, 1086, 1112]	69169
48	0.5332998186125233	0.6989877093086008	2.1976818767155635	3.8824796627235756	[1580, 438, 254, 174, 1086, 1112]	72361
49	0.5405019819055399	0.7105465812711506	2.1976818767155635	2.8070241504084494	[3621, 1720, 132, 1108, 1086, 1112]	72974
50	0.5475930007032939	0.7169788794651251	2.1976818767155635	3.529057945505385	[1791, 420, 1822, 1094, 1086, 1096]	73223
51	0.5545745901986134	0.724526109346055	2.1976818767155635	2.790120672112291	[241, 217, 132, 1108, 1086, 1112]	71885
52	0.5614484391153014	0.7377488560974443	2.1976818767155635	3.8276748976068466	[5593, 1720, 132, 1108, 1086, 1112]	72911
53	0.5682162101166085	0.7426053587623065	2.1976818767155635	2.518985889172849	[19, 241, 132, 1108, 1086, 1112]	72578
54	0.5748795402074016	0.7508419872819126	2.1976818767155635	3.597226074150603	[846, 10, 158, 1115, 1086, 1096]	71197
55	0.5814400411301268	0.757486200954395	2.1976818767155635	4.022179304717063	[988, 420, 1582, 1087, 1086, 1112]	73625
56	0.5878992997546619	0.7619771972330174	2.1976818767155635	3.184750484208875	[813, 19, 132, 1108, 1086, 1112]	78769
57	0.5942588784621516	0.7663850269138873	2.1976818767155635	3.998590429430397	[542, 269, 2013, 2116, 1086, 1112]	86105
58	0.6005203155229208	0.772614759529517	2.1976818767155635	3.5005121038821185	[734, 10, 158, 1115, 1086, 1112]	84586
59	0.6066851254685548	0.7786783659420632	2.1976818767155635	3.671150278463103	[2490, 390, 1078, 334, 1086, 1112]	106325
60	0.6127547994582376	0.7860557537439944	2.1976818767155635	3.4225800030903457	[4196, 1663, 1546, 234, 1086, 1112]	98340
61	0.6187308056394376	0.7929019696241866	2.1976818767155635	4.171406373824202	[318, 158, 420, 458, 1086, 1112]	388767
62	0.6246145895030265	0.7967371183348498	2.1976818767155635	3.221273652630817	[19, 132, 217, 261, 1086, 1112]	88467
63	0.630407574232918	0.8005012457730933	2.1976818767155635	3.8541227312790616	[119, 400, 19, 334, 1086, 1112]	87011
64	0.6361111610503113	0.8049345514225801	2.1976818767155635	3.260479038210432	[1715, 132, 1713, 174, 1086, 1096]	82194
65	0.6417267295526212	0.8101362967179779	2.1976818767155635	3.4714239837057717	[396, 1728, 132, 1108, 1086, 1112]	79313
66	0.6472556380471796	0.8151993288054986	2.1976818767155635	3.5123452732533087	[77, 19, 132, 1094, 1086, 1096]	79596
67	0.6526992238797849	0.8201273467040187	2.1976818767155635	2.775355892909582	[241, 1720, 132, 1108, 1086, 1112]	90803
68	0.6580588037581832	0.8234583217650553	2.1976818767155635	3.998590429430397	[542, 269, 2013, 2116, 1086, 1112]	86818
69	0.6633356740705569	0.8281660998513205	2.1976818767155635	3.0172048542480914	[19, 132, 1713, 174, 1086, 1112]	84115
70	0.6685311111990977	0.8336647846560782	2.1976818767155635	3.673264351591776	[21, 1417, 5272, 174, 1086, 1112]	80364
71	0.6736463718287411	0.8381003903985828	2.1976818767155635	3.5779691026203686	[157, 320, 836, 1089, 1086, 1112]	78262
72	0.6786826932511372	0.8432811779058281	2.1976818767155635	3.3692329725658183	[1580, 301, 2627, 261, 1086, 1112]	84495
73	0.6836412936639282	0.8492991806742443	2.1976818767155635	3.4714239837057717	[396, 1728, 132, 1108, 1086, 1112]	78224
74	0.6885233724654107	0.8533178691895977	2.1976818767155635	3.7351968406794853	[1758, 2919, 1203, 174, 1086, 1112]	111208
75	0.6933301105446482	0.8572293926778751	2.1976818767155635	3.6412264034130413	[107, 10, 158, 1115, 1086, 1096]	99423
76	0.6980626705671074	0.8610366088731318	2.1976818767155635	3.585810503855643	[10, 438, 2627, 261, 1086, 1112]	96183
77	0.7027221972558866	0.8641246842315067	2.1976818767155635	3.5247094981667253	[2387, 1663, 1546, 234, 1086, 1112]	393822
78	0.7073098176686043	0.8677480259853332	2.1976818767155635	3.2554358471025484	[1580, 438, 2627, 261, 1086, 1112]	71881
79	0.7118266414700147	0.8701971366152343	2.1976818767155635	2.1976818767155635	[10, 734, 1203, 174, 1086, 1112]	90734
80	0.7162737612004157	0.8726008933445819	2.1976818767155635	3.6425874947946353	[119, 409, 19, 334, 1086, 1112]	72247
81	0.7206522525399155	0.8754319846035912	2.1976818767155635	3.363125263892072	[432, 422, 19, 334, 1086, 1096]	78141
82	0.7249631745686205	0.8794181610962762	2.1976818767155635	3.6804418391159164	[19, 132, 1729, 1094, 1086, 1112]	92533
83	0.7292075700228084	0.8826336768003755	2.1976818767155635	3.3802769052980004	[1515, 1031, 132, 1108, 1086, 1112]	98835
84	0.7333864655471478	0.8852418173159228	2.1976818767155635	3.4225800030903457	[4196, 1663, 1546, 234, 1086, 1112]	93582
85	0.7375008719430252	0.8873669688471094	2.1976818767155635	4.0289907423309	[4210, 415, 255, 174, 1086, 1112]	85815
86	0.7415517844130401	0.8898699250949514	2.1976818767155635	2.5286478000845856	[2872, 241, 132, 1108, 1086, 1112]	87174
87	0.7455401828017278	0.8919093709265264	2.1976818767155635	2.870736037412858	[3, 19, 132, 1108, 1086, 1112]	90464
88	0.7494670318325654	0.894791787701819	2.1976818767155635	3.4714239837057717	[396, 1728, 132, 1108, 1086, 1112]	81687
89	0.753333281341322	0.8967400879295631	2.1976818767155635	4.003300750436941	[320, 232, 193, 1115, 1086, 1096]	78095
90	0.7571398665058078	0.8990347526422395	2.1976818767155635	3.663877168314336	[2309, 420, 1822, 1094, 1086, 1112]	77261
91	0.7608877080720762	0.9022656405576879	2.1976818767155635	3.5644935086479057	[1414, 3251, 3248, 334, 1086, 1112]	78655
92	0.7645777125771367	0.9040755361029158	2.1976818767155635	3.2554358471025484	[1580, 438, 2627, 261, 1086, 1112]	227033
93	0.7682107725682302	0.905851915063973	2.1976818767155635	3.236190705972595	[734, 19, 132, 1094, 1086, 1112]	70669
94	0.7717877668187205	0.9094672015255164	2.1976818767155635	3.4714239837057717	[2146, 1728, 132, 1108, 1086, 1112]	72784
95	0.7753095605406538	0.911881409484836	2.1976818767155635	4.003204554967674	[734, 19, 1987, 1114, 1086, 1112]	75644
96	0.7787770055940388	0.9135132352351167	2.1976818767155635	3.0373270629232803	[3284, 734, 1203, 174, 1086, 1096]	75056
97	0.7821909406928962	0.916280811707593	2.1976818767155635	3.4347039664096126	[421, 438, 2627, 261, 1086, 1112]	80468
98	0.7855521916081293	0.9178311670463413	2.1976818767155635	3.5069954494906392	[542, 269, 132, 1108, 1086, 1112]	77488
99	0.7888615713672631	0.9193528121010387	2.1976818767155635	2.761508511129903	[1259, 734, 19, 409, 4290, 794]	80340
100	0.7921198804511016	0.9215034037783443	2.1976818767155635	2.518985889172849	[19, 241, 132, 1108, 1086, 1112]	86212
101	0.79532790698735	0.92324777258327	2.1976818767155635	3.4347039664096126	[421, 438, 2627, 261, 1086, 1112]	107742
102	0.7984864269412489	0.9246691101280242	2.1976818767155635	2.545237350214759	[811, 734, 1203, 174, 1086, 1112]	116644
103	0.8015962043032667	0.9266779338579436	2.1976818767155635	2.6296491148067798	[241, 1031, 132, 1108, 1086, 1112]	96374
104	0.8046579912738953	0.9294935011977986	2.1976818767155635	3.32346175437313	[2040, 545, 132, 1108, 1086, 1112]	95990
105	0.8076725284455943	0.9310603122822919	2.1976818767155635	2.793516874800511	[1259, 734, 1203, 174, 1086, 1112]	133193
106	0.8106405449819278	0.9323369731659532	2.1976818767155635	3.4686455498577784	[732, 734, 1203, 174, 1086, 1112]	120604
107	0.8135627587939351	0.9345021900246427	2.1976818767155635	2.426484904269537	[734, 19, 132, 1108, 1086, 1112]	362192
108	0.8164398767137817	0.9357151124315938	2.1976818767155635	3.536331055654151	[331, 241, 132, 1094, 1086, 1112]	81793
109	0.8192725946657295	0.9374293761000846	2.1976818767155635	2.426484904269537	[734, 19, 132, 1108, 1086, 1112]	75675
110	0.8220615978344683	0.9398320880578414	2.1976818767155635	3.9230452781866054	[420, 2307, 1468, 1089, 1086, 1096]	74668
111	0.8248075608308499	0.9411691527676671	2.1976818767155635	3.597226074150603	[846, 10, 158, 1115, 1086, 1112]	81501
112	0.8275111478550652	0.9422586129015992	2.1976818767155635	3.649049134808248	[331, 241, 19, 334, 1086, 1112]	80572
113	0.8301730128573019	0.9433278978478659	2.1976818767155635	2.7266252539510933	[331, 241, 132, 1108, 1086, 1112]	77456
114	0.8327937996959238	0.9451414051167342	2.1976818767155635	3.6060011103515626	[1723, 132, 1713, 174, 1086, 1112]	88221
115	0.8353741422932088	0.9468968801529987	2.1976818767155635	3.879539149408224	[1544, 156, 1713, 174, 1086, 1112]	83240
116	0.837914664788684	0.9489360399551235	2.1976818767155635	4.28324627288549	[1742, 1743, 193, 1115, 1086, 1112]	85566
117	0.8404159816900932	0.9498816688448435	2.1976818767155635	3.810069908734289	[677, 132, 217, 261, 1086, 1112]	77120
118	0.8428786980220363	0.9508097860884575	2.1976818767155635	3.0091646099295257	[241, 132, 1713, 174, 1086, 1112]	82815
119	0.8453034094723135	0.9521215251260986	2.1976818767155635	2.8070241504084494	[3621, 1720, 132, 1108, 1086, 1112]	79257
120	0.8476907025360123	0.9533982844560693	2.1976818767155635	2.518985889172849	[19, 241, 132, 1108, 1086, 1112]	77030
121	0.8500411546573702	0.9544338781348233	2.1976818767155635	3.464547836593158	[1726, 132, 217, 261, 1086, 1112]	76516
122	0.8523553343694478	0.9554464586207161	2.1976818767155635	3.528922042863038	[2528, 3459, 1203, 174, 1086, 1112]	78184
123	0.8546338014316477	0.9564365373180336	2.1976818767155635	3.334919766974785	[1726, 132, 19, 334, 1086, 1112]	245165
124	0.8568771069651099	0.9572432681084403	2.1976818767155635	3.397083781329468	[241, 132, 387, 344, 1086, 1112]	74523
125	0.8590857935860187	0.9580350594397655	2.1976818767155635	3.213233408312252	[241, 132, 217, 261, 1086, 1112]	83113
126	0.8612603955368516	0.9591541245213717	2.1976818767155635	2.426484904269537	[734, 19, 132, 1108, 1086, 1112]	88619
127	0.8634014388156039	0.9604611925366878	2.1976818767155635	3.975940387032824	[2309, 420, 158, 1089, 1086, 1112]	88739
128	0.8655094413030175	0.9611933926748973	2.1976818767155635	2.2790614829839417	[19, 734, 1203, 174, 1086, 1112]	93081
129	0.8675849128878474	0.9622282355369001	2.1976818767155635	2.775355892909582	[241, 1720, 132, 1108, 1086, 1112]	93314
130	0.8696283555901955	0.9632354825892494	2.1976818767155635	3.5504141572377215	[10, 158, 1713, 174, 1086, 1112]	107686
131	0.8716402636829393	0.9644119471463934	2.1976818767155635	3.204410474350957	[5032, 23, 5272, 174, 1086, 1112]	81736
132	0.8736211238112891	0.9655507648377089	2.1976818767155635	2.7751196038897037	[1819, 241, 132, 1108, 1086, 1112]	128653
133	0.8755714151104975	0.9663163033968709	2.1976818767155635	3.0373270629232803	[846, 734, 1203, 174, 1086, 1112]	97877
134	0.8774916093217553	0.9669400755561881	2.1976818767155635	2.892248860804172	[241, 1209, 132, 1108, 1086, 1112]	91892
135	0.8793821709062961	0.9678216735413564	2.1976818767155635	3.613369342697065	[1582, 420, 158, 1115, 1086, 1112]	111338
136	0.8812435571577422	0.9684175684757758	2.1976818767155635	3.4051240256480337	[19, 132, 387, 344, 1086, 1096]	126668
137	0.8830762183127152	0.9690024283188169	2.1976818767155635	3.9432681249598085	[269, 1337, 254, 174, 1086, 1112]	123608
138	0.8848805976597413	0.9696912632450654	2.1976818767155635	3.5764431740820974	[2872, 241, 217, 261, 1086, 1112]	276595
139	0.8866571316464736	0.9702525361479346	2.1976818767155635	3.6842932849867926	[19, 387, 344, 174, 1086, 1112]	89174
140	0.8884062499852626	0.9714424347020172	2.1976818767155635	3.866616265254481	[4345, 1402, 1078, 334, 1086, 1112]	90266
141	0.890128375757095	0.97220396977663	2.1976818767155635	3.4393549165098385	[241, 1031, 132, 1094, 1086, 1112]	99085
142	0.89182392551393	0.9728216593371494	2.1976818767155635	3.0373270629232803	[846, 734, 1203, 174, 1086, 1112]	99810
143	0.8934933093794557	0.9736913662383606	2.1976818767155635	3.597226074150603	[846, 10, 158, 1115, 1086, 1112]	91920
144	0.8951369311482913	0.9743929298053376	2.1976818767155635	3.4714239837057717	[2146, 1728, 132, 1108, 1086, 1112]	104120
145	0.8967551883836571	0.9750757850105287	2.1976818767155635	3.7282586004404497	[2557, 2558, 255, 174, 1086, 1112]	99784
146	0.898348472513539	0.9756296564547391	2.1976818767155635	3.451071680941741	[2872, 241, 19, 334, 1086, 1112]	89610
147	0.8999171689253671	0.9760809591129848	2.1976818767155635	2.1976818767155635	[10, 734, 1203, 174, 1086, 1112]	89482
148	0.9014616570592349	0.9765239043145961	2.1976818767155635	3.7232750780577044	[734, 19, 387, 344, 1086, 1112]	93364
149	0.9029823104996788	0.9774253863889156	2.1976818767155635	2.6296491148067798	[241, 1031, 132, 1108, 1086, 1112]	79202
150	0.9044794970660417	0.9781477740244703	2.1976818767155635	3.204410474350957	[5032, 23, 5272, 174, 1086, 1112]	85079
151	0.9059535789014423	0.9787305000504845	2.1976818767155635	3.428024668171216	[321, 1398, 132, 1108, 1086, 1112]	86926
152	0.9074049125603707	0.979411124048869	2.1976818767155635	2.8070241504084494	[3621, 1720, 132, 1108, 1086, 1096]	93513
153	0.9088338490949328	0.9800699680793051	2.1976818767155635	3.464547836593158	[1715, 132, 217, 261, 1086, 1112]	87986
154	0.9102407341397641	0.9804390427445032	2.1976818767155635	2.731400785148984	[1535, 496, 3366, 793, 2372, 794]	253368
155	0.9116259079956319	0.9809606682713164	2.1976818767155635	2.870736037412858	[3, 19, 132, 1108, 1086, 1096]	76857
156	0.9129897057117488	0.9815699268866344	2.1976818767155635	3.0466300264731196	[4118, 23, 5272, 174, 1086, 1112]	95357
157	0.9143324571668143	0.9821596892262621	2.1976818767155635	3.0466300264731196	[4118, 23, 5272, 174, 1086, 1096]	92398
158	0.9156544871488079	0.9824900653517016	2.1976818767155635	3.9343585605063875	[269, 1337, 240, 234, 1086, 1096]	84428
159	0.9169561154335486	0.9828791750105527	2.1976818767155635	2.908087279681541	[1792, 496, 2729, 438, 774, 794]	83094
160	0.9182376568620432	0.9831962273251721	2.1976818767155635	3.213233408312252	[241, 132, 217, 261, 1086, 1096]	101645
161	0.9194994214166413	0.9836443279298341	2.1976818767155635	2.518985889172849	[19, 241, 132, 1108, 1086, 1112]	88797
162	0.9207417142960141	0.9842723857373286	2.1976818767155635	3.7271075836125993	[1794, 1879, 836, 1089, 1086, 1112]	118801
163	0.9219648359889768	0.984775669393734	2.1976818767155635	3.9419056929468645	[846, 10, 232, 1023, 1086, 1112]	104890
164	0.9231690823471717	0.9850576014419982	2.1976818767155635	3.4607062329820666	[420, 158, 1713, 174, 1086, 1096]	113901
165	0.9243547446566289	0.9854560654035449	2.1976818767155635	4.044687829631563	[1582, 420, 158, 1089, 1086, 1112]	116830
166	0.9255221097082241	0.9858439036594504	2.1976818767155635	2.426484904269537	[734, 19, 132, 1108, 1086, 1112]	123217
167	0.9266714598670478	0.9862968987423479	2.1976818767155635	3.6721450672688247	[1792, 496, 217, 261, 1086, 1112]	107654
168	0.9278030731407044	0.986550659876749	2.1976818767155635	3.9010739829384757	[1580, 438, 970, 261, 1086, 1112]	117851
169	0.9289172232465578	0.9867997217308832	2.1976818767155635	3.4607062329820666	[420, 158, 1713, 174, 1086, 1096]	323888
170	0.9300141796779381	0.9872221306354949	2.1976818767155635	3.5247094981667253	[2387, 1663, 1546, 234, 1086, 1112]	77075
171	0.9310942077693279	0.9875628738185485	2.1976818767155635	3.9128741871805746	[10, 107, 836, 1089, 1086, 1112]	84127
172	0.932157568760542	0.9879608618563549	2.1976818767155635	3.703061766034991	[2357, 438, 2627, 261, 1086, 1096]	83178
173	0.9332045198599164	0.988228398259547	2.1976818767155635	2.8070241504084494	[3621, 1720, 132, 1108, 1086, 1112]	89553
174	0.9342353143065225	0.9884899894093349	2.1976818767155635	4.041600675524487	[1879, 496, 3366, 150, 1086, 1096]	110486
175	0.9352502014314219	0.9887031377536064	2.1976818767155635	3.913538059743548	[2627, 438, 8, 174, 1086, 1112]	83116
176	0.936249426717974	0.9889123389063174	2.1976818767155635	2.426484904269537	[734, 19, 132, 1108, 1086, 1112]	84315
177	0.9372332318612151	0.9894445466388142	2.1976818767155635	3.5039302684876574	[4301, 1711, 132, 1108, 1086, 1112]	76911
178	0.9382018548263199	0.9896074394375979	2.1976818767155635	2.5964912308174863	[1792, 496, 3366, 793, 4290, 794]	76317
179	0.9391555299061606	0.9899400013755948	2.1976818767155635	2.426484904269537	[734, 19, 132, 1108, 1086, 1112]	80649
180	0.9400944877779791	0.9902082680055789	2.1976818767155635	2.1976818767155635	[10, 734, 1203, 174, 1086, 1112]	80550
181	0.9410189555591831	0.9904693808587635	2.1976818767155635	2.426484904269537	[734, 19, 132, 1108, 1086, 1112]	82060
182	0.9419291568622822	0.9906458738058234	2.1976818767155635	2.870736037412858	[3, 19, 132, 1108, 1086, 1096]	78827
183	0.9428253118489753	0.9908190983649748	2.1976818767155635	2.518985889172849	[19, 241, 132, 1108, 1086, 1112]	79039
184	0.9437076372834047	0.9910639224085754	2.1976818767155635	3.409802677289374	[1791, 420, 158, 1115, 1086, 1112]	78422
185	0.9445763465845868	0.9912294053269352	2.1976818767155635	2.870736037412858	[3, 19, 132, 1108, 1086, 1096]	185476
186	0.9454316498780345	0.991424307430781	2.1976818767155635	3.260479038210432	[1726, 132, 1713, 174, 1086, 1112]	73687
187	0.9462737540465833	0.9916529925659603	2.1976818767155635	3.6632814211403364	[241, 1126, 19, 334, 1086, 1112]	72395
188	0.9471028627804323	0.991875579430868	2.1976818767155635	3.0373270629232803	[3284, 734, 1203, 174, 1086, 1112]	73150
189	0.9479191766264133	0.9920260316636297	2.1976818767155635	3.4607062329820666	[420, 158, 1713, 174, 1086, 1096]	74427
190	0.9487228930364995	0.9921736977439328	2.1976818767155635	3.213233408312252	[241, 132, 217, 261, 1086, 1112]	79034
191	0.9495142064155659	0.9923186292671934	2.1976818767155635	3.6022839188384888	[193, 1265, 255, 174, 1086, 1112]	106559
192	0.9502933081684121	0.9925234658200682	2.1976818767155635	3.9660641926173117	[1549, 438, 2627, 261, 1086, 1112]	101940
193	0.9510603867460601	0.9927228400648663	2.1976818767155635	3.2554358471025484	[1580, 438, 2627, 261, 1086, 1112]	82482
194	0.9518156276913369	0.9928576022858874	2.1976818767155635	3.213233408312252	[241, 132, 217, 261, 1086, 1112]	92307
195	0.9525592136837545	0.9929898689102228	2.1976818767155635	2.5872420769840634	[811, 3459, 1203, 174, 1086, 1112]	102127
196	0.9532913245836966	0.9931456496011067	2.1976818767155635	2.932900051767541	[4015, 241, 132, 1108, 1086, 1112]	91524
197	0.9540121374759235	0.9933649888138713	2.1976818767155635	3.204410474350957	[5032, 23, 5272, 174, 1086, 1112]	110130
198	0.9547218267124061	0.9935419224455014	2.1976818767155635	4.133167556076189	[2040, 545, 132, 1094, 1086, 1112]	102191
199	0.9554205639544987	0.9936615164742884	2.1976818767155635	3.397083781329468	[241, 132, 387, 344, 1086, 1096]	132948
200	0.9561085182144601	0.9938023716637486	2.1976818767155635	3.7232750780577044	[734, 19, 387, 344, 1086, 1112]	356521
201	0.9567858558963357	0.9940006957705088	2.1976818767155635	3.0373270629232803	[3284, 734, 1203, 174, 1086, 1096]	85674
202	0.9574527408362071	0.9941606772166285	2.1976818767155635	3.1589477053178707	[10, 734, 19, 334, 1086, 1096]	83912
203	0.9581093343418212	0.9943163924908517	2.1976818767155635	3.7282586004404497	[2557, 2558, 255, 174, 1086, 1112]	83429
204	0.9587557952316079	0.9944679553577623	2.1976818767155635	4.29575610164138	[157, 320, 232, 1023, 1086, 1096]	81751
205	0.9593922798730954	0.9945533264170562	2.1976818767155635	2.463055679652065	[1849, 420, 1582, 793, 2372, 794]	97848
206	0.9600189422207328	0.9946985710459346	2.1976818767155635	2.9611430034036257	[781, 19, 132, 1108, 1086, 1112]	98028
207	0.960635933853129	0.9947803832211517	2.114855114018017	2.114855114018017	[1580, 438, 10, 734, 19, 794]	99906
208	0.9612434040097164	0.9949808165054594	2.114855114018017	3.428024668171216	[1647, 1697, 132, 1108, 1086, 1112]	96020
209	0.9618414996268504	0.9951735531516498	2.114855114018017	3.773546740312346	[1402, 269, 132, 1108, 1086, 1112]	105683
210	0.9624303653733497	0.9952629317969897	2.114855114018017	3.6178645301457264	[10, 301, 2627, 261, 1086, 1112]	96951
211	0.9630101436854893	0.9953506552822305	2.114855114018017	3.5605912733082006	[241, 19, 1987, 334, 1086, 1112]	90037
212	0.963580974801454	0.9954746378080378	2.114855114018017	2.892248860804172	[241, 1209, 132, 1108, 1086, 1112]	84895
213	0.9641429967952587	0.9956194493981806	2.114855114018017	3.975940387032824	[2309, 420, 158, 1089, 1086, 1112]	87276
214	0.9646963456101467	0.9957167949671099	2.114855114018017	4.202491060728659	[1535, 496, 3366, 150, 1086, 1112]	80001
215	0.9652411550914716	0.9958538575281624	2.114855114018017	3.671150278463103	[2490, 390, 3248, 334, 1086, 1096]	76616
216	0.9657775570190723	0.9959459940275365	2.114855114018017	3.5673687331398343	[2297, 400, 19, 334, 1086, 1112]	177473
217	0.9663056811391484	0.9960360830491468	2.114855114018017	3.334919766974785	[1715, 132, 19, 334, 1086, 1112]	73425
218	0.966825655195643	0.9961094889186071	2.114855114018017	3.184750484208875	[455, 19, 132, 1108, 1086, 1112]	72359
219	0.9673376049611423	0.9962132358807776	2.114855114018017	3.5779691026203686	[257, 320, 836, 1089, 1086, 1112]	73792
220	0.9678416542672975	0.9963586476229557	2.114855114018017	3.5779691026203686	[160, 320, 836, 1089, 1086, 1112]	72923
221	0.9683379250347776	0.9964395665646678	2.114855114018017	2.426484904269537	[734, 19, 132, 1108, 1086, 1112]	73630
222	0.9688265373027594	0.9965055005171739	2.114855114018017	3.6440743024501234	[1265, 415, 255, 174, 1086, 1112]	72647
223	0.9693076092579637	0.9965831560612367	2.114855114018017	3.663877168314336	[2309, 420, 1822, 1094, 1086, 1112]	72762
224	0.969781257263242	0.9966590859265426	2.114855114018017	3.260479038210432	[1726, 132, 1713, 174, 1086, 1112]	74501
225	0.9702475958857228	0.9967659951768932	2.114855114018017	3.4455895737600724	[190, 196, 1078, 334, 1086, 1112]	73060
226	0.9707067379245234	0.9968522353055094	2.114855114018017	3.5800061191568133	[19, 241, 1729, 1094, 1086, 1112]	71922
227	0.9711587944380339	0.9969529637757331	2.114855114018017	4.593108008238338	[255, 1422, 148, 1108, 1086, 1112]	73688
228	0.9716038747707803	0.997020675691828	2.114855114018017	3.260479038210432	[1715, 132, 1713, 174, 1086, 1112]	73768
229	0.9720420865798731	0.9970868828986762	2.114855114018017	3.4669248454207757	[3819, 438, 2627, 261, 1086, 1112]	73833
230	0.9724735358610479	0.9971516188342612	2.114855114018017	3.451071680941741	[2872, 241, 19, 334, 1086, 1112]	87067
231	0.9728983269743033	0.9972043666336267	2.114855114018017	2.2790614829839417	[19, 734, 1203, 174, 1086, 1112]	100679
232	0.9733165626691443	0.99727891685673	2.114855114018017	3.5504141572377215	[10, 158, 1713, 174, 1086, 1112]	361547
233	0.9737283441094353	0.9973659915173146	2.114855114018017	3.613369342697065	[1582, 420, 158, 1115, 1086, 1096]	79235
234	0.97413377089787	0.9974362317435196	2.114855114018017	2.892248860804172	[241, 1209, 132, 1108, 1086, 1112]	90583
235	0.9745329411000634	0.9974837089334544	2.114855114018017	3.5297365521895774	[1546, 677, 132, 1108, 1086, 1112]	94197
236	0.9749259512682722	0.9975642302475839	2.114855114018017	3.597226074150603	[846, 10, 158, 1115, 1086, 1112]	98257
237	0.9753128964647495	0.9976421748796612	2.114855114018017	3.0466300264731196	[4118, 23, 5272, 174, 1086, 1112]	90609
238	0.975693870284738	0.9976945709934465	2.114855114018017	3.334919766974785	[1715, 132, 19, 334, 1086, 1112]	99203
239	0.9760689648791093	0.9977683447216562	2.114855114018017	3.4885679563002645	[3869, 438, 2627, 261, 1086, 1112]	98201
240	0.9764382709766539	0.9978096716712551	2.114855114018017	2.2790614829839417	[19, 734, 1203, 174, 1086, 1112]	123672
241	0.9768018779060265	0.9978502333069726	2.114855114018017	3.6804418391159164	[545, 132, 19, 334, 1086, 1112]	90377
242	0.9771598736173532	0.9979075604187867	2.114855114018017	2.7266252539510933	[331, 241, 132, 1108, 1086, 1112]	115967
243	0.9775123447035052	0.9979463092999203	2.114855114018017	2.426484904269537	[734, 19, 132, 1108, 1086, 1112]	97353
244	0.9778593764210437	0.9979843406091811	2.114855114018017	3.462983623397844	[1742, 400, 19, 334, 1086, 1112]	94106
245	0.9782010527108425	0.9980291330400881	2.114855114018017	3.334919766974785	[1715, 132, 19, 334, 1086, 1112]	111993
246	0.9785374562183912	0.9980729300836417	2.114855114018017	3.316188644224363	[2627, 261, 132, 1108, 1086, 1112]	95382
247	0.9788686683137864	0.9981157538595608	2.114855114018017	2.940940296086106	[1548, 19, 132, 1108, 1086, 1112]	90475
248	0.9791947691114131	0.9981760497360548	2.114855114018017	3.4225800030903457	[4196, 1663, 1546, 234, 1086, 1112]	161756
249	0.9795158374893234	0.9982098265927946	2.114855114018017	3.0373270629232803	[3284, 734, 1203, 174, 1086, 1112]	80366
250	0.9798319511083153	0.9982671121418252	2.114855114018017	3.597226074150603	[846, 10, 158, 1115, 1086, 1096]	79701
251	0.9801431864307178	0.9983133224847098	2.114855114018017	3.4714239837057717	[396, 1728, 132, 1108, 1086, 1112]	94319
252	0.9804496187388858	0.9983780909012969	2.114855114018017	2.6296491148067798	[241, 1031, 132, 1108, 1086, 1112]	125537
253	0.9807513221534092	0.9984299919924554	2.114855114018017	2.8070241504084494	[3621, 1720, 132, 1108, 1086, 1112]	89844
254	0.9810483696510417	0.9984718588726567	2.114855114018017	2.9611430034036257	[781, 19, 132, 1108, 1086, 1112]	102491
255	0.9813408330823528	0.9985058175643754	2.114855114018017	3.2668366914063895	[420, 1822, 1729, 241, 19, 794]	124734
256	0.9816287831891066	0.9985334876094796	2.114855114018017	3.575302319672975	[1851, 159, 1713, 174, 1086, 1096]	101379
257	0.9819122896213734	0.9985804160059761	2.114855114018017	3.9566544801462404	[1849, 420, 158, 1089, 1086, 1112]	98741
258	0.982191420954377	0.9986182715791502	2.114855114018017	3.0172048542480914	[19, 132, 1713, 174, 1086, 1112]	98709
259	0.982466244705081	0.9986438591424992	2.114855114018017	3.363125263892072	[432, 422, 19, 334, 1086, 1112]	80599
260	0.9827368273485212	0.9986739956059992	2.114855114018017	3.977006837862077	[3136, 1468, 1546, 234, 1086, 1112]	82135
261	0.9830032343338835	0.9987249141747289	2.114855114018017	3.4455895737600724	[190, 196, 1078, 334, 1086, 1112]	81077
262	0.9832655301003359	0.9987532494152904	2.114855114018017	3.8229149778872156	[1819, 241, 217, 261, 1086, 1112]	74201
263	0.9835237780926147	0.9987763373890813	2.114855114018017	3.462983623397844	[1742, 400, 19, 334, 1086, 1112]	74705
264	0.9837780407763707	0.9987989978078021	2.114855114018017	3.7379752745274795	[1712, 132, 1713, 174, 1086, 1112]	169640
265	0.9840283796532785	0.9988212385891391	2.114855114018017	3.236190705972595	[734, 19, 132, 1094, 1086, 1112]	75197
266	0.9842748552759131	0.998852672226762	2.114855114018017	3.081560325988364	[241, 1126, 132, 1108, 1086, 1112]	73327
267	0.9845175272623958	0.9988781683995006	2.114855114018017	3.32346175437313	[2040, 545, 132, 1108, 1086, 1112]	75034
268	0.9847564543108157	0.9988989430587691	2.114855114018017	2.727931492650741	[846, 162, 107, 734, 19, 794]	72755
269	0.9849916942134266	0.9989234109907965	2.114855114018017	2.7751196038897037	[1819, 241, 132, 1108, 1086, 1112]	74525
270	0.9852233038706267	0.9989433478243003	2.114855114018017	3.529057945505385	[1791, 420, 1822, 1094, 1086, 1112]	74297
271	0.9854513393047221	0.9989715252156522	2.114855114018017	2.545237350214759	[811, 734, 1203, 174, 1086, 1096]	75547
272	0.9856758556734764	0.99899438021086	2.114855114018017	3.0373270629232803	[846, 734, 1203, 174, 1086, 1112]	75154
273	0.9858969072834536	0.9990265600441125	2.114855114018017	3.4714239837057717	[5415, 1587, 132, 1108, 1086, 1112]	74710
274	0.9861145476031533	0.9990481920431322	2.114855114018017	3.236190705972595	[734, 19, 132, 1094, 1086, 1112]	77733
275	0.9863288292759441	0.9990693433310626	2.114855114018017	3.5673687331398343	[2297, 400, 19, 334, 1086, 1112]	87003
276	0.9865398041327968	0.9990865777138207	2.114855114018017	3.9113193810298625	[734, 19, 132, 3279, 1086, 1112]	80415
277	0.9867475232048216	0.9991158072269785	2.114855114018017	3.5891433710848464	[1807, 157, 1713, 174, 1086, 1112]	93098
278	0.9869520367356114	0.9991321811672196	2.114855114018017	3.4607062329820666	[420, 158, 1713, 174, 1086, 1112]	108326
279	0.9871533941933952	0.9991482518863452	2.114855114018017	2.6296491148067798	[241, 1031, 132, 1108, 1086, 1112]	334292
280	0.9873516442830033	0.999170965169376	2.114855114018017	2.6296491148067798	[241, 1031, 132, 1108, 1086, 1112]	81493
281	0.9875468349576483	0.9991863176662393	2.114855114018017	3.7498600569240876	[382, 409, 19, 334, 1086, 1112]	84456
282	0.9877390134305241	0.9992175630678558	2.114855114018017	3.6845784447295697	[107, 734, 19, 334, 1086, 1112]	91217
283	0.9879282261862259	0.9992349505552367	2.114855114018017	3.069833347705165	[2607, 1587, 132, 1108, 1086, 1112]	99764
284	0.988114518991994	0.9992467568738288	2.114855114018017	2.114855114018017	[1580, 438, 10, 734, 19, 794]	123571
285	0.9882979369087842	0.9992634956099659	2.114855114018017	2.793516874800511	[1259, 734, 1203, 174, 1086, 1112]	121336
286	0.9884785243021672	0.9992831357270335	2.114855114018017	3.6845784447295697	[107, 734, 19, 334, 1086, 1112]	105740
287	0.9886563248530597	0.9993022521076459	2.114855114018017	3.397083781329468	[241, 132, 387, 344, 1086, 1112]	103961
288	0.9888313815682902	0.9993151733649117	2.114855114018017	3.6842932849867926	[19, 387, 344, 174, 1086, 1112]	115931
289	0.9890037367910018	0.9993303917345804	2.114855114018017	2.932900051767541	[1723, 241, 132, 1108, 1086, 1112]	102263
290	0.9891734322108937	0.9993561046919724	2.114855114018017	3.7282586004404497	[2557, 2558, 255, 174, 1086, 1112]	107250
291	0.9893405088743059	0.9993732752335199	2.114855114018017	3.5005121038821185	[734, 10, 158, 1115, 1086, 1112]	124024
292	0.9895050071941468	0.999384881247714	2.114855114018017	2.723312616127263	[107, 734, 1203, 174, 1086, 1096]	109661
293	0.9896669669596693	0.9994012844144415	2.114855114018017	3.585810503855643	[10, 438, 2627, 261, 1086, 1112]	110435
294	0.9898264273460942	0.9994145892052317	2.114855114018017	3.5247094981667253	[2387, 1663, 1546, 234, 1086, 1096]	201843
295	0.9899834269240865	0.9994275983340044	2.114855114018017	3.4686455498577784	[1265, 734, 1203, 174, 1086, 1112]	83494
296	0.9901380036690851	0.9994381983648561	2.114855114018017	3.6412264034130413	[107, 10, 158, 1115, 1086, 1112]	79397
297	0.9902901949704882	0.9994506828456371	2.114855114018017	3.464547836593158	[1726, 132, 217, 261, 1086, 1112]	94722
298	0.9904400376406967	0.9994689934174492	2.114855114018017	3.4225800030903457	[4196, 1663, 1546, 234, 1086, 1112]	98443
299	0.9905875679240193	0.9994859856280909	2.114855114018017	3.597226074150603	[846, 10, 158, 1115, 1086, 1112]	88676
300	0.9907328215054387	0.9994955044127558	2.114855114018017	2.9611430034036257	[781, 19, 132, 1108, 1086, 1112]	88526
301	0.9908758335192437	0.9995048469236307	2.114855114018017	3.363125263892072	[432, 422, 19, 334, 1086, 1112]	75542
302	0.991016638557527	0.9995158503253279	2.114855114018017	3.334919766974785	[1726, 132, 19, 334, 1086, 1112]	85070
303	0.9911552706785528	0.999524816060044	2.114855114018017	3.8824796627235756	[1580, 438, 254, 174, 1086, 1112]	88282
304	0.9912917634149948	0.9995336157626358	2.114855114018017	3.585810503855643	[2040, 438, 2627, 261, 1086, 1112]	84559
305	0.9914261497820474	0.9995422525077722	2.114855114018017	2.1976818767155635	[10, 734, 1203, 174, 1086, 1096]	78934
306	0.9915584622854109	0.9995507293131838	2.114855114018017	3.770768306464353	[241, 1587, 132, 1094, 1086, 1112]	73431
307	0.9916887329291545	0.9995590491407174	2.114855114018017	2.723312616127263	[107, 734, 1203, 174, 1086, 1096]	73128
308	0.9918169932234577	0.9995731595682145	2.114855114018017	4.471416518068552	[2267, 261, 132, 1094, 1086, 1112]	73792
309	0.9919432741922315	0.9995810640206549	2.114855114018017	2.1976818767155635	[10, 734, 1203, 174, 1086, 1112]	72657
310	0.992067606380623	0.9995888220943465	2.114855114018017	2.6296491148067798	[241, 1031, 132, 1108, 1086, 1096]	107584
311	0.9921900198624035	0.9996019797873275	2.114855114018017	3.069833347705165	[2607, 1587, 132, 1108, 1086, 1112]	71525
312	0.992310544247243	0.9996125936596654	2.114855114018017	2.518985889172849	[19, 241, 132, 1108, 1086, 1096]	72601
313	0.9924292086878719	0.9996212026894505	2.114855114018017	3.1777378921616712	[1582, 1579, 1580, 438, 774, 794]	72371
314	0.9925460418871331	0.9996313039510653	2.114855114018017	4.031403602506499	[1799, 1019, 1010, 1105, 1086, 1112]	72180
315	0.9926610721049243	0.9996431022246312	2.114855114018017	3.0466300264731196	[4118, 23, 5272, 174, 1086, 1112]	73093
316	0.9927743271650334	0.9996497114426935	2.114855114018017	2.2790614829839417	[19, 734, 1203, 174, 1086, 1112]	74754
317	0.9928858344618694	0.9996561982678288	2.114855114018017	3.649049134808248	[331, 241, 19, 334, 1086, 1112]	74755
318	0.9929956209670875	0.9996625649665727	2.114855114018017	2.5872420769840634	[811, 3459, 1203, 174, 1086, 1112]	83032
319	0.9931037132361139	0.9996715632341308	2.114855114018017	3.5247094981667253	[2387, 1663, 1546, 234, 1086, 1112]	76255
320	0.9932101374145689	0.9996788618289278	2.114855114018017	3.9854341029169698	[421, 438, 3366, 150, 1086, 1096]	77868
321	0.993314919244591	0.9996891382504022	2.114855114018017	3.6060011103515626	[3180, 843, 3094, 174, 1086, 1112]	81980
322	0.9934180840710634	0.9996948949494688	2.114855114018017	2.723312616127263	[107, 734, 1203, 174, 1086, 1112]	104521
323	0.9935196568477445	0.9997005450429972	2.114855114018017	2.545237350214759	[811, 734, 1203, 174, 1086, 1112]	105245
324	0.993619662143304	0.9997060905051639	2.114855114018017	3.528922042863038	[1892, 3459, 1203, 174, 1086, 1112]	117562
325	0.9937181241472653	0.9997115332735867	2.114855114018017	3.7232750780577044	[734, 19, 387, 344, 1086, 1112]	403129
326	0.993815066675857	0.9997226103958811	2.114855114018017	3.490617761732537	[241, 1729, 1822, 1094, 1086, 1112]	86855
327	0.9939105131777727	0.9997277472404018	2.114855114018017	3.0172048542480914	[19, 132, 1713, 174, 1086, 1096]	85545
328	0.9940044867398441	0.999735007313991	2.114855114018017	3.4455895737600724	[190, 196, 1078, 334, 1086, 1112]	87134
329	0.9940970100926243	0.9997399145859541	2.114855114018017	3.460050044086323	[734, 19, 1987, 334, 1086, 1112]	87400
330	0.9941881056158863	0.9997447309825106	2.114855114018017	3.409802677289374	[1791, 420, 158, 1115, 1086, 1096]	83818
331	0.9942777953440362	0.9997545333127822	2.114855114018017	3.3802769052980004	[1515, 1031, 132, 1108, 1086, 1112]	87094
332	0.9943661009714431	0.9997623882467731	2.114855114018017	3.3383536017876443	[2872, 241, 132, 1094, 1086, 1112]	99114
333	0.9944530438576862	0.9997699918228764	2.114855114018017	2.7266252539510933	[331, 241, 132, 1108, 1086, 1112]	107433
334	0.9945386450327219	0.9997742512335639	2.114855114018017	3.0172048542480914	[19, 132, 1713, 174, 1086, 1112]	94860
335	0.99462292520197	0.9997784317662757	2.114855114018017	3.184750484208875	[455, 19, 132, 1108, 1086, 1112]	101462
336	0.9947059047513224	0.999782534881715	2.114855114018017	2.702639471550251	[77, 19, 132, 1108, 1086, 1112]	83858
337	0.9947876037520735	0.9997873674398992	2.114855114018017	4.017654981928133	[3819, 438, 3366, 150, 1086, 1096]	76565
338	0.994868041965776	0.9997920926079014	2.114855114018017	3.528922042863038	[1892, 3459, 1203, 174, 1086, 1096]	86669
339	0.9949472388490203	0.999797636805024	2.114855114018017	3.841121164223872	[1791, 420, 158, 1089, 1086, 1112]	94522
340	0.9950252135581403	0.9998041124272632	2.114855114018017	2.793516874800511	[1259, 734, 1203, 174, 1086, 1096]	81280
341	0.995101984953848	0.9998103808295908	2.114855114018017	3.4669248454207757	[3819, 438, 2627, 261, 1086, 1112]	147178
342	0.9951775716057949	0.9998164486430439	2.114855114018017	3.6060011103515626	[1723, 132, 1713, 174, 1086, 1096]	80577
343	0.9952519917970635	0.9998198477422467	2.114855114018017	3.8061659836099055	[1580, 438, 3366, 150, 1086, 1112]	76344
344	0.9953252635285903	0.9998256126144949	2.114855114018017	3.4885679563002645	[3869, 438, 2627, 261, 1086, 1112]	88245
345	0.9953974045235194	0.999831193010831	2.114855114018017	3.3383536017876443	[2872, 241, 132, 1094, 1086, 1112]	75579
346	0.9954684322314897	0.999834319066186	2.114855114018017	3.942044072910205	[276, 132, 217, 261, 1086, 1112]	76183
347	0.9955383638328557	0.9998387372244211	2.114855114018017	3.838061935263993	[2582, 1192, 836, 1089, 1086, 1112]	76133
348	0.9956072162428424	0.9998423208416561	2.114855114018017	3.17671023989031	[2072, 241, 132, 1108, 1086, 1112]	75241
349	0.9956750061156381	0.9998475768136009	2.114855114018017	3.7547827034028183	[1259, 734, 19, 334, 1086, 1096]	73365
350	0.9957417498484215	0.999850963995521	2.114855114018017	4.232777445148174	[1820, 10, 494, 636, 1086, 1112]	73239
351	0.9958074635853286	0.9998537239215298	2.114855114018017	4.265141720252105	[1402, 269, 2013, 2116, 1086, 1112]	75581
352	0.9958721632213574	0.999859340922943	2.114855114018017	3.4714239837057717	[2146, 1728, 132, 1108, 1086, 1112]	74543
353	0.9959358644062131	0.999864742231502	2.114855114018017	2.6296491148067798	[241, 1031, 132, 1108, 1086, 1112]	76651
354	0.9959985825480925	0.9998677479596909	2.114855114018017	3.260479038210432	[1726, 132, 1713, 174, 1086, 1096]	80922
355	0.996060332817412	0.9998701970715484	2.114855114018017	3.5432222043472263	[87, 1265, 255, 174, 1086, 1112]	89457
356	0.9961211301504767	0.9998726008294827	2.114855114018017	2.9611430034036257	[781, 19, 132, 1108, 1086, 1112]	386075
357	0.9961809892530927	0.9998759981406965	2.114855114018017	3.7351968406794853	[1758, 2919, 1203, 174, 1086, 1112]	73417
358	0.9962399246041252	0.9998782944714244	2.114855114018017	3.3286916908759068	[19, 241, 132, 1094, 1086, 1112]	74465
359	0.9962979504589998	0.9998829679637217	2.114855114018017	2.6296491148067798	[241, 1031, 132, 1108, 1086, 1096]	76521
360	0.9963550808531512	0.9998867129888825	2.114855114018017	3.428024668171216	[321, 1398, 132, 1108, 1086, 1112]	86461
361	0.9964113296054173	0.9998888108964958	2.114855114018017	3.0172048542480914	[19, 132, 1713, 174, 1086, 1112]	86167
362	0.9964667103213831	0.999892368947808	2.114855114018017	3.9944562859119337	[732, 19, 132, 1094, 1086, 1112]	84863
363	0.9965212363966703	0.9998947607489679	2.114855114018017	2.793516874800511	[1259, 734, 1203, 174, 1086, 1112]	97173
364	0.9965749210201785	0.9998970993989907	2.114855114018017	3.5673687331398343	[2297, 400, 19, 334, 1086, 1112]	105985
365	0.9966277771772746	0.9998993860790132	2.114855114018017	3.597226074150603	[846, 10, 158, 1115, 1086, 1112]	89498
366	0.9966798176529339	0.9999012492997722	2.114855114018017	3.5605912733082006	[241, 19, 1987, 334, 1086, 1112]	112544
367	0.9967310550348331	0.9999034437597772	2.114855114018017	2.169207381239823	[1799, 1019, 10, 734, 19, 794]	146040
368	0.9967815017163943	0.9999052318382999	2.114855114018017	3.1589477053178707	[10, 734, 19, 334, 1086, 1112]	123613
369	0.9968311698997833	0.9999082644194743	2.114855114018017	3.0466300264731196	[4118, 23, 5272, 174, 1086, 1112]	125712
370	0.9968800715988607	0.9999107107016216	2.114855114018017	3.8006129755638893	[1745, 1714, 132, 1108, 1086, 1112]	121589
371	0.9969282186420881	0.9999123642071472	2.114855114018017	2.545237350214759	[811, 734, 1203, 174, 1086, 1112]	406443
372	0.9969756226753893	0.9999157294215928	2.114855114018017	3.5297365521895774	[1546, 677, 132, 1108, 1086, 1112]	94470
373	0.9970222951649665	0.999917976637017	2.114855114018017	3.5253359932117423	[1849, 420, 158, 1115, 1086, 1112]	81257
374	0.9970682474000752	0.9999206013846323	2.114855114018017	3.703061766034991	[2357, 438, 2627, 261, 1086, 1112]	92221
375	0.9971134904957529	0.9999227186810422	2.114855114018017	3.1589477053178707	[10, 734, 19, 334, 1086, 1112]	87089
376	0.9971580353955098	0.9999244360436857	2.114855114018017	3.585810503855643	[2040, 438, 2627, 261, 1086, 1096]	85881
377	0.9972018928739742	0.9999268540902878	2.114855114018017	3.204410474350957	[5032, 23, 5272, 174, 1086, 1112]	95351
378	0.9972450735394993	0.999928479554948	2.114855114018017	3.6721450672688247	[1792, 496, 217, 261, 1086, 1112]	73881
379	0.9972875878367292	0.9999300688981714	2.114855114018017	4.049998115315724	[2149, 420, 1546, 234, 1086, 1112]	97437
380	0.9973294460491254	0.9999316229226565	2.114855114018017	2.8070241504084494	[3621, 1720, 132, 1108, 1086, 1112]	80666
381	0.9973706583014538	0.9999331424132641	2.114855114018017	2.793516874800511	[1259, 734, 1203, 174, 1086, 1112]	86714
382	0.9974112345622338	0.9999341741661458	2.090331146420964	2.090331146420964	[241, 132, 19, 409, 4290, 794]	93072
383	0.9974511846461499	0.9999356369624537	2.090331146420964	3.464547836593158	[1715, 132, 217, 261, 1086, 1112]	79935
384	0.9974905182164254	0.9999368288705565	2.090331146420964	2.545237350214759	[811, 734, 1203, 174, 1086, 1112]	96132
385	0.9975292447871595	0.9999378037336651	2.090331146420964	2.3984252807317645	[811, 734, 19, 132, 393, 794]	81444
386	0.9975673737256293	0.999938955516375	2.090331146420964	2.5872420769840634	[811, 3459, 1203, 174, 1086, 1112]	73693
387	0.9976049142545548	0.9999405833692717	2.090331146420964	3.536331055654151	[331, 241, 132, 1094, 1086, 1112]	138310
388	0.9976418754543301	0.9999416836772481	2.090331146420964	2.702639471550251	[77, 19, 132, 1108, 1086, 1112]	71602
389	0.9976782662652202	0.9999429795955315	2.090331146420964	3.260479038210432	[1715, 132, 1713, 174, 1086, 1096]	71961
390	0.9977140954895223	0.9999440355289476	2.090331146420964	3.4607062329820666	[420, 158, 1713, 174, 1086, 1112]	73480
391	0.9977493717936964	0.9999450719080412	2.090331146420964	2.426484904269537	[734, 19, 132, 1108, 1086, 1096]	73109
392	0.9977841037104603	0.9999462925323069	2.090331146420964	2.426484904269537	[734, 19, 132, 1108, 1086, 1096]	72989
393	0.9978182996408544	0.9999477247314454	2.090331146420964	2.702639471550251	[77, 19, 132, 1108, 1086, 1112]	73758
394	0.9978519678562733	0.99994888640408	2.090331146420964	3.597226074150603	[846, 10, 158, 1115, 1086, 1112]	73120
395	0.9978851165004666	0.9999502494333045	2.090331146420964	4.001534977136717	[2149, 420, 1582, 1087, 1086, 1112]	74867
396	0.9979177535915088	0.9999513550014533	2.090331146420964	2.545237350214759	[811, 734, 1203, 174, 1086, 1112]	72878
397	0.9979498870237387	0.9999529116414068	2.090331146420964	3.626211045907998	[1580, 438, 132, 1108, 1086, 1112]	75559
398	0.9979815245696686	0.9999537836480474	2.090331146420964	2.545237350214759	[811, 734, 1203, 174, 1086, 1112]	74118
399	0.9980126738818651	0.9999548106780908	2.090331146420964	3.464547836593158	[1715, 132, 217, 261, 1086, 1112]	76660
400	0.9980433424947992	0.9999558148852443	2.090331146420964	4.481540657997043	[813, 19, 387, 344, 1086, 1112]	79542
401	0.9980735378266696	0.9999567967766834	2.090331146420964	3.204410474350957	[5032, 23, 5272, 174, 1086, 1112]	82235
402	0.9981032671811964	0.9999581792798294	2.090331146420964	2.5286478000845856	[2872, 241, 132, 1108, 1086, 1096]	264406
403	0.9981325377493877	0.9999589537376103	2.090331146420964	3.236190705972595	[734, 19, 132, 1094, 1086, 1112]	85565
404	0.9981613566112799	0.9999597138535806	2.090331146420964	3.7559304011572747	[734, 19, 132, 261, 1086, 1112]	91050
405	0.998189730737649	0.999960459893329	2.090331146420964	2.426484904269537	[734, 19, 132, 1108, 1086, 1112]	95248
406	0.9982176669916977	0.9999611921175267	2.090331146420964	3.5504141572377215	[10, 158, 1713, 174, 1086, 1112]	99873
407	0.9982451721307147	0.9999622269943926	2.090331146420964	3.3286916908759068	[19, 241, 132, 1094, 1086, 1112]	94973
408	0.9982722528077098	0.9999630663945173	2.090331146420964	4.041253388668302	[1500, 786, 19, 334, 1086, 1112]	113088
409	0.998298915573023	0.9999640512906635	2.090331146420964	4.068005574139735	[781, 784, 19, 334, 1086, 1112]	113058
410	0.9983251668759084	0.999964717007503	2.090331146420964	3.460050044086323	[734, 19, 1987, 334, 1086, 1112]	98457
411	0.998351013066095	0.9999660718744149	2.090331146420964	2.6296491148067798	[241, 1031, 132, 1108, 1086, 1112]	108949
412	0.9983764603953219	0.9999667001730369	2.090331146420964	3.4393549165098385	[241, 1031, 132, 1094, 1086, 1112]	93784
413	0.9984015150188509	0.9999673168364991	2.090331146420964	3.56678126317036	[19, 241, 217, 261, 1086, 1096]	121102
414	0.9984261829969551	0.9999680431290214	2.090331146420964	4.070090320199629	[1873, 10, 232, 1023, 1086, 1112]	103283
415	0.9984504702963848	0.9999686349229284	2.090331146420964	3.397083781329468	[241, 132, 387, 344, 1086, 1112]	129775
416	0.9984743827918109	0.9999692157576889	2.090331146420964	2.723312616127263	[107, 734, 1203, 174, 1086, 1096]	106187
417	0.998497926267246	0.9999698998519626	2.090331146420964	3.528922042863038	[2528, 3459, 1203, 174, 1086, 1096]	101017
418	0.9985211064174427	0.9999705687441411	2.090331146420964	3.544621900098326	[2309, 420, 158, 1115, 1086, 1112]	229242
419	0.9985439288492723	0.9999712227720491	2.090331146420964	3.7351968406794853	[1758, 2919, 1203, 174, 1086, 1112]	87435
420	0.9985663990830799	0.9999718622660037	2.090331146420964	2.793516874800511	[1259, 734, 1203, 174, 1086, 1096]	88632
421	0.99858852255402	0.9999726126055768	2.090331146420964	3.9510522245975706	[10, 158, 420, 458, 1086, 1112]	98768
422	0.9986103046133715	0.9999733429360947	2.090331146420964	3.5123452732533087	[77, 19, 132, 1094, 1086, 1112]	98383
423	0.9986317505298319	0.9999740537911322	2.090331146420964	3.3692329725658183	[1580, 301, 2627, 261, 1086, 1112]	92208
424	0.9986528654907912	0.9999745342764816	2.090331146420964	3.7498600569240876	[382, 409, 19, 334, 1086, 1112]	81530
425	0.9986736546035877	0.9999752133624421	2.090331146420964	4.121635886524672	[1549, 162, 420, 458, 1086, 1112]	87602
426	0.9986941228967422	0.9999758743394437	2.090331146420964	3.2554358471025484	[1580, 438, 2627, 261, 1086, 1112]	77526
427	0.9987142753211752	0.9999763211109355	2.090331146420964	3.397083781329468	[241, 132, 387, 344, 1086, 1112]	77883
428	0.998734116751404	0.9999768473084703	2.090331146420964	3.5605912733082006	[241, 19, 1987, 334, 1086, 1112]	84241
429	0.9987536519867218	0.9999773618127265	2.090331146420964	3.6804418391159164	[545, 132, 19, 334, 1086, 1112]	86449
430	0.9987728857523588	0.9999777810384167	2.090331146420964	3.0836053386938795	[241, 132, 19, 334, 1086, 1112]	75646
431	0.9987918227006248	0.9999783735440589	2.090331146420964	3.5779691026203686	[157, 320, 836, 1089, 1086, 1112]	76018
432	0.9988104674120349	0.9999787740339837	2.090331146420964	2.687167646843001	[1723, 132, 19, 409, 4290, 794]	76296
433	0.9988288243964172	0.9999791671074285	2.090331146420964	3.7232750780577044	[734, 19, 387, 344, 1086, 1112]	81007
434	0.9988468980940033	0.9999798337599908	2.090331146420964	3.0466300264731196	[4118, 23, 5272, 174, 1086, 1112]	194254
435	0.9988646928765033	0.9999802072088798	2.090331146420964	2.1976818767155635	[10, 734, 1203, 174, 1086, 1096]	72950
436	0.9988822130481622	0.9999807350166431	2.090331146420964	2.7266252539510933	[331, 241, 132, 1108, 1086, 1112]	76184
437	0.9988994628468016	0.999981032315769	2.090331146420964	3.1796642707953255	[2297, 400, 119, 409, 4290, 794]	78847
438	0.9989164464448448	0.9999815381206818	2.090331146420964	4.014578494587123	[249, 318, 158, 1115, 1086, 1096]	77167
439	0.9989331679503256	0.9999820304374636	2.090331146420964	4.130740653517591	[107, 162, 420, 458, 1086, 1112]	77692
440	0.9989496314078823	0.9999823632071402	2.090331146420964	3.460050044086323	[734, 19, 1987, 334, 1086, 1096]	82609
441	0.9989658407997359	0.9999826898144154	2.090331146420964	2.426484904269537	[734, 19, 132, 1108, 1086, 1112]	80009
442	0.9989818000466536	0.9999830103734076	2.090331146420964	2.2790614829839417	[19, 734, 1203, 174, 1086, 1112]	90518
443	0.9989975130088966	0.9999833249961223	2.090331146420964	3.9826090934107468	[1849, 420, 1546, 234, 1086, 1112]	108397
444	0.9990129834871544	0.9999837696628924	2.090331146420964	3.4347039664096126	[421, 438, 2627, 261, 1086, 1112]	100201
445	0.9990282152234637	0.9999841303370504	2.090331146420964	3.5764431740820974	[2872, 241, 217, 261, 1086, 1112]	82795
446	0.999043211902114	0.999984482996227	2.090331146420964	3.7282586004404497	[2557, 2558, 255, 174, 1086, 1096]	107521
447	0.9990579771505381	0.9999849795403478	2.090331146420964	4.287914725731233	[1792, 232, 158, 1115, 1086, 1112]	99082
448	0.9990725145401903	0.999985257697008	2.090331146420964	3.585810503855643	[10, 438, 2627, 261, 1086, 1112]	112662
449	0.9990868275874096	0.9999857294507037	2.090331146420964	3.4455895737600724	[190, 196, 1078, 334, 1086, 1096]	406275
450	0.9991009197542706	0.9999859937201352	2.090331146420964	2.870736037412858	[3, 19, 132, 1108, 1086, 1112]	87256
451	0.9991147944494208	0.9999862530956882	2.090331146420964	2.5872420769840634	[811, 3459, 1203, 174, 1086, 1096]	79474
452	0.999128455028905	0.9999866196798032	2.090331146420964	2.2790614829839417	[19, 734, 1203, 174, 1086, 1112]	77497
453	0.9991419047969774	0.9999868674635105	2.090331146420964	2.870736037412858	[3, 19, 132, 1108, 1086, 1112]	85713
454	0.9991551470069007	0.9999871106586307	2.090331146420964	3.6425874947946353	[119, 409, 19, 334, 1086, 1112]	88520
455	0.9991681848617324	0.9999874543744005	2.090331146420964	3.7572808301688063	[1917, 10, 158, 1115, 1086, 1112]	83792
456	0.9991810215151007	0.9999877331660806	2.090331146420964	2.5286478000845856	[2872, 241, 132, 1108, 1086, 1112]	93314
457	0.9991936600719664	0.9999879603296716	2.090331146420964	3.409802677289374	[1791, 420, 158, 1115, 1086, 1112]	102337
458	0.9992061035893743	0.9999882278779012	2.090331146420964	2.5286478000845856	[2872, 241, 132, 1108, 1086, 1112]	106053
459	0.9992183550771927	0.9999884894806145	2.090331146420964	3.8372243806298787	[2627, 438, 3366, 150, 1086, 1112]	94605
460	0.999230417498841	0.9999887026383809	2.090331146420964	2.1976818767155635	[10, 734, 1203, 174, 1086, 1112]	116134
461	0.999242293772007	0.9999890641539527	2.090331146420964	3.671150278463103	[2490, 390, 1078, 334, 1086, 1112]	150864
462	0.9992539867693525	0.9999894141010262	2.090331146420964	2.426484904269537	[734, 19, 132, 1108, 1086, 1112]	123405
463	0.9992654993192083	0.9999898375369851	2.090331146420964	3.866616265254481	[4345, 1402, 1078, 334, 1086, 1112]	98000
464	0.9992768342062575	0.9999901085359989	2.090331146420964	3.528922042863038	[1892, 3459, 1203, 174, 1086, 1112]	340192
465	0.9992879941722103	0.9999902611820483	2.090331146420964	3.2951560527542725	[320, 232, 1799, 1019, 386, 794]	85379
466	0.9992989819164663	0.9999905208838603	2.090331146420964	3.9528075531495412	[317, 320, 836, 1089, 1086, 1112]	77407
467	0.9993098000967677	0.999990696423048	2.090331146420964	3.5605912733082006	[241, 19, 1987, 334, 1086, 1112]	76559
468	0.9993204513298424	0.9999909941375106	2.090331146420964	3.663877168314336	[2309, 420, 1822, 1094, 1086, 1112]	87335
469	0.9993309381920361	0.9999912823251103	2.090331146420964	3.4669248454207757	[3819, 438, 2627, 261, 1086, 1112]	80405
470	0.9993412632199368	0.9999914437635341	2.090331146420964	3.671150278463103	[2490, 390, 3248, 334, 1086, 1096]	76078
471	0.9993514289109872	0.9999917289714163	2.090331146420964	3.4225800030903457	[4196, 1663, 1546, 234, 1086, 1112]	72848
472	0.9993614377240893	0.9999918821386123	2.090331146420964	3.528922042863038	[1892, 3459, 1203, 174, 1086, 1112]	77288
473	0.9993712920801989	0.999992098614916	2.090331146420964	2.7266252539510933	[331, 241, 132, 1108, 1086, 1112]	77601
474	0.999380994362912	0.9999922742012511	2.090331146420964	2.7751196038897037	[1819, 241, 132, 1108, 1086, 1112]	77823
475	0.9993905469190398	0.9999924802225512	2.090331146420964	3.4347039664096126	[421, 438, 2627, 261, 1086, 1112]	76478
476	0.9993999520591781	0.999992619477689	2.090331146420964	2.1976818767155635	[10, 734, 1203, 174, 1086, 1112]	75787
477	0.9994092120582648	0.9999927561540282	2.090331146420964	2.7266252539510933	[331, 241, 132, 1108, 1086, 1112]	74989
478	0.9994183291561312	0.9999929171283831	2.090331146420964	3.9196196481109737	[1550, 420, 1822, 1094, 1086, 1112]	74559
479	0.9994273055580427	0.9999931060049595	2.090331146420964	3.7536729288630175	[2789, 2558, 255, 174, 1086, 1112]	74668
480	0.9994361434352333	0.9999932592048494	2.090331146420964	3.575302319672975	[1851, 159, 1713, 174, 1086, 1112]	100523
481	0.9994448449254304	0.9999934389593866	2.090331146420964	2.723312616127263	[107, 734, 1203, 174, 1086, 1112]	72691
482	0.9994534121333712	0.9999935604601388	2.090331146420964	3.0091646099295257	[241, 132, 1713, 174, 1086, 1096]	72170
483	0.9994618471313131	0.9999936797108769	2.090331146420964	3.0091646099295257	[241, 132, 1713, 174, 1086, 1112]	72270
484	0.9994701519595336	0.9999938819601288	2.090331146420964	3.544621900098326	[2309, 420, 158, 1115, 1086, 1096]	77263
485	0.9994783286268247	0.9999940451078588	2.090331146420964	4.031403602506499	[1799, 1019, 1010, 1105, 1086, 1112]	82225
486	0.9994863791109787	0.9999941553836392	2.090331146420964	3.6632814211403364	[241, 1126, 19, 334, 1086, 1112]	85074
487	0.999494305359266	0.9999943112400754	2.090331146420964	3.7536729288630175	[87, 415, 255, 174, 1086, 1112]	84784
488	0.999502109288907	0.9999945296884566	2.090331146420964	3.838061935263993	[2582, 1192, 836, 1089, 1086, 1112]	97752
489	0.9995097927875349	0.999994704738426	2.090331146420964	3.4347039664096126	[421, 438, 2627, 261, 1086, 1112]	105911
490	0.9995173577136532	0.9999948741867963	2.090331146420964	3.671150278463103	[2490, 390, 1078, 334, 1086, 1112]	107757
491	0.9995248058970845	0.9999949880937564	2.090331146420964	3.334919766974785	[1715, 132, 19, 334, 1086, 1112]	129548
492	0.9995321391394135	0.9999950994694508	2.090331146420964	3.671150278463103	[2490, 390, 1078, 334, 1086, 1112]	119043
493	0.9995393592144225	0.9999952083701296	2.090331146420964	3.6060011103515626	[545, 132, 1713, 174, 1086, 1112]	125885
494	0.999546467868521	0.9999953361469262	2.090331146420964	3.5779691026203686	[157, 320, 836, 1089, 1086, 1112]	114390
495	0.9995534668211672	0.9999954853902245	2.090331146420964	2.6743890052643993	[2004, 19, 132, 1108, 1086, 1112]	454666
496	0.9995603577652851	0.9999955857148862	2.090331146420964	3.6804418391159164	[545, 132, 19, 334, 1086, 1112]	76392
497	0.9995671423676726	0.9999957034291559	2.090331146420964	4.2511631858484895	[1579, 1580, 438, 1091, 1086, 1096]	90352
498	0.999573822269406	0.999995798908508	2.090331146420964	3.7572808301688063	[1917, 10, 158, 1115, 1086, 1112]	100732
499	0.9995803990862362	0.9999959333434357	2.090331146420964	3.409802677289374	[1791, 420, 158, 1115, 1086, 1112]	88033
