0	0.015432098765432056	0.026666666666666616	3.2554358471025484	3.2554358471025484	[1580, 438, 2627, 261, 1086, 1112]	78945
1	0.030626047858558048	0.052622222222222126	3.2554358471025484	3.4051240256480337	[19, 132, 387, 344, 1086, 1112]	74185
2	0.045585522428642	0.08293831111111105	3.2554358471025484	3.7351968406794853	[1758, 2919, 1203, 174, 1086, 1112]	71882
3	0.06031414090968146	0.11228428515555555	3.2554358471025484	3.704751074145321	[1530, 156, 1713, 174, 1086, 1112]	70678
4	0.07481546589564314	0.14637256860558223	3.2554358471025484	3.58966803006855	[2872, 241, 1729, 1094, 1086, 1112]	70500
5	0.08909300500219186	0.1621804840017751	3.2554358471025484	3.4607062329820666	[420, 158, 1713, 174, 1086, 1112]	70934
6	0.10315021171512095	0.18899070851371835	3.2554358471025484	3.671150278463103	[2490, 390, 1078, 334, 1086, 1112]	70907
7	0.11699048622569008	0.20701313721341352	3.184750484208875	3.184750484208875	[732, 19, 132, 1108, 1086, 1112]	71594
8	0.13061717625307134	0.23238871682258433	3.184750484208875	3.673264351591776	[21, 1417, 5272, 174, 1086, 1112]	72735
9	0.1440335778541042	0.2528583510406487	3.184750484208875	3.8093348907349753	[2003, 1417, 5272, 174, 1086, 1112]	70826
10	0.1572429362205532	0.2815485903606878	3.184750484208875	3.4714239837057717	[2146, 1728, 132, 1108, 1086, 1112]	72935
11	0.17024844646406312	0.2975141772415614	3.184750484208875	3.974505435902892	[1548, 19, 1987, 334, 1086, 1112]	72365
12	0.18305325438900033	0.31312497330286004	2.8070241504084494	2.8070241504084494	[3621, 1720, 132, 1108, 1086, 1112]	72905
13	0.19566045725336756	0.32584488120465893	2.8070241504084494	3.4607062329820666	[420, 158, 1713, 174, 1086, 1112]	71857
14	0.208073104517976	0.34741784500610984	2.8070241504084494	3.676309580563558	[2267, 438, 2627, 261, 1086, 1112]	71117
15	0.22029419858405663	0.3724769997578752	2.8070241504084494	3.081560325988364	[241, 1126, 132, 1108, 1086, 1112]	71428
16	0.2323266955194878	0.3864219553188113	2.8070241504084494	3.4347039664096126	[421, 438, 2627, 261, 1086, 1112]	351889
17	0.2441735057738167	0.3977845117017963	2.8070241504084494	3.7008473606648478	[10, 157, 1713, 174, 1086, 1112]	75893
18	0.2558374948822454	0.4170554073273388	2.8070241504084494	3.8661440547314783	[2636, 301, 2627, 261, 1086, 1112]	76945
19	0.2673214841587539	0.4300097316089535	2.8070241504084494	3.8542506673671317	[734, 19, 3308, 334, 1086, 1112]	77267
20	0.2786282513785262	0.44267618201764347	2.8070241504084494	4.017543107152484	[1820, 10, 232, 1023, 1086, 1112]	77480
21	0.28976053144984526	0.4550611557505847	2.8070241504084494	3.8929202031877006	[2558, 415, 255, 174, 1086, 1112]	77133
22	0.30072101707561927	0.46717090784501614	2.8070241504084494	3.770768306464354	[318, 158, 1713, 174, 1086, 1096]	145956
23	0.31151235940469924	0.4790115543373491	2.8070241504084494	3.32346175437313	[2040, 545, 132, 1108, 1086, 1112]	248814
24	0.32213716867314524	0.49290457955501976	2.8070241504084494	3.8186126393093716	[1791, 420, 1582, 1087, 1086, 1112]	105753
25	0.3325980148355967	0.5041733666760193	2.8070241504084494	3.0373270629232803	[3284, 734, 1203, 174, 1086, 1112]	78677
26	0.34289742818689917	0.5133553413672042	2.8070241504084494	3.221273652630817	[19, 132, 217, 261, 1086, 1112]	79996
27	0.35303789997413837	0.5223672794900337	2.8070241504084494	3.5504141572377215	[10, 158, 1713, 174, 1086, 1096]	78998
28	0.3630218829992288	0.5312123298698479	2.8070241504084494	3.5432222043472263	[87, 1265, 255, 174, 1086, 1112]	77791
29	0.37285179221220366	0.5398935830204062	2.8070241504084494	3.536331055654151	[331, 241, 132, 1094, 1086, 1112]	78038
30	0.38253000529534864	0.5501181700643972	2.8070241504084494	3.5764431740820974	[2872, 241, 217, 261, 1086, 1112]	1099545
31	0.3920588632383216	0.5601155440629662	2.5286478000845856	2.5286478000845856	[2872, 241, 132, 1108, 1086, 1112]	198697
32	0.40144067090439683	0.5698907541949003	2.5286478000845856	3.5995927639097713	[300, 301, 2627, 261, 1086, 1112]	123688
33	0.4106776975879709	0.5836542500606635	2.5286478000845856	3.597226074150603	[846, 10, 158, 1115, 1086, 1112]	81661
34	0.4197721775634652	0.5947568033923791	2.5286478000845856	3.775462889659569	[420, 158, 1546, 234, 1086, 1096]	80129
35	0.4287263106257574	0.602261307033261	2.5286478000845856	3.536331055654151	[331, 241, 132, 1094, 1086, 1112]	80111
36	0.43754226262227347	0.611099944654744	2.5286478000845856	3.6060011103515626	[1723, 132, 1713, 174, 1086, 1112]	80525
37	0.44622216597686803	0.6260337067800019	2.5286478000845856	3.4714239837057717	[396, 1728, 132, 1108, 1086, 1112]	79088
38	0.4547681202056201	0.6329590085062982	2.5286478000845856	3.926571328946758	[734, 19, 422, 334, 1086, 1112]	80550
39	0.46318219242466907	0.6470533825796563	2.5286478000845856	3.32346175437313	[2040, 545, 132, 1108, 1086, 1112]	78486
40	0.47146641785021426	0.6564652923775322	2.5286478000845856	2.702639471550251	[77, 19, 132, 1108, 1086, 1112]	79507
41	0.4796228002907974	0.6640993969913648	2.5286478000845856	3.316188644224363	[2627, 261, 132, 1108, 1086, 1112]	81069
42	0.48765331263198874	0.6752960837583193	2.5286478000845856	3.4225800030903457	[4196, 1663, 1546, 234, 1086, 1112]	104599
43	0.49555989731359384	0.6839548548580974	2.5286478000845856	3.9528075531495412	[326, 320, 836, 1089, 1086, 1112]	95199
44	0.5033444667994951	0.6888320947522626	2.3529469365166724	2.3529469365166724	[377, 162, 107, 734, 19, 794]	80162
45	0.5110089040402437	0.7037681542041541	2.3529469365166724	3.5039302684876574	[4301, 1711, 132, 1108, 1086, 1112]	1718058
46	0.5185550629285114	0.7116676700920432	2.3529469365166724	4.267304680416987	[101, 23, 5272, 174, 1086, 1112]	339341
47	0.5259847687475159	0.7170071576829313	2.3529469365166724	3.529057945505385	[1791, 420, 1822, 1094, 1086, 1112]	310184
48	0.5332998186125233	0.7222477658739881	2.3529469365166724	2.6743890052643993	[2004, 19, 132, 1108, 1086, 1096]	104094
49	0.5405019819055399	0.7311358373660206	2.3529469365166724	3.0466300264731196	[4118, 23, 5272, 174, 1086, 1112]	198092
50	0.5475930007032939	0.7361148033407239	2.3529469365166724	3.363125263892072	[432, 422, 19, 334, 1086, 1112]	132748
51	0.5545745901986134	0.7445591296338208	2.3529469365166724	3.5644935086479057	[1414, 3251, 3248, 334, 1086, 1112]	119912
52	0.5614484391153014	0.7502355934197358	2.3529469365166724	2.793516874800511	[1259, 734, 1203, 174, 1086, 1112]	101949
53	0.5682162101166085	0.7548608602082592	2.3529469365166724	3.7536729288630175	[2789, 2558, 255, 174, 1086, 1096]	98859
54	0.5748795402074016	0.7627053126815949	2.3529469365166724	3.866616265254481	[2707, 1402, 1078, 334, 1086, 1096]	99070
55	0.5814400411301268	0.7679785279553373	2.3529469365166724	2.6743890052643993	[2004, 19, 132, 1108, 1086, 1096]	91015
56	0.5878992997546619	0.7731345606674409	2.3529469365166724	2.793516874800511	[1259, 734, 1203, 174, 1086, 1112]	92204
57	0.5942588784621516	0.7803942547260828	2.3529469365166724	3.756627996100052	[2015, 1663, 1546, 234, 1086, 1112]	90430
58	0.6005203155229208	0.7852743823988365	2.3529469365166724	3.6804418391159164	[545, 132, 19, 334, 1086, 1112]	95666
59	0.6066851254685548	0.7910003988682008	2.3529469365166724	2.426484904269537	[734, 19, 132, 1108, 1086, 1112]	98154
60	0.6127547994582376	0.7965737215650488	2.3529469365166724	4.104554484142114	[157, 10, 232, 1023, 1086, 1112]	1360978
61	0.6187308056394376	0.8003408748693998	2.3529469365166724	3.6917975251449304	[1529, 156, 1713, 174, 1086, 1112]	313884
62	0.6246145895030265	0.8047777443167464	2.3529469365166724	3.8229149778872156	[1819, 241, 217, 261, 1086, 1112]	105866
63	0.630407574232918	0.8099836711349665	2.3529469365166724	3.5779691026203686	[160, 320, 836, 1089, 1086, 1096]	99170
64	0.6361111610503113	0.8135024920398746	2.3529469365166724	3.58506169461264	[241, 1720, 132, 1094, 1086, 1112]	106209
65	0.6417267295526212	0.8197190756385454	2.3529469365166724	3.069833347705165	[2607, 1587, 132, 1108, 1086, 1112]	95624
66	0.6472556380471796	0.8254880652181119	2.3529469365166724	2.6743890052643993	[2004, 19, 132, 1108, 1086, 1112]	108916
67	0.6526992238797849	0.8310724471311324	2.3529469365166724	2.932900051767541	[1723, 241, 132, 1108, 1086, 1112]	103071
68	0.6580588037581832	0.8355771818743022	2.3529469365166724	3.834090028441395	[1535, 438, 2627, 261, 1086, 1112]	94762
69	0.6633356740705569	0.841891018090329	2.3529469365166724	2.8070241504084494	[3621, 1720, 132, 1108, 1086, 1112]	101071
70	0.6685311111990977	0.8494802492219932	2.3529469365166724	3.069833347705165	[2607, 1587, 132, 1108, 1086, 1112]	92735
71	0.6736463718287411	0.8528251325726155	2.3529469365166724	3.8498112984743313	[2764, 370, 1713, 174, 1086, 1112]	92555
72	0.6786826932511372	0.8567497957040124	2.3529469365166724	2.5872420769840634	[811, 3459, 1203, 174, 1086, 1112]	89535
73	0.6836412936639282	0.8605698011519054	2.3529469365166724	3.528922042863038	[1892, 3459, 1203, 174, 1086, 1112]	89945
74	0.6885233724654107	0.8650315675150445	2.3529469365166724	3.6060011103515626	[3180, 843, 3094, 174, 1086, 1096]	95781
75	0.6933301105446482	0.8680308660147101	2.3529469365166724	3.5673687331398343	[2297, 400, 19, 334, 1086, 1096]	3736228
76	0.6980626705671074	0.8704747388662896	2.3529469365166724	4.125894445927422	[276, 132, 387, 344, 1086, 1112]	1652854
77	0.7027221972558866	0.8733530780025942	2.3529469365166724	3.9614854619594526	[2307, 1468, 1546, 234, 1086, 1112]	374899
78	0.7073098176686043	0.8756983913729166	2.3529469365166724	3.316188644224363	[2627, 261, 132, 1108, 1086, 1112]	100101
79	0.7118266414700147	0.8784606493424073	2.3529469365166724	2.437295428183131	[241, 1729, 1032, 132, 19, 794]	95135
80	0.7162737612004157	0.8807113780582887	2.3529469365166724	3.8061659836099055	[1580, 438, 3366, 150, 1086, 1112]	97621
81	0.7206522525399155	0.8829204266127648	2.3529469365166724	3.58506169461264	[241, 1720, 132, 1094, 1086, 1096]	98110
82	0.7249631745686205	0.8874162822308347	2.3529469365166724	3.428024668171216	[321, 1398, 132, 1108, 1086, 1112]	92519
83	0.7292075700228084	0.8895011658932266	2.3529469365166724	3.213233408312252	[241, 132, 217, 261, 1086, 1112]	90145
84	0.7333864655471478	0.8915474405989076	2.3529469365166724	3.5005121038821185	[734, 10, 158, 1115, 1086, 1112]	93934
85	0.7375008719430252	0.8939574974744874	2.3529469365166724	3.460050044086323	[734, 19, 1987, 334, 1086, 1112]	97352
86	0.7415517844130401	0.8959212475212561	2.2790614829839417	2.2790614829839417	[19, 734, 1203, 174, 1086, 1112]	92333
87	0.7455401828017278	0.897848631826418	2.2790614829839417	3.649049134808248	[331, 241, 19, 334, 1086, 1112]	90772
88	0.7494670318325654	0.9001186622302755	2.2790614829839417	3.236190705972595	[734, 19, 132, 1094, 1086, 1112]	92658
89	0.753333281341322	0.9019683166334185	2.2790614829839417	2.426484904269537	[734, 19, 132, 1108, 1086, 1112]	93879
90	0.7571398665058078	0.9041467984860092	2.2790614829839417	3.968113998049585	[2306, 420, 1822, 1094, 1086, 1112]	2420991
91	0.7608877080720762	0.9059218577733054	2.2790614829839417	3.5065031788170664	[811, 734, 19, 334, 1086, 1112]	139838
92	0.7645777125771367	0.9095344584348104	2.2790614829839417	2.6296491148067798	[241, 1031, 132, 1108, 1086, 1112]	93480
93	0.7682107725682302	0.9119468728765487	2.2790614829839417	3.6412264034130413	[107, 10, 158, 1115, 1086, 1112]	110170
94	0.7717877668187205	0.9135774863417979	2.2790614829839417	3.460050044086323	[734, 19, 1987, 334, 1086, 1112]	105133
95	0.7753095605406538	0.9149111671081281	2.2790614829839417	3.083603819888677	[193, 232, 10, 438, 774, 794]	93289
96	0.7787770055940388	0.9164868862357554	2.2790614829839417	2.426484904269537	[734, 19, 132, 1108, 1086, 1112]	92236
97	0.7821909406928962	0.918713902602802	2.2790614829839417	3.8006129755638893	[1745, 1714, 132, 1108, 1086, 1112]	90029
98	0.7855521916081293	0.9208815318667272	2.2790614829839417	3.5253359932117423	[1849, 420, 158, 1115, 1086, 1112]	89465
99	0.7888615713672631	0.9229913576836145	2.2790614829839417	2.518985889172849	[19, 241, 132, 1108, 1086, 1112]	89442
100	0.7921198804511016	0.9250449214787181	2.2790614829839417	4.195097065760825	[1019, 10, 158, 1089, 1086, 1112]	89944
101	0.79532790698735	0.9264329784883715	2.2790614829839417	2.5872420769840634	[811, 3459, 1203, 174, 1086, 1112]	92261
102	0.7984864269412489	0.9280678011886299	2.2790614829839417	2.6743890052643993	[2004, 19, 132, 1108, 1086, 1112]	92595
103	0.8015962043032667	0.9303696315505937	2.2790614829839417	3.2554358471025484	[1580, 438, 2627, 261, 1086, 1096]	91168
104	0.8046579912738953	0.9316590828181753	2.2790614829839417	3.236190705972595	[734, 19, 132, 1094, 1086, 1112]	91582
105	0.8076725284455943	0.9329246553585795	2.2790614829839417	3.8372243806298787	[2627, 438, 3366, 150, 1086, 1112]	3065654
106	0.8106405449819278	0.9341667913704577	2.2790614829839417	3.6425874947946353	[119, 409, 19, 334, 1086, 1096]	369692
107	0.8135627587939351	0.9356297515622253	2.2790614829839417	3.5764431740820974	[2872, 241, 217, 261, 1086, 1112]	94024
108	0.8164398767137817	0.9381015691022359	2.2790614829839417	2.6296491148067798	[241, 1031, 132, 1108, 1086, 1112]	94625
109	0.8192725946657295	0.9400823188909643	2.2790614829839417	3.5848254055927624	[1819, 241, 132, 1094, 1086, 1112]	103922
110	0.8220615978344683	0.9411919055781686	2.2790614829839417	2.775355892909582	[241, 1720, 132, 1108, 1086, 1112]	96405
111	0.8248075608308499	0.9422809443637581	2.2790614829839417	3.56678126317036	[19, 241, 217, 261, 1086, 1112]	99048
112	0.8275111478550652	0.9433498157644292	2.2790614829839417	3.363125263892072	[432, 422, 19, 334, 1086, 1112]	93432
113	0.8301730128573019	0.944608708747442	2.2790614829839417	3.0373270629232803	[846, 734, 1203, 174, 1086, 1112]	91928
114	0.8327937996959238	0.9456344734002671	2.2790614829839417	3.8824796627235756	[1580, 438, 8, 174, 1086, 1112]	94305
115	0.8353741422932088	0.9473741702514585	2.2790614829839417	3.866616265254481	[4345, 1402, 1078, 334, 1086, 1112]	93072
116	0.837914664788684	0.9490581968034119	2.2790614829839417	3.866616265254481	[269, 1402, 1078, 334, 1086, 1112]	94856
117	0.8404159816900932	0.9500015635292746	2.2790614829839417	3.1589477053178707	[10, 734, 19, 334, 1086, 1112]	98816
118	0.8428786980220363	0.9516015134963378	2.2790614829839417	4.2309548196101785	[846, 10, 161, 1023, 1086, 1112]	101435
119	0.8453034094723135	0.9528921398031022	2.2790614829839417	2.775355892909582	[241, 1720, 132, 1108, 1086, 1096]	98944
120	0.8476907025360123	0.9537645075845261	2.2790614829839417	3.213233408312252	[241, 132, 217, 261, 1086, 1112]	3044622
121	0.8500411546573702	0.9546207204070349	2.1976818767155635	2.1976818767155635	[10, 734, 1203, 174, 1086, 1112]	110843
122	0.8523553343694478	0.9554610774365343	2.1976818767155635	3.0373270629232803	[3284, 734, 1203, 174, 1086, 1112]	96494
123	0.8546338014316477	0.956450831271278	2.1976818767155635	3.834090028441395	[1535, 438, 2627, 261, 1086, 1112]	92010
124	0.8568771069651099	0.9576121424373772	2.1976818767155635	2.790120672112291	[241, 217, 132, 1108, 1086, 1112]	91321
125	0.8590857935860187	0.9587424853057138	2.1976818767155635	2.518985889172849	[19, 241, 132, 1108, 1086, 1112]	92658
126	0.8612603955368516	0.9596593189655869	2.1976818767155635	3.5891433710848464	[1807, 157, 1713, 174, 1086, 1112]	92001
127	0.8634014388156039	0.9605557785441294	2.1976818767155635	3.529057945505385	[1791, 420, 1822, 1094, 1086, 1112]	92646
128	0.8655094413030175	0.9614323167987043	2.1976818767155635	3.3383536017876443	[2872, 241, 132, 1094, 1086, 1112]	92826
129	0.8675849128878474	0.9624607883507388	2.1976818767155635	3.770768306464354	[10, 159, 1713, 174, 1086, 1112]	94136
130	0.8696283555901955	0.9632949930540557	2.1976818767155635	2.6743890052643993	[2004, 19, 132, 1108, 1086, 1112]	95890
131	0.8716402636829393	0.964469553276326	2.1976818767155635	3.7271075836125993	[1794, 1879, 836, 1089, 1086, 1112]	97092
132	0.8736211238112891	0.9654170318556239	2.1976818767155635	3.0172048542480914	[19, 132, 1713, 174, 1086, 1112]	111300
133	0.8755714151104975	0.966523686836244	2.1976818767155635	3.8186126393093716	[1791, 420, 1582, 1087, 1086, 1112]	104259
134	0.8774916093217553	0.9671436185614988	2.1976818767155635	3.0373270629232803	[3284, 734, 1203, 174, 1086, 1112]	101872
135	0.8793821709062961	0.968019788733192	2.1976818767155635	3.843804425147278	[1549, 107, 836, 1089, 1086, 1112]	2267619
136	0.8812435571577422	0.9687304600946767	2.1976818767155635	3.9660641926173117	[1833, 438, 2627, 261, 1086, 1112]	199909
137	0.8830762183127152	0.969564314492152	2.1976818767155635	3.6022839188384888	[193, 1265, 255, 174, 1086, 1112]	97408
138	0.8848805976597413	0.9705382564284031	2.1976818767155635	3.597226074150603	[846, 10, 158, 1115, 1086, 1112]	94419
139	0.8866571316464736	0.9716695873815524	2.1976818767155635	3.838061935263993	[2582, 1192, 836, 1089, 1086, 1112]	91787
140	0.8884062499852626	0.9721942246522645	2.1976818767155635	3.4051240256480337	[19, 132, 387, 344, 1086, 1112]	93457
141	0.890128375757095	0.973084009463392	2.1976818767155635	2.7751196038897037	[1819, 241, 132, 1108, 1086, 1112]	91042
142	0.89182392551393	0.9735824537325884	2.1976818767155635	2.723312616127263	[107, 734, 1203, 174, 1086, 1112]	97128
143	0.8934933093794557	0.9741695103163087	2.1976818767155635	3.626211045907998	[1580, 438, 132, 1108, 1086, 1112]	104682
144	0.8951369311482913	0.9747435211981685	2.1976818767155635	3.4686455498577784	[1265, 734, 1203, 174, 1086, 1112]	105351
145	0.8967551883836571	0.9753047762826537	2.1976818767155635	3.409802677289374	[1791, 420, 158, 1115, 1086, 1096]	122566
146	0.898348472513539	0.9762925852313475	2.1976818767155635	3.971179179052567	[3266, 1963, 387, 344, 1086, 1112]	120112
147	0.8999171689253671	0.976731611430767	2.1976818767155635	3.9510522245975706	[10, 158, 420, 458, 1086, 1112]	122737
148	0.9014616570592349	0.9773521017926132	2.1976818767155635	3.70195466250723	[241, 1209, 132, 1094, 1086, 1096]	116032
149	0.9029823104996788	0.977855388419444	2.1976818767155635	3.528922042863038	[2528, 3459, 1203, 174, 1086, 1112]	100248
150	0.9044794970660417	0.9784459113949255	2.1976818767155635	2.2201168305668832	[1265, 415, 10, 734, 19, 794]	2884348
151	0.9059535789014423	0.9788450611839083	2.1976818767155635	3.5005121038821185	[734, 10, 158, 1115, 1086, 1112]	155545
152	0.9074049125603707	0.9795220192260233	2.1976818767155635	2.6743890052643993	[2004, 19, 132, 1108, 1086, 1112]	94339
153	0.9088338490949328	0.979977085465445	2.1976818767155635	3.428024668171216	[321, 1398, 132, 1108, 1086, 1112]	91726
154	0.9102407341397641	0.9805110298530332	2.1976818767155635	3.836139833873668	[140, 1210, 1822, 1094, 1086, 1096]	96061
155	0.9116259079956319	0.9810307357236189	2.1976818767155635	3.3692329725658183	[1580, 301, 2627, 261, 1086, 1096]	92751
156	0.9129897057117488	0.9813234712834397	2.1976818767155635	2.3936203646804692	[160, 331, 241, 132, 19, 794]	93026
157	0.9143324571668143	0.9818215120492145	2.1976818767155635	3.8542506673671317	[734, 19, 3308, 334, 1086, 1112]	92966
158	0.9156544871488079	0.9821581507149698	2.1976818767155635	2.702639471550251	[77, 19, 132, 1108, 1086, 1112]	92400
159	0.9169561154335486	0.9826339333625707	2.1976818767155635	3.5779691026203686	[160, 320, 836, 1089, 1086, 1112]	93252
160	0.9182376568620432	0.9829555271891897	2.1976818767155635	2.2790614829839417	[19, 734, 1203, 174, 1086, 1112]	94579
161	0.9194994214166413	0.9834100464641446	2.1976818767155635	3.6724015947973507	[241, 132, 1729, 1094, 1086, 1112]	94052
162	0.9207417142960141	0.9838708785068073	2.1976818767155635	2.44211471461908	[2607, 1587, 241, 132, 19, 794]	94459
163	0.9219648359889768	0.9843009884132924	2.1976818767155635	3.8118519204438046	[161, 10, 158, 1115, 1086, 1096]	109434
164	0.9231690823471717	0.9846498553374415	2.1976818767155635	3.8229149778872156	[1819, 241, 217, 261, 1086, 1112]	131287
165	0.9243547446566289	0.9849341172756371	2.1976818767155635	3.0172048542480914	[19, 132, 1713, 174, 1086, 1112]	3872839
166	0.9255221097082241	0.9853358741482867	2.1976818767155635	2.426484904269537	[734, 19, 132, 1108, 1086, 1112]	285353
167	0.9266714598670478	0.9858051261755415	2.1976818767155635	3.5800061191568133	[19, 241, 1729, 1094, 1086, 1112]	131247
168	0.9278030731407044	0.9861836561441938	2.1976818767155635	3.5779691026203686	[257, 320, 836, 1089, 1086, 1112]	106417
169	0.9289172232465578	0.9865520919803485	2.1976818767155635	2.6296491148067798	[241, 1031, 132, 1108, 1086, 1112]	119235
170	0.9300141796779381	0.9869824250369774	2.1976818767155635	4.094176333173401	[1265, 193, 232, 1023, 1086, 1112]	133824
171	0.9310942077693279	0.9873295603693247	2.1976818767155635	2.426484904269537	[734, 19, 132, 1108, 1086, 1112]	148174
172	0.932157568760542	0.987667438759476	2.1976818767155635	3.490617761732537	[241, 1729, 1822, 1094, 1086, 1096]	135311
173	0.9332045198599164	0.9879963070592234	2.1976818767155635	2.426484904269537	[734, 19, 132, 1108, 1086, 1112]	129820
174	0.9342353143065225	0.9882185976692377	2.1976818767155635	3.0172048542480914	[19, 132, 1713, 174, 1086, 1096]	118849
175	0.9352502014314219	0.988436771786474	2.1976818767155635	3.752824415762799	[10, 161, 1713, 174, 1086, 1112]	133024
176	0.936249426717974	0.9888067950893069	2.1976818767155635	3.4885679563002645	[3869, 438, 2627, 261, 1086, 1112]	124539
177	0.9372332318612151	0.9891649776464491	2.1976818767155635	3.2554358471025484	[1580, 438, 2627, 261, 1086, 1112]	148672
178	0.9382018548263199	0.9893656262085518	2.1976818767155635	2.8070241504084494	[3621, 1720, 132, 1108, 1086, 1096]	131888
179	0.9391555299061606	0.9896019456261396	2.1976818767155635	2.7266252539510933	[331, 241, 132, 1108, 1086, 1096]	119892
180	0.9400944877779791	0.9898792270761092	2.1976818767155635	2.426484904269537	[734, 19, 132, 1108, 1086, 1096]	1637001
181	0.9410189555591831	0.9902030918096737	2.1976818767155635	3.544621900098326	[2309, 420, 158, 1115, 1086, 1112]	90655
182	0.9419291568622822	0.990464342694749	2.1976818767155635	2.723312616127263	[107, 734, 1203, 174, 1086, 1112]	90344
183	0.9428253118489753	0.9907694837285171	2.1976818767155635	3.5644935086479057	[1414, 3251, 3248, 334, 1086, 1112]	88770
184	0.9437076372834047	0.9909119299672746	2.1976818767155635	2.3001959508683227	[3284, 162, 10, 734, 19, 794]	90183
185	0.9445763465845868	0.9910521779616067	1.9247631298590335	1.9247631298590335	[107, 162, 10, 734, 19, 794]	90598
186	0.9454316498780345	0.9913385082668353	1.9247631298590335	2.5286478000845856	[2872, 241, 132, 1108, 1086, 1112]	92254
187	0.9462737540465833	0.991498906261894	1.9247631298590335	4.08034210224554	[421, 438, 970, 261, 1086, 1112]	93810
188	0.9471028627804323	0.9917709412615133	1.9247631298590335	3.2554358471025484	[1580, 438, 2627, 261, 1086, 1112]	95922
189	0.9479191766264133	0.991923331238152	1.9247631298590335	2.2790614829839417	[19, 734, 1203, 174, 1086, 1112]	99507
190	0.9487228930364995	0.9920728991781862	1.9247631298590335	2.426484904269537	[734, 19, 132, 1108, 1086, 1112]	98334
191	0.9495142064155659	0.9923265664044842	1.9247631298590335	3.4347039664096126	[421, 438, 2627, 261, 1086, 1096]	108557
192	0.9502933081684121	0.9925721162795408	1.9247631298590335	3.597226074150603	[846, 10, 158, 1115, 1086, 1096]	100857
193	0.9510603867460601	0.9927096696817714	1.9247631298590335	3.460050044086323	[734, 19, 1987, 334, 1086, 1112]	132984
194	0.9518156276913369	0.9929429602519548	1.9247631298590335	3.7572808301688063	[1917, 10, 158, 1115, 1086, 1096]	110027
195	0.9525592136837545	0.9931311479785693	1.9247631298590335	3.5779691026203686	[257, 320, 836, 1089, 1086, 1112]	1584426
196	0.9532913245836966	0.9933509512432551	1.9247631298590335	2.426484904269537	[734, 19, 132, 1108, 1086, 1112]	84762
197	0.9540121374759235	0.9934740817757874	1.9247631298590335	3.833920023961542	[2764, 400, 19, 334, 1086, 1112]	84995
198	0.9547218267124061	0.9935949321132729	1.9247631298590335	3.6917975251449304	[1529, 156, 1713, 174, 1086, 1112]	84511
199	0.9554205639544987	0.9937657339235856	1.9247631298590335	3.8929202031877006	[1196, 2558, 255, 174, 1086, 1112]	84600
200	0.9561085182144601	0.9939652304380309	1.9247631298590335	3.409802677289374	[1791, 420, 158, 1115, 1086, 1112]	83956
201	0.9567858558963357	0.99412615762635	1.9247631298590335	2.2790614829839417	[19, 734, 1203, 174, 1086, 1112]	84795
202	0.9574527408362071	0.9942349324851213	1.9247631298590335	2.5964912308174863	[1792, 496, 3366, 793, 4290, 794]	84577
203	0.9581093343418212	0.9943886676188514	1.9247631298590335	3.592725015116719	[2149, 420, 158, 1115, 1086, 1112]	84710
204	0.9587557952316079	0.9945383031490154	1.9247631298590335	2.870736037412858	[3, 19, 132, 1108, 1086, 1112]	84707
205	0.9593922798730954	0.9948004645978626	1.9247631298590335	3.069833347705165	[2607, 1587, 132, 1108, 1086, 1112]	87511
206	0.9600189422207328	0.9949160098290212	1.9247631298590335	3.4225800030903457	[4196, 1663, 1546, 234, 1086, 1112]	86414
207	0.960635933853129	0.9950515829002473	1.9247631298590335	2.702639471550251	[77, 19, 132, 1108, 1086, 1112]	85482
208	0.9612434040097164	0.9951615477246862	1.9247631298590335	2.5286478000845856	[2872, 241, 132, 1108, 1086, 1096]	84810
209	0.9618414996268504	0.9952690688863599	1.9247631298590335	2.5286478000845856	[2872, 241, 132, 1108, 1086, 1112]	85225
210	0.9624303653733497	0.9953566787217977	1.9247631298590335	3.6845784447295697	[107, 734, 19, 334, 1086, 1112]	84538
211	0.9630101436854893	0.9954426661528755	1.9247631298590335	3.775462889659569	[420, 158, 1546, 234, 1086, 1112]	86177
212	0.963580974801454	0.9955641950554655	1.9247631298590335	3.5779691026203686	[257, 320, 836, 1089, 1086, 1112]	84474
213	0.9641429967952587	0.9956627684986774	1.9247631298590335	3.334919766974785	[1715, 132, 19, 334, 1086, 1096]	84152
214	0.9646963456101467	0.995759151420929	1.9247631298590335	3.528922042863038	[1892, 3459, 1203, 174, 1086, 1112]	83649
215	0.9652411550914716	0.9958376856538748	1.9247631298590335	2.1976818767155635	[10, 734, 1203, 174, 1086, 1112]	84792
216	0.9657775570190723	0.9959147655491734	1.9247631298590335	2.7266252539510933	[331, 241, 132, 1108, 1086, 1112]	83701
217	0.9663056811391484	0.9960237051345288	1.9247631298590335	3.6804418391159164	[3, 19, 132, 1094, 1086, 1112]	84212
218	0.966825655195643	0.99609734022463	1.9247631298590335	2.892248860804172	[241, 1209, 132, 1108, 1086, 1112]	84154
219	0.9673376049611423	0.9961696117019517	1.9247631298590335	2.723312616127263	[107, 734, 1203, 174, 1086, 1112]	85528
220	0.9678416542672975	0.9962717553898996	1.9247631298590335	3.592725015116719	[2149, 420, 158, 1115, 1086, 1112]	84118
221	0.9683379250347776	0.996371175246169	1.9247631298590335	4.2511631858484895	[1579, 1580, 438, 1091, 1086, 1112]	85310
222	0.9688265373027594	0.9965105221167161	1.9247631298590335	3.838061935263993	[1719, 1192, 836, 1089, 1086, 1112]	85200
223	0.9693076092579637	0.996588066069678	1.9247631298590335	3.260479038210432	[1726, 132, 1713, 174, 1086, 1112]	85311
224	0.969781257263242	0.9966512500313506	1.9247631298590335	3.462983623397844	[1742, 400, 19, 334, 1086, 1112]	84622
225	0.9702475958857228	0.9967584100303474	1.9247631298590335	3.260479038210432	[1726, 132, 1713, 174, 1086, 1112]	85060
226	0.9707067379245234	0.9968448524295381	1.9247631298590335	3.6412264034130413	[107, 10, 158, 1115, 1086, 1112]	84336
227	0.9711587944380339	0.9969149668199928	1.9247631298590335	2.793516874800511	[1259, 734, 1203, 174, 1086, 1096]	86398
228	0.9716038747707803	0.9969720970640671	1.9247631298590335	2.870736037412858	[3, 19, 132, 1108, 1086, 1112]	84843
229	0.9720420865798731	0.9970281693406584	1.9247631298590335	3.0373270629232803	[3284, 734, 1203, 174, 1086, 1112]	84545
230	0.9724735358610479	0.9970942100219771	1.9247631298590335	3.464547836593158	[1715, 132, 217, 261, 1086, 1112]	83933
231	0.9728983269743033	0.9971871953012739	1.9247631298590335	2.2790614829839417	[19, 734, 1203, 174, 1086, 1112]	84428
232	0.9733165626691443	0.9972497020723566	1.9247631298590335	4.0018950002973295	[2309, 420, 1546, 234, 1086, 1112]	82444
233	0.9737283441094353	0.9973230433504271	1.9247631298590335	3.3692329725658183	[1580, 301, 2627, 261, 1086, 1112]	84198
234	0.97413377089787	0.9973726166217155	1.9247631298590335	3.0836053386938795	[241, 132, 19, 334, 1086, 1112]	84502
235	0.9745329411000634	0.9974310029190108	1.9247631298590335	3.363125263892072	[432, 422, 19, 334, 1086, 1096]	84129
236	0.9749259512682722	0.9974785769390291	1.9247631298590335	3.7379752745274795	[276, 132, 1713, 174, 1086, 1112]	84440
237	0.9753128964647495	0.9975252699586766	1.9247631298590335	3.409802677289374	[1791, 420, 158, 1115, 1086, 1112]	84600
238	0.975693870284738	0.9975912627597786	1.9247631298590335	2.6296491148067798	[241, 1031, 132, 1108, 1086, 1096]	85579
239	0.9760689648791093	0.9976358690049679	1.9247631298590335	3.184750484208875	[455, 19, 132, 1108, 1086, 1096]	84647
240	0.9764382709766539	0.9976796492085797	1.9247631298590335	3.56678126317036	[19, 241, 217, 261, 1086, 1096]	85823
241	0.9768018779060265	0.99772261866768	1.9247631298590335	2.426484904269537	[734, 19, 132, 1108, 1086, 1112]	84958
242	0.9771598736173532	0.9977647923960563	1.9247631298590335	2.702639471550251	[77, 19, 132, 1108, 1086, 1112]	85818
243	0.9775123447035052	0.9978061851294626	1.9247631298590335	3.6022839188384888	[193, 1265, 255, 174, 1086, 1112]	84837
244	0.9778593764210437	0.9978468113307689	1.9247631298590335	3.6060011103515626	[677, 132, 1713, 174, 1086, 1112]	83564
245	0.9782010527108425	0.9979042296952817	1.9247631298590335	3.6632814211403364	[241, 1126, 19, 334, 1086, 1112]	83405
246	0.9785374562183912	0.9979430402564802	1.9247631298590335	3.0091646099295257	[241, 132, 1713, 174, 1086, 1112]	83688
247	0.9788686683137864	0.9979811321035824	1.9247631298590335	3.6022839188384888	[193, 1265, 255, 174, 1086, 1112]	84517
248	0.9791947691114131	0.9980457358762678	1.9247631298590335	3.6060011103515626	[3180, 843, 3094, 174, 1086, 1112]	84259
249	0.9795158374893234	0.9980819259526332	1.9247631298590335	3.213233408312252	[241, 132, 217, 261, 1086, 1112]	85018
250	0.9798319511083153	0.9981245498203525	1.9247631298590335	3.544621900098326	[2309, 420, 158, 1115, 1086, 1096]	84865
251	0.9801431864307178	0.9981662264910113	1.9247631298590335	3.8580932969723243	[2872, 241, 132, 261, 1086, 1096]	85510
252	0.9804496187388858	0.9982069770134333	1.9247631298590335	2.793516874800511	[1259, 734, 1203, 174, 1086, 1112]	84469
253	0.9807513221534092	0.9982643537490034	1.9247631298590335	3.8229149778872156	[1819, 241, 217, 261, 1086, 1112]	83843
254	0.9810483696510417	0.9983106376490299	1.9247631298590335	2.892248860804172	[241, 1209, 132, 1108, 1086, 1112]	84485
255	0.9813408330823528	0.998364697244261	1.9247631298590335	3.204410474350957	[5032, 23, 5272, 174, 1086, 1112]	84418
256	0.9816287831891066	0.9983899333978989	1.9247631298590335	2.635176752802436	[421, 438, 3366, 793, 4290, 794]	85081
257	0.9819122896213734	0.9984328685072883	1.9247631298590335	3.4347039664096126	[421, 438, 2627, 261, 1086, 1112]	85464
258	0.982191420954377	0.9984676936515708	1.9247631298590335	2.7751196038897037	[1819, 241, 132, 1108, 1086, 1096]	86150
259	0.982466244705081	0.9984960696950602	1.9247631298590335	3.773546740312346	[420, 545, 132, 1108, 1086, 1096]	84914
260	0.9827368273485212	0.9985441954648183	1.9247631298590335	3.0836053386938795	[241, 132, 19, 334, 1086, 1112]	84525
261	0.9830032343338835	0.9985927222826577	1.9247631298590335	4.228553101818894	[5279, 3078, 3075, 334, 1086, 1112]	84344
262	0.9832655301003359	0.9986239951208209	1.9247631298590335	3.4769091870642965	[87, 1265, 2308, 651, 19, 794]	83617
263	0.9835237780926147	0.9986494766926575	1.9247631298590335	3.5253359932117423	[1849, 420, 158, 1115, 1086, 1096]	84467
264	0.9837780407763707	0.9986926934384924	1.9247631298590335	3.5779691026203686	[257, 320, 836, 1089, 1086, 1112]	84329
265	0.9840283796532785	0.9987275549467993	1.9247631298590335	2.5872420769840634	[811, 3459, 1203, 174, 1086, 1112]	84502
266	0.9842748552759131	0.9987614868148847	1.9247631298590335	3.528922042863038	[2528, 3459, 1203, 174, 1086, 1096]	84675
267	0.9845175272623958	0.9987890093301095	1.9247631298590335	2.793516874800511	[1259, 734, 1203, 174, 1086, 1112]	84979
268	0.9847564543108157	0.9988213024146398	1.9247631298590335	3.58506169461264	[241, 1720, 132, 1094, 1086, 1112]	85265
269	0.9849916942134266	0.9988590207373714	1.9247631298590335	3.6167299521115073	[3621, 1720, 132, 1094, 1086, 1112]	83756
270	0.9852233038706267	0.9988955320737756	1.9247631298590335	3.0466300264731196	[4118, 23, 5272, 174, 1086, 1096]	84001
271	0.9854513393047221	0.9989159851835204	1.9247631298590335	2.6296491148067798	[241, 1031, 132, 1108, 1086, 1112]	85112
272	0.9856758556734764	0.9989360595319737	1.9247631298590335	3.4607062329820666	[420, 158, 1713, 174, 1086, 1112]	85316
273	0.9858969072834536	0.9989597026534854	1.9247631298590335	3.5253359932117423	[1849, 420, 158, 1115, 1086, 1096]	84458
274	0.9861145476031533	0.9989874439160592	1.9247631298590335	3.5779691026203686	[160, 320, 836, 1089, 1086, 1112]	85341
275	0.9863288292759441	0.999009945162369	1.9247631298590335	4.125894445927422	[1718, 132, 387, 344, 1086, 1112]	85800
276	0.9865398041327968	0.9990416269171731	1.9247631298590335	3.848858729833574	[2307, 420, 158, 1115, 1086, 1112]	84159
277	0.9867475232048216	0.9990671835327152	1.9247631298590335	3.0172048542480914	[19, 132, 1713, 174, 1086, 1112]	83923
278	0.9869520367356114	0.9990920586385095	1.9247631298590335	3.5779691026203686	[157, 320, 836, 1089, 1086, 1112]	82576
279	0.9871533941933952	0.9991122351132092	1.9247631298590335	3.7119802833327293	[2149, 420, 1822, 1094, 1086, 1096]	84298
280	0.9873516442830033	0.9991359088435237	1.9247631298590335	3.397083781329468	[241, 132, 387, 344, 1086, 1112]	84081
281	0.9875468349576483	0.999163559760531	1.9247631298590335	3.993920281751505	[1723, 241, 1729, 1094, 1086, 1112]	84534
282	0.9877390134305241	0.9991903258481939	1.9247631298590335	2.6743890052643993	[2004, 19, 132, 1108, 1086, 1112]	83780
283	0.9879282261862259	0.9992053198139681	1.9247631298590335	2.426484904269537	[734, 19, 132, 1108, 1086, 1112]	84122
284	0.988114518991994	0.9992265112855956	1.9247631298590335	3.184750484208875	[455, 19, 132, 1108, 1086, 1112]	84502
285	0.9882979369087842	0.9992408351506772	1.9247631298590335	2.1976818767155635	[10, 734, 1203, 174, 1086, 1112]	85196
286	0.9884785243021672	0.9992610795466591	1.9247631298590335	2.702639471550251	[77, 19, 132, 1108, 1086, 1112]	84647
287	0.9886563248530597	0.9992807840920815	1.9247631298590335	3.8933429468	[19, 1548, 255, 174, 1086, 1112]	84270
288	0.9888313815682902	0.9993084019829457	1.9247631298590335	3.988420050280083	[841, 1268, 1010, 1105, 1086, 1112]	84918
289	0.9890037367910018	0.9993212093536318	1.9247631298590335	3.8824796627235756	[1580, 438, 8, 174, 1086, 1112]	85179
290	0.9891734322108937	0.9993362935902178	1.9247631298590335	2.940940296086106	[1548, 19, 132, 1108, 1086, 1112]	85349
291	0.9893405088743059	0.9993510426215463	1.9247631298590335	3.575302319672975	[1851, 159, 1713, 174, 1086, 1096]	84713
292	0.9895050071941468	0.9993630603507769	1.9247631298590335	3.8929202031877006	[1196, 2558, 255, 174, 1086, 1112]	83570
293	0.9896669669596693	0.999383442419552	1.9247631298590335	2.940940296086106	[1548, 19, 132, 1108, 1086, 1112]	84156
294	0.9898264273460942	0.9993948601525233	1.9247631298590335	3.752824415762799	[10, 161, 1713, 174, 1086, 1112]	83866
295	0.9899834269240865	0.9994109972151227	1.9247631298590335	3.5779691026203686	[160, 320, 836, 1089, 1086, 1112]	84041
296	0.9901380036690851	0.9994219046741019	1.9247631298590335	3.184750484208875	[455, 19, 132, 1108, 1086, 1112]	83892
297	0.9902901949704882	0.9994347512368996	1.9247631298590335	3.663877168314336	[2309, 420, 1822, 1094, 1086, 1112]	84062
298	0.9904400376406967	0.9994528391973189	1.9247631298590335	3.544621900098326	[2309, 420, 158, 1115, 1086, 1096]	84287
299	0.9905875679240193	0.999462971804776	1.9247631298590335	3.2554358471025484	[1580, 438, 2627, 261, 1086, 1112]	84150
300	0.9907328215054387	0.9994772925566485	1.9247631298590335	3.841121164223872	[1791, 420, 158, 1089, 1086, 1112]	84697
301	0.9908758335192437	0.9994940191948358	1.9247631298590335	3.8003643798949636	[1847, 420, 158, 1115, 1086, 1112]	83759
302	0.991016638557527	0.9995102105806011	1.9247631298590335	3.5995927639097713	[300, 301, 2627, 261, 1086, 1112]	85215
303	0.9911552706785528	0.999523271631785	1.9247631298590335	2.775355892909582	[241, 1720, 132, 1108, 1086, 1112]	84496
304	0.9912917634149948	0.9995320999349001	1.9247631298590335	3.3286916908759068	[19, 241, 132, 1094, 1086, 1112]	84240
305	0.9914261497820474	0.9995470727369833	1.9247631298590335	3.834090028441395	[1535, 438, 2627, 261, 1086, 1112]	84785
306	0.9915584622854109	0.999555460278891	1.9247631298590335	4.303353396184585	[401, 2975, 8, 174, 1086, 1112]	84882
307	0.9916887329291545	0.9995696855499665	1.9247631298590335	3.3383536017876443	[2872, 241, 132, 1094, 1086, 1112]	85483
308	0.9918169932234577	0.9995862096248478	1.9247631298590335	3.6167299521115073	[3621, 1720, 132, 1094, 1086, 1112]	83785
309	0.9919432741922315	0.9995938724095729	1.9247631298590335	2.723312616127263	[107, 734, 1203, 174, 1086, 1112]	84223
310	0.992067606380623	0.9996047024786509	1.9247631298590335	4.242101043776829	[1549, 107, 420, 458, 1086, 1112]	82842
311	0.9921900198624035	0.9996152437458868	1.9247631298590335	3.1140102213751986	[241, 1729, 132, 1108, 1086, 1112]	84407
312	0.992310544247243	0.9996275559460185	1.9247631298590335	3.8661440547314783	[2636, 301, 2627, 261, 1086, 1096]	82704
313	0.9924292086878719	0.9996344530581293	1.9247631298590335	3.6845784447295697	[107, 734, 19, 334, 1086, 1112]	84529
314	0.9925460418871331	0.9996425763235042	1.9247631298590335	2.793516874800511	[1259, 734, 1203, 174, 1086, 1112]	83705
315	0.9926610721049243	0.999652107621544	1.9247631298590335	3.184750484208875	[432, 19, 132, 1108, 1086, 1112]	83885
316	0.9927743271650334	0.999658550072997	1.9247631298590335	3.3692329725658183	[1580, 301, 2627, 261, 1086, 1112]	84628
317	0.9928858344618694	0.9996716617501938	1.9247631298590335	3.836139833873668	[140, 1210, 1822, 1094, 1086, 1112]	83978
318	0.9929956209670875	0.9996777420881532	1.9247631298590335	3.1589477053178707	[10, 734, 19, 334, 1086, 1112]	84669
319	0.9931037132361139	0.9996901167919682	1.9247631298590335	3.6167299521115073	[3621, 1720, 132, 1094, 1086, 1112]	85644
320	0.9932101374145689	0.9996983803441823	1.9247631298590335	2.870736037412858	[3, 19, 132, 1108, 1086, 1112]	84477
321	0.993314919244591	0.9997064235350042	1.9247631298590335	2.426484904269537	[734, 19, 132, 1108, 1086, 1112]	84332
322	0.9934180840710634	0.999715817981884	1.9247631298590335	3.6060011103515626	[3179, 843, 3094, 174, 1086, 1112]	84325
323	0.9935196568477445	0.9997233961690337	1.9247631298590335	4.1604880016153105	[1173, 1676, 132, 1108, 1086, 1112]	86184
324	0.993619662143304	0.9997307722711929	1.9247631298590335	3.7538597690840323	[420, 1879, 836, 1089, 1086, 1112]	84560
325	0.9937181241472653	0.9997367551096108	1.9247631298590335	2.6743890052643993	[2004, 19, 132, 1108, 1086, 1112]	84645
326	0.993815066675857	0.9997426049960639	1.9247631298590335	3.592725015116719	[2149, 420, 158, 1115, 1086, 1096]	84245
327	0.9939105131777727	0.9997494688628356	1.9247631298590335	3.0373270629232803	[846, 734, 1203, 174, 1086, 1112]	84242
328	0.9940044867398441	0.9997541083283386	1.9247631298590335	3.2554358471025484	[1580, 438, 2627, 261, 1086, 1112]	84199
329	0.9940970100926243	0.9997586618778138	1.9247631298590335	3.529057945505385	[1791, 420, 1822, 1094, 1086, 1112]	84181
330	0.9941881056158863	0.9997631311022988	1.9247631298590335	2.9611430034036257	[781, 19, 132, 1108, 1086, 1112]	84463
331	0.9942777953440362	0.9997694476062374	1.9247631298590335	3.5005121038821185	[734, 10, 158, 1115, 1086, 1112]	84367
332	0.9943661009714431	0.9997737170950108	1.9247631298590335	3.4051240256480337	[19, 132, 387, 344, 1086, 1112]	84660
333	0.9944530438576862	0.9997787456040106	1.9247631298590335	3.4686455498577784	[732, 734, 1203, 174, 1086, 1096]	84719
334	0.9945386450327219	0.9997836623683659	1.9247631298590335	3.451071680941741	[2872, 241, 19, 334, 1086, 1112]	84955
335	0.99462292520197	0.9997884698712911	1.9247631298590335	3.0373270629232803	[846, 734, 1203, 174, 1086, 1112]	84215
336	0.9947059047513224	0.9997952388354098	1.9247631298590335	2.545237350214759	[811, 734, 1203, 174, 1086, 1112]	84378
337	0.9947876037520735	0.9997990307088281	1.9247631298590335	3.081560325988364	[241, 1126, 132, 1108, 1086, 1112]	84349
338	0.994868041965776	0.999804389889926	1.9247631298590335	3.5800061191568133	[19, 241, 1729, 1094, 1086, 1096]	84695
339	0.9949472388490203	0.999809606159528	1.9247631298590335	4.3430051891269175	[279, 2582, 255, 174, 1086, 1096]	85474
340	0.9950252135581403	0.999815698762423	1.9247631298590335	3.544621900098326	[2309, 420, 158, 1115, 1086, 1112]	84479
341	0.995101984953848	0.9998215964020255	1.9247631298590335	2.7266252539510933	[331, 241, 132, 1108, 1086, 1096]	84519
342	0.9951775716057949	0.9998255609264249	1.9247631298590335	2.5286478000845856	[2872, 241, 132, 1108, 1086, 1112]	84198
343	0.9952519917970635	0.9998311429767793	1.9247631298590335	3.5253359932117423	[1849, 420, 158, 1115, 1086, 1112]	83918
344	0.9953252635285903	0.9998348953550732	1.9247631298590335	2.940940296086106	[1548, 19, 132, 1108, 1086, 1112]	83913
345	0.9953974045235194	0.9998392981456046	1.9247631298590335	3.0172048542480914	[19, 132, 1713, 174, 1086, 1112]	83424
346	0.9954684322314897	0.9998422741058711	1.9247631298590335	2.545237350214759	[811, 734, 1203, 174, 1086, 1112]	83917
347	0.9955383638328557	0.9998475316356754	1.9247631298590335	3.4225800030903457	[4196, 1663, 1546, 234, 1086, 1112]	84576
348	0.9956072162428424	0.9998509198215493	1.9247631298590335	3.184750484208875	[432, 19, 132, 1108, 1086, 1112]	85367
349	0.9956750061156381	0.9998536805655946	1.9247631298590335	3.4686455498577784	[1265, 734, 1203, 174, 1086, 1112]	84073
350	0.9957417498484215	0.9998569321085815	1.9247631298590335	3.657269442927971	[2627, 438, 132, 1108, 1086, 1112]	84451
351	0.9958074635853286	0.9998601113950575	1.9247631298590335	3.6483982096103746	[1715, 132, 387, 344, 1086, 1096]	85049
352	0.9958721632213574	0.9998627019247786	1.9247631298590335	3.5504141572377215	[10, 158, 1713, 174, 1086, 1112]	84769
353	0.9959358644062131	0.9998652444817272	1.9247631298590335	2.2790614829839417	[19, 734, 1203, 174, 1086, 1112]	85040
354	0.9959985825480925	0.9998688379622144	1.9247631298590335	2.7266252539510933	[331, 241, 132, 1108, 1086, 1096]	85420
355	0.996060332817412	0.9998712668888401	1.9247631298590335	2.5872420769840634	[811, 3459, 1203, 174, 1086, 1112]	84604
356	0.9961211301504767	0.9998762102403086	1.9247631298590335	2.6296491148067798	[241, 1031, 132, 1108, 1086, 1096]	83603
357	0.9961809892530927	0.9998795113005671	1.9247631298590335	3.3802769052980004	[1515, 1031, 132, 1108, 1086, 1112]	84344
358	0.9962399246041252	0.999883366938949	1.9247631298590335	4.313636070190715	[420, 1822, 1210, 458, 1086, 1096]	83798
359	0.9962979504589998	0.9998870991969026	1.9247631298590335	3.484094806967457	[2004, 19, 132, 1094, 1086, 1112]	83074
360	0.9963550808531512	0.9998901098849852	1.9247631298590335	3.7282586004404497	[2557, 2558, 255, 174, 1086, 1112]	83544
361	0.9964113296054173	0.999892551887541	1.9247631298590335	3.575302319672975	[1851, 159, 1713, 174, 1086, 1112]	84138
362	0.9964667103213831	0.9998945416674014	1.9247631298590335	3.236190705972595	[734, 19, 132, 1094, 1086, 1096]	83515
363	0.9965212363966703	0.9998968851859036	1.9247631298590335	3.260479038210432	[1715, 132, 1713, 174, 1086, 1112]	84461
364	0.9965749210201785	0.9998991766262169	1.9247631298590335	2.7651095063947495	[1580, 1579, 1582, 793, 2372, 794]	83814
365	0.9966277771772746	0.9999010437257313	1.9247631298590335	3.6060011103515626	[545, 132, 1713, 174, 1086, 1112]	85446
366	0.9966798176529339	0.9999042103265079	1.9247631298590335	3.5644935086479057	[1414, 3251, 3248, 334, 1086, 1112]	85129
367	0.9967310550348331	0.9999072755960596	1.9247631298590335	3.770768306464354	[318, 158, 1713, 174, 1086, 1112]	83668
368	0.9967815017163943	0.9999102427769858	1.9247631298590335	3.6060011103515626	[3180, 843, 3094, 174, 1086, 1112]	84814
369	0.9968311698997833	0.9999122373819417	1.9247631298590335	3.484094806967457	[2004, 19, 132, 1094, 1086, 1112]	84789
370	0.9968800715988607	0.9999138626156094	1.9247631298590335	3.4607062329820666	[420, 158, 1713, 174, 1086, 1112]	84842
371	0.9969282186420881	0.9999151918962327	1.9247631298590335	2.196598213191204	[1580, 301, 10, 734, 19, 794]	85361
372	0.9969756226753893	0.9999170765207609	1.9247631298590335	4.0706424428960695	[1667, 1663, 1546, 234, 1086, 1112]	83794
373	0.9970222951649665	0.9999197300720966	1.9247631298590335	4.116549809284586	[238, 10, 158, 1115, 1086, 1112]	85388
374	0.9970682474000752	0.9999212165522429	1.9247631298590335	3.8824796627235756	[1580, 438, 8, 174, 1086, 1112]	83220
375	0.9971134904957529	0.9999237376225711	1.9247631298590335	3.0466300264731196	[4118, 23, 5272, 174, 1086, 1112]	84042
376	0.9971580353955098	0.9999257712859692	1.9247631298590335	3.7598748653458536	[157, 10, 158, 1115, 1086, 1112]	83793
377	0.9972018928739742	0.9999281466048182	1.9247631298590335	3.671150278463103	[2490, 390, 3248, 334, 1086, 1112]	84085
378	0.9972450735394993	0.9999315955677869	1.9247631298590335	3.5039302684876574	[4301, 1711, 132, 1108, 1086, 1096]	84177
379	0.9972875878367292	0.9999328623165316	1.9247631298590335	4.027112558168636	[241, 19, 422, 636, 1086, 1096]	84438
380	0.9973294460491254	0.9999346526547574	1.9247631298590335	3.236190705972595	[734, 19, 132, 1094, 1086, 1112]	84676
381	0.9973706583014538	0.9999363952506306	1.9247631298590335	2.790120672112291	[241, 217, 132, 1108, 1086, 1112]	84832
382	0.9974112345622338	0.9999375731163597	1.9247631298590335	3.5504141572377215	[10, 158, 1713, 174, 1086, 1112]	84701
383	0.9974511846461499	0.9999387291697603	1.9247631298590335	2.2790614829839417	[19, 734, 1203, 174, 1086, 1112]	83295
384	0.9974905182164254	0.9999400907437657	1.9247631298590335	3.464547836593158	[1715, 132, 217, 261, 1086, 1112]	84070
385	0.9975292447871595	0.9999414220605709	1.9247631298590335	3.663877168314336	[2309, 420, 1822, 1094, 1086, 1096]	83957
386	0.9975673737256293	0.999942506837227	1.9247631298590335	3.4607062329820666	[420, 158, 1713, 174, 1086, 1112]	84670
387	0.9976049142545548	0.9999435715254265	1.9247631298590335	2.2790614829839417	[19, 734, 1203, 174, 1086, 1112]	85537
388	0.9976418754543301	0.9999450762847485	1.9247631298590335	3.236190705972595	[734, 19, 132, 1094, 1086, 1112]	84149
389	0.9976782662652202	0.9999460933905865	1.9247631298590335	3.4607062329820666	[420, 158, 1713, 174, 1086, 1112]	84107
390	0.9977140954895223	0.999946925282707	1.9247631298590335	2.0508698072325693	[10, 734, 19, 132, 393, 794]	84571
391	0.9977493717936964	0.9999483406085015	1.9247631298590335	2.6296491148067798	[241, 1031, 132, 1108, 1086, 1112]	84010
392	0.9977841037104603	0.9999497181922749	1.9247631298590335	3.529057945505385	[1791, 420, 1822, 1094, 1086, 1112]	82184
393	0.9978182996408544	0.9999506493368623	1.9247631298590335	3.7536729288630175	[87, 415, 255, 174, 1086, 1112]	83836
394	0.9978519678562733	0.9999517460182654	1.9247631298590335	3.6483982096103746	[1726, 132, 387, 344, 1086, 1112]	83901
395	0.9978851165004666	0.9999532901456809	1.9247631298590335	3.184750484208875	[3167, 19, 132, 1108, 1086, 1112]	83841
396	0.9979177535915088	0.999954535741796	1.9247631298590335	3.529057945505385	[1791, 420, 1822, 1094, 1086, 1096]	83367
397	0.9979498870237387	0.999955546058645	1.9247631298590335	2.5286478000845856	[2872, 241, 132, 1108, 1086, 1112]	83498
398	0.9979815245696686	0.9999565339240085	1.9247631298590335	3.4669248454207757	[3819, 438, 2627, 261, 1086, 1112]	86041
399	0.9980126738818651	0.9999574998368083	1.9247631298590335	3.6483982096103746	[1715, 132, 387, 344, 1086, 1112]	84547
400	0.9980433424947992	0.9999582868768674	1.9247631298590335	3.528922042863038	[1892, 3459, 1203, 174, 1086, 1112]	84661
401	0.9980735378266696	0.9999592138351592	1.9247631298590335	3.462983623397844	[1742, 400, 19, 334, 1086, 1112]	84962
402	0.9981032671811964	0.9999599691345081	1.9247631298590335	3.1140102213751986	[241, 1729, 132, 1108, 1086, 1112]	84123
403	0.9981325377493877	0.9999605868947781	1.9247631298590335	2.9649574696948013	[77, 1460, 19, 132, 393, 794]	85327
404	0.9981613566112799	0.999961316767097	1.9247631298590335	3.184750484208875	[455, 19, 132, 1108, 1086, 1112]	84237
405	0.998189730737649	0.9999628022032405	1.9247631298590335	3.773546740312346	[1451, 1713, 132, 1108, 1086, 1112]	83860
406	0.9982176669916977	0.9999634910513286	1.9247631298590335	3.5005121038821185	[734, 10, 158, 1115, 1086, 1112]	83211
407	0.9982451721307147	0.9999643023612991	1.9247631298590335	3.9343585605063875	[269, 1337, 240, 234, 1086, 1112]	84326
408	0.9982722528077098	0.9999650956421591	1.9247631298590335	3.3802769052980004	[1515, 1031, 132, 1108, 1086, 1112]	82642
409	0.998298915573023	0.9999660264250348	1.9247631298590335	3.3692329725658183	[1580, 301, 2627, 261, 1086, 1112]	84720
410	0.9983251668759084	0.9999671135794338	1.9247631298590335	3.4225800030903457	[4196, 1663, 1546, 234, 1086, 1112]	83977
411	0.998351013066095	0.9999679905506489	1.9247631298590335	2.9611430034036257	[781, 19, 132, 1108, 1086, 1112]	84655
412	0.9983764603953219	0.999969014853028	1.9247631298590335	3.3383536017876443	[2872, 241, 132, 1094, 1086, 1112]	84238
413	0.9984015150188509	0.9999695886520461	1.9247631298590335	3.87761492134167	[107, 420, 1822, 1094, 1086, 1112]	84033
414	0.9984261829969551	0.9999705618151806	1.9247631298590335	3.6060011103515626	[3180, 843, 3094, 174, 1086, 1112]	84403
415	0.9984504702963848	0.9999712159970655	1.9247631298590335	4.017654981928133	[3819, 438, 3366, 150, 1086, 1112]	84075
416	0.9984743827918109	0.9999723213027781	1.9247631298590335	3.204410474350957	[5032, 23, 5272, 174, 1086, 1112]	84293
417	0.998497926267246	0.9999730594013707	1.9247631298590335	3.5779691026203686	[257, 320, 836, 1089, 1086, 1112]	84124
418	0.9985211064174427	0.9999735583013454	1.9247631298590335	3.575302319672975	[1851, 159, 1713, 174, 1086, 1112]	85180
419	0.9985439288492723	0.9999742634133095	1.9247631298590335	2.426484904269537	[734, 19, 132, 1108, 1086, 1112]	85579
420	0.9985663990830799	0.9999748353374581	1.9247631298590335	2.5286478000845856	[2872, 241, 132, 1108, 1086, 1112]	83899
421	0.99858852255402	0.9999753945521813	1.9247631298590335	3.750646097789165	[1548, 19, 132, 1094, 1086, 1096]	83833
422	0.9986103046133715	0.9999761819265115	1.9247631298590335	3.529057945505385	[1791, 420, 1822, 1094, 1086, 1112]	83884
423	0.9986317505298319	0.9999766230019465	1.9247631298590335	3.5492810816234277	[158, 420, 1822, 1094, 1086, 1112]	83811
424	0.9986528654907912	0.9999772463885612	1.9247631298590335	3.9010739829384757	[1580, 438, 970, 261, 1086, 1112]	83384
425	0.9986736546035877	0.999977853151533	1.9247631298590335	2.518985889172849	[19, 241, 132, 1108, 1086, 1112]	85033
426	0.9986941228967422	0.9999784437341588	1.9247631298590335	4.169455003942114	[420, 1791, 836, 1089, 1086, 1096]	84014
427	0.9987142753211752	0.9999788429242669	1.9247631298590335	3.6804418391159164	[677, 132, 19, 334, 1086, 1112]	84582
428	0.998734116751404	0.9999794071129531	1.9247631298590335	3.843804425147278	[1549, 107, 836, 1089, 1086, 1112]	84635
429	0.9987536519867218	0.9999797884627133	1.9247631298590335	2.545237350214759	[811, 734, 1203, 174, 1086, 1112]	83874
430	0.9987728857523588	0.9999803274370409	1.9247631298590335	3.879539149408224	[223, 23, 5272, 174, 1086, 1112]	83458
431	0.9987918227006248	0.9999806917437624	1.9247631298590335	3.5069954494906392	[542, 269, 132, 1108, 1086, 1112]	84763
432	0.9988104674120349	0.9999813096079619	1.9247631298590335	2.8070241504084494	[3621, 1720, 132, 1108, 1086, 1112]	83555
433	0.9988288243964172	0.9999818080184163	1.9247631298590335	4.254859046245974	[542, 457, 139, 174, 1086, 1112]	84160
434	0.9988468980940033	0.9999821449069641	1.9247631298590335	3.9343585605063875	[269, 1337, 240, 234, 1086, 1112]	84213
435	0.9988646928765033	0.9999826210427785	1.9247631298590335	3.5779691026203686	[160, 320, 836, 1089, 1086, 1112]	85501
436	0.9988822130481622	0.9999829428753196	1.9247631298590335	3.8061659836099055	[1580, 438, 3366, 150, 1086, 1096]	83930
437	0.9988994628468016	0.9999832587479989	1.9247631298590335	3.221273652630817	[19, 132, 217, 261, 1086, 1112]	83403
438	0.9989164464448448	0.9999836307758211	1.9247631298590335	3.9196196481109737	[1550, 420, 1822, 1094, 1086, 1112]	84876
439	0.9989331679503256	0.9999839339096022	1.9247631298590335	3.0091646099295257	[241, 132, 1713, 174, 1086, 1112]	82233
440	0.9989496314078823	0.9999844480244949	1.9247631298590335	3.5644935086479057	[1414, 3251, 3248, 334, 1086, 1112]	82840
441	0.9989658407997359	0.9999846880241169	1.9247631298590335	2.855476420299156	[1879, 496, 217, 241, 19, 794]	84252
442	0.9989818000466536	0.9999851780073452	1.9247631298590335	3.0466300264731196	[4118, 23, 5272, 174, 1086, 1112]	84421
443	0.9989975130088966	0.9999854524886906	1.9247631298590335	2.5872420769840634	[811, 3459, 1203, 174, 1086, 1112]	84543
444	0.9990129834871544	0.9999858404223255	1.9247631298590335	3.7538597690840323	[420, 1879, 836, 1089, 1086, 1112]	84242
445	0.9990282152234637	0.9999861550796072	1.9247631298590335	2.5286478000845856	[2872, 241, 132, 1108, 1086, 1112]	85877
446	0.999043211902114	0.9999865981170598	1.9247631298590335	4.237730469874274	[1392, 1268, 1010, 1105, 1086, 1112]	83869
447	0.9990579771505381	0.9999869555006049	1.9247631298590335	3.626211045907998	[1580, 438, 132, 1108, 1086, 1112]	83619
448	0.9990725145401903	0.999987303353922	1.9247631298590335	3.4714239837057717	[2146, 1728, 132, 1108, 1086, 1112]	83581
449	0.9990868275874096	0.9999875384769976	1.9247631298590335	3.8824796627235756	[1580, 438, 8, 174, 1086, 1112]	83499
450	0.9991009197542706	0.999987769245942	1.9247631298590335	3.56678126317036	[19, 241, 217, 261, 1086, 1112]	84766
451	0.9991147944494208	0.9999880953993836	1.9247631298590335	3.998590429430397	[542, 269, 2013, 2116, 1086, 1112]	85506
452	0.999128455028905	0.9999884128554001	1.9247631298590335	3.7282586004404497	[2557, 2558, 255, 174, 1086, 1112]	81421
453	0.9991419047969774	0.9999887218459227	1.9247631298590335	3.0091646099295257	[241, 132, 1713, 174, 1086, 1112]	79854
454	0.9991551470069007	0.9999889724715688	1.9247631298590335	3.334919766974785	[1715, 132, 19, 334, 1086, 1112]	79746
455	0.9991681848617324	0.9999891766850584	1.9247631298590335	3.8372243806298787	[2627, 438, 3366, 150, 1086, 1112]	80750
456	0.9991810215151007	0.9999893771168165	1.9247631298590335	3.56678126317036	[19, 241, 217, 261, 1086, 1112]	80761
457	0.9991936600719664	0.9999896131808873	1.9247631298590335	4.1571400309425535	[846, 10, 494, 636, 1086, 1112]	79780
458	0.9992061035893743	0.9999898901627302	1.9247631298590335	3.462983623397844	[1742, 400, 19, 334, 1086, 1112]	80187
459	0.9992183550771927	0.9999901597583908	1.9247631298590335	3.673264351591776	[21, 1417, 5272, 174, 1086, 1112]	79559
460	0.999230417498841	0.9999904746461222	1.9247631298590335	3.8498112984743313	[101, 370, 1713, 174, 1086, 1112]	80569
461	0.999242293772007	0.999990728655559	1.9247631298590335	3.32346175437313	[2040, 545, 132, 1108, 1086, 1112]	81863
462	0.9992539867693525	0.9999909758914108	1.9247631298590335	3.08802217103832	[190, 196, 1078, 334, 19, 794]	82052
463	0.9992654993192083	0.9999912646628857	1.9247631298590335	2.7266252539510933	[331, 241, 132, 1108, 1086, 1112]	81556
464	0.9992768342062575	0.9999915441936733	1.9247631298590335	3.671150278463103	[2490, 390, 1078, 334, 1086, 1112]	81713
465	0.9992879941722103	0.999991769681842	1.9247631298590335	2.1976818767155635	[10, 734, 1203, 174, 1086, 1112]	80034
466	0.9992989819164663	0.9999919891569929	1.9247631298590335	3.5123452732533087	[77, 19, 132, 1094, 1086, 1112]	82085
467	0.9993098000967677	0.9999921671757264	1.9247631298590335	3.334919766974785	[1715, 132, 19, 334, 1086, 1112]	79525
468	0.9993204513298424	0.9999923122280278	1.9247631298590335	3.1589477053178707	[10, 734, 19, 334, 1086, 1112]	81541
469	0.9993309381920361	0.999992483067405	1.9247631298590335	3.58966803006855	[2872, 241, 1729, 1094, 1086, 1112]	83022
470	0.9993412632199368	0.9999926501103514	1.9247631298590335	2.5286478000845856	[2872, 241, 132, 1108, 1086, 1112]	83823
471	0.9993514289109872	0.9999928134412326	1.9247631298590335	3.544621900098326	[2309, 420, 158, 1115, 1086, 1112]	82816
472	0.9993614377240893	0.9999929731425384	1.9247631298590335	2.545237350214759	[811, 734, 1203, 174, 1086, 1112]	82672
473	0.9993712920801989	0.9999931032695285	1.9247631298590335	2.5872420769840634	[811, 3459, 1203, 174, 1086, 1096]	83851
474	0.999380994362912	0.9999932309867595	1.9247631298590335	3.7559304011572747	[734, 19, 132, 261, 1086, 1112]	83063
475	0.9993905469190398	0.9999933563388566	1.9247631298590335	3.6663831967223626	[359, 158, 1713, 174, 1086, 1112]	82264
476	0.9993999520591781	0.9999934793696185	1.9247631298590335	2.518985889172849	[19, 241, 132, 1108, 1086, 1112]	82835
477	0.9994092120582648	0.9999936532530953	1.9247631298590335	2.2790614829839417	[19, 734, 1203, 174, 1086, 1096]	83416
478	0.9994183291561312	0.9999938224996794	1.9247631298590335	3.7536729288630175	[2789, 2558, 255, 174, 1086, 1112]	83999
479	0.9994273055580427	0.9999939597774643	1.9247631298590335	3.6483982096103746	[1726, 132, 387, 344, 1086, 1112]	83468
480	0.9994361434352333	0.9999941208500652	1.9247631298590335	2.775355892909582	[241, 1720, 132, 1108, 1086, 1112]	83588
481	0.9994448449254304	0.9999942297232122	1.9247631298590335	2.2790614829839417	[19, 734, 1203, 174, 1086, 1112]	84906
482	0.9994534121333712	0.9999943365801898	1.9247631298590335	2.1976818767155635	[10, 734, 1203, 174, 1086, 1112]	82688
483	0.9994618471313131	0.9999944414583344	1.9247631298590335	2.426484904269537	[734, 19, 132, 1108, 1086, 1112]	83856
484	0.9994701519595336	0.9999946549063343	1.9247631298590335	3.9230452781866054	[420, 2307, 1468, 1089, 1086, 1112]	83799
485	0.9994783286268247	0.9999947974421655	1.9247631298590335	3.5779691026203686	[160, 320, 836, 1089, 1086, 1096]	81873
486	0.9994863791109787	0.9999949639240161	1.9247631298590335	3.5644935086479057	[1414, 3251, 3248, 334, 1086, 1112]	81812
487	0.999494305359266	0.9999950571846825	1.9247631298590335	3.213233408312252	[241, 132, 217, 261, 1086, 1112]	82827
488	0.999502109288907	0.9999951487182995	1.9247631298590335	3.575302319672975	[1851, 159, 1713, 174, 1086, 1112]	81564
489	0.9995097927875349	0.9999952565245595	1.9247631298590335	3.6060011103515626	[1723, 132, 1713, 174, 1086, 1112]	81421
490	0.9995173577136532	0.9999953443666972	1.9247631298590335	3.775462889659569	[420, 158, 1546, 234, 1086, 1112]	81268
491	0.9995248058970845	0.9999954685169187	1.9247631298590335	2.702639471550251	[77, 19, 132, 1108, 1086, 1112]	81334
492	0.9995321391394135	0.9999955524332721	1.9247631298590335	4.125894445927422	[2627, 261, 132, 1094, 1086, 1112]	80869
493	0.9995393592144225	0.9999956710350515	1.9247631298590335	3.1589477053178707	[10, 734, 19, 334, 1086, 1112]	82416
494	0.999546467868521	0.9999957864741168	1.9247631298590335	4.001534977136717	[2149, 420, 1582, 1087, 1086, 1112]	82850
495	0.9995534668211672	0.9999958801080253	1.9247631298590335	3.529057945505385	[1791, 420, 1822, 1094, 1086, 1112]	81844
496	0.9995603577652851	0.9999960383118771	1.9247631298590335	3.7538597690840323	[420, 1879, 836, 1089, 1086, 1112]	83752
497	0.9995671423676726	0.9999961439568937	1.9247631298590335	3.3692329725658183	[1580, 301, 2627, 261, 1086, 1112]	81484
498	0.999573822269406	0.9999962467847099	1.9247631298590335	2.6296491148067798	[241, 1031, 132, 1108, 1086, 1096]	81119
499	0.9995803990862362	0.9999963162886968	1.9247631298590335	3.236190705972595	[734, 19, 132, 1094, 1086, 1112]	81682
