0	0.015432098765432056	0.026666666666666616	3.3286916908759068	3.3286916908759068	[19, 241, 132, 1094, 1086, 1112]	74031
1	0.030626047858558048	0.052622222222222126	3.3286916908759068	3.8542506673671317	[734, 19, 3308, 334, 1086, 1112]	69079
2	0.045585522428642	0.08293831111111105	3.3286916908759068	3.4347039664096126	[421, 438, 2627, 261, 1086, 1112]	68899
3	0.06031414090968146	0.11228428515555555	3.0091646099295257	3.0091646099295257	[241, 132, 1713, 174, 1086, 1112]	70409
4	0.07481546589564314	0.13201130104098768	3.0091646099295257	3.451071680941741	[2872, 241, 19, 334, 1086, 1112]	67202
5	0.08909300500219186	0.15978693940767608	3.0091646099295257	3.4669248454207757	[3819, 438, 2627, 261, 1086, 1112]	67527
6	0.10315021171512095	0.17845834075417222	3.0091646099295257	3.6721450672688247	[1792, 496, 217, 261, 1086, 1112]	69723
7	0.11699048622569008	0.19367207518465046	3.0091646099295257	3.5605912733082006	[241, 19, 1987, 334, 1086, 1112]	69780
8	0.13061717625307134	0.2115904735138805	3.0091646099295257	3.6167299521115073	[3621, 1720, 132, 1094, 1086, 1112]	70805
9	0.1440335778541042	0.23261472755351031	2.760624325706689	2.760624325706689	[1792, 496, 217, 241, 19, 794]	70735
10	0.1572429362205532	0.26331013845136997	2.760624325706689	3.4225800030903457	[4196, 1663, 1546, 234, 1086, 1112]	70207
11	0.17024844646406312	0.2796810242635618	2.760624325706689	2.932900051767541	[4015, 241, 132, 1108, 1086, 1112]	69461
12	0.18305325438900033	0.2988895302832001	2.760624325706689	3.4393549165098385	[241, 1031, 132, 1094, 1086, 1096]	97209
13	0.19566045725336756	0.3144697629435734	2.760624325706689	3.6804418391159164	[545, 132, 19, 334, 1086, 1112]	63831
14	0.208073104517976	0.3271647673335072	2.2790614829839417	2.2790614829839417	[19, 734, 1203, 174, 1086, 1112]	64459
15	0.22029419858405663	0.3396246790495533	2.2790614829839417	3.528922042863038	[1892, 3459, 1203, 174, 1086, 1112]	68148
16	0.2323266955194878	0.35723468760823185	2.2790614829839417	3.4051240256480337	[19, 132, 387, 344, 1086, 1096]	145281
17	0.2441735057738167	0.3691377489488201	2.2790614829839417	3.5492810816234277	[158, 420, 1822, 1094, 1086, 1112]	152922
18	0.2558374948822454	0.3831569100832908	2.2790614829839417	3.528922042863038	[1892, 3459, 1203, 174, 1086, 1112]	78392
19	0.2673214841587539	0.40289588896062545	2.2790614829839417	3.0466300264731196	[4118, 23, 5272, 174, 1086, 1112]	78024
20	0.2786282513785262	0.41881866525500877	2.2790614829839417	3.5247094981667253	[2387, 1663, 1546, 234, 1086, 1112]	78228
21	0.28976053144984526	0.4295812825651012	2.2790614829839417	2.8070241504084494	[3621, 1720, 132, 1108, 1086, 1112]	75023
22	0.30072101707561927	0.44225725406365457	2.2790614829839417	3.184750484208875	[4284, 19, 132, 1108, 1086, 1112]	75849
23	0.31151235940469924	0.4571303939552904	2.2790614829839417	4.334105575533504	[19, 241, 1587, 487, 1086, 1112]	126786
24	0.32213716867314524	0.46718353480797026	2.2790614829839417	3.462983623397844	[1742, 400, 19, 334, 1086, 1112]	95809
25	0.3325980148355967	0.4770505063856004	2.2790614829839417	3.6425874947946353	[119, 409, 19, 334, 1086, 1096]	102236
26	0.34289742818689917	0.4909958262153177	2.2790614829839417	4.4131039495847455	[677, 1422, 148, 1108, 1086, 1112]	100708
27	0.35303789997413837	0.5004218294335525	2.2790614829839417	3.092807383665047	[257, 320, 836, 2348, 2372, 794]	90971
28	0.3630218829992288	0.5115235665572513	2.2790614829839417	3.5247094981667253	[2387, 1663, 1546, 234, 1086, 1112]	78932
29	0.37285179221220366	0.5245496047823912	2.2790614829839417	4.067021264082211	[359, 158, 420, 458, 1086, 1096]	77239
30	0.38253000529534864	0.5333542417308654	2.2790614829839417	2.5872420769840634	[811, 3459, 1203, 174, 1086, 1112]	93128
31	0.3920588632383216	0.555753238127784	2.2790614829839417	3.6060011103515626	[3179, 843, 3094, 174, 1086, 1112]	76391
32	0.40144067090439683	0.5639800300143065	2.2790614829839417	2.545237350214759	[811, 734, 1203, 174, 1086, 1112]	74786
33	0.4106776975879709	0.5779326690538487	2.2790614829839417	3.671150278463103	[2490, 390, 3248, 334, 1086, 1112]	74622
34	0.4197721775634652	0.5941400545621809	2.2790614829839417	3.204410474350957	[5032, 23, 5272, 174, 1086, 1096]	145401
35	0.4287263106257574	0.6049629864405228	2.2790614829839417	2.870736037412858	[3, 19, 132, 1108, 1086, 1096]	928110
36	0.43754226262227347	0.6137415867418445	2.2790614829839417	2.793516874800511	[1259, 734, 1203, 174, 1086, 1096]	111764
37	0.44622216597686803	0.6223251070364701	2.2790614829839417	3.544621900098326	[2309, 420, 158, 1115, 1086, 1112]	117296
38	0.4547681202056201	0.6323964375154976	2.2790614829839417	3.6060011103515626	[2040, 1451, 1713, 174, 1086, 1112]	109733
39	0.46318219242466907	0.6405654055707087	2.2773308518160023	2.2773308518160023	[193, 394, 432, 422, 19, 794]	85841
40	0.47146641785021426	0.6501503280888232	2.2773308518160023	4.170305861704895	[1019, 1799, 232, 1023, 1086, 1112]	89586
41	0.4796228002907974	0.6613455175899808	2.2773308518160023	3.7428479496337594	[1792, 496, 132, 1108, 1086, 1112]	84556
42	0.48765331263198874	0.66761689689387	2.2773308518160023	3.3692329725658183	[1580, 301, 2627, 261, 1086, 1112]	85417
43	0.49555989731359384	0.6737721395439835	2.2773308518160023	3.56678126317036	[19, 241, 217, 261, 1086, 1112]	83304
44	0.5033444667994951	0.6842114310785761	2.2773308518160023	3.5800061191568133	[19, 241, 1729, 1094, 1086, 1112]	86049
45	0.5110089040402437	0.6943166652840618	2.2773308518160023	2.7266252539510933	[331, 241, 132, 1108, 1086, 1112]	80935
46	0.5185550629285114	0.7011096282777493	2.2773308518160023	3.544621900098326	[2309, 420, 158, 1115, 1086, 1112]	83387
47	0.5259847687475159	0.7077516365382437	2.2773308518160023	3.770768306464354	[318, 158, 1713, 174, 1086, 1112]	271183
48	0.5332998186125233	0.7131636432690169	2.2773308518160023	2.518985889172849	[19, 241, 132, 1108, 1086, 1112]	129138
49	0.5405019819055399	0.7208126127818432	2.2773308518160023	3.6178645301457264	[10, 301, 2627, 261, 1086, 1112]	106532
50	0.5475930007032939	0.7259827495821793	2.1976818767155635	2.1976818767155635	[10, 734, 1203, 174, 1086, 1096]	108721
51	0.5545745901986134	0.7320720218136865	2.1976818767155635	3.6445912614277525	[1849, 420, 1822, 1094, 1086, 1112]	96114
52	0.5614484391153014	0.7392167678986549	2.1976818767155635	2.6296491148067798	[241, 1031, 132, 1108, 1086, 1112]	101614
53	0.5682162101166085	0.7461709874213573	2.1976818767155635	3.4714239837057717	[1586, 1587, 132, 1108, 1086, 1112]	99745
54	0.5748795402074016	0.7518116321453272	2.1976818767155635	4.241604987141595	[3819, 438, 240, 234, 1086, 1112]	101624
55	0.5814400411301268	0.760084577740483	2.1976818767155635	4.228553101818894	[5279, 3078, 3075, 334, 1086, 1112]	114137
56	0.5878992997546619	0.7654160315684723	2.1976818767155635	3.5891433710848464	[1807, 157, 1713, 174, 1086, 1112]	110216
57	0.5942588784621516	0.7697601791320191	2.1976818767155635	2.4592908350545333	[2297, 400, 19, 132, 393, 794]	119861
58	0.6005203155229208	0.7740238795184632	2.1976818767155635	3.460050044086323	[734, 19, 1987, 334, 1086, 1112]	113127
59	0.6066851254685548	0.7790455710847195	2.1976818767155635	4.194582553240714	[1819, 1513, 254, 174, 1086, 1112]	118836
60	0.6127547994582376	0.7839556695050591	2.1976818767155635	3.4225800030903457	[4196, 1663, 1546, 234, 1086, 1112]	94923
61	0.6187308056394376	0.7908690880808973	2.1976818767155635	3.4455895737600724	[190, 196, 1078, 334, 1086, 1096]	87903
62	0.6246145895030265	0.7947418827460658	2.1976818767155635	3.0836053386938795	[241, 132, 19, 334, 1086, 1112]	1228538
63	0.630407574232918	0.798542958991509	2.1976818767155635	3.865170813915224	[10, 158, 1546, 234, 1086, 1112]	347465
64	0.6361111610503113	0.8039151467517354	2.1976818767155635	3.5779691026203686	[160, 320, 836, 1089, 1086, 1112]	93969
65	0.6417267295526212	0.8075463477378144	2.1976818767155635	3.4607062329820666	[420, 158, 1713, 174, 1086, 1112]	93472
66	0.6472556380471796	0.8126784451314727	2.1976818767155635	3.5247094981667253	[2387, 1663, 1546, 234, 1086, 1112]	89180
67	0.6526992238797849	0.8168411463507733	2.1976818767155635	3.484094806967457	[2004, 19, 132, 1094, 1086, 1112]	89947
68	0.6580588037581832	0.8202329769739072	2.1976818767155635	3.0373270629232803	[3284, 734, 1203, 174, 1086, 1112]	90872
69	0.6633356740705569	0.8235619959188347	2.1976818767155635	3.213233408312252	[241, 132, 217, 261, 1086, 1112]	94376
70	0.6685311111990977	0.8282670093609992	2.1976818767155635	4.464168747757576	[420, 162, 836, 1089, 1086, 1112]	95170
71	0.6736463718287411	0.8328465557780391	2.1976818767155635	4.2201020897876464	[4232, 5753, 1546, 234, 1086, 1096]	91925
72	0.6786826932511372	0.8359419899302977	2.1976818767155635	2.7266252539510933	[331, 241, 132, 1108, 1086, 1096]	101529
73	0.6836412936639282	0.8403168701988231	2.1976818767155635	3.3692329725658183	[1580, 301, 2627, 261, 1086, 1112]	91531
74	0.6885233724654107	0.8432739651951412	2.1976818767155635	3.2554358471025484	[1580, 438, 2627, 261, 1086, 1112]	95819
75	0.6933301105446482	0.8474533261232707	2.1976818767155635	2.583888605117205	[1849, 420, 1582, 793, 4290, 794]	102447
76	0.6980626705671074	0.8502782645283953	2.1976818767155635	3.8824796627235756	[1580, 438, 254, 174, 1086, 1112]	92655
77	0.7027221972558866	0.8530508892593509	2.1976818767155635	3.4607062329820666	[420, 158, 1713, 174, 1086, 1112]	1932951
78	0.7073098176686043	0.8557721690878815	2.1976818767155635	3.3692329725658183	[1580, 301, 2627, 261, 1086, 1112]	88261
79	0.7118266414700147	0.8584430548455133	2.1976818767155635	3.0091646099295257	[241, 132, 1713, 174, 1086, 1112]	87733
80	0.7162737612004157	0.8629728770904569	2.1976818767155635	4.006041343635259	[3540, 359, 158, 1115, 1086, 1096]	87557
81	0.7206522525399155	0.8673577450235623	2.1976818767155635	3.4347039664096126	[421, 438, 2627, 261, 1086, 1112]	88579
82	0.7249631745686205	0.8698140830786816	2.1976818767155635	2.1976818767155635	[10, 734, 1203, 174, 1086, 1112]	94226
83	0.7292075700228084	0.8732857075299166	2.1976818767155635	3.6167299521115073	[3621, 1720, 132, 1094, 1086, 1112]	94920
84	0.7333864655471478	0.8756322685015848	2.1976818767155635	2.2790614829839417	[19, 734, 1203, 174, 1086, 1112]	108684
85	0.7375008719430252	0.8789487413415425	2.1976818767155635	3.6440743024501234	[1265, 415, 255, 174, 1086, 1112]	134796
86	0.7415517844130401	0.8821767749057681	2.1976818767155635	2.6296491148067798	[241, 1031, 132, 1108, 1086, 1112]	122753
87	0.7455401828017278	0.8853187275749477	2.1976818767155635	2.518985889172849	[19, 241, 132, 1108, 1086, 1112]	112156
88	0.7494670318325654	0.8883768948396157	2.1976818767155635	3.5504141572377215	[10, 158, 1713, 174, 1086, 1112]	113128
89	0.753333281341322	0.8919488342047479	2.1976818767155635	3.732624610913075	[988, 420, 1822, 1094, 1086, 1112]	110799
90	0.7571398665058078	0.895406471510196	2.1976818767155635	3.676309580563558	[2267, 438, 2627, 261, 1086, 1112]	120783
91	0.7608877080720762	0.8988929224598562	2.1976818767155635	4.212316141451707	[358, 359, 158, 1115, 1086, 1112]	122044
92	0.7645777125771367	0.9004532168663398	1.9247631298590335	1.9247631298590335	[107, 162, 10, 734, 19, 794]	1653946
93	0.7682107725682302	0.9022966758132595	1.9247631298590335	2.2790614829839417	[19, 734, 1203, 174, 1086, 1096]	104693
94	0.7717877668187205	0.9041059966315325	1.9247631298590335	2.1976818767155635	[10, 734, 1203, 174, 1086, 1112]	92788
95	0.7753095605406538	0.9058818115087263	1.9247631298590335	3.6721450672688247	[1792, 496, 217, 261, 1086, 1112]	94391
96	0.7787770055940388	0.9088935935404471	1.9247631298590335	3.4669248454207757	[3819, 438, 2627, 261, 1086, 1112]	97020
97	0.7821909406928962	0.9109181803506594	1.9247631298590335	3.3383536017876443	[2872, 241, 132, 1094, 1086, 1112]	98754
98	0.7855521916081293	0.912897776342867	1.9247631298590335	3.5891433710848464	[1807, 157, 1713, 174, 1086, 1112]	122903
99	0.7888615713672631	0.9145107804846657	1.9247631298590335	3.4607062329820666	[420, 158, 1713, 174, 1086, 1112]	98911
100	0.7921198804511016	0.9160939141793941	1.9247631298590335	3.4051240256480337	[19, 132, 387, 344, 1086, 1112]	104249
101	0.79532790698735	0.9176477305834794	1.9247631298590335	3.0836053386938795	[241, 132, 19, 334, 1086, 1112]	119344
102	0.7984864269412489	0.9198437911012532	1.9247631298590335	3.7119802833327293	[2149, 420, 1822, 1094, 1086, 1112]	122662
103	0.8015962043032667	0.921328165340119	1.9247631298590335	3.0091646099295257	[241, 132, 1713, 174, 1086, 1112]	132153
104	0.8046579912738953	0.9227850511671538	1.9247631298590335	3.3286916908759068	[19, 241, 132, 1094, 1086, 1112]	115906
105	0.8076725284455943	0.9245009389189948	1.9247631298590335	3.4347039664096126	[421, 438, 2627, 261, 1086, 1112]	143409
106	0.8106405449819278	0.926916908873587	1.9247631298590335	4.269380422198491	[1917, 1192, 836, 1089, 1086, 1112]	129954
107	0.8135627587939351	0.9285409775652851	1.9247631298590335	4.013482276844911	[2872, 241, 132, 3279, 1086, 1112]	1826183
108	0.8164398767137817	0.9304465514968774	1.9247631298590335	3.8388357754274143	[158, 420, 1582, 1087, 1086, 1112]	124106
109	0.8192725946657295	0.9319921836858357	1.9247631298590335	2.747910838114712	[669, 668, 670, 132, 393, 794]	89661
110	0.8220615978344683	0.9332515876916536	1.9247631298590335	3.6440743024501234	[1265, 415, 255, 174, 1086, 1112]	87708
111	0.8248075608308499	0.9344876694010674	1.9247631298590335	3.0091646099295257	[241, 132, 1713, 174, 1086, 1112]	95345
112	0.8275111478550652	0.9362346648837055	1.9247631298590335	3.459532293516329	[2764, 258, 132, 1108, 1086, 1112]	96374
113	0.8301730128573019	0.938275155607427	1.9247631298590335	3.9528075531495412	[2163, 320, 836, 1089, 1086, 1112]	93247
114	0.8327937996959238	0.9399211514578956	1.9247631298590335	3.752824415762799	[10, 161, 1713, 174, 1086, 1112]	88790
115	0.8353741422932088	0.9410337227271939	1.9247631298590335	3.213233408312252	[241, 132, 217, 261, 1086, 1112]	95972
116	0.837914664788684	0.9432980277744696	1.9247631298590335	3.8480675773813147	[1468, 3136, 836, 1089, 1086, 1112]	120204
117	0.8404159816900932	0.9451124908856866	1.9247631298590335	3.975940387032824	[2309, 420, 158, 1089, 1086, 1112]	130851
118	0.8428786980220363	0.9463322133104491	1.9247631298590335	3.879539149408224	[1537, 156, 1713, 174, 1086, 1096]	130755
119	0.8453034094723135	0.9475248307924391	1.9247631298590335	3.926892758259741	[1781, 390, 3248, 334, 1086, 1112]	120279
120	0.8476907025360123	0.949204036207081	1.9247631298590335	2.5286478000845856	[2872, 241, 132, 1108, 1086, 1112]	117093
121	0.8500411546573702	0.9501447022032462	1.9247631298590335	3.221273652630817	[19, 132, 217, 261, 1086, 1112]	2277012
122	0.8523553343694478	0.9510679484587417	1.9247631298590335	3.460050044086323	[734, 19, 1987, 334, 1086, 1112]	106766
123	0.8546338014316477	0.9519740975613575	1.9247631298590335	2.723312616127263	[107, 734, 1203, 174, 1086, 1112]	89476
124	0.8568771069651099	0.9530413398377718	1.9247631298590335	3.184750484208875	[1456, 19, 132, 1108, 1086, 1112]	89227
125	0.8590857935860187	0.9537660105192877	1.9247631298590335	2.366134105050204	[2627, 438, 3366, 793, 2372, 794]	88031
126	0.8612603955368516	0.95499891690544	1.9247631298590335	3.490617761732537	[241, 1729, 1822, 1094, 1086, 1096]	89528
127	0.8634014388156039	0.95583227029608	1.9247631298590335	3.649049134808248	[331, 241, 19, 334, 1086, 1112]	90536
128	0.8655094413030175	0.9570100764215179	1.9247631298590335	3.5779691026203686	[160, 320, 836, 1089, 1086, 1112]	92613
129	0.8675849128878474	0.9579654080565952	1.9247631298590335	3.334919766974785	[1715, 132, 19, 334, 1086, 1112]	91409
130	0.8696283555901955	0.958899510099782	1.9247631298590335	3.464547836593158	[1726, 132, 217, 261, 1086, 1112]	91297
131	0.8716402636829393	0.9598128543197869	1.9247631298590335	3.334919766974785	[1715, 132, 19, 334, 1086, 1112]	92822
132	0.8736211238112891	0.9608845115379259	1.9247631298590335	2.8070241504084494	[3621, 1720, 132, 1108, 1086, 1112]	135740
133	0.8755714151104975	0.9616088724353717	1.9247631298590335	2.702639471550251	[77, 19, 132, 1108, 1086, 1112]	147762
134	0.8774916093217553	0.9623198192421241	1.9247631298590335	3.528922042863038	[1892, 3459, 1203, 174, 1086, 1112]	125408
135	0.8793821709062961	0.9633246240623341	1.9247631298590335	3.5779691026203686	[157, 320, 836, 1089, 1086, 1112]	135768
136	0.8812435571577422	0.9641396324165045	1.9247631298590335	3.750646097789165	[1548, 19, 132, 1094, 1086, 1112]	1663863
137	0.8830762183127152	0.9652871641791764	1.9247631298590335	3.7282586004404497	[2557, 2558, 255, 174, 1086, 1096]	833266
138	0.8848805976597413	0.9660585605307502	1.9247631298590335	2.6743890052643993	[2004, 19, 132, 1108, 1086, 1112]	157527
139	0.8866571316464736	0.9666871057061067	1.9247631298590335	3.236190705972595	[734, 19, 132, 1094, 1086, 1096]	105127
140	0.8884062499852626	0.9675754495539438	1.9247631298590335	3.84519172267838	[734, 10, 232, 1023, 1086, 1096]	107222
141	0.890128375757095	0.9684401042325054	1.9247631298590335	3.5005121038821185	[734, 10, 158, 1115, 1086, 1112]	97773
142	0.89182392551393	0.9694500208970651	1.9247631298590335	3.6728634883562234	[1820, 10, 158, 1115, 1086, 1112]	97880
143	0.8934933093794557	0.9701289093215748	1.9247631298590335	3.58966803006855	[2872, 241, 1729, 1094, 1086, 1112]	103493
144	0.8951369311482913	0.9709254717396661	1.9247631298590335	3.7282586004404497	[2557, 2558, 255, 174, 1086, 1112]	95466
145	0.8967551883836571	0.971700792493275	1.9247631298590335	3.4393549165098385	[241, 1031, 132, 1094, 1086, 1112]	98033
146	0.898348472513539	0.9722248518915477	1.9247631298590335	3.926571328946758	[734, 19, 422, 636, 1086, 1112]	93839
147	0.8999171689253671	0.9731136566310182	1.9247631298590335	3.0466300264731196	[4118, 23, 5272, 174, 1086, 1112]	95097
148	0.9014616570592349	0.9738306257875244	1.9247631298590335	2.6296491148067798	[241, 1031, 132, 1108, 1086, 1112]	97512
149	0.9029823104996788	0.9748355297572835	1.9247631298590335	2.8070241504084494	[3621, 1720, 132, 1108, 1086, 1112]	94952
150	0.9044794970660417	0.9758018454146038	1.9247631298590335	3.773546740312346	[2015, 1723, 132, 1108, 1086, 1112]	96552
151	0.9059535789014423	0.9762499593884074	1.9247631298590335	3.490617761732537	[241, 1729, 1822, 1094, 1086, 1112]	2334230
152	0.9074049125603707	0.9766897749552887	1.9247631298590335	3.5123452732533087	[77, 19, 132, 1094, 1086, 1112]	517415
153	0.9088338490949328	0.9773113809564811	1.9247631298590335	3.7282586004404497	[2557, 2558, 255, 174, 1086, 1096]	133786
154	0.9102407341397641	0.9780374167658736	1.9247631298590335	3.204410474350957	[5032, 23, 5272, 174, 1086, 1112]	107964
155	0.9116259079956319	0.9787402194293657	1.9247631298590335	3.260479038210432	[1726, 132, 1713, 174, 1086, 1112]	95870
156	0.9129897057117488	0.9791339190695626	1.9247631298590335	2.5499592637526467	[2238, 1549, 107, 734, 19, 794]	110915
157	0.9143324571668143	0.9796903478943743	1.9247631298590335	2.5872420769840634	[811, 3459, 1203, 174, 1086, 1112]	106918
158	0.9156544871488079	0.9802319386171909	1.9247631298590335	3.5779691026203686	[160, 320, 836, 1089, 1086, 1112]	94773
159	0.9169561154335486	0.9806712288701422	1.9247631298590335	4.053880096857058	[1819, 132, 217, 261, 1086, 1112]	93473
160	0.9182376568620432	0.9812897495462978	1.9247631298590335	2.5286478000845856	[2872, 241, 132, 1108, 1086, 1112]	91500
161	0.9194994214166413	0.9816362356658107	1.9247631298590335	3.460050044086323	[734, 19, 1987, 334, 1086, 1112]	90992
162	0.9207417142960141	0.9819763053757031	1.9247631298590335	3.0373270629232803	[3284, 734, 1203, 174, 1086, 1112]	91837
163	0.9219648359889768	0.9823768319229097	1.9247631298590335	3.926892758259741	[1781, 390, 3248, 334, 1086, 1112]	93062
164	0.9231690823471717	0.9827031868873003	1.9247631298590335	3.8670757774883784	[1791, 420, 1546, 234, 1086, 1112]	92118
165	0.9243547446566289	0.983087560512027	1.9247631298590335	3.7547827034028183	[1259, 734, 19, 334, 1086, 1096]	91215
166	0.9255221097082241	0.9836513084949594	1.9247631298590335	3.4714239837057717	[5415, 1587, 132, 1108, 1086, 1112]	1663323
167	0.9266714598670478	0.9841744666231207	1.9247631298590335	2.793516874800511	[1259, 734, 1203, 174, 1086, 1112]	380635
168	0.9278030731407044	0.984526145142607	1.9247631298590335	3.94674858093202	[1792, 496, 3366, 150, 1086, 1112]	110296
169	0.9289172232465578	0.9848700085838823	1.9247631298590335	4.463912277910415	[2387, 5753, 1546, 234, 1086, 1112]	115039
170	0.9300141796779381	0.9853541683091981	1.9247631298590335	3.9318305908166167	[734, 10, 158, 1089, 1086, 1112]	100335
171	0.9310942077693279	0.9858228349233037	1.9247631298590335	3.5779691026203686	[257, 320, 836, 1089, 1086, 1112]	105088
172	0.932157568760542	0.9860853750173166	1.9247631298590335	3.0091646099295257	[241, 132, 1713, 174, 1086, 1112]	139259
173	0.9332045198599164	0.9864564316835215	1.9247631298590335	2.9611430034036257	[781, 19, 132, 1108, 1086, 1112]	139267
174	0.9342353143065225	0.9867573998683321	1.9247631298590335	3.6728634883562234	[1820, 10, 158, 1115, 1086, 1096]	109389
175	0.9352502014314219	0.9871105358718433	1.9247631298590335	3.5504141572377215	[10, 158, 1713, 174, 1086, 1096]	104704
176	0.936249426717974	0.9873492296519943	1.9247631298590335	2.9611430034036257	[781, 19, 132, 1108, 1086, 1112]	110751
177	0.9372332318612151	0.9876865835279411	1.9247631298590335	3.9318305908166167	[734, 10, 158, 1089, 1086, 1112]	93306
178	0.9382018548263199	0.9880149413005294	1.9247631298590335	3.3692329725658183	[1580, 301, 2627, 261, 1086, 1112]	92913
179	0.9391555299061606	0.9883984631789124	1.9247631298590335	3.316188644224363	[2627, 261, 132, 1108, 1086, 1112]	90781
180	0.9400944877779791	0.9887078374941415	1.9247631298590335	2.2773308518160023	[193, 394, 432, 422, 19, 794]	92609
181	0.9410189555591831	0.989008961827631	1.9247631298590335	3.770768306464354	[10, 159, 1713, 174, 1086, 1112]	923739
182	0.9419291568622822	0.9892124995715638	1.9247631298590335	3.4686455498577784	[1265, 734, 1203, 174, 1086, 1096]	2207205
183	0.9428253118489753	0.9894522218033068	1.9247631298590335	3.484094806967457	[2004, 19, 132, 1094, 1086, 1112]	671231
184	0.9437076372834047	0.9896475510291715	1.9247631298590335	4.0787911533751116	[240, 1337, 254, 174, 1086, 1112]	102273
185	0.9445763465845868	0.9898776054507454	1.9247631298590335	3.9432681249598085	[269, 1337, 254, 174, 1086, 1112]	104798
186	0.9454316498780345	0.99010254755184	1.9247631298590335	3.6167299521115073	[3621, 1720, 132, 1094, 1086, 1112]	100472
187	0.9462737540465833	0.9903774767865111	1.9247631298590335	3.0172048542480914	[19, 132, 1713, 174, 1086, 1112]	93069
188	0.9471028627804323	0.9906853975293427	1.9247631298590335	3.7254107014033675	[1873, 10, 158, 1115, 1086, 1112]	91692
189	0.9479191766264133	0.9908923886953573	1.9247631298590335	4.159223482024724	[2004, 19, 132, 3279, 1086, 1096]	89409
190	0.9487228930364995	0.9911838322571059	1.9247631298590335	3.0466300264731196	[4118, 23, 5272, 174, 1086, 1112]	91963
191	0.9495142064155659	0.9914659496248786	1.9247631298590335	3.069833347705165	[2607, 1587, 132, 1108, 1086, 1112]	91129
192	0.9502933081684121	0.9917390392368824	1.9247631298590335	3.409802677289374	[1791, 420, 158, 1115, 1086, 1096]	93013
193	0.9510603867460601	0.9919593315238989	1.9247631298590335	3.397083781329468	[241, 132, 387, 344, 1086, 1112]	94898
194	0.9518156276913369	0.99213801304559	1.9247631298590335	3.7428479496337594	[1792, 496, 132, 1108, 1086, 1112]	92682
195	0.9525592136837545	0.9923127238667991	1.9247631298590335	3.0466300264731196	[4118, 23, 5272, 174, 1086, 1112]	96143
196	0.9532913245836966	0.9924550808322288	1.9247631298590335	3.460050044086323	[734, 19, 1987, 334, 1086, 1112]	2421624
197	0.9540121374759235	0.9926965182455975	1.9247631298590335	3.6060011103515626	[1872, 843, 3094, 174, 1086, 1112]	378494
198	0.9547218267124061	0.9929769719449665	1.9247631298590335	3.428024668171216	[321, 1398, 132, 1108, 1086, 1112]	104429
199	0.9554205639544987	0.9931330392350783	1.9247631298590335	3.334919766974785	[1726, 132, 19, 334, 1086, 1112]	101794
200	0.9561085182144601	0.9932602051751696	1.9247631298590335	2.702639471550251	[77, 19, 132, 1108, 1086, 1112]	120424
201	0.9567858558963357	0.9933850161904442	1.9247631298590335	3.221273652630817	[19, 132, 217, 261, 1086, 1112]	96284
202	0.9574527408362071	0.9935320158306565	1.9247631298590335	2.793516874800511	[1259, 734, 1203, 174, 1086, 1112]	101469
203	0.9581093343418212	0.9937389913240755	1.9247631298590335	3.409802677289374	[1791, 420, 158, 1115, 1086, 1112]	98426
204	0.9587557952316079	0.9939393436017051	1.9247631298590335	3.4455895737600724	[190, 196, 1078, 334, 1086, 1112]	106521
205	0.9593922798730954	0.9940740248550005	1.9247631298590335	3.4669248454207757	[3819, 438, 2627, 261, 1086, 1112]	109215
206	0.9600189422207328	0.994205713191556	1.9247631298590335	3.528922042863038	[1892, 3459, 1203, 174, 1086, 1112]	95921
207	0.960635933853129	0.9943911303694263	1.9247631298590335	3.184750484208875	[1456, 19, 132, 1108, 1086, 1112]	97684
208	0.9612434040097164	0.9945157719167723	1.9247631298590335	3.979854736899159	[1546, 234, 255, 174, 1086, 1112]	100469
209	0.9618414996268504	0.9946912672154357	1.9247631298590335	4.2309548196101785	[846, 10, 161, 1023, 1086, 1112]	98638
210	0.9624303653733497	0.9947895770818165	1.9247631298590335	3.5605912733082006	[241, 19, 1987, 334, 1086, 1112]	97349
211	0.9630101436854893	0.9949563106151983	1.9247631298590335	4.044687829631563	[988, 420, 158, 1089, 1086, 1112]	2480601
212	0.963580974801454	0.9951499882875747	1.9247631298590335	3.4714239837057717	[1586, 1587, 132, 1108, 1086, 1112]	999869
213	0.9641429967952587	0.9952398033192863	1.9247631298590335	3.8484313860605868	[19, 241, 132, 261, 1086, 1112]	99149
214	0.9646963456101467	0.9953455854677467	1.9247631298590335	3.451071680941741	[2872, 241, 19, 334, 1086, 1096]	95655
215	0.9652411550914716	0.995431778329455	1.9247631298590335	3.0091646099295257	[241, 132, 1713, 174, 1086, 1112]	93844
216	0.9657775570190723	0.9955535975740029	1.9247631298590335	3.5644935086479057	[1414, 3251, 3248, 334, 1086, 1112]	96057
217	0.9663056811391484	0.9956721683053628	1.9247631298590335	3.5779691026203686	[157, 320, 836, 1089, 1086, 1112]	93761
218	0.966825655195643	0.9958164293618507	1.9247631298590335	3.879539149408224	[2607, 1587, 132, 1094, 1086, 1112]	94598
219	0.9673376049611423	0.9959279912455347	1.9247631298590335	3.8824796627235756	[1580, 438, 8, 174, 1086, 1096]	96385
220	0.9678416542672975	0.9960365781456537	1.9247631298590335	2.892248860804172	[241, 1209, 132, 1108, 1086, 1112]	93241
221	0.9683379250347776	0.9961887735448607	1.9247631298590335	4.145935502249088	[432, 394, 193, 1115, 1086, 1112]	94460
222	0.9688265373027594	0.9963107327914251	1.9247631298590335	3.4347039664096126	[421, 438, 2627, 261, 1086, 1112]	95074
223	0.9693076092579637	0.9964287893420996	1.9247631298590335	3.836139833873668	[1819, 241, 1729, 1094, 1086, 1112]	96487
224	0.969781257263242	0.9965430680831523	1.9247631298590335	2.5286478000845856	[2872, 241, 132, 1108, 1086, 1112]	109453
225	0.9702475958857228	0.9966352529342682	1.9247631298590335	3.5005121038821185	[734, 10, 158, 1115, 1086, 1112]	106117
226	0.9707067379245234	0.9966975630651151	1.9247631298590335	2.6296491148067798	[241, 1031, 132, 1108, 1086, 1112]	1875862
227	0.9711587944380339	0.9967856280500454	1.9247631298590335	3.3692329725658183	[1580, 301, 2627, 261, 1086, 1112]	84930
228	0.9716038747707803	0.996888487952444	1.9247631298590335	2.5286478000845856	[2872, 241, 132, 1108, 1086, 1112]	85007
229	0.9720420865798731	0.9969461085459173	1.9247631298590335	2.5872420769840634	[811, 3459, 1203, 174, 1086, 1112]	84268
230	0.9724735358610479	0.9970275456513594	1.9247631298590335	3.5005121038821185	[734, 10, 158, 1115, 1086, 1112]	85005
231	0.9728983269743033	0.9971226641905159	1.9247631298590335	3.926892758259741	[1781, 390, 1078, 334, 1086, 1096]	84925
232	0.9733165626691443	0.9971759481869878	1.9247631298590335	2.518985889172849	[19, 241, 132, 1108, 1086, 1112]	83950
233	0.9737283441094353	0.9972663178450042	1.9247631298590335	3.428024668171216	[321, 1398, 132, 1108, 1086, 1096]	85048
234	0.97413377089787	0.9973169415886153	1.9247631298590335	3.0172048542480914	[19, 132, 1713, 174, 1086, 1112]	84294
235	0.9745329411000634	0.9973666278554928	1.9247631298590335	3.6663831967223626	[359, 158, 1713, 174, 1086, 1112]	84965
236	0.9749259512682722	0.9974251472364818	1.9247631298590335	3.4225800030903457	[4196, 1663, 1546, 234, 1086, 1112]	85030
237	0.9753128964647495	0.9974823661867822	1.9247631298590335	2.6743890052643993	[2004, 19, 132, 1108, 1086, 1112]	84581
238	0.975693870284738	0.9975383136048537	1.9247631298590335	3.9826090934107468	[1849, 420, 1546, 234, 1086, 1112]	83965
239	0.9760689648791093	0.9975763025924331	1.9247631298590335	2.687167646843001	[677, 132, 19, 409, 4290, 794]	84864
240	0.9764382709766539	0.9976211858777585	1.9247631298590335	2.5872420769840634	[811, 3459, 1203, 174, 1086, 1112]	85713
241	0.9768018779060265	0.9976652379911333	1.9247631298590335	3.7669971618612905	[1879, 496, 217, 261, 1086, 1096]	84320
242	0.9771598736173532	0.9977548928522738	1.9247631298590335	3.7536729288630175	[2789, 2558, 255, 174, 1086, 1112]	84445
243	0.9775123447035052	0.9977964689105651	1.9247631298590335	2.518985889172849	[19, 241, 132, 1108, 1086, 1112]	83159
244	0.9778593764210437	0.9978669819054269	1.9247631298590335	3.671150278463103	[2490, 390, 3248, 334, 1086, 1112]	83554
245	0.9782010527108425	0.9979352384844533	1.9247631298590335	3.490617761732537	[241, 1729, 1822, 1094, 1086, 1112]	82935
246	0.9785374562183912	0.9979734748088153	1.9247631298590335	3.9010739829384757	[1580, 438, 970, 261, 1086, 1112]	82363
247	0.9788686683137864	0.9980110030530964	1.9247631298590335	3.8670757774883784	[1791, 420, 1546, 234, 1086, 1112]	84428
248	0.9791947691114131	0.9980478363298909	1.9247631298590335	3.490617761732537	[241, 1729, 1822, 1094, 1086, 1096]	83104
249	0.9795158374893234	0.9981103055673345	1.9247631298590335	3.866616265254481	[269, 1402, 1078, 334, 1086, 1112]	84980
250	0.9798319511083153	0.9981452999086801	1.9247631298590335	3.1589477053178707	[10, 734, 19, 334, 1086, 1112]	85072
251	0.9801431864307178	0.998186515466265	1.9247631298590335	3.529057945505385	[1791, 420, 1822, 1094, 1086, 1112]	83723
252	0.9804496187388858	0.998220098513186	1.9247631298590335	3.0373270629232803	[3284, 734, 1203, 174, 1086, 1112]	84658
253	0.9807513221534092	0.9982530596518308	1.9247631298590335	3.5005121038821185	[734, 10, 158, 1115, 1086, 1112]	82806
254	0.9810483696510417	0.9982996447277819	1.9247631298590335	3.6022839188384888	[193, 1265, 255, 174, 1086, 1112]	85573
255	0.9813408330823528	0.9983449875350411	1.9247631298590335	2.426484904269537	[734, 19, 132, 1108, 1086, 1112]	85352
256	0.9816287831891066	0.998381765589818	1.9247631298590335	3.94674858093202	[1792, 496, 3366, 150, 1086, 1112]	85491
257	0.9819122896213734	0.9984249185074228	1.9247631298590335	3.316188644224363	[2627, 261, 132, 1108, 1086, 1096]	85100
258	0.982191420954377	0.9984540866832112	1.9247631298590335	3.213233408312252	[241, 132, 217, 261, 1086, 1112]	87520
259	0.982466244705081	0.9985056171271042	1.9247631298590335	3.069833347705165	[2607, 1587, 132, 1108, 1086, 1112]	85034
260	0.9827368273485212	0.9985630014294233	1.9247631298590335	3.081560325988364	[241, 1126, 132, 1108, 1086, 1112]	83912
261	0.9830032343338835	0.9986089853836818	1.9247631298590335	3.464547836593158	[1726, 132, 217, 261, 1086, 1112]	83510
262	0.9832655301003359	0.998653497851404	1.9247631298590335	3.316188644224363	[2627, 261, 132, 1108, 1086, 1112]	84949
263	0.9835237780926147	0.9986834201213728	1.9247631298590335	3.536331055654151	[331, 241, 132, 1094, 1086, 1112]	83732
264	0.9837780407763707	0.9987255506774889	1.9247631298590335	3.5253359932117423	[1849, 420, 158, 1115, 1086, 1112]	82847
265	0.9840283796532785	0.9987538717735447	1.9247631298590335	4.049998115315724	[2149, 420, 1546, 234, 1086, 1112]	84479
266	0.9842748552759131	0.9987815635119104	1.9247631298590335	3.409802677289374	[1791, 420, 158, 1115, 1086, 1112]	84105
267	0.9845175272623958	0.9988205534795292	1.9247631298590335	2.94847939760683	[3819, 438, 1580, 684, 389, 794]	82704
268	0.9847564543108157	0.9988520053867418	1.9247631298590335	2.702639471550251	[77, 19, 132, 1108, 1086, 1096]	83497
269	0.9849916942134266	0.9988732645462466	1.9247631298590335	3.213233408312252	[241, 132, 217, 261, 1086, 1112]	84822
270	0.9852233038706267	0.9988983031118855	1.9247631298590335	3.6721450672688247	[1792, 496, 217, 261, 1086, 1096]	85385
271	0.9854513393047221	0.9989187049061099	1.9247631298590335	3.184750484208875	[455, 19, 132, 1108, 1086, 1112]	83829
272	0.9856758556734764	0.9989387288893301	1.9247631298590335	3.6804418391159164	[677, 132, 19, 334, 1086, 1112]	85755
273	0.9858969072834536	0.9989623126917894	1.9247631298590335	3.0373270629232803	[846, 734, 1203, 174, 1086, 1112]	85359
274	0.9861145476031533	0.998981529123423	1.9247631298590335	3.0172048542480914	[19, 132, 1713, 174, 1086, 1096]	86084
275	0.9863288292759441	0.9990041618095691	1.9247631298590335	3.6440743024501234	[1265, 415, 255, 174, 1086, 1112]	85290
276	0.9865398041327968	0.99902260325754	1.9247631298590335	2.723312616127263	[107, 734, 1203, 174, 1086, 1112]	84593
277	0.9867475232048216	0.9990486671706723	1.9247631298590335	3.6728634883562234	[1820, 10, 158, 1115, 1086, 1112]	85326
278	0.9869520367356114	0.9990698079002129	1.9247631298590335	4.039298092807621	[3869, 438, 3366, 150, 1086, 1112]	85024
279	0.9871533941933952	0.999094613022874	1.9247631298590335	2.518985889172849	[19, 241, 132, 1108, 1086, 1112]	84299
280	0.9873516442830033	0.9991147327334767	1.9247631298590335	3.848858729833574	[2307, 420, 158, 1115, 1086, 1112]	84310
281	0.9875468349576483	0.9991311265717456	1.9247631298590335	2.1976818767155635	[10, 734, 1203, 174, 1086, 1096]	84112
282	0.9877390134305241	0.9991504348701513	1.9247631298590335	3.663877168314336	[2309, 420, 1822, 1094, 1086, 1112]	83572
283	0.9879282261862259	0.9991661675577411	1.9247631298590335	2.545237350214759	[811, 734, 1203, 174, 1086, 1112]	84157
284	0.988114518991994	0.9991884030895347	1.9247631298590335	3.879539149408224	[223, 23, 5272, 174, 1086, 1112]	83641
285	0.9882979369087842	0.9992100456738138	1.9247631298590335	3.3692329725658183	[1580, 301, 2627, 261, 1086, 1112]	85471
286	0.9884785243021672	0.999224674457632	1.9247631298590335	3.6022839188384888	[193, 1265, 255, 174, 1086, 1112]	84597
287	0.9886563248530597	0.9992390323380462	1.9247631298590335	3.775462889659569	[420, 158, 1546, 234, 1086, 1112]	85139
288	0.9888313815682902	0.9992593248090317	1.9247631298590335	3.0466300264731196	[4118, 23, 5272, 174, 1086, 1112]	84748
289	0.9890037367910018	0.9992830264151427	1.9247631298590335	4.376977744198958	[2539, 390, 1078, 334, 1086, 1112]	84290
290	0.9891734322108937	0.9993021457107388	1.9247631298590335	3.673264351591776	[21, 1417, 5272, 174, 1086, 1112]	83548
291	0.9893405088743059	0.9993176535838335	1.9247631298590335	3.464547836593158	[1715, 132, 217, 261, 1086, 1112]	81931
292	0.9895050071941468	0.9993328168375262	1.9247631298590335	3.5673687331398343	[2297, 400, 19, 334, 1086, 1112]	84079
293	0.9896669669596693	0.9993451720812756	1.9247631298590335	3.810069908734289	[545, 132, 217, 261, 1086, 1112]	85412
294	0.9898264273460942	0.9993626341591083	1.9247631298590335	3.671150278463103	[2490, 390, 1078, 334, 1086, 1112]	82890
295	0.9899834269240865	0.9993830298660168	1.9247631298590335	3.5995927639097713	[300, 301, 2627, 261, 1086, 1096]	84828
296	0.9901380036690851	0.9994027729103043	1.9247631298590335	3.671150278463103	[2490, 390, 1078, 334, 1086, 1112]	84788
297	0.9902901949704882	0.9994138326712245	1.9247631298590335	3.775462889659569	[420, 158, 1546, 234, 1086, 1112]	84627
298	0.9904400376406967	0.9994294637999919	1.9247631298590335	2.1976818767155635	[10, 734, 1203, 174, 1086, 1096]	85263
299	0.9905875679240193	0.9994400292851773	1.9247631298590335	3.1589477053178707	[10, 734, 19, 334, 1086, 1112]	83799
300	0.9907328215054387	0.9994503991132295	1.9247631298590335	2.1976818767155635	[10, 734, 1203, 174, 1086, 1096]	86104
301	0.9908758335192437	0.999460576907429	1.9247631298590335	3.3692329725658183	[1580, 301, 2627, 261, 1086, 1112]	84650
302	0.991016638557527	0.9994778384463913	1.9247631298590335	3.4669248454207757	[3819, 438, 2627, 261, 1086, 1096]	83839
303	0.9911552706785528	0.9994945476161068	1.9247631298590335	3.5644935086479057	[1414, 3251, 3248, 334, 1086, 1112]	85539
304	0.9912917634149948	0.9995080263463438	1.9247631298590335	3.184750484208875	[455, 19, 132, 1108, 1086, 1112]	83841
305	0.9914261497820474	0.999518959094203	1.9247631298590335	2.5872420769840634	[811, 3459, 1203, 174, 1086, 1112]	84797
306	0.9915584622854109	0.9995317868516909	1.9247631298590335	3.4347039664096126	[421, 438, 2627, 261, 1086, 1112]	86008
307	0.9916887329291545	0.9995404574655484	1.9247631298590335	3.0836053386938795	[241, 132, 19, 334, 1086, 1112]	84219
308	0.9918169932234577	0.9995489675124827	1.9247631298590335	3.397083781329468	[241, 132, 387, 344, 1086, 1112]	83718
309	0.9919432741922315	0.9995559278903765	1.9247631298590335	2.196598213191204	[1580, 301, 10, 734, 19, 794]	82562
310	0.992067606380623	0.9995701381978844	1.9247631298590335	3.585810503855643	[2040, 438, 2627, 261, 1086, 1112]	82599
311	0.9921900198624035	0.9995816011792742	1.9247631298590335	3.833920023961542	[2764, 400, 19, 334, 1086, 1112]	82786
312	0.992310544247243	0.9995949899415374	1.9247631298590335	3.671150278463103	[2490, 390, 1078, 334, 1086, 1112]	83609
313	0.9924292086878719	0.9996024901278052	1.9247631298590335	3.6425874947946353	[119, 409, 19, 334, 1086, 1112]	85472
314	0.9925460418871331	0.9996130903910637	1.9247631298590335	3.490617761732537	[241, 1729, 1822, 1094, 1086, 1112]	83810
315	0.9926610721049243	0.9996234079806354	1.9247631298590335	3.4714239837057717	[396, 1728, 132, 1108, 1086, 1112]	84746
316	0.9927743271650334	0.9996354589252551	1.9247631298590335	2.5286478000845856	[2872, 241, 132, 1108, 1086, 1096]	83550
317	0.9928858344618694	0.9996422096858985	1.9247631298590335	3.5005121038821185	[734, 10, 158, 1115, 1086, 1096]	84813
318	0.9929956209670875	0.999648835432456	1.9247631298590335	3.9395039751555805	[21, 422, 19, 334, 1086, 1112]	84051
319	0.9931037132361139	0.9996600726986173	1.9247631298590335	3.409802677289374	[1791, 420, 158, 1115, 1086, 1112]	86111
320	0.9932101374145689	0.9996709503722616	1.9247631298590335	3.0466300264731196	[4118, 23, 5272, 174, 1086, 1112]	84882
321	0.993314919244591	0.9996814799603492	1.9247631298590335	3.204410474350957	[5032, 23, 5272, 174, 1086, 1112]	85705
322	0.9934180840710634	0.999687378479602	1.9247631298590335	2.2790614829839417	[19, 734, 1203, 174, 1086, 1112]	86727
323	0.9935196568477445	0.9996957150534793	1.9247631298590335	3.4393549165098385	[241, 1031, 132, 1094, 1086, 1112]	84126
324	0.993619662143304	0.9997038293187198	1.9247631298590335	3.5005121038821185	[734, 10, 158, 1115, 1086, 1096]	84812
325	0.9937181241472653	0.9997133067805208	1.9247631298590335	3.6060011103515626	[1872, 843, 3094, 174, 1086, 1112]	84204
326	0.993815066675857	0.9997196777409537	1.9247631298590335	3.464547836593158	[1715, 132, 217, 261, 1086, 1112]	84428
327	0.9939105131777727	0.9997271530011949	1.9247631298590335	2.775355892909582	[241, 1720, 132, 1108, 1086, 1112]	84392
328	0.9940044867398441	0.9997358841051567	1.9247631298590335	3.0466300264731196	[4118, 23, 5272, 174, 1086, 1112]	84218
329	0.9940970100926243	0.9997417533472643	1.9247631298590335	3.0373270629232803	[846, 734, 1203, 174, 1086, 1112]	83677
330	0.9941881056158863	0.9997486399246706	1.9247631298590335	3.6060011103515626	[2040, 1451, 1713, 174, 1086, 1112]	84188
331	0.9942777953440362	0.9997582921515632	1.9247631298590335	3.3802769052980004	[1515, 1031, 132, 1108, 1086, 1112]	83738
332	0.9943661009714431	0.9997663490798444	1.9247631298590335	3.4714239837057717	[2146, 1728, 132, 1108, 1086, 1112]	85748
333	0.9944530438576862	0.9997715413225146	1.9247631298590335	3.236190705972595	[734, 19, 132, 1094, 1086, 1112]	85096
334	0.9945386450327219	0.9997776335539142	1.9247631298590335	3.673264351591776	[21, 1417, 5272, 174, 1086, 1112]	84529
335	0.99462292520197	0.9997847492801889	1.9247631298590335	3.4347039664096126	[421, 438, 2627, 261, 1086, 1112]	84523
336	0.9947059047513224	0.9997895326295181	1.9247631298590335	3.213233408312252	[241, 132, 217, 261, 1086, 1112]	84207
337	0.9947876037520735	0.9997962675853735	1.9247631298590335	3.0466300264731196	[4118, 23, 5272, 174, 1086, 1112]	83575
338	0.994868041965776	0.9997994116041178	1.9247631298590335	2.119964987170288	[1879, 232, 10, 734, 19, 794]	84580
339	0.9949472388490203	0.9998038691240262	1.9247631298590335	2.7751196038897037	[1819, 241, 132, 1108, 1086, 1112]	82492
340	0.9950252135581403	0.9998090992807188	1.9247631298590335	3.5492810816234277	[158, 420, 1822, 1094, 1086, 1112]	84517
341	0.995101984953848	0.9998126344792241	1.9247631298590335	2.1976818767155635	[10, 734, 1203, 174, 1086, 1112]	82409
342	0.9951775716057949	0.9998161042110902	1.9247631298590335	2.1976818767155635	[10, 734, 1203, 174, 1086, 1112]	82269
343	0.9952519917970635	0.9998195096886627	1.9247631298590335	3.459532293516329	[2764, 258, 132, 1108, 1086, 1112]	84625
344	0.9953252635285903	0.9998252853786255	1.9247631298590335	3.671150278463103	[2490, 390, 3248, 334, 1086, 1112]	84931
345	0.9953974045235194	0.9998308762465095	1.9247631298590335	3.204410474350957	[5032, 23, 5272, 174, 1086, 1096]	85095
346	0.9954684322314897	0.9998340081678704	1.9247631298590335	3.926892758259741	[1781, 390, 1078, 334, 1086, 1112]	85346
347	0.9955383638328557	0.9998384346167272	1.9247631298590335	3.3802769052980004	[1515, 1031, 132, 1108, 1086, 1112]	85327
348	0.9956072162428424	0.9998414265682692	1.9247631298590335	3.363125263892072	[432, 422, 19, 334, 1086, 1112]	83496
349	0.9956750061156381	0.9998443631133014	1.9247631298590335	3.1589477053178707	[10, 734, 19, 334, 1086, 1112]	83158
350	0.9957417498484215	0.9998485134302799	1.9247631298590335	3.6412264034130413	[107, 10, 158, 1115, 1086, 1112]	83481
351	0.9958074635853286	0.9998513187371266	1.9247631298590335	3.6440743024501234	[1265, 415, 255, 174, 1086, 1112]	84741
352	0.9958721632213574	0.9998546227651904	1.9247631298590335	3.8229149778872156	[1819, 241, 217, 261, 1086, 1112]	85117
353	0.9959358644062131	0.9998584994914521	1.9247631298590335	3.9128741871805746	[10, 107, 836, 1089, 1086, 1096]	84254
354	0.9959985825480925	0.9998630275077256	1.9247631298590335	3.6060011103515626	[3180, 843, 3094, 174, 1086, 1112]	87431
355	0.996060332817412	0.9998666801075196	1.9247631298590335	3.836139833873668	[140, 1210, 1822, 1094, 1086, 1112]	82919
356	0.9961211301504767	0.9998709463440789	1.9247631298590335	3.597226074150603	[846, 10, 158, 1115, 1086, 1096]	82546
357	0.9961809892530927	0.9998743877749036	1.9247631298590335	3.8186126393093716	[1791, 420, 1582, 1087, 1086, 1112]	84054
358	0.9962399246041252	0.9998767139272201	1.9247631298590335	3.649049134808248	[331, 241, 19, 334, 1086, 1112]	81646
359	0.9962979504589998	0.9998808234629795	1.9247631298590335	3.069833347705165	[2607, 1587, 132, 1108, 1086, 1112]	83312
360	0.9963550808531512	0.9998853998420011	1.9247631298590335	3.428024668171216	[1647, 1697, 132, 1108, 1086, 1112]	84656
361	0.9964113296054173	0.9998875220671491	1.9247631298590335	3.1589477053178707	[10, 734, 19, 334, 1086, 1112]	82882
362	0.9964667103213831	0.9998892578377179	1.780457846853921	1.780457846853921	[320, 232, 10, 734, 19, 794]	83557
363	0.9965212363966703	0.9998913086185008	1.780457846853921	2.2790614829839417	[19, 734, 1203, 174, 1086, 1112]	83893
364	0.9965749210201785	0.9998947867427088	1.780457846853921	3.597226074150603	[846, 10, 158, 1115, 1086, 1112]	84366
365	0.9966277771772746	0.9998982938512853	1.780457846853921	3.4225800030903457	[4196, 1663, 1546, 234, 1086, 1112]	85271
366	0.9966798176529339	0.9999015484480441	1.780457846853921	3.5005121038821185	[734, 10, 158, 1115, 1086, 1112]	85257
367	0.9967310550348331	0.9999033716249321	1.780457846853921	3.3286916908759068	[19, 241, 132, 1094, 1086, 1096]	84711
368	0.9967815017163943	0.9999055189221558	1.780457846853921	3.069833347705165	[2607, 1587, 132, 1108, 1086, 1096]	84768
369	0.9968311698997833	0.9999085423166469	1.780457846853921	3.866616265254481	[2707, 1402, 1078, 334, 1086, 1112]	86421
370	0.9968800715988607	0.9999105747096103	1.780457846853921	3.484094806967457	[2004, 19, 132, 1094, 1086, 1112]	86290
371	0.9969282186420881	0.9999129593840207	1.780457846853921	3.0172048542480914	[19, 132, 1713, 174, 1086, 1112]	84532
372	0.9969756226753893	0.9999152804671134	1.780457846853921	3.4714239837057717	[1586, 1587, 132, 1108, 1086, 1112]	84530
373	0.9970222951649665	0.9999185336971763	1.780457846853921	3.7271075836125993	[1794, 1879, 836, 1089, 1086, 1096]	82833
374	0.9970682474000752	0.9999207061319183	1.780457846853921	3.5673687331398343	[2297, 400, 19, 334, 1086, 1112]	82807
375	0.9971134904957529	0.9999232435356968	1.780457846853921	3.6483982096103746	[1726, 132, 387, 344, 1086, 1112]	82882
376	0.9971580353955098	0.999925290374745	1.780457846853921	3.673264351591776	[21, 1417, 5272, 174, 1086, 1112]	84336
377	0.9972018928739742	0.9999266738863237	1.780457846853921	2.2790614829839417	[19, 734, 1203, 174, 1086, 1096]	85151
378	0.9972450735394993	0.9999286292493551	1.780457846853921	2.1976818767155635	[10, 734, 1203, 174, 1086, 1112]	84469
379	0.9972875878367292	0.9999299509299227	1.780457846853921	3.363125263892072	[432, 422, 19, 334, 1086, 1112]	85069
380	0.9973294460491254	0.9999318189051247	1.780457846853921	3.2554358471025484	[1580, 438, 2627, 261, 1086, 1112]	84297
381	0.9973706583014538	0.9999336370676547	1.780457846853921	2.518985889172849	[19, 241, 132, 1108, 1086, 1112]	85149
382	0.9974112345622338	0.9999348660108462	1.780457846853921	2.723312616127263	[107, 734, 1203, 174, 1086, 1112]	83261
383	0.9974511846461499	0.9999360721958306	1.780457846853921	3.865170813915224	[10, 158, 1546, 234, 1086, 1112]	83360
384	0.9974905182164254	0.9999372560440559	1.780457846853921	3.3692329725658183	[1580, 301, 2627, 261, 1086, 1112]	83073
385	0.9975292447871595	0.999938417969166	1.780457846853921	3.7498600569240876	[382, 409, 19, 334, 1086, 1112]	83430
386	0.9975673737256293	0.9999397864587402	1.780457846853921	2.7751196038897037	[1819, 241, 132, 1108, 1086, 1096]	86754
387	0.9976049142545548	0.999940901524319	1.780457846853921	3.428024668171216	[321, 1398, 132, 1108, 1086, 1112]	83797
388	0.9976418754543301	0.9999424774836705	1.780457846853921	2.870736037412858	[3, 19, 132, 1108, 1086, 1112]	82012
389	0.9976782662652202	0.9999440114174393	1.780457846853921	2.8070241504084494	[3621, 1720, 132, 1108, 1086, 1112]	83543
390	0.9977140954895223	0.9999450482430423	1.780457846853921	3.736204611367037	[77, 19, 1987, 334, 1086, 1112]	84569
391	0.9977493717936964	0.9999462693931969	1.780457846853921	3.529057945505385	[1791, 420, 1822, 1094, 1086, 1112]	82973
392	0.9977841037104603	0.9999472644044339	1.780457846853921	3.7008473606648478	[10, 157, 1713, 174, 1086, 1112]	83435
393	0.9978182996408544	0.999948240989537	1.780457846853921	3.4607062329820666	[420, 158, 1713, 174, 1086, 1112]	83592
394	0.9978519678562733	0.9999491994897308	1.780457846853921	2.426484904269537	[734, 19, 132, 1108, 1086, 1112]	84746
395	0.9978851165004666	0.999950140239921	1.780457846853921	3.6178645301457264	[10, 301, 2627, 261, 1086, 1112]	82906
396	0.9979177535915088	0.9999510635688114	1.780457846853921	2.5872420769840634	[811, 3459, 1203, 174, 1086, 1112]	83722
397	0.9979498870237387	0.99995215104506	1.780457846853921	3.4669248454207757	[3819, 438, 2627, 261, 1086, 1112]	82364
398	0.9979815245696686	0.9999534270171917	1.780457846853921	2.1976818767155635	[10, 734, 1203, 174, 1086, 1112]	84303
399	0.9980126738818651	0.9999542894798363	1.780457846853921	2.9611430034036257	[781, 19, 132, 1108, 1086, 1112]	84199
400	0.9980433424947992	0.9999551359709504	1.780457846853921	2.1976818767155635	[10, 734, 1203, 174, 1086, 1112]	84535
401	0.9980735378266696	0.9999561329493738	1.780457846853921	3.8372243806298787	[2627, 438, 3366, 150, 1086, 1112]	83706
402	0.9981032671811964	0.9999571077727211	1.780457846853921	3.6483982096103746	[1715, 132, 387, 344, 1086, 1112]	83626
403	0.9981325377493877	0.9999584803239939	1.780457846853921	3.5644935086479057	[1414, 3251, 3248, 334, 1086, 1112]	83878
404	0.9981613566112799	0.9999594029834608	1.780457846853921	3.334919766974785	[1726, 132, 19, 334, 1086, 1112]	84063
405	0.998189730737649	0.9999601547800633	1.780457846853921	2.702639471550251	[77, 19, 132, 1108, 1086, 1112]	85383
406	0.9982176669916977	0.9999614298271013	1.780457846853921	3.6060011103515626	[3179, 843, 3094, 174, 1086, 1112]	83955
407	0.9982451721307147	0.9999621440895624	1.780457846853921	2.723312616127263	[107, 734, 1203, 174, 1086, 1112]	83336
408	0.9982722528077098	0.9999629853320166	1.780457846853921	3.5891433710848464	[1807, 157, 1713, 174, 1086, 1112]	83149
409	0.998298915573023	0.9999636707888311	1.780457846853921	3.6178645301457264	[10, 301, 2627, 261, 1086, 1112]	82786
410	0.9983251668759084	0.9999643435520008	1.780457846853921	3.5005121038821185	[734, 10, 158, 1115, 1086, 1112]	83504
411	0.998351013066095	0.9999650038565935	1.780457846853921	2.723312616127263	[107, 734, 1203, 174, 1086, 1112]	83579
412	0.9983764603953219	0.9999659370870843	1.780457846853921	3.3692329725658183	[1580, 301, 2627, 261, 1086, 1112]	84708
413	0.9984015150188509	0.9999665678817679	1.780457846853921	2.426484904269537	[734, 19, 132, 1108, 1086, 1112]	83536
414	0.9984261829969551	0.9999671869950685	1.780457846853921	3.5432222043472263	[87, 1265, 255, 174, 1086, 1112]	84323
415	0.9984504702963848	0.999967794643308	1.780457846853921	3.3286916908759068	[19, 241, 132, 1094, 1086, 1112]	84322
416	0.9984743827918109	0.9999686534528197	1.780457846853921	3.6060011103515626	[2040, 1451, 1713, 174, 1086, 1112]	85663
417	0.998497926267246	0.9999692339444342	1.780457846853921	3.752824415762799	[10, 161, 1713, 174, 1086, 1112]	83945
418	0.9985211064174427	0.999970415360968	1.780457846853921	2.892248860804172	[241, 1209, 132, 1108, 1086, 1112]	85684
419	0.9985439288492723	0.9999709632246537	1.780457846853921	2.545237350214759	[811, 734, 1203, 174, 1086, 1112]	82249
420	0.9985663990830799	0.9999718924014648	1.780457846853921	3.5779691026203686	[257, 320, 836, 1089, 1086, 1096]	83914
421	0.99858852255402	0.9999724129125488	1.780457846853921	3.6412264034130413	[107, 10, 158, 1115, 1086, 1112]	84790
422	0.9986103046133715	0.9999729237845386	1.780457846853921	3.3286916908759068	[19, 241, 132, 1094, 1086, 1112]	85545
423	0.9986317505298319	0.9999735254782155	1.780457846853921	3.7351968406794853	[1758, 2919, 1203, 174, 1086, 1112]	84150
424	0.9986528654907912	0.9999743726629127	1.780457846853921	3.3692329725658183	[1580, 301, 2627, 261, 1086, 1112]	84954
425	0.9986736546035877	0.999974847243229	1.780457846853921	3.0091646099295257	[241, 132, 1713, 174, 1086, 1112]	84575
426	0.9986941228967422	0.9999754061933795	1.780457846853921	3.8661440547314783	[2636, 301, 2627, 261, 1086, 1112]	82307
427	0.9987142753211752	0.9999758616342429	1.780457846853921	3.4607062329820666	[420, 158, 1713, 174, 1086, 1112]	83943
428	0.998734116751404	0.9999765053239964	1.780457846853921	3.5065031788170664	[811, 734, 19, 334, 1086, 1112]	82701
429	0.9987536519867218	0.9999772571536285	1.780457846853921	3.409802677289374	[1791, 420, 158, 1115, 1086, 1112]	83444
430	0.9987728857523588	0.9999778636295318	1.780457846853921	3.5005121038821185	[734, 10, 158, 1115, 1086, 1112]	84025
431	0.9987918227006248	0.9999782735623182	1.780457846853921	2.9611430034036257	[781, 19, 132, 1108, 1086, 1112]	84274
432	0.9988104674120349	0.9999786759037568	1.780457846853921	3.221273652630817	[19, 132, 217, 261, 1086, 1112]	84772
433	0.9988288243964172	0.9999793582748365	1.780457846853921	3.6060011103515626	[545, 132, 1713, 174, 1086, 1112]	84628
434	0.9988468980940033	0.9999799087208409	1.780457846853921	2.723312616127263	[107, 734, 1203, 174, 1086, 1096]	86765
435	0.9988646928765033	0.9999803551937111	1.780457846853921	3.5247094981667253	[2387, 1663, 1546, 234, 1086, 1112]	83502
436	0.9988822130481622	0.9999809838275123	1.780457846853921	3.7254107014033675	[1873, 10, 158, 1115, 1086, 1112]	83512
437	0.9988994628468016	0.9999814909254453	1.780457846853921	3.6022839188384888	[193, 1265, 255, 174, 1086, 1112]	84507
438	0.9989164464448448	0.9999819845007668	1.780457846853921	3.4051240256480337	[19, 132, 387, 344, 1086, 1112]	84879
439	0.9989331679503256	0.9999825609967423	1.780457846853921	3.069833347705165	[2607, 1587, 132, 1108, 1086, 1112]	83495
440	0.9989496314078823	0.9999831190448465	1.780457846853921	3.204410474350957	[5032, 23, 5272, 174, 1086, 1112]	84562
441	0.9989658407997359	0.9999833795534137	1.780457846853921	2.474288320914999	[320, 157, 10, 734, 19, 794]	84656
442	0.9989818000466536	0.9999837488966712	1.780457846853921	2.6743890052643993	[2004, 19, 132, 1108, 1086, 1112]	83452
443	0.9989975130088966	0.9999841822594266	1.780457846853921	3.7708488051066844	[781, 19, 132, 1094, 1086, 1112]	83667
444	0.9990129834871544	0.9999844751805483	1.780457846853921	3.7008473606648478	[10, 157, 1713, 174, 1086, 1112]	84674
445	0.9990282152234637	0.9999848891757337	1.780457846853921	3.3802769052980004	[1515, 1031, 132, 1108, 1086, 1112]	83716
446	0.999043211902114	0.9999853727221102	1.780457846853921	3.993920281751505	[545, 132, 387, 344, 1086, 1112]	84910
447	0.9990579771505381	0.99998569777273	1.780457846853921	3.184750484208875	[2005, 19, 132, 1108, 1086, 1096]	83703
448	0.9990725145401903	0.9999860791654572	1.780457846853921	3.5247094981667253	[2387, 1663, 1546, 234, 1086, 1112]	84649
449	0.9990868275874096	0.9999863885173359	1.780457846853921	3.409802677289374	[1791, 420, 158, 1115, 1086, 1112]	83663
450	0.9991009197542706	0.9999868240847812	1.780457846853921	3.988420050280083	[841, 1268, 1010, 1105, 1086, 1112]	85430
451	0.9991147944494208	0.9999870680832111	1.780457846853921	3.94674858093202	[1792, 496, 3366, 150, 1086, 1112]	82257
452	0.999128455028905	0.9999874819045484	1.780457846853921	3.4455895737600724	[190, 196, 1078, 334, 1086, 1112]	83230
453	0.9991419047969774	0.9999879625994138	1.780457846853921	3.490617761732537	[241, 1729, 1822, 1094, 1086, 1112]	82887
454	0.9991551470069007	0.9999883477962325	1.780457846853921	3.334919766974785	[1715, 132, 19, 334, 1086, 1112]	81608
455	0.9991681848617324	0.9999885635777838	1.780457846853921	3.9565857026610924	[10, 438, 132, 1108, 1086, 1112]	82731
456	0.9991810215151007	0.9999887753633804	1.780457846853921	2.723312616127263	[107, 734, 1203, 174, 1086, 1096]	82296
457	0.9991936600719664	0.9999890746870236	1.780457846853921	2.7266252539510933	[331, 241, 132, 1108, 1086, 1112]	83646
458	0.9992061035893743	0.9999892770076342	1.780457846853921	3.397083781329468	[241, 132, 387, 344, 1086, 1112]	83984
459	0.9992183550771927	0.9999895629540974	1.780457846853921	3.3692329725658183	[1580, 301, 2627, 261, 1086, 1112]	83017
460	0.999230417498841	0.9999898969395662	1.780457846853921	3.184750484208875	[432, 19, 132, 1108, 1086, 1112]	81985
461	0.999242293772007	0.9999902202375001	1.780457846853921	3.4347039664096126	[421, 438, 2627, 261, 1086, 1112]	83849
462	0.9992539867693525	0.999990401344213	1.780457846853921	2.2790614829839417	[19, 734, 1203, 174, 1086, 1096]	81946
463	0.9992654993192083	0.9999906573083673	1.780457846853921	2.545237350214759	[811, 734, 1203, 174, 1086, 1112]	84843
464	0.9992768342062575	0.999990864923737	1.780457846853921	3.3802769052980004	[1515, 1031, 132, 1108, 1086, 1096]	84583
465	0.9992879941722103	0.9999913034073976	1.780457846853921	3.5039302684876574	[4301, 1711, 132, 1108, 1086, 1112]	86154
466	0.9992989819164663	0.999991496665011	1.780457846853921	2.5872420769840634	[811, 3459, 1203, 174, 1086, 1112]	84867
467	0.9993098000967677	0.9999916541341775	1.780457846853921	2.518985889172849	[19, 241, 132, 1108, 1086, 1112]	82911
468	0.9993204513298424	0.9999919212018837	1.780457846853921	2.940940296086106	[1548, 19, 132, 1108, 1086, 1112]	81098
469	0.9993309381920361	0.9999921366365002	1.780457846853921	4.031403602506499	[1799, 1019, 1010, 1105, 1086, 1112]	83487
470	0.9993412632199368	0.9999923882641322	1.780457846853921	3.671150278463103	[2490, 390, 1078, 334, 1086, 1112]	84620
471	0.9993514289109872	0.9999925912437554	1.780457846853921	3.6060011103515626	[2040, 1451, 1713, 174, 1086, 1112]	82373
472	0.9993614377240893	0.9999928283239552	1.780457846853921	3.529057945505385	[1791, 420, 1822, 1094, 1086, 1112]	85214
473	0.9993712920801989	0.9999929611327708	1.780457846853921	3.6440743024501234	[1265, 415, 255, 174, 1086, 1096]	81383
474	0.999380994362912	0.999993148835897	1.780457846853921	3.3692329725658183	[1580, 301, 2627, 261, 1086, 1112]	84272
475	0.9993905469190398	0.9999933315336064	1.780457846853921	3.5247094981667253	[2387, 1663, 1546, 234, 1086, 1112]	83467
476	0.9993999520591781	0.9999934550237247	1.780457846853921	3.459532293516329	[2764, 258, 132, 1108, 1086, 1112]	85330
477	0.9994092120582648	0.999993600467642	1.780457846853921	2.8070241504084494	[3621, 1720, 132, 1108, 1086, 1112]	82285
478	0.9994183291561312	0.9999937189775004	1.780457846853921	3.4051240256480337	[19, 132, 387, 344, 1086, 1112]	83466
479	0.9994273055580427	0.9999938352927319	1.780457846853921	2.1976818767155635	[10, 734, 1203, 174, 1086, 1112]	84153
480	0.9994361434352333	0.9999939494539777	1.780457846853921	3.5673687331398343	[2297, 400, 19, 334, 1086, 1112]	84499
481	0.9994448449254304	0.9999941914758185	1.780457846853921	3.4455895737600724	[190, 196, 1078, 334, 1086, 1112]	85379
482	0.9994534121333712	0.9999943463697967	1.780457846853921	3.844906356519843	[3158, 3083, 19, 334, 1086, 1112]	86603
483	0.9994618471313131	0.9999944720060234	1.780457846853921	3.334919766974785	[1726, 132, 19, 334, 1086, 1112]	83190
484	0.9994701519595336	0.9999945743762823	1.780457846853921	3.397083781329468	[241, 132, 387, 344, 1086, 1112]	83063
485	0.9994783286268247	0.9999946748507955	1.780457846853921	3.4051240256480337	[19, 132, 387, 344, 1086, 1112]	82927
486	0.9994863791109787	0.9999947931874446	1.780457846853921	3.334919766974785	[1715, 132, 19, 334, 1086, 1112]	82721
487	0.999494305359266	0.9999948896098992	1.780457846853921	3.363125263892072	[432, 422, 19, 334, 1086, 1112]	82956
488	0.999502109288907	0.9999950031741237	1.780457846853921	2.461237338617816	[669, 673, 670, 132, 19, 794]	83572
489	0.9995097927875349	0.9999951364228138	1.780457846853921	3.592725015116719	[2149, 420, 158, 1115, 1086, 1112]	82582
490	0.9995173577136532	0.9999953231841777	1.780457846853921	3.8480675773813147	[1468, 3136, 836, 1089, 1086, 1096]	83942
491	0.9995248058970845	0.9999954271134183	1.780457846853921	3.6721450672688247	[1792, 496, 217, 261, 1086, 1112]	83438
492	0.9995321391394135	0.99999552873312	1.780457846853921	3.4225800030903457	[4196, 1663, 1546, 234, 1086, 1112]	80849
493	0.9995393592144225	0.9999956718136602	1.780457846853921	3.316188644224363	[2627, 261, 132, 1108, 1086, 1112]	80576
494	0.999546467868521	0.999995751965259	1.780457846853921	3.0172048542480914	[19, 132, 1713, 174, 1086, 1112]	81704
495	0.9995534668211672	0.9999958463660311	1.780457846853921	2.7751196038897037	[1819, 241, 132, 1108, 1086, 1112]	80798
496	0.9995603577652851	0.9999959571296037	1.780457846853921	3.671150278463103	[2490, 390, 1078, 334, 1086, 1112]	82022
497	0.9995671423676726	0.999996046971168	1.780457846853921	3.184750484208875	[455, 19, 132, 1108, 1086, 1112]	85359
498	0.999573822269406	0.9999961201754056	1.780457846853921	3.865170813915224	[10, 158, 1546, 234, 1086, 1112]	81782
499	0.9995803990862362	0.9999961920240092	1.780457846853921	2.5872420769840634	[811, 3459, 1203, 174, 1086, 1112]	82194
