0	0.015432098765432056	0.03200000000000003	2.8070241504084494	2.8070241504084494	[3621, 1720, 132, 1108, 1086, 1112]	63434
1	0.030626047858558048	0.05781333333333327	2.8070241504084494	3.5644935086479057	[1414, 3251, 3248, 334, 1086, 1112]	59909
2	0.045585522428642	0.07875081481481483	2.8070241504084494	3.6425874947946353	[119, 409, 19, 334, 1086, 1096]	56715
3	0.06031414090968146	0.10823078874074077	2.8070241504084494	3.484094806967457	[2004, 19, 132, 1094, 1086, 1112]	55183
4	0.07481546589564314	0.13201130104098768	2.8070241504084494	3.8093348907349753	[2003, 1417, 5272, 174, 1086, 1112]	54134
5	0.08909300500219186	0.14808516583652487	2.8070241504084494	3.0836053386938795	[241, 132, 19, 334, 1086, 1112]	54456
6	0.10315021171512095	0.1638613664691818	2.8070241504084494	3.236190705972595	[734, 19, 132, 1094, 1086, 1096]	55109
7	0.11699048622569008	0.18244222499208895	2.8070241504084494	3.184750484208875	[455, 19, 132, 1108, 1086, 1112]	55161
8	0.13061717625307134	0.20424376565896651	2.8070241504084494	3.7876454839350577	[331, 241, 1729, 1094, 1086, 1112]	55417
9	0.1440335778541042	0.21897999222083753	2.545237350214759	2.545237350214759	[811, 734, 1203, 174, 1086, 1112]	55058
10	0.1572429362205532	0.23633599239370784	2.545237350214759	3.977006837862077	[3136, 1468, 1546, 234, 1086, 1096]	55199
11	0.17024844646406312	0.25330630367384765	2.545237350214759	3.334919766974785	[1715, 132, 19, 334, 1086, 1112]	55979
12	0.18305325438900033	0.2732181355758784	2.545237350214759	3.5779691026203686	[257, 320, 836, 1089, 1086, 1096]	55738
13	0.19566045725336756	0.28936884367419224	2.545237350214759	3.528922042863038	[1892, 3459, 1203, 174, 1086, 1112]	55639
14	0.208073104517976	0.3025286799024479	2.545237350214759	3.0172048542480914	[19, 132, 1713, 174, 1086, 1096]	56802
15	0.22029419858405663	0.31544481545980996	2.545237350214759	3.6632814211403364	[241, 1126, 19, 334, 1086, 1112]	102296
16	0.2323266955194878	0.3260089386780227	2.4304075510343917	2.4304075510343917	[3621, 1720, 241, 132, 393, 794]	57833
17	0.2441735057738167	0.33849025462842963	2.4304075510343917	3.84519172267838	[734, 10, 232, 1023, 1086, 1112]	58755
18	0.2558374948822454	0.3596585664803199	2.4304075510343917	2.5286478000845856	[2872, 241, 132, 1108, 1086, 1096]	65168
19	0.2673214841587539	0.3715167411751288	2.4304075510343917	3.460050044086323	[734, 19, 1987, 334, 1086, 1112]	64544
20	0.2786282513785262	0.39162820545752464	2.4304075510343917	3.4669248454207757	[3819, 438, 2627, 261, 1086, 1112]	57433
21	0.28976053144984526	0.4028943498009038	2.4304075510343917	2.790120672112291	[241, 217, 132, 1108, 1086, 1096]	57231
22	0.30072101707561927	0.4188171671395463	2.4304075510343917	3.7536729288630175	[2789, 2558, 255, 174, 1086, 1112]	57533
23	0.31151235940469924	0.43741501779108083	2.4304075510343917	4.094176333173401	[1265, 193, 232, 1023, 1086, 1112]	57384
24	0.32213716867314524	0.4524172839833186	2.4304075510343917	3.3286916908759068	[19, 241, 132, 1094, 1086, 1112]	57402
25	0.3325980148355967	0.4734444602783592	2.4304075510343917	3.5069954494906392	[542, 269, 132, 1108, 1086, 1112]	56746
26	0.34289742818689917	0.4874859413376029	2.4304075510343917	3.585810503855643	[10, 438, 2627, 261, 1086, 1112]	59918
27	0.35303789997413837	0.5011529829019334	2.4304075510343917	3.0373270629232803	[846, 734, 1203, 174, 1086, 1112]	60635
28	0.3630218829992288	0.5103908906259718	2.4304075510343917	3.592725015116719	[2149, 420, 158, 1115, 1086, 1112]	57322
29	0.37285179221220366	0.5291918804259345	2.4304075510343917	2.5872420769840634	[811, 3459, 1203, 174, 1086, 1112]	57615
30	0.38253000529534864	0.5364574378267688	2.4304075510343917	2.5009049656849727	[77, 19, 241, 132, 393, 794]	188031
31	0.3920588632383216	0.5450415593484953	2.4304075510343917	2.731400785148984	[1535, 496, 3366, 793, 2372, 794]	66348
32	0.40144067090439683	0.5534667156568565	2.2790614829839417	2.2790614829839417	[19, 734, 1203, 174, 1086, 1112]	58709
33	0.4106776975879709	0.5653742699060069	2.2790614829839417	2.5872420769840634	[811, 3459, 1203, 174, 1086, 1112]	62392
34	0.4197721775634652	0.5792822932690147	2.2790614829839417	3.0466300264731196	[4118, 23, 5272, 174, 1086, 1112]	66793
35	0.4287263106257574	0.5927452598844063	2.2790614829839417	3.597226074150603	[846, 10, 158, 1115, 1086, 1112]	63316
36	0.43754226262227347	0.6017953652203083	2.2790614829839417	3.260479038210432	[1715, 132, 1713, 174, 1086, 1112]	60176
37	0.44622216597686803	0.6124141554811001	2.2790614829839417	3.3802769052980004	[1515, 1031, 132, 1108, 1086, 1112]	59148
38	0.4547681202056201	0.6210271742481868	2.2790614829839417	2.6743890052643993	[2004, 19, 132, 1108, 1086, 1112]	59351
39	0.46318219242466907	0.6311331162682352	2.2790614829839417	2.892248860804172	[241, 1209, 132, 1108, 1086, 1112]	59754
40	0.47146641785021426	0.6409695665010822	2.2790614829839417	4.067021264082211	[359, 158, 420, 458, 1086, 1112]	62042
41	0.4796228002907974	0.6489480205788359	2.2790614829839417	3.6728634883562234	[1820, 10, 158, 1115, 1086, 1096]	67584
42	0.48765331263198874	0.656749175677084	2.2790614829839417	3.8377000442262252	[1879, 496, 132, 1108, 1086, 1112]	61009
43	0.49555989731359384	0.6631056724238047	2.2790614829839417	3.56678126317036	[19, 241, 217, 261, 1086, 1112]	425717
44	0.5033444667994951	0.673886290906243	2.2790614829839417	3.5995927639097713	[300, 301, 2627, 261, 1086, 1112]	126438
45	0.5110089040402437	0.6799254336672385	2.2790614829839417	3.823816307279582	[241, 19, 387, 344, 1086, 1112]	73257
46	0.5185550629285114	0.6870382018079665	2.2790614829839417	3.4885679563002645	[3869, 438, 2627, 261, 1086, 1112]	73897
47	0.5259847687475159	0.6970529793501116	2.2790614829839417	2.426484904269537	[734, 19, 132, 1108, 1086, 1112]	66440
48	0.5332998186125233	0.706747284010908	2.2790614829839417	3.703061766034991	[2357, 438, 2627, 261, 1086, 1112]	97131
49	0.5405019819055399	0.716131370922559	2.2790614829839417	3.5253359932117423	[1849, 420, 158, 1115, 1086, 1112]	122218
50	0.5475930007032939	0.721388197386956	2.2790614829839417	3.1589477053178707	[10, 734, 19, 334, 1086, 1112]	74126
51	0.5545745901986134	0.727579570778357	2.2790614829839417	3.9432681249598085	[269, 1337, 254, 174, 1086, 1096]	65761
52	0.5614484391153014	0.7362970245134496	2.2790614829839417	2.7751196038897037	[1819, 241, 132, 1108, 1086, 1112]	64219
53	0.5682162101166085	0.7411804129483857	2.2790614829839417	2.4823415865386482	[2309, 420, 1582, 793, 2372, 794]	66493
54	0.5748795402074016	0.7469319593273105	2.2790614829839417	2.793516874800511	[1259, 734, 1203, 174, 1086, 1112]	74398
55	0.5814400411301268	0.7536804404119155	2.2790614829839417	3.32346175437313	[2040, 545, 132, 1108, 1086, 1096]	66009
56	0.5878992997546619	0.7631391115000979	2.2790614829839417	2.6296491148067798	[241, 1031, 132, 1108, 1086, 1112]	63529
57	0.5942588784621516	0.7694554018600953	2.2790614829839417	2.702639471550251	[77, 19, 132, 1108, 1086, 1112]	64336
58	0.6005203155229208	0.7783083144286677	2.2790614829839417	3.671150278463103	[2490, 390, 3248, 334, 1086, 1112]	599294
59	0.6066851254685548	0.7854024483669504	2.2790614829839417	3.9899348287824727	[394, 193, 1872, 1115, 1086, 1112]	101890
60	0.6127547994582376	0.7893764771008958	2.2790614829839417	2.3416455747018707	[1715, 132, 19, 409, 4290, 794]	64272
61	0.6187308056394376	0.7932769127101383	2.2790614829839417	3.0172048542480914	[19, 132, 1713, 174, 1086, 1112]	63617
62	0.6246145895030265	0.801215079262069	2.2790614829839417	4.040098031134054	[2685, 1630, 3974, 1108, 1086, 1112]	64820
63	0.630407574232918	0.8075761967256828	2.2790614829839417	3.5779691026203686	[257, 320, 836, 1089, 1086, 1112]	65954
64	0.6361111610503113	0.8127074981463313	2.2790614829839417	3.2554358471025484	[1580, 438, 2627, 261, 1086, 1096]	149262
65	0.6417267295526212	0.8198995302175122	2.2790614829839417	2.8070241504084494	[3621, 1720, 132, 1108, 1086, 1112]	88220
66	0.6472556380471796	0.8232347241023731	2.2790614829839417	3.6022839188384888	[193, 1265, 255, 174, 1086, 1112]	94413
67	0.6526992238797849	0.8265081551375143	2.2790614829839417	3.8498112984743313	[386, 370, 1713, 174, 1086, 1112]	77019
68	0.6580588037581832	0.8303635294677918	2.2790614829839417	3.4686455498577784	[732, 734, 1203, 174, 1086, 1112]	67273
69	0.6633356740705569	0.8341332288129519	2.2790614829839417	3.528922042863038	[2528, 3459, 1203, 174, 1086, 1112]	68252
70	0.6685311111990977	0.8394409654909375	2.2790614829839417	3.409802677289374	[1791, 420, 158, 1115, 1086, 1096]	65046
71	0.6736463718287411	0.8456064324160855	2.2790614829839417	2.6296491148067798	[241, 1031, 132, 1108, 1086, 1112]	75974
72	0.6786826932511372	0.8484655725565283	2.2790614829839417	2.426484904269537	[734, 19, 132, 1108, 1086, 1112]	69872
73	0.6836412936639282	0.8525064906216876	2.2790614829839417	3.397083781329468	[241, 132, 387, 344, 1086, 1112]	847287
74	0.6885233724654107	0.8557841241634279	2.2790614829839417	3.993920281751505	[545, 132, 387, 344, 1086, 1112]	112637
75	0.6933301105446482	0.8589889214042405	2.2790614829839417	3.9343585605063875	[269, 1337, 240, 234, 1086, 1112]	73031
76	0.6980626705671074	0.8627492168334608	2.2790614829839417	3.756627996100052	[2015, 1663, 1546, 234, 1086, 1112]	69669
77	0.7027221972558866	0.8671412418947901	2.2790614829839417	4.2811297854088295	[5415, 1587, 132, 1094, 1086, 1112]	67626
78	0.7073098176686043	0.8696015892671088	2.2790614829839417	2.723312616127263	[107, 734, 1203, 174, 1086, 1112]	69621
79	0.7118266414700147	0.8730788802199859	2.2790614829839417	3.236190705972595	[734, 19, 132, 1094, 1086, 1112]	71938
80	0.7162737612004157	0.8754292713270232	2.2790614829839417	3.5069954494906392	[542, 269, 132, 1108, 1086, 1112]	94386
81	0.7206522525399155	0.8777361366728191	2.2790614829839417	2.545237350214759	[811, 734, 1203, 174, 1086, 1096]	82600
82	0.7249631745686205	0.880000282289989	2.2790614829839417	3.1589477053178707	[10, 734, 19, 334, 1086, 1112]	68733
83	0.7292075700228084	0.882666942683545	2.2790614829839417	3.7282586004404497	[2557, 2558, 255, 174, 1086, 1096]	77151
84	0.7333864655471478	0.8871725320844968	2.2790614829839417	3.8480675773813147	[1468, 3136, 836, 1089, 1086, 1112]	68431
85	0.7375008719430252	0.8892619296384876	2.2790614829839417	3.0172048542480914	[19, 132, 1713, 174, 1086, 1112]	83408
86	0.7415517844130401	0.8917227756465211	2.2790614829839417	3.5253359932117423	[1849, 420, 158, 1115, 1086, 1112]	78875
87	0.7455401828017278	0.8941289361877096	2.2790614829839417	3.3383536017876443	[2872, 241, 132, 1094, 1086, 1112]	67811
88	0.7494670318325654	0.8975168102297029	2.2790614829839417	3.592725015116719	[2149, 420, 158, 1115, 1086, 1112]	1733794
89	0.753333281341322	0.9002496952902441	2.2790614829839417	3.5779691026203686	[257, 320, 836, 1089, 1086, 1112]	149626
90	0.7571398665058078	0.9020969231552396	2.2790614829839417	3.0172048542480914	[19, 132, 1713, 174, 1086, 1112]	68908
91	0.7608877080720762	0.9047076718710999	2.2790614829839417	3.5504141572377215	[10, 158, 1713, 174, 1086, 1112]	67308
92	0.7645777125771367	0.9077570263712247	2.2790614829839417	3.597226074150603	[846, 10, 158, 1115, 1086, 1112]	69758
93	0.7682107725682302	0.9107088015273455	2.2790614829839417	2.7751196038897037	[1819, 241, 132, 1108, 1086, 1112]	90037
94	0.7717877668187205	0.9123623422398021	2.1976818767155635	2.1976818767155635	[10, 734, 1203, 174, 1086, 1112]	77652
95	0.7753095605406538	0.9143098457455843	2.1976818767155635	3.334919766974785	[1715, 132, 19, 334, 1086, 1112]	83304
96	0.7787770055940388	0.9158967004539994	2.1976818767155635	3.096440247669025	[1715, 132, 1032, 370, 386, 794]	73455
97	0.7821909406928962	0.9181394551085593	2.1976818767155635	3.397083781329468	[241, 132, 387, 344, 1086, 1112]	73051
98	0.7855521916081293	0.9199585783283691	2.1976818767155635	3.334919766974785	[1726, 132, 19, 334, 1086, 1112]	72156
99	0.7888615713672631	0.9225199038218613	2.1976818767155635	3.0466300264731196	[4118, 23, 5272, 174, 1086, 1112]	80714
100	0.7921198804511016	0.9242416837369312	2.1976818767155635	3.464547836593158	[1715, 132, 217, 261, 1086, 1112]	75434
101	0.79532790698735	0.9266659498573493	2.1976818767155635	3.204410474350957	[5032, 23, 5272, 174, 1086, 1112]	88027
102	0.7984864269412489	0.9290126394619141	2.1976818767155635	3.334919766974785	[1726, 132, 19, 334, 1086, 1096]	73410
103	0.8015962043032667	0.9309056357429297	2.1976818767155635	3.673264351591776	[21, 1417, 5272, 174, 1086, 1112]	1538794
104	0.8046579912738953	0.9327481521231183	2.1976818767155635	3.844906356519843	[3158, 3083, 19, 334, 1086, 1112]	131724
105	0.8076725284455943	0.933993556713431	2.1976818767155635	3.6022839188384888	[193, 1265, 255, 174, 1086, 1112]	81499
106	0.8106405449819278	0.9350121746653841	2.1976818767155635	2.570510399944812	[1879, 496, 3366, 793, 2372, 794]	77587
107	0.8135627587939351	0.9367451833409739	2.1976818767155635	3.0172048542480914	[19, 132, 1713, 174, 1086, 1112]	72229
108	0.8164398767137817	0.9379165688346596	2.1976818767155635	3.917979333181071	[677, 1546, 234, 174, 1086, 1112]	80511
109	0.8192725946657295	0.9392962006383339	2.1976818767155635	4.194582553240714	[1819, 1513, 254, 174, 1086, 1112]	87454
110	0.8220615978344683	0.9416272265338218	2.1976818767155635	3.4393549165098385	[241, 1031, 132, 1094, 1086, 1112]	102552
111	0.8248075608308499	0.9434951552847395	2.1976818767155635	3.204410474350957	[5032, 23, 5272, 174, 1086, 1112]	94405
112	0.8275111478550652	0.9447508185006341	2.1976818767155635	3.671150278463103	[2490, 390, 3248, 334, 1086, 1112]	76235
113	0.8301730128573019	0.945978578089509	2.1976818767155635	3.460050044086323	[734, 19, 1987, 334, 1086, 1112]	74675
114	0.8327937996959238	0.9469789747915551	2.1976818767155635	4.401212259395304	[1712, 132, 1729, 1094, 1086, 1112]	73018
115	0.8353741422932088	0.9483928687971136	2.1976818767155635	3.2554358471025484	[1580, 438, 2627, 261, 1086, 1112]	78511
116	0.837914664788684	0.9493485564119819	2.1976818767155635	3.8670757774883784	[1791, 420, 1546, 234, 1086, 1112]	72221
117	0.8404159816900932	0.9509694026067985	2.1976818767155635	2.932900051767541	[1723, 241, 132, 1108, 1086, 1112]	78630
118	0.8428786980220363	0.9522768852039505	2.1976818767155635	3.7282586004404497	[2557, 2558, 255, 174, 1086, 1112]	984863
119	0.8453034094723135	0.9533373988660849	2.1976818767155635	2.545237350214759	[811, 734, 1203, 174, 1086, 1096]	191961
120	0.8476907025360123	0.9542015211093056	2.1976818767155635	3.8541227312790616	[119, 123, 19, 334, 1086, 1112]	95711
121	0.8500411546573702	0.9552192650846544	2.1976818767155635	2.8070241504084494	[3621, 1720, 132, 1108, 1086, 1112]	80299
122	0.8523553343694478	0.9569388453054036	2.1976818767155635	3.490617761732537	[241, 1729, 1822, 1094, 1086, 1112]	68009
123	0.8546338014316477	0.9580871427639263	2.1976818767155635	3.397083781329468	[241, 132, 387, 344, 1086, 1112]	69777
124	0.8568771069651099	0.9588633067868164	2.1976818767155635	3.0172048542480914	[19, 132, 1713, 174, 1086, 1096]	72682
125	0.8590857935860187	0.9596250974018754	2.1976818767155635	3.823816307279582	[241, 19, 387, 344, 1086, 1112]	73807
126	0.8612603955368516	0.9603727807833222	2.1976818767155635	3.752824415762799	[10, 161, 1713, 174, 1086, 1112]	72570
127	0.8634014388156039	0.9611066181762236	2.1976818767155635	3.5492810816234277	[158, 420, 1822, 1094, 1086, 1112]	75746
128	0.8655094413030175	0.9624030642370162	2.1976818767155635	3.4225800030903457	[4196, 1663, 1546, 234, 1086, 1112]	71008
129	0.8675849128878474	0.9632385516984158	2.1976818767155635	3.260479038210432	[1726, 132, 1713, 174, 1086, 1112]	74251
130	0.8696283555901955	0.964218856986458	2.1976818767155635	2.518985889172849	[19, 241, 132, 1108, 1086, 1112]	76496
131	0.8716402636829393	0.9648814707459681	2.1976818767155635	2.723312616127263	[107, 734, 1203, 174, 1086, 1096]	80767
132	0.8736211238112891	0.965817964859409	2.1976818767155635	2.1976818767155635	[10, 734, 1203, 174, 1086, 1112]	89691
133	0.8755714151104975	0.9664509655101606	2.1976818767155635	3.221273652630817	[19, 132, 217, 261, 1086, 1112]	2409175
134	0.8774916093217553	0.9670722439266392	2.1976818767155635	2.1976818767155635	[10, 734, 1203, 174, 1086, 1112]	157560
135	0.8793821709062961	0.9681259321209866	2.1976818767155635	3.592725015116719	[2149, 420, 158, 1115, 1086, 1112]	94521
136	0.8812435571577422	0.9689759072644271	2.1976818767155635	3.8498112984743313	[2764, 370, 1713, 174, 1086, 1112]	79886
137	0.8830762183127152	0.969550427500271	2.1976818767155635	2.545237350214759	[811, 734, 1203, 174, 1086, 1112]	81024
138	0.8848805976597413	0.9703624161002637	2.1976818767155635	3.0373270629232803	[3284, 734, 1203, 174, 1086, 1112]	82397
139	0.8866571316464736	0.9711527516709234	2.1976818767155635	3.6022839188384888	[193, 1265, 255, 174, 1086, 1112]	84172
140	0.8884062499852626	0.9720758636174538	2.1976818767155635	2.5286478000845856	[2872, 241, 132, 1108, 1086, 1096]	80372
141	0.890128375757095	0.9725929772541676	2.1976818767155635	3.460050044086323	[734, 19, 1987, 334, 1086, 1112]	79989
142	0.89182392551393	0.9736454069276076	2.1976818767155635	2.892248860804172	[241, 1209, 132, 1108, 1086, 1112]	79128
143	0.8934933093794557	0.9743481960762047	2.1976818767155635	3.985906022209302	[107, 10, 232, 1023, 1086, 1112]	79280
144	0.8951369311482913	0.9748232294822009	2.1976818767155635	3.397083781329468	[241, 132, 387, 344, 1086, 1112]	79119
145	0.8967551883836571	0.9756288861387705	2.1976818767155635	3.5995927639097713	[300, 301, 2627, 261, 1086, 1112]	82171
146	0.898348472513539	0.9760802030621266	2.1976818767155635	2.1976818767155635	[10, 734, 1203, 174, 1086, 1112]	87136
147	0.8999171689253671	0.9767180643138033	2.1976818767155635	3.7536729288630175	[2789, 2558, 255, 174, 1086, 1112]	88360
148	0.9014616570592349	0.9773389159321018	2.1976818767155635	3.5492810816234277	[158, 420, 1822, 1094, 1086, 1112]	2648683
149	0.9029823104996788	0.9782091015603092	2.1976818767155635	3.32346175437313	[2040, 545, 132, 1108, 1086, 1112]	148036
150	0.9044794970660417	0.9786933437478578	2.1976818767155635	3.260479038210432	[1726, 132, 1713, 174, 1086, 1096]	81953
151	0.9059535789014423	0.9790879114562308	2.1976818767155635	3.236190705972595	[734, 19, 132, 1094, 1086, 1112]	86871
152	0.9074049125603707	0.9794751723551894	2.1976818767155635	2.5872420769840634	[811, 3459, 1203, 174, 1086, 1112]	94189
153	0.9088338490949328	0.9802633257367502	2.1976818767155635	4.2231369934828	[1549, 2636, 836, 1089, 1086, 1096]	90785
154	0.9102407341397641	0.9807896370504369	2.1976818767155635	3.4455895737600724	[190, 196, 1078, 334, 1086, 1112]	91238
155	0.9116259079956319	0.9812165340048716	2.1976818767155635	2.8070241504084494	[3621, 1720, 132, 1108, 1086, 1112]	89277
156	0.9129897057117488	0.9815643759677444	2.1976818767155635	2.1976818767155635	[10, 734, 1203, 174, 1086, 1112]	90716
157	0.9143324571668143	0.9819057764127861	2.1976818767155635	2.545237350214759	[811, 734, 1203, 174, 1086, 1112]	108087
158	0.9156544871488079	0.9822408546273642	2.1976818767155635	2.723312616127263	[107, 734, 1203, 174, 1086, 1112]	110695
159	0.9169561154335486	0.9829228058096734	2.1976818767155635	2.961062504761295	[241, 1587, 132, 1108, 1086, 1112]	109505
160	0.9182376568620432	0.9833022990139029	2.1976818767155635	3.6721450672688247	[1792, 496, 217, 261, 1086, 1112]	88110
161	0.9194994214166413	0.9836115156988305	2.1976818767155635	3.810069908734289	[677, 132, 217, 261, 1086, 1112]	89191
162	0.9207417142960141	0.9842408334959954	2.1976818767155635	3.7271075836125993	[1794, 1879, 836, 1089, 1086, 1112]	90259
163	0.9219648359889768	0.9845326699127364	2.1976818767155635	3.592725015116719	[2149, 420, 158, 1115, 1086, 1112]	2585954
164	0.9231690823471717	0.9848191019513893	2.1976818767155635	3.8061659836099055	[1580, 438, 3366, 150, 1086, 1112]	478519
165	0.9243547446566289	0.9851002296930302	2.1976818767155635	3.703061766034991	[2357, 438, 2627, 261, 1086, 1112]	117555
166	0.9255221097082241	0.9853761513653816	2.1976818767155635	3.2554358471025484	[1580, 438, 2627, 261, 1086, 1112]	125004
167	0.9266714598670478	0.9856469633771338	2.1976818767155635	3.0373270629232803	[3284, 734, 1203, 174, 1086, 1112]	104258
168	0.9278030731407044	0.9860297110204101	2.1976818767155635	2.518985889172849	[19, 241, 132, 1108, 1086, 1112]	109605
169	0.9289172232465578	0.9863401618866233	2.1976818767155635	3.260479038210432	[1715, 132, 1713, 174, 1086, 1112]	102746
170	0.9300141796779381	0.9867044242363133	2.1976818767155635	3.5800061191568133	[19, 241, 1729, 1094, 1086, 1112]	102398
171	0.9310942077693279	0.9869506386023076	2.1976818767155635	3.7232750780577044	[734, 19, 387, 344, 1086, 1112]	100599
172	0.932157568760542	0.9873682181670337	2.1976818767155635	3.866616265254481	[2707, 1402, 1078, 334, 1086, 1112]	111940
173	0.9332045198599164	0.9876021400528294	2.1976818767155635	2.7266252539510933	[331, 241, 132, 1108, 1086, 1112]	89179
174	0.9342353143065225	0.9878317300518511	2.1976818767155635	2.775355892909582	[241, 1720, 132, 1108, 1086, 1096]	96449
175	0.9352502014314219	0.9882211146901918	2.1976818767155635	3.597226074150603	[846, 10, 158, 1115, 1086, 1112]	97791
176	0.936249426717974	0.9886734238860885	2.1976818767155635	3.3802769052980004	[1515, 1031, 132, 1108, 1086, 1112]	94341
177	0.9372332318612151	0.9890358743217337	2.1976818767155635	3.0466300264731196	[4118, 23, 5272, 174, 1086, 1112]	88288
178	0.9382018548263199	0.9892795215590284	2.114855114018017	2.114855114018017	[1580, 438, 10, 734, 19, 794]	1736163
179	0.9391555299061606	0.9895177544132723	2.114855114018017	3.260479038210432	[1715, 132, 1713, 174, 1086, 1112]	570564
180	0.9400944877779791	0.9897972809622516	2.114855114018017	3.5005121038821185	[734, 10, 158, 1115, 1086, 1112]	106540
181	0.9410189555591831	0.9901373715968432	2.114855114018017	3.4225800030903457	[4196, 1663, 1546, 234, 1086, 1112]	107525
182	0.9419291568622822	0.9903565411169134	2.114855114018017	3.462983623397844	[1742, 400, 19, 334, 1086, 1112]	118984
183	0.9428253118489753	0.9905708402032042	2.114855114018017	3.528922042863038	[1892, 3459, 1203, 174, 1086, 1112]	113845
184	0.9437076372834047	0.9908725733167016	2.114855114018017	3.0466300264731196	[4118, 23, 5272, 174, 1086, 1112]	112415
185	0.9445763465845868	0.991075405020775	2.114855114018017	3.528922042863038	[2528, 3459, 1203, 174, 1086, 1112]	108841
186	0.9454316498780345	0.9914181094679773	2.114855114018017	3.4393549165098385	[241, 1031, 132, 1094, 1086, 1112]	100884
187	0.9462737540465833	0.9916469598821644	2.114855114018017	3.32346175437313	[2040, 545, 132, 1108, 1086, 1112]	89155
188	0.9471028627804323	0.9918697076186401	2.114855114018017	3.575302319672975	[1851, 159, 1713, 174, 1086, 1112]	95161
189	0.9479191766264133	0.9920503807826704	2.114855114018017	3.8003643798949636	[1847, 420, 158, 1115, 1086, 1112]	92823
190	0.9487228930364995	0.9922623706284658	2.114855114018017	4.003204554967674	[734, 19, 1987, 1114, 1086, 1112]	85452
191	0.9495142064155659	0.9925099747683549	2.114855114018017	3.9534318621183226	[2309, 420, 1582, 1087, 1086, 1112]	88718
192	0.9502933081684121	0.9926764197735025	2.114855114018017	3.334919766974785	[1726, 132, 19, 334, 1086, 1112]	89837
193	0.9510603867460601	0.9928120416295488	2.114855114018017	2.7266252539510933	[331, 241, 132, 1108, 1086, 1112]	828648
194	0.9518156276913369	0.9930420562974033	2.114855114018017	3.836139833873668	[1819, 241, 1729, 1094, 1086, 1096]	110018
195	0.9525592136837545	0.9931709071067106	2.114855114018017	3.613369342697065	[1582, 420, 158, 1115, 1086, 1112]	82955
196	0.9532913245836966	0.9932973717899196	2.114855114018017	3.0172048542480914	[19, 132, 1713, 174, 1086, 1112]	98439
197	0.9540121374759235	0.9934761085421885	2.114855114018017	2.5872420769840634	[811, 3459, 1203, 174, 1086, 1112]	103494
198	0.9547218267124061	0.9936848730688385	2.114855114018017	3.988420050280083	[841, 1268, 1010, 1105, 1086, 1112]	106993
199	0.9554205639544987	0.99380181986386	2.114855114018017	2.545237350214759	[811, 734, 1203, 174, 1086, 1112]	122729
200	0.9561085182144601	0.9939395572002186	2.114855114018017	3.260479038210432	[1726, 132, 1713, 174, 1086, 1112]	121019
201	0.9567858558963357	0.9941011690082128	2.114855114018017	3.5432222043472263	[87, 1265, 255, 174, 1086, 1112]	93847
202	0.9574527408362071	0.9942899315999499	2.114855114018017	3.4225800030903457	[4196, 1663, 1546, 234, 1086, 1112]	102297
203	0.9581093343418212	0.9944726537887516	2.114855114018017	3.4347039664096126	[421, 438, 2627, 261, 1086, 1096]	97909
204	0.9587557952316079	0.9946200496877182	2.114855114018017	2.870736037412858	[3, 19, 132, 1108, 1086, 1096]	113061
205	0.9593922798730954	0.9947196783972049	2.114855114018017	2.518985889172849	[19, 241, 132, 1108, 1086, 1112]	125421
206	0.9600189422207328	0.9949224427467522	2.114855114018017	3.490617761732537	[241, 1729, 1822, 1094, 1086, 1096]	100736
207	0.960635933853129	0.9950849245788561	2.114855114018017	2.802017196661072	[1580, 301, 2729, 438, 774, 794]	123368
208	0.9612434040097164	0.9952422069923328	2.114855114018017	3.773546740312346	[331, 1398, 132, 1108, 1086, 1112]	102549
209	0.9618414996268504	0.9953303142702525	2.114855114018017	3.6445912614277525	[1849, 420, 1822, 1094, 1086, 1112]	2471319
210	0.9624303653733497	0.9954548392230458	2.114855114018017	3.184750484208875	[432, 19, 132, 1108, 1086, 1112]	94617
211	0.9630101436854893	0.9955390088670635	2.114855114018017	3.7119802833327293	[2149, 420, 1822, 1094, 1086, 1112]	112557
212	0.963580974801454	0.9956216198139697	2.114855114018017	3.613369342697065	[1582, 420, 158, 1115, 1086, 1112]	89967
213	0.9641429967952587	0.995718917151437	2.114855114018017	3.5247094981667253	[2387, 1663, 1546, 234, 1086, 1112]	87689
214	0.9646963456101467	0.995924409128168	2.114855114018017	3.069833347705165	[2607, 1587, 132, 1108, 1086, 1112]	86624
215	0.9652411550914716	0.995999883033202	2.114855114018017	3.3286916908759068	[19, 241, 132, 1094, 1086, 1112]	89317
216	0.9657775570190723	0.996088774521353	2.114855114018017	3.5673687331398343	[2297, 400, 19, 334, 1086, 1112]	87127
217	0.9663056811391484	0.9962139337366698	2.114855114018017	3.204410474350957	[5032, 23, 5272, 174, 1086, 1112]	88375
218	0.966825655195643	0.9963350878570963	2.114855114018017	3.4455895737600724	[190, 196, 1078, 334, 1086, 1112]	91088
219	0.9673376049611423	0.9964029566004834	2.114855114018017	3.363125263892072	[432, 422, 19, 334, 1086, 1112]	89383
220	0.9678416542672975	0.996518061989268	2.114855114018017	3.8003643798949636	[1847, 420, 158, 1115, 1086, 1112]	88080
221	0.9683379250347776	0.9966109136695541	2.114855114018017	3.7282586004404497	[2557, 2558, 255, 174, 1086, 1112]	89506
222	0.9688265373027594	0.9966736745275253	2.114855114018017	3.4686455498577784	[1265, 734, 1203, 174, 1086, 1112]	90588
223	0.9693076092579637	0.9967801169426446	2.114855114018017	3.3802769052980004	[1515, 1031, 132, 1108, 1086, 1112]	91349
224	0.969781257263242	0.996903760452047	2.114855114018017	3.32346175437313	[2040, 545, 132, 1108, 1086, 1112]	2085941
225	0.9702475958857228	0.9969725657753349	2.114855114018017	3.184750484208875	[432, 19, 132, 1108, 1086, 1112]	196851
226	0.9707067379245234	0.9970398420914385	2.114855114018017	3.4225800030903457	[4196, 1663, 1546, 234, 1086, 1112]	106970
227	0.9711587944380339	0.9971345671445124	2.114855114018017	3.0466300264731196	[4118, 23, 5272, 174, 1086, 1112]	99387
228	0.9716038747707803	0.9972262609958881	2.114855114018017	3.3383536017876443	[2872, 241, 132, 1094, 1086, 1112]	105548
229	0.9720420865798731	0.9973002273693311	2.114855114018017	2.8070241504084494	[3621, 1720, 132, 1108, 1086, 1112]	97818
230	0.9724735358610479	0.9973602223166793	2.114855114018017	3.8229149778872156	[1819, 241, 217, 261, 1086, 1112]	95562
231	0.9728983269743033	0.9974091070885927	2.114855114018017	3.6804418391159164	[677, 132, 19, 334, 1086, 1112]	116922
232	0.9733165626691443	0.9974781975662301	2.114855114018017	2.1976818767155635	[10, 734, 1203, 174, 1086, 1112]	112847
233	0.9737283441094353	0.9975248976112999	2.114855114018017	2.2790614829839417	[19, 734, 1203, 174, 1086, 1112]	109130
234	0.97413377089787	0.997619941543026	2.114855114018017	3.988420050280083	[841, 1268, 1010, 1105, 1086, 1112]	105625
235	0.9745329411000634	0.9976640166996367	2.114855114018017	3.3286916908759068	[19, 241, 132, 1094, 1086, 1112]	88605
236	0.9749259512682722	0.9977418828096488	2.114855114018017	3.069833347705165	[2607, 1587, 132, 1108, 1086, 1112]	105063
237	0.9753128964647495	0.9977920631916566	2.114855114018017	3.8292251796573344	[3065, 1460, 19, 334, 1086, 1112]	89042
238	0.975693870284738	0.9978509415065457	2.114855114018017	2.426484904269537	[734, 19, 132, 1108, 1086, 1112]	88406
239	0.9760689648791093	0.9978907388860542	2.114855114018017	3.490617761732537	[241, 1729, 1822, 1094, 1086, 1112]	2129593
240	0.9764382709766539	0.9979297992770532	2.114855114018017	2.870736037412858	[3, 19, 132, 1108, 1086, 1112]	414745
241	0.9768018779060265	0.9979960457001874	2.114855114018017	3.4455895737600724	[190, 196, 1078, 334, 1086, 1112]	125266
242	0.9771598736173532	0.9980405780179611	2.114855114018017	3.4225800030903457	[4196, 1663, 1546, 234, 1086, 1096]	115014
243	0.9775123447035052	0.9981032795213863	2.114855114018017	4.2601060076372965	[950, 4588, 1987, 334, 1086, 1112]	109448
244	0.9778593764210437	0.9981639745767019	2.114855114018017	3.490617761732537	[241, 1729, 1822, 1094, 1086, 1112]	114794
245	0.9782010527108425	0.9982047751416642	2.114855114018017	3.334919766974785	[1715, 132, 19, 334, 1086, 1112]	117774
246	0.9785374562183912	0.9982380200464481	2.114855114018017	3.363125263892072	[432, 422, 19, 334, 1086, 1112]	112528
247	0.9788686683137864	0.9982850061785429	2.114855114018017	3.4686455498577784	[732, 734, 1203, 174, 1086, 1112]	114007
248	0.9791947691114131	0.9983167653233846	2.114855114018017	2.2790614829839417	[19, 734, 1203, 174, 1086, 1112]	107723
249	0.9795158374893234	0.9983616515814278	2.114855114018017	3.5005121038821185	[734, 10, 158, 1115, 1086, 1112]	99196
250	0.9798319511083153	0.9983919913669568	2.114855114018017	2.702639471550251	[77, 19, 132, 1108, 1086, 1112]	110352
251	0.9801431864307178	0.9984348715971713	2.114855114018017	3.5779691026203686	[160, 320, 836, 1089, 1086, 1096]	91227
252	0.9804496187388858	0.9984849557060619	2.114855114018017	3.613369342697065	[988, 420, 158, 1115, 1086, 1112]	82403
253	0.9807513221534092	0.9985334371234679	2.114855114018017	3.9237160230782564	[1726, 132, 1729, 1094, 1086, 1096]	80530
254	0.9810483696510417	0.9985605956952555	2.114855114018017	3.4347039664096126	[421, 438, 2627, 261, 1086, 1112]	101067
255	0.9813408330823528	0.9985989798100486	2.114855114018017	4.072544890347539	[107, 10, 158, 1089, 1086, 1112]	79538
256	0.9816287831891066	0.9986363403484474	2.114855114018017	4.0706424428960695	[1667, 1663, 1546, 234, 1086, 1112]	79232
257	0.9819122896213734	0.9986727046058221	2.114855114018017	2.518985889172849	[19, 241, 132, 1108, 1086, 1112]	78481
258	0.982191420954377	0.9986972841501588	2.114855114018017	3.9994296453384184	[77, 19, 387, 344, 1086, 1112]	79638
259	0.982466244705081	0.9987262333912663	2.114855114018017	3.32346175437313	[2040, 545, 132, 1108, 1086, 1112]	79264
260	0.9827368273485212	0.9987751460290417	2.114855114018017	2.790120672112291	[241, 217, 132, 1108, 1086, 1112]	79581
261	0.9830032343338835	0.9988023650061741	2.114855114018017	3.5297365521895774	[1546, 677, 132, 1108, 1086, 1112]	79387
262	0.9832655301003359	0.9988406893259766	2.114855114018017	3.204410474350957	[5032, 23, 5272, 174, 1086, 1112]	79689
263	0.9835237780926147	0.9988716042772838	2.114855114018017	2.2790614829839417	[19, 734, 1203, 174, 1086, 1112]	79653
264	0.9837780407763707	0.9988925004943712	2.114855114018017	2.1976818767155635	[10, 734, 1203, 174, 1086, 1112]	78974
265	0.9840283796532785	0.9989130097444754	2.114855114018017	3.5504141572377215	[10, 158, 1713, 174, 1086, 1112]	79699
266	0.9842748552759131	0.9989477934326522	2.114855114018017	2.7751196038897037	[1819, 241, 132, 1108, 1086, 1112]	79087
267	0.9845175272623958	0.9989640311883211	2.114855114018017	3.0948073843317143	[241, 132, 393, 2348, 2372, 794]	79201
268	0.9847564543108157	0.9989916570232993	2.114855114018017	3.7536729288630175	[87, 415, 255, 174, 1086, 1096]	78963
269	0.9849916942134266	0.9990185461693446	2.114855114018017	3.6060011103515626	[2040, 1451, 1713, 174, 1086, 1112]	80521
270	0.9852233038706267	0.9990367212402826	2.114855114018017	2.1437340515374954	[3621, 1720, 241, 132, 19, 794]	81329
271	0.9854513393047221	0.9990624086738751	2.114855114018017	2.426484904269537	[734, 19, 132, 1108, 1086, 1112]	79598
272	0.9856758556734764	0.9990874111092385	2.114855114018017	3.5432222043472263	[87, 1265, 255, 174, 1086, 1112]	79617
273	0.9858969072834536	0.9991117468129921	2.114855114018017	4.000940622867456	[1529, 2229, 494, 636, 1086, 1112]	78639
274	0.9861145476031533	0.9991281959460848	2.114855114018017	2.6743890052643993	[2004, 19, 132, 1108, 1086, 1112]	79135
275	0.9863288292759441	0.9991560936758102	2.114855114018017	3.4455895737600724	[190, 196, 1078, 334, 1086, 1112]	79656
276	0.9865398041327968	0.9991785978444552	2.114855114018017	3.2554358471025484	[1580, 438, 2627, 261, 1086, 1112]	80354
277	0.9867475232048216	0.9991968512256895	2.114855114018017	2.5872420769840634	[811, 3459, 1203, 174, 1086, 1112]	79230
278	0.9869520367356114	0.9992117243511397	2.114855114018017	3.0836053386938795	[241, 132, 19, 334, 1086, 1112]	79991
279	0.9871533941933952	0.9992327450351093	2.114855114018017	3.3692329725658183	[1580, 301, 2627, 261, 1086, 1112]	78690
280	0.9873516442830033	0.9992497951454402	2.114855114018017	3.464547836593158	[1726, 132, 217, 261, 1086, 1112]	80708
281	0.9875468349576483	0.9992664663644304	2.114855114018017	4.093968661041803	[3819, 438, 8, 174, 1086, 1112]	79134
282	0.9877390134305241	0.9992860272613789	2.114855114018017	2.790120672112291	[241, 217, 132, 1108, 1086, 1112]	79048
283	0.9879282261862259	0.9993050665344089	2.114855114018017	3.221273652630817	[19, 132, 217, 261, 1086, 1112]	80438
284	0.988114518991994	0.9993179356726606	2.114855114018017	2.545237350214759	[811, 734, 1203, 174, 1086, 1112]	79394
285	0.9882979369087842	0.9993441269428304	2.114855114018017	3.204410474350957	[5032, 23, 5272, 174, 1086, 1112]	80132
286	0.9884785243021672	0.9993562727401853	2.114855114018017	3.8061659836099055	[1580, 438, 3366, 150, 1086, 1096]	81489
287	0.9886563248530597	0.9993681936153671	2.114855114018017	4.000940622867456	[1529, 2229, 494, 636, 1086, 1112]	78813
288	0.9888313815682902	0.9993822337572479	2.114855114018017	2.932900051767541	[4015, 241, 132, 1108, 1086, 1096]	78941
289	0.9890037367910018	0.9993987075237213	2.114855114018017	2.702639471550251	[77, 19, 132, 1108, 1086, 1112]	79449
290	0.9891734322108937	0.9994179488829622	2.114855114018017	3.4455895737600724	[190, 196, 1078, 334, 1086, 1112]	78759
291	0.9893405088743059	0.9994308833522296	2.114855114018017	3.6917975251449304	[1529, 156, 1713, 174, 1086, 1112]	79651
292	0.9895050071941468	0.9994460597961702	2.114855114018017	3.58506169461264	[241, 1720, 132, 1094, 1086, 1096]	79501
293	0.9896669669596693	0.9994637858826928	2.114855114018017	4.163478723269952	[1792, 496, 2627, 261, 1086, 1112]	79981
294	0.9898264273460942	0.9994809447344466	2.114855114018017	3.8186126393093716	[1791, 420, 1582, 1087, 1086, 1112]	78910
295	0.9899834269240865	0.9994924792959033	2.114855114018017	3.663877168314336	[2309, 420, 1822, 1094, 1086, 1112]	80017
296	0.9901380036690851	0.9995018778274607	2.114855114018017	4.133167556076189	[2040, 545, 132, 1094, 1086, 1112]	80888
297	0.9902901949704882	0.9995111023121374	2.114855114018017	2.870736037412858	[3, 19, 132, 1108, 1086, 1112]	80069
298	0.9904400376406967	0.9995201559730237	2.114855114018017	3.0836053386938795	[241, 132, 19, 334, 1086, 1112]	79243
299	0.9905875679240193	0.9995308191736232	2.114855114018017	3.260479038210432	[1726, 132, 1713, 174, 1086, 1112]	79031
300	0.9907328215054387	0.9995458329600672	2.114855114018017	4.2309548196101785	[846, 10, 161, 1023, 1086, 1112]	80244
301	0.9908758335192437	0.9995542434608067	2.114855114018017	3.649049134808248	[331, 241, 19, 334, 1086, 1112]	79574
302	0.991016638557527	0.9995720737223744	2.114855114018017	3.866616265254481	[4345, 1402, 1078, 334, 1086, 1096]	81971
303	0.9911552706785528	0.9995799982830712	2.114855114018017	3.9432681249598085	[269, 1337, 254, 174, 1086, 1112]	78877
304	0.9912917634149948	0.9995877760926439	2.114855114018017	3.1589477053178707	[10, 734, 19, 334, 1086, 1096]	79739
305	0.9914261497820474	0.9996036054906864	2.114855114018017	3.3802769052980004	[1515, 1031, 132, 1108, 1086, 1112]	78516
306	0.9915584622854109	0.9996141760109348	2.114855114018017	3.5247094981667253	[2387, 1663, 1546, 234, 1086, 1112]	79234
307	0.9916887329291545	0.9996213208996212	2.114855114018017	2.5872420769840634	[811, 3459, 1203, 174, 1086, 1096]	79019
308	0.9918169932234577	0.9996283334755541	2.114855114018017	3.7232750780577044	[734, 19, 387, 344, 1086, 1096]	78815
309	0.9919432741922315	0.999636592731653	2.114855114018017	3.926571328946758	[734, 19, 422, 636, 1086, 1112]	78783
310	0.992067606380623	0.9996462835921421	2.114855114018017	3.490617761732537	[241, 1729, 1822, 1094, 1086, 1112]	79479
311	0.9921900198624035	0.9996576025171936	2.114855114018017	4.076632023522491	[2047, 232, 193, 1115, 1086, 1112]	78724
312	0.992310544247243	0.9996639432113197	2.114855114018017	3.7498600569240876	[382, 409, 19, 334, 1086, 1112]	79085
313	0.9924292086878719	0.9996691292728734	2.114855114018017	2.3529469365166724	[377, 162, 107, 734, 19, 794]	80309
314	0.9925460418871331	0.9996752565085609	2.114855114018017	3.1589477053178707	[10, 734, 19, 334, 1086, 1112]	79337
315	0.9926610721049243	0.9996856483002869	2.114855114018017	3.6060011103515626	[1872, 843, 3094, 174, 1086, 1112]	79280
316	0.9927743271650334	0.999692633893614	2.114855114018017	3.6483982096103746	[1726, 132, 387, 344, 1086, 1112]	79796
317	0.9928858344618694	0.9996994642515337	2.114855114018017	3.5065031788170664	[811, 734, 19, 334, 1086, 1112]	80643
318	0.9929956209670875	0.9997074785381593	2.114855114018017	2.775355892909582	[241, 1720, 132, 1108, 1086, 1112]	81599
319	0.9931037132361139	0.9997172292535541	2.114855114018017	3.971179179052567	[3266, 1963, 387, 344, 1086, 1096]	78662
320	0.9932101374145689	0.9997224657488586	2.114855114018017	3.213233408312252	[241, 132, 217, 261, 1086, 1112]	79385
321	0.993314919244591	0.9997276052720279	2.114855114018017	3.397083781329468	[241, 132, 387, 344, 1086, 1112]	78817
322	0.9934180840710634	0.9997326496188422	2.114855114018017	3.775462889659569	[420, 158, 1546, 234, 1086, 1112]	79557
323	0.9935196568477445	0.9997376005518266	2.114855114018017	3.613369342697065	[988, 420, 158, 1115, 1086, 1112]	78793
324	0.993619662143304	0.9997445978704446	2.114855114018017	2.775355892909582	[241, 1720, 132, 1108, 1086, 1112]	78744
325	0.9937181241472653	0.9997493275395104	2.114855114018017	3.5504141572377215	[10, 158, 1713, 174, 1086, 1112]	78664
326	0.993815066675857	0.9997548980386324	2.114855114018017	2.849820663692327	[241, 132, 1032, 400, 19, 794]	79443
327	0.9939105131777727	0.9997614340909355	2.114855114018017	3.5673687331398343	[2297, 400, 19, 334, 1086, 1112]	79553
328	0.9940044867398441	0.9997658519781404	2.114855114018017	3.221273652630817	[19, 132, 217, 261, 1086, 1112]	80019
329	0.9940970100926243	0.9997710552675151	2.114855114018017	3.7119802833327293	[2149, 420, 1822, 1094, 1086, 1112]	79810
330	0.9941881056158863	0.9997752949847833	2.114855114018017	3.397083781329468	[241, 132, 387, 344, 1086, 1112]	79436
331	0.9942777953440362	0.9997802884295659	2.114855114018017	3.334919766974785	[1715, 132, 19, 334, 1086, 1112]	79752
332	0.9943661009714431	0.9997843571623517	2.114855114018017	3.1589477053178707	[10, 734, 19, 334, 1086, 1112]	79539
333	0.9944530438576862	0.9997926378473174	2.114855114018017	2.961062504761295	[241, 1587, 132, 1108, 1086, 1112]	79096
334	0.9945386450327219	0.999796477887182	2.114855114018017	2.2790614829839417	[19, 734, 1203, 174, 1086, 1112]	81459
335	0.99462292520197	0.9998002468151971	2.114855114018017	2.702639471550251	[77, 19, 132, 1108, 1086, 1112]	78277
336	0.9947059047513224	0.9998079173374935	2.114855114018017	2.775355892909582	[241, 1720, 132, 1108, 1086, 1112]	79353
337	0.9947876037520735	0.999813039541827	2.114855114018017	2.8070241504084494	[3621, 1720, 132, 1108, 1086, 1096]	79338
338	0.994868041965776	0.9998165017725339	2.114855114018017	2.472654499399121	[2004, 19, 241, 132, 393, 794]	78478
339	0.9949472388490203	0.9998205795109221	2.114855114018017	3.5764431740820974	[2872, 241, 217, 261, 1086, 1112]	79736
340	0.9950252135581403	0.9998253640572975	2.114855114018017	3.6445912614277525	[1849, 420, 1822, 1094, 1086, 1112]	79944
341	0.995101984953848	0.9998292448560242	2.114855114018017	3.9343585605063875	[269, 1337, 240, 234, 1086, 1096]	80057
342	0.9951775716057949	0.9998330394147792	2.114855114018017	3.977006837862077	[3136, 1468, 1546, 234, 1086, 1112]	80022
343	0.9952519917970635	0.9998383821535063	2.114855114018017	3.0466300264731196	[4118, 23, 5272, 174, 1086, 1112]	78640
344	0.9953252635285903	0.9998426919627461	2.114855114018017	2.518985889172849	[19, 241, 132, 1108, 1086, 1112]	79729
345	0.9953974045235194	0.9998461876969073	2.114855114018017	3.334919766974785	[1715, 132, 19, 334, 1086, 1112]	80355
346	0.9954684322314897	0.9998511096906063	2.114855114018017	2.5286478000845856	[2872, 241, 132, 1108, 1086, 1096]	80281
347	0.9955383638328557	0.9998560727009194	2.114855114018017	3.4225800030903457	[4196, 1663, 1546, 234, 1086, 1112]	79638
348	0.9956072162428424	0.9998599107622282	2.114855114018017	3.6632814211403364	[241, 1126, 19, 334, 1086, 1112]	79529
349	0.9956750061156381	0.9998625050073722	2.114855114018017	2.2790614829839417	[19, 734, 1203, 174, 1086, 1112]	79341
350	0.9957417498484215	0.9998650512109393	2.114855114018017	3.0836053386938795	[241, 132, 19, 334, 1086, 1096]	81125
351	0.9958074635853286	0.9998675502625886	2.114855114018017	3.5504141572377215	[10, 158, 1713, 174, 1086, 1112]	79395
352	0.9958721632213574	0.9998726363325052	2.114855114018017	3.7271075836125993	[1794, 1879, 836, 1089, 1086, 1112]	78386
353	0.9959358644062131	0.999876711969865	2.114855114018017	3.204410474350957	[5032, 23, 5272, 174, 1086, 1112]	78819
354	0.9959985825480925	0.9998814462302222	2.114855114018017	2.7266252539510933	[331, 241, 132, 1108, 1086, 1112]	78541
355	0.996060332817412	0.9998836416704032	2.114855114018017	2.609288355106501	[2558, 415, 733, 734, 19, 794]	78722
356	0.9961211301504767	0.9998873651369504	2.114855114018017	3.3692329725658183	[1580, 301, 2627, 261, 1086, 1112]	78961
357	0.9961809892530927	0.9998894509677476	2.114855114018017	3.2554358471025484	[1580, 438, 2627, 261, 1086, 1112]	79881
358	0.9962399246041252	0.9998931359354893	2.114855114018017	3.4225800030903457	[4196, 1663, 1546, 234, 1086, 1112]	79593
359	0.9962979504589998	0.9998955106924785	2.114855114018017	3.94674858093202	[1792, 496, 3366, 150, 1086, 1112]	78658
360	0.9963550808531512	0.9998988543503191	2.114855114018017	3.4455895737600724	[190, 196, 1078, 334, 1086, 1096]	79439
361	0.9964113296054173	0.9999020910111089	2.114855114018017	3.4455895737600724	[190, 196, 1078, 334, 1086, 1112]	79141
362	0.9964667103213831	0.9999042667664176	2.114855114018017	3.464547836593158	[1715, 132, 217, 261, 1086, 1096]	79469
363	0.9965212363966703	0.9999073302298923	2.114855114018017	3.260479038210432	[1726, 132, 1713, 174, 1086, 1112]	78729
364	0.9965749210201785	0.9999102956625358	2.114855114018017	3.213233408312252	[241, 132, 217, 261, 1086, 1112]	79576
365	0.9966277771772746	0.9999119568539703	2.114855114018017	2.8070241504084494	[3621, 1720, 132, 1108, 1086, 1096]	79064
366	0.9966798176529339	0.9999147742346431	2.114855114018017	4.022179304717063	[988, 420, 1582, 1087, 1086, 1112]	80861
367	0.9967310550348331	0.99991666814054	2.114855114018017	3.334919766974785	[1715, 132, 19, 334, 1086, 1112]	77864
368	0.9967815017163943	0.9999185199596391	2.114855114018017	3.544621900098326	[2309, 420, 158, 1115, 1086, 1112]	79237
369	0.9968311698997833	0.9999206927607154	2.114855114018017	2.8070241504084494	[3621, 1720, 132, 1108, 1086, 1096]	78927
370	0.9968800715988607	0.9999232305923725	2.114855114018017	4.662504595220203	[841, 1268, 1380, 1153, 1086, 1112]	79050
371	0.9969282186420881	0.9999249365792087	2.114855114018017	4.254859046245974	[542, 457, 139, 174, 1086, 1112]	79183
372	0.9969756226753893	0.9999269382704298	2.114855114018017	2.870736037412858	[3, 19, 132, 1108, 1086, 1112]	79418
373	0.9970222951649665	0.9999282912654218	2.114855114018017	3.1589477053178707	[10, 734, 19, 334, 1086, 1096]	79340
374	0.9970682474000752	0.9999298847928569	2.114855114018017	3.528922042863038	[1892, 3459, 1203, 174, 1086, 1096]	79114
375	0.9971134904957529	0.999931754531714	2.114855114018017	2.518985889172849	[19, 241, 132, 1108, 1086, 1112]	78963
376	0.9971580353955098	0.9999332710976759	2.114855114018017	3.4686455498577784	[732, 734, 1203, 174, 1086, 1112]	79880
377	0.9972018928739742	0.9999354064225503	2.114855114018017	2.6743890052643993	[2004, 19, 132, 1108, 1086, 1112]	80033
378	0.9972450735394993	0.9999368418353826	2.114855114018017	3.544621900098326	[2309, 420, 158, 1115, 1086, 1112]	79054
379	0.9972875878367292	0.9999380114310236	2.114855114018017	3.6804418391159164	[677, 132, 19, 334, 1086, 1096]	79444
380	0.9973294460491254	0.9999399950652308	2.114855114018017	3.6060011103515626	[3179, 843, 3094, 174, 1086, 1112]	80073
381	0.9973706583014538	0.9999419152231435	2.114855114018017	2.932900051767541	[1723, 241, 132, 1108, 1086, 1112]	79282
382	0.9974112345622338	0.9999429908671593	2.114855114018017	3.775462889659569	[420, 158, 1546, 234, 1086, 1112]	80393
383	0.9974511846461499	0.999944257736778	2.114855114018017	3.5673687331398343	[2297, 400, 19, 334, 1086, 1112]	78630
384	0.9974905182164254	0.9999457441971306	2.114855114018017	2.426484904269537	[734, 19, 132, 1108, 1086, 1112]	79345
385	0.9975292447871595	0.9999478276199608	2.114855114018017	3.428024668171216	[321, 1398, 132, 1108, 1086, 1096]	78508
386	0.9975673737256293	0.9999498310393543	2.114855114018017	4.2231369934828	[1549, 2636, 836, 1089, 1086, 1096]	80918
387	0.9976049142545548	0.999950760094181	2.114855114018017	3.736204611367037	[77, 19, 1987, 334, 1086, 1112]	79498
388	0.9976418754543301	0.9999520731583362	2.114855114018017	3.6167299521115073	[3621, 1720, 132, 1094, 1086, 1112]	79595
389	0.9976782662652202	0.9999533512074472	2.114855114018017	3.4607062329820666	[420, 158, 1713, 174, 1086, 1112]	78536
390	0.9977140954895223	0.9999545951752487	2.114855114018017	3.673264351591776	[21, 1417, 5272, 174, 1086, 1112]	79287
391	0.9977493717936964	0.9999560481296407	2.114855114018017	3.671150278463103	[2490, 390, 1078, 334, 1086, 1112]	79360
392	0.9977841037104603	0.9999572201795169	2.114855114018017	3.8292251796573344	[3065, 1460, 19, 334, 1086, 1096]	79420
393	0.9978182996408544	0.9999580123984148	2.114855114018017	3.460050044086323	[734, 19, 1987, 334, 1086, 1112]	80614
394	0.9978519678562733	0.9999591320677904	2.114855114018017	2.518985889172849	[19, 241, 132, 1108, 1086, 1096]	79008
395	0.9978851165004666	0.9999598888813498	2.114855114018017	3.236190705972595	[734, 19, 132, 1094, 1086, 1096]	79509
396	0.9979177535915088	0.999960780239542	2.114855114018017	2.545237350214759	[811, 734, 1203, 174, 1086, 1112]	79995
397	0.9979498870237387	0.999961826099821	2.114855114018017	3.9128741871805746	[10, 107, 836, 1089, 1086, 1112]	79331
398	0.9979815245696686	0.9999625330238984	2.114855114018017	3.7637785788263267	[1019, 10, 158, 1115, 1086, 1112]	80160
399	0.9980126738818651	0.9999639717557807	2.114855114018017	3.490617761732537	[241, 1729, 1822, 1094, 1086, 1112]	80867
400	0.9980433424947992	0.99996477238343	2.114855114018017	3.334919766974785	[1726, 132, 19, 334, 1086, 1112]	78965
401	0.9980735378266696	0.9999658996671602	2.114855114018017	3.0466300264731196	[4118, 23, 5272, 174, 1086, 1112]	78347
402	0.9981032671811964	0.9999666574523344	2.114855114018017	3.260479038210432	[1715, 132, 1713, 174, 1086, 1096]	79468
403	0.9981325377493877	0.9999672749069208	2.114855114018017	3.0172048542480914	[19, 132, 1713, 174, 1086, 1112]	78594
404	0.9981613566112799	0.9999683221098994	2.114855114018017	3.0466300264731196	[4118, 23, 5272, 174, 1086, 1112]	79997
405	0.998189730737649	0.9999691668536353	2.114855114018017	2.790120672112291	[241, 217, 132, 1108, 1086, 1112]	79240
406	0.9982176669916977	0.9999698520346657	2.114855114018017	3.484094806967457	[2004, 19, 132, 1094, 1086, 1112]	78908
407	0.9982451721307147	0.9999708167695563	2.114855114018017	3.4455895737600724	[190, 196, 1078, 334, 1086, 1112]	79588
408	0.9982722528077098	0.9999715949890349	2.114855114018017	3.081560325988364	[241, 1126, 132, 1108, 1086, 1112]	78649
409	0.998298915573023	0.9999722262115007	2.114855114018017	3.536331055654151	[331, 241, 132, 1094, 1086, 1112]	78260
410	0.9983251668759084	0.9999728434068007	2.114855114018017	3.917979333181071	[677, 1546, 234, 174, 1086, 1112]	80265
411	0.998351013066095	0.9999733463066748	2.114855114018017	3.8061659836099055	[1580, 438, 3366, 150, 1086, 1112]	78069
412	0.9983764603953219	0.9999741992248612	2.114855114018017	3.58966803006855	[2872, 241, 1729, 1094, 1086, 1112]	79206
413	0.9984015150188509	0.9999748872455316	2.114855114018017	4.267304680416987	[1677, 23, 5272, 174, 1086, 1112]	79012
414	0.9984261829969551	0.9999756908536745	2.114855114018017	3.0466300264731196	[4118, 23, 5272, 174, 1086, 1112]	80876
415	0.9984504702963848	0.9999766243248934	2.114855114018017	3.32346175437313	[2040, 545, 132, 1108, 1086, 1112]	78794
416	0.9984743827918109	0.9999769850606204	1.780457846853921	1.780457846853921	[320, 232, 10, 734, 19, 794]	79146
417	0.998497926267246	0.9999778688342926	1.780457846853921	3.575302319672975	[1851, 159, 1713, 174, 1086, 1112]	78602
418	0.9985211064174427	0.9999785770315952	1.780457846853921	3.184750484208875	[2006, 19, 132, 1108, 1086, 1096]	80289
419	0.9985439288492723	0.9999790530975597	1.780457846853921	3.460050044086323	[734, 19, 1987, 334, 1086, 1112]	79836
420	0.9985663990830799	0.9999795185842807	1.780457846853921	3.6917975251449304	[1529, 156, 1713, 174, 1086, 1112]	78726
421	0.99858852255402	0.9999799737268522	1.780457846853921	3.3383536017876443	[2872, 241, 132, 1094, 1086, 1112]	78749
422	0.9986103046133715	0.9999805077608028	1.780457846853921	3.585810503855643	[10, 438, 2627, 261, 1086, 1096]	79321
423	0.9986317505298319	0.9999809409216739	1.780457846853921	3.575302319672975	[1851, 159, 1713, 174, 1086, 1112]	78764
424	0.9986528654907912	0.9999815508121803	1.780457846853921	3.3802769052980004	[1515, 1031, 132, 1108, 1086, 1112]	78965
425	0.9986736546035877	0.9999818924638066	1.780457846853921	3.58506169461264	[241, 1720, 132, 1094, 1086, 1112]	79959
426	0.9986941228967422	0.9999823753314384	1.780457846853921	3.7282586004404497	[2557, 2558, 255, 174, 1086, 1112]	78612
427	0.9987142753211752	0.9999827017141896	1.780457846853921	1.9737057446728647	[377, 162, 10, 734, 19, 794]	78959
428	0.998734116751404	0.9999830861205409	1.780457846853921	3.184750484208875	[2005, 19, 132, 1108, 1086, 1096]	78624
429	0.9987536519867218	0.9999836273646836	1.780457846853921	3.8186126393093716	[1791, 420, 1582, 1087, 1086, 1112]	77668
430	0.9987728857523588	0.9999841512890137	1.780457846853921	3.0466300264731196	[4118, 23, 5272, 174, 1086, 1096]	80643
431	0.9987918227006248	0.9999844447836617	1.780457846853921	3.8824796627235756	[1580, 438, 254, 174, 1086, 1112]	78901
432	0.9988104674120349	0.9999848595894306	1.780457846853921	2.426484904269537	[734, 19, 132, 1108, 1086, 1112]	78508
433	0.9988288243964172	0.9999853440825689	1.780457846853921	3.5891433710848464	[1807, 157, 1713, 174, 1086, 1112]	78292
434	0.9988468980940033	0.9999858130719267	1.780457846853921	3.260479038210432	[1715, 132, 1713, 174, 1086, 1112]	78679
435	0.9988646928765033	0.999986075792817	1.780457846853921	3.5123452732533087	[77, 19, 132, 1094, 1086, 1112]	79373
436	0.9988822130481622	0.9999863852196432	1.780457846853921	3.932132379958449	[2627, 438, 970, 261, 1086, 1112]	78954
437	0.9988994628468016	0.9999866877703177	1.780457846853921	4.194582553240714	[1819, 1513, 254, 174, 1086, 1112]	79592
438	0.9989164464448448	0.999986983597644	1.780457846853921	3.363125263892072	[432, 422, 19, 334, 1086, 1112]	78804
439	0.9989331679503256	0.9999874001225194	1.780457846853921	3.9534318621183226	[2309, 420, 1582, 1087, 1086, 1112]	78774
440	0.9989496314078823	0.9999876334535839	1.780457846853921	2.723312616127263	[107, 734, 1203, 174, 1086, 1112]	79298
441	0.9989658407997359	0.9999880291830692	1.780457846853921	2.6743890052643993	[2004, 19, 132, 1108, 1086, 1112]	79112
442	0.9989818000466536	0.9999882508648642	1.780457846853921	2.426484904269537	[734, 19, 132, 1108, 1086, 1112]	80506
443	0.9989975130088966	0.9999884684414408	1.780457846853921	2.426484904269537	[734, 19, 132, 1108, 1086, 1096]	78384
444	0.9990129834871544	0.9999886819888215	1.780457846853921	2.518985889172849	[19, 241, 132, 1108, 1086, 1112]	77548
445	0.9990282152234637	0.9999888915816212	1.780457846853921	2.775355892909582	[241, 1720, 132, 1108, 1086, 1112]	79285
446	0.999043211902114	0.9999891878061112	1.780457846853921	2.518985889172849	[19, 241, 132, 1108, 1086, 1112]	78495
447	0.9990579771505381	0.9999894761312816	1.780457846853921	3.3692329725658183	[1580, 301, 2627, 261, 1086, 1096]	78426
448	0.9990725145401903	0.9999897099950309	1.780457846853921	2.7751196038897037	[1819, 241, 132, 1108, 1086, 1112]	80589
449	0.9990868275874096	0.999989868791404	1.780457846853921	2.335075708030231	[1580, 438, 3366, 793, 2372, 794]	78453
450	0.9991009197542706	0.999990056406378	1.780457846853921	3.0836053386938795	[241, 132, 19, 334, 1086, 1112]	77883
451	0.9991147944494208	0.999990277375125	1.780457846853921	2.940940296086106	[1548, 19, 132, 1108, 1086, 1112]	78578
452	0.999128455028905	0.9999904574237338	1.780457846853921	3.752824415762799	[10, 161, 1713, 174, 1086, 1112]	78847
453	0.9991419047969774	0.9999906341381092	1.780457846853921	3.5297365521895774	[1546, 677, 132, 1108, 1086, 1112]	78829
454	0.9991551470069007	0.999990807579996	1.780457846853921	3.409802677289374	[1791, 420, 158, 1115, 1086, 1112]	79772
455	0.9991681848617324	0.9999910118559961	1.780457846853921	3.3383536017876443	[2872, 241, 132, 1094, 1086, 1112]	80478
456	0.9991810215151007	0.9999911783031072	1.780457846853921	2.2790614829839417	[19, 734, 1203, 174, 1086, 1112]	79768
457	0.9991936600719664	0.9999913416678645	1.780457846853921	3.6457763131924357	[2260, 161, 3366, 793, 2372, 794]	79321
458	0.9992061035893743	0.9999915020073485	1.780457846853921	3.6022839188384888	[193, 1265, 255, 174, 1086, 1112]	81953
459	0.9992183550771927	0.9999916908516296	1.780457846853921	3.528922042863038	[2528, 3459, 1203, 174, 1086, 1112]	80124
460	0.999230417498841	0.9999919567443776	1.780457846853921	3.529057945505385	[1791, 420, 1822, 1094, 1086, 1112]	79833
461	0.999242293772007	0.9999921056935558	1.780457846853921	2.1976818767155635	[10, 734, 1203, 174, 1086, 1112]	79056
462	0.9992539867693525	0.9999923162083942	1.780457846853921	2.702639471550251	[77, 19, 132, 1108, 1086, 1096]	78350
463	0.9992654993192083	0.9999924585008314	1.780457846853921	3.5504141572377215	[10, 158, 1713, 174, 1086, 1112]	78713
464	0.9992768342062575	0.9999926260897019	1.780457846853921	2.793516874800511	[1259, 734, 1203, 174, 1086, 1112]	79035
465	0.9992879941722103	0.9999927899543751	1.780457846853921	3.0373270629232803	[846, 734, 1203, 174, 1086, 1112]	79190
466	0.9992989819164663	0.9999929501776113	1.780457846853921	4.0470847793690075	[5307, 1727, 132, 1108, 1086, 1112]	79015
467	0.9993098000967677	0.9999931068403309	1.780457846853921	3.464547836593158	[1715, 132, 217, 261, 1086, 1112]	79584
468	0.9993204513298424	0.9999932906579221	1.780457846853921	3.9010739829384757	[1580, 438, 970, 261, 1086, 1096]	78353
469	0.9993309381920361	0.9999935053568686	1.780457846853921	3.4885679563002645	[3869, 438, 2627, 261, 1086, 1096]	79525
470	0.9993412632199368	0.9999937131854488	1.780457846853921	3.673264351591776	[21, 1417, 5272, 174, 1086, 1112]	80066
471	0.9993514289109872	0.9999938808338369	1.780457846853921	3.5779691026203686	[160, 320, 836, 1089, 1086, 1112]	79080
472	0.9993614377240893	0.9999940440116012	1.780457846853921	3.3692329725658183	[1580, 301, 2627, 261, 1086, 1112]	79334
473	0.9993712920801989	0.9999942028379585	1.780457846853921	3.8933429468	[19, 1548, 255, 174, 1086, 1112]	78403
474	0.999380994362912	0.9999943101928112	1.780457846853921	3.4686455498577784	[1265, 734, 1203, 174, 1086, 1112]	81189
475	0.9993905469190398	0.9999944155596109	1.780457846853921	3.5432222043472263	[87, 1265, 255, 174, 1086, 1112]	79121
476	0.9993999520591781	0.9999945396582862	1.780457846853921	2.793516874800511	[1259, 734, 1203, 174, 1086, 1112]	78793
477	0.9994092120582648	0.9999946407757254	1.780457846853921	3.0172048542480914	[19, 132, 1713, 174, 1086, 1112]	78971
478	0.9994183291561312	0.9999947598695982	1.780457846853921	2.426484904269537	[734, 19, 132, 1108, 1086, 1112]	79107
479	0.9994273055580427	0.99999485690905	1.780457846853921	3.363125263892072	[432, 422, 19, 334, 1086, 1112]	79064
480	0.9994361434352333	0.9999950214879605	1.780457846853921	3.0466300264731196	[4118, 23, 5272, 174, 1086, 1112]	78882
481	0.9994448449254304	0.9999951542482814	1.780457846853921	3.3286916908759068	[19, 241, 132, 1094, 1086, 1112]	79242
482	0.9994534121333712	0.9999952439844244	1.780457846853921	3.626211045907998	[1580, 438, 132, 1108, 1086, 1112]	77973
483	0.9994618471313131	0.9999953496736594	1.780457846853921	3.462983623397844	[1742, 400, 19, 334, 1086, 1096]	79065
484	0.9994701519595336	0.9999954357908138	1.780457846853921	2.2790614829839417	[19, 734, 1203, 174, 1086, 1112]	79979
485	0.9994783286268247	0.9999955203132063	1.780457846853921	2.1976818767155635	[10, 734, 1203, 174, 1086, 1112]	78516
486	0.9994863791109787	0.9999956923331791	1.780457846853921	3.838061935263993	[1719, 1192, 836, 1089, 1086, 1112]	79706
487	0.999494305359266	0.9999957880591085	1.780457846853921	3.575302319672975	[1851, 159, 1713, 174, 1086, 1096]	79300
488	0.999502109288907	0.9999959003775323	1.780457846853921	3.5779691026203686	[257, 320, 836, 1089, 1086, 1096]	78219
489	0.9995097927875349	0.999996009700798	1.780457846853921	2.8070241504084494	[3621, 1720, 132, 1108, 1086, 1112]	80760
490	0.9995173577136532	0.9999961373903725	1.780457846853921	3.597226074150603	[846, 10, 158, 1115, 1086, 1112]	81247
491	0.9995248058970845	0.9999962609938806	1.780457846853921	3.260479038210432	[1726, 132, 1713, 174, 1086, 1112]	79277
492	0.9995321391394135	0.9999963806420764	1.780457846853921	3.585810503855643	[2040, 438, 2627, 261, 1086, 1112]	78612
493	0.9995393592144225	0.9999964610722525	1.780457846853921	3.334919766974785	[1715, 132, 19, 334, 1086, 1112]	78877
494	0.999546467868521	0.9999965266079515	1.780457846853921	2.1976818767155635	[10, 734, 1203, 174, 1086, 1112]	79897
495	0.9995534668211672	0.9999966037944414	1.780457846853921	2.793516874800511	[1259, 734, 1203, 174, 1086, 1096]	78846
496	0.9995603577652851	0.9999967124730194	1.780457846853921	3.834090028441395	[1535, 438, 2627, 261, 1086, 1096]	78649
497	0.9995671423676726	0.9999967733531486	1.780457846853921	3.221273652630817	[19, 132, 217, 261, 1086, 1112]	79215
498	0.999573822269406	0.9999968331058681	1.780457846853921	2.2790614829839417	[19, 734, 1203, 174, 1086, 1112]	78269
499	0.9995803990862362	0.9999969034812932	1.780457846853921	3.4686455498577784	[732, 734, 1203, 174, 1086, 1112]	79985
