0	0.015432098765432056	0.026666666666666616	2.6296491148067798	2.6296491148067798	[241, 1031, 132, 1108, 1086, 1112]	65240
1	0.030626047858558048	0.04829629629629628	2.6296491148067798	3.5247094981667253	[2387, 1663, 1546, 234, 1086, 1112]	62001
2	0.045585522428642	0.06944526748971191	2.6296491148067798	3.4885679563002645	[3869, 438, 2627, 261, 1086, 1112]	58318
3	0.06031414090968146	0.08667776253619874	2.6296491148067798	2.790120672112291	[241, 217, 132, 1108, 1086, 1112]	58395
4	0.07481546589564314	0.1035911373040469	2.6296491148067798	3.3692329725658183	[1580, 301, 2627, 261, 1086, 1112]	58399
5	0.08909300500219186	0.12351133425284588	2.6296491148067798	3.4347039664096126	[421, 438, 2627, 261, 1086, 1112]	57838
6	0.10315021171512095	0.1571684990175366	2.6296491148067798	3.8480675773813147	[1468, 3136, 836, 1089, 1086, 1112]	58416
7	0.11699048622569008	0.1727764897764711	2.6296491148067798	3.2554358471025484	[1580, 438, 2627, 261, 1086, 1112]	57815
8	0.13061717625307134	0.18809544366949937	2.6296491148067798	3.5005121038821185	[734, 10, 158, 1115, 1086, 1112]	57760
9	0.1440335778541042	0.20313071323117526	2.6296491148067798	3.528922042863038	[1892, 3459, 1203, 174, 1086, 1112]	58127
10	0.1572429362205532	0.21788755187504238	2.6296491148067798	3.6804418391159164	[545, 132, 19, 334, 1086, 1112]	58839
11	0.17024844646406312	0.2387438838250412	2.6296491148067798	3.879539149408224	[19, 23, 5272, 174, 1086, 1112]	59367
12	0.18305325438900033	0.25284121930976267	2.6296491148067798	3.56678126317036	[19, 241, 217, 261, 1086, 1112]	60825
13	0.19566045725336756	0.2767503002918503	2.6296491148067798	3.671150278463103	[2490, 390, 1078, 334, 1086, 1112]	69672
14	0.208073104517976	0.29282251584092034	2.6296491148067798	3.7379752745274795	[1718, 132, 1713, 174, 1086, 1112]	60011
15	0.22029419858405663	0.30853757104445545	2.6296491148067798	2.6743890052643993	[2004, 19, 132, 1108, 1086, 1112]	59263
16	0.2323266955194878	0.3306643687710329	2.6296491148067798	3.671150278463103	[2490, 390, 1078, 334, 1086, 1112]	106541
17	0.2441735057738167	0.34553849390945446	2.6296491148067798	3.260479038210432	[1715, 132, 1713, 174, 1086, 1112]	60617
18	0.2558374948822454	0.3600820829336888	2.6296491148067798	3.879539149408224	[1544, 156, 1713, 174, 1086, 1112]	59306
19	0.2673214841587539	0.3771465607221237	2.6296491148067798	3.3692329725658183	[1580, 301, 2627, 261, 1086, 1112]	59971
20	0.2786282513785262	0.39375598576953375	2.6296491148067798	3.9318305908166167	[734, 10, 158, 1089, 1086, 1096]	59331
21	0.28976053144984526	0.4072280749746552	2.6296491148067798	2.8070241504084494	[3621, 1720, 132, 1108, 1086, 1112]	61163
22	0.30072101707561927	0.4299905168956284	2.6296491148067798	2.892248860804172	[241, 1209, 132, 1108, 1086, 1112]	60038
23	0.31151235940469924	0.4426573942979478	2.6296491148067798	3.663877168314336	[2309, 420, 1822, 1094, 1086, 1112]	59744
24	0.32213716867314524	0.4529785536628006	2.6296491148067798	2.702639471550251	[77, 19, 132, 1108, 1086, 1112]	70035
25	0.3325980148355967	0.4631085804468228	2.6296491148067798	2.8070241504084494	[3621, 1720, 132, 1108, 1086, 1112]	61407
26	0.34289742818689917	0.47503950088133784	2.6296491148067798	3.8670757774883784	[1791, 420, 1546, 234, 1086, 1112]	61638
27	0.35303789997413837	0.4890384475245021	2.426484904269537	2.426484904269537	[734, 19, 132, 1108, 1086, 1096]	60645
28	0.3630218829992288	0.5003931486906243	2.426484904269537	3.663877168314336	[2309, 420, 1822, 1094, 1086, 1112]	69927
29	0.37285179221220366	0.5195780517809043	2.426484904269537	3.9230452781866054	[420, 2307, 1468, 1089, 1086, 1112]	188052
30	0.38253000529534864	0.5323893037334135	2.426484904269537	2.775355892909582	[241, 1720, 132, 1108, 1086, 1096]	68211
31	0.3920588632383216	0.5410487610716836	2.426484904269537	3.5253359932117423	[1849, 420, 158, 1115, 1086, 1112]	73945
32	0.40144067090439683	0.5495478580888746	2.426484904269537	3.3692329725658183	[1580, 301, 2627, 261, 1086, 1112]	64415
33	0.4106776975879709	0.5578895644205621	2.426484904269537	2.426484904269537	[734, 19, 132, 1108, 1086, 1112]	61083
34	0.4197721775634652	0.5660767947090704	2.426484904269537	3.8824796627235756	[1580, 438, 8, 174, 1086, 1112]	60847
35	0.4287263106257574	0.5776480801834951	2.426484904269537	3.671150278463103	[2490, 390, 3248, 334, 1086, 1112]	60173
36	0.43754226262227347	0.5870336784016397	2.426484904269537	3.184750484208875	[1456, 19, 132, 1108, 1086, 1112]	60036
37	0.44622216597686803	0.5946812028756834	2.426484904269537	3.236190705972595	[734, 19, 132, 1094, 1086, 1112]	67921
38	0.4547681202056201	0.6021871065261336	2.426484904269537	2.5872420769840634	[811, 3459, 1203, 174, 1086, 1096]	69817
39	0.46318219242466907	0.6212821254128792	2.426484904269537	3.069833347705165	[2607, 1587, 132, 1108, 1086, 1112]	64238
40	0.47146641785021426	0.6296980781814818	2.426484904269537	3.363125263892072	[432, 422, 19, 334, 1086, 1112]	91487
41	0.4796228002907974	0.6395727960966424	2.426484904269537	2.426484904269537	[734, 19, 132, 1108, 1086, 1112]	75387
42	0.48765331263198874	0.6462473739467045	2.2790614829839417	2.2790614829839417	[19, 734, 1203, 174, 1086, 1112]	78321
43	0.49555989731359384	0.65756745798041	2.2790614829839417	2.426484904269537	[734, 19, 132, 1108, 1086, 1112]	76640
44	0.5033444667994951	0.6666989924342657	2.2790614829839417	3.5779691026203686	[257, 320, 836, 1089, 1086, 1112]	358957
45	0.5110089040402437	0.6773646246763692	2.2790614829839417	3.879539149408224	[1456, 23, 5272, 174, 1086, 1112]	63108
46	0.5185550629285114	0.684534299683561	2.2790614829839417	3.184750484208875	[432, 19, 132, 1108, 1086, 1112]	73509
47	0.5259847687475159	0.692946718358666	2.2790614829839417	3.4393549165098385	[241, 1031, 132, 1094, 1086, 1112]	72976
48	0.5332998186125233	0.6976851949272052	2.2790614829839417	2.4577974886688256	[2872, 241, 19, 409, 4290, 794]	76248
49	0.5405019819055399	0.703283617243368	2.2790614829839417	3.5065031788170664	[811, 734, 19, 334, 1086, 1112]	63706
50	0.5475930007032939	0.7131741633352557	2.2790614829839417	3.5039302684876574	[4301, 1711, 132, 1108, 1086, 1112]	62240
51	0.5545745901986134	0.7208228523129823	2.2790614829839417	2.2790614829839417	[19, 734, 1203, 174, 1086, 1112]	62382
52	0.5614484391153014	0.7259927994923714	2.2790614829839417	3.9397218173230932	[1549, 107, 1546, 234, 1086, 1112]	69517
53	0.5682162101166085	0.7332996581725748	2.1976818767155635	2.1976818767155635	[10, 734, 1203, 174, 1086, 1112]	80506
54	0.5748795402074016	0.7418340691110525	2.1976818767155635	3.409802677289374	[1791, 420, 158, 1115, 1086, 1112]	62763
55	0.5814400411301268	0.74661491968307	2.1976818767155635	3.536331055654151	[331, 241, 132, 1094, 1086, 1112]	63730
56	0.5878992997546619	0.7513072359852354	2.1976818767155635	2.545237350214759	[811, 734, 1203, 174, 1086, 1112]	63932
57	0.5942588784621516	0.7568337418522302	2.1976818767155635	3.6483982096103746	[1715, 132, 387, 344, 1086, 1112]	65494
58	0.6005203155229208	0.7633181754028373	2.1976818767155635	3.5432222043472263	[87, 1265, 255, 174, 1086, 1112]	76571
59	0.6066851254685548	0.7685777715049965	2.1976818767155635	3.805479165215062	[421, 438, 132, 1108, 1086, 1112]	350084
60	0.6127547994582376	0.7728633683289781	2.1976818767155635	3.4607062329820666	[420, 158, 1713, 174, 1086, 1112]	71338
61	0.6187308056394376	0.7770696022488118	2.1976818767155635	2.426484904269537	[734, 19, 132, 1108, 1086, 1112]	66406
62	0.6246145895030265	0.7830144128555101	2.1976818767155635	3.5432222043472263	[87, 1265, 255, 174, 1086, 1112]	65338
63	0.630407574232918	0.7899579516441338	2.1976818767155635	3.833928826683146	[5211, 168, 132, 1108, 1086, 1112]	65208
64	0.6361111610503113	0.7938476192062796	2.1976818767155635	3.484094806967457	[2004, 19, 132, 1094, 1086, 1112]	64137
65	0.6417267295526212	0.7984287832239177	2.1976818767155635	4.0855249631418555	[318, 158, 1546, 234, 1086, 1112]	75045
66	0.6472556380471796	0.8048790621607524	2.1976818767155635	2.932900051767541	[1723, 241, 132, 1108, 1086, 1112]	65592
67	0.6526992238797849	0.8111229321716084	2.1976818767155635	2.940940296086106	[1548, 19, 132, 1108, 1086, 1112]	74473
68	0.6580588037581832	0.8161596539803655	2.1976818767155635	3.673264351591776	[21, 1417, 5272, 174, 1086, 1112]	87655
69	0.6633356740705569	0.8220425450529938	2.1976818767155635	3.544621900098326	[2309, 420, 158, 1115, 1086, 1112]	75195
70	0.6685311111990977	0.827737183611298	2.1976818767155635	3.544621900098326	[2309, 420, 158, 1115, 1086, 1112]	86283
71	0.6736463718287411	0.8309272357666443	2.1976818767155635	4.503377302930055	[382, 387, 344, 174, 1086, 1112]	77353
72	0.6786826932511372	0.8340582128820768	2.1976818767155635	3.585810503855643	[10, 438, 2627, 261, 1086, 1112]	74035
73	0.6836412936639282	0.837745808151364	2.1976818767155635	3.260479038210432	[1715, 132, 1713, 174, 1086, 1112]	67638
74	0.6885233724654107	0.842072586600661	2.1976818767155635	2.775355892909582	[241, 1720, 132, 1108, 1086, 1112]	67956
75	0.6933301105446482	0.8455820846762019	2.1976818767155635	3.575302319672975	[1851, 159, 1713, 174, 1086, 1096]	202231
76	0.6980626705671074	0.8490135939056196	2.1976818767155635	2.8070241504084494	[3621, 1720, 132, 1108, 1086, 1112]	70511
77	0.7027221972558866	0.8530398980681364	2.1976818767155635	3.4607062329820666	[420, 158, 1713, 174, 1086, 1112]	71119
78	0.7073098176686043	0.855761381437245	2.1976818767155635	2.426484904269537	[734, 19, 132, 1108, 1086, 1112]	65031
79	0.7118266414700147	0.8603770172312531	2.1976818767155635	3.490617761732537	[241, 1729, 1822, 1094, 1086, 1112]	70320
80	0.7162737612004157	0.8634797501816698	2.1976818767155635	3.0373270629232803	[846, 734, 1203, 174, 1086, 1112]	72474
81	0.7206522525399155	0.8665135335109659	2.1976818767155635	3.260479038210432	[1726, 132, 1713, 174, 1086, 1096]	76225
82	0.7249631745686205	0.8707851004386151	2.1976818767155635	3.4455895737600724	[190, 196, 1078, 334, 1086, 1096]	83415
83	0.7292075700228084	0.8742308310935853	2.1976818767155635	3.6412264034130413	[107, 10, 158, 1115, 1086, 1112]	90096
84	0.7333864655471478	0.8782554444985906	2.1976818767155635	2.5872420769840634	[811, 3459, 1203, 174, 1086, 1096]	79986
85	0.7375008719430252	0.8821512702746357	2.1976818767155635	2.6743890052643993	[2004, 19, 132, 1108, 1086, 1096]	80307
86	0.7415517844130401	0.8859224296258474	2.1976818767155635	3.597226074150603	[846, 10, 158, 1115, 1086, 1112]	76467
87	0.7455401828017278	0.8889644981691581	2.1976818767155635	4.237730469874274	[1647, 1697, 132, 1094, 1086, 1112]	84369
88	0.7494670318325654	0.8919254448846472	2.1976818767155635	2.426484904269537	[734, 19, 132, 1108, 1086, 1112]	66870
89	0.753333281341322	0.8953838306483385	2.1976818767155635	2.5286478000845856	[2872, 241, 132, 1108, 1086, 1112]	73120
90	0.7571398665058078	0.8977086344117088	2.1976818767155635	3.529057945505385	[1791, 420, 1822, 1094, 1086, 1112]	67604
91	0.7608877080720762	0.8999817758692263	2.1976818767155635	3.663877168314336	[2309, 420, 1822, 1094, 1086, 1112]	272193
92	0.7645777125771367	0.9022044030721325	2.1976818767155635	2.793516874800511	[1259, 734, 1203, 174, 1086, 1112]	65323
93	0.7682107725682302	0.9043776385594184	2.1976818767155635	3.5891433710848464	[1807, 157, 1713, 174, 1086, 1112]	65807
94	0.7717877668187205	0.9065025799247647	2.1976818767155635	3.6167299521115073	[3621, 1720, 132, 1094, 1086, 1112]	73063
95	0.7753095605406538	0.9082340136298616	2.1976818767155635	3.5123452732533087	[77, 19, 132, 1094, 1086, 1112]	67244
96	0.7787770055940388	0.9102732577714202	2.1976818767155635	3.536331055654151	[331, 241, 132, 1094, 1086, 1112]	73956
97	0.7821909406928962	0.9122671853764998	2.1976818767155635	2.793516874800511	[1259, 734, 1203, 174, 1086, 1096]	73673
98	0.7855521916081293	0.9146067270997931	2.1976818767155635	3.462983623397844	[1742, 400, 19, 334, 1086, 1112]	72493
99	0.7888615713672631	0.9168838810437986	2.1976818767155635	3.5779691026203686	[157, 320, 836, 1089, 1086, 1112]	82364
100	0.7921198804511016	0.918730905909492	2.1976818767155635	3.7426058534705993	[1723, 241, 132, 1094, 1086, 1112]	85172
101	0.79532790698735	0.9202358891333903	2.1976818767155635	3.752824415762799	[10, 161, 1713, 174, 1086, 1112]	95734
102	0.7984864269412489	0.922008424930426	2.1976818767155635	3.4885679563002645	[3869, 438, 2627, 261, 1086, 1112]	92020
103	0.8015962043032667	0.9237415710430833	2.1976818767155635	3.451071680941741	[2872, 241, 19, 334, 1086, 1112]	87780
104	0.8046579912738953	0.9261818407697046	2.1976818767155635	4.133167556076189	[3248, 1075, 1078, 334, 1086, 1112]	88797
105	0.8076725284455943	0.9275488437184137	2.1976818767155635	3.9994296453384184	[77, 19, 387, 344, 1086, 1112]	88136
106	0.8106405449819278	0.9288905317977024	2.1976818767155635	3.1589477053178707	[10, 734, 19, 334, 1086, 1112]	307586
107	0.8135627587939351	0.930786784283097	2.1976818767155635	4.134240849341694	[734, 10, 161, 1023, 1086, 1112]	69735
108	0.8164398767137817	0.9326324700355477	2.1976818767155635	3.536331055654151	[331, 241, 132, 1094, 1086, 1112]	72289
109	0.8192725946657295	0.9338800168867413	2.1976818767155635	3.3692329725658183	[1580, 301, 2627, 261, 1086, 1112]	80534
110	0.8220615978344683	0.9353493498448138	2.1976818767155635	4.006041343635259	[3540, 359, 158, 1115, 1086, 1112]	72416
111	0.8248075608308499	0.9370733671822853	2.1976818767155635	3.954121280714989	[158, 10, 232, 1023, 1086, 1112]	80874
112	0.8275111478550652	0.9382386751974282	2.1976818767155635	2.426484904269537	[734, 19, 132, 1108, 1086, 1112]	77802
113	0.8301730128573019	0.9402150375911105	2.1976818767155635	3.0466300264731196	[4118, 23, 5272, 174, 1086, 1112]	81061
114	0.8327937996959238	0.941543592311308	2.1976818767155635	3.6721450672688247	[1792, 496, 217, 261, 1086, 1096]	87798
115	0.8353741422932088	0.942842623593279	2.1976818767155635	2.5286478000845856	[2872, 241, 132, 1108, 1086, 1112]	76326
116	0.837914664788684	0.9441127875134283	2.1976818767155635	3.184750484208875	[432, 19, 132, 1108, 1086, 1112]	78842
117	0.8404159816900932	0.9456031131797369	2.1976818767155635	3.934145955231739	[1849, 420, 1582, 1087, 1086, 1112]	74978
118	0.8428786980220363	0.9466104629356678	2.1976818767155635	3.770768306464354	[318, 158, 1713, 174, 1086, 1112]	75420
119	0.8453034094723135	0.9475991580664886	2.1976818767155635	3.770768306464354	[10, 159, 1713, 174, 1086, 1112]	66895
120	0.8476907025360123	0.9487636212205667	2.1976818767155635	3.6483982096103746	[1726, 132, 387, 344, 1086, 1112]	67383
121	0.8500411546573702	0.9497124430498155	2.1976818767155635	3.1589477053178707	[10, 734, 19, 334, 1086, 1112]	66270
122	0.8523553343694478	0.9510534445684871	2.1976818767155635	3.5005121038821185	[734, 10, 158, 1115, 1086, 1112]	208351
123	0.8546338014316477	0.9519598622616632	2.1976818767155635	2.1976818767155635	[10, 734, 1203, 174, 1086, 1112]	65359
124	0.8568771069651099	0.95349714666929	2.1976818767155635	3.7572808301688063	[1917, 10, 158, 1115, 1086, 1112]	63662
125	0.8590857935860187	0.9543583106198587	2.1976818767155635	3.758359653125659	[107, 420, 158, 1115, 1086, 1112]	63316
126	0.8612603955368516	0.9555754223366625	2.1976818767155635	3.990773255684716	[1580, 438, 2267, 261, 1086, 1112]	63475
127	0.8634014388156039	0.9563980997007984	2.1976818767155635	3.4607062329820666	[420, 158, 1713, 174, 1086, 1112]	66631
128	0.8655094413030175	0.9575608170421104	2.1976818767155635	3.462983623397844	[1742, 400, 19, 334, 1086, 1096]	72989
129	0.8675849128878474	0.9585039099967302	2.1976818767155635	3.184750484208875	[1456, 19, 132, 1108, 1086, 1112]	84835
130	0.8696283555901955	0.9594260453301362	2.1976818767155635	3.213233408312252	[241, 132, 217, 261, 1086, 1112]	71478
131	0.8716402636829393	0.9601774148610596	2.1976818767155635	2.2790614829839417	[19, 734, 1203, 174, 1086, 1112]	82579
132	0.8736211238112891	0.9612393504647646	2.1976818767155635	2.518985889172849	[19, 241, 132, 1108, 1086, 1112]	85153
133	0.8755714151104975	0.9627277594069177	2.1976818767155635	2.961062504761295	[241, 1587, 132, 1108, 1086, 1112]	103639
134	0.8774916093217553	0.9634179860845673	2.1976818767155635	3.5605912733082006	[241, 19, 1987, 334, 1086, 1112]	94683
135	0.8793821709062961	0.9642309197271325	2.1976818767155635	3.5644935086479057	[1414, 3251, 3248, 334, 1086, 1096]	92652
136	0.8812435571577422	0.9651847618677423	2.1976818767155635	3.5644935086479057	[1414, 3251, 3248, 334, 1086, 1112]	100690
137	0.8830762183127152	0.9662988494879746	2.1976818767155635	3.6060011103515626	[3179, 843, 3094, 174, 1086, 1112]	349110
138	0.8848805976597413	0.967197546834962	2.1976818767155635	2.518985889172849	[19, 241, 132, 1108, 1086, 1112]	73309
139	0.8866571316464736	0.968072278919363	2.1976818767155635	2.702639471550251	[77, 19, 132, 1108, 1086, 1096]	64386
140	0.8884062499852626	0.9686635330134488	2.1976818767155635	3.8541227312790616	[119, 123, 19, 334, 1086, 1112]	68101
141	0.890128375757095	0.9696662999570185	2.1976818767155635	3.0466300264731196	[4118, 23, 5272, 174, 1086, 1096]	71656
142	0.89182392551393	0.9704751986248312	2.1976818767155635	2.1976818767155635	[10, 734, 1203, 174, 1086, 1112]	75022
143	0.8934933093794557	0.9712625266615025	2.1976818767155635	3.5779691026203686	[160, 320, 836, 1089, 1086, 1112]	65629
144	0.8951369311482913	0.9721821258083344	2.1976818767155635	2.932900051767541	[4015, 241, 132, 1108, 1086, 1112]	73955
145	0.8967551883836571	0.9726972716266985	2.1976818767155635	2.7266252539510933	[331, 241, 132, 1108, 1086, 1112]	76322
146	0.898348472513539	0.9735709589346442	2.1976818767155635	3.732624610913075	[1582, 420, 1822, 1094, 1086, 1112]	87701
147	0.8999171689253671	0.9742757333630536	2.1976818767155635	3.0172048542480914	[19, 132, 1713, 174, 1086, 1096]	90654
148	0.9014616570592349	0.9750989098954359	2.1976818767155635	3.9419056929468645	[846, 10, 232, 1023, 1086, 1112]	78379
149	0.9029823104996788	0.9756522674533151	2.1976818767155635	3.879539149408224	[2153, 158, 1713, 174, 1086, 1112]	79845
150	0.9044794970660417	0.9764313948948091	2.1976818767155635	3.0466300264731196	[4118, 23, 5272, 174, 1086, 1112]	71630
151	0.9059535789014423	0.9768678505449052	2.1976818767155635	3.5605912733082006	[241, 19, 1987, 334, 1086, 1112]	74596
152	0.9074049125603707	0.9772962236829625	2.1976818767155635	3.926571328946758	[734, 19, 422, 636, 1086, 1096]	74929
153	0.9088338490949328	0.9780227445251077	2.1976818767155635	3.834090028441395	[3820, 438, 2627, 261, 1086, 1112]	396882
154	0.9102407341397641	0.9786088046711049	2.1976818767155635	3.585810503855643	[10, 438, 2627, 261, 1086, 1112]	64362
155	0.9116259079956319	0.9792933229216295	2.1976818767155635	4.306131830032578	[1794, 107, 1546, 234, 1086, 1112]	64978
156	0.9129897057117488	0.9799559365881374	2.1976818767155635	2.932900051767541	[1723, 241, 132, 1108, 1086, 1112]	66073
157	0.9143324571668143	0.9804013602195121	2.1976818767155635	4.0289907423309	[279, 2558, 255, 174, 1086, 1112]	67175
158	0.9156544871488079	0.9810285166924877	2.1976818767155635	3.879539149408224	[1456, 23, 5272, 174, 1086, 1112]	65968
159	0.9169561154335486	0.9814501052104324	2.1976818767155635	2.545237350214759	[811, 734, 1203, 174, 1086, 1112]	67930
160	0.9182376568620432	0.981862325094645	2.1976818767155635	2.339711906695273	[2405, 1743, 1742, 400, 19, 794]	74668
161	0.9194994214166413	0.9823459964254545	2.1976818767155635	3.4393549165098385	[241, 1031, 132, 1094, 1086, 1112]	86503
162	0.9207417142960141	0.982816769854109	2.1976818767155635	3.6412264034130413	[107, 10, 158, 1115, 1086, 1112]	82376
163	0.9219648359889768	0.9832749893246662	2.1976818767155635	2.545237350214759	[811, 734, 1203, 174, 1086, 1112]	90751
164	0.9231690823471717	0.9837209896093417	2.1976818767155635	4.130740653517591	[107, 162, 420, 458, 1086, 1112]	79447
165	0.9243547446566289	0.9841550965530925	2.1976818767155635	3.8480675773813147	[1468, 3136, 836, 1089, 1086, 1112]	89496
166	0.9255221097082241	0.9846621334633936	2.1976818767155635	2.5286478000845856	[2872, 241, 132, 1108, 1086, 1112]	89331
167	0.9266714598670478	0.9849461680288863	2.1976818767155635	3.775462889659569	[420, 158, 1546, 234, 1086, 1112]	77410
168	0.9278030731407044	0.985224942695018	2.0227224396149093	2.0227224396149093	[2654, 232, 10, 734, 19, 794]	476876
169	0.9289172232465578	0.9855532773017954	2.0227224396149093	3.5247094981667253	[2387, 1663, 1546, 234, 1086, 1112]	69212
170	0.9300141796779381	0.9858743155839778	2.0227224396149093	3.17671023989031	[2072, 241, 132, 1108, 1086, 1112]	68891
171	0.9310942077693279	0.9863451717311785	2.0227224396149093	3.4225800030903457	[4196, 1663, 1546, 234, 1086, 1112]	64237
172	0.932157568760542	0.9868003326734726	2.0227224396149093	3.069833347705165	[2607, 1587, 132, 1108, 1086, 1096]	64230
173	0.9332045198599164	0.98715232380218	2.0227224396149093	3.0172048542480914	[19, 132, 1713, 174, 1086, 1112]	67620
174	0.9342353143065225	0.9875634494405102	2.0227224396149093	3.810069908734289	[1723, 132, 217, 261, 1086, 1112]	65721
175	0.9352502014314219	0.9877937559323526	2.0227224396149093	2.723312616127263	[107, 734, 1203, 174, 1086, 1096]	70806
176	0.936249426717974	0.9881192557741565	2.0227224396149093	4.128698219613206	[2796, 1879, 836, 1089, 1086, 1112]	68120
177	0.9372332318612151	0.988436075620179	2.0227224396149093	2.8070241504084494	[3621, 1720, 132, 1108, 1086, 1112]	73326
178	0.9382018548263199	0.9888061212003333	2.0227224396149093	4.028544561085101	[846, 10, 158, 1089, 1086, 1112]	72485
179	0.9391555299061606	0.989013415252179	2.0227224396149093	3.6178645301457264	[10, 301, 2627, 261, 1086, 1112]	72377
180	0.9400944877779791	0.9892168705252867	2.0227224396149093	3.2554358471025484	[1580, 438, 2627, 261, 1086, 1112]	74734
181	0.9410189555591831	0.9894165581081519	2.0227224396149093	3.775462889659569	[420, 158, 1546, 234, 1086, 1112]	87463
182	0.9419291568622822	0.9896987832252677	2.0227224396149093	3.1589477053178707	[10, 734, 19, 334, 1086, 1112]	69102
183	0.9428253118489753	0.989889546498874	2.0227224396149093	3.8484313860605868	[19, 241, 132, 261, 1086, 1112]	522327
184	0.9437076372834047	0.9901142232433434	2.0227224396149093	3.5891433710848464	[1807, 157, 1713, 174, 1086, 1112]	82050
185	0.9445763465845868	0.9902972931832815	2.0227224396149093	3.1589477053178707	[10, 734, 19, 334, 1086, 1112]	78295
186	0.9454316498780345	0.9904769729391466	2.0227224396149093	3.528922042863038	[1892, 3459, 1203, 174, 1086, 1112]	71026
187	0.9462737540465833	0.9906533252921254	2.0227224396149093	3.9547918965890094	[241, 19, 3308, 334, 1086, 1112]	71769
188	0.9471028627804323	0.9907975640993457	2.0227224396149093	2.224750398404259	[734, 19, 241, 132, 393, 794]	67696
189	0.9479191766264133	0.9909679795789874	2.0227224396149093	2.892248860804172	[241, 1209, 132, 1108, 1086, 1112]	82017
190	0.9487228930364995	0.9911686911438988	2.0227224396149093	3.855323932624696	[1723, 241, 19, 334, 1086, 1096]	86801
191	0.9495142064155659	0.9913649424518122	2.0227224396149093	3.6483982096103746	[1715, 132, 387, 344, 1086, 1112]	81495
192	0.9502933081684121	0.9915248509249268	2.0227224396149093	4.202491060728659	[1535, 496, 3366, 150, 1086, 1112]	90355
193	0.9510603867460601	0.991750854900262	2.0227224396149093	3.409802677289374	[1791, 420, 158, 1115, 1086, 1112]	84059
194	0.9518156276913369	0.9919708321029217	2.0227224396149093	3.5005121038821185	[734, 10, 158, 1115, 1086, 1112]	85501
195	0.9525592136837545	0.9921849432468438	2.0227224396149093	2.5872420769840634	[811, 3459, 1203, 174, 1086, 1112]	76439
196	0.9532913245836966	0.9923296665200504	2.0227224396149093	3.4051240256480337	[19, 132, 387, 344, 1086, 1112]	74728
197	0.9540121374759235	0.9925342087461824	2.0227224396149093	3.4686455498577784	[732, 734, 1203, 174, 1086, 1112]	162863
198	0.9547218267124061	0.9927001152184894	2.0227224396149093	3.6022839188384888	[193, 1265, 255, 174, 1086, 1112]	76937
199	0.9554205639544987	0.9929921106097499	2.0227224396149093	3.866616265254481	[4345, 1402, 1078, 334, 1086, 1112]	68577
200	0.9561085182144601	0.9932163630702379	2.0227224396149093	2.7751196038897037	[1819, 241, 132, 1108, 1086, 1112]	74838
201	0.9567858558963357	0.9934334394519903	2.0227224396149093	3.703061766034991	[2357, 438, 2627, 261, 1086, 1096]	72902
202	0.9574527408362071	0.9936435693895266	2.0227224396149093	3.8093348907349753	[2003, 1417, 5272, 174, 1086, 1112]	70756
203	0.9581093343418212	0.9938469751690617	2.0227224396149093	3.663877168314336	[2309, 420, 1822, 1094, 1086, 1112]	85098
204	0.9587557952316079	0.9939609200733384	2.0227224396149093	3.3692329725658183	[1580, 301, 2627, 261, 1086, 1096]	79286
205	0.9593922798730954	0.9940951218494865	2.0227224396149093	3.8276748976068466	[3618, 1720, 132, 1108, 1086, 1112]	86688
206	0.9600189422207328	0.9942840779503028	2.0227224396149093	3.204410474350957	[5032, 23, 5272, 174, 1086, 1112]	80344
207	0.960635933853129	0.9944110984402961	2.0227224396149093	3.334919766974785	[1715, 132, 19, 334, 1086, 1112]	64331
208	0.9612434040097164	0.994535296252734	2.0227224396149093	3.4714239837057717	[1586, 1587, 132, 1108, 1086, 1112]	71852
209	0.9618414996268504	0.9946567341137843	2.0227224396149093	3.575302319672975	[1851, 159, 1713, 174, 1086, 1112]	67674
210	0.9624303653733497	0.9947992212040834	2.0227224396149093	3.843804425147278	[1549, 107, 836, 1089, 1086, 1112]	63050
211	0.9630101436854893	0.9949379086386412	2.0227224396149093	2.9611430034036257	[781, 19, 132, 1108, 1086, 1112]	63571
212	0.963580974801454	0.9950503995577825	2.0227224396149093	3.334919766974785	[1726, 132, 19, 334, 1086, 1096]	64200
213	0.9641429967952587	0.9951823889029083	2.0227224396149093	3.5492810816234277	[158, 420, 1822, 1094, 1086, 1096]	158435
214	0.9646963456101467	0.9952716039232248	2.0227224396149093	3.0836053386938795	[241, 132, 19, 334, 1086, 1096]	62553
215	0.9652411550914716	0.9954229125976817	2.0227224396149093	3.428024668171216	[321, 1398, 132, 1108, 1086, 1112]	62789
216	0.9657775570190723	0.9955076734755023	2.0227224396149093	3.0091646099295257	[241, 132, 1713, 174, 1086, 1096]	63859
217	0.9663056811391484	0.9956274688494889	2.0227224396149093	3.5069954494906392	[542, 269, 132, 1108, 1086, 1112]	63335
218	0.966825655195643	0.9957246362083891	2.0227224396149093	3.6022839188384888	[193, 1265, 255, 174, 1086, 1112]	63652
219	0.9673376049611423	0.9958196442926472	2.0227224396149093	3.3802769052980004	[1515, 1031, 132, 1108, 1086, 1112]	63017
220	0.9678416542672975	0.9958970582872279	2.0227224396149093	2.702639471550251	[77, 19, 132, 1108, 1086, 1112]	63269
221	0.9683379250347776	0.9960064700662351	2.0227224396149093	3.6845784447295697	[107, 734, 19, 334, 1086, 1112]	65843
222	0.9688265373027594	0.9961129641978022	2.0227224396149093	3.184750484208875	[432, 19, 132, 1108, 1086, 1112]	69170
223	0.9693076092579637	0.9961993427711843	2.0227224396149093	3.4885679563002645	[3869, 438, 2627, 261, 1086, 1112]	72521
224	0.969781257263242	0.9963006936306193	2.0227224396149093	2.2790614829839417	[19, 734, 1203, 174, 1086, 1096]	76524
225	0.9702475958857228	0.9963993418004695	2.0227224396149093	3.866616265254481	[2707, 1402, 1078, 334, 1086, 1112]	81941
226	0.9707067379245234	0.9965145628628546	2.0227224396149093	3.4455895737600724	[190, 196, 1078, 334, 1086, 1096]	88418
227	0.9711587944380339	0.9966075078531784	2.0227224396149093	3.1589477053178707	[10, 734, 19, 334, 1086, 1112]	86077
228	0.9716038747707803	0.9966703317818233	2.0227224396149093	2.545237350214759	[811, 734, 1203, 174, 1086, 1096]	87019
229	0.9720420865798731	0.9967443244088938	2.0227224396149093	4.224505613887821	[2072, 241, 217, 261, 1086, 1112]	479604
230	0.9724735358610479	0.9968311424246566	2.0227224396149093	3.4714239837057717	[396, 1728, 132, 1108, 1086, 1112]	65646
231	0.9728983269743033	0.9968898249723482	2.0227224396149093	2.870736037412858	[3, 19, 132, 1108, 1086, 1112]	70885
232	0.9733165626691443	0.9969727629730856	2.0227224396149093	2.426484904269537	[734, 19, 132, 1108, 1086, 1112]	73728
233	0.9737283441094353	0.997040034907017	2.0227224396149093	3.5673687331398343	[2297, 400, 19, 334, 1086, 1112]	80431
234	0.97413377089787	0.9971058119090833	2.0227224396149093	3.9854341029169698	[421, 438, 3366, 150, 1086, 1112]	70760
235	0.9745329411000634	0.9971829902581745	2.0227224396149093	2.892248860804172	[241, 1209, 132, 1108, 1086, 1112]	80854
236	0.9749259512682722	0.9972455904746594	2.0227224396149093	3.5247094981667253	[2387, 1663, 1546, 234, 1086, 1112]	72807
237	0.9753128964647495	0.997296598058462	2.0227224396149093	3.5065031788170664	[811, 734, 19, 334, 1086, 1112]	72397
238	0.975693870284738	0.9973686887769031	2.0227224396149093	2.7770301541263196	[2872, 241, 1587, 132, 393, 794]	92381
239	0.9760689648791093	0.9974563991510063	2.0227224396149093	3.9714357928126214	[1813, 1666, 1546, 234, 1086, 1112]	75423
240	0.9764382709766539	0.997537794378174	2.0227224396149093	3.7379752745274795	[1718, 132, 1713, 174, 1086, 1096]	80600
241	0.9768018779060265	0.9975925100586591	2.0227224396149093	2.5286478000845856	[2872, 241, 132, 1108, 1086, 1112]	88229
242	0.9771598736173532	0.997669549736782	2.0227224396149093	3.409802677289374	[1791, 420, 158, 1115, 1086, 1112]	85924
243	0.9775123447035052	0.9977127062231379	2.0227224396149093	2.1976818767155635	[10, 734, 1203, 174, 1086, 1112]	98116
244	0.9778593764210437	0.997755063515302	2.0227224396149093	3.6425874947946353	[119, 409, 19, 334, 1086, 1112]	378188
245	0.9782010527108425	0.9978269014828124	2.0227224396149093	3.316188644224363	[2627, 261, 132, 1108, 1086, 1112]	65097
246	0.9785374562183912	0.997884850776604	2.0227224396149093	2.892248860804172	[241, 1209, 132, 1108, 1086, 1112]	76723
247	0.9788686683137864	0.9979412547558946	2.0227224396149093	2.8070241504084494	[3621, 1720, 132, 1108, 1086, 1112]	65826
248	0.9791947691114131	0.9979793796678225	2.0227224396149093	3.703061766034991	[2357, 438, 2627, 261, 1086, 1112]	72389
249	0.9795158374893234	0.9980332628766805	2.0227224396149093	3.5432222043472263	[87, 1265, 255, 174, 1086, 1112]	64441
250	0.9798319511083153	0.9980696839345198	2.0227224396149093	2.518985889172849	[19, 241, 132, 1108, 1086, 1096]	63615
251	0.9801431864307178	0.998105430528325	2.0227224396149093	2.8328184770704468	[2267, 261, 217, 132, 393, 794]	63390
252	0.9804496187388858	0.9981559523809029	2.0227224396149093	3.3286916908759068	[19, 241, 132, 1094, 1086, 1112]	67717
253	0.9807513221534092	0.9981969312168829	2.0227224396149093	3.3383536017876443	[2872, 241, 132, 1094, 1086, 1096]	79293
254	0.9810483696510417	0.9982450130510994	2.0227224396149093	2.702639471550251	[77, 19, 132, 1108, 1086, 1112]	71943
255	0.9813408330823528	0.9982775128094123	2.0227224396149093	2.1976818767155635	[10, 734, 1203, 174, 1086, 1112]	76676
256	0.9816287831891066	0.9983234458011613	2.0227224396149093	2.2790614829839417	[19, 734, 1203, 174, 1086, 1112]	75948
257	0.9819122896213734	0.9983681539131304	2.0227224396149093	3.409802677289374	[1791, 420, 158, 1115, 1086, 1112]	77521
258	0.982191420954377	0.9984308168028662	2.0227224396149093	3.884888031490436	[1551, 1879, 836, 1089, 1086, 1112]	75248
259	0.982466244705081	0.9984726616881231	2.0227224396149093	3.2554358471025484	[1580, 438, 2627, 261, 1086, 1096]	397829
260	0.9827368273485212	0.9985133907097731	2.0227224396149093	3.5779691026203686	[157, 320, 836, 1089, 1086, 1112]	64457
261	0.9830032343338835	0.9985409205114439	2.0227224396149093	3.810069908734289	[545, 132, 217, 261, 1086, 1112]	66440
262	0.9832655301003359	0.9985798292978054	2.0227224396149093	3.8929202031877006	[1196, 2558, 255, 174, 1086, 1112]	63629
263	0.9835237780926147	0.9986177005165306	2.0227224396149093	3.5253359932117423	[1849, 420, 158, 1115, 1086, 1112]	72040
264	0.9837780407763707	0.99864841828283	2.0227224396149093	2.793516874800511	[1259, 734, 1203, 174, 1086, 1112]	72495
265	0.9840283796532785	0.9986844604619545	2.0227224396149093	2.702639471550251	[77, 19, 132, 1108, 1086, 1112]	78209
266	0.9842748552759131	0.9987088223052516	2.0227224396149093	3.6022839188384888	[193, 1265, 255, 174, 1086, 1112]	89220
267	0.9845175272623958	0.9987501399914837	2.0227224396149093	3.5247094981667253	[2387, 1663, 1546, 234, 1086, 1112]	99435
268	0.9847564543108157	0.9987732855471969	2.0227224396149093	3.6425874947946353	[119, 409, 19, 334, 1086, 1112]	99066
269	0.9849916942134266	0.9988005458683703	2.0227224396149093	3.363125263892072	[432, 422, 19, 334, 1086, 1112]	98857
270	0.9852233038706267	0.9988389284005824	2.0227224396149093	3.5779691026203686	[257, 320, 836, 1089, 1086, 1112]	103743
271	0.9854513393047221	0.9988698903099003	2.0227224396149093	3.363125263892072	[432, 422, 19, 334, 1086, 1112]	88121
272	0.9856758556734764	0.9988950038585691	2.0227224396149093	3.5253359932117423	[1849, 420, 158, 1115, 1086, 1112]	94920
273	0.9858969072834536	0.9989195593283787	2.0227224396149093	3.069833347705165	[2607, 1587, 132, 1108, 1086, 1096]	83000
274	0.9861145476031533	0.9989483710796219	2.0227224396149093	2.2790614829839417	[19, 734, 1203, 174, 1086, 1112]	335988
275	0.9863288292759441	0.9989887536301645	2.0227224396149093	3.838061935263993	[1719, 1192, 836, 1089, 1086, 1112]	73456
276	0.9865398041327968	0.9990211135139991	2.0227224396149093	3.260479038210432	[1715, 132, 1713, 174, 1086, 1112]	73648
277	0.9867475232048216	0.9990472171536259	2.0227224396149093	2.2790614829839417	[19, 734, 1203, 174, 1086, 1112]	74363
278	0.9869520367356114	0.9990777062047098	2.0227224396149093	3.0466300264731196	[4118, 23, 5272, 174, 1086, 1112]	73779
279	0.9871533941933952	0.9990982016223829	2.0227224396149093	3.451071680941741	[2872, 241, 19, 334, 1086, 1096]	72056
280	0.9873516442830033	0.9991149015923388	2.0227224396149093	3.32346175437313	[2040, 545, 132, 1108, 1086, 1112]	71497
281	0.9875468349576483	0.9991312923035918	2.0227224396149093	3.462983623397844	[1742, 400, 19, 334, 1086, 1112]	80200
282	0.9877390134305241	0.9991473794831549	2.0227224396149093	2.702639471550251	[77, 19, 132, 1108, 1086, 1112]	87974
283	0.9879282261862259	0.9991663266057514	2.0227224396149093	3.5891433710848464	[1807, 157, 1713, 174, 1086, 1112]	87777
284	0.988114518991994	0.9991885578962648	2.0227224396149093	3.5779691026203686	[257, 320, 836, 1089, 1086, 1096]	79142
285	0.9882979369087842	0.9992035846018895	2.0227224396149093	3.397083781329468	[241, 132, 387, 344, 1086, 1112]	75867
286	0.9884785243021672	0.9992212827218475	2.0227224396149093	3.5764431740820974	[2872, 241, 217, 261, 1086, 1112]	76226
287	0.9886563248530597	0.9992511854653285	2.0227224396149093	2.8070241504084494	[3621, 1720, 132, 1108, 1086, 1096]	77240
288	0.9888313815682902	0.9992650524011558	2.0227224396149093	4.0301159888233675	[1580, 438, 240, 234, 1086, 1112]	73673
289	0.9890037367910018	0.9992846510037917	2.0227224396149093	3.6804418391159164	[19, 132, 1729, 1094, 1086, 1112]	256040
290	0.9891734322108937	0.9993075421716703	2.0227224396149093	3.0466300264731196	[4118, 23, 5272, 174, 1086, 1112]	68067
291	0.9893405088743059	0.9993203654647875	2.0227224396149093	3.5504141572377215	[10, 158, 1713, 174, 1086, 1096]	61128
292	0.9895050071941468	0.9993329512895137	2.0227224396149093	3.184750484208875	[813, 19, 132, 1108, 1086, 1112]	67240
293	0.9896669669596693	0.9993453040434116	2.0227224396149093	3.5005121038821185	[734, 10, 158, 1115, 1086, 1112]	71555
294	0.9898264273460942	0.9993574280426076	2.0227224396149093	3.5005121038821185	[734, 10, 158, 1115, 1086, 1112]	74308
295	0.9899834269240865	0.9993821028057716	2.0227224396149093	3.773546740312346	[2015, 1723, 132, 1108, 1086, 1112]	70024
296	0.9901380036690851	0.9993985800642843	2.0227224396149093	3.575302319672975	[1851, 159, 1713, 174, 1086, 1112]	85535
297	0.9902901949704882	0.9994097174705012	2.0227224396149093	3.213233408312252	[241, 132, 217, 261, 1086, 1112]	72644
298	0.9904400376406967	0.9994254583379546	2.0227224396149093	3.4686455498577784	[1265, 734, 1203, 174, 1086, 1112]	74161
299	0.9905875679240193	0.99944384367114	2.0227224396149093	3.6060011103515626	[3179, 843, 3094, 174, 1086, 1112]	75511
300	0.9907328215054387	0.9994541428624152	2.0227224396149093	3.4051240256480337	[19, 132, 387, 344, 1086, 1096]	69291
301	0.9908758335192437	0.9994716102908179	2.0227224396149093	3.5995927639097713	[300, 301, 2627, 261, 1086, 1112]	74100
302	0.991016638557527	0.9994813952854323	2.0227224396149093	2.538262315828314	[1715, 132, 1720, 241, 19, 794]	71029
303	0.9911552706785528	0.9994952247444875	2.0227224396149093	2.9611430034036257	[781, 19, 132, 1108, 1086, 1112]	68549
304	0.9912917634149948	0.9995064419723878	2.0227224396149093	3.260479038210432	[1726, 132, 1713, 174, 1086, 1096]	63270
305	0.9914261497820474	0.9995196035197907	2.0227224396149093	3.6842932849867926	[19, 387, 344, 174, 1086, 1112]	187398
306	0.9915584622854109	0.9995284997509057	2.0227224396149093	3.2554358471025484	[1580, 438, 2627, 261, 1086, 1112]	68378
307	0.9916887329291545	0.9995410730908816	2.0227224396149093	3.4051240256480337	[19, 132, 387, 344, 1086, 1096]	66277
308	0.9918169932234577	0.9995481552962693	2.0227224396149093	2.687167646843001	[677, 132, 19, 409, 4290, 794]	62978
309	0.9919432741922315	0.9995581962896855	2.0227224396149093	2.7751196038897037	[1819, 241, 132, 1108, 1086, 1112]	68348
310	0.992067606380623	0.9995680141499147	2.0227224396149093	3.671150278463103	[2490, 390, 3248, 334, 1086, 1112]	67267
311	0.9921900198624035	0.9995760138878792	2.0227224396149093	2.5872420769840634	[811, 3459, 1203, 174, 1086, 1112]	71747
312	0.992310544247243	0.9995838654825482	2.0227224396149093	3.0172048542480914	[19, 132, 1713, 174, 1086, 1112]	65323
313	0.9924292086878719	0.9995915716773158	2.0227224396149093	2.518985889172849	[19, 241, 132, 1108, 1086, 1112]	64594
314	0.9925460418871331	0.999602463099254	2.0227224396149093	4.003300750436941	[320, 232, 193, 1115, 1086, 1112]	64609
315	0.9926610721049243	0.9996130640832739	2.0227224396149093	2.426484904269537	[734, 19, 132, 1108, 1086, 1112]	63812
316	0.9927743271650334	0.9996233823743866	2.0227224396149093	3.3802769052980004	[1515, 1031, 132, 1108, 1086, 1112]	70017
317	0.9928858344618694	0.9996378444912102	2.0227224396149093	3.7538597690840323	[420, 1879, 836, 1089, 1086, 1112]	71079
318	0.9929956209670875	0.9996475019714446	2.0227224396149093	2.6296491148067798	[241, 1031, 132, 1108, 1086, 1112]	68467
319	0.9931037132361139	0.9996540297127141	2.0227224396149093	2.8070241504084494	[3621, 1720, 132, 1108, 1086, 1112]	71635
320	0.9932101374145689	0.9996617179413204	2.0227224396149093	3.451071680941741	[2872, 241, 19, 334, 1086, 1112]	462346
321	0.993314919244591	0.9996692353204022	2.0227224396149093	3.363125263892072	[432, 422, 19, 334, 1086, 1112]	85751
322	0.9934180840710634	0.9996780557118582	2.0227224396149093	3.4714239837057717	[396, 1728, 132, 1108, 1086, 1112]	77465
323	0.9935196568477445	0.9996840176431201	2.0227224396149093	2.2790614829839417	[19, 734, 1203, 174, 1086, 1112]	70467
324	0.993619662143304	0.9996961513656243	2.0227224396149093	3.5644935086479057	[1414, 3251, 3248, 334, 1086, 1112]	73986
325	0.9937181241472653	0.9997042539958743	2.0227224396149093	3.841121164223872	[1791, 420, 158, 1089, 1086, 1096]	76777
326	0.993815066675857	0.9997137178680063	2.0227224396149093	3.575302319672975	[1851, 159, 1713, 174, 1086, 1112]	79717
327	0.9939105131777727	0.9997213520581928	2.0227224396149093	3.3692329725658183	[1580, 301, 2627, 261, 1086, 1112]	85221
328	0.9940044867398441	0.9997302687923306	2.0227224396149093	3.6060011103515626	[2040, 1451, 1713, 174, 1086, 1112]	75123
329	0.9940970100926243	0.999738900190976	2.0227224396149093	3.6060011103515626	[3180, 843, 3094, 174, 1086, 1096]	89399
330	0.9941881056158863	0.9997472553848648	2.0227224396149093	3.4714239837057717	[2146, 1728, 132, 1108, 1086, 1112]	84511
331	0.9942777953440362	0.9997539952412684	2.0227224396149093	2.7266252539510933	[331, 241, 132, 1108, 1086, 1112]	93465
332	0.9943661009714431	0.9997585508849486	2.0227224396149093	3.1589477053178707	[10, 734, 19, 334, 1086, 1112]	102074
333	0.9944530438576862	0.9997662772566303	2.0227224396149093	3.0373270629232803	[846, 734, 1203, 174, 1086, 1112]	95118
334	0.9945386450327219	0.9997725098631202	2.0227224396149093	3.626211045907998	[1580, 438, 132, 1108, 1086, 1112]	104085
335	0.99462292520197	0.9997775651994952	2.0227224396149093	3.5891433710848464	[1807, 157, 1713, 174, 1086, 1112]	84088
336	0.9947059047513224	0.9997816843624675	2.0227224396149093	3.1589477053178707	[10, 734, 19, 334, 1086, 1096]	242073
337	0.9947876037520735	0.9997889615503853	2.0227224396149093	3.5039302684876574	[4301, 1711, 132, 1108, 1086, 1112]	74888
338	0.994868041965776	0.9997928696698226	2.0227224396149093	3.56678126317036	[19, 241, 217, 261, 1086, 1112]	71492
339	0.9949472388490203	0.9997967054166778	2.0227224396149093	3.0836053386938795	[241, 132, 19, 334, 1086, 1112]	85886
340	0.9950252135581403	0.9998012230740849	2.0227224396149093	3.4669248454207757	[3819, 438, 2627, 261, 1086, 1112]	73995
341	0.995101984953848	0.9998056403391052	2.0227224396149093	3.8670757774883784	[1791, 420, 1546, 234, 1086, 1112]	73366
342	0.9951775716057949	0.9998108232633958	2.0227224396149093	3.5123452732533087	[77, 19, 132, 1094, 1086, 1112]	81702
343	0.9952519917970635	0.999817129154616	2.0227224396149093	3.4225800030903457	[4196, 1663, 1546, 234, 1086, 1096]	78770
344	0.9953252635285903	0.9998220057104928	2.0227224396149093	2.1976818767155635	[10, 734, 1203, 174, 1086, 1112]	75932
345	0.9953974045235194	0.9998267522248797	2.0227224396149093	3.673264351591776	[21, 1417, 5272, 174, 1086, 1112]	77375
346	0.9954684322314897	0.9998322961536835	2.0227224396149093	3.7426058534705993	[4015, 241, 132, 1094, 1086, 1112]	67516
347	0.9955383638328557	0.999836768256252	2.0227224396149093	2.870736037412858	[3, 19, 132, 1108, 1086, 1112]	68333
348	0.9956072162428424	0.9998397910663214	2.0227224396149093	3.6167299521115073	[3621, 1720, 132, 1094, 1086, 1112]	72451
349	0.9956750061156381	0.9998433512648476	2.0227224396149093	3.137232159903263	[241, 1031, 132, 1728, 4776, 794]	67291
350	0.9957417498484215	0.9998483640243725	2.0227224396149093	4.067973960779376	[394, 193, 232, 1023, 1086, 1112]	65553
351	0.9958074635853286	0.9998517337127197	2.0227224396149093	3.184750484208875	[432, 19, 132, 1108, 1086, 1096]	66615
352	0.9958721632213574	0.9998544793847064	2.0227224396149093	2.870736037412858	[3, 19, 132, 1108, 1086, 1112]	121126
353	0.9959358644062131	0.9998577131761573	2.0227224396149093	3.7876454839350577	[331, 241, 1729, 1094, 1086, 1112]	63159
354	0.9959985825480925	0.9998615074914599	2.0227224396149093	2.723312616127263	[107, 734, 1203, 174, 1086, 1096]	64351
355	0.996060332817412	0.9998645851027608	2.0227224396149093	3.704751074145321	[1530, 156, 1713, 174, 1086, 1112]	65503
356	0.9961211301504767	0.9998670927860429	2.0227224396149093	4.027112558168636	[241, 19, 422, 636, 1086, 1112]	70593
357	0.9961809892530927	0.9998713458168895	2.0227224396149093	2.932900051767541	[1723, 241, 132, 1108, 1086, 1096]	69135
358	0.9962399246041252	0.9998754627507491	2.0227224396149093	2.8070241504084494	[3621, 1720, 132, 1108, 1086, 1112]	78587
359	0.9962979504589998	0.9998787837440625	2.0227224396149093	3.5800061191568133	[19, 241, 1729, 1094, 1086, 1096]	68050
360	0.9963550808531512	0.9998826626642524	2.0227224396149093	4.306773485525709	[3248, 1533, 1078, 334, 1086, 1112]	70272
361	0.9964113296054173	0.9998848355778774	2.0227224396149093	3.397083781329468	[241, 132, 387, 344, 1086, 1112]	70916
362	0.9964667103213831	0.9998885208393853	2.0227224396149093	2.5286478000845856	[2872, 241, 132, 1108, 1086, 1112]	83915
363	0.9965212363966703	0.9998905852682856	2.0227224396149093	3.32346175437313	[2040, 545, 132, 1108, 1086, 1112]	69081
364	0.9965749210201785	0.9998935029944647	2.0227224396149093	3.4607062329820666	[420, 158, 1713, 174, 1086, 1112]	72690
365	0.9966277771772746	0.9998969108986417	2.0227224396149093	3.544621900098326	[2309, 420, 158, 1115, 1086, 1112]	74155
366	0.9966798176529339	0.9998996599413447	2.0227224396149093	2.9611430034036257	[781, 19, 132, 1108, 1086, 1112]	71417
367	0.9967310550348331	0.999901518090579	2.0227224396149093	3.9196196481109737	[1550, 420, 1822, 1094, 1086, 1112]	502810
368	0.9967815017163943	0.9999041442748302	2.0227224396149093	3.3802769052980004	[1515, 1031, 132, 1108, 1086, 1112]	78054
369	0.9968311698997833	0.9999062744020563	2.0227224396149093	3.773546740312346	[3889, 1094, 132, 1108, 1086, 1112]	74178
370	0.9968800715988607	0.9999080100612774	2.0227224396149093	2.518985889172849	[19, 241, 132, 1108, 1086, 1096]	65598
371	0.9969282186420881	0.99991046312631	2.0227224396149093	3.5779691026203686	[157, 320, 836, 1089, 1086, 1112]	71040
372	0.9969756226753893	0.9999124528346143	2.0227224396149093	3.575302319672975	[1851, 159, 1713, 174, 1086, 1112]	73402
373	0.9970222951649665	0.9999158146457651	2.0227224396149093	2.961062504761295	[241, 1587, 132, 1108, 1086, 1112]	68815
374	0.9970682474000752	0.9999176854314147	2.0227224396149093	3.334919766974785	[1726, 132, 19, 334, 1086, 1112]	82456
375	0.9971134904957529	0.999919880486577	2.0227224396149093	2.2773308518160023	[193, 394, 432, 422, 19, 794]	86350
376	0.9971580353955098	0.99992136418127	2.0227224396149093	3.1589477053178707	[10, 734, 19, 334, 1086, 1112]	85294
377	0.9972018928739742	0.9999228204001354	2.0227224396149093	3.5432222043472263	[87, 1265, 255, 174, 1086, 1112]	99024
378	0.9972450735394993	0.9999248785227984	2.0227224396149093	2.8070241504084494	[3621, 1720, 132, 1108, 1086, 1096]	93006
379	0.9972875878367292	0.9999262696612652	2.0227224396149093	3.462983623397844	[1742, 400, 19, 334, 1086, 1112]	86538
380	0.9973294460491254	0.9999282358036314	2.0227224396149093	3.6060011103515626	[677, 132, 1713, 174, 1086, 1112]	104117
381	0.9973706583014538	0.9999295647702309	2.0227224396149093	3.236190705972595	[734, 19, 132, 1094, 1086, 1112]	122282
382	0.9974112345622338	0.9999314430430246	2.0227224396149093	3.4455895737600724	[190, 196, 1078, 334, 1086, 1112]	560132
383	0.9974511846461499	0.9999325010207558	2.0227224396149093	2.3936203646804692	[160, 331, 241, 132, 19, 794]	75128
384	0.9974905182164254	0.9999337510018529	2.0227224396149093	2.5872420769840634	[811, 3459, 1203, 174, 1086, 1112]	79934
385	0.9975292447871595	0.9999352232018117	2.0227224396149093	3.236190705972595	[734, 19, 132, 1094, 1086, 1112]	69967
386	0.9975673737256293	0.999936662686216	2.0227224396149093	3.528922042863038	[2528, 3459, 1203, 174, 1086, 1112]	67284
387	0.9976049142545548	0.9999390948390652	2.0227224396149093	3.4714239837057717	[1586, 1587, 132, 1108, 1086, 1112]	66321
388	0.9976418754543301	0.9999407189766901	2.0227224396149093	3.4686455498577784	[732, 734, 1203, 174, 1086, 1112]	79830
389	0.9976782662652202	0.999942615969436	2.0227224396149093	3.4455895737600724	[190, 196, 1078, 334, 1086, 1112]	73495
390	0.9977140954895223	0.9999436786366687	2.0227224396149093	3.0172048542480914	[19, 132, 1713, 174, 1086, 1112]	72459
391	0.9977493717936964	0.9999449302225205	2.0227224396149093	3.529057945505385	[1791, 420, 1822, 1094, 1086, 1112]	79117
392	0.9977841037104603	0.9999461539953534	2.0227224396149093	3.464547836593158	[1715, 132, 217, 261, 1086, 1112]	83027
393	0.9978182996408544	0.9999475898888106	2.0227224396149093	3.7536729288630175	[2789, 2558, 255, 174, 1086, 1112]	82224
394	0.9978519678562733	0.9999487545579482	2.0227224396149093	3.260479038210432	[1715, 132, 1713, 174, 1086, 1112]	98932
395	0.9978851165004666	0.9999495453826712	2.0227224396149093	2.3677454998477403	[158, 420, 1582, 793, 2372, 794]	75152
396	0.9979177535915088	0.9999504797274366	2.0227224396149093	3.213233408312252	[241, 132, 217, 261, 1086, 1112]	77477
397	0.9979498870237387	0.9999518002680382	2.0227224396149093	2.870736037412858	[3, 19, 132, 1108, 1086, 1112]	84246
398	0.9979815245696686	0.9999526928556671	2.0227224396149093	3.5432222043472263	[87, 1265, 255, 174, 1086, 1112]	126105
399	0.9980126738818651	0.9999535689138955	2.0227224396149093	3.3286916908759068	[19, 241, 132, 1094, 1086, 1112]	74075
400	0.9980433424947992	0.9999550547086509	2.0227224396149093	2.4696339363548745	[241, 132, 1032, 1707, 1708, 794]	70744
401	0.9980735378266696	0.9999558870288611	2.0227224396149093	3.9397218173230932	[1549, 107, 1546, 234, 1086, 1112]	68267
402	0.9981032671811964	0.999956703935734	2.0227224396149093	2.6743890052643993	[2004, 19, 132, 1108, 1086, 1112]	74852
403	0.9981325377493877	0.9999575057147019	2.0227224396149093	4.096215841573712	[241, 132, 239, 234, 1086, 1096]	78916
404	0.9981613566112799	0.999958450032153	2.0227224396149093	3.879539149408224	[1544, 156, 1713, 174, 1086, 1112]	78903
405	0.998189730737649	0.9999600455509183	2.0227224396149093	3.838061935263993	[1719, 1192, 836, 1089, 1086, 1112]	74388
406	0.9982176669916977	0.9999613240932889	2.0227224396149093	3.409802677289374	[1791, 420, 158, 1115, 1086, 1112]	87263
407	0.9982451721307147	0.9999621835578825	2.0227224396149093	3.8372243806298787	[2627, 438, 3366, 150, 1086, 1112]	65097
408	0.9982722528077098	0.9999630239232629	2.0227224396149093	3.528922042863038	[2528, 3459, 1203, 174, 1086, 1112]	67110
409	0.998298915573023	0.9999647987749463	2.0227224396149093	3.773546740312346	[3889, 1094, 132, 1108, 1086, 1112]	64883
410	0.9983251668759084	0.999965737474281	2.0227224396149093	3.529057945505385	[1791, 420, 1822, 1094, 1086, 1096]	65561
411	0.998351013066095	0.999966833875104	2.0227224396149093	3.528922042863038	[1892, 3459, 1203, 174, 1086, 1112]	64716
412	0.9983764603953219	0.9999678951911007	2.0227224396149093	3.8186126393093716	[1791, 420, 1582, 1087, 1086, 1096]	66576
413	0.9984015150188509	0.9999684897245988	2.0227224396149093	3.6721450672688247	[1792, 496, 217, 261, 1086, 1112]	219845
414	0.9984261829969551	0.9999694980534116	2.0227224396149093	3.8388357754274143	[158, 420, 1582, 1087, 1086, 1096]	76341
415	0.9984504702963848	0.999970311438654	2.0227224396149093	3.5779691026203686	[157, 320, 836, 1089, 1086, 1096]	62881
416	0.9984743827918109	0.9999711031336233	2.0227224396149093	3.6022839188384888	[193, 1265, 255, 174, 1086, 1112]	63863
417	0.998497926267246	0.9999717452862094	2.0227224396149093	3.462983623397844	[1742, 400, 19, 334, 1086, 1096]	64113
418	0.9985211064174427	0.9999724987452439	2.0227224396149093	3.221273652630817	[19, 132, 217, 261, 1086, 1112]	63402
419	0.9985439288492723	0.9999731098842384	2.0227224396149093	3.4347039664096126	[421, 438, 2627, 261, 1086, 1112]	64177
420	0.9985663990830799	0.9999736078493451	2.0227224396149093	2.426484904269537	[734, 19, 132, 1108, 1086, 1096]	64629
421	0.99858852255402	0.9999740965928757	2.0227224396149093	3.4051240256480337	[19, 132, 387, 344, 1086, 1112]	63944
422	0.9986103046133715	0.9999746722241452	2.0227224396149093	3.732624610913075	[988, 420, 1822, 1094, 1086, 1096]	68693
423	0.9986317505298319	0.9999752350636086	2.0227224396149093	3.462983623397844	[1742, 400, 19, 334, 1086, 1096]	75401
424	0.9986528654907912	0.9999761860371661	2.0227224396149093	2.6296491148067798	[241, 1031, 132, 1108, 1086, 1112]	80506
425	0.9986736546035877	0.9999771004933389	2.0227224396149093	3.9230452781866054	[420, 2307, 1468, 1089, 1086, 1112]	85632
426	0.9986941228967422	0.9999778332775521	2.0227224396149093	3.0466300264731196	[4118, 23, 5272, 174, 1086, 1112]	103672
427	0.9987142753211752	0.9999785426126704	2.0227224396149093	2.940940296086106	[1548, 19, 132, 1108, 1086, 1112]	96173
428	0.998734116751404	0.9999793665763438	2.0227224396149093	3.490617761732537	[241, 1729, 1822, 1094, 1086, 1112]	509389
429	0.9987536519867218	0.9999797486767819	2.0227224396149093	3.5432222043472263	[87, 1265, 255, 174, 1086, 1112]	75464
430	0.9987728857523588	0.9999802887120677	2.0227224396149093	3.56678126317036	[19, 241, 217, 261, 1086, 1112]	72910
431	0.9987918227006248	0.9999809194732815	2.0227224396149093	3.866616265254481	[1781, 1402, 1078, 334, 1086, 1112]	82108
432	0.9988104674120349	0.9999815300501366	2.0227224396149093	3.409802677289374	[1791, 420, 158, 1115, 1086, 1112]	83738
433	0.9988288243964172	0.9999820225821329	2.0227224396149093	3.9510522245975706	[10, 158, 420, 458, 1086, 1096]	76228
434	0.9988468980940033	0.999982712914979	2.0227224396149093	3.4714239837057717	[396, 1728, 132, 1108, 1086, 1112]	77746
435	0.9988646928765033	0.9999830970724239	2.0227224396149093	3.5673687331398343	[2297, 400, 19, 334, 1086, 1112]	82690
436	0.9988822130481622	0.9999834100896012	2.0227224396149093	3.0836053386938795	[241, 132, 19, 334, 1086, 1096]	99657
437	0.9988994628468016	0.9999838524872119	2.0227224396149093	3.2554358471025484	[1580, 438, 2627, 261, 1086, 1112]	104149
438	0.9989164464448448	0.9999842113208294	2.0227224396149093	3.0373270629232803	[846, 734, 1203, 174, 1086, 1112]	92670
439	0.9989331679503256	0.999984632352274	2.0227224396149093	3.6724015947973507	[241, 132, 1729, 1094, 1086, 1112]	77208
440	0.9989496314078823	0.9999849738555567	2.0227224396149093	3.260479038210432	[1715, 132, 1713, 174, 1086, 1112]	76853
441	0.9989658407997359	0.9999854546921789	2.0227224396149093	3.32346175437313	[2040, 545, 132, 1108, 1086, 1112]	78734
442	0.9989818000466536	0.9999859201420291	2.0227224396149093	3.409802677289374	[1791, 420, 158, 1115, 1086, 1112]	80884
443	0.9989975130088966	0.9999861808801398	2.0227224396149093	2.1976818767155635	[10, 734, 1203, 174, 1086, 1112]	73869
444	0.9990129834871544	0.9999864879716922	2.0227224396149093	3.4714239837057717	[5415, 1587, 132, 1108, 1086, 1112]	120188
445	0.9990282152234637	0.9999867882389879	2.0227224396149093	3.334919766974785	[1726, 132, 19, 334, 1086, 1112]	64969
446	0.999043211902114	0.9999870329012289	2.0227224396149093	3.213233408312252	[241, 132, 217, 261, 1086, 1096]	65248
447	0.9990579771505381	0.9999874478483896	2.0227224396149093	3.6060011103515626	[3179, 843, 3094, 174, 1086, 1112]	70439
448	0.9990725145401903	0.9999876802956417	2.0227224396149093	2.545237350214759	[811, 734, 1203, 174, 1086, 1096]	75828
449	0.9990868275874096	0.9999879540668496	2.0227224396149093	3.4885679563002645	[3869, 438, 2627, 261, 1086, 1112]	79971
450	0.9991009197542706	0.9999883395367104	2.0227224396149093	3.6728634883562234	[1820, 10, 158, 1115, 1086, 1112]	78222
451	0.9991147944494208	0.9999888992389483	2.0227224396149093	3.069833347705165	[2607, 1587, 132, 1108, 1086, 1096]	87215
452	0.999128455028905	0.999989254463302	2.0227224396149093	3.859343155105714	[3869, 438, 132, 1108, 1086, 1112]	67485
453	0.9991419047969774	0.9999894534547223	2.0227224396149093	3.0082120412887683	[1791, 420, 158, 2150, 4776, 794]	77295
454	0.9991551470069007	0.9999897346959297	2.0227224396149093	2.426484904269537	[734, 19, 132, 1108, 1086, 1112]	92511
455	0.9991681848617324	0.9999899247941533	2.0227224396149093	3.363125263892072	[432, 422, 19, 334, 1086, 1112]	64171
456	0.9991810215151007	0.9999901934663091	2.0227224396149093	2.2790614829839417	[19, 734, 1203, 174, 1086, 1112]	72975
457	0.9991936600719664	0.9999903750687849	2.0227224396149093	3.221273652630817	[19, 132, 217, 261, 1086, 1112]	69830
458	0.9992061035893743	0.9999906317336172	2.0227224396149093	3.3692329725658183	[1580, 301, 2627, 261, 1086, 1112]	68814
459	0.9992183550771927	0.9999908399173147	2.0227224396149093	3.5253359932117423	[1849, 420, 158, 1115, 1086, 1112]	66163
460	0.999230417498841	0.9999911452534042	2.0227224396149093	3.971179179052567	[3266, 1963, 387, 344, 1086, 1112]	291078
461	0.999242293772007	0.9999913813799801	2.0227224396149093	4.279359122248387	[77, 19, 1987, 1114, 1086, 1112]	65685
462	0.9992539867693525	0.9999916571758207	2.0227224396149093	3.9528075531495412	[317, 320, 836, 1089, 1086, 1096]	66045
463	0.9992654993192083	0.9999919775402693	2.0227224396149093	3.884888031490436	[1551, 1879, 836, 1089, 1086, 1112]	66594
464	0.9992768342062575	0.9999922342589805	2.0227224396149093	3.069833347705165	[2607, 1587, 132, 1108, 1086, 1112]	70738
465	0.9992879941722103	0.9999924068310032	2.0227224396149093	2.747910838114712	[669, 673, 670, 132, 393, 794]	67330
466	0.9992989819164663	0.9999926093155098	2.0227224396149093	3.7536729288630175	[2789, 2558, 255, 174, 1086, 1112]	67346
467	0.9993098000967677	0.9999927461800374	2.0227224396149093	3.4051240256480337	[19, 132, 387, 344, 1086, 1112]	74201
468	0.9993204513298424	0.9999929396152364	2.0227224396149093	3.9899348287824727	[394, 193, 1872, 1115, 1086, 1112]	67057
469	0.9993309381920361	0.9999930703631024	1.8537891199394705	1.8537891199394705	[2047, 232, 10, 734, 19, 794]	73833
470	0.9993412632199368	0.9999932921114831	1.8537891199394705	3.184750484208875	[4284, 19, 132, 1108, 1086, 1112]	75668
471	0.9993514289109872	0.9999934709885102	1.8537891199394705	3.3802769052980004	[1515, 1031, 132, 1108, 1086, 1112]	78660
472	0.9993614377240893	0.9999936799168779	1.8537891199394705	2.940940296086106	[1548, 19, 132, 1108, 1086, 1112]	80550
473	0.9993712920801989	0.9999938203631695	1.8537891199394705	3.260479038210432	[1715, 132, 1713, 174, 1086, 1112]	79340
474	0.999380994362912	0.9999939576884325	1.8537891199394705	2.8070241504084494	[3621, 1720, 132, 1108, 1086, 1112]	92536
475	0.9993905469190398	0.9999940919620228	1.8537891199394705	3.6721450672688247	[1792, 496, 217, 261, 1086, 1112]	526884
476	0.9993999520591781	0.9999942232517557	1.8537891199394705	3.484094806967457	[2004, 19, 132, 1094, 1086, 1112]	73820
477	0.9994092120582648	0.999994330228575	1.8537891199394705	3.1589477053178707	[10, 734, 19, 334, 1086, 1112]	65948
478	0.9994183291561312	0.9999944352243422	1.8537891199394705	2.1589432646749085	[2872, 241, 1031, 132, 19, 794]	74080
479	0.9994273055580427	0.9999946207168641	1.8537891199394705	3.4225800030903457	[4196, 1663, 1546, 234, 1086, 1112]	74694
480	0.9994361434352333	0.9999947928539243	1.8537891199394705	3.4669248454207757	[3819, 438, 2627, 261, 1086, 1112]	82108
481	0.9994448449254304	0.9999949085682817	1.8537891199394705	3.6721450672688247	[1792, 496, 217, 261, 1086, 1112]	96080
482	0.9994534121333712	0.9999950217112087	1.8537891199394705	3.6445912614277525	[1849, 420, 1822, 1094, 1086, 1112]	86736
483	0.9994618471313131	0.99999518101645	1.8537891199394705	3.334919766974785	[1715, 132, 19, 334, 1086, 1112]	73535
484	0.9994701519595336	0.9999953352239236	1.8537891199394705	3.7254107014033675	[1873, 10, 158, 1115, 1086, 1112]	72087
485	0.9994783286268247	0.9999954388856143	1.8537891199394705	3.4714239837057717	[1586, 1587, 132, 1108, 1086, 1096]	101252
486	0.9994863791109787	0.9999955402437116	1.8537891199394705	3.8292251796573344	[3065, 1460, 19, 334, 1086, 1112]	79077
487	0.999494305359266	0.999995659170546	1.8537891199394705	3.397083781329468	[241, 132, 387, 344, 1086, 1112]	81732
488	0.999502109288907	0.9999957749259981	1.8537891199394705	3.841121164223872	[1791, 420, 158, 1089, 1086, 1112]	77347
489	0.9995097927875349	0.9999958875946382	1.8537891199394705	3.3286916908759068	[19, 241, 132, 1094, 1086, 1096]	75879
490	0.9995173577136532	0.999995963750293	1.8537891199394705	3.0172048542480914	[19, 132, 1713, 174, 1086, 1112]	78475
491	0.9995248058970845	0.9999960713836186	1.8537891199394705	3.8929202031877006	[1196, 2558, 255, 174, 1086, 1112]	130262
492	0.9995321391394135	0.9999961761467221	1.8537891199394705	2.6296491148067798	[241, 1031, 132, 1108, 1086, 1112]	65481
493	0.9995393592144225	0.9999962469588198	1.8537891199394705	3.3692329725658183	[1580, 301, 2627, 261, 1086, 1112]	75000
494	0.999546467868521	0.9999963303597349	1.8537891199394705	2.793516874800511	[1259, 734, 1203, 174, 1086, 1112]	87746
495	0.9995534668211672	0.9999963983160362	1.8537891199394705	4.067021264082211	[359, 158, 420, 458, 1086, 1112]	84130
496	0.9995603577652851	0.9999964943609418	1.8537891199394705	3.5779691026203686	[160, 320, 836, 1089, 1086, 1112]	68115
497	0.9995671423676726	0.999996572264032	1.8537891199394705	3.613369342697065	[988, 420, 158, 1115, 1086, 1096]	66214
498	0.999573822269406	0.999996635740624	1.8537891199394705	2.3046500427777104	[2872, 241, 1720, 132, 19, 794]	73984
499	0.9995803990862362	0.9999967254542074	1.8537891199394705	3.5779691026203686	[157, 320, 836, 1089, 1086, 1112]	68640
