0	0.015432098765432056	0.01851851851851849	3.213233408312252	3.213233408312252	[241, 132, 217, 261, 1086, 1112]	69344
1	0.030626047858558048	0.04992592592592593	3.0466300264731196	3.0466300264731196	[4118, 23, 5272, 174, 1086, 1112]	67209
2	0.045585522428642	0.071038683127572	3.0466300264731196	3.528922042863038	[2528, 3459, 1203, 174, 1086, 1112]	63352
3	0.06031414090968146	0.08824167047706133	2.518985889172849	2.518985889172849	[19, 241, 132, 1108, 1086, 1112]	63849
4	0.07481546589564314	0.11255522593100631	2.518985889172849	2.7266252539510933	[331, 241, 132, 1108, 1086, 1112]	63733
5	0.08909300500219186	0.14213671839997277	2.518985889172849	3.4225800030903457	[4196, 1663, 1546, 234, 1086, 1112]	63325
6	0.10315021171512095	0.1553753492888621	2.518985889172849	2.5461305159719623	[2627, 261, 217, 241, 19, 794]	63379
7	0.11699048622569008	0.17101654652425347	2.518985889172849	3.221273652630817	[19, 132, 217, 261, 1086, 1112]	63195
8	0.13061717625307134	0.1931227719502734	2.518985889172849	3.6060011103515626	[2040, 1451, 1713, 174, 1086, 1112]	63697
9	0.1440335778541042	0.20806494284008314	2.2790614829839417	2.2790614829839417	[19, 734, 1203, 174, 1086, 1112]	63629
10	0.1572429362205532	0.22566349966585908	2.2790614829839417	3.464547836593158	[1715, 132, 217, 261, 1086, 1112]	63822
11	0.17024844646406312	0.25044226767655164	2.2790614829839417	3.597226074150603	[846, 10, 158, 1115, 1086, 1112]	64787
12	0.18305325438900033	0.26709910617262833	2.2790614829839417	3.484094806967457	[2004, 19, 132, 1094, 1086, 1112]	66281
13	0.19566045725336756	0.2866431300080249	2.2790614829839417	3.4347039664096126	[421, 438, 2627, 261, 1086, 1112]	72642
14	0.208073104517976	0.29985344241528367	2.2790614829839417	3.832643710182441	[10, 415, 255, 174, 1086, 1112]	64074
15	0.22029419858405663	0.3128191194075932	2.2790614829839417	3.6842932849867926	[19, 387, 344, 174, 1086, 1096]	64663
16	0.2323266955194878	0.33920686522234167	2.2790614829839417	3.884888031490436	[1551, 1879, 836, 1089, 1086, 1112]	132042
17	0.2441735057738167	0.3612333030482636	2.2790614829839417	3.069833347705165	[2607, 1587, 132, 1108, 1086, 1112]	62927
18	0.2558374948822454	0.3782670816336432	2.2790614829839417	2.9611430034036257	[781, 19, 132, 1108, 1086, 1112]	62682
19	0.2673214841587539	0.38978065419598307	2.2790614829839417	2.702639471550251	[77, 19, 132, 1108, 1086, 1096]	62629
20	0.2786282513785262	0.4093076732617116	2.2790614829839417	3.464547836593158	[1726, 132, 217, 261, 1086, 1112]	62609
21	0.28976053144984526	0.4224341694114513	2.2790614829839417	3.464547836593158	[1715, 132, 217, 261, 1086, 1096]	63056
22	0.30072101707561927	0.4409162759902848	2.2790614829839417	3.8093348907349753	[2003, 1417, 5272, 174, 1086, 1096]	62964
23	0.31151235940469924	0.45334035874605627	1.780457846853921	1.780457846853921	[320, 232, 10, 734, 19, 794]	64694
24	0.32213716867314524	0.4634636854359441	1.780457846853921	2.426484904269537	[734, 19, 132, 1108, 1086, 1112]	62984
25	0.3325980148355967	0.4753867146484787	1.780457846853921	2.3631439332996567	[1647, 1697, 241, 132, 19, 794]	64563
26	0.34289742818689917	0.48704478765629033	1.780457846853921	3.6167299521115073	[3621, 1720, 132, 1094, 1086, 1112]	68770
27	0.35303789997413837	0.5034593544512891	1.780457846853921	3.536331055654151	[331, 241, 132, 1094, 1086, 1112]	76637
28	0.3630218829992288	0.51265455159108	1.780457846853921	2.7266252539510933	[331, 241, 132, 1108, 1086, 1096]	96938
29	0.37285179221220366	0.5282496059401655	1.780457846853921	3.8093348907349753	[2003, 1417, 5272, 174, 1086, 1112]	66146
30	0.38253000529534864	0.5408296164484276	1.780457846853921	2.775355892909582	[241, 1720, 132, 1108, 1086, 1112]	221885
31	0.3920588632383216	0.5510334027495738	1.780457846853921	3.5247094981667253	[2387, 1663, 1546, 234, 1086, 1112]	64106
32	0.40144067090439683	0.5654003338615874	1.780457846853921	4.237730469874274	[1392, 1268, 1010, 1105, 1086, 1112]	63403
33	0.4106776975879709	0.576989658291945	1.780457846853921	2.573095994509709	[87, 1529, 2229, 734, 19, 794]	63443
34	0.4197721775634652	0.5910900030155468	1.780457846853921	3.4225800030903457	[4196, 1663, 1546, 234, 1086, 1096]	67694
35	0.4287263106257574	0.6001768918374236	1.780457846853921	2.6743890052643993	[2004, 19, 132, 1108, 1086, 1112]	71746
36	0.43754226262227347	0.6075810234700639	1.780457846853921	3.5432222043472263	[87, 1265, 255, 174, 1086, 1096]	68088
37	0.44622216597686803	0.6148480415539517	1.780457846853921	2.545237350214759	[811, 734, 1203, 174, 1086, 1112]	119703
38	0.4547681202056201	0.6219804852288784	1.780457846853921	2.7266252539510933	[331, 241, 132, 1108, 1086, 1112]	81233
39	0.46318219242466907	0.630380918890459	1.780457846853921	3.3383536017876443	[2872, 241, 132, 1094, 1086, 1112]	82582
40	0.47146641785021426	0.6445742916050653	1.780457846853921	3.428024668171216	[1647, 1697, 132, 1108, 1086, 1112]	73753
41	0.4796228002907974	0.6511562491679345	1.780457846853921	2.1976818767155635	[10, 734, 1203, 174, 1086, 1112]	73761
42	0.48765331263198874	0.6576163186277875	1.780457846853921	3.94674858093202	[1792, 496, 3366, 150, 1086, 1112]	93952
43	0.49555989731359384	0.6639567571717173	1.780457846853921	3.462983623397844	[1742, 400, 19, 334, 1086, 1112]	82801
44	0.5033444667994951	0.6747101409422225	1.780457846853921	3.5644935086479057	[1414, 3251, 3248, 334, 1086, 1112]	75181
45	0.5110089040402437	0.6807340272210701	1.780457846853921	3.0836053386938795	[241, 132, 19, 334, 1086, 1112]	352792
46	0.5185550629285114	0.6909505383499959	1.780457846853921	3.9528075531495412	[2163, 320, 836, 1089, 1086, 1112]	72766
47	0.5259847687475159	0.6966736765286996	1.780457846853921	3.5065031788170664	[811, 734, 19, 334, 1086, 1112]	69949
48	0.5332998186125233	0.702290830667057	1.780457846853921	3.9432681249598085	[269, 1337, 254, 174, 1086, 1112]	104673
49	0.5405019819055399	0.7118175240857112	1.780457846853921	3.5253359932117423	[1849, 420, 158, 1115, 1086, 1112]	71666
50	0.5475930007032939	0.7171542366026424	1.780457846853921	3.221273652630817	[19, 132, 217, 261, 1086, 1112]	70980
51	0.5545745901986134	0.728015513917101	1.780457846853921	3.5644935086479057	[1414, 3251, 3248, 334, 1086, 1112]	70723
52	0.5614484391153014	0.7352684335459783	1.780457846853921	2.545237350214759	[811, 734, 1203, 174, 1086, 1112]	72338
53	0.5682162101166085	0.7423279419847522	1.780457846853921	3.5800061191568133	[19, 241, 1729, 1094, 1086, 1112]	86303
54	0.5748795402074016	0.7480539877184245	1.780457846853921	3.7426058534705993	[1723, 241, 132, 1094, 1086, 1112]	133361
55	0.5814400411301268	0.7527196546125277	1.780457846853921	3.363125263892072	[432, 422, 19, 334, 1086, 1112]	110570
56	0.5878992997546619	0.7606326256649267	1.780457846853921	2.6743890052643993	[2004, 19, 132, 1108, 1086, 1112]	117346
57	0.5942588784621516	0.7659519006501506	1.780457846853921	3.4714239837057717	[1586, 1587, 132, 1108, 1086, 1112]	87352
58	0.6005203155229208	0.7702861247121848	1.780457846853921	3.4607062329820666	[420, 158, 1713, 174, 1086, 1112]	78189
59	0.6066851254685548	0.7753908774963586	1.780457846853921	3.575302319672975	[1851, 159, 1713, 174, 1086, 1096]	72363
60	0.6127547994582376	0.7803821913297728	1.780457846853921	3.8661440547314783	[2636, 301, 2627, 261, 1086, 1096]	155813
61	0.6187308056394376	0.7844491877866289	1.780457846853921	3.363125263892072	[432, 422, 19, 334, 1086, 1112]	73172
62	0.6246145895030265	0.7892392058358149	1.780457846853921	2.7751196038897037	[1819, 241, 132, 1108, 1086, 1112]	76049
63	0.630407574232918	0.793142183505522	1.780457846853921	2.723312616127263	[107, 734, 1203, 174, 1086, 1112]	84218
64	0.6361111610503113	0.7969728838109753	1.780457846853921	4.027112558168636	[241, 19, 422, 636, 1086, 1112]	77590
65	0.6417267295526212	0.8034697515290241	1.780457846853921	3.4347039664096126	[421, 438, 2627, 261, 1086, 1112]	82383
66	0.6472556380471796	0.8071092005747829	1.780457846853921	2.8070241504084494	[3621, 1720, 132, 1108, 1086, 1112]	73194
67	0.6526992238797849	0.8122529552261221	1.780457846853921	2.5872420769840634	[811, 3459, 1203, 174, 1086, 1112]	75012
68	0.6580588037581832	0.8157297523515642	1.780457846853921	2.5499592637526467	[2238, 1549, 107, 734, 19, 794]	72974
69	0.6633356740705569	0.8198246467437517	1.780457846853921	2.6743890052643993	[2004, 19, 132, 1108, 1086, 1112]	75108
70	0.6685311111990977	0.8231612273596082	1.780457846853921	3.5065031788170664	[811, 734, 19, 334, 1086, 1112]	85601
71	0.6736463718287411	0.8278769279633519	1.780457846853921	3.5779691026203686	[157, 320, 836, 1089, 1086, 1112]	75089
72	0.6786826932511372	0.8324668765509958	1.780457846853921	3.184750484208875	[432, 19, 132, 1108, 1086, 1112]	91012
73	0.6836412936639282	0.8355693418000515	1.780457846853921	3.460050044086323	[734, 19, 1987, 334, 1086, 1096]	86476
74	0.6885233724654107	0.8386143539889395	1.780457846853921	2.426484904269537	[734, 19, 132, 1108, 1086, 1096]	95918
75	0.6933301105446482	0.8422007016780741	1.780457846853921	3.451071680941741	[2872, 241, 19, 334, 1086, 1096]	708106
76	0.6980626705671074	0.8464086829666588	1.780457846853921	3.7637785788263267	[1019, 10, 158, 1115, 1086, 1112]	76570
77	0.7027221972558866	0.8505044514208813	1.780457846853921	3.2554358471025484	[1580, 438, 2627, 261, 1086, 1112]	71291
78	0.7073098176686043	0.854490999382991	1.780457846853921	3.0091646099295257	[241, 132, 1713, 174, 1086, 1112]	72048
79	0.7118266414700147	0.8571856105055282	1.780457846853921	2.5872420769840634	[811, 3459, 1203, 174, 1086, 1112]	73900
80	0.7162737612004157	0.8603592636054054	1.780457846853921	3.7426058534705993	[4015, 241, 132, 1094, 1086, 1112]	99116
81	0.7206522525399155	0.8629452031682683	1.780457846853921	2.702639471550251	[77, 19, 132, 1108, 1086, 1096]	85507
82	0.7249631745686205	0.8659908653200845	1.780457846853921	3.833928826683146	[2104, 168, 132, 1108, 1086, 1112]	93496
83	0.7292075700228084	0.8689688460907493	1.780457846853921	3.913538059743548	[2627, 438, 254, 174, 1086, 1112]	79974
84	0.7333864655471478	0.8713953489409206	1.780457846853921	3.397083781329468	[241, 132, 387, 344, 1086, 1112]	95162
85	0.7375008719430252	0.874824806302496	1.780457846853921	3.5779691026203686	[257, 320, 836, 1089, 1086, 1112]	89451
86	0.7415517844130401	0.8788304125008162	1.780457846853921	3.6721450672688247	[1792, 496, 217, 261, 1086, 1112]	79851
87	0.7455401828017278	0.881074293750801	1.780457846853921	3.4051240256480337	[19, 132, 387, 344, 1086, 1112]	79563
88	0.7494670318325654	0.8837170872230055	1.780457846853921	3.334919766974785	[1715, 132, 19, 334, 1086, 1112]	103649
89	0.753333281341322	0.8892986670363012	1.780457846853921	3.4714239837057717	[5415, 1587, 132, 1108, 1086, 1112]	100978
90	0.7571398665058078	0.8935495982221072	1.780457846853921	4.128698219613206	[1468, 2411, 836, 1089, 1086, 1112]	1350642
91	0.7608877080720762	0.8959151627060604	1.780457846853921	3.528922042863038	[2528, 3459, 1203, 174, 1086, 1112]	179824
92	0.7645777125771367	0.8982281590903702	1.780457846853921	3.464547836593158	[1715, 132, 217, 261, 1086, 1096]	83702
93	0.7682107725682302	0.9009420748479603	1.780457846853921	3.528922042863038	[2528, 3459, 1203, 174, 1086, 1112]	83023
94	0.7717877668187205	0.9027764808692944	1.780457846853921	3.6721450672688247	[1792, 496, 217, 261, 1086, 1112]	84072
95	0.7753095605406538	0.9053691080461133	1.780457846853921	2.870736037412858	[3, 19, 132, 1108, 1086, 1112]	97570
96	0.7787770055940388	0.9083972965886375	1.780457846853921	3.184750484208875	[3167, 19, 132, 1108, 1086, 1112]	102334
97	0.7821909406928962	0.9113285830978012	1.780457846853921	3.4714239837057717	[2146, 1728, 132, 1108, 1086, 1112]	101032
98	0.7855521916081293	0.9147335655068456	1.780457846853921	2.892248860804172	[241, 1209, 132, 1108, 1086, 1112]	91281
99	0.7888615713672631	0.9163125735530151	1.780457846853921	3.0836053386938795	[241, 132, 19, 334, 1086, 1112]	92839
100	0.7921198804511016	0.9178623407094408	1.780457846853921	2.702639471550251	[77, 19, 132, 1108, 1086, 1112]	99887
101	0.79532790698735	0.9193834084740807	1.780457846853921	3.397083781329468	[241, 132, 387, 344, 1086, 1112]	102278
102	0.7984864269412489	0.9208763083171534	1.780457846853921	3.460050044086323	[734, 19, 1987, 334, 1086, 1112]	93987
103	0.8015962043032667	0.9223415618668357	1.780457846853921	3.7744206279486043	[331, 241, 217, 261, 1086, 1096]	119904
104	0.8046579912738953	0.9248266318870969	1.780457846853921	3.6721450672688247	[1792, 496, 217, 261, 1086, 1112]	146692
105	0.8076725284455943	0.9268312550367743	1.780457846853921	2.5631955163578635	[1723, 241, 1031, 132, 19, 794]	1692135
106	0.8106405449819278	0.928782421569127	1.780457846853921	2.702639471550251	[77, 19, 132, 1108, 1086, 1112]	126927
107	0.8135627587939351	0.9301012656141432	1.780457846853921	3.942044072910205	[276, 132, 217, 261, 1086, 1112]	135913
108	0.8164398767137817	0.9319652318644327	1.780457846853921	3.732624610913075	[988, 420, 1822, 1094, 1086, 1112]	108217
109	0.8192725946657295	0.9332251349780543	1.780457846853921	3.5504141572377215	[10, 158, 1713, 174, 1086, 1112]	98170
110	0.8220615978344683	0.9347090208674309	1.780457846853921	4.017543107152484	[1820, 10, 232, 1023, 1086, 1096]	90901
111	0.8248075608308499	0.9364501136442994	1.780457846853921	2.8070241504084494	[3621, 1720, 132, 1108, 1086, 1112]	96172
112	0.8275111478550652	0.9388904292803583	1.780457846853921	3.4686455498577784	[732, 734, 1203, 174, 1086, 1096]	93053
113	0.8301730128573019	0.9405200178328821	1.780457846853921	3.3802769052980004	[1515, 1031, 132, 1108, 1086, 1112]	95732
114	0.8327937996959238	0.9421061506906718	1.780457846853921	2.1976818767155635	[10, 734, 1203, 174, 1086, 1112]	130637
115	0.8353741422932088	0.9439587538685704	1.780457846853921	3.585810503855643	[2040, 438, 2627, 261, 1086, 1096]	105340
116	0.837914664788684	0.9449965547228562	1.780457846853921	3.2554358471025484	[1580, 438, 2627, 261, 1086, 1112]	121691
117	0.8404159816900932	0.9462188535067927	1.780457846853921	3.663877168314336	[2309, 420, 1822, 1094, 1086, 1112]	97208
118	0.8428786980220363	0.9476530174132782	1.780457846853921	3.5492810816234277	[158, 420, 1822, 1094, 1086, 1112]	109569
119	0.8453034094723135	0.9490489369489241	1.780457846853921	3.6917975251449304	[1529, 156, 1713, 174, 1086, 1112]	96795
120	0.8476907025360123	0.9501811827945036	1.780457846853921	3.5848254055927624	[1819, 241, 132, 1094, 1086, 1112]	1931358
121	0.8500411546573702	0.9511037534834942	1.780457846853921	3.460050044086323	[734, 19, 1987, 334, 1086, 1112]	2011576
122	0.8523553343694478	0.9521903367394166	1.780457846853921	2.6743890052643993	[2004, 19, 132, 1108, 1086, 1112]	412006
123	0.8546338014316477	0.9534652610930321	1.780457846853921	3.843804425147278	[1549, 107, 836, 1089, 1086, 1112]	94914
124	0.8568771069651099	0.9543270155172352	1.780457846853921	3.459532293516329	[2764, 258, 132, 1108, 1086, 1112]	90701
125	0.8590857935860187	0.955544961770109	1.780457846853921	3.4714239837057717	[2146, 1728, 132, 1108, 1086, 1112]	90597
126	0.8612603955368516	0.9563682032188107	1.780457846853921	2.5872420769840634	[811, 3459, 1203, 174, 1086, 1112]	92537
127	0.8634014388156039	0.9577644207158087	1.780457846853921	3.750646097789165	[1548, 19, 132, 1094, 1086, 1096]	94612
128	0.8655094413030175	0.9585465610729234	1.780457846853921	2.5461305159719623	[2627, 261, 217, 241, 19, 794]	97398
129	0.8675849128878474	0.9594677486046361	1.780457846853921	3.236190705972595	[734, 19, 132, 1094, 1086, 1112]	96979
130	0.8696283555901955	0.9607647806492878	1.780457846853921	3.6728634883562234	[1820, 10, 158, 1115, 1086, 1112]	96679
131	0.8716402636829393	0.961636674412637	1.780457846853921	2.6743890052643993	[2004, 19, 132, 1108, 1086, 1112]	106283
132	0.8736211238112891	0.9626596964283	1.780457846853921	3.397083781329468	[241, 132, 387, 344, 1086, 1112]	131228
133	0.8755714151104975	0.9638545861425944	1.780457846853921	3.4885679563002645	[3869, 438, 2627, 261, 1086, 1112]	115980
134	0.8774916093217553	0.9648184638454586	1.780457846853921	3.6412264034130413	[107, 10, 158, 1115, 1086, 1112]	132682
135	0.8793821709062961	0.965756638142913	1.780457846853921	3.626211045907998	[1580, 438, 132, 1108, 1086, 1112]	2156193
136	0.8812435571577422	0.9663907744735998	1.780457846853921	2.2790614829839417	[19, 734, 1203, 174, 1086, 1112]	112474
137	0.8830762183127152	0.9676813687338135	1.780457846853921	4.1350763158141906	[1807, 157, 1010, 1105, 1086, 1112]	91703
138	0.8848805976597413	0.9687155649343315	1.780457846853921	2.940940296086106	[1548, 19, 132, 1108, 1086, 1112]	95093
139	0.8866571316464736	0.9697166668564329	1.780457846853921	3.3383536017876443	[2872, 241, 132, 1094, 1086, 1096]	100565
140	0.8884062499852626	0.9703896298151788	1.780457846853921	3.3383536017876443	[2872, 241, 132, 1094, 1086, 1112]	102802
141	0.890128375757095	0.9709379700037867	1.780457846853921	2.8070241504084494	[3621, 1720, 132, 1108, 1086, 1112]	99477
142	0.89182392551393	0.9717129574703524	1.780457846853921	3.5005121038821185	[734, 10, 158, 1115, 1086, 1096]	99275
143	0.8934933093794557	0.9722367915912717	1.780457846853921	4.00879157935639	[10, 107, 1546, 234, 1086, 1112]	113888
144	0.8951369311482913	0.9727509250803222	1.780457846853921	2.545237350214759	[811, 734, 1203, 174, 1086, 1112]	109694
145	0.8967551883836571	0.9734775670781803	1.780457846853921	4.29575610164138	[160, 320, 232, 1023, 1086, 1112]	122563
146	0.898348472513539	0.9743262849316785	1.780457846853921	3.484094806967457	[2004, 19, 132, 1094, 1086, 1112]	98980
147	0.8999171689253671	0.9750109173335004	1.780457846853921	3.236190705972595	[734, 19, 132, 1094, 1086, 1112]	99426
148	0.9014616570592349	0.9756772928712738	1.780457846853921	3.8933429468	[19, 1548, 255, 174, 1086, 1096]	98078
149	0.9029823104996788	0.9763258983947065	1.780457846853921	2.702639471550251	[77, 19, 132, 1108, 1086, 1096]	115000
150	0.9044794970660417	0.9768519895414908	1.780457846853921	3.334919766974785	[1726, 132, 19, 334, 1086, 1112]	2672285
151	0.9059535789014423	0.9774692698203844	1.780457846853921	2.6708591949637843	[1535, 496, 217, 132, 19, 794]	1562890
152	0.9074049125603707	0.9779699527132647	1.780457846853921	3.810069908734289	[545, 132, 217, 261, 1086, 1112]	96038
153	0.9088338490949328	0.9784595093196365	1.780457846853921	3.462983623397844	[1742, 400, 19, 334, 1086, 1112]	91897
154	0.9102407341397641	0.9788584072951989	1.780457846853921	2.2790614829839417	[19, 734, 1203, 174, 1086, 1112]	103380
155	0.9116259079956319	0.9795349382617525	1.780457846853921	3.0466300264731196	[4118, 23, 5272, 174, 1086, 1112]	96055
156	0.9129897057117488	0.9800806732414391	1.780457846853921	3.985906022209302	[107, 10, 232, 1023, 1086, 1112]	105780
157	0.9143324571668143	0.9806118552883341	1.780457846853921	3.990773255684716	[1580, 438, 2267, 261, 1086, 1112]	106721
158	0.9156544871488079	0.9809708950052167	1.780457846853921	3.5123452732533087	[77, 19, 132, 1094, 1086, 1112]	121965
159	0.9169561154335486	0.9814783378050776	1.780457846853921	2.1976818767155635	[10, 734, 1203, 174, 1086, 1096]	134315
160	0.9182376568620432	0.9819722487969422	1.780457846853921	3.5005121038821185	[734, 10, 158, 1115, 1086, 1112]	153181
161	0.9194994214166413	0.9824529888290238	1.780457846853921	2.5872420769840634	[811, 3459, 1203, 174, 1086, 1112]	112428
162	0.9207417142960141	0.983014493186495	1.780457846853921	3.7271075836125993	[1794, 1879, 836, 1089, 1086, 1112]	121889
163	0.9219648359889768	0.9833290396089673	1.780457846853921	3.236190705972595	[734, 19, 132, 1094, 1086, 1096]	129754
164	0.9231690823471717	0.9836377610976902	1.780457846853921	3.3286916908759068	[19, 241, 132, 1094, 1086, 1112]	110981
165	0.9243547446566289	0.9841613527425641	1.780457846853921	3.4455895737600724	[190, 196, 1078, 334, 1086, 1112]	1888101
166	0.9255221097082241	0.984583716669429	1.780457846853921	3.9318305908166167	[734, 10, 158, 1089, 1086, 1112]	154363
167	0.9266714598670478	0.984869203397773	1.780457846853921	3.7232750780577044	[734, 19, 387, 344, 1086, 1112]	91675
168	0.9278030731407044	0.9852726913071657	1.780457846853921	2.426484904269537	[734, 19, 132, 1108, 1086, 1112]	90795
169	0.9289172232465578	0.9855454192459219	1.780457846853921	3.8297958111453587	[195, 10, 158, 1115, 1086, 1096]	91094
170	0.9300141796779381	0.985866632151568	1.780457846853921	3.184750484208875	[2006, 19, 132, 1108, 1086, 1112]	97511
171	0.9310942077693279	0.9861283611857983	1.780457846853921	3.0172048542480914	[19, 132, 1713, 174, 1086, 1112]	115329
172	0.932157568760542	0.986498271554177	1.780457846853921	3.428024668171216	[1647, 1697, 132, 1108, 1086, 1112]	105513
173	0.9332045198599164	0.9868583176460656	1.780457846853921	3.9660641926173117	[107, 438, 2627, 261, 1086, 1112]	95231
174	0.9342353143065225	0.9871503550317086	1.780457846853921	3.7282586004404497	[2557, 2558, 255, 174, 1086, 1096]	106289
175	0.9352502014314219	0.9873883114200103	1.780457846853921	3.8498112984743313	[2764, 370, 1713, 174, 1086, 1112]	101540
176	0.936249426717974	0.9876685711662323	1.780457846853921	3.184750484208875	[732, 19, 132, 1108, 1086, 1112]	95596
177	0.9372332318612151	0.9879426029180938	1.780457846853921	3.9278875470654624	[1535, 496, 217, 261, 1086, 1112]	93612
178	0.9382018548263199	0.9881658880492402	1.780457846853921	2.5872420769840634	[811, 3459, 1203, 174, 1086, 1112]	95908
179	0.9391555299061606	0.9884288683148126	1.780457846853921	3.5673687331398343	[2297, 400, 19, 334, 1086, 1112]	129167
180	0.9400944877779791	0.9888731997715238	1.780457846853921	4.209174341914961	[1550, 420, 1582, 1087, 1086, 1112]	3054216
181	0.9410189555591831	0.989244093112473	1.780457846853921	3.069833347705165	[2607, 1587, 132, 1108, 1086, 1112]	1018192
182	0.9419291568622822	0.9894831132655292	1.780457846853921	3.529057945505385	[1791, 420, 1822, 1094, 1086, 1112]	91538
183	0.9428253118489753	0.9898196536410322	1.780457846853921	3.671150278463103	[2490, 390, 1078, 334, 1086, 1112]	92403
184	0.9437076372834047	0.9900911295439381	1.780457846853921	3.7282586004404497	[2557, 2558, 255, 174, 1086, 1112]	93585
185	0.9445763465845868	0.9903113266651838	1.780457846853921	3.6483982096103746	[1715, 132, 387, 344, 1086, 1112]	91931
186	0.9454316498780345	0.9904907465417545	1.780457846853921	3.4607062329820666	[420, 158, 1713, 174, 1086, 1112]	92345
187	0.9462737540465833	0.9907020632852711	1.780457846853921	3.4686455498577784	[1265, 734, 1203, 174, 1086, 1112]	94048
188	0.9471028627804323	0.9908742472985068	1.780457846853921	3.5297365521895774	[1546, 677, 132, 1108, 1086, 1112]	92829
189	0.9479191766264133	0.9910432427189049	1.780457846853921	3.5432222043472263	[87, 1265, 255, 174, 1086, 1112]	90959
190	0.9487228930364995	0.9912091085944806	1.780457846853921	2.1976818767155635	[10, 734, 1203, 174, 1086, 1112]	93024
191	0.9495142064155659	0.9914044617368255	1.780457846853921	2.5286478000845856	[2872, 241, 132, 1108, 1086, 1096]	91759
192	0.9502933081684121	0.9916336760905102	1.780457846853921	3.879539149408224	[19, 23, 5272, 174, 1086, 1096]	91496
193	0.9510603867460601	0.99178860801476	1.780457846853921	3.5492810816234277	[158, 420, 1822, 1094, 1086, 1112]	95814
194	0.9518156276913369	0.9920513725582877	1.780457846853921	3.663877168314336	[2309, 420, 1822, 1094, 1086, 1096]	105712
195	0.9525592136837545	0.9921985693627638	1.780457846853921	3.7079541450811853	[2004, 19, 1987, 334, 1086, 1112]	3170530
196	0.9532913245836966	0.9923430403004905	1.780457846853921	3.363125263892072	[432, 422, 19, 334, 1086, 1096]	166462
197	0.9540121374759235	0.9924848358504814	1.780457846853921	2.790120672112291	[241, 217, 132, 1108, 1086, 1112]	99718
198	0.9547218267124061	0.9926852402278019	1.780457846853921	2.961062504761295	[241, 1587, 132, 1108, 1086, 1112]	111387
199	0.9554205639544987	0.9928206987421018	1.780457846853921	2.723312616127263	[107, 734, 1203, 174, 1086, 1112]	104960
200	0.9561085182144601	0.9929536487653963	1.780457846853921	3.6425874947946353	[119, 409, 19, 334, 1086, 1112]	97767
201	0.9567858558963357	0.9931102343483874	1.780457846853921	3.464547836593158	[1726, 132, 217, 261, 1086, 1112]	99574
202	0.9574527408362071	0.9932378226011951	1.780457846853921	2.426484904269537	[734, 19, 132, 1108, 1086, 1112]	97440
203	0.9581093343418212	0.9933630481085803	1.780457846853921	3.397083781329468	[241, 132, 387, 344, 1086, 1096]	98515
204	0.9587557952316079	0.9935105359283897	1.780457846853921	3.451071680941741	[2872, 241, 19, 334, 1086, 1112]	93864
205	0.9593922798730954	0.9937181987786812	1.780457846853921	3.4347039664096126	[421, 438, 2627, 261, 1086, 1112]	97467
206	0.9600189422207328	0.9939192164177634	1.780457846853921	3.184750484208875	[5414, 19, 132, 1108, 1086, 1112]	108404
207	0.960635933853129	0.9941138014923949	1.780457846853921	3.9616871501273216	[87, 1265, 193, 1115, 1086, 1112]	103004
208	0.9612434040097164	0.9942707667859311	1.780457846853921	3.4393549165098385	[241, 1031, 132, 1094, 1086, 1112]	97645
209	0.9618414996268504	0.9943980830795771	1.780457846853921	3.5247094981667253	[2387, 1663, 1546, 234, 1086, 1112]	118476
210	0.9624303653733497	0.9945018222818072	1.780457846853921	3.213233408312252	[241, 132, 217, 261, 1086, 1112]	2037834
211	0.9630101436854893	0.9946240040088781	1.780457846853921	4.0018950002973295	[2309, 420, 1546, 234, 1086, 1096]	282969
212	0.963580974801454	0.9947434705864586	1.780457846853921	3.0373270629232803	[846, 734, 1203, 174, 1086, 1112]	93525
213	0.9641429967952587	0.9949453213159386	1.780457846853921	3.4714239837057717	[1586, 1587, 132, 1108, 1086, 1112]	84978
214	0.9646963456101467	0.9950801127475135	1.780457846853921	2.9611430034036257	[781, 19, 132, 1108, 1086, 1112]	83835
215	0.9652411550914716	0.9952113097409132	1.780457846853921	3.2554358471025484	[1580, 438, 2627, 261, 1086, 1096]	83064
216	0.9657775570190723	0.995317725080004	1.780457846853921	3.4669248454207757	[3819, 438, 2627, 261, 1086, 1112]	83754
217	0.9663056811391484	0.9954217756337816	1.780457846853921	2.5286478000845856	[2872, 241, 132, 1108, 1086, 1112]	83014
218	0.966825655195643	0.9955065575664894	1.780457846853921	3.8498112984743313	[101, 370, 1713, 174, 1086, 1112]	83628
219	0.9673376049611423	0.9956263826980497	1.780457846853921	3.6060011103515626	[677, 132, 1713, 174, 1086, 1112]	83526
220	0.9678416542672975	0.9957073756110488	1.780457846853921	2.1779675373280734	[2627, 301, 10, 734, 19, 794]	83179
221	0.9683379250347776	0.9957868686552886	1.780457846853921	3.459532293516329	[2764, 258, 132, 1108, 1086, 1112]	82398
222	0.9688265373027594	0.995899218824481	1.780457846853921	3.529057945505385	[1791, 420, 1822, 1094, 1086, 1112]	81830
223	0.9693076092579637	0.995990347295048	1.780457846853921	3.575302319672975	[1851, 159, 1713, 174, 1086, 1112]	82543
224	0.969781257263242	0.9960646001229175	1.780457846853921	3.56678126317036	[19, 241, 217, 261, 1086, 1112]	82261
225	0.9702475958857228	0.9961905329189842	1.780457846853921	3.4885679563002645	[3869, 438, 2627, 261, 1086, 1112]	107379
226	0.9707067379245234	0.9962610786056696	1.780457846853921	3.592725015116719	[2149, 420, 158, 1115, 1086, 1112]	81232
227	0.9711587944380339	0.9963607831761851	1.780457846853921	3.5779691026203686	[160, 320, 836, 1089, 1086, 1112]	81677
228	0.9716038747707803	0.9964578289581535	1.780457846853921	3.5253359932117423	[1849, 420, 158, 1115, 1086, 1112]	80959
229	0.9720420865798731	0.9965234247181877	1.780457846853921	2.5872420769840634	[811, 3459, 1203, 174, 1086, 1112]	82674
230	0.9724735358610479	0.9966006819466724	1.780457846853921	3.7379752745274795	[1712, 132, 1713, 174, 1086, 1112]	81338
231	0.9728983269743033	0.9966762223478575	1.780457846853921	3.528922042863038	[2528, 3459, 1203, 174, 1086, 1112]	81865
232	0.9733165626691443	0.9967825832327261	1.780457846853921	3.0466300264731196	[4118, 23, 5272, 174, 1086, 1112]	81544
233	0.9737283441094353	0.9968421650247126	1.780457846853921	3.5605912733082006	[241, 19, 1987, 334, 1086, 1112]	81769
234	0.97413377089787	0.9969123391352746	1.780457846853921	3.528922042863038	[2528, 3459, 1203, 174, 1086, 1112]	81529
235	0.9745329411000634	0.9969946767583339	1.780457846853921	3.184750484208875	[432, 19, 132, 1108, 1086, 1112]	83064
236	0.9749259512682722	0.9970503308924388	1.780457846853921	2.8070241504084494	[3621, 1720, 132, 1108, 1086, 1112]	81510
237	0.9753128964647495	0.9971447203038808	1.780457846853921	3.6917975251449304	[1529, 156, 1713, 174, 1086, 1112]	81743
238	0.975693870284738	0.9972208610957772	1.780457846853921	3.58506169461264	[241, 1720, 132, 1094, 1086, 1112]	82180
239	0.9760689648791093	0.9972826197380933	1.780457846853921	3.5995927639097713	[300, 301, 2627, 261, 1086, 1112]	82850
240	0.9764382709766539	0.9973550832117442	1.780457846853921	2.426484904269537	[734, 19, 132, 1108, 1086, 1112]	81707
241	0.9768018779060265	0.9974256143260977	1.780457846853921	4.024043502051217	[2149, 420, 158, 1089, 1086, 1112]	83197
242	0.9771598736173532	0.9974942646107351	1.780457846853921	3.213233408312252	[241, 132, 217, 261, 1086, 1096]	80446
243	0.9775123447035052	0.9975499476193854	1.780457846853921	3.3383536017876443	[2872, 241, 132, 1094, 1086, 1112]	81450
244	0.9778593764210437	0.9975953189597672	1.780457846853921	3.3692329725658183	[1580, 301, 2627, 261, 1086, 1112]	81254
245	0.9782010527108425	0.9976324282350794	1.780457846853921	2.8879805150985174	[1742, 400, 654, 132, 19, 794]	81136
246	0.9785374562183912	0.9976850409409665	1.780457846853921	3.0373270629232803	[846, 734, 1203, 174, 1086, 1112]	81147
247	0.9788686683137864	0.9977364844756117	1.780457846853921	3.334919766974785	[1715, 132, 19, 334, 1086, 1112]	81938
248	0.9791947691114131	0.9977867848205981	1.780457846853921	4.179683268331422	[377, 162, 420, 458, 1086, 1112]	81694
249	0.9795158374893234	0.9978458038920488	1.780457846853921	3.70195466250723	[241, 1209, 132, 1094, 1086, 1112]	81630
250	0.9798319511083153	0.9978856964125664	1.780457846853921	3.752824415762799	[10, 161, 1713, 174, 1086, 1112]	82095
251	0.9801431864307178	0.9979420778415646	1.780457846853921	2.6296491148067798	[241, 1031, 132, 1108, 1086, 1112]	81532
252	0.9804496187388858	0.9980211020524485	1.780457846853921	2.892248860804172	[241, 1209, 132, 1108, 1086, 1096]	82305
253	0.9807513221534092	0.9980650775623942	1.780457846853921	2.793516874800511	[1259, 734, 1203, 174, 1086, 1096]	82327
254	0.9810483696510417	0.9981009094593869	1.780457846853921	3.833920023961542	[2764, 400, 19, 334, 1086, 1112]	81309
255	0.9813408330823528	0.9981360778027315	1.780457846853921	3.5432222043472263	[87, 1265, 255, 174, 1086, 1112]	82839
256	0.9816287831891066	0.9981705948804588	1.780457846853921	3.7232750780577044	[734, 19, 387, 344, 1086, 1112]	82948
257	0.9819122896213734	0.9982044727530428	1.780457846853921	3.221273652630817	[19, 132, 217, 261, 1086, 1112]	83572
258	0.982191420954377	0.9982619296249454	1.780457846853921	3.4455895737600724	[190, 196, 1078, 334, 1086, 1112]	81789
259	0.982466244705081	0.9983175478769473	1.780457846853921	2.7751196038897037	[1819, 241, 132, 1108, 1086, 1112]	81557
260	0.9827368273485212	0.9983487043977445	1.780457846853921	3.459532293516329	[2764, 258, 132, 1108, 1086, 1112]	80854
261	0.9830032343338835	0.9983792839459344	1.780457846853921	3.56678126317036	[19, 241, 217, 261, 1086, 1112]	80178
262	0.9832655301003359	0.9984311468596645	1.780457846853921	3.204410474350957	[5032, 23, 5272, 174, 1086, 1112]	82339
263	0.9835237780926147	0.9984601996955966	1.780457846853921	2.723312616127263	[107, 734, 1203, 174, 1086, 1112]	81002
264	0.9837780407763707	0.9985094733053376	1.780457846853921	2.6743890052643993	[2004, 19, 132, 1108, 1086, 1112]	81974
265	0.9840283796532785	0.9985492206838619	1.780457846853921	3.5644935086479057	[1414, 3251, 3248, 334, 1086, 1112]	81644
266	0.9842748552759131	0.9985760869674941	1.780457846853921	3.221273652630817	[19, 132, 217, 261, 1086, 1112]	81223
267	0.9845175272623958	0.9986140579816942	1.780457846853921	4.125894445927422	[276, 132, 387, 344, 1086, 1112]	82085
268	0.9847564543108157	0.9986510164355157	1.780457846853921	3.4347039664096126	[421, 438, 2627, 261, 1086, 1112]	83860
269	0.9849916942134266	0.9986759976126358	1.780457846853921	2.5872420769840634	[811, 3459, 1203, 174, 1086, 1112]	81323
270	0.9852233038706267	0.9987054198879105	1.780457846853921	2.7751196038897037	[1819, 241, 132, 1108, 1086, 1112]	81897
271	0.9854513393047221	0.9987468464514975	1.780457846853921	2.7751196038897037	[1819, 241, 132, 1108, 1086, 1112]	81318
272	0.9856758556734764	0.9987746943081308	1.780457846853921	2.793516874800511	[1259, 734, 1203, 174, 1086, 1112]	82348
273	0.9858969072834536	0.9988019233235057	1.780457846853921	3.0373270629232803	[3284, 734, 1203, 174, 1086, 1112]	83207
274	0.9861145476031533	0.9988241099286259	1.780457846853921	3.4607062329820666	[420, 158, 1713, 174, 1086, 1112]	81694
275	0.9863288292759441	0.9988502408191009	1.780457846853921	3.986416041593368	[1548, 241, 132, 1094, 1086, 1112]	81318
276	0.9865398041327968	0.9988715326557842	1.780457846853921	3.575302319672975	[1851, 159, 1713, 174, 1086, 1112]	80788
277	0.9867475232048216	0.998896609707878	1.780457846853921	3.770768306464354	[318, 158, 1713, 174, 1086, 1096]	82223
278	0.9869520367356114	0.9989170428614358	1.780457846853921	3.0836053386938795	[241, 132, 19, 334, 1086, 1096]	81099
279	0.9871533941933952	0.9989516974898698	1.780457846853921	3.6060011103515626	[3179, 843, 3094, 174, 1086, 1112]	82300
280	0.9873516442830033	0.9989711104993166	1.780457846853921	3.3286916908759068	[19, 241, 132, 1094, 1086, 1112]	81504
281	0.9875468349576483	0.9989939747104429	1.780457846853921	3.8003643798949636	[1550, 420, 158, 1115, 1086, 1112]	82369
282	0.9877390134305241	0.9990261675197087	1.780457846853921	3.671150278463103	[2490, 390, 3248, 334, 1086, 1112]	81606
283	0.9879282261862259	0.999047808241493	1.780457846853921	3.5247094981667253	[2387, 1663, 1546, 234, 1086, 1112]	81612
284	0.988114518991994	0.9990732000217198	1.780457846853921	2.870736037412858	[3, 19, 132, 1108, 1086, 1112]	81966
285	0.9882979369087842	0.9991028576210248	1.780457846853921	3.0466300264731196	[4118, 23, 5272, 174, 1086, 1112]	81791
286	0.9884785243021672	0.999131566177152	1.780457846853921	3.968113998049585	[2306, 420, 1822, 1094, 1086, 1112]	82894
287	0.9886563248530597	0.999154724412428	1.780457846853921	2.518985889172849	[19, 241, 132, 1108, 1086, 1112]	82022
288	0.9888313815682902	0.9991772650947632	1.780457846853921	3.9128741871805746	[10, 107, 836, 1089, 1086, 1112]	81283
289	0.9890037367910018	0.9991925009263417	1.780457846853921	2.1976818767155635	[10, 734, 1203, 174, 1086, 1112]	83466
290	0.9891734322108937	0.9992140342349726	1.780457846853921	3.58506169461264	[241, 1720, 132, 1094, 1086, 1096]	81250
291	0.9893405088743059	0.99923499332204	1.780457846853921	3.5432222043472263	[87, 1265, 255, 174, 1086, 1112]	80417
292	0.9895050071941468	0.9992491601123726	1.780457846853921	2.7266252539510933	[331, 241, 132, 1108, 1086, 1112]	80795
293	0.9896669669596693	0.999269182509376	1.780457846853921	3.8388357754274143	[158, 420, 1582, 1087, 1086, 1112]	81644
294	0.9898264273460942	0.9992886709757927	1.780457846853921	3.5779691026203686	[157, 320, 836, 1089, 1086, 1112]	81540
295	0.9899834269240865	0.9993114335045673	1.780457846853921	3.585810503855643	[2040, 438, 2627, 261, 1086, 1112]	81186
296	0.9901380036690851	0.9993297952777788	1.780457846853921	3.7708488051066844	[781, 19, 132, 1094, 1086, 1112]	81582
297	0.9902901949704882	0.9993512418288899	1.780457846853921	3.5995927639097713	[300, 301, 2627, 261, 1086, 1112]	81277
298	0.9904400376406967	0.9993685420467862	1.780457846853921	3.5005121038821185	[734, 10, 158, 1115, 1086, 1112]	80921
299	0.9905875679240193	0.9993853809255385	1.780457846853921	3.459532293516329	[2764, 258, 132, 1108, 1086, 1112]	80900
300	0.9907328215054387	0.9993990391271932	1.780457846853921	3.409802677289374	[1791, 420, 158, 1115, 1086, 1112]	82281
301	0.9908758335192437	0.9994123938132556	1.780457846853921	3.4686455498577784	[732, 734, 1203, 174, 1086, 1112]	81948
302	0.991016638557527	0.9994358980607254	1.780457846853921	3.866616265254481	[4345, 1402, 1078, 334, 1086, 1112]	81535
303	0.9911552706785528	0.9994539493227822	1.780457846853921	2.6743890052643993	[2004, 19, 132, 1108, 1086, 1112]	81677
304	0.9912917634149948	0.9994685106741746	1.780457846853921	3.752824415762799	[10, 161, 1713, 174, 1086, 1112]	82388
305	0.9914261497820474	0.999485518332601	1.780457846853921	2.6743890052643993	[2004, 19, 132, 1108, 1086, 1096]	83178
306	0.9915584622854109	0.9994969512585432	1.780457846853921	3.464547836593158	[1715, 132, 217, 261, 1086, 1112]	81324
307	0.9916887329291545	0.9995081301194645	1.780457846853921	3.5848254055927624	[1819, 241, 132, 1094, 1086, 1096]	81030
308	0.9918169932234577	0.9995190605612542	1.780457846853921	3.464547836593158	[1715, 132, 217, 261, 1086, 1112]	80830
309	0.9919432741922315	0.9995297481043374	1.780457846853921	3.363125263892072	[432, 422, 19, 334, 1086, 1112]	81847
310	0.992067606380623	0.9995401981464632	1.780457846853921	3.334919766974785	[1726, 132, 19, 334, 1086, 1096]	81586
311	0.9921900198624035	0.9995504159654307	1.780457846853921	4.012957617861208	[1974, 1969, 254, 174, 1086, 1112]	81416
312	0.992310544247243	0.9995604067217545	1.780457846853921	3.451071680941741	[2872, 241, 19, 334, 1086, 1112]	82017
313	0.9924292086878719	0.9995685473380183	1.780457846853921	3.7669971618612905	[1879, 496, 217, 261, 1086, 1112]	81628
314	0.9925460418871331	0.9995800527423379	1.780457846853921	3.6412264034130413	[107, 10, 158, 1115, 1086, 1112]	82212
315	0.9926610721049243	0.9995934910545831	1.780457846853921	4.237730469874274	[1392, 1268, 1010, 1105, 1086, 1112]	81303
316	0.9927743271650334	0.9996043312931274	1.780457846853921	2.6296491148067798	[241, 1031, 132, 1108, 1086, 1112]	81556
317	0.9928858344618694	0.9996116584914029	1.780457846853921	2.723312616127263	[107, 734, 1203, 174, 1086, 1112]	81413
318	0.9929956209670875	0.9996188500008213	1.780457846853921	2.4697094311249286	[1742, 400, 19, 409, 4290, 794]	82223
319	0.9931037132361139	0.9996259083341394	1.780457846853921	2.518985889172849	[19, 241, 132, 1108, 1086, 1112]	82759
320	0.9932101374145689	0.9996328359575813	1.780457846853921	2.702639471550251	[77, 19, 132, 1108, 1086, 1112]	82559
321	0.993314919244591	0.9996504598316174	1.780457846853921	3.069833347705165	[2607, 1587, 132, 1108, 1086, 1112]	83145
322	0.9934180840710634	0.9996569327976986	1.780457846853921	3.4051240256480337	[19, 132, 387, 344, 1086, 1112]	80986
323	0.9935196568477445	0.9996645565133053	1.780457846853921	3.5253359932117423	[1849, 420, 158, 1115, 1086, 1112]	82359
324	0.993619662143304	0.9996735016729504	1.780457846853921	3.5605912733082006	[241, 19, 1987, 334, 1086, 1112]	80697
325	0.9937181241472653	0.9996839496194161	1.780457846853921	2.6743890052643993	[2004, 19, 132, 1108, 1086, 1112]	82046
326	0.993815066675857	0.999692377629565	1.780457846853921	3.6167299521115073	[3621, 1720, 132, 1094, 1086, 1112]	80514
327	0.9939105131777727	0.9996980743401286	1.780457846853921	3.213233408312252	[241, 132, 217, 261, 1086, 1112]	82109
328	0.9940044867398441	0.9997036655560522	1.780457846853921	2.4756583053523458	[1792, 496, 3366, 793, 2372, 794]	81507
329	0.9940970100926243	0.9997131482582584	1.780457846853921	3.5253359932117423	[1849, 420, 158, 1115, 1086, 1112]	82220
330	0.9941881056158863	0.9997223275139941	1.780457846853921	3.5995927639097713	[300, 301, 2627, 261, 1086, 1112]	82264
331	0.9942777953440362	0.999729732113621	1.780457846853921	3.5253359932117423	[1849, 420, 158, 1115, 1086, 1096]	82630
332	0.9943661009714431	0.9997357380666516	1.780457846853921	3.464547836593158	[1726, 132, 217, 261, 1086, 1112]	82997
333	0.9944530438576862	0.9997458857248922	1.780457846853921	3.70195466250723	[241, 1209, 132, 1094, 1086, 1112]	82333
334	0.9945386450327219	0.9997540173816957	1.780457846853921	3.585810503855643	[2040, 438, 2627, 261, 1086, 1112]	82942
335	0.99462292520197	0.9997585726153679	1.780457846853921	3.5605912733082006	[241, 19, 1987, 334, 1086, 1112]	82319
336	0.9947059047513224	0.9997650106789582	1.780457846853921	4.096215841573712	[241, 132, 239, 234, 1086, 1112]	82268
337	0.9947876037520735	0.9997725303372315	1.780457846853921	4.133167556076189	[2040, 545, 132, 1094, 1086, 1112]	82578
338	0.994868041965776	0.9997767427383939	1.780457846853921	2.545237350214759	[811, 734, 1203, 174, 1086, 1112]	81486
339	0.9949472388490203	0.9997838869707653	1.780457846853921	3.6060011103515626	[1723, 132, 1713, 174, 1086, 1112]	81717
340	0.9950252135581403	0.9997896499848782	1.780457846853921	3.5779691026203686	[160, 320, 836, 1089, 1086, 1112]	81665
341	0.995101984953848	0.9997935453555286	1.780457846853921	3.5492810816234277	[158, 420, 1822, 1094, 1086, 1096]	81914
342	0.9951775716057949	0.9997990508127145	1.780457846853921	3.484094806967457	[2004, 19, 132, 1094, 1086, 1112]	80084
343	0.9952519917970635	0.9998054811867076	1.780457846853921	3.459532293516329	[2764, 258, 132, 1108, 1086, 1112]	81688
344	0.9953252635285903	0.999809803827003	1.780457846853921	3.334919766974785	[1726, 132, 19, 334, 1086, 1112]	81582
345	0.9953974045235194	0.9998140304086252	1.780457846853921	3.616068971143373	[21, 19, 132, 1108, 1086, 1112]	80807
346	0.9954684322314897	0.9998181630662113	1.780457846853921	3.6445912614277525	[1849, 420, 1822, 1094, 1086, 1112]	82521
347	0.9955383638328557	0.999821530416837	1.780457846853921	3.363125263892072	[432, 422, 19, 334, 1086, 1096]	82686
348	0.9956072162428424	0.9998283836488304	1.780457846853921	3.4714239837057717	[2146, 1728, 132, 1108, 1086, 1112]	81756
349	0.9956750061156381	0.9998329600848617	1.780457846853921	3.5779691026203686	[257, 320, 836, 1089, 1086, 1112]	81346
350	0.9957417498484215	0.9998360534166235	1.780457846853921	3.5504141572377215	[10, 158, 1713, 174, 1086, 1096]	81089
351	0.9958074635853286	0.9998390894644638	1.780457846853921	3.0091646099295257	[241, 132, 1713, 174, 1086, 1112]	80337
352	0.9958721632213574	0.9998433804120781	1.780457846853921	2.2790614829839417	[19, 734, 1203, 174, 1086, 1112]	81719
353	0.9959358644062131	0.9998468608473652	1.780457846853921	3.663877168314336	[2309, 420, 1822, 1094, 1086, 1112]	81593
354	0.9959985825480925	0.9998529864134706	1.780457846853921	3.4225800030903457	[4196, 1663, 1546, 234, 1086, 1112]	82543
355	0.996060332817412	0.9998569067757781	1.780457846853921	3.5779691026203686	[157, 320, 836, 1089, 1086, 1112]	81205
356	0.9961211301504767	0.9998600866252052	1.780457846853921	3.0373270629232803	[846, 734, 1203, 174, 1086, 1112]	80761
357	0.9961809892530927	0.9998626776136273	1.780457846853921	3.236190705972595	[734, 19, 132, 1094, 1086, 1112]	82142
358	0.9962399246041252	0.9998657292222134	1.780457846853921	3.464547836593158	[1726, 132, 217, 261, 1086, 1112]	80930
359	0.9962979504589998	0.9998682157180984	1.780457846853921	3.363125263892072	[432, 422, 19, 334, 1086, 1112]	80700
360	0.9963550808531512	0.9998711442576962	1.780457846853921	3.697543484746859	[1819, 241, 19, 334, 1086, 1112]	81981
361	0.9964113296054173	0.9998745804108242	1.780457846853921	3.459532293516329	[2764, 258, 132, 1108, 1086, 1112]	80667
362	0.9964667103213831	0.9998779249332023	1.780457846853921	3.5779691026203686	[160, 320, 836, 1089, 1086, 1112]	81768
363	0.9965212363966703	0.9998806377124645	1.780457846853921	3.4669248454207757	[3819, 438, 2627, 261, 1086, 1112]	82043
364	0.9965749210201785	0.9998838207067987	1.780457846853921	3.673264351591776	[21, 1417, 5272, 174, 1086, 1112]	81886
365	0.9966277771772746	0.9998869188212841	1.780457846853921	3.5644935086479057	[1414, 3251, 3248, 334, 1086, 1112]	81679
366	0.9966798176529339	0.9998894317363667	1.780457846853921	3.6804418391159164	[545, 132, 19, 334, 1086, 1112]	82292
367	0.9967310550348331	0.9998929699208029	1.780457846853921	3.204410474350957	[5032, 23, 5272, 174, 1086, 1096]	81501
368	0.9967815017163943	0.9998953483670073	1.780457846853921	3.5764431740820974	[2872, 241, 217, 261, 1086, 1112]	81588
369	0.9968311698997833	0.999898697219263	1.780457846853921	3.6060011103515626	[1872, 843, 3094, 174, 1086, 1112]	83658
370	0.9968800715988607	0.9999009483921684	1.780457846853921	3.848858729833574	[2307, 420, 158, 1115, 1086, 1112]	81289
371	0.9969282186420881	0.9999035897683772	1.780457846853921	3.5432222043472263	[87, 1265, 255, 174, 1086, 1112]	80965
372	0.9969756226753893	0.9999053751430369	1.780457846853921	3.626211045907998	[1580, 438, 132, 1108, 1086, 1112]	81274
373	0.9970222951649665	0.9999085293049357	1.780457846853921	2.793516874800511	[1259, 734, 1203, 174, 1086, 1096]	81745
374	0.9970682474000752	0.9999102232066961	1.780457846853921	3.585810503855643	[10, 438, 2627, 261, 1086, 1112]	80514
375	0.9971134904957529	0.9999118857399054	1.780457846853921	3.2554358471025484	[1580, 438, 2627, 261, 1086, 1112]	81000
376	0.9971580353955098	0.9999138438345742	1.780457846853921	3.0373270629232803	[846, 734, 1203, 174, 1086, 1112]	81346
377	0.9972018928739742	0.9999161413323189	1.780457846853921	3.70195466250723	[241, 1209, 132, 1094, 1086, 1112]	81276
378	0.9972450735394993	0.9999176942706093	1.780457846853921	2.2790614829839417	[19, 734, 1203, 174, 1086, 1096]	81889
379	0.9972875878367292	0.9999192184507831	1.780457846853921	3.3286916908759068	[19, 241, 132, 1094, 1086, 1112]	81389
380	0.9973294460491254	0.9999210135963214	1.780457846853921	3.260479038210432	[1715, 132, 1713, 174, 1086, 1112]	82655
381	0.9973706583014538	0.999923541161239	1.780457846853921	3.0466300264731196	[4118, 23, 5272, 174, 1086, 1112]	81764
382	0.9974112345622338	0.9999259878440794	1.780457846853921	3.5995927639097713	[300, 301, 2627, 261, 1086, 1112]	82241
383	0.9974511846461499	0.9999273584395594	1.780457846853921	3.775462889659569	[420, 158, 1546, 234, 1086, 1112]	81729
384	0.9974905182164254	0.9999287036536416	1.780457846853921	2.723312616127263	[107, 734, 1203, 174, 1086, 1112]	82086
385	0.9975292447871595	0.9999306048895445	1.780457846853921	2.870736037412858	[3, 19, 132, 1108, 1086, 1096]	83837
386	0.9975673737256293	0.9999318899841826	1.780457846853921	3.0091646099295257	[241, 132, 1713, 174, 1086, 1112]	80879
387	0.9976049142545548	0.9999337062512711	1.780457846853921	3.5492810816234277	[158, 420, 1822, 1094, 1086, 1112]	81863
388	0.9976418754543301	0.9999349339132846	1.780457846853921	3.5253359932117423	[1849, 420, 158, 1115, 1086, 1112]	81253
389	0.9976782662652202	0.9999366690089303	1.780457846853921	3.184750484208875	[732, 19, 132, 1108, 1086, 1112]	81636
390	0.9977140954895223	0.9999380763642874	1.780457846853921	2.793516874800511	[1259, 734, 1203, 174, 1086, 1112]	80871
391	0.9977493717936964	0.9999397276612397	1.780457846853921	3.7536729288630175	[2789, 2558, 255, 174, 1086, 1112]	81396
392	0.9977841037104603	0.9999413349236067	1.780457846853921	2.5872420769840634	[811, 3459, 1203, 174, 1086, 1112]	81593
393	0.9978182996408544	0.9999432122060513	1.780457846853921	3.4347039664096126	[421, 438, 2627, 261, 1086, 1112]	80677
394	0.9978519678562733	0.9999442638318652	1.780457846853921	3.236190705972595	[734, 19, 132, 1094, 1086, 1112]	82058
395	0.9978851165004666	0.9999460473892454	1.780457846853921	3.5005121038821185	[734, 10, 158, 1115, 1086, 1112]	80997
396	0.9979177535915088	0.9999470465116669	1.780457846853921	2.702639471550251	[77, 19, 132, 1108, 1086, 1112]	81254
397	0.9979498870237387	0.9999484586046891	1.780457846853921	2.518985889172849	[19, 241, 132, 1108, 1086, 1112]	81537
398	0.9979815245696686	0.9999496039690293	1.780457846853921	3.464547836593158	[1715, 132, 217, 261, 1086, 1096]	80669
399	0.9980126738818651	0.9999505372288621	1.780457846853921	3.599826473815349	[241, 217, 132, 1094, 1086, 1096]	82021
400	0.9980433424947992	0.9999513005432314	1.780457846853921	2.3677454998477403	[158, 420, 1582, 793, 2372, 794]	82475
401	0.9980735378266696	0.999952599195412	1.780457846853921	3.459532293516329	[2764, 258, 132, 1108, 1086, 1112]	83475
402	0.9981032671811964	0.9999541160211588	1.780457846853921	3.4347039664096126	[421, 438, 2627, 261, 1086, 1112]	81507
403	0.9981325377493877	0.9999553395939279	1.780457846853921	2.775355892909582	[241, 1720, 132, 1108, 1086, 1112]	81555
404	0.9981613566112799	0.9999561666384847	1.780457846853921	3.0091646099295257	[241, 132, 1713, 174, 1086, 1112]	81387
405	0.998189730737649	0.9999573355281252	1.780457846853921	3.6178645301457264	[10, 301, 2627, 261, 1086, 1096]	81070
406	0.9982176669916977	0.9999584732473752	1.780457846853921	3.221273652630817	[19, 132, 217, 261, 1086, 1112]	80876
407	0.9982451721307147	0.9999595806274452	1.780457846853921	2.7680487963085754	[2627, 438, 1580, 684, 389, 794]	81531
408	0.9982722528077098	0.99996065847738	1.780457846853921	2.426484904269537	[734, 19, 132, 1108, 1086, 1112]	81675
409	0.998298915573023	0.9999617075846499	1.780457846853921	2.426484904269537	[734, 19, 132, 1108, 1086, 1112]	81963
410	0.9983251668759084	0.9999622985169855	1.780457846853921	2.3677454998477403	[158, 420, 1582, 793, 2372, 794]	81558
411	0.998351013066095	0.999963504964442	1.780457846853921	3.5253359932117423	[1849, 420, 158, 1115, 1086, 1112]	81890
412	0.9983764603953219	0.9999644781653901	1.780457846853921	2.870736037412858	[3, 19, 132, 1108, 1086, 1112]	82050
413	0.9984015150188509	0.9999651359771422	1.780457846853921	3.6440743024501234	[1265, 415, 255, 174, 1086, 1112]	81259
414	0.9984261829969551	0.9999659107332057	1.780457846853921	2.940940296086106	[1548, 19, 132, 1108, 1086, 1096]	81288
415	0.9984504702963848	0.9999666682724678	1.780457846853921	3.464547836593158	[1726, 132, 217, 261, 1086, 1112]	81669
416	0.9984743827918109	0.9999677348877488	1.780457846853921	3.260479038210432	[1715, 132, 1713, 174, 1086, 1112]	80748
417	0.998497926267246	0.9999685952907422	1.780457846853921	2.870736037412858	[3, 19, 132, 1108, 1086, 1112]	82902
418	0.9985211064174427	0.9999696002414384	1.780457846853921	3.0466300264731196	[4118, 23, 5272, 174, 1086, 1112]	80742
419	0.9985439288492723	0.9999701631999304	1.780457846853921	2.426484904269537	[734, 19, 132, 1108, 1086, 1112]	81268
420	0.9985663990830799	0.9999711179775326	1.780457846853921	3.4669248454207757	[3819, 438, 2627, 261, 1086, 1112]	79659
421	0.99858852255402	0.9999720422022516	1.780457846853921	4.022179304717063	[988, 420, 1582, 1087, 1086, 1112]	81063
422	0.9986103046133715	0.9999727877435248	1.780457846853921	2.518985889172849	[19, 241, 132, 1108, 1086, 1112]	80833
423	0.9986317505298319	0.9999735134036974	1.780457846853921	2.460543902376326	[1819, 1513, 1031, 241, 19, 794]	82540
424	0.9986528654907912	0.9999740038962216	1.780457846853921	2.1976818767155635	[10, 734, 1203, 174, 1086, 1112]	81414
425	0.9986736546035877	0.9999744853055509	1.780457846853921	3.9616871501273216	[87, 1265, 193, 1115, 1086, 1112]	81578
426	0.9986941228967422	0.9999749577998925	1.780457846853921	3.4051240256480337	[19, 132, 387, 344, 1086, 1096]	81597
427	0.9987142753211752	0.9999757591502959	1.780457846853921	3.0373270629232803	[846, 734, 1203, 174, 1086, 1112]	82654
428	0.998734116751404	0.9999765348574865	1.780457846853921	3.4455895737600724	[190, 196, 1078, 334, 1086, 1112]	82039
429	0.9987536519867218	0.9999772857420469	1.780457846853921	3.597226074150603	[846, 10, 158, 1115, 1086, 1096]	80371
430	0.9987728857523588	0.9999780125983014	1.780457846853921	4.171406373824202	[318, 158, 420, 458, 1086, 1112]	80904
431	0.9987918227006248	0.999978501207228	1.780457846853921	3.5673687331398343	[2297, 400, 19, 334, 1086, 1112]	82607
432	0.9988104674120349	0.9999789789581786	1.780457846853921	2.7751196038897037	[1819, 241, 132, 1108, 1086, 1112]	80819
433	0.9988288243964172	0.9999795395192937	1.780457846853921	3.3692329725658183	[1580, 301, 2627, 261, 1086, 1112]	82885
434	0.9988468980940033	0.9999799184170847	1.780457846853921	2.5872420769840634	[811, 3459, 1203, 174, 1086, 1112]	80541
435	0.9988646928765033	0.9999805610277379	1.780457846853921	3.592725015116719	[2149, 420, 158, 1115, 1086, 1112]	81298
436	0.9988822130481622	0.9999809210087057	1.780457846853921	3.3286916908759068	[19, 241, 132, 1094, 1086, 1096]	81937
437	0.9988994628468016	0.9999812743233594	1.780457846853921	3.0091646099295257	[241, 132, 1713, 174, 1086, 1112]	80399
438	0.9989164464448448	0.9999817736747364	1.780457846853921	2.6296491148067798	[241, 1031, 132, 1108, 1086, 1112]	81323
439	0.9989331679503256	0.9999823569171449	1.780457846853921	3.184750484208875	[3167, 19, 132, 1108, 1086, 1112]	80819
440	0.9989496314078823	0.9999828273993543	1.780457846853921	3.673264351591776	[21, 1417, 5272, 174, 1086, 1112]	82685
441	0.9989658407997359	0.9999831454104774	1.780457846853921	3.5492810816234277	[158, 420, 1822, 1094, 1086, 1112]	82867
442	0.9989818000466536	0.999983594866198	1.780457846853921	2.426484904269537	[734, 19, 132, 1108, 1086, 1112]	81256
443	0.9989975130088966	0.9999838986649721	1.780457846853921	3.7536729288630175	[87, 415, 255, 174, 1086, 1112]	81773
444	0.9990129834871544	0.999984196837843	1.780457846853921	3.221273652630817	[19, 132, 217, 261, 1086, 1096]	81688
445	0.9990282152234637	0.9999846182555006	1.780457846853921	3.56678126317036	[19, 241, 217, 261, 1086, 1112]	82399
446	0.999043211902114	0.9999850284353539	1.780457846853921	2.1976818767155635	[10, 734, 1203, 174, 1086, 1112]	81927
447	0.9990579771505381	0.9999854276770778	1.780457846853921	2.9611430034036257	[781, 19, 132, 1108, 1086, 1112]	82383
448	0.9990725145401903	0.9999856975349096	1.780457846853921	2.5872420769840634	[811, 3459, 1203, 174, 1086, 1112]	81956
449	0.9990868275874096	0.9999859623953743	1.780457846853921	3.0836053386938795	[241, 132, 19, 334, 1086, 1112]	83259
450	0.9991009197542706	0.9999863367314976	1.780457846853921	3.236190705972595	[734, 19, 132, 1094, 1086, 1096]	80979
451	0.9991147944494208	0.9999867739560897	1.780457846853921	3.833928826683146	[5211, 168, 132, 1108, 1086, 1112]	81459
452	0.999128455028905	0.9999871971894948	1.780457846853921	3.5995927639097713	[300, 301, 2627, 261, 1086, 1112]	80903
453	0.9991419047969774	0.999987606879431	1.780457846853921	3.4885679563002645	[3869, 438, 2627, 261, 1086, 1112]	81738
454	0.9991551470069007	0.9999879373626461	1.780457846853921	2.8070241504084494	[3621, 1720, 132, 1108, 1086, 1112]	78228
455	0.9991681848617324	0.9999881607448193	1.780457846853921	4.060426060674069	[734, 10, 494, 636, 1086, 1112]	79284
456	0.9991810215151007	0.9999885396009851	1.780457846853921	3.750646097789165	[1548, 19, 132, 1094, 1086, 1112]	79718
457	0.9991936600719664	0.9999887942765188	1.780457846853921	3.4225800030903457	[4196, 1663, 1546, 234, 1086, 1112]	80866
458	0.9992061035893743	0.9999890017899166	1.780457846853921	3.0836053386938795	[241, 132, 19, 334, 1086, 1112]	80168
459	0.9992183550771927	0.9999893537326393	1.780457846853921	3.204410474350957	[5032, 23, 5272, 174, 1086, 1112]	80127
460	0.999230417498841	0.9999896944131949	1.780457846853921	3.671150278463103	[2490, 390, 1078, 334, 1086, 1112]	80156
461	0.999242293772007	0.9999899234262349	1.780457846853921	2.870736037412858	[3, 19, 132, 1108, 1086, 1112]	80626
462	0.9992539867693525	0.9999901921348687	1.780457846853921	3.5800061191568133	[19, 241, 1729, 1094, 1086, 1112]	79601
463	0.9992654993192083	0.9999904536779388	1.780457846853921	3.5800061191568133	[19, 241, 1729, 1094, 1086, 1096]	79099
464	0.9992768342062575	0.9999907718886742	1.780457846853921	3.069833347705165	[2607, 1587, 132, 1108, 1086, 1112]	80857
465	0.9992879941722103	0.9999909769578148	1.780457846853921	3.529057945505385	[1791, 420, 1822, 1094, 1086, 1112]	77455
466	0.9992989819164663	0.9999911774698633	1.780457846853921	3.7559304011572747	[734, 19, 132, 261, 1086, 1112]	77916
467	0.9993098000967677	0.999991340850051	1.780457846853921	3.9994296453384184	[77, 19, 387, 344, 1086, 1112]	77191
468	0.9993204513298424	0.9999915012046797	1.780457846853921	2.1976818767155635	[10, 734, 1203, 174, 1086, 1096]	78798
469	0.9993309381920361	0.9999917278392216	1.780457846853921	3.462983623397844	[1742, 400, 19, 334, 1086, 1096]	79946
470	0.9993412632199368	0.9999918810273842	1.780457846853921	3.536331055654151	[331, 241, 132, 1094, 1086, 1096]	80336
471	0.9993514289109872	0.9999921927959327	1.780457846853921	3.934145955231739	[1849, 420, 1582, 1087, 1086, 1096]	81008
472	0.9993614377240893	0.9999924530360682	1.780457846853921	3.069833347705165	[2607, 1587, 132, 1108, 1086, 1112]	80516
473	0.9993712920801989	0.9999926542884398	1.780457846853921	3.585810503855643	[2040, 438, 2627, 261, 1086, 1112]	80690
474	0.999380994362912	0.9999928893512097	1.780457846853921	3.833928826683146	[2104, 168, 132, 1108, 1086, 1112]	80273
475	0.9993905469190398	0.9999930789685108	1.780457846853921	4.1037457841895515	[241, 19, 1987, 1114, 1086, 1112]	80290
476	0.9993999520591781	0.9999933004415184	1.780457846853921	3.409802677289374	[1791, 420, 158, 1115, 1086, 1096]	80619
477	0.9994092120582648	0.9999934245074162	1.780457846853921	3.6842932849867926	[19, 387, 344, 174, 1086, 1112]	79077
478	0.9994183291561312	0.9999936436905024	1.780457846853921	3.4225800030903457	[4196, 1663, 1546, 234, 1086, 1112]	79052
479	0.9994273055580427	0.9999938470924062	1.780457846853921	3.673264351591776	[21, 1417, 5272, 174, 1086, 1096]	80541
480	0.9994361434352333	0.9999939610351395	1.780457846853921	2.417490722521866	[2238, 1549, 10, 734, 19, 794]	78410
481	0.9994448449254304	0.9999941220742025	1.780457846853921	2.2790614829839417	[19, 734, 1203, 174, 1086, 1112]	78708
482	0.9994534121333712	0.9999943101678279	1.780457846853921	3.0466300264731196	[4118, 23, 5272, 174, 1086, 1096]	78527
483	0.9994618471313131	0.9999944618966858	1.780457846853921	2.2790614829839417	[19, 734, 1203, 174, 1086, 1112]	77899
484	0.9994701519595336	0.9999945849656484	1.780457846853921	3.1742520189281107	[669, 813, 19, 409, 4290, 794]	78450
485	0.9994783286268247	0.9999946852440623	1.780457846853921	4.241005586869972	[320, 232, 10, 261, 1086, 1112]	78470
486	0.9994863791109787	0.9999948553162523	1.780457846853921	3.9614854619594526	[2307, 1468, 1546, 234, 1086, 1112]	79560
487	0.999494305359266	0.9999949505881736	1.780457846853921	2.545237350214759	[811, 734, 1203, 174, 1086, 1112]	79432
488	0.999502109288907	0.999995112169352	1.780457846853921	2.6743890052643993	[2004, 19, 132, 1108, 1086, 1112]	80086
489	0.9995097927875349	0.9999952425115026	1.780457846853921	2.1976818767155635	[10, 734, 1203, 174, 1086, 1112]	78669
490	0.9995173577136532	0.9999953693778626	1.780457846853921	3.5779691026203686	[160, 320, 836, 1089, 1086, 1112]	78954
491	0.9995248058970845	0.9999954928611196	1.780457846853921	2.7266252539510933	[331, 241, 132, 1108, 1086, 1112]	78490
492	0.9995321391394135	0.9999956659352526	1.780457846853921	3.4393549165098385	[241, 1031, 132, 1094, 1086, 1112]	79607
493	0.9995393592144225	0.9999958046253244	1.780457846853921	3.5247094981667253	[2387, 1663, 1546, 234, 1086, 1112]	79170
494	0.999546467868521	0.9999958978558728	1.780457846853921	3.866616265254481	[2707, 1402, 1078, 334, 1086, 1112]	81055
495	0.9995534668211672	0.9999960072463829	1.780457846853921	2.702639471550251	[77, 19, 132, 1108, 1086, 1112]	78078
496	0.9995603577652851	0.9999961137198127	1.780457846853921	3.5779691026203686	[157, 320, 836, 1089, 1086, 1112]	78508
497	0.9995671423676726	0.9999962432624856	1.780457846853921	3.4225800030903457	[4196, 1663, 1546, 234, 1086, 1112]	77864
498	0.999573822269406	0.9999963267455415	1.780457846853921	4.041600675524487	[1879, 496, 3366, 150, 1086, 1112]	77516
499	0.9995803990862362	0.9999964442896841	1.780457846853921	2.932900051767541	[4015, 241, 132, 1108, 1086, 1112]	78057
