0	0.015432098765432056	0.03200000000000003	3.4347039664096126	3.4347039664096126	[421, 438, 2627, 261, 1086, 1112]	59979
1	0.030626047858558048	0.05781333333333327	3.4347039664096126	3.773546740312346	[420, 545, 132, 1108, 1086, 1112]	63211
2	0.045585522428642	0.07875081481481483	2.5286478000845856	2.5286478000845856	[2872, 241, 132, 1108, 1086, 1112]	60864
3	0.06031414090968146	0.09581098491083673	2.426484904269537	2.426484904269537	[734, 19, 132, 1108, 1086, 1096]	61359
4	0.07481546589564314	0.11992269197988104	2.426484904269537	3.4714239837057717	[2146, 1728, 132, 1108, 1086, 1112]	62217
5	0.08909300500219186	0.1362204199061795	2.1976818767155635	2.1976818767155635	[10, 734, 1203, 174, 1086, 1112]	62579
6	0.10315021171512095	0.15221633805606505	2.1976818767155635	3.5065031788170664	[811, 734, 19, 334, 1086, 1112]	61820
7	0.11699048622569008	0.1679160354994712	2.1976818767155635	2.7266252539510933	[331, 241, 132, 1108, 1086, 1112]	62057
8	0.13061717625307134	0.19454272236348813	2.1976818767155635	3.988420050280083	[841, 1268, 1010, 1105, 1086, 1112]	62411
9	0.1440335778541042	0.2124417729776329	2.1976818767155635	3.977006837862077	[3136, 1468, 1546, 234, 1086, 1096]	62020
10	0.1572429362205532	0.22702618458915813	2.1976818767155635	2.5872420769840634	[811, 3459, 1203, 174, 1086, 1096]	62237
11	0.17024844646406312	0.25670837910093447	2.1976818767155635	3.3802769052980004	[1515, 1031, 132, 1108, 1086, 1112]	62071
12	0.18305325438900033	0.2704730387472134	2.1976818767155635	3.0172048542480914	[19, 132, 1713, 174, 1086, 1112]	89600
13	0.19566045725336756	0.28992709104728764	2.1976818767155635	3.3692329725658183	[1580, 301, 2627, 261, 1086, 1112]	66555
14	0.208073104517976	0.3088623686193599	2.1976818767155635	3.6412264034130413	[107, 10, 158, 1115, 1086, 1112]	62348
15	0.22029419858405663	0.3309787728235404	2.1976818767155635	3.4455895737600724	[190, 196, 1078, 334, 1086, 1112]	67645
16	0.2323266955194878	0.34584591120523955	2.1976818767155635	3.0373270629232803	[3284, 734, 1203, 174, 1086, 1112]	75526
17	0.2441735057738167	0.3667788420466719	2.1976818767155635	3.58966803006855	[2872, 241, 1729, 1094, 1086, 1112]	63289
18	0.2558374948822454	0.3808504233345237	2.1976818767155635	3.8229149778872156	[1819, 241, 217, 261, 1086, 1112]	62287
19	0.2673214841587539	0.39231615623573624	2.1976818767155635	3.6425874947946353	[119, 409, 19, 334, 1086, 1112]	62414
20	0.2786282513785262	0.40356956074988926	2.1976818767155635	3.5504141572377215	[10, 158, 1713, 174, 1086, 1112]	62263
21	0.28976053144984526	0.4226553348058928	2.1976818767155635	2.6743890052643993	[2004, 19, 132, 1108, 1086, 1112]	63080
22	0.30072101707561927	0.43548521625465075	2.1976818767155635	3.5247094981667253	[2387, 1663, 1546, 234, 1086, 1096]	62126
23	0.31151235940469924	0.4535496893345019	2.1976818767155635	3.0466300264731196	[4118, 23, 5272, 174, 1086, 1112]	109834
24	0.32213716867314524	0.46569302957151304	2.1976818767155635	3.184750484208875	[2005, 19, 132, 1108, 1086, 1112]	62614
25	0.3325980148355967	0.4775665178032572	2.1976818767155635	3.464547836593158	[1726, 132, 217, 261, 1086, 1112]	61985
26	0.34289742818689917	0.4914980773285037	2.1976818767155635	2.426484904269537	[734, 19, 132, 1108, 1086, 1112]	62227
27	0.35303789997413837	0.502798120054537	2.1976818767155635	3.32346175437313	[2040, 545, 132, 1108, 1086, 1112]	69171
28	0.3630218829992288	0.5138470507199917	2.1976818767155635	3.4225800030903457	[4196, 1663, 1546, 234, 1086, 1112]	108745
29	0.37285179221220366	0.5268111293674586	2.1976818767155635	3.490617761732537	[241, 1729, 1822, 1094, 1086, 1112]	81533
30	0.38253000529534864	0.5355738862310242	2.1976818767155635	3.0091646099295257	[241, 132, 1713, 174, 1086, 1112]	94713
31	0.3920588632383216	0.5458944665370014	2.1976818767155635	3.260479038210432	[1715, 132, 1713, 174, 1086, 1112]	67979
32	0.40144067090439683	0.558003947429348	2.1976818767155635	2.5872420769840634	[811, 3459, 1203, 174, 1086, 1112]	65049
33	0.4106776975879709	0.5721478211116089	2.1976818767155635	3.986416041593368	[1548, 241, 132, 1094, 1086, 1112]	65274
34	0.4197721775634652	0.580071009609542	2.1976818767155635	3.6804418391159164	[3, 19, 132, 1094, 1086, 1112]	63887
35	0.4287263106257574	0.5894027649515523	2.1976818767155635	3.0373270629232803	[846, 734, 1203, 174, 1086, 1096]	61831
36	0.43754226262227347	0.6025418764731025	2.1976818767155635	3.6060011103515626	[1872, 843, 3094, 174, 1086, 1096]	215743
37	0.44622216597686803	0.609902212093971	2.1976818767155635	3.0172048542480914	[19, 132, 1713, 174, 1086, 1112]	78832
38	0.4547681202056201	0.6185710518252161	2.1976818767155635	2.5286478000845856	[2872, 241, 132, 1108, 1086, 1096]	82111
39	0.46318219242466907	0.6307767781668092	2.1976818767155635	3.204410474350957	[5032, 23, 5272, 174, 1086, 1112]	83615
40	0.47146641785021426	0.6406227307490276	2.1976818767155635	2.426484904269537	[734, 19, 132, 1108, 1086, 1112]	71232
41	0.4796228002907974	0.6472778653647864	2.1976818767155635	2.2790614829839417	[19, 734, 1203, 174, 1086, 1096]	72589
42	0.48765331263198874	0.652721108183231	2.1976818767155635	2.7899551656963193	[421, 261, 217, 132, 19, 794]	81075
43	0.49555989731359384	0.6591521987724305	2.1976818767155635	3.56678126317036	[19, 241, 217, 261, 1086, 1112]	98189
44	0.5033444667994951	0.6654641950914595	2.1976818767155635	2.518985889172849	[19, 241, 132, 1108, 1086, 1112]	87158
45	0.5110089040402437	0.6728983240894271	2.1976818767155635	3.9614854619594526	[2307, 1468, 1546, 234, 1086, 1112]	74557
46	0.5185550629285114	0.6789557625322156	2.1976818767155635	3.460050044086323	[734, 19, 1987, 334, 1086, 1096]	84408
47	0.5259847687475159	0.6860900789203885	2.1976818767155635	3.464547836593158	[1715, 132, 217, 261, 1086, 1112]	147466
48	0.5332998186125233	0.6930658549443799	2.1976818767155635	3.6721450672688247	[1792, 496, 217, 261, 1086, 1112]	83846
49	0.5405019819055399	0.7032969931129005	2.1976818767155635	3.069833347705165	[2607, 1587, 132, 1108, 1086, 1112]	65502
50	0.5475930007032939	0.7112090732965566	2.1976818767155635	3.236190705972595	[734, 19, 132, 1094, 1086, 1112]	202194
51	0.5545745901986134	0.7165570534206944	2.1976818767155635	3.1589477053178707	[10, 734, 19, 334, 1086, 1096]	66906
52	0.5614484391153014	0.7228557855669011	2.1976818767155635	3.7079541450811853	[2004, 19, 1987, 334, 1086, 1112]	67458
53	0.5682162101166085	0.7317244004287604	2.1976818767155635	3.8186126393093716	[1791, 420, 1582, 1087, 1086, 1112]	67092
54	0.5748795402074016	0.74030921961504	2.1976818767155635	3.0466300264731196	[4118, 23, 5272, 174, 1086, 1112]	67120
55	0.5814400411301268	0.7472343070919722	2.1976818767155635	4.003204554967674	[734, 19, 1987, 1114, 1086, 1112]	69285
56	0.5878992997546619	0.7539747255695197	2.1976818767155635	3.409802677289374	[1791, 420, 158, 1115, 1086, 1112]	75280
57	0.5942588784621516	0.7594419538901971	2.1976818767155635	3.334919766974785	[1726, 132, 19, 334, 1086, 1112]	82781
58	0.6005203155229208	0.7638967325218601	2.1976818767155635	3.0091646099295257	[241, 132, 1713, 174, 1086, 1112]	96281
59	0.6066851254685548	0.7682690152529367	2.1976818767155635	2.518985889172849	[19, 241, 132, 1108, 1086, 1112]	89341
60	0.6127547994582376	0.774448508179525	2.1976818767155635	3.7282586004404497	[2557, 2558, 255, 174, 1086, 1112]	72150
61	0.6187308056394376	0.7794607635533134	2.1976818767155635	3.597226074150603	[846, 10, 158, 1115, 1086, 1112]	79724
62	0.6246145895030265	0.7853418098585583	2.1976818767155635	4.3224381111047325	[1529, 2229, 1468, 1089, 1086, 1112]	73120
63	0.630407574232918	0.7893169615278443	2.1976818767155635	2.426484904269537	[734, 19, 132, 1108, 1086, 1096]	70942
64	0.6361111610503113	0.7949351758871017	2.1976818767155635	3.5432222043472263	[87, 1265, 255, 174, 1086, 1112]	70909
65	0.6417267295526212	0.7994921719784995	2.1976818767155635	2.5286478000845856	[2872, 241, 132, 1108, 1086, 1112]	69464
66	0.6472556380471796	0.8059084224751876	2.1976818767155635	3.5253359932117423	[1849, 420, 158, 1115, 1086, 1112]	632699
67	0.6526992238797849	0.8102215686424056	2.1976818767155635	2.2773308518160023	[193, 394, 432, 422, 19, 794]	102290
68	0.6580588037581832	0.8152823268119413	2.1976818767155635	3.5779691026203686	[160, 320, 836, 1089, 1086, 1096]	87612
69	0.6633356740705569	0.8202081314302896	2.1976818767155635	3.8498112984743313	[101, 370, 1713, 174, 1086, 1112]	123611
70	0.6685311111990977	0.8259614712245203	2.1976818767155635	3.5848254055927624	[1819, 241, 132, 1094, 1086, 1096]	88474
71	0.6736463718287411	0.8306024986585332	2.1976818767155635	2.518985889172849	[19, 241, 132, 1108, 1086, 1096]	120953
72	0.6786826932511372	0.8351197653609722	2.1976818767155635	3.2554358471025484	[1580, 438, 2627, 261, 1086, 1112]	115443
73	0.6836412936639282	0.839516571618013	2.1976818767155635	3.1140102213751986	[241, 1729, 132, 1108, 1086, 1112]	115089
74	0.6885233724654107	0.8430828700265016	2.1976818767155635	3.451071680941741	[2872, 241, 19, 334, 1086, 1096]	108550
75	0.6933301105446482	0.8491084878174839	2.1976818767155635	3.4714239837057717	[2146, 1728, 132, 1108, 1086, 1096]	106457
76	0.6980626705671074	0.8514370605363499	2.165673513044956	2.165673513044956	[10, 734, 19, 409, 4290, 794]	96235
77	0.7027221972558866	0.8541882260819731	2.165673513044956	3.213233408312252	[241, 132, 217, 261, 1086, 1112]	99763
78	0.7073098176686043	0.8568884441174921	2.165673513044956	2.7266252539510933	[331, 241, 132, 1108, 1086, 1112]	89243
79	0.7118266414700147	0.8600687009148811	2.165673513044956	3.5764431740820974	[2872, 241, 217, 261, 1086, 1096]	88062
80	0.7162737612004157	0.8626600212683093	2.165673513044956	3.1589477053178707	[10, 734, 19, 334, 1086, 1112]	89213
81	0.7206522525399155	0.8663224207011544	2.165673513044956	3.843804425147278	[1549, 107, 836, 1089, 1086, 1096]	1037914
82	0.7249631745686205	0.8687979314289107	2.165673513044956	3.5005121038821185	[734, 10, 158, 1115, 1086, 1112]	292007
83	0.7292075700228084	0.8712275993654124	2.165673513044956	3.0836053386938795	[241, 132, 19, 334, 1086, 1112]	114326
84	0.7333864655471478	0.873612273451238	2.165673513044956	3.1589477053178707	[10, 734, 19, 334, 1086, 1112]	118535
85	0.7375008719430252	0.8769826128258718	2.165673513044956	3.58506169461264	[241, 1720, 132, 1094, 1086, 1112]	103455
86	0.7415517844130401	0.8792607125883556	2.165673513044956	3.1589477053178707	[10, 734, 19, 334, 1086, 1112]	106062
87	0.7455401828017278	0.8831243697855282	2.165673513044956	3.673264351591776	[21, 1417, 5272, 174, 1086, 1112]	100456
88	0.7494670318325654	0.8852887333080184	2.165673513044956	3.213233408312252	[241, 132, 217, 261, 1086, 1112]	112002
89	0.753333281341322	0.8878378725678402	2.165673513044956	3.3383536017876443	[2872, 241, 132, 1094, 1086, 1112]	104256
90	0.7571398665058078	0.8899149490017692	2.165673513044956	3.1589477053178707	[10, 734, 19, 334, 1086, 1112]	116384
91	0.7608877080720762	0.891953561057292	2.165673513044956	3.4607062329820666	[420, 158, 1713, 174, 1086, 1112]	105240
92	0.7645777125771367	0.8943545930337965	2.165673513044956	3.260479038210432	[1715, 132, 1713, 174, 1086, 1112]	97416
93	0.7682107725682302	0.8967022687441566	2.165673513044956	3.6060011103515626	[1723, 132, 1713, 174, 1086, 1112]	93037
94	0.7717877668187205	0.8994568749109791	2.165673513044956	3.770768306464354	[318, 158, 1713, 174, 1086, 1112]	86525
95	0.7753095605406538	0.9028083124139464	2.165673513044956	3.4225800030903457	[4196, 1663, 1546, 234, 1086, 1112]	86161
96	0.7787770055940388	0.9054000907495745	2.165673513044956	3.490617761732537	[241, 1729, 1822, 1094, 1086, 1112]	1064784
97	0.7821909406928962	0.9075023109551396	2.165673513044956	2.8070241504084494	[3621, 1720, 132, 1108, 1086, 1112]	203909
98	0.7855521916081293	0.9099689159963358	2.165673513044956	3.459532293516329	[2764, 258, 132, 1108, 1086, 1096]	132823
99	0.7888615713672631	0.9134261096220766	2.165673513044956	2.892248860804172	[241, 1209, 132, 1108, 1086, 1112]	107837
100	0.7921198804511016	0.9153499738526971	2.165673513044956	3.363125263892072	[432, 422, 19, 334, 1086, 1112]	134593
101	0.79532790698735	0.9180587746894108	2.165673513044956	4.17004137499178	[421, 438, 2267, 261, 1086, 1112]	121670
102	0.7984864269412489	0.9202438740310265	2.165673513044956	3.3692329725658183	[1580, 301, 2627, 261, 1086, 1112]	103781
103	0.8015962043032667	0.9217208393267482	2.165673513044956	4.111457647341551	[77, 786, 19, 334, 1086, 1112]	103270
104	0.8046579912738953	0.9234603762305982	2.165673513044956	2.3604424543689233	[1265, 415, 733, 734, 19, 794]	119407
105	0.8076725284455943	0.9248777766707723	2.165673513044956	3.6845784447295697	[107, 734, 19, 334, 1086, 1112]	93035
106	0.8106405449819278	0.9272816878173076	2.165673513044956	3.260479038210432	[1715, 132, 1713, 174, 1086, 1112]	121339
107	0.8135627587939351	0.9286283232280982	2.165673513044956	3.6663831967223626	[359, 158, 1713, 174, 1086, 1112]	126405
108	0.8164398767137817	0.9299500209460965	2.165673513044956	3.6440743024501234	[1265, 415, 255, 174, 1086, 1112]	101860
109	0.8192725946657295	0.9315066871472942	2.165673513044956	3.334919766974785	[1715, 132, 19, 334, 1086, 1112]	103418
110	0.8220615978344683	0.9333331754900331	2.165673513044956	3.409802677289374	[1791, 420, 158, 1115, 1086, 1112]	93792
111	0.8248075608308499	0.9345677463142917	2.165673513044956	2.6296491148067798	[241, 1031, 132, 1108, 1086, 1112]	1468119
112	0.8275111478550652	0.9357794547158789	2.165673513044956	3.732624610913075	[988, 420, 1822, 1094, 1086, 1112]	373888
113	0.8301730128573019	0.9374920025901221	2.165673513044956	3.6445912614277525	[1849, 420, 1822, 1094, 1086, 1112]	431767
114	0.8327937996959238	0.9391588825210522	2.165673513044956	2.790120672112291	[241, 217, 132, 1108, 1086, 1112]	97696
115	0.8353741422932088	0.9402855698817735	2.165673513044956	3.5504141572377215	[10, 158, 1713, 174, 1086, 1096]	99452
116	0.837914664788684	0.9418779546849262	2.165673513044956	2.790120672112291	[241, 217, 132, 1108, 1086, 1112]	101683
117	0.8404159816900932	0.9431695556919278	2.165673513044956	3.316188644224363	[2627, 261, 132, 1108, 1086, 1112]	100416
118	0.8428786980220363	0.9444324544543294	2.165673513044956	3.363125263892072	[432, 422, 19, 334, 1086, 1096]	97468
119	0.8453034094723135	0.9459142556688807	2.165673513044956	3.0373270629232803	[846, 734, 1203, 174, 1086, 1112]	112984
120	0.8476907025360123	0.9476449994874765	2.165673513044956	3.316188644224363	[2627, 261, 132, 1108, 1086, 1112]	112060
121	0.8500411546573702	0.9493203595038772	2.165673513044956	3.464547836593158	[1715, 132, 217, 261, 1086, 1112]	101289
122	0.8523553343694478	0.9502588713649165	2.165673513044956	3.7559304011572747	[734, 19, 132, 261, 1086, 1112]	170454
123	0.8546338014316477	0.9513642297790295	2.165673513044956	3.8276748976068466	[3618, 1720, 132, 1108, 1086, 1112]	117505
124	0.8568771069651099	0.9522648921905289	2.165673513044956	2.426484904269537	[734, 19, 132, 1108, 1086, 1112]	118325
125	0.8590857935860187	0.953148875668482	2.165673513044956	3.5492810816234277	[158, 420, 1822, 1094, 1086, 1112]	109236
126	0.8612603955368516	0.9540164890820287	2.165673513044956	3.7232750780577044	[734, 19, 387, 344, 1086, 1112]	1290466
127	0.8634014388156039	0.9548680355805097	2.165673513044956	3.316188644224363	[2627, 261, 132, 1108, 1086, 1112]	136331
128	0.8655094413030175	0.9560715546316961	2.165673513044956	2.426484904269537	[734, 19, 132, 1108, 1086, 1112]	106002
129	0.8675849128878474	0.9568850443607387	2.165673513044956	3.4686455498577784	[1265, 734, 1203, 174, 1086, 1112]	108170
130	0.8696283555901955	0.9578431544860557	2.165673513044956	3.32346175437313	[2040, 545, 132, 1108, 1086, 1112]	103685
131	0.8716402636829393	0.958623836810388	2.165673513044956	3.9113193810298625	[734, 19, 132, 3279, 1086, 1112]	101075
132	0.8736211238112891	0.959727201162111	2.165673513044956	3.7538597690840323	[420, 1879, 836, 1089, 1086, 1112]	101375
133	0.8755714151104975	0.9610159307249234	2.165673513044956	4.17004137499178	[421, 438, 2267, 261, 1086, 1112]	111919
134	0.8774916093217553	0.9620555059055921	2.165673513044956	3.409802677289374	[1791, 420, 158, 1115, 1086, 1112]	92778
135	0.8793821709062961	0.9628987168854679	2.165673513044956	3.7079541450811853	[2004, 19, 1987, 334, 1086, 1112]	96644
136	0.8812435571577422	0.9640859579451329	2.165673513044956	3.0373270629232803	[846, 734, 1203, 174, 1086, 1112]	97639
137	0.8830762183127152	0.9652352072908886	2.165673513044956	4.016137201176496	[1265, 193, 1872, 1115, 1086, 1112]	95516
138	0.8848805976597413	0.9658789997484648	2.165673513044956	2.545237350214759	[811, 734, 1203, 174, 1086, 1112]	97478
139	0.8866571316464736	0.9666372441984988	2.165673513044956	3.451071680941741	[2872, 241, 19, 334, 1086, 1112]	95428
140	0.8884062499852626	0.9675269176865389	2.165673513044956	3.5247094981667253	[2387, 1663, 1546, 234, 1086, 1112]	96592
141	0.890128375757095	0.9682485417379492	2.165673513044956	3.6483982096103746	[1726, 132, 387, 344, 1086, 1112]	1079293
142	0.89182392551393	0.9692645884023348	2.165673513044956	3.4669248454207757	[3819, 438, 2627, 261, 1086, 1112]	427324
143	0.8934933093794557	0.9704448282076852	2.165673513044956	3.8186126393093716	[1791, 420, 1582, 1087, 1086, 1112]	107727
144	0.8951369311482913	0.9712329661221468	2.165673513044956	3.3692329725658183	[1580, 301, 2627, 261, 1086, 1112]	116418
145	0.8967551883836571	0.9717656889717368	2.165673513044956	3.7232750780577044	[734, 19, 387, 344, 1086, 1112]	106706
146	0.898348472513539	0.9722885465833713	2.165673513044956	3.6412264034130413	[107, 10, 158, 1115, 1086, 1096]	113477
147	0.8999171689253671	0.9733526663945697	2.165673513044956	3.838061935263993	[2582, 1192, 836, 1089, 1086, 1112]	111597
148	0.9014616570592349	0.9742053810699436	2.165673513044956	3.934145955231739	[1849, 420, 1582, 1087, 1086, 1112]	115674
149	0.9029823104996788	0.9746830591982779	2.165673513044956	2.545237350214759	[811, 734, 1203, 174, 1086, 1112]	116847
150	0.9044794970660417	0.975493201303933	2.165673513044956	3.7426058534705993	[4015, 241, 132, 1094, 1086, 1112]	142187
151	0.9059535789014423	0.9759470309094158	2.165673513044956	3.599826473815349	[241, 217, 132, 1094, 1086, 1112]	136863
152	0.9074049125603707	0.976481541333651	2.165673513044956	3.32346175437313	[2040, 545, 132, 1108, 1086, 1112]	133768
153	0.9088338490949328	0.9771087002314203	2.165673513044956	3.5779691026203686	[160, 320, 836, 1089, 1086, 1112]	111103
154	0.9102407341397641	0.9777191348919158	2.165673513044956	3.462983623397844	[1742, 400, 19, 334, 1086, 1112]	98950
155	0.9116259079956319	0.9784321225753744	2.165673513044956	3.703061766034991	[2357, 438, 2627, 261, 1086, 1112]	109404
156	0.9129897057117488	0.9791222946529624	2.165673513044956	3.4455895737600724	[190, 196, 1078, 334, 1086, 1112]	94175
157	0.9143324571668143	0.9795089188260557	2.165673513044956	2.1976818767155635	[10, 734, 1203, 174, 1086, 1112]	1593181
158	0.9156544871488079	0.9801646334236219	2.165673513044956	3.866616265254481	[1781, 1402, 1078, 334, 1086, 1112]	247412
159	0.9169561154335486	0.9807993651540661	2.165673513044956	3.5891433710848464	[1807, 157, 1713, 174, 1086, 1112]	130401
160	0.9182376568620432	0.9813113820832909	2.165673513044956	3.7232750780577044	[734, 19, 387, 344, 1086, 1112]	116269
161	0.9194994214166413	0.9820290250112926	2.165673513044956	2.6296491148067798	[241, 1031, 132, 1108, 1086, 1112]	121919
162	0.9207417142960141	0.9825082510109915	2.165673513044956	3.7428479496337594	[1792, 496, 132, 1108, 1086, 1112]	122797
163	0.9219648359889768	0.9828969565440805	2.165673513044956	3.834090028441395	[1535, 438, 2627, 261, 1086, 1096]	140826
164	0.9231690823471717	0.983353037702905	2.165673513044956	3.7282586004404497	[2557, 2558, 255, 174, 1086, 1112]	109070
165	0.9243547446566289	0.9838857404964121	2.165673513044956	3.585810503855643	[2040, 438, 2627, 261, 1086, 1112]	126926
166	0.9255221097082241	0.9841841527094415	2.165673513044956	3.529057945505385	[1791, 420, 1822, 1094, 1086, 1112]	105446
167	0.9266714598670478	0.9844770387703777	2.165673513044956	3.213233408312252	[241, 132, 217, 261, 1086, 1112]	122558
168	0.9278030731407044	0.9848219934643694	2.165673513044956	4.093968661041803	[3819, 438, 254, 174, 1086, 1112]	135785
169	0.9289172232465578	0.9852267403053195	2.165673513044956	3.7536729288630175	[87, 415, 255, 174, 1086, 1112]	122260
170	0.9300141796779381	0.9857940334775952	2.165673513044956	3.428024668171216	[1647, 1697, 132, 1108, 1086, 1112]	107865
171	0.9310942077693279	0.986172859251526	2.165673513044956	2.518985889172849	[19, 241, 132, 1108, 1086, 1112]	106181
172	0.932157568760542	0.9866153277554772	2.165673513044956	3.6617107163654943	[2267, 261, 132, 1108, 1086, 1112]	1364976
173	0.9332045198599164	0.9868218813394977	2.165673513044956	2.294899554709922	[1549, 162, 107, 734, 19, 794]	149312
174	0.9342353143065225	0.987173297837111	2.165673513044956	3.5779691026203686	[160, 320, 836, 1089, 1086, 1112]	100728
175	0.9352502014314219	0.987410829358646	2.165673513044956	3.1589477053178707	[10, 734, 19, 334, 1086, 1112]	95882
176	0.936249426717974	0.9878136828191694	2.165673513044956	3.5891433710848464	[1807, 157, 1713, 174, 1086, 1112]	101105
177	0.9372332318612151	0.9880844898676322	2.165673513044956	3.5673687331398343	[2297, 400, 19, 334, 1086, 1112]	92765
178	0.9382018548263199	0.9883051474626761	2.165673513044956	3.6060011103515626	[677, 132, 1713, 174, 1086, 1096]	101917
179	0.9391555299061606	0.9886793827438705	2.165673513044956	3.490617761732537	[241, 1729, 1822, 1094, 1086, 1112]	100868
180	0.9400944877779791	0.9888890238041691	2.165673513044956	2.1976818767155635	[10, 734, 1203, 174, 1086, 1112]	95429
181	0.9410189555591831	0.9891359343862987	2.165673513044956	3.913538059743548	[2627, 438, 8, 174, 1086, 1112]	94488
182	0.9419291568622822	0.9893773580666032	2.165673513044956	3.32346175437313	[2040, 545, 132, 1108, 1086, 1112]	99637
183	0.9428253118489753	0.9896606285181604	2.165673513044956	3.8093348907349753	[2003, 1417, 5272, 174, 1086, 1112]	104379
184	0.9437076372834047	0.9899363450910095	2.165673513044956	3.5504141572377215	[10, 158, 1713, 174, 1086, 1112]	97305
185	0.9445763465845868	0.9901599818667648	2.165673513044956	3.879539149408224	[2153, 158, 1713, 174, 1086, 1112]	113631
186	0.9454316498780345	0.9905378385630811	2.165673513044956	3.838061935263993	[1719, 1192, 836, 1089, 1086, 1112]	124804
187	0.9462737540465833	0.9908406277290625	2.165673513044956	3.592725015116719	[2149, 420, 158, 1115, 1086, 1112]	2389438
188	0.9471028627804323	0.9911337276417325	2.165673513044956	3.866616265254481	[2707, 1402, 1078, 334, 1086, 1096]	214831
189	0.9479191766264133	0.9913307559163607	2.165673513044956	2.793516874800511	[1259, 734, 1203, 174, 1086, 1112]	101192
190	0.9487228930364995	0.991523405784886	2.165673513044956	3.7547827034028183	[1259, 734, 19, 334, 1086, 1112]	96832
191	0.9495142064155659	0.991749448297289	2.165673513044956	3.5005121038821185	[734, 10, 158, 1115, 1086, 1112]	97278
192	0.9502933081684121	0.9919694630093613	2.165673513044956	2.426484904269537	[734, 19, 132, 1108, 1086, 1096]	97585
193	0.9510603867460601	0.992118176657336	2.165673513044956	3.5432222043472263	[87, 1265, 255, 174, 1086, 1112]	96245
194	0.9518156276913369	0.9923703950043014	2.165673513044956	3.409802677289374	[1791, 420, 158, 1115, 1086, 1112]	100319
195	0.9525592136837545	0.9926145423641637	2.165673513044956	3.9899348287824727	[394, 193, 1872, 1115, 1086, 1112]	120666
196	0.9532913245836966	0.9928508770085105	2.165673513044956	3.0373270629232803	[846, 734, 1203, 174, 1086, 1112]	116267
197	0.9540121374759235	0.9929832681750195	2.165673513044956	3.3802769052980004	[1515, 1031, 132, 1108, 1086, 1112]	102826
198	0.9547218267124061	0.9931132076532599	2.165673513044956	2.20062290543242	[2627, 261, 217, 132, 19, 794]	106737
199	0.9554205639544987	0.9933335850083556	2.165673513044956	3.9278875470654624	[1535, 496, 217, 261, 1086, 1112]	101030
200	0.9561085182144601	0.9935469102880882	2.165673513044956	3.58966803006855	[2872, 241, 1729, 1094, 1086, 1112]	101823
201	0.9567858558963357	0.9937947089330256	2.165673513044956	4.040098031134054	[2685, 1630, 3974, 1108, 1086, 1112]	99522
202	0.9574527408362071	0.9939326042900695	2.165673513044956	3.4885679563002645	[3869, 438, 2627, 261, 1086, 1112]	4467413
203	0.9581093343418212	0.994094401509001	2.165673513044956	2.1976818767155635	[10, 734, 1203, 174, 1086, 1112]	97579
204	0.9587557952316079	0.9942256370310232	2.165673513044956	3.4225800030903457	[4196, 1663, 1546, 234, 1086, 1096]	94608
205	0.9593922798730954	0.9943796200435292	2.165673513044956	4.3211479124378105	[10, 438, 2267, 261, 1086, 1096]	97859
206	0.9600189422207328	0.9945294968423685	2.165673513044956	3.7538597690840323	[420, 1879, 836, 1089, 1086, 1112]	96981
207	0.960635933853129	0.9946308024563987	2.165673513044956	3.0172048542480914	[19, 132, 1713, 174, 1086, 1112]	95983
208	0.9612434040097164	0.9947302320405395	2.165673513044956	3.9826090934107468	[1849, 420, 1546, 234, 1086, 1112]	96023
209	0.9618414996268504	0.994827820336085	2.165673513044956	3.4051240256480337	[19, 132, 387, 344, 1086, 1112]	99464
210	0.9624303653733497	0.9949236014409722	2.165673513044956	3.5432222043472263	[87, 1265, 255, 174, 1086, 1096]	95704
211	0.9630101436854893	0.995017608821695	2.165673513044956	3.2554358471025484	[1580, 438, 2627, 261, 1086, 1112]	98699
212	0.963580974801454	0.9951504725864498	2.165673513044956	3.316188644224363	[2627, 261, 132, 1108, 1086, 1112]	102587
213	0.9641429967952587	0.9953056574636834	2.165673513044956	3.204410474350957	[5032, 23, 5272, 174, 1086, 1112]	119564
214	0.9646963456101467	0.9953925897328745	2.165673513044956	2.1976818767155635	[10, 734, 1203, 174, 1086, 1112]	132892
215	0.9652411550914716	0.9954779121452286	2.165673513044956	2.347522363729697	[1791, 420, 1582, 793, 2372, 794]	113951
216	0.9657775570190723	0.9955784029864458	2.165673513044956	3.9278875470654624	[1535, 496, 217, 261, 1086, 1112]	128610
217	0.9663056811391484	0.9956766606978581	2.165673513044956	3.5247094981667253	[2387, 1663, 1546, 234, 1086, 1096]	2399596
218	0.966825655195643	0.9957567225367867	2.165673513044956	3.8061659836099055	[1580, 438, 3366, 150, 1086, 1096]	274819
219	0.9673376049611423	0.9958353017490684	2.165673513044956	3.6060011103515626	[545, 132, 1713, 174, 1086, 1112]	97149
220	0.9678416542672975	0.9960018896791056	2.165673513044956	4.2811297854088295	[3980, 843, 3094, 174, 1086, 1112]	93685
221	0.9683379250347776	0.9960907365751256	2.165673513044956	3.597226074150603	[846, 10, 158, 1115, 1086, 1112]	101010
222	0.9688265373027594	0.9961776090956783	2.165673513044956	3.9343585605063875	[269, 1337, 240, 234, 1086, 1112]	117339
223	0.9693076092579637	0.9962795395197935	2.165673513044956	3.4455895737600724	[190, 196, 1078, 334, 1086, 1112]	110095
224	0.969781257263242	0.9963787517992657	2.165673513044956	2.7266252539510933	[331, 241, 132, 1108, 1086, 1112]	105743
225	0.9702475958857228	0.9964592239815042	2.165673513044956	3.409802677289374	[1791, 420, 158, 1115, 1086, 1112]	102348
226	0.9707067379245234	0.9965379078930264	2.165673513044956	2.5286478000845856	[2872, 241, 132, 1108, 1086, 1112]	106769
227	0.9711587944380339	0.9966020207098222	2.165673513044956	3.613369342697065	[988, 420, 158, 1115, 1086, 1112]	99369
228	0.9716038747707803	0.9967107560471079	2.165673513044956	2.940940296086106	[1548, 19, 132, 1108, 1086, 1112]	101946
229	0.9720420865798731	0.9967716679721614	2.165673513044956	3.3286916908759068	[19, 241, 132, 1094, 1086, 1112]	111177
230	0.9724735358610479	0.9968434086838912	2.165673513044956	3.7079541450811853	[2004, 19, 1987, 334, 1086, 1096]	114463
231	0.9728983269743033	0.9969444196060067	2.165673513044956	2.426484904269537	[734, 19, 132, 1108, 1086, 1112]	107433
232	0.9733165626691443	0.9970123213925398	2.165673513044956	3.6483982096103746	[1715, 132, 387, 344, 1086, 1112]	2752101
233	0.9737283441094353	0.9970919928220722	2.165673513044956	2.426484904269537	[734, 19, 132, 1108, 1086, 1112]	87430
234	0.97413377089787	0.9971458448068485	2.165673513044956	3.8541227312790616	[119, 123, 19, 334, 1086, 1096]	87559
235	0.9745329411000634	0.9972092704778075	2.165673513044956	3.529057945505385	[1791, 420, 1822, 1094, 1086, 1112]	87899
236	0.9749259512682722	0.9972836899317327	2.165673513044956	3.6845784447295697	[107, 734, 19, 334, 1086, 1096]	87423
237	0.9753128964647495	0.9973706118539172	2.165673513044956	3.204410474350957	[5032, 23, 5272, 174, 1086, 1112]	86604
238	0.975693870284738	0.9974193042269928	2.165673513044956	3.5504141572377215	[10, 158, 1713, 174, 1086, 1112]	87826
239	0.9760689648791093	0.9974670948894558	2.165673513044956	3.810069908734289	[677, 132, 217, 261, 1086, 1112]	88318
240	0.9764382709766539	0.9975233816696902	2.165673513044956	2.6743890052643993	[2004, 19, 132, 1108, 1086, 1112]	88502
241	0.9768018779060265	0.9975894248251651	2.165673513044956	2.6296491148067798	[241, 1031, 132, 1108, 1086, 1112]	89304
242	0.9771598736173532	0.9976665632307599	2.165673513044956	3.9196196481109737	[1550, 420, 1822, 1094, 1086, 1112]	87032
243	0.9775123447035052	0.9977097750227828	2.165673513044956	3.0091646099295257	[241, 132, 1713, 174, 1086, 1112]	87491
244	0.9778593764210437	0.9977451180008263	2.165673513044956	2.4683552891948377	[1791, 420, 1582, 793, 4290, 794]	87880
245	0.9782010527108425	0.997805248187471	2.165673513044956	2.790120672112291	[241, 217, 132, 1108, 1086, 1112]	88868
246	0.9785374562183912	0.9978754802454718	2.165673513044956	3.069833347705165	[2607, 1587, 132, 1108, 1086, 1096]	88146
247	0.9788686683137864	0.9979321341055926	2.165673513044956	3.2554358471025484	[1580, 438, 2627, 261, 1086, 1112]	87756
248	0.9791947691114131	0.9979780866810238	2.165673513044956	4.041600675524487	[1879, 496, 3366, 150, 1086, 1112]	88772
249	0.9795158374893234	0.9980427879072311	2.165673513044956	3.204410474350957	[5032, 23, 5272, 174, 1086, 1112]	86779
250	0.9798319511083153	0.9980862815092927	2.165673513044956	3.464547836593158	[1726, 132, 217, 261, 1086, 1112]	86415
251	0.9801431864307178	0.998121720740602	2.165673513044956	2.5872420769840634	[811, 3459, 1203, 174, 1086, 1112]	87185
252	0.9804496187388858	0.9981718081875193	2.165673513044956	3.3692329725658183	[1580, 301, 2627, 261, 1086, 1112]	87128
253	0.9807513221534092	0.9982056635914541	2.165673513044956	2.1976818767155635	[10, 734, 1203, 174, 1086, 1112]	86640
254	0.9810483696510417	0.9982388920434643	2.165673513044956	3.184750484208875	[455, 19, 132, 1108, 1086, 1112]	87754
255	0.9813408330823528	0.9982952474980734	2.165673513044956	4.006041343635259	[3540, 359, 158, 1115, 1086, 1112]	87125
256	0.9816287831891066	0.998352072581471	2.165673513044956	3.5039302684876574	[4301, 1711, 132, 1108, 1086, 1112]	86598
257	0.9819122896213734	0.9983960173126317	2.165673513044956	3.459532293516329	[2764, 258, 132, 1108, 1086, 1112]	87435
258	0.982191420954377	0.9984257206957311	2.165673513044956	3.490617761732537	[241, 1729, 1822, 1094, 1086, 1112]	87632
259	0.982466244705081	0.998486173021015	2.165673513044956	3.838061935263993	[2582, 1192, 836, 1089, 1086, 1112]	87900
260	0.9827368273485212	0.9985346154843425	2.165673513044956	3.5644935086479057	[1414, 3251, 3248, 334, 1086, 1112]	87690
261	0.9830032343338835	0.9985617522346325	2.165673513044956	3.9854341029169698	[421, 438, 3366, 150, 1086, 1112]	87486
262	0.9832655301003359	0.9985937132960852	2.165673513044956	3.334919766974785	[1726, 132, 19, 334, 1086, 1112]	87201
263	0.9835237780926147	0.9986249641117277	2.165673513044956	2.545237350214759	[811, 734, 1203, 174, 1086, 1112]	87842
264	0.9837780407763707	0.998661631735415	2.165673513044956	2.426484904269537	[734, 19, 132, 1108, 1086, 1112]	89342
265	0.9840283796532785	0.9986864163329072	2.165673513044956	2.518985889172849	[19, 241, 132, 1108, 1086, 1096]	86085
266	0.9842748552759131	0.9987156070810649	2.165673513044956	3.8824796627235756	[1580, 438, 8, 174, 1086, 1096]	87886
267	0.9845175272623958	0.9987567076544708	2.165673513044956	3.4347039664096126	[421, 438, 2627, 261, 1086, 1112]	86419
268	0.9847564543108157	0.9987964930095278	2.165673513044956	3.5764431740820974	[2872, 241, 217, 261, 1086, 1096]	86976
269	0.9849916942134266	0.9988285865292736	2.165673513044956	3.490617761732537	[241, 1729, 1822, 1094, 1086, 1096]	86470
270	0.9852233038706267	0.9988502793713242	2.165673513044956	3.1589477053178707	[10, 734, 19, 334, 1086, 1112]	87284
271	0.9854513393047221	0.9988809385880888	2.165673513044956	3.4051240256480337	[19, 132, 387, 344, 1086, 1112]	88410
272	0.9856758556734764	0.9989058066194646	2.165673513044956	2.426484904269537	[734, 19, 132, 1108, 1086, 1112]	86845
273	0.9858969072834536	0.9989408208076418	2.165673513044956	2.8070241504084494	[3621, 1720, 132, 1108, 1086, 1096]	86184
274	0.9861145476031533	0.9989604352371299	2.165673513044956	2.518985889172849	[19, 241, 132, 1108, 1086, 1096]	86221
275	0.9863288292759441	0.9989881569641398	2.165673513044956	2.7266252539510933	[331, 241, 132, 1108, 1086, 1112]	87125
276	0.9865398041327968	0.9990106423649366	2.165673513044956	3.260479038210432	[1726, 132, 1713, 174, 1086, 1112]	88214
277	0.9867475232048216	0.9990289638026231	2.165673513044956	2.723312616127263	[107, 734, 1203, 174, 1086, 1112]	87317
278	0.9869520367356114	0.999060036960939	2.165673513044956	2.932900051767541	[4015, 241, 132, 1108, 1086, 1112]	87501
279	0.9871533941933952	0.9990851026419807	2.165673513044956	3.3802769052980004	[1515, 1031, 132, 1108, 1086, 1112]	88534
280	0.9873516442830033	0.9991020451856477	2.165673513044956	3.459532293516329	[2764, 258, 132, 1108, 1086, 1112]	87682
281	0.9875468349576483	0.9991259906473637	2.165673513044956	2.426484904269537	[734, 19, 132, 1108, 1086, 1112]	86620
282	0.9877390134305241	0.9991551242924517	2.165673513044956	3.5039302684876574	[4301, 1711, 132, 1108, 1086, 1112]	86582
283	0.9879282261862259	0.9991707701388878	2.165673513044956	3.213233408312252	[241, 132, 217, 261, 1086, 1112]	86948
284	0.988114518991994	0.9991891974691347	2.165673513044956	3.544621900098326	[2309, 420, 158, 1115, 1086, 1112]	87451
285	0.9882979369087842	0.9992042123308174	2.165673513044956	2.723312616127263	[107, 734, 1203, 174, 1086, 1112]	86358
286	0.9884785243021672	0.9992218965012436	2.165673513044956	2.793516874800511	[1259, 734, 1203, 174, 1086, 1112]	86802
287	0.9886563248530597	0.9992391876901049	2.165673513044956	3.7547827034028183	[1259, 734, 19, 334, 1086, 1112]	87175
288	0.9888313815682902	0.9992594760183687	2.165673513044956	3.671150278463103	[2490, 390, 1078, 334, 1086, 1112]	86395
289	0.9890037367910018	0.9992831727857809	2.165673513044956	3.544621900098326	[2309, 420, 158, 1115, 1086, 1112]	87994
290	0.9891734322108937	0.9992964473638221	2.165673513044956	3.1589477053178707	[10, 734, 19, 334, 1086, 1112]	87216
291	0.9893405088743059	0.9993094761163439	2.165673513044956	2.518985889172849	[19, 241, 132, 1108, 1086, 1112]	87923
292	0.9895050071941468	0.9993222635956709	2.165673513044956	2.7571227571554773	[2309, 420, 107, 734, 19, 794]	87123
293	0.9896669669596693	0.9993348142698251	2.165673513044956	2.5872420769840634	[811, 3459, 1203, 174, 1086, 1112]	86689
294	0.9898264273460942	0.9993471325240876	2.165673513044956	3.363125263892072	[432, 422, 19, 334, 1086, 1112]	87495
295	0.9899834269240865	0.9993645423234453	2.165673513044956	3.3692329725658183	[1580, 301, 2627, 261, 1086, 1112]	86769
296	0.9901380036690851	0.9993814878614867	2.165673513044956	3.221273652630817	[19, 132, 217, 261, 1086, 1096]	87695
297	0.9902901949704882	0.9993979815185138	2.165673513044956	4.376977744198958	[21, 1268, 1010, 1105, 1086, 1112]	86875
298	0.9904400376406967	0.9994140353446866	2.165673513044956	3.8093348907349753	[2003, 1417, 5272, 174, 1086, 1112]	87251
299	0.9905875679240193	0.9994248865420073	2.165673513044956	3.213233408312252	[241, 132, 217, 261, 1086, 1112]	86591
300	0.9907328215054387	0.9994402229008871	2.165673513044956	3.4393549165098385	[241, 1031, 132, 1094, 1086, 1112]	87278
301	0.9908758335192437	0.9994581357680588	2.165673513044956	3.544621900098326	[2309, 420, 158, 1115, 1086, 1112]	86297
302	0.991016638557527	0.9994725854809104	2.165673513044956	3.7428479496337594	[1792, 496, 132, 1108, 1086, 1112]	87460
303	0.9911552706785528	0.9994823524164492	2.165673513044956	4.203442485294323	[734, 2229, 494, 636, 1086, 1112]	86648
304	0.9912917634149948	0.9994961563520105	2.165673513044956	3.184750484208875	[732, 19, 132, 1108, 1086, 1096]	86702
305	0.9914261497820474	0.9995095921826236	2.165673513044956	3.2554358471025484	[1580, 438, 2627, 261, 1086, 1112]	87760
306	0.9915584622854109	0.9995186738088713	2.165673513044956	4.017543107152484	[10, 232, 193, 1115, 1086, 1112]	86418
307	0.9916887329291545	0.9995275872568552	2.165673513044956	2.5872420769840634	[811, 3459, 1203, 174, 1086, 1112]	86739
308	0.9918169932234577	0.9995363356409875	2.165673513044956	3.7119802833327293	[2149, 420, 1822, 1094, 1086, 1096]	88126
309	0.9919432741922315	0.9995541403523736	2.165673513044956	3.428024668171216	[1647, 1697, 132, 1108, 1086, 1112]	88528
310	0.992067606380623	0.999564048344543	2.165673513044956	3.4714239837057717	[5415, 1587, 132, 1108, 1086, 1112]	88337
311	0.9921900198624035	0.9995756737220219	2.165673513044956	3.3692329725658183	[1580, 301, 2627, 261, 1086, 1112]	88447
312	0.992310544247243	0.9995835316160585	2.165673513044956	3.236190705972595	[734, 19, 132, 1094, 1086, 1112]	89701
313	0.9924292086878719	0.999592786469035	2.165673513044956	2.5872420769840634	[811, 3459, 1203, 174, 1086, 1112]	85932
314	0.9925460418871331	0.9996036454965274	2.165673513044956	3.4714239837057717	[396, 1728, 132, 1108, 1086, 1112]	87247
315	0.9926610721049243	0.9996142149499534	2.165673513044956	2.426484904269537	[734, 19, 132, 1108, 1086, 1112]	86597
316	0.9927743271650334	0.9996227879510655	2.165673513044956	3.334919766974785	[1715, 132, 19, 334, 1086, 1112]	86397
317	0.9928858344618694	0.9996297733593791	2.165673513044956	2.2790614829839417	[19, 734, 1203, 174, 1086, 1112]	85568
318	0.9929956209670875	0.9996380006180595	2.165673513044956	3.7547827034028183	[1259, 734, 19, 334, 1086, 1096]	87454
319	0.9931037132361139	0.9996447043103177	2.165673513044956	2.7266252539510933	[331, 241, 132, 1108, 1086, 1112]	87425
320	0.9932101374145689	0.9996512838601267	2.165673513044956	2.2790614829839417	[19, 734, 1203, 174, 1086, 1112]	86859
321	0.993314919244591	0.9996577415664206	2.165673513044956	3.7559304011572747	[734, 19, 132, 261, 1086, 1112]	87715
322	0.9934180840710634	0.9996686938362951	2.165673513044956	3.597226074150603	[846, 10, 158, 1115, 1086, 1112]	86603
323	0.9935196568477445	0.999674829135623	2.165673513044956	3.3286916908759068	[19, 241, 132, 1094, 1086, 1112]	87630
324	0.993619662143304	0.9996852346032831	2.165673513044956	3.316188644224363	[2627, 261, 132, 1108, 1086, 1112]	87997
325	0.9937181241472653	0.999695307095978	2.165673513044956	2.426484904269537	[734, 19, 132, 1108, 1086, 1112]	87504
326	0.993815066675857	0.9997020780494007	2.165673513044956	2.793516874800511	[1259, 734, 1203, 174, 1086, 1096]	87219
327	0.9939105131777727	0.99970759512256	2.165673513044956	3.1589477053178707	[10, 734, 19, 334, 1086, 1112]	88680
328	0.9940044867398441	0.9997169520786381	2.165673513044956	3.676309580563558	[2267, 438, 2627, 261, 1086, 1112]	89738
329	0.9940970100926243	0.9997263870093501	2.165673513044956	3.069833347705165	[2607, 1587, 132, 1108, 1086, 1112]	88129
330	0.9941881056158863	0.9997314539165844	2.165673513044956	3.5605912733082006	[241, 19, 1987, 334, 1086, 1112]	86822
331	0.9942777953440362	0.9997386151454755	2.165673513044956	3.8388357754274143	[158, 420, 1582, 1087, 1086, 1112]	86440
332	0.9943661009714431	0.9997469794608203	2.165673513044956	3.6721450672688247	[1792, 496, 217, 261, 1086, 1112]	86413
333	0.9944530438576862	0.9997516650263606	2.165673513044956	3.8061659836099055	[1580, 438, 3366, 150, 1086, 1096]	86444
334	0.9945386450327219	0.9997554973562007	2.165673513044956	2.4304075510343917	[3621, 1720, 241, 132, 393, 794]	86281
335	0.99462292520197	0.9997609307482851	2.165673513044956	4.037319597286061	[1535, 156, 1713, 174, 1086, 1112]	87121
336	0.9947059047513224	0.9997673059283309	2.165673513044956	3.5297365521895774	[1546, 677, 132, 1108, 1086, 1112]	87443
337	0.9947876037520735	0.9997724769077013	2.165673513044956	3.428024668171216	[321, 1398, 132, 1108, 1086, 1112]	87187
338	0.994868041965776	0.999777532976419	2.165673513044956	3.7744206279486043	[331, 241, 217, 261, 1086, 1112]	87190
339	0.9949472388490203	0.9997834654303812	2.165673513044956	3.6412264034130413	[107, 10, 158, 1115, 1086, 1112]	87323
340	0.9950252135581403	0.9997868070132457	2.165673513044956	2.952476193563556	[1819, 241, 132, 19, 2372, 794]	86162
341	0.995101984953848	0.9997907550315189	2.165673513044956	3.9397218173230932	[1549, 107, 1546, 234, 1086, 1112]	87285
342	0.9951775716057949	0.9997946299383427	2.165673513044956	3.5432222043472263	[87, 1265, 255, 174, 1086, 1112]	86819
343	0.9952519917970635	0.9997991937174906	2.165673513044956	3.0373270629232803	[846, 734, 1203, 174, 1086, 1112]	87249
344	0.9953252635285903	0.999806904678739	2.165673513044956	3.8186126393093716	[1791, 420, 1582, 1087, 1086, 1112]	89327
345	0.9953974045235194	0.9998104805180216	2.165673513044956	2.7751196038897037	[1819, 241, 132, 1108, 1086, 1112]	86472
346	0.9954684322314897	0.9998139901380582	2.165673513044956	2.545237350214759	[811, 734, 1203, 174, 1086, 1096]	86951
347	0.9955383638328557	0.9998181236905458	2.165673513044956	3.810069908734289	[545, 132, 217, 261, 1086, 1112]	87000
348	0.9956072162428424	0.9998214917703505	2.165673513044956	3.4393549165098385	[241, 1031, 132, 1094, 1086, 1112]	86427
349	0.9956750061156381	0.9998262519898078	2.165673513044956	3.4393549165098385	[241, 1031, 132, 1094, 1086, 1112]	87440
350	0.9957417498484215	0.9998294695455521	2.165673513044956	3.409802677289374	[1791, 420, 158, 1115, 1086, 1112]	86793
351	0.9958074635853286	0.9998340170243374	2.165673513044956	3.2554358471025484	[1580, 438, 2627, 261, 1086, 1112]	86880
352	0.9958721632213574	0.9998384432370218	2.165673513044956	3.9510522245975706	[10, 158, 420, 458, 1086, 1112]	87368
353	0.9959358644062131	0.9998420333873101	2.165673513044956	3.773546740312346	[1451, 1713, 132, 1108, 1086, 1096]	86810
354	0.9959985825480925	0.999845543756481	2.165673513044956	2.426484904269537	[734, 19, 132, 1108, 1086, 1112]	86432
355	0.996060332817412	0.9998484040572869	2.165673513044956	2.723312616127263	[107, 734, 1203, 174, 1086, 1112]	87896
356	0.9961211301504767	0.9998517728560139	2.165673513044956	4.643634628386205	[1742, 400, 2764, 150, 1086, 1096]	86428
357	0.9961809892530927	0.9998550667925469	2.165673513044956	2.5872420769840634	[811, 3459, 1203, 174, 1086, 1112]	86505
358	0.9962399246041252	0.999858931678079	2.165673513044956	2.7266252539510933	[331, 241, 132, 1108, 1086, 1112]	87744
359	0.9962979504589998	0.9998615440544109	2.165673513044956	3.832643710182441	[10, 415, 255, 174, 1086, 1112]	88329
360	0.9963550808531512	0.9998659746446698	2.165673513044956	3.5253359932117423	[1849, 420, 158, 1115, 1086, 1112]	89929
361	0.9964113296054173	0.9998684565956943	2.165673513044956	3.6060011103515626	[677, 132, 1713, 174, 1086, 1096]	88018
362	0.9964667103213831	0.9998719644198092	2.165673513044956	3.213233408312252	[241, 132, 217, 261, 1086, 1096]	87144
363	0.9965212363966703	0.9998748096549245	2.165673513044956	3.4669248454207757	[3819, 438, 2627, 261, 1086, 1112]	87253
364	0.9965749210201785	0.9998775916625928	2.165673513044956	3.6445912614277525	[1849, 420, 1822, 1094, 1086, 1112]	86469
365	0.9966277771772746	0.999879858483656	2.165673513044956	2.426484904269537	[734, 19, 132, 1108, 1086, 1112]	87229
366	0.9966798176529339	0.9998830622574252	2.165673513044956	3.459532293516329	[2764, 258, 132, 1108, 1086, 1112]	87460
367	0.9967310550348331	0.9998861805972271	2.165673513044956	3.7637785788263267	[1019, 10, 158, 1115, 1086, 1112]	86944
368	0.9967815017163943	0.9998892157813011	2.165673513044956	3.6178645301457264	[10, 301, 2627, 261, 1086, 1112]	88138
369	0.9968311698997833	0.9998912673409066	2.165673513044956	3.575302319672975	[1851, 159, 1713, 174, 1086, 1112]	87794
370	0.9968800715988607	0.9998936836222198	2.165673513044956	3.879539149408224	[2607, 1587, 132, 1094, 1086, 1112]	86919
371	0.9969282186420881	0.9998965187256272	2.165673513044956	3.4714239837057717	[396, 1728, 132, 1108, 1086, 1112]	87370
372	0.9969756226753893	0.9998992782262772	2.165673513044956	3.3692329725658183	[1580, 301, 2627, 261, 1086, 1096]	86663
373	0.9970222951649665	0.9999011434443091	2.165673513044956	3.213233408312252	[241, 132, 217, 261, 1086, 1096]	87710
374	0.9970682474000752	0.9999043068540913	2.165673513044956	2.940940296086106	[1548, 19, 132, 1108, 1086, 1112]	87472
375	0.9971134904957529	0.9999068586713155	2.165673513044956	3.236190705972595	[734, 19, 132, 1094, 1086, 1112]	87596
376	0.9971580353955098	0.9999089284786196	2.165673513044956	2.932900051767541	[1723, 241, 132, 1108, 1086, 1096]	89075
377	0.9972018928739742	0.9999109522902058	2.165673513044956	2.793516874800511	[1259, 734, 1203, 174, 1086, 1112]	88216
378	0.9972450735394993	0.9999133268958003	2.165673513044956	2.9611430034036257	[781, 19, 132, 1108, 1086, 1112]	86798
379	0.9972875878367292	0.9999149319532855	2.165673513044956	3.6440743024501234	[1265, 415, 255, 174, 1086, 1112]	86786
380	0.9973294460491254	0.9999172004345313	2.165673513044956	3.409802677289374	[1791, 420, 158, 1115, 1086, 1112]	86205
381	0.9973706583014538	0.9999198500206262	2.165673513044956	3.260479038210432	[1726, 132, 1713, 174, 1086, 1112]	85643
382	0.9974112345622338	0.9999229277798342	2.165673513044956	4.269380422198491	[1917, 1192, 836, 1089, 1086, 1112]	87121
383	0.9974511846461499	0.9999249830390385	2.165673513044956	3.585810503855643	[10, 438, 2627, 261, 1086, 1112]	87795
384	0.9974905182164254	0.9999263722420193	2.165673513044956	2.5872420769840634	[811, 3459, 1203, 174, 1086, 1112]	88394
385	0.9975292447871595	0.9999277357190189	2.165673513044956	2.702639471550251	[77, 19, 132, 1108, 1086, 1112]	87302
386	0.9975673737256293	0.9999296627665119	2.165673513044956	2.2790614829839417	[19, 734, 1203, 174, 1086, 1112]	87566
387	0.9976049142545548	0.9999315384260715	2.165673513044956	2.2790614829839417	[19, 734, 1203, 174, 1086, 1112]	88084
388	0.9976418754543301	0.9999330597943811	2.165673513044956	3.974505435902892	[1548, 19, 1987, 334, 1086, 1112]	88345
389	0.9976782662652202	0.9999342994278184	2.165673513044956	3.5432222043472263	[87, 1265, 255, 174, 1086, 1112]	87433
390	0.9977140954895223	0.999935516105081	2.165673513044956	2.60503327044766	[1265, 159, 10, 734, 19, 794]	87740
391	0.9977493717936964	0.9999375795897184	2.165673513044956	3.204410474350957	[5032, 23, 5272, 174, 1086, 1112]	87396
392	0.9977841037104603	0.9999395770428474	2.165673513044956	3.5644935086479057	[1414, 3251, 3248, 334, 1086, 1112]	89048
393	0.9978182996408544	0.9999409197752286	2.165673513044956	3.528922042863038	[1892, 3459, 1203, 174, 1086, 1112]	87678
394	0.9978519678562733	0.9999424952478891	2.165673513044956	3.236190705972595	[734, 19, 132, 1094, 1086, 1112]	86215
395	0.9978851165004666	0.9999437731312695	2.165673513044956	3.409802677289374	[1791, 420, 158, 1115, 1086, 1112]	87501
396	0.9979177535915088	0.9999448143695793	2.165673513044956	2.5872420769840634	[811, 3459, 1203, 174, 1086, 1112]	87208
397	0.9979498870237387	0.9999458363256981	2.165673513044956	3.5432222043472263	[87, 1265, 255, 174, 1086, 1112]	87060
398	0.9979815245696686	0.9999475695632758	2.165673513044956	2.5286478000845856	[2872, 241, 132, 1108, 1086, 1096]	86034
399	0.9980126738818651	0.9999485404972892	2.165673513044956	3.5605912733082006	[241, 19, 1987, 334, 1086, 1112]	87126
400	0.9980433424947992	0.999949684041794	2.165673513044956	3.451071680941741	[2872, 241, 19, 334, 1086, 1112]	86623
401	0.9980735378266696	0.9999508021741985	2.165673513044956	3.5247094981667253	[2387, 1663, 1546, 234, 1086, 1112]	86597
402	0.9981032671811964	0.9999518954592163	2.165673513044956	3.5247094981667253	[2387, 1663, 1546, 234, 1086, 1096]	87359
403	0.9981325377493877	0.9999531782469705	2.165673513044956	3.5779691026203686	[160, 320, 836, 1089, 1086, 1096]	86998
404	0.9981613566112799	0.9999542187303712	2.165673513044956	3.260479038210432	[1715, 132, 1713, 174, 1086, 1112]	88092
405	0.998189730737649	0.9999550665316607	2.165673513044956	2.775355892909582	[241, 1720, 132, 1108, 1086, 1112]	87788
406	0.9982176669916977	0.9999565044026475	2.165673513044956	3.4885679563002645	[3869, 438, 2627, 261, 1086, 1112]	87374
407	0.9982451721307147	0.9999573098766725	2.165673513044956	3.462983623397844	[1742, 400, 19, 334, 1086, 1096]	86927
408	0.9982722528077098	0.9999581004345119	2.165673513044956	3.5005121038821185	[734, 10, 158, 1115, 1086, 1112]	89036
409	0.998298915573023	0.9999590315359672	2.165673513044956	2.4790093457015328	[3284, 2308, 651, 734, 19, 794]	85861
410	0.9983251668759084	0.999959790211227	2.165673513044956	2.545237350214759	[811, 734, 1203, 174, 1086, 1112]	86059
411	0.998351013066095	0.9999605348369451	2.165673513044956	3.0836053386938795	[241, 132, 19, 334, 1086, 1112]	88091
412	0.9983764603953219	0.9999612656732979	2.165673513044956	2.426484904269537	[734, 19, 132, 1108, 1086, 1112]	86314
413	0.9984015150188509	0.9999622985886767	2.165673513044956	3.528922042863038	[1892, 3459, 1203, 174, 1086, 1096]	87164
414	0.9984261829969551	0.9999629967629604	2.165673513044956	3.7232750780577044	[734, 19, 387, 344, 1086, 1112]	87183
415	0.9984504702963848	0.9999639835159482	2.165673513044956	3.397083781329468	[241, 132, 387, 344, 1086, 1096]	86260
416	0.9984743827918109	0.9999647838822604	2.165673513044956	2.6743890052643993	[2004, 19, 132, 1108, 1086, 1112]	87350
417	0.998497926267246	0.9999654360325889	2.1589432646749085	2.1589432646749085	[2872, 241, 1031, 132, 19, 794]	86233
418	0.9985211064174427	0.9999663577383866	2.1589432646749085	3.2554358471025484	[1580, 438, 2627, 261, 1086, 1112]	86575
419	0.9985439288492723	0.999967254865363	2.1589432646749085	3.397083781329468	[241, 132, 387, 344, 1086, 1112]	86909
420	0.9985663990830799	0.9999681280689533	2.1589432646749085	2.518985889172849	[19, 241, 132, 1108, 1086, 1112]	87835
421	0.99858852255402	0.9999687182898985	2.1589432646749085	3.4051240256480337	[19, 132, 387, 344, 1086, 1112]	87185
422	0.9986103046133715	0.9999692975808263	2.1589432646749085	2.545237350214759	[811, 734, 1203, 174, 1086, 1096]	86846
423	0.9986317505298319	0.9999701163120043	2.1589432646749085	3.7351968406794853	[1758, 2919, 1203, 174, 1086, 1096]	86963
424	0.9986528654907912	0.9999707803939598	2.1589432646749085	3.94674858093202	[1792, 496, 3366, 150, 1086, 1112]	89570
425	0.9986736546035877	0.9999714297185385	2.1589432646749085	3.451071680941741	[2872, 241, 19, 334, 1086, 1112]	87532
426	0.9986941228967422	0.9999723439675452	2.1589432646749085	3.6167299521115073	[3621, 1720, 132, 1094, 1086, 1112]	87404
427	0.9987142753211752	0.9999729585460442	2.1589432646749085	3.462983623397844	[1742, 400, 19, 334, 1086, 1112]	86416
428	0.998734116751404	0.9999738599278427	2.1589432646749085	3.4225800030903457	[4196, 1663, 1546, 234, 1086, 1096]	87225
429	0.9987536519867218	0.9999745569964336	2.1589432646749085	3.3802769052980004	[1515, 1031, 132, 1108, 1086, 1112]	87130
430	0.9987728857523588	0.9999752354765287	2.1589432646749085	3.671150278463103	[2490, 390, 3248, 334, 1086, 1112]	87167
431	0.9987918227006248	0.9999757857992725	2.1589432646749085	4.241604987141595	[3819, 438, 240, 234, 1086, 1112]	86772
432	0.9988104674120349	0.9999765606536958	2.1589432646749085	3.4347039664096126	[421, 438, 2627, 261, 1086, 1112]	87354
433	0.9988288243964172	0.9999770815280581	2.1589432646749085	2.5286478000845856	[2872, 241, 132, 1108, 1086, 1112]	86733
434	0.9988468980940033	0.9999778149191603	2.1589432646749085	2.6743890052643993	[2004, 19, 132, 1108, 1086, 1112]	87335
435	0.9988646928765033	0.9999785248417471	2.1589432646749085	2.932900051767541	[4015, 241, 132, 1108, 1086, 1096]	86961
436	0.9988822130481622	0.9999789225298629	2.1589432646749085	4.239276065236055	[320, 232, 158, 1115, 1086, 1112]	86521
437	0.9988994628468016	0.9999795970089073	2.1589432646749085	3.934145955231739	[1849, 420, 1582, 1087, 1086, 1112]	88554
438	0.9989164464448448	0.9999802499046223	2.1589432646749085	2.932900051767541	[1723, 241, 132, 1108, 1086, 1112]	86475
439	0.9989331679503256	0.9999806887956306	2.1589432646749085	2.793516874800511	[1259, 734, 1203, 174, 1086, 1112]	87325
440	0.9989496314078823	0.9999810464105264	2.1589432646749085	3.236190705972595	[734, 19, 132, 1094, 1086, 1112]	87856
441	0.9989658407997359	0.999981397402924	2.1589432646749085	3.732624610913075	[1582, 420, 1822, 1094, 1086, 1112]	86784
442	0.9989818000466536	0.9999818934721794	2.1589432646749085	4.051939410932119	[1792, 232, 193, 1115, 1086, 1112]	86117
443	0.9989975130088966	0.9999824728810697	2.1589432646749085	3.260479038210432	[1715, 132, 1713, 174, 1086, 1096]	86196
444	0.9990129834871544	0.9999828623726015	2.1589432646749085	3.5247094981667253	[2387, 1663, 1546, 234, 1086, 1112]	85568
445	0.9990282152234637	0.9999831797360718	2.1589432646749085	3.8061659836099055	[1580, 438, 3366, 150, 1086, 1112]	87164
446	0.999043211902114	0.9999837179845175	2.1589432646749085	3.8186126393093716	[1791, 420, 1582, 1087, 1086, 1112]	87426
447	0.9990579771505381	0.9999840798070838	2.1589432646749085	2.932900051767541	[4015, 241, 132, 1108, 1086, 1112]	86415
448	0.9990725145401903	0.9999845892532571	2.1589432646749085	3.8186126393093716	[1791, 420, 1582, 1087, 1086, 1096]	86295
449	0.9990868275874096	0.9999850002065036	2.1589432646749085	3.8388357754274143	[158, 420, 1582, 1087, 1086, 1112]	86651
450	0.9991009197542706	0.9999852779804572	2.1589432646749085	3.221273652630817	[19, 132, 217, 261, 1086, 1112]	86863
451	0.9991147944494208	0.9999857490850825	2.1589432646749085	3.5644935086479057	[1414, 3251, 3248, 334, 1086, 1112]	86144
452	0.999128455028905	0.9999860657720807	2.1589432646749085	3.9614854619594526	[2307, 1468, 1546, 234, 1086, 1112]	86969
453	0.9991419047969774	0.9999863754215901	2.1589432646749085	2.7751196038897037	[1819, 241, 132, 1108, 1086, 1096]	87436
454	0.9991551470069007	0.9999866277285977	2.1589432646749085	3.462983623397844	[1742, 400, 19, 334, 1086, 1112]	86496
455	0.9991681848617324	0.9999869248901844	2.1589432646749085	3.462983623397844	[1742, 400, 19, 334, 1086, 1112]	87198
456	0.9991810215151007	0.999987447894577	2.1589432646749085	3.6060011103515626	[3179, 843, 3094, 174, 1086, 1112]	88078
457	0.9991936600719664	0.9999880503956373	2.1589432646749085	3.069833347705165	[2607, 1587, 132, 1108, 1086, 1096]	85477
458	0.9992061035893743	0.999988271684607	2.1589432646749085	3.5432222043472263	[87, 1265, 255, 174, 1086, 1112]	85409
459	0.9992183550771927	0.9999884888756327	2.1589432646749085	2.4577974886688256	[2872, 241, 19, 409, 4290, 794]	85435
460	0.999230417498841	0.9999887446783965	2.1589432646749085	4.303353396184585	[1647, 1645, 234, 174, 1086, 1096]	84671
461	0.999242293772007	0.999989176882746	2.1589432646749085	3.490617761732537	[241, 1729, 1822, 1094, 1086, 1112]	84580
462	0.9992539867693525	0.9999893773108434	2.1589432646749085	3.6663831967223626	[359, 158, 1713, 174, 1086, 1112]	84958
463	0.9992654993192083	0.9999896605825542	2.1589432646749085	3.5779691026203686	[257, 320, 836, 1089, 1086, 1112]	84995
464	0.9992768342062575	0.9999898903473864	2.1589432646749085	3.663877168314336	[2309, 420, 1822, 1094, 1086, 1112]	84486
465	0.9992879941722103	0.99999021385627	2.1589432646749085	3.316188644224363	[2627, 261, 132, 1108, 1086, 1096]	85958
466	0.9992989819164663	0.9999904313261306	2.1589432646749085	3.6440743024501234	[1265, 415, 255, 174, 1086, 1096]	85704
467	0.9993098000967677	0.9999906864907672	2.1589432646749085	3.585810503855643	[10, 438, 2627, 261, 1086, 1112]	86503
468	0.9993204513298424	0.9999908589631603	2.1589432646749085	3.064028683626507	[2297, 400, 19, 422, 4776, 794]	85755
469	0.9993309381920361	0.9999911027241427	2.1589432646749085	3.8498112984743313	[386, 370, 1713, 174, 1086, 1112]	86300
470	0.9993412632199368	0.9999913399848323	2.1589432646749085	3.5779691026203686	[160, 320, 836, 1089, 1086, 1112]	85123
471	0.9993514289109872	0.99999157091857	2.1589432646749085	3.5800061191568133	[19, 241, 1729, 1094, 1086, 1112]	84287
472	0.9993614377240893	0.9999918406491758	2.1589432646749085	3.0466300264731196	[4118, 23, 5272, 174, 1086, 1112]	86472
473	0.9993712920801989	0.9999920582318644	2.1589432646749085	3.836139833873668	[140, 1210, 1822, 1094, 1086, 1112]	83906
474	0.999380994362912	0.9999922347156008	2.1589432646749085	3.462983623397844	[1742, 400, 19, 334, 1086, 1112]	84102
475	0.9993905469190398	0.9999925329025218	2.1589432646749085	3.9616871501273216	[87, 1265, 193, 1115, 1086, 1112]	84663
476	0.9993999520591781	0.9999927320251212	2.1589432646749085	3.4607062329820666	[420, 158, 1713, 174, 1086, 1112]	84093
477	0.9994092120582648	0.9999929646003173	2.1589432646749085	3.204410474350957	[5032, 23, 5272, 174, 1086, 1112]	84401
478	0.9994183291561312	0.9999932347596651	2.1589432646749085	3.32346175437313	[2040, 545, 132, 1108, 1086, 1112]	84046
479	0.9994273055580427	0.9999933600418935	2.1589432646749085	3.3286916908759068	[19, 241, 132, 1094, 1086, 1112]	85718
480	0.9994361434352333	0.9999935371074431	2.1589432646749085	3.5247094981667253	[2387, 1663, 1546, 234, 1086, 1112]	86211
481	0.9994448449254304	0.9999937094512446	2.1589432646749085	3.56678126317036	[19, 241, 217, 261, 1086, 1112]	86106
482	0.9994534121333712	0.9999938259428882	2.1589432646749085	2.1976818767155635	[10, 734, 1203, 174, 1086, 1112]	83855
483	0.9994618471313131	0.9999939905844112	2.1589432646749085	2.790120672112291	[241, 217, 132, 1108, 1086, 1112]	84724
484	0.9994701519595336	0.999994101869885	2.1589432646749085	3.5065031788170664	[811, 734, 19, 334, 1086, 1112]	85002
485	0.9994783286268247	0.9999942591533547	2.1589432646749085	3.4455895737600724	[190, 196, 1078, 334, 1086, 1112]	86669
486	0.9994863791109787	0.9999944428604474	2.1589432646749085	3.4669248454207757	[3819, 438, 2627, 261, 1086, 1112]	85475
487	0.999494305359266	0.9999945910508354	2.1589432646749085	3.5779691026203686	[157, 320, 836, 1089, 1086, 1096]	86239
488	0.999502109288907	0.9999946912165607	2.1589432646749085	3.7498600569240876	[382, 409, 19, 334, 1086, 1096]	87300
489	0.9995097927875349	0.9999948091895261	2.1589432646749085	2.5286478000845856	[2872, 241, 132, 1108, 1086, 1112]	84268
490	0.9995173577136532	0.9999949752954612	2.1589432646749085	2.7751196038897037	[1819, 241, 132, 1108, 1086, 1112]	85256
491	0.9995248058970845	0.999995086955562	2.1589432646749085	3.260479038210432	[1726, 132, 1713, 174, 1086, 1112]	86437
492	0.9995321391394135	0.99999525072371	2.1589432646749085	3.4714239837057717	[5415, 1587, 132, 1108, 1086, 1112]	85818
493	0.9995393592144225	0.9999953562631831	2.1589432646749085	3.334919766974785	[1715, 132, 19, 334, 1086, 1112]	85455
494	0.999546467868521	0.9999955048627612	2.1589432646749085	3.6060011103515626	[3179, 843, 3094, 174, 1086, 1112]	86461
495	0.9995534668211672	0.9999956247330877	2.1589432646749085	3.184750484208875	[813, 19, 132, 1108, 1086, 1112]	85906
496	0.9995603577652851	0.9999957647416289	2.1589432646749085	4.017543107152484	[10, 232, 193, 1115, 1086, 1096]	84703
497	0.9995671423676726	0.999995877681852	2.1589432646749085	3.6663831967223626	[359, 158, 1713, 174, 1086, 1112]	85742
498	0.999573822269406	0.999995969288922	2.1589432646749085	3.409802677289374	[1791, 420, 158, 1115, 1086, 1112]	86312
499	0.9995803990862362	0.9999960767745507	2.1589432646749085	2.426484904269537	[734, 19, 132, 1108, 1086, 1112]	86524
