0	0.015432098765432056	0.022222222222222254	3.529057945505385	3.529057945505385	[1791, 420, 1822, 1094, 1086, 1112]	79351
1	0.030626047858558048	0.04032921810699586	3.529057945505385	3.775462889659569	[420, 158, 1546, 234, 1086, 1112]	66554
2	0.045585522428642	0.071038683127572	3.1638297594781797	3.1638297594781797	[1535, 496, 2729, 438, 774, 794]	63800
3	0.06031414090968146	0.10076544526748976	3.0466300264731196	3.0466300264731196	[4118, 23, 5272, 174, 1086, 1096]	63662
4	0.07481546589564314	0.11741793702179548	3.0466300264731196	3.8061659836099055	[1580, 438, 3366, 150, 1086, 1096]	65053
5	0.08909300500219186	0.14095345870121423	3.0466300264731196	3.236190705972595	[734, 19, 132, 1094, 1086, 1112]	69315
6	0.10315021171512095	0.15686172798452502	3.0466300264731196	3.213233408312252	[241, 132, 217, 261, 1086, 1112]	68672
7	0.11699048622569008	0.17559813402931335	2.5286478000845856	2.5286478000845856	[2872, 241, 132, 1108, 1086, 1096]	67712
8	0.13061717625307134	0.19086483525099274	2.5286478000845856	3.213233408312252	[241, 132, 217, 261, 1086, 1112]	64965
9	0.1440335778541042	0.20584881978338176	2.5286478000845856	4.00879157935639	[10, 107, 1546, 234, 1086, 1112]	67138
10	0.1572429362205532	0.22055532312072657	2.5286478000845856	3.5005121038821185	[734, 10, 158, 1115, 1086, 1112]	65795
11	0.17024844646406312	0.23787631594026604	2.5286478000845856	3.7119802833327293	[2149, 420, 1822, 1094, 1086, 1112]	67454
12	0.18305325438900033	0.2519897174969278	2.426484904269537	2.426484904269537	[734, 19, 132, 1108, 1086, 1112]	67919
13	0.19566045725336756	0.2719366583636763	2.426484904269537	3.1589477053178707	[10, 734, 19, 334, 1086, 1112]	67708
14	0.208073104517976	0.29135168080731155	2.426484904269537	2.892248860804172	[241, 1209, 132, 1108, 1086, 1112]	67773
15	0.22029419858405663	0.30447479782939835	2.1976818767155635	2.1976818767155635	[10, 734, 1203, 174, 1086, 1096]	70058
16	0.2323266955194878	0.3267316042988576	2.1976818767155635	3.6060011103515626	[545, 132, 1713, 174, 1086, 1112]	65241
17	0.2441735057738167	0.3391995375525825	2.1976818767155635	3.0091646099295257	[241, 132, 1713, 174, 1086, 1112]	68897
18	0.2558374948822454	0.3538839922736362	2.1976818767155635	2.793516874800511	[1259, 734, 1203, 174, 1086, 1112]	65832
19	0.2673214841587539	0.3711137524796725	2.1976818767155635	3.5005121038821185	[734, 10, 158, 1115, 1086, 1112]	63308
20	0.2786282513785262	0.38508900242456867	2.1976818767155635	4.312607338321604	[2047, 232, 158, 1115, 1086, 1112]	65328
21	0.28976053144984526	0.39647624312040997	2.1976818767155635	3.5069954494906392	[542, 269, 132, 1108, 1086, 1112]	70614
22	0.30072101707561927	0.40988788216217864	2.1976818767155635	3.8229149778872156	[1819, 241, 217, 261, 1086, 1112]	65520
23	0.31151235940469924	0.428771469932989	2.1976818767155635	3.866616265254481	[269, 1402, 1078, 334, 1086, 1112]	67206
24	0.32213716867314524	0.439349776045341	2.1976818767155635	3.592725015116719	[2149, 420, 158, 1115, 1086, 1112]	67259
25	0.3325980148355967	0.4518086699110001	2.1976818767155635	3.4669248454207757	[3819, 438, 2627, 261, 1086, 1112]	67206
26	0.34289742818689917	0.47008171424730005	2.1976818767155635	3.069833347705165	[2607, 1587, 132, 1108, 1086, 1112]	65215
27	0.35303789997413837	0.48703909939138645	2.1976818767155635	3.204410474350957	[5032, 23, 5272, 174, 1086, 1112]	65037
28	0.3630218829992288	0.5034538482108621	2.1976818767155635	3.7271075836125993	[1794, 1879, 836, 1089, 1086, 1112]	63483
29	0.37285179221220366	0.5144882071395096	2.1976818767155635	3.575302319672975	[1851, 159, 1713, 174, 1086, 1112]	66120
30	0.38253000529534864	0.5234791662665557	2.1976818767155635	3.7008473606648478	[10, 157, 1713, 174, 1086, 1112]	65956
31	0.3920588632383216	0.5323036261505083	2.1976818767155635	3.397083781329468	[241, 132, 387, 344, 1086, 1112]	65788
32	0.40144067090439683	0.5447755294531614	2.1976818767155635	3.236190705972595	[734, 19, 132, 1094, 1086, 1096]	66775
33	0.4106776975879709	0.5548916287986467	2.1976818767155635	3.0373270629232803	[846, 734, 1203, 174, 1086, 1112]	63114
34	0.4197721775634652	0.5631343764134866	2.1976818767155635	2.426484904269537	[734, 19, 132, 1108, 1086, 1112]	67317
35	0.4287263106257574	0.5712244805539776	2.1976818767155635	3.3692329725658183	[1580, 301, 2627, 261, 1086, 1112]	64975
36	0.43754226262227347	0.5807528254305558	2.1976818767155635	3.5673687331398343	[2297, 400, 19, 334, 1086, 1096]	65542
37	0.44622216597686803	0.5885166619966566	2.1976818767155635	3.9811398533998643	[359, 158, 1546, 234, 1086, 1112]	65951
38	0.4547681202056201	0.5976607361745088	2.1976818767155635	3.0373270629232803	[846, 734, 1203, 174, 1086, 1096]	67543
39	0.46318219242466907	0.6083897832098552	2.1976818767155635	4.369704634050191	[3, 420, 1822, 1094, 1086, 1112]	67565
40	0.47146641785021426	0.618832722324259	2.1976818767155635	2.723312616127263	[107, 734, 1203, 174, 1086, 1112]	71088
41	0.4796228002907974	0.6273031062726089	2.1976818767155635	3.17671023989031	[1548, 241, 132, 1108, 1086, 1112]	65534
42	0.48765331263198874	0.6416146669917406	2.1976818767155635	3.8498112984743313	[101, 370, 1713, 174, 1086, 1096]	66108
43	0.49555989731359384	0.6495787855030353	2.1976818767155635	3.879539149408224	[1544, 156, 1713, 174, 1086, 1112]	66758
44	0.5033444667994951	0.6560680672529791	2.1976818767155635	3.5492810816234277	[158, 420, 1822, 1094, 1086, 1112]	69264
45	0.5110089040402437	0.6670738891008837	2.1976818767155635	3.4455895737600724	[190, 196, 1078, 334, 1086, 1112]	67494
46	0.5185550629285114	0.6759519187248602	2.1976818767155635	3.8093348907349753	[2003, 1417, 5272, 174, 1086, 1112]	68245
47	0.5259847687475159	0.6863214573256646	2.1976818767155635	3.866616265254481	[4345, 1402, 1078, 334, 1086, 1112]	67942
48	0.5332998186125233	0.6921303192270412	2.1976818767155635	2.6296491148067798	[241, 1031, 132, 1108, 1086, 1112]	68513
49	0.5405019819055399	0.6989718676886625	2.1976818767155635	3.260479038210432	[1726, 132, 1713, 174, 1086, 1096]	67354
50	0.5475930007032939	0.704546462731465	2.1976818767155635	2.870736037412858	[3, 19, 132, 1108, 1086, 1112]	68700
51	0.5545745901986134	0.7158918785625769	2.1976818767155635	2.6296491148067798	[241, 1031, 132, 1108, 1086, 1112]	67589
52	0.5614484391153014	0.7222053923722973	2.1976818767155635	3.6617107163654943	[2267, 261, 132, 1108, 1086, 1096]	67338
53	0.5682162101166085	0.7264923461937125	1.8782700155902834	1.8782700155902834	[420, 158, 10, 734, 19, 794]	67624
54	0.5748795402074016	0.7315573027456808	1.8782700155902834	2.723312616127263	[107, 734, 1203, 174, 1086, 1112]	65850
55	0.5814400411301268	0.7401474690578189	1.8782700155902834	3.409802677289374	[1791, 420, 158, 1115, 1086, 1112]	65276
56	0.5878992997546619	0.7449595529641557	1.8782700155902834	3.490617761732537	[241, 1729, 1822, 1094, 1086, 1112]	64491
57	0.5942588784621516	0.7517606315517782	1.8782700155902834	3.6060011103515626	[2040, 1451, 1713, 174, 1086, 1112]	67685
58	0.6005203155229208	0.7583803480437308	1.8782700155902834	3.8377000442262252	[1879, 496, 132, 1108, 1086, 1112]	62296
59	0.6066851254685548	0.7648235387625646	1.8782700155902834	3.9128741871805746	[10, 107, 836, 1089, 1086, 1112]	66944
60	0.6127547994582376	0.7710949110622295	1.8782700155902834	2.2790614829839417	[19, 734, 1203, 174, 1086, 1112]	65468
61	0.6187308056394376	0.7771990467672367	1.8782700155902834	2.702639471550251	[77, 19, 132, 1108, 1086, 1096]	69427
62	0.6246145895030265	0.7821501790612981	1.8782700155902834	3.6060011103515626	[545, 132, 1713, 174, 1086, 1096]	65214
63	0.630407574232918	0.7891213733313366	1.8782700155902834	3.866616265254481	[2707, 1402, 1078, 334, 1086, 1112]	66498
64	0.6361111610503113	0.7930265330844599	1.8782700155902834	3.752824415762799	[10, 161, 1713, 174, 1086, 1112]	68071
65	0.6417267295526212	0.7976259434603609	1.8782700155902834	3.334919766974785	[1715, 132, 19, 334, 1086, 1112]	69222
66	0.6472556380471796	0.8030225849680845	1.8782700155902834	3.0373270629232803	[3284, 734, 1203, 174, 1086, 1096]	65858
67	0.6526992238797849	0.806670314876083	1.8782700155902834	3.397083781329468	[241, 132, 387, 344, 1086, 1112]	66577
68	0.6580588037581832	0.8102504942302295	1.8782700155902834	3.8297958111453587	[195, 10, 158, 1115, 1086, 1112]	68251
69	0.6633356740705569	0.8137643739667069	1.8782700155902834	2.702639471550251	[77, 19, 132, 1108, 1086, 1112]	70314
70	0.6685311111990977	0.8209158220063852	1.8782700155902834	2.6296491148067798	[241, 1031, 132, 1108, 1086, 1112]	65572
71	0.6736463718287411	0.8242321956729337	1.8782700155902834	3.6412264034130413	[107, 10, 158, 1115, 1086, 1112]	65355
72	0.6786826932511372	0.8309816793590931	1.8782700155902834	2.790120672112291	[241, 217, 132, 1108, 1086, 1112]	66749
73	0.6836412936639282	0.835488834576184	1.8782700155902834	2.6296491148067798	[241, 1031, 132, 1108, 1086, 1112]	71411
74	0.6885233724654107	0.8398757989874857	1.8782700155902834	2.702639471550251	[77, 19, 132, 1108, 1086, 1112]	67239
75	0.6933301105446482	0.8428410619691988	1.8782700155902834	2.545237350214759	[811, 734, 1203, 174, 1086, 1096]	66089
76	0.6980626705671074	0.8470319669833536	1.8782700155902834	3.221273652630817	[19, 132, 217, 261, 1086, 1112]	70364
77	0.7027221972558866	0.8529059394511929	1.8782700155902834	3.838061935263993	[2582, 1192, 836, 1089, 1086, 1112]	72266
78	0.7073098176686043	0.85562990353543	1.8782700155902834	3.9343585605063875	[269, 1337, 240, 234, 1086, 1112]	67901
79	0.7118266414700147	0.8583034238403294	1.8782700155902834	3.752824415762799	[10, 161, 1713, 174, 1086, 1112]	68936
80	0.7162737612004157	0.8614522366438777	1.8782700155902834	3.5891433710848464	[1807, 157, 1713, 174, 1086, 1112]	66697
81	0.7206522525399155	0.8640179359652873	1.8782700155902834	3.6721450672688247	[1792, 496, 217, 261, 1086, 1112]	67987
82	0.7249631745686205	0.8683693620143982	1.8782700155902834	3.585810503855643	[2040, 438, 2627, 261, 1086, 1112]	64589
83	0.7292075700228084	0.870806966421539	1.8782700155902834	3.363125263892072	[432, 422, 19, 334, 1086, 1112]	65604
84	0.7333864655471478	0.8736779227232825	1.8782700155902834	3.460050044086323	[734, 19, 1987, 334, 1086, 1112]	70362
85	0.7375008719430252	0.8760172204506291	1.8782700155902834	3.6845784447295697	[107, 734, 19, 334, 1086, 1112]	66537
86	0.7415517844130401	0.8783131978496915	1.8782700155902834	3.7008473606648478	[10, 157, 1713, 174, 1086, 1112]	64257
87	0.7455401828017278	0.8815581792403664	1.8782700155902834	3.998590429430397	[542, 269, 2013, 2116, 1086, 1112]	64212
88	0.7494670318325654	0.8841902197016916	1.8782700155902834	3.4225800030903457	[4196, 1663, 1546, 234, 1086, 1112]	64948
89	0.753333281341322	0.8880505457116352	1.8782700155902834	3.5039302684876574	[4301, 1711, 132, 1108, 1086, 1112]	63889
90	0.7571398665058078	0.8901236837540124	1.8782700155902834	3.5005121038821185	[734, 10, 158, 1115, 1086, 1112]	68475
91	0.7608877080720762	0.8930537188539054	1.8782700155902834	3.9566544801462404	[1849, 420, 158, 1089, 1086, 1112]	65204
92	0.7645777125771367	0.8959056196844679	1.8782700155902834	3.58506169461264	[241, 1720, 132, 1094, 1086, 1096]	65400
93	0.7682107725682302	0.8982188281359241	1.8782700155902834	3.9944562859119337	[4284, 19, 132, 1094, 1086, 1112]	66564
94	0.7717877668187205	0.9001036646519256	1.8782700155902834	4.032084968437989	[77, 19, 132, 261, 1086, 1112]	67789
95	0.7753095605406538	0.903300347383064	1.8782700155902834	3.4669248454207757	[3819, 438, 2627, 261, 1086, 1112]	68719
96	0.7787770055940388	0.9054492285523292	1.8782700155902834	2.7751196038897037	[1819, 241, 132, 1108, 1086, 1112]	66211
97	0.7821909406928962	0.9072001687643231	1.8782700155902834	3.213233408312252	[241, 132, 217, 261, 1086, 1112]	66486
98	0.7855521916081293	0.909262387236227	1.8782700155902834	2.204347992078195	[420, 162, 10, 734, 19, 794]	67442
99	0.7888615713672631	0.9109427133985191	1.8782700155902834	2.518985889172849	[19, 241, 132, 1108, 1086, 1112]	64868
100	0.7921198804511016	0.9137925465697665	1.8782700155902834	3.5995927639097713	[300, 301, 2627, 261, 1086, 1096]	68128
101	0.79532790698735	0.9160914119945727	1.8782700155902834	2.6296491148067798	[241, 1031, 132, 1108, 1086, 1112]	68900
102	0.7984864269412489	0.9193135017739811	1.8782700155902834	3.5779691026203686	[157, 320, 836, 1089, 1086, 1096]	63413
103	0.8015962043032667	0.9211065350678926	1.8782700155902834	3.464547836593158	[1726, 132, 217, 261, 1086, 1112]	65048
104	0.8046579912738953	0.9232103607994155	1.8782700155902834	2.702639471550251	[77, 19, 132, 1108, 1086, 1112]	66283
105	0.8076725284455943	0.9246323911549819	1.8782700155902834	3.0172048542480914	[19, 132, 1713, 174, 1086, 1112]	70887
106	0.8106405449819278	0.9260280876150748	1.8782700155902834	3.4051240256480337	[19, 132, 387, 344, 1086, 1112]	68389
107	0.8135627587939351	0.9273979378444253	1.8782700155902834	3.0836053386938795	[241, 132, 19, 334, 1086, 1112]	66412
108	0.8164398767137817	0.9290113170034381	1.8782700155902834	3.528922042863038	[1892, 3459, 1203, 174, 1086, 1112]	69108
109	0.8192725946657295	0.930904348550013	1.8782700155902834	3.0091646099295257	[241, 132, 1713, 174, 1086, 1096]	62957
110	0.8220615978344683	0.9321838976509387	1.8782700155902834	3.363125263892072	[432, 422, 19, 334, 1086, 1112]	62642
111	0.8248075608308499	0.9334397513981436	1.8782700155902834	2.1976818767155635	[10, 734, 1203, 174, 1086, 1112]	67077
112	0.8275111478550652	0.9346723485944742	1.8782700155902834	3.770768306464353	[241, 1587, 132, 1094, 1086, 1096]	68216
113	0.8301730128573019	0.9367628334394511	1.8782700155902834	3.4455895737600724	[190, 196, 1078, 334, 1086, 1112]	66790
114	0.8327937996959238	0.9384491578810658	1.8782700155902834	3.0373270629232803	[3284, 734, 1203, 174, 1086, 1112]	68003
115	0.8353741422932088	0.9398169543725976	1.8782700155902834	3.334919766974785	[1715, 132, 19, 334, 1086, 1096]	66904
116	0.837914664788684	0.9417428118326745	1.8782700155902834	3.673264351591776	[21, 1417, 5272, 174, 1086, 1112]	65794
117	0.8404159816900932	0.9436070418540289	1.8782700155902834	3.204410474350957	[5032, 23, 5272, 174, 1086, 1112]	66811
118	0.8428786980220363	0.9454868071255612	1.8782700155902834	3.069833347705165	[2607, 1587, 132, 1108, 1086, 1112]	64160
119	0.8453034094723135	0.9464963106973101	1.8782700155902834	3.58506169461264	[241, 1720, 132, 1094, 1086, 1096]	68320
120	0.8476907025360123	0.9479230757453818	1.8782700155902834	3.934145955231739	[1849, 420, 1582, 1087, 1086, 1112]	68836
121	0.8500411546573702	0.9488874632315785	1.8782700155902834	3.2554358471025484	[1580, 438, 2627, 261, 1086, 1096]	65720
122	0.8523553343694478	0.9505230644081679	1.8782700155902834	3.58966803006855	[2872, 241, 1729, 1094, 1086, 1112]	64041
123	0.8546338014316477	0.9516225518657643	1.8782700155902834	3.8670757774883784	[1791, 420, 1546, 234, 1086, 1112]	66795
124	0.8568771069651099	0.9526976062687472	1.8782700155902834	2.5286478000845856	[2872, 241, 132, 1108, 1086, 1096]	65719
125	0.8590857935860187	0.953959003434914	1.8782700155902834	3.732624610913075	[988, 420, 1822, 1094, 1086, 1112]	68176
126	0.8612603955368516	0.9551867633433163	1.8782700155902834	3.3692329725658183	[1580, 301, 2627, 261, 1086, 1112]	64556
127	0.8634014388156039	0.956907591630933	1.8782700155902834	2.6296491148067798	[241, 1031, 132, 1108, 1086, 1112]	65727
128	0.8655094413030175	0.9577055991933231	1.8782700155902834	3.841121164223872	[1791, 420, 158, 1089, 1086, 1112]	66517
129	0.8675849128878474	0.9597357304320435	1.8782700155902834	3.069833347705165	[2607, 1587, 132, 1108, 1086, 1112]	65332
130	0.8696283555901955	0.9604813650536724	1.8782700155902834	3.397083781329468	[241, 132, 387, 344, 1086, 1112]	66500
131	0.8716402636829393	0.9612131916267526	1.8782700155902834	3.4051240256480337	[19, 132, 387, 344, 1086, 1096]	63986
132	0.8736211238112891	0.9620751207017135	1.8782700155902834	3.6060011103515626	[1723, 132, 1713, 174, 1086, 1112]	66144
133	0.8755714151104975	0.9627774332813115	1.8782700155902834	3.397083781329468	[241, 132, 387, 344, 1086, 1096]	65968
134	0.8774916093217553	0.9634667400723983	1.8782700155902834	3.7119802833327293	[2149, 420, 1822, 1094, 1086, 1112]	66712
135	0.8793821709062961	0.9641432819229094	1.8782700155902834	3.213233408312252	[241, 132, 217, 261, 1086, 1112]	66809
136	0.8812435571577422	0.9648072952206334	1.8782700155902834	3.4607062329820666	[420, 158, 1713, 174, 1086, 1112]	67850
137	0.8830762183127152	0.9664965450500429	1.8782700155902834	3.069833347705165	[2607, 1587, 132, 1108, 1086, 1112]	68821
138	0.8848805976597413	0.9671169794009681	1.8782700155902834	3.592725015116719	[2149, 420, 158, 1115, 1086, 1112]	64221
139	0.8866571316464736	0.9679938599502755	1.8782700155902834	3.0172048542480914	[19, 132, 1713, 174, 1086, 1112]	64572
140	0.8884062499852626	0.9685865662474927	1.8782700155902834	3.2554358471025484	[1580, 438, 2627, 261, 1086, 1112]	66721
141	0.890128375757095	0.9694242578142263	1.8782700155902834	3.0091646099295257	[241, 132, 1713, 174, 1086, 1112]	66317
142	0.89182392551393	0.9701037187516879	1.8782700155902834	2.5872420769840634	[811, 3459, 1203, 174, 1086, 1112]	67680
143	0.8934933093794557	0.9706573535896196	1.8782700155902834	3.6425874947946353	[119, 409, 19, 334, 1086, 1112]	67058
144	0.8951369311482913	0.9715963182747518	1.8782700155902834	3.544621900098326	[2309, 420, 158, 1115, 1086, 1112]	65864
145	0.8967551883836571	0.9723537497874251	1.8782700155902834	2.405415068480026	[1819, 241, 1031, 132, 19, 794]	68683
146	0.898348472513539	0.9729681109032601	1.8782700155902834	4.1571400309425535	[846, 10, 494, 636, 1086, 1112]	66734
147	0.8999171689253671	0.9734687014420885	1.8782700155902834	3.1589477053178707	[10, 734, 19, 334, 1086, 1112]	66160
148	0.9014616570592349	0.9740582858544866	1.8782700155902834	3.704751074145321	[1530, 156, 1713, 174, 1086, 1112]	68130
149	0.9029823104996788	0.9745386879682923	1.8782700155902834	3.363125263892072	[432, 422, 19, 334, 1086, 1096]	65784
150	0.9044794970660417	0.9751044949023303	1.8782700155902834	3.6483982096103746	[1726, 132, 387, 344, 1086, 1112]	63671
151	0.9059535789014423	0.9756577283489453	1.8782700155902834	4.125894445927422	[1712, 132, 387, 344, 1086, 1096]	65564
152	0.9074049125603707	0.9763068555929734	1.8782700155902834	3.5247094981667253	[2387, 1663, 1546, 234, 1086, 1112]	65006
153	0.9088338490949328	0.9769386727771607	1.8782700155902834	2.545237350214759	[811, 734, 1203, 174, 1086, 1112]	63225
154	0.9102407341397641	0.9773657343923985	1.8782700155902834	2.6743890052643993	[2004, 19, 132, 1108, 1086, 1096]	70849
155	0.9116259079956319	0.9777848874592059	1.8782700155902834	3.409802677289374	[1791, 420, 158, 1115, 1086, 1096]	63185
156	0.9129897057117488	0.9781962784321836	1.8782700155902834	2.702639471550251	[77, 19, 132, 1108, 1086, 1112]	65854
157	0.9143324571668143	0.9788939975223537	1.8782700155902834	2.940940296086106	[1548, 19, 132, 1108, 1086, 1112]	65152
158	0.9156544871488079	0.9792848494200879	1.8782700155902834	2.892248860804172	[241, 1209, 132, 1108, 1086, 1112]	66481
159	0.9169561154335486	0.9799477342386451	1.8782700155902834	3.6060011103515626	[3179, 843, 3094, 174, 1086, 1112]	65582
160	0.9182376568620432	0.9807177412438811	1.8782700155902834	3.838061935263993	[2582, 1192, 836, 1089, 1086, 1112]	65949
161	0.9194994214166413	0.9810748201097351	1.8782700155902834	3.4347039664096126	[421, 438, 2627, 261, 1086, 1112]	66088
162	0.9207417142960141	0.9814252864039993	1.8782700155902834	3.5605912733082006	[241, 19, 1987, 334, 1086, 1096]	66185
163	0.9219648359889768	0.981769262581703	1.8782700155902834	2.5872420769840634	[811, 3459, 1203, 174, 1086, 1112]	66660
164	0.9231690823471717	0.9822554155795243	1.8782700155902834	3.5005121038821185	[734, 10, 158, 1115, 1086, 1112]	64714
165	0.9243547446566289	0.9826497396777572	1.8782700155902834	3.597226074150603	[846, 10, 158, 1115, 1086, 1112]	64823
166	0.9255221097082241	0.9831124132863502	1.8782700155902834	4.215537190177668	[19, 1987, 653, 636, 1086, 1112]	66306
167	0.9266714598670478	0.9834251463736401	1.8782700155902834	3.823816307279582	[241, 19, 387, 344, 1086, 1112]	67676
168	0.9278030731407044	0.9837320881074615	1.8782700155902834	2.870736037412858	[3, 19, 132, 1108, 1086, 1096]	68199
169	0.9289172232465578	0.9840935972606291	1.8782700155902834	3.184750484208875	[732, 19, 132, 1108, 1086, 1112]	66339
170	0.9300141796779381	0.9843881602743211	1.8782700155902834	3.213233408312252	[241, 132, 217, 261, 1086, 1112]	68936
171	0.9310942077693279	0.9846772684173892	1.8782700155902834	3.6440743024501234	[1265, 415, 255, 174, 1086, 1112]	64971
172	0.932157568760542	0.9849610227059561	1.8782700155902834	3.9010739829384757	[1580, 438, 970, 261, 1086, 1112]	63686
173	0.9332045198599164	0.9852395222854754	1.8782700155902834	3.528922042863038	[1892, 3459, 1203, 174, 1086, 1112]	65245
174	0.9342353143065225	0.9855675329013538	1.8782700155902834	3.8372243806298787	[2627, 438, 3366, 150, 1086, 1112]	66092
175	0.9352502014314219	0.9858882543924348	1.8782700155902834	3.5247094981667253	[2387, 1663, 1546, 234, 1086, 1112]	64880
176	0.936249426717974	0.9862018487392695	1.8782700155902834	3.451071680941741	[2872, 241, 19, 334, 1086, 1112]	67569
177	0.9372332318612151	0.9864573700589128	1.8782700155902834	3.213233408312252	[241, 132, 217, 261, 1086, 1096]	66301
178	0.9382018548263199	0.9867081595022662	1.8782700155902834	2.892248860804172	[241, 1209, 132, 1108, 1086, 1112]	71383
179	0.9391555299061606	0.9871334983981936	1.8782700155902834	3.833928826683146	[949, 168, 132, 1108, 1086, 1112]	64926
180	0.9400944877779791	0.9875452264494515	1.8782700155902834	3.464547836593158	[1726, 132, 217, 261, 1086, 1112]	67286
181	0.9410189555591831	0.9879437792030691	1.8782700155902834	3.409802677289374	[1791, 420, 158, 1115, 1086, 1112]	65346
182	0.9419291568622822	0.9882116952207786	1.8782700155902834	3.5848254055927624	[1819, 241, 132, 1094, 1086, 1112]	72318
183	0.9428253118489753	0.9885260500148911	1.8782700155902834	3.84519172267838	[734, 10, 232, 1023, 1086, 1096]	65190
184	0.9437076372834047	0.9889085150143948	1.8782700155902834	3.4225800030903457	[4196, 1663, 1546, 234, 1086, 1112]	65236
185	0.9445763465845868	0.9892634425339342	1.8782700155902834	3.528922042863038	[2528, 3459, 1203, 174, 1086, 1096]	67846
186	0.9454316498780345	0.9895020326998467	1.8782700155902834	2.545237350214759	[811, 734, 1203, 174, 1086, 1112]	68423
187	0.9462737540465833	0.9898379676534517	1.8782700155902834	3.6617107163654943	[2267, 261, 132, 1108, 1086, 1112]	67662
188	0.9471028627804323	0.9901089551826929	1.8782700155902834	3.775462889659569	[420, 158, 1546, 234, 1086, 1112]	66467
189	0.9479191766264133	0.9903287561786331	1.8782700155902834	2.5286478000845856	[2872, 241, 132, 1108, 1086, 1112]	69114
190	0.9487228930364995	0.9905078532864362	1.8782700155902834	3.0091646099295257	[241, 132, 1713, 174, 1086, 1112]	66995
191	0.9495142064155659	0.9908116019812703	1.8782700155902834	3.0466300264731196	[4118, 23, 5272, 174, 1086, 1112]	67863
192	0.9502933081684121	0.9910566259284364	1.8782700155902834	3.4607062329820666	[420, 158, 1713, 174, 1086, 1112]	69019
193	0.9510603867460601	0.991295115903678	1.8782700155902834	2.6296491148067798	[241, 1031, 132, 1108, 1086, 1112]	66647
194	0.9518156276913369	0.9915272461462467	1.8782700155902834	3.184750484208875	[455, 19, 132, 1108, 1086, 1112]	64888
195	0.9525592136837545	0.9916841489953903	1.8782700155902834	2.518985889172849	[19, 241, 132, 1108, 1086, 1096]	62566
196	0.9532913245836966	0.9918689456843816	1.8782700155902834	3.3383536017876443	[2872, 241, 132, 1094, 1086, 1112]	65074
197	0.9540121374759235	0.9920496357802842	1.8782700155902834	2.940940296086106	[1548, 19, 132, 1108, 1086, 1112]	71217
198	0.9547218267124061	0.9921968647473159	1.8782700155902834	3.6663831967223626	[359, 158, 1713, 174, 1086, 1112]	64444
199	0.9554205639544987	0.9923702677529311	1.8782700155902834	3.942044072910205	[1718, 132, 217, 261, 1086, 1112]	63479
200	0.9561085182144601	0.9925737272795196	1.8782700155902834	2.545237350214759	[811, 734, 1203, 174, 1086, 1112]	69290
201	0.9567858558963357	0.9927112508484175	1.8782700155902834	3.184750484208875	[813, 19, 132, 1108, 1086, 1112]	66030
202	0.9574527408362071	0.9929444908212681	1.8782700155902834	3.597226074150603	[846, 10, 158, 1115, 1086, 1112]	64391
203	0.9581093343418212	0.993075148398652	1.8782700155902834	2.723312616127263	[107, 734, 1203, 174, 1086, 1112]	63954
204	0.9587557952316079	0.9932598111080213	1.8782700155902834	2.518985889172849	[19, 241, 132, 1108, 1086, 1112]	63140
205	0.9593922798730954	0.993439549478474	1.8782700155902834	3.5779691026203686	[160, 320, 836, 1089, 1086, 1096]	66815
206	0.9600189422207328	0.9935610393029467	1.8782700155902834	2.426484904269537	[734, 19, 132, 1108, 1086, 1112]	65312
207	0.960635933853129	0.9937327449215348	1.8782700155902834	3.5005121038821185	[734, 10, 158, 1115, 1086, 1112]	63926
208	0.9612434040097164	0.9939332970840458	1.8782700155902834	3.4455895737600724	[190, 196, 1078, 334, 1086, 1096]	62632
209	0.9618414996268504	0.9940456434343412	1.8782700155902834	2.8070241504084494	[3621, 1720, 132, 1108, 1086, 1112]	69281
210	0.9624303653733497	0.9941559092966682	1.8782700155902834	3.832643710182441	[10, 415, 255, 174, 1086, 1112]	66642
211	0.9630101436854893	0.9942641331985818	1.8782700155902834	4.000940622867456	[1529, 2229, 494, 636, 1086, 1112]	66739
212	0.963580974801454	0.9944170896466196	1.8782700155902834	3.184750484208875	[432, 19, 132, 1108, 1086, 1112]	67393
213	0.9641429967952587	0.9945659672560431	1.8782700155902834	3.536331055654151	[331, 241, 132, 1094, 1086, 1112]	66011
214	0.9646963456101467	0.9947108747958819	1.8782700155902834	3.884888031490436	[1551, 1879, 836, 1089, 1086, 1112]	67504
215	0.9652411550914716	0.9948088215589211	1.8782700155902834	3.5432222043472263	[87, 1265, 255, 174, 1086, 1112]	67080
216	0.9657775570190723	0.9949241810798339	1.8782700155902834	3.459532293516329	[2764, 258, 132, 1108, 1086, 1112]	67167
217	0.9663056811391484	0.9950595362510384	1.8782700155902834	3.9899348287824727	[394, 193, 1872, 1115, 1086, 1112]	71620
218	0.966825655195643	0.9951693243343487	1.8782700155902834	3.5673687331398343	[2297, 400, 19, 334, 1086, 1112]	64919
219	0.9673376049611423	0.9953239059556495	1.8782700155902834	3.4225800030903457	[4196, 1663, 1546, 234, 1086, 1112]	66333
220	0.9678416542672975	0.9955034679669525	1.8782700155902834	4.128698219613206	[1468, 2411, 836, 1089, 1086, 1112]	66733
221	0.9683379250347776	0.9956233754878339	1.8782700155902834	2.426484904269537	[734, 19, 132, 1108, 1086, 1112]	66720
222	0.9688265373027594	0.995791437869101	1.8782700155902834	3.7271075836125993	[1794, 1879, 836, 1089, 1086, 1112]	66879
223	0.9693076092579637	0.9959261118572897	1.8782700155902834	3.464547836593158	[1726, 132, 217, 261, 1086, 1112]	67411
224	0.969781257263242	0.9960015542303029	1.8782700155902834	2.870736037412858	[3, 19, 132, 1108, 1086, 1112]	67767
225	0.9702475958857228	0.9961295044949332	1.8782700155902834	3.58966803006855	[2872, 241, 1729, 1094, 1086, 1112]	67115
226	0.9707067379245234	0.996215515506157	1.8782700155902834	3.5673687331398343	[2297, 400, 19, 334, 1086, 1112]	63459
227	0.9711587944380339	0.9962855985523392	1.8782700155902834	3.7379752745274795	[276, 132, 1713, 174, 1086, 1112]	65180
228	0.9716038747707803	0.9964282315679294	1.8782700155902834	3.428024668171216	[1647, 1697, 132, 1108, 1086, 1096]	66923
229	0.9720420865798731	0.9964943754277825	1.8782700155902834	2.1459135110379903	[2627, 438, 10, 734, 19, 794]	64088
230	0.9724735358610479	0.9965722781960541	1.8782700155902834	3.94674858093202	[1792, 496, 3366, 150, 1086, 1112]	64988
231	0.9728983269743033	0.9966357545257568	1.8782700155902834	3.7008473606648478	[10, 157, 1713, 174, 1086, 1112]	68856
232	0.9733165626691443	0.9967254677384032	1.8782700155902834	3.5432222043472263	[87, 1265, 255, 174, 1086, 1096]	64450
233	0.9737283441094353	0.9967861072247292	1.8782700155902834	2.723312616127263	[107, 734, 1203, 174, 1086, 1096]	62252
234	0.97413377089787	0.9968889517935378	1.8782700155902834	3.3802769052980004	[1515, 1031, 132, 1108, 1086, 1112]	64836
235	0.9745329411000634	0.9969885053361446	1.8782700155902834	3.5005121038821185	[734, 10, 158, 1115, 1086, 1112]	66870
236	0.9749259512682722	0.9971041467312366	1.8782700155902834	3.7271075836125993	[1794, 1879, 836, 1089, 1086, 1112]	71628
237	0.9753128964647495	0.9971813694850703	1.8782700155902834	2.702639471550251	[77, 19, 132, 1108, 1086, 1096]	67472
238	0.975693870284738	0.9972565329654685	1.8782700155902834	3.528922042863038	[1892, 3459, 1203, 174, 1086, 1112]	69110
239	0.9760689648791093	0.9973073379105524	1.8782700155902834	3.5065031788170664	[811, 734, 19, 334, 1086, 1112]	61544
240	0.9764382709766539	0.9973572020233199	1.8782700155902834	3.58506169461264	[241, 1720, 132, 1094, 1086, 1112]	58652
241	0.9768018779060265	0.9974276766360314	1.8782700155902834	2.5872420769840634	[811, 3459, 1203, 174, 1086, 1096]	60566
242	0.9771598736173532	0.9974848393774529	1.8782700155902834	3.260479038210432	[1715, 132, 1713, 174, 1086, 1112]	55282
243	0.9775123447035052	0.9975314164260186	1.8782700155902834	2.342993782856439	[2872, 241, 19, 132, 393, 794]	52635
244	0.9778593764210437	0.9975972453213248	1.8782700155902834	4.003300750436941	[320, 232, 193, 1115, 1086, 1112]	58745
245	0.9782010527108425	0.9976613187794228	1.8782700155902834	2.518985889172849	[19, 241, 132, 1108, 1086, 1112]	66147
246	0.9785374562183912	0.997704627690915	1.8782700155902834	3.917979333181071	[677, 1546, 234, 174, 1086, 1112]	57627
247	0.9788686683137864	0.9977658376191572	1.8782700155902834	2.7266252539510933	[331, 241, 132, 1108, 1086, 1112]	60424
248	0.9791947691114131	0.9978072109965802	1.8782700155902834	3.9660641926173117	[107, 438, 2627, 261, 1086, 1112]	62015
249	0.9795158374893234	0.9978773802446896	1.8782700155902834	4.067021264082211	[359, 158, 420, 458, 1086, 1112]	62453
250	0.9798319511083153	0.9979166880179361	1.8782700155902834	3.462983623397844	[1742, 400, 19, 334, 1086, 1112]	62657
251	0.9801431864307178	0.9979966871980473	1.8782700155902834	3.32346175437313	[2040, 545, 132, 1108, 1086, 1112]	59892
252	0.9804496187388858	0.9980337855832687	1.8782700155902834	2.426484904269537	[734, 19, 132, 1108, 1086, 1112]	62864
253	0.9807513221534092	0.9980774792369739	1.8782700155902834	3.6663831967223626	[359, 158, 1713, 174, 1086, 1112]	64324
254	0.9810483696510417	0.9981202019205967	1.8782700155902834	3.5673687331398343	[2297, 400, 19, 334, 1086, 1112]	70778
255	0.9813408330823528	0.99816197521125	1.8782700155902834	3.3383536017876443	[2872, 241, 132, 1094, 1086, 1096]	66693
256	0.9816287831891066	0.9982207920044901	1.8782700155902834	3.9899348287824727	[394, 193, 1872, 1115, 1086, 1112]	65535
257	0.9819122896213734	0.9982537403007032	1.8782700155902834	3.5605912733082006	[241, 19, 1987, 334, 1086, 1112]	63998
258	0.982191420954377	0.9982860784432828	1.8782700155902834	3.462983623397844	[1742, 400, 19, 334, 1086, 1112]	69386
259	0.982466244705081	0.9983317830181286	1.8782700155902834	3.4714239837057717	[2146, 1728, 132, 1108, 1086, 1112]	68985
260	0.9827368273485212	0.9983626759252002	1.8782700155902834	2.723312616127263	[107, 734, 1203, 174, 1086, 1112]	66423
261	0.9830032343338835	0.9984063379005282	1.8782700155902834	2.4456167641718043	[2872, 241, 1031, 132, 393, 794]	69798
262	0.9832655301003359	0.9984573350877114	1.8782700155902834	3.6483982096103746	[1726, 132, 387, 344, 1086, 1112]	66399
263	0.9835237780926147	0.9984916165302067	1.8782700155902834	3.260479038210432	[1726, 132, 1713, 174, 1086, 1112]	66223
264	0.9837780407763707	0.99853988480124	1.8782700155902834	3.838061935263993	[2582, 1192, 836, 1089, 1086, 1112]	68605
265	0.9840283796532785	0.9985788212065403	1.8782700155902834	3.5297365521895774	[1546, 677, 132, 1108, 1086, 1112]	66158
266	0.9842748552759131	0.9986167193076992	1.8782700155902834	3.428024668171216	[321, 1398, 132, 1108, 1086, 1112]	67179
267	0.9845175272623958	0.9986609842898528	1.8782700155902834	3.5891433710848464	[1807, 157, 1713, 174, 1086, 1112]	67928
268	0.9847564543108157	0.9986857808770778	1.8782700155902834	3.5492810816234277	[158, 420, 1822, 1094, 1086, 1112]	65760
269	0.9849916942134266	0.9987208267203558	1.8782700155902834	4.376977744198958	[87, 1075, 3248, 334, 1086, 1112]	64506
270	0.9852233038706267	0.9987445151144232	1.8782700155902834	2.2790614829839417	[19, 734, 1203, 174, 1086, 1096]	66880
271	0.9854513393047221	0.9987677648345265	1.8782700155902834	3.0091646099295257	[241, 132, 1713, 174, 1086, 1112]	68098
272	0.9856758556734764	0.9988071963598216	1.8782700155902834	3.6483982096103746	[1715, 132, 387, 344, 1086, 1112]	65440
273	0.9858969072834536	0.9988292853161213	1.8782700155902834	3.0172048542480914	[19, 132, 1713, 174, 1086, 1112]	66469
274	0.9861145476031533	0.998860504374358	1.8782700155902834	3.4455895737600724	[190, 196, 1078, 334, 1086, 1112]	59006
275	0.9863288292759441	0.9988816061452033	1.8782700155902834	2.426484904269537	[734, 19, 132, 1108, 1086, 1112]	56873
276	0.9865398041327968	0.9989064593419765	1.8782700155902834	3.6804418391159164	[545, 132, 19, 334, 1086, 1112]	63514
277	0.9867475232048216	0.9989356204261904	1.8782700155902834	2.8070241504084494	[3621, 1720, 132, 1108, 1086, 1112]	66698
278	0.9869520367356114	0.9989553311590388	1.8782700155902834	3.0172048542480914	[19, 132, 1713, 174, 1086, 1112]	64399
279	0.9871533941933952	0.9989746768783159	1.8782700155902834	2.6296491148067798	[241, 1031, 132, 1108, 1086, 1112]	67238
280	0.9873516442830033	0.9990020188282275	1.8782700155902834	3.9616871501273216	[87, 1265, 193, 1115, 1086, 1096]	62802
281	0.9875468349576483	0.9990286316594746	1.8782700155902834	3.5005121038821185	[734, 10, 158, 1115, 1086, 1112]	64080
282	0.9877390134305241	0.999054534815222	1.8782700155902834	2.518985889172849	[19, 241, 132, 1108, 1086, 1112]	63559
283	0.9879282261862259	0.9990755451526615	1.8782700155902834	3.529057945505385	[1791, 420, 1822, 1094, 1086, 1112]	58209
284	0.988114518991994	0.9991001972819239	1.8782700155902834	3.484094806967457	[2004, 19, 132, 1094, 1086, 1112]	59911
285	0.9882979369087842	0.9991168602952216	1.8782700155902834	3.810069908734289	[545, 132, 217, 261, 1086, 1112]	66739
286	0.9884785243021672	0.9991364856219944	1.8782700155902834	3.5673687331398343	[2297, 400, 19, 334, 1086, 1112]	74046
287	0.9886563248530597	0.9991524766289945	1.8782700155902834	3.9854341029169698	[421, 438, 3366, 150, 1086, 1112]	61639
288	0.9888313815682902	0.9991795973768668	1.8782700155902834	3.6060011103515626	[3179, 843, 3094, 174, 1086, 1112]	63496
289	0.9890037367910018	0.9991947900180359	1.8782700155902834	2.2790614829839417	[19, 734, 1203, 174, 1086, 1112]	57216
290	0.9891734322108937	0.9992126835731906	1.8782700155902834	3.316188644224363	[2627, 261, 132, 1108, 1086, 1112]	63431
291	0.9893405088743059	0.9992378776988485	1.8782700155902834	2.5872420769840634	[811, 3459, 1203, 174, 1086, 1112]	65031
292	0.9895050071941468	0.9992671431952127	1.8782700155902834	3.4393549165098385	[241, 1031, 132, 1094, 1086, 1112]	66150
293	0.9896669669596693	0.9992915717553723	1.8782700155902834	3.4225800030903457	[4196, 1663, 1546, 234, 1086, 1112]	64299
294	0.9898264273460942	0.9993142414592004	1.8782700155902834	3.9944562859119337	[432, 19, 132, 1094, 1086, 1096]	62078
295	0.9899834269240865	0.9993294805378848	1.8782700155902834	3.32346175437313	[2040, 545, 132, 1108, 1086, 1112]	57802
296	0.9901380036690851	0.9993418975649611	1.8782700155902834	3.4607062329820666	[420, 158, 1713, 174, 1086, 1096]	61100
297	0.9902901949704882	0.9993540846470914	1.8782700155902834	3.3692329725658183	[1580, 301, 2627, 261, 1086, 1112]	57787
298	0.9904400376406967	0.9993660460425157	1.8782700155902834	3.6425874947946353	[119, 409, 19, 334, 1086, 1112]	64106
299	0.9905875679240193	0.9993801339082375	1.8782700155902834	3.8580932969723243	[2872, 241, 132, 261, 1086, 1112]	64497
300	0.9907328215054387	0.9993999696231739	1.8782700155902834	3.592725015116719	[2149, 420, 158, 1115, 1086, 1112]	65238
301	0.9908758335192437	0.9994191705952323	1.8782700155902834	3.4347039664096126	[421, 438, 2627, 261, 1086, 1112]	63912
302	0.991016638557527	0.9994346593793595	1.8782700155902834	3.236190705972595	[734, 19, 132, 1094, 1086, 1112]	65511
303	0.9911552706785528	0.999445128650112	1.8782700155902834	3.3286916908759068	[19, 241, 132, 1094, 1086, 1112]	62632
304	0.9912917634149948	0.9994599252194424	1.8782700155902834	3.2554358471025484	[1580, 438, 2627, 261, 1086, 1096]	78003
305	0.9914261497820474	0.9994699266042676	1.8782700155902834	3.221273652630817	[19, 132, 217, 261, 1086, 1096]	65800
306	0.9915584622854109	0.9994840618948204	1.8782700155902834	3.3802769052980004	[1515, 1031, 132, 1108, 1086, 1112]	60903
307	0.9916887329291545	0.9995038739180593	1.8782700155902834	3.6060011103515626	[3180, 843, 3094, 174, 1086, 1112]	63410
308	0.9918169932234577	0.9995197499526814	1.8782700155902834	3.184750484208875	[432, 19, 132, 1108, 1086, 1112]	62255
309	0.9919432741922315	0.9995381915544984	1.8782700155902834	3.7271075836125993	[1794, 1879, 836, 1089, 1086, 1112]	60288
310	0.992067606380623	0.9995467435627485	1.8782700155902834	3.7008473606648478	[10, 157, 1713, 174, 1086, 1112]	60915
311	0.9921900198624035	0.9995612477687406	1.8782700155902834	3.260479038210432	[1715, 132, 1713, 174, 1086, 1096]	61948
312	0.992310544247243	0.9995729478282408	1.8782700155902834	2.6296491148067798	[241, 1031, 132, 1108, 1086, 1112]	63632
313	0.9924292086878719	0.9995871829006328	1.8782700155902834	3.5039302684876574	[4301, 1711, 132, 1108, 1086, 1096]	62403
314	0.9925460418871331	0.9996030350772485	1.8782700155902834	3.32346175437313	[2040, 545, 132, 1108, 1086, 1112]	65831
315	0.9926610721049243	0.9996103862795216	1.8782700155902834	2.518985889172849	[19, 241, 132, 1108, 1086, 1112]	66784
316	0.9927743271650334	0.9996207759787344	1.8782700155902834	2.7266252539510933	[331, 241, 132, 1108, 1086, 1112]	66506
317	0.9928858344618694	0.9996277986457949	1.8782700155902834	3.6721450672688247	[1792, 496, 217, 261, 1086, 1096]	67029
318	0.9929956209670875	0.9996346912634654	1.8782700155902834	3.5432222043472263	[87, 1265, 255, 174, 1086, 1112]	66242
319	0.9931037132361139	0.9996463811430345	1.8782700155902834	4.1671696151456565	[107, 420, 1582, 1087, 1086, 1112]	70109
320	0.9932101374145689	0.999659960107142	1.8782700155902834	3.1140102213751986	[241, 1729, 132, 1108, 1086, 1096]	68114
321	0.993314919244591	0.9996662571421948	1.8782700155902834	2.5872420769840634	[811, 3459, 1203, 174, 1086, 1096]	66361
322	0.9934180840710634	0.999673673650146	1.8782700155902834	3.334919766974785	[1726, 132, 19, 334, 1086, 1112]	66345
323	0.9935196568477445	0.9996823756861422	1.8782700155902834	3.7536729288630175	[2789, 2558, 255, 174, 1086, 1112]	67856
324	0.993619662143304	0.9996925396641856	1.8782700155902834	2.5286478000845856	[2872, 241, 132, 1108, 1086, 1112]	68767
325	0.9937181241472653	0.999700738606474	1.8782700155902834	3.3286916908759068	[19, 241, 132, 1094, 1086, 1112]	58358
326	0.993815066675857	0.9997151031533633	1.8782700155902834	4.425472094137568	[1712, 1401, 1146, 1098, 1086, 1112]	58834
327	0.9939105131777727	0.9997242198524556	1.8782700155902834	3.866616265254481	[269, 1402, 1078, 334, 1086, 1112]	58924
328	0.9940044867398441	0.9997315739897235	1.8782700155902834	3.1140102213751986	[241, 1729, 132, 1108, 1086, 1112]	60791
329	0.9940970100926243	0.9997401636220523	1.8782700155902834	4.670594552170553	[317, 320, 232, 1023, 1086, 1112]	68250
330	0.9941881056158863	0.9997470925921309	1.8782700155902834	3.844906356519843	[3158, 3083, 19, 334, 1086, 1112]	61543
331	0.9942777953440362	0.999751776062647	1.8782700155902834	3.7079541450811853	[2004, 19, 1987, 334, 1086, 1112]	66081
332	0.9943661009714431	0.9997583953676431	1.8782700155902834	2.870736037412858	[3, 19, 132, 1108, 1086, 1112]	58413
333	0.9944530438576862	0.9997648381578393	1.8782700155902834	3.6721450672688247	[1792, 496, 217, 261, 1086, 1112]	56557
334	0.9945386450327219	0.999770063976554	1.8782700155902834	3.663877168314336	[2309, 420, 1822, 1094, 1086, 1112]	51922
335	0.99462292520197	0.9997761956038459	1.8782700155902834	3.0466300264731196	[4118, 23, 5272, 174, 1086, 1112]	59836
336	0.9947059047513224	0.9997821637210766	1.8782700155902834	3.081560325988364	[241, 1126, 132, 1108, 1086, 1112]	61671
337	0.9947876037520735	0.9997879726885146	1.8782700155902834	3.6178645301457264	[10, 301, 2627, 261, 1086, 1112]	59197
338	0.994868041965776	0.9997947575624822	1.8782700155902834	3.204410474350957	[5032, 23, 5272, 174, 1086, 1112]	59141
339	0.9949472388490203	0.999799318505538	1.8782700155902834	2.793516874800511	[1259, 734, 1203, 174, 1086, 1112]	59464
340	0.9950252135581403	0.9998070246749254	1.8782700155902834	3.204410474350957	[5032, 23, 5272, 174, 1086, 1112]	55331
341	0.995101984953848	0.9998113130154827	1.8782700155902834	2.793516874800511	[1259, 734, 1203, 174, 1086, 1112]	62418
342	0.9951775716057949	0.9998163446684031	1.8782700155902834	3.5644935086479057	[1414, 3251, 3248, 334, 1086, 1112]	60374
343	0.9952519917970635	0.9998212421439123	1.8782700155902834	3.4714239837057717	[396, 1728, 132, 1108, 1086, 1112]	59668
344	0.9953252635285903	0.9998252145407143	1.8782700155902834	3.397083781329468	[241, 132, 387, 344, 1086, 1112]	64116
345	0.9953974045235194	0.9998290986620317	1.8782700155902834	3.5848254055927624	[1819, 241, 132, 1094, 1086, 1096]	60049
346	0.9954684322314897	0.9998322635016238	1.8782700155902834	3.917979333181071	[677, 1546, 234, 174, 1086, 1096]	59757
347	0.9955383638328557	0.9998367364749138	1.8782700155902834	2.961062504761295	[241, 1587, 132, 1108, 1086, 1112]	63864
348	0.9956072162428424	0.9998403645532491	1.8782700155902834	3.4885679563002645	[3869, 438, 2627, 261, 1086, 1096]	59232
349	0.9956750061156381	0.9998446214984957	1.8782700155902834	3.5779691026203686	[157, 320, 836, 1089, 1086, 1112]	61367
350	0.9957417498484215	0.9998487649252025	1.8782700155902834	2.723312616127263	[107, 734, 1203, 174, 1086, 1096]	62633
351	0.9958074635853286	0.9998527978605305	1.8782700155902834	3.5779691026203686	[257, 320, 836, 1089, 1086, 1112]	65132
352	0.9958721632213574	0.9998555238260762	1.8782700155902834	2.870736037412858	[3, 19, 132, 1108, 1086, 1096]	70720
353	0.9959358644062131	0.9998581993107785	1.8782700155902834	3.5492810816234277	[158, 420, 1822, 1094, 1086, 1096]	61708
354	0.9959985825480925	0.9998613504372056	1.8782700155902834	3.4225800030903457	[4196, 1663, 1546, 234, 1086, 1112]	57996
355	0.996060332817412	0.9998657872232151	1.8782700155902834	3.5644935086479057	[1414, 3251, 3248, 334, 1086, 1112]	60934
356	0.9961211301504767	0.9998687697293658	1.8782700155902834	3.6060011103515626	[545, 132, 1713, 174, 1086, 1112]	59275
357	0.9961809892530927	0.9998716859576021	1.8782700155902834	3.464547836593158	[1715, 132, 217, 261, 1086, 1096]	65456
358	0.9962399246041252	0.9998751076653994	1.8782700155902834	3.460050044086323	[734, 19, 1987, 334, 1086, 1112]	61754
359	0.9962979504589998	0.9998792707432195	1.8782700155902834	3.9714357928126214	[1813, 1666, 1546, 234, 1086, 1112]	69952
360	0.9963550808531512	0.9998815064701968	1.8782700155902834	3.460050044086323	[734, 19, 1987, 334, 1086, 1112]	77399
361	0.9964113296054173	0.9998846662976583	1.8782700155902834	3.6060011103515626	[2040, 1451, 1713, 174, 1086, 1112]	66203
362	0.9964667103213831	0.9998868021069609	1.8782700155902834	3.913538059743548	[2627, 438, 254, 174, 1086, 1096]	64046
363	0.9965212363966703	0.9998893176156951	1.8782700155902834	3.529057945505385	[1791, 420, 1822, 1094, 1086, 1112]	76827
364	0.9965749210201785	0.9998917772242352	1.8782700155902834	2.6743890052643993	[2004, 19, 132, 1108, 1086, 1096]	66639
365	0.9966277771772746	0.9998937813497123	1.8782700155902834	3.6842932849867926	[19, 387, 344, 174, 1086, 1112]	67697
366	0.9966798176529339	0.9998957483617547	1.8782700155902834	3.6425874947946353	[119, 409, 19, 334, 1086, 1112]	59930
367	0.9967310550348331	0.9998976789476481	1.8782700155902834	2.790120672112291	[241, 217, 132, 1108, 1086, 1112]	64834
368	0.9967815017163943	0.9998995737819509	1.8782700155902834	2.870736037412858	[3, 19, 132, 1108, 1086, 1112]	60343
369	0.9968311698997833	0.9999014335267297	1.8782700155902834	3.732624610913075	[988, 420, 1822, 1094, 1086, 1112]	62925
370	0.9968800715988607	0.9999032588317902	1.8782700155902834	3.6425874947946353	[119, 409, 19, 334, 1086, 1112]	57399
371	0.9969282186420881	0.9999069736926495	1.8782700155902834	3.8006129755638893	[1745, 1714, 132, 1108, 1086, 1112]	53775
372	0.9969756226753893	0.9999094543941788	1.8782700155902834	3.6060011103515626	[545, 132, 1713, 174, 1086, 1112]	53379
373	0.9970222951649665	0.9999111311646569	1.8782700155902834	3.775462889659569	[420, 158, 1546, 234, 1086, 1112]	57460
374	0.9970682474000752	0.9999135010002661	1.8782700155902834	2.1976818767155635	[10, 734, 1203, 174, 1086, 1112]	64706
375	0.9971134904957529	0.999915807640259	1.8782700155902834	3.5005121038821185	[734, 10, 158, 1115, 1086, 1112]	68994
376	0.9971580353955098	0.999917366758032	1.8782700155902834	2.5872420769840634	[811, 3459, 1203, 174, 1086, 1096]	66141
377	0.9972018928739742	0.999920121199431	1.8782700155902834	3.971179179052567	[3266, 1963, 387, 344, 1086, 1112]	64806
378	0.9972450735394993	0.9999222513007794	1.8782700155902834	2.426484904269537	[734, 19, 132, 1108, 1086, 1112]	66255
379	0.9972875878367292	0.9999243245994253	1.8782700155902834	3.236190705972595	[734, 19, 132, 1094, 1086, 1096]	69302
380	0.9973294460491254	0.9999263426101073	1.8782700155902834	3.536331055654151	[331, 241, 132, 1094, 1086, 1112]	70515
381	0.9973706583014538	0.9999277066358461	1.8782700155902834	3.575302319672975	[1851, 159, 1713, 174, 1086, 1112]	67294
382	0.9974112345622338	0.9999304827010296	1.8782700155902834	3.836139833873668	[1819, 241, 1729, 1094, 1086, 1112]	66213
383	0.9974511846461499	0.9999327072545966	1.8782700155902834	3.3383536017876443	[2872, 241, 132, 1094, 1086, 1112]	70403
384	0.9974905182164254	0.9999339534165486	1.8782700155902834	3.2554358471025484	[1580, 438, 2627, 261, 1086, 1112]	67729
385	0.9975292447871595	0.999935714658774	1.8782700155902834	3.6022839188384888	[193, 1265, 255, 174, 1086, 1112]	59620
386	0.9975673737256293	0.99993742893454	1.8782700155902834	4.031403602506499	[1799, 1019, 1010, 1105, 1086, 1112]	65529
387	0.9976049142545548	0.9999390974962855	1.8782700155902834	3.4393549165098385	[241, 1031, 132, 1094, 1086, 1112]	63823
388	0.9976418754543301	0.999940450885257	1.8782700155902834	3.334919766974785	[1715, 132, 19, 334, 1086, 1112]	74323
389	0.9976782662652202	0.9999415536466411	1.8782700155902834	3.613369342697065	[988, 420, 158, 1115, 1086, 1112]	56383
390	0.9977140954895223	0.9999428524544935	1.8782700155902834	2.793516874800511	[1259, 734, 1203, 174, 1086, 1112]	59514
391	0.9977493717936964	0.9999443763890403	1.8782700155902834	3.490617761732537	[241, 1729, 1822, 1094, 1086, 1112]	74611
392	0.9977841037104603	0.99994540645591	1.8782700155902834	3.6917975251449304	[1529, 156, 1713, 174, 1086, 1112]	63746
393	0.9978182996408544	0.9999468622837524	1.8782700155902834	3.5779691026203686	[157, 320, 836, 1089, 1086, 1112]	61999
394	0.9978519678562733	0.9999485626906723	1.8782700155902834	3.529057945505385	[1791, 420, 1822, 1094, 1086, 1112]	63646
395	0.9978851165004666	0.9999495152334377	1.8782700155902834	2.1976818767155635	[10, 734, 1203, 174, 1086, 1112]	59567
396	0.9979177535915088	0.9999511307459676	1.8782700155902834	3.4669248454207757	[3819, 438, 2627, 261, 1086, 1112]	58237
397	0.9979498870237387	0.9999520357321534	1.8782700155902834	2.775355892909582	[241, 1720, 132, 1108, 1086, 1112]	54875
398	0.9979815245696686	0.9999529239593358	1.8782700155902834	2.426484904269537	[734, 19, 132, 1108, 1086, 1112]	75132
399	0.9980126738818651	0.9999537957378666	1.8782700155902834	3.1589477053178707	[10, 734, 19, 334, 1086, 1112]	62957
400	0.9980433424947992	0.9999546513723505	1.8782700155902834	2.518985889172849	[19, 241, 132, 1108, 1086, 1112]	59667
401	0.9980735378266696	0.9999561025284354	1.8782700155902834	3.6060011103515626	[1872, 843, 3094, 174, 1086, 1112]	61163
402	0.9981032671811964	0.9999569154445754	1.8782700155902834	2.870736037412858	[3, 19, 132, 1108, 1086, 1112]	64244
403	0.9981325377493877	0.999958294150349	1.8782700155902834	3.5995927639097713	[300, 301, 2627, 261, 1086, 1112]	61461
404	0.9981613566112799	0.999959220947008	1.8782700155902834	2.5286478000845856	[2872, 241, 132, 1108, 1086, 1112]	63892
405	0.998189730737649	0.999960308388421	1.8782700155902834	3.5492810816234277	[158, 420, 1822, 1094, 1086, 1096]	61902
406	0.9982176669916977	0.9999613668313965	1.8782700155902834	3.6167299521115073	[3621, 1720, 132, 1094, 1086, 1112]	58962
407	0.9982451721307147	0.9999620822604447	1.8782700155902834	3.221273652630817	[19, 132, 217, 261, 1086, 1096]	61296
408	0.9982722528077098	0.9999629248768792	1.8782700155902834	3.528922042863038	[1892, 3459, 1203, 174, 1086, 1096]	63879
409	0.998298915573023	0.9999641112808191	1.8782700155902834	3.7271075836125993	[1794, 1879, 836, 1089, 1086, 1112]	63529
410	0.9983251668759084	0.9999647758867298	1.8782700155902834	3.236190705972595	[734, 19, 132, 1094, 1086, 1112]	65290
411	0.998351013066095	0.9999657151964171	1.8782700155902834	2.702639471550251	[77, 19, 132, 1108, 1086, 1112]	59422
412	0.9983764603953219	0.9999663501001871	1.8782700155902834	3.0373270629232803	[3284, 734, 1203, 174, 1086, 1112]	63458
413	0.9984015150188509	0.9999672474308487	1.8782700155902834	3.7876454839350577	[331, 241, 1729, 1094, 1086, 1096]	59069
414	0.9984261829969551	0.9999681208326928	1.8782700155902834	3.490617761732537	[241, 1729, 1822, 1094, 1086, 1112]	60804
415	0.9984504702963848	0.9999691409660466	1.8782700155902834	3.204410474350957	[5032, 23, 5272, 174, 1086, 1096]	65130
416	0.9984743827918109	0.9999697124296384	1.8782700155902834	3.3286916908759068	[19, 241, 132, 1094, 1086, 1112]	62596
417	0.998497926267246	0.9999705200981813	1.8782700155902834	2.518985889172849	[19, 241, 132, 1108, 1086, 1112]	57720
418	0.9985211064174427	0.9999710660222891	1.8782700155902834	3.575302319672975	[1851, 159, 1713, 174, 1086, 1112]	60862
419	0.9985439288492723	0.9999717089995716	1.8782700155902834	3.544621900098326	[2309, 420, 158, 1115, 1086, 1112]	63508
420	0.9985663990830799	0.9999722329069869	1.8782700155902834	2.545237350214759	[811, 734, 1203, 174, 1086, 1112]	67383
421	0.99858852255402	0.9999728499534983	1.8782700155902834	3.4347039664096126	[421, 438, 2627, 261, 1086, 1112]	61706
422	0.9986103046133715	0.9999733527321373	1.8782700155902834	3.0836053386938795	[241, 132, 19, 334, 1086, 1112]	66871
423	0.9986317505298319	0.9999742054447088	1.8782700155902834	3.4669248454207757	[3819, 438, 2627, 261, 1086, 1112]	69243
424	0.9986528654907912	0.9999748932995166	1.8782700155902834	3.213233408312252	[241, 132, 217, 261, 1086, 1112]	65050
425	0.9986736546035877	0.9999755628115296	1.8782700155902834	3.84519172267838	[734, 10, 232, 1023, 1086, 1112]	60932
426	0.9986941228967422	0.9999760153520567	1.8782700155902834	3.409802677289374	[1791, 420, 158, 1115, 1086, 1112]	58743
427	0.9987142753211752	0.9999765483442332	1.8782700155902834	3.7232750780577044	[734, 19, 387, 344, 1086, 1112]	59023
428	0.998734116751404	0.9999772987972178	1.8782700155902834	3.0466300264731196	[4118, 23, 5272, 174, 1086, 1112]	65997
429	0.9987536519867218	0.9999777191898619	1.8782700155902834	3.490617761732537	[241, 1729, 1822, 1094, 1086, 1112]	64848
430	0.9987728857523588	0.9999781317974571	1.8782700155902834	3.460050044086323	[734, 19, 1987, 334, 1086, 1112]	63835
431	0.9987918227006248	0.9999788315799384	1.8782700155902834	2.6743890052643993	[2004, 19, 132, 1108, 1086, 1112]	57943
432	0.9988104674120349	0.9999796444472688	1.8782700155902834	2.7162445651519427	[3895, 1030, 1032, 1707, 1708, 794]	61428
433	0.9988288243964172	0.9999801872620083	1.8782700155902834	3.490617761732537	[241, 1729, 1822, 1094, 1086, 1112]	57941
434	0.9988468980940033	0.9999804930141378	1.8782700155902834	2.5409712367229464	[331, 241, 19, 132, 393, 794]	53921
435	0.9988646928765033	0.9999812420823949	1.8782700155902834	2.8070241504084494	[3621, 1720, 132, 1108, 1086, 1112]	54840
436	0.9988822130481622	0.999981742293531	1.8782700155902834	3.2554358471025484	[1580, 438, 2627, 261, 1086, 1112]	57451
437	0.9988994628468016	0.9999820803992064	1.8782700155902834	3.0172048542480914	[19, 132, 1713, 174, 1086, 1112]	54829
438	0.9989164464448448	0.9999824122436656	1.8782700155902834	3.0172048542480914	[19, 132, 1713, 174, 1086, 1112]	54119
439	0.9989331679503256	0.9999829750518683	1.8782700155902834	2.6743890052643993	[2004, 19, 132, 1108, 1086, 1112]	60600
440	0.9989496314078823	0.9999835198502085	1.8782700155902834	3.464547836593158	[1715, 132, 217, 261, 1086, 1112]	63375
441	0.9989658407997359	0.9999840472150018	1.8782700155902834	3.866616265254481	[4345, 1402, 1078, 334, 1086, 1112]	62071
442	0.9989818000466536	0.9999843426369462	1.8782700155902834	3.756627996100052	[2015, 1663, 1546, 234, 1086, 1112]	62711
443	0.9989975130088966	0.9999846325881139	1.8782700155902834	3.3692329725658183	[1580, 301, 2627, 261, 1086, 1112]	62495
444	0.9990129834871544	0.9999850423857641	1.8782700155902834	3.5644935086479057	[1414, 3251, 3248, 334, 1086, 1112]	63130
445	0.9990282152234637	0.9999854412554771	1.8782700155902834	3.213233408312252	[241, 132, 217, 261, 1086, 1112]	65799
446	0.999043211902114	0.9999858294886644	1.8782700155902834	3.5005121038821185	[734, 10, 158, 1115, 1086, 1112]	73259
447	0.9990579771505381	0.999986091905541	1.8782700155902834	3.0091646099295257	[241, 132, 1713, 174, 1086, 1112]	60335
448	0.9990725145401903	0.9999863494628458	1.8782700155902834	2.1976818767155635	[10, 734, 1203, 174, 1086, 1112]	63829
449	0.9990868275874096	0.9999866528081158	1.8782700155902834	3.529057945505385	[1791, 420, 1822, 1094, 1086, 1112]	65452
450	0.9991009197542706	0.99998694941238	1.8782700155902834	3.363125263892072	[432, 422, 19, 334, 1086, 1112]	57732
451	0.9991147944494208	0.9999872394254382	1.8782700155902834	3.9278875470654624	[1535, 496, 217, 261, 1086, 1112]	64848
452	0.999128455028905	0.9999874757323745	1.8782700155902834	3.213233408312252	[241, 132, 217, 261, 1086, 1112]	69405
453	0.9991419047969774	0.9999878097128445	1.8782700155902834	2.8070241504084494	[3621, 1720, 132, 1108, 1086, 1112]	61661
454	0.9991551470069007	0.9999881347871686	1.8782700155902834	3.4347039664096126	[421, 438, 2627, 261, 1086, 1112]	57976
455	0.9991681848617324	0.9999883984585649	1.8782700155902834	3.529057945505385	[1791, 420, 1822, 1094, 1086, 1096]	63447
456	0.9991810215151007	0.9999887697078909	1.8782700155902834	3.58966803006855	[2872, 241, 1729, 1094, 1086, 1112]	62524
457	0.9991936600719664	0.9999891290772384	1.8782700155902834	3.4455895737600724	[190, 196, 1078, 334, 1086, 1112]	62298
458	0.9992061035893743	0.9999893303906228	1.8782700155902834	2.723312616127263	[107, 734, 1203, 174, 1086, 1096]	59218
459	0.9992183550771927	0.9999896718181229	1.8782700155902834	3.17671023989031	[1548, 241, 132, 1108, 1086, 1112]	60473
460	0.999230417498841	0.9999898630807502	1.8782700155902834	4.056070750838831	[331, 241, 132, 261, 1086, 1096]	54553
461	0.999242293772007	0.9999901333985969	1.8782700155902834	2.702639471550251	[77, 19, 132, 1108, 1086, 1096]	56067
462	0.9992539867693525	0.9999903526564059	1.8782700155902834	3.363125263892072	[432, 422, 19, 334, 1086, 1096]	52060
463	0.9992654993192083	0.9999907231143998	1.8782700155902834	3.7538597690840323	[420, 1879, 836, 1089, 1086, 1112]	60147
464	0.9992768342062575	0.9999909292674132	1.8782700155902834	3.464547836593158	[1715, 132, 217, 261, 1086, 1112]	62929
465	0.9992879941722103	0.9999911711536155	1.8782700155902834	3.585810503855643	[10, 438, 2627, 261, 1086, 1112]	59678
466	0.9992989819164663	0.9999913673502019	1.8782700155902834	3.671150278463103	[2490, 390, 1078, 334, 1086, 1112]	58277
467	0.9993098000967677	0.999991559186864	1.8782700155902834	3.7547827034028183	[1259, 734, 19, 334, 1086, 1112]	62091
468	0.9993204513298424	0.9999917842752143	1.8782700155902834	3.8933429468	[19, 1548, 255, 174, 1086, 1112]	58467
469	0.9993309381920361	0.9999920471784075	1.8782700155902834	3.4455895737600724	[190, 196, 1078, 334, 1086, 1112]	59369
470	0.9993412632199368	0.9999923016686985	1.8782700155902834	2.932900051767541	[4015, 241, 132, 1108, 1086, 1112]	61282
471	0.9993514289109872	0.9999925582797418	1.8782700155902834	3.5039302684876574	[4301, 1711, 132, 1108, 1086, 1112]	58636
472	0.9993614377240893	0.9999926960893762	1.8782700155902834	3.0091646099295257	[241, 132, 1713, 174, 1086, 1112]	58397
473	0.9993712920801989	0.9999928313469804	1.8782700155902834	2.545237350214759	[811, 734, 1203, 174, 1086, 1112]	63634
474	0.999380994362912	0.9999929640998141	1.8782700155902834	3.7232750780577044	[734, 19, 387, 344, 1086, 1112]	61900
475	0.9993905469190398	0.999993151723819	1.8782700155902834	3.5779691026203686	[157, 320, 836, 1089, 1086, 1112]	63035
476	0.9993999520591781	0.9999933799996917	1.8782700155902834	3.5673687331398343	[2297, 400, 19, 334, 1086, 1112]	58727
477	0.9994092120582648	0.99999350259229	1.8782700155902834	2.775355892909582	[241, 1720, 132, 1108, 1086, 1112]	61002
478	0.9994183291561312	0.9999937105093367	1.8782700155902834	3.204410474350957	[5032, 23, 5272, 174, 1086, 1112]	60052
479	0.9994273055580427	0.9999938502757959	1.8782700155902834	3.6804418391159164	[1723, 132, 19, 334, 1086, 1096]	61751
480	0.9994361434352333	0.9999940142684414	1.8782700155902834	3.7876454839350577	[331, 241, 1729, 1094, 1086, 1112]	59006
481	0.9994448449254304	0.9999941472846983	1.8782700155902834	3.484094806967457	[2004, 19, 132, 1094, 1086, 1112]	59543
482	0.9994534121333712	0.9999943033571063	1.8782700155902834	4.003300750436941	[320, 232, 193, 1115, 1086, 1112]	51922
483	0.9994618471313131	0.9999944856496789	1.8782700155902834	2.6743890052643993	[2004, 19, 132, 1108, 1086, 1112]	56952
484	0.9994701519595336	0.9999946326990208	1.8782700155902834	2.437295428183131	[241, 1729, 1032, 132, 19, 794]	54264
485	0.9994783286268247	0.9999948044526521	1.8782700155902834	3.316188644224363	[2627, 261, 132, 1108, 1086, 1112]	64081
486	0.9994863791109787	0.9999949006664919	1.8782700155902834	2.723312616127263	[107, 734, 1203, 174, 1086, 1112]	61279
487	0.999494305359266	0.9999949950985939	1.8782700155902834	3.528922042863038	[1892, 3459, 1203, 174, 1086, 1112]	62976
488	0.999502109288907	0.9999951063186251	1.8782700155902834	4.317194786960757	[1917, 10, 494, 636, 1086, 1096]	60531
489	0.9995097927875349	0.9999952629164292	1.8782700155902834	4.340388255662148	[1606, 1019, 1010, 1105, 1086, 1112]	63315
490	0.9995173577136532	0.9999953681849529	1.8782700155902834	3.6483982096103746	[1715, 132, 387, 344, 1086, 1112]	61735
491	0.9995248058970845	0.9999954917000209	1.8782700155902834	3.5779691026203686	[157, 320, 836, 1089, 1086, 1112]	60616
492	0.9995321391394135	0.9999956119213537	1.8782700155902834	3.5492810816234277	[158, 420, 1822, 1094, 1086, 1112]	62605
493	0.9995393592144225	0.9999956931820693	1.8782700155902834	3.221273652630817	[19, 132, 217, 261, 1086, 1112]	59610
494	0.999546467868521	0.9999957729379569	1.8782700155902834	3.6917975251449304	[1529, 156, 1713, 174, 1086, 1112]	59686
495	0.9995534668211672	0.9999958512168836	1.8782700155902834	4.376206102882165	[1549, 162, 10, 261, 1086, 1112]	61475
496	0.9995603577652851	0.999995943412064	1.8782700155902834	2.5872420769840634	[811, 3459, 1203, 174, 1086, 1112]	62801
497	0.9995671423676726	0.9999960515877423	1.8782700155902834	4.137153134922769	[241, 1548, 255, 174, 1086, 1112]	60009
498	0.999573822269406	0.9999961247064878	1.8782700155902834	3.397083781329468	[241, 132, 387, 344, 1086, 1112]	61790
499	0.9995803990862362	0.9999962280476481	1.8782700155902834	2.1976818767155635	[10, 734, 1203, 174, 1086, 1096]	60992
