0	0.015432098765432056	0.026666666666666616	3.616068971143373	3.616068971143373	[2518, 19, 132, 1108, 1086, 1096]	64790
1	0.030626047858558048	0.04469135802469126	3.616068971143373	3.8061659836099055	[1580, 438, 3366, 150, 1086, 1112]	66515
2	0.045585522428642	0.06238225880201176	3.616068971143373	3.6663831967223626	[359, 158, 1713, 174, 1086, 1112]	62620
3	0.06031414090968146	0.0797455503056782	3.1589477053178707	3.1589477053178707	[10, 734, 19, 334, 1086, 1112]	64924
4	0.07481546589564314	0.10019564918777424	3.1589477053178707	3.529057945505385	[1791, 420, 1822, 1094, 1086, 1112]	65647
5	0.08909300500219186	0.12419043187610024	2.1976818767155635	2.1976818767155635	[10, 734, 1203, 174, 1086, 1112]	65021
6	0.10315021171512095	0.14365286672329802	2.1976818767155635	3.184750484208875	[5414, 19, 132, 1108, 1086, 1112]	61476
7	0.11699048622569008	0.17219777116585477	2.1976818767155635	3.069833347705165	[2607, 1587, 132, 1108, 1086, 1112]	60615
8	0.13061717625307134	0.1942724972680986	2.1976818767155635	3.4714239837057717	[396, 1728, 132, 1108, 1086, 1112]	61824
9	0.1440335778541042	0.21217755288436313	2.1976818767155635	4.093968661041803	[3819, 438, 254, 174, 1086, 1112]	64463
10	0.1572429362205532	0.22676685746057856	2.1976818767155635	2.723312616127263	[107, 734, 1203, 174, 1086, 1112]	62743
11	0.17024844646406312	0.2515103180218401	2.1976818767155635	2.5286478000845856	[2872, 241, 132, 1108, 1086, 1112]	67971
12	0.18305325438900033	0.2754619878451412	2.1976818767155635	2.5286478000845856	[2872, 241, 132, 1108, 1086, 1112]	63859
13	0.19566045725336756	0.2915628325596936	2.1976818767155635	3.260479038210432	[1726, 132, 1713, 174, 1086, 1112]	67734
14	0.208073104517976	0.30468203936414373	2.1976818767155635	3.7559304011572747	[734, 19, 132, 261, 1086, 1112]	67985
15	0.22029419858405663	0.32322385164776657	2.1976818767155635	2.518985889172849	[19, 241, 132, 1108, 1086, 1112]	64862
16	0.2323266955194878	0.335756743283919	2.1976818767155635	2.5872420769840634	[811, 3459, 1203, 174, 1086, 1112]	65638
17	0.2441735057738167	0.35346989679634777	2.1976818767155635	3.585810503855643	[10, 438, 2627, 261, 1086, 1112]	64243
18	0.2558374948822454	0.3741588600988647	2.1976818767155635	3.204410474350957	[5032, 23, 5272, 174, 1086, 1096]	67408
19	0.2673214841587539	0.3908479571628949	2.1976818767155635	3.221273652630817	[19, 132, 217, 261, 1086, 1112]	64645
20	0.2786282513785262	0.41423939560783973	2.1976818767155635	3.1140102213751986	[241, 1729, 132, 1108, 1086, 1112]	64537
21	0.28976053144984526	0.42985967839163064	2.1976818767155635	3.528922042863038	[1892, 3459, 1203, 174, 1086, 1112]	62310
22	0.30072101707561927	0.4450634203011872	2.1976818767155635	2.426484904269537	[734, 19, 132, 1108, 1086, 1112]	64870
23	0.31151235940469924	0.45739534429449413	2.1976818767155635	3.484094806967457	[2004, 19, 132, 1094, 1086, 1112]	65213
24	0.32213716867314524	0.4674435786594109	2.1976818767155635	3.8541227312790616	[119, 123, 19, 334, 1086, 1112]	67431
25	0.3325980148355967	0.47730573461016257	2.1976818767155635	3.5605912733082006	[241, 19, 1987, 334, 1086, 1112]	66884
26	0.34289742818689917	0.4889211627299368	2.1976818767155635	3.464547836593158	[1726, 132, 217, 261, 1086, 1112]	67640
27	0.35303789997413837	0.5025499317238051	2.1976818767155635	3.5779691026203686	[160, 320, 836, 1089, 1086, 1112]	65201
28	0.3630218829992288	0.5136043776854984	2.1976818767155635	3.184750484208875	[5414, 19, 132, 1108, 1086, 1096]	70028
29	0.37285179221220366	0.5244131692924874	2.1976818767155635	3.993920281751505	[1723, 132, 387, 344, 1086, 1112]	65513
30	0.38253000529534864	0.5349817655304321	2.1976818767155635	3.409802677289374	[1791, 420, 158, 1115, 1086, 1096]	65692
31	0.3920588632383216	0.5498623490334582	2.1976818767155635	3.5891433710848464	[1807, 157, 1713, 174, 1086, 1112]	65048
32	0.40144067090439683	0.5581982314587646	2.1976818767155635	3.5432222043472263	[87, 1265, 255, 174, 1086, 1112]	65785
33	0.4106776975879709	0.5663797456910097	2.1976818767155635	3.9397218173230932	[1549, 107, 1546, 234, 1086, 1112]	63909
34	0.4197721775634652	0.5760157513423205	2.1976818767155635	3.451071680941741	[2872, 241, 19, 334, 1086, 1112]	61694
35	0.4287263106257574	0.5895832472993663	2.1976818767155635	3.671150278463103	[2490, 390, 3248, 334, 1086, 1112]	65828
36	0.43754226262227347	0.6027165833857866	2.1976818767155635	3.6060011103515626	[1723, 132, 1713, 174, 1086, 1112]	64119
37	0.44622216597686803	0.6133108078288323	2.1976818767155635	3.6412264034130413	[107, 10, 158, 1115, 1086, 1112]	63634
38	0.4547681202056201	0.6204717187949651	2.1976818767155635	3.6022839188384888	[193, 1265, 255, 174, 1086, 1112]	64212
39	0.46318219242466907	0.627500020298762	2.1976818767155635	2.500218675931956	[2657, 232, 10, 734, 19, 794]	66211
40	0.47146641785021426	0.6394200196492017	2.1976818767155635	3.5995927639097713	[300, 301, 2627, 261, 1086, 1112]	62694
41	0.4796228002907974	0.646097426692735	2.1976818767155635	3.1589477053178707	[10, 734, 19, 334, 1086, 1112]	61942
42	0.48765331263198874	0.6555348286475953	2.1976818767155635	2.9611430034036257	[781, 19, 132, 1108, 1086, 1096]	62583
43	0.49555989731359384	0.6665577141308723	2.1976818767155635	4.202262254002943	[3819, 438, 2267, 261, 1086, 1112]	64640
44	0.5033444667994951	0.6739675427057418	2.1976818767155635	3.5247094981667253	[2387, 1663, 1546, 234, 1086, 1112]	64893
45	0.5110089040402437	0.681212708423392	2.1976818767155635	2.5872420769840634	[811, 3459, 1203, 174, 1086, 1112]	65968
46	0.5185550629285114	0.6871161767859217	2.1976818767155635	3.4607062329820666	[420, 158, 1713, 174, 1086, 1112]	64158
47	0.5259847687475159	0.6929103216602566	2.1976818767155635	3.397083781329468	[241, 132, 387, 344, 1086, 1112]	63728
48	0.5332998186125233	0.698597167555437	2.1976818767155635	3.5432222043472263	[87, 1265, 255, 174, 1086, 1112]	64180
49	0.5405019819055399	0.7041787014895955	2.1976818767155635	2.723312616127263	[107, 734, 1203, 174, 1086, 1112]	63946
50	0.5475930007032939	0.7136449830419285	2.1976818767155635	3.204410474350957	[5032, 23, 5272, 174, 1086, 1112]	64094
51	0.5545745901986134	0.7189478537263372	2.1976818767155635	3.5432222043472263	[87, 1265, 255, 174, 1086, 1112]	68642
52	0.5614484391153014	0.725193456976863	2.1976818767155635	3.236190705972595	[734, 19, 132, 1094, 1086, 1112]	65899
53	0.5682162101166085	0.7339872663536035	2.1976818767155635	3.204410474350957	[5032, 23, 5272, 174, 1086, 1096]	65422
54	0.5748795402074016	0.7410809392508406	2.1976818767155635	3.758359653125659	[107, 420, 158, 1115, 1086, 1112]	62718
55	0.5814400411301268	0.7468346961563775	2.1976818767155635	3.260479038210432	[1726, 132, 1713, 174, 1086, 1112]	65511
56	0.5878992997546619	0.7524605917973469	2.1976818767155635	3.848858729833574	[2306, 420, 158, 1115, 1086, 1112]	61546
57	0.5942588784621516	0.757044654912211	2.1976818767155635	3.4607062329820666	[420, 158, 1713, 174, 1086, 1112]	64891
58	0.6005203155229208	0.7648192259550202	2.1976818767155635	3.0466300264731196	[4118, 23, 5272, 174, 1086, 1112]	65513
59	0.6066851254685548	0.7700454653782419	2.1976818767155635	3.4714239837057717	[5415, 1587, 132, 1108, 1086, 1112]	65773
60	0.6127547994582376	0.7761775863014888	2.1976818767155635	3.7536729288630175	[2789, 2558, 255, 174, 1086, 1112]	63348
61	0.6187308056394376	0.7821461840001158	2.1976818767155635	3.954121280714989	[158, 10, 232, 1023, 1086, 1112]	63896
62	0.6246145895030265	0.7905117705345113	2.1976818767155635	3.8480675773813147	[1468, 3136, 836, 1089, 1086, 1112]	66576
63	0.630407574232918	0.7943911821912797	2.1976818767155635	3.0172048542480914	[19, 132, 1713, 174, 1086, 1112]	63661
64	0.6361111610503113	0.7989602670314735	2.1976818767155635	3.8670757774883784	[1791, 420, 1546, 234, 1086, 1112]	66953
65	0.6417267295526212	0.8026832250494091	2.1976818767155635	3.460050044086323	[734, 19, 1987, 334, 1086, 1112]	65488
66	0.6472556380471796	0.8079450057147581	2.1976818767155635	3.5492810816234277	[158, 420, 1822, 1094, 1086, 1112]	64952
67	0.6526992238797849	0.814090765531886	2.1976818767155635	3.4686455498577784	[732, 734, 1203, 174, 1086, 1112]	65147
68	0.6580588037581832	0.8200398610348656	2.1976818767155635	3.810069908734289	[677, 132, 217, 261, 1086, 1112]	64055
69	0.6633356740705569	0.8240389752340909	2.1976818767155635	2.545237350214759	[811, 734, 1203, 174, 1086, 1112]	64445
70	0.6685311111990977	0.8287312692278483	2.1976818767155635	2.5872420769840634	[811, 3459, 1203, 174, 1086, 1112]	62601
71	0.6736463718287411	0.8319029123902957	2.1976818767155635	3.8061659836099055	[1580, 438, 3366, 150, 1086, 1112]	64706
72	0.6786826932511372	0.835015821420105	2.1976818767155635	3.462983623397844	[1742, 400, 19, 334, 1086, 1096]	63631
73	0.6836412936639282	0.8402953151346616	2.1976818767155635	3.5644935086479057	[1414, 3251, 3248, 334, 1086, 1112]	64863
74	0.6885233724654107	0.8432528092988345	2.1976818767155635	3.213233408312252	[241, 132, 217, 261, 1086, 1096]	65021
75	0.6933301105446482	0.8467360802033048	2.1976818767155635	3.7536729288630175	[2789, 2558, 255, 174, 1086, 1096]	63930
76	0.6980626705671074	0.85082311806455	2.1976818767155635	3.3802769052980004	[1515, 1031, 132, 1108, 1086, 1112]	64787
77	0.7027221972558866	0.8541381598853379	2.1976818767155635	3.732624610913075	[988, 420, 1822, 1094, 1086, 1112]	65481
78	0.7073098176686043	0.8568393050726464	2.1976818767155635	3.363125263892072	[432, 422, 19, 334, 1086, 1112]	66310
79	0.7118266414700147	0.8614204473103217	2.1976818767155635	3.5779691026203686	[257, 320, 836, 1089, 1086, 1112]	66704
80	0.7162737612004157	0.8644999929256479	2.1976818767155635	3.236190705972595	[734, 19, 132, 1094, 1086, 1112]	63333
81	0.7206522525399155	0.8688359931520272	2.1976818767155635	3.673264351591776	[21, 1417, 5272, 174, 1086, 1112]	63956
82	0.7249631745686205	0.8730332413711623	2.1976818767155635	4.251108655962535	[2004, 19, 1987, 1114, 1086, 1112]	61773
83	0.7292075700228084	0.8764190216012646	2.1976818767155635	3.490617761732537	[241, 1729, 1822, 1094, 1086, 1112]	63236
84	0.7333864655471478	0.8811645311717761	2.1976818767155635	2.6296491148067798	[241, 1031, 132, 1108, 1086, 1112]	62839
85	0.7375008719430252	0.8833651880019284	2.1976818767155635	3.5432222043472263	[87, 1265, 255, 174, 1086, 1096]	65757
86	0.7415517844130401	0.8855250919278186	2.1976818767155635	2.790120672112291	[241, 217, 132, 1108, 1086, 1112]	64498
87	0.7455401828017278	0.887644997632859	2.1976818767155635	3.1589477053178707	[10, 734, 19, 334, 1086, 1112]	65638
88	0.7494670318325654	0.889725645824843	2.1976818767155635	3.56678126317036	[19, 241, 217, 261, 1086, 1112]	63541
89	0.753333281341322	0.8917677634947534	2.1976818767155635	3.7232750780577044	[734, 19, 387, 344, 1086, 1096]	65462
90	0.7571398665058078	0.894172924305981	2.1976818767155635	3.6804418391159164	[677, 132, 19, 334, 1086, 1112]	64392
91	0.7608877080720762	0.8969949796578216	2.1976818767155635	3.7876454839350577	[331, 241, 1729, 1094, 1086, 1112]	64791
92	0.7645777125771367	0.9002911403087713	2.1976818767155635	2.7751196038897037	[1819, 241, 132, 1108, 1086, 1112]	64749
93	0.7682107725682302	0.9021376006734237	2.1976818767155635	3.0836053386938795	[241, 132, 19, 334, 1086, 1112]	66985
94	0.7717877668187205	0.9039498673276196	2.1976818767155635	3.56678126317036	[19, 241, 217, 261, 1086, 1112]	67491
95	0.7753095605406538	0.9060843147203391	2.1976818767155635	3.5673687331398343	[2297, 400, 19, 334, 1086, 1112]	67717
96	0.7787770055940388	0.9078234940773698	2.1976818767155635	3.184750484208875	[432, 19, 132, 1108, 1086, 1112]	63388
97	0.7821909406928962	0.9102815342353067	2.1976818767155635	3.758359653125659	[107, 420, 158, 1115, 1086, 1112]	60716
98	0.7855521916081293	0.9126740266556985	2.1976818767155635	3.4393549165098385	[241, 1031, 132, 1094, 1086, 1112]	63419
99	0.7888615713672631	0.9142911743102226	2.1976818767155635	3.397083781329468	[241, 132, 387, 344, 1086, 1112]	63441
100	0.7921198804511016	0.9158783747859592	2.1976818767155635	2.790120672112291	[241, 217, 132, 1108, 1086, 1112]	67011
101	0.79532790698735	0.9181216181250003	2.1976818767155635	3.732624610913075	[988, 420, 1822, 1094, 1086, 1112]	67227
102	0.7984864269412489	0.9196378844560188	2.1976818767155635	3.4607062329820666	[420, 158, 1713, 174, 1086, 1112]	66192
103	0.8015962043032667	0.9211260717809073	2.1976818767155635	3.0836053386938795	[241, 132, 19, 334, 1086, 1112]	66386
104	0.8046579912738953	0.9241548306245205	2.1976818767155635	3.4393549165098385	[241, 1031, 132, 1094, 1086, 1096]	65697
105	0.8076725284455943	0.9258402788328645	2.1976818767155635	3.7282586004404497	[2557, 2558, 255, 174, 1086, 1112]	65862
106	0.8106405449819278	0.9282133899102128	2.1976818767155635	3.4455895737600724	[190, 196, 1078, 334, 1086, 1112]	68058
107	0.8135627587939351	0.9298086479122081	2.1976818767155635	3.334919766974785	[1715, 132, 19, 334, 1086, 1112]	63765
108	0.8164398767137817	0.9313684557363813	2.1976818767155635	4.076632023522491	[2047, 232, 193, 1115, 1086, 1112]	65811
109	0.8192725946657295	0.9328936011644616	2.1976818767155635	3.663877168314336	[2309, 420, 1822, 1094, 1086, 1112]	64686
110	0.8220615978344683	0.9346831051334094	2.1976818767155635	3.5779691026203686	[160, 320, 836, 1089, 1086, 1112]	67973
111	0.8248075608308499	0.9361345916860002	2.1976818767155635	3.428024668171216	[321, 1398, 132, 1108, 1086, 1112]	66844
112	0.8275111478550652	0.9373172844325558	2.1976818767155635	2.1976818767155635	[10, 734, 1203, 174, 1086, 1112]	64493
113	0.8301730128573019	0.9384780754615826	2.1976818767155635	3.409802677289374	[1791, 420, 158, 1115, 1086, 1112]	64199
114	0.8327937996959238	0.9398452293402141	2.1976818767155635	2.339711906695273	[2405, 1743, 1742, 400, 19, 794]	60559
115	0.8353741422932088	0.9411820020215427	2.1976818767155635	3.5848254055927624	[1819, 241, 132, 1094, 1086, 1112]	64620
116	0.837914664788684	0.9424890686432861	2.1976818767155635	3.8229149778872156	[1819, 241, 217, 261, 1086, 1112]	65304
117	0.8404159816900932	0.9435540858906327	2.1976818767155635	3.3692329725658183	[1580, 301, 2627, 261, 1086, 1112]	61802
118	0.8428786980220363	0.9445993805963617	2.1976818767155635	3.363125263892072	[432, 422, 19, 334, 1086, 1112]	60377
119	0.8453034094723135	0.9463722004172781	2.1976818767155635	3.884888031490436	[1551, 1879, 836, 1089, 1086, 1112]	63191
120	0.8476907025360123	0.9480882900039252	2.1976818767155635	3.4347039664096126	[421, 438, 2627, 261, 1086, 1112]	63883
121	0.8500411546573702	0.9490496179668155	2.1976818767155635	2.518985889172849	[19, 241, 132, 1108, 1086, 1112]	64689
122	0.8523553343694478	0.9499931435600226	2.1883320890725697	2.1883320890725697	[318, 158, 10, 734, 19, 794]	65175
123	0.8546338014316477	0.9509191964570592	2.1883320890725697	3.649049134808248	[331, 241, 19, 334, 1086, 1112]	65211
124	0.8568771069651099	0.9528038993131082	2.1883320890725697	2.961062504761295	[241, 1587, 132, 1108, 1086, 1112]	66417
125	0.8590857935860187	0.9538527015505947	2.1883320890725697	3.4669248454207757	[3819, 438, 2627, 261, 1086, 1112]	66324
126	0.8612603955368516	0.9547072811515096	2.1883320890725697	3.1589477053178707	[10, 734, 19, 334, 1086, 1112]	64782
127	0.8634014388156039	0.9561566481546613	2.1883320890725697	3.6483982096103746	[1726, 132, 387, 344, 1086, 1112]	65312
128	0.8655094413030175	0.9569685620777231	2.1883320890725697	3.833920023961542	[2764, 400, 19, 334, 1086, 1112]	65635
129	0.8675849128878474	0.9579248162537737	2.1883320890725697	3.597226074150603	[846, 10, 158, 1115, 1086, 1096]	64201
130	0.8696283555901955	0.9588598203370231	2.1883320890725697	3.7079541450811853	[2004, 19, 1987, 334, 1086, 1112]	62729
131	0.8716402636829393	0.959774046551756	2.1883320890725697	3.464547836593158	[1726, 132, 217, 261, 1086, 1112]	62505
132	0.8736211238112891	0.9608467386437092	2.1883320890725697	3.4714239837057717	[2146, 1728, 132, 1108, 1086, 1112]	65553
133	0.8755714151104975	0.9617168111182934	2.1883320890725697	3.184750484208875	[3167, 19, 132, 1108, 1086, 1112]	65124
134	0.8774916093217553	0.962567548648998	2.1883320890725697	3.6483982096103746	[1715, 132, 387, 344, 1086, 1112]	64111
135	0.8793821709062961	0.9640049547808764	2.1883320890725697	3.490617761732537	[241, 1729, 1822, 1094, 1086, 1112]	64467
136	0.8812435571577422	0.9651567962278884	2.1883320890725697	3.5891433710848464	[1807, 157, 1713, 174, 1086, 1096]	64695
137	0.8830762183127152	0.9658020407421868	2.1883320890725697	2.518985889172849	[19, 241, 132, 1108, 1086, 1112]	65110
138	0.8848805976597413	0.9665619953923604	2.1883320890725697	3.697543484746859	[1819, 241, 19, 334, 1086, 1112]	65743
139	0.8866571316464736	0.9674536755152308	2.1883320890725697	3.4714239837057717	[2146, 1728, 132, 1108, 1086, 1112]	64094
140	0.8884062499852626	0.9681769271704479	2.1883320890725697	3.575302319672975	[1851, 159, 1713, 174, 1086, 1112]	63042
141	0.890128375757095	0.9688841065666601	2.1883320890725697	3.4714239837057717	[5415, 1587, 132, 1108, 1086, 1112]	63152
142	0.89182392551393	0.969879815156527	2.1883320890725697	3.184750484208875	[4284, 19, 132, 1108, 1086, 1112]	64171
143	0.8934933093794557	0.9708436610715182	2.1883320890725697	3.204410474350957	[5032, 23, 5272, 174, 1086, 1112]	65729
144	0.8951369311482913	0.9716211634429444	2.1883320890725697	4.00879157935639	[10, 107, 1546, 234, 1086, 1112]	64879
145	0.8967551883836571	0.9721466974532602	2.1883320890725697	3.4607062329820666	[420, 158, 1713, 174, 1086, 1096]	67954
146	0.898348472513539	0.97288945218784	2.1883320890725697	3.599826473815349	[241, 217, 132, 1094, 1086, 1112]	65018
147	0.8999171689253671	0.9734919088058879	2.1883320890725697	2.426484904269537	[734, 19, 132, 1108, 1086, 1096]	65215
148	0.9014616570592349	0.9740809774990904	2.1883320890725697	3.409802677289374	[1791, 420, 158, 1115, 1086, 1112]	65351
149	0.9029823104996788	0.974772151432448	2.1883320890725697	3.4393549165098385	[241, 1031, 132, 1094, 1086, 1112]	63565
150	0.9044794970660417	0.9755794425866097	2.1883320890725697	3.934145955231739	[1849, 420, 1582, 1087, 1086, 1112]	65355
151	0.9059535789014423	0.9760316751313021	2.1883320890725697	3.592725015116719	[2149, 420, 158, 1115, 1086, 1112]	63788
152	0.9074049125603707	0.9765643045728287	2.1883320890725697	3.334919766974785	[1715, 132, 19, 334, 1086, 1096]	66769
153	0.9088338490949328	0.9770850978045437	2.1883320890725697	3.528922042863038	[2528, 3459, 1203, 174, 1086, 1112]	65239
154	0.9102407341397641	0.9775094478452002	2.1883320890725697	3.4686455498577784	[732, 734, 1203, 174, 1086, 1112]	65689
155	0.9116259079956319	0.9779259395517705	2.1883320890725697	3.9854341029169698	[421, 438, 3366, 150, 1086, 1096]	66242
156	0.9129897057117488	0.9785145811637234	2.1883320890725697	2.2790614829839417	[19, 734, 1203, 174, 1086, 1112]	64489
157	0.9143324571668143	0.9792021145664842	2.1883320890725697	3.3383536017876443	[2872, 241, 132, 1094, 1086, 1096]	64006
158	0.9156544871488079	0.9798676469003568	2.1883320890725697	3.671150278463103	[2490, 390, 3248, 334, 1086, 1112]	65924
159	0.9169561154335486	0.9802404682540539	2.1883320890725697	3.0836053386938795	[241, 132, 19, 334, 1086, 1096]	69657
160	0.9182376568620432	0.9808727732699241	2.1883320890725697	3.833928826683146	[949, 168, 132, 1108, 1086, 1112]	66506
161	0.9194994214166413	0.981607258776359	2.1883320890725697	3.4714239837057717	[396, 1728, 132, 1108, 1086, 1112]	66598
162	0.9207417142960141	0.9823429684253047	2.1883320890725697	3.4455895737600724	[190, 196, 1078, 334, 1086, 1112]	62762
163	0.9219648359889768	0.9829079934356949	2.1883320890725697	3.671150278463103	[2490, 390, 3248, 334, 1086, 1112]	66307
164	0.9231690823471717	0.9833637802774097	2.1883320890725697	2.702639471550251	[77, 19, 132, 1108, 1086, 1112]	65111
165	0.9243547446566289	0.9836718584204206	2.1883320890725697	3.213233408312252	[241, 132, 217, 261, 1086, 1112]	65165
166	0.9255221097082241	0.9839742314126351	2.1883320890725697	2.1976818767155635	[10, 734, 1203, 174, 1086, 1112]	65396
167	0.9266714598670478	0.9844015852416315	2.1883320890725697	3.409802677289374	[1791, 420, 158, 1115, 1086, 1112]	61625
168	0.9278030731407044	0.9849007345138993	2.1883320890725697	3.544621900098326	[2309, 420, 158, 1115, 1086, 1096]	62791
169	0.9289172232465578	0.9851803505414196	2.1883320890725697	3.221273652630817	[19, 132, 217, 261, 1086, 1112]	62583
170	0.9300141796779381	0.9854547884943563	2.1883320890725697	4.121635886524672	[1549, 162, 420, 458, 1086, 1112]	64383
171	0.9310942077693279	0.9857241442629794	2.1883320890725697	2.1976818767155635	[10, 734, 1203, 174, 1086, 1112]	63638
172	0.932157568760542	0.985988511961813	2.1883320890725697	3.4102169169392242	[1019, 19, 132, 1108, 1086, 1112]	64523
173	0.9332045198599164	0.9863621516428314	2.1883320890725697	3.2554358471025484	[1580, 438, 2627, 261, 1086, 1112]	66601
174	0.9342353143065225	0.9866147043901864	2.1883320890725697	3.4607062329820666	[420, 158, 1713, 174, 1086, 1112]	65001
175	0.9352502014314219	0.9870430338497004	2.1883320890725697	3.4669248454207757	[3819, 438, 2627, 261, 1086, 1112]	62777
176	0.936249426717974	0.9872829776672986	2.1883320890725697	3.0091646099295257	[241, 132, 1713, 174, 1086, 1112]	62562
177	0.9372332318612151	0.9875655781635808	2.1883320890725697	3.6804418391159164	[545, 132, 19, 334, 1086, 1112]	62662
178	0.9382018548263199	0.9879634796623462	2.1883320890725697	3.2554358471025484	[1580, 438, 2627, 261, 1086, 1096]	66073
179	0.9391555299061606	0.988284453538017	2.1883320890725697	2.1976818767155635	[10, 734, 1203, 174, 1086, 1112]	65870
180	0.9400944877779791	0.9886593510248004	2.1883320890725697	4.152184740043248	[734, 10, 159, 1023, 1086, 1112]	65759
181	0.9410189555591831	0.9889617683308057	2.1883320890725697	2.518985889172849	[19, 241, 132, 1108, 1086, 1112]	65597
182	0.9419291568622822	0.9892561211753176	2.1883320890725697	3.4714239837057717	[1586, 1587, 132, 1108, 1086, 1112]	63774
183	0.9428253118489753	0.9895426246106425	2.1883320890725697	3.221273652630817	[19, 132, 217, 261, 1086, 1112]	68849
184	0.9437076372834047	0.9898214879543586	2.1883320890725697	3.866616265254481	[269, 1402, 1078, 334, 1086, 1112]	62054
185	0.9445763465845868	0.9900099789181669	2.1883320890725697	3.459532293516329	[2764, 258, 132, 1108, 1086, 1096]	65027
186	0.9454316498780345	0.9901949793085711	2.1883320890725697	3.5432222043472263	[87, 1265, 255, 174, 1086, 1112]	64439
187	0.9462737540465833	0.9905087399706969	2.1883320890725697	3.0373270629232803	[846, 734, 1203, 174, 1086, 1096]	66695
188	0.9471028627804323	0.990719656860237	2.1883320890725697	3.4225800030903457	[4196, 1663, 1546, 234, 1086, 1112]	65085
189	0.9479191766264133	0.9909258867077873	2.1883320890725697	3.94674858093202	[1792, 496, 3366, 150, 1086, 1096]	63347
190	0.9487228930364995	0.9911678630622462	2.1883320890725697	3.0172048542480914	[19, 132, 1713, 174, 1086, 1112]	66945
191	0.9495142064155659	0.9913641327719741	2.1883320890725697	3.5891433710848464	[1807, 157, 1713, 174, 1086, 1112]	65363
192	0.9502933081684121	0.9915944225647214	2.1883320890725697	3.671150278463103	[2490, 390, 1078, 334, 1086, 1112]	61883
193	0.9510603867460601	0.9918634010426504	2.1883320890725697	3.4714239837057717	[5415, 1587, 132, 1108, 1086, 1112]	63129
194	0.9518156276913369	0.9920442143528136	2.1883320890725697	3.6804418391159164	[545, 132, 19, 334, 1086, 1112]	61691
195	0.9525592136837545	0.9921915437166505	2.1883320890725697	2.518985889172849	[19, 241, 132, 1108, 1086, 1112]	64209
196	0.9532913245836966	0.9923650649673916	2.1883320890725697	2.793516874800511	[1259, 734, 1203, 174, 1086, 1112]	61949
197	0.9540121374759235	0.9925064526531806	2.1883320890725697	3.6178645301457264	[10, 301, 2627, 261, 1086, 1112]	66959
198	0.9547218267124061	0.9927942048712985	2.1883320890725697	3.9528075531495412	[326, 320, 836, 1089, 1086, 1112]	65266
199	0.9554205639544987	0.99292764552183	2.1883320890725697	3.6022839188384888	[193, 1265, 255, 174, 1086, 1112]	62524
200	0.9561085182144601	0.9931539608651314	2.1883320890725697	3.5644935086479057	[1414, 3251, 3248, 334, 1086, 1112]	67190
201	0.9567858558963357	0.9933060950681285	2.1883320890725697	4.072212456386735	[1794, 1791, 420, 458, 1086, 1112]	65222
202	0.9574527408362071	0.993454848511059	2.1883320890725697	3.409802677289374	[1791, 420, 158, 1115, 1086, 1112]	67698
203	0.9581093343418212	0.9936293858840974	2.1883320890725697	2.775355892909582	[241, 1720, 132, 1108, 1086, 1112]	69194
204	0.9587557952316079	0.9937473602195771	2.1883320890725697	2.7266252539510933	[331, 241, 132, 1108, 1086, 1112]	63875
205	0.9593922798730954	0.9939474446925506	2.1883320890725697	3.5644935086479057	[1414, 3251, 3248, 334, 1086, 1112]	61075
206	0.9600189422207328	0.994059529050096	2.1883320890725697	3.0172048542480914	[19, 132, 1713, 174, 1086, 1112]	55762
207	0.960635933853129	0.9942496241204929	2.1883320890725697	3.6060011103515626	[3180, 843, 3094, 174, 1086, 1112]	72397
208	0.9612434040097164	0.9944336361486371	2.1883320890725697	3.671150278463103	[2490, 390, 3248, 334, 1086, 1112]	60687
209	0.9618414996268504	0.9946117597918808	2.1883320890725697	3.4669248454207757	[3819, 438, 2627, 261, 1086, 1112]	58922
210	0.9624303653733497	0.9947314984631723	2.1883320890725697	3.260479038210432	[1715, 132, 1713, 174, 1086, 1112]	57581
211	0.9630101436854893	0.9948128024992344	2.1883320890725697	2.7456135278534837	[241, 132, 19, 793, 2372, 794]	51286
212	0.963580974801454	0.9949511277659215	2.1883320890725697	3.8124160032918324	[276, 132, 19, 334, 1086, 1096]	54961
213	0.9641429967952587	0.995112691677412	2.1883320890725697	3.58966803006855	[2872, 241, 1729, 1094, 1086, 1112]	51256
214	0.9646963456101467	0.9952031973870896	2.1883320890725697	3.5065031788170664	[811, 734, 19, 334, 1086, 1112]	54872
215	0.9652411550914716	0.9953311121234338	2.1883320890725697	3.0091646099295257	[241, 132, 1713, 174, 1086, 1096]	54470
216	0.9657775570190723	0.995417573010037	2.1883320890725697	2.1976818767155635	[10, 734, 1203, 174, 1086, 1112]	50571
217	0.9663056811391484	0.995519404720925	2.1883320890725697	2.7751196038897037	[1819, 241, 132, 1108, 1086, 1112]	56344
218	0.966825655195643	0.9956388872617004	2.1883320890725697	3.5492810816234277	[158, 420, 1822, 1094, 1086, 1112]	59078
219	0.9673376049611423	0.995735800878107	2.1883320890725697	3.334919766974785	[1726, 132, 19, 334, 1086, 1112]	57807
220	0.9678416542672975	0.9958147675285124	2.1883320890725697	2.2790614829839417	[19, 734, 1203, 174, 1086, 1112]	60127
221	0.9683379250347776	0.99589227183354	2.1883320890725697	3.213233408312252	[241, 132, 217, 261, 1086, 1112]	61362
222	0.9688265373027594	0.99608944278553	2.1883320890725697	3.069833347705165	[2607, 1587, 132, 1108, 1086, 1096]	60052
223	0.9693076092579637	0.9961937243112493	2.1883320890725697	2.6296491148067798	[241, 1031, 132, 1108, 1086, 1112]	61775
224	0.969781257263242	0.9962952249962826	2.1883320890725697	2.2790614829839417	[19, 734, 1203, 174, 1086, 1112]	62751
225	0.9702475958857228	0.9963638319407959	2.1883320890725697	3.7232750780577044	[734, 19, 387, 344, 1086, 1112]	65523
226	0.9707067379245234	0.9964311683863367	2.1883320890725697	2.2790614829839417	[19, 734, 1203, 174, 1086, 1112]	65265
227	0.9711587944380339	0.9965104757555292	2.1883320890725697	3.6060011103515626	[545, 132, 1713, 174, 1086, 1112]	63877
228	0.9716038747707803	0.9965643264383143	1.9247631298590335	1.9247631298590335	[107, 162, 10, 734, 19, 794]	65296
229	0.9720420865798731	0.9966406747396851	1.9247631298590335	3.58966803006855	[2872, 241, 1729, 1094, 1086, 1112]	62986
230	0.9724735358610479	0.9967153264121366	1.9247631298590335	3.409802677289374	[1791, 420, 158, 1115, 1086, 1112]	62840
231	0.9728983269743033	0.9968204359669481	1.9247631298590335	3.8377000442262252	[1879, 496, 132, 1108, 1086, 1112]	63044
232	0.9733165626691443	0.9968793167823751	1.9247631298590335	3.6845784447295697	[107, 734, 19, 334, 1086, 1112]	64510
233	0.9737283441094353	0.9969371072123311	1.9247631298590335	4.037319597286061	[542, 156, 1713, 174, 1086, 1112]	67564
234	0.97413377089787	0.9970051714965015	1.9247631298590335	3.810069908734289	[545, 132, 217, 261, 1086, 1112]	65192
235	0.9745329411000634	0.9970717232410237	1.9247631298590335	3.184750484208875	[732, 19, 132, 1108, 1086, 1096]	68708
236	0.9749259512682722	0.9971841690685683	1.9247631298590335	3.836139833873668	[1819, 241, 1729, 1094, 1086, 1112]	68036
237	0.9753128964647495	0.997227623249609	1.780457846853921	1.780457846853921	[320, 232, 10, 734, 19, 794]	64388
238	0.975693870284738	0.997334082516824	1.780457846853921	3.428024668171216	[1647, 1697, 132, 1108, 1086, 1096]	63428
239	0.9760689648791093	0.9974193918762856	1.780457846853921	3.6721450672688247	[1792, 496, 217, 261, 1086, 1112]	64075
240	0.9764382709766539	0.9975019713362445	1.780457846853921	2.7266252539510933	[331, 241, 132, 1108, 1086, 1112]	63989
241	0.9768018779060265	0.9975574830843279	1.780457846853921	2.793516874800511	[1259, 734, 1203, 174, 1086, 1096]	62908
242	0.9771598736173532	0.9976027148790626	1.780457846853921	2.518985889172849	[19, 241, 132, 1108, 1086, 1112]	64825
243	0.9775123447035052	0.9976559878817501	1.780457846853921	3.4714239837057717	[1586, 1587, 132, 1108, 1086, 1112]	62519
244	0.9778593764210437	0.9976993955135696	1.780457846853921	4.060426060674069	[734, 10, 494, 636, 1086, 1112]	60662
245	0.9782010527108425	0.9977419993003553	1.780457846853921	3.5069954494906392	[542, 269, 132, 1108, 1086, 1112]	60308
246	0.9785374562183912	0.9978142553227439	1.780457846853921	3.204410474350957	[5032, 23, 5272, 174, 1086, 1112]	70698
247	0.9788686683137864	0.9978547320760265	1.780457846853921	3.4347039664096126	[421, 438, 2627, 261, 1086, 1112]	61953
248	0.9791947691114131	0.9979024046965592	1.780457846853921	3.8276748976068466	[3618, 1720, 132, 1108, 1086, 1112]	63618
249	0.9795158374893234	0.9979490179255245	1.780457846853921	3.8292251796573344	[3065, 1460, 19, 334, 1086, 1112]	61758
250	0.9798319511083153	0.9980146493519078	1.780457846853921	3.6060011103515626	[545, 132, 1713, 174, 1086, 1112]	54868
251	0.9801431864307178	0.9980452874791931	1.780457846853921	2.860848539006146	[119, 123, 19, 409, 4290, 794]	60179
252	0.9804496187388858	0.9980887255352111	1.780457846853921	3.17671023989031	[2072, 241, 132, 1108, 1086, 1096]	54294
253	0.9807513221534092	0.9981498863180843	1.780457846853921	3.5891433710848464	[1807, 157, 1713, 174, 1086, 1112]	61352
254	0.9810483696510417	0.9981841476825642	1.780457846853921	2.1976818767155635	[10, 734, 1203, 174, 1086, 1112]	50708
255	0.9813408330823528	0.9982325704110292	1.780457846853921	3.585810503855643	[10, 438, 2627, 261, 1086, 1096]	54523
256	0.9816287831891066	0.9982797018667351	1.780457846853921	3.613369342697065	[1582, 420, 158, 1115, 1086, 1112]	54730
257	0.9819122896213734	0.9983255764836221	1.780457846853921	3.0466300264731196	[4118, 23, 5272, 174, 1086, 1112]	50995
258	0.982191420954377	0.998356584326518	1.780457846853921	3.3692329725658183	[1580, 301, 2627, 261, 1086, 1112]	51795
259	0.982466244705081	0.9984004087444776	1.780457846853921	3.5492810816234277	[158, 420, 1822, 1094, 1086, 1112]	53369
260	0.9827368273485212	0.998430030804765	1.780457846853921	3.5605912733082006	[241, 19, 1987, 334, 1086, 1112]	54702
261	0.9830032343338835	0.9984718966499713	1.780457846853921	4.137153134922769	[241, 1548, 255, 174, 1086, 1112]	54593
262	0.9832655301003359	0.998500194860157	1.780457846853921	3.917979333181071	[677, 1546, 234, 174, 1086, 1112]	51143
263	0.9835237780926147	0.9985335238632645	1.780457846853921	3.8229149778872156	[1819, 241, 217, 261, 1086, 1112]	55679
264	0.9837780407763707	0.9985804510996401	1.780457846853921	3.7271075836125993	[1794, 1879, 836, 1089, 1086, 1112]	61970
265	0.9840283796532785	0.9986183057369831	1.780457846853921	3.5432222043472263	[87, 1265, 255, 174, 1086, 1096]	64621
266	0.9842748552759131	0.9986551509173301	1.780457846853921	3.490617761732537	[241, 1729, 1822, 1094, 1086, 1112]	55921
267	0.9845175272623958	0.9986910135595347	1.780457846853921	3.4393549165098385	[241, 1031, 132, 1094, 1086, 1112]	55620
268	0.9847564543108157	0.9987152540491729	1.780457846853921	3.529057945505385	[1791, 420, 1822, 1094, 1086, 1112]	57916
269	0.9849916942134266	0.9987438039591914	1.780457846853921	3.260479038210432	[1726, 132, 1713, 174, 1086, 1112]	57000
270	0.9852233038706267	0.9987773025202795	1.780457846853921	3.184750484208875	[432, 19, 132, 1108, 1086, 1112]	62654
271	0.9854513393047221	0.9988164288396306	1.780457846853921	3.6060011103515626	[3179, 843, 3094, 174, 1086, 1096]	62419
272	0.9856758556734764	0.9988383468240819	1.780457846853921	3.5065031788170664	[811, 734, 19, 334, 1086, 1112]	65080
273	0.9858969072834536	0.9988598589199322	1.780457846853921	3.0373270629232803	[3284, 734, 1203, 174, 1086, 1112]	62797
274	0.9861145476031533	0.9988902626820674	1.780457846853921	3.5069954494906392	[542, 269, 132, 1108, 1086, 1112]	62807
275	0.9863288292759441	0.9989257742762412	1.780457846853921	3.4885679563002645	[3869, 438, 2627, 261, 1086, 1112]	62747
276	0.9865398041327968	0.9989544202955415	1.780457846853921	4.031403602506499	[1799, 1019, 1010, 1105, 1086, 1112]	63557
277	0.9867475232048216	0.9989945705561927	1.780457846853921	3.7271075836125993	[1794, 1879, 836, 1089, 1086, 1112]	63286
278	0.9869520367356114	0.9990331790468349	1.780457846853921	3.5069954494906392	[542, 269, 132, 1108, 1086, 1112]	64161
279	0.9871533941933952	0.9990641173173361	1.780457846853921	3.0466300264731196	[4118, 23, 5272, 174, 1086, 1112]	67823
280	0.9873516442830033	0.9991015526246427	1.780457846853921	3.4455895737600724	[190, 196, 1078, 334, 1086, 1112]	67711
281	0.9875468349576483	0.9991181905390012	1.780457846853921	3.4051240256480337	[19, 132, 387, 344, 1086, 1112]	66678
282	0.9877390134305241	0.9991417054579611	1.780457846853921	3.6445912614277525	[1849, 420, 1822, 1094, 1086, 1112]	63175
283	0.9879282261862259	0.9991607786700064	1.780457846853921	3.879539149408224	[2607, 1587, 132, 1094, 1086, 1112]	65071
284	0.988114518991994	0.999183157905473	1.780457846853921	3.879539149408224	[223, 23, 5272, 174, 1086, 1112]	60785
285	0.9882979369087842	0.9992092968524978	1.780457846853921	2.6743890052643993	[2004, 19, 132, 1108, 1086, 1112]	62343
286	0.9884785243021672	0.9992345993532179	1.780457846853921	2.6743890052643993	[2004, 19, 132, 1108, 1086, 1112]	62160
287	0.9886563248530597	0.9992639907380543	1.780457846853921	3.32346175437313	[2040, 545, 132, 1108, 1086, 1112]	69054
288	0.9888313815682902	0.9992875430344366	1.780457846853921	3.833928826683146	[949, 168, 132, 1108, 1086, 1112]	63279
289	0.9890037367910018	0.9993033754114491	1.780457846853921	3.528922042863038	[2528, 3459, 1203, 174, 1086, 1112]	63153
290	0.9891734322108937	0.9993162758667926	1.780457846853921	2.1976818767155635	[10, 734, 1203, 174, 1086, 1112]	68561
291	0.9893405088743059	0.9993381550390553	1.780457846853921	3.204410474350957	[5032, 23, 5272, 174, 1086, 1112]	60352
292	0.9895050071941468	0.9993504114272209	1.780457846853921	3.484094806967457	[2004, 19, 132, 1094, 1086, 1112]	60301
293	0.9896669669596693	0.9993624408452353	1.780457846853921	3.2554358471025484	[1580, 438, 2627, 261, 1086, 1112]	62102
294	0.9898264273460942	0.9993828427381878	1.780457846853921	3.6060011103515626	[1872, 843, 3094, 174, 1086, 1112]	61016
295	0.9899834269240865	0.9993965573440059	1.780457846853921	3.363125263892072	[432, 422, 19, 334, 1086, 1112]	61894
296	0.9901380036690851	0.9994077322080057	1.780457846853921	2.702639471550251	[77, 19, 132, 1108, 1086, 1112]	60576
297	0.9902901949704882	0.9994187001300797	1.780457846853921	2.583888605117205	[1849, 420, 1582, 793, 4290, 794]	69050
298	0.9904400376406967	0.9994342014599442	1.780457846853921	2.426484904269537	[734, 19, 132, 1108, 1086, 1112]	61116
299	0.9905875679240193	0.9994467747608344	1.780457846853921	2.545237350214759	[811, 734, 1203, 174, 1086, 1112]	60394
300	0.9907328215054387	0.9994570196726708	1.780457846853921	3.649049134808248	[331, 241, 19, 334, 1086, 1112]	56136
301	0.9908758335192437	0.9994714991480662	1.780457846853921	3.844906356519843	[3158, 3083, 19, 334, 1086, 1112]	60675
302	0.991016638557527	0.9994812862008798	1.780457846853921	3.459532293516329	[2764, 258, 132, 1108, 1086, 1112]	56591
303	0.9911552706785528	0.9994951185688563	1.780457846853921	3.2554358471025484	[1580, 438, 2627, 261, 1086, 1112]	62336
304	0.9912917634149948	0.9995085820736869	1.780457846853921	2.6743890052643993	[2004, 19, 132, 1108, 1086, 1112]	51844
305	0.9914261497820474	0.9995216865517219	1.780457846853921	3.752824415762799	[10, 161, 1713, 174, 1086, 1112]	54950
306	0.9915584622854109	0.9995305442081714	1.780457846853921	3.409802677289374	[1791, 420, 158, 1115, 1086, 1112]	54238
307	0.9916887329291545	0.99954556679351	1.780457846853921	3.993920281751505	[4015, 241, 1729, 1094, 1086, 1112]	51126
308	0.9918169932234577	0.9995539822232598	1.780457846853921	3.460050044086323	[734, 19, 1987, 334, 1086, 1112]	50871
309	0.9919432741922315	0.9995658760306395	1.780457846853921	3.529057945505385	[1791, 420, 1822, 1094, 1086, 1112]	51270
310	0.992067606380623	0.9995825463910629	1.780457846853921	3.9196196481109737	[1550, 420, 1822, 1094, 1086, 1112]	56587
311	0.9921900198624035	0.9995902770134507	1.780457846853921	2.8070241504084494	[3621, 1720, 132, 1108, 1086, 1112]	54586
312	0.992310544247243	0.9996012029597586	1.780457846853921	3.6060011103515626	[2040, 1451, 1713, 174, 1086, 1112]	50699
313	0.9924292086878719	0.9996139644650464	1.780457846853921	2.7751196038897037	[1819, 241, 132, 1108, 1086, 1112]	56252
314	0.9925460418871331	0.9996242587459785	1.780457846853921	2.9611430034036257	[781, 19, 132, 1108, 1086, 1112]	63390
315	0.9926610721049243	0.9996312169173492	1.780457846853921	3.5504141572377215	[10, 158, 1713, 174, 1086, 1112]	59734
316	0.9927743271650334	0.9996410511328866	1.780457846853921	3.626211045907998	[1580, 438, 132, 1108, 1086, 1112]	57173
317	0.9928858344618694	0.9996525374966343	1.780457846853921	3.5848254055927624	[1819, 241, 132, 1094, 1086, 1112]	58466
318	0.9929956209670875	0.9996636562967419	1.780457846853921	3.838061935263993	[1719, 1192, 836, 1089, 1086, 1112]	60641
319	0.9931037132361139	0.9996711306012588	1.780457846853921	3.334919766974785	[1726, 132, 19, 334, 1086, 1112]	57364
320	0.9932101374145689	0.9996799004518919	1.780457846853921	2.426484904269537	[734, 19, 132, 1108, 1086, 1096]	54881
321	0.993314919244591	0.9996884364398414	1.780457846853921	3.5673687331398343	[2297, 400, 19, 334, 1086, 1112]	55517
322	0.9934180840710634	0.9996967448014457	1.780457846853921	3.5779691026203686	[257, 320, 836, 1089, 1086, 1096]	54494
323	0.9935196568477445	0.9997048316067405	1.780457846853921	3.9616871501273216	[87, 1265, 193, 1115, 1086, 1096]	52408
324	0.993619662143304	0.9997102976880972	1.780457846853921	3.0172048542480914	[19, 132, 1713, 174, 1086, 1112]	58550
325	0.9937181241472653	0.999715662545725	1.780457846853921	2.7266252539510933	[331, 241, 132, 1108, 1086, 1112]	70368
326	0.993815066675857	0.9997232448778389	1.780457846853921	3.536331055654151	[331, 241, 132, 1094, 1086, 1112]	74516
327	0.9939105131777727	0.9997321010417481	1.780457846853921	3.204410474350957	[5032, 23, 5272, 174, 1086, 1112]	65082
328	0.9940044867398441	0.9997370621335676	1.780457846853921	4.0301159888233675	[1580, 438, 240, 234, 1086, 1112]	61945
329	0.9940970100926243	0.9997454761452934	1.780457846853921	3.704751074145321	[1530, 156, 1713, 174, 1086, 1096]	68174
330	0.9941881056158863	0.9997522634480855	1.780457846853921	3.8388357754274143	[158, 420, 1582, 1087, 1086, 1112]	64682
331	0.9942777953440362	0.9997601910177468	1.780457846853921	2.7751196038897037	[1819, 241, 132, 1108, 1086, 1112]	62930
332	0.9943661009714431	0.9997646319248256	1.780457846853921	3.363125263892072	[432, 422, 19, 334, 1086, 1096]	60760
333	0.9944530438576862	0.9997709084068302	1.780457846853921	3.5432222043472263	[87, 1265, 255, 174, 1086, 1112]	67179
334	0.9945386450327219	0.9997782393378117	1.780457846853921	3.5644935086479057	[1414, 3251, 3248, 334, 1086, 1112]	68006
335	0.99462292520197	0.999783167352527	1.780457846853921	3.8580932969723243	[2872, 241, 132, 261, 1086, 1112]	65949
336	0.9947059047513224	0.9997879858558042	1.780457846853921	3.464547836593158	[1715, 132, 217, 261, 1086, 1096]	63114
337	0.9947876037520735	0.9997919120436597	1.780457846853921	2.702639471550251	[77, 19, 132, 1108, 1086, 1096]	61860
338	0.994868041965776	0.9997974610558287	1.780457846853921	3.2554358471025484	[1580, 438, 2627, 261, 1086, 1112]	60768
339	0.9949472388490203	0.9998019619212547	1.780457846853921	3.464547836593158	[1715, 132, 217, 261, 1086, 1112]	62500
340	0.9950252135581403	0.999806362767449	1.780457846853921	3.6617107163654943	[2267, 261, 132, 1108, 1086, 1112]	62564
341	0.995101984953848	0.9998099486421259	1.780457846853921	2.723312616127263	[107, 734, 1203, 174, 1086, 1112]	55786
342	0.9951775716057949	0.9998134681117162	1.780457846853921	3.213233408312252	[241, 132, 217, 261, 1086, 1096]	59833
343	0.9952519917970635	0.9998194371321413	1.780457846853921	3.5779691026203686	[257, 320, 836, 1089, 1086, 1112]	57441
344	0.9953252635285903	0.9998234496403159	1.780457846853921	3.6804418391159164	[1723, 132, 19, 334, 1086, 1096]	65336
345	0.9953974045235194	0.9998273729816423	1.780457846853921	3.484094806967457	[2004, 19, 132, 1094, 1086, 1112]	59624
346	0.9954684322314897	0.9998312091376057	1.780457846853921	2.670007228867422	[241, 1126, 19, 409, 4290, 794]	58660
347	0.9955383638328557	0.999834960045659	1.780457846853921	3.585810503855643	[2040, 438, 2627, 261, 1086, 1112]	62286
348	0.9956072162428424	0.999839361111108	1.780457846853921	2.790120672112291	[241, 217, 132, 1108, 1086, 1112]	63540
349	0.9956750061156381	0.9998445015555526	1.780457846853921	3.671150278463103	[2490, 390, 1078, 334, 1086, 1112]	61344
350	0.9957417498484215	0.9998473811563757	1.780457846853921	2.518985889172849	[19, 241, 132, 1108, 1086, 1112]	59346
351	0.9958074635853286	0.9998532417199709	1.780457846853921	4.128698219613206	[1468, 2411, 836, 1089, 1086, 1096]	61765
352	0.9958721632213574	0.9998559594658973	1.780457846853921	3.236190705972595	[734, 19, 132, 1094, 1086, 1112]	60628
353	0.9959358644062131	0.9998586268831955	1.780457846853921	2.7266252539510933	[331, 241, 132, 1108, 1086, 1096]	63049
354	0.9959985825480925	0.9998612449038771	1.780457846853921	3.8541227312790616	[119, 123, 19, 334, 1086, 1112]	56231
355	0.996060332817412	0.9998656850669531	1.780457846853921	3.0466300264731196	[4118, 23, 5272, 174, 1086, 1112]	58586
356	0.9961211301504767	0.999869266798501	1.780457846853921	3.6022839188384888	[193, 1265, 255, 174, 1086, 1112]	55888
357	0.9961809892530927	0.9998734502609489	1.780457846853921	3.0466300264731196	[4118, 23, 5272, 174, 1086, 1112]	57087
358	0.9962399246041252	0.9998774998525986	1.780457846853921	3.7572808301688063	[1917, 10, 158, 1115, 1086, 1112]	60063
359	0.9962979504589998	0.9998802220780963	1.780457846853921	4.060426060674069	[734, 10, 494, 636, 1086, 1112]	56147
360	0.9963550808531512	0.9998834161560138	1.780457846853921	3.409802677289374	[1791, 420, 158, 1115, 1086, 1096]	57959
361	0.9964113296054173	0.9998855751160877	1.780457846853921	3.5253359932117423	[1849, 420, 158, 1115, 1086, 1112]	60657
362	0.9964667103213831	0.9998886264463253	1.780457846853921	3.5504141572377215	[10, 158, 1713, 174, 1086, 1096]	56884
363	0.9965212363966703	0.9998921904000428	1.780457846853921	4.313636070190715	[420, 1822, 1210, 1117, 1086, 1112]	53030
364	0.9965749210201785	0.9998950653227084	1.780457846853921	2.892248860804172	[241, 1209, 132, 1108, 1086, 1112]	56647
365	0.9966277771772746	0.9998973972044259	1.780457846853921	3.6022839188384888	[193, 1265, 255, 174, 1086, 1112]	69891
366	0.9966798176529339	0.9998989805809009	1.780457846853921	2.4559086334953717	[1580, 438, 3366, 793, 4290, 794]	56178
367	0.9967310550348331	0.9999008513108842	1.780457846853921	2.870736037412858	[3, 19, 132, 1108, 1086, 1112]	55100
368	0.9967815017163943	0.9999026873977197	1.780457846853921	2.723312616127263	[107, 734, 1203, 174, 1086, 1112]	59296
369	0.9968311698997833	0.9999048498999926	1.780457846853921	3.184750484208875	[5414, 19, 132, 1108, 1086, 1112]	60662
370	0.9968800715988607	0.9999069643466594	1.780457846853921	2.5286478000845856	[2872, 241, 132, 1108, 1086, 1112]	60905
371	0.9969282186420881	0.9999094452974152	1.780457846853921	3.84519172267838	[734, 10, 232, 1023, 1086, 1112]	61409
372	0.9969756226753893	0.9999111222363519	1.780457846853921	2.1976818767155635	[10, 734, 1203, 174, 1086, 1112]	58422
373	0.9970222951649665	0.9999127681208639	1.780457846853921	2.5872420769840634	[811, 3459, 1203, 174, 1086, 1112]	60585
374	0.9970682474000752	0.9999155595409963	1.780457846853921	4.051964659950565	[2051, 1849, 420, 458, 1086, 1112]	60785
375	0.9971134904957529	0.9999171232532	1.780457846853921	3.998118218907395	[1879, 301, 2627, 261, 1086, 1112]	59759
376	0.9971580353955098	0.9999189649586845	1.780457846853921	3.484094806967457	[2004, 19, 132, 1094, 1086, 1112]	54795
377	0.9972018928739742	0.9999204656075977	1.780457846853921	3.0091646099295257	[241, 132, 1713, 174, 1086, 1112]	57567
378	0.9972450735394993	0.99992223303854	1.780457846853921	3.334919766974785	[1715, 132, 19, 334, 1086, 1096]	57094
379	0.9972875878367292	0.9999239611932391	1.780457846853921	3.5673687331398343	[2297, 400, 19, 334, 1086, 1096]	54438
380	0.9973294460491254	0.9999256509445005	1.780457846853921	3.260479038210432	[1715, 132, 1713, 174, 1086, 1112]	61113
381	0.9973706583014538	0.9999270277788616	1.780457846853921	3.8061659836099055	[1580, 438, 3366, 150, 1086, 1112]	70829
382	0.9974112345622338	0.9999298299121533	1.780457846853921	3.4393549165098385	[241, 1031, 132, 1094, 1086, 1096]	67079
383	0.9974511846461499	0.9999313892474387	1.780457846853921	3.462983623397844	[1742, 400, 19, 334, 1086, 1112]	63288
384	0.9974905182164254	0.9999329139308291	1.780457846853921	4.012957617861208	[2520, 1277, 254, 174, 1086, 1096]	62544
385	0.9975292447871595	0.9999344047323662	1.780457846853921	2.339711906695273	[2405, 1743, 1742, 400, 19, 794]	63319
386	0.9975673737256293	0.9999358624049802	1.780457846853921	3.7536729288630175	[2789, 2558, 255, 174, 1086, 1112]	66937
387	0.9976049142545548	0.9999372876848696	1.780457846853921	3.260479038210432	[1715, 132, 1713, 174, 1086, 1112]	62910
388	0.9976418754543301	0.9999389600132731	1.780457846853921	3.3692329725658183	[1580, 301, 2627, 261, 1086, 1096]	59385
389	0.9976782662652202	0.9999413039487633	1.780457846853921	4.014578494587123	[249, 318, 158, 1115, 1086, 1112]	71930
390	0.9977140954895223	0.9999426083054576	1.780457846853921	3.671150278463103	[2490, 390, 3248, 334, 1086, 1112]	62509
391	0.9977493717936964	0.9999441387506454	1.780457846853921	2.1976818767155635	[10, 734, 1203, 174, 1086, 1112]	55963
392	0.9977841037104603	0.9999462838226205	1.780457846853921	3.428024668171216	[1647, 1697, 132, 1108, 1086, 1112]	61916
393	0.9978182996408544	0.9999474775154512	1.780457846853921	2.356920718541416	[331, 241, 1031, 132, 19, 794]	61415
394	0.9978519678562733	0.999948450154054	1.780457846853921	2.1976818767155635	[10, 734, 1203, 174, 1086, 1112]	61593
395	0.9978851165004666	0.9999498248166125	1.780457846853921	2.518985889172849	[19, 241, 132, 1108, 1086, 1112]	60851
396	0.9979177535915088	0.9999514304224809	1.780457846853921	4.017543107152484	[1820, 10, 232, 1023, 1086, 1096]	62081
397	0.9979498870237387	0.9999527256112147	1.780457846853921	3.529057945505385	[1791, 420, 1822, 1094, 1086, 1112]	58926
398	0.9979815245696686	0.9999539862615824	1.780457846853921	2.892248860804172	[241, 1209, 132, 1108, 1086, 1112]	58996
399	0.9980126738818651	0.9999548383678494	1.780457846853921	4.08034210224554	[421, 438, 970, 261, 1086, 1112]	66155
400	0.9980433424947992	0.9999560426780401	1.780457846853921	2.6743890052643993	[2004, 19, 132, 1108, 1086, 1112]	60306
401	0.9980735378266696	0.9999568567025208	1.780457846853921	2.518985889172849	[19, 241, 132, 1108, 1086, 1112]	60129
402	0.9981032671811964	0.9999580071904536	1.780457846853921	3.6440743024501234	[1265, 415, 255, 174, 1086, 1112]	63134
403	0.9981325377493877	0.999958940363999	1.780457846853921	2.940940296086106	[1548, 19, 132, 1108, 1086, 1112]	59729
404	0.9981613566112799	0.999960254272351	1.780457846853921	2.5872420769840634	[811, 3459, 1203, 174, 1086, 1112]	59179
405	0.998189730737649	0.9999609903043446	1.780457846853921	2.1976818767155635	[10, 734, 1203, 174, 1086, 1112]	62801
406	0.9982176669916977	0.9999620305628953	1.780457846853921	3.6632814211403364	[241, 1126, 19, 334, 1086, 1112]	66169
407	0.9982451721307147	0.9999628743281643	1.780457846853921	3.6617107163654943	[2267, 261, 132, 1108, 1086, 1112]	65309
408	0.9982722528077098	0.99996386434608	1.780457846853921	4.254859046245974	[195, 3222, 151, 174, 1086, 1112]	59379
409	0.998298915573023	0.9999648279635178	1.780457846853921	2.2790614829839417	[19, 734, 1203, 174, 1086, 1112]	68475
410	0.9983251668759084	0.9999657658844907	1.780457846853921	3.732624610913075	[988, 420, 1822, 1094, 1086, 1112]	54708
411	0.998351013066095	0.9999666787942376	1.780457846853921	3.081560325988364	[241, 1126, 132, 1108, 1086, 1112]	59298
412	0.9983764603953219	0.9999672958536036	1.780457846853921	3.924252027238685	[269, 132, 19, 334, 1086, 1112]	54794
413	0.9984015150188509	0.9999679014859443	1.780457846853921	3.316188644224363	[2627, 261, 132, 1108, 1086, 1112]	56952
414	0.9984261829969551	0.9999684959028712	1.780457846853921	3.5432222043472263	[87, 1265, 255, 174, 1086, 1112]	54092
415	0.9984504702963848	0.9999690793120773	1.780457846853921	2.892248860804172	[241, 1209, 132, 1108, 1086, 1112]	55383
416	0.9984743827918109	0.9999696519174092	1.780457846853921	3.56678126317036	[19, 241, 217, 261, 1086, 1112]	59270
417	0.998497926267246	0.9999702139189387	1.780457846853921	3.8061659836099055	[1580, 438, 3366, 150, 1086, 1096]	56987
418	0.9985211064174427	0.9999710082144336	1.780457846853921	2.1976818767155635	[10, 734, 1203, 174, 1086, 1112]	55560
419	0.9985439288492723	0.9999716524763351	1.780457846853921	4.317194786960757	[1917, 10, 494, 636, 1086, 1112]	52103
420	0.9985663990830799	0.9999721774304771	1.780457846853921	4.504353854714601	[655, 3308, 19, 334, 1086, 1112]	55416
421	0.99858852255402	0.9999729193656643	1.780457846853921	3.2554358471025484	[1580, 438, 2627, 261, 1086, 1112]	70326
422	0.9986103046133715	0.9999737859459631	1.780457846853921	3.204410474350957	[5032, 23, 5272, 174, 1086, 1112]	54552
423	0.9986317505298319	0.999974484987404	1.780457846853921	3.5779691026203686	[157, 320, 836, 1089, 1086, 1112]	56596
424	0.9986528654907912	0.9999749574876373	1.780457846853921	3.213233408312252	[241, 132, 217, 261, 1086, 1112]	62067
425	0.9986736546035877	0.999975625287967	1.780457846853921	3.3692329725658183	[1580, 301, 2627, 261, 1086, 1112]	59728
426	0.9986941228967422	0.9999761669482344	1.780457846853921	3.9343585605063875	[269, 1337, 240, 234, 1086, 1112]	62854
427	0.9987142753211752	0.9999768024962815	1.780457846853921	2.702639471550251	[77, 19, 132, 1108, 1086, 1112]	64641
428	0.998734116751404	0.9999775448164004	1.780457846853921	3.834090028441395	[1535, 438, 2627, 261, 1086, 1112]	61576
429	0.9987536519867218	0.9999781436212964	1.780457846853921	2.702639471550251	[77, 19, 132, 1108, 1086, 1112]	61560
430	0.9987728857523588	0.999978843025415	1.780457846853921	4.006041343635259	[3543, 359, 158, 1115, 1086, 1112]	62121
431	0.9987918227006248	0.9999795482579011	1.780457846853921	3.4225800030903457	[4196, 1663, 1546, 234, 1086, 1112]	55305
432	0.9988104674120349	0.9999802027136483	1.780457846853921	3.3383536017876443	[2872, 241, 132, 1094, 1086, 1112]	51164
433	0.9988288243964172	0.9999808362268116	1.780457846853921	3.2554358471025484	[1580, 438, 2627, 261, 1086, 1112]	58118
434	0.9988468980940033	0.999981262088438	1.780457846853921	3.260479038210432	[1726, 132, 1713, 174, 1086, 1096]	60792
435	0.9988646928765033	0.9999817617660797	1.780457846853921	3.6632814211403364	[241, 1126, 19, 334, 1086, 1112]	55277
436	0.9988822130481622	0.9999822481189842	1.780457846853921	2.518985889172849	[19, 241, 132, 1108, 1086, 1112]	56906
437	0.9988994628468016	0.9999828161791766	1.780457846853921	2.8070241504084494	[3621, 1720, 132, 1108, 1086, 1112]	58852
438	0.9989164464448448	0.9999831343980808	1.780457846853921	2.518985889172849	[19, 241, 132, 1108, 1086, 1112]	60918
439	0.9989331679503256	0.9999836740973422	1.780457846853921	3.7876454839350577	[331, 241, 1729, 1094, 1086, 1112]	55736
440	0.9989496314078823	0.9999841094547465	1.780457846853921	2.545237350214759	[811, 734, 1203, 174, 1086, 1112]	57157
441	0.9989658407997359	0.9999844625779742	1.780457846853921	2.545237350214759	[811, 734, 1203, 174, 1086, 1112]	58931
442	0.9989818000466536	0.9999847503080118	1.780457846853921	3.0091646099295257	[241, 132, 1713, 174, 1086, 1112]	61758
443	0.9989975130088966	0.999985089190056	1.780457846853921	3.986416041593368	[1548, 241, 132, 1094, 1086, 1096]	62974
444	0.9990129834871544	0.999985365316166	1.780457846853921	3.1589477053178707	[10, 734, 19, 334, 1086, 1112]	60602
445	0.9990282152234637	0.9999857555744016	1.780457846853921	3.2554358471025484	[1580, 438, 2627, 261, 1086, 1112]	58902
446	0.999043211902114	0.9999862113960207	1.780457846853921	3.184750484208875	[3167, 19, 132, 1108, 1086, 1112]	60921
447	0.9990579771505381	0.9999866526313481	1.780457846853921	3.204410474350957	[5032, 23, 5272, 174, 1086, 1112]	67389
448	0.9990725145401903	0.999987079747145	1.780457846853921	2.6743890052643993	[2004, 19, 132, 1108, 1086, 1112]	68148
449	0.9990868275874096	0.9999874242872211	1.780457846853921	3.6412264034130413	[107, 10, 158, 1115, 1086, 1112]	59995
450	0.9991009197542706	0.9999876571707911	1.780457846853921	3.626211045907998	[1580, 438, 132, 1108, 1086, 1112]	58833
451	0.9991147944494208	0.9999879863129033	1.780457846853921	3.5297365521895774	[1546, 677, 132, 1108, 1086, 1096]	61369
452	0.999128455028905	0.9999883066778925	1.780457846853921	3.3802769052980004	[1515, 1031, 132, 1108, 1086, 1112]	58776
453	0.9991419047969774	0.9999888679573538	1.780457846853921	3.5039302684876574	[4301, 1711, 132, 1108, 1086, 1112]	58125
454	0.9991551470069007	0.9999890741062916	1.780457846853921	3.363125263892072	[432, 422, 19, 334, 1086, 1112]	56940
455	0.9991681848617324	0.9999894237348903	1.780457846853921	3.8229149778872156	[1819, 241, 217, 261, 1086, 1112]	60181
456	0.9991810215151007	0.9999897621753738	1.780457846853921	3.0466300264731196	[4118, 23, 5272, 174, 1086, 1112]	64295
457	0.9991936600719664	0.9999899517647187	1.780457846853921	3.6178645301457264	[10, 301, 2627, 261, 1086, 1096]	61410
458	0.9992061035893743	0.99999035369413	1.780457846853921	3.6060011103515626	[3179, 843, 3094, 174, 1086, 1112]	60791
459	0.9992183550771927	0.9999905025568749	1.780457846853921	2.335075708030231	[1580, 438, 3366, 793, 2372, 794]	62561
460	0.999230417498841	0.9999907136111665	1.780457846853921	3.260479038210432	[1715, 132, 1713, 174, 1086, 1112]	63076
461	0.999242293772007	0.9999909199753628	1.780457846853921	3.8229149778872156	[1819, 241, 217, 261, 1086, 1112]	60210
462	0.9992539867693525	0.9999911621093531	1.780457846853921	3.7351968406794853	[1758, 2919, 1203, 174, 1086, 1112]	62845
463	0.9992654993192083	0.9999913257739947	1.780457846853921	2.3486903008069335	[846, 162, 10, 734, 19, 794]	59736
464	0.9992768342062575	0.9999914864078097	1.780457846853921	3.865170813915224	[10, 158, 1546, 234, 1086, 1112]	62996
465	0.9992879941722103	0.9999916440669243	1.780457846853921	3.7008473606648478	[10, 157, 1713, 174, 1086, 1112]	59826
466	0.9992989819164663	0.9999919114567828	1.780457846853921	2.8070241504084494	[3621, 1720, 132, 1108, 1086, 1112]	61144
467	0.9993098000967677	0.9999921271512685	1.780457846853921	3.5065031788170664	[811, 734, 19, 334, 1086, 1112]	59690
468	0.9993204513298424	0.9999923021034626	1.780457846853921	2.7751196038897037	[1819, 241, 132, 1108, 1086, 1112]	57022
469	0.9993309381920361	0.9999925073807036	1.780457846853921	2.870736037412858	[3, 19, 132, 1108, 1086, 1096]	60933
470	0.9993412632199368	0.9999926738833546	1.780457846853921	2.5872420769840634	[811, 3459, 1203, 174, 1086, 1112]	55196
471	0.9993514289109872	0.9999930255369536	1.780457846853921	3.4714239837057717	[5415, 1587, 132, 1108, 1086, 1112]	70171
472	0.9993614377240893	0.9999931546936767	1.780457846853921	2.518985889172849	[19, 241, 132, 1108, 1086, 1112]	54863
473	0.9993712920801989	0.9999933372351786	1.780457846853921	3.9528075531495412	[317, 320, 836, 1089, 1086, 1112]	54764
474	0.999380994362912	0.9999934852966191	1.780457846853921	3.913538059743548	[2627, 438, 8, 174, 1086, 1096]	52957
475	0.9993905469190398	0.9999936059392743	1.780457846853921	2.426484904269537	[734, 19, 132, 1108, 1086, 1112]	58993
476	0.9993999520591781	0.9999937764475603	1.780457846853921	2.723312616127263	[107, 734, 1203, 174, 1086, 1112]	54724
477	0.9994092120582648	0.9999939756012384	1.780457846853921	2.5286478000845856	[2872, 241, 132, 1108, 1086, 1112]	53738
478	0.9994183291561312	0.9999940871641784	1.780457846853921	3.0091646099295257	[241, 132, 1713, 174, 1086, 1096]	57143
479	0.9994273055580427	0.9999941966611381	1.780457846853921	3.236190705972595	[734, 19, 132, 1094, 1086, 1112]	61383
480	0.9994361434352333	0.999994351416841	1.780457846853921	3.8827030740440707	[1799, 10, 158, 1115, 1086, 1112]	56691
481	0.9994448449254304	0.9999944769409113	1.780457846853921	3.4714239837057717	[1586, 1587, 132, 1108, 1086, 1112]	58494
482	0.9994534121333712	0.9999946536788021	1.780457846853921	4.161720087918152	[1586, 107, 836, 1089, 1086, 1112]	64559
483	0.9994618471313131	0.9999947526847502	1.780457846853921	2.1976818767155635	[10, 734, 1203, 174, 1086, 1096]	62971
484	0.9994701519595336	0.9999948926131569	1.780457846853921	3.459532293516329	[2764, 258, 132, 1108, 1086, 1112]	58691
485	0.9994783286268247	0.9999950061106423	1.780457846853921	3.6022839188384888	[193, 1265, 255, 174, 1086, 1112]	67848
486	0.9994863791109787	0.9999950985900748	1.780457846853921	3.460050044086323	[734, 19, 1987, 334, 1086, 1112]	65698
487	0.999494305359266	0.9999952946464719	1.780457846853921	3.4455895737600724	[190, 196, 1078, 334, 1086, 1112]	61553
488	0.999502109288907	0.9999954452177847	1.780457846853921	3.5779691026203686	[257, 320, 836, 1089, 1086, 1112]	62512
489	0.9995097927875349	0.9999955666786438	1.780457846853921	2.2790614829839417	[19, 734, 1203, 174, 1086, 1112]	60315
490	0.9995173577136532	0.9999957369181839	1.780457846853921	3.490617761732537	[241, 1729, 1822, 1094, 1086, 1112]	50467
491	0.9995248058970845	0.999995873336802	1.780457846853921	3.3802769052980004	[1515, 1031, 132, 1108, 1086, 1112]	57344
492	0.9995321391394135	0.9999959833811539	1.780457846853921	3.9616871501273216	[87, 1265, 193, 1115, 1086, 1112]	54827
493	0.9995393592144225	0.9999960726393505	1.780457846853921	3.529057945505385	[1791, 420, 1822, 1094, 1086, 1112]	50836
494	0.999546467868521	0.9999961599140317	1.780457846853921	2.940940296086106	[1548, 19, 132, 1108, 1086, 1112]	52507
495	0.9995534668211672	0.9999962310267347	1.780457846853921	3.0091646099295257	[241, 132, 1713, 174, 1086, 1112]	56890
496	0.9995603577652851	0.999996300822536	1.780457846853921	3.6917975251449304	[1529, 156, 1713, 174, 1086, 1112]	59832
497	0.9995671423676726	0.9999963994672684	1.780457846853921	2.426484904269537	[734, 19, 132, 1108, 1086, 1096]	57815
498	0.999573822269406	0.9999964661438004	1.780457846853921	2.1976818767155635	[10, 734, 1203, 174, 1086, 1112]	58973
499	0.9995803990862362	0.9999965446739382	1.780457846853921	3.5253359932117423	[1849, 420, 158, 1115, 1086, 1096]	59540
