0	0.015432098765432056	0.026666666666666616	2.545237350214759	2.545237350214759	[811, 734, 1203, 174, 1086, 1112]	63746
1	0.030626047858558048	0.04469135802469126	2.545237350214759	3.536331055654151	[331, 241, 132, 1094, 1086, 1112]	59612
2	0.045585522428642	0.06238225880201176	2.545237350214759	3.3692329725658183	[1580, 301, 2627, 261, 1086, 1112]	60056
3	0.06031414090968146	0.09238602652034744	2.545237350214759	3.676309580563558	[2267, 438, 2627, 261, 1086, 1096]	60152
4	0.07481546589564314	0.1165890658131381	2.545237350214759	3.6804418391159164	[3, 19, 132, 1094, 1086, 1112]	59037
5	0.08909300500219186	0.1401466907247877	2.545237350214759	3.8297958111453587	[195, 10, 158, 1115, 1086, 1112]	59465
6	0.10315021171512095	0.16766199662159453	2.545237350214759	3.260479038210432	[1715, 132, 1713, 174, 1086, 1112]	59390
7	0.11699048622569008	0.19429681272970356	2.5286478000845856	2.5286478000845856	[2872, 241, 132, 1108, 1086, 1112]	59241
8	0.13061717625307134	0.2122013280023768	2.5286478000845856	3.464547836593158	[1715, 132, 217, 261, 1086, 1096]	58969
9	0.1440335778541042	0.24245279700708555	2.5286478000845856	2.892248860804172	[241, 1209, 132, 1108, 1086, 1112]	59056
10	0.1572429362205532	0.25648144891436175	2.5286478000845856	3.0373270629232803	[3284, 734, 1203, 174, 1086, 1112]	60277
11	0.17024844646406312	0.2702503109715032	2.5286478000845856	3.5297365521895774	[1546, 677, 132, 1108, 1086, 1112]	59206
12	0.18305325438900033	0.2897103026789297	2.2790614829839417	2.2790614829839417	[19, 734, 1203, 174, 1086, 1112]	59678
13	0.19566045725336756	0.3028638155922828	2.2790614829839417	2.426484904269537	[734, 19, 132, 1108, 1086, 1112]	60487
14	0.208073104517976	0.31577374493316646	2.2790614829839417	3.6632814211403364	[241, 1126, 19, 334, 1086, 1096]	59902
15	0.22029419858405663	0.3420480331277329	2.2790614829839417	3.70195466250723	[241, 1209, 132, 1094, 1086, 1112]	59700
16	0.2323266955194878	0.35423232881055267	2.2790614829839417	3.460050044086323	[734, 19, 1987, 334, 1086, 1112]	59713
17	0.2441735057738167	0.366190989388135	2.2790614829839417	3.213233408312252	[241, 132, 217, 261, 1086, 1112]	59561
18	0.2558374948822454	0.3802756340683987	2.2790614829839417	3.7572808301688063	[1917, 10, 158, 1115, 1086, 1112]	59774
19	0.2673214841587539	0.40010681377821	2.2790614829839417	3.459532293516329	[2764, 258, 132, 1108, 1086, 1112]	59428
20	0.2786282513785262	0.41930339573730735	2.2790614829839417	2.7162445651519427	[3895, 1030, 1032, 1707, 1708, 794]	59717
21	0.28976053144984526	0.4347886385176458	2.2790614829839417	3.236190705972595	[734, 19, 132, 1094, 1086, 1112]	57921
22	0.30072101707561927	0.4473488909950315	2.2790614829839417	3.4225800030903457	[4196, 1663, 1546, 234, 1086, 1112]	59097
23	0.31151235940469924	0.45758317079141975	2.1976818767155635	2.1976818767155635	[10, 734, 1203, 174, 1086, 1112]	59476
24	0.32213716867314524	0.47204761957031516	2.1976818767155635	3.866616265254481	[269, 1402, 1078, 334, 1086, 1112]	60462
25	0.3325980148355967	0.48182451550419825	2.1976818767155635	3.0091646099295257	[241, 132, 1713, 174, 1086, 1112]	59208
26	0.34289742818689917	0.4914203578096761	2.1976818767155635	3.56678126317036	[19, 241, 217, 261, 1086, 1112]	59709
27	0.35303789997413837	0.5109498160697845	2.1976818767155635	2.8070241504084494	[3621, 1720, 132, 1108, 1086, 1112]	59137
28	0.3630218829992288	0.5265994219555514	2.1976818767155635	3.5253359932117423	[1849, 420, 158, 1115, 1086, 1112]	61021
29	0.37285179221220366	0.5392234373700701	2.1976818767155635	4.2201020897876464	[4232, 5753, 1546, 234, 1086, 1112]	58791
30	0.38253000529534864	0.5494629165396241	2.1976818767155635	3.484094806967457	[2004, 19, 132, 1094, 1086, 1112]	58583
31	0.3920588632383216	0.561477238765234	2.1976818767155635	2.7266252539510933	[331, 241, 132, 1108, 1086, 1096]	58329
32	0.40144067090439683	0.5783165127966491	2.1976818767155635	3.988420050280083	[841, 1268, 1010, 1105, 1086, 1112]	58792
33	0.4106776975879709	0.5861254662633778	2.1976818767155635	3.4051240256480337	[19, 132, 387, 344, 1086, 1112]	59113
34	0.4197721775634652	0.5953226781241916	2.1976818767155635	3.260479038210432	[1715, 132, 1713, 174, 1086, 1112]	59554
35	0.4287263106257574	0.6043155074992097	2.1976818767155635	3.9614854619594526	[2307, 1468, 1546, 234, 1086, 1112]	59355
36	0.43754226262227347	0.616977411259235	2.1976818767155635	3.7572808301688063	[1917, 10, 158, 1115, 1086, 1112]	59389
37	0.44622216597686803	0.6254890243423631	2.1976818767155635	3.6483982096103746	[1726, 132, 387, 344, 1086, 1112]	58980
38	0.4547681202056201	0.6354759836932333	2.1976818767155635	3.1589477053178707	[10, 734, 19, 334, 1086, 1112]	58950
39	0.46318219242466907	0.6471407522150499	2.1976818767155635	3.3383536017876443	[2872, 241, 132, 1094, 1086, 1096]	58709
40	0.47146641785021426	0.6565503321559819	2.1976818767155635	3.236190705972595	[734, 19, 132, 1094, 1086, 1112]	58959
41	0.4796228002907974	0.6657089899651557	2.1976818767155635	3.5779691026203686	[157, 320, 836, 1089, 1086, 1112]	59613
42	0.48765331263198874	0.6731376790770411	2.1976818767155635	3.0373270629232803	[846, 734, 1203, 174, 1086, 1112]	59511
43	0.49555989731359384	0.6791906850200589	2.1976818767155635	3.5065031788170664	[811, 734, 19, 334, 1086, 1112]	59728
44	0.5033444667994951	0.686319780908502	2.1976818767155635	3.17671023989031	[2072, 241, 132, 1108, 1086, 1112]	56717
45	0.5110089040402437	0.6946845867509419	2.1976818767155635	2.6743890052643993	[2004, 19, 132, 1108, 1086, 1112]	57389
46	0.5185550629285114	0.7044546799749118	2.1976818767155635	3.770768306464354	[318, 158, 1713, 174, 1086, 1112]	56961
47	0.5259847687475159	0.7099277414568579	2.1976818767155635	3.5432222043472263	[87, 1265, 255, 174, 1086, 1112]	57368
48	0.5332998186125233	0.7195968167416293	2.1976818767155635	3.4225800030903457	[4196, 1663, 1546, 234, 1086, 1112]	57183
49	0.5405019819055399	0.7330561695380311	2.1976818767155635	3.069833347705165	[2607, 1587, 132, 1108, 1086, 1112]	58743
50	0.5475930007032939	0.7389882546594082	2.1976818767155635	3.9614854619594526	[2307, 1468, 1546, 234, 1086, 1096]	58975
51	0.5545745901986134	0.7438218054990489	2.1976818767155635	3.459532293516329	[2764, 258, 132, 1108, 1086, 1112]	57282
52	0.5614484391153014	0.7520195077230792	2.1976818767155635	3.204410474350957	[5032, 23, 5272, 174, 1086, 1112]	58986
53	0.5682162101166085	0.761541958626513	2.1976818767155635	3.58966803006855	[2872, 241, 1729, 1094, 1086, 1112]	59677
54	0.5748795402074016	0.7691726159504646	2.1976818767155635	3.6617107163654943	[2267, 261, 132, 1108, 1086, 1112]	62176
55	0.5814400411301268	0.7765590922400497	2.1976818767155635	3.8229149778872156	[1819, 241, 217, 261, 1086, 1112]	55981
56	0.5878992997546619	0.7837092012883682	2.1976818767155635	2.932900051767541	[4015, 241, 132, 1108, 1086, 1112]	57298
57	0.5942588784621516	0.7906305068471404	2.1976818767155635	3.5644935086479057	[1414, 3251, 3248, 334, 1086, 1112]	58180
58	0.6005203155229208	0.7986702953842102	2.1976818767155635	3.993920281751505	[1723, 241, 1729, 1094, 1086, 1112]	58039
59	0.6066851254685548	0.8051128459319155	2.1976818767155635	3.204410474350957	[5032, 23, 5272, 174, 1086, 1112]	57377
60	0.6127547994582376	0.8087218673035467	2.1976818767155635	3.0836053386938795	[241, 132, 19, 334, 1086, 1112]	58690
61	0.6187308056394376	0.8129724924745789	2.1976818767155635	3.464547836593158	[1726, 132, 217, 261, 1086, 1112]	58523
62	0.6246145895030265	0.8189573727153925	2.1976818767155635	2.932900051767541	[4015, 241, 132, 1108, 1086, 1112]	58117
63	0.630407574232918	0.8229805422106059	2.1976818767155635	3.0373270629232803	[3284, 734, 1203, 174, 1086, 1112]	59063
64	0.6361111610503113	0.8277010610849898	2.1976818767155635	3.1589477053178707	[10, 734, 19, 334, 1086, 1096]	61002
65	0.6417267295526212	0.8332146271302701	2.1976818767155635	3.841121164223872	[1791, 420, 158, 1089, 1086, 1112]	61455
66	0.6472556380471796	0.8376622370734629	2.1976818767155635	2.790120672112291	[241, 217, 132, 1108, 1086, 1112]	59875
67	0.6526992238797849	0.8406684919424728	2.1976818767155635	3.6445912614277525	[1849, 420, 1822, 1094, 1086, 1112]	62337
68	0.6580588037581832	0.8457671002003136	2.1976818767155635	2.6743890052643993	[2004, 19, 132, 1108, 1086, 1112]	60884
69	0.6633356740705569	0.8498799775283052	2.1976818767155635	2.6296491148067798	[241, 1031, 132, 1108, 1086, 1112]	58315
70	0.6685311111990977	0.8538831781275504	2.1976818767155635	3.4607062329820666	[420, 158, 1713, 174, 1086, 1112]	57066
71	0.6736463718287411	0.8585589164274688	2.1976818767155635	3.8229149778872156	[1819, 241, 217, 261, 1086, 1096]	59106
72	0.6786826932511372	0.8611781957528861	2.1976818767155635	3.3286916908759068	[19, 241, 132, 1094, 1086, 1112]	58636
73	0.6836412936639282	0.8637489699056105	2.1976818767155635	2.702639471550251	[77, 19, 132, 1108, 1086, 1112]	59061
74	0.6885233724654107	0.8673823307081275	2.1976818767155635	2.961062504761295	[241, 1587, 132, 1108, 1086, 1112]	57052
75	0.6933301105446482	0.8703293900257247	2.1976818767155635	3.213233408312252	[241, 132, 217, 261, 1086, 1112]	61581
76	0.6980626705671074	0.8744788495449015	2.1976818767155635	2.5286478000845856	[2872, 241, 132, 1108, 1086, 1112]	62419
77	0.7027221972558866	0.8784955263594646	2.1976818767155635	2.5286478000845856	[2872, 241, 132, 1108, 1086, 1112]	62243
78	0.7073098176686043	0.8811956257736988	2.1976818767155635	2.5872420769840634	[811, 3459, 1203, 174, 1086, 1112]	62840
79	0.7118266414700147	0.8849973657489404	2.1976818767155635	3.7008473606648478	[10, 157, 1713, 174, 1086, 1112]	62011
80	0.7162737612004157	0.888064102662302	2.1976818767155635	2.1976818767155635	[10, 734, 1203, 174, 1086, 1112]	62289
81	0.7206522525399155	0.8901369896500371	2.1976818767155635	3.213233408312252	[241, 132, 217, 261, 1086, 1112]	63471
82	0.7249631745686205	0.8921714898417031	2.1976818767155635	3.397083781329468	[241, 132, 387, 344, 1086, 1112]	63886
83	0.7292075700228084	0.8956220021667686	2.1976818767155635	4.209174341914961	[1550, 420, 1582, 1087, 1086, 1112]	61048
84	0.7333864655471478	0.898962098097432	2.1976818767155635	3.585810503855643	[2040, 438, 2627, 261, 1086, 1112]	64171
85	0.7375008719430252	0.9021953109583142	2.1976818767155635	3.0466300264731196	[4118, 23, 5272, 174, 1086, 1112]	61604
86	0.7415517844130401	0.9043687484925739	2.1976818767155635	2.8070241504084494	[3621, 1720, 132, 1108, 1086, 1112]	60830
87	0.7455401828017278	0.9069189151994386	2.1976818767155635	2.518985889172849	[19, 241, 132, 1108, 1086, 1112]	62810
88	0.7494670318325654	0.9089873837505622	2.1976818767155635	3.5995927639097713	[300, 301, 2627, 261, 1086, 1096]	60872
89	0.753333281341322	0.9106728025699962	2.1976818767155635	2.7266252539510933	[331, 241, 132, 1108, 1086, 1112]	60129
90	0.7571398665058078	0.9123270099298111	2.1976818767155635	3.1140102213751986	[241, 1729, 132, 1108, 1086, 1112]	63501
91	0.7608877080720762	0.9146649563316828	2.1976818767155635	3.0091646099295257	[241, 132, 1713, 174, 1086, 1112]	58252
92	0.7645777125771367	0.9165612906354231	2.1976818767155635	3.8670757774883784	[1791, 420, 1546, 234, 1086, 1112]	59563
93	0.7682107725682302	0.9192313293350897	2.1976818767155635	3.6721450672688247	[1792, 496, 217, 261, 1086, 1112]	61891
94	0.7717877668187205	0.9207270454585139	2.1976818767155635	3.56678126317036	[19, 241, 217, 261, 1086, 1112]	62016
95	0.7753095605406538	0.922195063135208	2.1976818767155635	3.528922042863038	[1892, 3459, 1203, 174, 1086, 1112]	61745
96	0.7787770055940388	0.9239240617322034	2.1976818767155635	3.409802677289374	[1791, 420, 158, 1115, 1086, 1112]	62604
97	0.7821909406928962	0.9253328754038294	2.1976818767155635	3.0172048542480914	[19, 132, 1713, 174, 1086, 1112]	61826
98	0.7855521916081293	0.9269921448392998	2.1976818767155635	3.464547836593158	[1726, 132, 217, 261, 1086, 1112]	60088
99	0.7888615713672631	0.9289390209769184	2.1976818767155635	3.4686455498577784	[732, 734, 1203, 174, 1086, 1112]	58900
100	0.7921198804511016	0.931212972305657	2.1976818767155635	3.671150278463103	[2490, 390, 3248, 334, 1086, 1096]	58209
101	0.79532790698735	0.933414157191876	2.1976818767155635	3.5644935086479057	[1414, 3251, 3248, 334, 1086, 1112]	61065
102	0.7984864269412489	0.9348938425876121	2.1976818767155635	3.6721450672688247	[1792, 496, 217, 261, 1086, 1112]	58105
103	0.8015962043032667	0.9366300067852757	2.1976818767155635	2.518985889172849	[19, 241, 132, 1108, 1086, 1096]	58933
104	0.8046579912738953	0.9380382288567142	2.1976818767155635	2.793516874800511	[1259, 734, 1203, 174, 1086, 1112]	63996
105	0.8076725284455943	0.9405166997024456	2.1976818767155635	2.8070241504084494	[3621, 1720, 132, 1108, 1086, 1112]	60510
106	0.8106405449819278	0.9416182423005484	2.1976818767155635	3.1589477053178707	[10, 734, 19, 334, 1086, 1112]	58927
107	0.8135627587939351	0.9426993859616494	2.1976818767155635	3.0172048542480914	[19, 132, 1713, 174, 1086, 1112]	57989
108	0.8164398767137817	0.9445330056108766	2.1976818767155635	3.879539149408224	[223, 23, 5272, 174, 1086, 1112]	60942
109	0.8192725946657295	0.9460121254612532	2.1976818767155635	2.790120672112291	[241, 217, 132, 1108, 1086, 1112]	58438
110	0.8220615978344683	0.9472118560065587	2.1976818767155635	3.6721450672688247	[1792, 496, 217, 261, 1086, 1112]	62223
111	0.8248075608308499	0.9486195398463838	2.1976818767155635	3.236190705972595	[734, 19, 132, 1094, 1086, 1096]	59593
112	0.8275111478550652	0.9499896854504802	2.1976818767155635	3.4347039664096126	[421, 438, 2627, 261, 1086, 1112]	57933
113	0.8301730128573019	0.9513232938384674	2.1976818767155635	2.8070241504084494	[3621, 1720, 132, 1108, 1086, 1096]	59526
114	0.8327937996959238	0.9526213393361083	2.1976818767155635	3.6060011103515626	[2040, 1451, 1713, 174, 1086, 1112]	60542
115	0.8353741422932088	0.9536741984619725	2.1976818767155635	3.464547836593158	[1726, 132, 217, 261, 1086, 1112]	62014
116	0.837914664788684	0.9547036607183732	2.1976818767155635	3.409802677289374	[1791, 420, 158, 1115, 1086, 1112]	63164
117	0.8404159816900932	0.9555424818161811	2.1976818767155635	3.775462889659569	[420, 158, 1546, 234, 1086, 1112]	62157
118	0.8428786980220363	0.9563657691899555	2.1976818767155635	3.0836053386938795	[241, 132, 19, 334, 1086, 1112]	59720
119	0.8453034094723135	0.9577620645758769	2.1976818767155635	3.597226074150603	[846, 10, 158, 1115, 1086, 1112]	58499
120	0.8476907025360123	0.9591136785094488	2.1976818767155635	3.657269442927971	[2627, 438, 132, 1108, 1086, 1112]	57684
121	0.8500411546573702	0.9598708326111257	2.1976818767155635	3.4686455498577784	[732, 734, 1203, 174, 1086, 1112]	60739
122	0.8523553343694478	0.960762591886434	2.1976818767155635	3.334919766974785	[1715, 132, 19, 334, 1086, 1096]	59698
123	0.8546338014316477	0.9614892105552038	2.1976818767155635	4.060426060674069	[734, 10, 494, 636, 1086, 1096]	60930
124	0.8568771069651099	0.9625161649403984	2.1976818767155635	3.2554358471025484	[1580, 438, 2627, 261, 1086, 1112]	63827
125	0.8590857935860187	0.9633491390528339	2.1976818767155635	3.7271075836125993	[1794, 1879, 836, 1089, 1086, 1112]	60536
126	0.8612603955368516	0.9640278587000037	2.1976818767155635	2.2790614829839417	[19, 734, 1203, 174, 1086, 1112]	61163
127	0.8634014388156039	0.9649871158013369	2.1976818767155635	3.5504141572377215	[10, 158, 1713, 174, 1086, 1112]	61881
128	0.8655094413030175	0.9656355025457566	2.1976818767155635	3.397083781329468	[241, 132, 387, 344, 1086, 1112]	61281
129	0.8675849128878474	0.9667351664642924	2.1976818767155635	3.184750484208875	[2005, 19, 132, 1108, 1086, 1096]	61127
130	0.8696283555901955	0.9676222286919113	2.1976818767155635	3.0373270629232803	[3284, 734, 1203, 174, 1086, 1096]	64296
131	0.8716402636829393	0.9686583173737701	2.1976818767155635	3.184750484208875	[455, 19, 132, 1108, 1086, 1112]	59668
132	0.8736211238112891	0.9701627181398291	2.1976818767155635	3.204410474350957	[5032, 23, 5272, 174, 1086, 1096]	59543
133	0.8755714151104975	0.9707152603964989	2.1976818767155635	3.649049134808248	[331, 241, 19, 334, 1086, 1112]	59506
134	0.8774916093217553	0.9714961867859256	2.1976818767155635	3.7008473606648478	[10, 157, 1713, 174, 1086, 1112]	61097
135	0.8793821709062961	0.9720240351787789	2.1976818767155635	4.0301159888233675	[1580, 438, 240, 234, 1086, 1112]	62122
136	0.8812435571577422	0.9725421086013941	2.1976818767155635	2.545237350214759	[811, 734, 1203, 174, 1086, 1112]	60925
137	0.8830762183127152	0.9732743190386902	2.1976818767155635	3.5492810816234277	[158, 420, 1822, 1094, 1086, 1112]	61053
138	0.8848805976597413	0.9738682230600527	2.1976818767155635	3.184750484208875	[2006, 19, 132, 1108, 1086, 1112]	62181
139	0.8866571316464736	0.974565070445118	2.1976818767155635	3.32346175437313	[2040, 545, 132, 1108, 1086, 1112]	59195
140	0.8884062499852626	0.9752433352332481	2.1976818767155635	3.4607062329820666	[420, 158, 1713, 174, 1086, 1112]	57664
141	0.890128375757095	0.9759035129603615	2.1976818767155635	3.428024668171216	[1647, 1697, 132, 1108, 1086, 1112]	61529
142	0.89182392551393	0.9764389904501313	2.1976818767155635	3.588079346299387	[1580, 301, 2729, 438, 131, 794]	61595
143	0.8934933093794557	0.9770672840381277	2.1976818767155635	3.3286916908759068	[19, 241, 132, 1094, 1086, 1112]	57876
144	0.8951369311482913	0.9776788231304443	2.1976818767155635	3.490617761732537	[241, 1729, 1822, 1094, 1086, 1112]	57981
145	0.8967551883836571	0.9782740545136325	2.1976818767155635	3.5779691026203686	[160, 320, 836, 1089, 1086, 1112]	59478
146	0.898348472513539	0.9786763868374542	2.1976818767155635	2.518985889172849	[19, 241, 132, 1108, 1086, 1112]	58639
147	0.8999171689253671	0.9792450165217886	2.1976818767155635	3.4686455498577784	[1265, 734, 1203, 174, 1086, 1112]	61553
148	0.9014616570592349	0.97970623837686	2.1976818767155635	3.4225800030903457	[4196, 1663, 1546, 234, 1086, 1112]	58803
149	0.9029823104996788	0.9800820487772886	2.1976818767155635	3.2554358471025484	[1580, 438, 2627, 261, 1086, 1112]	60690
150	0.9044794970660417	0.9805246699155711	2.1976818767155635	3.544621900098326	[2309, 420, 158, 1115, 1086, 1112]	60954
151	0.9059535789014423	0.9811478804782727	2.1976818767155635	3.5644935086479057	[1414, 3251, 3248, 334, 1086, 1112]	64077
152	0.9074049125603707	0.9816506036655188	2.1976818767155635	4.237730469874274	[1647, 1697, 132, 1094, 1086, 1112]	62209
153	0.9088338490949328	0.9819337733620386	2.1976818767155635	2.4869670305153444	[2627, 438, 3366, 793, 4290, 794]	61841
154	0.9102407341397641	0.9823352450651044	2.1976818767155635	2.635176752802436	[421, 438, 3366, 793, 4290, 794]	63382
155	0.9116259079956319	0.9827277951747687	2.1976818767155635	3.260479038210432	[1726, 132, 1713, 174, 1086, 1112]	62906
156	0.9129897057117488	0.9832805057291761	2.1976818767155635	3.8186126393093716	[1791, 420, 1582, 1087, 1086, 1112]	59416
157	0.9143324571668143	0.9835901259934506	2.1976818767155635	3.363125263892072	[432, 422, 19, 334, 1086, 1112]	56254
158	0.9156544871488079	0.9841152419616602	2.1976818767155635	3.0466300264731196	[4118, 23, 5272, 174, 1086, 1112]	57538
159	0.9169561154335486	0.9844682365847345	2.1976818767155635	3.967115338612812	[1265, 159, 1713, 174, 1086, 1096]	58189
160	0.9182376568620432	0.9848133868828515	2.1976818767155635	2.8070241504084494	[3621, 1720, 132, 1108, 1086, 1112]	63244
161	0.9194994214166413	0.9851508671743436	2.1976818767155635	3.17671023989031	[2072, 241, 132, 1108, 1086, 1112]	60447
162	0.9207417142960141	0.9854258511155595	2.1976818767155635	3.4607062329820666	[420, 158, 1713, 174, 1086, 1112]	60911
163	0.9219648359889768	0.9857497210907693	2.1976818767155635	3.5253359932117423	[1849, 420, 158, 1115, 1086, 1096]	65565
164	0.9231690823471717	0.9862057300158646	2.1976818767155635	3.676309580563558	[2267, 438, 2627, 261, 1086, 1112]	60560
165	0.9243547446566289	0.986647146655357	2.1976818767155635	3.32346175437313	[2040, 545, 132, 1108, 1086, 1096]	61838
166	0.9255221097082241	0.9869438767296824	2.1976818767155635	3.069833347705165	[2607, 1587, 132, 1108, 1086, 1112]	61419
167	0.9266714598670478	0.9871856567902438	2.1976818767155635	3.1589477053178707	[10, 734, 19, 334, 1086, 1112]	61629
168	0.9278030731407044	0.9874229594422764	2.1976818767155635	2.5872420769840634	[811, 3459, 1203, 174, 1086, 1112]	62231
169	0.9289172232465578	0.987905917799693	2.1976818767155635	3.428024668171216	[1647, 1697, 132, 1108, 1086, 1096]	60818
170	0.9300141796779381	0.9882284266583679	2.1976818767155635	2.723312616127263	[107, 734, 1203, 174, 1086, 1112]	58792
171	0.9310942077693279	0.9886804550746865	2.1976818767155635	3.58966803006855	[2872, 241, 1729, 1094, 1086, 1096]	57111
172	0.932157568760542	0.9891151255998185	2.1976818767155635	4.388393973619733	[87, 1265, 159, 1023, 1086, 1096]	58664
173	0.9332045198599164	0.9894634415806244	2.1976818767155635	3.4669248454207757	[3819, 438, 2627, 261, 1086, 1112]	58330
174	0.9342353143065225	0.9898006114500444	2.1976818767155635	3.6721450672688247	[1792, 496, 217, 261, 1086, 1096]	58959
175	0.9352502014314219	0.9899894890157843	2.1976818767155635	3.0836053386938795	[241, 132, 19, 334, 1086, 1112]	58165
176	0.936249426717974	0.9902564359753634	2.1976818767155635	2.2790614829839417	[19, 734, 1203, 174, 1086, 1112]	59583
177	0.9372332318612151	0.9904368723461899	2.1976818767155635	3.5005121038821185	[734, 10, 158, 1115, 1086, 1112]	62053
178	0.9382018548263199	0.9906918890836249	2.1976818767155635	3.2554358471025484	[1580, 438, 2627, 261, 1086, 1112]	61360
179	0.9391555299061606	0.9908987359928777	2.1976818767155635	2.8070241504084494	[3621, 1720, 132, 1108, 1086, 1112]	61889
180	0.9400944877779791	0.9911009863041471	2.1976818767155635	3.316188644224363	[2627, 261, 132, 1108, 1086, 1096]	61525
181	0.9410189555591831	0.9913857547424144	2.1976818767155635	2.5286478000845856	[2872, 241, 132, 1108, 1086, 1112]	63444
182	0.9419291568622822	0.99154527780274	2.1976818767155635	3.6842932849867926	[19, 387, 344, 174, 1086, 1112]	61519
183	0.9428253118489753	0.9917018467323189	2.1976818767155635	3.5005121038821185	[734, 10, 158, 1115, 1086, 1112]	59790
184	0.9437076372834047	0.991923130819457	2.1976818767155635	2.8070241504084494	[3621, 1720, 132, 1108, 1086, 1112]	62393
185	0.9445763465845868	0.9921385139976049	2.1976818767155635	3.866616265254481	[1781, 1402, 1078, 334, 1086, 1112]	61701
186	0.9454316498780345	0.9922840970717233	2.1976818767155635	3.9397218173230932	[1549, 107, 1546, 234, 1086, 1112]	62838
187	0.9462737540465833	0.9924555615812406	2.1976818767155635	3.773546740312346	[3889, 1094, 132, 1108, 1086, 1112]	62302
188	0.9471028627804323	0.9926232157683241	2.1976818767155635	3.8292251796573344	[3065, 1460, 19, 334, 1086, 1112]	62618
189	0.9479191766264133	0.9927871443068058	2.1976818767155635	3.334919766974785	[1715, 132, 19, 334, 1086, 1112]	63429
190	0.9487228930364995	0.993017955688988	2.1976818767155635	3.4455895737600724	[190, 196, 1078, 334, 1086, 1096]	61065
191	0.9495142064155659	0.9931472528058586	2.1976818767155635	2.545237350214759	[811, 734, 1203, 174, 1086, 1112]	60817
192	0.9502933081684121	0.9932741555316761	2.1976818767155635	2.5872420769840634	[811, 3459, 1203, 174, 1086, 1112]	60269
193	0.9510603867460601	0.9934893825546625	2.1976818767155635	3.0466300264731196	[4118, 23, 5272, 174, 1086, 1096]	57527
194	0.9518156276913369	0.9936977223129132	2.1976818767155635	3.409802677289374	[1791, 420, 158, 1115, 1086, 1112]	61159
195	0.9525592136837545	0.9938993951989	2.1976818767155635	3.7379752745274795	[1718, 132, 1713, 174, 1086, 1096]	60550
196	0.9532913245836966	0.994062077993596	2.1976818767155635	3.7351968406794853	[1758, 2919, 1203, 174, 1086, 1112]	60583
197	0.9540121374759235	0.9942900941986419	2.1976818767155635	3.58966803006855	[2872, 241, 1729, 1094, 1086, 1112]	61256
198	0.9547218267124061	0.9943958331949634	2.1976818767155635	2.5872420769840634	[811, 3459, 1203, 174, 1086, 1112]	67024
199	0.9554205639544987	0.9944996140617233	2.1976818767155635	2.5872420769840634	[811, 3459, 1203, 174, 1086, 1096]	62380
200	0.9561085182144601	0.9946014730605802	2.1976818767155635	2.1976818767155635	[10, 734, 1203, 174, 1086, 1112]	59769
201	0.9567858558963357	0.9947014457816806	2.1976818767155635	3.6842932849867926	[19, 387, 344, 174, 1086, 1112]	58906
202	0.9574527408362071	0.9948780642556246	2.1976818767155635	3.4225800030903457	[4196, 1663, 1546, 234, 1086, 1112]	62192
203	0.9581093343418212	0.9949729149175575	2.1976818767155635	3.865170813915224	[10, 158, 1546, 234, 1086, 1112]	58256
204	0.9587557952316079	0.9950660090857508	2.1976818767155635	3.7669971618612905	[1879, 496, 217, 261, 1086, 1112]	57630
205	0.9593922798730954	0.9951975821767975	2.1976818767155635	3.3692329725658183	[1580, 301, 2627, 261, 1086, 1112]	58420
206	0.9600189422207328	0.9953256466520829	2.1976818767155635	3.3692329725658183	[1580, 301, 2627, 261, 1086, 1112]	61384
207	0.960635933853129	0.995450296074694	2.1976818767155635	3.5297365521895774	[1546, 677, 132, 1108, 1086, 1112]	61038
208	0.9612434040097164	0.9955958866003038	2.1976818767155635	3.6060011103515626	[3179, 843, 3094, 174, 1086, 1112]	63856
209	0.9618414996268504	0.9957133296242957	2.1976818767155635	3.5644935086479057	[1414, 3251, 3248, 334, 1086, 1112]	60332
210	0.9624303653733497	0.995792712409031	2.1976818767155635	3.316188644224363	[2627, 261, 132, 1108, 1086, 1112]	62064
211	0.9630101436854893	0.995927345611942	2.1976818767155635	3.316188644224363	[2627, 261, 132, 1108, 1086, 1112]	62268
212	0.963580974801454	0.9960027651376467	2.1976818767155635	3.1589477053178707	[10, 734, 19, 334, 1086, 1112]	61852
213	0.9641429967952587	0.9960915925790323	2.1976818767155635	2.5872420769840634	[811, 3459, 1203, 174, 1086, 1112]	65195
214	0.9646963456101467	0.9962166616165034	2.1976818767155635	3.544621900098326	[2309, 420, 158, 1115, 1086, 1112]	63966
215	0.9652411550914716	0.9963175506400632	2.1976818767155635	2.1976818767155635	[10, 734, 1203, 174, 1086, 1112]	60265
216	0.9657775570190723	0.9963857441467288	2.1976818767155635	2.545237350214759	[811, 734, 1203, 174, 1086, 1112]	65996
217	0.9663056811391484	0.996482124302816	2.1976818767155635	3.5779691026203686	[160, 320, 836, 1089, 1086, 1112]	62198
218	0.966825655195643	0.9966172107295879	2.1976818767155635	3.9230452781866054	[420, 2307, 1468, 1089, 1086, 1112]	61505
219	0.9673376049611423	0.9967074184434656	2.1976818767155635	3.6917975251449304	[1529, 156, 1713, 174, 1086, 1112]	63684
220	0.9678416542672975	0.9968127810532746	2.1976818767155635	3.316188644224363	[2627, 261, 132, 1108, 1086, 1096]	62562
221	0.9683379250347776	0.9968718036263622	2.1976818767155635	3.8498112984743313	[269, 132, 1713, 174, 1086, 1112]	58476
222	0.9688265373027594	0.9969552221963258	2.1976818767155635	3.409802677289374	[1791, 420, 158, 1115, 1086, 1112]	58058
223	0.9693076092579637	0.9970116069704679	2.1976818767155635	3.0836053386938795	[241, 132, 19, 334, 1086, 1112]	62719
224	0.969781257263242	0.9970669475821259	2.1976818767155635	2.1976818767155635	[10, 734, 1203, 174, 1086, 1112]	60234
225	0.9702475958857228	0.9971321265247454	2.1976818767155635	2.426484904269537	[734, 19, 132, 1108, 1086, 1112]	64134
226	0.9707067379245234	0.9971852352928057	2.1976818767155635	3.428024668171216	[321, 1398, 132, 1108, 1086, 1112]	62446
227	0.9711587944380339	0.9972933222575618	2.1976818767155635	4.181661906014799	[19, 1126, 132, 1094, 1086, 1112]	60445
228	0.9716038747707803	0.9973534706518383	2.1976818767155635	3.451071680941741	[2872, 241, 19, 334, 1086, 1096]	64033
229	0.9720420865798731	0.997402480454582	2.1976818767155635	2.2790614829839417	[19, 734, 1203, 174, 1086, 1112]	61166
230	0.9724735358610479	0.9975022252051261	2.1976818767155635	3.428024668171216	[1647, 1697, 132, 1108, 1086, 1112]	63502
231	0.9728983269743033	0.997582153998562	2.1976818767155635	2.793516874800511	[1259, 734, 1203, 174, 1086, 1112]	63256
232	0.9733165626691443	0.9976358839097051	2.1976818767155635	3.6483982096103746	[1726, 132, 387, 344, 1086, 1112]	58900
233	0.9737283441094353	0.9976796638373031	2.1976818767155635	2.7266252539510933	[331, 241, 132, 1108, 1086, 1112]	58546
234	0.97413377089787	0.9977226330255012	2.1976818767155635	3.4607062329820666	[420, 158, 1713, 174, 1086, 1112]	55924
235	0.9745329411000634	0.9977732411804902	2.1976818767155635	2.545237350214759	[811, 734, 1203, 174, 1086, 1112]	61330
236	0.9749259512682722	0.9978444974627144	2.1976818767155635	4.016137201176496	[1265, 193, 1872, 1115, 1086, 1112]	64531
237	0.9753128964647495	0.9979134735439076	2.1976818767155635	3.334919766974785	[1715, 132, 19, 334, 1086, 1112]	57572
238	0.975693870284738	0.9979521129227241	2.1976818767155635	3.5492810816234277	[158, 420, 1822, 1094, 1086, 1112]	74156
239	0.9760689648791093	0.9979900367574884	2.1976818767155635	4.000940622867456	[1529, 2229, 494, 636, 1086, 1112]	60639
240	0.9764382709766539	0.9980272582990164	2.1976818767155635	3.736204611367037	[77, 19, 1987, 334, 1086, 1112]	61743
241	0.9768018779060265	0.9981030115803342	2.1976818767155635	3.9230452781866054	[420, 2307, 1468, 1089, 1086, 1112]	56842
242	0.9771598736173532	0.9981381409955132	2.1976818767155635	2.426484904269537	[734, 19, 132, 1108, 1086, 1096]	60890
243	0.9775123447035052	0.9981977204836567	2.1976818767155635	3.6060011103515626	[1872, 843, 3094, 174, 1086, 1096]	63122
244	0.9778593764210437	0.9982457812707592	2.1976818767155635	3.1453360601852016	[1530, 158, 1557, 734, 19, 794]	61673
245	0.9782010527108425	0.9982847639091869	2.1976818767155635	3.260479038210432	[1726, 132, 1713, 174, 1086, 1112]	62654
246	0.9785374562183912	0.9983396514640929	2.1976818767155635	3.5779691026203686	[257, 320, 836, 1089, 1086, 1112]	61337
247	0.9788686683137864	0.9983839274250504	2.1976818767155635	3.459532293516329	[2764, 258, 132, 1108, 1086, 1112]	59201
248	0.9791947691114131	0.9984270226937157	2.1976818767155635	2.6296491148067798	[241, 1031, 132, 1108, 1086, 1096]	61294
249	0.9795158374893234	0.9984773579675168	2.1976818767155635	3.3383536017876443	[2872, 241, 132, 1094, 1086, 1112]	63055
250	0.9798319511083153	0.9985055550421924	2.1976818767155635	3.0091646099295257	[241, 132, 1713, 174, 1086, 1112]	61461
251	0.9801431864307178	0.9985387649301437	2.1976818767155635	3.462983623397844	[1742, 400, 19, 334, 1086, 1112]	61059
252	0.9804496187388858	0.9985855244523791	2.1976818767155635	3.4669248454207757	[3819, 438, 2627, 261, 1086, 1112]	61838
253	0.9807513221534092	0.9986232438003156	2.1976818767155635	2.9611430034036257	[781, 19, 132, 1108, 1086, 1112]	59101
254	0.9810483696510417	0.998648739285495	2.1976818767155635	3.5492810816234277	[158, 420, 1822, 1094, 1086, 1112]	60563
255	0.9813408330823528	0.9986919796283592	2.1976818767155635	2.6743890052643993	[2004, 19, 132, 1108, 1086, 1096]	65665
256	0.9816287831891066	0.998716202227834	2.1976818767155635	2.2790614829839417	[19, 734, 1203, 174, 1086, 1112]	64942
257	0.9819122896213734	0.9987655000622851	2.1976818767155635	3.204410474350957	[5032, 23, 5272, 174, 1086, 1112]	62332
258	0.982191420954377	0.998805004060292	2.1976818767155635	3.7254107014033675	[1873, 10, 158, 1115, 1086, 1112]	63831
259	0.982466244705081	0.9988271336147311	2.1976818767155635	2.702639471550251	[77, 19, 132, 1108, 1086, 1096]	66237
260	0.9827368273485212	0.9988531973121815	2.1976818767155635	2.461237338617816	[669, 673, 670, 132, 19, 794]	65197
261	0.9830032343338835	0.9988786818163552	2.1976818767155635	3.3383536017876443	[2872, 241, 132, 1094, 1086, 1112]	64033
262	0.9832655301003359	0.9988994469679042	2.1976818767155635	3.7498600569240876	[382, 409, 19, 334, 1086, 1096]	60071
263	0.9835237780926147	0.9989287950487601	2.1976818767155635	3.5779691026203686	[157, 320, 836, 1089, 1086, 1112]	65336
264	0.9837780407763707	0.9989486321774868	2.1976818767155635	3.460050044086323	[734, 19, 1987, 334, 1086, 1112]	64406
265	0.9840283796532785	0.9989822759478072	2.1976818767155635	3.5995927639097713	[300, 301, 2627, 261, 1086, 1112]	61534
266	0.9842748552759131	0.9990011226895145	2.1976818767155635	3.917979333181071	[677, 1546, 234, 174, 1086, 1112]	64512
267	0.9845175272623958	0.9990233199630808	2.1976818767155635	3.5764431740820974	[2872, 241, 217, 261, 1086, 1112]	60263
268	0.9847564543108157	0.9990558759643114	2.1976818767155635	2.793516874800511	[1259, 734, 1203, 174, 1086, 1096]	62052
269	0.9849916942134266	0.9990733597427501	2.1976818767155635	3.2554358471025484	[1580, 438, 2627, 261, 1086, 1112]	57798
270	0.9852233038706267	0.9990905197475141	2.1976818767155635	3.4347039664096126	[421, 438, 2627, 261, 1086, 1112]	60559
271	0.9854513393047221	0.9991073619744119	2.1976818767155635	2.870736037412858	[3, 19, 132, 1108, 1086, 1112]	58426
272	0.9856758556734764	0.9991238923082191	2.1976818767155635	3.6663831967223626	[359, 158, 1713, 174, 1086, 1112]	57409
273	0.9858969072834536	0.9991519277543561	2.1976818767155635	3.6663831967223626	[359, 158, 1713, 174, 1086, 1112]	63040
274	0.9861145476031533	0.9991745430142399	2.1976818767155635	2.518985889172849	[19, 241, 132, 1108, 1086, 1096]	76373
275	0.9863288292759441	0.999189829254717	2.1976818767155635	3.4051240256480337	[19, 132, 387, 344, 1086, 1112]	64316
276	0.9865398041327968	0.9992114338079245	2.1976818767155635	2.2790614829839417	[19, 734, 1203, 174, 1086, 1096]	65528
277	0.9867475232048216	0.9992417147497002	2.1976818767155635	3.5069954494906392	[542, 269, 132, 1108, 1086, 1112]	60362
278	0.9869520367356114	0.9992659798777098	2.1976818767155635	3.204410474350957	[5032, 23, 5272, 174, 1086, 1096]	60565
279	0.9871533941933952	0.9992855537476375	2.1976818767155635	3.5253359932117423	[1849, 420, 158, 1115, 1086, 1112]	59773
280	0.9873516442830033	0.9992987842337924	2.1976818767155635	3.2554358471025484	[1580, 438, 2627, 261, 1086, 1112]	68927
281	0.9875468349576483	0.9993143668063748	2.1976818767155635	3.9113193810298625	[734, 19, 132, 3279, 1086, 1112]	54399
282	0.9877390134305241	0.9993326503582048	2.1976818767155635	2.790120672112291	[241, 217, 132, 1108, 1086, 1112]	59991
283	0.9879282261862259	0.9993450086849047	2.1976818767155635	2.790120672112291	[241, 217, 132, 1108, 1086, 1112]	61625
284	0.988114518991994	0.9993595640474624	2.1976818767155635	2.545237350214759	[811, 734, 1203, 174, 1086, 1112]	54261
285	0.9882979369087842	0.9993714239725093	2.1976818767155635	3.0373270629232803	[3284, 734, 1203, 174, 1086, 1112]	58438
286	0.9884785243021672	0.9993881859999091	2.1976818767155635	2.892248860804172	[241, 1209, 132, 1108, 1086, 1112]	58284
287	0.9886563248530597	0.9994017818665778	2.1976818767155635	4.041600675524487	[1879, 496, 3366, 150, 1086, 1112]	58308
288	0.9888313815682902	0.9994150756028761	2.1976818767155635	4.237730469874274	[321, 1398, 132, 1094, 1086, 1112]	53808
289	0.9890037367910018	0.999433793183584	2.1976818767155635	3.316188644224363	[2627, 261, 132, 1108, 1086, 1112]	64158
290	0.9891734322108937	0.9994526667441312	2.1976818767155635	3.069833347705165	[2607, 1587, 132, 1108, 1086, 1112]	57096
291	0.9893405088743059	0.999470181408319	2.1976818767155635	3.0466300264731196	[4118, 23, 5272, 174, 1086, 1096]	61437
292	0.9895050071941468	0.9994799928637206	2.1976818767155635	3.5432222043472263	[87, 1265, 255, 174, 1086, 1112]	64134
293	0.9896669669596693	0.9994896226255034	2.1976818767155635	3.462983623397844	[1742, 400, 19, 334, 1086, 1112]	62709
294	0.9898264273460942	0.9995032326888234	2.1976818767155635	3.3286916908759068	[19, 241, 132, 1094, 1086, 1112]	57000
295	0.9899834269240865	0.9995164798171214	2.1976818767155635	3.0836053386938795	[241, 132, 19, 334, 1086, 1112]	59792
296	0.9901380036690851	0.9995319524629735	2.1976818767155635	3.673264351591776	[21, 1417, 5272, 174, 1086, 1112]	61034
297	0.9902901949704882	0.9995469299841584	2.1976818767155635	2.2773308518160023	[193, 394, 432, 422, 19, 794]	59780
298	0.9904400376406967	0.9995614282246653	2.1976818767155635	3.585810503855643	[2040, 438, 2627, 261, 1086, 1112]	60548
299	0.9905875679240193	0.999575462521476	2.1976818767155635	2.5286478000845856	[2872, 241, 132, 1108, 1086, 1112]	65337
300	0.9907328215054387	0.9995848966876655	2.1976818767155635	3.597226074150603	[846, 10, 158, 1115, 1086, 1112]	65556
301	0.9908758335192437	0.9995941212057173	2.1976818767155635	3.528922042863038	[1892, 3459, 1203, 174, 1086, 1112]	58143
302	0.991016638557527	0.9996003847673575	2.1976818767155635	2.583888605117205	[1849, 420, 1582, 793, 4290, 794]	65263
303	0.9911552706785528	0.9996077850494435	2.1976818767155635	3.4686455498577784	[1265, 734, 1203, 174, 1086, 1112]	60416
304	0.9912917634149948	0.9996208588811287	2.1976818767155635	3.4225800030903457	[4196, 1663, 1546, 234, 1086, 1112]	61210
305	0.9914261497820474	0.9996329913969326	2.1976818767155635	3.17671023989031	[1548, 241, 132, 1108, 1086, 1112]	64215
306	0.9915584622854109	0.9996411471436674	2.1976818767155635	2.940940296086106	[1548, 19, 132, 1108, 1086, 1112]	62113
307	0.9916887329291545	0.9996491216515859	2.1976818767155635	3.459532293516329	[2764, 258, 132, 1108, 1086, 1112]	58965
308	0.9918169932234577	0.9996584784075436	2.1976818767155635	2.6296491148067798	[241, 1031, 132, 1108, 1086, 1112]	60467
309	0.9919432741922315	0.9996675856500091	2.1976818767155635	4.133167556076189	[3248, 1075, 1078, 334, 1086, 1112]	62591
310	0.992067606380623	0.9996737414713053	2.1976818767155635	2.426484904269537	[734, 19, 132, 1108, 1086, 1112]	63778
311	0.9921900198624035	0.9996824416987371	2.1976818767155635	3.0172048542480914	[19, 132, 1713, 174, 1086, 1112]	60977
312	0.992310544247243	0.9996883224080197	2.1976818767155635	3.0836053386938795	[241, 132, 19, 334, 1086, 1112]	53106
313	0.9924292086878719	0.9996940942152787	2.1976818767155635	2.545237350214759	[811, 734, 1203, 174, 1086, 1112]	61343
314	0.9925460418871331	0.9997022517028712	2.1976818767155635	3.184750484208875	[813, 19, 132, 1108, 1086, 1112]	58178
315	0.9926610721049243	0.9997117796483793	2.1976818767155635	3.544621900098326	[2309, 420, 158, 1115, 1086, 1112]	58327
316	0.9927743271650334	0.9997210026996312	2.1976818767155635	3.6060011103515626	[1872, 843, 3094, 174, 1086, 1112]	59691
317	0.9928858344618694	0.999728442627641	2.1976818767155635	2.1976818767155635	[10, 734, 1203, 174, 1086, 1112]	60443
318	0.9929956209670875	0.9997344772359157	2.1976818767155635	3.528922042863038	[1892, 3459, 1203, 174, 1086, 1112]	58082
319	0.9931037132361139	0.9997403777417843	2.1976818767155635	3.7428479496337594	[1792, 496, 132, 1108, 1086, 1112]	54402
320	0.9932101374145689	0.9997486856540472	2.1976818767155635	4.259954080650029	[2796, 1791, 420, 458, 1086, 1112]	58762
321	0.993314919244591	0.9997553873699392	2.1976818767155635	3.7351968406794853	[1758, 2919, 1203, 174, 1086, 1112]	58091
322	0.9934180840710634	0.9997647804949336	2.1976818767155635	3.6445912614277525	[1849, 420, 1822, 1094, 1086, 1112]	61649
323	0.9935196568477445	0.9997700075950461	2.1976818767155635	3.4225800030903457	[4196, 1663, 1546, 234, 1086, 1112]	61461
324	0.993619662143304	0.9997773673520046	2.1976818767155635	3.671150278463103	[2490, 390, 1078, 334, 1086, 1112]	61967
325	0.9937181241472653	0.9997844915967405	2.1976818767155635	3.671150278463103	[2490, 390, 1078, 334, 1086, 1112]	59949
326	0.993815066675857	0.9997913878656448	2.1976818767155635	3.585810503855643	[2040, 438, 2627, 261, 1086, 1112]	62451
327	0.9939105131777727	0.9997969508558943	2.1976818767155635	4.388393973619733	[1265, 87, 2261, 487, 1086, 1112]	63427
328	0.9940044867398441	0.9998014630590967	2.1976818767155635	2.940940296086106	[1548, 19, 132, 1108, 1086, 1112]	58778
329	0.9940970100926243	0.9998067573775207	2.1976818767155635	3.428024668171216	[1647, 1697, 132, 1108, 1086, 1112]	58663
330	0.9941881056158863	0.9998110516580203	2.1976818767155635	3.069833347705165	[2607, 1587, 132, 1108, 1086, 1112]	66531
331	0.9942777953440362	0.999816090280473	2.1976818767155635	3.213233408312252	[241, 132, 217, 261, 1086, 1112]	58479
332	0.9943661009714431	0.9998209945396604	2.1976818767155635	3.5253359932117423	[1849, 420, 158, 1115, 1086, 1112]	59930
333	0.9944530438576862	0.9998243094555926	2.1976818767155635	2.1976818767155635	[10, 734, 1203, 174, 1086, 1096]	63354
334	0.9945386450327219	0.9998275629841927	2.1976818767155635	3.221273652630817	[19, 132, 217, 261, 1086, 1112]	55265
335	0.99462292520197	0.9998307562622633	2.1976818767155635	3.7232750780577044	[734, 19, 387, 344, 1086, 1112]	65381
336	0.9947059047513224	0.999834517234213	2.1976818767155635	2.5286478000845856	[2872, 241, 132, 1108, 1086, 1112]	61319
337	0.9947876037520735	0.9998375817298757	2.1976818767155635	3.9565857026610924	[10, 438, 132, 1108, 1086, 1112]	61199
338	0.994868041965776	0.9998400881846616	2.1976818767155635	2.919300768597401	[320, 232, 10, 438, 774, 794]	56700
339	0.9949472388490203	0.9998430495145753	2.1976818767155635	3.6425874947946353	[119, 409, 19, 334, 1086, 1112]	60522
340	0.9950252135581403	0.9998459560050461	2.1976818767155635	2.1976818767155635	[10, 734, 1203, 174, 1086, 1112]	54796
341	0.995101984953848	0.9998508854128846	2.1976818767155635	3.4347039664096126	[421, 438, 2627, 261, 1086, 1112]	57944
342	0.9951775716057949	0.9998556570796723	2.1976818767155635	3.7876454839350577	[331, 241, 1729, 1094, 1086, 1112]	63944
343	0.9952519917970635	0.9998595062242144	2.1976818767155635	3.459532293516329	[2764, 258, 132, 1108, 1086, 1112]	56997
344	0.9953252635285903	0.999863252724902	2.1976818767155635	3.2554358471025484	[1580, 438, 2627, 261, 1086, 1112]	65418
345	0.9953974045235194	0.9998668993189046	2.1976818767155635	3.5779691026203686	[160, 320, 836, 1089, 1086, 1112]	63517
346	0.9954684322314897	0.9998704486704005	2.1976818767155635	3.4393549165098385	[241, 1031, 132, 1094, 1086, 1096]	62476
347	0.9955383638328557	0.9998745943129477	2.1976818767155635	3.4455895737600724	[190, 196, 1078, 334, 1086, 1112]	61357
348	0.9956072162428424	0.9998779384646024	2.1976818767155635	3.6617107163654943	[457, 545, 132, 1108, 1086, 1112]	60925
349	0.9956750061156381	0.9998818444337351	2.1976818767155635	3.671150278463103	[2490, 390, 3248, 334, 1086, 1112]	58032
350	0.9957417498484215	0.9998849952488356	2.1976818767155635	3.0466300264731196	[4118, 23, 5272, 174, 1086, 1112]	59137
351	0.9958074635853286	0.9998880620421999	2.1976818767155635	3.5504141572377215	[10, 158, 1713, 174, 1086, 1112]	58577
352	0.9958721632213574	0.9998901349673444	2.1976818767155635	3.236190705972595	[734, 19, 132, 1094, 1086, 1096]	58579
353	0.9959358644062131	0.9998921695049862	2.1976818767155635	3.213233408312252	[241, 132, 217, 261, 1086, 1112]	60449
354	0.9959985825480925	0.9998941663660049	2.1976818767155635	3.213233408312252	[241, 132, 217, 261, 1086, 1096]	54164
355	0.996060332817412	0.9998969885962448	2.1976818767155635	3.1589477053178707	[10, 734, 19, 334, 1086, 1112]	61521
356	0.9961211301504767	0.9998997355670116	2.1976818767155635	3.0091646099295257	[241, 132, 1713, 174, 1086, 1112]	57446
357	0.9961809892530927	0.9999024092852246	2.1976818767155635	3.428024668171216	[1647, 1697, 132, 1108, 1086, 1112]	60854
358	0.9962399246041252	0.9999050117042853	2.1976818767155635	3.7637785788263267	[1019, 10, 158, 1115, 1086, 1112]	67822
359	0.9962979504589998	0.9999075447255044	2.1976818767155635	3.490617761732537	[241, 1729, 1822, 1094, 1086, 1112]	61507
360	0.9963550808531512	0.9999100101994909	2.1976818767155635	3.5297365521895774	[1546, 677, 132, 1108, 1086, 1112]	59317
361	0.9964113296054173	0.9999134658078305	2.1976818767155635	3.838061935263993	[1719, 1192, 836, 1089, 1086, 1112]	61570
362	0.9964667103213831	0.9999153887898786	2.1976818767155635	4.437359830569757	[3540, 359, 158, 1089, 1086, 1112]	62831
363	0.9965212363966703	0.9999172690389925	2.1976818767155635	3.4225800030903457	[4196, 1663, 1546, 234, 1086, 1096]	63000
364	0.9965749210201785	0.9999194751979527	2.1976818767155635	3.459532293516329	[2764, 258, 132, 1108, 1086, 1096]	59977
365	0.9966277771772746	0.9999220519916182	2.1976818767155635	3.0466300264731196	[4118, 23, 5272, 174, 1086, 1112]	56173
366	0.9966798176529339	0.9999237841695822	2.1976818767155635	3.4885679563002645	[3869, 438, 2627, 261, 1086, 1096]	63159
367	0.9967310550348331	0.9999251955738492	2.1976818767155635	3.4051240256480337	[19, 132, 387, 344, 1086, 1112]	60374
368	0.9967815017163943	0.9999275893154861	2.1976818767155635	3.866616265254481	[1781, 1402, 1078, 334, 1086, 1112]	58115
369	0.9968311698997833	0.999929520267073	2.1976818767155635	3.6022839188384888	[193, 1265, 255, 174, 1086, 1112]	61718
370	0.9968800715988607	0.9999306079172725	2.1976818767155635	2.4885784253128804	[158, 420, 1582, 793, 4290, 794]	62035
371	0.9969282186420881	0.999932458372812	2.1976818767155635	3.843804425147278	[1549, 107, 836, 1089, 1086, 1112]	60810
372	0.9969756226753893	0.9999347097603849	2.1976818767155635	3.069833347705165	[2607, 1587, 132, 1108, 1086, 1112]	55707
373	0.9970222951649665	0.9999359188388963	2.1976818767155635	2.5872420769840634	[811, 3459, 1203, 174, 1086, 1096]	58347
374	0.9970682474000752	0.999937627669859	2.1976818767155635	3.6445912614277525	[1849, 420, 1822, 1094, 1086, 1096]	58989
375	0.9971134904957529	0.9999396235844236	2.1976818767155635	3.528922042863038	[1892, 3459, 1203, 174, 1086, 1112]	62628
376	0.9971580353955098	0.9999409652825475	2.1976818767155635	3.7079541450811853	[2004, 19, 1987, 334, 1086, 1112]	61203
377	0.9972018928739742	0.9999425395416796	2.1976818767155635	3.756627996100052	[2015, 1663, 1546, 234, 1086, 1112]	58685
378	0.9972450735394993	0.9999438164407534	2.1976818767155635	3.7119802833327293	[2149, 420, 1822, 1094, 1086, 1112]	58047
379	0.9972875878367292	0.9999453146689999	2.1976818767155635	3.32346175437313	[2040, 545, 132, 1108, 1086, 1112]	59189
380	0.9973294460491254	0.9999467729444933	2.1976818767155635	3.184750484208875	[455, 19, 132, 1108, 1086, 1112]	59871
381	0.9973706583014538	0.9999477586307063	2.1976818767155635	3.1589477053178707	[10, 734, 19, 334, 1086, 1112]	64298
382	0.9974112345622338	0.999948919550024	2.1976818767155635	3.676309580563558	[2267, 438, 2627, 261, 1086, 1112]	61661
383	0.9974511846461499	0.9999500546711345	2.1976818767155635	3.663877168314336	[2309, 420, 1822, 1094, 1086, 1112]	59087
384	0.9974905182164254	0.9999516529216582	2.1976818767155635	3.529057945505385	[1791, 420, 1822, 1094, 1086, 1112]	54572
385	0.9975292447871595	0.9999527273011769	2.1976818767155635	3.184750484208875	[813, 19, 132, 1108, 1086, 1112]	58203
386	0.9975673737256293	0.9999536027215256	2.1976818767155635	3.942044072910205	[276, 132, 217, 261, 1086, 1112]	59722
387	0.9976049142545548	0.9999550874344367	2.1976818767155635	3.575302319672975	[1851, 159, 1713, 174, 1086, 1112]	54484
388	0.9976418754543301	0.9999565246365347	2.1976818767155635	3.184750484208875	[732, 19, 132, 1108, 1086, 1112]	59917
389	0.9976782662652202	0.9999573297358582	2.1976818767155635	2.775355892909582	[241, 1720, 132, 1108, 1086, 1112]	61047
390	0.9977140954895223	0.9999584676095686	2.1976818767155635	3.3692329725658183	[1580, 301, 2627, 261, 1086, 1096]	61288
391	0.9977493717936964	0.9999597966460624	2.1976818767155635	3.8661440547314783	[2636, 301, 2627, 261, 1086, 1112]	54848
392	0.9977841037104603	0.9999613404548536	2.1976818767155635	3.836139833873668	[140, 1210, 1822, 1094, 1086, 1112]	64119
393	0.9978182996408544	0.9999620563723564	2.1976818767155635	3.460050044086323	[734, 19, 1987, 334, 1086, 1112]	57202
394	0.9978519678562733	0.9999627590321275	2.1976818767155635	3.1589477053178707	[10, 734, 19, 334, 1086, 1112]	61911
395	0.9978851165004666	0.9999637521246041	2.1976818767155635	2.6296491148067798	[241, 1031, 132, 1108, 1086, 1112]	65628
396	0.9979177535915088	0.9999647187346147	2.1976818767155635	2.2790614829839417	[19, 734, 1203, 174, 1086, 1112]	57588
397	0.9979498870237387	0.9999655027627343	2.1976818767155635	3.334919766974785	[1715, 132, 19, 334, 1086, 1112]	73119
398	0.9979815245696686	0.9999661416004615	2.1976818767155635	2.8070241504084494	[3621, 1720, 132, 1108, 1086, 1112]	61360
399	0.9980126738818651	0.9999668940093401	2.1976818767155635	4.041600675524487	[1879, 496, 3366, 150, 1086, 1112]	56589
400	0.9980433424947992	0.9999675070832412	2.1976818767155635	2.2790614829839417	[19, 734, 1203, 174, 1086, 1112]	60498
401	0.9980735378266696	0.9999683735610214	2.1976818767155635	2.1976818767155635	[10, 734, 1203, 174, 1086, 1112]	60380
402	0.9981032671811964	0.9999693856070688	2.1976818767155635	3.6060011103515626	[3180, 843, 3094, 174, 1086, 1096]	61085
403	0.9981325377493877	0.9999702019908803	2.1976818767155635	2.356920718541416	[331, 241, 1031, 132, 19, 794]	62508
404	0.9981613566112799	0.9999708641688607	2.1976818767155635	3.260479038210432	[1715, 132, 1713, 174, 1086, 1112]	58792
405	0.998189730737649	0.9999717965154572	2.1976818767155635	3.0466300264731196	[4118, 23, 5272, 174, 1086, 1112]	56988
406	0.9982176669916977	0.9999723188022079	2.1976818767155635	2.5872420769840634	[811, 3459, 1203, 174, 1086, 1112]	61829
407	0.9982451721307147	0.9999728314169819	2.1976818767155635	3.649049134808248	[331, 241, 19, 334, 1086, 1112]	59635
408	0.9982722528077098	0.9999734351632712	2.1976818767155635	3.913538059743548	[2627, 438, 254, 174, 1086, 1112]	62689
409	0.998298915573023	0.9999739271046921	2.1976818767155635	3.5005121038821185	[734, 10, 158, 1115, 1086, 1112]	56266
410	0.9983251668759084	0.9999745065023656	2.1976818767155635	3.9854341029169698	[421, 438, 3366, 150, 1086, 1112]	68349
411	0.998351013066095	0.9999753222942899	2.1976818767155635	4.246780305394192	[10, 157, 1010, 1105, 1086, 1112]	53395
412	0.9983764603953219	0.9999757792888401	2.1976818767155635	3.5492810816234277	[158, 420, 1822, 1094, 1086, 1112]	58183
413	0.9984015150188509	0.9999763175268659	2.1976818767155635	3.4669248454207757	[3819, 438, 2627, 261, 1086, 1112]	59437
414	0.9984261829969551	0.9999770753660061	2.1976818767155635	3.4455895737600724	[190, 196, 1078, 334, 1086, 1096]	61572
415	0.9984504702963848	0.999977808954294	2.1976818767155635	3.7536729288630175	[87, 415, 255, 174, 1086, 1112]	60445
416	0.9984743827918109	0.9999784007155128	2.1976818767155635	3.5779691026203686	[160, 320, 836, 1089, 1086, 1112]	59429
417	0.998497926267246	0.9999788007022625	2.1976818767155635	3.5504141572377215	[10, 158, 1713, 174, 1086, 1112]	59622
418	0.9985211064174427	0.9999793660168689	2.1976818767155635	3.84519172267838	[734, 10, 232, 1023, 1086, 1112]	58858
419	0.9985439288492723	0.9999797481276677	2.1976818767155635	2.518985889172849	[19, 241, 132, 1108, 1086, 1112]	60506
420	0.9985663990830799	0.9999802881775964	2.1976818767155635	2.7266252539510933	[331, 241, 132, 1108, 1086, 1096]	55027
421	0.99858852255402	0.9999807262180943	2.1976818767155635	3.5065031788170664	[811, 734, 19, 334, 1086, 1096]	62046
422	0.9986103046133715	0.9999812401856119	2.1976818767155635	3.6728634883562234	[1820, 10, 158, 1115, 1086, 1112]	63174
423	0.9986317505298319	0.9999817404473288	2.1976818767155635	3.404410190842828	[2636, 162, 107, 2542, 1008, 794]	60473
424	0.9986528654907912	0.999982146215166	2.1976818767155635	3.334919766974785	[1715, 132, 19, 334, 1086, 1112]	58528
425	0.9986736546035877	0.999982476840811	2.1976818767155635	2.2790614829839417	[19, 734, 1203, 174, 1086, 1112]	56804
426	0.9986941228967422	0.9999828662443486	2.1976818767155635	3.0091646099295257	[241, 132, 1713, 174, 1086, 1112]	58520
427	0.9987142753211752	0.9999834145245294	2.1976818767155635	3.926892758259741	[1781, 390, 1078, 334, 1086, 1112]	57255
428	0.998734116751404	0.9999838568038752	2.1976818767155635	2.723312616127263	[107, 734, 1203, 174, 1086, 1112]	57893
429	0.9987536519867218	0.9999841557519517	2.1976818767155635	3.585810503855643	[10, 438, 2627, 261, 1086, 1096]	57653
430	0.9987728857523588	0.9999844491639526	2.1976818767155635	3.9994296453384184	[77, 19, 387, 344, 1086, 1112]	59134
431	0.9987918227006248	0.999984794738087	2.1976818767155635	3.260479038210432	[1715, 132, 1713, 174, 1086, 1112]	60400
432	0.9988104674120349	0.9999851326327961	2.1976818767155635	3.184750484208875	[432, 19, 132, 1108, 1086, 1112]	64241
433	0.9988288243964172	0.999985407954411	2.1976818767155635	2.411173156117451	[2636, 162, 107, 734, 19, 794]	64575
434	0.9988468980940033	0.9999857322220908	2.1976818767155635	4.233526500352245	[377, 162, 836, 1089, 1086, 1112]	62938
435	0.9988646928765033	0.9999860492838221	2.1976818767155635	3.8372243806298787	[2627, 438, 3366, 150, 1086, 1112]	64503
436	0.9988822130481622	0.999986307630418	2.1976818767155635	3.5065031788170664	[811, 734, 19, 334, 1086, 1096]	59695
437	0.9988994628468016	0.9999865611928177	2.1976818767155635	3.5605912733082006	[241, 19, 1987, 334, 1086, 1112]	61157
438	0.9989164464448448	0.9999868100596173	2.1976818767155635	3.56678126317036	[19, 241, 217, 261, 1086, 1112]	65531
439	0.9989331679503256	0.9999872497242968	2.1976818767155635	3.069833347705165	[2607, 1587, 132, 1108, 1086, 1112]	57394
440	0.9989496314078823	0.9999875897316488	2.1976818767155635	3.673264351591776	[21, 1417, 5272, 174, 1086, 1112]	62254
441	0.9989658407997359	0.999987986860236	2.1976818767155635	3.0466300264731196	[4118, 23, 5272, 174, 1086, 1112]	56980
442	0.9989818000466536	0.9999882093257872	2.1976818767155635	3.823816307279582	[241, 19, 387, 344, 1086, 1112]	58252
443	0.9989975130088966	0.999988427671606	2.1976818767155635	3.9811398533998643	[359, 158, 1546, 234, 1086, 1112]	61182
444	0.9990129834871544	0.9999886419739836	2.1976818767155635	2.1976818767155635	[10, 734, 1203, 174, 1086, 1112]	61027
445	0.9990282152234637	0.9999888523077988	2.1976818767155635	3.1589477053178707	[10, 734, 19, 334, 1086, 1112]	62738
446	0.999043211902114	0.9999891495795908	2.1976818767155635	2.8070241504084494	[3621, 1720, 132, 1108, 1086, 1112]	59405
447	0.9990579771505381	0.9999893907000443	2.1976818767155635	2.940940296086106	[1548, 19, 132, 1108, 1086, 1096]	64075
448	0.9990725145401903	0.9999896736147098	2.1976818767155635	3.884888031490436	[1551, 1879, 836, 1089, 1086, 1112]	61836
449	0.9990868275874096	0.9999899489849843	2.1976818767155635	2.2790614829839417	[19, 734, 1203, 174, 1086, 1112]	65581
450	0.9991009197542706	0.9999902170120514	2.1976818767155635	3.9510522245975706	[10, 158, 420, 458, 1086, 1112]	62449
451	0.9991147944494208	0.9999905300676657	2.1976818767155635	3.9196196481109737	[1550, 420, 1822, 1094, 1086, 1112]	58000
452	0.999128455028905	0.9999908937130674	2.1976818767155635	3.934145955231739	[1849, 420, 1582, 1087, 1086, 1112]	65405
453	0.9991419047969774	0.9999910623480105	2.1976818767155635	3.1589477053178707	[10, 734, 19, 334, 1086, 1112]	63062
454	0.9991551470069007	0.9999913006853969	2.1976818767155635	3.316188644224363	[2627, 261, 132, 1108, 1086, 1112]	59696
455	0.9991681848617324	0.9999914617838155	2.1976818767155635	3.0091646099295257	[241, 132, 1713, 174, 1086, 1096]	64840
456	0.9991810215151007	0.9999916515219529	2.1976818767155635	2.5872420769840634	[811, 3459, 1203, 174, 1086, 1112]	55847
457	0.9991936600719664	0.9999918741480341	2.1976818767155635	3.875610915305007	[1879, 420, 158, 1115, 1086, 1112]	56380
458	0.9992061035893743	0.9999920246267743	2.1976818767155635	3.213233408312252	[241, 132, 217, 261, 1086, 1112]	58340
459	0.9992183550771927	0.9999922798387175	2.1976818767155635	3.069833347705165	[2607, 1587, 132, 1108, 1086, 1112]	58510
460	0.999230417498841	0.999992485709685	2.1976818767155635	3.0172048542480914	[19, 132, 1713, 174, 1086, 1112]	59631
461	0.999242293772007	0.9999926860907601	2.1976818767155635	3.3692329725658183	[1580, 301, 2627, 261, 1086, 1112]	62078
462	0.9992539867693525	0.9999928486220766	2.1976818767155635	3.585810503855643	[2040, 438, 2627, 261, 1086, 1112]	62995
463	0.9992654993192083	0.9999930075415859	2.1976818767155635	3.6483982096103746	[1715, 132, 387, 344, 1086, 1112]	58838
464	0.9992768342062575	0.9999931940071437	2.1976818767155635	2.545237350214759	[811, 734, 1203, 174, 1086, 1112]	59978
465	0.9992879941722103	0.9999933452514294	2.1976818767155635	3.544621900098326	[2309, 420, 158, 1115, 1086, 1112]	59995
466	0.9992989819164663	0.999993493134731	2.1976818767155635	3.464547836593158	[1726, 132, 217, 261, 1086, 1112]	53540
467	0.9993098000967677	0.9999937013544196	2.1976818767155635	3.6060011103515626	[3179, 843, 3094, 174, 1086, 1112]	64603
468	0.9993204513298424	0.9999938179960044	2.1976818767155635	3.221273652630817	[19, 132, 217, 261, 1086, 1112]	53637
469	0.9993309381920361	0.9999940158201323	2.1976818767155635	3.703061766034991	[2357, 438, 2627, 261, 1086, 1112]	58384
470	0.9993412632199368	0.9999941266382779	2.1976818767155635	3.236190705972595	[734, 19, 132, 1094, 1086, 1112]	61438
471	0.9993514289109872	0.9999942571574273	2.1976818767155635	3.464547836593158	[1715, 132, 217, 261, 1086, 1112]	59414
472	0.9993614377240893	0.9999943847761511	2.1976818767155635	3.260479038210432	[1726, 132, 1713, 174, 1086, 1112]	58525
473	0.9993712920801989	0.9999945345154538	2.1976818767155635	3.5779691026203686	[157, 320, 836, 1089, 1086, 1112]	64797
474	0.999380994362912	0.999994655970666	2.1976818767155635	3.5247094981667253	[2387, 1663, 1546, 234, 1086, 1096]	62446
475	0.9993905469190398	0.9999948269796046	2.1976818767155635	3.9237160230782564	[1715, 132, 1729, 1094, 1086, 1096]	65071
476	0.9993999520591781	0.9999949419356134	2.1976818767155635	3.334919766974785	[1715, 132, 19, 334, 1086, 1112]	61840
477	0.9994092120582648	0.9999951037936737	2.1976818767155635	3.316188644224363	[2627, 261, 132, 1108, 1086, 1096]	56207
478	0.9994183291561312	0.9999952125982587	2.1976818767155635	3.464547836593158	[1715, 132, 217, 261, 1086, 1112]	74469
479	0.9994273055580427	0.9999953657951145	2.1976818767155635	3.626211045907998	[1580, 438, 132, 1108, 1086, 1112]	62117
480	0.9994361434352333	0.9999954687774453	2.1976818767155635	3.834090028441395	[3820, 438, 2627, 261, 1086, 1112]	61815
481	0.9994448449254304	0.9999955526889741	2.1976818767155635	2.1976818767155635	[10, 734, 1203, 174, 1086, 1112]	64238
482	0.9994534121333712	0.9999956712839347	2.1976818767155635	3.409802677289374	[1791, 420, 158, 1115, 1086, 1112]	61605
483	0.9994618471313131	0.9999958155744703	2.1976818767155635	3.4225800030903457	[4196, 1663, 1546, 234, 1086, 1096]	60451
484	0.9994701519595336	0.9999959085617043	2.1976818767155635	3.0373270629232803	[3284, 734, 1203, 174, 1086, 1112]	54773
485	0.9994783286268247	0.9999960176667255	2.1976818767155635	2.1976818767155635	[10, 734, 1203, 174, 1086, 1112]	57936
486	0.9994863791109787	0.9999961061630205	2.1976818767155635	2.426484904269537	[734, 19, 132, 1108, 1086, 1112]	57943
487	0.999494305359266	0.9999962099986732	2.1976818767155635	4.246780305394192	[10, 157, 1010, 1105, 1086, 1112]	61966
488	0.999502109288907	0.9999963312787158	2.1976818767155635	3.5764431740820974	[2872, 241, 217, 261, 1086, 1096]	63085
489	0.9995097927875349	0.9999963992179988	2.1976818767155635	2.7266252539510933	[331, 241, 132, 1108, 1086, 1112]	61316
490	0.9995173577136532	0.9999965144430228	2.1976818767155635	3.9237160230782564	[1715, 132, 1729, 1094, 1086, 1112]	65555
491	0.9995248058970845	0.999996625980846	2.1976818767155635	3.464547836593158	[1726, 132, 217, 261, 1086, 1112]	62006
492	0.9995321391394135	0.9999966884626823	2.1976818767155635	3.5504141572377215	[10, 158, 1713, 174, 1086, 1112]	74577
493	0.9995393592144225	0.9999967497874475	2.1976818767155635	3.184750484208875	[432, 19, 132, 1108, 1086, 1112]	64465
494	0.999546467868521	0.9999968099765687	2.1976818767155635	3.363125263892072	[432, 422, 19, 334, 1086, 1112]	61838
495	0.9995534668211672	0.9999968690510768	2.1976818767155635	3.6663831967223626	[359, 158, 1713, 174, 1086, 1112]	60011
496	0.9995603577652851	0.9999969386277194	2.1976818767155635	2.5286478000845856	[2872, 241, 132, 1108, 1086, 1112]	56396
497	0.9995671423676726	0.9999970365916324	2.1976818767155635	2.6743890052643993	[2004, 19, 132, 1108, 1086, 1096]	60513
498	0.999573822269406	0.9999970914695652	2.1976818767155635	3.2554358471025484	[1580, 438, 2627, 261, 1086, 1112]	60095
499	0.9995803990862362	0.9999971690303768	2.1976818767155635	2.702639471550251	[77, 19, 132, 1108, 1086, 1112]	55257
