0	0.015432098765432056	0.026666666666666616	3.7598748653458536	3.7598748653458536	[157, 10, 158, 1115, 1086, 1112]	78406
1	0.030626047858558048	0.05781333333333327	2.940940296086106	2.940940296086106	[1548, 19, 132, 1108, 1086, 1112]	56401
2	0.045585522428642	0.07875081481481483	2.940940296086106	3.8229149778872156	[1819, 241, 217, 261, 1086, 1112]	60604
3	0.06031414090968146	0.10823078874074077	2.5286478000845856	2.5286478000845856	[2872, 241, 132, 1108, 1086, 1112]	57051
4	0.07481546589564314	0.12474503339369003	2.5286478000845856	3.0091646099295257	[241, 132, 1713, 174, 1086, 1112]	57551
5	0.08909300500219186	0.14095345870121423	2.0319319642736433	2.0319319642736433	[2636, 162, 10, 734, 19, 794]	60476
6	0.10315021171512095	0.1638613664691818	2.0319319642736433	3.879539149408224	[19, 23, 5272, 174, 1086, 1112]	60087
7	0.11699048622569008	0.18615839669667023	2.0319319642736433	2.518985889172849	[19, 241, 132, 1108, 1086, 1112]	60562
8	0.13061717625307134	0.2122013280023768	2.0319319642736433	3.260479038210432	[1726, 132, 1713, 174, 1086, 1112]	62529
9	0.1440335778541042	0.23320929258898004	2.0319319642736433	3.5492810816234277	[158, 420, 1822, 1094, 1086, 1112]	63635
10	0.1572429362205532	0.24740912050399888	2.0319319642736433	3.363125263892072	[432, 422, 19, 334, 1086, 1096]	63901
11	0.17024844646406312	0.26134598864281366	2.0319319642736433	4.0787911533751116	[240, 1337, 254, 174, 1086, 1112]	62202
12	0.18305325438900033	0.277760522228529	2.0319319642736433	2.6743890052643993	[2004, 19, 132, 1108, 1086, 1112]	62217
13	0.19566045725336756	0.2970202416357681	2.0319319642736433	2.775355892909582	[241, 1720, 132, 1108, 1086, 1096]	59068
14	0.208073104517976	0.31951559390342354	2.0319319642736433	2.932900051767541	[1723, 241, 132, 1108, 1086, 1112]	60878
15	0.22029419858405663	0.3376618447326656	2.0319319642736433	3.832643710182441	[10, 415, 255, 174, 1086, 1112]	60526
16	0.2323266955194878	0.352380470405273	2.0319319642736433	3.58966803006855	[2872, 241, 1729, 1094, 1086, 1112]	60338
17	0.2441735057738167	0.369650324527799	2.0319319642736433	3.6178645301457264	[10, 301, 2627, 261, 1086, 1112]	58019
18	0.2558374948822454	0.3813234666661731	2.0319319642736433	3.736204611367037	[77, 19, 1987, 334, 1086, 1112]	58848
19	0.2673214841587539	0.3950718340735915	2.0319319642736433	3.544621900098326	[2309, 420, 158, 1115, 1086, 1096]	61949
20	0.2786282513785262	0.41442953538323657	2.0319319642736433	2.8070241504084494	[3621, 1720, 132, 1108, 1086, 1112]	59803
21	0.28976053144984526	0.4369154412245203	2.0319319642736433	3.5779691026203686	[157, 320, 836, 1089, 1086, 1112]	59581
22	0.30072101707561927	0.44942843141953104	2.0319319642736433	3.363125263892072	[432, 422, 19, 334, 1086, 1112]	59715
23	0.31151235940469924	0.4670467216141061	2.0319319642736433	3.0466300264731196	[4118, 23, 5272, 174, 1086, 1096]	59710
24	0.32213716867314524	0.4812588090377299	2.0319319642736433	3.3286916908759068	[19, 241, 132, 1094, 1086, 1112]	59638
25	0.3325980148355967	0.4927863910591137	2.0319319642736433	3.6167299521115073	[3621, 1720, 132, 1094, 1086, 1112]	61546
26	0.34289742818689917	0.5090172265452221	2.0319319642736433	3.5764431740820974	[2872, 241, 217, 261, 1086, 1112]	56828
27	0.35303789997413837	0.5199279548442172	2.0319319642736433	3.528922042863038	[2528, 3459, 1203, 174, 1086, 1112]	59550
28	0.3630218829992288	0.5288181779026575	2.0319319642736433	3.236190705972595	[734, 19, 132, 1094, 1086, 1112]	58014
29	0.37285179221220366	0.5438959962097725	2.0319319642736433	3.184750484208875	[732, 19, 132, 1108, 1086, 1112]	58246
30	0.38253000529534864	0.5523423666503322	2.0319319642736433	3.6022839188384888	[193, 1265, 255, 174, 1086, 1112]	59763
31	0.3920588632383216	0.5622903140581026	2.0319319642736433	3.316188644224363	[2627, 261, 132, 1108, 1086, 1096]	59272
32	0.40144067090439683	0.5703960489829526	2.0319319642736433	3.236190705972595	[734, 19, 132, 1094, 1086, 1096]	58845
33	0.4106776975879709	0.5783516777054905	2.0319319642736433	3.6845784447295697	[107, 734, 19, 334, 1086, 1112]	62541
34	0.4197721775634652	0.5895956329666774	2.0319319642736433	3.428024668171216	[1647, 1697, 132, 1108, 1086, 1112]	63225
35	0.4287263106257574	0.6005397494208993	2.0319319642736433	3.56678126317036	[19, 241, 217, 261, 1086, 1112]	63073
36	0.43754226262227347	0.6133224774394306	2.0319319642736433	2.8070241504084494	[3621, 1720, 132, 1108, 1086, 1112]	63312
37	0.44622216597686803	0.6236338780410458	2.0319319642736433	3.8093348907349753	[2003, 1417, 5272, 174, 1086, 1112]	63271
38	0.4547681202056201	0.6319975696401336	2.0319319642736433	3.528922042863038	[1892, 3459, 1203, 174, 1086, 1112]	62480
39	0.46318219242466907	0.6418109677830635	2.0319319642736433	3.459532293516329	[2764, 258, 132, 1108, 1086, 1112]	63773
40	0.47146641785021426	0.6555654266201938	2.0319319642736433	3.1140102213751986	[241, 1729, 132, 1108, 1086, 1112]	59854
41	0.4796228002907974	0.6619438446457457	2.0319319642736433	2.437535714327364	[837, 162, 107, 734, 19, 794]	59057
42	0.48765331263198874	0.6749252010113491	2.0319319642736433	3.6060011103515626	[1872, 843, 3094, 174, 1086, 1112]	60624
43	0.49555989731359384	0.6853275945789858	2.0319319642736433	3.6060011103515626	[3179, 843, 3094, 174, 1086, 1112]	61389
44	0.5033444667994951	0.6974110149471529	2.0319319642736433	3.490617761732537	[241, 1729, 1822, 1094, 1086, 1112]	63138
45	0.5110089040402437	0.7054800545485621	2.0319319642736433	2.7266252539510933	[331, 241, 132, 1108, 1086, 1096]	62933
46	0.5185550629285114	0.7120249422252607	2.0319319642736433	3.663877168314336	[2309, 420, 1822, 1094, 1086, 1112]	61932
47	0.5259847687475159	0.7173578136655336	2.0319319642736433	3.3692329725658183	[1580, 301, 2627, 261, 1086, 1112]	64835
48	0.5332998186125233	0.7282112736207772	2.0319319642736433	2.6296491148067798	[241, 1031, 132, 1108, 1086, 1096]	63563
49	0.5405019819055399	0.7369085128649123	2.0319319642736433	3.0466300264731196	[4118, 23, 5272, 174, 1086, 1096]	59921
50	0.5475930007032939	0.7453274404532351	2.0319319642736433	4.375487396572397	[2050, 1849, 420, 458, 1086, 1112]	64553
51	0.5545745901986134	0.7521187087078155	2.0319319642736433	3.3286916908759068	[19, 241, 132, 1094, 1086, 1096]	59429
52	0.5614484391153014	0.756709102991004	2.0319319642736433	3.5069954494906392	[542, 269, 132, 1108, 1086, 1096]	59420
53	0.5682162101166085	0.7631968602445773	2.0319319642736433	3.84519172267838	[734, 10, 232, 1023, 1086, 1112]	61960
54	0.5748795402074016	0.7675821035733814	2.0319319642736433	3.5492810816234277	[158, 420, 1822, 1094, 1086, 1112]	62720
55	0.5814400411301268	0.7718861386923929	2.0319319642736433	2.790120672112291	[241, 217, 132, 1108, 1086, 1112]	63419
56	0.5878992997546619	0.7791857822542363	2.0319319642736433	3.4347039664096126	[421, 438, 2627, 261, 1086, 1112]	64576
57	0.5942588784621516	0.7862518372221007	2.0319319642736433	2.932900051767541	[1723, 241, 132, 1108, 1086, 1112]	62872
58	0.6005203155229208	0.7902101365328025	2.0319319642736433	3.7232750780577044	[734, 19, 387, 344, 1086, 1112]	62554
59	0.6066851254685548	0.7958045328919278	2.0319319642736433	2.426484904269537	[734, 19, 132, 1108, 1086, 1112]	61357
60	0.6127547994582376	0.8023387878393862	2.0319319642736433	2.8070241504084494	[3621, 1720, 132, 1108, 1086, 1112]	61953
61	0.6187308056394376	0.8059991806571752	2.0319319642736433	2.1976818767155635	[10, 734, 1203, 174, 1086, 1112]	61195
62	0.6246145895030265	0.8122072068761457	2.0319319642736433	3.671150278463103	[2490, 390, 1078, 334, 1086, 1112]	62422
63	0.630407574232918	0.8172150146927817	2.0319319642736433	3.428024668171216	[1647, 1697, 132, 1108, 1086, 1112]	62356
64	0.6361111610503113	0.8230641342226127	2.0319319642736433	2.7266252539510933	[331, 241, 132, 1108, 1086, 1112]	61273
65	0.6417267295526212	0.8269960423509991	2.0319319642736433	2.5286478000845856	[2872, 241, 132, 1108, 1086, 1112]	61246
66	0.6472556380471796	0.8308405747431992	2.0319319642736433	3.94674858093202	[1792, 496, 3366, 150, 1086, 1112]	62213
67	0.6526992238797849	0.8339731566923991	2.0319319642736433	2.5872420769840634	[811, 3459, 1203, 174, 1086, 1112]	62639
68	0.6580588037581832	0.8376626420992348	2.0319319642736433	3.17671023989031	[2072, 241, 132, 1108, 1086, 1112]	63353
69	0.6633356740705569	0.8428574375520592	2.0319319642736433	3.0466300264731196	[4118, 23, 5272, 174, 1086, 1112]	62192
70	0.6685311111990977	0.8470479058840044	2.0319319642736433	3.1589477053178707	[10, 734, 19, 334, 1086, 1096]	58453
71	0.6736463718287411	0.8511266283937642	2.0319319642736433	3.5644935086479057	[1414, 3251, 3248, 334, 1086, 1096]	61263
72	0.6786826932511372	0.8550965849699306	2.0319319642736433	3.428024668171216	[1647, 1697, 132, 1108, 1086, 1096]	58925
73	0.6836412936639282	0.8606608761070852	2.0319319642736433	3.490617761732537	[241, 1729, 1822, 1094, 1086, 1112]	59145
74	0.6885233724654107	0.8632412302532503	2.0319319642736433	3.528922042863038	[1892, 3459, 1203, 174, 1086, 1112]	58289
75	0.6933301105446482	0.8668881307798303	2.0319319642736433	3.5779691026203686	[157, 320, 836, 1089, 1086, 1112]	58111
76	0.6980626705671074	0.8719996265578848	2.0319319642736433	3.081560325988364	[241, 1126, 132, 1108, 1086, 1112]	60096
77	0.7027221972558866	0.8743700038438499	2.0319319642736433	3.833920023961542	[2764, 400, 19, 334, 1086, 1112]	60052
78	0.7073098176686043	0.8777201370746806	2.0319319642736433	3.1589477053178707	[10, 734, 19, 334, 1086, 1112]	55472
79	0.7118266414700147	0.8804374673619099	2.0319319642736433	3.260479038210432	[1715, 132, 1713, 174, 1086, 1112]	57430
80	0.7162737612004157	0.8826515883366893	2.0319319642736433	2.426484904269537	[734, 19, 132, 1108, 1086, 1112]	59719
81	0.7206522525399155	0.8857808793143775	2.0319319642736433	3.6167299521115073	[3621, 1720, 132, 1094, 1086, 1112]	60204
82	0.7249631745686205	0.8912633971072874	2.0319319642736433	3.838061935263993	[2582, 1192, 836, 1089, 1086, 1112]	59446
83	0.7292075700228084	0.8936797660604588	2.0319319642736433	3.464547836593158	[1715, 132, 217, 261, 1086, 1112]	58652
84	0.7333864655471478	0.8965149722988466	2.0319319642736433	3.4051240256480337	[19, 132, 387, 344, 1086, 1112]	58705
85	0.7375008719430252	0.8988146395810944	2.0319319642736433	3.6022839188384888	[193, 1265, 255, 174, 1086, 1112]	58034
86	0.7415517844130401	0.901063203145959	2.0319319642736433	3.334919766974785	[1715, 132, 19, 334, 1086, 1096]	60340
87	0.7455401828017278	0.9028953660506635	2.0319319642736433	3.0091646099295257	[241, 132, 1713, 174, 1086, 1112]	71155
88	0.7494670318325654	0.9054848229559791	2.0319319642736433	3.3692329725658183	[1580, 301, 2627, 261, 1086, 1112]	68480
89	0.753333281341322	0.9072351040123499	2.0319319642736433	2.5530270950310228	[1715, 132, 217, 241, 19, 794]	66058
90	0.7571398665058078	0.9089529724565656	2.0319319642736433	3.7498600569240876	[382, 409, 19, 334, 1086, 1112]	68604
91	0.7608877080720762	0.9118664773379556	2.0319319642736433	3.5891433710848464	[1807, 157, 1713, 174, 1086, 1112]	68939
92	0.7645777125771367	0.9134985796094749	2.0319319642736433	3.221273652630817	[19, 132, 217, 261, 1086, 1112]	68737
93	0.7682107725682302	0.9148334780722917	1.780457846853921	1.780457846853921	[320, 232, 10, 734, 19, 794]	71552
94	0.7717877668187205	0.9175588067739783	1.780457846853921	3.5005121038821185	[734, 10, 158, 1115, 1086, 1112]	66391
95	0.7753095605406538	0.9208564545030191	1.780457846853921	3.4225800030903457	[4196, 1663, 1546, 234, 1086, 1112]	71439
96	0.7787770055940388	0.9233890479589225	1.780457846853921	3.866616265254481	[2707, 1402, 1078, 334, 1086, 1112]	72617
97	0.7821909406928962	0.9248077692930166	1.780457846853921	3.752824415762799	[10, 161, 1713, 174, 1086, 1112]	68565
98	0.7855521916081293	0.9268128954452027	1.780457846853921	3.428024668171216	[321, 1398, 132, 1108, 1086, 1096]	71369
99	0.7888615713672631	0.928764551566664	1.780457846853921	3.773546740312346	[2015, 1723, 132, 1108, 1086, 1112]	70040
100	0.7921198804511016	0.9306641635248863	1.780457846853921	2.1976818767155635	[10, 734, 1203, 174, 1086, 1112]	68811
101	0.79532790698735	0.9328829102920899	1.780457846853921	3.975940387032824	[2309, 420, 158, 1089, 1086, 1112]	68947
102	0.7984864269412489	0.934125819360755	1.780457846853921	3.397083781329468	[241, 132, 387, 344, 1086, 1096]	70989
103	0.8015962043032667	0.9362337931412108	1.780457846853921	3.673264351591776	[21, 1417, 5272, 174, 1086, 1112]	69492
104	0.8046579912738953	0.9379342253241119	1.780457846853921	3.6060011103515626	[2040, 1451, 1713, 174, 1086, 1096]	66645
105	0.8076725284455943	0.9393134647613538	1.780457846853921	2.793516874800511	[1259, 734, 1203, 174, 1086, 1112]	69363
106	0.8106405449819278	0.9406620544333237	1.780457846853921	2.932900051767541	[4015, 241, 132, 1108, 1086, 1112]	72212
107	0.8135627587939351	0.9425608686914574	1.780457846853921	3.4885679563002645	[3869, 438, 2627, 261, 1086, 1112]	73431
108	0.8164398767137817	0.9440925788596851	1.780457846853921	3.4686455498577784	[1265, 734, 1203, 174, 1086, 1112]	78383
109	0.8192725946657295	0.9453349659961366	1.780457846853921	3.613369342697065	[1582, 420, 158, 1115, 1086, 1096]	75049
110	0.8220615978344683	0.9465497445295558	1.780457846853921	3.5891433710848464	[1807, 157, 1713, 174, 1086, 1096]	77520
111	0.8248075608308499	0.9475395640753048	1.780457846853921	3.926571328946758	[734, 19, 422, 636, 1086, 1096]	79831
112	0.8275111478550652	0.949218298024895	1.780457846853921	2.7751196038897037	[1819, 241, 132, 1108, 1086, 1112]	71979
113	0.8301730128573019	0.9505724767442312	1.780457846853921	2.058294522483556	[837, 162, 10, 734, 19, 794]	73855
114	0.8327937996959238	0.9516708661499149	1.780457846853921	3.3383536017876443	[2872, 241, 132, 1094, 1086, 1096]	75479
115	0.8353741422932088	0.9525658501101016	1.780457846853921	2.545237350214759	[811, 734, 1203, 174, 1086, 1112]	74096
116	0.837914664788684	0.9534442602932479	1.780457846853921	3.8498112984743313	[101, 370, 1713, 174, 1086, 1112]	76462
117	0.8404159816900932	0.9543064036211507	1.780457846853921	3.5065031788170664	[811, 734, 19, 334, 1086, 1112]	72939
118	0.8428786980220363	0.9555248995245867	1.780457846853921	3.428024668171216	[1647, 1697, 132, 1108, 1086, 1112]	75718
119	0.8453034094723135	0.9569481027397999	1.780457846853921	3.833928826683146	[2104, 168, 132, 1108, 1086, 1112]	76524
120	0.8476907025360123	0.9579048115678044	1.780457846853921	3.671150278463103	[2490, 390, 3248, 334, 1086, 1112]	73833
121	0.8500411546573702	0.9590273499259963	1.780457846853921	3.5644935086479057	[1414, 3251, 3248, 334, 1086, 1112]	72817
122	0.8523553343694478	0.9601199539279697	1.780457846853921	2.518985889172849	[19, 241, 132, 1108, 1086, 1112]	74188
123	0.8546338014316477	0.9611834218232238	1.780457846853921	3.6632814211403364	[241, 1126, 19, 334, 1086, 1112]	75894
124	0.8568771069651099	0.9620460124493744	1.780457846853921	3.528922042863038	[1892, 3459, 1203, 174, 1086, 1096]	78033
125	0.8590857935860187	0.9627488640706823	1.780457846853921	3.221273652630817	[19, 132, 217, 261, 1086, 1112]	79205
126	0.8612603955368516	0.9635766670913338	1.780457846853921	2.426484904269537	[734, 19, 132, 1108, 1086, 1112]	73042
127	0.8634014388156039	0.964251173256309	1.780457846853921	3.758359653125659	[107, 420, 158, 1115, 1086, 1112]	76786
128	0.8655094413030175	0.9649131885663774	1.780457846853921	3.0091646099295257	[241, 132, 1713, 174, 1086, 1112]	72093
129	0.8675849128878474	0.9656928954871247	1.780457846853921	4.330105581656018	[2357, 438, 254, 174, 1086, 1112]	74488
130	0.8696283555901955	0.9667907228315367	1.780457846853921	3.464547836593158	[1715, 132, 217, 261, 1086, 1112]	75471
131	0.8716402636829393	0.9674057094457674	1.780457846853921	2.5872420769840634	[811, 3459, 1203, 174, 1086, 1112]	77301
132	0.8736211238112891	0.9681300270136393	1.780457846853921	3.7351968406794853	[1758, 2919, 1203, 174, 1086, 1112]	76400
133	0.8755714151104975	0.9687202116985719	1.780457846853921	2.723312616127263	[107, 734, 1203, 174, 1086, 1112]	79608
134	0.8774916093217553	0.9694153181052703	1.780457846853921	3.6721450672688247	[1792, 496, 217, 261, 1086, 1112]	78571
135	0.8793821709062961	0.9699817011033208	1.780457846853921	2.702639471550251	[77, 19, 132, 1108, 1086, 1112]	77239
136	0.8812435571577422	0.9705375955273334	1.780457846853921	3.6440743024501234	[1265, 415, 255, 174, 1086, 1112]	73424
137	0.8830762183127152	0.9710831956101605	1.780457846853921	2.775355892909582	[241, 1720, 132, 1108, 1086, 1112]	74117
138	0.8848805976597413	0.9716186919877502	1.780457846853921	3.363125263892072	[432, 422, 19, 334, 1086, 1112]	73367
139	0.8866571316464736	0.9723755268680768	1.780457846853921	3.613369342697065	[988, 420, 158, 1115, 1086, 1096]	74763
140	0.8884062499852626	0.9728870911853347	1.780457846853921	2.723312616127263	[107, 734, 1203, 174, 1086, 1112]	72444
141	0.890128375757095	0.973489600270105	1.780457846853921	2.7751196038897037	[1819, 241, 132, 1108, 1086, 1112]	76533
142	0.89182392551393	0.9739805335984364	1.780457846853921	2.545237350214759	[811, 734, 1203, 174, 1086, 1112]	76275
143	0.8934933093794557	0.9745587439629156	1.780457846853921	3.484094806967457	[2004, 19, 132, 1094, 1086, 1112]	69769
144	0.8951369311482913	0.9750298783339727	1.780457846853921	2.5872420769840634	[811, 3459, 1203, 174, 1086, 1112]	74576
145	0.8967551883836571	0.9758289222272856	1.780457846853921	3.597226074150603	[846, 10, 158, 1115, 1086, 1112]	72321
146	0.898348472513539	0.9766023967160125	1.780457846853921	3.0466300264731196	[4118, 23, 5272, 174, 1086, 1112]	76163
147	0.8999171689253671	0.977035685665716	1.780457846853921	2.5872420769840634	[811, 3459, 1203, 174, 1086, 1112]	73291
148	0.9014616570592349	0.9776480673812968	1.780457846853921	3.6412264034130413	[107, 10, 158, 1115, 1086, 1112]	71557
149	0.9029823104996788	0.9782441189177956	1.780457846853921	3.8093348907349753	[2003, 1417, 5272, 174, 1086, 1096]	75471
150	0.9044794970660417	0.9788242757466543	1.780457846853921	3.8670757774883784	[1791, 420, 1546, 234, 1086, 1112]	74150
151	0.9059535789014423	0.9793889617267436	1.780457846853921	4.415451214987456	[1019, 10, 159, 1023, 1086, 1112]	77171
152	0.9074049125603707	0.9799385894140304	1.780457846853921	2.702639471550251	[77, 19, 132, 1108, 1086, 1096]	72637
153	0.9088338490949328	0.9803843985381631	1.780457846853921	3.6483982096103746	[1715, 132, 387, 344, 1086, 1112]	78833
154	0.9102407341397641	0.980747650417086	1.780457846853921	3.4686455498577784	[1265, 734, 1203, 174, 1086, 1112]	74938
155	0.9116259079956319	0.9813637256037392	1.780457846853921	3.4455895737600724	[190, 196, 1078, 334, 1086, 1112]	78652
156	0.9129897057117488	0.9817088417962626	1.780457846853921	3.213233408312252	[241, 132, 217, 261, 1086, 1112]	75828
157	0.9143324571668143	0.9820475669481836	1.780457846853921	3.3692329725658183	[1580, 301, 2627, 261, 1086, 1112]	75122
158	0.9156544871488079	0.9825262984962321	1.780457846853921	3.32346175437313	[2040, 545, 132, 1108, 1086, 1096]	74801
159	0.9169561154335486	0.9828498855611166	1.780457846853921	3.6425874947946353	[119, 409, 19, 334, 1086, 1112]	80580
160	0.9182376568620432	0.9831674802729479	1.780457846853921	3.6412264034130413	[107, 10, 158, 1115, 1086, 1096]	78368
161	0.9194994214166413	0.9834791936012266	1.780457846853921	3.236190705972595	[734, 19, 132, 1094, 1086, 1112]	77673
162	0.9207417142960141	0.9839197484385273	1.780457846853921	3.5005121038821185	[734, 10, 158, 1115, 1086, 1112]	77583
163	0.9219648359889768	0.9842175308748508	1.780457846853921	3.459532293516329	[2764, 258, 132, 1108, 1086, 1112]	74811
164	0.9231690823471717	0.9846383967181881	1.780457846853921	2.1976818767155635	[10, 734, 1203, 174, 1086, 1112]	77671
165	0.9243547446566289	0.9849228708530364	1.780457846853921	3.0091646099295257	[241, 132, 1713, 174, 1086, 1112]	76299
166	0.9255221097082241	0.9852020769483506	1.780457846853921	2.1976818767155635	[10, 734, 1203, 174, 1086, 1112]	74076
167	0.9266714598670478	0.9855309196828317	1.780457846853921	2.6743890052643993	[2004, 19, 132, 1108, 1086, 1112]	76595
168	0.9278030731407044	0.985852454800991	1.780457846853921	3.260479038210432	[1715, 132, 1713, 174, 1086, 1112]	75702
169	0.9289172232465578	0.9861668446943023	1.780457846853921	3.528922042863038	[2528, 3459, 1203, 174, 1086, 1112]	71253
170	0.9300141796779381	0.9864742481455401	1.780457846853921	3.94674858093202	[1792, 496, 3366, 150, 1086, 1112]	76098
171	0.9310942077693279	0.9869070722048827	1.780457846853921	3.5800061191568133	[19, 241, 1729, 1094, 1086, 1112]	75774
172	0.932157568760542	0.9872562169460859	1.780457846853921	2.2790614829839417	[19, 734, 1203, 174, 1086, 1112]	74938
173	0.9332045198599164	0.9875394121250618	1.780457846853921	3.3802769052980004	[1515, 1031, 132, 1108, 1086, 1112]	81635
174	0.9342353143065225	0.9878716944683934	1.780457846853921	2.702639471550251	[77, 19, 132, 1108, 1086, 1112]	77763
175	0.9352502014314219	0.9883374214008072	1.780457846853921	3.32346175437313	[2040, 545, 132, 1108, 1086, 1112]	72523
176	0.936249426717974	0.9887106239159813	1.780457846853921	2.1976818767155635	[10, 734, 1203, 174, 1086, 1112]	75855
177	0.9372332318612151	0.9889196864360558	1.780457846853921	2.2790614829839417	[19, 734, 1203, 174, 1086, 1096]	79392
178	0.9382018548263199	0.9893451704769112	1.780457846853921	2.8070241504084494	[3621, 1720, 132, 1108, 1086, 1112]	75553
179	0.9391555299061606	0.9897543159305978	1.780457846853921	2.961062504761295	[241, 1587, 132, 1108, 1086, 1112]	79236
180	0.9400944877779791	0.9900821778208186	1.780457846853921	3.58966803006855	[2872, 241, 1729, 1094, 1086, 1112]	76327
181	0.9410189555591831	0.9903025738692449	1.780457846853921	3.9614854619594526	[2307, 1468, 1546, 234, 1086, 1112]	74857
182	0.9419291568622822	0.9906128915054291	1.780457846853921	3.204410474350957	[5032, 23, 5272, 174, 1086, 1112]	75323
183	0.9428253118489753	0.9909132789772553	1.780457846853921	3.484094806967457	[2004, 19, 132, 1094, 1086, 1112]	70513
184	0.9437076372834047	0.9910815515887876	1.780457846853921	3.0836053386938795	[241, 132, 19, 334, 1086, 1112]	74548
185	0.9445763465845868	0.9913669419379465	1.780457846853921	3.3383536017876443	[2872, 241, 132, 1094, 1086, 1112]	74446
186	0.9454316498780345	0.99152681338354	1.780457846853921	3.758359653125659	[107, 420, 158, 1115, 1086, 1112]	75888
187	0.9462737540465833	0.9916837242468078	1.780457846853921	3.460050044086323	[734, 19, 1987, 334, 1086, 1112]	71494
188	0.9471028627804323	0.99194984507091	1.780457846853921	3.0466300264731196	[4118, 23, 5272, 174, 1086, 1112]	74936
189	0.9479191766264133	0.992164515869019	1.780457846853921	3.397083781329468	[241, 132, 387, 344, 1086, 1112]	73562
190	0.9487228930364995	0.9924152513612104	1.780457846853921	3.866616265254481	[269, 1402, 1078, 334, 1086, 1112]	74469
191	0.9495142064155659	0.9925557096693362	1.780457846853921	2.1976818767155635	[10, 734, 1203, 174, 1086, 1112]	73269
192	0.9502933081684121	0.9927542240781538	1.780457846853921	3.6060011103515626	[2040, 1451, 1713, 174, 1086, 1112]	71826
193	0.9510603867460601	0.9928884051137435	1.780457846853921	3.5605912733082006	[241, 19, 1987, 334, 1086, 1112]	76048
194	0.9518156276913369	0.9930780476440437	1.780457846853921	3.5253359932117423	[1849, 420, 158, 1115, 1086, 1112]	75466
195	0.9525592136837545	0.9932062319469318	1.780457846853921	2.518985889172849	[19, 241, 132, 1108, 1086, 1112]	79158
196	0.9532913245836966	0.9933320424664331	1.780457846853921	2.1976818767155635	[10, 734, 1203, 174, 1086, 1112]	72328
197	0.9540121374759235	0.9935454171075072	1.780457846853921	3.6724015947973507	[241, 132, 1729, 1094, 1086, 1112]	78410
198	0.9547218267124061	0.9937175393179737	1.780457846853921	2.8070241504084494	[3621, 1720, 132, 1108, 1086, 1096]	70065
199	0.9554205639544987	0.9939185780597986	1.780457846853921	3.204410474350957	[5032, 23, 5272, 174, 1086, 1112]	73407
200	0.9561085182144601	0.994012427163814	1.780457846853921	1.9156583628661144	[1549, 162, 10, 734, 19, 794]	78665
201	0.9567858558963357	0.9941233081422619	1.780457846853921	3.460050044086323	[734, 19, 1987, 334, 1086, 1112]	78695
202	0.9574527408362071	0.9942800199251349	1.780457846853921	2.775355892909582	[241, 1720, 132, 1108, 1086, 1112]	78633
203	0.9581093343418212	0.9944325527271313	1.780457846853921	3.7536729288630175	[2789, 2558, 255, 174, 1086, 1112]	77753
204	0.9587557952316079	0.9945810179877411	1.780457846853921	2.6296491148067798	[241, 1031, 132, 1108, 1086, 1112]	77115
205	0.9593922798730954	0.9946813695064867	1.780457846853921	4.016137201176496	[950, 1987, 19, 334, 1086, 1112]	80201
206	0.9600189422207328	0.9947798626637739	1.780457846853921	2.2790614829839417	[19, 734, 1203, 174, 1086, 1112]	76893
207	0.960635933853129	0.9949469070585332	1.780457846853921	3.316188644224363	[2627, 261, 132, 1108, 1086, 1112]	78162
208	0.9612434040097164	0.995059198012788	1.780457846853921	3.5247094981667253	[2387, 1663, 1546, 234, 1086, 1112]	73088
209	0.9618414996268504	0.9952238914123618	1.780457846853921	3.4225800030903457	[4196, 1663, 1546, 234, 1086, 1112]	73857
210	0.9624303653733497	0.9953123378676884	1.780457846853921	3.756627996100052	[2015, 1663, 1546, 234, 1086, 1112]	77662
211	0.9630101436854893	0.9954373421912167	1.780457846853921	2.6296491148067798	[241, 1031, 132, 1108, 1086, 1096]	75540
212	0.963580974801454	0.9955218358543423	1.780457846853921	3.1589477053178707	[10, 734, 19, 334, 1086, 1112]	75519
213	0.9641429967952587	0.9956412535648932	1.780457846853921	3.6632814211403364	[241, 1126, 19, 334, 1086, 1112]	76451
214	0.9646963456101467	0.9957219710914692	1.780457846853921	2.702639471550251	[77, 19, 132, 1108, 1086, 1112]	75393
215	0.9652411550914716	0.9958360518623633	1.780457846853921	2.790120672112291	[241, 217, 132, 1108, 1086, 1112]	71774
216	0.9657775570190723	0.995947090479367	1.780457846853921	3.9616871501273216	[87, 1265, 193, 1115, 1086, 1112]	77093
217	0.9663056811391484	0.9960221443593787	1.780457846853921	3.5065031788170664	[811, 734, 19, 334, 1086, 1112]	73602
218	0.966825655195643	0.9961494357398787	1.780457846853921	3.409802677289374	[1791, 420, 158, 1115, 1086, 1112]	74280
219	0.9673376049611423	0.9962726537962026	1.780457846853921	3.6060011103515626	[3180, 843, 3094, 174, 1086, 1112]	77610
220	0.9678416542672975	0.9963554837118425	1.780457846853921	3.409802677289374	[1791, 420, 158, 1115, 1086, 1096]	79091
221	0.9683379250347776	0.9964229747542157	1.780457846853921	3.5605912733082006	[241, 19, 1987, 334, 1086, 1112]	77817
222	0.9688265373027594	0.9965374395620809	1.780457846853921	3.528922042863038	[2528, 3459, 1203, 174, 1086, 1112]	76992
223	0.9693076092579637	0.9966704018828969	1.780457846853921	3.884888031490436	[1551, 1879, 836, 1089, 1086, 1112]	74240
224	0.969781257263242	0.9967769490226442	1.780457846853921	3.204410474350957	[5032, 23, 5272, 174, 1086, 1096]	78443
225	0.9702475958857228	0.9968485723776966	1.780457846853921	3.9806954257650524	[4015, 241, 217, 261, 1086, 1112]	75241
226	0.9707067379245234	0.9969326104476247	1.780457846853921	3.6167299521115073	[3621, 1720, 132, 1094, 1086, 1112]	75442
227	0.9711587944380339	0.9970307669133007	1.780457846853921	3.6060011103515626	[3180, 843, 3094, 174, 1086, 1112]	78213
228	0.9716038747707803	0.9970857527112025	1.780457846853921	2.1976818767155635	[10, 734, 1203, 174, 1086, 1096]	74038
229	0.9720420865798731	0.9971505137620646	1.780457846853921	3.462983623397844	[1742, 400, 19, 334, 1086, 1112]	72712
230	0.9724735358610479	0.9972032820257302	1.780457846853921	3.0172048542480914	[19, 132, 1713, 174, 1086, 1096]	76813
231	0.9728983269743033	0.9972778611717107	1.780457846853921	3.5779691026203686	[160, 320, 836, 1089, 1086, 1112]	72644
232	0.9733165626691443	0.997364969614216	1.780457846853921	3.838061935263993	[1719, 1192, 836, 1089, 1086, 1112]	76084
233	0.9737283441094353	0.9974235258450111	1.780457846853921	3.5995927639097713	[300, 301, 2627, 261, 1086, 1112]	76968
234	0.97413377089787	0.9974807808262331	1.780457846853921	3.260479038210432	[1715, 132, 1713, 174, 1086, 1112]	74293
235	0.9745329411000634	0.9975613958397936	1.780457846853921	3.4225800030903457	[4196, 1663, 1546, 234, 1086, 1112]	73216
236	0.9749259512682722	0.9976394311729203	1.780457846853921	3.184750484208875	[813, 19, 132, 1108, 1086, 1112]	75950
237	0.9753128964647495	0.9977149693753868	1.780457846853921	3.613369342697065	[988, 420, 158, 1115, 1086, 1112]	78037
238	0.975693870284738	0.9977657478337115	1.780457846853921	3.750646097789165	[1548, 19, 132, 1094, 1086, 1096]	76870
239	0.9760689648791093	0.9978372439030327	1.780457846853921	3.5644935086479057	[1414, 3251, 3248, 334, 1086, 1112]	77303
240	0.9764382709766539	0.9978772949418655	1.780457846853921	3.5432222043472263	[87, 1265, 255, 174, 1086, 1112]	74052
241	0.9768018779060265	0.9979244661653797	1.780457846853921	3.5644935086479057	[1414, 3251, 3248, 334, 1086, 1112]	73476
242	0.9771598736173532	0.9979908832480875	1.780457846853921	3.585810503855643	[2040, 438, 2627, 261, 1086, 1112]	73175
243	0.9775123447035052	0.9980280891138636	1.780457846853921	3.56678126317036	[19, 241, 217, 261, 1086, 1112]	70598
244	0.9778593764210437	0.9980719093557777	1.780457846853921	3.260479038210432	[1726, 132, 1713, 174, 1086, 1096]	75222
245	0.9782010527108425	0.9981076147380782	1.780457846853921	3.592725015116719	[2149, 420, 158, 1115, 1086, 1112]	59271
246	0.9785374562183912	0.9981426589095953	1.780457846853921	3.5492810816234277	[158, 420, 1822, 1094, 1086, 1096]	66539
247	0.9788686683137864	0.9981839331560487	1.780457846853921	3.575302319672975	[1851, 159, 1713, 174, 1086, 1112]	65486
248	0.9791947691114131	0.9982242901970254	1.780457846853921	3.528922042863038	[2528, 3459, 1203, 174, 1086, 1112]	75771
249	0.9795158374893234	0.998271642458438	1.780457846853921	3.879539149408224	[1456, 23, 5272, 174, 1086, 1112]	78447
250	0.9798319511083153	0.998303649079578	1.780457846853921	3.184750484208875	[813, 19, 132, 1108, 1086, 1112]	74435
251	0.9801431864307178	0.9983413457666985	1.780457846853921	2.5286478000845856	[2872, 241, 132, 1108, 1086, 1112]	73977
252	0.9804496187388858	0.9983720615858338	1.780457846853921	3.397083781329468	[241, 132, 387, 344, 1086, 1112]	74006
253	0.9807513221534092	0.9984082379950374	1.780457846853921	3.575302319672975	[1851, 159, 1713, 174, 1086, 1112]	75669
254	0.9810483696510417	0.9984506849818364	1.780457846853921	3.5779691026203686	[157, 320, 836, 1089, 1086, 1112]	74908
255	0.9813408330823528	0.9984793760006914	1.780457846853921	2.5872420769840634	[811, 3459, 1203, 174, 1086, 1112]	76680
256	0.9816287831891066	0.9985131676451204	1.780457846853921	3.5673687331398343	[2297, 400, 19, 334, 1086, 1112]	76981
257	0.9819122896213734	0.9985462083641178	1.780457846853921	3.260479038210432	[1715, 132, 1713, 174, 1086, 1112]	73556
258	0.982191420954377	0.998592729696466	1.780457846853921	3.4455895737600724	[190, 196, 1078, 334, 1086, 1112]	75603
259	0.982466244705081	0.9986187902576426	1.780457846853921	3.775462889659569	[420, 158, 1546, 234, 1086, 1112]	75711
260	0.9827368273485212	0.998662988969398	1.780457846853921	3.0466300264731196	[4118, 23, 5272, 174, 1086, 1112]	75591
261	0.9830032343338835	0.9986877484329276	1.780457846853921	3.213233408312252	[241, 132, 217, 261, 1086, 1096]	75018
262	0.9832655301003359	0.9987120493878734	1.780457846853921	3.0091646099295257	[241, 132, 1713, 174, 1086, 1112]	73603
263	0.9835237780926147	0.998735900325135	1.780457846853921	3.2554358471025484	[1580, 438, 2627, 261, 1086, 1112]	80083
264	0.9837780407763707	0.9987763515147308	1.780457846853921	3.866616265254481	[1781, 1402, 1078, 334, 1086, 1096]	80246
265	0.9840283796532785	0.9988155082662593	1.780457846853921	3.866616265254481	[1781, 1402, 1078, 334, 1086, 1112]	75673
266	0.9842748552759131	0.998853412001739	1.780457846853921	3.2822253990034573	[1819, 1513, 2680, 3821, 386, 794]	76744
267	0.9845175272623958	0.9988788917350337	1.780457846853921	3.184750484208875	[813, 19, 132, 1108, 1086, 1112]	73660
268	0.9847564543108157	0.9988996529991998	1.780457846853921	3.7498600569240876	[382, 409, 19, 334, 1086, 1112]	77809
269	0.9849916942134266	0.9989241051547731	1.780457846853921	3.462983623397844	[1742, 400, 19, 334, 1086, 1112]	79369
270	0.9852233038706267	0.9989480139291115	1.780457846853921	3.260479038210432	[1726, 132, 1713, 174, 1086, 1112]	79300
271	0.9854513393047221	0.9989674951526465	1.780457846853921	3.736204611367037	[77, 19, 1987, 334, 1086, 1112]	76509
272	0.9856758556734764	0.9989904397048098	1.780457846853921	3.5065031788170664	[811, 734, 19, 334, 1086, 1112]	74003
273	0.9858969072834536	0.9990091352658319	1.780457846853921	2.5872420769840634	[811, 3459, 1203, 174, 1086, 1096]	70051
274	0.9861145476031533	0.9990311544821467	1.780457846853921	2.6743890052643993	[2004, 19, 132, 1108, 1086, 1112]	76386
275	0.9863288292759441	0.9990490960658107	1.780457846853921	2.426484904269537	[734, 19, 132, 1108, 1086, 1096]	75235
276	0.9865398041327968	0.9990744535040558	1.780457846853921	3.184750484208875	[813, 19, 132, 1108, 1086, 1112]	76565
277	0.9867475232048216	0.9990991347439476	1.780457846853921	3.2554358471025484	[1580, 438, 2627, 261, 1086, 1112]	78806
278	0.9869520367356114	0.9991279624321413	1.780457846853921	3.5673687331398343	[2297, 400, 19, 334, 1086, 1112]	76908
279	0.9871533941933952	0.9991558676343127	1.780457846853921	3.8661440547314783	[2636, 301, 2627, 261, 1086, 1112]	62557
280	0.9873516442830033	0.999174626131328	1.780457846853921	3.5247094981667253	[2387, 1663, 1546, 234, 1086, 1096]	70736
281	0.9875468349576483	0.9992010380951255	1.780457846853921	3.6060011103515626	[3179, 843, 3094, 174, 1086, 1112]	59934
282	0.9877390134305241	0.9992158336859566	1.780457846853921	3.5605912733082006	[241, 19, 1987, 334, 1086, 1112]	70069
283	0.9879282261862259	0.9992367447876643	1.780457846853921	3.5779691026203686	[157, 320, 836, 1089, 1086, 1112]	70134
284	0.988114518991994	0.999261168954459	1.780457846853921	3.5247094981667253	[2387, 1663, 1546, 234, 1086, 1112]	67731
285	0.9882979369087842	0.9992808711156735	1.780457846853921	3.6022839188384888	[193, 1265, 255, 174, 1086, 1112]	56441
286	0.9884785243021672	0.9992968517575475	1.780457846853921	3.3383536017876443	[2872, 241, 132, 1094, 1086, 1112]	60013
287	0.9886563248530597	0.9993156023773462	1.780457846853921	3.6178645301457264	[10, 301, 2627, 261, 1086, 1112]	72357
288	0.9888313815682902	0.9993375031012711	1.780457846853921	3.926892758259741	[1781, 390, 3248, 334, 1086, 1112]	85069
289	0.9890037367910018	0.9993629429821823	1.780457846853921	3.081560325988364	[241, 1126, 132, 1108, 1086, 1112]	71757
290	0.9891734322108937	0.9993747403343641	1.780457846853921	3.0373270629232803	[3284, 734, 1203, 174, 1086, 1112]	72091
291	0.9893405088743059	0.9993886349936004	1.780457846853921	3.94674858093202	[1792, 496, 3366, 150, 1086, 1096]	73436
292	0.9895050071941468	0.999399956567793	1.780457846853921	2.426484904269537	[734, 19, 132, 1108, 1086, 1096]	71436
293	0.9896669669596693	0.9994229982355898	1.780457846853921	2.8070241504084494	[3621, 1720, 132, 1108, 1086, 1112]	70555
294	0.9898264273460942	0.9994414622920509	1.780457846853921	3.8186126393093716	[1791, 420, 1582, 1087, 1086, 1112]	70055
295	0.9899834269240865	0.9994593354987052	1.780457846853921	3.184750484208875	[813, 19, 132, 1108, 1086, 1112]	55970
296	0.9901380036690851	0.9994713502654007	1.780457846853921	2.793516874800511	[1259, 734, 1203, 174, 1086, 1112]	68240
297	0.9902901949704882	0.9994811400753008	1.780457846853921	3.5504141572377215	[10, 158, 1713, 174, 1086, 1112]	71980
298	0.9904400376406967	0.9994926702958495	1.780457846853921	2.8070241504084494	[3621, 1720, 132, 1108, 1086, 1112]	57133
299	0.9905875679240193	0.9995089048463824	1.780457846853921	3.316188644224363	[2627, 261, 132, 1108, 1086, 1112]	56058
300	0.9907328215054387	0.9995252746848363	1.780457846853921	3.9714357928126214	[1813, 1666, 1546, 234, 1086, 1112]	56254
301	0.9908758335192437	0.999537934026574	1.780457846853921	2.545237350214759	[811, 734, 1203, 174, 1086, 1112]	63130
302	0.991016638557527	0.9995482021593168	1.780457846853921	3.529057945505385	[1791, 420, 1822, 1094, 1086, 1112]	78712
303	0.9911552706785528	0.9995565687859961	1.780457846853921	3.7669971618612905	[1879, 496, 217, 261, 1086, 1112]	74810
304	0.9912917634149948	0.999566422812974	1.780457846853921	2.545237350214759	[811, 734, 1203, 174, 1086, 1112]	76263
305	0.9914261497820474	0.9995760578615746	1.780457846853921	3.260479038210432	[1726, 132, 1713, 174, 1086, 1112]	78868
306	0.9915584622854109	0.999585478797984	1.780457846853921	2.940940296086106	[1548, 19, 132, 1108, 1086, 1112]	76350
307	0.9916887329291545	0.9995987434764485	1.780457846853921	3.866616265254481	[269, 1402, 1078, 334, 1086, 1112]	77189
308	0.9918169932234577	0.9996094436504099	1.780457846853921	2.518985889172849	[19, 241, 132, 1108, 1086, 1112]	78405
309	0.9919432741922315	0.9996166761754023	1.780457846853921	3.8498112984743313	[269, 132, 1713, 174, 1086, 1112]	78865
310	0.992067606380623	0.9996251944826156	1.780457846853921	3.6022839188384888	[193, 1265, 255, 174, 1086, 1112]	77564
311	0.9921900198624035	0.9996351892964125	1.780457846853921	3.3692329725658183	[1580, 301, 2627, 261, 1086, 1112]	75851
312	0.992310544247243	0.9996449175818415	1.780457846853921	4.031403602506499	[1799, 1019, 1010, 1105, 1086, 1112]	74610
313	0.9924292086878719	0.9996543864463258	1.780457846853921	4.332906285021676	[1579, 1580, 301, 1092, 1086, 1112]	75976
314	0.9925460418871331	0.999663602807757	1.780457846853921	3.585810503855643	[10, 438, 2627, 261, 1086, 1112]	79069
315	0.9926610721049243	0.9996687941224521	1.780457846853921	1.780457846853921	[320, 232, 10, 734, 19, 794]	80791
316	0.9927743271650334	0.9996793927105337	1.780457846853921	3.58966803006855	[2872, 241, 1729, 1094, 1086, 1112]	77798
317	0.9928858344618694	0.9996865173169662	1.780457846853921	4.560016706547704	[1586, 107, 420, 458, 1086, 1112]	78216
318	0.9929956209670875	0.9996934835988115	1.780457846853921	3.4686455498577784	[1265, 734, 1203, 174, 1086, 1112]	77441
319	0.9931037132361139	0.9996991598284631	1.780457846853921	3.5432222043472263	[87, 1265, 255, 174, 1086, 1112]	77099
320	0.9932101374145689	0.9997058451656083	1.780457846853921	4.104565100777442	[1819, 241, 132, 261, 1086, 1112]	77774
321	0.993314919244591	0.9997112924773564	1.780457846853921	3.0091646099295257	[241, 132, 1713, 174, 1086, 1112]	72954
322	0.9934180840710634	0.9997166389129609	1.780457846853921	3.1589477053178707	[10, 734, 19, 334, 1086, 1112]	71712
323	0.9935196568477445	0.9997241952086152	1.780457846853921	3.0172048542480914	[19, 132, 1713, 174, 1086, 1112]	74657
324	0.993619662143304	0.9997303242039793	1.780457846853921	3.5764431740820974	[2872, 241, 217, 261, 1086, 1112]	72219
325	0.9937181241472653	0.9997363169994465	1.780457846853921	3.260479038210432	[1726, 132, 1713, 174, 1086, 1112]	70197
326	0.993815066675857	0.9997433485461279	1.780457846853921	4.0706424428960695	[1667, 1663, 1546, 234, 1086, 1112]	59494
327	0.9939105131777727	0.9997490519117695	1.780457846853921	3.7379752745274795	[1718, 132, 1713, 174, 1086, 1112]	70853
328	0.9940044867398441	0.9997570822505929	1.780457846853921	3.673264351591776	[21, 1417, 5272, 174, 1086, 1112]	65984
329	0.9940970100926243	0.9997635600572438	1.780457846853921	3.7232750780577044	[734, 19, 387, 344, 1086, 1112]	73315
330	0.9941881056158863	0.9997679385747023	1.780457846853921	2.5872420769840634	[811, 3459, 1203, 174, 1086, 1112]	70586
331	0.9942777953440362	0.9997756739555455	1.780457846853921	3.4714239837057717	[5415, 1587, 132, 1108, 1086, 1112]	60874
332	0.9943661009714431	0.9997806589787556	1.780457846853921	3.528922042863038	[2528, 3459, 1203, 174, 1086, 1112]	69991
333	0.9944530438576862	0.9997847208495193	1.780457846853921	2.9611430034036257	[781, 19, 132, 1108, 1086, 1112]	58601
334	0.9945386450327219	0.9997916097823347	1.780457846853921	3.4669248454207757	[3819, 438, 2627, 261, 1086, 1112]	70443
335	0.99462292520197	0.9997982782693	1.780457846853921	3.409802677289374	[1791, 420, 158, 1115, 1086, 1112]	57373
336	0.9947059047513224	0.999803657515452	1.780457846853921	3.70195466250723	[241, 1209, 132, 1094, 1086, 1112]	67639
337	0.9947876037520735	0.9998072934873881	1.780457846853921	3.184750484208875	[455, 19, 132, 1108, 1086, 1112]	67886
338	0.994868041965776	0.999811575854335	1.780457846853921	3.4225800030903457	[4196, 1663, 1546, 234, 1086, 1112]	67225
339	0.9949472388490203	0.9998188113415285	1.780457846853921	2.6296491148067798	[241, 1031, 132, 1108, 1086, 1112]	55339
340	0.9950252135581403	0.9998246093785996	1.780457846853921	3.575302319672975	[1851, 159, 1713, 174, 1086, 1112]	65516
341	0.995101984953848	0.999829286461837	1.780457846853921	3.409802677289374	[1791, 420, 158, 1115, 1086, 1096]	70206
342	0.9951775716057949	0.9998324478236548	1.780457846853921	3.4051240256480337	[19, 132, 387, 344, 1086, 1112]	70171
343	0.9952519917970635	0.9998355506417352	1.780457846853921	2.1976818767155635	[10, 734, 1203, 174, 1086, 1096]	64119
344	0.9953252635285903	0.9998392050719189	1.780457846853921	3.5247094981667253	[2387, 1663, 1546, 234, 1086, 1112]	68577
345	0.9953974045235194	0.9998434929366677	1.780457846853921	2.426484904269537	[734, 19, 132, 1108, 1086, 1112]	66099
346	0.9954684322314897	0.9998476664583567	1.780457846853921	2.775355892909582	[241, 1720, 132, 1108, 1086, 1112]	70026
347	0.9955383638328557	0.9998504874498686	1.780457846853921	2.545237350214759	[811, 734, 1203, 174, 1086, 1112]	68761
348	0.9956072162428424	0.9998562287317936	1.780457846853921	3.9237160230782564	[1715, 132, 1729, 1094, 1086, 1112]	61165
349	0.9956750061156381	0.9998588911626863	1.780457846853921	3.7559304011572747	[734, 19, 132, 261, 1086, 1112]	56239
350	0.9957417498484215	0.9998634066454803	1.780457846853921	4.306592233815799	[1820, 10, 161, 1023, 1086, 1112]	66908
351	0.9958074635853286	0.9998659361520456	1.780457846853921	2.518985889172849	[19, 241, 132, 1108, 1086, 1112]	65984
352	0.9958721632213574	0.9998684188158965	1.780457846853921	3.9343585605063875	[269, 1337, 240, 234, 1086, 1112]	56459
353	0.9959358644062131	0.9998726294137879	1.780457846853921	3.833928826683146	[4647, 168, 132, 1108, 1086, 1112]	58332
354	0.9959985825480925	0.9998754598712593	1.780457846853921	3.663877168314336	[2309, 420, 1822, 1094, 1086, 1112]	58727
355	0.996060332817412	0.999879445155379	1.780457846853921	3.5891433710848464	[1807, 157, 1713, 174, 1086, 1112]	68757
356	0.9961211301504767	0.9998826599512355	1.780457846853921	3.2554358471025484	[1580, 438, 2627, 261, 1086, 1112]	67326
357	0.9961809892530927	0.9998864148327959	1.780457846853921	3.3383536017876443	[2872, 241, 132, 1094, 1086, 1112]	64671
358	0.9962399246041252	0.9998894437705881	1.780457846853921	3.843804425147278	[1549, 107, 836, 1089, 1086, 1112]	69315
359	0.9962979504589998	0.9998914911081698	1.780457846853921	3.6663831967223626	[359, 158, 1713, 174, 1086, 1112]	64092
360	0.9963550808531512	0.9998949633927083	1.780457846853921	3.3383536017876443	[2872, 241, 132, 1094, 1086, 1112]	67675
361	0.9964113296054173	0.9998969085150656	1.780457846853921	2.775355892909582	[241, 1720, 132, 1108, 1086, 1112]	75392
362	0.9964667103213831	0.999898499433043	1.780457846853921	1.9447608981451974	[193, 232, 10, 734, 19, 794]	76131
363	0.9965212363966703	0.9999003790731718	1.780457846853921	3.8670757774883784	[1791, 420, 1546, 234, 1086, 1112]	73964
364	0.9965749210201785	0.9999025928715458	1.780457846853921	3.9944562859119337	[432, 19, 132, 1094, 1086, 1112]	72672
365	0.9966277771772746	0.9999047574744003	1.780457846853921	2.545237350214759	[811, 734, 1203, 174, 1086, 1112]	78015
366	0.9966798176529339	0.999907297275083	1.780457846853921	3.585810503855643	[10, 438, 2627, 261, 1086, 1112]	79652
367	0.9967310550348331	0.9999090139922111	1.780457846853921	2.790120672112291	[241, 217, 132, 1108, 1086, 1112]	79163
368	0.9967815017163943	0.9999106989182812	1.780457846853921	3.2554358471025484	[1580, 438, 2627, 261, 1086, 1112]	77549
369	0.9968311698997833	0.9999130802804603	1.780457846853921	3.4714239837057717	[1586, 1587, 132, 1108, 1086, 1112]	72613
370	0.9968800715988607	0.9999164179976907	1.780457846853921	3.838061935263993	[2582, 1192, 836, 1089, 1086, 1112]	77459
371	0.9969282186420881	0.9999190926217646	1.780457846853921	3.5995927639097713	[300, 301, 2627, 261, 1086, 1096]	68678
372	0.9969756226753893	0.9999205909065467	1.780457846853921	2.723312616127263	[107, 734, 1203, 174, 1086, 1112]	71716
373	0.9970222951649665	0.9999227084823722	1.780457846853921	3.8929202031877006	[1196, 2558, 255, 174, 1086, 1112]	69922
374	0.9970682474000752	0.9999241398067726	1.780457846853921	3.236190705972595	[734, 19, 132, 1094, 1086, 1096]	66958
375	0.9971134904957529	0.9999258255888444	1.780457846853921	3.4669248454207757	[3819, 438, 2627, 261, 1086, 1112]	73141
376	0.9971580353955098	0.9999286738862327	1.780457846853921	3.9534318621183226	[2309, 420, 1582, 1087, 1086, 1112]	68769
377	0.9972018928739742	0.9999299947401914	1.780457846853921	2.518985889172849	[19, 241, 132, 1108, 1086, 1112]	67228
378	0.9972450735394993	0.9999312911338916	1.780457846853921	3.0836053386938795	[241, 132, 19, 334, 1086, 1096]	72059
379	0.9972875878367292	0.9999331233703211	1.780457846853921	3.5779691026203686	[257, 320, 836, 1089, 1086, 1112]	71100
380	0.9973294460491254	0.9999346095176473	1.780457846853921	3.9854341029169698	[421, 438, 3366, 150, 1086, 1112]	83628
381	0.9973706583014538	0.9999360626394774	1.780457846853921	3.4347039664096126	[421, 438, 2627, 261, 1086, 1112]	67231
382	0.9974112345622338	0.9999381086350141	1.780457846853921	2.793516874800511	[1259, 734, 1203, 174, 1086, 1112]	67498
383	0.9974511846461499	0.9999397590714137	1.780457846853921	2.6296491148067798	[241, 1031, 132, 1108, 1086, 1112]	73072
384	0.9974905182164254	0.9999410977587156	1.780457846853921	3.334919766974785	[1715, 132, 19, 334, 1086, 1112]	57792
385	0.9975292447871595	0.9999421885409616	1.780457846853921	3.0172048542480914	[19, 132, 1713, 174, 1086, 1112]	67896
386	0.9975673737256293	0.9999434732400514	1.780457846853921	3.3383536017876443	[2872, 241, 132, 1094, 1086, 1112]	72607
387	0.9976049142545548	0.9999447293902725	1.780457846853921	4.254859046245974	[269, 2013, 344, 174, 1086, 1112]	65237
388	0.9976418754543301	0.9999457529200823	1.780457846853921	2.426484904269537	[734, 19, 132, 1108, 1086, 1112]	68321
389	0.9976782662652202	0.9999467574956363	1.780457846853921	4.347805158755419	[2348, 2372, 793, 636, 1086, 1112]	67426
390	0.9977140954895223	0.999948461255776	1.780457846853921	2.7751196038897037	[1819, 241, 132, 1108, 1086, 1112]	66823
391	0.9977493717936964	0.9999501104955911	1.780457846853921	3.7254107014033675	[1873, 10, 158, 1115, 1086, 1096]	56756
392	0.9977841037104603	0.9999514408823753	1.780457846853921	3.626211045907998	[1580, 438, 132, 1108, 1086, 1112]	66911
393	0.9978182996408544	0.9999529947741393	1.780457846853921	3.6445912614277525	[1849, 420, 1822, 1094, 1086, 1112]	58135
394	0.9978519678562733	0.9999538652412849	1.780457846853921	3.4686455498577784	[1265, 734, 1203, 174, 1086, 1112]	67468
395	0.9978851165004666	0.9999547195886686	1.780457846853921	3.4393549165098385	[241, 1031, 132, 1094, 1086, 1096]	69594
396	0.9979177535915088	0.9999557258200314	1.780457846853921	3.260479038210432	[1715, 132, 1713, 174, 1086, 1112]	70937
397	0.9979498870237387	0.9999567096906974	1.780457846853921	3.409802677289374	[1791, 420, 158, 1115, 1086, 1112]	69218
398	0.9979815245696686	0.9999575113630919	1.780457846853921	2.723312616127263	[107, 734, 1203, 174, 1086, 1112]	61121
399	0.9980126738818651	0.9999586443934094	1.780457846853921	3.5005121038821185	[734, 10, 158, 1115, 1086, 1112]	70402
400	0.9980433424947992	0.9999595634068892	1.780457846853921	3.613369342697065	[1582, 420, 158, 1115, 1086, 1112]	69240
401	0.9980735378266696	0.9999603122326876	1.780457846853921	3.6412264034130413	[107, 10, 158, 1115, 1086, 1112]	72572
402	0.9981032671811964	0.9999615822412415	1.780457846853921	3.184750484208875	[1456, 19, 132, 1108, 1086, 1112]	70543
403	0.9981325377493877	0.9999622936812186	1.780457846853921	2.1976818767155635	[10, 734, 1203, 174, 1086, 1112]	73488
404	0.9981613566112799	0.9999628755688541	1.780457846853921	2.2201168305668832	[1265, 415, 10, 734, 19, 794]	71303
405	0.998189730737649	0.9999637005562129	1.780457846853921	3.184750484208875	[3167, 19, 132, 1108, 1086, 1096]	66688
406	0.9982176669916977	0.9999654429295147	1.780457846853921	3.4714239837057717	[2146, 1728, 132, 1108, 1086, 1096]	64359
407	0.9982451721307147	0.9999660828752645	1.780457846853921	3.1589477053178707	[10, 734, 19, 334, 1086, 1112]	56937
408	0.9982722528077098	0.9999671682232559	1.780457846853921	3.9196196481109737	[1550, 420, 1822, 1094, 1086, 1112]	67114
409	0.998298915573023	0.9999678978182946	1.780457846853921	3.334919766974785	[1715, 132, 19, 334, 1086, 1096]	68927
410	0.9983251668759084	0.9999684923031411	1.780457846853921	3.5065031788170664	[811, 734, 19, 334, 1086, 1112]	67390
411	0.998351013066095	0.9999693325083907	1.780457846853921	3.459532293516329	[2764, 258, 132, 1108, 1086, 1112]	66407
412	0.9983764603953219	0.9999701503081669	1.780457846853921	3.0172048542480914	[19, 132, 1713, 174, 1086, 1112]	67701
413	0.9984015150188509	0.9999707030802379	1.780457846853921	3.736204611367037	[77, 19, 1987, 334, 1086, 1112]	67526
414	0.9984261829969551	0.9999713541228993	1.780457846853921	3.528922042863038	[1892, 3459, 1203, 174, 1086, 1112]	61141
415	0.9984504702963848	0.9999721180129553	1.780457846853921	3.884888031490436	[1551, 1879, 836, 1089, 1086, 1112]	69427
416	0.9984743827918109	0.9999727376126674	1.780457846853921	3.334919766974785	[1726, 132, 19, 334, 1086, 1112]	67561
417	0.998497926267246	0.999973464609663	1.780457846853921	3.7119802833327293	[2149, 420, 1822, 1094, 1086, 1112]	64488
418	0.9985211064174427	0.9999743137421537	1.780457846853921	3.6483982096103746	[1726, 132, 387, 344, 1086, 1112]	60278
419	0.9985439288492723	0.9999747894135953	1.780457846853921	2.702639471550251	[77, 19, 132, 1108, 1086, 1112]	60016
420	0.9985663990830799	0.9999754616958995	1.780457846853921	3.843804425147278	[1549, 107, 836, 1089, 1086, 1112]	71087
421	0.99858852255402	0.9999761160506755	1.780457846853921	3.3802769052980004	[1515, 1031, 132, 1108, 1086, 1112]	68545
422	0.9986103046133715	0.9999767529559908	1.780457846853921	3.428024668171216	[1647, 1697, 132, 1108, 1086, 1096]	66750
423	0.9986317505298319	0.999977496861399	1.780457846853921	3.3692329725658183	[1580, 301, 2627, 261, 1086, 1112]	76534
424	0.9986528654907912	0.9999780969450951	1.780457846853921	2.518985889172849	[19, 241, 132, 1108, 1086, 1112]	68759
425	0.9986736546035877	0.999978502557223	1.780457846853921	3.5432222043472263	[87, 1265, 255, 174, 1086, 1112]	60656
426	0.9986941228967422	0.9999793280590256	1.780457846853921	3.704751074145321	[1530, 156, 1713, 174, 1086, 1112]	67805
427	0.9987142753211752	0.9999797108727474	1.780457846853921	3.6917975251449304	[1529, 156, 1713, 174, 1086, 1112]	64957
428	0.998734116751404	0.9999800865973261	1.780457846853921	3.8061659836099055	[1580, 438, 3366, 150, 1086, 1112]	65740
429	0.9987536519867218	0.9999804553640423	1.780457846853921	3.7598748653458536	[157, 10, 158, 1115, 1086, 1112]	69832
430	0.9987728857523588	0.9999808173017453	1.780457846853921	2.2790614829839417	[19, 734, 1203, 174, 1086, 1112]	82551
431	0.9987918227006248	0.9999812435839287	1.780457846853921	3.6483982096103746	[1715, 132, 387, 344, 1086, 1112]	74436
432	0.9988104674120349	0.999981590924967	1.780457846853921	3.6022839188384888	[193, 1265, 255, 174, 1086, 1112]	68012
433	0.9988288243964172	0.9999820000155233	1.780457846853921	2.793516874800511	[1259, 734, 1203, 174, 1086, 1112]	70010
434	0.9988468980940033	0.9999824000151784	1.780457846853921	3.6483982096103746	[1726, 132, 387, 344, 1086, 1112]	66910
435	0.9988646928765033	0.9999827259408232	1.780457846853921	3.5005121038821185	[734, 10, 158, 1115, 1086, 1112]	61749
436	0.9988822130481622	0.9999835550956637	1.780457846853921	3.069833347705165	[2607, 1587, 132, 1108, 1086, 1112]	69993
437	0.9988994628468016	0.9999839205379822	1.780457846853921	3.0373270629232803	[3284, 734, 1203, 174, 1086, 1112]	71570
438	0.9989164464448448	0.9999842778593604	1.780457846853921	3.697543484746859	[1819, 241, 19, 334, 1086, 1112]	73500
439	0.9989331679503256	0.9999846272402635	1.780457846853921	3.7232750780577044	[734, 19, 387, 344, 1086, 1112]	72250
440	0.9989496314078823	0.9999848644742101	1.780457846853921	2.5026274966442177	[331, 241, 1720, 132, 19, 794]	68717
441	0.9989658407997359	0.9999852680882312	1.780457846853921	3.536331055654151	[331, 241, 132, 1094, 1086, 1112]	60220
442	0.9989818000466536	0.999985540901412	1.780457846853921	2.2790614829839417	[19, 734, 1203, 174, 1086, 1096]	69347
443	0.9989975130088966	0.9999859264773744	1.780457846853921	3.613369342697065	[988, 420, 158, 1115, 1086, 1112]	66850
444	0.9990129834871544	0.9999863768300984	1.780457846853921	3.4455895737600724	[190, 196, 1078, 334, 1086, 1096]	68578
445	0.9990282152234637	0.9999868127715352	1.780457846853921	3.069833347705165	[2607, 1587, 132, 1108, 1086, 1112]	57310
446	0.999043211902114	0.999987164430961	1.780457846853921	3.5644935086479057	[1414, 3251, 3248, 334, 1086, 1112]	63569
447	0.9990579771505381	0.9999875751691703	1.780457846853921	3.833928826683146	[5213, 168, 132, 1108, 1086, 1112]	69711
448	0.9990725145401903	0.9999879064979924	1.780457846853921	3.5779691026203686	[160, 320, 836, 1089, 1086, 1096]	67416
449	0.9990868275874096	0.9999881752424814	1.780457846853921	3.184750484208875	[2006, 19, 132, 1108, 1086, 1112]	66901
450	0.9991009197542706	0.9999884380148707	1.780457846853921	3.5673687331398343	[2297, 400, 19, 334, 1086, 1112]	62465
451	0.9991147944494208	0.9999886949478736	1.780457846853921	3.671150278463103	[2490, 390, 3248, 334, 1086, 1112]	65171
452	0.999128455028905	0.9999890717829445	1.780457846853921	3.773546740312346	[3889, 1094, 132, 1108, 1086, 1112]	65413
453	0.9991419047969774	0.9999892741573344	1.780457846853921	2.545237350214759	[811, 734, 1203, 174, 1086, 1112]	62700
454	0.9991551470069007	0.9999895601798054	1.780457846853921	3.0373270629232803	[846, 734, 1203, 174, 1086, 1096]	68317
455	0.9991681848617324	0.9999898942540517	1.780457846853921	3.4885679563002645	[3869, 438, 2627, 261, 1086, 1112]	67055
456	0.9991810215151007	0.9999901637406103	1.780457846853921	3.5779691026203686	[257, 320, 836, 1089, 1086, 1112]	71123
457	0.9991936600719664	0.999990345893562	1.780457846853921	3.0373270629232803	[3284, 734, 1203, 174, 1086, 1112]	69820
458	0.9992061035893743	0.9999905246733108	1.780457846853921	1.963992260073085	[1799, 232, 10, 734, 19, 794]	69347
459	0.9992183550771927	0.9999907001423236	1.780457846853921	3.490617761732537	[241, 1729, 1822, 1094, 1086, 1112]	64986
460	0.999230417498841	0.9999908723619102	1.780457846853921	2.7266252539510933	[331, 241, 132, 1108, 1086, 1112]	69632
461	0.999242293772007	0.9999911157655926	1.780457846853921	3.967115338612812	[1265, 159, 1713, 174, 1086, 1112]	69241
462	0.9992539867693525	0.9999914000610937	1.780457846853921	2.6743890052643993	[2004, 19, 132, 1108, 1086, 1112]	64703
463	0.9992654993192083	0.9999916293927978	1.780457846853921	2.870736037412858	[3, 19, 132, 1108, 1086, 1112]	65848
464	0.9992768342062575	0.9999918526089898	1.780457846853921	3.459532293516329	[2764, 258, 132, 1108, 1086, 1112]	64853
465	0.9992879941722103	0.9999920698727501	1.780457846853921	3.5065031788170664	[811, 734, 19, 334, 1086, 1112]	63112
466	0.9992989819164663	0.9999922813428102	1.780457846853921	3.5492810816234277	[158, 420, 1822, 1094, 1086, 1096]	65493
467	0.9993098000967677	0.9999924871736685	1.780457846853921	3.2554358471025484	[1580, 438, 2627, 261, 1086, 1112]	59334
468	0.9993204513298424	0.999992687515704	1.780457846853921	3.5779691026203686	[157, 320, 836, 1089, 1086, 1112]	61914
469	0.9993309381920361	0.9999928229320799	1.780457846853921	3.5123452732533087	[77, 19, 132, 1094, 1086, 1096]	64593
470	0.9993412632199368	0.9999929558407451	1.780457846853921	3.9994296453384184	[77, 19, 387, 344, 1086, 1096]	59747
471	0.9993514289109872	0.9999930862881387	1.780457846853921	3.0091646099295257	[241, 132, 1713, 174, 1086, 1112]	60814
472	0.9993614377240893	0.9999932143198398	1.780457846853921	3.6842932849867926	[19, 387, 344, 174, 1086, 1112]	64919
473	0.9993712920801989	0.9999933399805835	1.780457846853921	3.917979333181071	[677, 1546, 234, 174, 1086, 1096]	59921
474	0.999380994362912	0.9999935531012049	1.780457846853921	2.6743890052643993	[2004, 19, 132, 1108, 1086, 1112]	64332
475	0.9993905469190398	0.9999936963656225	1.780457846853921	3.451071680941741	[2872, 241, 19, 334, 1086, 1112]	65076
476	0.9993999520591781	0.9999938130995925	1.780457846853921	2.8070241504084494	[3621, 1720, 132, 1108, 1086, 1096]	59437
477	0.9994092120582648	0.9999939505862682	1.780457846853921	3.4714239837057717	[1586, 1587, 132, 1108, 1086, 1096]	63342
478	0.9994183291561312	0.9999940626124484	1.780457846853921	2.9611430034036257	[781, 19, 132, 1108, 1086, 1112]	64659
479	0.9994273055580427	0.9999942209427831	1.780457846853921	3.213233408312252	[241, 132, 217, 261, 1086, 1112]	62225
480	0.9994361434352333	0.999994405872614	1.780457846853921	3.0172048542480914	[19, 132, 1713, 174, 1086, 1112]	66986
481	0.9994448449254304	0.9999945550493443	1.780457846853921	3.2554358471025484	[1580, 438, 2627, 261, 1086, 1112]	65131
482	0.9994534121333712	0.9999946760482478	1.780457846853921	2.6743890052643993	[2004, 19, 132, 1108, 1086, 1112]	62589
483	0.9994618471313131	0.9999948464147039	1.780457846853921	2.5286478000845856	[2872, 241, 132, 1108, 1086, 1112]	65767
484	0.9994701519595336	0.9999950113294334	1.780457846853921	3.5779691026203686	[257, 320, 836, 1089, 1086, 1112]	61721
485	0.9994783286268247	0.9999951037122217	1.780457846853921	2.723312616127263	[107, 734, 1203, 174, 1086, 1112]	68880
486	0.9994863791109787	0.9999952342798957	1.780457846853921	3.879539149408224	[19, 23, 5272, 174, 1086, 1112]	65020
487	0.999494305359266	0.9999953613657652	1.780457846853921	2.6296491148067798	[241, 1031, 132, 1108, 1086, 1112]	64175
488	0.999502109288907	0.9999954850626781	1.780457846853921	2.702639471550251	[77, 19, 132, 1108, 1086, 1112]	67042
489	0.9995097927875349	0.9999955853946186	1.780457846853921	3.5848254055927624	[1819, 241, 132, 1094, 1086, 1112]	74440
490	0.9995173577136532	0.9999956834969604	1.780457846853921	3.575302319672975	[1851, 159, 1713, 174, 1086, 1096]	73153
491	0.9995248058970845	0.9999957986037081	1.780457846853921	2.870736037412858	[3, 19, 132, 1108, 1086, 1096]	71707
492	0.9995321391394135	0.9999959330483894	1.780457846853921	3.805479165215062	[421, 438, 132, 1108, 1086, 1096]	72320
493	0.9995393592144225	0.9999960083623082	1.780457846853921	2.7266252539510933	[331, 241, 132, 1108, 1086, 1112]	72686
494	0.999546467868521	0.9999960822815247	1.780457846853921	3.752824415762799	[10, 161, 1713, 174, 1086, 1112]	79037
495	0.9995534668211672	0.9999961548318668	1.780457846853921	3.7008473606648478	[10, 157, 1713, 174, 1086, 1096]	80345
496	0.9995603577652851	0.9999962402800475	1.780457846853921	2.3677454998477403	[158, 420, 1582, 793, 2372, 794]	76938
497	0.9995671423676726	0.9999963238293799	1.780457846853921	3.544621900098326	[2309, 420, 158, 1115, 1086, 1096]	75157
498	0.999573822269406	0.9999965002855696	1.780457846853921	3.069833347705165	[2607, 1587, 132, 1108, 1086, 1112]	77607
499	0.9995803990862362	0.9999966122764313	1.780457846853921	3.069833347705165	[2607, 1587, 132, 1108, 1086, 1112]	78644
