0	0.0061198990216660976	0.0097181729834791	2.340398178917159	2.340398178917159	[107, 10, 734, 1203, 174, 1086, 1112]	166597
1	0.012202344879296834	0.02281713894930615	2.340398178917159	4.45348921249964	[107, 162, 1541, 159, 1023, 1086, 1112]	138974
2	0.01824756678247408	0.03231357102948784	2.340398178917159	3.2698792660251526	[158, 10, 734, 19, 334, 1086, 1112]	147600
3	0.024255792538040333	0.041717715139988454	2.340398178917159	4.207053714739074	[1794, 1879, 496, 217, 261, 1086, 1112]	158042
4	0.030227248558683195	0.05650602200511201	2.340398178917159	3.449457451827187	[241, 1720, 132, 1713, 174, 1086, 1112]	141374
5	0.036162159871467314	0.07106611425811948	2.340398178917159	3.0697056676845635	[1819, 241, 1031, 132, 1108, 1086, 1112]	127986
6	0.04206075012631472	0.08009365444997452	2.340398178917159	2.81050582782964	[3284, 811, 734, 1203, 174, 1086, 1112]	151109
7	0.04792324160443229	0.08775634787396469	2.340398178917159	4.170631358358586	[2238, 1549, 438, 2627, 261, 1086, 1112]	136175
8	0.0537498552266884	0.09535521211491449	2.340398178917159	3.1148748190664355	[1586, 107, 734, 1203, 174, 1086, 1112]	146344
9	0.05954081056193805	0.10181426932597004	2.340398178917159	3.5663504197217772	[241, 1209, 132, 1713, 174, 1086, 1112]	145999
10	0.06529632583529699	0.11054299362795283	2.340398178917159	3.9489934959712745	[1580, 301, 10, 158, 1115, 1086, 1112]	153353
11	0.07101661793636527	0.11795204824163086	2.2963978496547215	2.2963978496547215	[846, 10, 734, 1203, 174, 1086, 1112]	138588
12	0.0767019024274006	0.13156389934901302	2.2963978496547215	3.0697056676845635	[1819, 241, 1031, 132, 1108, 1086, 1112]	136006
13	0.0823523935514413	0.14000351160023738	2.2963978496547215	3.764660201867798	[77, 19, 132, 387, 344, 1086, 1096]	142830
14	0.08796830424038005	0.1471671641483403	2.2963978496547215	3.792217917290504	[1820, 10, 301, 2627, 261, 1086, 1112]	118611
15	0.09354984612298778	0.15545514117313775	2.2963978496547215	3.2381927086432682	[10, 734, 19, 132, 1094, 1086, 1112]	122144
16	0.0990972295328888	0.16249008377061258	2.2963978496547215	3.428889265862453	[813, 651, 734, 1203, 174, 1086, 1096]	126954
17	0.10461066351648673	0.17198566105212487	2.2963978496547215	3.6842025108052026	[2872, 241, 1729, 1822, 1094, 1086, 1112]	144999
18	0.11009035584084248	0.1788829066910076	2.2963978496547215	3.17425940896415	[1879, 496, 217, 132, 1108, 1086, 1112]	131135
19	0.11553651300150336	0.19155446677293642	2.2963978496547215	3.7439125216956306	[837, 162, 1192, 836, 1089, 1086, 1112]	123303
20	0.12094934023028481	0.19941108031255805	2.2963978496547215	4.109108359773247	[1667, 1660, 1663, 1546, 234, 1086, 1112]	139240
21	0.1263290415030044	0.20719134192273725	2.2963978496547215	3.8892140616708355	[331, 808, 1265, 255, 174, 1086, 1112]	132560
22	0.13167581954716823	0.212851902342162	2.2963978496547215	3.2381927086432682	[10, 734, 19, 132, 1094, 1086, 1112]	108534
23	0.13698987584961053	0.21940873780786652	2.2963978496547215	4.167025092598742	[1550, 420, 158, 1546, 234, 1086, 1112]	133777
24	0.14227141066408644	0.22498206745997906	2.2963978496547215	3.6446290711429956	[2149, 420, 158, 1713, 174, 1086, 1112]	145051
25	0.1475206230188183	0.23376911884932172	2.2963978496547215	4.37584617402464	[846, 10, 162, 420, 458, 1086, 1112]	128062
26	0.152737710723996	0.2424565438056786	2.2963978496547215	3.9628578890030424	[837, 232, 320, 836, 1089, 1086, 1112]	129827
27	0.1579228703792308	0.24876677667693492	2.2963978496547215	3.5525593625647307	[2004, 19, 132, 217, 261, 1086, 1112]	151193
28	0.1630762973809643	0.2541304933901358	2.2963978496547215	2.8785220653926133	[77, 19, 241, 132, 1108, 1086, 1112]	145670
29	0.1681981859298317	0.2639964921548166	2.2963978496547215	3.1455033926936977	[10, 232, 320, 836, 1089, 1086, 1112]	130149
30	0.17328872903797987	0.27114910156050354	2.2963978496547215	2.4284869069402104	[10, 734, 19, 132, 1108, 1086, 1112]	131802
31	0.1783481185363407	0.2807899864604969	2.2963978496547215	3.937435419371746	[1792, 1791, 420, 158, 1115, 1086, 1112]	139601
32	0.1833765450818603	0.28894429500402863	2.2963978496547215	4.730412031277445	[3819, 438, 10, 159, 1023, 1086, 1112]	124687
33	0.18837419816468337	0.2999173768712504	2.2963978496547215	4.281492511166404	[837, 420, 1879, 836, 1089, 1086, 1112]	108595
34	0.19334126611529434	0.30785482157792554	2.2963978496547215	4.05292790417838	[4138, 2168, 1714, 132, 1108, 1086, 1096]	141074
35	0.19827793611161382	0.3170101810808631	2.2963978496547215	3.7647275910015576	[107, 162, 2636, 836, 1089, 1086, 1112]	143163
36	0.2031843941860525	0.32364759428707435	2.2963978496547215	3.072870092297131	[669, 811, 734, 1203, 174, 1086, 1112]	147068
37	0.20806082523252156	0.3292815168669404	2.2963978496547215	3.44237026721747	[432, 422, 19, 132, 1094, 1086, 1112]	147694
38	0.2129074130134001	0.33579967510924413	2.2963978496547215	3.2381927086432682	[10, 734, 19, 132, 1094, 1086, 1112]	149830
39	0.21772434016646003	0.34225448876221554	2.2963978496547215	2.4284869069402104	[10, 734, 19, 132, 1108, 1086, 1112]	117664
40	0.22251178821174855	0.34773341846848604	2.2963978496547215	4.167025092598742	[1847, 420, 158, 1546, 234, 1086, 1112]	124440
41	0.2272699375584284	0.352390525018363	2.2963978496547215	3.523328039732048	[1468, 2688, 734, 1203, 174, 1086, 1112]	143136
42	0.23199896751157656	0.36238449839770925	2.2963978496547215	4.224108404417864	[2307, 1468, 2411, 836, 1089, 1086, 1112]	126474
43	0.23669905627894106	0.370818565879221	2.2963978496547215	3.1207086718623307	[455, 19, 734, 1203, 174, 1086, 1112]	150057
44	0.2413703809776564	0.3760595607490317	2.2963978496547215	3.9638867868543812	[846, 10, 158, 1546, 234, 1086, 1112]	126921
45	0.24601311764091816	0.3843127411624043	2.2963978496547215	3.324462254706714	[2751, 331, 241, 132, 1108, 1086, 1096]	136417
46	0.25062744122461655	0.3887086756575856	2.2963978496547215	3.7115410360418	[1549, 162, 420, 158, 1115, 1086, 1112]	136444
47	0.2552135256139294	0.39679453973618894	2.2963978496547215	3.937435419371746	[1792, 1791, 420, 158, 1115, 1086, 1112]	117858
48	0.25977154362987487	0.40181915831397996	2.2963978496547215	3.668053645646185	[1549, 162, 10, 158, 1115, 1086, 1112]	124862
49	0.2643016670358238	0.4086012540247058	2.2963978496547215	3.3735256287391433	[2654, 232, 320, 836, 1089, 1086, 1096]	134550
50	0.2688040665439726	0.41772777788234927	2.2963978496547215	2.8232338638794454	[2872, 241, 1031, 132, 1108, 1086, 1112]	128487
51	0.2732789118217763	0.425429791402424	2.2963978496547215	3.1005864631871427	[734, 19, 132, 1713, 174, 1086, 1112]	149300
52	0.27772637149834234	0.4295321550028113	2.2963978496547215	3.057910963885006	[160, 331, 241, 132, 1108, 1086, 1112]	136259
53	0.2821466131707848	0.43600004440187234	2.2963978496547215	3.406818157384917	[2872, 241, 132, 217, 261, 1086, 1112]	151242
54	0.28653980341054064	0.44239460172157896	2.2963978496547215	4.330164612630728	[846, 10, 438, 970, 261, 1086, 1112]	128718
55	0.2909061077696462	0.449981069725367	2.2963978496547215	3.9497673361346965	[10, 158, 420, 1582, 1087, 1086, 1112]	140230
56	0.29524569078697616	0.4545626518184501	2.2963978496547215	3.6317678609906796	[1548, 241, 217, 132, 1108, 1086, 1112]	140578
57	0.29955871599444395	0.46074674873660826	2.2963978496547215	2.7871083623429813	[1555, 2229, 734, 1203, 174, 1086, 1112]	133372
58	0.30384534592316415	0.46598730511428943	2.2963978496547215	3.9095502278242638	[193, 842, 157, 1713, 174, 1086, 1112]	121227
59	0.3081057421095773	0.47043555746652355	2.2963978496547215	3.8541771956592425	[837, 162, 420, 158, 1115, 1086, 1112]	146065
60	0.31234006510153733	0.47744037813495577	2.2963978496547215	4.345712359464769	[2149, 420, 1546, 234, 174, 1086, 1112]	135608
61	0.3165484744643614	0.48179322796306945	2.2963978496547215	3.1207086718623307	[4284, 19, 734, 1203, 174, 1086, 1112]	150905
62	0.3207311287868432	0.48979024605005905	2.2963978496547215	3.607429097407027	[2047, 232, 1192, 836, 1089, 1086, 1112]	136708
63	0.32488818568722877	0.4955749371379269	2.2963978496547215	3.4617067333156504	[1791, 420, 158, 1713, 174, 1086, 1112]	126080
64	0.3290198018191567	0.5004770271560228	2.2963978496547215	2.796959156295561	[1549, 107, 734, 1203, 174, 1086, 1112]	149502
65	0.333126132877561	0.504637984864011	2.2963978496547215	3.6154401925065622	[394, 432, 422, 19, 334, 1086, 1112]	124078
66	0.33720733360453825	0.5094519986165473	2.2963978496547215	3.7582249848978684	[1549, 107, 734, 19, 334, 1086, 1112]	158081
67	0.34126355779517925	0.5142192289506916	2.2963978496547215	2.6385976592037066	[77, 19, 734, 1203, 174, 1086, 1112]	132014
68	0.3452949583033643	0.5206449005254179	2.2963978496547215	3.517456662911222	[101, 370, 1032, 132, 1108, 1086, 1112]	142154
69	0.3493016870475234	0.5253033563026247	2.2963978496547215	3.324462254706714	[2028, 331, 241, 132, 1108, 1086, 1112]	137649
70	0.35328389501636104	0.5306854044171074	2.2963978496547215	3.5772400492380187	[1849, 420, 158, 1713, 174, 1086, 1112]	147443
71	0.35724173227454614	0.5360064315779112	2.2963978496547215	4.048371590888552	[2238, 1549, 107, 836, 1089, 1086, 1112]	123324
72	0.3611753479683669	0.5412671296325834	2.2963978496547215	3.8255561960100977	[1500, 409, 19, 132, 1108, 1086, 1112]	134830
73	0.3650848903313515	0.5450883113932449	2.2963978496547215	3.5906685304021337	[2872, 241, 132, 387, 344, 1086, 1112]	153942
74	0.36897050668985365	0.5495092218753319	2.2963978496547215	3.2212052831254727	[160, 2229, 734, 1203, 174, 1086, 1112]	151238
75	0.37283234346860483	0.553261748140427	2.2963978496547215	2.8502715991067618	[2004, 19, 241, 132, 1108, 1086, 1112]	128263
76	0.37667054619623197	0.5576032277503353	2.2963978496547215	3.8680812210489988	[2163, 321, 1398, 132, 1108, 1086, 1112]	155080
77	0.3804852595107413	0.5619025161103904	2.2963978496547215	2.6385976592037066	[77, 19, 734, 1203, 174, 1086, 1112]	132053
78	0.38427662716496924	0.5668696077644677	2.2963978496547215	2.9689406419822477	[2872, 241, 1720, 132, 1108, 1086, 1096]	122304
79	0.38804479203199926	0.5710788438406147	2.2963978496547215	3.9354542882069943	[269, 1337, 240, 1203, 174, 1086, 1096]	142492
80	0.39178989611054615	0.5746516981193268	2.2963978496547215	2.2963978496547215	[846, 10, 734, 1203, 174, 1086, 1112]	138041
81	0.3955120805303066	0.5787853064952322	2.2963978496547215	2.936799553153932	[734, 811, 3459, 1203, 174, 1086, 1112]	137859
82	0.39921148555727815	0.5835609832923385	2.2963978496547215	3.0635001754261895	[1819, 1513, 1031, 132, 1108, 1086, 1112]	131334
83	0.40288825059904443	0.5892268202543475	2.2963978496547215	3.0233742779108352	[2196, 2197, 241, 1031, 132, 393, 794]	140641
84	0.4065425142100286	0.5938841125417131	2.2963978496547215	2.9837054211849563	[2872, 241, 217, 132, 1108, 1086, 1112]	147248
85	0.41017441409671507	0.5984886010616484	2.2963978496547215	3.6329396655825033	[2872, 241, 1031, 132, 1094, 1086, 1112]	127274
86	0.4137840871228382	0.60239055829137	2.2963978496547215	4.0341359208994385	[669, 811, 734, 19, 334, 1086, 1096]	145077
87	0.4173716693145403	0.6068986018481571	2.2963978496547215	3.1064053138236165	[2607, 1587, 241, 132, 1108, 1086, 1112]	157164
88	0.4209372958654972	0.6107188292354442	2.2963978496547215	3.7601638910004205	[1820, 10, 438, 2627, 261, 1086, 1112]	128708
89	0.4244811011420133	0.6181337086785786	2.2963978496547215	3.710858051374953	[195, 190, 196, 1078, 334, 1086, 1112]	147606
90	0.42800321868808466	0.6224632584668033	2.2963978496547215	3.4617067333156504	[1791, 420, 158, 1713, 174, 1086, 1112]	134702
91	0.43150378123043165	0.6261322258286419	2.2963978496547215	3.3147954491973186	[1799, 232, 320, 836, 1089, 1086, 1112]	122921
92	0.4349829206835004	0.629246493002081	2.2963978496547215	4.081030238626733	[300, 301, 217, 132, 1108, 1086, 1112]	141718
93	0.4384407681544341	0.634150639920043	2.2963978496547215	4.133698108550342	[2297, 400, 19, 387, 344, 1086, 1096]	137687
94	0.44187745394801337	0.637706027287195	2.2963978496547215	2.852510554598944	[3284, 811, 3459, 1203, 174, 1086, 1112]	135529
95	0.4452931075715667	0.6418136687011724	2.2963978496547215	2.6103471929178546	[2004, 19, 734, 1203, 174, 1086, 1112]	137475
96	0.44868785773985087	0.6458747382170322	2.2963978496547215	3.9045122808910326	[432, 15, 1557, 158, 1115, 1086, 1096]	146925
97	0.4520618323799014	0.6493161887688589	2.2963978496547215	3.767674893925844	[734, 19, 387, 344, 174, 1086, 1112]	141191
98	0.45541515863585313	0.6522373367174732	2.2963978496547215	2.7206108825640802	[2872, 241, 19, 132, 1108, 1086, 1112]	137834
99	0.45874796287373176	0.6556169544364481	2.2963978496547215	4.834406227608081	[107, 734, 651, 158, 1115, 1086, 1112]	146094
100	0.46206037068621564	0.6589637284458121	2.2963978496547215	2.9121266964169745	[119, 409, 19, 132, 1108, 1086, 1096]	120626
101	0.4653525068973685	0.6628303528398505	2.2963978496547215	3.179899696473333	[1792, 232, 320, 836, 1089, 1086, 1112]	153427
102	0.46862449556734354	0.6661070257957314	2.2963978496547215	3.1455033926936977	[10, 232, 320, 836, 1089, 1086, 1112]	149487
103	0.4718764599970583	0.6698926604238977	2.2963978496547215	3.079407314371683	[1792, 496, 217, 132, 1108, 1086, 1112]	151089
104	0.4751085227328411	0.6736353740245338	2.2963978496547215	2.7206108825640802	[2872, 241, 19, 132, 1108, 1086, 1112]	151650
105	0.4783208055710493	0.6768070419154518	2.2963978496547215	3.114445558142182	[3158, 3083, 19, 132, 1108, 1086, 1112]	126687
106	0.4815134295626585	0.6810820810435543	2.2963978496547215	3.123661932901401	[119, 400, 19, 132, 1108, 1086, 1112]	152666
107	0.484686515017825	0.6846979304648293	2.2963978496547215	3.9007627858598504	[2306, 420, 158, 1713, 174, 1086, 1112]	117964
108	0.48784018151041875	0.6882727838609196	2.2963978496547215	2.632664465514411	[432, 422, 19, 132, 1108, 1086, 1096]	145421
109	0.4909745478825298	0.6913022028710176	2.2963978496547215	3.7605808323473218	[107, 10, 301, 2627, 261, 1086, 1112]	135290
110	0.4940897322489467	0.6962021679048109	2.2963978496547215	3.6909182876515674	[2033, 2034, 1032, 132, 1108, 1086, 1112]	148173
111	0.49718585200160725	0.6996465877698357	2.2963978496547215	3.7611250776837037	[2051, 1849, 420, 1822, 1094, 1086, 1112]	145759
112	0.5002630238140224	0.7021484904123194	2.2963978496547215	3.0070684808522623	[734, 10, 301, 1580, 438, 774, 794]	132229
113	0.5033213636456735	0.7055254916548102	2.2963978496547215	3.606184402719541	[2047, 232, 10, 158, 1115, 1086, 1112]	119760
114	0.5063609867463807	0.7076280049529253	2.2963978496547215	4.0141891798972065	[161, 10, 157, 1713, 174, 1086, 1112]	139846
115	0.5093820076606477	0.7109428801802165	2.2963978496547215	4.005502875429172	[2636, 162, 107, 1546, 234, 1086, 1112]	133238
116	0.5123845402319771	0.7130067139624723	2.2963978496547215	3.863755976470081	[161, 10, 158, 1713, 174, 1086, 1112]	114290
117	0.5153686976071608	0.7150558122146591	2.2963978496547215	4.230072804655433	[269, 1337, 240, 234, 174, 1086, 1112]	105511
118	0.5183345922405433	0.7170902801467255	2.2963978496547215	3.552416159908395	[734, 10, 158, 1713, 174, 1086, 1096]	149577
119	0.5212823358982609	0.7208324722082767	2.2963978496547215	3.6515288538922883	[1579, 1580, 438, 132, 1108, 1086, 1112]	133598
120	0.5242120396624514	0.7239976369224685	2.2963978496547215	2.5818748495481882	[1799, 10, 734, 1203, 174, 1086, 1112]	147584
121	0.5271238139354417	0.7276484618309016	2.2963978496547215	3.514672406513336	[2028, 493, 217, 132, 1108, 1086, 1112]	150619
122	0.5300177684439074	0.7307363477511861	2.2963978496547215	4.314636570524299	[1791, 420, 1822, 1729, 1094, 1086, 1112]	157688
123	0.5328940122430079	0.7337892236270229	2.2963978496547215	3.8704730745789604	[2297, 400, 19, 1987, 334, 1086, 1096]	133000
124	0.5357526537204963	0.7363763060018819	2.2963978496547215	3.1455033926936977	[10, 232, 320, 836, 1089, 1086, 1112]	127378
125	0.5385938006008033	0.7385722551397254	2.2963978496547215	3.5772400492380187	[1849, 420, 158, 1713, 174, 1086, 1112]	156334
126	0.5414175599490971	0.7426066339184334	2.2963978496547215	3.958426934825307	[988, 420, 1879, 836, 1089, 1086, 1112]	146743
127	0.5442240381753178	0.745108027174814	2.2963978496547215	3.272226006020019	[1456, 2004, 19, 132, 1108, 1086, 1112]	149471
128	0.5470133410381877	0.7469279258324579	2.2963978496547215	3.745000221040084	[193, 1265, 415, 255, 174, 1086, 1112]	132069
129	0.5497855736491959	0.7497972237255139	2.2963978496547215	3.280753655086839	[1579, 1580, 438, 2627, 261, 1086, 1096]	129033
130	0.5525408404765602	0.7531067842582453	2.2963978496547215	3.9773727067948164	[545, 2040, 438, 2627, 261, 1086, 1112]	155847
131	0.5552792453491631	0.7559060270671086	2.2963978496547215	2.9670826863691984	[1819, 241, 19, 132, 1108, 1086, 1112]	116756
132	0.5580008914604654	0.7586735324291596	2.2963978496547215	3.769588417848551	[377, 162, 420, 158, 1115, 1086, 1112]	139902
133	0.5607058813723937	0.761018784786505	2.2963978496547215	3.6133971542836774	[1579, 1580, 301, 2729, 438, 393, 794]	128662
134	0.5633943170192066	0.7641799119718686	2.2963978496547215	4.058001405275196	[87, 1265, 193, 1872, 1115, 1086, 1112]	131179
135	0.5660662997113346	0.7661442608933858	2.2963978496547215	3.475167541633052	[331, 241, 132, 19, 334, 1086, 1112]	131943
136	0.5687219301391991	0.767813963320517	2.2963978496547215	2.9121266964169745	[119, 409, 19, 132, 1108, 1086, 1112]	131081
137	0.5713613083770063	0.7704464580674499	2.2963978496547215	2.81050582782964	[3284, 811, 734, 1203, 174, 1086, 1112]	112358
138	0.573984533886518	0.7720854433135917	2.2963978496547215	3.2212052831254727	[160, 2229, 734, 1203, 174, 1086, 1112]	137457
139	0.5765917055208005	0.775100186126904	2.2963978496547215	3.973804187839855	[240, 1337, 269, 132, 1108, 1086, 1112]	107348
140	0.5791829215279491	0.7776500706379369	2.2963978496547215	3.636173853957505	[1715, 132, 241, 217, 261, 1086, 1112]	114528
141	0.5817582795547906	0.7798109057143418	2.2963978496547215	3.3945507805501087	[1579, 1580, 301, 2627, 261, 1086, 1112]	106677
142	0.5843178766505632	0.7819507414216853	2.2963978496547215	3.069270376387018	[158, 1557, 734, 1203, 174, 1086, 1112]	126696
143	0.5868618092705735	0.7840697818354687	2.2963978496547215	2.4284869069402104	[10, 734, 19, 132, 1108, 1086, 1112]	132999
144	0.5893901732798315	0.7874020382886251	2.2963978496547215	4.034308300019007	[846, 162, 1192, 836, 1089, 1086, 1096]	144338
145	0.5919030639566627	0.7902141806393046	2.2963978496547215	3.660901199473729	[10, 232, 1879, 836, 1089, 1086, 1112]	123013
146	0.5944005759962993	0.7922529155213328	2.2963978496547215	2.918588336430587	[331, 241, 19, 132, 1108, 1086, 1112]	152716
147	0.5968828035144478	0.7942718376251099	2.2963978496547215	3.745000221040084	[193, 1265, 415, 255, 174, 1086, 1112]	135226
148	0.5993498400508366	0.7969931096141958	2.2963978496547215	3.507819472107111	[241, 1031, 132, 217, 261, 1086, 1112]	132396
149	0.6018017785727398	0.7984425548957033	2.2963978496547215	3.1005864631871427	[734, 19, 132, 1713, 174, 1086, 1112]	154319
150	0.6042387114784816	0.8001215007108161	2.2963978496547215	3.666229605331197	[432, 422, 19, 1987, 334, 1086, 1112]	147918
151	0.6066607306009177	0.8023876968478817	2.2963978496547215	3.0243219050251575	[1259, 734, 19, 132, 1108, 1086, 1112]	133043
152	0.6090679272108961	0.8043081273935777	2.2963978496547215	2.4284869069402104	[10, 734, 19, 132, 1108, 1086, 1112]	136059
153	0.611460392020696	0.806896644226996	2.2963978496547215	2.813571952967709	[19, 241, 1031, 132, 1108, 1086, 1112]	149880
154	0.6138382151874471	0.8087732560420884	2.2963978496547215	2.6023674981119003	[734, 19, 241, 132, 1108, 1086, 1112]	151511
155	0.6162014863165263	0.8117242860414389	2.2963978496547215	3.2751450750610287	[2872, 241, 1126, 132, 1108, 1086, 1112]	141073
156	0.6185502944649346	0.8135539819982761	2.2963978496547215	3.4707681762945217	[1879, 232, 320, 836, 1089, 1086, 1112]	140937
157	0.6208847281446535	0.8148851846019655	2.2963978496547215	3.6859385065488217	[87, 1265, 415, 255, 174, 1086, 1112]	128978
158	0.6232048753259798	0.8177418947161327	2.2963978496547215	3.659323743884939	[377, 162, 1192, 836, 1089, 1086, 1112]	122584
159	0.6255108234408409	0.8198083131433874	2.2963978496547215	4.705751551964361	[2309, 420, 158, 156, 1115, 1086, 1096]	137210
160	0.6278026593860897	0.8215594471264449	2.2963978496547215	4.488846347115111	[119, 409, 19, 1987, 1114, 1086, 1112]	124186
161	0.6300804695267795	0.8243131593621479	2.2963978496547215	2.8232338638794454	[2872, 241, 1031, 132, 1108, 1086, 1112]	140438
162	0.6323443396994177	0.8263050736550941	2.2963978496547215	3.711847222130819	[4015, 241, 1729, 132, 1108, 1086, 1112]	148554
163	0.6345943552152014	0.8286026255908732	2.2963978496547215	3.072870092297131	[669, 811, 734, 1203, 174, 1086, 1112]	136189
164	0.6368306008632311	0.8302682949242952	2.2963978496547215	3.1005864631871427	[734, 19, 132, 1713, 174, 1086, 1112]	143631
165	0.6390531609137072	0.8316821366991866	2.2963978496547215	3.5965259561246024	[2309, 420, 158, 1713, 174, 1086, 1112]	121549
166	0.641262119121105	0.832883906413954	2.2963978496547215	3.5857481821424635	[811, 734, 19, 132, 1094, 1086, 1112]	129391
167	0.6434575587273302	0.8350944367523938	2.2963978496547215	3.9858006084280744	[19, 1126, 241, 1729, 1094, 1086, 1112]	128615
168	0.6456395624648572	0.8366970175419721	2.2963978496547215	2.3086134374228453	[158, 10, 734, 1203, 174, 1086, 1112]	111569
169	0.6478082125598458	0.8382840241742173	2.2963978496547215	3.714872943581339	[1549, 107, 10, 158, 1115, 1086, 1112]	152395
170	0.6499635907352397	0.8396310960261605	2.2963978496547215	3.8919967059155205	[1849, 420, 158, 1546, 234, 1086, 1112]	132217
171	0.6521057782138465	0.8407761111077849	2.2963978496547215	3.1930874480904543	[19, 241, 132, 1713, 174, 1086, 1112]	117962
172	0.6542348557213988	0.8425813706190345	2.2963978496547215	2.8649135046369567	[2627, 261, 217, 132, 1108, 1086, 1112]	142034
173	0.6563509034895958	0.8450106704551605	2.2963978496547215	4.055822845312293	[1819, 241, 2545, 132, 1108, 1086, 1112]	114978
174	0.6584540012591262	0.8467679190894557	2.2963978496547215	3.6329396655825033	[2872, 241, 1031, 132, 1094, 1086, 1112]	134874
175	0.6605442282826743	0.8482570549583628	2.2963978496547215	4.2119300155943495	[1580, 438, 10, 232, 1023, 1086, 1112]	153298
176	0.6626216633279062	0.8505987670732029	2.2963978496547215	3.2751450750610287	[2872, 241, 1126, 132, 1108, 1086, 1112]	135798
177	0.6646863846804371	0.8522926586029852	2.2963978496547215	4.116259080091642	[846, 10, 232, 193, 1115, 1086, 1112]	162482
178	0.6667384701467826	0.8545720928838033	2.2963978496547215	3.387957672867911	[4015, 241, 217, 132, 1108, 1086, 1112]	142024
179	0.6687779970572902	0.8556104310080339	2.2963978496547215	2.5846064999161147	[1529, 2229, 734, 1203, 174, 1086, 1112]	126572
180	0.6708050422690536	0.8578386650974161	2.2963978496547215	3.2751450750610287	[2872, 241, 1126, 132, 1108, 1086, 1112]	150341
181	0.6728196821688086	0.859450471615586	2.2963978496547215	3.677007465034425	[394, 193, 1265, 255, 174, 1086, 1112]	145676
182	0.6748219926758121	0.8610440036834365	2.2963978496547215	3.3858483055097928	[1873, 10, 734, 19, 334, 1086, 1112]	130535
183	0.6768120492447027	0.8623944020927325	2.2963978496547215	2.95927873107051	[19, 241, 1720, 132, 1108, 1086, 1112]	156342
184	0.6787899268683444	0.8642145819592307	2.2963978496547215	2.852510554598944	[3284, 811, 3459, 1203, 174, 1086, 1096]	126043
185	0.6807557000806521	0.865534168140385	2.2963978496547215	3.7643597940068236	[2661, 2229, 734, 1203, 174, 1086, 1112]	131606
186	0.682709442959401	0.8676092581382185	2.2963978496547215	4.554422703416713	[300, 301, 2636, 836, 1089, 1086, 1112]	130531
187	0.6846512291290177	0.8688958542690425	2.2963978496547215	3.924151359845241	[3158, 3083, 19, 132, 1094, 1086, 1112]	147697
188	0.6865811317633546	0.8699879337836693	2.2963978496547215	3.542228626723241	[1742, 400, 19, 132, 1094, 1086, 1112]	128613
189	0.6884992235884477	0.8709162046199851	2.2963978496547215	3.072870092297131	[420, 107, 734, 1203, 174, 1086, 1112]	145926
190	0.6904055768852569	0.8718378477118874	2.2963978496547215	3.1005864631871427	[734, 19, 132, 1713, 174, 1086, 1112]	128438
191	0.6923002634923902	0.8732909333387368	2.2963978496547215	3.348490564182004	[2004, 19, 132, 1713, 174, 1086, 1112]	131472
192	0.69418335480881	0.8741956211473494	2.2963978496547215	2.5846064999161147	[1529, 2229, 734, 1203, 174, 1086, 1112]	142849
193	0.6960549217965248	0.8754182098631186	2.2963978496547215	4.008979542711511	[87, 1265, 159, 1713, 174, 1086, 1112]	125901
194	0.6979150349832625	0.8768307018147838	2.2963978496547215	2.6103471929178546	[2004, 19, 734, 1203, 174, 1086, 1112]	129027
195	0.6997637644651284	0.8782271791184711	2.2963978496547215	2.852510554598944	[3284, 811, 3459, 1203, 174, 1086, 1112]	134781
196	0.701601179909247	0.879241529979625	2.2963978496547215	2.7871083623429813	[1555, 2229, 734, 1203, 174, 1086, 1112]	107957
197	0.7034273505563867	0.8804150816805033	2.2963978496547215	4.01829563763783	[1579, 1580, 438, 421, 261, 1086, 1112]	138307
198	0.7052423452235697	0.8819968927693855	2.2963978496547215	2.92478037844411	[19, 1126, 241, 132, 1108, 1086, 1112]	153088
199	0.7070462323066644	0.8833347964794832	2.2963978496547215	3.6952975032533644	[1792, 232, 1879, 836, 1089, 1086, 1112]	117635
200	0.7088390797829642	0.884657531213276	2.2963978496547215	2.632664465514411	[432, 422, 19, 132, 1108, 1086, 1112]	123949
201	0.7106209552137479	0.8854810628521411	2.2963978496547215	3.552416159908395	[734, 10, 158, 1713, 174, 1086, 1112]	125914
202	0.712391925746826	0.8869958636080651	2.2963978496547215	3.114445558142182	[3158, 3083, 19, 132, 1108, 1086, 1112]	113457
203	0.7141520581190712	0.8878026998291059	2.2963978496547215	3.625756443667087	[1549, 10, 734, 19, 334, 1086, 1112]	135167
204	0.7159014186589336	0.8892867911012077	2.2963978496547215	3.7813728741198744	[1794, 1791, 420, 1822, 1094, 1086, 1096]	136140
205	0.7176400732889395	0.8909953282755718	2.2963978496547215	3.230177224990074	[1819, 241, 217, 132, 1108, 1086, 1096]	145600
206	0.7193680875281763	0.8919033222091364	2.2963978496547215	4.113670090274552	[1718, 132, 241, 217, 261, 1086, 1112]	134925
207	0.7210855264947609	0.8929538244228473	2.2963978496547215	3.0761716989651005	[19, 241, 1209, 132, 1108, 1086, 1112]	146441
208	0.722792454908294	0.8943697791262488	2.2963978496547215	3.5483401810370205	[10, 232, 1192, 836, 1089, 1086, 1112]	127771
209	0.7244889370922993	0.895396311884983	2.2963978496547215	3.889229274021643	[1549, 162, 107, 1546, 234, 1086, 1096]	124392
210	0.7261750369766463	0.89658229474343	2.2963978496547215	3.862986186644944	[107, 1586, 1587, 132, 1108, 1086, 1112]	125939
211	0.7278508180999608	0.8974437500142052	2.2963978496547215	3.6652733987233415	[1582, 420, 158, 1713, 174, 1086, 1112]	150013
212	0.729516343612018	0.8982980294809757	2.2963978496547215	4.638653351908266	[3819, 438, 10, 494, 636, 1086, 1112]	126952
213	0.7311716762761236	0.899451113046951	2.2963978496547215	2.8649135046369567	[2627, 261, 217, 132, 1108, 1086, 1112]	140349
214	0.7328168784714775	0.9007811247791342	2.2963978496547215	3.125527937822353	[669, 673, 670, 132, 1108, 1086, 1112]	149137
215	0.7344520121955256	0.9019060553371939	2.2963978496547215	3.9575439350561954	[1020, 1018, 415, 255, 174, 1086, 1112]	127170
216	0.7360771390662955	0.902859349260059	2.2963978496547215	4.131854078022713	[87, 1529, 156, 1713, 174, 1086, 1112]	128560
217	0.737692320324719	0.9046582501996875	2.2963978496547215	2.9495193561308453	[3895, 1030, 1032, 132, 1108, 1086, 1112]	129045
218	0.7392976168369392	0.9053389790612355	2.2963978496547215	3.125527937822353	[669, 668, 670, 132, 1108, 1086, 1096]	122204
219	0.7408930890966048	0.9064122332668904	2.2963978496547215	3.8096075202561916	[811, 734, 19, 1987, 334, 1086, 1112]	155227
220	0.7424787972271494	0.9073217353731402	2.2963978496547215	3.428889265862453	[10, 811, 3459, 1203, 174, 1086, 1112]	121213
221	0.7440548009840573	0.9085826641435737	2.2963978496547215	2.9495193561308453	[3895, 1030, 1032, 132, 1108, 1086, 1112]	138214
222	0.7456211597571152	0.90923537315189	2.2963978496547215	2.6385976592037066	[77, 19, 734, 1203, 174, 1086, 1112]	125852
223	0.7471779325726502	0.9098834218947812	2.2963978496547215	2.5846064999161147	[1529, 2229, 734, 1203, 174, 1086, 1112]	119807
224	0.7487251780957545	0.910634080604529	2.2963978496547215	3.666229605331197	[432, 422, 19, 1987, 334, 1086, 1112]	120929
225	0.7502629546324955	0.9120131842989035	2.2963978496547215	3.0697056676845635	[1819, 241, 1031, 132, 1108, 1086, 1112]	111304
226	0.7517913201321139	0.9127461023805453	2.2963978496547215	3.9575439350561954	[1020, 1018, 415, 255, 174, 1086, 1112]	132845
227	0.7533103321892064	0.9134729153553013	2.2963978496547215	3.542228626723241	[1742, 400, 19, 132, 1094, 1086, 1112]	151535
228	0.7548200480458969	0.9140907085460768	2.2963978496547215	2.459046640849971	[157, 10, 734, 1203, 174, 1086, 1112]	144884
229	0.7563205245939929	0.9150647367938537	2.2963978496547215	3.3147954491973186	[1799, 232, 320, 836, 1089, 1086, 1112]	149358
230	0.7578118183771302	0.9156711645670873	2.2963978496547215	4.076140647668743	[157, 651, 734, 19, 334, 1086, 1112]	123406
231	0.7592939855929031	0.9163736121758579	2.2963978496547215	2.2963978496547215	[846, 10, 734, 1203, 174, 1086, 1112]	111253
232	0.7607670820949822	0.9173217571625262	2.2963978496547215	4.210880161444208	[1677, 1580, 301, 2627, 261, 1086, 1112]	118943
233	0.7622311633952195	0.9181252386283908	2.2963978496547215	2.7941804497428135	[1579, 1580, 301, 2627, 438, 774, 794]	137188
234	0.7636862846657397	0.9193887380322737	2.2963978496547215	3.9092548125542814	[331, 160, 320, 836, 1089, 1086, 1112]	153604
235	0.7651325007410201	0.920302697918529	2.2963978496547215	3.909366463454881	[2309, 420, 545, 132, 1108, 1086, 1112]	146531
236	0.7665698661199564	0.9210772100864734	2.2963978496547215	3.6859385065488217	[87, 1265, 415, 255, 174, 1086, 1112]	149999
237	0.7679984349679162	0.9218441954111918	2.2963978496547215	3.7285268060572383	[107, 10, 438, 2627, 261, 1086, 1112]	147770
238	0.7694182611187811	0.9226037270398488	2.2963978496547215	3.6621176059038643	[1794, 1791, 420, 158, 1115, 1086, 1096]	144399
239	0.7708293980769743	0.9233558774087521	2.2963978496547215	3.1005864631871427	[734, 19, 132, 1713, 174, 1086, 1112]	157262
240	0.7722318990194776	0.9241007182502609	2.2963978496547215	2.4629843211448703	[241, 19, 734, 1203, 174, 1086, 1112]	135237
241	0.7736258167978352	0.9248383205996267	2.2963978496547215	3.72064580303472	[107, 162, 420, 158, 1115, 1086, 1096]	135283
242	0.7750112039401446	0.9255687548017683	2.2963978496547215	3.581006619490397	[19, 241, 132, 387, 344, 1086, 1096]	150327
243	0.7763881126530371	0.9265532950821682	2.2963978496547215	4.385482484690678	[2751, 331, 241, 1729, 1094, 1086, 1112]	147881
244	0.7777565948236447	0.927165096039418	2.2963978496547215	3.2576636782570283	[846, 10, 734, 19, 334, 1086, 1112]	134263
245	0.7791167020215551	0.9279908886013293	2.2963978496547215	2.8649135046369567	[2627, 261, 217, 132, 1108, 1086, 1112]	145809
246	0.7804684855007559	0.9285907146021513	2.2963978496547215	3.1005864631871427	[734, 19, 132, 1713, 174, 1086, 1112]	154044
247	0.7818119962015646	0.9294003436882946	2.2963978496547215	2.6023674981119003	[734, 19, 241, 132, 1108, 1086, 1112]	123997
248	0.78314728475255	0.9299884291219614	2.2963978496547215	3.615041855003712	[1548, 19, 132, 1713, 174, 1086, 1112]	138247
249	0.7844744014724385	0.9307822111047056	2.2963978496547215	3.700535591088215	[1178, 2279, 1876, 1713, 174, 1086, 1112]	140504
250	0.7857933963720113	0.9316977903228973	2.2963978496547215	4.199777809351197	[1791, 1792, 496, 217, 261, 1086, 1112]	147753
251	0.7871043191559887	0.9323615630116933	2.2963978496547215	4.249655882282129	[377, 162, 107, 420, 458, 1086, 1096]	145301
252	0.7884072192249029	0.9331503494488748	2.2963978496547215	2.9495193561308453	[3895, 1030, 1032, 132, 1108, 1086, 1112]	137972
253	0.78970214567696	0.9338000059168157	2.2963978496547215	3.586457137453798	[19, 132, 1727, 1203, 174, 1086, 1112]	151958
254	0.79098914730989	0.934272666075677	2.2963978496547215	3.190121354476479	[160, 107, 734, 1203, 174, 1086, 1096]	121106
255	0.7922682726227859	0.9350178739432997	2.2963978496547215	3.9263917909227652	[1579, 1580, 438, 970, 261, 1086, 1112]	116685
256	0.7935395698179306	0.935559166122031	2.2963978496547215	3.4617067333156504	[1791, 420, 158, 1713, 174, 1086, 1112]	154053
257	0.7948030868026147	0.9365536234349627	2.2963978496547215	3.9092548125542814	[331, 160, 320, 836, 1089, 1086, 1112]	151768
258	0.7960588711909402	0.9372729701080357	2.2963978496547215	3.2681320931479263	[846, 734, 19, 132, 1108, 1086, 1112]	122620
259	0.7973069703056163	0.9379841609231373	2.2963978496547215	3.428889265862453	[813, 651, 734, 1203, 174, 1086, 1096]	126896
260	0.7985474311797415	0.9389411954767926	2.2963978496547215	3.9434777621859727	[2307, 1468, 3136, 836, 1089, 1086, 1112]	124186
261	0.7997803005585766	0.9395345755013136	2.2963978496547215	3.660901199473729	[10, 232, 1879, 836, 1089, 1086, 1112]	114541
262	0.8010056249013066	0.940220124531911	2.2963978496547215	3.4007268128686983	[331, 241, 132, 1713, 174, 1086, 1112]	118983
263	0.8022234503827901	0.9410108636254042	2.2963978496547215	3.610381129071108	[107, 162, 1192, 836, 1089, 1086, 1096]	125449
264	0.803433822895301	0.9416796746954109	2.2963978496547215	3.3606330780512383	[732, 19, 241, 132, 1108, 1086, 1112]	155544
265	0.8046367880502566	0.9423409028734675	2.2963978496547215	3.4061245259816175	[19, 132, 241, 1729, 1094, 1086, 1112]	154603
266	0.8058323911799374	0.9427525820342447	2.2963978496547215	2.5175281685442332	[1726, 132, 241, 19, 409, 4290, 794]	152231
267	0.8070206773391946	0.9436360298423583	2.2963978496547215	3.8027096936396845	[2067, 396, 1728, 132, 1108, 1086, 1112]	149045
268	0.8082016913071481	0.9441055339669534	2.2963978496547215	3.5906685304021337	[2872, 241, 132, 387, 344, 1086, 1112]	147868
269	0.8093754775888748	0.9449681028872164	2.2963978496547215	3.754860269417616	[1791, 420, 1879, 836, 1089, 1086, 1112]	128952
270	0.8105420804170842	0.945592047298926	2.2963978496547215	3.085833609876837	[2872, 241, 1209, 132, 1108, 1086, 1112]	149567
271	0.8117015437537866	0.946120793194952	2.2963978496547215	3.019399258546427	[382, 409, 19, 132, 1108, 1086, 1112]	150133
272	0.8128539112919491	0.9467316685555535	2.2963978496547215	3.9976689066562754	[1873, 10, 159, 1713, 174, 1086, 1112]	150693
273	0.8139992264571421	0.9472493394150718	2.2963978496547215	3.542228626723241	[1742, 400, 19, 132, 1094, 1086, 1096]	149632
274	0.8151375324091761	0.947761979459629	2.2963978496547215	3.5880194384738697	[107, 232, 320, 836, 1089, 1086, 1112]	149825
275	0.816268872043728	0.9483542472662092	2.2963978496547215	3.5878125065263164	[734, 10, 438, 2627, 261, 1086, 1112]	150717
276	0.8173932879939572	0.9489398000182929	2.2963978496547215	4.131854078022713	[1544, 1526, 156, 1713, 174, 1086, 1112]	137441
277	0.8185108226321126	0.9493043638308595	2.2963978496547215	3.1148748190664355	[157, 651, 734, 1203, 174, 1086, 1112]	118910
278	0.8196215180711294	0.9499749410288639	2.2963978496547215	3.2225752348164294	[457, 540, 19, 132, 1108, 1086, 1112]	122199
279	0.8207254161662154	0.9503321140565629	2.2963978496547215	3.3037506737243847	[241, 1031, 132, 1713, 174, 1086, 1112]	144896
280	0.8218225585164294	0.9510985937779122	2.2963978496547215	3.3731928936652027	[4015, 241, 1720, 132, 1108, 1086, 1096]	140788
281	0.8229129864662477	0.9514477440573583	2.2963978496547215	3.745000221040084	[193, 1265, 415, 255, 174, 1086, 1112]	126008
282	0.8239967411071227	0.9518521776762058	2.2963978496547215	3.348490564182004	[2004, 19, 132, 1713, 174, 1086, 1112]	119142
283	0.8250738632790312	0.9523200865423262	2.2963978496547215	4.075229906501705	[1647, 1697, 241, 217, 261, 1086, 1112]	127474
284	0.8261443935720137	0.9527172536681711	2.2963978496547215	2.6103471929178546	[2004, 19, 734, 1203, 174, 1086, 1112]	133606
285	0.8272083723277035	0.9534469256794648	2.2963978496547215	3.7439125216956306	[837, 162, 1192, 836, 1089, 1086, 1112]	118408
286	0.8282658396408473	0.9537793091457862	2.2963978496547215	3.4495238415161733	[19, 132, 387, 344, 174, 1086, 1112]	117427
287	0.8293168353608159	0.9542284898149234	2.2963978496547215	3.660212642330709	[10, 158, 420, 1822, 1094, 1086, 1112]	152817
288	0.8303613990931061	0.9548339330713397	2.2963978496547215	3.8195868711103884	[317, 321, 1398, 132, 1108, 1086, 1112]	143704
289	0.8313995702008331	0.9553460199979685	2.2963978496547215	3.3945507805501087	[1579, 1580, 301, 2627, 261, 1086, 1112]	127241
290	0.8324313878062135	0.9557179815140204	2.2963978496547215	3.085833609876837	[2872, 241, 1209, 132, 1108, 1086, 1112]	125827
291	0.8334568907920402	0.9560341499092317	2.2963978496547215	4.031211716523975	[1580, 438, 240, 1203, 174, 1086, 1112]	117527
292	0.8344761178031472	0.9564614176457796	2.2963978496547215	3.697156180925268	[193, 232, 10, 158, 1115, 1086, 1112]	109287
293	0.8354891072478661	0.956772277994593	2.2963978496547215	3.7605808323473218	[107, 10, 301, 2627, 261, 1086, 1112]	127425
294	0.8364958972994733	0.9573440732592148	2.2963978496547215	2.836907934762174	[2297, 400, 19, 132, 1108, 1086, 1112]	123277
295	0.8374965258976286	0.9578277005465252	2.2963978496547215	2.632664465514411	[432, 422, 19, 132, 1108, 1086, 1112]	110130
296	0.838491030749805	0.9581789900046966	2.2963978496547215	3.1207086718623307	[432, 19, 734, 1203, 174, 1086, 1112]	152699
297	0.8394794493327097	0.9585854138141748	2.2963978496547215	2.6644906150647802	[1549, 10, 734, 1203, 174, 1086, 1112]	151551
298	0.8404618188936956	0.9588811090805697	2.2963978496547215	3.428889265862453	[107, 811, 3459, 1203, 174, 1086, 1112]	150543
299	0.8414381764521666	0.9594250097541072	2.2963978496547215	3.302752345972076	[1579, 4018, 241, 132, 1108, 1086, 1112]	150998
300	0.8424085588009705	0.9597629938461179	2.2963978496547215	3.4617067333156504	[1791, 420, 158, 1713, 174, 1086, 1112]	132423
301	0.8433730025077875	0.9601540240322587	2.2963978496547215	2.7871083623429813	[1555, 2229, 734, 1203, 174, 1086, 1112]	149240
302	0.8443315439165066	0.9604385196064913	2.2963978496547215	4.1522803711055	[77, 1460, 19, 132, 1094, 1086, 1112]	129318
303	0.8452842191485962	0.9607680613007313	2.2963978496547215	3.9451216936091313	[1820, 10, 159, 1713, 174, 1086, 1112]	125562
304	0.846231064104465	0.9611493240674881	2.2963978496547215	3.283811063743345	[331, 241, 1209, 132, 1108, 1086, 1112]	149730
305	0.8471721144648147	0.9615268816567253	2.2963978496547215	3.2955640872694314	[193, 232, 320, 836, 1089, 1086, 1112]	144215
306	0.8481074056919847	0.9619630848125447	2.2963978496547215	3.7843272470537146	[2636, 162, 10, 158, 1115, 1086, 1112]	128019
307	0.8490369730312887	0.9624662186113206	2.2963978496547215	4.143581056305911	[241, 1126, 132, 387, 344, 1086, 1112]	138206
308	0.8499608515123422	0.9629626972011179	2.2963978496547215	3.4811257093260544	[3621, 1720, 132, 1713, 174, 1086, 1112]	130678
309	0.8508790759503835	0.9635342605159155	2.2963978496547215	4.219237100546019	[3030, 3476, 1720, 132, 1108, 1086, 1112]	136780
310	0.8517916809475847	0.963794621599874	2.2963978496547215	2.340398178917159	[107, 10, 734, 1203, 174, 1086, 1112]	133872
311	0.8526987008943563	0.9642735287215688	2.2963978496547215	3.6621176059038643	[1794, 1791, 420, 158, 1115, 1086, 1112]	123150
312	0.8536001699706431	0.9647461010929765	2.2963978496547215	3.7738930563369406	[655, 3308, 19, 132, 1108, 1086, 1112]	143062
313	0.8544961221472118	0.9652124225070906	2.2963978496547215	2.8080246507420323	[3621, 1720, 241, 132, 1108, 1086, 1112]	136886
314	0.8553865911869317	0.9655021982463069	2.2963978496547215	2.632664465514411	[432, 422, 19, 132, 1108, 1086, 1112]	145009
315	0.8562716106460466	0.9657485084867092	2.2963978496547215	2.6644906150647802	[1549, 10, 734, 1203, 174, 1086, 1096]	116219
316	0.8571512138754396	0.9660813704061776	2.2963978496547215	3.8682161231477217	[241, 19, 387, 344, 174, 1086, 1112]	136501
317	0.8580254340218895	0.9664659353675589	2.2963978496547215	3.875200747809626	[1820, 10, 157, 1713, 174, 1086, 1112]	112585
318	0.8588943040293203	0.9668461401819856	2.2963978496547215	3.58149179012917	[1792, 232, 10, 158, 1115, 1086, 1096]	115775
319	0.8597578566400428	0.9671223072775126	2.2963978496547215	3.8690448807259967	[3621, 1720, 132, 387, 344, 1086, 1112]	153135
320	0.8606161243959878	0.9675571973928894	2.2963978496547215	3.2418942286645542	[813, 3284, 734, 1203, 174, 1086, 1096]	155576
321	0.8614691396399328	0.967925029621995	2.2963978496547215	3.230177224990074	[1819, 241, 217, 132, 1108, 1086, 1112]	126246
322	0.862316934516721	0.9681922097167721	2.2963978496547215	3.2090431767779197	[21, 422, 19, 132, 1108, 1086, 1112]	143685
323	0.8631595409744721	0.9686129476834815	2.2963978496547215	3.7176322375406414	[1799, 232, 1192, 836, 1089, 1086, 1112]	133357
324	0.8639969907657867	0.9689179724873349	2.2963978496547215	3.069270376387018	[158, 1557, 734, 1203, 174, 1086, 1112]	119502
325	0.8648293154489428	0.9692703764273879	2.2963978496547215	2.7206108825640802	[2872, 241, 19, 132, 1108, 1086, 1112]	115573
326	0.8656565463890848	0.9695263499681843	2.2963978496547215	2.2963978496547215	[846, 10, 734, 1203, 174, 1086, 1096]	121472
327	0.8664787147594055	0.9698224981706315	2.2963978496547215	2.6023674981119003	[734, 19, 241, 132, 1108, 1086, 1112]	110318
328	0.867295851542321	0.9700738726131918	2.2963978496547215	4.1831449665011675	[1820, 10, 107, 1546, 234, 1086, 1112]	127416
329	0.8681079875306381	0.9703646998958625	2.2963978496547215	3.7304485315991878	[3621, 1720, 241, 19, 334, 1086, 1112]	143153
330	0.8689151533287149	0.97070070103083	2.2963978496547215	4.266282282816155	[1799, 1019, 10, 232, 1023, 1086, 1112]	149823
331	0.8697173793536138	0.9709447601642675	2.2963978496547215	2.6103471929178546	[2004, 19, 734, 1203, 174, 1086, 1112]	151869
332	0.8705146958362477	0.9712271240110676	2.2963978496547215	3.6771584126391046	[107, 162, 10, 158, 1115, 1086, 1096]	127384
333	0.8713071328225196	0.9716077176088048	2.2963978496547215	3.617730452445091	[3621, 1720, 241, 132, 1094, 1086, 1112]	147222
334	0.8720947201744544	0.9720458701148418	2.2963978496547215	4.473279491103511	[1580, 301, 2729, 438, 1091, 1086, 1112]	151308
335	0.8728774875713248	0.9723628103629728	2.2963978496547215	3.3731928936652027	[1723, 241, 1720, 132, 1108, 1086, 1096]	143641
336	0.8736554645107688	0.9727283816544678	2.2963978496547215	4.0460576632293455	[223, 222, 23, 5272, 174, 1086, 1096]	153027
337	0.8744286803099022	0.973037583676526	2.2963978496547215	3.428889265862453	[107, 811, 3459, 1203, 174, 1086, 1112]	141306
338	0.8751971641064229	0.9732996091024102	2.2963978496547215	3.3147954491973186	[1799, 232, 320, 836, 1089, 1086, 1112]	150007
339	0.8759609448597092	0.9736527888761878	2.2963978496547215	3.272226006020019	[1456, 2004, 19, 132, 1108, 1086, 1112]	135730
340	0.8767200513519107	0.9738409048596981	2.2963978496547215	3.280753655086839	[1579, 1580, 438, 2627, 261, 1086, 1112]	142504
341	0.877474512189033	0.9741869246366862	2.2963978496547215	2.7871083623429813	[1555, 2229, 734, 1203, 174, 1086, 1096]	141827
342	0.8782243558020166	0.9743712269537921	2.2963978496547215	3.712383226291247	[420, 3, 19, 132, 1108, 1086, 1112]	152320
343	0.8789696104478066	0.9746202918036094	2.2963978496547215	4.74174559499065	[377, 162, 107, 1468, 1089, 1086, 1112]	127227
344	0.879710304210419	0.9748669361981321	2.2963978496547215	3.1207086718623307	[813, 19, 734, 1203, 174, 1086, 1112]	154586
345	0.8804464650019981	0.9751518915700355	2.2963978496547215	3.792217917290504	[1820, 10, 301, 2627, 261, 1086, 1112]	155818
346	0.8811781205638691	0.97539336978607	2.2963978496547215	3.392899669995164	[19, 132, 241, 217, 261, 1086, 1096]	120741
347	0.8819052984675828	0.9755983396337496	2.2963978496547215	3.2576636782570283	[846, 10, 734, 19, 334, 1086, 1112]	144198
348	0.882628026115955	0.9758016021107696	2.2963978496547215	3.792217917290504	[1820, 10, 301, 2627, 261, 1086, 1112]	152459
349	0.883346330744099	0.9760031714392929	2.2963978496547215	3.3333010924626487	[1820, 10, 734, 19, 334, 1086, 1112]	119173
350	0.884060239420452	0.976320589806498	2.2963978496547215	3.1747220511474428	[305, 3083, 19, 132, 1108, 1086, 1112]	108446
351	0.8847697790477949	0.9764896580056545	2.2963978496547215	3.1148748190664355	[158, 651, 734, 1203, 174, 1086, 1112]	149672
352	0.8854749763642666	0.9766854959231417	2.2963978496547215	3.9084701829827324	[3065, 1460, 19, 132, 1094, 1086, 1112]	156838
353	0.8861758579443713	0.9769498327040584	2.2963978496547215	3.0987643812796737	[3065, 1460, 19, 132, 1108, 1086, 1112]	123676
354	0.8868724501999795	0.9771418374295556	2.2963978496547215	2.456452605672925	[1917, 10, 734, 1203, 174, 1086, 1112]	148691
355	0.8875647793813242	0.9774441940773129	2.2963978496547215	3.455337713250792	[734, 19, 1126, 132, 1108, 1086, 1096]	132262
356	0.8882528715779892	0.9776999288383411	2.2963978496547215	3.6491301301768795	[846, 10, 158, 1713, 174, 1086, 1112]	131001
357	0.888936752719893	0.977885685366135	2.2963978496547215	2.8751551058120692	[1792, 1791, 420, 1582, 793, 2372, 794]	156016
358	0.8896164485782656	0.9781782027554718	2.2963978496547215	4.10483245024626	[160, 331, 1398, 132, 1108, 1086, 1112]	147779
359	0.8902919847666195	0.9783902707559046	2.2963978496547215	2.8785220653926133	[77, 19, 241, 132, 1108, 1086, 1112]	109573
360	0.8909633867417153	0.9786352790239782	2.2963978496547215	4.419554091747348	[1579, 1580, 301, 2729, 261, 1086, 1112]	121517
361	0.8916306798045204	0.978842905078167	2.2963978496547215	4.310295153084154	[1851, 159, 10, 232, 1023, 1086, 1112]	155967
362	0.8922938891011634	0.9790485133864452	2.2963978496547215	3.5680410021327917	[1799, 1019, 19, 132, 1108, 1086, 1112]	150913
363	0.8929530396238806	0.9792230363903065	2.2963978496547215	3.348490564182004	[2004, 19, 132, 1713, 174, 1086, 1096]	145228
364	0.8936081562119588	0.9794586028711421	2.2963978496547215	2.632664465514411	[432, 422, 19, 132, 1108, 1086, 1112]	151026
365	0.8942592635526704	0.9796582277217627	2.2963978496547215	2.340398178917159	[107, 10, 734, 1203, 174, 1086, 1112]	132934
366	0.8949063861822046	0.9798888600605182	2.2963978496547215	3.875200747809626	[1820, 10, 157, 1713, 174, 1086, 1112]	138800
367	0.8955495484865915	0.9801168775201495	2.2963978496547215	3.4061245259816175	[19, 132, 241, 1729, 1094, 1086, 1112]	129552
368	0.896188774702621	0.9802588406722637	2.2963978496547215	3.987682786168695	[107, 734, 19, 1987, 334, 1086, 1112]	147933
369	0.8968240889187564	0.9805634881927534	2.2963978496547215	4.018250503814909	[1726, 132, 1729, 1822, 1094, 1086, 1112]	152174
370	0.897455515076042	0.9807523755766916	2.2963978496547215	3.6859385065488217	[87, 1265, 415, 255, 174, 1086, 1112]	147167
371	0.8980830769690055	0.9809706026109695	2.2963978496547215	3.830284031234858	[2486, 257, 320, 836, 1089, 1086, 1112]	129532
372	0.898706798246554	0.9811863554158338	2.2963978496547215	3.7247675443825	[1820, 10, 158, 1713, 174, 1086, 1112]	135131
373	0.8993267024128664	0.9813206826217659	2.2963978496547215	3.58389371282117	[19, 734, 10, 158, 1115, 1086, 1112]	127518
374	0.8999428128282778	0.9815022114592609	2.2963978496547215	3.77618168181535	[359, 158, 420, 1822, 1094, 1086, 1112]	141595
375	0.9005551527101606	0.98171193695292	2.2963978496547215	4.320288889393866	[432, 394, 193, 232, 1023, 1086, 1112]	151554
376	0.9011637451337995	0.9819941601480909	2.2963978496547215	2.8232338638794454	[2872, 241, 1031, 132, 1108, 1086, 1112]	141768
377	0.9017686130332603	0.982198307992217	2.2963978496547215	3.7995633336040058	[846, 10, 157, 1713, 174, 1086, 1112]	130266
378	0.9023697792022549	0.9824001412349356	2.2963978496547215	2.732522825020183	[1742, 400, 19, 132, 1108, 1086, 1112]	149470
379	0.9029672662950001	0.9825711797068992	2.2963978496547215	3.8109618940494627	[193, 232, 1879, 836, 1089, 1086, 1112]	145917
380	0.903561096827071	0.9826956194305365	2.2963978496547215	2.6644906150647802	[1549, 10, 734, 1203, 174, 1086, 1112]	157248
381	0.9041512931762495	0.9828918142215736	2.2963978496547215	2.8502715991067618	[2004, 19, 241, 132, 1108, 1086, 1112]	135828
382	0.9047378775833681	0.9830857845818732	2.2963978496547215	3.6515288538922883	[1579, 1580, 438, 132, 1108, 1086, 1096]	118777
383	0.9053208721531475	0.9832501598531863	2.2963978496547215	3.867250396798088	[1580, 438, 10, 158, 1115, 1086, 1112]	106413
384	0.9059002988550297	0.9834400673378441	2.2963978496547215	3.63259183391249	[2764, 1511, 1031, 132, 1108, 1086, 1112]	151553
385	0.9064761795240058	0.9836591140661796	2.2963978496547215	3.2856764027988357	[950, 1987, 19, 132, 1108, 1086, 1112]	133077
386	0.9070485358614393	0.9838752633510184	2.2963978496547215	3.8109618940494627	[193, 232, 1879, 836, 1089, 1086, 1112]	143709
387	0.9076173894358833	0.984088553518333	2.2963978496547215	3.5857481821424635	[811, 734, 19, 132, 1094, 1086, 1112]	152942
388	0.9081827616838937	0.9842689554058802	2.2963978496547215	3.428889265862453	[940, 651, 734, 1203, 174, 1086, 1112]	131372
389	0.9087446739108365	0.9844218324184567	2.2963978496547215	3.58389371282117	[19, 734, 10, 158, 1115, 1086, 1112]	148055
390	0.9093031472916914	0.984551596413305	2.2963978496547215	4.286014984244885	[377, 162, 10, 494, 636, 1086, 1112]	138009
391	0.9098582028718492	0.984755940376092	2.2963978496547215	3.302752345972076	[1579, 4018, 241, 132, 1108, 1086, 1112]	155196
392	0.9104098615679049	0.9849287755192202	2.2963978496547215	3.471296303685169	[1548, 241, 1031, 132, 1108, 1086, 1112]	135423
393	0.9109581441684464	0.9850543167477148	2.2963978496547215	2.424582476907486	[1873, 10, 734, 1203, 174, 1086, 1096]	110804
394	0.9115030713348373	0.9851610271654143	2.2963978496547215	2.8785220653926133	[77, 19, 241, 132, 1108, 1086, 1112]	152263
395	0.9120446636019957	0.9853965664167569	2.2963978496547215	3.9161111155266752	[2607, 1587, 241, 132, 1094, 1086, 1112]	149545
396	0.9125829413791682	0.9855384851104716	2.2963978496547215	3.668053645646185	[1549, 162, 10, 158, 1115, 1086, 1112]	128623
397	0.9131179249506987	0.9856790246137712	2.2963978496547215	3.931206349378085	[161, 10, 301, 2627, 261, 1086, 1112]	151687
398	0.9136496344767933	0.985841393949216	2.2963978496547215	3.2955640872694314	[193, 232, 320, 836, 1089, 1086, 1112]	139674
399	0.9141780899942792	0.9859789897320225	2.2963978496547215	3.9862906188186216	[10, 162, 420, 1822, 1094, 1086, 1096]	151562
400	0.9147033114173607	0.9860790980935478	2.2963978496547215	2.4629843211448703	[241, 19, 734, 1203, 174, 1086, 1112]	145356
401	0.915225318538369	0.9862632370076543	2.2963978496547215	2.732522825020183	[1742, 400, 19, 132, 1108, 1086, 1112]	137900
402	0.915744131028508	0.9863776623553623	2.2963978496547215	3.7611250776837037	[2051, 1849, 420, 1822, 1094, 1086, 1112]	144399
403	0.9162597684385964	0.9865578520067464	2.2963978496547215	3.924151359845241	[3158, 3083, 19, 132, 1094, 1086, 1096]	147908
404	0.916772250199803	0.9867102573127924	2.2963978496547215	3.280753655086839	[1579, 1580, 438, 2627, 261, 1086, 1112]	124325
405	0.9172815956243807	0.9868394093311326	2.2963978496547215	4.0341359208994385	[669, 811, 734, 19, 334, 1086, 1112]	149450
406	0.9177878239063929	0.9869333743980847	2.2963978496547215	3.4620520467569964	[10, 734, 19, 1987, 334, 1086, 1096]	151113
407	0.9182909541224372	0.9870603581259945	2.2963978496547215	3.775083405535659	[158, 420, 1879, 836, 1089, 1086, 1112]	149419
408	0.9187910052323646	0.9872070660837496	2.2963978496547215	3.0243219050251575	[1259, 734, 19, 132, 1108, 1086, 1112]	151985
409	0.9192879960799936	0.9873521106859747	2.2963978496547215	3.3606330780512383	[2005, 19, 241, 132, 1108, 1086, 1112]	148712
410	0.9197819453938203	0.9874424151256536	2.2963978496547215	3.881699867171635	[195, 10, 158, 1713, 174, 1086, 1112]	132274
411	0.9202728717877247	0.9875847913713944	2.2963978496547215	3.3945507805501087	[1579, 1580, 301, 2627, 261, 1086, 1112]	141467
412	0.9207607937616712	0.9877255533739864	2.2963978496547215	3.2090431767779197	[21, 422, 19, 132, 1108, 1086, 1112]	131828
413	0.9212457297024067	0.9878448385695745	2.2963978496547215	2.740062281339724	[1820, 733, 734, 1203, 174, 1086, 1112]	155864
414	0.921727697884153	0.988005621128178	2.2963978496547215	2.4284869069402104	[10, 734, 19, 132, 1108, 1086, 1112]	153988
415	0.9222067164692953	0.9881642769333608	2.2963978496547215	3.464222231029896	[241, 217, 132, 1713, 174, 1086, 1112]	150680
416	0.9226828035090671	0.9882984688048646	2.2963978496547215	2.8080246507420323	[3621, 1720, 241, 132, 1108, 1086, 1112]	127715
417	0.9231559769442299	0.9883959409514297	2.2963978496547215	3.542228626723241	[1742, 400, 19, 132, 1094, 1086, 1112]	159512
418	0.9236262546057498	0.988527506246765	2.2963978496547215	2.7206108825640802	[2872, 241, 19, 132, 1108, 1086, 1112]	159646
419	0.924093654215469	0.9886389979256108	2.2963978496547215	3.7605808323473218	[107, 10, 301, 2627, 261, 1086, 1112]	132358
420	0.924558193386774	0.9888143220316971	2.2963978496547215	3.6842025108052026	[2872, 241, 1729, 1822, 1094, 1086, 1112]	156174
421	0.925019889625259	0.9889411437773694	2.2963978496547215	3.3147954491973186	[1799, 232, 320, 836, 1089, 1086, 1112]	135568
422	0.9254787603293858	0.9890874249443354	2.2963978496547215	3.027434532504193	[1647, 1697, 241, 132, 1108, 1086, 1112]	158751
423	0.9259348227911394	0.9892111502851026	2.2963978496547215	3.17425940896415	[1879, 496, 217, 132, 1108, 1086, 1112]	160437
424	0.9263880941966793	0.9893334728442285	2.2963978496547215	3.6418698094676936	[2051, 1849, 420, 158, 1115, 1086, 1112]	152632
425	0.9268385916269881	0.9894096305915178	2.2963978496547215	3.17425940896415	[1879, 496, 217, 132, 1108, 1086, 1112]	153084
426	0.9272863320585139	0.9895297028070335	2.2963978496547215	3.947276655828393	[377, 162, 107, 1546, 234, 1086, 1112]	115060
427	0.9277313323638107	0.9896314549663432	2.2963978496547215	3.972575752441621	[19, 1126, 241, 217, 261, 1086, 1112]	154239
428	0.9281736093121745	0.9897178235213924	2.2963978496547215	2.2963978496547215	[846, 10, 734, 1203, 174, 1086, 1112]	130136
429	0.9286131795702748	0.9898344014860024	2.2963978496547215	2.8502715991067618	[2004, 19, 241, 132, 1108, 1086, 1112]	152210
430	0.9290500597027824	0.9899688670748119	2.2963978496547215	3.5458723285184215	[1529, 2229, 734, 19, 334, 1086, 1112]	141434
431	0.9294842661729946	0.9900663513597991	2.2963978496547215	4.094008474316849	[157, 10, 415, 255, 174, 1086, 1112]	148102
432	0.9299158153434546	0.9901372764408264	2.2963978496547215	2.4629503543304447	[1019, 10, 734, 1203, 174, 1086, 1112]	148149
433	0.9303447234765685	0.9902331240944626	2.2963978496547215	3.1455033926936977	[10, 232, 320, 836, 1089, 1086, 1112]	156847
434	0.9307710067352181	0.9903280402840208	2.2963978496547215	3.4495238415161733	[19, 132, 387, 344, 174, 1086, 1112]	154923
435	0.9311946811833702	0.9904376996912315	2.2963978496547215	4.257857038880671	[2047, 232, 10, 159, 1023, 1086, 1112]	138101
436	0.9316157627866815	0.9905306277797521	2.2963978496547215	3.532853129633992	[320, 232, 10, 158, 1115, 1086, 1112]	143200
437	0.9320342674131007	0.9906226527770334	2.2963978496547215	2.511023695947922	[161, 10, 734, 1203, 174, 1086, 1112]	131313
438	0.932450210833466	0.9906896059314784	2.2963978496547215	2.8785220653926133	[77, 19, 241, 132, 1108, 1086, 1112]	152779
439	0.9328636087221001	0.9907800859515805	2.2963978496547215	3.5880194384738697	[107, 232, 320, 836, 1089, 1086, 1112]	149924
440	0.9332744766573999	0.9908846201244651	2.2963978496547215	3.1064053138236165	[2607, 1587, 241, 132, 1108, 1086, 1096]	152915
441	0.9336828301224245	0.9909732049629058	2.2963978496547215	2.8080246507420323	[3621, 1720, 241, 132, 1108, 1086, 1112]	133213
442	0.9340886845054779	0.9910755495778387	2.2963978496547215	3.324462254706714	[2751, 331, 241, 132, 1108, 1086, 1112]	146753
443	0.9344920551006896	0.9911622789308238	2.2963978496547215	3.601276362078189	[1549, 162, 1192, 836, 1089, 1086, 1112]	145276
444	0.9348929571085902	0.9912358959326495	2.2963978496547215	3.3858483055097928	[1873, 10, 734, 19, 334, 1086, 1112]	145780
445	0.9352914056366849	0.9912984706032083	2.2963978496547215	3.9263917909227652	[1579, 1580, 438, 970, 261, 1086, 1112]	158764
446	0.9356874157000223	0.9913830335711071	2.2963978496547215	3.685194507708781	[3621, 1720, 132, 217, 261, 1086, 1112]	152241
447	0.9360810022217606	0.9915160114480963	2.2963978496547215	3.607429097407027	[2047, 232, 1192, 836, 1089, 1086, 1112]	137607
448	0.9364721800337295	0.9916469371973541	2.2963978496547215	3.057910963885006	[160, 331, 241, 132, 1108, 1086, 1112]	152886
449	0.9368609638769897	0.9917574274460663	2.2963978496547215	3.759225157833904	[3895, 1030, 1032, 132, 1094, 1086, 1112]	122406
450	0.9372473684023878	0.9918375301919743	2.2963978496547215	3.125527937822353	[669, 668, 670, 132, 1108, 1086, 1112]	153070
451	0.937631408171109	0.9919168544855411	2.2963978496547215	3.7881117802928044	[241, 1729, 132, 1713, 174, 1086, 1112]	155374
452	0.9380130976552253	0.9919954078919012	2.2963978496547215	3.532853129633992	[320, 232, 10, 158, 1115, 1086, 1112]	151168
453	0.9383924512382412	0.9920731979026699	2.2963978496547215	4.208916870205142	[119, 409, 19, 387, 344, 1086, 1112]	133504
454	0.9387694832156356	0.9921630709423223	2.2963978496547215	4.099615005584815	[320, 232, 193, 1872, 1115, 1086, 1112]	144113
455	0.9391442077954003	0.992284011205558	2.2963978496547215	3.607429097407027	[2047, 232, 1192, 836, 1089, 1086, 1112]	153743
456	0.939516639098576	0.992358996519401	2.2963978496547215	3.1816828750514636	[331, 241, 217, 132, 1108, 1086, 1096]	141822
457	0.9398867911597837	0.9924456292119248	2.2963978496547215	3.7904262377360016	[1547, 107, 734, 1203, 174, 1086, 1112]	155408
458	0.9402546779277541	0.9925312796743746	2.2963978496547215	3.262298240352031	[1078, 334, 19, 132, 1108, 1086, 1096]	151396
459	0.9406203132658532	0.9926159590431458	2.2963978496547215	3.809351041507175	[2872, 241, 1697, 132, 1108, 1086, 1112]	157869
460	0.9409837109526042	0.9926774670894337	2.2963978496547215	4.035636505389296	[2558, 415, 1265, 255, 174, 1086, 1096]	148334
461	0.9413448846822078	0.9927604890045195	2.2963978496547215	4.0180256554981515	[2340, 160, 320, 836, 1089, 1086, 1112]	148210
462	0.9417038480650569	0.992856249731973	2.2963978496547215	2.732522825020183	[1742, 400, 19, 132, 1108, 1086, 1112]	147172
463	0.9420606146282504	0.9929256739328284	2.2963978496547215	3.1455033926936977	[10, 232, 320, 836, 1089, 1086, 1112]	147942
464	0.942415197816103	0.9929944234572907	2.2963978496547215	3.8821799646717103	[331, 241, 1729, 1822, 1094, 1086, 1096]	139424
465	0.942767610990651	0.9930625048619818	2.2963978496547215	4.389496607595787	[107, 10, 157, 1010, 1105, 1086, 1112]	130610
466	0.943117867432157	0.9931120377599744	2.2963978496547215	2.813571952967709	[19, 241, 1031, 132, 1108, 1086, 1112]	148924
467	0.9434659803396092	0.993218333473555	2.2963978496547215	3.6842025108052026	[2872, 241, 1729, 1822, 1094, 1086, 1112]	139947
468	0.9438119628312196	0.9932667537736188	2.2963978496547215	3.98327875722501	[1529, 87, 1265, 255, 174, 1086, 1112]	141838
469	0.9441558279449183	0.9933430944337819	2.2963978496547215	3.5525593625647307	[2004, 19, 132, 217, 261, 1086, 1112]	139487
470	0.9444975886388438	0.9934185695535803	2.2963978496547215	3.921602664019894	[1799, 1019, 10, 158, 1115, 1086, 1112]	141544
471	0.9448372577918331	0.9934825290331374	2.2963978496547215	3.3107925902906414	[1500, 786, 19, 132, 1108, 1086, 1112]	138345
472	0.9451748482039053	0.9935458669434082	2.2963978496547215	2.4629843211448703	[241, 19, 734, 1203, 174, 1086, 1112]	138972
473	0.9455103725967449	0.9935919486930833	2.2963978496547215	3.123661932901401	[119, 123, 19, 132, 1108, 1086, 1112]	147824
474	0.9458438436141811	0.9936646023360189	2.2963978496547215	4.120350998061798	[1549, 162, 420, 1582, 1087, 1086, 1096]	154605
475	0.9461752738226638	0.9937484038924208	2.2963978496547215	3.125527937822353	[669, 668, 670, 132, 1108, 1086, 1112]	129190
476	0.9465046757117379	0.9937930395521405	2.2963978496547215	3.552416159908395	[734, 10, 158, 1713, 174, 1086, 1112]	145033
477	0.9468320616945134	0.9938373565185082	2.2963978496547215	3.542228626723241	[1742, 400, 19, 132, 1094, 1086, 1112]	150765
478	0.9471574441081331	0.9938813570669571	2.2963978496547215	3.475167541633052	[331, 241, 132, 19, 334, 1086, 1096]	138000
479	0.9474808352142381	0.9939507294358124	2.2963978496547215	3.700535591088215	[1178, 2279, 1876, 1713, 174, 1086, 1112]	154757
480	0.9478022471994292	0.9940011190281839	2.2963978496547215	2.9670826863691984	[1819, 241, 19, 132, 1108, 1086, 1112]	137013
481	0.9481216921757266	0.9940804693055888	2.2963978496547215	2.835444983931173	[394, 432, 15, 1557, 734, 19, 794]	154877
482	0.9484391821810261	0.9941475841660696	2.2963978496547215	3.514672406513336	[2028, 493, 217, 132, 1108, 1086, 1112]	152935
483	0.9487547291795527	0.994204458955515	2.2963978496547215	2.9121266964169745	[119, 409, 19, 132, 1108, 1086, 1112]	133659
484	0.9490683450623117	0.9942701680376521	2.2963978496547215	4.01159514472016	[1917, 10, 161, 1713, 174, 1086, 1112]	130980
485	0.9493800416475368	0.9943351321188578	2.2963978496547215	3.9643530555370186	[2872, 241, 1587, 132, 1094, 1086, 1112]	158221
486	0.9496898306811348	0.9943901842848554	2.2963978496547215	3.487276315966888	[1743, 1742, 400, 19, 334, 1086, 1112]	137752
487	0.9499977238371291	0.9944369132787341	2.2963978496547215	3.6371175171311467	[860, 853, 19, 132, 1108, 1086, 1112]	133421
488	0.9503037327180994	0.9944999868243267	2.2963978496547215	2.456452605672925	[1917, 10, 734, 1203, 174, 1086, 1112]	157965
489	0.9506078688556183	0.9945534369037793	2.2963978496547215	3.532853129633992	[320, 232, 10, 158, 1115, 1086, 1112]	130772
490	0.9509101437106868	0.9945923247226373	2.2963978496547215	3.3867096801330048	[241, 132, 19, 1987, 334, 1086, 1112]	134946
491	0.9512105686741655	0.9946309348870499	2.2963978496547215	2.81050582782964	[3284, 811, 734, 1203, 174, 1086, 1096]	136501
492	0.9515091550672041	0.994691808641165	2.2963978496547215	3.3147954491973186	[1799, 232, 320, 836, 1089, 1086, 1112]	132197
493	0.9518059141416682	0.994751992216662	2.2963978496547215	3.0635001754261895	[1819, 1513, 1031, 132, 1108, 1086, 1112]	136601
494	0.9521008570805627	0.9948214103090343	2.2963978496547215	3.829731321416138	[1715, 132, 1727, 1203, 174, 1086, 1096]	151942
495	0.9523939949984539	0.994880124477866	2.2963978496547215	3.7995633336040058	[846, 10, 157, 1713, 174, 1086, 1112]	149413
496	0.9526853389418883	0.9949613923432967	2.2963978496547215	3.8183756353871248	[2607, 1587, 132, 19, 334, 1086, 1112]	147819
497	0.9529748998898083	0.9950201516162612	2.2963978496547215	3.718294247239391	[4196, 1663, 1546, 234, 174, 1086, 1096]	147216
498	0.9532626887539665	0.99507661248229	2.2963978496547215	2.7760423804394057	[811, 734, 19, 132, 1108, 1086, 1096]	145646
499	0.9535487163793364	0.9951340280801642	2.2963978496547215	3.1064053138236165	[2196, 2197, 241, 132, 1108, 1086, 1112]	134980
