0	0.0061198990216660976	0.008329862557267753	4.232609249697403	4.232609249697403	[1742, 400, 19, 422, 636, 1086, 1112]	148755
1	0.012202344879296834	0.0154102705118776	4.032133070598761	4.032133070598761	[195, 10, 157, 1713, 174, 1086, 1112]	140941
2	0.01824756678247408	0.02244012518782068	3.2698792660251526	3.2698792660251526	[158, 10, 734, 19, 334, 1086, 1112]	133806
3	0.024255792538040333	0.03058306458650606	2.8649135046369567	2.8649135046369567	[2627, 261, 217, 132, 1108, 1086, 1112]	142503
4	0.030227248558683195	0.04340603992266345	2.8649135046369567	3.906588029606888	[3895, 1030, 1032, 1729, 1094, 1086, 1112]	145062
5	0.036162159871467314	0.05605939918294567	2.8649135046369567	3.272226006020019	[1456, 2004, 19, 132, 1108, 1086, 1112]	123291
6	0.04206075012631472	0.06523277722781495	2.8649135046369567	4.0127332644424465	[1549, 162, 10, 232, 1023, 1086, 1112]	125908
7	0.04792324160443229	0.07613385271203865	2.8649135046369567	4.007425286017618	[2299, 2297, 400, 19, 334, 1086, 1112]	130965
8	0.0537498552266884	0.08273014816479973	2.8649135046369567	3.7304485315991878	[3621, 1720, 241, 19, 334, 1086, 1096]	122623
9	0.05954081056193805	0.09486334726314893	2.8649135046369567	3.617730452445091	[3621, 1720, 241, 132, 1094, 1086, 1112]	124360
10	0.06529632583529699	0.10512566758896358	2.8649135046369567	3.899705492910681	[1792, 496, 438, 2627, 261, 1086, 1112]	124384
11	0.07101661793636527	0.1138222111498094	2.8649135046369567	3.860207752796951	[161, 651, 734, 1203, 174, 1086, 1112]	147250
12	0.0767019024274006	0.12386957837033308	2.8649135046369567	3.7163875428531554	[1799, 232, 10, 158, 1115, 1086, 1096]	132015
13	0.0823523935514413	0.1323839653638187	2.5289675866494767	2.5289675866494767	[195, 10, 734, 1203, 174, 1086, 1112]	155575
14	0.08796830424038005	0.14081560807165328	2.5289675866494767	2.9121266964169745	[119, 409, 19, 132, 1108, 1086, 1112]	132982
15	0.09354984612298778	0.15218048098075843	2.5289675866494767	3.63259183391249	[2764, 1511, 1031, 132, 1108, 1086, 1112]	143651
16	0.0990972295328888	0.16041973772535745	2.5289675866494767	3.1455033926936977	[10, 232, 320, 836, 1089, 1086, 1112]	157259
17	0.10461066351648673	0.16741332591590008	2.5289675866494767	3.1148748190664355	[1586, 107, 734, 1203, 174, 1086, 1096]	142523
18	0.11009035584084248	0.17434865847803327	2.5289675866494767	2.876898483739562	[1548, 19, 734, 1203, 174, 1086, 1112]	145534
19	0.11553651300150336	0.18709019152621176	2.5289675866494767	3.7439125216956306	[837, 162, 1192, 836, 1089, 1086, 1112]	135603
20	0.12094934023028481	0.19289427179139018	2.5289675866494767	3.8320061932939575	[1549, 107, 420, 158, 1115, 1086, 1112]	144107
21	0.1263290415030044	0.2035702734872713	2.5289675866494767	4.178398379868548	[377, 162, 420, 1582, 1087, 1086, 1112]	137783
22	0.13167581954716823	0.2141050582295032	2.5289675866494767	4.172946278670365	[2047, 232, 193, 1872, 1115, 1086, 1112]	148244
23	0.13698987584961053	0.22301543171896465	2.5289675866494767	3.1148748190664355	[1586, 107, 734, 1203, 174, 1086, 1096]	155374
24	0.14227141066408644	0.23056630215901364	2.5289675866494767	4.21996627138773	[396, 1728, 132, 19, 334, 1086, 1112]	126422
25	0.1475206230188183	0.24244027897754739	2.5289675866494767	3.7593103781051287	[1819, 1513, 2680, 132, 1108, 1086, 1112]	162893
26	0.152737710723996	0.25102939146079517	2.5289675866494767	3.3945507805501087	[1579, 1580, 301, 2627, 261, 1086, 1112]	123220
27	0.1579228703792308	0.2595211217163417	2.5289675866494767	3.90953563990026	[1807, 157, 10, 158, 1115, 1086, 1112]	126060
28	0.1630762973809643	0.26791657385107703	2.5289675866494767	2.9837054211849563	[2872, 241, 217, 132, 1108, 1086, 1112]	139183
29	0.1681981859298317	0.2740147281713512	2.5289675866494767	3.530316684267138	[2872, 241, 19, 132, 1094, 1086, 1112]	153087
30	0.17328872903797987	0.2791981774852941	2.340398178917159	2.340398178917159	[107, 10, 734, 1203, 174, 1086, 1112]	145442
31	0.1783481185363407	0.28434461758178753	2.340398178917159	3.428889265862453	[1527, 651, 734, 1203, 174, 1086, 1112]	137805
32	0.1833765450818603	0.29030592855570014	2.340398178917159	3.921602664019894	[1799, 1019, 10, 158, 1115, 1086, 1096]	138268
33	0.18837419816468337	0.2962175826285389	2.340398178917159	3.5236618915716624	[1819, 241, 132, 19, 334, 1086, 1112]	152237
34	0.19334126611529434	0.30738873211062556	2.340398178917159	3.1064053138236165	[2607, 1587, 241, 132, 1108, 1086, 1112]	140480
35	0.19827793611161382	0.31655025681815696	2.340398178917159	3.523898180591541	[241, 1720, 132, 19, 334, 1086, 1096]	146727
36	0.2031843941860525	0.32429912011953843	2.340398178917159	3.179899696473333	[1792, 232, 320, 836, 1089, 1086, 1112]	161140
37	0.20806082523252156	0.3299276155787676	2.340398178917159	3.4617067333156504	[1791, 420, 158, 1713, 174, 1086, 1096]	150818
38	0.2129074130134001	0.33879100690709074	2.340398178917159	2.92478037844411	[19, 1126, 241, 132, 1108, 1086, 1112]	143544
39	0.21772434016646003	0.3442987869411841	2.340398178917159	3.3333010924626487	[1820, 10, 734, 19, 334, 1086, 1112]	142211
40	0.22251178821174855	0.352972083410216	2.340398178917159	3.935233739525411	[669, 668, 670, 132, 1094, 1086, 1112]	127073
41	0.2272699375584284	0.36295708212302125	2.340398178917159	4.441811397393986	[3869, 438, 79, 148, 1108, 1086, 1112]	138237
42	0.23199896751157656	0.36914797539684996	2.340398178917159	3.057910963885006	[160, 331, 241, 132, 1108, 1086, 1112]	140763
43	0.23669905627894106	0.3774925788968917	2.340398178917159	3.601276362078189	[1549, 162, 1192, 836, 1089, 1086, 1112]	149265
44	0.2413703809776564	0.38354221369867114	2.340398178917159	3.7852347801075377	[305, 496, 217, 132, 1108, 1086, 1112]	159508
45	0.24601311764091816	0.39169641722117554	2.340398178917159	2.9740435102732192	[19, 241, 217, 132, 1108, 1086, 1112]	124952
46	0.25062744122461655	0.39859328323907606	2.340398178917159	2.3720352638603415	[1820, 10, 734, 1203, 174, 1086, 1112]	138817
47	0.2552135256139294	0.4028872563461928	2.340398178917159	2.4629843211448703	[241, 19, 734, 1203, 174, 1086, 1112]	150535
48	0.25977154362987487	0.4086901012796603	2.340398178917159	3.2955640872694314	[193, 232, 320, 836, 1089, 1086, 1112]	144282
49	0.2643016670358238	0.41291198429545384	2.340398178917159	2.340398178917159	[107, 10, 734, 1203, 174, 1086, 1112]	137326
50	0.2688040665439726	0.42067769878890027	2.340398178917159	3.91316502728694	[2764, 400, 19, 132, 1094, 1086, 1112]	139186
51	0.2732789118217763	0.427245978847983	2.340398178917159	3.829731321416138	[1715, 132, 1727, 1203, 174, 1086, 1112]	142099
52	0.27772637149834234	0.43482209023888274	2.340398178917159	3.755622824008638	[1549, 162, 2636, 836, 1089, 1086, 1112]	140513
53	0.2821466131707848	0.44379316817159886	2.340398178917159	3.1064053138236165	[2607, 1587, 241, 132, 1108, 1086, 1096]	142969
54	0.28653980341054064	0.44919848237790017	2.340398178917159	3.3147954491973186	[1799, 232, 320, 836, 1089, 1086, 1096]	139344
55	0.2909061077696462	0.45544339754368357	2.340398178917159	2.7206108825640802	[2872, 241, 19, 132, 1108, 1086, 1112]	134768
56	0.29524569078697616	0.4626465272058041	2.340398178917159	3.2381927086432682	[10, 734, 19, 132, 1094, 1086, 1112]	135980
57	0.29955871599444395	0.4687389702080059	2.340398178917159	3.532853129633992	[320, 232, 10, 158, 1115, 1086, 1112]	126831
58	0.30384534592316415	0.4769374428899811	2.340398178917159	3.653542571612352	[1792, 496, 1879, 836, 1089, 1086, 1112]	130753
59	0.3081057421095773	0.48067204792676355	2.340398178917159	3.843563662866443	[107, 10, 157, 1713, 174, 1086, 1112]	141283
60	0.31234006510153733	0.48499797838968095	2.340398178917159	4.2624090249324995	[421, 438, 496, 217, 261, 1086, 1112]	138148
61	0.3165484744643614	0.48928787444641	2.340398178917159	3.428889265862453	[650, 651, 734, 1203, 174, 1086, 1112]	151219
62	0.3207311287868432	0.4971692344086567	2.340398178917159	3.889679492226567	[2309, 420, 1879, 836, 1089, 1086, 1112]	132274
63	0.32488818568722877	0.5020558307700886	2.340398178917159	3.2381927086432682	[10, 734, 19, 132, 1094, 1086, 1112]	126941
64	0.3290198018191567	0.5062036372609666	2.340398178917159	3.555566438090408	[3621, 1720, 132, 19, 334, 1086, 1112]	157234
65	0.333126132877561	0.5103168930938615	2.340398178917159	2.8502715991067618	[2004, 19, 241, 132, 1108, 1086, 1112]	146996
66	0.33720733360453825	0.5167941828677522	2.340398178917159	2.8080246507420323	[3621, 1720, 241, 132, 1108, 1086, 1112]	160221
67	0.34126355779517925	0.5222727068715192	2.340398178917159	2.8649135046369567	[2627, 261, 217, 132, 1108, 1086, 1112]	158695
68	0.3452949583033643	0.5269153433450711	2.340398178917159	3.428889265862453	[107, 811, 3459, 1203, 174, 1086, 1112]	144081
69	0.3493016870475234	0.5322791149624738	2.340398178917159	3.2045923090637043	[2047, 232, 320, 836, 1089, 1086, 1112]	139264
70	0.35328389501636104	0.53617516565	2.340398178917159	4.1246349976073535	[1794, 107, 734, 19, 334, 1086, 1112]	141107
71	0.35724173227454614	0.5433329563035494	2.340398178917159	3.607429097407027	[2047, 232, 1192, 836, 1089, 1086, 1112]	148110
72	0.3611753479683669	0.5477709256300456	2.3086134374228453	2.3086134374228453	[158, 10, 734, 1203, 174, 1086, 1112]	147885
73	0.3650848903313515	0.5537527916931402	2.3086134374228453	4.64943081304251	[111, 1550, 420, 1822, 1094, 1086, 1096]	141882
74	0.36897050668985365	0.56063932268553	2.3086134374228453	3.6842025108052026	[2872, 241, 1729, 1822, 1094, 1086, 1096]	135325
75	0.37283234346860483	0.5656207362605239	2.3086134374228453	3.6380241084139104	[1715, 132, 19, 1987, 334, 1086, 1112]	134647
76	0.37667054619623197	0.5698421090859804	2.3086134374228453	3.1816828750514636	[331, 241, 217, 132, 1108, 1086, 1112]	124442
77	0.3804852595107413	0.5747191826791099	2.3086134374228453	3.406818157384917	[2872, 241, 132, 217, 261, 1086, 1112]	121031
78	0.38427662716496924	0.5782617134356354	2.3086134374228453	3.267729638277478	[1515, 1031, 241, 132, 1108, 1086, 1112]	163725
79	0.38804479203199926	0.5830433266619888	2.3086134374228453	2.8049635938983744	[1872, 193, 394, 432, 422, 19, 794]	130767
80	0.39178989611054615	0.5860203481887669	2.3086134374228453	2.4629503543304447	[1019, 10, 734, 1203, 174, 1086, 1112]	147807
81	0.3955120805303066	0.5907139950346993	2.3086134374228453	3.792217917290504	[1820, 10, 301, 2627, 261, 1086, 1112]	134452
82	0.39921148555727815	0.5953544259299974	2.3086134374228453	3.1207086718623307	[4284, 19, 734, 1203, 174, 1086, 1112]	146893
83	0.40288825059904443	0.5982435476583488	2.3086134374228453	3.3867096801330048	[241, 132, 19, 1987, 334, 1086, 1112]	130141
84	0.4065425142100286	0.6015901236878503	2.3086134374228453	2.81050582782964	[3284, 811, 734, 1203, 174, 1086, 1112]	131509
85	0.41017441409671507	0.6054619397841783	2.3086134374228453	4.184525765795121	[320, 232, 10, 159, 1023, 1086, 1112]	130350
86	0.4137840871228382	0.6115504900961508	2.3086134374228453	3.6842025108052026	[2872, 241, 1729, 1822, 1094, 1086, 1112]	149110
87	0.4173716693145403	0.615325509628744	2.3086134374228453	3.883133007760607	[1019, 10, 301, 2627, 261, 1086, 1112]	159126
88	0.4209372958654972	0.6196868984084635	2.3086134374228453	4.164810465473435	[1851, 159, 1265, 255, 174, 1086, 1112]	147743
89	0.4244811011420133	0.6239988383358052	2.3086134374228453	3.8435401121328816	[2071, 321, 1398, 132, 1108, 1086, 1112]	142478
90	0.42800321868808466	0.6298013253985242	2.3086134374228453	3.2576636782570283	[846, 10, 734, 19, 334, 1086, 1112]	169400
91	0.43150378123043165	0.6324445003227925	2.3086134374228453	3.889229274021643	[1549, 162, 107, 1546, 234, 1086, 1112]	143519
92	0.4349829206835004	0.6373063455566179	2.3086134374228453	3.190121354476479	[160, 107, 734, 1203, 174, 1086, 1112]	139416
93	0.4384407681544341	0.6429034698535837	2.3086134374228453	3.582736484816656	[1792, 232, 1192, 836, 1089, 1086, 1112]	159196
94	0.44187745394801337	0.6469521833473073	2.3086134374228453	4.211206343452686	[1579, 1582, 420, 158, 1115, 1086, 1112]	138555
95	0.4452931075715667	0.6503831631009778	2.3086134374228453	2.4284869069402104	[10, 734, 19, 132, 1108, 1086, 1112]	151944
96	0.44868785773985087	0.6557784846580614	2.3086134374228453	3.6984008756127533	[193, 232, 1192, 836, 1089, 1086, 1112]	138738
97	0.4520618323799014	0.6591236888887897	2.3086134374228453	4.588620964021516	[1019, 10, 438, 421, 261, 1086, 1112]	128082
98	0.45541515863585313	0.6636326348029591	2.3086134374228453	2.813571952967709	[19, 241, 1031, 132, 1108, 1086, 1112]	144185
99	0.45874796287373176	0.666901511043941	2.3086134374228453	3.4061245259816175	[19, 132, 241, 1729, 1094, 1086, 1112]	155412
100	0.46206037068621564	0.6701386197801515	2.3086134374228453	4.16817011547924	[1791, 420, 1582, 836, 1089, 1086, 1112]	139909
101	0.4653525068973685	0.6724937911745932	2.3086134374228453	3.069270376387018	[158, 1557, 734, 1203, 174, 1086, 1096]	151524
102	0.46862449556734354	0.6756765531651219	2.3086134374228453	3.123661932901401	[119, 123, 19, 132, 1108, 1086, 1112]	166267
103	0.4718764599970583	0.6788283845240615	2.3086134374228453	3.412073299814958	[734, 19, 241, 132, 1094, 1086, 1112]	137104
104	0.4751085227328411	0.681121512021956	2.3086134374228453	3.3867096801330048	[241, 132, 19, 1987, 334, 1086, 1112]	129205
105	0.4783208055710493	0.6842204283288369	2.3086134374228453	4.030536204989326	[158, 1557, 734, 19, 334, 1086, 1112]	118530
106	0.4815134295626585	0.6878006955813444	2.3086134374228453	3.3333010924626487	[1820, 10, 734, 19, 334, 1086, 1112]	123335
107	0.484686515017825	0.6908347024270067	2.3086134374228453	3.428889265862453	[107, 811, 3459, 1203, 174, 1086, 1112]	151804
108	0.48784018151041875	0.6934100068632665	2.3086134374228453	3.428889265862453	[650, 651, 734, 1203, 174, 1086, 1112]	121909
109	0.4909745478825298	0.696389501451573	2.3086134374228453	3.7638234480549677	[107, 734, 19, 132, 1094, 1086, 1112]	149866
110	0.4940897322489467	0.6993400407960669	2.3086134374228453	3.7115410360418	[1549, 162, 420, 158, 1115, 1086, 1112]	171185
111	0.49718585200160725	0.7018444969327094	2.3086134374228453	3.8340277067282154	[1259, 734, 19, 132, 1094, 1086, 1112]	143862
112	0.5002630238140224	0.7039732920994897	2.3086134374228453	2.852510554598944	[3284, 811, 3459, 1203, 174, 1086, 1112]	149906
113	0.5033213636456735	0.7073296039804478	2.3086134374228453	3.2090431767779197	[21, 422, 19, 132, 1108, 1086, 1096]	152342
114	0.5063609867463807	0.7106478624387194	2.3086134374228453	2.9495193561308453	[3895, 1030, 1032, 132, 1108, 1086, 1112]	165907
115	0.5093820076606477	0.7134598365646794	2.3086134374228453	3.9092548125542814	[331, 160, 320, 836, 1089, 1086, 1112]	142705
116	0.5123845402319771	0.7162444834396582	2.3086134374228453	2.3086134374228453	[158, 10, 734, 1203, 174, 1086, 1112]	140459
117	0.5153686976071608	0.7206234265964535	2.3086134374228453	4.0884547624881575	[4015, 241, 1729, 1822, 1094, 1086, 1112]	155123
118	0.5183345922405433	0.7233384564643208	2.3086134374228453	3.280753655086839	[1579, 1580, 438, 2627, 261, 1086, 1112]	146862
119	0.5212823358982609	0.7264752086586028	2.3086134374228453	3.2045923090637043	[2047, 232, 320, 836, 1089, 1086, 1112]	140147
120	0.5242120396624514	0.7295763967690496	2.3086134374228453	3.179899696473333	[1792, 232, 320, 836, 1089, 1086, 1112]	146169
121	0.5271238139354417	0.7322044201240636	2.3086134374228453	3.867250396798088	[1580, 438, 10, 158, 1115, 1086, 1112]	121184
122	0.5300177684439074	0.7357466896991423	2.3086134374228453	3.725277080728378	[10, 734, 19, 387, 344, 1086, 1112]	131365
123	0.5328940122430079	0.7379478834542514	2.3086134374228453	3.2576636782570283	[846, 10, 734, 19, 334, 1086, 1112]	131811
124	0.5357526537204963	0.7410038848133855	2.3086134374228453	3.1064053138236165	[2607, 1587, 241, 132, 1108, 1086, 1112]	130498
125	0.5385938006008033	0.7435208538628181	2.3086134374228453	3.7605808323473218	[107, 10, 301, 2627, 261, 1086, 1112]	133342
126	0.5414175599490971	0.746913435160929	2.3086134374228453	2.8080246507420323	[3621, 1720, 241, 132, 1108, 1086, 1112]	153445
127	0.5442240381753178	0.749782897347313	2.3086134374228453	4.257857038880671	[2047, 232, 10, 159, 1023, 1086, 1112]	132341
128	0.5470133410381877	0.7536442723882495	2.3086134374228453	3.8757930307818453	[87, 1265, 1209, 132, 1108, 1086, 1112]	131809
129	0.5497855736491959	0.7560383999646513	2.3086134374228453	2.796959156295561	[1549, 107, 734, 1203, 174, 1086, 1112]	124531
130	0.5525408404765602	0.7588044045001995	2.3086134374228453	3.77454724064593	[1791, 420, 545, 132, 1108, 1086, 1112]	128139
131	0.5552792453491631	0.7608135306601311	2.3086134374228453	3.1207086718623307	[432, 19, 734, 1203, 174, 1086, 1112]	156910
132	0.5580008914604654	0.7625212938731248	2.3086134374228453	3.7028493633355213	[734, 10, 157, 1713, 174, 1086, 1112]	122522
133	0.5607058813723937	0.7644994588554395	2.3086134374228453	2.7206108825640802	[2872, 241, 19, 132, 1108, 1086, 1112]	116311
134	0.5633943170192066	0.7671695330180762	2.3086134374228453	4.298918799116719	[734, 19, 1987, 653, 636, 1086, 1112]	133665
135	0.5660662997113346	0.7688319151230224	2.3086134374228453	3.1015860273876683	[241, 1729, 1032, 132, 1108, 1086, 1112]	135160
136	0.5687219301391991	0.7710784465601165	2.3086134374228453	3.488505634587085	[734, 19, 132, 387, 344, 1086, 1112]	139968
137	0.5713613083770063	0.772712919482874	2.3086134374228453	3.1148748190664355	[158, 651, 734, 1203, 174, 1086, 1096]	156116
138	0.573984533886518	0.7746061896246244	2.3086134374228453	3.5236618915716624	[1819, 241, 132, 19, 334, 1086, 1112]	154408
139	0.5765917055208005	0.7767966056632577	2.3086134374228453	3.7285268060572383	[107, 10, 438, 2627, 261, 1086, 1112]	148817
140	0.5791829215279491	0.7793272563926992	2.3086134374228453	3.748374190945288	[1555, 2229, 734, 19, 334, 1086, 1096]	134284
141	0.5817582795547906	0.7814717922878138	2.3086134374228453	3.8393338667547763	[10, 157, 320, 836, 1089, 1086, 1112]	143820
142	0.5843178766505632	0.7849404939975311	2.3086134374228453	3.830284031234858	[2486, 257, 320, 836, 1089, 1086, 1096]	155494
143	0.5868618092705735	0.7867319101241655	2.3086134374228453	2.4442986617087863	[1579, 1583, 162, 10, 734, 19, 794]	123802
144	0.5893901732798315	0.7895529166040046	2.3086134374228453	3.4811257093260544	[3621, 1720, 132, 1713, 174, 1086, 1112]	141295
145	0.5919030639566627	0.7915980777643156	2.3086134374228453	3.6351640636789	[1075, 2688, 734, 1203, 174, 1086, 1112]	119213
146	0.5944005759962993	0.7933340371332093	2.3086134374228453	4.286014984244885	[377, 162, 10, 494, 636, 1086, 1096]	119076
147	0.5968828035144478	0.7948096077611628	2.3086134374228453	2.340398178917159	[107, 10, 734, 1203, 174, 1086, 1112]	127106
148	0.5993498400508366	0.7979761261599103	2.3086134374228453	3.215412445787365	[1819, 241, 1720, 132, 1108, 1086, 1112]	134205
149	0.6018017785727398	0.8006483996234035	2.3086134374228453	3.534097824321477	[320, 232, 1192, 836, 1089, 1086, 1112]	131379
150	0.6042387114784816	0.8023089710551119	2.3086134374228453	3.2771900877665443	[2872, 241, 132, 19, 334, 1086, 1096]	158980
151	0.6066607306009177	0.8049239317554411	2.3086134374228453	4.314636570524299	[1791, 420, 1822, 1210, 458, 1086, 1112]	133444
152	0.6090679272108961	0.8075043030285173	2.3086134374228453	3.302752345972076	[1579, 4018, 241, 132, 1108, 1086, 1096]	125431
153	0.611460392020696	0.8091077657271553	2.3086134374228453	2.6103471929178546	[2004, 19, 734, 1203, 174, 1086, 1112]	130236
154	0.6138382151874471	0.8109628894810216	2.3086134374228453	3.2698792660251526	[158, 10, 734, 19, 334, 1086, 1112]	119692
155	0.6162014863165263	0.8134633803609022	2.3086134374228453	3.601276362078189	[1549, 162, 1192, 836, 1089, 1086, 1112]	125289
156	0.6185502944649346	0.8155783080212095	2.3086134374228453	2.7206108825640802	[2872, 241, 19, 132, 1108, 1086, 1112]	159742
157	0.6208847281446535	0.8173705499257652	2.3086134374228453	4.2038081435370005	[811, 734, 19, 3308, 334, 1086, 1112]	119976
158	0.6232048753259798	0.818891828143793	2.3086134374228453	2.456452605672925	[1917, 10, 734, 1203, 174, 1086, 1112]	118837
159	0.6255108234408409	0.8206518686866133	2.3086134374228453	2.407274149275716	[2047, 232, 1799, 10, 734, 19, 794]	116232
160	0.6278026593860897	0.8230241984658908	2.3086134374228453	2.81050582782964	[3284, 811, 734, 1203, 174, 1086, 1112]	152903
161	0.6300804695267795	0.8242877848396692	2.3086134374228453	3.5105097539564767	[87, 1265, 734, 1203, 174, 1086, 1112]	158831
162	0.6323443396994177	0.8259953865419076	2.3086134374228453	3.386884539093148	[107, 811, 734, 1203, 174, 1086, 1112]	145381
163	0.6345943552152014	0.8276863934754168	2.3086134374228453	4.141468725757591	[157, 842, 159, 1713, 174, 1086, 1112]	145845
164	0.6368306008632311	0.8291217421345136	2.3086134374228453	3.2771900877665443	[2872, 241, 132, 19, 334, 1086, 1112]	155051
165	0.6390531609137072	0.8317587522867589	2.3086134374228453	3.521616878866147	[1819, 241, 1126, 132, 1108, 1086, 1112]	146420
166	0.641262119121105	0.8331601787566734	2.3086134374228453	4.4198411398155155	[4356, 669, 813, 19, 334, 1086, 1112]	132238
167	0.6434575587273302	0.835051786707278	2.3086134374228453	2.9837054211849563	[2872, 241, 217, 132, 1108, 1086, 1112]	133662
168	0.6456395624648572	0.8364257826530732	2.3086134374228453	2.876898483739562	[1548, 19, 734, 1203, 174, 1086, 1112]	153859
169	0.6478082125598458	0.8389500761306492	2.3086134374228453	3.210435576778087	[2267, 261, 217, 132, 1108, 1086, 1112]	148358
170	0.6499635907352397	0.8405151871497878	2.3086134374228453	2.954117646351909	[107, 734, 19, 132, 1108, 1086, 1112]	125659
171	0.6521057782138465	0.8420650881493039	2.3086134374228453	3.021211317745953	[331, 241, 1031, 132, 1108, 1086, 1112]	136305
172	0.6542348557213988	0.8433806642580144	2.3086134374228453	3.2771900877665443	[2872, 241, 132, 19, 334, 1086, 1112]	125468
173	0.6563509034895958	0.8446852817985557	2.3086134374228453	3.348490564182004	[2004, 19, 132, 1713, 174, 1086, 1096]	128824
174	0.6584540012591262	0.8461946570969177	2.3086134374228453	2.92478037844411	[19, 1126, 241, 132, 1108, 1086, 1112]	156428
175	0.6605442282826743	0.8485681963392492	2.3086134374228453	3.0635001754261895	[1819, 1513, 1031, 132, 1108, 1086, 1112]	141897
176	0.6626216633279062	0.8498296024505424	2.3086134374228453	3.17425940896415	[1879, 496, 217, 132, 1108, 1086, 1112]	121165
177	0.6646863846804371	0.8515322146676565	2.3086134374228453	2.8502715991067618	[2004, 19, 241, 132, 1108, 1086, 1112]	160778
178	0.6667384701467826	0.8534960742619996	2.3086134374228453	3.543140678150495	[1799, 10, 734, 19, 334, 1086, 1112]	133595
179	0.6687779970572902	0.8554339568775816	2.3086134374228453	2.813571952967709	[19, 241, 1031, 132, 1108, 1086, 1112]	128042
180	0.6708050422690536	0.8573462061252327	2.3086134374228453	3.1455033926936977	[10, 232, 320, 836, 1089, 1086, 1112]	147881
181	0.6728196821688086	0.8585344926214823	2.2963978496547215	2.2963978496547215	[846, 10, 734, 1203, 174, 1086, 1112]	121430
182	0.6748219926758121	0.8607176023032496	2.2963978496547215	3.582736484816656	[1792, 232, 1192, 836, 1089, 1086, 1112]	125556
183	0.6768120492447027	0.862559962061143	2.2963978496547215	3.799585859424228	[841, 840, 843, 3094, 174, 1086, 1112]	152608
184	0.6787899268683444	0.8638956281246888	2.2963978496547215	2.5846064999161147	[1529, 2229, 734, 1203, 174, 1086, 1096]	125204
185	0.6807557000806521	0.8652183139543809	2.2963978496547215	4.145525542623377	[1586, 1587, 132, 1713, 174, 1086, 1096]	117881
186	0.682709442959401	0.8667464509843765	2.2963978496547215	3.720960478472268	[2654, 232, 734, 1203, 174, 1086, 1096]	128044
187	0.6846512291290177	0.8682572621977056	2.2963978496547215	3.4707681762945217	[1879, 232, 320, 836, 1089, 1086, 1112]	153184
188	0.6865811317633546	0.8691978898252581	2.2963978496547215	2.5289675866494767	[195, 10, 734, 1203, 174, 1086, 1112]	146220
189	0.6884992235884477	0.8709280764677811	2.2963978496547215	3.4370654128233644	[394, 432, 19, 132, 1108, 1086, 1096]	160636
190	0.6904055768852569	0.8723914769613438	2.2963978496547215	3.280753655086839	[1579, 1580, 438, 2627, 261, 1086, 1112]	142118
191	0.6923002634923902	0.8743607442921872	2.2963978496547215	3.1148748190664355	[1586, 107, 734, 1203, 174, 1086, 1096]	160043
192	0.69418335480881	0.8760226392089572	2.2963978496547215	4.119820803379623	[2557, 2558, 415, 255, 174, 1086, 1112]	152330
193	0.6960549217965248	0.8774282782201935	2.2963978496547215	3.6842025108052026	[2872, 241, 1729, 1822, 1094, 1086, 1112]	136505
194	0.6979150349832625	0.8784492838160269	2.2963978496547215	3.2274861155624004	[1723, 241, 1031, 132, 1108, 1086, 1112]	147531
195	0.6997637644651284	0.8796305347021686	2.2963978496547215	3.2225752348164294	[457, 540, 19, 132, 1108, 1086, 1112]	151233
196	0.701601179909247	0.8808003059878619	2.2963978496547215	3.523328039732048	[1468, 2688, 734, 1203, 174, 1086, 1112]	163419
197	0.7034273505563867	0.8819587092338496	2.2963978496547215	3.123661932901401	[119, 400, 19, 132, 1108, 1086, 1112]	145341
198	0.7052423452235697	0.882941976962014	2.2963978496547215	3.604795611251425	[331, 241, 132, 217, 261, 1086, 1112]	131740
199	0.7070462323066644	0.8847484279348224	2.2963978496547215	3.7439125216956306	[837, 162, 1192, 836, 1089, 1086, 1112]	148449
200	0.7088390797829642	0.8858684626487697	2.2963978496547215	3.1669180958487546	[331, 241, 1720, 132, 1108, 1086, 1112]	128216
201	0.7106209552137479	0.8869776126716195	2.2963978496547215	3.6771584126391046	[107, 162, 10, 158, 1115, 1086, 1112]	123390
202	0.712391925746826	0.8882590456345263	2.2963978496547215	3.727629877174775	[1807, 157, 320, 836, 1089, 1086, 1112]	138892
203	0.7141520581190712	0.8897371005864505	2.2963978496547215	3.3107925902906414	[1500, 786, 19, 132, 1108, 1086, 1112]	157527
204	0.7159014186589336	0.8905243646984053	2.2963978496547215	3.77618168181535	[359, 158, 420, 1822, 1094, 1086, 1112]	145646
205	0.7176400732889395	0.8919724551124476	2.2963978496547215	4.365694677346365	[3, 232, 1192, 836, 1089, 1086, 1096]	149705
206	0.7193680875281763	0.8934013908913835	2.2963978496547215	4.099142909666698	[2051, 1849, 420, 1546, 234, 1086, 1112]	150780
207	0.7210855264947609	0.8941624924022441	2.2963978496547215	3.7886459842686415	[331, 241, 132, 387, 344, 1086, 1112]	132799
208	0.722792454908294	0.8951910396092194	2.2963978496547215	3.6418698094676936	[2051, 1849, 420, 158, 1115, 1086, 1112]	149320
209	0.7244889370922993	0.8960640838440447	2.2963978496547215	3.6351640636789	[3065, 1460, 734, 1203, 174, 1086, 1112]	120199
210	0.7261750369766463	0.8972424955918447	2.2963978496547215	3.0635001754261895	[1819, 1513, 1031, 132, 1108, 1086, 1096]	129096
211	0.7278508180999608	0.897976172067657	2.2963978496547215	3.490233415251784	[195, 10, 734, 19, 334, 1086, 1112]	151480
212	0.729516343612018	0.8988260165318998	2.2963978496547215	2.852510554598944	[3284, 811, 3459, 1203, 174, 1086, 1112]	126296
213	0.7311716762761236	0.8999731138501322	2.2963978496547215	2.836907934762174	[2297, 400, 19, 132, 1108, 1086, 1112]	132630
214	0.7328168784714775	0.9009451924327354	2.2963978496547215	3.9862906188186216	[10, 162, 420, 1822, 1094, 1086, 1112]	128079
215	0.7344520121955256	0.9020682628133166	2.2963978496547215	4.207033625178908	[734, 19, 132, 1587, 487, 1086, 1112]	154451
216	0.7360771390662955	0.9030199803758694	2.2963978496547215	4.281388066986485	[811, 734, 10, 158, 1089, 1086, 1112]	162153
217	0.737692320324719	0.904119527083626	2.2963978496547215	3.8723602699503585	[1879, 232, 10, 158, 1115, 1086, 1112]	151713
218	0.7392976168369392	0.9053877873073876	2.2963978496547215	3.8109618940494627	[193, 232, 1879, 836, 1089, 1086, 1112]	130045
219	0.7408930890966048	0.9066392716022634	2.2963978496547215	3.125527937822353	[669, 673, 670, 132, 1108, 1086, 1112]	157201
220	0.7424787972271494	0.9073058562043773	2.2963978496547215	2.6023674981119003	[734, 19, 241, 132, 1108, 1086, 1112]	164195
221	0.7440548009840573	0.9079676814709612	2.2963978496547215	2.6385976592037066	[77, 19, 734, 1203, 174, 1086, 1112]	151492
222	0.7456211597571152	0.9091850401816627	2.2963978496547215	3.534097824321477	[320, 232, 1192, 836, 1089, 1086, 1096]	135627
223	0.7471779325726502	0.910586505610958	2.2963978496547215	4.335830767825531	[432, 15, 1557, 158, 1089, 1086, 1112]	146870
224	0.7487251780957545	0.9116002640507431	2.2963978496547215	3.1148748190664355	[669, 811, 3459, 1203, 174, 1086, 1112]	158338
225	0.7502629546324955	0.9127695727273206	2.2963978496547215	3.6621176059038643	[1794, 1791, 420, 158, 1115, 1086, 1112]	149464
226	0.7517913201321139	0.9133923877016004	2.2963978496547215	3.5772400492380187	[1849, 420, 158, 1713, 174, 1086, 1112]	136686
227	0.7533103321892064	0.9143743334192693	2.2963978496547215	3.885564251835354	[1270, 261, 217, 132, 1108, 1086, 1096]	133003
228	0.7548200480458969	0.9152064584589266	2.2963978496547215	3.830284031234858	[87, 160, 320, 836, 1089, 1086, 1112]	154114
229	0.7563205245939929	0.9161678364809343	2.2963978496547215	3.4617067333156504	[1791, 420, 158, 1713, 174, 1086, 1112]	120385
230	0.7578118183771302	0.9169825319475918	2.2963978496547215	3.449457451827187	[241, 1720, 132, 1713, 174, 1086, 1112]	121037
231	0.7592939855929031	0.9177893100627755	2.2963978496547215	3.9298641910143557	[241, 132, 19, 1987, 1114, 1086, 1112]	151557
232	0.7607670820949822	0.9187214040529935	2.2963978496547215	2.9689406419822477	[2872, 241, 1720, 132, 1108, 1086, 1112]	150144
233	0.7622311633952195	0.9196429300841387	2.2963978496547215	3.401119057639079	[1819, 241, 1587, 132, 1108, 1086, 1112]	122916
234	0.7636862846657397	0.9203122934320426	2.2963978496547215	3.666229605331197	[432, 422, 19, 1987, 334, 1086, 1112]	130973
235	0.7651325007410201	0.9210867123491268	2.2963978496547215	3.488505634587085	[734, 19, 132, 387, 344, 1086, 1112]	154165
236	0.7665698661199564	0.9217440491892006	2.2963978496547215	3.2771900877665443	[2872, 241, 132, 19, 334, 1086, 1112]	140757
237	0.7679984349679162	0.9229517027510957	2.2963978496547215	3.607429097407027	[2047, 232, 1192, 836, 1089, 1086, 1112]	124611
238	0.7694182611187811	0.9235018185165427	2.2963978496547215	3.4620520467569964	[10, 734, 19, 1987, 334, 1086, 1112]	127049
239	0.7708293980769743	0.9241390378541808	2.2963978496547215	3.615041855003712	[1548, 19, 132, 1713, 174, 1086, 1112]	129729
240	0.7722318990194776	0.9247709492423176	2.2963978496547215	3.0697056676845635	[1819, 241, 1031, 132, 1108, 1086, 1096]	158453
241	0.7736258167978352	0.9259650611591063	2.2963978496547215	3.7878980300438867	[223, 22, 23, 5272, 174, 1086, 1112]	115221
242	0.7750112039401446	0.9266845455015833	2.2963978496547215	3.9896115321297065	[107, 232, 10, 158, 1115, 1086, 1112]	124192
243	0.7763881126530371	0.9272952531608787	2.2963978496547215	3.5426782786376263	[1468, 2307, 420, 158, 2150, 4776, 794]	124525
244	0.7777565948236447	0.9279008737093095	2.2963978496547215	4.092767086425942	[320, 232, 10, 494, 636, 1086, 1112]	154091
245	0.7791167020215551	0.9290453042853523	2.2963978496547215	3.1064053138236165	[2607, 1587, 241, 132, 1108, 1086, 1112]	147997
246	0.7804684855007559	0.9299838584614719	2.2963978496547215	3.529780189505308	[3694, 673, 670, 132, 1108, 1086, 1112]	151698
247	0.7818119962015646	0.9306642874365791	2.2963978496547215	3.728796090853008	[158, 10, 301, 2627, 261, 1086, 1112]	118131
248	0.78314728475255	0.9313381038852032	2.2963978496547215	3.697156180925268	[193, 232, 10, 158, 1115, 1086, 1112]	131358
249	0.7844744014724385	0.9320053720690205	2.2963978496547215	3.44237026721747	[432, 422, 19, 132, 1094, 1086, 1112]	154828
250	0.7857933963720113	0.9324908457021327	2.2963978496547215	2.8785220653926133	[77, 19, 241, 132, 1108, 1086, 1112]	156226
251	0.7871043191559887	0.933383823933586	2.2963978496547215	3.464222231029896	[241, 217, 132, 1713, 174, 1086, 1112]	151339
252	0.7884072192249029	0.9338594555827779	2.2963978496547215	3.7727703091350264	[734, 10, 159, 1713, 174, 1086, 1096]	154884
253	0.78970214567696	0.9344103972272363	2.2963978496547215	3.684526476794801	[846, 10, 438, 2627, 261, 1086, 1112]	125173
254	0.79098914730989	0.9349567496035193	2.2963978496547215	3.079407314371683	[1792, 496, 217, 132, 1108, 1086, 1112]	159946
255	0.7922682726227859	0.9359891821494951	2.2963978496547215	4.154200687821128	[2196, 2197, 241, 217, 261, 1086, 1112]	158622
256	0.7935395698179306	0.9365223834643681	2.2963978496547215	2.7871083623429813	[1555, 2229, 734, 1203, 174, 1086, 1112]	154186
257	0.7948030868026147	0.9373620344767442	2.2963978496547215	2.8080246507420323	[3621, 1720, 241, 132, 1108, 1086, 1112]	142685
258	0.7960588711909402	0.9379707610610324	2.2963978496547215	3.2381927086432682	[10, 734, 19, 132, 1094, 1086, 1112]	157057
259	0.7973069703056163	0.9384874560959259	2.2963978496547215	3.2771900877665443	[2872, 241, 132, 19, 334, 1086, 1112]	128127
260	0.7985474311797415	0.9389266484127278	2.2963978496547215	3.712383226291247	[420, 3, 19, 132, 1108, 1086, 1112]	119004
261	0.7997803005585766	0.9396190900407014	2.2963978496547215	3.3945507805501087	[1579, 1580, 301, 2627, 261, 1086, 1112]	149421
262	0.8010056249013066	0.9404177793258773	2.2963978496547215	2.92478037844411	[19, 1126, 241, 132, 1108, 1086, 1112]	159189
263	0.8022234503827901	0.9412059039379689	2.2963978496547215	3.517456662911222	[101, 370, 1032, 132, 1108, 1086, 1112]	119113
264	0.803433822895301	0.9418725036665633	2.2963978496547215	3.3983687794952298	[3075, 334, 19, 132, 1108, 1086, 1112]	152167
265	0.8046367880502566	0.9425315455751057	2.2963978496547215	2.8649135046369567	[2627, 261, 217, 132, 1108, 1086, 1112]	130635
266	0.8058323911799374	0.9431831153531657	2.2963978496547215	3.0243219050251575	[1259, 734, 19, 132, 1108, 1086, 1096]	152795
267	0.8070206773391946	0.943735271666546	2.2963978496547215	3.674540599893466	[19, 241, 1729, 1822, 1094, 1086, 1112]	152046
268	0.8082016913071481	0.9443731937564945	2.2963978496547215	2.632664465514411	[432, 422, 19, 132, 1108, 1086, 1112]	146249
269	0.8093754775888748	0.9450038831696862	2.2963978496547215	3.885564251835354	[1833, 261, 217, 132, 1108, 1086, 1112]	158717
270	0.8105420804170842	0.945396548964869	2.2963978496547215	3.9896115321297065	[107, 232, 10, 158, 1115, 1086, 1112]	158214
271	0.8117015437537866	0.9457864111725334	2.2963978496547215	3.1148748190664355	[158, 651, 734, 1203, 174, 1086, 1112]	156806
272	0.8128539112919491	0.9463132682068139	2.2963978496547215	3.7638234480549677	[107, 734, 19, 132, 1094, 1086, 1112]	140518
273	0.8139992264571421	0.946921961311045	2.2963978496547215	3.7165805030848844	[846, 10, 301, 2627, 261, 1086, 1112]	152894
274	0.8151375324091761	0.9473640940781334	2.2963978496547215	3.502202333386621	[732, 733, 734, 1203, 174, 1086, 1112]	156414
275	0.816268872043728	0.9481763765769277	2.2963978496547215	3.754860269417616	[1791, 420, 1879, 836, 1089, 1086, 1112]	151492
276	0.8173932879939572	0.948861874241254	2.2963978496547215	4.0460576632293455	[223, 222, 23, 5272, 174, 1086, 1112]	162489
277	0.8185108226321126	0.9494416715854574	2.2963978496547215	4.0884547624881575	[4015, 241, 1729, 1822, 1094, 1086, 1112]	139175
278	0.8196215180711294	0.9499330061667455	2.2963978496547215	3.775083405535659	[158, 420, 1879, 836, 1089, 1086, 1112]	130934
279	0.8207254161662154	0.9502904786044197	2.2963978496547215	3.728294138133646	[331, 241, 19, 132, 1094, 1086, 1112]	143232
280	0.8218225585164294	0.9507735643322679	2.2963978496547215	4.207033625178908	[734, 19, 132, 1587, 487, 1086, 1112]	166093
281	0.8229129864662477	0.9512519553494471	2.2963978496547215	3.4786958857112795	[320, 232, 734, 1203, 174, 1086, 1112]	154662
282	0.8239967411071227	0.9517256972799675	2.2963978496547215	3.190121354476479	[160, 107, 734, 1203, 174, 1086, 1112]	156915
283	0.8250738632790312	0.9520703701142867	2.2963978496547215	2.936799553153932	[734, 811, 3459, 1203, 174, 1086, 1096]	157126
284	0.8261443935720137	0.9524696173436554	2.2963978496547215	3.0987643812796737	[3065, 1460, 19, 132, 1108, 1086, 1096]	151756
285	0.8272083723277035	0.9530085105710516	2.2963978496547215	3.428889265862453	[2520, 651, 734, 1203, 174, 1086, 1112]	153183
286	0.8282658396408473	0.9537336878770539	2.2963978496547215	3.958426934825307	[1582, 420, 1879, 836, 1089, 1086, 1112]	130681
287	0.8293168353608159	0.9541833119015724	2.2963978496547215	3.569571468447738	[193, 1265, 734, 1203, 174, 1086, 1112]	156096
288	0.8303613990931061	0.9545104376570201	2.2963978496547215	2.5846064999161147	[1529, 2229, 734, 1203, 174, 1086, 1096]	151421
289	0.8313995702008331	0.9548893594591275	2.2963978496547215	3.6380241084139104	[1715, 132, 19, 1987, 334, 1086, 1112]	140291
290	0.8324313878062135	0.9555855113193261	2.2963978496547215	2.8232338638794454	[2872, 241, 1031, 132, 1108, 1086, 1112]	130015
291	0.8334568907920402	0.956173004555843	2.2963978496547215	3.283811063743345	[331, 241, 1209, 132, 1108, 1086, 1112]	136053
292	0.8344761178031472	0.9566699092660942	2.2963978496547215	4.012810277063668	[1792, 232, 10, 158, 1089, 1086, 1096]	149989
293	0.8354891072478661	0.9571611801360931	2.2963978496547215	3.855820024739544	[3621, 1720, 241, 217, 261, 1086, 1112]	159050
294	0.8364958972994733	0.9577278311924939	2.2963978496547215	3.9111171385694483	[10, 162, 2636, 836, 1089, 1086, 1112]	148518
295	0.8374965258976286	0.9580799525486581	2.2963978496547215	2.7871083623429813	[1555, 2229, 734, 1203, 174, 1086, 1096]	160456
296	0.838491030749805	0.9583792567489414	2.2963978496547215	2.4284869069402104	[10, 734, 19, 132, 1108, 1086, 1112]	152180
297	0.8394794493327097	0.9589297956808337	2.2963978496547215	4.133633852433935	[193, 1872, 843, 3094, 174, 1086, 1112]	157140
298	0.8404618188936956	0.959395444255881	2.2963978496547215	3.2955640872694314	[193, 232, 320, 836, 1089, 1086, 1112]	162566
299	0.8414381764521666	0.959855813368626	2.2963978496547215	3.4061245259816175	[19, 132, 241, 1729, 1094, 1086, 1112]	151334
300	0.8424085588009705	0.9602459415185909	2.2963978496547215	3.424216182932752	[1019, 10, 734, 19, 334, 1086, 1112]	158706
301	0.8433730025077875	0.9608594300754028	2.2963978496547215	3.9434777621859727	[2307, 1468, 3136, 836, 1089, 1086, 1096]	160348
302	0.8443315439165066	0.9612398049046019	2.2963978496547215	2.732522825020183	[1742, 400, 19, 132, 1108, 1086, 1112]	154826
303	0.8452842191485962	0.9616164831854124	2.2963978496547215	3.9700034766882677	[1799, 10, 438, 2627, 261, 1086, 1112]	128769
304	0.846231064104465	0.9619362126049424	2.2963978496547215	3.039329065593953	[2094, 10, 734, 1203, 174, 1086, 1112]	157010
305	0.8471721144648147	0.9622079835627224	2.2963978496547215	3.2381927086432682	[10, 734, 19, 132, 1094, 1086, 1112]	158119
306	0.8481074056919847	0.9627078779600409	2.2963978496547215	3.2955640872694314	[193, 232, 320, 836, 1089, 1086, 1112]	155569
307	0.8490369730312887	0.9631306911350971	2.2963978496547215	4.329627280752559	[2627, 438, 10, 158, 1089, 1086, 1112]	154630
308	0.8499608515123422	0.9633939336568909	2.2963978496547215	2.8649135046369567	[2627, 261, 217, 132, 1108, 1086, 1112]	142623
309	0.8508790759503835	0.9636552966580911	2.2963978496547215	2.796959156295561	[1549, 107, 734, 1203, 174, 1086, 1112]	149516
310	0.8517916809475847	0.9640673681245527	2.2963978496547215	3.1064053138236165	[2607, 1587, 241, 132, 1108, 1086, 1112]	143590
311	0.8526987008943563	0.9645426674879846	2.2963978496547215	3.9858006084280744	[19, 1126, 241, 1729, 1094, 1086, 1112]	141228
312	0.8536001699706431	0.9649446780606832	2.2963978496547215	3.901249142385292	[1715, 132, 19, 387, 344, 1086, 1096]	157106
313	0.8544961221472118	0.965285351743281	2.2963978496547215	3.7785879006411482	[3, 123, 19, 132, 1108, 1086, 1112]	160499
314	0.8553865911869317	0.9656789418595703	2.2963978496547215	2.9689406419822477	[2872, 241, 1720, 132, 1108, 1086, 1096]	140862
315	0.8562716106460466	0.9660124798395551	2.2963978496547215	3.412073299814958	[734, 19, 241, 132, 1094, 1086, 1112]	132524
316	0.8571512138754396	0.9663978258731202	2.2963978496547215	2.2963978496547215	[846, 10, 734, 1203, 174, 1086, 1112]	155488
317	0.8580254340218895	0.9667243776139062	2.2963978496547215	3.9803348447421607	[160, 331, 241, 19, 334, 1086, 1112]	154719
318	0.8588943040293203	0.9670477558683872	2.2963978496547215	4.020331223543264	[10, 107, 420, 1822, 1094, 1086, 1112]	146596
319	0.8597578566400428	0.9674213640784962	2.2963978496547215	2.7871083623429813	[1555, 2229, 734, 1203, 174, 1086, 1096]	150552
320	0.8606161243959878	0.9677379688979472	2.2963978496547215	2.81050582782964	[3284, 811, 734, 1203, 174, 1086, 1112]	151828
321	0.8614691396399328	0.9680514968969952	2.2963978496547215	4.03971073278561	[1549, 107, 438, 2627, 261, 1086, 1096]	127919
322	0.862316934516721	0.9683619779767135	2.2963978496547215	3.021211317745953	[331, 241, 1031, 132, 1108, 1086, 1112]	131576
323	0.8631595409744721	0.9688502190573197	2.2963978496547215	3.307594970447864	[2872, 241, 1729, 132, 1108, 1086, 1112]	159142
324	0.8639969907657867	0.9690726248235554	2.2963978496547215	3.2698792660251526	[158, 10, 734, 19, 334, 1086, 1112]	161029
325	0.8648293154489428	0.9694232753357599	2.2963978496547215	3.8659863438700164	[2872, 241, 132, 1729, 1094, 1086, 1112]	135924
326	0.8656565463890848	0.9697798552152262	2.2963978496547215	4.178031827405262	[4301, 1711, 132, 1713, 174, 1086, 1112]	150482
327	0.8664787147594055	0.9699956234888131	2.2963978496547215	2.4629503543304447	[1019, 10, 734, 1203, 174, 1086, 1096]	158601
328	0.867295851542321	0.9703358091635431	2.2963978496547215	2.852510554598944	[3284, 811, 3459, 1203, 174, 1086, 1112]	154048
329	0.8681079875306381	0.9707935898863279	2.2963978496547215	3.7852347801075377	[2627, 496, 217, 132, 1108, 1086, 1096]	150595
330	0.8689151533287149	0.9711799180624346	2.2963978496547215	3.799585859424228	[841, 840, 843, 3094, 174, 1086, 1112]	157134
331	0.8697173793536138	0.9715066763610465	2.2963978496547215	3.487276315966888	[1743, 1742, 400, 19, 334, 1086, 1112]	136822
332	0.8705146958362477	0.9717440218307587	2.2963978496547215	3.898308793818061	[2627, 438, 10, 158, 1115, 1086, 1112]	148449
333	0.8713071328225196	0.9721800708765804	2.2963978496547215	3.9887839892299564	[2627, 438, 1712, 132, 1108, 1086, 1112]	157927
334	0.8720947201744544	0.9724118070625314	2.2963978496547215	3.3858483055097928	[1873, 10, 734, 19, 334, 1086, 1112]	131192
335	0.8728774875713248	0.9726799138937993	2.2963978496547215	2.954117646351909	[107, 734, 19, 132, 1108, 1086, 1112]	152718
336	0.8736554645107688	0.9731015201608703	2.2963978496547215	3.6984008756127533	[193, 232, 1192, 836, 1089, 1086, 1112]	139907
337	0.8744286803099022	0.9732935721380641	2.2963978496547215	2.936799553153932	[734, 811, 3459, 1203, 174, 1086, 1112]	163216
338	0.8751971641064229	0.9735160330115495	2.2963978496547215	4.029312998808351	[1742, 400, 19, 387, 344, 1086, 1112]	159819
339	0.8759609448597092	0.9737734087840321	2.2963978496547215	4.160223982358308	[19, 132, 241, 1587, 487, 1086, 1112]	135150
340	0.8767200513519107	0.9741781401299575	2.2963978496547215	3.6952975032533644	[1792, 232, 1879, 836, 1089, 1086, 1112]	144910
341	0.877474512189033	0.9745196991229474	2.2963978496547215	3.799585859424228	[841, 840, 843, 3094, 174, 1086, 1112]	136045
342	0.8782243558020166	0.9748567401398397	2.2963978496547215	3.114445558142182	[3158, 3083, 19, 132, 1108, 1086, 1112]	158853
343	0.8789696104478066	0.9750362600531627	2.2963978496547215	3.1148748190664355	[157, 651, 734, 1203, 174, 1086, 1096]	158083
344	0.879710304210419	0.975319295653467	2.2963978496547215	2.8080246507420323	[3621, 1720, 241, 132, 1108, 1086, 1112]	147549
345	0.8804464650019981	0.9755991222333597	2.2963978496547215	3.58149179012917	[1792, 232, 10, 158, 1115, 1086, 1112]	153353
346	0.8811781205638691	0.9758023781914325	2.2963978496547215	3.530316684267138	[2872, 241, 19, 132, 1094, 1086, 1112]	140620
347	0.8819052984675828	0.9759751463604709	2.2963978496547215	3.860207752796951	[160, 651, 734, 1203, 174, 1086, 1112]	144640
348	0.882628026115955	0.9762475369913045	2.2963978496547215	3.4042606044936825	[3895, 1030, 1031, 132, 1108, 1086, 1112]	152148
349	0.883346330744099	0.976614087346377	2.2963978496547215	4.0884547624881575	[4015, 241, 1729, 1822, 1094, 1086, 1112]	152497
350	0.884060239420452	0.976808888784558	2.2963978496547215	3.7541760223808662	[2872, 241, 19, 1987, 334, 1086, 1096]	146839
351	0.8847697790477949	0.9770342640150287	2.2963978496547215	3.179899696473333	[1792, 232, 320, 836, 1089, 1086, 1112]	147653
352	0.8854749763642666	0.9773380435915495	2.2963978496547215	3.267729638277478	[1515, 1031, 241, 132, 1108, 1086, 1112]	148506
353	0.8861758579443713	0.9776378049197035	2.2963978496547215	3.5483401810370205	[10, 232, 1192, 836, 1089, 1086, 1112]	141716
354	0.8868724501999795	0.9779336011509244	2.2963978496547215	4.581969728808579	[482, 480, 157, 1010, 1105, 1086, 1112]	130477
355	0.8875647793813242	0.9781480462320622	2.2963978496547215	3.9663857625794616	[241, 1126, 19, 1987, 334, 1086, 1112]	159061
356	0.8882528715779892	0.978304066607629	2.2963978496547215	3.517456662911222	[386, 370, 1032, 132, 1108, 1086, 1112]	136738
357	0.888936752719893	0.9785149114413741	2.2963978496547215	4.099372132580683	[1549, 162, 10, 158, 1089, 1086, 1112]	150870
358	0.8896164485782656	0.9787585065497486	2.2963978496547215	3.685194507708781	[3621, 1720, 132, 217, 261, 1086, 1112]	160947
359	0.8902919847666195	0.9789354452707003	2.2963978496547215	2.3720352638603415	[1820, 10, 734, 1203, 174, 1086, 1112]	159826
360	0.8909633867417153	0.9791401542573797	2.2963978496547215	2.4284869069402104	[10, 734, 19, 132, 1108, 1086, 1112]	155125
361	0.8916306798045204	0.979289091098524	2.2963978496547215	3.625756443667087	[1549, 10, 734, 19, 334, 1086, 1112]	147122
362	0.8922938891011634	0.9794903632938736	2.2963978496547215	2.7875789166074805	[2796, 1791, 420, 1582, 793, 2372, 794]	150055
363	0.8929530396238806	0.9796612057487352	2.2963978496547215	3.3333010924626487	[1820, 10, 734, 19, 334, 1086, 1112]	144931
364	0.8936081562119588	0.9798588616695444	2.2963978496547215	3.392899669995164	[19, 132, 241, 217, 261, 1086, 1112]	142260
365	0.8942592635526704	0.9801252788432276	2.2963978496547215	2.813571952967709	[19, 241, 1031, 132, 1108, 1086, 1112]	138781
366	0.8949063861822046	0.980388171980222	2.2963978496547215	3.027434532504193	[1647, 1697, 241, 132, 1108, 1086, 1112]	139484
367	0.8955495484865915	0.9805787631174404	2.2963978496547215	3.412073299814958	[734, 19, 241, 132, 1094, 1086, 1112]	140030
368	0.896188774702621	0.9807675020570182	2.2963978496547215	3.714872943581339	[1549, 107, 10, 158, 1115, 1086, 1096]	159711
369	0.8968240889187564	0.9809855575892517	2.2963978496547215	3.959618089622209	[1917, 10, 157, 1713, 174, 1086, 1112]	157728
370	0.897455515076042	0.9811703432297837	2.2963978496547215	3.190121354476479	[160, 107, 734, 1203, 174, 1086, 1112]	160754
371	0.8980830769690055	0.9813047847608377	2.2963978496547215	3.7579324038279482	[10, 734, 19, 132, 261, 1086, 1112]	153620
372	0.898706798246554	0.9814382663951984	2.2963978496547215	3.523898180591541	[241, 1720, 132, 19, 334, 1086, 1112]	156808
373	0.8993267024128664	0.9816186525332431	2.2963978496547215	3.1005864631871427	[734, 19, 132, 1713, 174, 1086, 1112]	131380
374	0.8999428128282778	0.9818270578333197	2.2963978496547215	4.109108359773247	[1667, 1660, 1663, 1546, 234, 1086, 1096]	161141
375	0.9005551527101606	0.9820331002615134	2.2963978496547215	3.3735256287391433	[2654, 232, 320, 836, 1089, 1086, 1112]	157539
376	0.9011637451337995	0.9821827620669152	2.2963978496547215	4.0318654336390845	[837, 162, 107, 1546, 234, 1086, 1112]	152666
377	0.9017686130332603	0.9824184398173528	2.2963978496547215	4.204908864562575	[21, 668, 670, 132, 1108, 1086, 1096]	144338
378	0.9023697792022549	0.9826975122012044	2.2963978496547215	4.319595702286007	[5187, 436, 1417, 5272, 174, 1086, 1112]	153566
379	0.9029672662950001	0.9828656607706776	2.2963978496547215	3.1005864631871427	[734, 19, 132, 1713, 174, 1086, 1096]	151926
380	0.903561096827071	0.9830599276553638	2.2963978496547215	3.2045923090637043	[2047, 232, 320, 836, 1089, 1086, 1112]	157915
381	0.9041512931762495	0.9833213485248797	2.2963978496547215	3.8982589836260795	[837, 162, 2636, 836, 1089, 1086, 1112]	160762
382	0.9047378775833681	0.9834834345450462	2.2963978496547215	3.648671339286838	[4647, 3621, 1720, 132, 1108, 1086, 1096]	148093
383	0.9053208721531475	0.9836210152652041	2.2963978496547215	4.235692179548312	[1873, 10, 107, 1546, 234, 1086, 1112]	154760
384	0.9059002988550297	0.9838376685024368	2.2963978496547215	3.5483401810370205	[10, 232, 1192, 836, 1089, 1086, 1112]	149258
385	0.9064761795240058	0.9839722985024165	2.2963978496547215	3.1769048260108352	[3621, 1720, 241, 1126, 132, 393, 794]	127438
386	0.9070485358614393	0.9841540184740444	2.2963978496547215	2.8502715991067618	[2004, 19, 241, 132, 1108, 1086, 1112]	162542
387	0.9076173894358833	0.9843080124636067	2.2963978496547215	3.6859385065488217	[87, 1265, 415, 255, 174, 1086, 1112]	150258
388	0.9081827616838937	0.9844859261544955	2.2963978496547215	3.899705492910681	[1792, 496, 438, 2627, 261, 1086, 1112]	158097
389	0.9087446739108365	0.9846366946078046	2.2963978496547215	3.83990107125073	[107, 162, 420, 1822, 1094, 1086, 1112]	151807
390	0.9093031472916914	0.9847646688301469	2.2963978496547215	3.9451216936091313	[1820, 10, 159, 1713, 174, 1086, 1112]	145628
391	0.9098582028718492	0.9849661943747217	2.2963978496547215	3.1034592255838813	[2764, 400, 19, 132, 1108, 1086, 1112]	138893
392	0.9104098615679049	0.9850914239092929	2.2963978496547215	2.6103471929178546	[2004, 19, 734, 1203, 174, 1086, 1096]	160007
393	0.9109581441684464	0.9852604553842442	2.2963978496547215	2.732522825020183	[1742, 400, 19, 132, 1108, 1086, 1112]	139780
394	0.9115030713348373	0.9853832337650502	2.2963978496547215	2.7523831404866312	[107, 734, 19, 241, 132, 393, 794]	150876
395	0.9120446636019957	0.9855765772337665	2.2963978496547215	3.674540599893466	[19, 241, 1729, 1822, 1094, 1086, 1112]	152953
396	0.9125829413791682	0.985679558773122	2.2963978496547215	4.2080745811982885	[2764, 258, 132, 19, 334, 1086, 1112]	151803
397	0.9131179249506987	0.9859005532364997	2.2963978496547215	3.957469578473275	[2149, 420, 545, 132, 1108, 1086, 1112]	136745
398	0.9136496344767933	0.9860870538550646	2.2963978496547215	3.027434532504193	[1647, 1697, 241, 132, 1108, 1086, 1112]	132994
399	0.9141780899942792	0.9862222622724108	2.2963978496547215	3.7813728741198744	[1794, 1791, 420, 1822, 1094, 1086, 1112]	158151
400	0.9147033114173607	0.9863370289340317	2.2963978496547215	2.81050582782964	[3284, 811, 734, 1203, 174, 1086, 1112]	158198
401	0.915225318538369	0.9864345809378348	2.2963978496547215	3.517456662911222	[2764, 370, 1032, 132, 1108, 1086, 1112]	160148
402	0.915744131028508	0.9866439238245965	2.2963978496547215	3.931359683121599	[846, 10, 415, 255, 174, 1086, 1112]	156326
403	0.9162597684385964	0.9867392846350356	2.2963978496547215	2.7550999986723737	[1555, 2229, 734, 19, 409, 4290, 794]	142815
404	0.916772250199803	0.9868896328818039	2.2963978496547215	3.668017645128386	[19, 132, 1032, 1729, 1094, 1086, 1112]	152092
405	0.9172815956243807	0.9870170416973354	2.2963978496547215	3.691669845124328	[241, 1031, 132, 387, 344, 1086, 1112]	131174
406	0.9177878239063929	0.9871097384901193	2.2963978496547215	2.340398178917159	[107, 10, 734, 1203, 174, 1086, 1112]	154488
407	0.9182909541224372	0.9872350082812746	2.2963978496547215	3.660212642330709	[10, 158, 420, 1822, 1094, 1086, 1112]	136560
408	0.9187910052323646	0.9873590606789299	2.2963978496547215	3.6633877280958647	[734, 19, 241, 1729, 1094, 1086, 1112]	158049
409	0.9192879960799936	0.9875541369030204	2.2963978496547215	3.0697056676845635	[1819, 241, 1031, 132, 1108, 1086, 1096]	156723
410	0.9197819453938203	0.9876952464619432	2.2963978496547215	3.17425940896415	[1879, 496, 217, 132, 1108, 1086, 1112]	153530
411	0.9202728717877247	0.9878347561392453	2.2963978496547215	2.8080246507420323	[3621, 1720, 241, 132, 1108, 1086, 1112]	151397
412	0.9207607937616712	0.9879360909485811	2.2963978496547215	3.6070016106851464	[1723, 241, 132, 1713, 174, 1086, 1112]	150899
413	0.9212457297024067	0.9880533301035997	2.2963978496547215	4.236716437779411	[421, 438, 80, 148, 1108, 1086, 1112]	158201
414	0.921727697884153	0.9881694299082295	2.2963978496547215	3.8991523230880016	[161, 10, 438, 2627, 261, 1086, 1112]	160173
415	0.9222067164692953	0.9883259189306074	2.2963978496547215	3.449457451827187	[241, 1720, 132, 1713, 174, 1086, 1112]	149873
416	0.9226828035090671	0.9884582781264055	2.2963978496547215	3.8096075202561916	[811, 734, 19, 1987, 334, 1086, 1112]	159003
417	0.9231559769442299	0.9886109464051568	2.2963978496547215	3.123661932901401	[119, 400, 19, 132, 1108, 1086, 1112]	136679
418	0.9236262546057498	0.9887216271981095	2.2963978496547215	3.412073299814958	[734, 19, 241, 132, 1094, 1086, 1112]	158039
419	0.924093654215469	0.988815574493419	2.2963978496547215	3.5965259561246024	[2309, 420, 158, 1713, 174, 1086, 1096]	155993
420	0.924558193386774	0.9889087392206708	2.2963978496547215	3.348490564182004	[2004, 19, 132, 1713, 174, 1086, 1112]	155235
421	0.925019889625259	0.9890344904766722	2.2963978496547215	3.6351640636789	[3065, 1460, 734, 1203, 174, 1086, 1112]	154432
422	0.9254787603293858	0.9891795368989384	2.2963978496547215	3.7878980300438867	[223, 22, 23, 5272, 174, 1086, 1112]	161442
423	0.9259348227911394	0.9892846920311159	2.2963978496547215	3.9298641910143557	[241, 132, 19, 1987, 1114, 1086, 1112]	144683
424	0.9263880941966793	0.9894264289090112	2.2963978496547215	3.775083405535659	[158, 420, 1879, 836, 1089, 1086, 1096]	160592
425	0.9268385916269881	0.9895145053029386	2.2963978496547215	2.6103471929178546	[2004, 19, 734, 1203, 174, 1086, 1112]	163338
426	0.9272863320585139	0.989653202322741	2.2963978496547215	3.2381927086432682	[10, 734, 19, 132, 1094, 1086, 1112]	163495
427	0.9277313323638107	0.9897705129540025	2.2963978496547215	4.419554091747348	[1579, 1580, 301, 2729, 261, 1086, 1112]	138922
428	0.9281736093121745	0.9898435502863949	2.2963978496547215	2.91771254072893	[2627, 438, 496, 3366, 793, 2372, 794]	150793
429	0.9286131795702748	0.9899778948593262	2.2963978496547215	3.8506704472827797	[1580, 301, 217, 132, 1108, 1086, 1096]	136868
430	0.9290500597027824	0.9900494515093459	2.2963978496547215	2.3720352638603415	[1820, 10, 734, 1203, 174, 1086, 1112]	166473
431	0.9294842661729946	0.9901323382106425	2.2963978496547215	3.6070016106851464	[1723, 241, 132, 1713, 174, 1086, 1112]	154024
432	0.9299158153434546	0.9902282338548539	2.2963978496547215	3.125527937822353	[669, 668, 670, 132, 1108, 1086, 1112]	147651
433	0.9303447234765685	0.9903231975686065	2.2963978496547215	3.6771584126391046	[107, 162, 10, 158, 1115, 1086, 1112]	137140
434	0.9307710067352181	0.9904329118818876	2.2963978496547215	4.0934360928383615	[1794, 1791, 420, 158, 1089, 1086, 1112]	156404
435	0.9311946811833702	0.9905258864991676	2.2963978496547215	3.125527937822353	[669, 673, 670, 132, 1108, 1086, 1112]	152973
436	0.9316157627866815	0.9906048045624816	2.2963978496547215	3.1148748190664355	[1586, 107, 734, 1203, 174, 1086, 1112]	158859
437	0.9320342674131007	0.9907113260527028	2.2963978496547215	4.0447778409695845	[2073, 160, 320, 836, 1089, 1086, 1112]	125677
438	0.932450210833466	0.9907886994300231	2.2963978496547215	3.428889265862453	[813, 651, 734, 1203, 174, 1086, 1112]	130157
439	0.9328636087221001	0.990930849130177	2.2963978496547215	3.2274861155624004	[1723, 241, 1031, 132, 1108, 1086, 1112]	148888
440	0.9332744766573999	0.991033673969971	2.2963978496547215	3.653289961190035	[1819, 241, 132, 217, 261, 1086, 1112]	159914
441	0.9336828301224245	0.9911522761661354	2.2963978496547215	3.517456662911222	[101, 370, 1032, 132, 1108, 1086, 1112]	156254
442	0.9340886845054779	0.991215447871976	2.2963978496547215	2.9121266964169745	[119, 409, 19, 132, 1108, 1086, 1112]	147481
443	0.9344920551006896	0.9912781685392791	2.2963978496547215	3.9134846086659483	[107, 10, 159, 1713, 174, 1086, 1112]	153465
444	0.9348929571085902	0.991393536680294	2.2963978496547215	2.5846064999161147	[1529, 2229, 734, 1203, 174, 1086, 1112]	132896
445	0.9352914056366849	0.9914549858144859	2.2963978496547215	3.5784168931352323	[241, 132, 1727, 1203, 174, 1086, 1096]	156695
446	0.9356874157000223	0.9915680151026541	2.2963978496547215	3.1034592255838813	[2764, 400, 19, 132, 1108, 1086, 1112]	134866
447	0.9360810022217606	0.9916282184814654	2.2963978496547215	2.95927873107051	[19, 241, 1720, 132, 1108, 1086, 1112]	159201
448	0.9364721800337295	0.9917095769024424	2.2963978496547215	3.9512614615099677	[1549, 107, 420, 1822, 1094, 1086, 1112]	150437
449	0.9368609638769897	0.9918035726291721	2.2963978496547215	3.935948041463269	[837, 162, 107, 836, 1089, 1086, 1112]	133986
450	0.9372473684023878	0.9918832269282083	2.2963978496547215	3.9298641910143557	[241, 132, 19, 1987, 1114, 1086, 1112]	159140
451	0.937631408171109	0.9919905916513801	2.2963978496547215	3.610381129071108	[107, 162, 1192, 836, 1089, 1086, 1096]	151244
452	0.9380130976552253	0.9920684284672073	2.2963978496547215	3.507819472107111	[241, 1031, 132, 217, 261, 1086, 1096]	158722
453	0.9383924512382412	0.9921250589535485	2.2963978496547215	3.2212052831254727	[160, 2229, 734, 1203, 174, 1086, 1112]	152607
454	0.9387694832156356	0.9922015889928726	2.2963978496547215	2.5846064999161147	[1529, 2229, 734, 1203, 174, 1086, 1112]	157552
455	0.9391442077954003	0.9922572687287479	2.2963978496547215	3.8102637091519354	[107, 420, 158, 1713, 174, 1086, 1112]	156128
456	0.939516639098576	0.9923217646160553	2.2963978496547215	3.666229605331197	[432, 422, 19, 1987, 334, 1086, 1112]	146402
457	0.9398867911597837	0.9924088194390025	2.2963978496547215	3.2681320931479263	[3284, 734, 19, 132, 1108, 1086, 1112]	159685
458	0.9402546779277541	0.9924948872458165	2.2963978496547215	3.085833609876837	[2872, 241, 1209, 132, 1108, 1086, 1096]	159378
459	0.9406203132658532	0.9925799792271565	2.2963978496547215	3.5906685304021337	[2872, 241, 132, 387, 344, 1086, 1112]	156727
460	0.9409837109526042	0.9926417869803663	2.2963978496547215	3.1148748190664355	[1586, 107, 734, 1203, 174, 1086, 1112]	161219
461	0.9413448846822078	0.9927132953673404	2.2963978496547215	3.9776722857907947	[119, 400, 1032, 132, 1108, 1086, 1112]	155990
462	0.9417038480650569	0.9927841088234401	2.2963978496547215	3.262298240352031	[3248, 334, 19, 132, 1108, 1086, 1112]	135653
463	0.9420606146282504	0.9928356294363506	2.2963978496547215	3.5808098288505823	[77, 19, 132, 217, 261, 1086, 1112]	145166
464	0.942415197816103	0.9929052540288059	2.2963978496547215	3.069270376387018	[158, 1557, 734, 1203, 174, 1086, 1112]	167878
465	0.942767610990651	0.9929742019974278	2.2963978496547215	3.648671339286838	[4647, 3621, 1720, 132, 1108, 1086, 1112]	137595
466	0.943117867432157	0.9930327259291444	2.2963978496547215	4.3369943594393945	[2297, 400, 19, 422, 636, 1086, 1096]	164697
467	0.9434659803396092	0.9931248856390763	2.2963978496547215	2.92478037844411	[19, 1126, 241, 132, 1108, 1086, 1112]	162639
468	0.9438119628312196	0.9932158263052261	2.2963978496547215	3.755622824008638	[1549, 162, 2636, 836, 1089, 1086, 1112]	157102
469	0.9441558279449183	0.9932723375396683	2.2963978496547215	3.1207086718623307	[432, 19, 734, 1203, 174, 1086, 1112]	150519
470	0.9444975886388438	0.9933203722570622	2.2963978496547215	3.488505634587085	[734, 19, 132, 387, 344, 1086, 1112]	160020
471	0.9448372577918331	0.9933852860349333	2.2963978496547215	3.2212052831254727	[160, 2229, 734, 1203, 174, 1086, 1112]	139102
472	0.9451748482039053	0.9934602827919068	2.2963978496547215	3.684526476794801	[846, 10, 438, 2627, 261, 1086, 1112]	137537
473	0.9455103725967449	0.9935344292455133	2.2963978496547215	3.660212642330709	[10, 158, 420, 1822, 1094, 1086, 1112]	149947
474	0.9458438436141811	0.9936077350363804	2.2963978496547215	3.1064053138236165	[2607, 1587, 241, 132, 1108, 1086, 1112]	142846
475	0.9461752738226638	0.9936698561730531	2.2963978496547215	3.517456662911222	[101, 370, 1032, 132, 1108, 1086, 1112]	154561
476	0.9465046757117379	0.9937225854010994	2.2963978496547215	3.6491301301768795	[846, 10, 158, 1713, 174, 1086, 1112]	150069
477	0.9468320616945134	0.9938222269026692	2.2963978496547215	3.965392546089526	[2050, 1849, 420, 158, 1115, 1086, 1112]	149103
478	0.9471574441081331	0.99387368690348	2.2963978496547215	3.6501628721094113	[734, 19, 241, 217, 261, 1086, 1096]	149111
479	0.9474808352142381	0.9939247182495567	2.2963978496547215	3.666229605331197	[432, 422, 19, 1987, 334, 1086, 1112]	152088
480	0.9478022471994292	0.9939935989950267	2.2963978496547215	3.4542457649008567	[421, 261, 217, 132, 1108, 1086, 1112]	148760
481	0.9481216921757266	0.994043631489862	2.2963978496547215	3.8980669731042727	[2004, 19, 241, 217, 261, 1086, 1112]	151124
482	0.9484391821810261	0.9941111640126526	2.2963978496547215	3.215412445787365	[1819, 241, 1720, 132, 1108, 1086, 1112]	134614
483	0.9487547291795527	0.9941602172070495	2.2963978496547215	2.6103471929178546	[2004, 19, 734, 1203, 174, 1086, 1112]	132212
484	0.9490683450623117	0.9942169692264173	2.2963978496547215	4.065736375619337	[359, 158, 420, 1582, 1087, 1086, 1112]	148920
485	0.9493800416475368	0.9942651410779257	2.2963978496547215	3.1207086718623307	[4284, 19, 734, 1203, 174, 1086, 1096]	135384
486	0.9496898306811348	0.9943208734289664	2.2963978496547215	3.7643597940068236	[1019, 2229, 734, 1203, 174, 1086, 1112]	137101
487	0.9499977238371291	0.9943681797727484	2.2963978496547215	2.852510554598944	[3284, 811, 3459, 1203, 174, 1086, 1112]	137047
488	0.9503037327180994	0.9944550905787245	2.2963978496547215	3.830917119449011	[331, 241, 1031, 132, 1094, 1086, 1112]	134560
489	0.9506078688556183	0.9945179580324804	2.2963978496547215	2.8649135046369567	[2627, 261, 217, 132, 1108, 1086, 1096]	135515
490	0.9509101437106868	0.9945904718151195	2.2963978496547215	3.0761716989651005	[19, 241, 1209, 132, 1108, 1086, 1112]	147875
491	0.9512105686741655	0.9946290952090736	2.2963978496547215	3.3330413070723255	[1468, 2229, 734, 1203, 174, 1086, 1112]	135705
492	0.9515091550672041	0.9947119795422669	2.2963978496547215	3.5880194384738697	[2264, 232, 320, 836, 1089, 1086, 1112]	137170
493	0.9518059141416682	0.9947736474193251	2.2963978496547215	3.1064053138236165	[2196, 2197, 241, 132, 1108, 1086, 1112]	136807
494	0.9521008570805627	0.9948109629610447	2.2963978496547215	3.517456662911222	[386, 370, 1032, 132, 1108, 1086, 1112]	131808
495	0.9523939949984539	0.9948541869263837	2.2963978496547215	4.434562239076858	[1530, 156, 161, 1713, 174, 1086, 1112]	131926
496	0.9526853389418883	0.9948970508420323	2.2963978496547215	3.428889265862453	[940, 651, 734, 1203, 174, 1086, 1112]	147281
497	0.9529748998898083	0.9949395577071549	2.2963978496547215	3.2576636782570283	[846, 10, 734, 19, 334, 1086, 1112]	145768
498	0.9532626887539665	0.9949887359607297	2.2963978496547215	4.420452106689568	[119, 400, 19, 387, 344, 1086, 1112]	134525
499	0.9535487163793364	0.9950245157956028	2.2963978496547215	3.5448375963304635	[3, 19, 132, 1713, 174, 1086, 1112]	133093
