0	0.0061198990216660976	0.007139882191943836	3.6771584126391046	3.6771584126391046	[107, 162, 10, 158, 1115, 1086, 1112]	133302
1	0.012202344879296834	0.016788668565200005	3.6501628721094113	3.6501628721094113	[734, 19, 241, 217, 261, 1086, 1112]	130034
2	0.01824756678247408	0.02634368636340023	3.6501628721094113	3.748906394713189	[3, 19, 132, 217, 261, 1086, 1112]	111542
3	0.024255792538040333	0.035805846845777256	3.6501628721094113	3.8307963042578113	[1549, 162, 420, 1822, 1094, 1086, 1112]	111104
4	0.030227248558683195	0.046737753344124444	3.490085861559792	3.490085861559792	[4015, 241, 1209, 132, 1108, 1086, 1112]	114006
5	0.036162159871467314	0.05467829683980019	3.2771900877665443	3.2771900877665443	[2872, 241, 132, 19, 334, 1086, 1112]	106498
6	0.04206075012631472	0.06386509667614815	3.2771900877665443	4.131854078022713	[1544, 1526, 156, 1713, 174, 1086, 1112]	106294
7	0.04792324160443229	0.07447887109025075	3.2771900877665443	3.7813728741198744	[1794, 1791, 420, 1822, 1094, 1086, 1112]	112306
8	0.0537498552266884	0.08916968266024672	3.1064053138236165	3.1064053138236165	[2196, 2197, 241, 132, 1108, 1086, 1112]	155816
9	0.05954081056193805	0.0994965570065024	3.1064053138236165	3.58149179012917	[1792, 232, 10, 158, 1115, 1086, 1112]	141382
10	0.06529632583529699	0.10592604550291573	3.1064053138236165	4.2768540975489096	[359, 158, 1546, 234, 174, 1086, 1112]	127151
11	0.07101661793636527	0.11461481085274161	3.1064053138236165	4.2086792881962705	[1580, 438, 79, 148, 1108, 1086, 1112]	133417
12	0.0767019024274006	0.12465319168207556	3.1064053138236165	3.7593103781051287	[1819, 1513, 2680, 132, 1108, 1086, 1112]	151637
13	0.0823523935514413	0.13315996338584546	3.1064053138236165	4.016091063669006	[1579, 1580, 438, 2267, 261, 1086, 1112]	124631
14	0.08796830424038005	0.14298808171480415	3.1064053138236165	3.1148748190664355	[669, 811, 3459, 1203, 174, 1086, 1112]	147286
15	0.09354984612298778	0.15432421820005804	3.1064053138236165	3.77454724064593	[2015, 1723, 241, 132, 1108, 1086, 1112]	137116
16	0.0990972295328888	0.1625426417355288	3.1064053138236165	3.6198665328164	[734, 10, 301, 2627, 261, 1086, 1112]	127995
17	0.10461066351648673	0.1706811972094303	3.1064053138236165	3.428889265862453	[107, 811, 3459, 1203, 174, 1086, 1112]	141123
18	0.11009035584084248	0.17758930885283364	3.1064053138236165	3.777314757429644	[1873, 10, 158, 1713, 174, 1086, 1112]	129706
19	0.11553651300150336	0.18558163821286444	2.5846064999161147	2.5846064999161147	[1529, 2229, 734, 1203, 174, 1086, 1112]	137632
20	0.12094934023028481	0.19349629673363344	2.5846064999161147	3.507819472107111	[241, 1031, 132, 217, 261, 1086, 1112]	135839
21	0.1263290415030044	0.20133403923379245	2.5846064999161147	2.6023674981119003	[734, 19, 241, 132, 1108, 1086, 1112]	137270
22	0.13167581954716823	0.21401127670627185	2.5846064999161147	3.9161111155266752	[2607, 1587, 241, 132, 1094, 1086, 1112]	124681
23	0.13698987584961053	0.22164965108230417	2.5846064999161147	3.6746193063400145	[2627, 261, 217, 132, 1094, 1086, 1112]	126172
24	0.14227141066408644	0.22813320251018998	2.5846064999161147	3.5906685304021337	[2872, 241, 132, 387, 344, 1086, 1112]	113111
25	0.1475206230188183	0.237134564580042	2.5846064999161147	4.007425286017618	[2299, 2297, 400, 19, 334, 1086, 1112]	132182
26	0.152737710723996	0.24454822284457023	2.5846064999161147	4.187637694831328	[734, 19, 132, 239, 234, 1086, 1096]	119197
27	0.1579228703792308	0.25188983389564346	2.5846064999161147	3.517456662911222	[386, 370, 1032, 132, 1108, 1086, 1112]	147833
28	0.1630762973809643	0.2572312523482241	2.5846064999161147	3.748906394713189	[3, 19, 132, 217, 261, 1086, 1112]	135344
29	0.1681981859298317	0.2656526667206932	2.5846064999161147	3.4061245259816175	[19, 132, 241, 1729, 1094, 1086, 1112]	122826
30	0.17328872903797987	0.2769851872959911	2.5846064999161147	4.432794688815907	[1529, 156, 1530, 158, 1115, 1086, 1112]	111324
31	0.1783481185363407	0.2830078013126842	2.5846064999161147	4.061968321907921	[1742, 400, 19, 132, 261, 1086, 1096]	121780
32	0.1833765450818603	0.28812704114385446	2.5846064999161147	3.8671728165858967	[734, 10, 158, 1546, 234, 1086, 1112]	115328
33	0.18837419816468337	0.29754335012343314	2.5846064999161147	3.1015860273876683	[241, 1729, 1032, 132, 1108, 1086, 1112]	128029
34	0.19334126611529434	0.3025588078484993	2.5846064999161147	3.3867096801330048	[241, 132, 19, 1987, 334, 1086, 1112]	132302
35	0.19827793611161382	0.3093366619996315	2.5846064999161147	3.9263174393901252	[77, 19, 241, 217, 261, 1086, 1112]	130743
36	0.2031843941860525	0.31847242043878987	2.5846064999161147	3.1455033926936977	[10, 232, 320, 836, 1089, 1086, 1112]	143733
37	0.20806082523252156	0.32509562334997755	2.5846064999161147	2.5846064999161147	[1529, 2229, 734, 1203, 174, 1086, 1112]	115227
38	0.2129074130134001	0.3316544608295696	2.5846064999161147	3.1148748190664355	[157, 651, 734, 1203, 174, 1086, 1112]	125831
39	0.21772434016646003	0.3422631201814812	2.5846064999161147	3.3945507805501087	[1579, 1580, 301, 2627, 261, 1086, 1096]	115359
40	0.22251178821174855	0.3486551209571713	2.5846064999161147	3.745000221040084	[193, 1265, 415, 255, 174, 1086, 1112]	130015
41	0.2272699375584284	0.3533056466598631	2.5846064999161147	3.386884539093148	[107, 811, 734, 1203, 174, 1086, 1112]	132670
42	0.23199896751157656	0.3586925217397475	2.5846064999161147	3.7601638910004205	[1820, 10, 438, 2627, 261, 1086, 1096]	126996
43	0.23669905627894106	0.36492485874907943	2.5846064999161147	3.6771584126391046	[107, 162, 10, 158, 1115, 1086, 1112]	107313
44	0.2413703809776564	0.37212525717596057	2.5846064999161147	3.7247675443825	[1820, 10, 158, 1713, 174, 1086, 1096]	111517
45	0.24601311764091816	0.37822705253868205	2.5846064999161147	3.487276315966888	[1743, 1742, 400, 19, 334, 1086, 1096]	113476
46	0.25062744122461655	0.3834063357328621	2.5846064999161147	3.6351640636789	[3065, 1460, 734, 1203, 174, 1086, 1112]	121524
47	0.2552135256139294	0.3929216700579722	2.5846064999161147	3.428889265862453	[195, 3284, 734, 1203, 174, 1086, 1112]	122754
48	0.25977154362987487	0.39882136228287046	2.5846064999161147	3.601276362078189	[1549, 162, 1192, 836, 1089, 1086, 1112]	114803
49	0.2643016670358238	0.4056374466107291	2.5846064999161147	2.81050582782964	[3284, 811, 734, 1203, 174, 1086, 1112]	136877
50	0.2688040665439726	0.4150717728550032	2.5846064999161147	3.1064053138236165	[2607, 1587, 241, 132, 1108, 1086, 1112]	135587
51	0.2732789118217763	0.41994414459298735	2.5846064999161147	3.5965259561246024	[2309, 420, 158, 1713, 174, 1086, 1112]	129591
52	0.27772637149834234	0.4278360609930828	2.5846064999161147	4.0155789949207055	[3266, 1963, 387, 344, 174, 1086, 1112]	123836
53	0.2821466131707848	0.43339644912726083	2.5846064999161147	2.740062281339724	[1820, 733, 734, 1203, 174, 1086, 1112]	129140
54	0.28653980341054064	0.4421403310851735	2.5846064999161147	4.172946278670365	[2047, 232, 193, 1872, 1115, 1086, 1112]	123739
55	0.2909061077696462	0.4495194272348405	2.5846064999161147	3.8373766232271302	[241, 1720, 132, 387, 344, 1086, 1112]	145435
56	0.29524569078697616	0.4557607035700464	2.5846064999161147	2.8649135046369567	[2627, 261, 217, 132, 1108, 1086, 1112]	128282
57	0.29955871599444395	0.46193121713501184	2.4629843211448703	2.4629843211448703	[241, 19, 734, 1203, 174, 1086, 1112]	131200
58	0.30384534592316415	0.4657729648558304	2.4629843211448703	3.9456918362337605	[119, 409, 19, 1987, 334, 1086, 1112]	126762
59	0.3081057421095773	0.47182996071914296	2.4629843211448703	2.7206108825640802	[2872, 241, 19, 132, 1108, 1086, 1112]	123054
60	0.31234006510153733	0.47560103257692266	2.4629843211448703	3.1930874480904543	[19, 241, 132, 1713, 174, 1086, 1096]	133081
61	0.3165484744643614	0.480697232454698	2.4629843211448703	4.30767900745093	[331, 808, 1265, 193, 1115, 1086, 1112]	103504
62	0.3207311287868432	0.48502295313395916	2.4629843211448703	3.9084701829827324	[3065, 1460, 19, 132, 1094, 1086, 1096]	126971
63	0.32488818568722877	0.4908616951619188	2.4629843211448703	3.2027493590021914	[2872, 241, 132, 1713, 174, 1086, 1112]	124859
64	0.3290198018191567	0.4951027472638603	2.4629843211448703	3.6621176059038643	[1794, 1791, 420, 158, 1115, 1086, 1112]	122918
65	0.333126132877561	0.5017812823529626	2.4629843211448703	3.7947703767639736	[158, 420, 545, 132, 1108, 1086, 1112]	132881
66	0.33720733360453825	0.5053385053027839	1.9948038318462349	1.9948038318462349	[1849, 420, 158, 10, 734, 19, 794]	163662
67	0.34126355779517925	0.5101457112765178	1.9948038318462349	3.7115410360418	[1549, 162, 420, 158, 1115, 1086, 1112]	125664
68	0.3452949583033643	0.5166252653601617	1.9948038318462349	2.3086134374228453	[158, 10, 734, 1203, 174, 1086, 1112]	141501
69	0.3493016870475234	0.5221057045284139	1.9948038318462349	3.8106898052636273	[837, 162, 10, 158, 1115, 1086, 1112]	127699
70	0.35328389501636104	0.5267499639596246	1.9948038318462349	3.7163875428531554	[1799, 232, 10, 158, 1115, 1086, 1096]	123872
71	0.35724173227454614	0.5313490896743027	1.9948038318462349	3.3945507805501087	[1579, 1580, 301, 2627, 261, 1086, 1112]	140415
72	0.3611753479683669	0.5359035202897127	1.9948038318462349	3.5878125065263164	[734, 10, 438, 2627, 261, 1086, 1112]	125177
73	0.3650848903313515	0.540413690160561	1.9948038318462349	2.6023674981119003	[734, 19, 241, 132, 1108, 1086, 1112]	113890
74	0.36897050668985365	0.5456244192970625	1.9948038318462349	4.065736375619337	[359, 158, 420, 1582, 1087, 1086, 1112]	131964
75	0.37283234346860483	0.5500401197898025	1.9948038318462349	3.256913096599375	[241, 1031, 1030, 1032, 132, 393, 794]	136472
76	0.37667054619623197	0.5559919700571332	1.9948038318462349	3.3375447757620744	[781, 784, 19, 132, 1108, 1086, 1112]	130625
77	0.3804852595107413	0.5596904959208805	1.9948038318462349	3.406818157384917	[2872, 241, 132, 217, 261, 1086, 1112]	124984
78	0.38427662716496924	0.5639694998477913	1.9948038318462349	3.532853129633992	[320, 232, 10, 158, 1115, 1086, 1112]	142236
79	0.38804479203199926	0.5689131563121019	1.9948038318462349	3.8766352591030877	[1917, 10, 301, 2627, 261, 1086, 1112]	118581
80	0.39178989611054615	0.5725040504702685	1.9948038318462349	2.3701873068517694	[1555, 2229, 494, 10, 734, 19, 794]	120984
81	0.3955120805303066	0.5773509433220796	1.9948038318462349	3.3147954491973186	[1799, 232, 320, 836, 1089, 1086, 1112]	127780
82	0.39921148555727815	0.5803686077952961	1.9948038318462349	3.3330413070723255	[1468, 2229, 734, 1203, 174, 1086, 1112]	112731
83	0.40288825059904443	0.5851263333304968	1.9948038318462349	4.0553016756002505	[846, 10, 438, 132, 1108, 1086, 1096]	125280
84	0.4065425142100286	0.5906140802441145	1.9948038318462349	3.7043429819726814	[1719, 2072, 241, 132, 1108, 1086, 1096]	140127
85	0.41017441409671507	0.5952556439601677	1.9948038318462349	3.079407314371683	[1792, 496, 217, 132, 1108, 1086, 1112]	120052
86	0.4137840871228382	0.5991890196262496	1.9948038318462349	3.5772400492380187	[1849, 420, 158, 1713, 174, 1086, 1112]	121173
87	0.4173716693145403	0.605374374261647	1.9948038318462349	3.179899696473333	[1792, 232, 320, 836, 1089, 1086, 1112]	140469
88	0.4209372958654972	0.6105942899460167	1.9948038318462349	3.6621176059038643	[1794, 1791, 420, 158, 1115, 1086, 1112]	124352
89	0.4244811011420133	0.6133746008406724	1.9948038318462349	3.523898180591541	[241, 1720, 132, 19, 334, 1086, 1112]	145710
90	0.42800321868808466	0.6193410421857237	1.9948038318462349	3.998345636909324	[2040, 438, 1779, 132, 1108, 1086, 1112]	129489
91	0.43150378123043165	0.623656903385432	1.9948038318462349	3.7904262377360016	[1547, 107, 734, 1203, 174, 1086, 1112]	131727
92	0.4349829206835004	0.626791789654608	1.9948038318462349	2.9670826863691984	[1819, 241, 19, 132, 1108, 1086, 1112]	132103
93	0.4384407681544341	0.6304186916015991	1.9948038318462349	3.976724555739051	[734, 19, 1548, 255, 174, 1086, 1112]	144603
94	0.44187745394801337	0.6340103466880753	1.9948038318462349	3.428889265862453	[10, 811, 3459, 1203, 174, 1086, 1112]	124361
95	0.4452931075715667	0.6388514796683917	1.9948038318462349	3.6927980254785133	[1715, 132, 387, 344, 174, 1086, 1112]	126992
96	0.44868785773985087	0.6429461340939202	1.9948038318462349	3.17425940896415	[1879, 496, 217, 132, 1108, 1086, 1112]	137163
97	0.4520618323799014	0.6464160453272154	1.9948038318462349	3.6352445623212315	[781, 19, 132, 1713, 174, 1086, 1112]	143712
98	0.45541515863585313	0.6504249337021903	1.9948038318462349	3.2090431767779197	[21, 422, 19, 132, 1108, 1086, 1112]	125882
99	0.45874796287373176	0.6533368459578988	1.9948038318462349	2.7059591890376202	[193, 1265, 159, 10, 734, 19, 794]	145982
100	0.46206037068621564	0.6586865859894127	1.9948038318462349	3.387957672867911	[4015, 241, 217, 132, 1108, 1086, 1112]	128443
101	0.4653525068973685	0.6620035287883494	1.9948038318462349	2.852510554598944	[3284, 811, 3459, 1203, 174, 1086, 1112]	128938
102	0.46862449556734354	0.6652882369633897	1.9948038318462349	2.340398178917159	[107, 10, 734, 1203, 174, 1086, 1112]	110766
103	0.4718764599970583	0.6676780395197289	1.9948038318462349	3.625756443667087	[1549, 10, 734, 19, 334, 1086, 1096]	132694
104	0.4751085227328411	0.6704462357752914	1.9948038318462349	2.876898483739562	[1548, 19, 734, 1203, 174, 1086, 1112]	138853
105	0.4783208055710493	0.6727992108277674	1.9948038318462349	2.918588336430587	[331, 241, 19, 132, 1108, 1086, 1112]	118127
106	0.4815134295626585	0.675979004697274	1.9948038318462349	3.6621176059038643	[1794, 1791, 420, 158, 1115, 1086, 1112]	122137
107	0.484686515017825	0.6786780550538148	1.9948038318462349	3.831483791594195	[1579, 1580, 438, 3366, 150, 1086, 1112]	131819
108	0.48784018151041875	0.6813546226918505	1.9948038318462349	2.6023674981119003	[734, 19, 241, 132, 1108, 1086, 1112]	115531
109	0.4909745478825298	0.6844512735889171	1.9948038318462349	3.1005864631871427	[734, 19, 132, 1713, 174, 1086, 1112]	136317
110	0.4940897322489467	0.6875178306968965	1.9948038318462349	3.9354542882069943	[269, 1337, 240, 1203, 174, 1086, 1112]	122090
111	0.49718585200160725	0.6897489165728037	1.9948038318462349	2.4284869069402104	[10, 734, 19, 132, 1108, 1086, 1112]	142358
112	0.5002630238140224	0.6945367419343345	1.9948038318462349	3.230177224990074	[1819, 241, 217, 132, 1108, 1086, 1112]	109023
113	0.5033213636456735	0.698000044179977	1.9948038318462349	3.6909182876515674	[2297, 400, 1032, 132, 1108, 1086, 1112]	118404
114	0.5063609867463807	0.7005156623042588	1.9948038318462349	4.1831449665011675	[1820, 10, 107, 1546, 234, 1086, 1112]	147446
115	0.5093820076606477	0.7039111763370902	1.9948038318462349	3.9839652106672077	[1879, 496, 217, 132, 1094, 1086, 1112]	132909
116	0.5123845402319771	0.707268192478393	1.9948038318462349	4.060430228612006	[432, 422, 19, 3308, 334, 1086, 1112]	126864
117	0.5153686976071608	0.7101130108216546	1.9948038318462349	3.8966465151076566	[1580, 1674, 438, 2627, 261, 1086, 1112]	152368
118	0.5183345922405433	0.7139474948054951	1.9948038318462349	3.691669845124328	[241, 1031, 132, 387, 344, 1086, 1096]	125314
119	0.5212823358982609	0.7177312581017188	1.9948038318462349	3.691669845124328	[241, 1031, 132, 387, 344, 1086, 1112]	133254
120	0.5242120396624514	0.7209315839735813	1.9948038318462349	3.6170030817879715	[2072, 241, 1720, 132, 1108, 1086, 1112]	130747
121	0.5271238139354417	0.7232561855231558	1.9948038318462349	3.9263917909227652	[1579, 1580, 438, 970, 261, 1086, 1096]	134624
122	0.5300177684439074	0.7259456297843496	1.9948038318462349	2.6023674981119003	[734, 19, 241, 132, 1108, 1086, 1112]	122861
123	0.5328940122430079	0.7286089375609837	1.9948038318462349	3.5663504197217772	[241, 1209, 132, 1713, 174, 1086, 1112]	125551
124	0.5357526537204963	0.7312463628519362	1.9948038318462349	2.4284869069402104	[10, 734, 19, 132, 1108, 1086, 1112]	130522
125	0.5385938006008033	0.7348013051422546	1.9948038318462349	3.1747220511474428	[305, 3083, 19, 132, 1108, 1086, 1112]	125902
126	0.5414175599490971	0.7378080930658117	1.9948038318462349	3.3147954491973186	[1799, 232, 320, 836, 1089, 1086, 1112]	106648
127	0.5442240381753178	0.739680112393003	1.9948038318462349	3.8671728165858967	[734, 10, 158, 1546, 234, 1086, 1112]	111728
128	0.5470133410381877	0.7426315850416083	1.9948038318462349	3.124863134247035	[1723, 241, 19, 132, 1108, 1086, 1112]	125689
129	0.5497855736491959	0.7451327358186579	1.9948038318462349	3.523328039732048	[1468, 2688, 734, 1203, 174, 1086, 1096]	114300
130	0.5525408404765602	0.7469524580594957	1.9948038318462349	3.1148748190664355	[158, 651, 734, 1203, 174, 1086, 1112]	149683
131	0.5552792453491631	0.7490603093043144	1.9948038318462349	3.85226843592124	[1550, 420, 158, 1713, 174, 1086, 1112]	146194
132	0.5580008914604654	0.7508519891331645	1.9948038318462349	3.745000221040084	[193, 1265, 415, 255, 174, 1086, 1112]	112111
133	0.5607058813723937	0.7529273578201019	1.9948038318462349	2.424582476907486	[1873, 10, 734, 1203, 174, 1086, 1112]	142347
134	0.5633943170192066	0.7549854389711215	1.9948038318462349	3.907797470707865	[1579, 1580, 438, 8, 174, 1086, 1112]	122311
135	0.5660662997113346	0.7582263723180642	1.9948038318462349	2.852510554598944	[3284, 811, 3459, 1203, 174, 1086, 1096]	132896
136	0.5687219301391991	0.76096756991083	1.9948038318462349	2.6103471929178546	[2004, 19, 734, 1203, 174, 1086, 1112]	109238
137	0.5713613083770063	0.7629586772002025	1.9948038318462349	2.2963978496547215	[846, 10, 734, 1203, 174, 1086, 1112]	134978
138	0.573984533886518	0.766094144433004	1.9948038318462349	4.175253393557269	[545, 132, 1727, 1203, 174, 1086, 1096]	102411
139	0.5765917055208005	0.7680425480612172	1.9948038318462349	3.7304485315991878	[3621, 1720, 241, 19, 334, 1086, 1096]	106607
140	0.5791829215279491	0.7706724511444234	1.9948038318462349	2.2963978496547215	[846, 10, 734, 1203, 174, 1086, 1112]	132842
141	0.5817582795547906	0.7732725367323551	1.9948038318462349	2.7871083623429813	[1555, 2229, 734, 1203, 174, 1086, 1112]	139841
142	0.5843178766505632	0.7754759134404955	1.9948038318462349	3.280753655086839	[1579, 1580, 438, 2627, 261, 1086, 1112]	138568
143	0.5868618092705735	0.7776578773526384	1.9948038318462349	3.7115410360418	[1549, 162, 420, 158, 1115, 1086, 1112]	152606
144	0.5893901732798315	0.7805989107209897	1.9948038318462349	2.852510554598944	[3284, 811, 3459, 1203, 174, 1086, 1112]	146058
145	0.5919030639566627	0.782165408651226	1.9948038318462349	3.7955371329617167	[160, 87, 1265, 255, 174, 1086, 1112]	121389
146	0.5944005759962993	0.7839799408573799	1.9948038318462349	3.7364097355819466	[2004, 19, 132, 387, 344, 1086, 1112]	127988
147	0.5968828035144478	0.7873135837453833	1.9948038318462349	3.079407314371683	[1792, 496, 217, 132, 1108, 1086, 1112]	136360
148	0.5993498400508366	0.789085232360582	1.9948038318462349	3.6927980254785133	[1726, 132, 387, 344, 174, 1086, 1112]	117319
149	0.6018017785727398	0.7918751102394104	1.9948038318462349	3.7567706766389994	[10, 162, 1192, 836, 1089, 1086, 1112]	116579
150	0.6042387114784816	0.7938977039202713	1.9948038318462349	4.178142664795455	[1019, 10, 107, 836, 1089, 1086, 1112]	123114
151	0.6066607306009177	0.7953692500337697	1.9948038318462349	3.81177892137213	[158, 10, 157, 1713, 174, 1086, 1112]	104683
152	0.6090679272108961	0.797689326563999	1.9948038318462349	2.3720352638603415	[1820, 10, 734, 1203, 174, 1086, 1112]	127385
153	0.611460392020696	0.799133800938505	1.9948038318462349	3.190121354476479	[160, 107, 734, 1203, 174, 1086, 1112]	144253
154	0.6138382151874471	0.8010858534075185	1.9948038318462349	3.2090431767779197	[21, 422, 19, 132, 1108, 1086, 1112]	106907
155	0.6162014863165263	0.8041555161635753	1.9948038318462349	3.754860269417616	[1791, 420, 1879, 836, 1089, 1086, 1112]	142413
156	0.6185502944649346	0.8063759751639883	1.9948038318462349	2.9670826863691984	[1819, 241, 19, 132, 1108, 1086, 1096]	150750
157	0.6208847281446535	0.808257646931102	1.9948038318462349	4.140849997598486	[734, 10, 1019, 1010, 1105, 1086, 1112]	102373
158	0.6232048753259798	0.8104315965123821	1.9948038318462349	3.085833609876837	[2872, 241, 1209, 132, 1108, 1086, 1112]	133397
159	0.6255108234408409	0.8125808981392258	1.9948038318462349	3.9643530555370186	[2872, 241, 1587, 132, 1094, 1086, 1112]	149354
160	0.6278026593860897	0.8144022693915172	1.9948038318462349	3.775083405535659	[158, 420, 1879, 836, 1089, 1086, 1112]	143342
161	0.6300804695267795	0.8157274153231537	1.9948038318462349	3.9456918362337605	[119, 409, 19, 1987, 334, 1086, 1112]	109701
162	0.6323443396994177	0.8172623806265844	1.9948038318462349	3.085833609876837	[2872, 241, 1209, 132, 1108, 1086, 1112]	124288
163	0.6345943552152014	0.8190382564222445	1.9948038318462349	2.813571952967709	[19, 241, 1031, 132, 1108, 1086, 1112]	102806
164	0.6368306008632311	0.8210899768709718	1.9948038318462349	4.178142664795455	[1019, 10, 107, 836, 1089, 1086, 1112]	102647
165	0.6390531609137072	0.8231184351830924	1.9948038318462349	2.8080246507420323	[3621, 1720, 241, 132, 1108, 1086, 1096]	99657
166	0.641262119121105	0.8248374008275715	1.9948038318462349	3.8307963042578113	[1549, 162, 420, 1822, 1094, 1086, 1096]	110498
167	0.6434575587273302	0.8260880411500973	1.9948038318462349	3.072870092297131	[420, 107, 734, 1203, 174, 1086, 1112]	142877
168	0.6456395624648572	0.8287718676755588	1.9948038318462349	2.8649135046369567	[2627, 261, 217, 132, 1108, 1086, 1112]	134256
169	0.6478082125598458	0.8307132297200536	1.9948038318462349	2.2963978496547215	[846, 10, 734, 1203, 174, 1086, 1112]	123429
170	0.6499635907352397	0.8326325808570144	1.9948038318462349	4.057448318472347	[1580, 438, 80, 148, 1108, 1086, 1096]	125636
171	0.6521057782138465	0.834846435607583	1.9948038318462349	3.6621176059038643	[1794, 1791, 420, 158, 1115, 1086, 1112]	122403
172	0.6542348557213988	0.8370310065651547	1.9948038318462349	3.63259183391249	[2764, 1511, 1031, 132, 1108, 1086, 1112]	110043
173	0.6563509034895958	0.838614767434298	1.9948038318462349	4.166581875093566	[320, 232, 10, 161, 1023, 1086, 1112]	136187
174	0.6584540012591262	0.8411052802825341	1.9948038318462349	4.037191917265458	[1723, 241, 1031, 132, 1094, 1086, 1112]	118707
175	0.6605442282826743	0.8429068077169725	1.9948038318462349	3.9656155342878936	[1851, 159, 10, 158, 1115, 1086, 1112]	146871
176	0.6626216633279062	0.8446879096702948	1.9948038318462349	3.9976689066562754	[1873, 10, 159, 1713, 174, 1086, 1112]	128236
177	0.6646863846804371	0.8467423023995237	1.9948038318462349	3.428889265862453	[10, 811, 3459, 1203, 174, 1086, 1112]	115875
178	0.6667384701467826	0.8484799180185767	1.9948038318462349	4.387822975225442	[2040, 438, 80, 148, 1108, 1086, 1112]	107090
179	0.6687779970572902	0.8504841519072199	1.9948038318462349	3.659323743884939	[377, 162, 1192, 836, 1089, 1086, 1096]	130671
180	0.6708050422690536	0.8524618747655901	1.9948038318462349	3.542228626723241	[1742, 400, 19, 132, 1094, 1086, 1112]	151468
181	0.6728196821688086	0.8538956757882763	1.9948038318462349	3.666229605331197	[432, 422, 19, 1987, 334, 1086, 1112]	115104
182	0.6748219926758121	0.8558834897231297	1.9948038318462349	3.967831232047491	[3266, 1963, 2156, 8, 174, 1086, 1112]	132216
183	0.6768120492447027	0.8575174637625499	1.9948038318462349	3.5772400492380187	[1849, 420, 158, 1713, 174, 1086, 1096]	120644
184	0.6787899268683444	0.8597162683341155	1.9948038318462349	3.55321732679032	[669, 673, 1032, 132, 1108, 1086, 1112]	106383
185	0.6807557000806521	0.8607178776516562	1.9948038318462349	3.5784168931352323	[241, 132, 1727, 1203, 174, 1086, 1112]	120088
186	0.682709442959401	0.8626128725135385	1.9948038318462349	3.718294247239391	[4196, 1663, 1546, 234, 174, 1086, 1112]	137452
187	0.6846512291290177	0.8637572884026384	1.9948038318462349	4.002961026403654	[1548, 19, 132, 387, 344, 1086, 1112]	126207
188	0.6865811317633546	0.8653019903481868	1.9948038318462349	3.1005864631871427	[734, 19, 132, 1713, 174, 1086, 1112]	111757
189	0.6884992235884477	0.86626371826859	1.9948038318462349	2.47571492929283	[2636, 162, 1549, 107, 734, 19, 794]	136890
190	0.6904055768852569	0.8673777231143327	1.9948038318462349	3.0070684808522623	[734, 10, 301, 1580, 438, 774, 794]	101320
191	0.6923002634923902	0.8686665693425705	1.9948038318462349	3.4811257093260544	[3621, 1720, 132, 1713, 174, 1086, 1112]	102844
192	0.69418335480881	0.8699428903402131	1.9948038318462349	3.9285733316174305	[10, 734, 19, 422, 636, 1086, 1096]	102091
193	0.6960549217965248	0.8716632224785701	1.9948038318462349	2.8066942250663134	[3, 19, 734, 1203, 174, 1086, 1112]	101962
194	0.6979150349832625	0.8727322501963662	1.9948038318462349	2.836907934762174	[2297, 400, 19, 132, 1108, 1086, 1096]	114874
195	0.6997637644651284	0.8746962586809902	1.9948038318462349	3.7439125216956306	[837, 162, 1192, 836, 1089, 1086, 1096]	136147
196	0.701601179909247	0.875740021624089	1.9948038318462349	2.7206108825640802	[2872, 241, 19, 132, 1108, 1086, 1112]	142744
197	0.7034273505563867	0.8776576138829766	1.9948038318462349	3.428889265862453	[650, 651, 734, 1203, 174, 1086, 1112]	136223
198	0.7052423452235697	0.8790447157663894	1.9948038318462349	3.079407314371683	[1792, 496, 217, 132, 1108, 1086, 1112]	118508
199	0.7070462323066644	0.8799083222463105	1.9948038318462349	2.511023695947922	[161, 10, 734, 1203, 174, 1086, 1112]	111585
200	0.7088390797829642	0.8814968365023117	1.9948038318462349	3.601276362078189	[1549, 162, 1192, 836, 1089, 1086, 1112]	120282
201	0.7106209552137479	0.8828404097845984	1.9948038318462349	4.167017702989522	[2751, 400, 654, 132, 1108, 1086, 1112]	136573
202	0.712391925746826	0.8841687498097164	1.9948038318462349	3.2045923090637043	[2047, 232, 320, 836, 1089, 1086, 1112]	129747
203	0.7141520581190712	0.8859562691027763	1.9948038318462349	3.873205977129248	[1819, 1513, 1031, 132, 1094, 1086, 1112]	120356
204	0.7159014186589336	0.8877162032215606	1.9948038318462349	3.0635001754261895	[1819, 1513, 1031, 132, 1108, 1086, 1112]	132633
205	0.7176400732889395	0.8892014386286828	1.9948038318462349	4.050679771487691	[2051, 1849, 420, 1582, 1087, 1086, 1112]	141411
206	0.7193680875281763	0.8902781982144099	1.9948038318462349	3.069270376387018	[158, 1557, 734, 1203, 174, 1086, 1112]	127821
207	0.7210855264947609	0.8910615989530468	1.9948038318462349	2.796959156295561	[1549, 107, 734, 1203, 174, 1086, 1112]	142948
208	0.722792454908294	0.892543754069332	1.9948038318462349	3.98327875722501	[1529, 87, 1265, 255, 174, 1086, 1112]	143752
209	0.7244889370922993	0.8937620788531263	1.9948038318462349	2.740062281339724	[1820, 733, 734, 1203, 174, 1086, 1112]	115610
210	0.7261750369766463	0.8945206050944321	1.9948038318462349	3.1148748190664355	[158, 651, 734, 1203, 174, 1086, 1112]	124956
211	0.7278508180999608	0.8953992339566192	1.9948038318462349	2.6023674981119003	[734, 19, 241, 132, 1108, 1086, 1112]	129860
212	0.729516343612018	0.8970134433091405	1.9948038318462349	3.7593103781051287	[1819, 1513, 2680, 132, 1108, 1086, 1096]	117449
213	0.7311716762761236	0.8981810913441842	1.9948038318462349	3.7717716564319472	[3284, 811, 734, 19, 334, 1086, 1112]	117770
214	0.7328168784714775	0.8990292288590183	1.9948038318462349	2.3720352638603415	[1820, 10, 734, 1203, 174, 1086, 1096]	136702
215	0.7344520121955256	0.9000104802792416	1.9948038318462349	3.660212642330709	[10, 158, 420, 1822, 1094, 1086, 1096]	122268
216	0.7360771390662955	0.9007243936704769	1.9948038318462349	3.072870092297131	[420, 107, 734, 1203, 174, 1086, 1112]	143273
217	0.737692320324719	0.9018499674383852	1.9948038318462349	3.754860269417616	[1791, 420, 1879, 836, 1089, 1086, 1112]	132951
218	0.7392976168369392	0.9025507471080106	1.9948038318462349	3.532853129633992	[320, 232, 10, 158, 1115, 1086, 1112]	118771
219	0.7408930890966048	0.9033624859909093	1.9948038318462349	3.348490564182004	[2004, 19, 132, 1713, 174, 1086, 1112]	103226
220	0.7424787972271494	0.904167463200481	1.9948038318462349	3.47079346884762	[420, 158, 651, 19, 409, 4290, 794]	102281
221	0.7440548009840573	0.9054350893486228	1.9948038318462349	3.9844278528505006	[305, 3083, 19, 132, 1094, 1086, 1112]	102416
222	0.7456211597571152	0.9065072538684797	1.9948038318462349	4.065736375619337	[359, 158, 420, 1582, 1087, 1086, 1112]	112761
223	0.7471779325726502	0.9072860355938568	1.9948038318462349	3.262298240352031	[1078, 334, 19, 132, 1108, 1086, 1112]	128842
224	0.7487251780957545	0.9080583301744994	1.9948038318462349	3.530316684267138	[2872, 241, 19, 132, 1094, 1086, 1096]	121351
225	0.7502629546324955	0.9092744898282759	1.9948038318462349	2.836907934762174	[2297, 400, 19, 132, 1108, 1086, 1112]	117828
226	0.7517913201321139	0.909922259282706	1.9948038318462349	2.3086134374228453	[158, 10, 734, 1203, 174, 1086, 1112]	144312
227	0.7533103321892064	0.9109435488599996	1.9948038318462349	4.096078624044009	[3131, 162, 420, 158, 1115, 1086, 1112]	145123
228	0.7548200480458969	0.9118090148574729	1.9948038318462349	3.766087964836969	[1742, 400, 19, 1987, 334, 1086, 1096]	116583
229	0.7563205245939929	0.9125436336425001	1.9948038318462349	4.042340471716272	[1743, 193, 1265, 255, 174, 1086, 1112]	136097
230	0.7578118183771302	0.9135352024220637	1.9948038318462349	3.606184402719541	[2047, 232, 10, 158, 1115, 1086, 1112]	135261
231	0.7592939855929031	0.9148695357180194	1.9948038318462349	4.0884547624881575	[4015, 241, 1729, 1822, 1094, 1086, 1112]	118467
232	0.7607670820949822	0.9159956000603737	1.9948038318462349	3.7878980300438867	[223, 22, 23, 5272, 174, 1086, 1112]	146315
233	0.7622311633952195	0.9166953451660765	1.9948038318462349	3.6652733987233415	[988, 420, 158, 1713, 174, 1086, 1112]	132562
234	0.7636862846657397	0.9176398423864158	1.9948038318462349	3.7247675443825	[1820, 10, 158, 1713, 174, 1086, 1112]	127711
235	0.7651325007410201	0.9183258911795319	1.9948038318462349	4.177952824789492	[1873, 10, 158, 420, 458, 1086, 1112]	110311
236	0.7665698661199564	0.9191196142973207	1.9948038318462349	3.1207086718623307	[732, 19, 734, 1203, 174, 1086, 1112]	129186
237	0.7679984349679162	0.9196970907228768	1.9948038318462349	3.9661158382797286	[1019, 10, 157, 1713, 174, 1086, 1112]	130018
238	0.7694182611187811	0.9206075545468804	1.9948038318462349	2.81050582782964	[3284, 811, 734, 1203, 174, 1086, 1112]	107697
239	0.7708293980769743	0.9216577191692762	1.9948038318462349	2.8080246507420323	[3621, 1720, 241, 132, 1108, 1086, 1112]	143977
240	0.7722318990194776	0.9228667049845651	1.9948038318462349	2.6103471929178546	[2004, 19, 734, 1203, 174, 1086, 1112]	129021
241	0.7736258167978352	0.9237412321389351	1.9948038318462349	3.3858483055097928	[1873, 10, 734, 19, 334, 1086, 1112]	108078
242	0.7750112039401446	0.924482328036516	1.9948038318462349	2.918588336430587	[331, 241, 19, 132, 1108, 1086, 1112]	147414
243	0.7763881126530371	0.9258808034432471	1.9948038318462349	3.125527937822353	[669, 673, 670, 132, 1108, 1086, 1112]	138191
244	0.7777565948236447	0.9264100057748239	1.9948038318462349	3.668017645128386	[19, 132, 1032, 1729, 1094, 1086, 1096]	135967
245	0.7791167020215551	0.92738341839685	1.9948038318462349	3.0987643812796737	[3065, 1460, 19, 132, 1108, 1086, 1112]	143851
246	0.7804684855007559	0.9279883045409829	1.9948038318462349	3.831483791594195	[1579, 1580, 438, 3366, 150, 1086, 1112]	141974
247	0.7818119962015646	0.9285024595630024	1.9948038318462349	3.660212642330709	[10, 158, 420, 1822, 1094, 1086, 1096]	117601
248	0.78314728475255	0.9296058166685116	1.9948038318462349	2.8232338638794454	[2872, 241, 1031, 132, 1108, 1086, 1112]	102992
249	0.7844744014724385	0.9302899195191577	1.9948038318462349	3.392899669995164	[19, 132, 241, 217, 261, 1086, 1112]	100273
250	0.7857933963720113	0.9313656923660844	1.9948038318462349	3.921298755128751	[2042, 2040, 545, 132, 1108, 1086, 1112]	103061
251	0.7871043191559887	0.932032692440272	1.9948038318462349	2.4284869069402104	[10, 734, 19, 132, 1108, 1086, 1112]	112695
252	0.7884072192249029	0.9328032968343732	1.9948038318462349	4.0160898199726445	[4349, 158, 420, 1822, 1094, 1086, 1112]	99381
253	0.78970214567696	0.9333630361360444	1.9948038318462349	3.2576636782570283	[846, 10, 734, 19, 334, 1086, 1112]	138438
254	0.79098914730989	0.9343913843438215	1.9948038318462349	3.582736484816656	[1792, 232, 1192, 836, 1089, 1086, 1112]	122009
255	0.7922682726227859	0.9351352461993337	1.9948038318462349	4.200906904783049	[377, 162, 420, 158, 1089, 1086, 1112]	123045
256	0.7935395698179306	0.9356755606833043	1.9948038318462349	3.8204237423157705	[2387, 1663, 1546, 234, 174, 1086, 1096]	129428
257	0.7948030868026147	0.9368667540039839	1.9948038318462349	4.167425543807581	[2196, 2197, 241, 1729, 1094, 1086, 1112]	137002
258	0.7960588711909402	0.9378410324915767	1.9948038318462349	4.002502533743132	[860, 853, 855, 836, 1089, 1086, 1112]	136139
259	0.7973069703056163	0.938800275817324	1.9948038318462349	3.63259183391249	[2764, 1511, 1031, 132, 1108, 1086, 1112]	142097
260	0.7985474311797415	0.9393950253234724	1.9948038318462349	3.2418942286645542	[813, 3284, 734, 1203, 174, 1086, 1112]	116667
261	0.7997803005585766	0.9398998564328146	1.9948038318462349	3.7013281099420317	[1820, 733, 734, 19, 334, 1086, 1112]	126719
262	0.8010056249013066	0.94082732778416	1.9948038318462349	3.809351041507175	[2872, 241, 2680, 132, 1108, 1086, 1112]	121881
263	0.8022234503827901	0.9412498136927636	1.9948038318462349	2.8971011910570814	[781, 19, 734, 1203, 174, 1086, 1112]	111425
264	0.803433822895301	0.9419159155783332	1.9948038318462349	3.700535591088215	[1178, 2279, 1876, 1713, 174, 1086, 1112]	142435
265	0.8046367880502566	0.9425932809943294	1.9948038318462349	3.7115410360418	[1549, 162, 420, 158, 1115, 1086, 1112]	114613
266	0.8058323911799374	0.9432441508243256	1.9948038318462349	3.58149179012917	[1792, 232, 10, 158, 1115, 1086, 1112]	129911
267	0.8070206773391946	0.9438876411777913	1.9948038318462349	3.727629877174775	[1807, 157, 320, 836, 1089, 1086, 1112]	143287
268	0.8082016913071481	0.9443550494145444	1.9948038318462349	3.542228626723241	[1742, 400, 19, 132, 1094, 1086, 1112]	116278
269	0.8093754775888748	0.9449859445458988	1.9948038318462349	3.8472390994632946	[421, 438, 1779, 132, 1108, 1086, 1112]	147772
270	0.8105420804170842	0.9455205806533244	1.9948038318462349	2.3086134374228453	[158, 10, 734, 1203, 174, 1086, 1112]	136677
271	0.8117015437537866	0.945974386728682	1.9948038318462349	2.876898483739562	[1548, 19, 734, 1203, 174, 1086, 1112]	104111
272	0.8128539112919491	0.9463601232427867	1.9948038318462349	3.8291050602494847	[382, 409, 19, 132, 1094, 1086, 1112]	133780
273	0.8139992264571421	0.9470696454221149	1.9948038318462349	2.81050582782964	[3284, 811, 734, 1203, 174, 1086, 1112]	132750
274	0.8151375324091761	0.9475105480008561	1.9948038318462349	3.428889265862453	[650, 651, 734, 1203, 174, 1086, 1112]	144238
275	0.816268872043728	0.9479477779217154	1.9948038318462349	4.0155789949207055	[2004, 19, 387, 344, 174, 1086, 1112]	121129
276	0.8173932879939572	0.9483813657774278	1.9948038318462349	3.7304485315991878	[3621, 1720, 241, 19, 334, 1086, 1112]	129093
277	0.8185108226321126	0.9488830045939737	1.9948038318462349	2.7760423804394057	[811, 734, 19, 132, 1108, 1086, 1096]	119440
278	0.8196215180711294	0.9494625623650171	1.9948038318462349	4.01829563763783	[1579, 1580, 438, 421, 261, 1086, 1112]	110896
279	0.8207254161662154	0.9500355491862754	1.9948038318462349	3.230177224990074	[1819, 241, 217, 132, 1108, 1086, 1112]	104643
280	0.8218225585164294	0.9506964546203194	1.9948038318462349	3.534097824321477	[320, 232, 1192, 836, 1089, 1086, 1112]	101658
281	0.8229129864662477	0.9514573118021046	1.9948038318462349	3.7199901158437356	[2047, 232, 1879, 836, 1089, 1086, 1112]	114195
282	0.8239967411071227	0.9518616657229534	1.9948038318462349	3.1207086718623307	[1456, 19, 734, 1203, 174, 1086, 1112]	103132
283	0.8250738632790312	0.9522626514312169	1.9948038318462349	3.6154401925065622	[394, 432, 422, 19, 334, 1086, 1112]	138319
284	0.8261443935720137	0.9526602969836433	1.9948038318462349	3.606184402719541	[2047, 232, 10, 158, 1115, 1086, 1112]	143648
285	0.8272083723277035	0.9529982968861817	1.9948038318462349	2.796959156295561	[1549, 107, 734, 1203, 174, 1086, 1112]	133685
286	0.8282658396408473	0.9533338835092351	1.9948038318462349	3.947276655828393	[377, 162, 107, 1546, 234, 1086, 1112]	144931
287	0.8293168353608159	0.9537873929017595	1.9948038318462349	2.9121266964169745	[119, 409, 19, 132, 1108, 1086, 1112]	119771
288	0.8303613990931061	0.9541723375673009	1.9948038318462349	3.332633533656578	[1019, 10, 438, 1580, 684, 389, 794]	126430
289	0.8313995702008331	0.9546176987182503	1.9948038318462349	3.660212642330709	[10, 158, 420, 1822, 1094, 1086, 1112]	137274
290	0.8324313878062135	0.9550587317724948	1.9948038318462349	4.30178239110576	[1549, 162, 10, 161, 1023, 1086, 1112]	126958
291	0.8334568907920402	0.9554954787912265	1.9948038318462349	4.099142909666698	[2051, 1849, 420, 1546, 234, 1086, 1096]	127477
292	0.8344761178031472	0.9560000651994893	1.9948038318462349	3.0243219050251575	[1259, 734, 19, 132, 1108, 1086, 1112]	142321
293	0.8354891072478661	0.956498930673418	1.9948038318462349	3.7115410360418	[1549, 162, 420, 158, 1115, 1086, 1112]	138837
294	0.8364958972994733	0.9570743416433464	1.9948038318462349	3.6232777546707666	[19, 241, 1031, 132, 1094, 1086, 1112]	127623
295	0.8374965258976286	0.957491500616686	1.9948038318462349	3.487276315966888	[1743, 1742, 400, 19, 334, 1086, 1112]	124658
296	0.838491030749805	0.957973456392007	1.9948038318462349	4.017401056352248	[2872, 241, 19, 387, 344, 1086, 1112]	116195
297	0.8394794493327097	0.9586220141637354	1.9948038318462349	4.0884547624881575	[1647, 1697, 241, 1729, 1094, 1086, 1112]	147339
298	0.8404618188936956	0.9591693420187124	1.9948038318462349	3.659323743884939	[377, 162, 1192, 836, 1089, 1086, 1112]	109452
299	0.8414381764521666	0.9596322746488857	1.9948038318462349	3.3735256287391433	[2654, 232, 320, 836, 1089, 1086, 1112]	118805
300	0.8424085588009705	0.9600899586097827	1.9948038318462349	3.6679709801562304	[1580, 438, 1779, 132, 1108, 1086, 1112]	118801
301	0.8433730025077875	0.9606178692101824	1.9948038318462349	3.125527937822353	[669, 668, 670, 132, 1108, 1086, 1112]	103868
302	0.8443315439165066	0.9608990529844894	1.9948038318462349	2.8785220653926133	[77, 19, 241, 132, 1108, 1086, 1112]	141329
303	0.8452842191485962	0.961279042751404	1.9948038318462349	3.069270376387018	[158, 1557, 734, 1203, 174, 1086, 1112]	132703
304	0.846231064104465	0.9618765883879564	1.9948038318462349	3.179899696473333	[1792, 232, 320, 836, 1089, 1086, 1112]	146531
305	0.8471721144648147	0.9622470782967226	1.9948038318462349	3.555566438090408	[3621, 1720, 132, 19, 334, 1086, 1112]	147354
306	0.8481074056919847	0.9626139677204668	1.9948038318462349	2.8066942250663134	[3, 19, 734, 1203, 174, 1086, 1112]	115425
307	0.8490369730312887	0.9629772916493252	1.9948038318462349	4.021838031435365	[107, 162, 10, 232, 1023, 1086, 1112]	112332
308	0.8499608515123422	0.9632856857213842	1.9948038318462349	2.632664465514411	[432, 422, 19, 132, 1108, 1086, 1112]	109742
309	0.8508790759503835	0.9638522646454369	1.9948038318462349	4.340684950389379	[1851, 159, 677, 132, 1108, 1086, 1112]	103293
310	0.8517916809475847	0.9644101000675752	1.9948038318462349	4.037191917265458	[4015, 241, 1031, 132, 1094, 1086, 1112]	102236
311	0.8526987008943563	0.9646642077603158	1.9948038318462349	3.0450540192058266	[1917, 10, 438, 3366, 793, 4290, 794]	112735
312	0.8536001699706431	0.9650076071018093	1.9948038318462349	3.72064580303472	[107, 162, 420, 158, 1115, 1086, 1096]	104258
313	0.8544961221472118	0.9653476692290999	1.9948038318462349	3.1455033926936977	[10, 232, 320, 836, 1089, 1086, 1112]	109210
314	0.8553865911869317	0.9658060333927361	1.9948038318462349	3.4370654128233644	[394, 432, 19, 132, 1108, 1086, 1112]	149799
315	0.8562716106460466	0.9661383362752167	1.9948038318462349	3.019399258546427	[382, 409, 19, 132, 1108, 1086, 1112]	132090
316	0.8571512138754396	0.9665862418800419	1.9948038318462349	3.125527937822353	[669, 668, 670, 132, 1108, 1086, 1112]	134408
317	0.8580254340218895	0.9671166189930571	1.9948038318462349	4.167425543807581	[2607, 1587, 241, 1729, 1094, 1086, 1112]	146783
318	0.8588943040293203	0.9675515843502919	1.9948038318462349	2.9495193561308453	[3895, 1030, 1032, 132, 1108, 1086, 1112]	127817
319	0.8597578566400428	0.9677832622153459	1.9948038318462349	3.5784168931352323	[241, 132, 1727, 1203, 174, 1086, 1112]	123371
320	0.8606161243959878	0.9680132859277372	1.9948038318462349	3.38099684896389	[77, 786, 19, 132, 1108, 1086, 1112]	125143
321	0.8614691396399328	0.9682416672979205	1.9948038318462349	2.5846064999161147	[1529, 2229, 734, 1203, 174, 1086, 1112]	125758
322	0.862316934516721	0.9686017390972638	1.9948038318462349	2.6103471929178546	[2004, 19, 734, 1203, 174, 1086, 1112]	141972
323	0.8631595409744721	0.9689068728280971	1.9948038318462349	3.428889265862453	[10, 811, 3459, 1203, 174, 1086, 1112]	145759
324	0.8639969907657867	0.96938670503754	1.9948038318462349	2.9689406419822477	[2872, 241, 1720, 132, 1108, 1086, 1112]	129164
325	0.8648293154489428	0.9697916428015937	1.9948038318462349	4.44945579333325	[2309, 420, 1822, 1210, 458, 1086, 1096]	137229
326	0.8656565463890848	0.9701341411825279	1.9948038318462349	2.81050582782964	[3284, 811, 734, 1203, 174, 1086, 1112]	111733
327	0.8664787147594055	0.9704727563618644	1.9948038318462349	2.3720352638603415	[1820, 10, 734, 1203, 174, 1086, 1112]	129667
328	0.867295851542321	0.9706835774028935	1.9948038318462349	2.6385976592037066	[77, 19, 734, 1203, 174, 1086, 1112]	147172
329	0.8681079875306381	0.9709277791737981	1.9948038318462349	3.1148748190664355	[1586, 107, 734, 1203, 174, 1086, 1096]	107860
330	0.8689151533287149	0.9712573961899683	1.9948038318462349	3.6466137364652322	[2297, 400, 19, 132, 1094, 1086, 1112]	132856
331	0.8697173793536138	0.9717009548907404	1.9948038318462349	3.957469578473275	[2149, 420, 545, 132, 1108, 1086, 1112]	135956
332	0.8705146958362477	0.9720218057423192	1.9948038318462349	3.9512614615099677	[1549, 107, 420, 1822, 1094, 1086, 1112]	113387
333	0.8713071328225196	0.9723390188291411	1.9948038318462349	3.262298240352031	[1078, 334, 19, 132, 1108, 1086, 1112]	146755
334	0.8720947201744544	0.9726078330290522	1.9948038318462349	4.348828817086398	[193, 232, 10, 159, 1023, 1086, 1112]	138446
335	0.8728774875713248	0.9728740348460683	1.9948038318462349	3.4707681762945217	[1879, 232, 320, 836, 1089, 1086, 1112]	119458
336	0.8736554645107688	0.9731815854713962	1.9948038318462349	4.147900990766636	[241, 1031, 1513, 254, 174, 1086, 1112]	142735
337	0.8744286803099022	0.9734422114629279	1.9948038318462349	2.88979540980577	[377, 162, 10, 734, 1460, 19, 794]	124348
338	0.8751971641064229	0.9737433201765001	1.9948038318462349	4.210880161444208	[1677, 1580, 301, 2627, 261, 1086, 1112]	114517
339	0.8759609448597092	0.9740410149590795	1.9948038318462349	2.3720352638603415	[1820, 10, 734, 1203, 174, 1086, 1112]	109646
340	0.8767200513519107	0.974226359054094	1.9948038318462349	3.860207752796951	[161, 651, 734, 1203, 174, 1086, 1112]	102345
341	0.877474512189033	0.9746241004267161	1.9948038318462349	3.77454724064593	[1791, 420, 545, 132, 1108, 1086, 1096]	102784
342	0.8782243558020166	0.974911809038658	1.9948038318462349	3.2524958476314314	[2627, 301, 2728, 496, 3366, 793, 794]	107354
343	0.8789696104478066	0.975090935766531	1.9948038318462349	3.2090431767779197	[21, 422, 19, 132, 1108, 1086, 1112]	101699
344	0.879710304210419	0.9754204207431643	1.9948038318462349	3.3375447757620744	[781, 784, 19, 132, 1108, 1086, 1112]	107825
345	0.8804464650019981	0.9757455474529108	1.9948038318462349	3.324462254706714	[2028, 331, 241, 132, 1108, 1086, 1112]	129946
346	0.8811781205638691	0.9760205412459616	1.9948038318462349	2.7206108825640802	[2872, 241, 19, 132, 1108, 1086, 1112]	121453
347	0.8819052984675828	0.9761917517564921	1.9948038318462349	3.490233415251784	[195, 10, 734, 19, 334, 1086, 1112]	116161
348	0.882628026115955	0.9764616865438334	1.9948038318462349	3.1148748190664355	[669, 811, 3459, 1203, 174, 1086, 1112]	130261
349	0.883346330744099	0.9766577574597531	1.9948038318462349	3.8980669731042727	[2004, 19, 241, 217, 261, 1086, 1112]	117632
350	0.884060239420452	0.9768521951318918	1.9948038318462349	3.6380241084139104	[1715, 132, 19, 1987, 334, 1086, 1112]	139041
351	0.8847697790477949	0.9772094143428194	1.9948038318462349	3.514672406513336	[2028, 493, 217, 132, 1108, 1086, 1112]	121056
352	0.8854749763642666	0.9774308971966307	1.9948038318462349	2.9495193561308453	[3895, 1030, 1032, 132, 1108, 1086, 1112]	134042
353	0.8861758579443713	0.9776867827159432	1.9948038318462349	3.487276315966888	[1743, 1742, 400, 19, 334, 1086, 1112]	142252
354	0.8868724501999795	0.9779036264213277	1.9948038318462349	3.8510789814705237	[1019, 10, 438, 2627, 261, 1086, 1112]	146013
355	0.8875647793813242	0.9781541521988637	1.9948038318462349	3.811070409067872	[1723, 241, 132, 217, 261, 1086, 1112]	132279
356	0.8882528715779892	0.9784018375480829	1.9948038318462349	3.935948041463269	[837, 162, 107, 836, 1089, 1086, 1112]	124472
357	0.888936752719893	0.9787351425241927	1.9948038318462349	3.6566562240450455	[2297, 400, 654, 132, 1108, 1086, 1112]	118074
358	0.8896164485782656	0.9789762406815148	1.9948038318462349	3.124863134247035	[1723, 241, 19, 132, 1108, 1086, 1112]	124650
359	0.8902919847666195	0.9791805532113349	1.9948038318462349	3.968936935079425	[107, 162, 320, 836, 1089, 1086, 1112]	151165
360	0.8909633867417153	0.9793828801966474	1.9948038318462349	4.34634788775744	[223, 4341, 23, 5272, 174, 1086, 1112]	127105
361	0.8916306798045204	0.9797010456257116	1.9948038318462349	3.864167467112085	[2538, 10, 734, 19, 334, 1086, 1096]	126556
362	0.8922938891011634	0.9798459777685636	1.9948038318462349	3.815682634852603	[1019, 10, 158, 1713, 174, 1086, 1096]	150705
363	0.8929530396238806	0.9800138580037276	1.9948038318462349	3.6070016106851464	[1723, 241, 132, 1713, 174, 1086, 1112]	111885
364	0.8936081562119588	0.9801565567030525	1.9948038318462349	3.472289524550229	[161, 10, 734, 19, 334, 1086, 1112]	147781
365	0.8942592635526704	0.9802982365504752	1.9948038318462349	3.475167541633052	[331, 241, 132, 19, 334, 1086, 1112]	120366
366	0.8949063861822046	0.9805662877538701	1.9948038318462349	3.967831232047491	[3266, 1963, 2156, 8, 174, 1086, 1112]	122117
367	0.8955495484865915	0.9807551479311891	1.9948038318462349	3.7785879006411482	[3, 123, 19, 132, 1108, 1086, 1112]	127850
368	0.896188774702621	0.9809154549038572	1.9948038318462349	3.8340277067282154	[1259, 734, 19, 132, 1094, 1086, 1112]	124064
369	0.8968240889187564	0.9811318329661718	1.9948038318462349	3.2045923090637043	[2047, 232, 320, 836, 1089, 1086, 1112]	114936
370	0.897455515076042	0.9813151970772878	1.9948038318462349	2.9121266964169745	[119, 409, 19, 132, 1108, 1086, 1112]	109914
371	0.8980830769690055	0.9815270429154137	1.9948038318462349	3.021211317745953	[331, 241, 1031, 132, 1108, 1086, 1112]	103638
372	0.898706798246554	0.9816589376527345	1.9948038318462349	2.796959156295561	[1549, 107, 734, 1203, 174, 1086, 1112]	106762
373	0.8993267024128664	0.981837179269326	1.9948038318462349	4.2911801212623315	[320, 232, 158, 1713, 174, 1086, 1112]	113626
374	0.8999428128282778	0.9819884730696647	1.9948038318462349	3.5108023608171486	[1715, 132, 241, 19, 334, 1086, 1112]	102601
375	0.9005551527101606	0.9822267207803835	1.9948038318462349	3.267729638277478	[1515, 1031, 241, 132, 1108, 1086, 1112]	104785
376	0.9011637451337995	0.9824618170663573	1.9948038318462349	2.936799553153932	[734, 811, 3459, 1203, 174, 1086, 1096]	119014
377	0.9017686130332603	0.9826606626778498	1.9948038318462349	4.119820803379623	[2557, 2558, 415, 255, 174, 1086, 1112]	145705
378	0.9023697792022549	0.9828050969745774	1.9948038318462349	3.911282612802104	[2309, 420, 158, 1546, 234, 1086, 1112]	129306
379	0.9029672662950001	0.9829483281534648	1.9948038318462349	4.144288983064368	[2238, 1549, 107, 1546, 234, 1086, 1112]	143154
380	0.903561096827071	0.9831416577662373	1.9948038318462349	3.4061245259816175	[19, 132, 241, 1729, 1094, 1086, 1112]	118785
381	0.9041512931762495	0.9833327954332868	1.9948038318462349	3.387957672867911	[1723, 241, 217, 132, 1108, 1086, 1096]	128654
382	0.9047378775833681	0.9835532611021586	1.9948038318462349	3.775083405535659	[158, 420, 1879, 836, 1089, 1086, 1112]	138407
383	0.9053208721531475	0.9837130933557819	1.9948038318462349	3.490233415251784	[195, 10, 734, 19, 334, 1086, 1112]	111898
384	0.9059002988550297	0.9838713723319162	1.9948038318462349	3.487276315966888	[1743, 1742, 400, 19, 334, 1086, 1112]	143040
385	0.9064761795240058	0.9840594612843137	1.9948038318462349	4.097083035980938	[1678, 1580, 438, 2627, 261, 1086, 1096]	119699
386	0.9070485358614393	0.9842143741970026	1.9948038318462349	3.8346457128531144	[734, 10, 415, 255, 174, 1086, 1112]	110708
387	0.9076173894358833	0.9843677816392086	1.9948038318462349	2.5846064999161147	[1529, 2229, 734, 1203, 174, 1086, 1096]	117201
388	0.9081827616838937	0.9844793938367034	1.9948038318462349	3.1207086718623307	[455, 19, 734, 1203, 174, 1086, 1112]	111975
389	0.9087446739108365	0.984655364428124	1.9948038318462349	2.732522825020183	[1742, 400, 19, 132, 1108, 1086, 1112]	136619
390	0.9093031472916914	0.9848044862509799	1.9948038318462349	3.6154401925065622	[394, 432, 422, 19, 334, 1086, 1112]	150867
391	0.9098582028718492	0.9848974812607063	1.9948038318462349	2.561325429978014	[158, 10, 162, 107, 734, 19, 794]	115665
392	0.9104098615679049	0.985044250150301	1.9948038318462349	3.069270376387018	[158, 1557, 734, 1203, 174, 1086, 1096]	144969
393	0.9109581441684464	0.9852750487590926	1.9948038318462349	3.085833609876837	[2872, 241, 1209, 132, 1108, 1086, 1112]	139504
394	0.9115030713348373	0.9854419983196471	1.9948038318462349	3.1207086718623307	[432, 19, 734, 1203, 174, 1086, 1112]	102130
395	0.9120446636019957	0.9855834754982705	1.9948038318462349	2.5289675866494767	[195, 10, 734, 1203, 174, 1086, 1112]	147672
396	0.9125829413791682	0.9858059527282356	1.9948038318462349	4.224108404417864	[2307, 1468, 2411, 836, 1089, 1086, 1112]	140296
397	0.9131179249506987	0.9859937046762747	1.9948038318462349	3.5857481821424635	[811, 734, 19, 132, 1094, 1086, 1096]	142304
398	0.9136496344767933	0.9861103751912579	1.9948038318462349	2.7206108825640802	[2872, 241, 19, 132, 1108, 1086, 1112]	147770
399	0.9141780899942792	0.986267853930586	1.9948038318462349	3.2045923090637043	[2047, 232, 320, 836, 1089, 1086, 1112]	138488
400	0.9147033114173607	0.9863822408199605	1.9948038318462349	3.855820024739544	[3621, 1720, 241, 217, 261, 1086, 1112]	120969
401	0.915225318538369	0.9864956748822682	1.9948038318462349	3.3731928936652027	[4015, 241, 1720, 132, 1108, 1086, 1112]	106346
402	0.915744131028508	0.9866743035213916	1.9948038318462349	3.114445558142182	[3158, 3083, 19, 132, 1108, 1086, 1112]	116348
403	0.9162597684385964	0.9868505693478283	1.9948038318462349	3.3147954491973186	[1799, 232, 320, 836, 1089, 1086, 1112]	102711
404	0.916772250199803	0.9870245036157141	1.9948038318462349	2.81050582782964	[3284, 811, 734, 1203, 174, 1086, 1112]	114343
405	0.9172815956243807	0.9871716180871913	1.9948038318462349	3.860207752796951	[1772, 811, 3459, 1203, 174, 1086, 1112]	103002
406	0.9177878239063929	0.9873170645941393	1.9948038318462349	2.632664465514411	[432, 422, 19, 132, 1108, 1086, 1112]	101565
407	0.9182909541224372	0.9874608620477204	1.9948038318462349	4.055822845312293	[1819, 3821, 2680, 132, 1108, 1086, 1112]	109789
408	0.9187910052323646	0.9876267236608458	1.9948038318462349	3.125527937822353	[669, 673, 670, 132, 1108, 1086, 1112]	146077
409	0.9192879960799936	0.9877297913521341	1.9948038318462349	3.406818157384917	[2872, 241, 132, 217, 261, 1086, 1096]	128074
410	0.9197819453938203	0.9878920956993281	1.9948038318462349	3.8204237423157705	[2387, 1663, 1546, 234, 174, 1086, 1112]	112041
411	0.9202728717877247	0.9880522531636227	1.9948038318462349	3.9858006084280744	[19, 1126, 241, 1729, 1094, 1086, 1112]	140214
412	0.9207607937616712	0.9881683634341414	1.9948038318462349	3.1930874480904543	[19, 241, 132, 1713, 174, 1086, 1112]	117989
413	0.9212457297024067	0.9882669193405625	1.9948038318462349	2.740062281339724	[1820, 733, 734, 1203, 174, 1086, 1112]	125970
414	0.921727697884153	0.9884221188201847	1.9948038318462349	3.4370654128233644	[669, 813, 19, 132, 1108, 1086, 1112]	109897
415	0.9222067164692953	0.9885346346722724	1.9948038318462349	3.1816828750514636	[331, 241, 217, 132, 1108, 1086, 1112]	117109
416	0.9226828035090671	0.988646057075846	1.9948038318462349	2.92478037844411	[19, 1126, 241, 132, 1108, 1086, 1112]	143382
417	0.9231559769442299	0.9887747865874578	1.9948038318462349	4.0447778409695845	[2073, 160, 320, 836, 1089, 1086, 1112]	141231
418	0.9236262546057498	0.9888838751531773	1.9948038318462349	3.688227867095672	[77, 19, 241, 132, 1094, 1086, 1112]	134410
419	0.924093654215469	0.9889919035773447	1.9948038318462349	3.057910963885006	[160, 331, 241, 132, 1108, 1086, 1112]	127249
420	0.924558193386774	0.98907050008896	1.9948038318462349	3.3046552615698683	[734, 19, 132, 217, 261, 1086, 1112]	117645
421	0.925019889625259	0.9892391652110439	1.9948038318462349	3.873205977129248	[1819, 1513, 1031, 132, 1094, 1086, 1112]	131190
422	0.9254787603293858	0.9893288014858374	1.9948038318462349	3.9893376345012115	[2153, 158, 420, 1822, 1094, 1086, 1112]	118058
423	0.9259348227911394	0.9894325060389391	1.9948038318462349	4.304630812276233	[1532, 1742, 400, 19, 334, 1086, 1112]	114920
424	0.9263880941966793	0.9895955846494493	1.9948038318462349	3.607429097407027	[2047, 232, 1192, 836, 1089, 1086, 1112]	144055
425	0.9268385916269881	0.9897332091911233	1.9948038318462349	3.906588029606888	[3895, 1030, 1032, 1729, 1094, 1086, 1112]	118305
426	0.9272863320585139	0.9898529385300022	1.9948038318462349	4.007425286017618	[2299, 2297, 400, 19, 334, 1086, 1112]	115160
427	0.9277313323638107	0.989967984578415	1.9948038318462349	3.38931764995015	[3284, 813, 19, 132, 1108, 1086, 1112]	141210
428	0.9281736093121745	0.9900817262498615	1.9948038318462349	4.315667468182791	[1794, 1879, 420, 158, 1115, 1086, 1112]	137054
429	0.9286131795702748	0.9901941783331963	1.9948038318462349	2.732522825020183	[1742, 400, 19, 132, 1108, 1086, 1112]	145419
430	0.9290500597027824	0.9902894730043995	1.9948038318462349	3.7163875428531554	[1799, 232, 10, 158, 1115, 1086, 1112]	118014
431	0.9294842661729946	0.9904027153017243	1.9948038318462349	3.1064053138236165	[2607, 1587, 241, 132, 1108, 1086, 1112]	126745
432	0.9299158153434546	0.9904712387838326	1.9948038318462349	3.428889265862453	[195, 3284, 734, 1203, 174, 1086, 1112]	115284
433	0.9303447234765685	0.9905792746252857	1.9948038318462349	2.6103471929178546	[2004, 19, 734, 1203, 174, 1086, 1112]	110209
434	0.9307710067352181	0.9907074477596356	1.9948038318462349	4.007425286017618	[2299, 2297, 400, 19, 334, 1086, 1112]	104985
435	0.9311946811833702	0.990784853442604	1.9948038318462349	2.7871083623429813	[1555, 2229, 734, 1203, 174, 1086, 1112]	102000
436	0.9316157627866815	0.9908616143468723	1.9948038318462349	3.38931764995015	[3284, 813, 19, 132, 1108, 1086, 1112]	115885
437	0.9320342674131007	0.9909824924639771	1.9948038318462349	3.3037506737243847	[241, 1031, 132, 1713, 174, 1086, 1112]	103721
438	0.932450210833466	0.991070126162092	1.9948038318462349	2.5846064999161147	[1529, 2229, 734, 1203, 174, 1086, 1096]	109148
439	0.9328636087221001	0.9911445107838155	1.9948038318462349	4.207053714739074	[1794, 1879, 496, 217, 261, 1086, 1112]	103267
440	0.9332744766573999	0.9912616468845586	1.9948038318462349	3.114445558142182	[3158, 3083, 19, 132, 1108, 1086, 1112]	145478
441	0.9336828301224245	0.9913465677117252	1.9948038318462349	3.935233739525411	[669, 668, 670, 132, 1094, 1086, 1112]	121498
442	0.9340886845054779	0.9914446791889165	1.9948038318462349	3.262298240352031	[1078, 334, 19, 132, 1108, 1086, 1112]	122116
443	0.9344920551006896	0.9915578448081108	1.9948038318462349	3.935233739525411	[669, 668, 670, 132, 1094, 1086, 1112]	130248
444	0.9348929571085902	0.991639887132619	1.9948038318462349	3.502202333386621	[4216, 733, 734, 1203, 174, 1086, 1112]	141109
445	0.9352914056366849	0.9917211321556255	1.9948038318462349	3.019399258546427	[382, 409, 19, 132, 1108, 1086, 1112]	130856
446	0.9356874157000223	0.9918306409895459	1.9948038318462349	3.3945507805501087	[1579, 1580, 301, 2627, 261, 1086, 1112]	134173
447	0.9360810022217606	0.9919232641075783	1.9948038318462349	3.9294546393025795	[432, 422, 19, 387, 344, 1086, 1112]	114539
448	0.9364721800337295	0.9919809310503456	1.9948038318462349	3.069270376387018	[158, 1557, 734, 1203, 174, 1086, 1112]	122997
449	0.9368609638769897	0.9920718501994346	1.9948038318462349	4.119820803379623	[2557, 2558, 415, 255, 174, 1086, 1112]	131162
450	0.9372473684023878	0.9921378905976067	1.9948038318462349	3.348490564182004	[2004, 19, 132, 1713, 174, 1086, 1112]	129184
451	0.937631408171109	0.9922270301599921	1.9948038318462349	3.532853129633992	[320, 232, 10, 158, 1115, 1086, 1096]	144528
452	0.9380130976552253	0.9923151590697428	1.9948038318462349	3.179899696473333	[1792, 232, 320, 836, 1089, 1086, 1096]	109874
453	0.9383924512382412	0.9924168104047991	1.9948038318462349	2.9495193561308453	[3895, 1030, 1032, 132, 1108, 1086, 1112]	125203
454	0.9387694832156356	0.9924905051530518	1.9948038318462349	4.120357757199091	[161, 2149, 420, 158, 1115, 1086, 1096]	140595
455	0.9391442077954003	0.9925780794369813	1.9948038318462349	3.1064053138236165	[2607, 1587, 241, 132, 1108, 1086, 1112]	114615
456	0.939516639098576	0.9926399030151821	1.9948038318462349	3.980030055400843	[988, 420, 158, 1546, 234, 1086, 1112]	124278
457	0.9398867911597837	0.992692453240575	1.9948038318462349	3.125527937822353	[669, 668, 670, 132, 1108, 1086, 1112]	119540
458	0.9402546779277541	0.9927446282635495	1.9948038318462349	2.442955762544113	[1582, 420, 107, 10, 734, 19, 794]	107187
459	0.9406203132658532	0.9928268887140761	1.9948038318462349	2.7206108825640802	[2872, 241, 19, 132, 1108, 1086, 1112]	142068
460	0.9409837109526042	0.9929082165064335	1.9948038318462349	3.8892140616708355	[331, 808, 1265, 255, 174, 1086, 1112]	138328
461	0.9413448846822078	0.9929771356851853	1.9948038318462349	3.7605808323473218	[107, 10, 301, 2627, 261, 1086, 1112]	140441
462	0.9417038480650569	0.9930855132209078	1.9948038318462349	3.179899696473333	[1792, 232, 320, 836, 1089, 1086, 1096]	146440
463	0.9420606146282504	0.993152709399519	1.9948038318462349	2.9121266964169745	[119, 409, 19, 132, 1108, 1086, 1096]	136497
464	0.942415197816103	0.9932097463891106	1.9948038318462349	2.8080246507420323	[3621, 1720, 241, 132, 1108, 1086, 1112]	115133
465	0.942767610990651	0.9932663082684183	1.9948038318462349	4.0160898199726445	[2151, 158, 420, 1822, 1094, 1086, 1112]	106660
466	0.943117867432157	0.9933426539796608	1.9948038318462349	3.280753655086839	[1579, 1580, 438, 2627, 261, 1086, 1112]	104445
467	0.9434659803396092	0.9934181340932701	1.9948038318462349	3.677007465034425	[394, 193, 1265, 255, 174, 1086, 1112]	103525
468	0.9438119628312196	0.9935051958116131	1.9948038318462349	3.9773727067948164	[545, 2040, 438, 2627, 261, 1086, 1112]	109916
469	0.9441558279449183	0.9935788330473091	1.9948038318462349	4.210479835831039	[421, 438, 240, 1203, 174, 1086, 1112]	103525
470	0.9444975886388438	0.9936323204854822	1.9948038318462349	2.876898483739562	[1548, 19, 734, 1203, 174, 1086, 1112]	109661
471	0.9448372577918331	0.993677784967052	1.9948038318462349	2.936799553153932	[734, 811, 3459, 1203, 174, 1086, 1112]	104067
472	0.9451748482039053	0.9937515134222467	1.9948038318462349	3.8183756353871248	[2607, 1587, 132, 19, 334, 1086, 1096]	149876
473	0.9455103725967449	0.9938223579412688	1.9948038318462349	3.2045923090637043	[2047, 232, 320, 836, 1089, 1086, 1112]	145741
474	0.9458438436141811	0.9938738168505461	1.9948038318462349	3.2027493590021914	[2872, 241, 132, 1713, 174, 1086, 1112]	129318
475	0.9461752738226638	0.9939432747093834	1.9948038318462349	2.732522825020183	[1742, 400, 19, 132, 1108, 1086, 1112]	138830
476	0.9465046757117379	0.9940119450641524	1.9948038318462349	4.058001405275196	[87, 1265, 193, 1872, 1115, 1086, 1112]	133645
477	0.9468320616945134	0.9940911521400233	1.9948038318462349	4.178398379868548	[377, 162, 420, 1582, 1087, 1086, 1112]	126869
478	0.9471574441081331	0.9941403720305687	1.9948038318462349	3.911282612802104	[2309, 420, 158, 1546, 234, 1086, 1112]	107100
479	0.9474808352142381	0.9942307983881217	1.9948038318462349	3.717549963485718	[2636, 162, 1192, 836, 1089, 1086, 1096]	120997
480	0.9478022471994292	0.9942962088372359	1.9948038318462349	3.4061245259816175	[19, 132, 241, 1729, 1094, 1086, 1112]	135970
481	0.9481216921757266	0.9943608776712809	1.9948038318462349	3.0243219050251575	[1259, 734, 19, 132, 1108, 1086, 1112]	133574
482	0.9484391821810261	0.9944156796375464	1.9948038318462349	3.507819472107111	[241, 1031, 132, 217, 261, 1086, 1112]	115882
483	0.9487547291795527	0.9944699490288239	1.9948038318462349	3.5784168931352323	[241, 132, 1727, 1203, 174, 1086, 1112]	144020
484	0.9490683450623117	0.9945236910207692	1.9948038318462349	3.77618168181535	[359, 158, 420, 1822, 1094, 1086, 1112]	125326
485	0.9493800416475368	0.9945693079218874	1.9948038318462349	4.203160057266862	[813, 3284, 734, 19, 334, 1086, 1112]	144522
486	0.9496898306811348	0.9946411424731851	1.9948038318462349	3.4495238415161733	[19, 132, 387, 344, 174, 1086, 1096]	130241
487	0.9499977238371291	0.9946932207776246	1.9948038318462349	3.069270376387018	[158, 1557, 734, 1203, 174, 1086, 1112]	118455
488	0.9503037327180994	0.994731110556091	1.9948038318462349	3.889229274021643	[1549, 162, 107, 1546, 234, 1086, 1112]	127289
489	0.9506078688556183	0.9948124205783735	1.9948038318462349	2.9689406419822477	[2872, 241, 1720, 132, 1108, 1086, 1112]	122844
490	0.9509101437106868	0.9948628343725584	1.9948038318462349	3.6984008756127533	[193, 232, 1192, 836, 1089, 1086, 1112]	123489
491	0.9512105686741655	0.9949127582367706	1.9948038318462349	4.328831048800233	[107, 162, 10, 159, 1023, 1086, 1112]	132484
492	0.9515091550672041	0.9949800497944853	1.9948038318462349	2.740062281339724	[1820, 733, 734, 1203, 174, 1086, 1112]	136013
493	0.9518059141416682	0.995028834538951	1.9948038318462349	3.972575752441621	[19, 1126, 241, 217, 261, 1086, 1112]	131470
494	0.9521008570805627	0.9950643280746996	1.9948038318462349	2.4629843211448703	[241, 19, 734, 1203, 174, 1086, 1112]	114231
495	0.9523939949984539	0.9951296147403781	1.9948038318462349	3.1015860273876683	[241, 1729, 1032, 132, 1108, 1086, 1096]	126244
496	0.9526853389418883	0.9951701843801917	1.9948038318462349	3.947276655828393	[377, 162, 107, 1546, 234, 1086, 1112]	119369
497	0.9529748998898083	0.9952249441944753	1.9948038318462349	2.732522825020183	[1742, 400, 19, 132, 1108, 1086, 1096]	106826
498	0.9532626887539665	0.9952590375303867	1.9948038318462349	3.4495238415161733	[19, 132, 387, 344, 174, 1086, 1112]	99238
499	0.9535487163793364	0.9953217486741646	1.9948038318462349	4.0460576632293455	[223, 222, 23, 5272, 174, 1086, 1112]	100793
