0	0.0061198990216660976	0.0113378684807256	3.3735256287391433	3.3735256287391433	[2654, 232, 320, 836, 1089, 1086, 1112]	163215
1	0.012202344879296834	0.020945858097045078	2.5846064999161147	2.5846064999161147	[1529, 2229, 734, 1203, 174, 1086, 1096]	137123
2	0.01824756678247408	0.03204624519345045	2.5846064999161147	4.028127194721181	[426, 422, 19, 132, 1108, 1086, 1112]	130804
3	0.024255792538040333	0.04145298722266866	2.5846064999161147	3.376741030467856	[77, 19, 132, 1713, 174, 1086, 1112]	134883
4	0.030227248558683195	0.054132180513374095	2.5846064999161147	3.1455033926936977	[10, 232, 320, 836, 1089, 1086, 1112]	135358
5	0.036162159871467314	0.06088556531365941	2.340398178917159	2.340398178917159	[107, 10, 734, 1203, 174, 1086, 1112]	132684
6	0.04206075012631472	0.07001204184122345	2.340398178917159	2.7760423804394057	[811, 734, 19, 132, 1108, 1086, 1112]	142254
7	0.04792324160443229	0.07665204630240352	2.3086134374228453	2.3086134374228453	[158, 10, 734, 1203, 174, 1086, 1112]	124968
8	0.0537498552266884	0.08434340784923888	2.3086134374228453	3.8191106533864376	[1548, 19, 132, 217, 261, 1086, 1112]	125072
9	0.05954081056193805	0.09472500186455357	2.3086134374228453	3.898308793818061	[2627, 438, 10, 158, 1115, 1086, 1112]	131467
10	0.06529632583529699	0.10498889073230233	2.3086134374228453	3.3351497941683217	[1535, 496, 217, 132, 1108, 1086, 1112]	150029
11	0.07101661793636527	0.11513640897796784	2.3086134374228453	2.8649135046369567	[2627, 261, 217, 132, 1108, 1086, 1112]	128810
12	0.0767019024274006	0.12373566642230249	2.3086134374228453	3.6351640636789	[1075, 2688, 734, 1203, 174, 1086, 1112]	153589
13	0.0823523935514413	0.13367063619075714	2.3086134374228453	4.012810277063668	[1792, 232, 10, 158, 1089, 1086, 1096]	136089
14	0.08796830424038005	0.14349296457861704	2.3086134374228453	3.960706826155282	[3157, 1202, 1201, 1203, 174, 1086, 1112]	136444
15	0.09354984612298778	0.1548224227191115	2.3086134374228453	3.6493987099439575	[1726, 132, 241, 1729, 1094, 1086, 1112]	118398
16	0.0990972295328888	0.1608568910521696	2.3086134374228453	2.340398178917159	[107, 10, 734, 1203, 174, 1086, 1112]	125540
17	0.10461066351648673	0.17639657825490718	2.3086134374228453	4.271101352347396	[3160, 21, 1417, 5272, 174, 1086, 1112]	153114
18	0.11009035584084248	0.18573448553092864	2.3086134374228453	3.428889265862453	[107, 811, 3459, 1203, 174, 1086, 1112]	162724
19	0.11553651300150336	0.1965051933942762	2.3086134374228453	3.77454724064593	[2015, 1723, 241, 132, 1108, 1086, 1096]	161094
20	0.12094934023028481	0.20431369491619766	2.3086134374228453	3.726101027452936	[377, 162, 10, 158, 1115, 1086, 1112]	128506
21	0.1263290415030044	0.21204631206958735	2.3086134374228453	3.2381927086432682	[10, 734, 19, 132, 1094, 1086, 1112]	161280
22	0.13167581954716823	0.2209800273522451	2.3086134374228453	2.827335004645362	[1579, 1580, 301, 2729, 438, 774, 794]	158340
23	0.13698987584961053	0.2312845243449403	2.3086134374228453	2.852510554598944	[3284, 811, 3459, 1203, 174, 1086, 1112]	158208
24	0.14227141066408644	0.2400001193070158	2.3086134374228453	3.2027493590021914	[2872, 241, 132, 1713, 174, 1086, 1112]	171854
25	0.1475206230188183	0.2500530277817907	2.3086134374228453	3.027434532504193	[1647, 1697, 241, 132, 1108, 1086, 1112]	160019
26	0.152737710723996	0.2573411421862437	2.3086134374228453	3.2856764027988357	[950, 1987, 19, 132, 1108, 1086, 1112]	144522
27	0.1579228703792308	0.26716467205150507	2.3086134374228453	3.9753600123840362	[107, 10, 415, 255, 174, 1086, 1112]	173139
28	0.1630762973809643	0.2768582610455328	2.3086134374228453	4.170121485361327	[318, 158, 420, 1582, 1087, 1086, 1112]	153327
29	0.1681981859298317	0.28388587755626615	2.3086134374228453	3.883133007760607	[1019, 10, 301, 2627, 261, 1086, 1112]	144557
30	0.17328872903797987	0.2920050852937235	2.3086134374228453	3.6505990403583723	[317, 324, 671, 670, 668, 19, 794]	139829
31	0.1783481185363407	0.3029309327428944	2.3086134374228453	3.2274861155624004	[4015, 241, 1031, 132, 1108, 1086, 1112]	134257
32	0.1833765450818603	0.3121514230505281	2.3086134374228453	3.8690448807259967	[3621, 1720, 241, 1729, 1094, 1086, 1112]	159956
33	0.18837419816468337	0.3227663702256742	2.3086134374228453	3.1546472538339607	[2872, 241, 1587, 132, 1108, 1086, 1112]	122217
34	0.19334126611529434	0.33044475605077994	2.2963978496547215	2.2963978496547215	[846, 10, 734, 1203, 174, 1086, 1112]	149348
35	0.19827793611161382	0.33930130689666915	2.2963978496547215	3.114445558142182	[3158, 3083, 19, 132, 1108, 1086, 1112]	156878
36	0.2031843941860525	0.3480407075990942	2.2963978496547215	3.8821799646717103	[331, 241, 1729, 1822, 1094, 1086, 1112]	164916
37	0.20806082523252156	0.3543765607808329	2.2963978496547215	3.3016640075194656	[107, 10, 734, 19, 334, 1086, 1112]	168268
38	0.2129074130134001	0.35898623607721536	2.2963978496547215	4.031211716523975	[1580, 438, 240, 1203, 174, 1086, 1112]	155470
39	0.21772434016646003	0.3635629988350385	2.2963978496547215	2.340398178917159	[107, 10, 734, 1203, 174, 1086, 1112]	169919
40	0.22251178821174855	0.36974800370544625	2.2963978496547215	3.972575752441621	[19, 1126, 241, 217, 261, 1086, 1112]	146846
41	0.2272699375584284	0.37587290162861975	2.2963978496547215	3.668053645646185	[1549, 162, 10, 158, 1115, 1086, 1112]	175898
42	0.23199896751157656	0.38294917258521133	2.2963978496547215	3.069270376387018	[158, 1557, 734, 1203, 174, 1086, 1096]	150744
43	0.23669905627894106	0.38808912116842487	2.2963978496547215	3.1207086718623307	[732, 19, 734, 1203, 174, 1086, 1112]	150052
44	0.2413703809776564	0.3950268862345425	2.2963978496547215	3.9263917909227652	[1579, 1580, 438, 970, 261, 1086, 1112]	147596
45	0.24601311764091816	0.3993463229961213	2.2963978496547215	2.3086134374228453	[158, 10, 734, 1203, 174, 1086, 1112]	154756
46	0.25062744122461655	0.40363491948808683	2.2963978496547215	3.523898180591541	[241, 1720, 132, 19, 334, 1086, 1112]	155163
47	0.2552135256139294	0.4128380843108015	2.2963978496547215	3.487276315966888	[1743, 1742, 400, 19, 334, 1086, 1112]	168856
48	0.25977154362987487	0.42060477631727233	2.2963978496547215	3.027434532504193	[1647, 1697, 241, 132, 1108, 1086, 1096]	160231
49	0.2643016670358238	0.42717388316174765	2.2963978496547215	3.1207086718623307	[732, 19, 734, 1203, 174, 1086, 1112]	143922
50	0.2688040665439726	0.43274070645463636	2.2963978496547215	3.552416159908395	[734, 10, 158, 1713, 174, 1086, 1096]	143787
51	0.2732789118217763	0.43679087098283553	2.2963978496547215	3.376741030467856	[77, 19, 132, 1713, 174, 1086, 1112]	177921
52	0.27772637149834234	0.4408121178134454	2.2963978496547215	2.5998372923441866	[1794, 1791, 420, 1582, 793, 2372, 794]	144853
53	0.2821466131707848	0.4494415604397811	2.2963978496547215	3.0697056676845635	[1819, 241, 1031, 132, 1108, 1086, 1112]	151568
54	0.28653980341054064	0.4547919825929416	2.2963978496547215	3.6771584126391046	[107, 162, 10, 158, 1115, 1086, 1112]	173267
55	0.2909061077696462	0.46097347938893996	2.2963978496547215	3.4177184342752316	[1917, 10, 734, 19, 334, 1086, 1112]	164063
56	0.29524569078697616	0.46621183235892105	2.2963978496547215	3.2212052831254727	[160, 2229, 734, 1203, 174, 1086, 1112]	171823
57	0.29955871599444395	0.4744493040817772	2.2963978496547215	3.733896049682561	[2072, 241, 1209, 132, 1108, 1086, 1112]	159953
58	0.30384534592316415	0.47820167413652737	2.2963978496547215	4.4122131210941955	[119, 409, 19, 422, 636, 1086, 1112]	156474
59	0.3081057421095773	0.4862541174368896	2.2963978496547215	4.05886500132914	[2309, 420, 2307, 1468, 1089, 1086, 1112]	128602
60	0.31234006510153733	0.49207890068590443	2.2963978496547215	4.193916321961816	[2307, 420, 1879, 836, 1089, 1086, 1112]	136424
61	0.3165484744643614	0.4963098136331272	2.2963978496547215	3.3333010924626487	[1820, 10, 734, 19, 334, 1086, 1112]	158049
62	0.3207311287868432	0.5005054836570078	2.2963978496547215	3.6599774008098205	[2004, 19, 241, 132, 1094, 1086, 1096]	146739
63	0.32488818568722877	0.5040718156592188	2.2963978496547215	3.17425940896415	[1879, 496, 217, 132, 1108, 1086, 1112]	157970
64	0.3290198018191567	0.5096945841891596	2.2963978496547215	3.2576636782570283	[846, 10, 734, 19, 334, 1086, 1112]	167599
65	0.333126132877561	0.5161801055623187	2.2963978496547215	3.542228626723241	[1742, 400, 19, 132, 1094, 1086, 1112]	167952
66	0.33720733360453825	0.5236464619579619	2.2963978496547215	3.0635001754261895	[1819, 1513, 1031, 132, 1108, 1086, 1112]	151089
67	0.34126355779517925	0.5309975968042897	2.2963978496547215	3.0635001754261895	[1819, 1513, 1031, 132, 1108, 1086, 1112]	165670
68	0.3452949583033643	0.5382352882116309	2.2963978496547215	2.456452605672925	[1917, 10, 734, 1203, 174, 1086, 1112]	155751
69	0.3493016870475234	0.5434707157829276	2.2963978496547215	2.936799553153932	[734, 811, 3459, 1203, 174, 1086, 1112]	176083
70	0.35328389501636104	0.5495094629286561	2.2963978496547215	3.3375447757620744	[781, 784, 19, 132, 1108, 1086, 1096]	151943
71	0.35724173227454614	0.552725912291931	2.2963978496547215	4.1054878773271435	[811, 734, 19, 132, 261, 1086, 1112]	161187
72	0.3611753479683669	0.5564516439679665	2.2963978496547215	3.5108023608171486	[1726, 132, 241, 19, 334, 1086, 1112]	160174
73	0.3650848903313515	0.5596185269764656	2.2963978496547215	3.072870092297131	[669, 811, 734, 1203, 174, 1086, 1112]	151276
74	0.36897050668985365	0.5646115141989547	2.2963978496547215	2.836907934762174	[2297, 400, 19, 132, 1108, 1086, 1112]	158555
75	0.37283234346860483	0.570370621153995	2.2963978496547215	3.944268914638233	[1468, 2307, 420, 158, 1115, 1086, 1112]	152474
76	0.37667054619623197	0.5752417025468068	2.2963978496547215	3.7364097355819466	[2004, 19, 132, 387, 344, 1086, 1112]	181977
77	0.3804852595107413	0.580057556259428	2.2963978496547215	3.726101027452936	[377, 162, 10, 158, 1115, 1086, 1112]	133429
78	0.38427662716496924	0.5830558958351326	2.2963978496547215	3.532853129633992	[320, 232, 10, 158, 1115, 1086, 1112]	159806
79	0.38804479203199926	0.5860328276194954	2.2963978496547215	3.428889265862453	[813, 651, 734, 1203, 174, 1086, 1112]	160961
80	0.39178989611054615	0.5894811172686458	2.2963978496547215	4.117498942274737	[432, 422, 19, 132, 3279, 1086, 1112]	144445
81	0.3955120805303066	0.5934706107840136	2.2963978496547215	3.1455033926936977	[10, 232, 320, 836, 1089, 1086, 1112]	165202
82	0.39921148555727815	0.5980797875324941	2.2963978496547215	3.3983687794952298	[3075, 334, 19, 132, 1108, 1086, 1112]	137355
83	0.40288825059904443	0.6009494505000732	2.2963978496547215	3.7955371329617167	[160, 87, 1265, 255, 174, 1086, 1112]	176799
84	0.4065425142100286	0.6042734867308097	2.2963978496547215	3.2576636782570283	[846, 10, 734, 19, 334, 1086, 1112]	190575
85	0.41017441409671507	0.6081192254409088	2.2963978496547215	3.725277080728378	[10, 734, 19, 387, 344, 1086, 1112]	152006
86	0.4137840871228382	0.6133028335699973	2.2963978496547215	3.470647552528451	[2533, 10, 734, 1203, 174, 1086, 1112]	178115
87	0.4173716693145403	0.6165239678176442	2.2963978496547215	3.2027493590021914	[2872, 241, 132, 1713, 174, 1086, 1112]	157245
88	0.4209372958654972	0.6192619415108602	2.2963978496547215	3.6679709801562304	[1580, 438, 1779, 132, 1108, 1086, 1112]	140020
89	0.4244811011420133	0.6229620198246517	2.2963978496547215	3.1148748190664355	[669, 811, 3459, 1203, 174, 1086, 1112]	165074
90	0.42800321868808466	0.627949294694696	2.2963978496547215	3.272226006020019	[1456, 2004, 19, 132, 1108, 1086, 1112]	145144
91	0.43150378123043165	0.6306056929000055	2.2963978496547215	3.677007465034425	[394, 193, 1265, 255, 174, 1086, 1112]	148869
92	0.4349829206835004	0.6347938369714339	2.2963978496547215	3.700535591088215	[1178, 2279, 1876, 1713, 174, 1086, 1112]	176692
93	0.4384407681544341	0.6396246063236637	2.2963978496547215	3.072870092297131	[669, 811, 734, 1203, 174, 1086, 1112]	166106
94	0.44187745394801337	0.6421976441793881	2.2963978496547215	3.6535262502099135	[241, 1720, 132, 217, 261, 1086, 1112]	166636
95	0.4452931075715667	0.645674829367149	2.2963978496547215	3.523328039732048	[1468, 2688, 734, 1203, 174, 1086, 1096]	152694
96	0.44868785773985087	0.6486263093391011	2.2963978496547215	2.456452605672925	[1917, 10, 734, 1203, 174, 1086, 1112]	165379
97	0.4520618323799014	0.6511350760957686	2.2963978496547215	3.9835461805550416	[677, 132, 19, 1987, 334, 1086, 1112]	151874
98	0.45541515863585313	0.6545254057741381	2.2963978496547215	3.3945507805501087	[1579, 1580, 301, 2627, 261, 1086, 1112]	153344
99	0.45874796287373176	0.6578827876422223	2.2963978496547215	2.5846064999161147	[1529, 2229, 734, 1203, 174, 1086, 1112]	166967
100	0.46206037068621564	0.6612075418925408	2.2963978496547215	2.9121266964169745	[119, 409, 19, 132, 1108, 1086, 1112]	162792
101	0.4653525068973685	0.6650487262248249	2.2963978496547215	3.0243219050251575	[1259, 734, 19, 132, 1108, 1086, 1096]	134586
102	0.46862449556734354	0.6683038406444087	2.2963978496547215	3.5857481821424635	[811, 734, 19, 132, 1094, 1086, 1112]	133379
103	0.4718764599970583	0.6726913559798002	2.2963978496547215	3.2381927086432682	[10, 734, 19, 132, 1094, 1086, 1112]	135090
104	0.4751085227328411	0.6758721980013764	2.2963978496547215	2.796959156295561	[1549, 107, 734, 1203, 174, 1086, 1112]	176556
105	0.4783208055710493	0.6781864323227803	2.2963978496547215	3.069270376387018	[158, 1557, 734, 1203, 174, 1086, 1112]	167028
106	0.4815134295626585	0.6813138722418981	2.2963978496547215	3.5880194384738697	[1549, 232, 320, 836, 1089, 1086, 1112]	166644
107	0.484686515017825	0.6849270936450511	2.2963978496547215	3.387957672867911	[4015, 241, 217, 132, 1108, 1086, 1112]	156826
108	0.48784018151041875	0.6884993488191435	2.2963978496547215	3.6493987099439575	[1715, 132, 241, 1729, 1094, 1086, 1112]	168965
109	0.4909745478825298	0.6920311022338925	2.2963978496547215	3.4542457649008567	[421, 261, 217, 132, 1108, 1086, 1112]	159967
110	0.4940897322489467	0.6955228130929186	2.2963978496547215	3.9887839892299564	[2627, 438, 1712, 132, 1108, 1086, 1112]	149727
111	0.49718585200160725	0.6984817750648047	2.2963978496547215	3.7605808323473218	[107, 10, 301, 2627, 261, 1086, 1112]	155439
112	0.5002630238140224	0.7014119813323965	2.2963978496547215	3.8291050602494847	[382, 409, 19, 132, 1094, 1086, 1112]	163205
113	0.5033213636456735	0.7038991784891446	2.2963978496547215	3.507995949824223	[5415, 1587, 241, 132, 1108, 1086, 1112]	155739
114	0.5063609867463807	0.7072563306604694	2.2963978496547215	2.9689406419822477	[2872, 241, 1720, 132, 1108, 1086, 1112]	182295
115	0.5093820076606477	0.7093464859719911	2.2963978496547215	2.459046640849971	[157, 10, 734, 1203, 174, 1086, 1112]	162236
116	0.5123845402319771	0.7131911091734198	2.2963978496547215	3.2681320931479263	[846, 734, 19, 132, 1108, 1086, 1112]	157566
117	0.5153686976071608	0.7152388908655236	2.2963978496547215	3.7579324038279482	[10, 734, 19, 132, 261, 1086, 1112]	157097
118	0.5183345922405433	0.7180062485830598	2.2963978496547215	2.852510554598944	[3284, 811, 3459, 1203, 174, 1086, 1112]	150862
119	0.5212823358982609	0.7223580040061608	2.2963978496547215	3.0635001754261895	[1819, 1513, 1031, 132, 1108, 1086, 1112]	162511
120	0.5242120396624514	0.7250561769507073	2.2963978496547215	3.1455033926936977	[10, 232, 320, 836, 1089, 1086, 1112]	152513
121	0.5271238139354417	0.7277281285838394	2.2963978496547215	3.6771584126391046	[107, 162, 10, 158, 1115, 1086, 1112]	171898
122	0.5300177684439074	0.7296721176699308	2.2963978496547215	3.38099684896389	[77, 786, 19, 132, 1108, 1086, 1112]	138224
123	0.5328940122430079	0.7338438442490985	2.2963978496547215	3.401119057639079	[1819, 241, 1587, 132, 1108, 1086, 1112]	122256
124	0.5357526537204963	0.7360608884452743	2.2963978496547215	3.8980669731042727	[2004, 19, 241, 217, 261, 1086, 1112]	144888
125	0.5385938006008033	0.7379453826076213	2.2963978496547215	2.4994667204511964	[2238, 1549, 162, 107, 734, 19, 794]	167105
126	0.5414175599490971	0.740916523394383	2.2963978496547215	3.3147954491973186	[1799, 232, 320, 836, 1089, 1086, 1096]	161082
127	0.5442240381753178	0.7434343414371976	2.2963978496547215	3.617730452445091	[3621, 1720, 241, 132, 1094, 1086, 1112]	161238
128	0.5470133410381877	0.7463432491306533	2.2963978496547215	3.17425940896415	[1879, 496, 217, 132, 1108, 1086, 1112]	118690
129	0.5497855736491959	0.7488083293140289	2.2963978496547215	3.5273345462064576	[1792, 232, 734, 1203, 174, 1086, 1112]	171813
130	0.5525408404765602	0.7516563074397202	2.2963978496547215	3.660212642330709	[10, 158, 420, 1822, 1094, 1086, 1112]	158799
131	0.5552792453491631	0.7537249762657117	2.2963978496547215	3.1207086718623307	[2006, 19, 734, 1203, 174, 1086, 1112]	155600
132	0.5580008914604654	0.7565172100948986	2.2963978496547215	3.215412445787365	[1819, 241, 1720, 132, 1108, 1086, 1112]	181375
133	0.5607058813723937	0.7585453882698682	2.2963978496547215	4.345712359464769	[2149, 420, 1546, 234, 174, 1086, 1112]	155932
134	0.5633943170192066	0.7617392323403727	2.2963978496547215	3.9773727067948164	[545, 2040, 438, 2627, 261, 1086, 1112]	166959
135	0.5660662997113346	0.7648908297961878	2.2963978496547215	3.9498584133613486	[1647, 1697, 241, 19, 334, 1086, 1112]	172972
136	0.5687219301391991	0.7671756613822307	2.2963978496547215	4.205444487964996	[10, 734, 2229, 494, 636, 1086, 1112]	171455
137	0.5713613083770063	0.7698153931125908	2.2963978496547215	3.6493987099439575	[1726, 132, 241, 1729, 1094, 1086, 1112]	164578
138	0.573984533886518	0.7728601630449641	2.225223194377347	2.225223194377347	[1820, 10, 734, 19, 132, 393, 794]	162516
139	0.5765917055208005	0.7747522066680796	2.225223194377347	2.6103471929178546	[2004, 19, 734, 1203, 174, 1086, 1112]	168653
140	0.5791829215279491	0.7763604493764649	2.225223194377347	4.3969611731773	[119, 409, 19, 132, 3279, 1086, 1112]	152466
141	0.5817582795547906	0.7799102835133465	2.225223194377347	3.1064053138236165	[2196, 2197, 241, 132, 1108, 1086, 1112]	135116
142	0.5843178766505632	0.7817436006019483	2.225223194377347	3.4617067333156504	[1791, 420, 158, 1713, 174, 1086, 1112]	150318
143	0.5868618092705735	0.7842181629534001	2.225223194377347	3.1207086718623307	[455, 19, 734, 1203, 174, 1086, 1112]	157316
144	0.5893901732798315	0.7863151681725118	2.225223194377347	3.569571468447738	[193, 1265, 734, 1203, 174, 1086, 1112]	163376
145	0.5919030639566627	0.7891416871120289	2.225223194377347	4.229610796550843	[241, 1126, 19, 387, 344, 1086, 1112]	153003
146	0.5944005759962993	0.7919308182348856	2.225223194377347	3.5483401810370205	[10, 232, 1192, 836, 1089, 1086, 1112]	138987
147	0.5968828035144478	0.79395287053581	2.225223194377347	3.959832168086506	[1549, 162, 320, 836, 1089, 1086, 1112]	126722
148	0.5993498400508366	0.796289005790506	2.225223194377347	2.424582476907486	[1873, 10, 734, 1203, 174, 1086, 1112]	150862
149	0.6018017785727398	0.7977434782903655	2.225223194377347	2.936799553153932	[734, 811, 3459, 1203, 174, 1086, 1112]	160821
150	0.6042387114784816	0.7994282473175178	2.225223194377347	3.470647552528451	[2533, 10, 734, 1203, 174, 1086, 1096]	152732
151	0.6066607306009177	0.8010989824502333	2.225223194377347	3.980030055400843	[988, 420, 158, 1546, 234, 1086, 1112]	177405
152	0.6090679272108961	0.8027558005889235	2.225223194377347	4.33503167918693	[2654, 232, 10, 494, 636, 1086, 1112]	119744
153	0.611460392020696	0.8049921293804323	2.225223194377347	3.215412445787365	[1819, 241, 1720, 132, 1108, 1086, 1112]	173578
154	0.6138382151874471	0.8066165181402787	2.225223194377347	3.7364097355819466	[2004, 19, 132, 387, 344, 1086, 1112]	120108
155	0.6162014863165263	0.808495852269139	2.225223194377347	3.769588417848551	[377, 162, 420, 158, 1115, 1086, 1112]	176652
156	0.6185502944649346	0.8106671011096249	2.225223194377347	3.58149179012917	[1792, 232, 10, 158, 1115, 1086, 1112]	174204
157	0.6208847281446535	0.8135889051048467	2.225223194377347	2.909926778252536	[241, 1720, 132, 1032, 1707, 1708, 794]	172888
158	0.6232048753259798	0.815702409582116	2.225223194377347	2.7206108825640802	[2872, 241, 19, 132, 1108, 1086, 1112]	157713
159	0.6255108234408409	0.8172375831799327	2.225223194377347	3.1207086718623307	[2005, 19, 734, 1203, 174, 1086, 1112]	143124
160	0.6278026593860897	0.8185424853051428	2.225223194377347	3.392899669995164	[19, 132, 241, 217, 261, 1086, 1096]	151182
161	0.6300804695267795	0.8205998267415925	2.225223194377347	3.039329065593953	[2094, 10, 734, 1203, 174, 1086, 1112]	156725
162	0.6323443396994177	0.8223432686585839	2.225223194377347	3.6351640636789	[1820, 1557, 734, 1203, 174, 1086, 1112]	152936
163	0.6345943552152014	0.8250848848829884	2.225223194377347	3.978113906053621	[988, 420, 545, 132, 1108, 1086, 1112]	164134
164	0.6368306008632311	0.8263337581985142	2.225223194377347	3.712383226291247	[157, 651, 19, 132, 1108, 1086, 1112]	178399
165	0.6390531609137072	0.8277803741235578	2.225223194377347	3.1207086718623307	[5414, 19, 734, 1203, 174, 1086, 1112]	166388
166	0.641262119121105	0.8290100019634562	2.225223194377347	2.511023695947922	[161, 10, 734, 1203, 174, 1086, 1112]	178905
167	0.6434575587273302	0.8304343251457681	2.225223194377347	4.559410234733326	[1849, 420, 2149, 844, 487, 1086, 1112]	153830
168	0.6456395624648572	0.8326772573528346	2.225223194377347	3.3037506737243847	[241, 1031, 132, 1713, 174, 1086, 1112]	164989
169	0.6478082125598458	0.8345743406028024	2.225223194377347	3.6652733987233415	[988, 420, 158, 1713, 174, 1086, 1112]	175542
170	0.6499635907352397	0.8364499149723852	2.225223194377347	2.3720352638603415	[1820, 10, 734, 1203, 174, 1086, 1112]	144506
171	0.6521057782138465	0.8390459480680617	2.225223194377347	3.6909182876515674	[2033, 2034, 1032, 132, 1108, 1086, 1096]	168267
172	0.6542348557213988	0.8408708239403058	2.225223194377347	3.7601638910004205	[1820, 10, 438, 2627, 261, 1086, 1112]	151074
173	0.6563509034895958	0.8433265211017209	2.225223194377347	3.8982589836260795	[837, 162, 2636, 836, 1089, 1086, 1112]	155471
174	0.6584540012591262	0.8444451512836566	2.225223194377347	2.6385976592037066	[77, 19, 734, 1203, 174, 1086, 1112]	150083
175	0.6605442282826743	0.8462088116999416	2.225223194377347	3.2856764027988357	[950, 1987, 19, 132, 1108, 1086, 1112]	163808
176	0.6626216633279062	0.8482430866774556	2.225223194377347	3.648671339286838	[4647, 3621, 1720, 132, 1108, 1086, 1112]	173171
177	0.6646863846804371	0.8499636866017475	2.225223194377347	2.3720352638603415	[1820, 10, 734, 1203, 174, 1086, 1112]	175050
178	0.6667384701467826	0.8516647785903898	2.225223194377347	2.8502715991067618	[2004, 19, 241, 132, 1108, 1086, 1112]	119901
179	0.6687779970572902	0.8529003905971337	2.225223194377347	3.6380241084139104	[1726, 132, 19, 1987, 334, 1086, 1112]	165440
180	0.6708050422690536	0.8545681866221095	2.225223194377347	3.1207086718623307	[2006, 19, 734, 1203, 174, 1086, 1112]	120009
181	0.6728196821688086	0.8562170733951016	2.225223194377347	3.125527937822353	[669, 673, 670, 132, 1108, 1086, 1112]	122291
182	0.6748219926758121	0.8576143807479188	2.225223194377347	4.126535578049632	[157, 10, 158, 1546, 234, 1086, 1112]	167804
183	0.6768120492447027	0.8592287301725456	2.225223194377347	4.209384116212548	[432, 422, 19, 1987, 1114, 1086, 1112]	165817
184	0.6787899268683444	0.8605967697238328	2.225223194377347	3.668053645646185	[1549, 162, 10, 158, 1115, 1086, 1112]	141585
185	0.6807557000806521	0.8621773052144923	2.225223194377347	3.830284031234858	[2486, 257, 320, 836, 1089, 1086, 1096]	155411
186	0.682709442959401	0.863161343018637	2.225223194377347	3.660212642330709	[10, 158, 420, 1822, 1094, 1086, 1112]	166325
187	0.6846512291290177	0.8641383549087878	2.225223194377347	3.4495238415161733	[19, 132, 387, 344, 174, 1086, 1112]	155723
188	0.6865811317633546	0.8652700637392019	2.225223194377347	3.0028215265436957	[1468, 2307, 420, 1582, 793, 4290, 794]	163589
189	0.6884992235884477	0.8667976140369433	2.225223194377347	3.792217917290504	[1820, 10, 301, 2627, 261, 1086, 1096]	144033
190	0.6904055768852569	0.8688532064129164	2.225223194377347	2.8649135046369567	[2627, 261, 217, 132, 1108, 1086, 1112]	164989
191	0.6923002634923902	0.8703401315102757	2.225223194377347	2.8080246507420323	[3621, 1720, 241, 132, 1108, 1086, 1112]	174197
192	0.69418335480881	0.8714201803939885	2.225223194377347	3.7247675443825	[1820, 10, 158, 1713, 174, 1086, 1112]	140091
193	0.6960549217965248	0.8724912326189448	2.225223194377347	3.831483791594195	[1579, 1580, 438, 3366, 150, 1086, 1112]	165571
194	0.6979150349832625	0.8739369102536506	2.225223194377347	3.6652733987233415	[988, 420, 158, 1713, 174, 1086, 1112]	138337
195	0.6997637644651284	0.8753661969854687	2.225223194377347	3.0243219050251575	[1259, 734, 19, 132, 1108, 1086, 1112]	150056
196	0.701601179909247	0.8773445113190326	2.225223194377347	4.084647814305536	[2050, 1849, 420, 1822, 1094, 1086, 1112]	161685
197	0.7034273505563867	0.8785364985754074	2.225223194377347	3.1930874480904543	[19, 241, 132, 1713, 174, 1086, 1112]	159886
198	0.7052423452235697	0.880410935325787	2.225223194377347	3.8109618940494627	[193, 232, 1879, 836, 1089, 1086, 1112]	176426
199	0.7070462323066644	0.8817668204127962	2.225223194377347	2.424582476907486	[1873, 10, 734, 1203, 174, 1086, 1112]	143385
200	0.7088390797829642	0.8826109913862278	2.225223194377347	3.889229274021643	[1549, 162, 107, 1546, 234, 1086, 1112]	138900
201	0.7106209552137479	0.8835888256937143	2.225223194377347	3.3046552615698683	[734, 19, 132, 217, 261, 1086, 1112]	149795
202	0.712391925746826	0.885385294433009	2.225223194377347	3.2751450750610287	[2872, 241, 1126, 132, 1108, 1086, 1112]	134698
203	0.7141520581190712	0.8864991399681594	2.225223194377347	4.35982977291251	[377, 162, 10, 161, 1023, 1086, 1112]	172813
204	0.7159014186589336	0.8883007409210458	2.225223194377347	4.10483245024626	[3266, 1963, 387, 132, 1108, 1086, 1112]	160621
205	0.7176400732889395	0.8896033561872727	2.225223194377347	3.1064053138236165	[2607, 1587, 241, 132, 1108, 1086, 1112]	121566
206	0.7193680875281763	0.8903915752184816	2.225223194377347	2.340398178917159	[107, 10, 734, 1203, 174, 1086, 1112]	176288
207	0.7210855264947609	0.8913045983320302	2.225223194377347	3.6380241084139104	[1715, 132, 19, 1987, 334, 1086, 1112]	114362
208	0.722792454908294	0.8923609190479482	2.225223194377347	4.264394043829929	[420, 158, 10, 161, 1023, 1086, 1112]	125184
209	0.7244889370922993	0.893129449405195	2.225223194377347	4.279256942564595	[107, 10, 438, 3366, 150, 1086, 1112]	137477
210	0.7261750369766463	0.894168035902715	2.225223194377347	3.6859385065488217	[87, 1265, 415, 255, 174, 1086, 1112]	174261
211	0.7278508180999608	0.895801245225204	2.225223194377347	3.64446702722874	[1667, 4118, 23, 5272, 174, 1086, 1112]	179742
212	0.729516343612018	0.897179535632278	2.225223194377347	3.1816828750514636	[331, 241, 217, 132, 1108, 1086, 1112]	159598
213	0.7311716762761236	0.8981787626912452	2.225223194377347	3.532853129633992	[320, 232, 10, 158, 1115, 1086, 1112]	170581
214	0.7328168784714775	0.8990269196034381	2.225223194377347	3.1207086718623307	[813, 19, 734, 1203, 174, 1086, 1112]	146372
215	0.7344520121955256	0.9000081934654065	2.225223194377347	4.358677541551986	[734, 651, 159, 1713, 174, 1086, 1112]	155944
216	0.7360771390662955	0.9009799311382403	2.225223194377347	2.7760423804394057	[811, 734, 19, 132, 1108, 1086, 1112]	147081
217	0.737692320324719	0.9016869227645514	2.225223194377347	2.8299610429493214	[1820, 10, 734, 19, 422, 4776, 794]	166427
218	0.7392976168369392	0.90238886655394	2.225223194377347	2.340398178917159	[107, 10, 734, 1203, 174, 1086, 1112]	181807
219	0.7408930890966048	0.9038952112058853	2.225223194377347	2.8232338638794454	[2872, 241, 1031, 132, 1108, 1086, 1112]	141673
220	0.7424787972271494	0.904984834661601	2.225223194377347	4.16817011547924	[1791, 420, 1582, 836, 1089, 1086, 1112]	158219
221	0.7440548009840573	0.9059082084744134	2.225223194377347	3.7115410360418	[1549, 162, 420, 158, 1115, 1086, 1096]	153181
222	0.7456211597571152	0.906580012781135	2.225223194377347	3.767674893925844	[734, 19, 387, 344, 174, 1086, 1096]	171028
223	0.7471779325726502	0.9072470204842507	2.225223194377347	3.2381927086432682	[10, 734, 19, 132, 1094, 1086, 1096]	179983
224	0.7487251780957545	0.9081484099839178	2.225223194377347	3.943410222184272	[119, 400, 654, 132, 1108, 1086, 1112]	176195
225	0.7502629546324955	0.9090410396245017	2.225223194377347	2.511023695947922	[161, 10, 734, 1203, 174, 1086, 1112]	154255
226	0.7517913201321139	0.9097987152627816	2.225223194377347	2.7828796344723683	[241, 217, 493, 654, 400, 19, 794]	144049
227	0.7533103321892064	0.9104427418093672	2.225223194377347	3.5857481821424635	[811, 734, 19, 132, 1094, 1086, 1112]	133228
228	0.7548200480458969	0.9114581302242271	2.225223194377347	3.8690448807259967	[3621, 1720, 241, 1729, 1094, 1086, 1112]	150885
229	0.7563205245939929	0.9124620062987823	2.225223194377347	2.8649135046369567	[2627, 261, 217, 132, 1108, 1086, 1112]	144394
230	0.7578118183771302	0.9131911857548524	2.225223194377347	3.733896049682561	[2072, 241, 1209, 132, 1108, 1086, 1096]	159615
231	0.7592939855929031	0.9139142912462739	2.225223194377347	3.5525593625647307	[2004, 19, 132, 217, 261, 1086, 1112]	181345
232	0.7607670820949822	0.9147508870553479	2.225223194377347	3.685194507708781	[3621, 1720, 132, 217, 261, 1086, 1112]	135802
233	0.7622311633952195	0.9155793526816323	2.225223194377347	3.507819472107111	[241, 1031, 132, 217, 261, 1086, 1112]	172549
234	0.7636862846657397	0.9165365028779856	2.225223194377347	3.4811257093260544	[3621, 1720, 132, 1713, 174, 1086, 1112]	125285
235	0.7651325007410201	0.9174828010312964	2.225223194377347	2.7760423804394057	[811, 734, 19, 132, 1108, 1086, 1112]	123986
236	0.7665698661199564	0.9182847174449864	2.225223194377347	3.660212642330709	[10, 158, 420, 1822, 1094, 1086, 1112]	143962
237	0.7679984349679162	0.9192111945714605	2.225223194377347	4.017879549893256	[377, 162, 320, 836, 1089, 1086, 1112]	141403
238	0.7694182611187811	0.9199963141577436	2.225223194377347	4.194749198848248	[811, 734, 10, 232, 1023, 1086, 1112]	162498
239	0.7708293980769743	0.9206627338648845	2.225223194377347	3.907797470707865	[1579, 1580, 438, 8, 174, 1086, 1112]	167872
240	0.7722318990194776	0.9214337471412218	2.225223194377347	4.264394043829929	[420, 158, 10, 161, 1023, 1086, 1112]	169025
241	0.7736258167978352	0.921994700930896	2.225223194377347	2.936799553153932	[734, 811, 3459, 1203, 174, 1086, 1112]	160553
242	0.7750112039401446	0.9228791147525413	2.225223194377347	3.7689273481095933	[1580, 438, 217, 132, 1108, 1086, 1112]	160446
243	0.7763881126530371	0.923753501206594	2.225223194377347	3.7593103781051287	[1819, 1513, 2680, 132, 1108, 1086, 1112]	159116
244	0.7777565948236447	0.9244944778712529	2.225223194377347	2.4629843211448703	[241, 19, 734, 1203, 174, 1086, 1112]	159332
245	0.7791167020215551	0.9254932281639613	2.225223194377347	3.2955640872694314	[193, 232, 320, 836, 1089, 1086, 1096]	151644
246	0.7804684855007559	0.9263379761439616	2.225223194377347	3.830917119449011	[331, 241, 1031, 132, 1094, 1086, 1112]	174076
247	0.7818119962015646	0.9270538364341079	2.225223194377347	2.9740435102732192	[19, 241, 217, 132, 1108, 1086, 1112]	177253
248	0.78314728475255	0.9278808904427914	2.225223194377347	4.418841948297656	[1265, 87, 1075, 1078, 334, 1086, 1112]	170321
249	0.7844744014724385	0.9288348469184159	2.225223194377347	3.534097824321477	[320, 232, 1192, 836, 1089, 1086, 1096]	161546
250	0.7857933963720113	0.9296417080644656	2.225223194377347	4.113857362300359	[10, 232, 193, 1872, 1115, 1086, 1096]	140464
251	0.7871043191559887	0.9307274841745818	2.225223194377347	3.307594970447864	[2872, 241, 1729, 132, 1108, 1086, 1112]	154192
252	0.7884072192249029	0.9314006864663741	2.225223194377347	3.5105097539564767	[87, 1265, 734, 1203, 174, 1086, 1112]	170880
253	0.78970214567696	0.931972109319632	2.225223194377347	3.831483791594195	[1579, 1580, 438, 3366, 150, 1086, 1112]	176775
254	0.79098914730989	0.9326332161289651	2.225223194377347	3.58389371282117	[19, 734, 10, 158, 1115, 1086, 1112]	150608
255	0.7922682726227859	0.9332878981879644	2.225223194377347	4.119390706102868	[1794, 1791, 420, 1546, 234, 1086, 1112]	144368
256	0.7935395698179306	0.9340442712243822	2.225223194377347	3.6491301301768795	[846, 10, 158, 1713, 174, 1086, 1112]	130768
257	0.7948030868026147	0.934685240405875	2.225223194377347	4.357428553227731	[1265, 159, 10, 158, 1115, 1086, 1112]	148225
258	0.7960588711909402	0.9354257705600034	2.225223194377347	4.1141993026454085	[2627, 438, 496, 217, 261, 1086, 1112]	147327
259	0.7973069703056163	0.9360533140919761	2.225223194377347	3.668053645646185	[1549, 162, 10, 158, 1115, 1086, 1112]	181661
260	0.7985474311797415	0.9367783332065795	2.225223194377347	3.9656155342878936	[1851, 159, 10, 158, 1115, 1086, 1112]	165248
261	0.7997803005585766	0.9374951321498156	2.225223194377347	2.9689406419822477	[2872, 241, 1720, 132, 1108, 1086, 1112]	125810
262	0.8010056249013066	0.9384597134438	2.225223194377347	4.442550330369529	[1820, 841, 1268, 1010, 1105, 1086, 1112]	178806
263	0.8022234503827901	0.9388991038398697	2.225223194377347	4.348844755434165	[382, 409, 19, 132, 261, 1086, 1096]	115747
264	0.803433822895301	0.9395918577645878	2.225223194377347	3.6198665328164	[734, 10, 301, 2627, 261, 1086, 1112]	143110
265	0.8046367880502566	0.9401789145404421	2.225223194377347	3.712383226291247	[420, 3, 19, 132, 1108, 1086, 1112]	133597
266	0.8058323911799374	0.9406772159603467	2.225223194377347	3.332305413681955	[1819, 241, 1209, 132, 1108, 1086, 1112]	165982
267	0.8070206773391946	0.9413498098836989	2.225223194377347	2.8649135046369567	[2627, 261, 217, 132, 1108, 1086, 1112]	179464
268	0.8082016913071481	0.9422807652823703	2.225223194377347	3.267729638277478	[1515, 1031, 241, 132, 1108, 1086, 1112]	164037
269	0.8093754775888748	0.9427615585744789	2.225223194377347	3.1207086718623307	[3167, 19, 734, 1203, 174, 1086, 1112]	158529
270	0.8105420804170842	0.9432383469245457	2.225223194377347	3.4177184342752316	[1917, 10, 734, 19, 334, 1086, 1112]	172600
271	0.8117015437537866	0.9439891624414167	2.225223194377347	3.610381129071108	[107, 162, 1192, 836, 1089, 1086, 1096]	169073
272	0.8128539112919491	0.9446242059511513	2.225223194377347	3.125527937822353	[669, 673, 670, 132, 1108, 1086, 1112]	165521
273	0.8139992264571421	0.9450195825969453	2.225223194377347	3.8919967059155205	[1849, 420, 158, 1546, 234, 1086, 1112]	169767
274	0.8151375324091761	0.945868045828474	2.225223194377347	3.813670205815389	[377, 162, 2636, 836, 1089, 1086, 1112]	140228
275	0.816268872043728	0.9461993279218491	2.225223194377347	2.7697258797342803	[1549, 107, 420, 1582, 793, 2372, 794]	173666
276	0.8173932879939572	0.9467221721597321	2.225223194377347	2.740062281339724	[1820, 733, 734, 1203, 174, 1086, 1112]	169508
277	0.8185108226321126	0.9473262291647238	2.225223194377347	3.2027493590021914	[2872, 241, 132, 1713, 174, 1086, 1096]	148621
278	0.8196215180711294	0.9477023136830931	2.225223194377347	2.44178341509091	[2238, 1549, 232, 10, 734, 19, 794]	167966
279	0.8207254161662154	0.9482105516453565	2.225223194377347	3.6967420645629243	[158, 10, 438, 2627, 261, 1086, 1112]	148104
280	0.8218225585164294	0.9486419506320674	2.225223194377347	3.5273345462064576	[1792, 232, 734, 1203, 174, 1086, 1112]	153757
281	0.8229129864662477	0.9490697561245116	2.225223194377347	3.6652733987233415	[988, 420, 158, 1713, 174, 1086, 1112]	153305
282	0.8239967411071227	0.9495647050445845	2.225223194377347	3.123661932901401	[119, 123, 19, 132, 1108, 1086, 1112]	160632
283	0.8250738632790312	0.9502318385757407	2.225223194377347	3.38099684896389	[1392, 3083, 19, 132, 1108, 1086, 1112]	179224
284	0.8261443935720137	0.9507961034444965	2.225223194377347	3.7165805030848844	[846, 10, 301, 2627, 261, 1086, 1112]	138693
285	0.8272083723277035	0.9514469486370296	2.225223194377347	3.799585859424228	[841, 840, 843, 3094, 174, 1086, 1112]	144947
286	0.8282658396408473	0.9520891847661694	2.225223194377347	3.6418698094676936	[2051, 1849, 420, 158, 1115, 1086, 1112]	150434
287	0.8293168353608159	0.9525547903563913	2.225223194377347	4.225176226829231	[1579, 4018, 241, 19, 334, 1086, 1112]	167812
288	0.8303613990931061	0.953092717903371	2.225223194377347	4.1824711117277795	[160, 2229, 734, 19, 334, 1086, 1112]	164196
289	0.8313995702008331	0.9534834491161709	2.225223194377347	2.81050582782964	[3284, 811, 734, 1203, 174, 1086, 1112]	165006
290	0.8324313878062135	0.9539355050042547	2.225223194377347	2.459046640849971	[157, 10, 734, 1203, 174, 1086, 1112]	115956
291	0.8334568907920402	0.9544577781901475	2.225223194377347	3.7601638910004205	[1820, 10, 438, 2627, 261, 1086, 1112]	152163
292	0.8344761178031472	0.9548371386383763	2.225223194377347	3.6652733987233415	[1582, 420, 158, 1713, 174, 1086, 1096]	118661
293	0.8354891072478661	0.9555340963754383	2.225223194377347	4.203160057266862	[813, 3284, 734, 19, 334, 1086, 1096]	143786
294	0.8364958972994733	0.9559662237187285	2.225223194377347	3.190121354476479	[160, 107, 734, 1203, 174, 1086, 1112]	145341
295	0.8374965258976286	0.956333019023029	2.225223194377347	3.4177184342752316	[1917, 10, 734, 19, 334, 1086, 1096]	171687
296	0.838491030749805	0.956696758972858	2.225223194377347	3.9893376345012115	[2153, 158, 420, 1822, 1094, 1086, 1112]	135941
297	0.8394794493327097	0.9570574690188983	2.225223194377347	3.6466137364652322	[2297, 400, 19, 132, 1094, 1086, 1096]	150593
298	0.8404618188936956	0.9574747919633211	2.225223194377347	2.8785220653926133	[77, 19, 241, 132, 1108, 1086, 1112]	159306
299	0.8414381764521666	0.9578880592911799	2.225223194377347	3.4061245259816175	[19, 132, 241, 1729, 1094, 1086, 1112]	157565
300	0.8424085588009705	0.9585379349194025	2.225223194377347	3.755622824008638	[1549, 162, 2636, 836, 1089, 1086, 1112]	162035
301	0.8433730025077875	0.9590080263602256	2.225223194377347	3.2045923090637043	[2047, 232, 320, 836, 1089, 1086, 1112]	177616
302	0.8443315439165066	0.9595502482337676	2.225223194377347	4.391536391930325	[1580, 438, 2729, 301, 1092, 1086, 1112]	156508
303	0.8452842191485962	0.9601923077856125	2.225223194377347	3.906588029606888	[3895, 1030, 1032, 1729, 1094, 1086, 1096]	175454
304	0.846231064104465	0.9607188645609351	2.225223194377347	4.276196386751452	[241, 1729, 1822, 3579, 1094, 1086, 1112]	155180
305	0.8471721144648147	0.9611006054301194	2.225223194377347	3.8789742518016697	[77, 1460, 734, 1203, 174, 1086, 1112]	172851
306	0.8481074056919847	0.9616151476863348	2.225223194377347	4.070927567923861	[1794, 1791, 420, 1582, 1087, 1086, 1112]	161543
307	0.8490369730312887	0.9619881783210643	2.225223194377347	3.2856764027988357	[950, 1987, 19, 132, 1108, 1086, 1112]	175796
308	0.8499608515123422	0.9624191513559729	2.225223194377347	3.9638867868543812	[846, 10, 158, 1546, 234, 1086, 1112]	147553
309	0.8508790759503835	0.9626874741879645	2.225223194377347	2.8066942250663134	[3, 19, 734, 1203, 174, 1086, 1112]	160776
310	0.8517916809475847	0.9631810261166951	2.225223194377347	3.601276362078189	[1549, 162, 1192, 836, 1089, 1086, 1112]	168146
311	0.8526987008943563	0.9634877231086427	2.225223194377347	3.959618089622209	[1917, 10, 157, 1713, 174, 1086, 1096]	147458
312	0.8536001699706431	0.9638425557314936	2.225223194377347	2.4982459274814426	[193, 232, 1799, 10, 734, 19, 794]	178195
313	0.8544961221472118	0.9641007156239325	2.225223194377347	3.2698792660251526	[158, 10, 734, 19, 334, 1086, 1112]	141869
314	0.8553865911869317	0.9644495910794822	2.225223194377347	3.027434532504193	[1647, 1697, 241, 132, 1108, 1086, 1112]	161286
315	0.8562716106460466	0.964852656940259	2.225223194377347	3.58149179012917	[1792, 232, 10, 158, 1115, 1086, 1112]	165275
316	0.8571512138754396	0.9651454294771998	2.225223194377347	2.632664465514411	[432, 422, 19, 132, 1108, 1086, 1112]	142351
317	0.8580254340218895	0.9656064687698295	2.225223194377347	4.385482484690678	[2751, 331, 241, 1729, 1094, 1086, 1112]	174753
318	0.8588943040293203	0.9659964181035049	2.225223194377347	3.9306743146103207	[1819, 241, 1729, 1822, 1094, 1086, 1112]	153591
319	0.8597578566400428	0.9663268707944329	2.225223194377347	3.4414835971976077	[241, 132, 387, 344, 174, 1086, 1112]	115976
320	0.8606161243959878	0.9666541120889477	2.225223194377347	3.8690448807259967	[3621, 1720, 132, 387, 344, 1086, 1096]	176620
321	0.8614691396399328	0.9669318787520967	2.225223194377347	2.2963978496547215	[846, 10, 734, 1203, 174, 1086, 1112]	120201
322	0.862316934516721	0.9672532404746226	2.225223194377347	3.8500695800519873	[811, 734, 10, 158, 1115, 1086, 1112]	158501
323	0.8631595409744721	0.9675714791483385	2.225223194377347	3.764660201867798	[77, 19, 132, 387, 344, 1086, 1112]	167444
324	0.8639969907657867	0.9678030149668784	2.225223194377347	2.340398178917159	[107, 10, 734, 1203, 174, 1086, 1112]	163075
325	0.8648293154489428	0.9680328976469507	2.225223194377347	2.852510554598944	[3284, 811, 3459, 1203, 174, 1086, 1112]	121469
326	0.8656565463890848	0.9683953364491394	2.225223194377347	2.4383201153323553	[3621, 1720, 241, 1031, 132, 19, 794]	168492
327	0.8664787147594055	0.9686585989526868	2.225223194377347	3.5965259561246024	[2309, 420, 158, 1713, 174, 1086, 1112]	182794
328	0.867295851542321	0.9689631801096092	2.225223194377347	3.745000221040084	[193, 1265, 415, 255, 174, 1086, 1112]	167240
329	0.8681079875306381	0.9693150714915865	2.225223194377347	3.3735256287391433	[2654, 232, 320, 836, 1089, 1086, 1096]	164130
330	0.8689151533287149	0.9695706727286411	2.225223194377347	3.1816828750514636	[331, 241, 217, 132, 1108, 1086, 1096]	174045
331	0.8697173793536138	0.9699731770576273	2.225223194377347	4.194749198848248	[811, 734, 10, 232, 1023, 1086, 1112]	150006
332	0.8705146958362477	0.970313617227042	2.225223194377347	3.280753655086839	[1579, 1580, 438, 2627, 261, 1086, 1112]	157956
333	0.8713071328225196	0.9706021146300834	2.225223194377347	3.4495238415161733	[19, 132, 387, 344, 174, 1086, 1096]	150804
334	0.8720947201744544	0.9710557857006068	2.225223194377347	3.6952975032533644	[1792, 232, 1879, 836, 1089, 1086, 1112]	170080
335	0.8728774875713248	0.9712968870275488	2.225223194377347	3.406818157384917	[2872, 241, 132, 217, 261, 1086, 1112]	169184
336	0.8736554645107688	0.9715758288445795	2.225223194377347	4.021838031435365	[107, 162, 10, 232, 1023, 1086, 1112]	169429
337	0.8744286803099022	0.9717787740780328	2.225223194377347	2.8066942250663134	[3, 19, 734, 1203, 174, 1086, 1112]	172695
338	0.8751971641064229	0.9720530328333483	2.225223194377347	3.7567706766389994	[10, 162, 1192, 836, 1089, 1086, 1112]	137628
339	0.8759609448597092	0.9723246262946375	2.225223194377347	3.2856764027988357	[950, 1987, 19, 132, 1108, 1086, 1112]	163211
340	0.8767200513519107	0.9726384060418638	2.225223194377347	3.3333010924626487	[1820, 10, 734, 19, 334, 1086, 1112]	156366
341	0.877474512189033	0.9730003318878708	2.225223194377347	4.018250503814909	[1715, 132, 1729, 1822, 1094, 1086, 1112]	165161
342	0.8782243558020166	0.9732627193330811	2.225223194377347	3.6198665328164	[734, 10, 301, 2627, 261, 1086, 1112]	179489
343	0.8789696104478066	0.9736753316890521	2.225223194377347	3.6842025108052026	[2872, 241, 1729, 1822, 1094, 1086, 1112]	150763
344	0.879710304210419	0.9738946125579478	2.225223194377347	4.062270113543947	[2627, 438, 240, 1203, 174, 1086, 1112]	128721
345	0.8804464650019981	0.9740810019488592	2.225223194377347	2.4940021236939733	[1743, 1742, 400, 19, 409, 4290, 794]	169074
346	0.8811781205638691	0.9743328872554786	2.225223194377347	3.1148748190664355	[669, 811, 3459, 1203, 174, 1086, 1112]	163179
347	0.8819052984675828	0.9745823246971164	2.225223194377347	3.428889265862453	[107, 811, 3459, 1203, 174, 1086, 1112]	175683
348	0.882628026115955	0.9748705069567862	2.225223194377347	2.9837054211849563	[2872, 241, 217, 132, 1108, 1086, 1112]	175146
349	0.883346330744099	0.9751554218438975	2.225223194377347	3.94706990566534	[2636, 162, 420, 1822, 1094, 1086, 1112]	127172
350	0.884060239420452	0.9755497802273277	2.225223194377347	3.1064053138236165	[2196, 2197, 241, 132, 1108, 1086, 1112]	168444
351	0.8847697790477949	0.9758731958327863	2.225223194377347	4.2586691921871545	[2796, 1791, 420, 1582, 1087, 1086, 1112]	120468
352	0.8854749763642666	0.9761467423652944	2.225223194377347	3.6515288538922883	[1579, 1580, 438, 132, 1108, 1086, 1112]	131767
353	0.8861758579443713	0.976378552449208	2.225223194377347	3.057910963885006	[160, 331, 241, 132, 1108, 1086, 1096]	153491
354	0.8868724501999795	0.9767430809607943	2.225223194377347	3.17425940896415	[1879, 496, 217, 132, 1108, 1086, 1112]	147022
355	0.8875647793813242	0.9769368078998963	2.225223194377347	2.2963978496547215	[846, 10, 734, 1203, 174, 1086, 1112]	130538
356	0.8882528715779892	0.9771982953386731	2.225223194377347	3.907797470707865	[1579, 1580, 438, 254, 174, 1086, 1112]	179515
357	0.888936752719893	0.97741988624889	2.225223194377347	2.8296337302419974	[1799, 232, 320, 836, 2348, 2372, 794]	156570
358	0.8896164485782656	0.9775811056009537	2.225223194377347	3.507819472107111	[241, 1031, 132, 217, 261, 1086, 1112]	144617
359	0.8902919847666195	0.9777678519099836	2.225223194377347	4.1660983595114915	[2047, 232, 10, 494, 636, 1086, 1112]	179766
360	0.8909633867417153	0.9779839077709167	2.225223194377347	2.6023674981119003	[734, 19, 241, 132, 1108, 1086, 1112]	152664
361	0.8916306798045204	0.9782335233290695	2.225223194377347	3.3735256287391433	[2654, 232, 320, 836, 1089, 1086, 1112]	167256
362	0.8922938891011634	0.9784450537145986	2.225223194377347	3.6679709801562304	[1580, 438, 1779, 132, 1108, 1086, 1112]	177714
363	0.8929530396238806	0.9786894408606915	2.225223194377347	4.1246349976073535	[1794, 107, 734, 19, 334, 1086, 1112]	149598
364	0.8936081562119588	0.9789310571774638	2.225223194377347	3.0987643812796737	[3065, 1460, 19, 132, 1108, 1086, 1112]	170928
365	0.8942592635526704	0.9791065585754024	2.225223194377347	3.615041855003712	[1548, 19, 132, 1713, 174, 1086, 1112]	150210
366	0.8949063861822046	0.9792805980708176	2.225223194377347	2.2963978496547215	[846, 10, 734, 1203, 174, 1086, 1112]	158104
367	0.8955495484865915	0.97951551192489	2.225223194377347	2.950025362637396	[1794, 1879, 496, 217, 132, 19, 794]	178561
368	0.896188774702621	0.9798406625292568	2.225223194377347	3.6909182876515674	[2033, 2034, 1032, 132, 1108, 1086, 1112]	160791
369	0.8968240889187564	0.9801606520129194	2.225223194377347	3.1064053138236165	[2196, 2197, 241, 132, 1108, 1086, 1112]	159136
370	0.897455515076042	0.9803534542285373	2.225223194377347	2.4284869069402104	[10, 734, 19, 132, 1108, 1086, 1112]	163920
371	0.8980830769690055	0.980656641663282	2.225223194377347	3.307594970447864	[2872, 241, 1729, 132, 1108, 1086, 1096]	157500
372	0.898706798246554	0.9808446237656797	2.225223194377347	2.813571952967709	[19, 241, 1031, 132, 1108, 1086, 1096]	177577
373	0.8993267024128664	0.9810307790254885	2.225223194377347	2.3086134374228453	[158, 10, 734, 1203, 174, 1086, 1112]	143034
374	0.8999428128282778	0.9812816946468444	2.225223194377347	3.7647275910015576	[107, 162, 2636, 836, 1089, 1086, 1112]	148739
375	0.9005551527101606	0.9814153411418988	2.225223194377347	3.668053645646185	[1549, 162, 10, 158, 1115, 1086, 1112]	161075
376	0.9011637451337995	0.9816260515597911	2.225223194377347	2.7206108825640802	[2872, 241, 19, 132, 1108, 1086, 1096]	171539
377	0.9017686130332603	0.9818046127691226	2.225223194377347	3.236688022327292	[331, 241, 132, 1032, 370, 386, 794]	181181
378	0.9023697792022549	0.9820452924943988	2.225223194377347	3.924045778520189	[1791, 420, 2307, 1468, 1089, 1086, 1112]	160606
379	0.9029672662950001	0.9822197794478059	2.225223194377347	3.5522711143030543	[1742, 400, 654, 132, 1108, 1086, 1112]	132727
380	0.903561096827071	0.9823467281278954	2.225223194377347	3.6535262502099135	[241, 1720, 132, 217, 261, 1086, 1096]	164660
381	0.9041512931762495	0.9825468786026358	2.225223194377347	4.084850876764087	[2872, 241, 1126, 132, 1094, 1086, 1112]	118191
382	0.9047378775833681	0.9827447597976172	2.225223194377347	3.2576636782570283	[846, 10, 734, 19, 334, 1086, 1112]	149726
383	0.9053208721531475	0.9828884935768958	2.225223194377347	3.348490564182004	[2004, 19, 132, 1713, 174, 1086, 1112]	152877
384	0.9059002988550297	0.9831525600340424	2.225223194377347	4.242249757396962	[432, 394, 193, 1872, 1115, 1086, 1112]	151259
385	0.9064761795240058	0.9832928968934007	2.225223194377347	3.0987643812796737	[3065, 1460, 19, 132, 1108, 1086, 1112]	119310
386	0.9070485358614393	0.9834823198311172	2.225223194377347	3.9767912523452233	[1851, 159, 320, 836, 1089, 1086, 1112]	166468
387	0.9076173894358833	0.9836695951164787	2.225223194377347	2.876898483739562	[1548, 19, 734, 1203, 174, 1086, 1112]	159097
388	0.9081827616838937	0.983854747099285	2.225223194377347	4.320178937662566	[1892, 2975, 2156, 8, 174, 1086, 1112]	159731
389	0.9087446739108365	0.9840377998532615	2.225223194377347	3.3351497941683217	[1535, 496, 217, 132, 1108, 1086, 1112]	159112
390	0.9093031472916914	0.9842187771791882	2.225223194377347	4.019545109823158	[734, 10, 232, 193, 1115, 1086, 1112]	160498
391	0.9098582028718492	0.9843977026079955	2.225223194377347	2.5846064999161147	[1529, 2229, 734, 1203, 174, 1086, 1112]	173576
392	0.9104098615679049	0.9846040822031279	2.225223194377347	3.937435419371746	[1792, 1791, 420, 158, 1115, 1086, 1112]	161395
393	0.9109581441684464	0.9847140072424344	2.225223194377347	3.4495238415161733	[19, 132, 387, 344, 174, 1086, 1112]	170924
394	0.9115030713348373	0.9848231474299103	2.225223194377347	3.1148748190664355	[157, 651, 734, 1203, 174, 1086, 1112]	179046
395	0.9120446636019957	0.9849495685258711	2.225223194377347	4.162790021637424	[1791, 420, 1546, 234, 174, 1086, 1112]	163748
396	0.9125829413791682	0.9850749365514782	2.225223194377347	3.406818157384917	[2872, 241, 132, 217, 261, 1086, 1112]	164079
397	0.9131179249506987	0.9852199808998603	2.225223194377347	2.92478037844411	[19, 1126, 241, 132, 1108, 1086, 1096]	162653
398	0.9136496344767933	0.9853430964275582	2.225223194377347	4.081282956290824	[1794, 107, 10, 158, 1115, 1086, 1112]	169002
399	0.9141780899942792	0.9854477449923642	2.225223194377347	3.9749713366551545	[734, 733, 415, 255, 174, 1086, 1112]	171427
400	0.9147033114173607	0.9855516463787458	2.225223194377347	3.2698792660251526	[158, 10, 734, 19, 334, 1086, 1112]	149241
401	0.915225318538369	0.9856719991785896	2.225223194377347	3.850811798807915	[1548, 241, 132, 1713, 174, 1086, 1112]	177272
402	0.915744131028508	0.9857742994165006	2.225223194377347	2.6023674981119003	[734, 19, 241, 132, 1108, 1086, 1112]	162602
403	0.9162597684385964	0.9859624700591395	2.225223194377347	3.775083405535659	[158, 420, 1879, 836, 1089, 1086, 1096]	145752
404	0.916772250199803	0.9860988892033655	2.225223194377347	2.4629843211448703	[241, 19, 734, 1203, 174, 1086, 1112]	159790
405	0.9172815956243807	0.9862564981693137	2.225223194377347	3.5525593625647307	[2004, 19, 132, 217, 261, 1086, 1112]	173650
406	0.9177878239063929	0.9863900598975032	2.225223194377347	3.6154401925065622	[394, 432, 422, 19, 334, 1086, 1096]	161261
407	0.9182909541224372	0.986522323649714	2.225223194377347	2.5846064999161147	[1529, 2229, 734, 1203, 174, 1086, 1112]	166274
408	0.9187910052323646	0.9866345908413032	2.225223194377347	3.3333010924626487	[1820, 10, 734, 19, 334, 1086, 1096]	157131
409	0.9192879960799936	0.986811381967741	2.225223194377347	3.542228626723241	[1742, 400, 19, 132, 1094, 1086, 1112]	133791
410	0.9197819453938203	0.9870207251111102	2.225223194377347	4.54807103025587	[2486, 257, 320, 232, 1023, 1086, 1112]	169639
411	0.9202728717877247	0.9871133956047538	2.225223194377347	3.9285733316174305	[10, 734, 19, 422, 636, 1086, 1112]	130060
412	0.9207607937616712	0.9872887235557094	2.225223194377347	3.967831232047491	[3266, 1963, 2156, 8, 174, 1086, 1096]	164605
413	0.9212457297024067	0.987379480572031	2.225223194377347	4.120357757199091	[157, 2149, 420, 158, 1115, 1086, 1112]	163563
414	0.921727697884153	0.9875742416743144	2.225223194377347	3.63259183391249	[2764, 1511, 1031, 132, 1108, 1086, 1112]	166318
415	0.9222067164692953	0.9876777465333372	2.225223194377347	3.0243219050251575	[1259, 734, 19, 132, 1108, 1086, 1112]	149620
416	0.9226828035090671	0.9877803892111103	2.225223194377347	4.488806458923398	[2636, 162, 107, 10, 261, 1086, 1112]	158816
417	0.9231559769442299	0.9879189335511204	2.225223194377347	3.0005904535532975	[3353, 2872, 241, 1031, 132, 19, 794]	173660
418	0.9236262546057498	0.9880195671741847	2.225223194377347	4.0160898199726445	[4349, 158, 420, 1822, 1094, 1086, 1112]	173001
419	0.924093654215469	0.9881780385078596	2.225223194377347	2.836907934762174	[2297, 400, 19, 132, 1108, 1086, 1112]	156488
420	0.924558193386774	0.9882624459201912	2.225223194377347	3.9285733316174305	[10, 734, 19, 422, 636, 1086, 1112]	159095
421	0.925019889625259	0.9883602181324345	2.225223194377347	3.931359683121599	[846, 10, 415, 255, 174, 1086, 1112]	158604
422	0.9254787603293858	0.988514183501053	2.225223194377347	3.7886459842686415	[331, 241, 132, 387, 344, 1086, 1096]	144943
423	0.9259348227911394	0.9885961908777338	2.225223194377347	3.4414835971976077	[241, 132, 387, 344, 174, 1086, 1112]	155925
424	0.9263880941966793	0.9887070150674546	2.225223194377347	4.032540967165233	[419, 421, 438, 2627, 261, 1086, 1112]	144689
425	0.9268385916269881	0.9888167622485289	2.225223194377347	3.7886459842686415	[331, 241, 132, 387, 344, 1086, 1112]	166345
426	0.9272863320585139	0.9889435563273438	2.225223194377347	3.660212642330709	[10, 158, 420, 1822, 1094, 1086, 1112]	150130
427	0.9277313323638107	0.9890510047595367	2.225223194377347	2.5846064999161147	[1529, 2229, 734, 1203, 174, 1086, 1112]	160004
428	0.9281736093121745	0.9891751430275691	2.225223194377347	3.4177184342752316	[1917, 10, 734, 19, 334, 1086, 1112]	161091
429	0.9286131795702748	0.989252431231097	2.225223194377347	2.4284869069402104	[10, 734, 19, 132, 1108, 1086, 1096]	171182
430	0.9290500597027824	0.9893419570017667	2.225223194377347	3.2576636782570283	[846, 10, 734, 19, 334, 1086, 1112]	167581
431	0.9294842661729946	0.9894627964915426	2.225223194377347	2.8232338638794454	[2872, 241, 1031, 132, 1108, 1086, 1096]	143518
432	0.9299158153434546	0.9895651988579999	2.225223194377347	2.511023695947922	[161, 10, 734, 1203, 174, 1086, 1112]	171862
433	0.9303447234765685	0.9897262297398209	2.225223194377347	4.404967949869049	[1535, 496, 1792, 232, 1023, 1086, 1112]	162824
434	0.9307710067352181	0.9898118088340332	2.225223194377347	4.020141378481146	[2267, 261, 217, 132, 1094, 1086, 1112]	154069
435	0.9311946811833702	0.9899108194381727	2.225223194377347	3.8204237423157705	[2387, 1663, 1546, 234, 174, 1086, 1096]	174798
436	0.9316157627866815	0.9900088678401342	2.225223194377347	3.775083405535659	[158, 420, 1879, 836, 1089, 1086, 1112]	158101
437	0.9320342674131007	0.9901410256729366	2.225223194377347	3.6679709801562304	[1580, 438, 1779, 132, 1108, 1086, 1112]	166994
438	0.932450210833466	0.9902528054272117	2.225223194377347	3.700535591088215	[1178, 2279, 1876, 1713, 174, 1086, 1112]	156087
439	0.9328636087221001	0.990333998218322	2.225223194377347	3.3046552615698683	[734, 19, 132, 217, 261, 1086, 1112]	145856
440	0.9332744766573999	0.9904030123323103	2.225223194377347	4.102054016398267	[195, 10, 159, 1713, 174, 1086, 1112]	156135
441	0.9336828301224245	0.990529956613629	2.225223194377347	3.759225157833904	[3895, 1030, 1032, 132, 1094, 1086, 1112]	161609
442	0.9340886845054779	0.9906373267200503	2.225223194377347	2.8080246507420323	[3621, 1720, 241, 132, 1108, 1086, 1112]	145953
443	0.9344920551006896	0.9907283147985727	2.225223194377347	2.4629843211448703	[241, 19, 734, 1203, 174, 1086, 1112]	149049
444	0.9348929571085902	0.9908055466619748	2.225223194377347	3.2576636782570283	[846, 10, 734, 19, 334, 1086, 1112]	162964
445	0.9352914056366849	0.9908821351945698	2.225223194377347	3.470647552528451	[2534, 10, 734, 1203, 174, 1086, 1112]	155684
446	0.9356874157000223	0.9909580857552148	2.225223194377347	2.424582476907486	[1873, 10, 734, 1203, 174, 1086, 1112]	150451
447	0.9360810022217606	0.9910459566419474	2.225223194377347	4.409902332893746	[107, 10, 494, 2627, 261, 1086, 1112]	148819
448	0.9364721800337295	0.9911643963689057	2.225223194377347	3.1015860273876683	[241, 1729, 1032, 132, 1108, 1086, 1096]	167788
449	0.9368609638769897	0.9912812694328091	2.225223194377347	4.0884547624881575	[1723, 241, 1729, 1822, 1094, 1086, 1112]	149340
450	0.9372473684023878	0.9913965965567137	2.225223194377347	3.6771584126391046	[107, 162, 10, 158, 1115, 1086, 1112]	166729
451	0.937631408171109	0.9915103981895614	2.225223194377347	3.7176322375406414	[1799, 232, 1192, 836, 1089, 1086, 1112]	142489
452	0.9380130976552253	0.9915811154058084	2.225223194377347	3.5108023608171486	[1715, 132, 241, 19, 334, 1086, 1112]	157118
453	0.9383924512382412	0.991692476313139	2.225223194377347	3.6418698094676936	[2051, 1849, 420, 158, 1115, 1086, 1112]	149095
454	0.9387694832156356	0.9917732102653922	2.225223194377347	3.386884539093148	[107, 811, 734, 1203, 174, 1086, 1096]	166135
455	0.9391442077954003	0.9918531596311319	2.225223194377347	3.3781914024887385	[241, 1031, 132, 19, 334, 1086, 1112]	170293
456	0.939516639098576	0.9919113271116021	2.225223194377347	2.796959156295561	[1549, 107, 734, 1203, 174, 1086, 1112]	175112
457	0.9398867911597837	0.9919899342339383	2.225223194377347	3.9753600123840362	[10, 415, 1265, 255, 174, 1086, 1096]	170186
458	0.9402546779277541	0.992080751306116	2.225223194377347	3.5772400492380187	[1849, 420, 158, 1713, 174, 1086, 1112]	161440
459	0.9406203132658532	0.9921855032729663	2.225223194377347	4.197901975188394	[542, 269, 1402, 1078, 334, 1086, 1112]	160495
460	0.9409837109526042	0.9922888696317894	2.225223194377347	3.7647275910015576	[107, 162, 2636, 836, 1089, 1086, 1096]	148959
461	0.9413448846822078	0.9923762974137419	2.225223194377347	3.4542457649008567	[421, 261, 217, 132, 1108, 1086, 1112]	163694
462	0.9417038480650569	0.9924307297520742	2.225223194377347	3.776463389993152	[1791, 420, 158, 1546, 234, 1086, 1112]	163329
463	0.9420606146282504	0.9925165491426403	2.225223194377347	3.6599774008098205	[2004, 19, 241, 132, 1094, 1086, 1112]	156819
464	0.942415197816103	0.992601395524243	2.225223194377347	3.2274861155624004	[1723, 241, 1031, 132, 1108, 1086, 1112]	174134
465	0.942767610990651	0.9926732964423748	2.225223194377347	3.428889265862453	[107, 811, 3459, 1203, 174, 1086, 1112]	166772
466	0.943117867432157	0.9927444986149464	2.225223194377347	3.9982304743137034	[10, 158, 420, 1546, 234, 1086, 1112]	170519
467	0.9434659803396092	0.992804935944268	2.225223194377347	3.543140678150495	[1799, 10, 734, 19, 334, 1086, 1096]	148042
468	0.9438119628312196	0.9928748588213888	2.225223194377347	3.532853129633992	[320, 232, 10, 158, 1115, 1086, 1112]	155348
469	0.9441558279449183	0.9929556427349785	2.225223194377347	2.836907934762174	[2297, 400, 19, 132, 1108, 1086, 1112]	156483
470	0.9444975886388438	0.9930059386159688	2.225223194377347	3.7638234480549677	[107, 734, 19, 132, 1094, 1086, 1112]	151619
471	0.9448372577918331	0.9930641981860148	2.225223194377347	4.0318654336390845	[837, 162, 107, 1546, 234, 1086, 1096]	162067
472	0.9451748482039053	0.9931316015078222	2.225223194377347	3.748374190945288	[1555, 2229, 734, 19, 334, 1086, 1112]	168293
473	0.9455103725967449	0.9931888143232506	2.225223194377347	3.8204237423157705	[2387, 1663, 1546, 234, 174, 1086, 1112]	178225
474	0.9458438436141811	0.9932550066038799	2.225223194377347	3.2856764027988357	[950, 1987, 19, 132, 1108, 1086, 1112]	162827
475	0.9461752738226638	0.993359096008141	2.225223194377347	3.8889234355191737	[2654, 232, 1879, 836, 1089, 1086, 1112]	160386
476	0.9465046757117379	0.9934343897041938	2.225223194377347	3.079407314371683	[1792, 496, 217, 132, 1108, 1086, 1112]	173919
477	0.9468320616945134	0.9935212364012282	2.225223194377347	3.027434532504193	[1647, 1697, 241, 132, 1108, 1086, 1112]	149175
478	0.9471574441081331	0.9935674940100729	2.225223194377347	2.340398178917159	[107, 10, 734, 1203, 174, 1086, 1112]	158687
479	0.9474808352142381	0.9936210759008679	2.225223194377347	3.7028493633355213	[734, 10, 157, 1713, 174, 1086, 1112]	166476
480	0.9478022471994292	0.9936933993033523	2.225223194377347	4.104545393274345	[1726, 132, 19, 422, 334, 1086, 1096]	173484
481	0.9481216921757266	0.993745932420359	2.225223194377347	3.4177184342752316	[1917, 10, 734, 19, 334, 1086, 1112]	149813
482	0.9484391821810261	0.9938168402160465	2.225223194377347	3.17425940896415	[1879, 496, 217, 132, 1108, 1086, 1112]	164861
483	0.9487547291795527	0.9938609872484779	2.225223194377347	3.7669360755340033	[241, 132, 1729, 1822, 1094, 1086, 1112]	144048
484	0.9490683450623117	0.9939305905676562	2.225223194377347	4.10333797401812	[1819, 241, 1126, 19, 334, 1086, 1112]	154036
485	0.9493800416475368	0.9939739254359777	2.225223194377347	4.105706337882518	[160, 331, 241, 217, 261, 1086, 1112]	157255
486	0.9496898306811348	0.9940536354169833	2.225223194377347	3.755622824008638	[1549, 162, 2636, 836, 1089, 1086, 1112]	171907
487	0.9499977238371291	0.9941210545165641	2.225223194377347	3.6859385065488217	[87, 1265, 415, 255, 174, 1086, 1112]	144677
488	0.9503037327180994	0.9941781871257326	2.225223194377347	3.7947703767639736	[158, 420, 545, 132, 1108, 1086, 1096]	143640
489	0.9506078688556183	0.9942266820268093	2.225223194377347	4.144288983064368	[2238, 1549, 107, 1546, 234, 1086, 1112]	164920
490	0.9509101437106868	0.9942921391466868	2.225223194377347	3.7541760223808662	[2872, 241, 19, 1987, 334, 1086, 1112]	167438
491	0.9512105686741655	0.9943568541223479	2.225223194377347	3.1064053138236165	[2607, 1587, 241, 132, 1108, 1086, 1112]	156869
492	0.9515091550672041	0.9944116951901579	2.225223194377347	3.1005864631871427	[734, 19, 132, 1713, 174, 1086, 1112]	149895
493	0.9518059141416682	0.9944750546551221	2.225223194377347	3.428889265862453	[195, 3284, 734, 1203, 174, 1086, 1112]	158329
494	0.9521008570805627	0.9945481359427528	2.225223194377347	3.027434532504193	[1647, 1697, 241, 132, 1108, 1086, 1112]	158060
495	0.9523939949984539	0.9946011181007435	2.225223194377347	3.123661932901401	[119, 123, 19, 132, 1108, 1086, 1112]	165508
496	0.9526853389418883	0.9946460900449272	2.225223194377347	4.236716437779411	[421, 438, 80, 148, 1108, 1086, 1112]	156507
497	0.9529748998898083	0.9946981202680086	2.225223194377347	3.123661932901401	[119, 123, 19, 132, 1108, 1086, 1112]	146090
498	0.9532626887539665	0.9947582322831106	2.225223194377347	3.1207086718623307	[813, 19, 734, 1203, 174, 1086, 1112]	148106
499	0.9535487163793364	0.9948176627560912	2.225223194377347	3.280753655086839	[1579, 1580, 438, 2627, 261, 1086, 1112]	156634
