0	0.0061198990216660976	0.015432098765432056	3.958426934825307	3.958426934825307	[988, 420, 1879, 836, 1089, 1086, 1112]	131325
1	0.012202344879296834	0.030626047858558048	2.8649135046369567	2.8649135046369567	[2627, 261, 217, 132, 1108, 1086, 1112]	115055
2	0.01824756678247408	0.03754726367678696	2.8649135046369567	3.6352445623212315	[781, 19, 132, 1713, 174, 1086, 1112]	113663
3	0.024255792538040333	0.04556436268822561	2.8649135046369567	3.9294546393025795	[432, 422, 19, 387, 344, 1086, 1112]	130954
4	0.030227248558683195	0.054839733313218564	2.8649135046369567	3.428889265862453	[10, 811, 3459, 1203, 174, 1086, 1112]	121654
5	0.036162159871467314	0.06402496428199189	2.8649135046369567	4.308859762654727	[1549, 162, 107, 232, 1023, 1086, 1096]	118228
6	0.04206075012631472	0.07846902347517104	2.8649135046369567	4.244077564664878	[1879, 496, 1792, 232, 1023, 1086, 1112]	119255
7	0.04792324160443229	0.09309649929302544	2.8649135046369567	3.302752345972076	[1579, 4018, 241, 132, 1108, 1086, 1112]	125533
8	0.0537498552266884	0.10337885190875074	2.8649135046369567	4.313201382072591	[1820, 10, 1019, 1010, 1105, 1086, 1112]	128289
9	0.05954081056193805	0.11721559802127002	2.8649135046369567	3.7199901158437356	[2047, 232, 1879, 836, 1089, 1086, 1096]	121997
10	0.06529632583529699	0.12351857465228377	2.81050582782964	2.81050582782964	[3284, 811, 734, 1203, 174, 1086, 1112]	108003
11	0.07101661793636527	0.13511224429974034	2.81050582782964	3.1015860273876683	[241, 1729, 1032, 132, 1108, 1086, 1112]	121471
12	0.0767019024274006	0.14491822792445985	2.81050582782964	3.6842025108052026	[2872, 241, 1729, 1822, 1094, 1086, 1112]	112445
13	0.0823523935514413	0.1510234110415578	2.81050582782964	3.586457137453798	[19, 132, 1727, 1203, 174, 1086, 1112]	119330
14	0.08796830424038005	0.15809526934191964	2.81050582782964	3.2576636782570283	[846, 10, 734, 19, 334, 1086, 1112]	117097
15	0.09354984612298778	0.16627704515006425	2.81050582782964	3.5649598050056523	[1546, 107, 734, 1203, 174, 1086, 1096]	108980
16	0.0990972295328888	0.17572968636151476	2.81050582782964	3.9092850514089905	[1535, 496, 1879, 836, 1089, 1086, 1112]	114459
17	0.10461066351648673	0.1825957447841593	2.81050582782964	3.6380241084139104	[1726, 132, 19, 1987, 334, 1086, 1112]	114571
18	0.11009035584084248	0.18843191486959399	2.81050582782964	3.507819472107111	[241, 1031, 132, 217, 261, 1086, 1096]	123470
19	0.11553651300150336	0.199166942450684	2.81050582782964	3.7813728741198744	[1794, 1791, 420, 1822, 1094, 1086, 1112]	112066
20	0.12094934023028481	0.20824668233219545	2.81050582782964	3.471296303685169	[2072, 241, 1031, 132, 1108, 1086, 1112]	112590
21	0.1263290415030044	0.21389970774542422	2.81050582782964	3.1207086718623307	[455, 19, 734, 1203, 174, 1086, 1112]	117771
22	0.13167581954716823	0.2215391663679177	2.81050582782964	3.830284031234858	[87, 160, 320, 836, 1089, 1086, 1112]	108438
23	0.13698987584961053	0.22802363811828907	2.81050582782964	3.947276655828393	[377, 162, 107, 1546, 234, 1086, 1096]	110260
24	0.14227141066408644	0.2344540951102233	2.81050582782964	4.005502875429172	[2636, 162, 107, 1546, 234, 1086, 1112]	112611
25	0.1475206230188183	0.2431337538958217	2.632664465514411	2.632664465514411	[432, 422, 19, 132, 1108, 1086, 1112]	116257
26	0.152737710723996	0.24853768972806434	2.632664465514411	3.2090431767779197	[21, 422, 19, 132, 1108, 1086, 1112]	112129
27	0.1579228703792308	0.25390304209509196	2.632664465514411	3.83990107125073	[107, 162, 420, 1822, 1094, 1086, 1112]	110496
28	0.1630762973809643	0.26115374139445935	2.632664465514411	3.7163875428531554	[1799, 232, 10, 158, 1115, 1086, 1112]	117322
29	0.1681981859298317	0.27092684005326284	2.632664465514411	3.6232777546707666	[19, 241, 1031, 132, 1094, 1086, 1112]	108108
30	0.17328872903797987	0.27699991926981204	2.2963978496547215	2.2963978496547215	[846, 10, 734, 1203, 174, 1086, 1112]	113026
31	0.1783481185363407	0.28302241057118804	2.2963978496547215	3.636173853957505	[1726, 132, 241, 217, 261, 1086, 1112]	130148
32	0.1833765450818603	0.2940868795438548	2.2963978496547215	3.1015860273876683	[241, 1729, 1032, 132, 1108, 1086, 1112]	108389
33	0.18837419816468337	0.3020904296624052	2.2963978496547215	3.716994889733334	[1114, 1987, 19, 132, 1108, 1086, 1112]	105204
34	0.19334126611529434	0.30887283559377154	2.2963978496547215	3.668053645646185	[1549, 162, 10, 158, 1115, 1086, 1112]	111083
35	0.19827793611161382	0.3180147293028487	2.2963978496547215	3.617730452445091	[3621, 1720, 241, 132, 1094, 1086, 1112]	107999
36	0.2031843941860525	0.32574698860780504	2.2963978496547215	4.297330533262216	[2872, 241, 19, 1987, 1114, 1086, 1112]	115485
37	0.20806082523252156	0.3333915805737029	2.2963978496547215	2.5846064999161147	[1529, 2229, 734, 1203, 174, 1086, 1112]	117829
38	0.2129074130134001	0.33815108615656453	2.2963978496547215	3.6652733987233415	[988, 420, 158, 1713, 174, 1086, 1112]	119789
39	0.21772434016646003	0.34287660943027265	2.2963978496547215	3.668053645646185	[1549, 162, 10, 158, 1115, 1086, 1112]	108834
40	0.22251178821174855	0.3483503569568842	2.2963978496547215	3.77511772239498	[2654, 232, 10, 158, 1115, 1086, 1112]	115520
41	0.2272699375584284	0.35468320091259964	2.2963978496547215	2.9121266964169745	[119, 409, 19, 132, 1108, 1086, 1112]	119431
42	0.23199896751157656	0.36095450119527606	2.2963978496547215	3.4007268128686983	[331, 241, 132, 1713, 174, 1086, 1112]	109633
43	0.23669905627894106	0.36627766236816006	2.2963978496547215	3.4177184342752316	[1917, 10, 734, 19, 334, 1086, 1112]	146444
44	0.2413703809776564	0.37155648234010374	2.2963978496547215	3.2524958476314314	[2627, 301, 2729, 496, 3366, 793, 794]	115094
45	0.24601311764091816	0.379869227282695	2.2963978496547215	3.660901199473729	[10, 232, 1879, 836, 1089, 1086, 1112]	114537
46	0.25062744122461655	0.3869001884246146	2.2963978496547215	3.307594970447864	[2872, 241, 1729, 132, 1108, 1086, 1112]	124426
47	0.2552135256139294	0.3920072255889243	2.2963978496547215	3.4617067333156504	[1791, 420, 158, 1713, 174, 1086, 1112]	117744
48	0.25977154362987487	0.3979158045433565	2.2963978496547215	3.9892715592575536	[10, 494, 217, 132, 1108, 1086, 1096]	111283
49	0.2643016670358238	0.4029310831394135	2.2963978496547215	3.3046552615698683	[734, 19, 132, 217, 261, 1086, 1096]	112416
50	0.2688040665439726	0.41082882013492394	2.2963978496547215	3.455337713250792	[734, 19, 1126, 132, 1108, 1086, 1112]	109389
51	0.2732789118217763	0.41750876548486815	2.2963978496547215	3.6248070370866587	[5767, 3083, 19, 132, 1108, 1086, 1096]	130970
52	0.27772637149834234	0.4223608374091924	2.2963978496547215	3.7541760223808662	[2872, 241, 19, 1987, 334, 1086, 1112]	111721
53	0.2821466131707848	0.4279744347132819	2.2963978496547215	4.063524182854243	[1468, 2307, 420, 1822, 1094, 1086, 1112]	119892
54	0.28653980341054064	0.4327393290513637	2.2963978496547215	3.1207086718623307	[813, 19, 734, 1203, 174, 1086, 1112]	130781
55	0.2909061077696462	0.43917085593286753	2.2963978496547215	3.2576636782570283	[846, 10, 734, 19, 334, 1086, 1112]	117796
56	0.29524569078697616	0.4465892308543905	2.2963978496547215	3.799585859424228	[841, 840, 843, 3094, 174, 1086, 1112]	118703
57	0.29955871599444395	0.45119906649908526	2.2963978496547215	3.4007268128686983	[331, 241, 132, 1713, 174, 1086, 1112]	122343
58	0.30384534592316415	0.457421299305218	2.2963978496547215	4.334859706642342	[158, 420, 1822, 1210, 458, 1086, 1112]	111914
59	0.3081057421095773	0.4635729852541385	2.2963978496547215	3.6927980254785133	[1715, 132, 387, 344, 174, 1086, 1096]	117981
60	0.31234006510153733	0.46878607577645004	2.2963978496547215	3.376741030467856	[77, 19, 132, 1713, 174, 1086, 1112]	115438
61	0.3165484744643614	0.4739485045832873	2.2963978496547215	3.267729638277478	[1515, 1031, 241, 132, 1108, 1086, 1112]	129344
62	0.3207311287868432	0.4790607640139648	2.2963978496547215	3.4811257093260544	[3621, 1720, 132, 1713, 174, 1086, 1112]	125689
63	0.32488818568722877	0.48278020878806627	2.2963978496547215	3.4620520467569964	[10, 734, 19, 1987, 334, 1086, 1112]	106406
64	0.3290198018191567	0.4886443787564555	2.2963978496547215	3.0243219050251575	[1259, 734, 19, 132, 1108, 1086, 1112]	133553
65	0.333126132877561	0.49290390079930047	2.2963978496547215	2.6221050357323104	[320, 232, 10, 734, 19, 2372, 794]	109897
66	0.33720733360453825	0.49865328967912703	2.2963978496547215	3.5108023608171486	[1715, 132, 241, 19, 334, 1086, 1112]	118516
67	0.34126355779517925	0.5043374927439895	2.2963978496547215	4.144572973982619	[846, 162, 420, 158, 1115, 1086, 1112]	125410
68	0.3452949583033643	0.5091544267309285	2.2963978496547215	2.7871083623429813	[1555, 2229, 734, 1203, 174, 1086, 1112]	107814
69	0.3493016870475234	0.5139245489201323	2.2963978496547215	3.4495238415161733	[19, 132, 387, 344, 174, 1086, 1112]	113882
70	0.35328389501636104	0.5173950703772384	2.2963978496547215	4.3429343513575125	[320, 232, 107, 1546, 234, 1086, 1112]	116158
71	0.35724173227454614	0.5208408127199963	2.2963978496547215	2.8971011910570814	[781, 19, 734, 1203, 174, 1086, 1112]	118280
72	0.3611753479683669	0.524261952868363	2.2963978496547215	3.3016640075194656	[107, 10, 734, 19, 334, 1086, 1112]	140031
73	0.3650848903313515	0.5305547841796281	2.2963978496547215	3.55321732679032	[669, 673, 1032, 132, 1108, 1086, 1112]	115979
74	0.36897050668985365	0.5358772922955053	2.2963978496547215	4.2175247836024825	[2709, 2520, 1277, 254, 174, 1086, 1112]	114879
75	0.37283234346860483	0.5411394545143771	2.2963978496547215	3.3945507805501087	[1579, 1580, 301, 2627, 261, 1086, 1112]	133223
76	0.37667054619623197	0.5455987406706999	2.2963978496547215	3.7548264184334723	[734, 10, 161, 1713, 174, 1086, 1112]	117458
77	0.3804852595107413	0.5493838407067624	2.2963978496547215	3.5965259561246024	[2309, 420, 158, 1713, 174, 1086, 1096]	126020
78	0.38427662716496924	0.5544928674561189	2.2963978496547215	3.1455033926936977	[10, 232, 320, 836, 1089, 1086, 1112]	125698
79	0.38804479203199926	0.5588223828355541	2.2963978496547215	3.83990107125073	[107, 162, 420, 1822, 1094, 1086, 1112]	134739
80	0.39178989611054615	0.5658252021556246	2.2963978496547215	3.8286753979404304	[5593, 1720, 241, 132, 1108, 1086, 1112]	126090
81	0.3955120805303066	0.5694418185474978	2.2963978496547215	3.9294546393025795	[432, 422, 19, 387, 344, 1086, 1112]	132382
82	0.39921148555727815	0.5743234305821066	2.2963978496547215	3.856866170213002	[2872, 241, 1126, 19, 334, 1086, 1112]	114845
83	0.40288825059904443	0.5778692578992068	2.2963978496547215	4.210479835831039	[421, 438, 240, 1203, 174, 1086, 1112]	123733
84	0.4065425142100286	0.5819715974725868	2.2963978496547215	2.6023674981119003	[734, 19, 241, 132, 1108, 1086, 1112]	116296
85	0.41017441409671507	0.5867111485216505	2.2963978496547215	3.428889265862453	[107, 811, 3459, 1203, 174, 1086, 1112]	133458
86	0.4137840871228382	0.5913969631642622	2.2963978496547215	3.582736484816656	[1792, 232, 1192, 836, 1089, 1086, 1112]	146620
87	0.4173716693145403	0.5943143407105398	2.2963978496547215	3.3016640075194656	[107, 10, 734, 19, 334, 1086, 1112]	106490
88	0.4209372958654972	0.5982568641244315	2.2963978496547215	3.4707681762945217	[1879, 232, 320, 836, 1089, 1086, 1112]	110963
89	0.4244811011420133	0.6011252627860051	2.2963978496547215	3.2698792660251526	[158, 10, 734, 19, 334, 1086, 1112]	122970
90	0.42800321868808466	0.6056476520968214	2.2963978496547215	2.8066942250663134	[3, 19, 734, 1203, 174, 1086, 1112]	143854
91	0.43150378123043165	0.610118767152413	2.2963978496547215	4.147135548038604	[4196, 1663, 1665, 1546, 234, 1086, 1112]	125128
92	0.4349829206835004	0.6139077004162379	2.2963978496547215	3.3147954491973186	[1799, 232, 320, 836, 1089, 1086, 1112]	117539
93	0.4384407681544341	0.6182851641303395	2.2963978496547215	3.521616878866147	[1819, 241, 1126, 132, 1108, 1086, 1112]	113346
94	0.44187745394801337	0.6227366490967495	2.2963978496547215	2.9495193561308453	[3895, 1030, 1032, 132, 1108, 1086, 1112]	143268
95	0.4452931075715667	0.6270140113518884	2.2963978496547215	3.9575439350561954	[1020, 1018, 415, 255, 174, 1086, 1112]	133254
96	0.44868785773985087	0.6312428774363341	2.2963978496547215	4.320178937662566	[1892, 2975, 2156, 8, 174, 1086, 1112]	113403
97	0.4520618323799014	0.6348265229422978	2.2963978496547215	2.7871083623429813	[1555, 2229, 734, 1203, 174, 1086, 1112]	118469
98	0.45541515863585313	0.6396568599404155	2.2963978496547215	3.601276362078189	[1549, 162, 1192, 836, 1089, 1086, 1112]	124761
99	0.45874796287373176	0.6426584687705661	2.2963978496547215	3.8191106533864376	[1548, 19, 132, 217, 261, 1086, 1112]	126575
100	0.46206037068621564	0.6452098452058331	2.2963978496547215	3.2418942286645542	[813, 3284, 734, 1203, 174, 1086, 1096]	135288
101	0.4653525068973685	0.6506850019156196	2.2963978496547215	3.2751450750610287	[2872, 241, 1126, 132, 1108, 1086, 1112]	128765
102	0.46862449556734354	0.6531790698498212	2.2963978496547215	2.5846064999161147	[1529, 2229, 734, 1203, 174, 1086, 1112]	124179
103	0.4718764599970583	0.6577666482909611	2.2963978496547215	2.732522825020183	[1742, 400, 19, 132, 1108, 1086, 1112]	107769
104	0.4751085227328411	0.661646845022356	2.2963978496547215	3.6329396655825033	[2872, 241, 1031, 132, 1094, 1086, 1112]	126527
105	0.4783208055710493	0.6661224158553938	2.2963978496547215	3.517456662911222	[386, 370, 1032, 132, 1108, 1086, 1112]	114177
106	0.4815134295626585	0.6689035702422709	2.2963978496547215	3.6491301301768795	[846, 10, 158, 1713, 174, 1086, 1112]	120098
107	0.484686515017825	0.6716615579953549	2.2963978496547215	3.7995633336040058	[846, 10, 157, 1713, 174, 1086, 1112]	131150
108	0.48784018151041875	0.674852407771882	2.2963978496547215	3.8500695800519873	[811, 734, 10, 158, 1115, 1086, 1112]	113000
109	0.4909745478825298	0.6791533018489735	2.2963978496547215	2.836907934762174	[2297, 400, 19, 132, 1108, 1086, 1112]	120330
110	0.4940897322489467	0.6842461065815295	2.2963978496547215	3.6566562240450455	[2297, 400, 654, 132, 1108, 1086, 1112]	117464
111	0.49718585200160725	0.6884227453833611	2.2963978496547215	3.6005472023443943	[2624, 1993, 19, 132, 1108, 1086, 1112]	116528
112	0.5002630238140224	0.6925441376401948	2.2963978496547215	3.5522711143030543	[1742, 400, 654, 132, 1108, 1086, 1112]	118412
113	0.5033213636456735	0.6961296287464317	2.2963978496547215	3.718294247239391	[4196, 1663, 1546, 234, 174, 1086, 1112]	113581
114	0.5063609867463807	0.6995748710508939	2.2963978496547215	4.334859706642342	[158, 420, 1822, 1210, 1117, 1086, 1112]	109830
115	0.5093820076606477	0.7029810516512238	2.2963978496547215	4.011590160119732	[846, 10, 107, 836, 1089, 1086, 1112]	104335
116	0.5123845402319771	0.7069098737193293	2.2963978496547215	3.64446702722874	[1667, 4118, 23, 5272, 174, 1086, 1112]	105666
117	0.5153686976071608	0.7107867272415604	2.2963978496547215	3.5483401810370205	[10, 232, 1192, 836, 1089, 1086, 1112]	112752
118	0.5183345922405433	0.7140657892909759	2.2963978496547215	3.1148748190664355	[669, 811, 3459, 1203, 174, 1086, 1112]	113605
119	0.5212823358982609	0.7173076737661349	2.2963978496547215	3.280753655086839	[1579, 1580, 438, 2627, 261, 1086, 1112]	122659
120	0.5242120396624514	0.7200549266935777	2.2963978496547215	2.6644906150647802	[1549, 10, 734, 1203, 174, 1086, 1112]	119842
121	0.5271238139354417	0.723228907116553	2.2963978496547215	2.852510554598944	[3284, 811, 3459, 1203, 174, 1086, 1112]	126738
122	0.5300177684439074	0.7255343722800969	2.2963978496547215	3.2027493590021914	[2872, 241, 132, 1713, 174, 1086, 1112]	121462
123	0.5328940122430079	0.7298909695454923	2.2963978496547215	3.1064053138236165	[2196, 2197, 241, 132, 1108, 1086, 1112]	115604
124	0.5357526537204963	0.7329534302082417	2.2963978496547215	2.8649135046369567	[2627, 261, 217, 132, 1108, 1086, 1112]	117791
125	0.5385938006008033	0.7355486349681227	2.2963978496547215	3.6535262502099135	[241, 1720, 132, 217, 261, 1086, 1112]	127920
126	0.5414175599490971	0.737436786559949	2.2963978496547215	3.7548264184334723	[734, 10, 161, 1713, 174, 1086, 1112]	115034
127	0.5442240381753178	0.7393114569718492	2.2963978496547215	3.517456662911222	[101, 370, 1032, 132, 1108, 1086, 1112]	112635
128	0.5470133410381877	0.7422671093871344	2.2963978496547215	3.684526476794801	[846, 10, 438, 2627, 261, 1086, 1112]	109828
129	0.5497855736491959	0.7444139889424268	2.2963978496547215	3.831483791594195	[1579, 1580, 438, 3366, 150, 1086, 1112]	123597
130	0.5525408404765602	0.7473117895213108	2.2963978496547215	3.3858483055097928	[1873, 10, 734, 19, 334, 1086, 1112]	126385
131	0.5552792453491631	0.7512112989422783	2.2963978496547215	3.830284031234858	[2486, 257, 320, 836, 1089, 1086, 1112]	105050
132	0.5580008914604654	0.7545021547763752	2.2963978496547215	3.6599774008098205	[241, 132, 1032, 1729, 1094, 1086, 1112]	127947
133	0.5607058813723937	0.7562549804696479	2.2963978496547215	3.472289524550229	[161, 10, 734, 19, 334, 1086, 1112]	111100
134	0.5633943170192066	0.7594791209396261	2.2963978496547215	2.796959156295561	[1549, 107, 734, 1203, 174, 1086, 1112]	109180
135	0.5660662997113346	0.7618165444484732	2.2963978496547215	3.5880194384738697	[1549, 232, 320, 836, 1089, 1086, 1096]	112190
136	0.5687219301391991	0.7649671192573559	2.2963978496547215	3.582736484816656	[1792, 232, 1192, 836, 1089, 1086, 1112]	104841
137	0.5713613083770063	0.7672512094492183	2.2963978496547215	4.274553834893721	[542, 269, 1337, 254, 174, 1086, 1112]	110261
138	0.573984533886518	0.7691899748848767	2.2963978496547215	3.2771900877665443	[2872, 241, 132, 19, 334, 1086, 1112]	104322
139	0.5765917055208005	0.7727518579885051	2.2963978496547215	3.960706826155282	[3157, 1202, 1201, 1203, 174, 1086, 1112]	106859
140	0.5791829215279491	0.774960294742747	2.2963978496547215	3.529780189505308	[3694, 673, 670, 132, 1108, 1086, 1112]	116106
141	0.5817582795547906	0.7771472695265882	2.2963978496547215	4.030536204989326	[158, 1557, 734, 19, 334, 1086, 1112]	112172
142	0.5843178766505632	0.7793129909111695	2.2963978496547215	2.8066942250663134	[3, 19, 734, 1203, 174, 1086, 1112]	113172
143	0.5868618092705735	0.7808886701573561	2.2963978496547215	3.428889265862453	[813, 651, 734, 1203, 174, 1086, 1112]	125936
144	0.5893901732798315	0.7833729255977488	2.2963978496547215	3.697156180925268	[193, 232, 10, 158, 1115, 1086, 1112]	122518
145	0.5919030639566627	0.785478144979695	2.2963978496547215	3.6418698094676936	[2051, 1849, 420, 158, 1115, 1086, 1112]	111398
146	0.5944005759962993	0.7879103655581565	2.2963978496547215	4.105601844702741	[837, 160, 320, 836, 1089, 1086, 1112]	117726
147	0.5968828035144478	0.7894246605622037	2.2963978496547215	2.459046640849971	[157, 10, 734, 1203, 174, 1086, 1112]	125930
148	0.5993498400508366	0.7909281436783182	2.2963978496547215	3.7582249848978684	[1549, 107, 734, 19, 334, 1086, 1112]	120961
149	0.6018017785727398	0.7932985728883145	2.2963978496547215	2.7871083623429813	[1555, 2229, 734, 1203, 174, 1086, 1096]	123157
150	0.6042387114784816	0.7950203673665459	2.2963978496547215	2.6103471929178546	[2004, 19, 734, 1203, 174, 1086, 1112]	108095
151	0.6066607306009177	0.7970123948945679	2.2963978496547215	3.7115410360418	[1549, 162, 420, 158, 1115, 1086, 1112]	130439
152	0.6090679272108961	0.7996974161261212	2.2963978496547215	3.6493987099439575	[1726, 132, 241, 1729, 1094, 1086, 1112]	108977
153	0.611460392020696	0.8019684204784328	2.2963978496547215	2.936799553153932	[734, 811, 3459, 1203, 174, 1086, 1096]	116410
154	0.6138382151874471	0.8045878858160196	2.2963978496547215	4.916026715702105	[87, 1265, 159, 3075, 334, 1086, 1112]	125831
155	0.6162014863165263	0.8068034426661781	2.2963978496547215	3.3731928936652027	[4015, 241, 1720, 132, 1108, 1086, 1112]	106765
156	0.6185502944649346	0.8089938798241579	2.2963978496547215	3.898308793818061	[2627, 438, 10, 158, 1115, 1086, 1112]	124229
157	0.6208847281446535	0.8115204158053199	2.2963978496547215	3.4370654128233644	[669, 813, 19, 132, 1108, 1086, 1112]	119716
158	0.6232048753259798	0.8140135319983712	2.2963978496547215	2.92478037844411	[19, 1126, 241, 132, 1108, 1086, 1112]	135671
159	0.6255108234408409	0.8158209806669974	2.2963978496547215	2.9121266964169745	[119, 409, 19, 132, 1108, 1086, 1112]	126939
160	0.6278026593860897	0.8173551665839736	2.2963978496547215	3.6380241084139104	[1715, 132, 19, 1987, 334, 1086, 1112]	128238
161	0.6300804695267795	0.8186592291775312	2.2963978496547215	3.8919967059155205	[1849, 420, 158, 1546, 234, 1086, 1112]	105260
162	0.6323443396994177	0.8207152469873098	2.2963978496547215	3.684526476794801	[846, 10, 438, 2627, 261, 1086, 1112]	111215
163	0.6345943552152014	0.8234819870029377	2.2963978496547215	3.2274861155624004	[1723, 241, 1031, 132, 1108, 1086, 1112]	108174
164	0.6368306008632311	0.8251974195879432	2.2963978496547215	3.2681320931479263	[3284, 734, 19, 132, 1108, 1086, 1112]	107316
165	0.6390531609137072	0.8275096230325472	2.2963978496547215	3.610381129071108	[107, 162, 1192, 836, 1089, 1086, 1112]	125217
166	0.641262119121105	0.8289464441651373	2.2963978496547215	3.2576636782570283	[846, 10, 734, 19, 334, 1086, 1112]	111488
167	0.6434575587273302	0.8306087722101797	2.2963978496547215	2.340398178917159	[107, 10, 734, 1203, 174, 1086, 1112]	133782
168	0.6456395624648572	0.8325293076726493	2.2963978496547215	3.0635001754261895	[1819, 1513, 1031, 132, 1108, 1086, 1096]	127920
169	0.6478082125598458	0.8347445284706302	2.2963978496547215	3.529780189505308	[3694, 668, 670, 132, 1108, 1086, 1112]	127613
170	0.6499635907352397	0.836350509729419	2.2963978496547215	2.8080246507420323	[3621, 1720, 241, 132, 1108, 1086, 1112]	135018
171	0.6521057782138465	0.8385151855266489	2.2963978496547215	4.200543630926319	[241, 1031, 227, 165, 261, 1086, 1112]	121767
172	0.6542348557213988	0.8400845228879059	2.2963978496547215	2.4284869069402104	[10, 734, 19, 132, 1108, 1086, 1112]	117682
173	0.6563509034895958	0.8416386091572169	2.2963978496547215	4.305791145836806	[1456, 2004, 19, 1987, 334, 1086, 1112]	112055
174	0.6584540012591262	0.8434340897790171	2.2963978496547215	4.011590160119732	[846, 10, 107, 836, 1089, 1086, 1112]	113017
175	0.6605442282826743	0.8449556243778605	2.2963978496547215	3.6198665328164	[734, 10, 301, 2627, 261, 1086, 1112]	108121
176	0.6626216633279062	0.8460626229543261	2.2963978496547215	3.392899669995164	[19, 132, 241, 217, 261, 1086, 1112]	110697
177	0.6646863846804371	0.847161717691369	2.2963978496547215	4.4122131210941955	[119, 409, 19, 422, 636, 1086, 1112]	113799
178	0.6667384701467826	0.8488945780350043	2.2963978496547215	2.740062281339724	[1820, 733, 734, 1203, 174, 1086, 1112]	106841
179	0.6687779970572902	0.8508933270027953	2.2963978496547215	3.710858051374953	[195, 190, 196, 1078, 334, 1086, 1112]	116666
180	0.6708050422690536	0.8528656374921763	2.2963978496547215	3.8659863438700164	[2872, 241, 132, 1729, 1094, 1086, 1112]	127087
181	0.6728196821688086	0.8540912465093177	2.2963978496547215	3.406818157384917	[2872, 241, 132, 217, 261, 1086, 1112]	107353
182	0.6748219926758121	0.8553066463717973	2.2963978496547215	4.3901550944647605	[650, 651, 734, 19, 334, 1086, 1112]	128740
183	0.6768120492447027	0.8563397398706599	2.2963978496547215	3.569571468447738	[193, 1265, 734, 1203, 174, 1086, 1112]	114429
184	0.6787899268683444	0.8577358551294485	2.2963978496547215	3.9285733316174305	[10, 734, 19, 422, 636, 1086, 1112]	120647
185	0.6807557000806521	0.8591184026986473	2.2963978496547215	3.660212642330709	[10, 158, 420, 1822, 1094, 1086, 1112]	144109
186	0.682709442959401	0.8604875144314106	2.2963978496547215	3.1747220511474428	[305, 3083, 19, 132, 1108, 1086, 1112]	119004
187	0.6846512291290177	0.8616496342612198	2.2963978496547215	2.5846064999161147	[1529, 2229, 734, 1203, 174, 1086, 1112]	112958
188	0.6865811317633546	0.8637846707695342	2.2963978496547215	3.6566562240450455	[2297, 400, 654, 132, 1108, 1086, 1112]	115637
189	0.6884992235884477	0.865329062257408	2.2963978496547215	2.8649135046369567	[2627, 261, 217, 132, 1108, 1086, 1112]	110623
190	0.6904055768852569	0.8674073174694851	2.2963978496547215	3.3731928936652027	[1723, 241, 1720, 132, 1108, 1086, 1112]	114090
191	0.6923002634923902	0.8689106358655226	2.2963978496547215	4.105601844702741	[837, 160, 320, 836, 1089, 1086, 1112]	129229
192	0.69418335480881	0.8703969098353013	2.2963978496547215	3.96417161656849	[320, 232, 10, 158, 1089, 1086, 1112]	110524
193	0.6960549217965248	0.8714764857633704	2.2963978496547215	3.38099684896389	[1392, 3083, 19, 132, 1108, 1086, 1112]	105219
194	0.6979150349832625	0.8723941285139145	2.2963978496547215	3.523898180591541	[241, 1720, 132, 19, 334, 1086, 1112]	125912
195	0.6997637644651284	0.8734570678848941	2.2963978496547215	4.334830327898981	[811, 3459, 1203, 174, 234, 1086, 1112]	122344
196	0.701601179909247	0.8746868339890252	2.2963978496547215	3.9512614615099677	[1549, 107, 420, 1822, 1094, 1086, 1112]	128029
197	0.7034273505563867	0.8759046490134273	2.2963978496547215	3.1005864631871427	[734, 19, 132, 1713, 174, 1086, 1112]	107047
198	0.7052423452235697	0.8773518251182271	2.2963978496547215	3.718294247239391	[4196, 1663, 1546, 234, 174, 1086, 1096]	125550
199	0.7070462323066644	0.8783734675578919	2.2963978496547215	3.9749713366551545	[734, 733, 415, 255, 174, 1086, 1112]	117127
200	0.7088390797829642	0.8799822841245865	2.2963978496547215	3.302752345972076	[1579, 4018, 241, 132, 1108, 1086, 1112]	114790
201	0.7106209552137479	0.8811486370485458	2.2963978496547215	3.019399258546427	[382, 409, 19, 132, 1108, 1086, 1112]	119909
202	0.712391925746826	0.8823036551530303	2.2963978496547215	3.8521414024298384	[241, 217, 132, 387, 344, 1086, 1112]	125300
203	0.7141520581190712	0.8831439931896601	2.2963978496547215	2.340398178917159	[107, 10, 734, 1203, 174, 1086, 1112]	110942
204	0.7159014186589336	0.8841173876653814	2.2963978496547215	3.428889265862453	[3085, 651, 734, 1203, 174, 1086, 1112]	135347
205	0.7176400732889395	0.8852435549378266	2.2963978496547215	3.8690448807259967	[3621, 1720, 132, 387, 344, 1086, 1112]	117745
206	0.7193680875281763	0.8873686742908298	2.2963978496547215	3.8435401121328816	[2071, 321, 1398, 132, 1108, 1086, 1112]	124137
207	0.7210855264947609	0.8891068120332553	2.2963978496547215	3.677007465034425	[394, 193, 1265, 255, 174, 1086, 1112]	116835
208	0.722792454908294	0.8903641044138306	2.2963978496547215	2.2963978496547215	[846, 10, 734, 1203, 174, 1086, 1112]	118884
209	0.7244889370922993	0.891814314672907	2.2963978496547215	2.813571952967709	[19, 241, 1031, 132, 1108, 1086, 1112]	132714
210	0.7261750369766463	0.8928656818772518	2.2963978496547215	4.323149915108484	[734, 10, 438, 2267, 261, 1086, 1112]	111442
211	0.7278508180999608	0.8942828024873412	2.2963978496547215	3.1669180958487546	[331, 241, 1720, 132, 1108, 1086, 1112]	120313
212	0.729516343612018	0.8951634122125611	2.2963978496547215	3.7218324981200333	[119, 409, 19, 132, 1094, 1086, 1112]	135729
213	0.7311716762761236	0.8965501395642468	2.2963978496547215	3.114445558142182	[3158, 3083, 19, 132, 1108, 1086, 1112]	109882
214	0.7328168784714775	0.8981465880277615	2.2963978496547215	3.6329396655825033	[2872, 241, 1031, 132, 1094, 1086, 1112]	112041
215	0.7344520121955256	0.8993013886170159	2.2963978496547215	2.732522825020183	[1742, 400, 19, 132, 1108, 1086, 1112]	115534
216	0.7360771390662955	0.9004430962290678	2.2963978496547215	3.2045923090637043	[2047, 232, 320, 836, 1089, 1086, 1112]	125307
217	0.737692320324719	0.901571859310371	2.2963978496547215	3.262298240352031	[1078, 334, 19, 132, 1108, 1086, 1112]	114288
218	0.7392976168369392	0.902274624639267	2.2963978496547215	2.595910195017368	[1550, 420, 162, 10, 734, 19, 794]	110549
219	0.7408930890966048	0.9030886635843793	2.2963978496547215	3.2771900877665443	[2872, 241, 132, 19, 334, 1086, 1096]	111405
220	0.7424787972271494	0.9040304647157265	2.2963978496547215	3.38931764995015	[3284, 813, 19, 132, 1108, 1086, 1096]	109711
221	0.7440548009840573	0.9052999030131375	2.2963978496547215	3.710858051374953	[195, 190, 196, 1078, 334, 1086, 1112]	110414
222	0.7456211597571152	0.9062202149372081	2.2963978496547215	3.4707681762945217	[1879, 232, 320, 836, 1089, 1086, 1112]	118401
223	0.7471779325726502	0.9072834778064006	2.2963978496547215	2.9670826863691984	[1819, 241, 19, 132, 1108, 1086, 1112]	124217
224	0.7487251780957545	0.9083346855410219	2.2963978496547215	4.017401056352248	[2872, 241, 19, 387, 344, 1086, 1112]	126686
225	0.7502629546324955	0.9092255049235193	2.2963978496547215	3.057910963885006	[160, 331, 241, 132, 1108, 1086, 1112]	110089
226	0.7517913201321139	0.9099816439912118	2.2963978496547215	4.278323337559792	[1849, 420, 1546, 234, 174, 1086, 1112]	127718
227	0.7533103321892064	0.9108564579465936	2.2963978496547215	2.4284869069402104	[10, 734, 19, 132, 1108, 1086, 1112]	126718
228	0.7548200480458969	0.9117227703086286	2.2963978496547215	4.4145462830548095	[241, 1031, 1511, 387, 344, 1086, 1112]	131050
229	0.7563205245939929	0.9125806636972718	2.2963978496547215	3.517456662911222	[101, 370, 1032, 132, 1108, 1086, 1112]	120238
230	0.7578118183771302	0.9134302199295625	2.2963978496547215	3.069270376387018	[158, 1557, 734, 1203, 174, 1086, 1112]	109855
231	0.7592939855929031	0.914048317960648	2.2963978496547215	4.211926027069165	[3, 19, 387, 344, 174, 1086, 1112]	107949
232	0.7607670820949822	0.9151852449717505	2.2963978496547215	3.9095502278242638	[193, 842, 157, 1713, 174, 1086, 1112]	138677
233	0.7622311633952195	0.9157908123307907	2.2963978496547215	2.4284869069402104	[10, 734, 19, 132, 1108, 1086, 1112]	104446
234	0.7636862846657397	0.9166091717833584	2.2963978496547215	2.95927873107051	[19, 241, 1720, 132, 1108, 1086, 1112]	123231
235	0.7651325007410201	0.9175546460261774	2.2963978496547215	2.424582476907486	[1873, 10, 734, 1203, 174, 1086, 1112]	117542
236	0.7665698661199564	0.9183558642377793	2.2963978496547215	2.4284869069402104	[10, 734, 19, 132, 1108, 1086, 1112]	111316
237	0.7679984349679162	0.9191492960722032	2.2963978496547215	3.640791148486131	[241, 1209, 132, 19, 334, 1086, 1112]	134539
238	0.7694182611187811	0.9200659707199106	2.2963978496547215	3.4707681762945217	[1879, 232, 320, 836, 1089, 1086, 1112]	116122
239	0.7708293980769743	0.9209722522310227	2.2963978496547215	3.6633877280958647	[734, 19, 241, 1729, 1094, 1086, 1112]	141396
240	0.7722318990194776	0.9218682584415554	2.2963978496547215	2.918588336430587	[331, 241, 19, 132, 1108, 1086, 1112]	144360
241	0.7736258167978352	0.9226275562215208	2.2963978496547215	2.632664465514411	[432, 422, 19, 132, 1108, 1086, 1112]	112099
242	0.7750112039401446	0.9233794750143145	2.2963978496547215	3.412073299814958	[734, 19, 241, 132, 1094, 1086, 1112]	111058
243	0.7763881126530371	0.9245618905233529	2.2963978496547215	2.8232338638794454	[2872, 241, 1031, 132, 1108, 1086, 1112]	104868
244	0.7777565948236447	0.9252950111207936	2.2963978496547215	3.449457451827187	[241, 1720, 132, 1713, 174, 1086, 1096]	108775
245	0.7791167020215551	0.926447865887448	2.2963978496547215	3.924045778520189	[1791, 420, 2307, 1468, 1089, 1086, 1096]	110631
246	0.7804684855007559	0.9270605450553993	2.2963978496547215	3.406818157384917	[2872, 241, 132, 217, 261, 1086, 1112]	134189
247	0.7818119962015646	0.9277693832958716	2.2963978496547215	3.123661932901401	[119, 123, 19, 132, 1108, 1086, 1112]	110953
248	0.78314728475255	0.9282851013897906	2.2963978496547215	3.428889265862453	[813, 651, 734, 1203, 174, 1086, 1112]	105738
249	0.7844744014724385	0.9287971373172746	2.2963978496547215	3.4414835971976077	[241, 132, 387, 344, 174, 1086, 1112]	111009
250	0.7857933963720113	0.9293055173685585	2.2963978496547215	2.8066942250663134	[3, 19, 734, 1203, 174, 1086, 1112]	109774
251	0.7871043191559887	0.9301070421149467	2.2963978496547215	4.091414439139802	[1917, 10, 415, 255, 174, 1086, 1112]	122951
252	0.7884072192249029	0.9306892408478501	2.2963978496547215	2.8502715991067618	[2004, 19, 241, 132, 1108, 1086, 1112]	135443
253	0.78970214567696	0.9316060498313441	2.2963978496547215	3.3425745694024425	[77, 1460, 19, 132, 1108, 1086, 1112]	111844
254	0.79098914730989	0.9321757620359976	2.2963978496547215	3.9734324638752527	[837, 162, 420, 1822, 1094, 1086, 1112]	127068
255	0.7922682726227859	0.9327407286162892	2.2963978496547215	3.9756051473631375	[1858, 77, 19, 132, 1108, 1086, 1112]	116284
256	0.7935395698179306	0.9332209518902849	2.2963978496547215	3.6446290711429956	[2149, 420, 158, 1713, 174, 1086, 1112]	133653
257	0.7948030868026147	0.9338699222314871	2.2963978496547215	3.8966465151076566	[1580, 1674, 438, 2627, 261, 1086, 1112]	121956
258	0.7960588711909402	0.9345125857666525	2.2963978496547215	2.459046640849971	[157, 10, 734, 1203, 174, 1086, 1112]	138002
259	0.7973069703056163	0.935149003786413	2.2963978496547215	2.668338012613643	[2309, 420, 1917, 10, 734, 19, 794]	113133
260	0.7985474311797415	0.9357792369857675	2.2963978496547215	3.867250396798088	[1580, 438, 10, 158, 1115, 1086, 1112]	124862
261	0.7997803005585766	0.9364033454698708	2.2963978496547215	4.14380766961312	[19, 734, 10, 494, 636, 1086, 1112]	118425
262	0.8010056249013066	0.9371243959747476	2.2963978496547215	2.7871083623429813	[1555, 2229, 734, 1203, 174, 1086, 1112]	138524
263	0.8022234503827901	0.9377354319711058	2.2963978496547215	2.8971011910570814	[781, 19, 734, 1203, 174, 1086, 1112]	128423
264	0.803433822895301	0.9383405298139521	2.2963978496547215	3.8500695800519873	[811, 734, 10, 158, 1115, 1086, 1112]	111685
265	0.8046367880502566	0.9389397472112898	2.2963978496547215	3.7955371329617167	[160, 87, 1265, 255, 174, 1086, 1112]	138926
266	0.8058323911799374	0.9397474225127278	2.2963978496547215	3.514672406513336	[2028, 493, 217, 132, 1108, 1086, 1112]	112994
267	0.8070206773391946	0.9403329674834495	2.2963978496547215	3.6232777546707666	[19, 241, 1031, 132, 1094, 1086, 1112]	138286
268	0.8082016913071481	0.9409128220268562	2.2963978496547215	3.6967420645629243	[158, 10, 438, 2627, 261, 1086, 1112]	124748
269	0.8093754775888748	0.9414870414435049	2.2963978496547215	3.3330413070723255	[1468, 2229, 734, 1203, 174, 1086, 1112]	114254
270	0.8105420804170842	0.9420556804965321	2.2963978496547215	3.714872943581339	[1549, 107, 10, 158, 1115, 1086, 1112]	113628
271	0.8117015437537866	0.9425383487139704	2.2963978496547215	3.8091848861950828	[1917, 10, 158, 1713, 174, 1086, 1112]	118725
272	0.8128539112919491	0.9430169963714966	2.2963978496547215	3.2027493590021914	[2872, 241, 132, 1713, 174, 1086, 1112]	116150
273	0.8139992264571421	0.9438963637114427	2.2963978496547215	3.471296303685169	[1548, 241, 1031, 132, 1108, 1086, 1112]	108848
274	0.8151375324091761	0.9445324593609727	2.2963978496547215	3.851540388701957	[846, 10, 161, 1713, 174, 1086, 1112]	114173
275	0.816268872043728	0.9449284910666123	2.2963978496547215	2.4629843211448703	[241, 19, 734, 1203, 174, 1086, 1112]	110181
276	0.8173932879939572	0.9457783600316337	2.2963978496547215	4.234445507660305	[3135, 232, 1879, 836, 1089, 1086, 1112]	107786
277	0.8185108226321126	0.9463931178544043	2.2963978496547215	3.7601638910004205	[1820, 10, 438, 2627, 261, 1086, 1112]	115894
278	0.8196215180711294	0.9469140788082002	2.2963978496547215	3.019399258546427	[382, 409, 19, 132, 1108, 1086, 1112]	118264
279	0.8207254161662154	0.9474299769733294	2.2963978496547215	3.7605808323473218	[107, 10, 301, 2627, 261, 1086, 1112]	108582
280	0.8218225585164294	0.9480260089804345	2.2963978496547215	3.0635001754261895	[1819, 1513, 1031, 132, 1108, 1086, 1112]	107134
281	0.8229129864662477	0.9488509929648721	2.2963978496547215	4.319595702286007	[5187, 436, 1417, 5272, 174, 1086, 1112]	139186
282	0.8239967411071227	0.949430913679556	2.2963978496547215	3.387957672867911	[4015, 241, 217, 132, 1108, 1086, 1096]	111727
283	0.8250738632790312	0.9500042593294478	2.2963978496547215	4.0318654336390845	[837, 162, 107, 1546, 234, 1086, 1096]	116926
284	0.8261443935720137	0.9504207169776823	2.2963978496547215	2.8157215847887036	[238, 10, 734, 1203, 174, 1086, 1112]	120373
285	0.8272083723277035	0.950833705590946	2.2963978496547215	3.5772400492380187	[1849, 420, 158, 1713, 174, 1086, 1112]	132978
286	0.8282658396408473	0.9514840534005896	2.2963978496547215	3.7043429819726814	[1719, 2072, 241, 132, 1108, 1086, 1112]	136546
287	0.8293168353608159	0.95183045154374	2.2963978496547215	3.4786958857112795	[320, 232, 734, 1203, 174, 1086, 1112]	134239
288	0.8303613990931061	0.9524676148831085	2.2963978496547215	2.589223528154112	[394, 193, 1743, 1742, 400, 19, 794]	107045
289	0.8313995702008331	0.9529295428239918	2.2963978496547215	2.4284869069402104	[10, 734, 19, 132, 1108, 1086, 1112]	138815
290	0.8324313878062135	0.953463221476781	2.2963978496547215	3.6859385065488217	[87, 1265, 415, 255, 174, 1086, 1112]	107413
291	0.8334568907920402	0.9540787873302627	2.2963978496547215	3.9749713366551545	[734, 733, 415, 255, 174, 1086, 1112]	136423
292	0.8344761178031472	0.9545994359999876	2.2963978496547215	3.8204237423157705	[2387, 1663, 1546, 234, 174, 1086, 1096]	128504
293	0.8354891072478661	0.9551999725608344	2.2963978496547215	3.64446702722874	[1667, 4118, 23, 5272, 174, 1086, 1112]	111833
294	0.8364958972994733	0.9558913310089696	2.2963978496547215	3.5880194384738697	[2264, 232, 320, 836, 1089, 1086, 1112]	119037
295	0.8374965258976286	0.9563199866842955	2.2963978496547215	3.7611250776837037	[2051, 1849, 420, 1822, 1094, 1086, 1112]	132486
296	0.838491030749805	0.9568152249305053	2.2963978496547215	4.0884547624881575	[4015, 241, 1729, 1822, 1094, 1086, 1112]	125745
297	0.8394794493327097	0.9572349020448833	2.2963978496547215	3.9232075148667525	[2764, 400, 654, 132, 1108, 1086, 1112]	144675
298	0.8404618188936956	0.9576505006644666	2.2963978496547215	2.340398178917159	[107, 10, 734, 1203, 174, 1086, 1096]	113515
299	0.8414381764521666	0.9582266843288956	2.2963978496547215	3.5680410021327917	[1799, 1019, 19, 132, 1108, 1086, 1112]	116827
300	0.8424085588009705	0.9586326446366809	2.2963978496547215	3.2955640872694314	[193, 232, 320, 836, 1089, 1086, 1112]	107931
301	0.8433730025077875	0.9591016622711857	2.2963978496547215	3.6491301301768795	[846, 10, 158, 1713, 174, 1086, 1112]	113909
302	0.8443315439165066	0.9595653622454352	2.2963978496547215	3.2090431767779197	[21, 422, 19, 132, 1108, 1086, 1112]	110357
303	0.8452842191485962	0.9601002119511834	2.2963978496547215	2.7760423804394057	[811, 734, 19, 132, 1108, 1086, 1112]	117437
304	0.846231064104465	0.9606279869253741	2.2963978496547215	3.6232777546707666	[19, 241, 1031, 132, 1094, 1086, 1112]	116382
305	0.8471721144648147	0.9610743816314357	2.2963978496547215	4.032788606352214	[1586, 107, 10, 158, 1115, 1086, 1112]	112767
306	0.8481074056919847	0.9616750856186048	2.2963978496547215	3.717549963485718	[2636, 162, 1192, 836, 1089, 1086, 1112]	112365
307	0.8490369730312887	0.9619943268879209	2.2963978496547215	3.262298240352031	[1078, 334, 19, 132, 1108, 1086, 1112]	110143
308	0.8499608515123422	0.9622656829165667	2.2963978496547215	3.617730452445091	[3621, 1720, 241, 132, 1094, 1086, 1112]	106867
309	0.8508790759503835	0.9626323915373969	2.2963978496547215	3.069270376387018	[158, 1557, 734, 1203, 174, 1086, 1112]	114264
310	0.8517916809475847	0.9632090521618198	2.2963978496547215	3.3037506737243847	[241, 1031, 132, 1713, 174, 1086, 1112]	136680
311	0.8526987008943563	0.9635665929571374	2.2963978496547215	4.266282282816155	[1799, 1019, 10, 232, 1023, 1086, 1112]	108254
312	0.8536001699706431	0.9639206591091575	2.2963978496547215	3.7689273481095933	[1580, 438, 217, 132, 1108, 1086, 1112]	135206
313	0.8544961221472118	0.9642712843850646	2.2963978496547215	2.459046640849971	[157, 10, 734, 1203, 174, 1086, 1112]	111812
314	0.8553865911869317	0.964618502223888	2.2963978496547215	3.7285268060572383	[107, 10, 438, 2627, 261, 1086, 1112]	105623
315	0.8562716106460466	0.9650196529923247	2.2963978496547215	3.6990293771762026	[2627, 438, 1779, 132, 1108, 1086, 1112]	121380
316	0.8571512138754396	0.9653110344751041	2.2963978496547215	3.4617067333156504	[1791, 420, 158, 1713, 174, 1086, 1112]	132300
317	0.8580254340218895	0.9655587096023123	2.2963978496547215	2.5175281685442332	[1726, 132, 241, 19, 409, 4290, 794]	115912
318	0.8588943040293203	0.9659492004231478	2.2963978496547215	3.021211317745953	[331, 241, 1031, 132, 1108, 1086, 1096]	122385
319	0.8597578566400428	0.9661923191206679	2.2963978496547215	3.4007268128686983	[331, 241, 132, 1713, 174, 1086, 1112]	112196
320	0.8606161243959878	0.9665756261601162	2.2963978496547215	3.921602664019894	[1799, 1019, 10, 158, 1115, 1086, 1096]	127338
321	0.8614691396399328	0.9669004500069567	2.2963978496547215	3.8821799646717103	[331, 241, 1729, 1822, 1094, 1086, 1112]	123245
322	0.862316934516721	0.9673382747423144	2.2963978496547215	3.529780189505308	[3694, 673, 670, 132, 1108, 1086, 1112]	112621
323	0.8631595409744721	0.9676103424245941	2.2963978496547215	3.039329065593953	[2094, 10, 734, 1203, 174, 1086, 1112]	136079
324	0.8639969907657867	0.9679251107197876	2.2963978496547215	4.199777809351197	[1791, 1792, 496, 217, 261, 1086, 1096]	114691
325	0.8648293154489428	0.9681922901390313	2.2963978496547215	3.4007268128686983	[331, 241, 132, 1713, 174, 1086, 1112]	123921
326	0.8656565463890848	0.9684193934402342	2.2963978496547215	3.4414835971976077	[241, 132, 387, 344, 174, 1086, 1112]	114512
327	0.8664787147594055	0.9686824555523522	2.2963978496547215	4.279594673972973	[2764, 1511, 2327, 387, 344, 1086, 1112]	111804
328	0.867295851542321	0.969165750991359	2.2963978496547215	3.307594970447864	[2872, 241, 1729, 132, 1108, 1086, 1112]	135032
329	0.8681079875306381	0.969515345651321	2.2963978496547215	2.9689406419822477	[2872, 241, 1720, 132, 1108, 1086, 1112]	125038
330	0.8689151533287149	0.9697692786321513	2.2963978496547215	4.0107935820270635	[734, 10, 107, 1546, 234, 1086, 1112]	128070
331	0.8697173793536138	0.9699851224212952	2.2963978496547215	4.052964398363213	[382, 409, 19, 1987, 334, 1086, 1112]	110988
332	0.8705146958362477	0.9703254271557477	2.2963978496547215	3.9092548125542814	[331, 160, 320, 836, 1089, 1086, 1112]	112102
333	0.8713071328225196	0.9707833680947022	2.2963978496547215	3.9839652106672077	[1879, 496, 217, 132, 1094, 1086, 1112]	112452
334	0.8720947201744544	0.9710673003775525	2.2963978496547215	4.023163733721174	[781, 19, 132, 387, 344, 1086, 1112]	111112
335	0.8728774875713248	0.9713083057888182	2.2963978496547215	3.9007627858598504	[2306, 420, 158, 1713, 174, 1086, 1112]	104929
336	0.8736554645107688	0.971763729506456	2.2963978496547215	3.6909182876515674	[2033, 2034, 1032, 132, 1108, 1086, 1112]	115782
337	0.8744286803099022	0.9719989337587971	2.2963978496547215	3.406818157384917	[2872, 241, 132, 217, 261, 1086, 1096]	105499
338	0.8751971641064229	0.9721988580730081	2.2963978496547215	3.7548264184334723	[734, 10, 161, 1713, 174, 1086, 1112]	120819
339	0.8759609448597092	0.9725665980455873	2.2963978496547215	3.660901199473729	[10, 232, 1879, 836, 1089, 1086, 1112]	122011
340	0.8767200513519107	0.972929473732815	2.2963978496547215	3.1015860273876683	[241, 1729, 1032, 132, 1108, 1086, 1112]	112171
341	0.877474512189033	0.97328754947709	2.2963978496547215	3.125527937822353	[669, 673, 670, 132, 1108, 1086, 1112]	114861
342	0.8782243558020166	0.9735904117279166	2.2963978496547215	3.9092850514089905	[1535, 496, 1879, 836, 1089, 1086, 1112]	121502
343	0.8789696104478066	0.973778973076917	2.2963978496547215	3.1207086718623307	[813, 19, 734, 1203, 174, 1086, 1112]	122290
344	0.879710304210419	0.97403379355236	2.2963978496547215	2.4284869069402104	[10, 734, 19, 132, 1108, 1086, 1112]	113057
345	0.8804464650019981	0.9742191892073678	2.2963978496547215	3.190121354476479	[160, 107, 734, 1203, 174, 1086, 1096]	114089
346	0.8811781205638691	0.9745114886494611	2.2963978496547215	3.2045923090637043	[2047, 232, 320, 836, 1089, 1086, 1112]	123777
347	0.8819052984675828	0.9747238044458005	2.2963978496547215	4.0187489784809785	[21, 422, 19, 132, 1094, 1086, 1112]	124857
348	0.882628026115955	0.9749343516807376	2.2963978496547215	2.6103471929178546	[2004, 19, 734, 1203, 174, 1086, 1096]	111476
349	0.883346330744099	0.9751431450861459	2.2963978496547215	2.7871083623429813	[1555, 2229, 734, 1203, 174, 1086, 1112]	140435
350	0.884060239420452	0.975384708302024	2.2963978496547215	3.1005864631871427	[734, 19, 132, 1713, 174, 1086, 1112]	123410
351	0.8847697790477949	0.9756239239647837	2.2963978496547215	3.934607130070347	[1799, 10, 158, 1713, 174, 1086, 1112]	123656
352	0.8854749763642666	0.9759002967089472	2.2963978496547215	3.3858483055097928	[1873, 10, 734, 19, 334, 1086, 1112]	139951
353	0.8861758579443713	0.9761010439250325	2.2963978496547215	3.1005864631871427	[734, 19, 132, 1713, 174, 1086, 1112]	108719
354	0.8868724501999795	0.9763720071458372	2.2963978496547215	3.8541771956592425	[837, 162, 420, 158, 1115, 1086, 1112]	139815
355	0.8875647793813242	0.9765688250788165	2.2963978496547215	3.1207086718623307	[1456, 19, 734, 1203, 174, 1086, 1112]	122524
356	0.8882528715779892	0.9768344846584217	2.2963978496547215	3.5273345462064576	[1792, 232, 734, 1203, 174, 1086, 1112]	119374
357	0.888936752719893	0.9771409068190245	2.2963978496547215	3.38931764995015	[3284, 813, 19, 132, 1108, 1086, 1096]	140728
358	0.8896164485782656	0.9773630554408028	2.2963978496547215	3.2418942286645542	[813, 3284, 734, 1203, 174, 1086, 1096]	112170
359	0.8902919847666195	0.9775516180776974	2.2963978496547215	4.131854078022713	[1544, 1526, 156, 1713, 174, 1086, 1096]	113827
360	0.8909633867417153	0.9777386100137432	2.2963978496547215	3.7786464436853056	[2872, 241, 1720, 132, 1094, 1086, 1112]	106822
361	0.8916306798045204	0.977897553715674	2.2963978496547215	3.1669180958487546	[331, 241, 1720, 132, 1108, 1086, 1112]	109742
362	0.8922938891011634	0.978148148344748	2.2963978496547215	3.428889265862453	[650, 651, 734, 1203, 174, 1086, 1112]	114902
363	0.8929530396238806	0.978330171265658	2.2963978496547215	2.424582476907486	[1873, 10, 734, 1203, 174, 1086, 1112]	133586
364	0.8936081562119588	0.9785106779606546	2.2963978496547215	2.2963978496547215	[846, 10, 734, 1203, 174, 1086, 1112]	117681
365	0.8942592635526704	0.9787949282521804	2.2963978496547215	3.1747220511474428	[305, 3083, 19, 132, 1108, 1086, 1096]	110571
366	0.8949063861822046	0.979075418619215	2.2963978496547215	4.057448318472347	[1580, 438, 80, 148, 1108, 1086, 1096]	114946
367	0.8955495484865915	0.9794629108670073	2.2963978496547215	3.906588029606888	[3895, 1030, 1032, 1729, 1094, 1086, 1096]	110836
368	0.896188774702621	0.9796624938517788	2.2963978496547215	4.190702650666948	[77, 786, 19, 132, 1094, 1086, 1112]	115522
369	0.8968240889187564	0.9799315084833691	2.2963978496547215	4.018250503814909	[1726, 132, 1729, 1822, 1094, 1086, 1112]	116647
370	0.897455515076042	0.9800986762594344	2.2963978496547215	3.907797470707865	[1579, 1580, 438, 8, 174, 1086, 1112]	111361
371	0.8980830769690055	0.9802920807661454	2.2963978496547215	3.688227867095672	[77, 19, 241, 132, 1094, 1086, 1112]	135643
372	0.898706798246554	0.9804836057344044	2.2963978496547215	4.1717070445324955	[4210, 415, 1265, 255, 174, 1086, 1112]	112681
373	0.8993267024128664	0.9806461746162503	2.2963978496547215	4.14140574692112	[1792, 232, 10, 494, 636, 1086, 1112]	135287
374	0.8999428128282778	0.9808342584392216	2.2963978496547215	3.4811257093260544	[3621, 1720, 132, 1713, 174, 1086, 1112]	122201
375	0.9005551527101606	0.9810205144310659	2.2963978496547215	4.136040537272099	[87, 1265, 193, 232, 1023, 1086, 1112]	110556
376	0.9011637451337995	0.9811560257220918	2.2963978496547215	3.677007465034425	[394, 193, 1265, 255, 174, 1086, 1112]	137562
377	0.9017686130332603	0.981290569478464	2.2963978496547215	3.907797470707865	[1579, 1580, 438, 8, 174, 1086, 1112]	111978
378	0.9023697792022549	0.9814723909606947	2.2963978496547215	2.4629503543304447	[1019, 10, 734, 1203, 174, 1086, 1112]	116969
379	0.9029672662950001	0.9816267233975069	2.2963978496547215	3.3945507805501087	[1579, 1580, 301, 2627, 261, 1086, 1112]	126430
380	0.903561096827071	0.9819183627086576	2.2963978496547215	3.1064053138236165	[2607, 1587, 241, 132, 1108, 1086, 1112]	111230
381	0.9041512931762495	0.982157537805104	2.2963978496547215	2.9740435102732192	[19, 241, 217, 132, 1108, 1086, 1112]	130523
382	0.9047378775833681	0.9823935492097984	2.2963978496547215	4.133633852433935	[193, 1872, 843, 3094, 174, 1086, 1112]	116655
383	0.9053208721531475	0.9826264387705153	2.2963978496547215	2.7642200001497343	[241, 1031, 132, 1032, 1707, 1708, 794]	108748
384	0.9059002988550297	0.982823417922777	2.2963978496547215	4.029312998808351	[1742, 400, 19, 387, 344, 1086, 1112]	139460
385	0.9064761795240058	0.9830571129170249	2.2963978496547215	4.007425286017618	[2299, 2297, 400, 19, 334, 1086, 1112]	121611
386	0.9070485358614393	0.9832492091424555	2.2963978496547215	3.727629877174775	[1807, 157, 320, 836, 1089, 1086, 1096]	132357
387	0.9076173894358833	0.9834119962256193	2.2963978496547215	2.95927873107051	[19, 241, 1720, 132, 1108, 1086, 1112]	111032
388	0.9081827616838937	0.9836679839381868	2.2963978496547215	3.8703935853399845	[1849, 420, 1879, 836, 1089, 1086, 1112]	120116
389	0.9087446739108365	0.9838267012954445	2.2963978496547215	3.1005864631871427	[734, 19, 132, 1713, 174, 1086, 1112]	121155
390	0.9093031472916914	0.9840762892384161	2.2963978496547215	3.179899696473333	[1792, 232, 320, 836, 1089, 1086, 1112]	111585
391	0.9098582028718492	0.984256830176756	2.2963978496547215	3.3147954491973186	[1799, 232, 320, 836, 1089, 1086, 1112]	112363
392	0.9104098615679049	0.9843879686175994	2.2963978496547215	3.959618089622209	[1917, 10, 157, 1713, 174, 1086, 1112]	117254
393	0.9109581441684464	0.9845649757761299	2.2963978496547215	3.9354542882069943	[269, 1337, 240, 1203, 174, 1086, 1112]	123754
394	0.9115030713348373	0.984739976050777	2.2963978496547215	3.8204237423157705	[2387, 1663, 1546, 234, 174, 1086, 1112]	117943
395	0.9120446636019957	0.984912992195326	2.2963978496547215	3.3983687794952298	[3075, 334, 19, 132, 1108, 1086, 1112]	110574
396	0.9125829413791682	0.9850386648967394	2.2963978496547215	3.3333010924626487	[1820, 10, 734, 19, 334, 1086, 1112]	113987
397	0.9131179249506987	0.9851632907618227	2.2963978496547215	3.4177184342752316	[1917, 10, 734, 19, 334, 1086, 1112]	111738
398	0.9136496344767933	0.9853987940830636	2.2963978496547215	3.1064053138236165	[2607, 1587, 241, 132, 1108, 1086, 1112]	111974
399	0.9141780899942792	0.9855919317274676	2.2963978496547215	3.9899958123848807	[781, 19, 1126, 132, 1108, 1086, 1112]	121691
400	0.9147033114173607	0.9857319518272978	2.2963978496547215	3.5880194384738697	[1549, 232, 320, 836, 1089, 1086, 1112]	140584
401	0.915225318538369	0.9858508027075369	2.2963978496547215	2.732522825020183	[1742, 400, 19, 132, 1108, 1086, 1112]	116965
402	0.915744131028508	0.9859883070544024	2.2963978496547215	2.3086134374228453	[158, 10, 734, 1203, 174, 1086, 1112]	137650
403	0.9162597684385964	0.9861050225308339	2.2963978496547215	3.5522711143030543	[1742, 400, 654, 132, 1108, 1086, 1112]	128567
404	0.916772250199803	0.9862207657833884	2.2963978496547215	4.006997097327218	[1820, 10, 415, 255, 174, 1086, 1112]	131518
405	0.9172815956243807	0.9863814565614247	2.2963978496547215	4.075323698298115	[5420, 435, 422, 19, 334, 1086, 1112]	125107
406	0.9177878239063929	0.9865358618158303	2.2963978496547215	3.7785879006411482	[3, 123, 19, 132, 1108, 1086, 1112]	107682
407	0.9182909541224372	0.9866319941762813	2.2963978496547215	2.3400269001897334	[1820, 10, 734, 19, 409, 4290, 794]	121271
408	0.9187910052323646	0.9867433478274577	2.2963978496547215	3.44237026721747	[432, 422, 19, 132, 1094, 1086, 1112]	117642
409	0.9192879960799936	0.9868936500062847	2.2963978496547215	3.899705492910681	[1792, 496, 438, 2627, 261, 1086, 1096]	117075
410	0.9197819453938203	0.9869872278012062	2.2963978496547215	3.9753600123840362	[107, 10, 415, 255, 174, 1086, 1096]	126086
411	0.9202728717877247	0.9871593544175924	2.2963978496547215	3.1015860273876683	[241, 1729, 1032, 132, 1108, 1086, 1112]	116410
412	0.9207607937616712	0.9873049399684133	2.2963978496547215	3.6493987099439575	[1726, 132, 241, 1729, 1094, 1086, 1112]	120397
413	0.9212457297024067	0.9875008513886538	2.2963978496547215	3.179899696473333	[1792, 232, 320, 836, 1089, 1086, 1112]	130696
414	0.921727697884153	0.9876223202770051	2.2963978496547215	4.05484362407951	[331, 241, 1126, 19, 334, 1086, 1112]	116285
415	0.9222067164692953	0.9878133338529772	2.2963978496547215	3.1546472538339607	[2872, 241, 1587, 132, 1108, 1086, 1112]	118607
416	0.9226828035090671	0.9879148471070133	2.2963978496547215	3.3333010924626487	[1820, 10, 734, 19, 334, 1086, 1112]	111224
417	0.9231559769442299	0.9880747036267618	2.2963978496547215	4.246771214526423	[669, 813, 19, 132, 1094, 1086, 1112]	119308
418	0.9236262546057498	0.9882587359782006	2.2963978496547215	2.9689406419822477	[2872, 241, 1720, 132, 1108, 1086, 1112]	116009
419	0.924093654215469	0.9884140437033567	2.2963978496547215	3.0987643812796737	[3065, 1460, 19, 132, 1108, 1086, 1112]	114602
420	0.924558193386774	0.9885454037520714	2.2963978496547215	3.6952975032533644	[1792, 232, 1879, 836, 1089, 1086, 1112]	117099
421	0.925019889625259	0.9886567214998647	2.2963978496547215	3.610381129071108	[107, 162, 1192, 836, 1089, 1086, 1112]	111585
422	0.9254787603293858	0.9887377111720261	2.2963978496547215	3.475167541633052	[331, 241, 132, 19, 334, 1086, 1096]	114944
423	0.9259348227911394	0.9888654015215497	2.2963978496547215	4.058001405275196	[87, 1265, 193, 1872, 1115, 1086, 1112]	117345
424	0.9263880941966793	0.9889449012429403	2.2963978496547215	2.3086134374228453	[158, 10, 734, 1203, 174, 1086, 1112]	134976
425	0.9268385916269881	0.9891155046188209	2.2963978496547215	4.284482406126874	[1196, 2558, 415, 255, 174, 1086, 1112]	116095
426	0.9272863320585139	0.989221282027773	2.2963978496547215	3.144985342922223	[19, 241, 1587, 132, 1108, 1086, 1112]	108897
427	0.9277313323638107	0.989343489714533	2.2963978496547215	3.888843686064561	[377, 162, 420, 1822, 1094, 1086, 1112]	135241
428	0.9281736093121745	0.989432256980551	2.2963978496547215	2.424582476907486	[1873, 10, 734, 1203, 174, 1086, 1112]	131621
429	0.9286131795702748	0.9895202848274436	2.2963978496547215	3.6154401925065622	[394, 432, 422, 19, 334, 1086, 1112]	116028
430	0.9290500597027824	0.9896391024597855	2.2963978496547215	3.3351497941683217	[1535, 496, 217, 132, 1108, 1086, 1096]	124600
431	0.9294842661729946	0.9897254073122654	2.2963978496547215	2.6023674981119003	[734, 19, 241, 132, 1108, 1086, 1112]	118645
432	0.9299158153434546	0.9898252575813397	2.2963978496547215	3.8393338667547763	[10, 157, 320, 836, 1089, 1086, 1112]	116440
433	0.9303447234765685	0.9899100117872427	2.2963978496547215	2.2963978496547215	[846, 10, 734, 1203, 174, 1086, 1112]	114366
434	0.9307710067352181	0.9900080680380955	2.2963978496547215	2.3086134374228453	[158, 10, 734, 1203, 174, 1086, 1112]	124291
435	0.9311946811833702	0.9901213552485479	2.2963978496547215	4.281388066986485	[811, 734, 10, 158, 1089, 1086, 1112]	139566
436	0.9316157627866815	0.9902333580235078	2.2963978496547215	3.8445812328130042	[1917, 10, 438, 2627, 261, 1086, 1112]	143239
437	0.9320342674131007	0.9903440909257355	2.2963978496547215	3.6515288538922883	[1579, 1580, 438, 132, 1108, 1086, 1096]	116448
438	0.932450210833466	0.990437928720432	2.2963978496547215	3.830284031234858	[87, 160, 320, 836, 1089, 1086, 1096]	120086
439	0.9328636087221001	0.9905644111447649	2.2963978496547215	3.302752345972076	[1579, 4018, 241, 132, 1108, 1086, 1112]	142290
440	0.9332744766573999	0.9906430083030758	2.2963978496547215	2.9029016385097783	[2538, 10, 734, 1203, 174, 1086, 1112]	114771
441	0.9336828301224245	0.9907490966443109	2.2963978496547215	2.9837054211849563	[2872, 241, 217, 132, 1108, 1086, 1112]	120705
442	0.9340886845054779	0.9908389985233749	2.2963978496547215	2.81050582782964	[3284, 811, 734, 1203, 174, 1086, 1096]	110978
443	0.9344920551006896	0.9909280267204267	2.2963978496547215	2.8066942250663134	[3, 19, 734, 1203, 174, 1086, 1112]	127112
444	0.9348929571085902	0.9909927995408913	2.2963978496547215	3.6599774008098205	[241, 132, 1032, 1729, 1094, 1086, 1112]	129096
445	0.9352914056366849	0.9911317995479763	2.2963978496547215	3.3351497941683217	[1535, 496, 217, 132, 1108, 1086, 1112]	133541
446	0.9356874157000223	0.991232346038362	2.2963978496547215	3.2681320931479263	[3284, 734, 19, 132, 1108, 1086, 1096]	140397
447	0.9360810022217606	0.9913175516162205	2.2963978496547215	3.428889265862453	[10, 811, 3459, 1203, 174, 1086, 1112]	128881
448	0.9364721800337295	0.9914323988170641	2.2963978496547215	3.267729638277478	[1515, 1031, 241, 132, 1108, 1086, 1112]	127456
449	0.9368609638769897	0.9915037657573635	2.2963978496547215	3.4617067333156504	[1791, 420, 158, 1713, 174, 1086, 1112]	118394
450	0.9372473684023878	0.991600094943788	2.2963978496547215	4.084647814305536	[2050, 1849, 420, 1822, 1094, 1086, 1112]	137827
451	0.937631408171109	0.9917112047990289	2.2963978496547215	3.7582249848978684	[1549, 107, 734, 19, 334, 1086, 1112]	113921
452	0.9380130976552253	0.9918208449471898	2.2963978496547215	3.582736484816656	[1792, 232, 1192, 836, 1089, 1086, 1112]	105544
453	0.9383924512382412	0.991913579131462	2.2963978496547215	3.072870092297131	[669, 811, 734, 1203, 174, 1086, 1096]	111794
454	0.9387694832156356	0.9920419350182642	2.2963978496547215	3.1064053138236165	[2196, 2197, 241, 132, 1108, 1086, 1112]	105261
455	0.9391442077954003	0.9921192728703705	2.2963978496547215	2.7281170878151944	[1019, 10, 1820, 733, 734, 19, 794]	117181
456	0.939516639098576	0.9922086235180988	2.2963978496547215	4.0884547624881575	[4015, 241, 1729, 1822, 1094, 1086, 1112]	110297
457	0.9398867911597837	0.9922843414625293	2.2963978496547215	3.072870092297131	[420, 107, 734, 1203, 174, 1086, 1112]	113560
458	0.9402546779277541	0.9924034102671199	2.2963978496547215	3.5588995055169157	[4015, 241, 1587, 132, 1108, 1086, 1112]	114194
459	0.9406203132658532	0.9924772352402286	2.2963978496547215	2.852510554598944	[3284, 811, 3459, 1203, 174, 1086, 1112]	144338
460	0.9409837109526042	0.9925625273576862	2.2963978496547215	2.8502715991067618	[2004, 19, 241, 132, 1108, 1086, 1112]	120794
461	0.9413448846822078	0.9926348060033842	2.2963978496547215	3.44237026721747	[432, 422, 19, 132, 1094, 1086, 1096]	146485
462	0.9417038480650569	0.9927322292043976	2.2963978496547215	2.7760423804394057	[811, 734, 19, 132, 1108, 1086, 1112]	119692
463	0.9420606146282504	0.992828363738731	2.2963978496547215	3.601276362078189	[1549, 162, 1192, 836, 1089, 1086, 1112]	113139
464	0.942415197816103	0.9928980589404925	2.2963978496547215	3.376741030467856	[77, 19, 132, 1713, 174, 1086, 1112]	140392
465	0.942767610990651	0.9929487659629915	2.2963978496547215	3.2381927086432682	[10, 734, 19, 132, 1094, 1086, 1112]	121732
466	0.943117867432157	0.9930287119271299	2.2963978496547215	3.767674893925844	[734, 19, 387, 344, 174, 1086, 1112]	119426
467	0.9434659803396092	0.9931077514744414	2.2963978496547215	3.855820024739544	[3621, 1720, 241, 217, 261, 1086, 1112]	122959
468	0.9438119628312196	0.9931858948817607	2.2963978496547215	3.490085861559792	[1723, 241, 1209, 132, 1108, 1086, 1112]	111785
469	0.9441558279449183	0.9932426554408464	2.2963978496547215	3.8704730745789604	[2297, 400, 19, 1987, 334, 1086, 1112]	118987
470	0.9444975886388438	0.9933320383053854	2.2963978496547215	3.8806137617282577	[331, 241, 89, 132, 1108, 1086, 1112]	118117
471	0.9448372577918331	0.9934349389488208	2.2963978496547215	3.653542571612352	[1792, 496, 1879, 836, 1089, 1086, 1112]	110764
472	0.9451748482039053	0.9935362516193638	2.2963978496547215	3.3731928936652027	[4015, 241, 1720, 132, 1108, 1086, 1112]	125013
473	0.9455103725967449	0.9935990674442484	2.2963978496547215	3.1005864631871427	[734, 19, 132, 1713, 174, 1086, 1096]	113987
474	0.9458438436141811	0.9936716403757195	2.2963978496547215	3.710858051374953	[195, 190, 196, 1078, 334, 1086, 1096]	140755
475	0.9461752738226638	0.9937243547416028	2.2963978496547215	4.4017437030051045	[1529, 87, 1265, 193, 1115, 1086, 1112]	125514
476	0.9465046757117379	0.9937766300040635	2.2963978496547215	3.5525593625647307	[2004, 19, 132, 217, 261, 1086, 1112]	108686
477	0.9468320616945134	0.9938471897545842	2.2963978496547215	3.606184402719541	[2047, 232, 10, 158, 1115, 1086, 1112]	132355
478	0.9471574441081331	0.9939069838288838	2.2963978496547215	3.4414835971976077	[241, 132, 387, 344, 174, 1086, 1112]	108140
479	0.9474808352142381	0.9939875792808825	2.2963978496547215	4.103417245253901	[107, 232, 1879, 836, 1089, 1086, 1112]	126795
480	0.9478022471994292	0.9940376619191094	2.2963978496547215	3.2027493590021914	[2872, 241, 132, 1713, 174, 1086, 1112]	144792
481	0.9481216921757266	0.9940956049519654	2.2963978496547215	3.8682161231477217	[241, 19, 387, 344, 174, 1086, 1112]	110068
482	0.9484391821810261	0.9941447877511993	2.2963978496547215	4.215333892260019	[3284, 162, 420, 1822, 1094, 1086, 1096]	119923
483	0.9487547291795527	0.9942016897166882	2.2963978496547215	3.1015860273876683	[241, 1729, 1032, 132, 1108, 1086, 1112]	115942
484	0.9490683450623117	0.9942911698136528	2.2963978496547215	3.1015860273876683	[241, 1729, 1032, 132, 1108, 1086, 1112]	118932
485	0.9493800416475368	0.9943792690449237	2.2963978496547215	3.6746193063400145	[2627, 261, 217, 132, 1094, 1086, 1112]	108045
486	0.9496898306811348	0.9944260889612508	2.2963978496547215	2.5289675866494767	[195, 10, 734, 1203, 174, 1086, 1112]	113369
487	0.9499977238371291	0.9944892852315315	2.2963978496547215	3.280753655086839	[1579, 1580, 438, 2627, 261, 1086, 1112]	110794
488	0.9503037327180994	0.9945517649908111	2.2963978496547215	4.144362694193879	[3621, 1720, 132, 1729, 1094, 1086, 1112]	112800
489	0.9506078688556183	0.9946238315914617	2.2963978496547215	4.258545609588194	[3284, 2308, 651, 158, 1115, 1086, 1096]	112089
490	0.9509101437106868	0.9946760781260442	2.2963978496547215	3.8204237423157705	[2387, 1663, 1546, 234, 174, 1086, 1112]	138335
491	0.9512105686741655	0.9947140903010234	2.2963978496547215	2.4629843211448703	[241, 19, 734, 1203, 174, 1086, 1112]	122659
492	0.9515091550672041	0.994758121202306	2.2963978496547215	3.9007627858598504	[2307, 420, 158, 1713, 174, 1086, 1096]	118756
493	0.9518059141416682	0.9947955475993859	2.2963978496547215	2.5818748495481882	[1799, 10, 734, 1203, 174, 1086, 1112]	131362
494	0.9521008570805627	0.9948388999725689	2.2963978496547215	4.1239415428725845	[1917, 10, 158, 1546, 234, 1086, 1112]	119503
495	0.9523939949984539	0.9948757496187456	2.2963978496547215	3.949150240079639	[195, 10, 301, 2627, 261, 1086, 1112]	127133
496	0.9526853389418883	0.9949338476956306	2.2963978496547215	3.911282612802104	[2309, 420, 158, 1546, 234, 1086, 1112]	130804
497	0.9529748998898083	0.9949912870641608	2.2963978496547215	2.7760423804394057	[811, 734, 19, 132, 1108, 1086, 1096]	124983
498	0.9532626887539665	0.9950330089545052	2.2963978496547215	3.7727703091350264	[734, 10, 159, 1713, 174, 1086, 1112]	129431
499	0.9535487163793364	0.9951096600508863	2.2963978496547215	2.8232338638794454	[2872, 241, 1031, 132, 1108, 1086, 1112]	112785
