0	0.0061198990216660976	0.008329862557267753	4.057945399661535	4.057945399661535	[3540, 359, 158, 1713, 174, 1086, 1112]	132227
1	0.012202344879296834	0.023633414061013602	3.6952975032533644	3.6952975032533644	[1792, 232, 1879, 836, 1089, 1086, 1112]	127188
2	0.01824756678247408	0.033121913438457606	3.58389371282117	3.58389371282117	[19, 734, 10, 158, 1115, 1086, 1112]	167109
3	0.024255792538040333	0.044084250020787974	3.4492211628073086	3.4492211628073086	[1819, 241, 132, 1713, 174, 1086, 1112]	147369
4	0.030227248558683195	0.05925751589347383	3.1064053138236165	3.1064053138236165	[2196, 2197, 241, 132, 1108, 1086, 1112]	122263
5	0.036162159871467314	0.07377514682104369	3.0635001754261895	3.0635001754261895	[1819, 1513, 1031, 132, 1108, 1086, 1112]	124310
6	0.04206075012631472	0.08149047254514985	3.0635001754261895	3.1005864631871427	[734, 19, 132, 1713, 174, 1086, 1112]	125654
7	0.04792324160443229	0.09190441276572636	3.0635001754261895	3.81177892137213	[158, 10, 157, 1713, 174, 1086, 1112]	141313
8	0.0537498552266884	0.10220028110171586	3.0635001754261895	3.1148748190664355	[1586, 107, 734, 1203, 174, 1086, 1112]	262254
9	0.05954081056193805	0.1140759387591006	3.0635001754261895	3.581006619490397	[19, 241, 132, 387, 344, 1086, 1096]	154262
10	0.06529632583529699	0.12774760637084281	3.0635001754261895	3.862986186644944	[107, 1586, 1587, 132, 1108, 1086, 1112]	147578
11	0.07101661793636527	0.13501334892502148	2.876898483739562	2.876898483739562	[1548, 19, 734, 1203, 174, 1086, 1096]	144067
12	0.0767019024274006	0.14341943882856845	2.876898483739562	3.1930874480904543	[19, 241, 132, 1713, 174, 1086, 1112]	145328
13	0.0823523935514413	0.15174383689631799	2.876898483739562	3.1148748190664355	[158, 651, 734, 1203, 174, 1086, 1112]	146252
14	0.08796830424038005	0.16483420978372043	2.876898483739562	3.17425940896415	[1879, 496, 217, 132, 1108, 1086, 1112]	260399
15	0.09354984612298778	0.17295049540292629	2.876898483739562	3.4495238415161733	[19, 132, 387, 344, 174, 1086, 1112]	870149
16	0.0990972295328888	0.18232747391309712	2.8649135046369567	2.8649135046369567	[2627, 261, 217, 132, 1108, 1086, 1112]	238097
17	0.10461066351648673	0.1931432480676858	2.8649135046369567	3.63259183391249	[2764, 1511, 1031, 132, 1108, 1086, 1112]	153941
18	0.11009035584084248	0.19890411022225696	2.8649135046369567	3.660212642330709	[10, 158, 420, 1822, 1094, 1086, 1112]	147188
19	0.11553651300150336	0.20950061670079856	2.8649135046369567	3.943410222184272	[119, 400, 654, 132, 1108, 1086, 1112]	150002
20	0.12094934023028481	0.2199569577497298	2.8649135046369567	3.027434532504193	[1647, 1697, 241, 132, 1108, 1086, 1112]	191767
21	0.1263290415030044	0.22753755096887718	2.8649135046369567	4.2656442704403	[542, 269, 1337, 240, 234, 1086, 1112]	288245
22	0.13167581954716823	0.23397205699995682	2.456452605672925	2.456452605672925	[1917, 10, 734, 1203, 174, 1086, 1112]	991058
23	0.13698987584961053	0.24141644906020987	2.456452605672925	2.95927873107051	[19, 241, 1720, 132, 1108, 1086, 1112]	145507
24	0.14227141066408644	0.24773534577774248	2.456452605672925	3.911282612802104	[2309, 420, 158, 1546, 234, 1086, 1112]	161911
25	0.1475206230188183	0.2531064267860528	2.456452605672925	2.9740435102732192	[19, 241, 217, 132, 1108, 1086, 1112]	158803
26	0.152737710723996	0.2603648677307947	2.456452605672925	3.8966465151076566	[1580, 1674, 438, 2627, 261, 1086, 1112]	216647
27	0.1579228703792308	0.2675527698908453	2.456452605672925	4.160885058064269	[10, 158, 1546, 234, 174, 1086, 1112]	2313463
28	0.1630762973809643	0.27365395464810605	2.456452605672925	2.632664465514411	[432, 422, 19, 132, 1108, 1086, 1096]	198938
29	0.1681981859298317	0.2832617065707501	2.456452605672925	3.4370654128233644	[669, 813, 19, 132, 1108, 1086, 1112]	154767
30	0.17328872903797987	0.29022709329017915	2.456452605672925	3.7218324981200333	[119, 409, 19, 132, 1094, 1086, 1112]	161309
31	0.1783481185363407	0.29827440515763737	2.456452605672925	4.175253393557269	[677, 132, 1727, 1203, 174, 1086, 1112]	158468
32	0.1833765450818603	0.30509389587525026	2.456452605672925	3.1005864631871427	[734, 19, 132, 1713, 174, 1086, 1112]	157251
33	0.18837419816468337	0.31184711360241013	2.456452605672925	3.7611250776837037	[2051, 1849, 420, 1822, 1094, 1086, 1112]	240435
34	0.19334126611529434	0.31964930052301765	2.456452605672925	4.035636505389296	[2558, 415, 1265, 255, 174, 1086, 1112]	2635411
35	0.19827793611161382	0.3273630272744573	2.456452605672925	3.8757930307818453	[87, 1265, 1209, 132, 1108, 1086, 1096]	251241
36	0.2031843941860525	0.3329660008081977	2.456452605672925	2.5289675866494767	[195, 10, 734, 1203, 174, 1086, 1112]	214204
37	0.20806082523252156	0.3394483525982055	2.456452605672925	4.266282282816155	[1799, 1019, 10, 232, 1023, 1086, 1112]	336152
38	0.2129074130134001	0.34818580825166845	2.456452605672925	4.2086792881962705	[1580, 438, 79, 148, 1108, 1086, 1112]	400979
39	0.21772434016646003	0.35361533088180863	2.3720352638603415	2.3720352638603415	[1820, 10, 734, 1203, 174, 1086, 1112]	340814
40	0.22251178821174855	0.35989700891016807	2.3720352638603415	3.6859385065488217	[87, 1265, 415, 255, 174, 1086, 1112]	276381
41	0.2272699375584284	0.3683639796917796	2.3720352638603415	3.935233739525411	[669, 668, 670, 132, 1094, 1086, 1112]	2167666
42	0.23199896751157656	0.37450232779973114	2.3720352638603415	2.4629843211448703	[241, 19, 734, 1203, 174, 1086, 1112]	188788
43	0.23669905627894106	0.3805810223789369	2.3720352638603415	4.0127332644424465	[1549, 162, 10, 232, 1023, 1086, 1112]	191969
44	0.2413703809776564	0.38500360090660557	2.3720352638603415	3.6679709801562304	[1580, 438, 1779, 132, 1108, 1086, 1112]	194610
45	0.24601311764091816	0.39098024229721196	2.3720352638603415	4.204908864562575	[21, 668, 670, 132, 1108, 1086, 1096]	238419
46	0.25062744122461655	0.3990360591980425	2.3720352638603415	3.272226006020019	[1456, 2004, 19, 132, 1108, 1086, 1112]	394943
47	0.2552135256139294	0.40831019408696156	2.3720352638603415	3.6842025108052026	[2872, 241, 1729, 1822, 1094, 1086, 1112]	375242
48	0.25977154362987487	0.41744120961031095	2.3720352638603415	3.6793973267439837	[4015, 241, 1126, 132, 1108, 1086, 1112]	2258173
49	0.2643016670358238	0.42310261670836424	2.3720352638603415	2.6023674981119003	[734, 19, 241, 132, 1108, 1086, 1112]	261989
50	0.2688040665439726	0.42790809262083096	2.3720352638603415	3.406818157384917	[2872, 241, 132, 217, 261, 1086, 1112]	192446
51	0.2732789118217763	0.43346778073919023	2.3720352638603415	4.021838031435365	[107, 162, 10, 232, 1023, 1086, 1112]	188157
52	0.27772637149834234	0.43989104853126293	2.3720352638603415	3.5458723285184215	[1529, 2229, 734, 19, 334, 1086, 1112]	194556
53	0.2821466131707848	0.4462414901578926	2.3720352638603415	3.0243219050251575	[1259, 734, 19, 132, 1108, 1086, 1112]	407517
54	0.28653980341054064	0.45251993131256496	2.3720352638603415	3.6952975032533644	[1792, 232, 1879, 836, 1089, 1086, 1112]	727240
55	0.2909061077696462	0.460968697804655	2.3720352638603415	3.6599774008098205	[241, 132, 1032, 1729, 1094, 1086, 1112]	3421112
56	0.29524569078697616	0.4662070972428993	2.3720352638603415	2.852510554598944	[3284, 811, 3459, 1203, 174, 1086, 1112]	764180
57	0.29955871599444395	0.47001831568348074	2.3720352638603415	2.6385976592037066	[77, 19, 734, 1203, 174, 1086, 1112]	563781
58	0.30384534592316415	0.4738023224733886	2.3720352638603415	2.852510554598944	[3284, 811, 3459, 1203, 174, 1086, 1112]	291063
59	0.3081057421095773	0.48382513537865746	2.3720352638603415	3.710858051374953	[195, 190, 196, 1078, 334, 1086, 1112]	209755
60	0.31234006510153733	0.4881248010564695	2.3720352638603415	3.406818157384917	[2872, 241, 132, 217, 261, 1086, 1112]	205584
61	0.3165484744643614	0.4930992927857555	2.3720352638603415	2.632664465514411	[432, 422, 19, 132, 1108, 1086, 1112]	196857
62	0.3207311287868432	0.4980254415439114	2.3720352638603415	2.4284869069402104	[10, 734, 19, 132, 1108, 1086, 1112]	2841824
63	0.32488818568722877	0.5046653166557644	2.3720352638603415	3.428889265862453	[10, 811, 3459, 1203, 174, 1086, 1112]	729348
64	0.3290198018191567	0.5087913864878697	2.3720352638603415	2.740062281339724	[1820, 733, 734, 1203, 174, 1086, 1112]	233175
65	0.333126132877561	0.5128830867253718	2.3720352638603415	2.8080246507420323	[3621, 1720, 241, 132, 1108, 1086, 1112]	225762
66	0.33720733360453825	0.5184059542228165	2.3720352638603415	3.684526476794801	[846, 10, 438, 2627, 261, 1086, 1096]	196024
67	0.34126355779517925	0.5218444789740072	2.3720352638603415	2.8785220653926133	[77, 19, 241, 132, 1108, 1086, 1112]	194531
68	0.3452949583033643	0.5252584530635603	2.3720352638603415	3.666229605331197	[432, 422, 19, 1987, 334, 1086, 1096]	204351
69	0.3493016870475234	0.5298720735391331	2.3720352638603415	4.162523258060814	[457, 540, 409, 19, 334, 1086, 1112]	3303118
70	0.35328389501636104	0.5360906969050176	2.3720352638603415	4.30767900745093	[331, 808, 1265, 193, 1115, 1086, 1112]	613686
71	0.35724173227454614	0.5413504395704936	2.3720352638603415	3.3735256287391433	[2654, 232, 320, 836, 1089, 1086, 1112]	212625
72	0.3611753479683669	0.5451709273708226	2.3720352638603415	3.2771900877665443	[2872, 241, 132, 19, 334, 1086, 1112]	223037
73	0.3650848903313515	0.5511871849452826	2.3720352638603415	4.285988820198066	[1849, 420, 1791, 836, 1089, 1086, 1112]	196992
74	0.36897050668985365	0.5562757656148372	2.3720352638603415	3.745405094596194	[2207, 1991, 19, 132, 1108, 1086, 1112]	208732
75	0.37283234346860483	0.5613066526260069	2.3720352638603415	3.7165805030848844	[846, 10, 301, 2627, 261, 1086, 1096]	197033
76	0.37667054619623197	0.5662805001019025	2.3720352638603415	2.7206108825640802	[2872, 241, 19, 132, 1108, 1086, 1112]	2904463
77	0.3804852595107413	0.5711979547492732	2.3720352638603415	4.244443707344407	[1873, 10, 232, 193, 1115, 1086, 1112]	1385109
78	0.38427662716496924	0.5753651272006893	2.3720352638603415	4.094008474316849	[157, 10, 415, 255, 174, 1086, 1112]	196186
79	0.38804479203199926	0.5809819905975055	2.3720352638603415	3.4495238415161733	[19, 132, 387, 344, 174, 1086, 1112]	238200
80	0.39178989611054615	0.5874483179030996	2.3720352638603415	3.582736484816656	[1792, 232, 1192, 836, 1089, 1086, 1112]	198039
81	0.3955120805303066	0.5914575665143427	2.3720352638603415	2.5846064999161147	[1529, 2229, 734, 1203, 174, 1086, 1112]	196320
82	0.39921148555727815	0.5968615669572745	2.3720352638603415	3.534097824321477	[320, 232, 1192, 836, 1089, 1086, 1112]	207342
83	0.40288825059904443	0.6007793359858725	2.3720352638603415	2.7760423804394057	[811, 734, 19, 132, 1108, 1086, 1112]	3755702
84	0.4065425142100286	0.6046590314573412	2.3720352638603415	3.6154401925065622	[394, 432, 422, 19, 334, 1086, 1112]	294984
85	0.41017441409671507	0.6098884093481172	2.3720352638603415	2.456452605672925	[1917, 10, 734, 1203, 174, 1086, 1112]	195827
86	0.4137840871228382	0.6131379852802443	2.3720352638603415	3.96210996240215	[432, 422, 19, 132, 261, 1086, 1096]	197763
87	0.4173716693145403	0.6182552076971723	2.3720352638603415	3.021211317745953	[331, 241, 1031, 132, 1108, 1086, 1112]	198498
88	0.4209372958654972	0.6219650696243135	2.3720352638603415	3.3147954491973186	[1799, 232, 320, 836, 1089, 1086, 1112]	253079
89	0.4244811011420133	0.6262511799460333	2.3720352638603415	3.0635001754261895	[1819, 1513, 1031, 132, 1108, 1086, 1112]	578836
90	0.42800321868808466	0.6289197024905966	2.3720352638603415	3.58389371282117	[19, 734, 10, 158, 1115, 1086, 1112]	4346735
91	0.43150378123043165	0.6338281720343718	2.3720352638603415	4.102935061755347	[1799, 1851, 159, 1713, 174, 1086, 1112]	268254
92	0.4349829206835004	0.637979780061193	2.3720352638603415	3.727629877174775	[1807, 157, 320, 836, 1089, 1086, 1096]	233200
93	0.4384407681544341	0.6409953587362351	2.3720352638603415	3.44237026721747	[432, 422, 19, 132, 1094, 1086, 1112]	242182
94	0.44187745394801337	0.6466938451055011	2.3720352638603415	3.1064053138236165	[2196, 2197, 241, 132, 1108, 1086, 1112]	357737
95	0.4452931075715667	0.6496368368164092	2.3720352638603415	3.2711265234945612	[1580, 301, 2729, 496, 3366, 793, 794]	255677
96	0.44868785773985087	0.6530417266432662	2.3720352638603415	3.38931764995015	[3284, 813, 19, 132, 1108, 1086, 1112]	270236
97	0.4520618323799014	0.6564135271617961	2.3720352638603415	4.442297635615549	[1515, 1031, 132, 387, 344, 1086, 1112]	1840297
98	0.45541515863585313	0.6597525599396212	2.225223194377347	2.225223194377347	[1820, 10, 734, 19, 132, 393, 794]	379586
99	0.45874796287373176	0.6630591434193139	2.225223194377347	3.3983687794952298	[3075, 334, 19, 132, 1108, 1086, 1112]	210733
100	0.46206037068621564	0.6675160330566245	2.225223194377347	3.799585859424228	[841, 840, 843, 3094, 174, 1086, 1112]	220217
101	0.4653525068973685	0.6726469584724174	2.225223194377347	3.471296303685169	[2072, 241, 1031, 132, 1108, 1086, 1112]	201585
102	0.46862449556734354	0.6769770251592901	2.225223194377347	3.34726941370665	[382, 400, 19, 132, 1108, 1086, 1112]	200921
103	0.4718764599970583	0.6819619476105356	2.225223194377347	2.9495193561308453	[3895, 1030, 1032, 132, 1108, 1086, 1112]	197147
104	0.4751085227328411	0.6850526964189854	2.225223194377347	3.604795611251425	[331, 241, 132, 217, 261, 1086, 1112]	2934040
105	0.4783208055710493	0.6886235275253461	2.225223194377347	3.9497673361346965	[10, 158, 420, 1582, 1087, 1086, 1112]	1432952
106	0.4815134295626585	0.6921538730182559	2.225223194377347	3.7163875428531554	[1799, 232, 10, 158, 1115, 1086, 1112]	265203
107	0.484686515017825	0.6951455749325586	2.225223194377347	3.057910963885006	[160, 331, 241, 132, 1108, 1086, 1112]	216021
108	0.48784018151041875	0.699178040872604	2.225223194377347	4.167164136490383	[107, 1794, 1879, 836, 1089, 1086, 1112]	196034
109	0.4909745478825298	0.7038203550566688	2.225223194377347	3.55321732679032	[669, 673, 1032, 132, 1108, 1086, 1112]	198025
110	0.4940897322489467	0.7059350428292159	2.225223194377347	3.392899669995164	[19, 132, 241, 217, 261, 1086, 1096]	198688
111	0.49718585200160725	0.7087928169513811	2.225223194377347	3.569571468447738	[193, 1265, 734, 1203, 174, 1086, 1112]	2730026
112	0.5002630238140224	0.7112185327618652	2.225223194377347	3.8704730745789604	[2297, 400, 19, 1987, 334, 1086, 1112]	353336
113	0.5033213636456735	0.7140249610149083	2.225223194377347	3.748374190945288	[1555, 2229, 734, 19, 334, 1086, 1112]	370557
114	0.5063609867463807	0.7168041159127225	2.225223194377347	3.190121354476479	[160, 107, 734, 1203, 174, 1086, 1112]	229626
115	0.5093820076606477	0.7191630987039535	2.225223194377347	3.406818157384917	[2872, 241, 132, 217, 261, 1086, 1096]	257005
116	0.5123845402319771	0.7223471905553827	2.225223194377347	3.911291829090726	[1715, 132, 1032, 1729, 1094, 1086, 1112]	246434
117	0.5153686976071608	0.7250454685869143	2.225223194377347	3.959832168086506	[1549, 162, 320, 836, 1089, 1086, 1112]	199710
118	0.5183345922405433	0.7277175242857782	2.225223194377347	3.7218324981200333	[119, 409, 19, 132, 1094, 1086, 1096]	2168735
119	0.5212823358982609	0.7303636124851389	2.225223194377347	4.362878510534642	[669, 673, 156, 1713, 174, 1086, 1112]	2572521
120	0.5242120396624514	0.7329839855416487	2.225223194377347	4.225168391474876	[160, 107, 420, 158, 1115, 1086, 1112]	352529
121	0.5271238139354417	0.7365159434048545	2.225223194377347	3.7999857451295664	[2627, 438, 217, 132, 1108, 1086, 1112]	197464
122	0.5300177684439074	0.7395032909852983	2.225223194377347	3.2955640872694314	[193, 232, 320, 836, 1089, 1086, 1112]	207772
123	0.5328940122430079	0.7420348430651302	2.225223194377347	3.517456662911222	[101, 370, 1032, 132, 1108, 1086, 1112]	365072
124	0.5357526537204963	0.7449596180870675	2.225223194377347	2.8502715991067618	[2004, 19, 241, 132, 1108, 1086, 1112]	614257
125	0.5385938006008033	0.7474381446362699	2.225223194377347	3.3945507805501087	[1579, 1580, 301, 2627, 261, 1086, 1112]	4860789
126	0.5414175599490971	0.7503016577356318	2.225223194377347	4.032788606352214	[1586, 107, 10, 158, 1115, 1086, 1112]	336413
127	0.5442240381753178	0.7531327047000805	2.225223194377347	2.3720352638603415	[1820, 10, 734, 1203, 174, 1086, 1112]	242058
128	0.5470133410381877	0.756942385183104	2.225223194377347	4.039579094442558	[1849, 420, 2307, 1468, 1089, 1086, 1112]	277476
129	0.5497855736491959	0.7593044611288464	2.225223194377347	4.2487823080648655	[734, 10, 157, 1010, 1105, 1086, 1112]	327582
130	0.5525408404765602	0.762488264553068	2.225223194377347	4.175806103375988	[1705, 257, 320, 836, 1089, 1086, 1112]	247215
131	0.5552792453491631	0.7641840703633632	2.225223194377347	3.3016640075194656	[107, 10, 734, 19, 334, 1086, 1112]	214391
132	0.5580008914604654	0.7664757703598319	2.225223194377347	3.7013281099420317	[1820, 733, 734, 19, 334, 1086, 1112]	2781681
133	0.5607058813723937	0.7687451992193088	2.225223194377347	3.9892715592575536	[10, 494, 217, 132, 1108, 1086, 1112]	317824
134	0.5633943170192066	0.7703963312532044	2.225223194377347	3.424216182932752	[1019, 10, 734, 19, 334, 1086, 1112]	200773
135	0.5660662997113346	0.7726276594237271	2.225223194377347	2.972435486421219	[157, 841, 1820, 10, 734, 19, 794]	197075
136	0.5687219301391991	0.7752055771173357	2.225223194377347	3.5965259561246024	[2309, 420, 158, 1713, 174, 1086, 1112]	199162
137	0.5713613083770063	0.7782640046395488	2.225223194377347	3.968978595740821	[2527, 2528, 3459, 1203, 174, 1086, 1112]	259943
138	0.573984533886518	0.781197020451195	2.225223194377347	3.677007465034425	[394, 193, 1265, 255, 174, 1086, 1096]	336987
139	0.5765917055208005	0.7836777798565102	2.225223194377347	3.552416159908395	[734, 10, 158, 1713, 174, 1086, 1112]	2094593
140	0.5791829215279491	0.7852222950238346	2.225223194377347	3.5763126871480484	[734, 651, 19, 132, 1108, 1086, 1096]	641656
141	0.5817582795547906	0.7885367657796396	2.225223194377347	3.2274861155624004	[4015, 241, 1031, 132, 1108, 1086, 1112]	448788
142	0.5843178766505632	0.7909343081177389	2.225223194377347	3.759225157833904	[3895, 1030, 1032, 132, 1094, 1086, 1112]	336736
143	0.5868618092705735	0.7941606305233293	2.225223194377347	3.2955640872694314	[193, 232, 320, 836, 1089, 1086, 1112]	287529
144	0.5893901732798315	0.7968833735058249	2.225223194377347	3.125527937822353	[669, 673, 670, 132, 1108, 1086, 1112]	261315
145	0.5919030639566627	0.7988572960179161	2.225223194377347	3.072870092297131	[669, 811, 734, 1203, 174, 1086, 1112]	217982
146	0.5944005759962993	0.8011378255415225	2.225223194377347	3.935948041463269	[837, 162, 107, 836, 1089, 1086, 1112]	2501256
147	0.5968828035144478	0.8025576780395898	2.225223194377347	2.340398178917159	[107, 10, 734, 1203, 174, 1086, 1096]	468677
148	0.5993498400508366	0.8052439681342892	2.225223194377347	3.487276315966888	[1743, 1742, 400, 19, 334, 1086, 1112]	273292
149	0.6018017785727398	0.8074520864094107	2.225223194377347	3.9263917909227652	[1579, 1580, 438, 970, 261, 1086, 1112]	299687
150	0.6042387114784816	0.8104235048290185	2.225223194377347	3.1015860273876683	[241, 1729, 1032, 132, 1108, 1086, 1112]	337130
151	0.6066607306009177	0.8120026509778813	2.225223194377347	3.2027493590021914	[2872, 241, 132, 1713, 174, 1086, 1112]	352580
152	0.6090679272108961	0.8138296417361137	2.225223194377347	3.58389371282117	[19, 734, 10, 158, 1115, 1086, 1112]	262361
153	0.611460392020696	0.8159404167731192	2.225223194377347	3.215412445787365	[1819, 241, 1720, 132, 1108, 1086, 1112]	2563711
154	0.6138382151874471	0.8174736078037472	2.225223194377347	3.2771900877665443	[2872, 241, 132, 19, 334, 1086, 1096]	226479
155	0.6162014863165263	0.8195430680327297	2.225223194377347	3.754860269417616	[1791, 420, 1879, 836, 1089, 1086, 1112]	276705
156	0.6185502944649346	0.8210462494735232	2.225223194377347	3.776463389993152	[1791, 420, 158, 1546, 234, 1086, 1112]	222110
157	0.6208847281446535	0.8230752035611251	2.225223194377347	3.9092850514089905	[1535, 496, 1879, 836, 1089, 1086, 1112]	441294
158	0.6232048753259798	0.8254154786462954	2.225223194377347	3.507995949824223	[1586, 1587, 241, 132, 1108, 1086, 1112]	350469
159	0.6255108234408409	0.8277247977118205	2.225223194377347	3.7176322375406414	[1799, 232, 1192, 836, 1089, 1086, 1096]	236066
160	0.6278026593860897	0.8291598264689066	2.225223194377347	3.666229605331197	[432, 422, 19, 1987, 334, 1086, 1112]	2956414
161	0.6300804695267795	0.8308200808278093	2.225223194377347	3.5105097539564767	[87, 1265, 734, 1203, 174, 1086, 1112]	196079
162	0.6323443396994177	0.8330579104464891	2.225223194377347	3.7813728741198744	[1794, 1791, 420, 1822, 1094, 1086, 1112]	197757
163	0.6345943552152014	0.834448515107493	2.225223194377347	3.163369169005046	[1794, 107, 734, 1203, 174, 1086, 1112]	241538
164	0.6368306008632311	0.836325516069993	2.225223194377347	3.8510218650561905	[2046, 232, 320, 836, 1089, 1086, 1112]	251603
165	0.6390531609137072	0.8374941326030805	2.225223194377347	4.052964398363213	[382, 409, 19, 1987, 334, 1086, 1112]	365471
166	0.641262119121105	0.8396436811136218	2.225223194377347	3.5522711143030543	[1742, 400, 654, 132, 1108, 1086, 1112]	335442
167	0.6434575587273302	0.8421183156643375	2.225223194377347	4.285988820198066	[1849, 420, 1791, 836, 1089, 1086, 1112]	2639676
168	0.6456395624648572	0.8439083574368507	2.225223194377347	3.4414835971976077	[241, 132, 387, 344, 174, 1086, 1112]	446906
169	0.6478082125598458	0.8452085793657398	2.225223194377347	3.324462254706714	[2028, 331, 241, 132, 1108, 1086, 1112]	211358
170	0.6499635907352397	0.8472560849296851	2.225223194377347	2.954117646351909	[107, 734, 19, 132, 1108, 1086, 1112]	311940
171	0.6521057782138465	0.8485284207486797	2.225223194377347	3.869484279403511	[846, 10, 159, 1713, 174, 1086, 1096]	434170
172	0.6542348557213988	0.8497901581851756	2.225223194377347	3.2576636782570283	[846, 10, 734, 19, 334, 1086, 1112]	345848
173	0.6563509034895958	0.8517770608546839	2.225223194377347	3.534097824321477	[320, 232, 1192, 836, 1089, 1086, 1112]	266302
174	0.6584540012591262	0.8530117375655986	2.225223194377347	3.640361663712418	[658, 422, 19, 132, 1108, 1086, 1112]	1590716
175	0.6605442282826743	0.8540612164429787	2.225223194377347	3.1148748190664355	[157, 651, 734, 1203, 174, 1086, 1112]	394312
176	0.6626216633279062	0.8551032021648115	2.225223194377347	3.6446290711429956	[2149, 420, 158, 1713, 174, 1086, 1112]	205328
177	0.6646863846804371	0.857339263859799	2.225223194377347	3.2274861155624004	[4015, 241, 1031, 132, 1108, 1086, 1112]	197721
178	0.6667384701467826	0.8592263106341402	2.225223194377347	3.4811257093260544	[3621, 1720, 132, 1713, 174, 1086, 1112]	194282
179	0.6687779970572902	0.8602314181919377	2.225223194377347	3.889229274021643	[1549, 162, 107, 1546, 234, 1086, 1112]	204523
180	0.6708050422690536	0.8613956712682231	2.225223194377347	3.980030055400843	[1582, 420, 158, 1546, 234, 1086, 1096]	199876
181	0.6728196821688086	0.8632290618599133	2.225223194377347	3.027434532504193	[1647, 1697, 241, 132, 1108, 1086, 1112]	2269932
182	0.6748219926758121	0.8645582254958715	2.225223194377347	3.3781914024887385	[241, 1031, 132, 19, 334, 1086, 1112]	178435
183	0.6768120492447027	0.866137721408456	2.225223194377347	3.718294247239391	[4196, 1663, 1546, 234, 174, 1086, 1112]	177322
184	0.6787899268683444	0.8674386181877713	2.225223194377347	3.542228626723241	[1742, 400, 19, 132, 1094, 1086, 1112]	178104
185	0.6807557000806521	0.8683850908371119	2.225223194377347	3.5105097539564767	[87, 1265, 734, 1203, 174, 1086, 1112]	178639
186	0.682709442959401	0.8694814249409261	2.225223194377347	3.552027158796829	[2047, 232, 734, 1203, 174, 1086, 1112]	179896
187	0.6846512291290177	0.8707498270309073	2.225223194377347	3.914876189851247	[734, 10, 107, 836, 1089, 1086, 1112]	179462
188	0.6865811317633546	0.8722152484931419	2.225223194377347	3.7601638910004205	[1820, 10, 438, 2627, 261, 1086, 1112]	203649
189	0.6884992235884477	0.8736640551995689	2.225223194377347	2.8232338638794454	[2872, 241, 1031, 132, 1108, 1086, 1112]	177479
190	0.6904055768852569	0.8748918097651708	2.225223194377347	3.7611250776837037	[2051, 1849, 420, 1822, 1094, 1086, 1112]	176705
191	0.6923002634923902	0.8765466800063721	2.225223194377347	3.027434532504193	[1647, 1697, 241, 132, 1108, 1086, 1112]	177676
192	0.69418335480881	0.8779463775119689	2.225223194377347	3.94706990566534	[2636, 162, 420, 1822, 1094, 1086, 1112]	175903
193	0.6960549217965248	0.8795608434178952	2.225223194377347	3.610381129071108	[107, 162, 1192, 836, 1089, 1086, 1112]	177745
194	0.6979150349832625	0.8811539539546955	2.225223194377347	3.830117091800741	[2028, 493, 654, 132, 1108, 1086, 1112]	179857
195	0.6997637644651284	0.8821439251837276	2.225223194377347	2.3720352638603415	[1820, 10, 734, 1203, 174, 1086, 1112]	182006
196	0.701601179909247	0.8834801618596491	2.225223194377347	2.9837054211849563	[2872, 241, 217, 132, 1108, 1086, 1112]	178157
197	0.7034273505563867	0.884612521802704	2.225223194377347	3.069270376387018	[158, 1557, 734, 1203, 174, 1086, 1112]	177785
198	0.7052423452235697	0.8857338772759528	2.225223194377347	3.5458723285184215	[1529, 2229, 734, 19, 334, 1086, 1112]	178354
199	0.7070462323066644	0.8870294115472005	2.225223194377347	2.8649135046369567	[2627, 261, 217, 132, 1108, 1086, 1112]	179200
200	0.7088390797829642	0.8881272792678302	2.225223194377347	2.459046640849971	[157, 10, 734, 1203, 174, 1086, 1112]	178133
201	0.7106209552137479	0.8889260373143502	2.225223194377347	3.507819472107111	[241, 1031, 132, 217, 261, 1086, 1112]	178031
202	0.712391925746826	0.8900054732976898	2.225223194377347	3.1455033926936977	[10, 232, 320, 836, 1089, 1086, 1112]	180100
203	0.7141520581190712	0.8914604273545986	2.225223194377347	3.906588029606888	[3895, 1030, 1032, 1729, 1094, 1086, 1112]	177994
204	0.7159014186589336	0.8925152336971196	2.225223194377347	2.852510554598944	[3284, 811, 3459, 1203, 174, 1086, 1096]	177044
205	0.7176400732889395	0.8934105670274226	2.225223194377347	3.5108023608171486	[1726, 132, 241, 19, 334, 1086, 1112]	176428
206	0.7193680875281763	0.894446421575261	2.225223194377347	2.511023695947922	[161, 10, 734, 1203, 174, 1086, 1112]	178884
207	0.7210855264947609	0.8956431741651107	2.225223194377347	3.792217917290504	[1820, 10, 301, 2627, 261, 1086, 1112]	179164
208	0.722792454908294	0.8966573318505809	2.225223194377347	4.099372132580683	[1549, 162, 10, 158, 1089, 1086, 1112]	177936
209	0.7244889370922993	0.897518162072567	2.225223194377347	3.8346457128531144	[734, 10, 415, 255, 174, 1086, 1112]	180052
210	0.7261750369766463	0.8986800876726512	2.225223194377347	4.155369424059888	[837, 162, 10, 232, 1023, 1086, 1112]	180174
211	0.7278508180999608	0.8996647321073193	2.225223194377347	3.8471752679900506	[157, 10, 438, 2627, 261, 1086, 1112]	177347
212	0.729516343612018	0.9009919181905559	2.225223194377347	3.514672406513336	[2028, 493, 217, 132, 1108, 1086, 1112]	176700
213	0.7311716762761236	0.9019540958563425	2.225223194377347	4.559036344588871	[1851, 1799, 1019, 1010, 1105, 1086, 1112]	175499
214	0.7328168784714775	0.9034671499326334	2.225223194377347	3.8703935853399845	[1849, 420, 1879, 836, 1089, 1086, 1112]	177723
215	0.7344520121955256	0.904271255305956	2.225223194377347	2.2963978496547215	[846, 10, 734, 1203, 174, 1086, 1112]	177526
216	0.7360771390662955	0.905201563806384	2.225223194377347	3.123661932901401	[119, 123, 19, 132, 1108, 1086, 1112]	177276
217	0.737692320324719	0.9062763760081257	2.225223194377347	3.5105097539564767	[87, 1265, 734, 1203, 174, 1086, 1112]	181354
218	0.7392976168369392	0.9075161064842087	2.225223194377347	3.5483401810370205	[10, 232, 1192, 836, 1089, 1086, 1112]	176413
219	0.7408930890966048	0.9085646767054761	2.225223194377347	4.419616291498758	[1799, 160, 320, 836, 1089, 1086, 1112]	175337
220	0.7424787972271494	0.9096013583754821	2.225223194377347	4.077265784960928	[241, 19, 1548, 255, 174, 1086, 1112]	177412
221	0.7440548009840573	0.9106262862850572	2.225223194377347	4.100382505995804	[3869, 438, 10, 158, 1115, 1086, 1112]	177290
222	0.7456211597571152	0.9114948354951149	2.225223194377347	3.5880194384738697	[107, 232, 320, 836, 1089, 1086, 1112]	176361
223	0.7471779325726502	0.9126655387293064	2.225223194377347	2.7871083623429813	[1555, 2229, 734, 1203, 174, 1086, 1112]	177444
224	0.7487251780957545	0.9132890964940761	2.225223194377347	3.3016640075194656	[107, 10, 734, 19, 334, 1086, 1112]	180087
225	0.7502629546324955	0.914011386402497	2.225223194377347	3.44237026721747	[432, 422, 19, 132, 1094, 1086, 1112]	179597
226	0.7517913201321139	0.914847038624047	2.225223194377347	3.019399258546427	[382, 409, 19, 132, 1108, 1086, 1112]	176059
227	0.7533103321892064	0.9156745698327541	2.225223194377347	3.6859385065488217	[87, 1265, 415, 255, 174, 1086, 1096]	179380
228	0.7548200480458969	0.9169758881995326	2.225223194377347	3.9575439350561954	[1020, 1018, 415, 255, 174, 1086, 1112]	179631
229	0.7563205245939929	0.9176674676397697	2.225223194377347	3.6927980254785133	[1715, 132, 387, 344, 174, 1086, 1096]	179619
230	0.7578118183771302	0.9189380314107609	2.225223194377347	2.6103471929178546	[2004, 19, 734, 1203, 174, 1086, 1112]	177818
231	0.7592939855929031	0.9195168043167351	2.225223194377347	3.019399258546427	[382, 409, 19, 132, 1108, 1086, 1112]	178767
232	0.7607670820949822	0.9207588289414769	2.225223194377347	2.8649135046369567	[2627, 261, 217, 132, 1108, 1086, 1112]	181292
233	0.7622311633952195	0.9222262580351532	2.225223194377347	3.4042606044936825	[3895, 1030, 1031, 132, 1108, 1086, 1096]	175500
234	0.7636862846657397	0.92298207671314	2.225223194377347	3.3425745694024425	[77, 1460, 19, 132, 1108, 1086, 1096]	177906
235	0.7651325007410201	0.92373055021447	2.225223194377347	3.079407314371683	[1792, 496, 217, 132, 1108, 1086, 1112]	177581
236	0.7665698661199564	0.9251429474327206	2.225223194377347	2.9495193561308453	[3895, 1030, 1032, 132, 1108, 1086, 1112]	176937
237	0.7679984349679162	0.926133120085727	2.225223194377347	2.954117646351909	[107, 734, 19, 132, 1108, 1086, 1112]	179314
238	0.7694182611187811	0.9271101952168681	2.225223194377347	2.9495193561308453	[3895, 1030, 1032, 132, 1108, 1086, 1112]	178141
239	0.7708293980769743	0.9278185509484826	2.225223194377347	4.267150036961667	[1813, 1666, 1546, 234, 174, 1086, 1112]	180751
240	0.7722318990194776	0.9283339179911543	2.225223194377347	4.32716246461428	[101, 370, 1032, 132, 1094, 1086, 1112]	178490
241	0.7736258167978352	0.9291464586034994	2.225223194377347	3.6633877280958647	[734, 19, 241, 1729, 1094, 1086, 1112]	176651
242	0.7750112039401446	0.9299497867372466	2.225223194377347	4.020331223543264	[10, 107, 420, 1822, 1094, 1086, 1112]	177384
243	0.7763881126530371	0.9307440068422665	2.225223194377347	2.7206108825640802	[2872, 241, 19, 132, 1108, 1086, 1112]	179041
244	0.7777565948236447	0.9315292221841909	2.225223194377347	3.2576636782570283	[846, 10, 734, 19, 334, 1086, 1112]	179951
245	0.7791167020215551	0.9320180954713866	2.225223194377347	4.603545650261102	[2764, 400, 19, 422, 636, 1086, 1112]	179090
246	0.7804684855007559	0.9327888653640013	2.225223194377347	3.406818157384917	[2872, 241, 132, 217, 261, 1086, 1096]	181161
247	0.7818119962015646	0.9333487248778372	2.225223194377347	4.029312998808351	[1742, 400, 19, 387, 344, 1086, 1112]	177226
248	0.78314728475255	0.9341044082692449	2.225223194377347	2.632664465514411	[432, 422, 19, 132, 1108, 1086, 1112]	178269
249	0.7844744014724385	0.9345748950311709	2.225223194377347	3.7643597940068236	[111, 2229, 734, 1203, 174, 1086, 1112]	178325
250	0.7857933963720113	0.9354403064725575	2.225223194377347	3.9844278528505006	[305, 3083, 19, 132, 1094, 1086, 1112]	178035
251	0.7871043191559887	0.9364650635126757	2.225223194377347	3.965392546089526	[2050, 1849, 420, 158, 1115, 1086, 1112]	176761
252	0.7884072192249029	0.9370825070159539	2.225223194377347	3.759225157833904	[3895, 1030, 1032, 132, 1094, 1086, 1112]	178478
253	0.78970214567696	0.9379147489866423	2.225223194377347	2.95927873107051	[19, 241, 1720, 132, 1108, 1086, 1112]	180716
254	0.79098914730989	0.938431910594417	2.225223194377347	3.079407314371683	[1792, 496, 217, 132, 1108, 1086, 1112]	177750
255	0.7922682726227859	0.938871499499556	2.225223194377347	2.5289675866494767	[195, 10, 734, 1203, 174, 1086, 1112]	177552
256	0.7935395698179306	0.9394655568416399	2.225223194377347	2.9495193561308453	[3895, 1030, 1032, 132, 1108, 1086, 1112]	178754
257	0.7948030868026147	0.9399698004331298	2.225223194377347	3.6927980254785133	[1715, 132, 387, 344, 174, 1086, 1096]	176463
258	0.7960588711909402	0.9405531842967534	2.225223194377347	3.507819472107111	[241, 1031, 132, 217, 261, 1086, 1112]	177318
259	0.7973069703056163	0.9409776275575608	2.225223194377347	3.376741030467856	[77, 19, 132, 1713, 174, 1086, 1112]	177294
260	0.7985474311797415	0.9416468154537336	2.225223194377347	3.283811063743345	[331, 241, 1209, 132, 1108, 1086, 1096]	178638
261	0.7997803005585766	0.9423084161855506	2.225223194377347	4.057945399661535	[3540, 359, 158, 1713, 174, 1086, 1112]	175373
262	0.8010056249013066	0.9428690729767504	2.225223194377347	4.30767900745093	[331, 808, 1265, 193, 1115, 1086, 1112]	175661
263	0.8022234503827901	0.9433449657466233	2.225223194377347	3.428889265862453	[650, 651, 734, 1203, 174, 1086, 1112]	176530
264	0.803433822895301	0.9439873130737592	2.225223194377347	3.428889265862453	[107, 811, 3459, 1203, 174, 1086, 1112]	178070
265	0.8046367880502566	0.9446223775513809	2.225223194377347	3.684526476794801	[846, 10, 438, 2627, 261, 1086, 1112]	177660
266	0.8058323911799374	0.9451605468657504	2.225223194377347	3.2090431767779197	[21, 422, 19, 132, 1108, 1086, 1096]	176688
267	0.8070206773391946	0.9456934861576284	2.225223194377347	2.511023695947922	[161, 10, 734, 1203, 174, 1086, 1112]	181187
268	0.8082016913071481	0.9460812282687181	2.225223194377347	3.3016640075194656	[107, 10, 734, 19, 334, 1086, 1112]	176176
269	0.8093754775888748	0.9465303642264964	2.225223194377347	3.96210996240215	[432, 422, 19, 132, 261, 1086, 1112]	175472
270	0.8105420804170842	0.9470499913963069	2.225223194377347	3.9095502278242638	[193, 842, 157, 1713, 174, 1086, 1112]	176801
271	0.8117015437537866	0.9478671211587095	2.225223194377347	3.6566562240450455	[2297, 400, 654, 132, 1108, 1086, 1112]	176954
272	0.8128539112919491	0.9486716408939146	2.225223194377347	3.471296303685169	[1548, 241, 1031, 132, 1108, 1086, 1096]	177603
273	0.8139992264571421	0.9492535950787909	2.225223194377347	3.8127111040475654	[1873, 10, 438, 2627, 261, 1086, 1112]	177702
274	0.8151375324091761	0.9498289511436573	2.225223194377347	3.697156180925268	[193, 232, 10, 158, 1115, 1086, 1112]	178723
275	0.816268872043728	0.9506031957247736	2.225223194377347	3.9045122808910326	[432, 15, 1557, 158, 1115, 1086, 1112]	177578
276	0.8173932879939572	0.9511632501950142	2.225223194377347	2.918588336430587	[331, 241, 19, 132, 1108, 1086, 1112]	176542
277	0.8185108226321126	0.9516378541775701	2.225223194377347	3.1148748190664355	[157, 651, 734, 1203, 174, 1086, 1112]	177902
278	0.8196215180711294	0.9522775651011471	2.225223194377347	4.58045498464992	[1549, 162, 1541, 156, 1115, 1086, 1112]	177916
279	0.8207254161662154	0.9526182976642377	2.225223194377347	3.9512614615099677	[1549, 107, 420, 1822, 1094, 1086, 1112]	174898
280	0.8218225585164294	0.9530787612437883	2.225223194377347	2.740062281339724	[1820, 733, 734, 1203, 174, 1086, 1112]	180022
281	0.8229129864662477	0.9535347499586203	2.225223194377347	3.674540599893466	[19, 241, 1729, 1822, 1094, 1086, 1112]	179357
282	0.8239967411071227	0.9540615668525135	2.225223194377347	2.424582476907486	[1873, 10, 734, 1203, 174, 1086, 1112]	175714
283	0.8250738632790312	0.9545080044924308	2.225223194377347	4.063910320846988	[157, 1511, 1031, 132, 1108, 1086, 1112]	176411
284	0.8261443935720137	0.9548869465624646	2.225223194377347	2.852510554598944	[3284, 811, 3459, 1203, 174, 1086, 1112]	175348
285	0.8272083723277035	0.9555007296024312	2.225223194377347	2.7871083623429813	[1555, 2229, 734, 1203, 174, 1086, 1096]	177757
286	0.8282658396408473	0.9558184491506972	2.225223194377347	2.340398178917159	[107, 10, 734, 1203, 174, 1086, 1112]	178980
287	0.8293168353608159	0.9563193737635011	2.225223194377347	2.632664465514411	[432, 422, 19, 132, 1108, 1086, 1096]	177268
288	0.8303613990931061	0.9568971598248305	2.225223194377347	3.924045778520189	[1791, 420, 2307, 1468, 1089, 1086, 1112]	178566
289	0.8313995702008331	0.9572049090258193	2.225223194377347	3.392899669995164	[19, 132, 241, 217, 261, 1086, 1112]	177227
290	0.8324313878062135	0.9576901141389053	2.225223194377347	3.907797470707865	[1579, 1580, 438, 8, 174, 1086, 1112]	177063
291	0.8334568907920402	0.9581012889286147	2.225223194377347	3.4811257093260544	[3621, 1720, 132, 1713, 174, 1086, 1112]	178848
292	0.8344761178031472	0.958450299433166	2.225223194377347	3.6746193063400145	[2627, 261, 217, 132, 1094, 1086, 1112]	176618
293	0.8354891072478661	0.9587469594003237	2.225223194377347	3.0537456342509923	[709, 1580, 438, 3366, 793, 4290, 794]	177257
294	0.8364958972994733	0.959292634540531	2.225223194377347	3.125527937822353	[669, 668, 670, 132, 1108, 1086, 1112]	177080
295	0.8374965258976286	0.9598310917556034	2.225223194377347	3.7717716564319472	[3284, 811, 734, 19, 334, 1086, 1112]	179638
296	0.838491030749805	0.9602865215542927	2.225223194377347	3.502202333386621	[732, 733, 734, 1203, 174, 1086, 1112]	177270
297	0.8394794493327097	0.9608993838759857	2.225223194377347	4.12761244392788	[988, 420, 2307, 1468, 1089, 1086, 1112]	179111
298	0.8404618188936956	0.9612793704272395	2.225223194377347	3.9303628201081446	[2627, 301, 10, 158, 1115, 1086, 1112]	177540
299	0.8414381764521666	0.9617183798328264	2.225223194377347	3.428889265862453	[940, 651, 734, 1203, 174, 1086, 1096]	176174
300	0.8424085588009705	0.9620904072396989	2.225223194377347	3.8789742518016697	[158, 3284, 734, 1203, 174, 1086, 1112]	176400
301	0.8433730025077875	0.962520221216573	2.225223194377347	3.1207086718623307	[732, 19, 734, 1203, 174, 1086, 1112]	178674
302	0.8443315439165066	0.9629451620191062	2.225223194377347	2.836907934762174	[2297, 400, 19, 132, 1108, 1086, 1112]	179564
303	0.8452842191485962	0.9633052673444793	2.225223194377347	3.517456662911222	[386, 370, 1032, 132, 1108, 1086, 1112]	176134
304	0.846231064104465	0.9636618731040082	2.225223194377347	3.748374190945288	[1555, 2229, 734, 19, 334, 1086, 1112]	178156
305	0.8471721144648147	0.9642386687690239	2.225223194377347	4.145525542623377	[5415, 1587, 132, 1713, 174, 1086, 1112]	176173
306	0.8481074056919847	0.9647905411645636	2.225223194377347	2.8232338638794454	[2872, 241, 1031, 132, 1108, 1086, 1112]	178004
307	0.8490369730312887	0.9653338970107895	2.225223194377347	3.55321732679032	[669, 673, 1032, 132, 1108, 1086, 1112]	177509
308	0.8499608515123422	0.9655814089021862	2.225223194377347	3.190121354476479	[160, 107, 734, 1203, 174, 1086, 1112]	178559
309	0.8508790759503835	0.9658271535878373	2.225223194377347	3.98327875722501	[1529, 87, 1265, 255, 174, 1086, 1112]	181043
310	0.8517916809475847	0.9662146008260705	2.225223194377347	3.3945507805501087	[1579, 1580, 301, 2627, 261, 1086, 1112]	174749
311	0.8526987008943563	0.9666614976405404	2.225223194377347	4.314460916211534	[10, 1917, 420, 1822, 1094, 1086, 1112]	177860
312	0.8536001699706431	0.9670394851956363	2.225223194377347	3.58149179012917	[1792, 232, 10, 158, 1115, 1086, 1112]	176638
313	0.8544961221472118	0.9672748193883254	2.225223194377347	3.7947703767639736	[158, 420, 545, 132, 1108, 1086, 1112]	177892
314	0.8553865911869317	0.967707692147739	2.225223194377347	2.95927873107051	[19, 241, 1720, 132, 1108, 1086, 1112]	177687
315	0.8562716106460466	0.9682060302318789	2.225223194377347	3.1546472538339607	[2872, 241, 1587, 132, 1108, 1086, 1112]	178625
316	0.8571512138754396	0.9684708696301972	2.225223194377347	3.487276315966888	[1743, 1742, 400, 19, 334, 1086, 1112]	178545
317	0.8580254340218895	0.9688283427636417	2.225223194377347	2.7206108825640802	[2872, 241, 19, 132, 1108, 1086, 1112]	176306
318	0.8588943040293203	0.9691312743208463	2.225223194377347	3.660212642330709	[10, 158, 420, 1822, 1094, 1086, 1112]	175967
319	0.8597578566400428	0.9693884065630717	2.225223194377347	3.6491301301768795	[846, 10, 158, 1713, 174, 1086, 1112]	178494
320	0.8606161243959878	0.9697354767834451	2.225223194377347	4.088844713617239	[2267, 438, 1779, 132, 1108, 1086, 1096]	176966
321	0.8614691396399328	0.9700295926553261	2.225223194377347	3.660212642330709	[10, 158, 420, 1822, 1094, 1086, 1112]	178109
322	0.862316934516721	0.9704260266149116	2.225223194377347	3.648671339286838	[4647, 3621, 1720, 132, 1108, 1086, 1112]	177796
323	0.8631595409744721	0.9706723737484817	2.225223194377347	3.1207086718623307	[1456, 19, 734, 1203, 174, 1086, 1112]	178626
324	0.8639969907657867	0.9710048865177733	2.225223194377347	3.6633877280958647	[734, 19, 241, 1729, 1094, 1086, 1112]	178124
325	0.8648293154489428	0.9712866660462692	2.225223194377347	3.72064580303472	[107, 162, 420, 158, 1115, 1086, 1112]	177350
326	0.8656565463890848	0.9716122140502798	2.225223194377347	3.262298240352031	[3248, 334, 19, 132, 1108, 1086, 1112]	176014
327	0.8664787147594055	0.9718880914647571	2.225223194377347	4.208287190964229	[305, 3083, 19, 1987, 334, 1086, 1112]	180185
328	0.867295851542321	0.9721222597990782	2.225223194377347	3.907797470707865	[1579, 1580, 438, 254, 174, 1086, 1112]	176288
329	0.8681079875306381	0.9725524718392159	2.225223194377347	3.5588995055169157	[4015, 241, 1587, 132, 1108, 1086, 1112]	177521
330	0.8689151533287149	0.9728725596311784	2.225223194377347	3.718294247239391	[4196, 1663, 1546, 234, 174, 1086, 1096]	178763
331	0.8697173793536138	0.9730985274809811	2.225223194377347	3.6515288538922883	[1579, 1580, 438, 132, 1108, 1086, 1096]	177464
332	0.8705146958362477	0.9734122472771213	2.225223194377347	3.8183756353871248	[2607, 1587, 132, 19, 334, 1086, 1112]	177071
333	0.8713071328225196	0.9736706316573241	2.225223194377347	3.2856764027988357	[950, 1987, 19, 132, 1108, 1086, 1112]	175750
334	0.8720947201744544	0.973926505013424	2.225223194377347	4.057448318472347	[1580, 438, 80, 148, 1108, 1086, 1112]	177313
335	0.8728774875713248	0.9742713925132465	2.225223194377347	3.2418942286645542	[813, 3284, 734, 1203, 174, 1086, 1112]	176788
336	0.8736554645107688	0.9745214275714268	2.225223194377347	3.6154401925065622	[394, 432, 422, 19, 334, 1086, 1112]	177361
337	0.8744286803099022	0.9748584457252439	2.225223194377347	3.775083405535659	[158, 420, 1879, 836, 1089, 1086, 1096]	179675
338	0.8751971641064229	0.9751027756987595	2.225223194377347	2.936799553153932	[734, 811, 3459, 1203, 174, 1086, 1112]	177300
339	0.8759609448597092	0.975385057153422	2.225223194377347	3.6652733987233415	[1582, 420, 158, 1713, 174, 1086, 1112]	175412
340	0.8767200513519107	0.9755900962441891	2.225223194377347	3.3046552615698683	[734, 19, 132, 217, 261, 1086, 1096]	176626
341	0.877474512189033	0.9758668525225996	2.225223194377347	3.94706990566534	[2636, 162, 420, 1822, 1094, 1086, 1112]	175401
342	0.8782243558020166	0.9761860740500785	2.225223194377347	3.1015860273876683	[241, 1729, 1032, 132, 1108, 1086, 1112]	177416
343	0.8789696104478066	0.9763561026758886	1.8792705159238667	1.8792705159238667	[1791, 420, 158, 10, 734, 19, 794]	177019
344	0.879710304210419	0.9765858781600879	1.8792705159238667	3.449457451827187	[241, 1720, 132, 1713, 174, 1086, 1112]	180338
345	0.8804464650019981	0.9768134206463844	1.8792705159238667	3.5273345462064576	[1792, 232, 734, 1203, 174, 1086, 1112]	178947
346	0.8811781205638691	0.977045189869411	1.8792705159238667	2.4629503543304447	[1019, 10, 734, 1203, 174, 1086, 1096]	176682
347	0.8819052984675828	0.9773054484876716	1.8792705159238667	4.320178937662566	[2528, 2975, 2156, 8, 174, 1086, 1112]	175713
348	0.882628026115955	0.9775627563279475	1.8792705159238667	3.0987643812796737	[3065, 1460, 19, 132, 1108, 1086, 1112]	176765
349	0.883346330744099	0.9777496554838996	1.8792705159238667	3.1148748190664355	[1586, 107, 734, 1203, 174, 1086, 1112]	175590
350	0.884060239420452	0.9779658881808491	1.8792705159238667	2.6023674981119003	[734, 19, 241, 132, 1108, 1086, 1112]	177115
351	0.8847697790477949	0.978149429303874	1.8792705159238667	3.907797470707865	[1579, 1580, 438, 8, 174, 1086, 1112]	179093
352	0.8854749763642666	0.9783971682006556	1.8792705159238667	3.98327875722501	[1529, 87, 1265, 255, 174, 1086, 1112]	176557
353	0.8861758579443713	0.9786420982664078	1.8792705159238667	3.9303628201081446	[2627, 301, 10, 158, 1115, 1086, 1112]	177180
354	0.8868724501999795	0.9788842513472875	1.8792705159238667	3.215412445787365	[1819, 241, 1720, 132, 1108, 1086, 1112]	176988
355	0.8875647793813242	0.979123658928384	1.8792705159238667	3.3945507805501087	[1579, 1580, 301, 2627, 261, 1086, 1112]	175768
356	0.8882528715779892	0.9793998010060508	1.8792705159238667	3.969114498383168	[2796, 1791, 420, 1822, 1094, 1086, 1112]	177626
357	0.888936752719893	0.9796333633529211	1.8792705159238667	4.164810465473435	[1851, 159, 1265, 255, 174, 1086, 1112]	175435
358	0.8896164485782656	0.9799027633085703	1.8792705159238667	4.78239174213328	[2047, 232, 2089, 1210, 458, 1086, 1112]	179943
359	0.8902919847666195	0.9800701705279907	1.8792705159238667	3.745000221040084	[193, 1265, 415, 255, 174, 1086, 1112]	177817
360	0.8909633867417153	0.9803337926109538	1.8792705159238667	3.935233739525411	[669, 673, 670, 132, 1094, 1086, 1112]	178383
361	0.8916306798045204	0.9805567654838455	1.8792705159238667	3.428889265862453	[195, 3284, 734, 1203, 174, 1086, 1112]	177734
362	0.8922938891011634	0.9807457182002318	1.8792705159238667	3.6154401925065622	[394, 432, 422, 19, 334, 1086, 1112]	175515
363	0.8929530396238806	0.9809328346414347	1.8792705159238667	3.532853129633992	[320, 232, 10, 158, 1115, 1086, 1112]	177094
364	0.8936081562119588	0.9811181326526938	1.8792705159238667	3.507819472107111	[241, 1031, 132, 217, 261, 1086, 1112]	179289
365	0.8942592635526704	0.9812529469611174	1.8792705159238667	3.2856764027988357	[950, 1987, 19, 132, 1108, 1086, 1112]	179838
366	0.8949063861822046	0.9814351340654798	1.8792705159238667	3.9134846086659483	[107, 10, 159, 1713, 174, 1086, 1112]	177066
367	0.8955495484865915	0.9816807010751957	1.8792705159238667	3.659323743884939	[377, 162, 1192, 836, 1089, 1086, 1112]	176359
368	0.896188774702621	0.9818884028770641	1.8792705159238667	3.179899696473333	[1792, 232, 320, 836, 1089, 1086, 1112]	178391
369	0.8968240889187564	0.9820392699917908	1.8792705159238667	3.921602664019894	[1799, 1019, 10, 158, 1115, 1086, 1112]	175274
370	0.897455515076042	0.9823164417511768	1.8792705159238667	3.889679492226567	[2309, 420, 1879, 836, 1089, 1086, 1112]	178618
371	0.8980830769690055	0.9824637433609129	1.8792705159238667	3.860207752796951	[1772, 811, 3459, 1203, 174, 1086, 1112]	175798
372	0.898706798246554	0.9826341637364142	1.8792705159238667	3.5772400492380187	[1849, 420, 158, 1713, 174, 1086, 1112]	178944
373	0.8993267024128664	0.9828638705652977	1.8792705159238667	3.517456662911222	[386, 370, 1032, 132, 1108, 1086, 1112]	176183
374	0.8999428128282778	0.983058157747097	1.8792705159238667	3.3333010924626487	[1820, 10, 734, 19, 334, 1086, 1096]	173412
375	0.9005551527101606	0.9832502421263816	1.8792705159238667	3.899705492910681	[1792, 496, 438, 2627, 261, 1086, 1112]	174690
376	0.9011637451337995	0.9834130191708288	1.8792705159238667	4.044864490813407	[432, 15, 422, 19, 334, 1086, 1112]	173228
377	0.9017686130332603	0.9835742143198004	1.8792705159238667	4.005206557638346	[10, 734, 19, 1987, 1114, 1086, 1112]	176174
378	0.9023697792022549	0.9837338429464301	1.8792705159238667	3.1005864631871427	[734, 19, 132, 1713, 174, 1086, 1112]	176073
379	0.9029672662950001	0.9839490037540171	1.8792705159238667	3.5663504197217772	[241, 1209, 132, 1713, 174, 1086, 1112]	177293
380	0.903561096827071	0.9841613185191755	1.8792705159238667	2.8649135046369567	[2627, 261, 217, 132, 1108, 1086, 1096]	177793
381	0.9041512931762495	0.9843408954067132	1.8792705159238667	3.58149179012917	[1792, 232, 10, 158, 1115, 1086, 1112]	173462
382	0.9047378775833681	0.9844713335957451	1.8792705159238667	3.324462254706714	[2751, 331, 241, 132, 1108, 1086, 1112]	176199
383	0.9053208721531475	0.9846767392360131	1.8792705159238667	3.272226006020019	[1456, 2004, 19, 132, 1108, 1086, 1112]	172871
384	0.9059002988550297	0.9848043798921062	1.8792705159238667	2.876898483739562	[1548, 19, 734, 1203, 174, 1086, 1112]	177561
385	0.9064761795240058	0.9850053801580837	1.8792705159238667	3.944268914638233	[1468, 2307, 420, 158, 1115, 1086, 1112]	178586
386	0.9070485358614393	0.9851753871857698	1.8792705159238667	3.63259183391249	[2764, 1511, 1031, 132, 1108, 1086, 1112]	177618
387	0.9076173894358833	0.9853194553375116	1.8792705159238667	3.4061245259816175	[19, 132, 241, 1729, 1094, 1086, 1112]	175956
388	0.9081827616838937	0.9854859014221203	1.8792705159238667	2.7206108825640802	[2872, 241, 19, 132, 1108, 1086, 1112]	176488
389	0.9087446739108365	0.9856778868530447	1.8792705159238667	4.028144845964491	[107, 734, 10, 158, 1115, 1086, 1112]	173970
390	0.9093031472916914	0.9858402690882709	1.8792705159238667	3.9643530555370186	[2872, 241, 1587, 132, 1094, 1086, 1112]	177145
391	0.9098582028718492	0.9860275671162039	1.8792705159238667	3.114445558142182	[3158, 3083, 19, 132, 1108, 1086, 1112]	177508
392	0.9104098615679049	0.9861859847225961	1.8792705159238667	4.097083035980938	[1679, 1580, 438, 2627, 261, 1086, 1112]	175074
393	0.9109581441684464	0.9863991639707042	1.8792705159238667	3.7593103781051287	[1819, 1513, 2680, 132, 1108, 1086, 1112]	176524
394	0.9115030713348373	0.9865313392479568	1.8792705159238667	3.1034592255838813	[2764, 400, 19, 132, 1108, 1086, 1112]	176909
395	0.9120446636019957	0.986684045152175	1.8792705159238667	3.9816959260986353	[545, 132, 241, 217, 261, 1086, 1112]	174540
396	0.9125829413791682	0.9868350196969349	1.8792705159238667	4.058001405275196	[87, 1265, 193, 1872, 1115, 1086, 1112]	177531
397	0.9131179249506987	0.9869629592528442	1.8792705159238667	3.3147954491973186	[1799, 232, 320, 836, 1089, 1086, 1112]	173380
398	0.9136496344767933	0.9870896554700177	1.8792705159238667	3.843563662866443	[107, 10, 157, 1713, 174, 1086, 1112]	176370
399	0.9141780899942792	0.9872360312583395	1.8792705159238667	3.58149179012917	[1792, 232, 10, 158, 1115, 1086, 1112]	173628
400	0.9147033114173607	0.9874048668237054	1.8792705159238667	3.302752345972076	[1579, 4018, 241, 132, 1108, 1086, 1112]	178635
401	0.915225318538369	0.9875476687871554	1.8792705159238667	3.8980669731042727	[2004, 19, 241, 217, 261, 1086, 1112]	176709
402	0.915744131028508	0.987651394994676	1.8792705159238667	3.7165805030848844	[846, 10, 301, 2627, 261, 1086, 1112]	175705
403	0.9162597684385964	0.9877714008742224	1.8792705159238667	3.8301026136703227	[241, 1126, 132, 19, 334, 1086, 1112]	176537
404	0.916772250199803	0.9878902405158724	1.8792705159238667	2.632664465514411	[432, 422, 19, 132, 1108, 1086, 1112]	175197
405	0.9172815956243807	0.988077119520257	1.8792705159238667	3.6317678609906796	[1548, 241, 217, 132, 1108, 1086, 1112]	175694
406	0.9177878239063929	0.988162247482271	1.8792705159238667	4.062270113543947	[2627, 438, 240, 1203, 174, 1086, 1112]	174232
407	0.9182909541224372	0.9882608543337307	1.8792705159238667	3.3046552615698683	[734, 19, 132, 217, 261, 1086, 1112]	175941
408	0.9187910052323646	0.9883939512233709	1.8792705159238667	2.9495193561308453	[3895, 1030, 1032, 132, 1108, 1086, 1112]	176714
409	0.9192879960799936	0.9885255390779812	1.8792705159238667	3.3606330780512383	[5414, 19, 241, 132, 1108, 1086, 1096]	174888
410	0.9197819453938203	0.9886370498741135	1.8792705159238667	2.852510554598944	[3284, 811, 3459, 1203, 174, 1086, 1112]	174894
411	0.9202728717877247	0.9887658815081939	1.8792705159238667	3.280753655086839	[1579, 1580, 438, 2627, 261, 1086, 1096]	174993
412	0.9207607937616712	0.9888750566150142	1.8792705159238667	3.529780189505308	[3694, 668, 670, 132, 1108, 1086, 1112]	176498
413	0.9212457297024067	0.9890222119507944	1.8792705159238667	2.9495193561308453	[3895, 1030, 1032, 132, 1108, 1086, 1096]	174371
414	0.921727697884153	0.9891674207874241	1.8792705159238667	3.755622824008638	[1549, 162, 2636, 836, 1089, 1086, 1096]	177068
415	0.9222067164692953	0.9892447641268368	1.8792705159238667	4.2747869003732895	[1549, 107, 10, 494, 636, 1086, 1096]	176458
416	0.9226828035090671	0.9894107399890769	1.8792705159238667	3.0635001754261895	[1819, 1513, 1031, 132, 1108, 1086, 1112]	178319
417	0.9231559769442299	0.989530799626389	1.8792705159238667	3.967069973321439	[709, 1580, 301, 2627, 261, 1086, 1112]	174730
418	0.9236262546057498	0.9896692811128125	1.8792705159238667	3.64446702722874	[1667, 4118, 23, 5272, 174, 1086, 1112]	174347
419	0.924093654215469	0.9898059308335424	1.8792705159238667	4.3583818370277765	[1580, 438, 2627, 301, 1092, 1086, 1112]	177873
420	0.924558193386774	0.9899215098490352	1.8792705159238667	3.2027493590021914	[2872, 241, 132, 1713, 174, 1086, 1112]	177924
421	0.925019889625259	0.9900814858831775	1.8792705159238667	4.147135548038604	[4196, 1663, 1665, 1546, 234, 1086, 1112]	177992
422	0.9254787603293858	0.9901778757191038	1.8792705159238667	3.428889265862453	[107, 811, 3459, 1203, 174, 1086, 1112]	174355
423	0.9259348227911394	0.9903077979979517	1.8792705159238667	3.710858051374953	[195, 190, 196, 1078, 334, 1086, 1112]	174644
424	0.9263880941966793	0.9904019884935984	1.8792705159238667	2.954117646351909	[107, 734, 19, 132, 1108, 1086, 1112]	177305
425	0.9268385916269881	0.9904819386102698	1.8792705159238667	3.2576636782570283	[846, 10, 734, 19, 334, 1086, 1112]	176131
426	0.9272863320585139	0.9906078388932027	1.8792705159238667	2.740062281339724	[1820, 733, 734, 1203, 174, 1086, 1112]	174380
427	0.9277313323638107	0.9906991135395272	1.8792705159238667	2.4629843211448703	[241, 19, 734, 1203, 174, 1086, 1112]	175308
428	0.9281736093121745	0.9908221411382108	1.8792705159238667	3.944268914638233	[158, 420, 2307, 1468, 1089, 1086, 1112]	177310
429	0.9286131795702748	0.9909113331582476	1.8792705159238667	3.027434532504193	[1647, 1697, 241, 132, 1108, 1086, 1112]	176420
430	0.9290500597027824	0.9909762251687796	1.8792705159238667	3.1207086718623307	[813, 19, 734, 1203, 174, 1086, 1112]	176692
431	0.9294842661729946	0.9910955872697216	1.8792705159238667	3.659323743884939	[377, 162, 1192, 836, 1089, 1086, 1112]	173815
432	0.9299158153434546	0.9911821218929507	1.8792705159238667	3.6198665328164	[734, 10, 301, 2627, 261, 1086, 1112]	175956
433	0.9303447234765685	0.9913182002588002	1.8792705159238667	3.2751450750610287	[2872, 241, 1126, 132, 1108, 1086, 1112]	178319
434	0.9307710067352181	0.9914521786498681	1.8792705159238667	2.8649135046369567	[2627, 261, 217, 132, 1108, 1086, 1112]	176212
435	0.9311946811833702	0.9915233808268789	1.8792705159238667	3.5108023608171486	[1715, 132, 241, 19, 334, 1086, 1112]	175327
436	0.9316157627866815	0.9916194876202249	1.8792705159238667	3.0957138887465803	[781, 19, 132, 1032, 1707, 1708, 794]	174283
437	0.9320342674131007	0.9916892961365079	1.8792705159238667	3.879459978474457	[3819, 438, 1779, 132, 1108, 1086, 1112]	174002
438	0.932450210833466	0.9917992260817922	1.8792705159238667	3.3107925902906414	[1500, 786, 19, 132, 1108, 1086, 1112]	175071
439	0.9328636087221001	0.991925781234851	1.8792705159238667	3.889679492226567	[2309, 420, 1879, 836, 1089, 1086, 1112]	175718
440	0.9332744766573999	0.9919834302056261	1.8792705159238667	3.190121354476479	[160, 107, 734, 1203, 174, 1086, 1112]	176277
441	0.9336828301224245	0.9920894694886204	1.8792705159238667	3.2681320931479263	[3284, 734, 19, 132, 1108, 1086, 1112]	175922
442	0.9340886845054779	0.9921459497445475	1.8792705159238667	4.503206947778057	[107, 10, 438, 240, 234, 1086, 1096]	177506
443	0.9344920551006896	0.992249839298191	1.8792705159238667	4.214915563100346	[320, 232, 677, 132, 1108, 1086, 1112]	175361
444	0.9348929571085902	0.992325156700541	1.8792705159238667	3.754860269417616	[1791, 420, 1879, 836, 1089, 1086, 1112]	176028
445	0.9352914056366849	0.9923799541775408	1.8792705159238667	4.3686053072199735	[269, 542, 156, 1713, 174, 1086, 1096]	177258
446	0.9356874157000223	0.9924807484344516	1.8792705159238667	3.7548264184334723	[734, 10, 161, 1713, 174, 1086, 1112]	175717
447	0.9360810022217606	0.9925344350048012	1.8792705159238667	3.44770601661038	[4015, 241, 1031, 132, 393, 4290, 794]	177908
448	0.9364721800337295	0.9925877382593632	1.8792705159238667	2.796959156295561	[1549, 107, 734, 1203, 174, 1086, 1112]	176138
449	0.9368609638769897	0.9926494813809013	1.8792705159238667	3.6154401925065622	[394, 432, 422, 19, 334, 1086, 1112]	177816
450	0.9372473684023878	0.992694465812607	1.8792705159238667	2.6674523674539987	[734, 10, 438, 3366, 793, 2372, 794]	176012
451	0.937631408171109	0.9927654622575768	1.8792705159238667	3.019399258546427	[382, 409, 19, 132, 1108, 1086, 1112]	175584
452	0.9380130976552253	0.9928357687468131	1.8792705159238667	3.8096075202561916	[811, 734, 19, 1987, 334, 1086, 1112]	175985
453	0.9383924512382412	0.9929053919854253	1.8792705159238667	3.7013281099420317	[1820, 733, 734, 19, 334, 1086, 1112]	175447
454	0.9387694832156356	0.9929743386133609	1.8792705159238667	3.3046552615698683	[734, 19, 132, 217, 261, 1086, 1112]	175749
455	0.9391442077954003	0.9930539946381527	1.8792705159238667	2.632664465514411	[432, 422, 19, 132, 1108, 1086, 1112]	179540
456	0.939516639098576	0.9931118539081389	1.8792705159238667	4.104545393274345	[1715, 132, 19, 422, 334, 1086, 1112]	175924
457	0.9398867911597837	0.9931787941033952	1.8792705159238667	3.8757930307818453	[87, 1265, 1209, 132, 1108, 1086, 1112]	177276
458	0.9402546779277541	0.9932450837622543	1.8792705159238667	3.660212642330709	[10, 158, 420, 1822, 1094, 1086, 1112]	176237
459	0.9406203132658532	0.9933107292067416	1.8792705159238667	2.6023674981119003	[734, 19, 241, 132, 1108, 1086, 1112]	176326
460	0.9409837109526042	0.9933865712792275	1.8792705159238667	2.936799553153932	[734, 811, 3459, 1203, 174, 1086, 1112]	175776
461	0.9413448846822078	0.9934615534642702	1.8792705159238667	3.7601638910004205	[1820, 10, 438, 2627, 261, 1086, 1112]	177417
462	0.9417038480650569	0.9935356855111607	1.8792705159238667	2.632664465514411	[432, 422, 19, 132, 1108, 1086, 1112]	176968
463	0.9420606146282504	0.9935895323623796	1.8792705159238667	3.3858483055097928	[1873, 10, 734, 19, 334, 1086, 1112]	178994
464	0.942415197816103	0.9936884593320959	1.8792705159238667	3.607429097407027	[2047, 232, 1192, 836, 1089, 1086, 1112]	177897
465	0.942767610990651	0.9937600187500994	1.8792705159238667	3.716994889733334	[1114, 1987, 19, 132, 1108, 1086, 1096]	175507
466	0.943117867432157	0.9938563147570424	1.8792705159238667	4.508030385600752	[1806, 115, 843, 3094, 174, 1086, 1112]	177440
467	0.9434659803396092	0.9939001799459014	1.8792705159238667	4.115520344730958	[1712, 132, 19, 1987, 334, 1086, 1112]	173375
468	0.9438119628312196	0.9939594590523553	1.8792705159238667	2.8785220653926133	[77, 19, 241, 132, 1108, 1086, 1112]	175715
469	0.9441558279449183	0.9940181620741982	1.8792705159238667	2.918588336430587	[331, 241, 19, 132, 1108, 1086, 1112]	176601
470	0.9444975886388438	0.9940859833658741	1.8792705159238667	2.8649135046369567	[2627, 261, 217, 132, 1108, 1086, 1112]	179224
471	0.9448372577918331	0.9941352463115977	1.8792705159238667	3.5965259561246024	[2309, 420, 158, 1713, 174, 1086, 1112]	176681
472	0.9451748482039053	0.9941922410024471	1.8792705159238667	2.6023674981119003	[734, 19, 241, 132, 1108, 1086, 1096]	175340
473	0.9455103725967449	0.9942486818090317	1.8792705159238667	4.3051134846045125	[838, 1851, 159, 1713, 174, 1086, 1112]	176717
474	0.9458438436141811	0.9943045741140946	1.8792705159238667	3.072870092297131	[420, 107, 734, 1203, 174, 1086, 1112]	174854
475	0.9461752738226638	0.9943452387839529	1.8792705159238667	3.046618631255221	[3, 19, 241, 132, 1108, 1086, 1112]	173741
476	0.9465046757117379	0.9944001927316306	1.8792705159238667	3.728796090853008	[158, 10, 301, 2627, 261, 1086, 1112]	176098
477	0.9468320616945134	0.9944636826099569	1.8792705159238667	3.6466137364652322	[2297, 400, 19, 132, 1094, 1086, 1112]	178096
478	0.9471574441081331	0.9945174855000447	1.8792705159238667	2.740062281339724	[1820, 733, 734, 1203, 174, 1086, 1112]	174414
479	0.9474808352142381	0.9945900055331129	1.8792705159238667	3.3107925902906414	[1500, 786, 19, 132, 1108, 1086, 1112]	175276
480	0.9478022471994292	0.99465134333886	1.8792705159238667	2.918588336430587	[331, 241, 19, 132, 1108, 1086, 1112]	175607
481	0.9481216921757266	0.9947338843367171	1.8792705159238667	3.7955371329617167	[160, 87, 1265, 255, 174, 1086, 1112]	172811
482	0.9484391821810261	0.9948035419513107	1.8792705159238667	3.6232777546707666	[19, 241, 1031, 132, 1094, 1086, 1112]	174493
483	0.9487547291795527	0.9948624587092324	1.8792705159238667	4.246771214526423	[3167, 19, 132, 387, 344, 1086, 1112]	176721
484	0.9490683450623117	0.9949207074767014	1.8792705159238667	2.836907934762174	[2297, 400, 19, 132, 1108, 1086, 1112]	178769
485	0.9493800416475368	0.9949878938857397	1.8792705159238667	3.027434532504193	[1647, 1697, 241, 132, 1108, 1086, 1112]	175471
486	0.9496898306811348	0.9950366023999696	1.8792705159238667	3.123661932901401	[119, 400, 19, 132, 1108, 1086, 1112]	175612
487	0.9499977238371291	0.9951041316190177	1.8792705159238667	4.147135548038604	[4196, 1663, 1665, 1546, 234, 1086, 1112]	176430
488	0.9503037327180994	0.9952040473002622	1.8792705159238667	3.967831232047491	[3266, 1963, 2156, 8, 174, 1086, 1112]	175038
489	0.9506078688556183	0.9952382898375365	1.8792705159238667	3.7955371329617167	[160, 87, 1265, 255, 174, 1086, 1112]	175754
490	0.9509101437106868	0.9952922774811018	1.8792705159238667	3.0243219050251575	[1259, 734, 19, 132, 1108, 1086, 1112]	175729
491	0.9512105686741655	0.995331492162642	1.8792705159238667	3.2771900877665443	[2872, 241, 132, 19, 334, 1086, 1112]	175561
492	0.9515091550672041	0.9953932449118134	1.8792705159238667	3.7176322375406414	[1799, 232, 1192, 836, 1089, 1086, 1112]	177444
493	0.9518059141416682	0.9954380141546529	1.8792705159238667	3.728796090853008	[158, 10, 301, 2627, 261, 1086, 1112]	176014
494	0.9521008570805627	0.99547058619615	1.8792705159238667	2.340398178917159	[107, 10, 734, 1203, 174, 1086, 1112]	175615
495	0.9523939949984539	0.9955219400941528	1.8792705159238667	3.8510218650561905	[2657, 232, 320, 836, 1089, 1086, 1112]	173898
496	0.9526853389418883	0.995581173690791	1.8792705159238667	3.1034592255838813	[2764, 400, 19, 132, 1108, 1086, 1112]	175223
497	0.9529748998898083	0.9956127235900655	1.8792705159238667	3.1148748190664355	[669, 811, 3459, 1203, 174, 1086, 1096]	175380
498	0.9532626887539665	0.9956624659529899	1.8792705159238667	3.636173853957505	[1726, 132, 241, 217, 261, 1086, 1112]	177437
499	0.9535487163793364	0.9957046188591805	1.8792705159238667	2.6385976592037066	[77, 19, 734, 1203, 174, 1086, 1112]	174858
