0	0.0061198990216660976	0.0113378684807256	4.207053714739074	4.207053714739074	[1794, 1879, 496, 217, 261, 1086, 1096]	133443
1	0.012202344879296834	0.02254718969976499	2.632664465514411	2.632664465514411	[432, 422, 19, 132, 1108, 1086, 1112]	134509
2	0.01824756678247408	0.03362942110906464	2.632664465514411	3.0987643812796737	[3065, 1460, 19, 132, 1108, 1086, 1112]	132060
3	0.024255792538040333	0.04458600363617271	2.632664465514411	3.7999857451295664	[2627, 438, 217, 132, 1108, 1086, 1096]	127687
4	0.030227248558683195	0.053870882123673414	2.632664465514411	2.732522825020183	[1742, 400, 19, 132, 1108, 1086, 1112]	129716
5	0.036162159871467314	0.0606261325636781	2.632664465514411	3.8789742518016697	[158, 3284, 734, 1203, 174, 1086, 1096]	130362
6	0.04206075012631472	0.06733315131136408	2.632664465514411	3.1148748190664355	[158, 651, 734, 1203, 174, 1086, 1112]	130201
7	0.04792324160443229	0.07399228273533243	2.632664465514411	3.3016640075194656	[107, 10, 734, 19, 334, 1086, 1112]	220205
8	0.0537498552266884	0.08299138591574706	2.632664465514411	3.38099684896389	[77, 786, 19, 132, 1108, 1086, 1112]	180751
9	0.05954081056193805	0.08953871938930635	2.632664465514411	3.889229274021643	[1549, 162, 107, 1546, 234, 1086, 1112]	135065
10	0.06529632583529699	0.10158185802172293	2.632664465514411	4.063963797736523	[331, 241, 132, 1729, 1094, 1086, 1112]	136072
11	0.07101661793636527	0.11176800475617044	2.632664465514411	3.684526476794801	[846, 10, 438, 2627, 261, 1086, 1112]	137244
12	0.0767019024274006	0.1235171052223587	2.632664465514411	3.6493987099439575	[1715, 132, 241, 1729, 1094, 1086, 1112]	134325
13	0.0823523935514413	0.13511079430671902	2.632664465514411	2.92478037844411	[19, 1126, 241, 132, 1108, 1086, 1112]	131011
14	0.08796830424038005	0.14655112771536027	2.632664465514411	3.745000221040084	[193, 1265, 415, 255, 174, 1086, 1112]	1433574
15	0.09354984612298778	0.15484509148877756	2.632664465514411	4.634334949550242	[245, 960, 455, 19, 334, 1086, 1112]	199695
16	0.0990972295328888	0.16602438922040752	2.632664465514411	4.457599660030268	[1742, 1743, 193, 232, 1023, 1086, 1112]	158355
17	0.10461066351648673	0.17547989501155936	2.632664465514411	3.2576636782570283	[846, 10, 734, 19, 334, 1086, 1096]	160875
18	0.11009035584084248	0.18349272402019334	2.632664465514411	4.052342240249097	[2015, 1663, 1546, 234, 174, 1086, 1112]	210425
19	0.11553651300150336	0.18932248977955413	2.632664465514411	3.449457451827187	[241, 1720, 132, 1713, 174, 1086, 1112]	482823
20	0.12094934023028481	0.19851384477071565	2.632664465514411	3.6746193063400145	[2627, 261, 217, 132, 1094, 1086, 1112]	1026777
21	0.1263290415030044	0.20630282587109738	2.632664465514411	3.5663504197217772	[241, 1209, 132, 1713, 174, 1086, 1112]	1747072
22	0.13167581954716823	0.21855123905209894	2.632664465514411	3.7176322375406414	[1799, 232, 1192, 836, 1089, 1086, 1112]	727235
23	0.13698987584961053	0.22741120232815226	2.632664465514411	3.2771900877665443	[2872, 241, 132, 19, 334, 1086, 1112]	253321
24	0.14227141066408644	0.2338467608260435	2.632664465514411	4.054378464215606	[1515, 1031, 132, 1713, 174, 1086, 1112]	172170
25	0.1475206230188183	0.2456701132824317	2.632664465514411	3.960706826155282	[3157, 1202, 1201, 1203, 174, 1086, 1112]	171128
26	0.152737710723996	0.25564802183689694	2.632664465514411	3.775083405535659	[158, 420, 1879, 836, 1089, 1086, 1112]	166150
27	0.1579228703792308	0.2671349350801546	2.632664465514411	3.862986186644944	[107, 1586, 1587, 132, 1108, 1086, 1112]	166350
28	0.1630762973809643	0.2723675053062736	2.632664465514411	3.987682786168695	[107, 734, 19, 1987, 334, 1086, 1112]	2001673
29	0.1681981859298317	0.2835964018293249	2.424582476907486	2.424582476907486	[1873, 10, 734, 1203, 174, 1086, 1112]	297313
30	0.17328872903797987	0.2995164817886733	2.424582476907486	3.6909182876515674	[2033, 2034, 1032, 132, 1108, 1086, 1112]	209944
31	0.1783481185363407	0.3074584717910692	2.424582476907486	3.542228626723241	[1742, 400, 19, 132, 1094, 1086, 1112]	168070
32	0.1833765450818603	0.31531041655534275	2.424582476907486	3.3351497941683217	[1535, 496, 217, 132, 1108, 1086, 1112]	192512
33	0.18837419816468337	0.323073337002561	2.424582476907486	4.012810277063668	[1792, 232, 10, 158, 1089, 1086, 1112]	192719
34	0.19334126611529434	0.33202739339141607	2.424582476907486	3.601276362078189	[1549, 162, 1192, 836, 1089, 1086, 1112]	208811
35	0.19827793611161382	0.3375915133964854	2.424582476907486	3.6380241084139104	[1715, 132, 19, 1987, 334, 1086, 1112]	2975549
36	0.2031843941860525	0.34510181369811255	2.424582476907486	3.6418698094676936	[2051, 1849, 420, 158, 1115, 1086, 1112]	448965
37	0.20806082523252156	0.351466227559161	2.424582476907486	2.6023674981119003	[734, 19, 241, 132, 1108, 1086, 1096]	176865
38	0.2129074130134001	0.3577687909453694	2.424582476907486	3.1207086718623307	[432, 19, 734, 1203, 174, 1086, 1112]	173713
39	0.21772434016646003	0.36767976639374333	2.424582476907486	3.0635001754261895	[1819, 1513, 1031, 132, 1108, 1086, 1112]	168737
40	0.22251178821174855	0.37294690703186284	2.424582476907486	2.456452605672925	[1917, 10, 734, 1203, 174, 1086, 1112]	170103
41	0.2272699375584284	0.3829001307297697	2.424582476907486	4.284093263083454	[3046, 2163, 320, 836, 1089, 1086, 1112]	203475
42	0.23199896751157656	0.38889721400742017	2.3086134374228453	2.3086134374228453	[158, 10, 734, 1203, 174, 1086, 1112]	2714570
43	0.23669905627894106	0.39832781255668837	2.3086134374228453	2.8649135046369567	[2627, 261, 217, 132, 1108, 1086, 1096]	425993
44	0.2413703809776564	0.4051494926864311	2.3086134374228453	3.6515288538922883	[1579, 1580, 438, 132, 1108, 1086, 1112]	208047
45	0.24601311764091816	0.4118938295040452	2.3086134374228453	3.179899696473333	[1792, 232, 320, 836, 1089, 1086, 1112]	172688
46	0.25062744122461655	0.41760914700157636	2.3086134374228453	4.142859522976298	[1549, 162, 420, 158, 1089, 1086, 1112]	171298
47	0.2552135256139294	0.42421221789725005	2.3086134374228453	4.1141993026454085	[2627, 438, 496, 217, 261, 1086, 1112]	170492
48	0.25977154362987487	0.4318284584012547	2.3086134374228453	3.674540599893466	[19, 241, 1729, 1822, 1094, 1086, 1112]	170391
49	0.2643016670358238	0.4358851362730849	2.3086134374228453	4.036036784079235	[1019, 10, 159, 1713, 174, 1086, 1096]	2667855
50	0.2688040665439726	0.44459061256516685	2.3086134374228453	3.3735256287391433	[2654, 232, 320, 836, 1089, 1086, 1112]	508614
51	0.2732789118217763	0.45316174508730933	2.3086134374228453	3.809351041507175	[2872, 241, 1697, 132, 1108, 1086, 1112]	325290
52	0.27772637149834234	0.45847601384253467	2.3086134374228453	3.5772400492380187	[1849, 420, 158, 1713, 174, 1086, 1112]	232453
53	0.2821466131707848	0.46298683421869014	2.3086134374228453	3.2771900877665443	[2872, 241, 132, 19, 334, 1086, 1112]	236761
54	0.28653980341054064	0.4712740744313646	2.3086134374228453	3.307594970447864	[2872, 241, 1729, 132, 1108, 1086, 1096]	266982
55	0.2909061077696462	0.4772686994378117	2.3086134374228453	3.9700034766882677	[1799, 10, 438, 2627, 261, 1086, 1112]	2124627
56	0.29524569078697616	0.4841831346304333	2.3086134374228453	3.6633877280958647	[734, 19, 241, 1729, 1094, 1086, 1112]	189327
57	0.29955871599444395	0.48847981822368247	2.3086134374228453	2.456452605672925	[1917, 10, 734, 1203, 174, 1086, 1112]	168524
58	0.30384534592316415	0.49524595819426864	2.3086134374228453	4.0460576632293455	[223, 222, 23, 5272, 174, 1086, 1112]	171970
59	0.3081057421095773	0.500151245286647	2.3086134374228453	3.5784168931352323	[241, 132, 1727, 1203, 174, 1086, 1112]	197734
60	0.31234006510153733	0.505008861950528	2.3086134374228453	4.140849997598486	[734, 10, 1019, 1010, 1105, 1086, 1112]	648472
61	0.3165484744643614	0.509819271455382	2.3086134374228453	3.4061245259816175	[19, 132, 241, 1729, 1094, 1086, 1112]	2617012
62	0.3207311287868432	0.5153768760874071	2.3086134374228453	3.4177184342752316	[1917, 10, 734, 19, 334, 1086, 1112]	351036
63	0.32488818568722877	0.5200865274373836	2.3086134374228453	3.72064580303472	[107, 162, 420, 158, 1115, 1086, 1112]	181357
64	0.3290198018191567	0.5240841407032113	2.3086134374228453	3.131399878287736	[1794, 1879, 496, 3366, 793, 4290, 794]	167352
65	0.333126132877561	0.5280484543999776	2.3086134374228453	4.14140574692112	[1792, 232, 10, 494, 636, 1086, 1112]	167864
66	0.33720733360453825	0.5333993789532658	2.3086134374228453	3.6446290711429956	[2149, 420, 158, 1713, 174, 1086, 1112]	179317
67	0.34126355779517925	0.5386896354277186	2.3086134374228453	3.9734324638752527	[837, 162, 420, 1822, 1094, 1086, 1112]	457799
68	0.3452949583033643	0.5439199116700346	2.3086134374228453	3.6198665328164	[734, 10, 301, 2627, 261, 1086, 1112]	3388414
69	0.3493016870475234	0.5490908877281975	2.3086134374228453	2.8649135046369567	[2627, 261, 217, 132, 1108, 1086, 1112]	383921
70	0.35328389501636104	0.555055293975179	2.3086134374228453	3.6493987099439575	[1715, 132, 241, 1729, 1094, 1086, 1096]	202048
71	0.35724173227454614	0.5601000185332836	2.3086134374228453	3.428889265862453	[195, 3284, 734, 1203, 174, 1086, 1096]	194676
72	0.3611753479683669	0.5643750426486064	2.3086134374228453	2.6385976592037066	[77, 19, 734, 1203, 174, 1086, 1096]	192446
73	0.3650848903313515	0.5693141011219782	2.3086134374228453	3.68263630786175	[2872, 241, 89, 132, 1108, 1086, 1096]	227248
74	0.36897050668985365	0.5734995811888199	2.3086134374228453	4.672670022334915	[2322, 2323, 142, 255, 174, 1086, 1112]	522555
75	0.37283234346860483	0.5791411211201849	2.3086134374228453	3.77454724064593	[1791, 420, 545, 132, 1108, 1086, 1112]	3251332
76	0.37667054619623197	0.5826468177372595	2.3086134374228453	3.959618089622209	[1917, 10, 157, 1713, 174, 1086, 1112]	232555
77	0.3804852595107413	0.5890874532660055	2.3086134374228453	3.0635001754261895	[1819, 1513, 1031, 132, 1108, 1086, 1096]	196150
78	0.38427662716496924	0.5920213204408777	2.3086134374228453	2.3086134374228453	[158, 10, 734, 1203, 174, 1086, 1112]	185586
79	0.38804479203199926	0.5949342401497547	2.3086134374228453	2.4284869069402104	[10, 734, 19, 132, 1108, 1086, 1112]	184987
80	0.39178989611054615	0.599526822460982	2.3086134374228453	3.728294138133646	[331, 241, 19, 132, 1094, 1086, 1112]	201410
81	0.3955120805303066	0.6040673346779777	2.3086134374228453	2.8080246507420323	[3621, 1720, 241, 132, 1108, 1086, 1112]	189243
82	0.39921148555727815	0.6085563671646219	2.3086134374228453	3.9480037050054966	[2607, 1587, 132, 217, 261, 1086, 1112]	3230669
83	0.40288825059904443	0.6123604841017976	2.3086134374228453	3.889229274021643	[1549, 162, 107, 1546, 234, 1086, 1112]	647261
84	0.4065425142100286	0.6167554899509835	2.3086134374228453	3.6418698094676936	[2051, 1849, 420, 158, 1115, 1086, 1112]	233900
85	0.41017441409671507	0.6218248617770288	2.3086134374228453	3.8899659912902695	[420, 162, 1192, 836, 1089, 1086, 1112]	199428
86	0.4137840871228382	0.6276608978607165	2.3086134374228453	3.8195868711103884	[317, 321, 1398, 132, 1108, 1086, 1112]	192175
87	0.4173716693145403	0.6312793536638194	2.3086134374228453	3.5878125065263164	[734, 10, 438, 2627, 261, 1086, 1112]	192428
88	0.4209372958654972	0.6343507459698268	2.3086134374228453	3.3333010924626487	[1820, 10, 734, 19, 334, 1086, 1112]	193353
89	0.4244811011420133	0.6391873763141411	2.3086134374228453	4.236624599469327	[2636, 162, 420, 1582, 1087, 1086, 1112]	2989193
90	0.42800321868808466	0.6426938158057434	2.3086134374228453	4.314854176844707	[87, 415, 1265, 193, 1115, 1086, 1112]	991157
91	0.43150378123043165	0.6467449063294877	2.3086134374228453	3.5880194384738697	[2264, 232, 320, 836, 1089, 1086, 1112]	249342
92	0.4349829206835004	0.6492671060819992	2.3086134374228453	3.4177184342752316	[1917, 10, 734, 19, 334, 1086, 1112]	237090
93	0.4384407681544341	0.6526755890160907	2.3086134374228453	2.4284869069402104	[10, 734, 19, 132, 1108, 1086, 1112]	334000
94	0.44187745394801337	0.6580355336300399	2.3086134374228453	3.63259183391249	[2764, 1511, 1031, 132, 1108, 1086, 1112]	211105
95	0.4452931075715667	0.6608840506343711	2.3086134374228453	3.7541760223808662	[2872, 241, 19, 1987, 334, 1086, 1112]	268290
96	0.44868785773985087	0.6633052985622508	2.3086134374228453	3.1930874480904543	[19, 241, 132, 1713, 174, 1086, 1112]	2955269
97	0.4520618323799014	0.6671226988053092	2.3086134374228453	3.3147954491973186	[1799, 232, 320, 836, 1089, 1086, 1112]	1666544
98	0.45541515863585313	0.6703576580005929	2.3086134374228453	3.697156180925268	[193, 232, 10, 158, 1115, 1086, 1112]	199345
99	0.45874796287373176	0.6735611793028222	2.3086134374228453	3.4061245259816175	[19, 132, 241, 1729, 1094, 1086, 1112]	455827
100	0.46206037068621564	0.6772622997188901	2.3086134374228453	2.632664465514411	[432, 422, 19, 132, 1108, 1086, 1096]	401188
101	0.4653525068973685	0.6809214573184491	2.3086134374228453	3.114445558142182	[3158, 3083, 19, 132, 1108, 1086, 1112]	263302
102	0.46862449556734354	0.6845391278703941	2.3086134374228453	3.44237026721747	[432, 422, 19, 132, 1094, 1086, 1096]	237437
103	0.4718764599970583	0.6881157817494146	2.3086134374228453	3.262298240352031	[3248, 334, 19, 132, 1108, 1086, 1112]	2986765
104	0.4751085227328411	0.6916518839971536	2.3086134374228453	3.8091848861950828	[1917, 10, 158, 1713, 174, 1086, 1096]	304338
105	0.4783208055710493	0.6952477803936883	2.3086134374228453	3.743934906622771	[2607, 1587, 132, 1713, 174, 1086, 1112]	216914
106	0.4815134295626585	0.6987030209787938	2.3086134374228453	3.606184402719541	[2047, 232, 10, 158, 1115, 1086, 1112]	198945
107	0.484686515017825	0.7016310771403216	2.3086134374228453	3.83019325597735	[1799, 232, 1879, 836, 1089, 1086, 1112]	200466
108	0.48784018151041875	0.7050139447464403	2.3086134374228453	3.697156180925268	[193, 232, 10, 158, 1115, 1086, 1096]	202760
109	0.4909745478825298	0.7089158766942387	2.3086134374228453	3.7813728741198744	[1794, 1791, 420, 1822, 1094, 1086, 1096]	676983
110	0.4940897322489467	0.7117446825572684	2.3086134374228453	4.2509078201400765	[107, 734, 19, 387, 344, 1086, 1112]	3843470
111	0.49718585200160725	0.7145459975955846	2.3086134374228453	3.58149179012917	[1792, 232, 10, 158, 1115, 1086, 1112]	331129
112	0.5002630238140224	0.7177824375321427	2.3086134374228453	3.7247675443825	[1820, 10, 158, 1713, 174, 1086, 1112]	239964
113	0.5033213636456735	0.720982183138354	2.3086134374228453	4.037502889654039	[2047, 232, 10, 158, 1089, 1086, 1096]	236810
114	0.5063609867463807	0.7233063632038406	2.3086134374228453	3.5772400492380187	[1849, 420, 158, 1713, 174, 1086, 1112]	337900
115	0.5093820076606477	0.725611183168823	2.3086134374228453	2.632664465514411	[432, 422, 19, 132, 1108, 1086, 1096]	383610
116	0.5123845402319771	0.7282777411555206	2.3086134374228453	4.207033625178908	[734, 19, 132, 1587, 487, 1086, 1112]	298109
117	0.5153686976071608	0.731358492389585	2.3086134374228453	3.2090431767779197	[21, 422, 19, 132, 1108, 1086, 1112]	2112572
118	0.5183345922405433	0.7332765611057894	2.3086134374228453	2.936799553153932	[734, 811, 3459, 1203, 174, 1086, 1112]	251703
119	0.5212823358982609	0.7368046489218505	2.3086134374228453	3.487276315966888	[1743, 1742, 400, 19, 334, 1086, 1112]	214546
120	0.5242120396624514	0.7393624268720755	2.3086134374228453	3.514672406513336	[2028, 493, 217, 132, 1108, 1086, 1096]	225180
121	0.5271238139354417	0.7423175013973353	2.3086134374228453	3.2027493590021914	[2872, 241, 132, 1713, 174, 1086, 1112]	203219
122	0.5300177684439074	0.7448217044935712	2.3086134374228453	3.728796090853008	[158, 10, 301, 2627, 261, 1086, 1112]	198667
123	0.5328940122430079	0.7481970787727568	2.3086134374228453	4.210880161444208	[1677, 1580, 301, 2627, 261, 1086, 1112]	225811
124	0.5357526537204963	0.7506441431189884	2.3086134374228453	3.428889265862453	[1527, 651, 734, 1203, 174, 1086, 1112]	2728709
125	0.5385938006008033	0.7544922273301151	2.3086134374228453	3.7199901158437356	[2047, 232, 1879, 836, 1089, 1086, 1112]	685605
126	0.5414175599490971	0.7568781143337098	2.3086134374228453	2.5846064999161147	[1529, 2229, 734, 1203, 174, 1086, 1112]	257999
127	0.5442240381753178	0.7589032862259737	2.3086134374228453	3.125527937822353	[669, 668, 670, 132, 1108, 1086, 1112]	229279
128	0.5470133410381877	0.7620923961965296	2.3086134374228453	3.1015860273876683	[241, 1729, 1032, 132, 1108, 1086, 1096]	282845
129	0.5497855736491959	0.7644044234443768	2.3086134374228453	3.895540717964394	[107, 10, 161, 1713, 174, 1086, 1112]	647061
130	0.5525408404765602	0.7670755751060051	2.3086134374228453	3.5772400492380187	[1849, 420, 158, 1713, 174, 1086, 1112]	1041736
131	0.5552792453491631	0.7693391749592023	2.3086134374228453	4.293673114767536	[1580, 301, 10, 232, 1023, 1086, 1112]	2197965
132	0.5580008914604654	0.7719543770571705	2.3086134374228453	2.3720352638603415	[1820, 10, 734, 1203, 174, 1086, 1112]	888536
133	0.5607058813723937	0.7749708535511233	2.3086134374228453	3.324462254706714	[2751, 331, 241, 132, 1108, 1086, 1112]	285162
134	0.5633943170192066	0.7771577257226382	2.3086134374228453	2.8066942250663134	[3, 19, 734, 1203, 174, 1086, 1112]	888883
135	0.5660662997113346	0.7790139712393176	2.3086134374228453	3.5448375963304635	[3, 19, 132, 1713, 174, 1086, 1112]	585276
136	0.5687219301391991	0.7805917854507344	2.3086134374228453	3.581006619490397	[19, 241, 132, 387, 344, 1086, 1112]	201546
137	0.5713613083770063	0.7830794069308847	2.3086134374228453	3.4617067333156504	[1791, 420, 158, 1713, 174, 1086, 1112]	199479
138	0.573984533886518	0.7851874787780093	2.3086134374228453	3.5458723285184215	[1529, 2229, 734, 19, 334, 1086, 1112]	1000661
139	0.5765917055208005	0.7872750640182619	2.3086134374228453	3.283811063743345	[331, 241, 1209, 132, 1108, 1086, 1112]	218041
140	0.5791829215279491	0.7887938950004603	2.3086134374228453	3.123661932901401	[119, 400, 19, 132, 1108, 1086, 1112]	434877
141	0.5817582795547906	0.7903018817083762	2.3086134374228453	3.952153476247373	[331, 241, 19, 1987, 334, 1086, 1096]	341011
142	0.5843178766505632	0.7920486382122631	2.3086134374228453	2.7223560093963073	[160, 87, 415, 733, 734, 19, 794]	244484
143	0.5868618092705735	0.7937808444745517	2.3086134374228453	3.4177184342752316	[1917, 10, 734, 19, 334, 1086, 1096]	267704
144	0.5893901732798315	0.7961189301381055	2.3086134374228453	3.58149179012917	[1792, 232, 10, 158, 1115, 1086, 1112]	302561
145	0.5919030639566627	0.7984305068939093	2.3086134374228453	3.072870092297131	[669, 811, 734, 1203, 174, 1086, 1112]	2105968
146	0.5944005759962993	0.8003893940961064	2.3086134374228453	3.6771584126391046	[107, 162, 10, 158, 1115, 1086, 1112]	289272
147	0.5968828035144478	0.8026525528932028	2.3086134374228453	3.668017645128386	[19, 132, 1032, 1729, 1094, 1086, 1112]	223405
148	0.5993498400508366	0.8045704095220346	2.3086134374228453	2.918588336430587	[331, 241, 19, 132, 1108, 1086, 1112]	415279
149	0.6018017785727398	0.8067861645161158	2.3086134374228453	2.8649135046369567	[2627, 261, 217, 132, 1108, 1086, 1112]	516831
150	0.6042387114784816	0.8086638499921497	2.3086134374228453	3.1034592255838813	[2764, 400, 19, 132, 1108, 1086, 1112]	617746
151	0.6066607306009177	0.8100299675622659	2.3086134374228453	3.7886459842686415	[331, 241, 132, 387, 344, 1086, 1096]	286504
152	0.6090679272108961	0.811876129199173	2.3086134374228453	2.6023674981119003	[734, 19, 241, 132, 1108, 1086, 1112]	2124260
153	0.611460392020696	0.8143645401886018	2.3086134374228453	3.502202333386621	[158, 733, 734, 1203, 174, 1086, 1112]	1187114
154	0.6138382151874471	0.815910858054586	2.3086134374228453	3.4492211628073086	[1819, 241, 132, 1713, 174, 1086, 1112]	317838
155	0.6162014863165263	0.8179980365346927	2.3086134374228453	2.836907934762174	[2297, 400, 19, 132, 1108, 1086, 1112]	454491
156	0.6185502944649346	0.8192975091125375	2.3086134374228453	4.505833350566087	[21, 422, 19, 387, 344, 1086, 1096]	282495
157	0.6208847281446535	0.821346290188359	2.3086134374228453	3.617730452445091	[3621, 1720, 241, 132, 1094, 1086, 1112]	254207
158	0.6232048753259798	0.8233718424537971	2.3086134374228453	3.215412445787365	[1819, 241, 1720, 132, 1108, 1086, 1112]	209336
159	0.6255108234408409	0.8257081937440909	2.3086134374228453	3.38099684896389	[77, 786, 19, 132, 1108, 1086, 1112]	596424
160	0.6278026593860897	0.8274019916668888	2.3086134374228453	4.3812392072909	[249, 318, 158, 1546, 234, 1086, 1096]	203651
161	0.6300804695267795	0.8293588851854048	2.3086134374228453	2.632664465514411	[432, 422, 19, 132, 1108, 1086, 1112]	260330
162	0.6323443396994177	0.8312935917025771	2.3086134374228453	2.7206108825640802	[2872, 241, 19, 132, 1108, 1086, 1112]	203202
163	0.6345943552152014	0.8329331097618329	2.3086134374228453	4.063461987569152	[241, 19, 23, 5272, 174, 1086, 1112]	200893
164	0.6368306008632311	0.8341259476763078	2.3086134374228453	3.9285733316174305	[10, 734, 19, 422, 636, 1086, 1096]	224865
165	0.6390531609137072	0.8360066058659188	2.3086134374228453	3.2576636782570283	[846, 10, 734, 19, 334, 1086, 1112]	253979
166	0.641262119121105	0.8371774993802932	2.3086134374228453	2.8066942250663134	[3, 19, 734, 1203, 174, 1086, 1112]	1617565
167	0.6434575587273302	0.8383400328529156	2.3086134374228453	3.767674893925844	[734, 19, 387, 344, 174, 1086, 1112]	201062
168	0.6456395624648572	0.8404783922067129	2.3086134374228453	4.065736375619337	[359, 158, 420, 1582, 1087, 1086, 1112]	283007
169	0.6478082125598458	0.8422870272157071	2.3086134374228453	3.911291829090726	[1726, 132, 1032, 1729, 1094, 1086, 1112]	319673
170	0.6499635907352397	0.8440751561588398	2.3086134374228453	3.98327875722501	[1529, 87, 1265, 255, 174, 1086, 1112]	290817
171	0.6521057782138465	0.8451884411746629	2.3086134374228453	3.190121354476479	[160, 107, 734, 1203, 174, 1086, 1096]	210230
172	0.6542348557213988	0.847577508440486	2.3086134374228453	3.862986186644944	[107, 1586, 1587, 132, 1108, 1086, 1112]	201157
173	0.6563509034895958	0.8493056546032922	2.3086134374228453	3.7541760223808662	[2872, 241, 19, 1987, 334, 1086, 1112]	2837592
174	0.6584540012591262	0.8505609177886042	2.3086134374228453	3.831483791594195	[1579, 1580, 438, 3366, 150, 1086, 1112]	454619
175	0.6605442282826743	0.852867076464706	2.3086134374228453	3.021211317745953	[331, 241, 1031, 132, 1108, 1086, 1096]	359525
176	0.6626216633279062	0.8539175882053043	2.3086134374228453	3.203619041415627	[2047, 232, 1792, 496, 3366, 793, 794]	290280
177	0.6646863846804371	0.85623635664649	2.3086134374228453	3.1064053138236165	[2196, 2197, 241, 132, 1108, 1086, 1096]	225064
178	0.6667384701467826	0.8574338880363568	2.3086134374228453	3.855820024739544	[3621, 1720, 241, 217, 261, 1086, 1112]	214425
179	0.6687779970572902	0.859319683168151	2.3086134374228453	3.6351640636789	[1075, 2688, 734, 1203, 174, 1086, 1112]	380331
180	0.6708050422690536	0.861180533919895	2.3086134374228453	3.9084701829827324	[3065, 1460, 19, 132, 1094, 1086, 1112]	3060047
181	0.6728196821688086	0.8621716885536556	2.3086134374228453	2.81050582782964	[3284, 811, 734, 1203, 174, 1086, 1112]	351279
182	0.6748219926758121	0.8633197794445039	2.3086134374228453	3.8690448807259967	[3621, 1720, 132, 387, 344, 1086, 1112]	211579
183	0.6768120492447027	0.8646480614712823	2.3086134374228453	3.6859385065488217	[87, 1265, 415, 255, 174, 1086, 1112]	200538
184	0.6787899268683444	0.8659634350235536	2.3086134374228453	3.324462254706714	[2028, 331, 241, 132, 1108, 1086, 1096]	201352
185	0.6807557000806521	0.8669204403068982	2.3086134374228453	2.954117646351909	[107, 734, 19, 132, 1108, 1086, 1112]	203535
186	0.682709442959401	0.8684292788521715	2.3086134374228453	3.5880194384738697	[2264, 232, 320, 836, 1089, 1086, 1112]	483175
187	0.6846512291290177	0.8704596912155639	2.3086134374228453	3.521616878866147	[1819, 241, 1126, 132, 1108, 1086, 1112]	1821351
188	0.6865811317633546	0.8715387441833643	2.3086134374228453	3.428889265862453	[940, 651, 734, 1203, 174, 1086, 1112]	179442
189	0.6884992235884477	0.8726088087882509	2.3086134374228453	2.424582476907486	[1873, 10, 734, 1203, 174, 1086, 1112]	181239
190	0.6904055768852569	0.8738468184210181	2.3086134374228453	3.6154401925065622	[394, 432, 422, 19, 334, 1086, 1096]	181377
191	0.6923002634923902	0.8757936267787184	2.3086134374228453	3.079407314371683	[1792, 496, 217, 132, 1108, 1086, 1112]	181072
192	0.69418335480881	0.8768282487963884	2.2963978496547215	2.2963978496547215	[846, 10, 734, 1203, 174, 1086, 1112]	183137
193	0.6960549217965248	0.8780252531812631	2.2963978496547215	4.021838031435365	[107, 162, 10, 232, 1023, 1086, 1112]	183036
194	0.6979150349832625	0.8788961385039411	2.2963978496547215	2.511023695947922	[161, 10, 734, 1203, 174, 1086, 1112]	182059
195	0.6997637644651284	0.8804980414337832	2.2963978496547215	4.203838111107183	[1870, 1872, 843, 3094, 174, 1086, 1112]	183471
196	0.701601179909247	0.881852938923196	2.2963978496547215	3.8204237423157705	[2387, 1663, 1546, 234, 174, 1086, 1112]	180871
197	0.7034273505563867	0.8834157307363812	2.2963978496547215	3.514672406513336	[2028, 493, 217, 132, 1108, 1086, 1112]	181305
198	0.7052423452235697	0.8847375478482137	2.2963978496547215	3.5236618915716624	[1819, 241, 132, 19, 334, 1086, 1112]	180686
199	0.7070462323066644	0.8860443783714766	2.2963978496547215	3.1148748190664355	[157, 651, 734, 1203, 174, 1086, 1112]	181129
200	0.7088390797829642	0.8868580080850139	2.2963978496547215	3.1005864631871427	[734, 19, 132, 1713, 174, 1086, 1112]	180515
201	0.7106209552137479	0.8881407971089934	2.2963978496547215	4.052342240249097	[2015, 1663, 1546, 234, 174, 1086, 1112]	182639
202	0.712391925746826	0.8889394586397199	2.2963978496547215	3.8096075202561916	[811, 734, 19, 1987, 334, 1086, 1112]	180366
203	0.7141520581190712	0.8904085134196178	2.2963978496547215	3.755622824008638	[1549, 162, 2636, 836, 1089, 1086, 1112]	181025
204	0.7159014186589336	0.8916510472810734	2.2963978496547215	3.727629877174775	[1807, 157, 320, 836, 1089, 1086, 1112]	181120
205	0.7176400732889395	0.8927040011461748	2.2963978496547215	3.2955640872694314	[193, 232, 320, 836, 1089, 1086, 1112]	182312
206	0.7193680875281763	0.8937467222234714	2.2963978496547215	4.460138581924376	[734, 2229, 1529, 156, 1115, 1086, 1112]	182439
207	0.7210855264947609	0.8949514079125477	2.2963978496547215	3.888843686064561	[377, 162, 420, 1822, 1094, 1086, 1112]	181834
208	0.722792454908294	0.8963409395539161	2.2963978496547215	3.8498592301671577	[2796, 1791, 420, 158, 1115, 1086, 1112]	183437
209	0.7244889370922993	0.8970810530336287	2.2963978496547215	3.9285733316174305	[10, 734, 19, 422, 636, 1086, 1112]	180156
210	0.7261750369766463	0.8980812371635254	2.2963978496547215	3.830284031234858	[87, 160, 320, 836, 1089, 1086, 1112]	179924
211	0.7278508180999608	0.8990717013310324	2.2963978496547215	3.6351640636789	[1820, 1557, 734, 1203, 174, 1086, 1112]	180819
212	0.729516343612018	0.9002160131073246	2.2963978496547215	3.348490564182004	[2004, 19, 132, 1713, 174, 1086, 1096]	181872
213	0.7311716762761236	0.9013473508271962	2.2963978496547215	4.107507552295548	[846, 10, 107, 1546, 234, 1086, 1112]	180819
214	0.7328168784714775	0.9026522800490587	2.2963978496547215	3.6984008756127533	[193, 232, 1192, 836, 1089, 1086, 1096]	180197
215	0.7344520121955256	0.9034631731765135	2.2963978496547215	3.901249142385292	[1726, 132, 19, 387, 344, 1086, 1112]	184271
216	0.7360771390662955	0.9041524347472172	2.2963978496547215	3.137025597245989	[781, 19, 241, 132, 1108, 1086, 1112]	180713
217	0.737692320324719	0.9056315638406244	2.2963978496547215	3.64446702722874	[1667, 4118, 23, 5272, 174, 1086, 1112]	180935
218	0.7392976168369392	0.9063053433574403	2.2963978496547215	3.677007465034425	[394, 193, 1265, 255, 174, 1086, 1096]	181768
219	0.7408930890966048	0.9077512485525414	2.2963978496547215	3.0635001754261895	[1819, 1513, 1031, 132, 1108, 1086, 1112]	180721
220	0.7424787972271494	0.9086477378766178	2.2963978496547215	2.5289675866494767	[195, 10, 734, 1203, 174, 1086, 1112]	181652
221	0.7440548009840573	0.9094086896644011	2.2963978496547215	4.002057502978351	[1799, 10, 301, 2627, 261, 1086, 1096]	182240
222	0.7456211597571152	0.9104358020264827	2.2963978496547215	2.8971011910570814	[781, 19, 734, 1203, 174, 1086, 1096]	182527
223	0.7471779325726502	0.9110752798486296	2.2963978496547215	3.889229274021643	[1549, 162, 107, 1546, 234, 1086, 1112]	181828
224	0.7487251780957545	0.911939465661568	2.2963978496547215	3.7582249848978684	[1549, 107, 734, 19, 334, 1086, 1112]	181007
225	0.7502629546324955	0.9132984245248155	2.2963978496547215	3.813670205815389	[377, 162, 2636, 836, 1089, 1086, 1112]	181215
226	0.7517913201321139	0.9141410054332234	2.2963978496547215	3.428889265862453	[813, 651, 734, 1203, 174, 1086, 1112]	181755
227	0.7533103321892064	0.9151144634215089	2.2963978496547215	3.4177184342752316	[1917, 10, 734, 19, 334, 1086, 1112]	181050
228	0.7548200480458969	0.9164244254057449	2.2963978496547215	4.474525336387265	[2764, 370, 1032, 1729, 1094, 1086, 1112]	182486
229	0.7563205245939929	0.9175299224241874	2.2963978496547215	3.754860269417616	[1791, 420, 1879, 836, 1089, 1086, 1112]	184286
230	0.7578118183771302	0.9183313809040301	2.2963978496547215	3.867250396798088	[1580, 438, 10, 158, 1115, 1086, 1112]	180320
231	0.7592939855929031	0.9189144852231541	2.2963978496547215	3.4414835971976077	[241, 132, 387, 344, 174, 1086, 1112]	181116
232	0.7607670820949822	0.9197024882822099	2.2963978496547215	3.2856764027988357	[950, 1987, 19, 132, 1108, 1086, 1112]	182343
233	0.7622311633952195	0.9206128909093957	2.2963978496547215	3.63259183391249	[2764, 1511, 1031, 132, 1108, 1086, 1112]	179949
234	0.7636862846657397	0.9213843885681965	2.2963978496547215	3.7643597940068236	[1019, 2229, 734, 1203, 174, 1086, 1112]	183385
235	0.7651325007410201	0.9224242776082998	2.2963978496547215	4.175806103375988	[1705, 257, 320, 836, 1089, 1086, 1112]	183215
236	0.7665698661199564	0.9230704727136034	2.2963978496547215	3.3858483055097928	[1873, 10, 734, 19, 334, 1086, 1096]	183569
237	0.7679984349679162	0.9238180871673098	2.2963978496547215	3.4414835971976077	[241, 132, 387, 344, 174, 1086, 1112]	180525
238	0.7694182611187811	0.9248257844270016	2.2963978496547215	3.125527937822353	[669, 668, 670, 132, 1108, 1086, 1112]	182663
239	0.7708293980769743	0.9255563404578373	2.2963978496547215	3.2212052831254727	[160, 2229, 734, 1203, 174, 1086, 1096]	179694
240	0.7722318990194776	0.9261764459100835	2.2963978496547215	3.96210996240215	[432, 422, 19, 132, 261, 1086, 1112]	181764
241	0.7736258167978352	0.9275435487636005	2.2963978496547215	3.1064053138236165	[2196, 2197, 241, 132, 1108, 1086, 1112]	180958
242	0.7750112039401446	0.9283650504782989	2.2963978496547215	4.042340471716272	[1743, 193, 1265, 255, 174, 1086, 1112]	181247
243	0.7763881126530371	0.9290612113094135	2.2963978496547215	3.1669180958487546	[331, 241, 1720, 132, 1108, 1086, 1112]	182861
244	0.7777565948236447	0.9296521216691852	2.2963978496547215	3.163369169005046	[1794, 107, 734, 1203, 174, 1086, 1112]	181079
245	0.7791167020215551	0.9303357745198249	2.2963978496547215	3.5808098288505823	[77, 19, 132, 217, 261, 1086, 1112]	183039
246	0.7804684855007559	0.9314108397278522	2.2963978496547215	3.8027096936396845	[2072, 241, 1587, 132, 1108, 1086, 1112]	181116
247	0.7818119962015646	0.9321884946062212	2.2963978496547215	2.9837054211849563	[2872, 241, 217, 132, 1108, 1086, 1096]	181981
248	0.78314728475255	0.9330854721907951	2.2963978496547215	3.77618168181535	[359, 158, 420, 1822, 1094, 1086, 1112]	181623
249	0.7844744014724385	0.9339705849925041	2.2963978496547215	4.239613025415101	[161, 2149, 420, 1822, 1094, 1086, 1112]	180985
250	0.7857933963720113	0.9348439899529207	2.2963978496547215	3.4370654128233644	[394, 432, 19, 132, 1108, 1086, 1112]	181014
251	0.7871043191559887	0.9354771873294715	2.2963978496547215	2.6735298970457353	[813, 3284, 195, 10, 734, 19, 794]	181036
252	0.7884072192249029	0.9364729097472266	2.2963978496547215	3.17425940896415	[1879, 496, 217, 132, 1108, 1086, 1112]	180334
253	0.78970214567696	0.9374532660782879	2.2963978496547215	3.7439125216956306	[837, 162, 1192, 836, 1089, 1086, 1112]	179625
254	0.79098914730989	0.9380611060580908	2.2963978496547215	4.265608016609852	[2751, 3018, 370, 1713, 174, 1086, 1112]	181884
255	0.7922682726227859	0.9390169531868239	2.2963978496547215	3.1546472538339607	[2872, 241, 1587, 132, 1108, 1086, 1112]	181845
256	0.7935395698179306	0.9398236072451993	2.2963978496547215	3.125527937822353	[669, 673, 670, 132, 1108, 1086, 1112]	182059
257	0.7948030868026147	0.9404084118395122	2.2963978496547215	3.3147954491973186	[1799, 232, 320, 836, 1089, 1086, 1112]	181634
258	0.7960588711909402	0.9410840534286333	2.2963978496547215	2.918588336430587	[331, 241, 19, 132, 1108, 1086, 1112]	181897
259	0.7973069703056163	0.9416566087888993	2.2963978496547215	3.5784168931352323	[241, 132, 1727, 1203, 174, 1086, 1112]	180885
260	0.7985474311797415	0.942073173728825	2.2963978496547215	3.839313360703957	[781, 19, 132, 217, 261, 1086, 1112]	183457
261	0.7997803005585766	0.9426361166469123	2.2963978496547215	2.9121266964169745	[119, 409, 19, 132, 1108, 1086, 1112]	180112
262	0.8010056249013066	0.9431935887883417	2.2963978496547215	2.8066942250663134	[3, 19, 734, 1203, 174, 1086, 1096]	181917
263	0.8022234503827901	0.9437456433190673	2.2963978496547215	3.8892140616708355	[331, 808, 1265, 255, 174, 1086, 1112]	180616
264	0.803433822895301	0.9443834478165835	2.2963978496547215	3.6984008756127533	[193, 232, 1192, 836, 1089, 1086, 1096]	180035
265	0.8046367880502566	0.9452417279428708	2.2963978496547215	3.8690448807259967	[3621, 1720, 241, 1729, 1094, 1086, 1112]	181803
266	0.8058323911799374	0.9458625700296863	2.2963978496547215	3.179899696473333	[1792, 232, 320, 836, 1089, 1086, 1112]	182119
267	0.8070206773391946	0.9464763730905742	2.2963978496547215	3.8346457128531144	[734, 10, 415, 255, 174, 1086, 1112]	180239
268	0.8082016913071481	0.9470832169330847	2.2963978496547215	4.0180256554981515	[2340, 160, 320, 836, 1089, 1086, 1112]	181918
269	0.8093754775888748	0.9477831743810597	2.2963978496547215	3.021211317745953	[331, 241, 1031, 132, 1108, 1086, 1112]	179451
270	0.8105420804170842	0.9482906265250728	2.2963978496547215	3.44237026721747	[432, 422, 19, 132, 1094, 1086, 1112]	178949
271	0.8117015437537866	0.9489746129466988	2.2963978496547215	3.517456662911222	[386, 370, 1032, 132, 1108, 1086, 1112]	180487
272	0.8128539112919491	0.9496495519288853	2.2963978496547215	3.64446702722874	[1667, 4118, 23, 5272, 174, 1086, 1112]	181642
273	0.8139992264571421	0.9500090481964247	2.2963978496547215	3.3425745694024425	[734, 1460, 19, 132, 1108, 1086, 1112]	181725
274	0.8151375324091761	0.9505758390332	2.2963978496547215	2.3720352638603415	[1820, 10, 734, 1203, 174, 1086, 1112]	179427
275	0.816268872043728	0.9510561515790386	2.2963978496547215	3.2681320931479263	[3284, 734, 19, 132, 1108, 1086, 1112]	180587
276	0.8173932879939572	0.9515317963644707	2.2963978496547215	3.019399258546427	[382, 409, 19, 132, 1108, 1086, 1112]	182416
277	0.8185108226321126	0.9520813224827873	2.2963978496547215	3.6418698094676936	[2051, 1849, 420, 158, 1115, 1086, 1112]	179996
278	0.8196215180711294	0.9526246181462478	2.2963978496547215	3.674540599893466	[19, 241, 1729, 1822, 1094, 1086, 1112]	179319
279	0.8207254161662154	0.9532512766363768	2.2963978496547215	3.601276362078189	[1549, 162, 1192, 836, 1089, 1086, 1112]	183102
280	0.8218225585164294	0.9535850570138169	2.2963978496547215	2.4284869069402104	[10, 734, 19, 132, 1108, 1086, 1112]	181381
281	0.8229129864662477	0.9540361254587749	2.2963978496547215	2.4284869069402104	[10, 734, 19, 132, 1108, 1086, 1112]	179308
282	0.8239967411071227	0.954745444510337	2.2963978496547215	3.978113906053621	[1582, 420, 545, 132, 1108, 1086, 1112]	179006
283	0.8250738632790312	0.9553440497416817	2.2963978496547215	3.6466137364652322	[2297, 400, 19, 132, 1094, 1086, 1112]	181466
284	0.8261443935720137	0.9558503530325924	2.2963978496547215	3.5965259561246024	[2309, 420, 158, 1713, 174, 1086, 1112]	181689
285	0.8272083723277035	0.9562794069389812	2.2963978496547215	2.5846064999161147	[1529, 2229, 734, 1203, 174, 1086, 1112]	179277
286	0.8282658396408473	0.9566435934701017	2.2963978496547215	3.569571468447738	[193, 1265, 734, 1203, 174, 1086, 1112]	181773
287	0.8293168353608159	0.9569531531049912	2.2963978496547215	3.3016640075194656	[107, 10, 734, 19, 334, 1086, 1112]	180821
288	0.8303613990931061	0.9573714898095103	2.2963978496547215	3.6652733987233415	[1582, 420, 158, 1713, 174, 1086, 1112]	179792
289	0.8313995702008331	0.9577857610455695	2.2963978496547215	3.38099684896389	[77, 786, 19, 132, 1108, 1086, 1112]	180586
290	0.8324313878062135	0.9584372153504217	2.2963978496547215	3.085833609876837	[2872, 241, 1209, 132, 1108, 1086, 1112]	180268
291	0.8334568907920402	0.9589869876341464	2.2963978496547215	3.935233739525411	[669, 673, 670, 132, 1094, 1086, 1112]	181158
292	0.8344761178031472	0.9593855591828913	2.2963978496547215	2.4284869069402104	[10, 734, 19, 132, 1108, 1086, 1112]	181010
293	0.8354891072478661	0.9597802573443792	2.2963978496547215	3.9092548125542814	[331, 160, 320, 836, 1089, 1086, 1112]	181476
294	0.8364958972994733	0.9600674215687306	2.2963978496547215	2.5846064999161147	[1529, 2229, 734, 1203, 174, 1086, 1112]	178736
295	0.8374965258976286	0.9604000544586204	2.2963978496547215	4.1141993026454085	[2627, 438, 496, 217, 261, 1086, 1112]	180360
296	0.838491030749805	0.9610111647293207	2.2963978496547215	3.7439125216956306	[837, 162, 1192, 836, 1089, 1086, 1096]	180078
297	0.8394794493327097	0.9613900649749055	2.2963978496547215	2.813571952967709	[19, 241, 1031, 132, 1108, 1086, 1112]	181971
298	0.8404618188936956	0.9616657353624234	2.2963978496547215	2.4629843211448703	[241, 19, 734, 1203, 174, 1086, 1112]	179039
299	0.8414381764521666	0.9619850545180882	2.2963978496547215	3.8919967059155205	[1849, 420, 158, 1546, 234, 1086, 1112]	181347
300	0.8424085588009705	0.9624878977122935	2.2963978496547215	2.7871083623429813	[1555, 2229, 734, 1203, 174, 1086, 1112]	182418
301	0.8433730025077875	0.9628524468112993	2.2963978496547215	3.057910963885006	[160, 331, 241, 132, 1108, 1086, 1112]	178390
302	0.8443315439165066	0.9632736208837336	2.2963978496547215	3.6329396655825033	[2872, 241, 1031, 132, 1094, 1086, 1112]	179733
303	0.8452842191485962	0.9636305341890423	2.2963978496547215	3.6771584126391046	[107, 162, 10, 158, 1115, 1086, 1112]	180974
304	0.846231064104465	0.9640428864091212	2.2963978496547215	3.6566562240450455	[2297, 400, 654, 132, 1108, 1086, 1096]	180252
305	0.8471721144648147	0.9644505634339611	2.2963978496547215	3.2274861155624004	[1723, 241, 1031, 132, 1108, 1086, 1112]	180698
306	0.8481074056919847	0.9649991658501037	2.2963978496547215	3.8195868711103884	[317, 321, 1398, 132, 1108, 1086, 1112]	181332
307	0.8490369730312887	0.9653393100109384	2.2963978496547215	3.4542457649008567	[421, 261, 217, 132, 1108, 1086, 1112]	182479
308	0.8499608515123422	0.9657977847462434	2.2963978496547215	3.55321732679032	[669, 673, 1032, 132, 1108, 1086, 1112]	181974
309	0.8508790759503835	0.9662501950009228	2.2963978496547215	3.6493987099439575	[1715, 132, 241, 1729, 1094, 1086, 1096]	180559
310	0.8517916809475847	0.966696620992974	2.2963978496547215	3.9045122808910326	[432, 15, 1557, 158, 1115, 1086, 1096]	182651
311	0.8526987008943563	0.9669344031956779	2.2963978496547215	3.776463389993152	[1791, 420, 158, 1546, 234, 1086, 1112]	180137
312	0.8536001699706431	0.967209835072432	2.2963978496547215	4.5468229001115805	[2004, 19, 1987, 653, 636, 1086, 1112]	180257
313	0.8544961221472118	0.9674829726395087	2.2963978496547215	3.8704730745789604	[2297, 400, 19, 1987, 334, 1086, 1112]	183596
314	0.8553865911869317	0.9677989787363065	2.2963978496547215	3.7115410360418	[1549, 162, 420, 158, 1115, 1086, 1112]	182725
315	0.8562716106460466	0.9681640696803393	2.2963978496547215	2.379198417881587	[1743, 1742, 400, 19, 132, 393, 794]	180068
316	0.8571512138754396	0.9685250212712652	2.2963978496547215	3.179899696473333	[1792, 232, 320, 836, 1089, 1086, 1112]	181291
317	0.8580254340218895	0.9688818804405251	2.2963978496547215	4.018250503814909	[1726, 132, 1729, 1822, 1094, 1086, 1112]	182642
318	0.8588943040293203	0.9692346935874581	2.2963978496547215	3.4177184342752316	[1917, 10, 734, 19, 334, 1086, 1112]	181640
319	0.8597578566400428	0.9694909643614067	2.2963978496547215	3.5906685304021337	[2872, 241, 132, 387, 344, 1086, 1112]	179639
320	0.8606161243959878	0.969745100435031	2.2963978496547215	3.4542457649008567	[421, 261, 217, 132, 1108, 1086, 1112]	181993
321	0.8614691396399328	0.9701452975192237	2.2963978496547215	3.691669845124328	[241, 1031, 132, 387, 344, 1086, 1112]	181277
322	0.862316934516721	0.9704354306823022	2.2963978496547215	3.2698792660251526	[158, 10, 734, 19, 334, 1086, 1112]	179658
323	0.8631595409744721	0.9707706298809156	2.2963978496547215	2.632664465514411	[432, 422, 19, 132, 1108, 1086, 1112]	181424
324	0.8639969907657867	0.9710546859559309	2.2963978496547215	4.042340471716272	[1743, 193, 1265, 255, 174, 1086, 1112]	179474
325	0.8648293154489428	0.9715141353852018	2.2963978496547215	3.903040176275627	[2405, 1742, 400, 19, 334, 1086, 1112]	180325
326	0.8656565463890848	0.9718371043717642	2.2963978496547215	4.388788065407773	[276, 132, 1032, 1729, 1094, 1086, 1112]	180548
327	0.8664787147594055	0.9720716974215621	2.2963978496547215	2.3720352638603415	[1820, 10, 734, 1203, 174, 1086, 1112]	179217
328	0.867295851542321	0.9723973919122727	2.2963978496547215	2.9495193561308453	[3895, 1030, 1032, 132, 1108, 1086, 1096]	181279
329	0.8681079875306381	0.9726656388324645	2.2963978496547215	3.449457451827187	[241, 1720, 132, 1713, 174, 1086, 1112]	180782
330	0.8689151533287149	0.9729755522243866	2.2963978496547215	3.684526476794801	[846, 10, 438, 2627, 261, 1086, 1112]	179443
331	0.8697173793536138	0.9732006621600435	2.2963978496547215	3.6380241084139104	[1726, 132, 19, 1987, 334, 1086, 1112]	180547
332	0.8705146958362477	0.9736142321884379	2.2963978496547215	3.1669180958487546	[331, 241, 1720, 132, 1108, 1086, 1112]	180084
333	0.8713071328225196	0.9738026234621565	2.2963978496547215	3.7115410360418	[1549, 162, 420, 158, 1115, 1086, 1112]	180944
334	0.8720947201744544	0.9740208440080776	2.2963978496547215	3.1207086718623307	[432, 19, 734, 1203, 174, 1086, 1112]	180775
335	0.8728774875713248	0.9742372468068442	2.2963978496547215	3.555566438090408	[3621, 1720, 132, 19, 334, 1086, 1112]	182181
336	0.8736554645107688	0.974487613698906	2.2963978496547215	3.7689273481095933	[1580, 438, 217, 132, 1108, 1086, 1096]	180666
337	0.8744286803099022	0.9747355474822014	2.2963978496547215	2.3086134374228453	[158, 10, 734, 1203, 174, 1086, 1096]	178285
338	0.8751971641064229	0.9749159326968224	2.2963978496547215	4.22110259012123	[241, 132, 677, 1546, 234, 1086, 1096]	180818
339	0.8759609448597092	0.975247732528875	2.2963978496547215	3.755622824008638	[1549, 162, 2636, 836, 1089, 1086, 1112]	180495
340	0.8767200513519107	0.9755751434742602	2.2963978496547215	2.7871083623429813	[1555, 2229, 734, 1203, 174, 1086, 1112]	179211
341	0.877474512189033	0.9758982235870346	2.2963978496547215	3.8690448807259967	[3621, 1720, 132, 387, 344, 1086, 1112]	179854
342	0.8782243558020166	0.9762701645810619	2.2963978496547215	4.28474757837955	[1799, 232, 3135, 836, 1089, 1086, 1112]	182228
343	0.8789696104478066	0.9765392103341111	2.2963978496547215	3.1207086718623307	[813, 19, 734, 1203, 174, 1086, 1112]	180736
344	0.879710304210419	0.9767672063464131	2.2963978496547215	3.514672406513336	[2028, 493, 217, 132, 1108, 1086, 1096]	179962
345	0.8804464650019981	0.9769929866540282	2.2963978496547215	3.8346457128531144	[734, 10, 415, 255, 174, 1086, 1112]	180738
346	0.8811781205638691	0.9773581773420595	2.2963978496547215	3.1064053138236165	[2196, 2197, 241, 132, 1108, 1086, 1112]	180927
347	0.8819052984675828	0.9776148873495192	2.2963978496547215	3.830284031234858	[87, 160, 320, 836, 1089, 1086, 1112]	182016
348	0.882628026115955	0.9777747144166969	2.2963978496547215	3.9263917909227652	[1579, 1580, 438, 970, 261, 1086, 1112]	180948
349	0.883346330744099	0.9779598479909019	2.2963978496547215	3.2576636782570283	[846, 10, 734, 19, 334, 1086, 1096]	181450
350	0.884060239420452	0.9781740380007085	2.2963978496547215	3.079407314371683	[1792, 496, 217, 132, 1108, 1086, 1112]	180322
351	0.8847697790477949	0.9783861464749485	2.2963978496547215	3.586457137453798	[19, 132, 1727, 1203, 174, 1086, 1112]	179404
352	0.8854749763642666	0.9786720440083486	2.2963978496547215	3.5522711143030543	[1742, 400, 654, 132, 1108, 1086, 1096]	181033
353	0.8861758579443713	0.9789138575683446	2.2963978496547215	3.332305413681955	[1819, 241, 1209, 132, 1108, 1086, 1112]	181676
354	0.8868724501999795	0.9790895022366632	2.2963978496547215	2.7206108825640802	[2872, 241, 19, 132, 1108, 1086, 1112]	181070
355	0.8875647793813242	0.9792927140710981	2.2963978496547215	3.839313360703957	[781, 19, 132, 217, 261, 1086, 1112]	179979
356	0.8882528715779892	0.9795666199696285	2.2963978496547215	4.462204645835242	[2764, 3896, 1663, 1546, 234, 1086, 1112]	181905
357	0.888936752719893	0.9797651950914008	2.2963978496547215	3.6679709801562304	[1580, 438, 1779, 132, 1108, 1086, 1112]	182331
358	0.8896164485782656	0.9799337482351625	2.2963978496547215	3.9816959260986353	[545, 132, 241, 217, 261, 1086, 1096]	181076
359	0.8902919847666195	0.9801612567585735	2.2963978496547215	4.425133364062256	[2636, 162, 107, 232, 1023, 1086, 1112]	180676
360	0.8909633867417153	0.9803029030481535	2.2963978496547215	4.227967602438135	[1549, 162, 10, 494, 636, 1086, 1112]	180502
361	0.8916306798045204	0.9805634466586276	2.2963978496547215	3.924045778520189	[1791, 420, 2307, 1468, 1089, 1086, 1112]	180081
362	0.8922938891011634	0.9808633934694513	2.2963978496547215	3.9887839892299564	[2627, 438, 1712, 132, 1108, 1086, 1112]	178824
363	0.8929530396238806	0.981080361797462	2.2963978496547215	4.01829563763783	[1579, 1580, 438, 421, 261, 1086, 1112]	181492
364	0.8936081562119588	0.9812948701671053	2.2963978496547215	3.929108111666868	[1819, 241, 89, 132, 1108, 1086, 1112]	180643
365	0.8942592635526704	0.9814506813277292	2.2963978496547215	3.2418942286645542	[813, 3284, 734, 1203, 174, 1086, 1112]	181585
366	0.8949063861822046	0.9816051946028002	2.2963978496547215	3.617730452445091	[3621, 1720, 241, 132, 1094, 1086, 1112]	180006
367	0.8955495484865915	0.9818137524871221	2.2963978496547215	4.012810277063668	[1792, 232, 10, 158, 1089, 1086, 1112]	180148
368	0.896188774702621	0.9820944044549135	2.2963978496547215	2.852510554598944	[3284, 811, 3459, 1203, 174, 1086, 1112]	179687
369	0.8968240889187564	0.9822974157422727	2.2963978496547215	3.7165805030848844	[846, 10, 301, 2627, 261, 1086, 1112]	180160
370	0.897455515076042	0.9824238101083659	2.2963978496547215	3.488505634587085	[734, 19, 132, 387, 344, 1086, 1112]	181076
371	0.8980830769690055	0.9825313746156883	1.9119851174998184	1.9119851174998184	[1549, 162, 107, 10, 734, 19, 794]	180594
372	0.898706798246554	0.9826560985429874	1.9119851174998184	3.745000221040084	[193, 1265, 415, 255, 174, 1086, 1112]	180400
373	0.8993267024128664	0.9828005708583312	1.9119851174998184	2.732522825020183	[1742, 400, 19, 132, 1108, 1086, 1112]	180635
374	0.8999428128282778	0.9829233727561714	1.9119851174998184	2.340398178917159	[107, 10, 734, 1203, 174, 1086, 1112]	180562
375	0.9005551527101606	0.9830893263737013	1.9119851174998184	3.8393338667547763	[10, 157, 320, 836, 1089, 1086, 1096]	180206
376	0.9011637451337995	0.9832810573671967	1.9119851174998184	3.428889265862453	[813, 651, 734, 1203, 174, 1086, 1112]	182472
377	0.9017686130332603	0.9834706145399043	1.9119851174998184	3.376741030467856	[77, 19, 132, 1713, 174, 1086, 1112]	181872
378	0.9023697792022549	0.9835886324047945	1.9119851174998184	2.81050582782964	[3284, 811, 734, 1203, 174, 1086, 1112]	180248
379	0.9029672662950001	0.9837747023321779	1.9119851174998184	3.4617067333156504	[1791, 420, 158, 1713, 174, 1086, 1112]	180248
380	0.903561096827071	0.9839893226716994	1.9119851174998184	3.6909182876515674	[2297, 400, 1032, 132, 1108, 1086, 1112]	180402
381	0.9041512931762495	0.9841449172035583	1.9119851174998184	4.133698108550342	[2297, 400, 19, 387, 344, 1086, 1112]	178877
382	0.9047378775833681	0.9842581206268685	1.9119851174998184	3.4495238415161733	[19, 132, 387, 344, 174, 1086, 1112]	182761
383	0.9053208721531475	0.9844365999848406	1.9119851174998184	3.85226843592124	[1847, 420, 158, 1713, 174, 1086, 1096]	181893
384	0.9059002988550297	0.9846130557673253	1.9119851174998184	3.7638234480549677	[734, 19, 132, 1729, 1094, 1086, 1112]	182793
385	0.9064761795240058	0.9848165867756941	1.9119851174998184	4.35307887665823	[1468, 2307, 420, 1582, 1087, 1086, 1112]	178902
386	0.9070485358614393	0.9850508987081679	1.9119851174998184	3.889679492226567	[2309, 420, 1879, 836, 1089, 1086, 1096]	180177
387	0.9076173894358833	0.985248638143245	1.9119851174998184	3.1015860273876683	[241, 1729, 1032, 132, 1108, 1086, 1112]	182555
388	0.9081827616838937	0.9854437619773291	1.9119851174998184	3.3425745694024425	[77, 1460, 19, 132, 1108, 1086, 1112]	175712
389	0.9087446739108365	0.9855852220164221	1.9119851174998184	3.5763126871480484	[734, 651, 19, 132, 1108, 1086, 1112]	177637
390	0.9093031472916914	0.9857052951358188	1.9119851174998184	3.6070016106851464	[4015, 241, 132, 1713, 174, 1086, 1096]	175411
391	0.9098582028718492	0.9858442135504367	1.9119851174998184	3.6967420645629243	[158, 10, 438, 2627, 261, 1086, 1112]	177193
392	0.9104098615679049	0.9860047099954431	1.9119851174998184	3.9092548125542814	[331, 160, 320, 836, 1089, 1086, 1112]	178474
393	0.9109581441684464	0.9861633867528644	1.9119851174998184	3.935948041463269	[837, 162, 107, 836, 1089, 1086, 1112]	176187
394	0.9115030713348373	0.9862978533539055	1.9119851174998184	3.2955640872694314	[193, 232, 320, 836, 1089, 1086, 1112]	176119
395	0.9120446636019957	0.9864532064904826	1.9119851174998184	3.072870092297131	[669, 811, 734, 1203, 174, 1086, 1112]	178093
396	0.9125829413791682	0.9865848565731795	1.9119851174998184	2.732522825020183	[1742, 400, 19, 132, 1108, 1086, 1096]	176618
397	0.9131179249506987	0.9867152272575996	1.9119851174998184	3.5880194384738697	[107, 232, 320, 836, 1089, 1086, 1112]	177413
398	0.9136496344767933	0.9869202391826366	1.9119851174998184	3.1546472538339607	[2872, 241, 1587, 132, 1108, 1086, 1112]	178272
399	0.9141780899942792	0.9870473505608423	1.9119851174998184	3.677007465034425	[394, 193, 1265, 255, 174, 1086, 1096]	178841
400	0.9147033114173607	0.9872186819026301	1.9119851174998184	3.2225752348164294	[457, 540, 19, 132, 1108, 1086, 1096]	176034
401	0.915225318538369	0.987309939008103	1.9119851174998184	4.465399167779614	[240, 1337, 269, 2013, 2116, 1086, 1112]	179272
402	0.915744131028508	0.9874005445485938	1.9119851174998184	4.008979542711511	[87, 1265, 159, 1713, 174, 1086, 1112]	175675
403	0.9162597684385964	0.9875672040122367	1.9119851174998184	3.6621176059038643	[1794, 1791, 420, 158, 1115, 1086, 1096]	177860
404	0.916772250199803	0.9877590681478504	1.9119851174998184	3.873205977129248	[1819, 1513, 1031, 132, 1094, 1086, 1096]	177547
405	0.9172815956243807	0.9879479714171737	1.9119851174998184	2.8649135046369567	[2627, 261, 217, 132, 1108, 1086, 1096]	176304
406	0.9177878239063929	0.9880846157321717	1.9119851174998184	3.3351497941683217	[1535, 496, 217, 132, 1108, 1086, 1112]	178807
407	0.9182909541224372	0.9882422266351854	1.9119851174998184	3.586533177909577	[1742, 400, 1032, 132, 1108, 1086, 1112]	176713
408	0.9187910052323646	0.9883564907106451	1.9119851174998184	3.9095502278242638	[193, 842, 157, 1713, 174, 1086, 1096]	177008
409	0.9192879960799936	0.9884696443480538	1.9119851174998184	3.6352445623212315	[781, 19, 132, 1713, 174, 1086, 1112]	177884
410	0.9197819453938203	0.9886475819352752	1.9119851174998184	3.529780189505308	[3694, 668, 670, 132, 1108, 1086, 1112]	179000
411	0.9202728717877247	0.9887579066978089	1.9119851174998184	3.1747220511474428	[305, 3083, 19, 132, 1108, 1086, 1096]	177383
412	0.9207607937616712	0.9888671593052161	1.9119851174998184	3.2698792660251526	[158, 10, 734, 19, 334, 1086, 1112]	178423
413	0.9212457297024067	0.9889753501768855	1.9119851174998184	3.9498584133613486	[1647, 1697, 241, 19, 334, 1086, 1112]	179155
414	0.921727697884153	0.9891211788782495	1.9119851174998184	2.9740435102732192	[19, 241, 217, 132, 1108, 1086, 1112]	177034
415	0.9222067164692953	0.9892117979629788	1.9119851174998184	3.5108023608171486	[1715, 132, 241, 19, 334, 1086, 1112]	180816
416	0.9226828035090671	0.989334113178818	1.9119851174998184	3.072870092297131	[420, 107, 734, 1203, 174, 1086, 1112]	178473
417	0.9231559769442299	0.9894102663541938	1.9119851174998184	3.8291050602494847	[382, 409, 19, 132, 1094, 1086, 1112]	178088
418	0.9236262546057498	0.9894984773799814	1.9119851174998184	3.406818157384917	[2872, 241, 132, 217, 261, 1086, 1112]	177831
419	0.924093654215469	0.989660537914241	1.9119851174998184	3.387957672867911	[4015, 241, 217, 132, 1108, 1086, 1112]	178946
420	0.924558193386774	0.9898200975143299	1.9119851174998184	3.2751450750610287	[2872, 241, 1126, 132, 1108, 1086, 1096]	179193
421	0.925019889625259	0.9899355159098591	1.9119851174998184	2.852510554598944	[3284, 811, 3459, 1203, 174, 1086, 1112]	179820
422	0.9254787603293858	0.9900496257067994	1.9119851174998184	3.700535591088215	[1178, 2279, 1876, 1713, 174, 1086, 1112]	176644
423	0.9259348227911394	0.9901206702070185	1.9119851174998184	3.668053645646185	[1549, 162, 10, 158, 1115, 1086, 1112]	175934
424	0.9263880941966793	0.9902029636663521	1.9119851174998184	3.2418942286645542	[813, 3284, 734, 1203, 174, 1086, 1112]	176990
425	0.9268385916269881	0.9902981729601679	1.9119851174998184	4.16510894325152	[1550, 420, 545, 132, 1108, 1086, 1112]	176705
426	0.9272863320585139	0.9904081709991682	1.9119851174998184	2.836907934762174	[2297, 400, 19, 132, 1108, 1086, 1112]	177822
427	0.9277313323638107	0.9905013860526263	1.9119851174998184	3.2771900877665443	[2872, 241, 132, 19, 334, 1086, 1112]	180725
428	0.9281736093121745	0.9905936952260701	1.9119851174998184	3.8195868711103884	[317, 321, 1398, 132, 1108, 1086, 1112]	176122
429	0.9286131795702748	0.9906720484520087	1.9119851174998184	2.7206108825640802	[2872, 241, 19, 132, 1108, 1086, 1112]	176735
430	0.9290500597027824	0.9907386489271536	1.9119851174998184	3.604795611251425	[331, 241, 132, 217, 261, 1086, 1112]	178086
431	0.9294842661729946	0.9908286523389402	1.9119851174998184	2.5846064999161147	[1529, 2229, 734, 1203, 174, 1086, 1112]	178292
432	0.9299158153434546	0.990949966461441	1.9119851174998184	3.674540599893466	[19, 241, 1729, 1822, 1094, 1086, 1112]	177970
433	0.9303447234765685	0.991037916252875	1.9119851174998184	4.282811584767366	[1019, 10, 232, 193, 1115, 1086, 1112]	178686
434	0.9307710067352181	0.9911395271797132	1.9119851174998184	3.3945507805501087	[1579, 1580, 301, 2627, 261, 1086, 1112]	179497
435	0.9311946811833702	0.9912256347872961	1.9119851174998184	2.3086134374228453	[158, 10, 734, 1203, 174, 1086, 1112]	177904
436	0.9316157627866815	0.9913251173860796	1.9119851174998184	3.4617067333156504	[1791, 420, 158, 1713, 174, 1086, 1112]	178519
437	0.9320342674131007	0.991397377965954	1.9119851174998184	3.952153476247373	[331, 241, 19, 1987, 334, 1086, 1112]	178254
438	0.932450210833466	0.9914949133631654	1.9119851174998184	2.796959156295561	[1549, 107, 734, 1203, 174, 1086, 1112]	175918
439	0.9328636087221001	0.9916074145091552	1.9119851174998184	3.64446702722874	[1667, 4118, 23, 5272, 174, 1086, 1112]	177095
440	0.9332744766573999	0.9916889751067339	1.9119851174998184	3.2225752348164294	[457, 540, 19, 132, 1108, 1086, 1112]	177686
441	0.9336828301224245	0.9917483148453662	1.9119851174998184	4.1848209712435	[781, 19, 241, 217, 261, 1086, 1112]	179078
442	0.9340886845054779	0.9918285061491041	1.9119851174998184	3.7955371329617167	[160, 87, 1265, 255, 174, 1086, 1112]	176251
443	0.9344920551006896	0.9918965735697697	1.9119851174998184	3.1207086718623307	[4284, 19, 734, 1203, 174, 1086, 1112]	176660
444	0.9348929571085902	0.9919753240695776	1.9119851174998184	2.954117646351909	[107, 734, 19, 132, 1108, 1086, 1112]	178124
445	0.9352914056366849	0.9920533092584057	1.9119851174998184	3.677007465034425	[394, 193, 1265, 255, 174, 1086, 1096]	178141
446	0.9356874157000223	0.992161427499788	1.9119851174998184	4.0309110848285306	[3071, 1202, 1201, 1203, 174, 1086, 1112]	177509
447	0.9360810022217606	0.9922651123212193	1.9119851174998184	3.2856764027988357	[950, 1987, 19, 132, 1108, 1086, 1112]	177278
448	0.9364721800337295	0.9923528094604346	1.9119851174998184	3.179899696473333	[1792, 232, 320, 836, 1089, 1086, 1096]	178262
449	0.9368609638769897	0.9924271261809356	1.9119851174998184	2.95927873107051	[19, 241, 1720, 132, 1108, 1086, 1112]	177556
450	0.9372473684023878	0.9924811956078582	1.9119851174998184	3.428889265862453	[10, 811, 3459, 1203, 174, 1086, 1112]	178717
451	0.937631408171109	0.99255426464957	1.9119851174998184	3.283811063743345	[331, 241, 1209, 132, 1108, 1086, 1112]	176796
452	0.9380130976552253	0.9926162866016769	1.9119851174998184	2.918588336430587	[331, 241, 19, 132, 1108, 1086, 1112]	178321
453	0.9383924512382412	0.9926880428057422	1.9119851174998184	3.7028493633355213	[734, 10, 157, 1713, 174, 1086, 1112]	178010
454	0.9387694832156356	0.9928041056183495	1.9119851174998184	3.968978595740821	[2527, 2528, 3459, 1203, 174, 1086, 1112]	177226
455	0.9391442077954003	0.9928640464295252	1.9119851174998184	2.8649135046369567	[2627, 261, 217, 132, 1108, 1086, 1112]	180620
456	0.939516639098576	0.9929234879419824	1.9119851174998184	3.7541760223808662	[2872, 241, 19, 1987, 334, 1086, 1112]	176546
457	0.9398867911597837	0.9930037205049984	1.9119851174998184	3.7165805030848844	[846, 10, 301, 2627, 261, 1086, 1112]	177667
458	0.9402546779277541	0.9930536731163746	1.9119851174998184	2.4629843211448703	[241, 19, 734, 1203, 174, 1086, 1112]	179544
459	0.9406203132658532	0.9931455557471104	1.9119851174998184	3.1015860273876683	[241, 1729, 1032, 132, 1108, 1086, 1112]	176182
460	0.9409837109526042	0.9932121684220656	1.9119851174998184	3.532853129633992	[320, 232, 10, 158, 1115, 1086, 1096]	178670
461	0.9413448846822078	0.9932781337435227	1.9119851174998184	2.9121266964169745	[119, 409, 19, 132, 1108, 1086, 1112]	176337
462	0.9417038480650569	0.993343458002575	1.9119851174998184	3.674540599893466	[19, 241, 1729, 1822, 1094, 1086, 1112]	177880
463	0.9420606146282504	0.9933989060825202	1.9119851174998184	2.3720352638603415	[1820, 10, 734, 1203, 174, 1086, 1112]	176763
464	0.942415197816103	0.9934737484171855	1.9119851174998184	2.4629843211448703	[241, 19, 734, 1203, 174, 1086, 1096]	176300
465	0.942767610990651	0.9935203450846418	1.9119851174998184	3.376741030467856	[77, 19, 132, 1713, 174, 1086, 1112]	175263
466	0.943117867432157	0.9936060548057444	1.9119851174998184	4.164810465473435	[1851, 159, 1265, 255, 174, 1086, 1112]	177652
467	0.9434659803396092	0.9936517068211731	1.9119851174998184	3.6679709801562304	[1580, 438, 1779, 132, 1108, 1086, 1112]	177448
468	0.9438119628312196	0.9937134006324349	1.9119851174998184	4.216320702212451	[1019, 10, 158, 420, 458, 1086, 1112]	176571
469	0.9441558279449183	0.9937744948925666	1.9119851174998184	2.8971011910570814	[781, 19, 734, 1203, 174, 1086, 1112]	179373
470	0.9444975886388438	0.9938568428437232	1.9119851174998184	3.7878980300438867	[223, 22, 23, 5272, 174, 1086, 1112]	177459
471	0.9448372577918331	0.9939264931516175	1.9119851174998184	3.210435576778087	[2267, 261, 217, 132, 1108, 1086, 1112]	176113
472	0.9451748482039053	0.9939953537734812	1.9119851174998184	3.3606330780512383	[4284, 19, 241, 132, 1108, 1086, 1112]	176457
473	0.9455103725967449	0.9940453716512532	1.9119851174998184	3.1207086718623307	[732, 19, 734, 1203, 174, 1086, 1112]	175517
474	0.9458438436141811	0.9941032397595986	1.9119851174998184	3.4061245259816175	[19, 132, 241, 1729, 1094, 1086, 1112]	177801
475	0.9461752738226638	0.9941700964516667	1.9119851174998184	3.2045923090637043	[2047, 232, 320, 836, 1089, 1086, 1112]	177159
476	0.9465046757117379	0.9942117212761922	1.9119851174998184	3.4495238415161733	[19, 132, 387, 344, 174, 1086, 1112]	177674
477	0.9468320616945134	0.9943010465651397	1.9119851174998184	4.268937316790574	[3819, 438, 80, 148, 1108, 1086, 1112]	176704
478	0.9471574441081331	0.9943564299804445	1.9119851174998184	3.7285268060572383	[107, 10, 438, 2627, 261, 1086, 1112]	177276
479	0.9474808352142381	0.9944034401430397	1.9119851174998184	2.424582476907486	[1873, 10, 734, 1203, 174, 1086, 1112]	176409
480	0.9478022471994292	0.9944578284798421	1.9119851174998184	3.660212642330709	[10, 158, 420, 1822, 1094, 1086, 1112]	174793
481	0.9481216921757266	0.9945039940068738	1.9119851174998184	3.5236618915716624	[1819, 241, 132, 19, 334, 1086, 1096]	176788
482	0.9484391821810261	0.9945663069999932	1.9119851174998184	3.0697056676845635	[1819, 241, 1031, 132, 1108, 1086, 1112]	179415
483	0.9487547291795527	0.9946191125685063	1.9119851174998184	3.2955640872694314	[193, 232, 320, 836, 1089, 1086, 1112]	178333
484	0.9490683450623117	0.9946639346212468	1.9119851174998184	3.428889265862453	[813, 651, 734, 1203, 174, 1086, 1096]	179098
485	0.9493800416475368	0.9947462813091905	1.9119851174998184	4.190857701407698	[3869, 438, 1712, 132, 1108, 1086, 1112]	175215
486	0.9496898306811348	0.9948075491656431	1.9119851174998184	3.743934906622771	[2607, 1587, 132, 1713, 174, 1086, 1112]	178397
487	0.9499977238371291	0.9948876795797535	1.9119851174998184	3.471296303685169	[1548, 241, 1031, 132, 1108, 1086, 1096]	177040
488	0.9503037327180994	0.9949241809452816	1.9119851174998184	2.4629503543304447	[1019, 10, 734, 1203, 174, 1086, 1112]	177189
489	0.9506078688556183	0.9949604216953599	1.9119851174998184	2.459046640849971	[157, 10, 734, 1203, 174, 1086, 1112]	178335
490	0.9509101437106868	0.9950024006899841	1.9119851174998184	4.055433796807658	[1579, 1580, 438, 240, 234, 1086, 1112]	176756
491	0.9512105686741655	0.9950440300053529	1.9119851174998184	2.424582476907486	[1873, 10, 734, 1203, 174, 1086, 1112]	176356
492	0.9515091550672041	0.9951205110237887	1.9119851174998184	3.079407314371683	[1792, 496, 217, 132, 1108, 1086, 1112]	176853
493	0.9518059141416682	0.9951758340280542	1.9119851174998184	2.7871083623429813	[1555, 2229, 734, 1203, 174, 1086, 1112]	176795
494	0.9521008570805627	0.9952227161074706	1.9119851174998184	4.1717070445324955	[4210, 415, 1265, 255, 174, 1086, 1112]	174856
495	0.9523939949984539	0.9952859076933506	1.9119851174998184	2.9495193561308453	[3895, 1030, 1032, 132, 1108, 1086, 1112]	177946
496	0.9526853389418883	0.9953393554519294	1.9119851174998184	3.1546472538339607	[2872, 241, 1587, 132, 1108, 1086, 1096]	175677
497	0.9529748998898083	0.9953781779804431	1.9119851174998184	3.615041855003712	[1548, 19, 132, 1713, 174, 1086, 1112]	177991
498	0.9532626887539665	0.995423093646328	1.9119851174998184	3.2955640872694314	[193, 232, 320, 836, 1089, 1086, 1112]	176706
499	0.9535487163793364	0.995493724917218	1.9119851174998184	3.659323743884939	[377, 162, 1192, 836, 1089, 1086, 1112]	175616
