0	0.0061198990216660976	0.0113378684807256	2.8502715991067618	2.8502715991067618	[2004, 19, 241, 132, 1108, 1086, 1112]	174722
1	0.012202344879296834	0.02254718969976499	2.8502715991067618	3.2576636782570283	[846, 10, 734, 19, 334, 1086, 1096]	157804
2	0.01824756678247408	0.03362942110906464	2.8502715991067618	3.262298240352031	[3248, 334, 19, 132, 1108, 1086, 1112]	156346
3	0.024255792538040333	0.04458600363617271	2.8502715991067618	3.617730452445091	[3621, 1720, 241, 132, 1094, 1086, 1096]	159925
4	0.030227248558683195	0.05254447091117331	2.8502715991067618	3.4617067333156504	[1791, 420, 158, 1713, 174, 1086, 1112]	158167
5	0.036162159871467314	0.06507695145467629	2.8502715991067618	3.262298240352031	[3248, 334, 19, 132, 1108, 1086, 1112]	212813
6	0.04206075012631472	0.07286473195068055	2.8502715991067618	3.7904262377360016	[1548, 107, 734, 1203, 174, 1086, 1112]	175484
7	0.04792324160443229	0.08337646968366597	2.8502715991067618	2.8649135046369567	[2627, 261, 217, 132, 1108, 1086, 1112]	214090
8	0.0537498552266884	0.09376902671673093	2.8502715991067618	3.9893376345012115	[2153, 158, 420, 1822, 1094, 1086, 1096]	156838
9	0.05954081056193805	0.10257593607808435	2.8502715991067618	3.748906394713189	[3, 19, 132, 217, 261, 1086, 1112]	160406
10	0.06529632583529699	0.11129725837081428	2.8502715991067618	3.1034592255838813	[2764, 400, 19, 132, 1108, 1086, 1112]	158861
11	0.07101661793636527	0.11764249124970416	2.8502715991067618	3.863755976470081	[161, 10, 158, 1713, 174, 1086, 1112]	186178
12	0.0767019024274006	0.1239424199133583	2.8502715991067618	3.3016640075194656	[107, 10, 734, 19, 334, 1086, 1096]	220797
13	0.0823523935514413	0.13245609902012834	2.8502715991067618	3.532853129633992	[320, 232, 10, 158, 1115, 1086, 1112]	251808
14	0.08796830424038005	0.14088704072061298	2.8502715991067618	3.8393338667547763	[10, 157, 320, 836, 1089, 1086, 1112]	368914
15	0.09354984612298778	0.15414495675887507	2.8502715991067618	4.05292790417838	[1655, 2168, 1714, 132, 1108, 1086, 1112]	169957
16	0.0990972295328888	0.16236512238804057	2.8502715991067618	3.867250396798088	[1580, 438, 10, 158, 1115, 1086, 1096]	175447
17	0.10461066351648673	0.1752915865487189	2.8502715991067618	3.4042606044936825	[3895, 1030, 1031, 132, 1108, 1086, 1112]	166931
18	0.11009035584084248	0.18216129428259042	2.8502715991067618	2.876898483739562	[1548, 19, 734, 1203, 174, 1086, 1112]	164285
19	0.11553651300150336	0.19297926658043973	2.8502715991067618	3.660901199473729	[10, 232, 1879, 836, 1089, 1086, 1112]	187390
20	0.12094934023028481	0.20082203366906515	2.8502715991067618	3.6154401925065622	[394, 432, 422, 19, 334, 1086, 1112]	259433
21	0.1263290415030044	0.20988300834401907	2.8502715991067618	3.0697056676845635	[1819, 241, 1031, 132, 1108, 1086, 1112]	566005
22	0.13167581954716823	0.22033429130243154	2.8080246507420323	2.8080246507420323	[3621, 1720, 241, 132, 1108, 1086, 1112]	168025
23	0.13698987584961053	0.23236616952307299	2.424582476907486	2.424582476907486	[1873, 10, 734, 1203, 174, 1086, 1112]	219678
24	0.14227141066408644	0.2387604538252548	2.424582476907486	3.6446290711429956	[2149, 420, 158, 1713, 174, 1086, 1096]	190695
25	0.1475206230188183	0.24419561450479121	2.424582476907486	3.83990107125073	[107, 162, 420, 1822, 1094, 1086, 1112]	164465
26	0.152737710723996	0.25049136115614656	2.424582476907486	3.4811257093260544	[3621, 1720, 132, 1713, 174, 1086, 1112]	175367
27	0.1579228703792308	0.25673466510320064	2.424582476907486	4.0160898199726445	[4349, 158, 420, 1822, 1094, 1086, 1112]	215341
28	0.1630762973809643	0.26516170971654307	2.424582476907486	3.2771900877665443	[2872, 241, 132, 19, 334, 1086, 1096]	588771
29	0.1681981859298317	0.27650180678881864	2.424582476907486	3.4042606044936825	[3895, 1030, 1031, 132, 1108, 1086, 1112]	177397
30	0.17328872903797987	0.28353288738367943	2.424582476907486	4.016091063669006	[1579, 1580, 438, 2267, 261, 1086, 1112]	176948
31	0.1783481185363407	0.2945894786277584	2.424582476907486	3.027434532504193	[1647, 1697, 241, 132, 1108, 1086, 1096]	186805
32	0.1833765450818603	0.3039203056300368	2.424582476907486	3.8690448807259967	[3621, 1720, 241, 1729, 1094, 1086, 1096]	201464
33	0.18837419816468337	0.31181236565690706	2.424582476907486	3.6927980254785133	[1726, 132, 387, 344, 174, 1086, 1112]	265982
34	0.19334126611529434	0.31961494654515077	2.424582476907486	4.278892328305198	[2153, 158, 420, 1582, 1087, 1086, 1112]	253588
35	0.19827793611161382	0.33011471588858976	2.424582476907486	3.77454724064593	[1791, 420, 545, 132, 1108, 1086, 1112]	371911
36	0.2031843941860525	0.3389756323450899	2.424582476907486	3.6493987099439575	[1715, 132, 241, 1729, 1094, 1086, 1112]	181124
37	0.20806082523252156	0.3464702396881161	2.424582476907486	3.9575439350561954	[1020, 1018, 415, 255, 174, 1086, 1112]	171071
38	0.2129074130134001	0.3538798741587723	2.424582476907486	3.58149179012917	[1792, 232, 10, 158, 1115, 1086, 1112]	161384
39	0.21772434016646003	0.3584930957391226	2.424582476907486	2.6385976592037066	[77, 19, 734, 1203, 174, 1086, 1112]	175234
40	0.22251178821174855	0.3657664166491098	2.424582476907486	2.589223528154112	[394, 193, 1743, 1742, 400, 19, 794]	163567
41	0.2272699375584284	0.3729572736032015	2.2963978496547215	2.2963978496547215	[846, 10, 734, 1203, 174, 1086, 1112]	163118
42	0.23199896751157656	0.3781804533316213	2.2963978496547215	2.81050582782964	[3284, 811, 734, 1203, 174, 1086, 1112]	406916
43	0.23669905627894106	0.3833601246907915	2.2963978496547215	3.348490564182004	[2004, 19, 132, 1713, 174, 1086, 1112]	172128
44	0.2413703809776564	0.393148059219509	2.2963978496547215	2.836907934762174	[2297, 400, 19, 132, 1108, 1086, 1096]	193157
45	0.24601311764091816	0.3990455513553739	2.2963978496547215	3.507819472107111	[241, 1031, 132, 217, 261, 1086, 1112]	202518
46	0.25062744122461655	0.4033362953214211	2.2963978496547215	3.6771584126391046	[107, 162, 10, 158, 1115, 1086, 1096]	213930
47	0.2552135256139294	0.4083064219743039	2.2963978496547215	3.1148748190664355	[669, 811, 3459, 1203, 174, 1086, 1112]	227789
48	0.25977154362987487	0.41743749570926836	2.2963978496547215	3.471296303685169	[1548, 241, 1031, 132, 1108, 1086, 1096]	207749
49	0.2643016670358238	0.42309893889965444	2.2963978496547215	4.103417245253901	[107, 232, 1879, 836, 1089, 1086, 1112]	258726
50	0.2688040665439726	0.42870536320578023	2.2963978496547215	3.123661932901401	[119, 400, 19, 132, 1108, 1086, 1096]	167776
51	0.2732789118217763	0.43425730331068035	2.2963978496547215	3.4370654128233644	[669, 813, 19, 132, 1108, 1086, 1112]	208614
52	0.27772637149834234	0.4429879004818118	2.2963978496547215	3.2274861155624004	[4015, 241, 1031, 132, 1108, 1086, 1112]	182301
53	0.2821466131707848	0.44840104041882045	2.2963978496547215	3.660901199473729	[10, 232, 1879, 836, 1089, 1086, 1112]	161164
54	0.28653980341054064	0.4546549968766569	2.2963978496547215	2.7206108825640802	[2872, 241, 19, 132, 1108, 1086, 1112]	171805
55	0.2909061077696462	0.4608380467986902	2.2963978496547215	2.732522825020183	[1742, 400, 19, 132, 1108, 1086, 1112]	171838
56	0.29524569078697616	0.466077715926011	2.2963978496547215	3.5458723285184215	[1529, 2229, 734, 19, 334, 1086, 1112]	253953
57	0.29955871599444395	0.47213125656177046	2.2963978496547215	3.6927980254785133	[1715, 132, 387, 344, 174, 1086, 1096]	211160
58	0.30384534592316415	0.47911364734799045	2.2963978496547215	3.911291829090726	[1715, 132, 1032, 1729, 1094, 1086, 1112]	179185
59	0.3081057421095773	0.48283271454131715	2.2963978496547215	3.392899669995164	[19, 132, 241, 217, 261, 1086, 1112]	237240
60	0.31234006510153733	0.48785863568280097	2.2963978496547215	4.057448318472347	[1580, 438, 80, 148, 1108, 1086, 1112]	246896
61	0.3165484744643614	0.49283571405323046	2.2963978496547215	3.6771584126391046	[107, 162, 10, 158, 1115, 1086, 1112]	221078
62	0.3207311287868432	0.4977644243151038	2.2963978496547215	3.38099684896389	[1392, 3083, 19, 132, 1108, 1086, 1112]	248922
63	0.32488818568722877	0.5057364175799435	2.2963978496547215	3.1064053138236165	[2607, 1587, 241, 132, 1108, 1086, 1112]	412033
64	0.3290198018191567	0.5113403130722343	2.2963978496547215	3.636173853957505	[1726, 132, 241, 217, 261, 1086, 1112]	205032
65	0.333126132877561	0.5154107811016201	2.2963978496547215	2.8649135046369567	[2627, 261, 217, 132, 1108, 1086, 1112]	230749
66	0.33720733360453825	0.5231026734650864	2.2963978496547215	3.1064053138236165	[2607, 1587, 241, 132, 1108, 1086, 1112]	196529
67	0.34126355779517925	0.5294108391599928	2.2963978496547215	2.95927873107051	[19, 241, 1720, 132, 1108, 1086, 1112]	231676
68	0.3452949583033643	0.5333307821907299	2.2963978496547215	4.408428452048749	[455, 19, 241, 217, 261, 1086, 1112]	191992
69	0.3493016870475234	0.5378659543754654	2.2963978496547215	3.38099684896389	[77, 786, 19, 132, 1108, 1086, 1112]	222791
70	0.35328389501636104	0.5423570529723996	2.2963978496547215	3.3781914024887385	[241, 1031, 132, 19, 334, 1086, 1112]	271887
71	0.35724173227454614	0.5494194441302329	2.2963978496547215	4.002502533743132	[860, 853, 855, 836, 1089, 1086, 1112]	158055
72	0.3611753479683669	0.5563728477701984	2.2963978496547215	4.56065804691425	[2636, 162, 1541, 159, 1023, 1086, 1112]	165915
73	0.3650848903313515	0.563218945798436	2.2963978496547215	3.754860269417616	[1791, 420, 1879, 836, 1089, 1086, 1112]	162066
74	0.36897050668985365	0.5663375110691082	2.2963978496547215	2.4629843211448703	[241, 19, 734, 1203, 174, 1086, 1112]	163936
75	0.37283234346860483	0.5705519181529848	2.2963978496547215	4.474381323014392	[1791, 1792, 496, 3366, 150, 1086, 1112]	158992
76	0.37667054619623197	0.5747253688997973	2.2963978496547215	3.123661932901401	[119, 400, 19, 132, 1108, 1086, 1112]	157826
77	0.3804852595107413	0.5777617796650751	2.2963978496547215	3.514672406513336	[2028, 493, 217, 132, 1108, 1086, 1112]	457865
78	0.38427662716496924	0.5807765108152025	2.2963978496547215	3.4495238415161733	[19, 132, 387, 344, 174, 1086, 1112]	179011
79	0.38804479203199926	0.5863217950636788	2.2963978496547215	3.272226006020019	[1456, 2004, 19, 132, 1108, 1086, 1112]	197987
80	0.39178989611054615	0.5910120241445894	2.2963978496547215	3.280753655086839	[1579, 1580, 438, 2627, 261, 1086, 1096]	211948
81	0.3955120805303066	0.5956490760250363	2.2963978496547215	3.83990107125073	[107, 162, 420, 1822, 1094, 1086, 1112]	248287
82	0.39921148555727815	0.6002335536211243	2.2963978496547215	2.8502715991067618	[2004, 19, 241, 132, 1108, 1086, 1112]	277786
83	0.40288825059904443	0.6041185531000248	2.2963978496547215	3.1747220511474428	[305, 3083, 19, 132, 1108, 1086, 1112]	257920
84	0.4065425142100286	0.6102278346879875	2.2963978496547215	3.653542571612352	[1792, 496, 1879, 836, 1089, 1086, 1112]	318771
85	0.41017441409671507	0.6153835511603686	2.2963978496547215	3.3147954491973186	[1799, 232, 320, 836, 1089, 1086, 1112]	181282
86	0.4137840871228382	0.619744281872836	2.2963978496547215	4.240816155313955	[1549, 107, 420, 1582, 1087, 1086, 1112]	206362
87	0.4173716693145403	0.6229117597414504	2.2963978496547215	4.072004042055089	[1078, 334, 19, 132, 1094, 1086, 1112]	186738
88	0.4209372958654972	0.6260528529547662	2.2963978496547215	4.0769138237058	[1530, 158, 420, 1822, 1094, 1086, 1112]	208782
89	0.4244811011420133	0.6287227915306826	2.2963978496547215	2.3722489227967665	[2627, 261, 217, 241, 132, 19, 794]	160085
90	0.42800321868808466	0.6329322836901987	2.2963978496547215	4.100382505995804	[3869, 438, 10, 158, 1115, 1086, 1112]	191030
91	0.43150378123043165	0.6370940491812395	2.2963978496547215	3.215412445787365	[1819, 241, 1720, 132, 1108, 1086, 1112]	197071
92	0.4349829206835004	0.6406208319880302	2.2963978496547215	2.852510554598944	[3284, 811, 3459, 1203, 174, 1086, 1112]	156179
93	0.4384407681544341	0.6461668068030297	2.2963978496547215	4.239629780320487	[1938, 1468, 3136, 836, 1089, 1086, 1112]	160540
94	0.44187745394801337	0.6501785210116121	2.2963978496547215	2.852510554598944	[3284, 811, 3459, 1203, 174, 1086, 1112]	159986
95	0.4452931075715667	0.6530924858511655	2.2963978496547215	3.5273345462064576	[1792, 232, 734, 1203, 174, 1086, 1112]	160827
96	0.44868785773985087	0.6570256776215604	2.2963978496547215	3.6566562240450455	[2297, 400, 654, 132, 1108, 1086, 1112]	215419
97	0.4520618323799014	0.6609142753809532	2.2963978496547215	3.2045923090637043	[2047, 232, 320, 836, 1089, 1086, 1112]	235433
98	0.45541515863585313	0.6642095691090294	2.2963978496547215	3.1455033926936977	[10, 232, 320, 836, 1089, 1086, 1112]	597323
99	0.45874796287373176	0.6670066572463969	2.2963978496547215	3.9354542882069943	[269, 1337, 240, 1203, 174, 1086, 1112]	195822
100	0.46206037068621564	0.6721454434000018	2.2963978496547215	4.430383202234311	[2307, 1468, 3135, 836, 1089, 1086, 1112]	183959
101	0.4653525068973685	0.6753315906944625	2.2963978496547215	3.3781914024887385	[241, 1031, 132, 19, 334, 1086, 1112]	214809
102	0.46862449556734354	0.6780360339206644	2.2963978496547215	3.8671728165858967	[734, 10, 158, 1546, 234, 1086, 1112]	231619
103	0.4718764599970583	0.6822948165407614	2.2963978496547215	3.428889265862453	[107, 811, 3459, 1203, 174, 1086, 1112]	222072
104	0.4751085227328411	0.685896916126467	2.2963978496547215	4.236624599469327	[2636, 162, 420, 1582, 1087, 1086, 1096]	245461
105	0.4783208055710493	0.6894581755808155	2.2963978496547215	3.387957672867911	[1723, 241, 217, 132, 1108, 1086, 1112]	328912
106	0.4815134295626585	0.6924760747491263	2.2963978496547215	2.6644906150647802	[1549, 10, 734, 1203, 174, 1086, 1112]	165893
107	0.484686515017825	0.6946717593466216	2.2963978496547215	3.4007268128686983	[331, 241, 132, 1713, 174, 1086, 1112]	187932
108	0.48784018151041875	0.6987104926885976	2.2963978496547215	3.8899659912902695	[420, 162, 1192, 836, 1089, 1086, 1112]	205196
109	0.4909745478825298	0.7026958036318701	2.2963978496547215	3.4370654128233644	[669, 813, 19, 132, 1108, 1086, 1112]	199976
110	0.4940897322489467	0.7072838313536005	2.2963978496547215	3.957725592209983	[1580, 438, 1712, 132, 1108, 1086, 1112]	196333
111	0.49718585200160725	0.709722116806715	2.2963978496547215	3.3195993898976255	[320, 232, 10, 734, 811, 397, 794]	204246
112	0.5002630238140224	0.7121400916771297	2.2963978496547215	3.163369169005046	[1794, 107, 734, 1203, 174, 1086, 1112]	327133
113	0.5033213636456735	0.7149375640612199	2.2963978496547215	3.2856764027988357	[950, 1987, 19, 132, 1108, 1086, 1112]	175102
114	0.5063609867463807	0.7193366757269417	2.2963978496547215	3.8027096936396845	[2067, 396, 1728, 132, 1108, 1086, 1112]	202349
115	0.5093820076606477	0.7220642104623456	2.2963978496547215	2.632664465514411	[432, 422, 19, 132, 1108, 1086, 1112]	206588
116	0.5123845402319771	0.7247652385433724	2.2963978496547215	3.555566438090408	[3621, 1720, 132, 19, 334, 1086, 1096]	243759
117	0.5153686976071608	0.7274400175662745	2.2963978496547215	2.66321868542754	[2872, 241, 132, 1032, 1707, 1708, 794]	231786
118	0.5183345922405433	0.7305302668002169	2.2963978496547215	3.7115410360418	[1549, 162, 420, 158, 1115, 1086, 1112]	266007
119	0.5212823358982609	0.7340946812605316	2.2963978496547215	3.911291829090726	[1715, 132, 1032, 1729, 1094, 1086, 1112]	442873
120	0.5242120396624514	0.7359932139105426	2.2963978496547215	3.069270376387018	[158, 1557, 734, 1203, 174, 1086, 1096]	176908
121	0.5271238139354417	0.737878191261095	2.2963978496547215	3.586457137453798	[19, 132, 1727, 1203, 174, 1086, 1112]	162740
122	0.5300177684439074	0.7400616299011525	2.2963978496547215	3.745405094596194	[2207, 1991, 19, 132, 1108, 1086, 1112]	179828
123	0.5328940122430079	0.7430087769544275	2.2963978496547215	3.90953563990026	[1807, 157, 10, 158, 1115, 1086, 1112]	164800
124	0.5357526537204963	0.7469746908903159	2.2963978496547215	3.7199901158437356	[2047, 232, 1879, 836, 1089, 1086, 1112]	161149
125	0.5385938006008033	0.7508794024506505	2.2963978496547215	3.607429097407027	[2047, 232, 1192, 836, 1089, 1086, 1112]	195491
126	0.5414175599490971	0.752954542788421	2.2963978496547215	2.456452605672925	[1917, 10, 734, 1203, 174, 1086, 1112]	454556
127	0.5442240381753178	0.7550123974923908	2.2963978496547215	3.6814423394495	[1723, 241, 132, 19, 334, 1086, 1112]	182585
128	0.5470133410381877	0.7577900347090304	2.2963978496547215	3.8091848861950828	[1917, 10, 158, 1713, 174, 1086, 1112]	175925
129	0.5497855736491959	0.7615278428153726	2.2963978496547215	3.6952975032533644	[1792, 232, 1879, 836, 1089, 1086, 1112]	213532
130	0.5525408404765602	0.7643088592256888	2.2963978496547215	4.028829194680772	[2607, 1587, 241, 19, 334, 1086, 1112]	201593
131	0.5552792453491631	0.7665993465024071	2.2963978496547215	2.813571952967709	[19, 241, 1031, 132, 1108, 1086, 1112]	286558
132	0.5580008914604654	0.7688675744275538	2.2963978496547215	3.069270376387018	[158, 1557, 734, 1203, 174, 1086, 1096]	245417
133	0.5607058813723937	0.7724344328468816	2.2963978496547215	3.215412445787365	[1819, 241, 1720, 132, 1108, 1086, 1112]	367099
134	0.5633943170192066	0.7750145413180054	2.2963978496547215	3.210435576778087	[2267, 261, 217, 132, 1108, 1086, 1112]	177658
135	0.5660662997113346	0.7766209109878953	2.2963978496547215	4.257070137717219	[193, 232, 10, 494, 636, 1086, 1112]	182077
136	0.5687219301391991	0.7795756608425528	2.2963978496547215	3.027434532504193	[1647, 1697, 241, 132, 1108, 1086, 1112]	188731
137	0.5713613083770063	0.7820748030098708	2.2963978496547215	3.2045923090637043	[2047, 232, 320, 836, 1089, 1086, 1112]	201935
138	0.573984533886518	0.7836307632430365	2.2963978496547215	3.952153476247373	[331, 241, 19, 1987, 334, 1086, 1112]	172637
139	0.5765917055208005	0.786969794674471	2.2963978496547215	3.0635001754261895	[1819, 1513, 1031, 132, 1108, 1086, 1112]	170539
140	0.5791829215279491	0.7890400590605307	2.2963978496547215	4.030536204989326	[158, 1557, 734, 19, 334, 1086, 1112]	247201
141	0.5817582795547906	0.7922956137046582	2.2963978496547215	3.68263630786175	[2872, 241, 89, 132, 1108, 1086, 1112]	159392
142	0.5843178766505632	0.7943141208601037	2.2963978496547215	2.7760423804394057	[811, 734, 19, 132, 1108, 1086, 1112]	174049
143	0.5868618092705735	0.7963130118138442	2.2963978496547215	3.674540599893466	[19, 241, 1729, 1822, 1094, 1086, 1112]	161587
144	0.5893901732798315	0.7982924771995211	2.2963978496547215	3.5878125065263164	[734, 10, 438, 2627, 261, 1086, 1112]	159439
145	0.5919030639566627	0.8002527057981652	2.2963978496547215	2.9121266964169745	[119, 409, 19, 132, 1108, 1086, 1112]	163482
146	0.5944005759962993	0.8021938845562006	2.2963978496547215	4.023805747887856	[158, 10, 107, 836, 1089, 1086, 1112]	162681
147	0.5968828035144478	0.8048103675647165	2.2963978496547215	3.5880194384738697	[2264, 232, 320, 836, 1089, 1086, 1112]	639772
148	0.5993498400508366	0.8067072541773042	2.2963978496547215	2.6385976592037066	[77, 19, 734, 1203, 174, 1086, 1112]	187712
149	0.6018017785727398	0.8088987819077202	2.2963978496547215	3.8541771956592425	[837, 162, 420, 158, 1115, 1086, 1112]	203059
150	0.6042387114784816	0.811065462384957	2.2963978496547215	2.836907934762174	[2297, 400, 19, 132, 1108, 1086, 1112]	206984
151	0.6066607306009177	0.8135645964803941	2.2963978496547215	3.517456662911222	[101, 370, 1032, 132, 1108, 1086, 1112]	231643
152	0.6090679272108961	0.8148957232979316	2.2963978496547215	4.092767086425942	[320, 232, 10, 494, 636, 1086, 1112]	221374
153	0.611460392020696	0.816694598678904	2.2963978496547215	3.7218324981200333	[119, 409, 19, 132, 1094, 1086, 1112]	199993
154	0.6138382151874471	0.8187728912108893	2.2963978496547215	3.58149179012917	[1792, 232, 10, 158, 1115, 1086, 1112]	461502
155	0.6162014863165263	0.8215696058526966	2.2963978496547215	3.653542571612352	[1792, 496, 1879, 836, 1089, 1086, 1112]	181177
156	0.6185502944649346	0.8233036232885304	2.2963978496547215	3.532853129633992	[320, 232, 10, 158, 1115, 1086, 1112]	177384
157	0.6208847281446535	0.8250207892429664	2.2963978496547215	3.7955371329617167	[160, 87, 1265, 255, 174, 1086, 1112]	186066
158	0.6232048753259798	0.8267212674816159	2.2963978496547215	3.586457137453798	[19, 132, 1727, 1203, 174, 1086, 1112]	219348
159	0.6255108234408409	0.8290133142080496	2.2963978496547215	2.813571952967709	[19, 241, 1031, 132, 1108, 1086, 1112]	184580
160	0.6278026593860897	0.8304376097998193	2.2963978496547215	3.748374190945288	[1555, 2229, 734, 19, 334, 1086, 1112]	188706
161	0.6300804695267795	0.8326804985590809	2.2963978496547215	3.4811257093260544	[3621, 1720, 132, 1713, 174, 1086, 1112]	254590
162	0.6323443396994177	0.8343065384175933	2.2963978496547215	2.740062281339724	[1820, 733, 734, 1203, 174, 1086, 1112]	177927
163	0.6345943552152014	0.8356867421792127	2.2963978496547215	3.3333010924626487	[1820, 10, 734, 19, 334, 1086, 1112]	166612
164	0.6368306008632311	0.8370554490331967	2.2963978496547215	3.4370654128233644	[669, 813, 19, 132, 1108, 1086, 1112]	182494
165	0.6390531609137072	0.8389028929217092	2.2963978496547215	3.7852347801075377	[2627, 496, 217, 132, 1108, 1086, 1112]	168017
166	0.641262119121105	0.8402448096820447	2.2963978496547215	2.8502715991067618	[2004, 19, 241, 132, 1108, 1086, 1112]	171569
167	0.6434575587273302	0.8417973382565633	2.2963978496547215	3.069270376387018	[158, 1557, 734, 1203, 174, 1086, 1112]	162711
168	0.6456395624648572	0.8429268866238634	2.2963978496547215	2.4629843211448703	[241, 19, 734, 1203, 174, 1086, 1112]	386892
169	0.6478082125598458	0.8440483701488908	2.2963978496547215	3.3016640075194656	[107, 10, 734, 19, 334, 1086, 1096]	176728
170	0.6499635907352397	0.8451618464136694	2.2963978496547215	2.873416232028389	[1792, 496, 217, 241, 132, 393, 794]	192665
171	0.6521057782138465	0.8475513240924708	2.2963978496547215	3.717549963485718	[2636, 162, 1192, 836, 1089, 1086, 1112]	170253
172	0.6542348557213988	0.8490328466960425	2.2963978496547215	3.4306554778260674	[2267, 261, 217, 132, 393, 4290, 794]	171160
173	0.6563509034895958	0.8504999716066738	2.2963978496547215	3.283811063743345	[331, 241, 1209, 132, 1108, 1086, 1112]	218075
174	0.6584540012591262	0.8528070708102745	2.2963978496547215	3.924045778520189	[1791, 420, 2307, 1468, 1089, 1086, 1096]	211172
175	0.6605442282826743	0.8550785666311036	2.2963978496547215	3.909366463454881	[2309, 420, 545, 132, 1108, 1086, 1112]	531718
176	0.6626216633279062	0.8567216667826784	2.2963978496547215	3.829731321416138	[1715, 132, 1727, 1203, 174, 1086, 1112]	207610
177	0.6646863846804371	0.8583461376808339	2.2963978496547215	4.282811584767366	[1019, 10, 232, 193, 1115, 1086, 1112]	175938
178	0.6667384701467826	0.8595260948846587	2.2963978496547215	4.026397673087264	[650, 651, 19, 132, 1108, 1086, 1112]	178871
179	0.6687779970572902	0.8613842153226923	2.2963978496547215	3.0987643812796737	[3065, 1460, 19, 132, 1108, 1086, 1112]	178337
180	0.6708050422690536	0.8625388657573221	2.2963978496547215	3.2576636782570283	[846, 10, 734, 19, 334, 1086, 1112]	189038
181	0.6728196821688086	0.864097382018577	2.2963978496547215	3.2681320931479263	[846, 734, 19, 132, 1108, 1086, 1096]	191646
182	0.6748219926758121	0.8656382280274366	2.2963978496547215	3.959618089622209	[1917, 10, 157, 1713, 174, 1086, 1112]	313849
183	0.6768120492447027	0.8674155001434758	2.2963978496547215	3.8690448807259967	[3621, 1720, 241, 1729, 1094, 1086, 1112]	174356
184	0.6787899268683444	0.8694615572400272	2.2963978496547215	2.9495193561308453	[3895, 1030, 1032, 132, 1108, 1086, 1112]	194365
185	0.6807557000806521	0.8707301524077625	2.2963978496547215	3.507819472107111	[241, 1031, 132, 217, 261, 1086, 1112]	186430
186	0.682709442959401	0.8719864191482118	2.2963978496547215	3.8195868711103884	[317, 321, 1398, 132, 1108, 1086, 1112]	187877
187	0.6846512291290177	0.8732304772711641	2.2963978496547215	3.7643597940068236	[111, 2229, 734, 1203, 174, 1086, 1112]	166159
188	0.6865811317633546	0.8744624454220761	2.2963978496547215	3.5448375963304635	[3, 19, 132, 1713, 174, 1086, 1112]	162221
189	0.6884992235884477	0.8756824410933872	2.2963978496547215	2.5846064999161147	[1529, 2229, 734, 1203, 174, 1086, 1112]	306925
190	0.6904055768852569	0.8773268532482367	2.2963978496547215	3.7647275910015576	[107, 162, 2636, 836, 1089, 1086, 1112]	159616
191	0.6923002634923902	0.8792199573647762	2.2963978496547215	4.035636505389296	[2558, 415, 1265, 255, 174, 1086, 1112]	161612
192	0.69418335480881	0.881083846911616	2.2963978496547215	3.582736484816656	[1792, 232, 1192, 836, 1089, 1086, 1112]	180016
193	0.6960549217965248	0.8826568118995577	2.2963978496547215	3.9575439350561954	[1020, 1018, 415, 255, 174, 1086, 1112]	227855
194	0.6979150349832625	0.8839872335333495	2.2963978496547215	4.145421972023206	[1550, 420, 1879, 836, 1089, 1086, 1096]	247374
195	0.6997637644651284	0.8853025710216336	2.2963978496547215	3.387957672867911	[4015, 241, 217, 132, 1108, 1086, 1112]	273226
196	0.701601179909247	0.8864172204772056	2.2963978496547215	3.85226843592124	[1550, 420, 158, 1713, 174, 1086, 1112]	605614
197	0.7034273505563867	0.8881700411488537	2.2963978496547215	3.6927980254785133	[1715, 132, 387, 344, 174, 1086, 1112]	175423
198	0.7052423452235697	0.8896492734087895	2.2963978496547215	3.4685730381684783	[77, 1998, 19, 132, 1108, 1086, 1112]	183310
199	0.7070462323066644	0.8904371645964462	2.2963978496547215	3.6859385065488217	[87, 1265, 415, 255, 174, 1086, 1112]	192940
200	0.7088390797829642	0.8912194303338428	2.2963978496547215	3.190121354476479	[160, 107, 734, 1203, 174, 1086, 1112]	181013
201	0.7106209552137479	0.8924527701259761	2.2963978496547215	3.9489934959712745	[1580, 301, 10, 158, 1115, 1086, 1112]	169786
202	0.712391925746826	0.8941124495993407	2.2963978496547215	2.8232338638794454	[2872, 241, 1031, 132, 1108, 1086, 1112]	182980
203	0.7141520581190712	0.8951414831309311	2.2963978496547215	3.4414835971976077	[241, 132, 387, 344, 174, 1086, 1112]	328118
204	0.7159014186589336	0.8963303552042766	2.2963978496547215	3.1207086718623307	[1456, 19, 734, 1203, 174, 1086, 1112]	173486
205	0.7176400732889395	0.897505748002414	2.2963978496547215	3.523328039732048	[1468, 2688, 734, 1203, 174, 1086, 1096]	204461
206	0.7193680875281763	0.8990874494221299	2.2963978496547215	3.830117091800741	[2028, 493, 654, 132, 1108, 1086, 1112]	184856
207	0.7210855264947609	0.9002315826486363	2.2963978496547215	3.7541760223808662	[2872, 241, 19, 1987, 334, 1086, 1112]	160837
208	0.722792454908294	0.9018152083208802	2.2963978496547215	3.9480037050054966	[2607, 1587, 132, 217, 261, 1086, 1096]	184716
209	0.7244889370922993	0.9027693851107648	2.2963978496547215	4.308859762654727	[1549, 162, 107, 232, 1023, 1086, 1112]	182549
210	0.7261750369766463	0.903871773034679	2.2963978496547215	2.8502715991067618	[2004, 19, 241, 132, 1108, 1086, 1112]	256887
211	0.7278508180999608	0.9051433104284001	2.2963978496547215	3.6351640636789	[1820, 1557, 734, 1203, 174, 1086, 1112]	155973
212	0.729516343612018	0.90621878309928	2.2963978496547215	4.210824859342137	[2004, 19, 23, 5272, 174, 1086, 1112]	153399
213	0.7311716762761236	0.9072820622024628	2.2963978496547215	3.697156180925268	[193, 232, 10, 158, 1115, 1086, 1112]	158049
214	0.7328168784714775	0.9080543898809096	2.2963978496547215	3.9354542882069943	[269, 1337, 240, 1203, 174, 1086, 1112]	161349
215	0.7344520121955256	0.9089479332251184	2.2963978496547215	3.4007268128686983	[331, 241, 132, 1713, 174, 1086, 1112]	190463
216	0.7360771390662955	0.9101523256427756	2.2963978496547215	3.997563313290736	[545, 2040, 1451, 1713, 174, 1086, 1112]	206563
217	0.737692320324719	0.9110254808843423	2.2963978496547215	3.2212052831254727	[160, 2229, 734, 1203, 174, 1086, 1112]	544719
218	0.7392976168369392	0.9117666263996748	2.2963978496547215	3.2771900877665443	[2872, 241, 132, 19, 334, 1086, 1112]	170390
219	0.7408930890966048	0.9123966022925789	2.2963978496547215	3.947276655828393	[377, 162, 107, 1546, 234, 1086, 1096]	197143
220	0.7424787972271494	0.9137485065781872	2.2963978496547215	3.9377826072449613	[2149, 420, 1879, 836, 1089, 1086, 1112]	186089
221	0.7440548009840573	0.9145867135113438	2.2963978496547215	2.3086134374228453	[158, 10, 734, 1203, 174, 1086, 1112]	210979
222	0.7456211597571152	0.9155551181200587	2.2963978496547215	4.305644513776631	[2151, 158, 420, 1582, 1087, 1086, 1112]	219486
223	0.7471779325726502	0.9166721139121214	2.2963978496547215	3.700535591088215	[1178, 2279, 1876, 1713, 174, 1086, 1112]	171469
224	0.7487251780957545	0.9176168745253627	2.2963978496547215	2.632664465514411	[432, 422, 19, 132, 1108, 1086, 1112]	199947
225	0.7502629546324955	0.9184174879896448	2.2963978496547215	2.632664465514411	[432, 422, 19, 132, 1108, 1086, 1112]	163602
226	0.7517913201321139	0.9192103209537883	2.2963978496547215	3.8680812210489988	[2163, 321, 1398, 132, 1108, 1086, 1112]	166386
227	0.7533103321892064	0.919883287876289	2.2963978496547215	3.4786958857112795	[320, 232, 734, 1203, 174, 1086, 1112]	190944
228	0.7548200480458969	0.9207916406214558	2.2963978496547215	3.7934112228880146	[2872, 241, 217, 132, 1094, 1086, 1096]	175244
229	0.7563205245939929	0.9216896945826638	2.2963978496547215	2.632664465514411	[432, 422, 19, 132, 1108, 1086, 1112]	200869
230	0.7578118183771302	0.9223420086636078	2.2963978496547215	2.9670826863691984	[1819, 241, 19, 132, 1108, 1086, 1112]	219105
231	0.7592939855929031	0.9232224847558572	2.2963978496547215	3.2027493590021914	[2872, 241, 132, 1713, 174, 1086, 1112]	499861
232	0.7607670820949822	0.9240929781259721	2.2963978496547215	4.046518516105152	[421, 438, 10, 158, 1115, 1086, 1112]	170166
233	0.7622311633952195	0.9249536019567435	2.2963978496547215	3.6927980254785133	[1715, 132, 387, 344, 174, 1086, 1112]	159203
234	0.7636862846657397	0.9255787281378618	2.2963978496547215	3.4492211628073086	[1819, 241, 132, 1713, 174, 1086, 1112]	190285
235	0.7651325007410201	0.926422506730403	2.2963978496547215	3.7199901158437356	[2047, 232, 1879, 836, 1089, 1086, 1112]	195276
236	0.7665698661199564	0.9270353971366471	2.2963978496547215	4.032788606352214	[1586, 107, 10, 158, 1115, 1086, 1112]	172679
237	0.7679984349679162	0.927744479768944	2.2963978496547215	2.813571952967709	[19, 241, 1031, 132, 1108, 1086, 1112]	192055
238	0.7694182611187811	0.9284466714135606	2.2963978496547215	3.7689273481095933	[1580, 438, 217, 132, 1108, 1086, 1112]	455125
239	0.7708293980769743	0.929550889447302	2.2963978496547215	3.517456662911222	[386, 370, 1032, 132, 1108, 1086, 1112]	193605
240	0.7722318990194776	0.9303496321973326	2.2963978496547215	3.63259183391249	[2764, 1511, 1031, 132, 1108, 1086, 1112]	208924
241	0.7736258167978352	0.9311393189071134	2.2963978496547215	2.8649135046369567	[2627, 261, 217, 132, 1108, 1086, 1112]	230661
242	0.7750112039401446	0.9316309760577737	2.2963978496547215	3.2698792660251526	[158, 10, 734, 19, 334, 1086, 1112]	237495
243	0.7763881126530371	0.9324061350593862	2.2963978496547215	3.837140334207252	[1819, 241, 132, 387, 344, 1086, 1112]	209610
244	0.7777565948236447	0.9331725054101868	2.2963978496547215	3.0987643812796737	[3065, 1460, 19, 132, 1108, 1086, 1112]	227392
245	0.7791167020215551	0.9338219465626632	2.2963978496547215	4.178142664795455	[1019, 10, 107, 836, 1089, 1086, 1112]	634294
246	0.7804684855007559	0.9346973176398765	2.2963978496547215	3.302752345972076	[1579, 4018, 241, 132, 1108, 1086, 1112]	179346
247	0.7818119962015646	0.9351635710987458	2.2963978496547215	3.889229274021643	[1549, 162, 107, 1546, 234, 1086, 1112]	190226
248	0.78314728475255	0.9360211958196618	2.2963978496547215	3.455337713250792	[734, 19, 1126, 132, 1108, 1086, 1112]	209943
249	0.7844744014724385	0.9366429529059624	2.2963978496547215	3.8991523230880016	[161, 10, 438, 2627, 261, 1086, 1112]	211204
250	0.7857933963720113	0.9372586676493447	2.2963978496547215	2.459046640849971	[157, 10, 734, 1203, 174, 1086, 1112]	278801
251	0.7871043191559887	0.9377812943244856	2.2963978496547215	3.5965259561246024	[2309, 420, 158, 1713, 174, 1086, 1112]	195430
252	0.7884072192249029	0.9387414595355275	2.2963978496547215	4.050679771487691	[2051, 1849, 420, 1582, 1087, 1086, 1112]	368611
253	0.78970214567696	0.9393367806284767	2.2963978496547215	4.239613025415101	[157, 2149, 420, 1822, 1094, 1086, 1112]	174969
254	0.79098914730989	0.9401392041651371	2.2963978496547215	3.7955371329617167	[160, 87, 1265, 255, 174, 1086, 1112]	169610
255	0.7922682726227859	0.9409310136338521	2.2963978496547215	3.813670205815389	[377, 162, 2636, 836, 1089, 1086, 1112]	169690
256	0.7935395698179306	0.9415050562613172	2.2963978496547215	3.660212642330709	[10, 158, 420, 1822, 1094, 1086, 1112]	154997
257	0.7948030868026147	0.9420735202432285	2.2963978496547215	3.8320061932939575	[1549, 107, 420, 158, 1115, 1086, 1112]	161084
258	0.7960588711909402	0.9425560398580288	2.2963978496547215	2.424582476907486	[1873, 10, 734, 1203, 174, 1086, 1112]	159925
259	0.7973069703056163	0.9431142901995446	2.2963978496547215	2.5846064999161147	[1529, 2229, 734, 1203, 174, 1086, 1096]	305506
260	0.7985474311797415	0.9436829103724771	2.2963978496547215	3.2090431767779197	[21, 422, 19, 132, 1108, 1086, 1112]	177571
261	0.7997803005585766	0.9442302095914035	2.2963978496547215	3.709604792443254	[241, 1587, 132, 19, 334, 1086, 1112]	180438
262	0.8010056249013066	0.9447721900618465	2.2963978496547215	4.048371590888552	[2238, 1549, 107, 836, 1089, 1086, 1112]	161338
263	0.8022234503827901	0.9455027166483301	2.2963978496547215	3.64446702722874	[1667, 4118, 23, 5272, 174, 1086, 1112]	220204
264	0.803433822895301	0.9459566715283939	2.2963978496547215	3.2027493590021914	[2872, 241, 132, 1713, 174, 1086, 1112]	192104
265	0.8046367880502566	0.9463425345269417	2.2963978496547215	4.029312998808351	[1742, 400, 19, 387, 344, 1086, 1096]	180950
266	0.8058323911799374	0.9469508958134844	2.2963978496547215	3.6599774008098205	[2004, 19, 241, 132, 1094, 1086, 1112]	414492
267	0.8070206773391946	0.9476526035408193	2.2963978496547215	4.199777809351197	[1791, 1792, 496, 217, 261, 1086, 1112]	179001
268	0.8082016913071481	0.948345029419909	2.2963978496547215	3.280753655086839	[1579, 1580, 438, 2627, 261, 1086, 1112]	187844
269	0.8093754775888748	0.9489306866827217	2.2963978496547215	3.4061245259816175	[19, 132, 241, 1729, 1094, 1086, 1112]	175778
270	0.8105420804170842	0.949509703840514	2.2963978496547215	2.424582476907486	[1873, 10, 734, 1203, 174, 1086, 1112]	205517
271	0.8117015437537866	0.9500821561779231	2.2963978496547215	3.280753655086839	[1579, 1580, 438, 2627, 261, 1086, 1112]	200333
272	0.8128539112919491	0.9507424451173686	2.2963978496547215	3.5880194384738697	[1549, 232, 320, 836, 1089, 1086, 1112]	203318
273	0.8139992264571421	0.9512211385564612	2.2963978496547215	3.5808098288505823	[77, 19, 132, 217, 261, 1086, 1112]	237171
274	0.8151375324091761	0.9518663615914287	2.2963978496547215	3.7247675443825	[1820, 10, 158, 1713, 174, 1086, 1112]	176264
275	0.816268872043728	0.9524120944532039	2.2963978496547215	4.257857038880671	[2047, 232, 10, 159, 1023, 1086, 1112]	170931
276	0.8173932879939572	0.9528084951657969	2.2963978496547215	4.028829194680772	[2607, 1587, 241, 19, 334, 1086, 1112]	198582
277	0.8185108226321126	0.9534327214202176	2.2963978496547215	3.5680410021327917	[1799, 1019, 19, 132, 1108, 1086, 1096]	192218
278	0.8196215180711294	0.954048690713601	2.2963978496547215	3.6842025108052026	[2872, 241, 1729, 1822, 1094, 1086, 1096]	194499
279	0.8207254161662154	0.9545696806148073	2.2963978496547215	3.8513592636525775	[377, 162, 107, 836, 1089, 1086, 1112]	168750
280	0.8218225585164294	0.9549481089312187	2.2963978496547215	3.3858483055097928	[1873, 10, 734, 19, 334, 1086, 1112]	335520
281	0.8229129864662477	0.9552697741259741	2.2963978496547215	3.057910963885006	[160, 331, 241, 132, 1108, 1086, 1112]	167272
282	0.8239967411071227	0.9559600553894622	2.2963978496547215	3.889679492226567	[2309, 420, 1879, 836, 1089, 1086, 1112]	157454
283	0.8250738632790312	0.956542594339337	2.2963978496547215	3.6909182876515674	[2297, 400, 1032, 132, 1108, 1086, 1112]	156364
284	0.8261443935720137	0.9569649209249605	2.2963978496547215	3.8204237423157705	[2387, 1663, 1546, 234, 174, 1086, 1112]	158972
285	0.8272083723277035	0.9573233972187968	2.2963978496547215	3.7886459842686415	[331, 241, 132, 387, 344, 1086, 1112]	168320
286	0.8282658396408473	0.9577381358269718	2.2963978496547215	3.2212052831254727	[160, 2229, 734, 1203, 174, 1086, 1112]	226502
287	0.8293168353608159	0.958090171346947	2.2963978496547215	3.6990293771762026	[2627, 438, 1779, 132, 1108, 1086, 1112]	399398
288	0.8303613990931061	0.9584974583115053	2.2963978496547215	3.9092548125542814	[331, 160, 320, 836, 1089, 1086, 1112]	168561
289	0.8313995702008331	0.9588431687795478	2.2963978496547215	3.2027493590021914	[2872, 241, 132, 1713, 174, 1086, 1112]	196919
290	0.8324313878062135	0.9592431379848	2.2963978496547215	3.4495238415161733	[19, 132, 387, 344, 174, 1086, 1112]	212726
291	0.8334568907920402	0.9597184366671929	2.2963978496547215	4.154200687821128	[2607, 1587, 241, 217, 261, 1086, 1112]	221873
292	0.8344761178031472	0.9600539765533471	2.2963978496547215	3.85226843592124	[1847, 420, 158, 1713, 174, 1086, 1112]	178238
293	0.8354891072478661	0.9606704275324621	2.2963978496547215	3.586533177909577	[1742, 400, 1032, 132, 1108, 1086, 1112]	175729
294	0.8364958972994733	0.9609980374655528	2.2963978496547215	4.1141993026454085	[2627, 438, 496, 217, 261, 1086, 1112]	188074
295	0.8374965258976286	0.9614402365872585	2.2963978496547215	3.586457137453798	[19, 132, 1727, 1203, 174, 1086, 1112]	167691
296	0.838491030749805	0.9619502863678504	2.2963978496547215	3.0987643812796737	[3065, 1460, 19, 132, 1108, 1086, 1112]	166912
297	0.8394794493327097	0.9624679695465191	2.2963978496547215	2.954117646351909	[107, 734, 19, 132, 1108, 1086, 1112]	193392
298	0.8404618188936956	0.9627806062016918	2.2963978496547215	3.1207086718623307	[432, 19, 734, 1203, 174, 1086, 1112]	212679
299	0.8414381764521666	0.9633549795627768	2.2963978496547215	3.659323743884939	[377, 162, 1192, 836, 1089, 1086, 1096]	200229
300	0.8424085588009705	0.9636166206916199	2.2963978496547215	3.5772400492380187	[1849, 420, 158, 1713, 174, 1086, 1112]	195290
301	0.8433730025077875	0.9639702006654624	2.2963978496547215	3.8723602699503585	[1879, 232, 10, 158, 1115, 1086, 1112]	425638
302	0.8443315439165066	0.9643203444879553	2.2963978496547215	3.58389371282117	[19, 734, 10, 158, 1115, 1086, 1112]	162148
303	0.8452842191485962	0.9645750930249606	2.2963978496547215	3.475167541633052	[331, 241, 132, 19, 334, 1086, 1112]	184496
304	0.846231064104465	0.9650436764505563	2.2963978496547215	4.378209374541911	[3877, 1751, 420, 1822, 1094, 1086, 1112]	178071
305	0.8471721144648147	0.9655831258880477	2.2963978496547215	3.582736484816656	[1792, 232, 1192, 836, 1089, 1086, 1096]	172935
306	0.8481074056919847	0.9659175950242183	2.2963978496547215	3.660901199473729	[10, 232, 1879, 836, 1089, 1086, 1112]	166771
307	0.8490369730312887	0.966443558063968	2.2963978496547215	3.813670205815389	[377, 162, 2636, 836, 1089, 1086, 1112]	181070
308	0.8499608515123422	0.966723078613206	2.2963978496547215	3.831483791594195	[1579, 1580, 438, 3366, 150, 1086, 1112]	378137
309	0.8508790759503835	0.9670464694916006	2.2963978496547215	2.95927873107051	[19, 241, 1720, 132, 1108, 1086, 1112]	194624
310	0.8517916809475847	0.9674200922864804	2.2963978496547215	3.844765130337648	[1873, 10, 301, 2627, 261, 1086, 1112]	205397
311	0.8526987008943563	0.9676914784398625	2.2963978496547215	3.262298240352031	[3248, 334, 19, 132, 1108, 1086, 1112]	217789
312	0.8536001699706431	0.9680054582412243	2.2963978496547215	3.712383226291247	[158, 651, 19, 132, 1108, 1086, 1112]	197415
313	0.8544961221472118	0.9683682081477865	2.2963978496547215	3.4617067333156504	[1791, 420, 158, 1713, 174, 1086, 1112]	189079
314	0.8553865911869317	0.9687268452436165	2.2963978496547215	3.8510218650561905	[2657, 232, 320, 836, 1089, 1086, 1112]	234626
315	0.8562716106460466	0.9689501318843475	2.2963978496547215	2.340398178917159	[107, 10, 734, 1203, 174, 1086, 1112]	598835
316	0.8571512138754396	0.9691718242847687	2.2963978496547215	3.7115410360418	[1549, 162, 420, 158, 1115, 1086, 1112]	221476
317	0.8580254340218895	0.9696475677371642	2.2963978496547215	4.05292790417838	[1655, 2168, 1714, 132, 1108, 1086, 1096]	204340
318	0.8588943040293203	0.9700015319618037	2.2963978496547215	3.1064053138236165	[2607, 1587, 241, 132, 1108, 1086, 1112]	215976
319	0.8597578566400428	0.9702930622634383	2.2963978496547215	3.769588417848551	[377, 162, 420, 158, 1115, 1086, 1112]	208346
320	0.8606161243959878	0.9706298756164605	2.2963978496547215	3.792217917290504	[1820, 10, 301, 2627, 261, 1086, 1112]	195443
321	0.8614691396399328	0.9710183693252374	2.2963978496547215	3.944268914638233	[158, 420, 2307, 1468, 1089, 1086, 1112]	203502
322	0.862316934516721	0.9714017242283428	2.2963978496547215	3.7947703767639736	[158, 420, 545, 132, 1108, 1086, 1112]	248837
323	0.8631595409744721	0.971679647219321	2.2963978496547215	3.766087964836969	[1742, 400, 19, 1987, 334, 1086, 1112]	163174
324	0.8639969907657867	0.9719155518655574	2.2963978496547215	3.2576636782570283	[846, 10, 734, 19, 334, 1086, 1112]	170446
325	0.8648293154489428	0.9721884813906735	2.2963978496547215	3.72064580303472	[107, 162, 420, 158, 1115, 1086, 1096]	182384
326	0.8656565463890848	0.9724587585394522	2.2963978496547215	2.9495193561308453	[3895, 1030, 1032, 132, 1108, 1086, 1112]	185007
327	0.8664787147594055	0.9726553997589004	2.2963978496547215	3.1148748190664355	[157, 651, 734, 1203, 174, 1086, 1112]	177091
328	0.867295851542321	0.972965429240092	2.2963978496547215	3.487276315966888	[1743, 1742, 400, 19, 334, 1086, 1112]	173211
329	0.8681079875306381	0.9731584528904275	2.2963978496547215	4.141468725757591	[157, 842, 159, 1713, 174, 1086, 1112]	274519
330	0.8689151533287149	0.9735134998098662	2.2963978496547215	3.529780189505308	[3694, 673, 670, 132, 1108, 1086, 1112]	158517
331	0.8697173793536138	0.9738138002655367	2.2963978496547215	3.9092548125542814	[331, 160, 320, 836, 1089, 1086, 1112]	164873
332	0.8705146958362477	0.974110695954136	2.2963978496547215	3.114445558142182	[3158, 3083, 19, 132, 1108, 1086, 1112]	182261
333	0.8713071328225196	0.9742955425350549	2.2963978496547215	2.4629843211448703	[241, 19, 734, 1203, 174, 1086, 1112]	225921
334	0.8720947201744544	0.9745869762931609	2.2963978496547215	3.2681320931479263	[3284, 734, 19, 132, 1108, 1086, 1096]	197771
335	0.8728774875713248	0.9748339444535772	2.2963978496547215	3.523898180591541	[241, 1720, 132, 19, 334, 1086, 1112]	239836
336	0.8736554645107688	0.9751192738815412	2.2963978496547215	2.9689406419822477	[2872, 241, 1720, 132, 1108, 1086, 1112]	539142
337	0.8744286803099022	0.975326526910433	2.2963978496547215	3.2576636782570283	[846, 10, 734, 19, 334, 1086, 1112]	185308
338	0.8751971641064229	0.9755320535500795	2.2963978496547215	4.039524201060002	[1820, 10, 158, 1546, 234, 1086, 1112]	205877
339	0.8759609448597092	0.975909645316282	2.2963978496547215	3.307594970447864	[2872, 241, 1729, 132, 1108, 1086, 1112]	199300
340	0.8767200513519107	0.9761437595503317	2.2963978496547215	3.728796090853008	[158, 10, 301, 2627, 261, 1086, 1112]	266102
341	0.877474512189033	0.9763424787544106	2.2963978496547215	3.5965259561246024	[2309, 420, 158, 1713, 174, 1086, 1096]	231117
342	0.8782243558020166	0.9766554089296168	2.2963978496547215	3.302752345972076	[1579, 4018, 241, 132, 1108, 1086, 1112]	215207
343	0.8789696104478066	0.9769641998167912	2.2963978496547215	3.659323743884939	[377, 162, 1192, 836, 1089, 1086, 1112]	322301
344	0.879710304210419	0.9771286727162964	2.2963978496547215	3.386884539093148	[107, 811, 734, 1203, 174, 1086, 1112]	176449
345	0.8804464650019981	0.9773509402312013	2.2963978496547215	3.6771584126391046	[107, 162, 10, 158, 1115, 1086, 1112]	180396
346	0.8811781205638691	0.9775710477119476	2.2963978496547215	3.114445558142182	[3158, 3083, 19, 132, 1108, 1086, 1112]	197558
347	0.8819052984675828	0.97782534422315	2.2963978496547215	3.3351497941683217	[1535, 496, 217, 132, 1108, 1086, 1112]	184120
348	0.882628026115955	0.9780767575539533	2.2963978496547215	3.6842025108052026	[2872, 241, 1729, 1822, 1094, 1086, 1112]	203174
349	0.883346330744099	0.9784150791966392	2.2963978496547215	3.607429097407027	[2047, 232, 1192, 836, 1089, 1086, 1112]	202451
350	0.884060239420452	0.9786248451908409	2.2963978496547215	3.9395422953765777	[77, 19, 241, 1729, 1094, 1086, 1112]	535722
351	0.8847697790477949	0.9789156636236186	2.2963978496547215	3.1064053138236165	[2196, 2197, 241, 132, 1108, 1086, 1112]	184171
352	0.8854749763642666	0.9791547150564575	2.2963978496547215	2.740062281339724	[1820, 733, 734, 1203, 174, 1086, 1112]	192033
353	0.8861758579443713	0.9793910561555905	2.2963978496547215	3.3351497941683217	[1535, 496, 217, 132, 1108, 1086, 1112]	193853
354	0.8868724501999795	0.9796247176504251	2.2963978496547215	3.830284031234858	[2486, 257, 320, 836, 1089, 1086, 1096]	223340
355	0.8875647793813242	0.9798227281688855	2.2963978496547215	3.1015860273876683	[241, 1729, 1032, 132, 1108, 1086, 1112]	187606
356	0.8882528715779892	0.9800514954232066	2.2963978496547215	3.615041855003712	[1548, 19, 132, 1713, 174, 1086, 1112]	177270
357	0.888936752719893	0.9802176637245542	2.2963978496547215	4.842587811745846	[455, 1529, 2229, 494, 636, 1086, 1096]	319988
358	0.8896164485782656	0.9804099118904964	2.2963978496547215	4.3761397092192285	[77, 1460, 19, 1987, 334, 1086, 1096]	214353
359	0.8902919847666195	0.980669040040093	2.2963978496547215	3.057910963885006	[160, 331, 241, 132, 1108, 1086, 1112]	181540
360	0.8909633867417153	0.980830064279659	2.2963978496547215	3.8805667915573405	[318, 158, 420, 1822, 1094, 1086, 1112]	189619
361	0.8916306798045204	0.9809897472094412	2.2963978496547215	4.14140574692112	[1792, 232, 10, 494, 636, 1086, 1112]	199758
362	0.8922938891011634	0.9811744921345195	2.2963978496547215	2.9495193561308453	[3895, 1030, 1032, 132, 1108, 1086, 1112]	198001
363	0.8929530396238806	0.9813879332667812	2.2963978496547215	3.7933118818458267	[1549, 162, 107, 836, 1089, 1086, 1112]	191930
364	0.8936081562119588	0.9815989544315569	2.2963978496547215	3.666229605331197	[432, 422, 19, 1987, 334, 1086, 1112]	731418
365	0.8942592635526704	0.9817777789754679	2.2963978496547215	3.123661932901401	[119, 123, 19, 132, 1108, 1086, 1112]	191531
366	0.8949063861822046	0.9819843801208707	2.2963978496547215	4.170121485361327	[318, 158, 420, 1582, 1087, 1086, 1096]	195633
367	0.8955495484865915	0.9821344477583479	2.2963978496547215	3.850273469817008	[861, 853, 19, 132, 1108, 1086, 1112]	190147
368	0.896188774702621	0.9823707645869412	2.2963978496547215	3.8805667915573405	[318, 158, 420, 1822, 1094, 1086, 1096]	194037
369	0.8968240889187564	0.982610618129976	2.2963978496547215	4.0309110848285306	[3071, 1202, 1201, 1203, 174, 1086, 1112]	250468
370	0.897455515076042	0.9827347762679187	2.2963978496547215	3.4414835971976077	[241, 132, 387, 344, 174, 1086, 1096]	209611
371	0.8980830769690055	0.9829305271038833	2.2963978496547215	2.8649135046369567	[2627, 261, 217, 132, 1108, 1086, 1112]	384130
372	0.898706798246554	0.9830964111942245	2.2963978496547215	3.3945507805501087	[1579, 1580, 301, 2627, 261, 1086, 1112]	178244
373	0.8993267024128664	0.9833572690461656	2.2963978496547215	3.455337713250792	[734, 19, 1126, 132, 1108, 1086, 1112]	180856
374	0.8999428128282778	0.9835190059844924	2.2963978496547215	3.660212642330709	[10, 158, 420, 1822, 1094, 1086, 1112]	204870
375	0.9005551527101606	0.9837058653270718	2.2963978496547215	2.9689406419822477	[2872, 241, 1720, 132, 1108, 1086, 1112]	179259
376	0.9011637451337995	0.9838906060830007	2.2963978496547215	3.7163875428531554	[1799, 232, 10, 158, 1115, 1086, 1112]	171077
377	0.9017686130332603	0.984073252272536	2.2963978496547215	4.0318654336390845	[837, 162, 107, 1546, 234, 1086, 1112]	158976
378	0.9023697792022549	0.9842538276435956	2.2963978496547215	3.8510218650561905	[2046, 232, 320, 836, 1089, 1086, 1112]	168218
379	0.9029672662950001	0.9844068516703828	2.2963978496547215	3.532853129633992	[320, 232, 10, 158, 1115, 1086, 1096]	160017
380	0.903561096827071	0.9846474866754695	2.2963978496547215	3.3526247077004676	[331, 241, 1587, 132, 1108, 1086, 1112]	232482
381	0.9041512931762495	0.9848505622485453	2.2963978496547215	3.906588029606888	[3895, 1030, 1032, 1729, 1094, 1086, 1112]	176971
382	0.9047378775833681	0.9850843498681665	2.2963978496547215	3.3731928936652027	[1723, 241, 1720, 132, 1108, 1086, 1112]	180584
383	0.9053208721531475	0.9853145296541516	2.2963978496547215	3.3333010924626487	[1820, 10, 734, 19, 334, 1086, 1112]	199545
384	0.9059002988550297	0.9854193821823543	2.2963978496547215	3.77618168181535	[359, 158, 420, 1822, 1094, 1086, 1112]	198192
385	0.9064761795240058	0.9855846953095384	2.2963978496547215	2.732522825020183	[1742, 400, 19, 132, 1108, 1086, 1112]	463327
386	0.9070485358614393	0.9857047728163311	2.2963978496547215	3.8445812328130042	[1917, 10, 438, 2627, 261, 1086, 1112]	176985
387	0.9076173894358833	0.9858668502220417	2.2963978496547215	3.6746193063400145	[2627, 261, 217, 132, 1094, 1086, 1112]	187996
388	0.9081827616838937	0.9860849543852818	2.2963978496547215	3.7763624170824652	[2654, 232, 1192, 836, 1089, 1086, 1112]	201904
389	0.9087446739108365	0.9862008648027304	2.2963978496547215	3.2027493590021914	[2872, 241, 132, 1713, 174, 1086, 1112]	207083
390	0.9093031472916914	0.9862993890023897	2.2963978496547215	3.428889265862453	[811, 651, 734, 1203, 174, 1086, 1112]	212159
391	0.9098582028718492	0.9864325339100438	2.2963978496547215	4.197901975188394	[542, 269, 1402, 1078, 334, 1086, 1112]	282106
392	0.9104098615679049	0.9865863600561884	2.2963978496547215	3.8766352591030877	[1917, 10, 301, 2627, 261, 1086, 1112]	428718
393	0.9109581441684464	0.9867167161295005	2.2963978496547215	3.997563313290736	[2040, 545, 132, 1713, 174, 1086, 1112]	185390
394	0.9115030713348373	0.9868673202550163	2.2963978496547215	2.6023674981119003	[734, 19, 241, 132, 1108, 1086, 1112]	179937
395	0.9120446636019957	0.9870162168507645	2.2963978496547215	2.740062281339724	[1820, 733, 734, 1203, 174, 1086, 1112]	176839
396	0.9125829413791682	0.987124369979871	2.2963978496547215	3.1148748190664355	[1586, 107, 734, 1203, 174, 1086, 1112]	192384
397	0.9131179249506987	0.9872163004613618	2.2963978496547215	4.276128805116626	[811, 734, 19, 422, 636, 1086, 1112]	209971
398	0.9136496344767933	0.9873405346648471	2.2963978496547215	2.918588336430587	[331, 241, 19, 132, 1108, 1086, 1112]	218558
399	0.9141780899942792	0.987430921755953	2.2963978496547215	2.8971011910570814	[781, 19, 734, 1203, 174, 1086, 1112]	345443
400	0.9147033114173607	0.9875971794046838	2.2963978496547215	3.7567706766389994	[10, 162, 1192, 836, 1089, 1086, 1112]	169641
401	0.915225318538369	0.9877612378781668	2.2963978496547215	4.063524182854243	[1468, 2307, 420, 1822, 1094, 1086, 1112]	163368
402	0.915744131028508	0.9878801762855705	2.2963978496547215	3.745000221040084	[193, 1265, 415, 255, 174, 1086, 1112]	235650
403	0.9162597684385964	0.9879979588289566	2.2963978496547215	3.6967420645629243	[158, 10, 438, 2627, 261, 1086, 1112]	236045
404	0.916772250199803	0.9881145967412116	2.2963978496547215	3.470647552528451	[320, 10, 734, 1203, 174, 1086, 1112]	228994
405	0.9172815956243807	0.9882718110700316	2.2963978496547215	3.799585859424228	[841, 840, 843, 3094, 174, 1086, 1112]	219310
406	0.9177878239063929	0.9884047837336366	2.2963978496547215	3.552416159908395	[734, 10, 158, 1713, 174, 1086, 1112]	532202
407	0.9182909541224372	0.9884875722117686	2.2963978496547215	4.239613025415101	[161, 2149, 420, 1822, 1094, 1086, 1112]	167610
408	0.9187910052323646	0.9886180986039254	2.2963978496547215	3.283811063743345	[331, 241, 1209, 132, 1108, 1086, 1112]	189418
409	0.9192879960799936	0.9887471451050147	2.2963978496547215	2.8649135046369567	[2627, 261, 217, 132, 1108, 1086, 1112]	244538
410	0.9197819453938203	0.9888274891632879	2.2963978496547215	3.532853129633992	[320, 232, 10, 158, 1115, 1086, 1112]	180044
411	0.9202728717877247	0.9889541616217541	2.2963978496547215	3.648671339286838	[4647, 3621, 1720, 132, 1108, 1086, 1112]	218846
412	0.9207607937616712	0.9890461719372746	2.2963978496547215	3.2576636782570283	[846, 10, 734, 19, 334, 1086, 1112]	227546
413	0.9212457297024067	0.9891703649992103	2.2963978496547215	3.4492211628073086	[1819, 241, 132, 1713, 174, 1086, 1112]	457800
414	0.921727697884153	0.9893136141394324	2.2963978496547215	3.7813728741198744	[1794, 1791, 420, 1822, 1094, 1086, 1112]	189669
415	0.9222067164692953	0.9894347749768537	2.2963978496547215	3.368673322369804	[2072, 241, 19, 132, 1108, 1086, 1112]	204285
416	0.9226828035090671	0.9895102094388504	2.2963978496547215	3.392899669995164	[19, 132, 241, 217, 261, 1086, 1112]	188038
417	0.9231559769442299	0.9896291413046231	2.2963978496547215	3.9883389750644396	[837, 420, 158, 1713, 174, 1086, 1112]	230769
418	0.9236262546057498	0.989729927103412	2.2963978496547215	3.5763126871480484	[734, 651, 19, 132, 1108, 1086, 1096]	223246
419	0.924093654215469	0.989829733448374	2.2963978496547215	3.697156180925268	[193, 232, 10, 158, 1115, 1086, 1112]	224588
420	0.924558193386774	0.9899144503709197	2.2963978496547215	3.9095502278242638	[193, 842, 157, 1713, 174, 1086, 1112]	578938
421	0.925019889625259	0.9900287990061701	2.2963978496547215	3.324462254706714	[2028, 331, 241, 132, 1108, 1086, 1112]	171056
422	0.9254787603293858	0.990141851171633	2.2963978496547215	3.8307963042578113	[1549, 162, 420, 1822, 1094, 1086, 1096]	185251
423	0.9259348227911394	0.9902722499656591	2.2963978496547215	3.123661932901401	[119, 400, 19, 132, 1108, 1086, 1112]	200322
424	0.9263880941966793	0.9903825419161618	2.2963978496547215	3.7190477008802736	[3135, 232, 320, 836, 1089, 1086, 1112]	209891
425	0.9268385916269881	0.9904760060374819	2.2963978496547215	2.9121266964169745	[119, 409, 19, 132, 1108, 1086, 1112]	191232
426	0.9272863320585139	0.9906019847935998	2.2963978496547215	3.534097824321477	[320, 232, 1192, 836, 1089, 1086, 1112]	219309
427	0.9277313323638107	0.9907470158924641	2.2963978496547215	3.3351497941683217	[1535, 496, 217, 132, 1108, 1086, 1112]	290221
428	0.9281736093121745	0.9908519250093295	2.2963978496547215	2.632664465514411	[432, 422, 19, 132, 1108, 1086, 1112]	168589
429	0.9286131795702748	0.9909408275845547	2.2963978496547215	2.936799553153932	[734, 811, 3459, 1203, 174, 1086, 1112]	178078
430	0.9290500597027824	0.9910806296280029	2.2963978496547215	3.8736049646378445	[1879, 232, 1192, 836, 1089, 1086, 1112]	167444
431	0.9294842661729946	0.9911673096121817	2.2963978496547215	3.2698792660251526	[158, 10, 734, 19, 334, 1086, 1096]	162579
432	0.9299158153434546	0.99125314722528	2.2963978496547215	3.709604792443254	[241, 1587, 132, 19, 334, 1086, 1112]	192226
433	0.9303447234765685	0.9913381506536059	2.2963978496547215	4.058543233737687	[1751, 420, 158, 1713, 174, 1086, 1096]	176393
434	0.9307710067352181	0.991422328003911	2.2963978496547215	3.660212642330709	[10, 158, 420, 1822, 1094, 1086, 1112]	521918
435	0.9311946811833702	0.9914835715714442	2.2963978496547215	2.4629843211448703	[241, 19, 734, 1203, 174, 1086, 1112]	180410
436	0.9316157627866815	0.9915801297168926	2.2963978496547215	2.8649135046369567	[2627, 261, 217, 132, 1108, 1086, 1112]	164920
437	0.9320342674131007	0.9916619554728023	2.2963978496547215	3.586457137453798	[19, 132, 1727, 1203, 174, 1086, 1112]	185699
438	0.932450210833466	0.9917314102377103	2.2963978496547215	3.855820024739544	[3621, 1720, 241, 217, 261, 1086, 1112]	189947
439	0.9328636087221001	0.9918590119315728	2.2963978496547215	3.0635001754261895	[1819, 1513, 1031, 132, 1108, 1086, 1112]	225783
440	0.9332744766573999	0.9919513133835958	2.2963978496547215	3.3945507805501087	[1579, 1580, 301, 2627, 261, 1086, 1112]	267054
441	0.9336828301224245	0.9920295319124237	2.2963978496547215	2.8066942250663134	[3, 19, 734, 1203, 174, 1086, 1096]	575515
442	0.9340886845054779	0.9921349613844817	2.2963978496547215	3.370294988962975	[3353, 2872, 241, 132, 1108, 1086, 1112]	193147
443	0.9344920551006896	0.9922563354371903	2.2963978496547215	2.8649135046369567	[2627, 261, 217, 132, 1108, 1086, 1112]	202086
444	0.9348929571085902	0.9923758364335299	2.2963978496547215	3.387957672867911	[1723, 241, 217, 132, 1108, 1086, 1112]	199347
445	0.9352914056366849	0.9924622781973221	2.2963978496547215	4.30767900745093	[331, 808, 1265, 193, 1115, 1086, 1112]	199972
446	0.9356874157000223	0.9925250663839333	2.2963978496547215	4.144288983064368	[2238, 1549, 107, 1546, 234, 1086, 1112]	189064
447	0.9360810022217606	0.9926239411672146	2.2963978496547215	3.6493987099439575	[1726, 132, 241, 1729, 1094, 1086, 1112]	176051
448	0.9364721800337295	0.9926956229828879	2.2963978496547215	3.691669845124328	[241, 1031, 132, 387, 344, 1086, 1112]	384783
449	0.9368609638769897	0.9927922417265005	2.2963978496547215	2.9495193561308453	[3895, 1030, 1032, 132, 1108, 1086, 1096]	162296
450	0.9372473684023878	0.9928739623418463	2.2963978496547215	3.9628578890030424	[1703, 232, 320, 836, 1089, 1086, 1112]	175550
451	0.937631408171109	0.9929547564196032	2.2963978496547215	2.8649135046369567	[2627, 261, 217, 132, 1108, 1086, 1112]	185569
452	0.9380130976552253	0.9930232233154282	2.2963978496547215	3.726101027452936	[377, 162, 10, 158, 1115, 1086, 1112]	164800
453	0.9383924512382412	0.993091024838116	2.2963978496547215	2.8080246507420323	[3621, 1720, 241, 132, 1108, 1086, 1096]	176002
454	0.9387694832156356	0.9931976448251821	2.2963978496547215	3.6329396655825033	[2872, 241, 1031, 132, 1094, 1086, 1112]	188782
455	0.9391442077954003	0.9932747690335134	2.2963978496547215	3.8445812328130042	[1917, 10, 438, 2627, 261, 1086, 1112]	436362
456	0.939516639098576	0.9933401259913995	2.2963978496547215	3.7304485315991878	[3621, 1720, 241, 19, 334, 1086, 1112]	183819
457	0.9398867911597837	0.9934156347670072	2.2963978496547215	3.8346457128531144	[734, 10, 415, 255, 174, 1086, 1112]	206839
458	0.9402546779277541	0.993470481624425	2.2963978496547215	3.58149179012917	[1792, 232, 10, 158, 1115, 1086, 1112]	216384
459	0.9406203132658532	0.9935339366134975	2.2963978496547215	3.2381927086432682	[10, 734, 19, 132, 1094, 1086, 1112]	206827
460	0.9409837109526042	0.9935877980327937	2.2963978496547215	3.9271778029075772	[1820, 10, 161, 1713, 174, 1086, 1112]	212324
461	0.9413448846822078	0.993650112920716	2.2963978496547215	2.4284869069402104	[10, 734, 19, 132, 1108, 1086, 1112]	200433
462	0.9417038480650569	0.9936954503663943	2.2963978496547215	3.5808098288505823	[77, 19, 132, 217, 261, 1086, 1112]	217878
463	0.9420606146282504	0.9937404641080515	2.2963978496547215	3.1930874480904543	[19, 241, 132, 1713, 174, 1086, 1112]	167830
464	0.942415197816103	0.9938232622018603	2.2963978496547215	3.64446702722874	[1667, 4118, 23, 5272, 174, 1086, 1112]	167219
465	0.942767610990651	0.9939049650827881	2.2963978496547215	4.058001405275196	[87, 1265, 193, 1872, 1115, 1086, 1112]	218357
466	0.943117867432157	0.9939740697870649	2.2963978496547215	3.4542457649008567	[421, 261, 217, 132, 1108, 1086, 1112]	203336
467	0.9434659803396092	0.9940326308192605	2.2963978496547215	3.5680410021327917	[1799, 1019, 19, 132, 1108, 1086, 1112]	193550
468	0.9438119628312196	0.9941002880662078	2.2963978496547215	3.4707681762945217	[1879, 232, 320, 836, 1089, 1086, 1112]	200963
469	0.9441558279449183	0.9941671782241872	2.2963978496547215	3.488505634587085	[734, 19, 132, 387, 344, 1086, 1112]	558419
470	0.9444975886388438	0.9942333099903529	2.2963978496547215	3.4811257093260544	[3621, 1720, 132, 1713, 174, 1086, 1112]	180233
471	0.9448372577918331	0.9942744834776592	2.2963978496547215	2.340398178917159	[107, 10, 734, 1203, 174, 1086, 1112]	162744
472	0.9451748482039053	0.9943301250376431	2.2963978496547215	3.3037506737243847	[241, 1031, 132, 1713, 174, 1086, 1112]	182116
473	0.9455103725967449	0.994385225863322	2.2963978496547215	3.96417161656849	[320, 232, 10, 158, 1089, 1086, 1112]	190639
474	0.9458438436141811	0.9944488854340326	2.2963978496547215	4.309242475718319	[1742, 400, 19, 1987, 1114, 1086, 1096]	232061
475	0.9461752738226638	0.9945223128753814	2.2963978496547215	3.731492280531505	[77, 19, 1126, 132, 1108, 1086, 1112]	254307
476	0.9465046757117379	0.9946068450840947	2.2963978496547215	3.7763624170824652	[2654, 232, 1192, 836, 1089, 1086, 1112]	596967
477	0.9468320616945134	0.9946781831120828	2.2963978496547215	3.799585859424228	[841, 840, 843, 3094, 174, 1086, 1112]	172313
478	0.9471574441081331	0.9947161802577097	2.2963978496547215	3.137025597245989	[781, 19, 241, 132, 1108, 1086, 1112]	216126
479	0.9474808352142381	0.9947977206858314	2.2963978496547215	3.862986186644944	[107, 1586, 1587, 132, 1108, 1086, 1112]	219212
480	0.9478022471994292	0.9948567034444955	2.2963978496547215	3.6927980254785133	[1726, 132, 387, 344, 174, 1086, 1112]	264908
481	0.9481216921757266	0.9949066868901272	2.2963978496547215	3.660212642330709	[10, 158, 420, 1822, 1094, 1086, 1112]	221165
482	0.9484391821810261	0.994964434204298	2.2963978496547215	3.428889265862453	[811, 651, 734, 1203, 174, 1086, 1112]	223091
483	0.9487547291795527	0.9950215267870158	2.2963978496547215	3.700535591088215	[1178, 2279, 1876, 1713, 174, 1086, 1096]	389525
484	0.9490683450623117	0.9950699084508932	2.2963978496547215	3.4786958857112795	[320, 232, 734, 1203, 174, 1086, 1112]	173993
485	0.9493800416475368	0.9951258051804749	2.2963978496547215	3.1148748190664355	[669, 811, 3459, 1203, 174, 1086, 1112]	211982
486	0.9496898306811348	0.9951664065533988	2.2963978496547215	2.876898483739562	[1548, 19, 734, 1203, 174, 1086, 1112]	187772
487	0.9499977238371291	0.9952212092001858	2.2963978496547215	4.0180256554981515	[2340, 160, 320, 836, 1089, 1086, 1112]	177909
488	0.9503037327180994	0.9952844207187018	2.2963978496547215	3.1207086718623307	[2006, 19, 734, 1203, 174, 1086, 1112]	166140
489	0.9506078688556183	0.9953378853364035	2.2963978496547215	3.179899696473333	[1792, 232, 320, 836, 1089, 1086, 1112]	170755
490	0.9509101437106868	0.9953907437793015	2.2963978496547215	3.523328039732048	[1468, 2688, 734, 1203, 174, 1086, 1112]	198577
491	0.9512105686741655	0.9954430029201258	2.2963978496547215	2.9837054211849563	[2872, 241, 217, 132, 1108, 1086, 1112]	160577
492	0.9515091550672041	0.9954946695536844	2.2963978496547215	2.7871083623429813	[1555, 2229, 734, 1203, 174, 1086, 1112]	181849
493	0.9518059141416682	0.995545750397747	2.2963978496547215	3.4177184342752316	[1917, 10, 734, 19, 334, 1086, 1112]	191876
494	0.9521008570805627	0.9955890375658932	2.2963978496547215	4.133633852433935	[1546, 1662, 370, 1713, 174, 1086, 1112]	218285
495	0.9523939949984539	0.9956390484778446	2.2963978496547215	3.072870092297131	[669, 811, 734, 1203, 174, 1086, 1112]	212365
496	0.9526853389418883	0.9956701851579576	2.2963978496547215	3.428889265862453	[811, 651, 734, 1203, 174, 1086, 1112]	248441
497	0.9529748998898083	0.9957274578410533	2.2963978496547215	4.415596575339124	[10, 1799, 1019, 1010, 1105, 1086, 1112]	645606
498	0.9532626887539665	0.9957839729489759	2.2963978496547215	3.38099684896389	[77, 786, 19, 132, 1108, 1086, 1112]	191540
499	0.9535487163793364	0.9958317737091916	2.2963978496547215	2.7206108825640802	[2872, 241, 19, 132, 1108, 1086, 1112]	207488
