0	0.0061198990216660976	0.0097181729834791	3.881699867171635	3.881699867171635	[158, 10, 159, 1713, 174, 1086, 1112]	137284
1	0.012202344879296834	0.017967084495486674	3.6070016106851464	3.6070016106851464	[1723, 241, 132, 1713, 174, 1086, 1112]	120218
2	0.01824756678247408	0.02910124453522034	3.4811257093260544	3.4811257093260544	[3621, 1720, 132, 1713, 174, 1086, 1112]	122976
3	0.024255792538040333	0.03718869772526423	2.9029016385097783	2.9029016385097783	[2538, 10, 734, 1203, 174, 1086, 1096]	122340
4	0.030227248558683195	0.04992429696170253	2.9029016385097783	3.7176322375406414	[1799, 232, 1192, 836, 1089, 1086, 1112]	122351
5	0.036162159871467314	0.06069613032948362	2.9029016385097783	3.4542457649008567	[421, 261, 217, 132, 1108, 1086, 1112]	127581
6	0.04206075012631472	0.06740264930136808	2.9029016385097783	3.072870092297131	[420, 107, 734, 1203, 174, 1086, 1112]	122999
7	0.04792324160443229	0.08179458372572967	2.9029016385097783	4.0309110848285306	[3071, 1202, 1201, 1203, 174, 1086, 1096]	234330
8	0.0537498552266884	0.09071786279545047	2.9029016385097783	3.5880194384738697	[1549, 232, 320, 836, 1089, 1086, 1112]	162317
9	0.05954081056193805	0.10274540429286516	2.9029016385097783	3.610381129071108	[107, 162, 1192, 836, 1089, 1086, 1112]	140692
10	0.06529632583529699	0.11146507966416874	2.9029016385097783	3.019399258546427	[382, 409, 19, 132, 1108, 1086, 1112]	127282
11	0.07101661793636527	0.12517703831132665	2.9029016385097783	3.5522711143030543	[1742, 400, 654, 132, 1108, 1086, 1112]	128266
12	0.0767019024274006	0.13246419334413517	2.9029016385097783	3.2576636782570283	[846, 10, 734, 19, 334, 1086, 1112]	127541
13	0.0823523935514413	0.13969064737708692	2.9029016385097783	3.5878125065263164	[734, 10, 438, 2627, 261, 1086, 1096]	187459
14	0.08796830424038005	0.14685690604116775	2.491625002155457	2.491625002155457	[1851, 1799, 232, 10, 734, 19, 794]	424388
15	0.09354984612298778	0.15814186760146975	2.491625002155457	3.8806137617282577	[331, 241, 89, 132, 1108, 1086, 1112]	204116
16	0.0990972295328888	0.16415263548912506	2.491625002155457	3.83990107125073	[107, 162, 420, 1822, 1094, 1086, 1112]	155442
17	0.10461066351648673	0.17362936297791043	2.491625002155457	4.137470147629771	[3621, 1720, 241, 132, 261, 1086, 1112]	126981
18	0.11009035584084248	0.18299864457680026	2.491625002155457	2.9689406419822477	[2872, 241, 1720, 132, 1108, 1086, 1112]	144100
19	0.11553651300150336	0.18980415357657698	2.491625002155457	3.6154401925065622	[394, 432, 422, 19, 334, 1086, 1112]	129606
20	0.12094934023028481	0.19767777696261613	2.491625002155457	2.7871083623429813	[1555, 2229, 734, 1203, 174, 1086, 1112]	182043
21	0.1263290415030044	0.20547488311458295	2.491625002155457	3.1034592255838813	[2764, 400, 19, 132, 1108, 1086, 1112]	383311
22	0.13167581954716823	0.21598447460777637	2.491625002155457	4.276196386751452	[241, 1729, 1822, 1210, 458, 1086, 1112]	138907
23	0.13698987584961053	0.22808347962926123	2.491625002155457	3.0635001754261895	[1819, 1513, 1031, 132, 1108, 1086, 1112]	145129
24	0.14227141066408644	0.23451343814963388	2.491625002155457	3.2771900877665443	[2872, 241, 132, 19, 334, 1086, 1112]	152052
25	0.1475206230188183	0.2431924241116562	2.491625002155457	3.2027493590021914	[2872, 241, 132, 1713, 174, 1086, 1096]	186945
26	0.152737710723996	0.25054721104934663	2.491625002155457	2.954117646351909	[107, 734, 19, 132, 1108, 1086, 1112]	207384
27	0.1579228703792308	0.26046060772858814	2.491625002155457	3.924151359845241	[3158, 3083, 19, 132, 1094, 1086, 1112]	218936
28	0.1630762973809643	0.2666208692218943	2.491625002155457	3.5108023608171486	[1715, 132, 241, 19, 334, 1086, 1112]	139901
29	0.1681981859298317	0.2727298165836445	2.491625002155457	3.262298240352031	[1078, 334, 19, 132, 1108, 1086, 1112]	195056
30	0.17328872903797987	0.2839531218832796	2.491625002155457	3.079407314371683	[1792, 496, 217, 132, 1108, 1086, 1112]	161388
31	0.1783481185363407	0.28906561223694216	2.491625002155457	2.673450016506534	[1879, 232, 1799, 10, 734, 19, 794]	154631
32	0.1833765450818603	0.29712609282382485	2.491625002155457	3.7165805030848844	[846, 10, 301, 2627, 261, 1086, 1112]	175999
33	0.18837419816468337	0.30395674303933673	2.491625002155457	3.8307963042578113	[1549, 162, 420, 1822, 1094, 1086, 1112]	395763
34	0.19334126611529434	0.3118483899436526	2.491625002155457	3.994557587503148	[1879, 496, 438, 2627, 261, 1086, 1096]	131866
35	0.19827793611161382	0.31676171136965137	2.491625002155457	2.6385976592037066	[77, 19, 734, 1203, 174, 1086, 1112]	141623
36	0.2031843941860525	0.322452992407805	2.491625002155457	3.8091848861950828	[1917, 10, 158, 1713, 174, 1086, 1112]	155578
37	0.20806082523252156	0.3301349312693945	2.491625002155457	3.811070409067872	[1723, 241, 132, 217, 261, 1086, 1096]	194593
38	0.2129074130134001	0.3404723551695582	2.491625002155457	4.314607481125779	[1550, 420, 2307, 1468, 1089, 1086, 1112]	183417
39	0.21772434016646003	0.34596612980371433	2.491625002155457	3.5772400492380187	[1849, 420, 158, 1713, 174, 1086, 1112]	178812
40	0.22251178821174855	0.3533814798059398	2.491625002155457	3.1669180958487546	[331, 241, 1720, 132, 1108, 1086, 1112]	325167
41	0.2272699375584284	0.35966543043950694	2.491625002155457	3.906588029606888	[3895, 1030, 1032, 1729, 1094, 1086, 1112]	159615
42	0.23199896751157656	0.36692545957284584	2.491625002155457	4.050679771487691	[2051, 1849, 420, 1582, 1087, 1086, 1112]	171412
43	0.23669905627894106	0.37529946143034787	2.491625002155457	3.755622824008638	[1549, 162, 2636, 836, 1089, 1086, 1112]	150493
44	0.2413703809776564	0.3849399018403733	2.491625002155457	3.754860269417616	[1791, 420, 1879, 836, 1089, 1086, 1112]	155454
45	0.24601311764091816	0.39443157002184903	2.491625002155457	3.490085861559792	[4015, 241, 1209, 132, 1108, 1086, 1096]	175564
46	0.25062744122461655	0.40129742523702083	2.491625002155457	4.249265043114984	[2387, 1663, 1665, 1546, 234, 1086, 1112]	162811
47	0.2552135256139294	0.4105366625018816	2.491625002155457	3.8703935853399845	[1849, 420, 1879, 836, 1089, 1086, 1112]	228499
48	0.25977154362987487	0.4172199202966448	2.491625002155457	3.2045923090637043	[2047, 232, 320, 836, 1089, 1086, 1112]	130190
49	0.2643016670358238	0.4262134400451534	2.491625002155457	3.8982589836260795	[837, 162, 2636, 836, 1089, 1086, 1112]	143555
50	0.2688040665439726	0.4309930032267847	2.491625002155457	3.348490564182004	[2004, 19, 132, 1713, 174, 1086, 1112]	155143
51	0.2732789118217763	0.43744432972081204	2.456452605672925	2.456452605672925	[1917, 10, 734, 1203, 174, 1086, 1112]	144161
52	0.27772637149834234	0.4429113430374222	2.456452605672925	2.81050582782964	[3284, 811, 734, 1203, 174, 1086, 1112]	135563
53	0.2821466131707848	0.44755181498213337	2.456452605672925	3.853272847858169	[709, 1580, 438, 2627, 261, 1086, 1112]	188648
54	0.28653980341054064	0.4538153998462815	2.456452605672925	3.2274861155624004	[1723, 241, 1031, 132, 1108, 1086, 1112]	477558
55	0.2909061077696462	0.4600079690090221	2.456452605672925	3.856866170213002	[2872, 241, 1126, 19, 334, 1086, 1112]	146046
56	0.29524569078697616	0.46450602840919675	2.456452605672925	3.837140334207252	[1819, 241, 132, 387, 344, 1086, 1112]	162974
57	0.29955871599444395	0.4697100514567264	2.456452605672925	3.2212052831254727	[160, 2229, 734, 1203, 174, 1086, 1112]	149782
58	0.30384534592316415	0.4767244687654999	2.456452605672925	3.4370654128233644	[394, 432, 19, 132, 1108, 1086, 1112]	168937
59	0.3081057421095773	0.48265729791781853	2.456452605672925	2.876898483739562	[1548, 19, 734, 1203, 174, 1086, 1112]	150283
60	0.31234006510153733	0.48696669152116867	2.456452605672925	3.5273345462064576	[1792, 232, 734, 1203, 174, 1086, 1112]	197234
61	0.3165484744643614	0.4912401884680977	2.456452605672925	3.4617067333156504	[1791, 420, 158, 1713, 174, 1086, 1112]	207533
62	0.3207311287868432	0.4990914201275406	2.456452605672925	3.6329396655825033	[2872, 241, 1031, 132, 1094, 1086, 1112]	130268
63	0.32488818568722877	0.5047706557270015	2.456452605672925	4.34549627833335	[846, 10, 157, 1010, 1105, 1086, 1096]	146613
64	0.3290198018191567	0.5113213084290253	2.456452605672925	2.5846064999161147	[1529, 2229, 734, 1203, 174, 1086, 1096]	185231
65	0.333126132877561	0.5168618831633902	2.456452605672925	3.17425940896415	[1879, 496, 217, 132, 1108, 1086, 1112]	195973
66	0.33720733360453825	0.5215571029577206	2.456452605672925	2.5846064999161147	[1529, 2229, 734, 1203, 174, 1086, 1112]	166251
67	0.34126355779517925	0.5255424665315839	2.456452605672925	3.4492211628073086	[1819, 241, 132, 1713, 174, 1086, 1112]	181273
68	0.3452949583033643	0.529494632574636	2.456452605672925	3.5906685304021337	[2872, 241, 132, 387, 344, 1086, 1112]	325577
69	0.3493016870475234	0.535718248545871	2.456452605672925	3.38099684896389	[1392, 3083, 19, 132, 1108, 1086, 1112]	130956
70	0.35328389501636104	0.5428830903892989	2.456452605672925	3.4042606044936825	[3895, 1030, 1031, 132, 1108, 1086, 1112]	155735
71	0.35724173227454614	0.5480658217907808	2.456452605672925	3.280753655086839	[1579, 1580, 438, 2627, 261, 1086, 1112]	162871
72	0.3611753479683669	0.5512925785817075	2.456452605672925	3.4495238415161733	[19, 132, 387, 344, 174, 1086, 1096]	165329
73	0.3650848903313515	0.5556531949220214	2.456452605672925	2.7760423804394057	[811, 734, 19, 132, 1108, 1086, 1112]	190305
74	0.36897050668985365	0.559354542736082	2.456452605672925	2.9837054211849563	[2872, 241, 217, 132, 1108, 1086, 1112]	141908
75	0.37283234346860483	0.563636811514157	2.456452605672925	3.9095502278242638	[193, 842, 157, 1713, 174, 1086, 1112]	363064
76	0.37667054619623197	0.5685842399550396	2.456452605672925	4.289800590646377	[2872, 241, 132, 239, 234, 1086, 1112]	142250
77	0.3804852595107413	0.5734755751029417	2.456452605672925	3.6198665328164	[734, 10, 301, 2627, 261, 1086, 1112]	149174
78	0.38427662716496924	0.5770284649396518	2.456452605672925	3.1148748190664355	[1586, 107, 734, 1203, 174, 1086, 1112]	152977
79	0.38804479203199926	0.5811389754844559	2.456452605672925	3.1930874480904543	[19, 241, 132, 1713, 174, 1086, 1112]	164253
80	0.39178989611054615	0.5846280302492668	2.456452605672925	4.0155789949207055	[2004, 19, 387, 344, 174, 1086, 1112]	167335
81	0.3955120805303066	0.5886646869037928	2.456452605672925	3.953054227268243	[734, 10, 158, 420, 458, 1086, 1112]	168449
82	0.39921148555727815	0.5950124540812034	2.456452605672925	3.9794225122270888	[1791, 1794, 1879, 836, 1089, 1086, 1112]	236100
83	0.40288825059904443	0.5996041496131626	2.456452605672925	3.2045923090637043	[2047, 232, 320, 836, 1089, 1086, 1112]	139659
84	0.4065425142100286	0.6034952657490891	2.4284869069402104	2.4284869069402104	[10, 734, 19, 132, 1108, 1086, 1112]	141932
85	0.41017441409671507	0.6087400373661647	2.4284869069402104	3.542228626723241	[1742, 400, 19, 132, 1094, 1086, 1112]	154040
86	0.4137840871228382	0.6139154336973001	2.4284869069402104	2.4284869069402104	[10, 734, 19, 132, 1108, 1086, 1112]	142758
87	0.4173716693145403	0.6176674702988811	2.4284869069402104	3.1455033926936977	[10, 232, 320, 836, 1089, 1086, 1112]	154539
88	0.4209372958654972	0.6227247788928113	2.4284869069402104	3.529780189505308	[3694, 668, 670, 132, 1108, 1086, 1096]	156033
89	0.4244811011420133	0.6263912047539113	2.4284869069402104	3.5458723285184215	[1529, 2229, 734, 19, 334, 1086, 1096]	429245
90	0.42800321868808466	0.6295033146684976	2.4284869069402104	3.2274861155624004	[4015, 241, 1031, 132, 1108, 1086, 1112]	136714
91	0.43150378123043165	0.63440406447447	2.4284869069402104	3.517456662911222	[386, 370, 1032, 132, 1108, 1086, 1112]	124882
92	0.4349829206835004	0.6385491431085462	2.4284869069402104	2.632664465514411	[432, 422, 19, 132, 1108, 1086, 1112]	126955
93	0.4384407681544341	0.6426472253862271	2.4284869069402104	3.844765130337648	[1873, 10, 301, 2627, 261, 1086, 1112]	126622
94	0.44187745394801337	0.6456239248832181	2.4284869069402104	2.7206108825640802	[2872, 241, 19, 132, 1108, 1086, 1112]	128107
95	0.4452931075715667	0.6496417942156079	2.4284869069402104	2.836907934762174	[2297, 400, 19, 132, 1108, 1086, 1112]	130875
96	0.44868785773985087	0.653046635865602	2.4284869069402104	3.1005864631871427	[734, 19, 132, 1713, 174, 1086, 1096]	164838
97	0.4520618323799014	0.6555238420116203	2.4284869069402104	3.1148748190664355	[157, 651, 734, 1203, 174, 1086, 1112]	127101
98	0.45541515863585313	0.6594294673856381	2.4284869069402104	3.911291829090726	[2004, 19, 241, 1729, 1094, 1086, 1112]	171728
99	0.45874796287373176	0.6639343686106958	2.4284869069402104	3.267729638277478	[1515, 1031, 241, 132, 1108, 1086, 1112]	140212
100	0.46206037068621564	0.6672003125503392	2.4284869069402104	3.9010759553272543	[10, 107, 420, 158, 1115, 1086, 1112]	206516
101	0.4653525068973685	0.6704345174818227	2.4284869069402104	3.7689273481095933	[1580, 438, 217, 132, 1108, 1086, 1112]	170553
102	0.46862449556734354	0.6747938492611638	2.4284869069402104	3.428889265862453	[107, 811, 3459, 1203, 174, 1086, 1112]	205179
103	0.4718764599970583	0.6784809938273637	2.4284869069402104	2.852510554598944	[3284, 811, 3459, 1203, 174, 1086, 1112]	425519
104	0.4751085227328411	0.6807766016539072	2.4284869069402104	3.123661932901401	[119, 123, 19, 132, 1108, 1086, 1112]	145460
105	0.4783208055710493	0.6838788698594086	2.4284869069402104	3.9354542882069943	[269, 1337, 240, 1203, 174, 1086, 1112]	157934
106	0.4815134295626585	0.6861359374869966	2.4284869069402104	3.2381927086432682	[10, 734, 19, 132, 1094, 1086, 1112]	142693
107	0.484686515017825	0.6891861227397955	2.4284869069402104	2.954117646351909	[107, 734, 19, 132, 1108, 1086, 1096]	150977
108	0.48784018151041875	0.6932974174125495	2.4284869069402104	3.924045778520189	[1791, 420, 2307, 1468, 1089, 1086, 1112]	162913
109	0.4909745478825298	0.6958522077714621	2.4284869069402104	3.1148748190664355	[669, 811, 3459, 1203, 174, 1086, 1112]	141503
110	0.4940897322489467	0.6988079686288823	2.4284869069402104	3.8991523230880016	[161, 10, 438, 2627, 261, 1086, 1112]	223980
111	0.49718585200160725	0.7022228442680105	2.4284869069402104	4.624640438416198	[846, 162, 107, 420, 458, 1086, 1096]	135828
112	0.5002630238140224	0.7051166941779424	2.4284869069402104	3.906588029606888	[3895, 1030, 1032, 1729, 1094, 1086, 1112]	156780
113	0.5033213636456735	0.7084600423165145	2.4284869069402104	3.8900805565682983	[1849, 420, 545, 132, 1108, 1086, 1112]	151656
114	0.5063609867463807	0.7117654840136062	2.4284869069402104	4.392864106027325	[318, 317, 320, 836, 1089, 1086, 1112]	144738
115	0.5093820076606477	0.7150334490474655	2.4284869069402104	3.262298240352031	[3248, 334, 19, 132, 1108, 1086, 1096]	154764
116	0.5123845402319771	0.7178028032841277	2.4284869069402104	2.4284869069402104	[10, 734, 19, 132, 1108, 1086, 1112]	158641
117	0.5153686976071608	0.7210023179861217	2.4284869069402104	4.0595443103743625	[1873, 10, 415, 255, 174, 1086, 1112]	337320
118	0.5183345922405433	0.7241655570112223	2.4284869069402104	2.852510554598944	[3284, 811, 3459, 1203, 174, 1086, 1112]	130727
119	0.5212823358982609	0.7278141607544601	2.4284869069402104	3.021211317745953	[331, 241, 1031, 132, 1108, 1086, 1112]	124352
120	0.5242120396624514	0.7309001680021421	2.4284869069402104	2.732522825020183	[1742, 400, 19, 132, 1108, 1086, 1112]	124665
121	0.5271238139354417	0.7335153267193224	2.4284869069402104	3.0491758737054084	[10, 158, 1557, 15, 422, 19, 794]	126467
122	0.5300177684439074	0.7365366948971078	2.4284869069402104	3.1148748190664355	[669, 811, 3459, 1203, 174, 1086, 1112]	126100
123	0.5328940122430079	0.7390970768708969	2.4284869069402104	4.356880029391932	[1647, 1697, 241, 132, 261, 1086, 1112]	124719
124	0.5357526537204963	0.7409598930055725	2.4284869069402104	3.1148748190664355	[158, 651, 734, 1203, 174, 1086, 1096]	131991
125	0.5385938006008033	0.7434772895750033	2.4284869069402104	3.4414835971976077	[241, 132, 387, 344, 174, 1086, 1112]	130207
126	0.5414175599490971	0.7456140884956612	2.4284869069402104	3.769588417848551	[377, 162, 420, 158, 1115, 1086, 1112]	138105
127	0.5442240381753178	0.7480862547882206	2.4284869069402104	3.069270376387018	[158, 1557, 734, 1203, 174, 1086, 1112]	150464
128	0.5470133410381877	0.7501846616621212	2.4284869069402104	3.3333010924626487	[1820, 10, 734, 19, 334, 1086, 1112]	149438
129	0.5497855736491959	0.752265589095173	2.4284869069402104	2.8232338638794454	[2872, 241, 1031, 132, 1108, 1086, 1112]	189171
130	0.5525408404765602	0.7546731149543064	2.4284869069402104	3.072870092297131	[669, 811, 734, 1203, 174, 1086, 1096]	185329
131	0.5552792453491631	0.7567166541883397	2.2963978496547215	2.2963978496547215	[846, 10, 734, 1203, 174, 1086, 1112]	511191
132	0.5580008914604654	0.759080923826937	2.2963978496547215	2.4284869069402104	[10, 734, 19, 132, 1108, 1086, 1112]	142255
133	0.5607058813723937	0.7608010576486046	2.2963978496547215	3.7886459842686415	[331, 241, 132, 387, 344, 1086, 1112]	157604
134	0.5633943170192066	0.7627935519622355	2.2963978496547215	4.0383200976196445	[1723, 132, 387, 344, 174, 1086, 1112]	177350
135	0.5660662997113346	0.7650987652570632	2.2963978496547215	2.8785220653926133	[77, 19, 241, 132, 1108, 1086, 1112]	167607
136	0.5687219301391991	0.7682059244467846	2.2963978496547215	3.7567706766389994	[10, 162, 1192, 836, 1089, 1086, 1112]	140215
137	0.5713613083770063	0.7717829935139638	2.2963978496547215	4.0180256554981515	[2340, 160, 320, 836, 1089, 1086, 1112]	176749
138	0.573984533886518	0.7743704879185674	2.2963978496547215	3.700535591088215	[1178, 2279, 1876, 1713, 174, 1086, 1112]	201016
139	0.5765917055208005	0.7765631945471527	2.2963978496547215	2.4611113507686713	[3895, 1030, 1032, 132, 241, 19, 794]	143559
140	0.5791829215279491	0.7790964916611306	2.2963978496547215	3.640361663712418	[658, 422, 19, 132, 1108, 1086, 1112]	135746
141	0.5817582795547906	0.7820184957396871	2.2963978496547215	3.911291829090726	[1726, 132, 1032, 1729, 1094, 1086, 1112]	144383
142	0.5843178766505632	0.7849018489706436	2.2963978496547215	2.732522825020183	[1742, 400, 19, 132, 1108, 1086, 1112]	150143
143	0.5868618092705735	0.7877470626085981	2.2963978496547215	3.114445558142182	[3158, 3083, 19, 132, 1108, 1086, 1112]	131935
144	0.5893901732798315	0.7901535584973894	2.2963978496547215	4.282337934531483	[195, 10, 158, 420, 458, 1086, 1112]	188857
145	0.5919030639566627	0.7916518373681167	2.2963978496547215	3.889229274021643	[1549, 162, 107, 1546, 234, 1086, 1096]	128583
146	0.5944005759962993	0.794407765445258	2.2963978496547215	3.7878980300438867	[223, 22, 23, 5272, 174, 1086, 1112]	127590
147	0.5968828035144478	0.7971272394473049	2.2963978496547215	3.755622824008638	[1549, 162, 2636, 836, 1089, 1086, 1112]	168120
148	0.5993498400508366	0.7990987920279919	2.2963978496547215	4.510698995773852	[1582, 420, 1661, 1546, 234, 1086, 1112]	147739
149	0.6018017785727398	0.8010511847196538	2.2963978496547215	4.105706337882518	[160, 331, 241, 217, 261, 1086, 1096]	154751
150	0.6042387114784816	0.8029846037214065	2.2963978496547215	3.392899669995164	[19, 132, 241, 217, 261, 1086, 1112]	192220
151	0.6066607306009177	0.8055906274817053	2.2963978496547215	3.9773727067948164	[545, 2040, 438, 2627, 261, 1086, 1112]	514908
152	0.6090679272108961	0.8078577921757962	2.2963978496547215	3.1064053138236165	[2196, 2197, 241, 132, 1108, 1086, 1112]	173340
153	0.611460392020696	0.8100362752577033	2.2963978496547215	4.081282956290824	[1794, 107, 10, 158, 1115, 1086, 1112]	162219
154	0.6138382151874471	0.8118823755953349	2.2963978496547215	2.81050582782964	[3284, 811, 734, 1203, 174, 1086, 1112]	212684
155	0.6162014863165263	0.8137105352105406	2.2963978496547215	3.958587705331766	[734, 10, 438, 132, 1108, 1086, 1112]	160782
156	0.6185502944649346	0.8158226606616683	2.2963978496547215	3.2045923090637043	[2047, 232, 320, 836, 1089, 1086, 1112]	141877
157	0.6208847281446535	0.8179108391122163	2.2963978496547215	3.853272847858169	[709, 1580, 438, 2627, 261, 1086, 1112]	146516
158	0.6232048753259798	0.8194276167955797	2.2963978496547215	4.131854078022713	[1544, 1526, 156, 1713, 174, 1086, 1112]	229091
159	0.6255108234408409	0.8214749227276026	2.2963978496547215	3.640361663712418	[658, 422, 19, 132, 1108, 1086, 1112]	148478
160	0.6278026593860897	0.823836365548666	2.2963978496547215	3.021211317745953	[331, 241, 1031, 132, 1108, 1086, 1112]	123340
161	0.6300804695267795	0.825833685667162	2.2963978496547215	3.3945507805501087	[1579, 1580, 301, 2627, 261, 1086, 1096]	150247
162	0.6323443396994177	0.8272844671276604	2.2963978496547215	3.3333010924626487	[1820, 10, 734, 19, 334, 1086, 1112]	160551
163	0.6345943552152014	0.8292426931239454	2.2963978496547215	2.876898483739562	[1548, 19, 734, 1203, 174, 1086, 1112]	156394
164	0.6368306008632311	0.8318778367485758	2.2963978496547215	3.648671339286838	[4647, 3621, 1720, 132, 1108, 1086, 1112]	133368
165	0.6390531609137072	0.8341652131193436	2.2963978496547215	3.718294247239391	[4196, 1663, 1546, 234, 174, 1086, 1096]	506214
166	0.641262119121105	0.8360454261225255	2.2963978496547215	4.088844713617239	[2267, 438, 1779, 132, 1108, 1086, 1112]	132491
167	0.6434575587273302	0.8376387650328995	2.2963978496547215	4.419366260388902	[19, 132, 3242, 1203, 174, 1086, 1112]	133905
168	0.6456395624648572	0.8392166196001211	2.2963978496547215	3.3945507805501087	[1579, 1580, 301, 2627, 261, 1086, 1112]	146189
169	0.6478082125598458	0.8407791403037156	2.2963978496547215	3.517456662911222	[101, 370, 1032, 132, 1108, 1086, 1112]	150228
170	0.6499635907352397	0.8423264761608223	2.2963978496547215	3.464222231029896	[241, 217, 132, 1713, 174, 1086, 1112]	147186
171	0.6521057782138465	0.8444121047830337	2.2963978496547215	3.8892140616708355	[331, 808, 1265, 255, 174, 1086, 1112]	128612
172	0.6542348557213988	0.8461761398761966	2.2963978496547215	3.8191106533864376	[1548, 19, 132, 217, 261, 1086, 1112]	150773
173	0.6563509034895958	0.8476710267578662	2.2963978496547215	3.3046552615698683	[734, 19, 132, 217, 261, 1086, 1112]	137540
174	0.6584540012591262	0.8493981126222895	2.2963978496547215	2.9670826863691984	[1819, 241, 19, 132, 1108, 1086, 1112]	161343
175	0.6605442282826743	0.851105617014327	2.2963978496547215	3.911291829090726	[1726, 132, 1032, 1729, 1094, 1086, 1112]	160929
176	0.6626216633279062	0.8527937619461374	2.2963978496547215	3.911291829090726	[2004, 19, 241, 1729, 1094, 1086, 1112]	156435
177	0.6646863846804371	0.8538447971437612	2.2963978496547215	3.5857481821424635	[811, 734, 19, 132, 1094, 1086, 1096]	144139
178	0.6667384701467826	0.8552651586875536	2.2963978496547215	2.936799553153932	[734, 811, 3459, 1203, 174, 1086, 1112]	176813
179	0.6687779970572902	0.8562985484035941	2.2963978496547215	3.190121354476479	[160, 107, 734, 1203, 174, 1086, 1112]	408732
180	0.6708050422690536	0.8576950639681851	2.2963978496547215	3.6372926075949996	[420, 158, 19, 132, 1108, 1086, 1112]	151144
181	0.6728196821688086	0.8588804445265509	2.2963978496547215	3.163369169005046	[1794, 107, 734, 1203, 174, 1086, 1112]	179216
182	0.6748219926758121	0.8602518687779935	2.2963978496547215	3.1816828750514636	[331, 241, 217, 132, 1108, 1086, 1112]	189543
183	0.6768120492447027	0.8612496539714629	2.2963978496547215	2.5846064999161147	[1529, 2229, 734, 1203, 174, 1086, 1112]	164033
184	0.6787899268683444	0.8625980538356859	2.2963978496547215	3.935233739525411	[669, 668, 670, 132, 1094, 1086, 1112]	148404
185	0.6807557000806521	0.8637425931623357	2.2963978496547215	3.2576636782570283	[846, 10, 734, 19, 334, 1086, 1096]	137333
186	0.682709442959401	0.8652874617205859	2.2963978496547215	3.2027493590021914	[2872, 241, 132, 1713, 174, 1086, 1112]	167367
187	0.6846512291290177	0.8662492933736786	2.2963978496547215	4.214915563100346	[320, 232, 677, 132, 1108, 1086, 1096]	138500
188	0.6865811317633546	0.8683133474882824	2.2963978496547215	3.210435576778087	[2267, 261, 217, 132, 1108, 1086, 1112]	140379
189	0.6884992235884477	0.8698490518907513	2.2963978496547215	4.21996627138773	[5415, 1587, 132, 19, 334, 1086, 1112]	150611
190	0.6904055768852569	0.8709331914001994	2.2963978496547215	2.3720352638603415	[1820, 10, 734, 1203, 174, 1086, 1112]	157732
191	0.6923002634923902	0.872396533901331	2.2963978496547215	3.3351497941683217	[1535, 496, 217, 132, 1108, 1086, 1112]	162103
192	0.69418335480881	0.8734594532357639	2.2963978496547215	3.837140334207252	[1819, 241, 132, 387, 344, 1086, 1112]	203725
193	0.6960549217965248	0.8754122394512613	2.2963978496547215	2.9495193561308453	[3895, 1030, 1032, 132, 1108, 1086, 1112]	375769
194	0.6979150349832625	0.8766230048598983	2.2963978496547215	2.8785220653926133	[77, 19, 241, 132, 1108, 1086, 1112]	138567
195	0.6997637644651284	0.8782549756950848	2.2963978496547215	3.125527937822353	[669, 673, 670, 132, 1108, 1086, 1112]	134665
196	0.701601179909247	0.8796353047688367	2.2963978496547215	2.3720352638603415	[1820, 10, 734, 1203, 174, 1086, 1112]	130178
197	0.7034273505563867	0.8808050296981969	2.2963978496547215	3.660901199473729	[10, 232, 1879, 836, 1089, 1086, 1112]	133244
198	0.7052423452235697	0.8817979074183285	2.2963978496547215	3.406818157384917	[2872, 241, 132, 217, 261, 1086, 1112]	130289
199	0.7070462323066644	0.8829466158010464	2.2963978496547215	3.72064580303472	[107, 162, 420, 158, 1115, 1086, 1096]	128941
200	0.7088390797829642	0.8844949409888633	2.2963978496547215	3.0761716989651005	[19, 241, 1209, 132, 1108, 1086, 1112]	130841
201	0.7106209552137479	0.8856174391328004	2.2963978496547215	3.428889265862453	[813, 651, 734, 1203, 174, 1086, 1112]	134982
202	0.712391925746826	0.8871304359696681	2.2963978496547215	3.125527937822353	[669, 668, 670, 132, 1108, 1086, 1096]	143646
203	0.7141520581190712	0.8888722502293955	2.2963978496547215	4.149851825655563	[1792, 232, 3135, 836, 1089, 1086, 1112]	176692
204	0.7159014186589336	0.8897979291112831	2.2963978496547215	3.552416159908395	[734, 10, 158, 1713, 174, 1086, 1112]	196844
205	0.7176400732889395	0.8910473856973229	2.2963978496547215	2.8649135046369567	[2627, 261, 217, 132, 1108, 1086, 1112]	212397
206	0.7193680875281763	0.892282676108918	2.2963978496547215	3.348490564182004	[2004, 19, 132, 1713, 174, 1086, 1112]	208141
207	0.7210855264947609	0.8935039609602907	2.2963978496547215	2.632664465514411	[432, 422, 19, 132, 1108, 1086, 1112]	366710
208	0.722792454908294	0.8942643301329429	2.2963978496547215	2.4629843211448703	[241, 19, 734, 1203, 174, 1086, 1112]	135051
209	0.7244889370922993	0.8956629501047294	2.2963978496547215	4.561262540819155	[377, 162, 837, 420, 458, 1086, 1112]	147532
210	0.7261750369766463	0.8968459098541088	2.2963978496547215	2.3720352638603415	[1820, 10, 734, 1203, 174, 1086, 1112]	137083
211	0.7278508180999608	0.8977051692472442	2.2963978496547215	2.7871083623429813	[1555, 2229, 734, 1203, 174, 1086, 1112]	150927
212	0.729516343612018	0.8984355422876636	2.2963978496547215	3.7579324038279482	[10, 734, 19, 132, 261, 1086, 1112]	144986
213	0.7311716762761236	0.8994225632566853	2.2963978496547215	3.7115410360418	[1549, 162, 420, 158, 1115, 1086, 1112]	154328
214	0.7328168784714775	0.9005628970066096	2.2963978496547215	4.728619268534038	[3394, 3366, 438, 2627, 261, 1086, 1112]	310364
215	0.7344520121955256	0.9015292439744754	2.2963978496547215	3.7115410360418	[1549, 162, 420, 158, 1115, 1086, 1112]	144663
216	0.7360771390662955	0.9024861998153454	2.2963978496547215	2.699031209781653	[318, 158, 420, 1582, 793, 2372, 794]	159119
217	0.737692320324719	0.9032984763683205	2.2963978496547215	3.697156180925268	[193, 232, 10, 158, 1115, 1086, 1112]	159714
218	0.7392976168369392	0.9042382385027391	2.2963978496547215	2.813571952967709	[19, 241, 1031, 132, 1108, 1086, 1112]	166833
219	0.7408930890966048	0.9049219661983225	2.2963978496547215	3.666229605331197	[432, 422, 19, 1987, 334, 1086, 1112]	155931
220	0.7424787972271494	0.9063892198063731	2.2963978496547215	3.700535591088215	[1178, 2279, 1876, 1713, 174, 1086, 1112]	187187
221	0.7440548009840573	0.9074505665205865	2.2963978496547215	3.7643597940068236	[2661, 2229, 734, 1203, 174, 1086, 1112]	335933
222	0.7456211597571152	0.9084998798253419	2.2963978496547215	3.502202333386621	[158, 733, 734, 1203, 174, 1086, 1112]	150944
223	0.7471779325726502	0.9095372961538527	2.2963978496547215	3.7165805030848844	[846, 10, 301, 2627, 261, 1086, 1112]	137855
224	0.7487251780957545	0.9104164283583828	2.2963978496547215	4.093768526799166	[107, 10, 158, 420, 458, 1086, 1112]	149677
225	0.7502629546324955	0.9117988908837164	2.2963978496547215	2.424582476907486	[1873, 10, 734, 1203, 174, 1086, 1112]	160861
226	0.7517913201321139	0.9126560445194432	2.2963978496547215	4.2355663489822994	[19, 734, 10, 159, 1023, 1086, 1112]	132287
227	0.7533103321892064	0.9132796700717527	2.2963978496547215	3.6931304594393177	[107, 10, 158, 1713, 174, 1086, 1112]	129753
228	0.7548200480458969	0.9142628937670844	2.2963978496547215	3.684526476794801	[846, 10, 438, 2627, 261, 1086, 1112]	278068
229	0.7563205245939929	0.9152349698014711	2.2963978496547215	3.262298240352031	[3248, 334, 19, 132, 1108, 1086, 1112]	133262
230	0.7578118183771302	0.9160587310278903	2.2963978496547215	3.532853129633992	[320, 232, 10, 158, 1115, 1086, 1112]	146912
231	0.7592939855929031	0.9170104460956012	2.2963978496547215	3.911291829090726	[2004, 19, 241, 1729, 1094, 1086, 1112]	149642
232	0.7607670820949822	0.9179513707430434	2.2963978496547215	4.128474667859766	[193, 232, 10, 158, 1089, 1086, 1112]	184419
233	0.7622311633952195	0.9186348245477661	2.2963978496547215	2.6103471929178546	[2004, 19, 734, 1203, 174, 1086, 1112]	183850
234	0.7636862846657397	0.9198904599714117	2.2963978496547215	3.582736484816656	[1792, 232, 1192, 836, 1089, 1086, 1112]	192406
235	0.7651325007410201	0.9211267183051862	2.2963978496547215	3.809351041507175	[2872, 241, 1819, 132, 1108, 1086, 1112]	434197
236	0.7665698661199564	0.921893222500471	2.2963978496547215	3.9285733316174305	[10, 734, 19, 422, 636, 1086, 1112]	159076
237	0.7679984349679162	0.9230985740050934	2.2963978496547215	3.659323743884939	[377, 162, 1192, 836, 1089, 1086, 1112]	162186
238	0.7694182611187811	0.9242853244062493	2.2963978496547215	3.079407314371683	[1792, 496, 217, 132, 1108, 1086, 1112]	160497
239	0.7708293980769743	0.9251437674401921	2.2963978496547215	3.6746193063400145	[2627, 261, 217, 132, 1094, 1086, 1112]	187266
240	0.7722318990194776	0.9259924775599179	2.2963978496547215	3.6493987099439575	[1715, 132, 241, 1729, 1094, 1086, 1112]	165577
241	0.7736258167978352	0.9267116954650693	2.2963978496547215	3.8510789814705237	[1019, 10, 438, 2627, 261, 1086, 1112]	168439
242	0.7750112039401446	0.927234965325496	2.2963978496547215	3.4617067333156504	[1791, 420, 158, 1713, 174, 1086, 1112]	319249
243	0.7763881126530371	0.9278410880633094	2.2963978496547215	3.748374190945288	[1555, 2229, 734, 19, 334, 1086, 1112]	139309
244	0.7777565948236447	0.928442161882024	2.2963978496547215	4.268937316790574	[3819, 438, 80, 148, 1108, 1086, 1112]	132756
245	0.7791167020215551	0.9293886941322618	2.2963978496547215	4.072832554227573	[811, 734, 19, 387, 344, 1086, 1112]	134170
246	0.7804684855007559	0.9298928505375768	2.2963978496547215	3.3867096801330048	[241, 132, 19, 1987, 334, 1086, 1112]	129151
247	0.7818119962015646	0.9305741639434312	2.2963978496547215	4.1602594093540795	[107, 10, 232, 193, 1115, 1086, 1112]	148310
248	0.78314728475255	0.9314924951082006	2.2963978496547215	3.6515288538922883	[1579, 1580, 438, 132, 1108, 1086, 1112]	133064
249	0.7844744014724385	0.9321582628914057	2.2963978496547215	3.523898180591541	[241, 1720, 132, 19, 334, 1086, 1112]	519970
250	0.7857933963720113	0.9330556403663871	2.2963978496547215	3.507819472107111	[241, 1031, 132, 217, 261, 1086, 1096]	143182
251	0.7871043191559887	0.9340887323360416	2.2963978496547215	3.8889234355191737	[2654, 232, 1879, 836, 1089, 1086, 1112]	164382
252	0.7884072192249029	0.9351058815283867	2.2963978496547215	2.9837054211849563	[2872, 241, 217, 132, 1108, 1086, 1112]	175682
253	0.78970214567696	0.9361073339739362	2.2963978496547215	4.140160412010847	[3131, 162, 2636, 836, 1089, 1086, 1112]	161681
254	0.79098914730989	0.9367282539547532	2.2963978496547215	3.714872943581339	[1549, 107, 10, 158, 1115, 1086, 1112]	153272
255	0.7922682726227859	0.9374456206899601	2.2963978496547215	4.097083035980938	[1265, 1580, 438, 2627, 261, 1086, 1112]	146513
256	0.7935395698179306	0.9382730595697225	2.2963978496547215	4.0447778409695845	[107, 160, 320, 836, 1089, 1086, 1112]	210853
257	0.7948030868026147	0.939089553490758	2.2963978496547215	4.039579094442558	[1849, 420, 2307, 1468, 1089, 1086, 1112]	127763
258	0.7960588711909402	0.9395969291384817	2.2963978496547215	3.2576636782570283	[846, 10, 734, 19, 334, 1086, 1112]	145017
259	0.7973069703056163	0.9403959115572849	2.2963978496547215	4.200543630926319	[241, 1031, 227, 165, 261, 1086, 1112]	145031
260	0.7985474311797415	0.9413157277369564	2.2963978496547215	4.3717367808869305	[988, 420, 1582, 836, 1089, 1086, 1112]	170313
261	0.7997803005585766	0.9419810822977619	2.2963978496547215	2.632664465514411	[432, 422, 19, 132, 1108, 1086, 1112]	208497
262	0.8010056249013066	0.942464371907943	2.2963978496547215	3.851540388701957	[846, 10, 161, 1713, 174, 1086, 1112]	157010
263	0.8022234503827901	0.9430235130944546	2.2963978496547215	3.6351640636789	[1820, 1557, 734, 1203, 174, 1086, 1112]	416761
264	0.803433822895301	0.9435772204501937	2.2963978496547215	3.5221515072154297	[19, 400, 1032, 132, 1108, 1086, 1112]	141741
265	0.8046367880502566	0.9443235535130218	2.2963978496547215	3.997563313290736	[545, 2040, 1451, 1713, 174, 1086, 1112]	155597
266	0.8058323911799374	0.9451827579341171	2.2963978496547215	3.079407314371683	[1792, 496, 217, 132, 1108, 1086, 1112]	140218
267	0.8070206773391946	0.9455741465845549	2.2963978496547215	3.7115410360418	[1549, 162, 420, 158, 1115, 1086, 1112]	155126
268	0.8082016913071481	0.9461030664428196	2.2963978496547215	4.021838031435365	[107, 162, 10, 232, 1023, 1086, 1112]	160874
269	0.8093754775888748	0.9467141427870053	2.2963978496547215	4.242988412614322	[2627, 438, 10, 232, 1023, 1086, 1112]	184898
270	0.8105420804170842	0.947335552200568	2.2963978496547215	3.6909182876515674	[2033, 2034, 1032, 132, 1108, 1086, 1112]	290574
271	0.8117015437537866	0.9479326547833279	2.2963978496547215	3.6952975032533644	[1792, 232, 1879, 836, 1089, 1086, 1112]	145172
272	0.8128539112919491	0.9483663686127046	2.2963978496547215	4.3901550944647605	[811, 651, 734, 19, 334, 1086, 1112]	151353
273	0.8139992264571421	0.9490493531548646	2.2963978496547215	3.906588029606888	[3895, 1030, 1032, 1729, 1094, 1086, 1112]	190361
274	0.8151375324091761	0.9494131347709422	2.2963978496547215	3.488505634587085	[734, 19, 132, 387, 344, 1086, 1112]	161466
275	0.816268872043728	0.9498345164055033	2.2963978496547215	2.2963978496547215	[846, 10, 734, 1203, 174, 1086, 1112]	144147
276	0.8173932879939572	0.9504032860607697	2.2963978496547215	3.792217917290504	[1820, 10, 301, 2627, 261, 1086, 1112]	175339
277	0.8185108226321126	0.9511686674487208	2.2963978496547215	3.4042606044936825	[3895, 1030, 1031, 132, 1108, 1086, 1096]	364062
278	0.8196215180711294	0.9517223106749257	2.2963978496547215	4.105601844702741	[2149, 157, 320, 836, 1089, 1086, 1112]	148203
279	0.8207254161662154	0.952067007689206	2.2963978496547215	3.6535262502099135	[241, 1720, 132, 217, 261, 1086, 1112]	141973
280	0.8218225585164294	0.9527010419790314	2.2963978496547215	3.502202333386621	[4216, 733, 734, 1203, 174, 1086, 1112]	158489
281	0.8229129864662477	0.9534309641707129	2.2963978496547215	3.6746193063400145	[2627, 261, 217, 132, 1094, 1086, 1096]	139227
282	0.8239967411071227	0.9540469567081374	2.2963978496547215	3.6493987099439575	[1726, 132, 241, 1729, 1094, 1086, 1112]	131590
283	0.8250738632790312	0.954493536331965	2.2963978496547215	3.769588417848551	[377, 162, 420, 158, 1115, 1086, 1112]	150330
284	0.8261443935720137	0.9549357760177574	2.2963978496547215	3.428889265862453	[10, 811, 3459, 1203, 174, 1086, 1112]	214461
285	0.8272083723277035	0.955373717941783	2.2963978496547215	3.8373766232271302	[241, 1720, 132, 387, 344, 1086, 1112]	126567
286	0.8282658396408473	0.9557454487377699	2.2963978496547215	3.348490564182004	[2004, 19, 132, 1713, 174, 1086, 1112]	123813
287	0.8293168353608159	0.9561140830673178	2.2963978496547215	3.428889265862453	[1527, 651, 734, 1203, 174, 1086, 1096]	125988
288	0.8303613990931061	0.9564274233441026	2.2963978496547215	3.5448375963304635	[3, 19, 132, 1713, 174, 1086, 1112]	127491
289	0.8313995702008331	0.9569214434875936	2.2963978496547215	3.2045923090637043	[2047, 232, 320, 836, 1089, 1086, 1112]	127481
290	0.8324313878062135	0.9574098624956707	2.2963978496547215	2.732522825020183	[1742, 400, 19, 132, 1108, 1086, 1112]	126901
291	0.8334568907920402	0.9577139510599902	2.2963978496547215	3.4786958857112795	[320, 232, 734, 1203, 174, 1086, 1112]	343770
292	0.8344761178031472	0.9581248941983772	2.2963978496547215	3.17425940896415	[1879, 496, 217, 132, 1108, 1086, 1096]	140968
293	0.8354891072478661	0.9586787977142717	2.2963978496547215	4.1189311938689706	[160, 331, 241, 1729, 1094, 1086, 1112]	152350
294	0.8364958972994733	0.9591472920712527	2.2963978496547215	3.3351497941683217	[1535, 496, 217, 132, 1108, 1086, 1112]	156044
295	0.8374965258976286	0.9597777350948444	2.2963978496547215	3.607429097407027	[2047, 232, 1192, 836, 1089, 1086, 1112]	165452
296	0.838491030749805	0.9601686220229801	2.2963978496547215	3.6154401925065622	[394, 432, 422, 19, 334, 1086, 1096]	169143
297	0.8394794493327097	0.9605557102443311	2.2963978496547215	3.137025597245989	[781, 19, 241, 132, 1108, 1086, 1112]	179796
298	0.8404618188936956	0.9611644184195729	2.2963978496547215	3.1015860273876683	[241, 1729, 1032, 132, 1108, 1086, 1112]	354923
299	0.8414381764521666	0.9614879134764694	2.2963978496547215	4.235256613302158	[846, 10, 438, 3366, 150, 1086, 1112]	143723
300	0.8424085588009705	0.9619245584483915	2.2963978496547215	3.7439125216956306	[837, 162, 1192, 836, 1089, 1086, 1112]	151248
301	0.8433730025077875	0.9622417216433237	2.2963978496547215	2.9837054211849563	[2872, 241, 217, 132, 1108, 1086, 1112]	148436
302	0.8443315439165066	0.9627411697697348	2.2963978496547215	3.653542571612352	[1792, 496, 1879, 836, 1089, 1086, 1112]	169606
303	0.8452842191485962	0.9631756750785425	2.2963978496547215	4.0155789949207055	[3266, 1963, 387, 344, 174, 1086, 1112]	161211
304	0.846231064104465	0.9636627693235353	2.2963978496547215	3.125527937822353	[669, 668, 670, 132, 1108, 1086, 1096]	147472
305	0.8471721144648147	0.9639222128697468	2.2963978496547215	3.424216182932752	[1019, 10, 734, 19, 334, 1086, 1112]	270506
306	0.8481074056919847	0.9642728230459398	2.2963978496547215	3.487276315966888	[1743, 1742, 400, 19, 334, 1086, 1112]	126541
307	0.8490369730312887	0.9645279108804424	2.2963978496547215	2.8066942250663134	[3, 19, 734, 1203, 174, 1086, 1112]	126951
308	0.8499608515123422	0.9648726347785918	2.2963978496547215	3.057910963885006	[160, 331, 241, 132, 1108, 1086, 1112]	125148
309	0.8508790759503835	0.9652709042255464	2.2963978496547215	2.732522825020183	[1742, 400, 19, 132, 1108, 1086, 1112]	129054
310	0.8517916809475847	0.9655601928200859	2.2963978496547215	2.936799553153932	[734, 811, 3459, 1203, 174, 1086, 1112]	140255
311	0.8526987008943563	0.9660916713259488	2.2963978496547215	2.5846064999161147	[1529, 2229, 734, 1203, 174, 1086, 1112]	165853
312	0.8536001699706431	0.9664761194968563	2.2963978496547215	3.9734324638752527	[837, 162, 420, 1822, 1094, 1086, 1112]	383812
313	0.8544961221472118	0.9668019103666634	2.2963978496547215	4.348828817086398	[193, 232, 10, 159, 1023, 1086, 1112]	140669
314	0.8553865911869317	0.9670784458904729	2.2963978496547215	3.7999857451295664	[2627, 438, 217, 132, 1108, 1086, 1112]	153950
315	0.8562716106460466	0.9673983832481943	2.2963978496547215	3.057910963885006	[160, 331, 241, 132, 1108, 1086, 1112]	185281
316	0.8571512138754396	0.9677680160911852	2.2963978496547215	3.853272847858169	[709, 1580, 438, 2627, 261, 1086, 1112]	169304
317	0.8580254340218895	0.968194365084688	2.2963978496547215	3.7738930563369406	[655, 3308, 19, 132, 1108, 1086, 1112]	127198
318	0.8588943040293203	0.9685549731903038	2.2963978496547215	3.179899696473333	[1792, 232, 320, 836, 1089, 1086, 1112]	146353
319	0.8597578566400428	0.9690402359497128	2.2963978496547215	3.7190477008802736	[3135, 232, 320, 836, 1089, 1086, 1096]	246914
320	0.8606161243959878	0.9694497566382086	2.2963978496547215	4.189801081570603	[830, 493, 217, 132, 1108, 1086, 1112]	158243
321	0.8614691396399328	0.9698538603863804	2.2963978496547215	3.55321732679032	[669, 673, 1032, 132, 1108, 1086, 1112]	154888
322	0.862316934516721	0.9701956533525212	2.2963978496547215	4.092071414107146	[1873, 10, 158, 1546, 234, 1086, 1112]	152229
323	0.8631595409744721	0.9704084528763921	2.2963978496547215	3.1148748190664355	[157, 651, 734, 1203, 174, 1086, 1112]	169913
324	0.8639969907657867	0.9706549463967887	2.2963978496547215	3.5522711143030543	[1742, 400, 654, 132, 1108, 1086, 1096]	182434
325	0.8648293154489428	0.9710541988267644	2.2963978496547215	4.147135548038604	[4196, 1663, 1665, 1546, 234, 1086, 1112]	164562
326	0.8656565463890848	0.9715008932893143	2.2963978496547215	4.018250503814909	[1726, 132, 1729, 1822, 1094, 1086, 1112]	329589
327	0.8664787147594055	0.9717778525382034	2.2963978496547215	3.899705492910681	[1792, 496, 438, 2627, 261, 1086, 1112]	164639
328	0.867295851542321	0.9722133795052064	2.2963978496547215	3.889679492226567	[2309, 420, 1879, 836, 1089, 1086, 1112]	141945
329	0.8681079875306381	0.9724448382348589	2.2963978496547215	3.1207086718623307	[5414, 19, 734, 1203, 174, 1086, 1112]	158620
330	0.8689151533287149	0.9726743689451058	2.2963978496547215	2.456452605672925	[1917, 10, 734, 1203, 174, 1086, 1112]	160436
331	0.8697173793536138	0.9728694707316583	2.2963978496547215	3.5448375963304635	[3, 19, 132, 1713, 174, 1086, 1112]	174170
332	0.8705146958362477	0.9732283401664248	2.2963978496547215	3.114445558142182	[3158, 3083, 19, 132, 1108, 1086, 1112]	176334
333	0.8713071328225196	0.9735824626509959	2.2963978496547215	3.610381129071108	[107, 162, 1192, 836, 1089, 1086, 1112]	206999
334	0.8720947201744544	0.9738025171062146	2.2963978496547215	3.9084701829827324	[3065, 1460, 19, 132, 1094, 1086, 1112]	124334
335	0.8728774875713248	0.9741490446577197	2.2963978496547215	3.710858051374953	[195, 190, 196, 1078, 334, 1086, 1096]	124777
336	0.8736554645107688	0.9744909885114535	2.2963978496547215	3.7825874849644956	[885, 455, 19, 132, 1108, 1086, 1112]	125100
337	0.8744286803099022	0.974828409298339	2.2963978496547215	3.2979330595361267	[19, 241, 1729, 132, 1108, 1086, 1112]	127228
338	0.8751971641064229	0.9750730311710472	2.2963978496547215	3.272226006020019	[1456, 2004, 19, 132, 1108, 1086, 1112]	127732
339	0.8759609448597092	0.9753152757660807	2.2963978496547215	3.7304485315991878	[3621, 1720, 241, 19, 334, 1086, 1112]	165052
340	0.8767200513519107	0.9755551661862354	2.2963978496547215	4.494748080695184	[158, 651, 157, 1713, 174, 1086, 1112]	317910
341	0.877474512189033	0.97579272530979	2.2963978496547215	2.92478037844411	[19, 1126, 241, 132, 1108, 1086, 1112]	143599
342	0.8782243558020166	0.9760671842065044	2.2963978496547215	3.1034592255838813	[2764, 400, 19, 132, 1108, 1086, 1112]	155536
343	0.8789696104478066	0.9762997674503673	2.2963978496547215	3.2381927086432682	[10, 734, 19, 132, 1094, 1086, 1112]	164796
344	0.879710304210419	0.976497187130081	2.2963978496547215	2.9029016385097783	[2538, 10, 734, 1203, 174, 1086, 1096]	203048
345	0.8804464650019981	0.9767636589313273	2.2963978496547215	3.079407314371683	[1792, 496, 217, 132, 1108, 1086, 1112]	199795
346	0.8811781205638691	0.9769572144587632	2.2963978496547215	2.876898483739562	[1548, 19, 734, 1203, 174, 1086, 1112]	165652
347	0.8819052984675828	0.9771811482346741	2.2963978496547215	3.7163875428531554	[1799, 232, 10, 158, 1115, 1086, 1112]	201678
348	0.882628026115955	0.977344072148034	2.2963978496547215	3.555566438090408	[3621, 1720, 132, 19, 334, 1086, 1112]	133015
349	0.883346330744099	0.977693700664268	2.2963978496547215	3.677007465034425	[394, 193, 1265, 255, 174, 1086, 1096]	151868
350	0.884060239420452	0.9778795090718959	2.2963978496547215	4.241572193304713	[119, 409, 19, 132, 261, 1086, 1112]	194237
351	0.8847697790477949	0.9780374467711506	2.2963978496547215	2.340398178917159	[107, 10, 734, 1203, 174, 1086, 1112]	176532
352	0.8854749763642666	0.9782508826625873	2.2963978496547215	3.1005864631871427	[734, 19, 132, 1713, 174, 1086, 1112]	180854
353	0.8861758579443713	0.9785385693998547	2.2963978496547215	3.125527937822353	[669, 668, 670, 132, 1108, 1086, 1112]	147598
354	0.8868724501999795	0.9788224507569995	2.2963978496547215	3.860207752796951	[1772, 811, 3459, 1203, 174, 1086, 1112]	444733
355	0.8875647793813242	0.9790282578439091	2.2963978496547215	4.072004042055089	[2040, 545, 132, 19, 334, 1086, 1112]	145532
356	0.8882528715779892	0.9792029495736558	2.2963978496547215	2.8649135046369567	[2627, 261, 217, 132, 1108, 1086, 1112]	128641
357	0.888936752719893	0.9794387437961767	2.2963978496547215	3.2576636782570283	[846, 10, 734, 19, 334, 1086, 1112]	125288
358	0.8896164485782656	0.9796100162343593	2.2963978496547215	3.6380241084139104	[1726, 132, 19, 1987, 334, 1086, 1112]	127314
359	0.8902919847666195	0.9798411951886183	2.2963978496547215	3.555566438090408	[3621, 1720, 132, 19, 334, 1086, 1112]	129608
360	0.8909633867417153	0.9800091152620158	2.2963978496547215	2.764950792624953	[1549, 107, 734, 19, 409, 4290, 794]	131260
361	0.8916306798045204	0.9801518478239578	2.2963978496547215	4.105706337882518	[160, 331, 241, 217, 261, 1086, 1112]	153097
362	0.8922938891011634	0.9803447356002071	2.2963978496547215	3.3824573405484144	[394, 432, 1820, 733, 734, 19, 794]	157923
363	0.8929530396238806	0.9806480575816853	2.2963978496547215	2.8232338638794454	[2872, 241, 1031, 132, 1108, 1086, 1112]	150078
364	0.8936081562119588	0.9808737362104704	2.2963978496547215	3.697156180925268	[193, 232, 10, 158, 1115, 1086, 1112]	163254
365	0.8942592635526704	0.9810102954806996	2.2963978496547215	3.517456662911222	[386, 370, 1032, 132, 1108, 1086, 1112]	177006
366	0.8949063861822046	0.9812614820484152	2.2963978496547215	3.283811063743345	[331, 241, 1209, 132, 1108, 1086, 1112]	177336
367	0.8955495484865915	0.9815506567081619	2.2963978496547215	3.5458723285184215	[1529, 2229, 734, 19, 334, 1086, 1112]	177668
368	0.896188774702621	0.9817043372020547	2.2963978496547215	2.456452605672925	[1917, 10, 734, 1203, 174, 1086, 1096]	439832
369	0.8968240889187564	0.9818821376179726	2.2963978496547215	3.9285733316174305	[19, 734, 10, 232, 1023, 1086, 1112]	143468
370	0.897455515076042	0.9820875555588119	2.2963978496547215	2.8649135046369567	[2627, 261, 217, 132, 1108, 1086, 1112]	142106
371	0.8980830769690055	0.9822616317924483	2.2963978496547215	3.1034592255838813	[2764, 400, 19, 132, 1108, 1086, 1112]	160812
372	0.898706798246554	0.9824627470782482	2.2963978496547215	2.9121266964169745	[119, 409, 19, 132, 1108, 1086, 1112]	157475
373	0.8993267024128664	0.9825879609980799	2.2963978496547215	3.1930874480904543	[19, 241, 132, 1713, 174, 1086, 1096]	144359
374	0.8999428128282778	0.9828182789742957	2.2963978496547215	3.021211317745953	[331, 241, 1031, 132, 1108, 1086, 1112]	156965
375	0.9005551527101606	0.9829614003489372	2.2963978496547215	4.017401056352248	[2872, 241, 19, 387, 344, 1086, 1112]	294469
376	0.9011637451337995	0.983224341701577	2.2963978496547215	3.2274861155624004	[1723, 241, 1031, 132, 1108, 1086, 1112]	136202
377	0.9017686130332603	0.9834462419436196	2.2963978496547215	4.1064397496001455	[2078, 436, 1417, 5272, 174, 1086, 1112]	138603
378	0.9023697792022549	0.9836339262753246	2.2963978496547215	2.3720352638603415	[1820, 10, 734, 1203, 174, 1086, 1112]	158099
379	0.9029672662950001	0.9838194826667609	2.2963978496547215	3.072870092297131	[669, 811, 734, 1203, 174, 1086, 1112]	164648
380	0.903561096827071	0.9839767277331675	2.2963978496547215	3.8991523230880016	[161, 10, 438, 2627, 261, 1086, 1112]	158497
381	0.9041512931762495	0.9841101993888679	2.2963978496547215	3.85226843592124	[1550, 420, 158, 1713, 174, 1086, 1112]	138567
382	0.9047378775833681	0.9842903558583819	2.2963978496547215	3.769588417848551	[377, 162, 420, 158, 1115, 1086, 1112]	434830
383	0.9053208721531475	0.9844212150349051	2.2963978496547215	3.555566438090408	[3621, 1720, 132, 19, 334, 1086, 1112]	150935
384	0.9059002988550297	0.9845726123620683	2.2963978496547215	3.1005864631871427	[734, 19, 132, 1713, 174, 1086, 1112]	152044
385	0.9064761795240058	0.9848106893317895	2.2963978496547215	3.8690448807259967	[3621, 1720, 241, 1729, 1094, 1086, 1112]	129465
386	0.9070485358614393	0.984958301680363	2.2963978496547215	3.5784168931352323	[241, 132, 1727, 1203, 174, 1086, 1096]	133096
387	0.9076173894358833	0.9851044795065985	2.2963978496547215	2.773850038253217	[2872, 241, 132, 19, 422, 4776, 794]	140905
388	0.9081827616838937	0.9852492367514324	2.2963978496547215	4.131854078022713	[87, 1529, 156, 1713, 174, 1086, 1112]	135619
389	0.9087446739108365	0.9853925872203203	2.2963978496547215	4.191608500475379	[1549, 162, 107, 420, 458, 1086, 1112]	262534
390	0.9093031472916914	0.9855858069660832	2.2963978496547215	3.280753655086839	[1579, 1580, 438, 2627, 261, 1086, 1112]	160863
391	0.9098582028718492	0.9857258865874041	2.2963978496547215	3.1148748190664355	[158, 651, 734, 1203, 174, 1086, 1112]	184694
392	0.9104098615679049	0.9859461661153762	2.2963978496547215	3.8982589836260795	[837, 162, 2636, 836, 1089, 1086, 1112]	148240
393	0.9109581441684464	0.98610550663561	2.2963978496547215	3.4617067333156504	[1791, 420, 158, 1713, 174, 1086, 1112]	146431
394	0.9115030713348373	0.9862212458556383	2.2963978496547215	3.517456662911222	[2764, 370, 1032, 132, 1108, 1086, 1112]	156025
395	0.9120446636019957	0.9863196245369809	2.2963978496547215	3.764660201867798	[77, 19, 132, 387, 344, 1086, 1112]	161594
396	0.9125829413791682	0.9864335801843196	2.2963978496547215	2.6103471929178546	[2004, 19, 734, 1203, 174, 1086, 1112]	246722
397	0.9131179249506987	0.9866130301818815	2.2963978496547215	2.7871083623429813	[1555, 2229, 734, 1203, 174, 1086, 1112]	154691
398	0.9136496344767933	0.9867648098850348	2.2963978496547215	3.514672406513336	[2028, 493, 217, 132, 1108, 1086, 1112]	166578
399	0.9141780899942792	0.9868750571996118	2.2963978496547215	4.14140574692112	[1792, 232, 10, 494, 636, 1086, 1112]	157745
400	0.9147033114173607	0.9870238660748996	2.2963978496547215	2.9689406419822477	[2872, 241, 1720, 132, 1108, 1086, 1112]	188676
401	0.915225318538369	0.9871165141424317	2.2963978496547215	4.1848209712435	[781, 19, 241, 217, 261, 1086, 1112]	155349
402	0.915744131028508	0.9872238318088837	2.2963978496547215	3.666229605331197	[432, 422, 19, 1987, 334, 1086, 1112]	156670
403	0.9162597684385964	0.9873302555339243	2.2963978496547215	3.1207086718623307	[4284, 19, 734, 1203, 174, 1086, 1112]	363706
404	0.916772250199803	0.9874357927639624	2.2963978496547215	2.632664465514411	[432, 422, 19, 132, 1108, 1086, 1096]	134207
405	0.9172815956243807	0.9875578939032825	2.2963978496547215	3.17425940896415	[1879, 496, 217, 132, 1108, 1086, 1112]	166632
406	0.9177878239063929	0.9877029913504746	2.2963978496547215	3.743934906622771	[2607, 1587, 132, 1713, 174, 1086, 1112]	169429
407	0.9182909541224372	0.9878054237423906	2.2963978496547215	2.632664465514411	[432, 422, 19, 132, 1108, 1086, 1112]	162006
408	0.9187910052323646	0.9879436842441776	2.2963978496547215	2.632664465514411	[432, 422, 19, 132, 1108, 1086, 1096]	172516
409	0.9192879960799936	0.9881031593203128	2.2963978496547215	2.9495193561308453	[3895, 1030, 1032, 132, 1108, 1086, 1096]	178511
410	0.9197819453938203	0.9882380441352752	2.2963978496547215	3.428889265862453	[2520, 651, 734, 1203, 174, 1086, 1112]	301206
411	0.9202728717877247	0.9883220231144962	2.2963978496547215	2.4629843211448703	[241, 19, 734, 1203, 174, 1086, 1096]	139437
412	0.9207607937616712	0.9884355117139666	2.2963978496547215	3.6351640636789	[1820, 1557, 734, 1203, 174, 1086, 1112]	142096
413	0.9212457297024067	0.9885666283612006	2.2963978496547215	3.2274861155624004	[1723, 241, 1031, 132, 1108, 1086, 1112]	144740
414	0.921727697884153	0.9886962584251325	2.2963978496547215	4.249655882282129	[377, 162, 107, 420, 458, 1086, 1112]	165372
415	0.9222067164692953	0.9887769658083052	2.2963978496547215	4.479220180691472	[19, 400, 1032, 1729, 1094, 1086, 1112]	201274
416	0.9226828035090671	0.9889254186415287	2.2963978496547215	4.7090604690477305	[320, 232, 2089, 1210, 1117, 1086, 1112]	163735
417	0.9231559769442299	0.9890509807884501	2.2963978496547215	3.844765130337648	[1873, 10, 301, 2627, 261, 1086, 1112]	348106
418	0.9236262546057498	0.9892199471343074	2.2963978496547215	4.055822845312293	[1819, 3821, 2680, 132, 1108, 1086, 1112]	145287
419	0.924093654215469	0.9893247095528273	2.2963978496547215	3.7285268060572383	[107, 10, 438, 2627, 261, 1086, 1112]	144488
420	0.924558193386774	0.9894284538720417	2.2963978496547215	3.4707681762945217	[1879, 232, 320, 836, 1089, 1086, 1112]	168554
421	0.925019889625259	0.9895311899860161	2.2963978496547215	3.3983687794952298	[3075, 334, 19, 132, 1108, 1086, 1112]	178775
422	0.9254787603293858	0.9896329276926632	2.2963978496547215	4.137017388595424	[1799, 10, 161, 1713, 174, 1086, 1112]	192688
423	0.9259348227911394	0.9897192839801046	2.2963978496547215	3.530316684267138	[2872, 241, 19, 132, 1094, 1086, 1112]	185661
424	0.9263880941966793	0.9897926870813354	2.2963978496547215	3.9134846086659483	[107, 10, 159, 1713, 174, 1086, 1112]	303070
425	0.9268385916269881	0.9899084162527488	2.2963978496547215	2.8080246507420323	[3621, 1720, 241, 132, 1108, 1086, 1112]	130136
426	0.9272863320585139	0.9900419028102522	2.2963978496547215	4.120357757199091	[161, 2149, 420, 158, 1115, 1086, 1112]	128556
427	0.9277313323638107	0.9901548064065078	2.2963978496547215	3.748374190945288	[1555, 2229, 734, 19, 334, 1086, 1112]	142492
428	0.9281736093121745	0.9902250999289223	2.2963978496547215	3.7582249848978684	[1549, 107, 734, 19, 334, 1086, 1096]	178860
429	0.9286131795702748	0.99035439754891	2.2963978496547215	3.7567706766389994	[10, 162, 1192, 836, 1089, 1086, 1112]	191518
430	0.9290500597027824	0.9904347440916097	2.2963978496547215	4.395554555067841	[3065, 1460, 19, 387, 344, 1086, 1112]	161157
431	0.9294842661729946	0.9905431937050835	2.2963978496547215	3.530316684267138	[2872, 241, 19, 132, 1094, 1086, 1096]	245496
432	0.9299158153434546	0.9906350965845288	2.2963978496547215	3.123661932901401	[119, 123, 19, 132, 1108, 1086, 1112]	140071
433	0.9303447234765685	0.9907019608916541	2.2963978496547215	2.6023674981119003	[734, 19, 241, 132, 1108, 1086, 1112]	129016
434	0.9307710067352181	0.9908073808361931	2.2963978496547215	3.072870092297131	[669, 811, 734, 1203, 174, 1086, 1112]	128787
435	0.9311946811833702	0.9909289763277779	2.2963978496547215	3.7647275910015576	[107, 162, 2636, 836, 1089, 1086, 1112]	127470
436	0.9316157627866815	0.9910045367082213	2.2963978496547215	3.6380241084139104	[1715, 132, 19, 1987, 334, 1086, 1112]	128297
437	0.9320342674131007	0.9911433555861808	2.2963978496547215	3.0635001754261895	[1819, 1513, 1031, 132, 1108, 1086, 1112]	132268
438	0.932450210833466	0.9912437710557253	2.2963978496547215	2.9689406419822477	[2872, 241, 1720, 132, 1108, 1086, 1112]	379289
439	0.9328636087221001	0.9913288656032887	2.2963978496547215	3.2090431767779197	[21, 422, 19, 132, 1108, 1086, 1096]	138908
440	0.9332744766573999	0.9913907764813517	2.2963978496547215	3.604795611251425	[331, 241, 132, 217, 261, 1086, 1112]	151471
441	0.9336828301224245	0.9914883867253272	2.2963978496547215	3.6566562240450455	[2297, 400, 654, 132, 1108, 1086, 1112]	153697
442	0.9340886845054779	0.9916009742025055	2.2963978496547215	3.5522711143030543	[1742, 400, 654, 132, 1108, 1086, 1112]	170799
443	0.9344920551006896	0.9916709369330136	2.2963978496547215	4.056690687587757	[1792, 1791, 420, 1822, 1094, 1086, 1112]	146970
444	0.9348929571085902	0.9917518802086889	2.2963978496547215	3.648671339286838	[4647, 3621, 1720, 132, 1108, 1086, 1112]	159013
445	0.9352914056366849	0.991845396306096	2.2963978496547215	3.850273469817008	[855, 853, 19, 132, 1108, 1086, 1112]	313721
446	0.9356874157000223	0.99193785213029	2.2963978496547215	3.889679492226567	[2309, 420, 1879, 836, 1089, 1086, 1112]	142991
447	0.9360810022217606	0.9919954149162937	2.2963978496547215	2.954117646351909	[107, 734, 19, 132, 1108, 1086, 1112]	141049
448	0.9364721800337295	0.992062092009869	2.2963978496547215	3.653289961190035	[1819, 241, 132, 217, 261, 1086, 1112]	152072
449	0.9368609638769897	0.992139233972844	2.2963978496547215	3.9803348447421607	[160, 331, 241, 19, 334, 1086, 1112]	148615
450	0.9372473684023878	0.992204713073445	2.2963978496547215	2.7206108825640802	[2872, 241, 19, 132, 1108, 1086, 1112]	190193
451	0.937631408171109	0.9922804690202531	2.2963978496547215	3.953054227268243	[734, 10, 158, 420, 458, 1086, 1112]	192493
452	0.9380130976552253	0.9923447716523209	2.2963978496547215	3.348490564182004	[2004, 19, 132, 1713, 174, 1086, 1112]	472784
453	0.9383924512382412	0.9924315656245168	2.2963978496547215	3.4061245259816175	[19, 132, 241, 1729, 1094, 1086, 1112]	136645
454	0.9387694832156356	0.9925483624512991	2.2963978496547215	3.0635001754261895	[1819, 1513, 1031, 132, 1108, 1086, 1112]	135090
455	0.9391442077954003	0.9926328481377923	2.2963978496547215	4.2175247836024825	[2709, 2520, 1277, 254, 174, 1086, 1112]	147623
456	0.939516639098576	0.9927044433939848	2.2963978496547215	2.459046640849971	[157, 10, 734, 1203, 174, 1086, 1112]	132050
457	0.9398867911597837	0.9928009454654929	2.2963978496547215	3.38099684896389	[1392, 3083, 19, 132, 1108, 1086, 1096]	130444
458	0.9402546779277541	0.9928825673989907	2.2963978496547215	3.745000221040084	[193, 1265, 415, 255, 174, 1086, 1112]	129826
459	0.9406203132658532	0.992933385029271	2.2963978496547215	2.7760423804394057	[811, 734, 19, 132, 1108, 1086, 1112]	172068
460	0.9409837109526042	0.993013505380413	2.2963978496547215	3.8027096936396845	[2068, 396, 1728, 132, 1108, 1086, 1112]	123620
461	0.9413448846822078	0.9930814013436743	2.2963978496547215	3.324462254706714	[2751, 331, 241, 132, 1108, 1086, 1112]	125335
462	0.9417038480650569	0.9931729171989168	2.2963978496547215	3.114445558142182	[3158, 3083, 19, 132, 1108, 1086, 1096]	124198
463	0.9420606146282504	0.993299344658196	2.2963978496547215	3.906588029606888	[3895, 1030, 1032, 1729, 1094, 1086, 1112]	137978
464	0.942415197816103	0.9934057042667961	2.2963978496547215	3.0243219050251575	[1259, 734, 19, 132, 1108, 1086, 1096]	148341
465	0.942767610990651	0.9934804695245422	2.2963978496547215	4.105601844702741	[837, 160, 320, 836, 1089, 1086, 1112]	141955
466	0.943117867432157	0.9935667067001435	2.2963978496547215	3.1034592255838813	[2764, 400, 19, 132, 1108, 1086, 1112]	418763
467	0.9434659803396092	0.9936396465334753	2.2963978496547215	3.2045923090637043	[2047, 232, 320, 836, 1089, 1086, 1112]	148058
468	0.9438119628312196	0.9937378001363537	2.2963978496547215	3.085833609876837	[2872, 241, 1209, 132, 1108, 1086, 1112]	153500
469	0.9441558279449183	0.993789963400524	2.2963978496547215	2.7760423804394057	[811, 734, 19, 132, 1108, 1086, 1112]	159188
470	0.9444975886388438	0.9938721067417869	2.2963978496547215	3.6493987099439575	[1715, 132, 241, 1729, 1094, 1086, 1096]	158147
471	0.9448372577918331	0.9939316586684945	2.2963978496547215	3.2856764027988357	[950, 1987, 19, 132, 1108, 1086, 1096]	193397
472	0.9451748482039053	0.9939906318592768	2.2963978496547215	3.5878125065263164	[734, 10, 438, 2627, 261, 1086, 1112]	157849
473	0.9455103725967449	0.9940587652849087	2.2963978496547215	4.15544797270732	[1535, 496, 438, 2627, 261, 1086, 1112]	208592
474	0.9458438436141811	0.9941165032316054	2.2963978496547215	3.766087964836969	[1742, 400, 19, 1987, 334, 1086, 1112]	148463
475	0.9461752738226638	0.9941655119510422	2.2963978496547215	3.7904262377360016	[1547, 107, 734, 1203, 174, 1086, 1096]	139029
476	0.9465046757117379	0.9942316626091937	2.2963978496547215	3.1015860273876683	[241, 1729, 1032, 132, 1108, 1086, 1112]	154133
477	0.9468320616945134	0.9942797120668431	2.2963978496547215	3.5857481821424635	[811, 734, 19, 132, 1094, 1086, 1112]	169280
478	0.9471574441081331	0.9943553772511441	2.2963978496547215	3.944268914638233	[158, 420, 2307, 1468, 1089, 1086, 1112]	183851
479	0.9474808352142381	0.9944023961828297	2.2963978496547215	3.636173853957505	[1715, 132, 241, 217, 261, 1086, 1112]	170479
480	0.9478022471994292	0.9944764385613637	2.2963978496547215	3.38931764995015	[3284, 813, 19, 132, 1108, 1086, 1096]	328288
481	0.9481216921757266	0.9945301174869092	2.2963978496547215	4.0447778409695845	[107, 160, 320, 836, 1089, 1086, 1112]	134799
482	0.9484391821810261	0.9945921342954477	2.2963978496547215	4.340854126834757	[1807, 157, 10, 158, 1089, 1086, 1112]	136197
483	0.9487547291795527	0.9946636669105872	2.2963978496547215	4.050679771487691	[2051, 1849, 420, 1582, 1087, 1086, 1112]	129677
484	0.9490683450623117	0.9947081178317818	2.2963978496547215	3.9839652106672077	[1879, 496, 217, 132, 1094, 1086, 1112]	149750
485	0.9493800416475368	0.9947897826800568	2.2963978496547215	3.717549963485718	[2636, 162, 1192, 836, 1089, 1086, 1112]	154463
486	0.9496898306811348	0.9948331830742254	2.2963978496547215	3.6380241084139104	[1726, 132, 19, 1987, 334, 1086, 1112]	173280
487	0.9499977238371291	0.9949129179033269	2.2963978496547215	3.3735256287391433	[2654, 232, 320, 836, 1089, 1086, 1112]	250394
488	0.9503037327180994	0.9949705945710896	2.2963978496547215	3.6842025108052026	[2872, 241, 1729, 1822, 1094, 1086, 1112]	138339
489	0.9506078688556183	0.9950194712030518	2.2963978496547215	3.931206349378085	[161, 10, 301, 2627, 261, 1086, 1112]	174709
490	0.9509101437106868	0.9950853512135934	2.2963978496547215	3.677007465034425	[394, 193, 1265, 255, 174, 1086, 1112]	194637
491	0.9512105686741655	0.9951410728551627	2.2963978496547215	4.0160898199726445	[4349, 158, 420, 1822, 1094, 1086, 1112]	157756
492	0.9515091550672041	0.9951757650225561	2.2963978496547215	2.340398178917159	[107, 10, 734, 1203, 174, 1086, 1112]	174940
493	0.9518059141416682	0.9952226477725798	2.2963978496547215	3.8301026136703227	[241, 1126, 132, 19, 334, 1086, 1112]	147590
494	0.9521008570805627	0.9952858402623606	2.2963978496547215	3.534097824321477	[320, 232, 1192, 836, 1089, 1086, 1112]	253741
495	0.9523939949984539	0.9953194988075212	2.2963978496547215	3.889229274021643	[1549, 162, 107, 1546, 234, 1086, 1112]	155606
496	0.9526853389418883	0.9953584867391537	2.2963978496547215	2.6103471929178546	[2004, 19, 734, 1203, 174, 1086, 1096]	142476
497	0.9529748998898083	0.9953971499066743	2.2963978496547215	3.4617067333156504	[1791, 420, 158, 1713, 174, 1086, 1112]	150108
498	0.9532626887539665	0.995458034167168	2.2963978496547215	4.077435439980537	[1515, 1031, 241, 132, 1094, 1086, 1112]	156963
499	0.9535487163793364	0.9955021737768166	2.2963978496547215	2.8049635938983744	[1872, 193, 394, 432, 422, 19, 794]	168590
