0	0.0061198990216660976	0.007139882191943836	2.954117646351909	2.954117646351909	[107, 734, 19, 132, 1108, 1086, 1112]	139696
1	0.012202344879296834	0.018396799627409255	2.954117646351909	3.8498592301671577	[2796, 1791, 420, 158, 1115, 1086, 1096]	134539
2	0.01824756678247408	0.027936189329766825	2.954117646351909	3.9134846086659483	[107, 10, 159, 1713, 174, 1086, 1112]	132571
3	0.024255792538040333	0.03603334726954377	2.954117646351909	3.684526476794801	[846, 10, 438, 2627, 261, 1086, 1112]	132697
4	0.030227248558683195	0.04291595560700168	2.954117646351909	3.420312469452278	[157, 10, 734, 19, 334, 1086, 1096]	134626
5	0.036162159871467314	0.0537672486273304	2.954117646351909	3.2045923090637043	[2047, 232, 320, 836, 1089, 1086, 1112]	133676
6	0.04206075012631472	0.06052323899829015	2.4629503543304447	2.4629503543304447	[1019, 10, 734, 1203, 174, 1086, 1112]	133087
7	0.04792324160443229	0.07295018028138156	2.4629503543304447	3.7647275910015576	[107, 162, 2636, 836, 1089, 1086, 1112]	254106
8	0.0537498552266884	0.08521274403427337	2.4629503543304447	3.4542457649008567	[421, 261, 217, 132, 1108, 1086, 1112]	133202
9	0.05954081056193805	0.09558448163025668	2.4629503543304447	3.937435419371746	[1792, 1791, 420, 158, 1115, 1086, 1112]	132795
10	0.06529632583529699	0.10311813859293673	2.4629503543304447	3.743934906622771	[2607, 1587, 132, 1713, 174, 1086, 1112]	129298
11	0.07101661793636527	0.10952176942347447	2.4629503543304447	2.8066942250663134	[3, 19, 734, 1203, 174, 1086, 1112]	132873
12	0.0767019024274006	0.12130058199723803	2.4629503543304447	3.799585859424228	[841, 840, 843, 3094, 174, 1086, 1096]	133278
13	0.0823523935514413	0.1298399349418713	2.4629503543304447	3.019399258546427	[382, 409, 19, 132, 1108, 1086, 1112]	371373
14	0.08796830424038005	0.13605277529452053	2.4629503543304447	3.2567639040455356	[1792, 496, 217, 132, 19, 2372, 794]	168739
15	0.09354984612298778	0.14222125669897445	2.4629503543304447	3.190121354476479	[160, 107, 734, 1203, 174, 1086, 1112]	239268
16	0.0990972295328888	0.15055729890792513	2.4629503543304447	3.1455033926936977	[10, 232, 320, 836, 1089, 1086, 1112]	149721
17	0.10461066351648673	0.16018816853481943	2.4629503543304447	3.5772400492380187	[1849, 420, 158, 1713, 174, 1086, 1112]	135276
18	0.11009035584084248	0.1697098446285289	2.4629503543304447	3.3351497941683217	[1535, 496, 217, 132, 1108, 1086, 1112]	140969
19	0.11553651300150336	0.17912356521097184	2.4629503543304447	3.3735256287391433	[2654, 232, 320, 836, 1089, 1086, 1112]	126900
20	0.12094934023028481	0.18498452624950834	2.4629503543304447	4.0078871161168195	[107, 10, 158, 1546, 234, 1086, 1112]	344939
21	0.1263290415030044	0.1908036407166982	2.4629503543304447	4.0078871161168195	[107, 10, 158, 1546, 234, 1086, 1112]	175148
22	0.13167581954716823	0.1999782026133342	2.4629503543304447	3.7247675443825	[1820, 10, 158, 1713, 174, 1086, 1112]	154164
23	0.13698987584961053	0.2123242180051037	2.4629503543304447	4.096078624044009	[3284, 162, 420, 158, 1115, 1086, 1096]	188022
24	0.14227141066408644	0.2212547824268145	2.4629503543304447	2.9495193561308453	[3895, 1030, 1032, 132, 1108, 1086, 1112]	203119
25	0.1475206230188183	0.22681493153782673	2.4629503543304447	3.1930874480904543	[19, 241, 132, 1713, 174, 1086, 1112]	191484
26	0.152737710723996	0.23558120215531164	2.4629503543304447	2.6023674981119003	[734, 19, 241, 132, 1108, 1086, 1112]	320950
27	0.1579228703792308	0.24103906231723005	2.4629503543304447	3.9982304743137034	[10, 158, 420, 1546, 234, 1086, 1112]	378407
28	0.1630762973809643	0.25308606132806766	2.4629503543304447	3.1064053138236165	[2196, 2197, 241, 132, 1108, 1086, 1096]	138019
29	0.1681981859298317	0.2615544733311508	2.4629503543304447	3.677007465034425	[394, 193, 1265, 255, 174, 1086, 1096]	142964
30	0.17328872903797987	0.2668268873967343	2.4629503543304447	3.44237026721747	[432, 422, 19, 132, 1094, 1086, 1096]	153728
31	0.1783481185363407	0.27206165704702245	2.4629503543304447	3.428889265862453	[10, 811, 3459, 1203, 174, 1086, 1112]	243436
32	0.1833765450818603	0.27913588778514664	2.4629503543304447	2.9740435102732192	[19, 241, 217, 132, 1108, 1086, 1112]	188197
33	0.18837419816468337	0.28867112736470824	2.4629503543304447	3.17425940896415	[1879, 496, 217, 132, 1108, 1086, 1096]	137249
34	0.19334126611529434	0.2945963991067765	2.4629503543304447	3.6652733987233415	[988, 420, 158, 1713, 174, 1086, 1112]	2148022
35	0.19827793611161382	0.30047231414961884	2.4629503543304447	3.5906685304021337	[2872, 241, 132, 387, 344, 1086, 1112]	400887
36	0.2031843941860525	0.3054668594165937	2.4629503543304447	4.33197955226444	[1549, 10, 158, 1546, 234, 1086, 1112]	177343
37	0.20806082523252156	0.311252225019121	2.4629503543304447	3.079407314371683	[1792, 496, 217, 132, 1108, 1086, 1112]	183425
38	0.2129074130134001	0.31906115670824653	2.4629503543304447	2.8232338638794454	[2872, 241, 1031, 132, 1108, 1086, 1112]	225557
39	0.21772434016646003	0.3280682842650158	2.4629503543304447	3.179899696473333	[1792, 232, 320, 836, 1089, 1086, 1112]	538800
40	0.22251178821174855	0.3328657975563942	2.4629503543304447	3.889229274021643	[1549, 162, 107, 1546, 234, 1086, 1112]	1015741
41	0.2272699375584284	0.3384229337700019	2.4629503543304447	3.2771900877665443	[2872, 241, 132, 19, 334, 1086, 1112]	3097628
42	0.23199896751157656	0.34485225414152765	2.4629503543304447	3.021211317745953	[331, 241, 1031, 132, 1108, 1086, 1112]	1844456
43	0.23669905627894106	0.3512190932655167	2.4629503543304447	3.428889265862453	[195, 3284, 734, 1203, 174, 1086, 1112]	531555
44	0.2413703809776564	0.3585748858588782	2.4629503543304447	2.632664465514411	[432, 422, 19, 132, 1108, 1086, 1112]	201367
45	0.24601311764091816	0.3658472794432447	2.4629503543304447	3.7999857451295664	[2627, 438, 217, 132, 1108, 1086, 1112]	201529
46	0.25062744122461655	0.37303721958561153	2.4629503543304447	2.796959156295561	[1549, 107, 734, 1203, 174, 1086, 1112]	197196
47	0.2552135256139294	0.37913015233988157	2.4629503543304447	3.057910963885006	[160, 331, 241, 132, 1108, 1086, 1096]	225215
48	0.25977154362987487	0.3835630899087049	2.4629503543304447	2.954117646351909	[107, 734, 19, 132, 1108, 1086, 1112]	2624542
49	0.2643016670358238	0.3905521705219849	2.4629503543304447	3.58149179012917	[1792, 232, 10, 158, 1115, 1086, 1112]	927403
50	0.2688040665439726	0.3986136497478846	2.4629503543304447	3.9773727067948164	[545, 2040, 438, 2627, 261, 1086, 1096]	257172
51	0.2732789118217763	0.40543208909314665	2.4629503543304447	2.9837054211849563	[2872, 241, 217, 132, 1108, 1086, 1112]	239520
52	0.27772637149834234	0.4103847580719625	2.4629503543304447	4.000647826185984	[1819, 241, 19, 1987, 334, 1086, 1112]	197850
53	0.2821466131707848	0.41529617199889324	2.4629503543304447	3.4492211628073086	[1819, 241, 132, 1713, 174, 1086, 1112]	196330
54	0.28653980341054064	0.41947088844799973	2.4629503543304447	3.3983687794952298	[3075, 334, 19, 132, 1108, 1086, 1112]	199050
55	0.2909061077696462	0.4243066161577207	2.4629503543304447	3.072870092297131	[669, 811, 734, 1203, 174, 1086, 1096]	1609222
56	0.29524569078697616	0.4299013040473444	2.4629503543304447	3.2955640872694314	[193, 232, 320, 836, 1089, 1086, 1112]	876613
57	0.29955871599444395	0.43744229208904617	2.4629503543304447	3.610381129071108	[107, 162, 1192, 836, 1089, 1086, 1112]	320891
58	0.30384534592316415	0.4429093252077143	2.4629503543304447	3.2101357842980427	[1792, 232, 1879, 836, 2348, 2372, 794]	328751
59	0.3081057421095773	0.4492255460103479	2.4629503543304447	3.9294546393025795	[432, 422, 19, 387, 344, 1086, 1112]	217700
60	0.31234006510153733	0.45651092238587243	2.4629503543304447	3.7878980300438867	[223, 22, 23, 5272, 174, 1086, 1112]	198458
61	0.3165484744643614	0.4648980995095472	2.4629503543304447	3.027434532504193	[1647, 1697, 241, 132, 1108, 1086, 1112]	200763
62	0.3207311287868432	0.4687186640397343	2.4629503543304447	3.3046552615698683	[734, 19, 132, 217, 261, 1086, 1112]	2327905
63	0.32488818568722877	0.47574619493867965	2.2963978496547215	2.2963978496547215	[846, 10, 734, 1203, 174, 1086, 1112]	733770
64	0.3290198018191567	0.48011315707996505	2.2963978496547215	2.7871083623429813	[1555, 2229, 734, 1203, 174, 1086, 1112]	261471
65	0.333126132877561	0.48600756572985204	2.2963978496547215	3.668017645128386	[19, 132, 1032, 1729, 1094, 1086, 1112]	666566
66	0.33720733360453825	0.491835144349695	2.2963978496547215	2.9837054211849563	[2872, 241, 217, 132, 1108, 1086, 1112]	817999
67	0.34126355779517925	0.497596650649585	2.2963978496547215	3.77511772239498	[2654, 232, 10, 158, 1115, 1086, 1112]	353309
68	0.3452949583033643	0.5032928337487961	2.2963978496547215	2.6023674981119003	[734, 19, 241, 132, 1108, 1086, 1112]	247677
69	0.3493016870475234	0.5090853371453116	2.2963978496547215	4.183647504611264	[2042, 2040, 438, 2627, 261, 1086, 1112]	2866034
70	0.35328389501636104	0.5166611807078839	2.2963978496547215	3.2274861155624004	[1723, 241, 1031, 132, 1108, 1086, 1112]	547083
71	0.35724173227454614	0.5206873266411793	2.2963978496547215	3.748906394713189	[3, 19, 132, 217, 261, 1086, 1112]	220454
72	0.3611753479683669	0.5261217106928666	2.2963978496547215	3.2418942286645542	[813, 3284, 734, 1203, 174, 1086, 1112]	201885
73	0.3650848903313515	0.5307269418814685	2.2963978496547215	3.7115410360418	[1549, 162, 420, 158, 1115, 1086, 1112]	202051
74	0.36897050668985365	0.5352874186367507	2.2963978496547215	4.470071007570224	[359, 158, 10, 161, 1023, 1086, 1112]	2784095
75	0.37283234346860483	0.5414344104537249	2.2963978496547215	4.050679771487691	[2051, 1849, 420, 1582, 1087, 1086, 1112]	785907
76	0.37667054619623197	0.5466335667977869	2.2963978496547215	3.2856764027988357	[950, 1987, 19, 132, 1108, 1086, 1096]	660737
77	0.3804852595107413	0.5517737757910093	2.2963978496547215	2.6023674981119003	[734, 19, 241, 132, 1108, 1086, 1112]	411423
78	0.38427662716496924	0.5568557057707031	2.2963978496547215	4.018250503814909	[1715, 132, 1729, 1822, 1094, 1086, 1112]	202443
79	0.38804479203199926	0.5611622586786651	2.2963978496547215	3.668053645646185	[1549, 162, 10, 158, 1115, 1086, 1112]	2654092
80	0.39178989611054615	0.565426959760505	2.2963978496547215	3.831483791594195	[1579, 1580, 438, 3366, 150, 1086, 1112]	533424
81	0.3955120805303066	0.5711752803985937	2.2963978496547215	3.7669360755340033	[241, 132, 1729, 1822, 1094, 1086, 1112]	260278
82	0.39921148555727815	0.5760372386707184	2.2963978496547215	2.9837054211849563	[2872, 241, 217, 132, 1108, 1086, 1112]	208369
83	0.40288825059904443	0.579568790201991	2.2963978496547215	3.2771900877665443	[2872, 241, 132, 19, 334, 1086, 1096]	222482
84	0.4065425142100286	0.5836546134264614	2.2963978496547215	2.6385976592037066	[77, 19, 734, 1203, 174, 1086, 1112]	2763536
85	0.41017441409671507	0.589161827534577	2.2963978496547215	2.5846064999161147	[1529, 2229, 734, 1203, 174, 1086, 1112]	558223
86	0.4137840871228382	0.592584053044493	2.2963978496547215	2.424582476907486	[1873, 10, 734, 1203, 174, 1086, 1112]	260493
87	0.4173716693145403	0.5972032814680248	2.2963978496547215	4.420552945270073	[4210, 415, 2558, 255, 174, 1086, 1112]	262733
88	0.4209372958654972	0.6011177296558963	2.2963978496547215	3.9908562268171925	[107, 232, 1192, 836, 1089, 1086, 1112]	294362
89	0.4244811011420133	0.6039657020746083	2.2963978496547215	3.1669180958487546	[331, 241, 1720, 132, 1108, 1086, 1112]	353559
90	0.42800321868808466	0.6072646133442909	2.2963978496547215	3.6927980254785133	[1715, 132, 387, 344, 174, 1086, 1112]	329991
91	0.43150378123043165	0.6110812837685446	2.2963978496547215	3.888843686064561	[377, 162, 420, 1822, 1094, 1086, 1096]	1368074
92	0.4349829206835004	0.6143209232207016	2.2963978496547215	3.7852347801075377	[305, 496, 217, 132, 1108, 1086, 1096]	185046
93	0.4384407681544341	0.6204428133283095	2.2963978496547215	3.1064053138236165	[2196, 2197, 241, 132, 1108, 1086, 1112]	236517
94	0.44187745394801337	0.6241314157255077	2.2963978496547215	3.937435419371746	[1792, 1791, 420, 158, 1115, 1086, 1112]	222774
95	0.4452931075715667	0.6277841716465427	2.2963978496547215	3.7813728741198744	[1794, 1791, 420, 1822, 1094, 1086, 1112]	196390
96	0.44868785773985087	0.6314014294536705	2.2963978496547215	3.9753600123840362	[10, 415, 1265, 255, 174, 1086, 1112]	192893
97	0.4520618323799014	0.6344718048851268	2.2963978496547215	3.3046552615698683	[734, 19, 132, 217, 261, 1086, 1112]	194244
98	0.45541515863585313	0.6386161154873362	2.2963978496547215	3.021211317745953	[331, 241, 1031, 132, 1108, 1086, 1112]	2706315
99	0.45874796287373176	0.6441930272853711	2.2963978496547215	4.035636505389296	[2558, 415, 1265, 255, 174, 1086, 1112]	306145
100	0.46206037068621564	0.6488994687233953	2.2963978496547215	4.349594341006103	[396, 1728, 132, 217, 261, 1086, 1096]	201997
101	0.4653525068973685	0.654472493029373	2.2963978496547215	3.1064053138236165	[2607, 1587, 241, 132, 1108, 1086, 1112]	199547
102	0.46862449556734354	0.6590429626982968	2.2963978496547215	3.610381129071108	[107, 162, 1192, 836, 1089, 1086, 1112]	398922
103	0.4718764599970583	0.6643046453727057	2.2963978496547215	3.5880194384738697	[2264, 232, 320, 836, 1089, 1086, 1112]	560953
104	0.4751085227328411	0.6667014706571275	2.2963978496547215	3.1148748190664355	[157, 651, 734, 1203, 174, 1086, 1112]	580818
105	0.4783208055710493	0.6704803655476361	2.2963978496547215	3.7364097355819466	[2004, 19, 132, 387, 344, 1086, 1096]	2698765
106	0.4815134295626585	0.6742164158248738	2.2963978496547215	3.898557652429812	[457, 542, 269, 132, 1108, 1086, 1112]	226510
107	0.484686515017825	0.6792439402720208	2.2963978496547215	3.653542571612352	[1792, 496, 1879, 836, 1089, 1086, 1112]	197781
108	0.48784018151041875	0.6819157941639657	2.2963978496547215	2.2963978496547215	[846, 10, 734, 1203, 174, 1086, 1112]	198445
109	0.4909745478825298	0.684186877920753	2.2963978496547215	2.632664465514411	[432, 422, 19, 132, 1108, 1086, 1112]	207569
110	0.4940897322489467	0.6890605372120994	2.2963978496547215	3.8821799646717103	[331, 241, 1729, 1822, 1094, 1086, 1112]	271732
111	0.49718585200160725	0.6920823006988622	2.2963978496547215	3.487276315966888	[1743, 1742, 400, 19, 334, 1086, 1112]	352255
112	0.5002630238140224	0.6950746981653455	2.2963978496547215	2.8080246507420323	[3621, 1720, 241, 132, 1108, 1086, 1112]	2503153
113	0.5033213636456735	0.6999147823214511	2.2963978496547215	3.8183756353871248	[2607, 1587, 132, 19, 334, 1086, 1112]	328274
114	0.5063609867463807	0.7028310623766363	2.2963978496547215	3.4414835971976077	[241, 132, 387, 344, 174, 1086, 1096]	197834
115	0.5093820076606477	0.7049528135823722	2.2963978496547215	2.4284869069402104	[10, 734, 19, 132, 1108, 1086, 1112]	199932
116	0.5123845402319771	0.708855554143452	2.2963978496547215	3.529780189505308	[3694, 673, 670, 132, 1108, 1086, 1112]	201540
117	0.5153686976071608	0.7112807473617488	2.2963978496547215	2.740062281339724	[1820, 733, 734, 1203, 174, 1086, 1112]	648002
118	0.5183345922405433	0.7145542082760148	2.2963978496547215	2.876898483739562	[1548, 19, 734, 1203, 174, 1086, 1112]	1268182
119	0.5212823358982609	0.7165922576011101	2.2963978496547215	2.3086134374228453	[158, 10, 734, 1203, 174, 1086, 1112]	2764766
120	0.5242120396624514	0.7193464630665999	2.2963978496547215	3.2418942286645542	[813, 3284, 734, 1203, 174, 1086, 1112]	267056
121	0.5271238139354417	0.7225284759570012	2.2963978496547215	3.44237026721747	[432, 422, 19, 132, 1094, 1086, 1112]	262482
122	0.5300177684439074	0.7245095899502874	2.2963978496547215	3.6859385065488217	[87, 1265, 415, 255, 174, 1086, 1112]	280357
123	0.5328940122430079	0.7268043872018468	2.2963978496547215	3.5906685304021337	[2872, 241, 132, 387, 344, 1086, 1112]	239435
124	0.5357526537204963	0.729080069107704	2.2963978496547215	2.8066942250663134	[3, 19, 734, 1203, 174, 1086, 1112]	506668
125	0.5385938006008033	0.7321517236529681	2.2963978496547215	3.3983687794952298	[3075, 334, 19, 132, 1108, 1086, 1112]	2040815
126	0.5414175599490971	0.73438286298114	2.2963978496547215	2.2963978496547215	[846, 10, 734, 1203, 174, 1086, 1112]	2170296
127	0.5442240381753178	0.7378963171745112	2.2963978496547215	3.2225752348164294	[457, 540, 19, 132, 1108, 1086, 1112]	1513615
128	0.5470133410381877	0.7404434861038163	2.2963978496547215	4.075229906501705	[1647, 1697, 241, 217, 261, 1086, 1112]	426915
129	0.5497855736491959	0.7422966890351865	2.2963978496547215	3.4786958857112795	[320, 232, 734, 1203, 174, 1086, 1112]	359062
130	0.5525408404765602	0.7452184952819532	2.2963978496547215	2.936799553153932	[734, 811, 3459, 1203, 174, 1086, 1112]	272246
131	0.5552792453491631	0.7481071744737677	2.2963978496547215	3.6652733987233415	[1582, 420, 158, 1713, 174, 1086, 1112]	202808
132	0.5580008914604654	0.7519944094355923	2.2963978496547215	3.179899696473333	[1792, 232, 320, 836, 1089, 1086, 1096]	202500
133	0.5607058813723937	0.7544045706655671	2.2963978496547215	3.9095502278242638	[193, 842, 157, 1713, 174, 1086, 1112]	3328500
134	0.5633943170192066	0.7576531874557051	2.2963978496547215	4.075229906501705	[1647, 1697, 241, 217, 261, 1086, 1112]	423665
135	0.5660662997113346	0.7593835151468644	2.2963978496547215	2.340398178917159	[107, 10, 734, 1203, 174, 1086, 1112]	196353
136	0.5687219301391991	0.7608560637371139	2.2963978496547215	2.502797503318474	[3580, 162, 107, 10, 734, 19, 794]	197356
137	0.5713613083770063	0.7640193433173108	2.2963978496547215	3.3037506737243847	[241, 1031, 132, 1713, 174, 1086, 1112]	203376
138	0.573984533886518	0.7666948609667744	2.2963978496547215	3.1207086718623307	[813, 19, 734, 1203, 174, 1086, 1112]	334781
139	0.5765917055208005	0.7693400439490106	2.2963978496547215	3.280753655086839	[1579, 1580, 438, 2627, 261, 1086, 1096]	302651
140	0.5791829215279491	0.7723911015687326	2.2963978496547215	3.348490564182004	[2004, 19, 132, 1713, 174, 1086, 1112]	2294190
141	0.5817582795547906	0.7749717013241892	2.2963978496547215	3.552027158796829	[2047, 232, 734, 1203, 174, 1086, 1096]	652497
142	0.5843178766505632	0.7775230425790169	2.2963978496547215	3.3858483055097928	[1873, 10, 734, 19, 334, 1086, 1112]	241596
143	0.5868618092705735	0.780045457062248	2.2963978496547215	3.606184402719541	[2047, 232, 10, 158, 1115, 1086, 1112]	295860
144	0.5893901732798315	0.7816159065864065	2.2963978496547215	3.8346457128531144	[734, 10, 415, 255, 174, 1086, 1112]	289243
145	0.5919030639566627	0.7845045850707133	2.2963978496547215	3.799585859424228	[841, 840, 843, 3094, 174, 1086, 1112]	252613
146	0.5944005759962993	0.7869478437433809	2.2963978496547215	3.5522711143030543	[1742, 400, 654, 132, 1108, 1086, 1112]	524317
147	0.5968828035144478	0.7884690110397927	2.2963978496547215	3.2698792660251526	[158, 10, 734, 19, 334, 1086, 1112]	1700110
148	0.5993498400508366	0.7905247057818745	2.2963978496547215	2.720670217809327	[1794, 1791, 420, 1582, 793, 4290, 794]	179598
149	0.6018017785727398	0.7932955430069819	2.2963978496547215	3.8757930307818453	[87, 1265, 1209, 132, 1108, 1086, 1096]	177375
150	0.6042387114784816	0.7964854266025532	2.2963978496547215	3.471296303685169	[1548, 241, 1031, 132, 1108, 1086, 1096]	176753
151	0.6066607306009177	0.7987928480696445	2.2963978496547215	3.5878125065263164	[734, 10, 438, 2627, 261, 1086, 1112]	179897
152	0.6090679272108961	0.8007482139776168	2.2963978496547215	4.172257239136601	[10, 159, 320, 836, 1089, 1086, 1112]	182466
153	0.611460392020696	0.8024079539694734	2.2963978496547215	2.6103471929178546	[2004, 19, 734, 1203, 174, 1086, 1112]	180542
154	0.6138382151874471	0.804648226600205	2.2963978496547215	4.224628656733913	[2004, 19, 1548, 255, 174, 1086, 1096]	180039
155	0.6162014863165263	0.8065466889267336	2.2963978496547215	3.7955371329617167	[160, 87, 1265, 255, 174, 1086, 1112]	178880
156	0.6185502944649346	0.8087400371248432	2.2963978496547215	4.157419514387434	[377, 162, 10, 158, 1089, 1086, 1112]	179628
157	0.6208847281446535	0.811269930813668	2.2963978496547215	2.732522825020183	[1742, 400, 19, 132, 1108, 1086, 1096]	176510
158	0.6232048753259798	0.8128420263504138	2.2963978496547215	2.8080246507420323	[3621, 1720, 241, 132, 1108, 1086, 1112]	175187
159	0.6255108234408409	0.8141783122335547	2.2963978496547215	2.6385976592037066	[77, 19, 734, 1203, 174, 1086, 1112]	180432
160	0.6278026593860897	0.8159841595393511	2.2963978496547215	3.532853129633992	[320, 232, 10, 158, 1115, 1086, 1112]	179663
161	0.6300804695267795	0.8172980109616916	2.2963978496547215	3.1930874480904543	[19, 241, 132, 1713, 174, 1086, 1112]	181174
162	0.6323443396994177	0.818602481639659	2.2963978496547215	3.4617067333156504	[1791, 420, 158, 1713, 174, 1086, 1112]	175427
163	0.6345943552152014	0.8201134980358301	2.2963978496547215	3.8704730745789604	[2297, 400, 19, 1987, 334, 1086, 1112]	173646
164	0.6368306008632311	0.8213978664677751	2.2963978496547215	2.6385976592037066	[77, 19, 734, 1203, 174, 1086, 1112]	176959
165	0.6390531609137072	0.8234228339681405	2.2963978496547215	4.120350998061798	[1549, 162, 420, 1582, 1087, 1086, 1112]	179669
166	0.641262119121105	0.8257585107675037	2.2963978496547215	3.3526247077004676	[331, 241, 1587, 132, 1108, 1086, 1112]	177567
167	0.6434575587273302	0.8274518197007641	2.2963978496547215	2.6023674981119003	[734, 19, 241, 132, 1108, 1086, 1112]	177474
168	0.6456395624648572	0.8291286727648967	2.2963978496547215	3.9298641910143557	[241, 132, 19, 1987, 1114, 1086, 1112]	181017
169	0.6478082125598458	0.8310659894002153	2.2963978496547215	2.6103471929178546	[2004, 19, 734, 1203, 174, 1086, 1112]	177985
170	0.6499635907352397	0.8327077193380169	2.2963978496547215	2.836907934762174	[2297, 400, 19, 132, 1108, 1086, 1112]	175921
171	0.6521057782138465	0.8346044572140031	2.2963978496547215	4.128474667859766	[193, 232, 10, 158, 1089, 1086, 1112]	179463
172	0.6542348557213988	0.8362117997094938	2.2963978496547215	3.2212052831254727	[160, 2229, 734, 1203, 174, 1086, 1112]	176190
173	0.6563509034895958	0.8380688087830823	2.2963978496547215	3.6070016106851464	[1723, 241, 132, 1713, 174, 1086, 1112]	178007
174	0.6584540012591262	0.8405677469191458	2.2963978496547215	3.0635001754261895	[1819, 1513, 1031, 132, 1108, 1086, 1112]	177289
175	0.6605442282826743	0.842676639155665	2.2963978496547215	3.601276362078189	[1549, 162, 1192, 836, 1089, 1086, 1096]	180020
176	0.6626216633279062	0.8442055347906927	2.2963978496547215	3.8307963042578113	[1549, 162, 420, 1822, 1094, 1086, 1112]	176917
177	0.6646863846804371	0.8459719119472607	2.2963978496547215	3.700535591088215	[1178, 2279, 1876, 1713, 174, 1086, 1112]	175816
178	0.6667384701467826	0.8474687835512719	2.2963978496547215	3.9092548125542814	[331, 160, 320, 836, 1089, 1086, 1112]	179578
179	0.6687779970572902	0.8491981624225726	2.2963978496547215	2.424582476907486	[1873, 10, 734, 1203, 174, 1086, 1112]	178044
180	0.6708050422690536	0.850454321002976	2.2963978496547215	3.869484279403511	[846, 10, 159, 1713, 174, 1086, 1112]	177264
181	0.6728196821688086	0.8527621246912016	2.2963978496547215	3.7852347801075377	[2627, 496, 217, 132, 1108, 1086, 1112]	178173
182	0.6748219926758121	0.8544314883568342	2.2963978496547215	3.934568935950093	[4015, 241, 19, 132, 1094, 1086, 1112]	181705
183	0.6768120492447027	0.8560819249967795	2.2963978496547215	3.8703935853399845	[1849, 420, 1879, 836, 1089, 1086, 1112]	176129
184	0.6787899268683444	0.8577136492031652	2.2963978496547215	2.918588336430587	[331, 241, 19, 132, 1108, 1086, 1112]	177437
185	0.6807557000806521	0.8599094262216349	2.2963978496547215	3.6952975032533644	[1792, 232, 1879, 836, 1089, 1086, 1112]	176582
186	0.682709442959401	0.8609096564146143	2.2963978496547215	3.517456662911222	[101, 370, 1032, 132, 1108, 1086, 1112]	178423
187	0.6846512291290177	0.8622613604339086	2.2963978496547215	3.8204237423157705	[2387, 1663, 1546, 234, 174, 1086, 1112]	177168
188	0.6865811317633546	0.8635999283597209	2.2963978496547215	3.7115410360418	[1549, 162, 420, 158, 1115, 1086, 1112]	177156
189	0.6884992235884477	0.8649254878508801	2.2963978496547215	4.35982977291251	[377, 162, 10, 161, 1023, 1086, 1112]	180453
190	0.6904055768852569	0.8662381653256043	2.2963978496547215	3.487276315966888	[1743, 1742, 400, 19, 334, 1086, 1112]	179397
191	0.6923002634923902	0.8677547394148831	2.2963978496547215	4.129006865849975	[2636, 162, 10, 232, 1023, 1086, 1112]	176522
192	0.69418335480881	0.8686989549959038	2.2963978496547215	2.4629843211448703	[241, 19, 734, 1203, 174, 1086, 1096]	177958
193	0.6960549217965248	0.870187628975542	2.2963978496547215	3.6599774008098205	[241, 132, 1032, 1729, 1094, 1086, 1112]	176621
194	0.6979150349832625	0.8714491680525533	2.2963978496547215	4.136040537272099	[87, 1265, 193, 232, 1023, 1086, 1112]	176396
195	0.6997637644651284	0.8729483031189958	2.2963978496547215	3.1064053138236165	[2607, 1587, 241, 132, 1108, 1086, 1112]	177628
196	0.701601179909247	0.8753683354405388	2.2963978496547215	3.710858051374953	[195, 190, 196, 1078, 334, 1086, 1112]	177449
197	0.7034273505563867	0.8767813928618479	2.2963978496547215	4.0160898199726445	[2151, 158, 420, 1822, 1094, 1086, 1112]	180559
198	0.7052423452235697	0.8776611592006697	2.2963978496547215	3.881699867171635	[158, 10, 159, 1713, 174, 1086, 1112]	176028
199	0.7070462323066644	0.8792793978355815	2.2963978496547215	3.77454724064593	[1791, 420, 545, 132, 1108, 1086, 1096]	178474
200	0.7088390797829642	0.8804525815300851	2.2963978496547215	3.7218324981200333	[119, 409, 19, 132, 1094, 1086, 1112]	173798
201	0.7106209552137479	0.881614364022504	2.2963978496547215	3.5680410021327917	[1799, 1019, 19, 132, 1108, 1086, 1112]	174538
202	0.712391925746826	0.8834413028493172	2.2963978496547215	4.366356687045115	[1667, 1663, 1546, 234, 174, 1086, 1112]	178261
203	0.7141520581190712	0.8847628300278965	2.2963978496547215	3.885564251835354	[1270, 261, 217, 132, 1108, 1086, 1112]	178154
204	0.7159014186589336	0.8860693739051312	2.2963978496547215	3.58149179012917	[1792, 232, 10, 158, 1115, 1086, 1112]	179624
205	0.7176400732889395	0.8873611043597215	2.2963978496547215	3.7165805030848844	[846, 10, 301, 2627, 261, 1086, 1112]	179771
206	0.7193680875281763	0.8884557486322218	2.2963978496547215	3.123661932901401	[119, 123, 19, 132, 1108, 1086, 1112]	174524
207	0.7210855264947609	0.8893848969151688	2.2963978496547215	2.81050582782964	[3284, 811, 734, 1203, 174, 1086, 1112]	176422
208	0.722792454908294	0.8901746757198441	2.2963978496547215	3.072870092297131	[420, 107, 734, 1203, 174, 1086, 1096]	178352
209	0.7244889370922993	0.8914198608023856	2.2963978496547215	3.021211317745953	[331, 241, 1031, 132, 1108, 1086, 1112]	175546
210	0.7261750369766463	0.8924750613776782	2.2963978496547215	4.58045498464992	[1549, 162, 1541, 156, 1115, 1086, 1112]	177785
211	0.7278508180999608	0.8933707293378808	2.2963978496547215	3.6927980254785133	[1715, 132, 387, 344, 174, 1086, 1112]	178702
212	0.729516343612018	0.8944069710352774	2.2963978496547215	3.1005864631871427	[734, 19, 132, 1713, 174, 1086, 1112]	178753
213	0.7311716762761236	0.8954331423566062	2.2963978496547215	3.2381927086432682	[10, 734, 19, 132, 1094, 1086, 1112]	177842
214	0.7328168784714775	0.8964493411675235	2.2963978496547215	3.6198665328164	[734, 10, 301, 2627, 261, 1086, 1112]	175369
215	0.7344520121955256	0.8974556643826107	2.2963978496547215	2.6023674981119003	[734, 19, 241, 132, 1108, 1086, 1112]	179036
216	0.7360771390662955	0.8983098446043299	2.2963978496547215	3.530316684267138	[2872, 241, 19, 132, 1094, 1086, 1112]	176636
217	0.737692320324719	0.899654952479934	2.2963978496547215	2.827335004645362	[1579, 1580, 301, 2729, 438, 774, 794]	177128
218	0.7392976168369392	0.9006301230097695	2.2963978496547215	3.34726941370665	[382, 400, 19, 132, 1108, 1086, 1096]	175086
219	0.7408930890966048	0.9017567656060306	2.2963978496547215	3.5878125065263164	[734, 10, 438, 2627, 261, 1086, 1096]	178552
220	0.7424787972271494	0.902458210725759	2.2963978496547215	3.8671728165858967	[734, 10, 158, 1546, 234, 1086, 1112]	174878
221	0.7440548009840573	0.9032707204240035	2.2963978496547215	4.0578870448419435	[1259, 734, 19, 1987, 334, 1086, 1112]	174230
222	0.7456211597571152	0.9042107522954903	2.2963978496547215	4.54807103025587	[87, 160, 320, 232, 1023, 1086, 1112]	176499
223	0.7471779325726502	0.9052967981878317	2.2963978496547215	3.935948041463269	[837, 162, 107, 836, 1089, 1086, 1112]	174119
224	0.7487251780957545	0.9059729678919705	2.2963978496547215	4.0341359208994385	[420, 107, 734, 19, 334, 1086, 1112]	177713
225	0.7502629546324955	0.9070390340156442	2.2963978496547215	3.5525593625647307	[2004, 19, 132, 217, 261, 1086, 1112]	174028
226	0.7517913201321139	0.9077027643612219	2.2963978496547215	2.732522825020183	[1742, 400, 19, 132, 1108, 1086, 1112]	178229
227	0.7533103321892064	0.9083617557503247	2.2963978496547215	3.2698792660251526	[158, 10, 734, 19, 334, 1086, 1112]	176783
228	0.7548200480458969	0.9091250897299139	2.2963978496547215	3.079407314371683	[1792, 496, 217, 132, 1108, 1086, 1112]	179106
229	0.7563205245939929	0.9098820652423678	2.2963978496547215	3.6070016106851464	[4015, 241, 132, 1713, 174, 1086, 1112]	178933
230	0.7578118183771302	0.9109038105344044	2.2963978496547215	4.491172646334036	[1742, 400, 654, 311, 174, 1086, 1112]	173489
231	0.7592939855929031	0.9116459695470291	2.2963978496547215	3.9481954674166575	[421, 438, 217, 132, 1108, 1086, 1112]	176875
232	0.7607670820949822	0.912381946477083	2.2963978496547215	4.450435629418038	[1792, 496, 438, 3366, 150, 1086, 1112]	174520
233	0.7622311633952195	0.9132334338776944	2.2963978496547215	3.123661932901401	[119, 123, 19, 132, 1108, 1086, 1112]	177193
234	0.7636862846657397	0.9142171817929133	2.2963978496547215	4.126894946261005	[1712, 132, 241, 1729, 1094, 1086, 1112]	174547
235	0.7651325007410201	0.9151897761036513	2.2963978496547215	2.852510554598944	[3284, 811, 3459, 1203, 174, 1086, 1112]	174452
236	0.7665698661199564	0.9163116044620686	2.2963978496547215	4.203838111107183	[1870, 1872, 843, 3094, 174, 1086, 1112]	175591
237	0.7679984349679162	0.9172604524840406	2.2963978496547215	3.7995633336040058	[846, 10, 157, 1713, 174, 1086, 1112]	177866
238	0.7694182611187811	0.9185372973531141	2.2963978496547215	3.717549963485718	[2636, 162, 1192, 836, 1089, 1086, 1112]	175660
239	0.7708293980769743	0.9193289659891382	2.2963978496547215	4.021838031435365	[107, 162, 10, 232, 1023, 1086, 1112]	176713
240	0.7722318990194776	0.9206094585924852	2.2963978496547215	3.830284031234858	[2486, 257, 320, 836, 1089, 1086, 1112]	179897
241	0.7736258167978352	0.9211762977052895	2.2963978496547215	3.660212642330709	[10, 158, 420, 1822, 1094, 1086, 1112]	176878
242	0.7750112039401446	0.9220699904750708	2.2963978496547215	3.7813728741198744	[1794, 1791, 420, 1822, 1094, 1086, 1112]	178747
243	0.7763881126530371	0.9228273277882382	2.2963978496547215	2.7871083623429813	[1555, 2229, 734, 1203, 174, 1086, 1096]	172959
244	0.7777565948236447	0.9234701655409393	2.2963978496547215	4.363441240554922	[1873, 10, 438, 3366, 150, 1086, 1112]	175588
245	0.7791167020215551	0.9246849248180672	2.2963978496547215	2.836907934762174	[2297, 400, 19, 132, 1108, 1086, 1112]	177336
246	0.7804684855007559	0.925312289042823	2.2963978496547215	3.769588417848551	[377, 162, 420, 158, 1115, 1086, 1112]	174089
247	0.7818119962015646	0.9261590884867819	2.2963978496547215	3.7013281099420317	[1820, 733, 734, 19, 334, 1086, 1112]	174317
248	0.78314728475255	0.9268766872381251	2.2963978496547215	4.019545109823158	[734, 10, 232, 193, 1115, 1086, 1112]	173212
249	0.7844744014724385	0.9277057497410942	2.2963978496547215	3.844765130337648	[1873, 10, 301, 2627, 261, 1086, 1112]	176352
250	0.7857933963720113	0.9284083177708212	2.2963978496547215	3.532853129633992	[320, 232, 10, 158, 1115, 1086, 1112]	175476
251	0.7871043191559887	0.9289194739478606	2.2963978496547215	3.046618631255221	[3, 19, 241, 132, 1108, 1086, 1112]	174798
252	0.7884072192249029	0.9295115649603732	2.2963978496547215	2.6103471929178546	[2004, 19, 734, 1203, 174, 1086, 1112]	177324
253	0.78970214567696	0.9305993494517255	2.2963978496547215	3.717549963485718	[2636, 162, 1192, 836, 1089, 1086, 1112]	178949
254	0.79098914730989	0.9310948619206845	2.2963978496547215	3.3046552615698683	[734, 19, 132, 217, 261, 1086, 1112]	179245
255	0.7922682726227859	0.9315868364889903	2.2963978496547215	4.372532857515869	[1549, 162, 107, 10, 261, 1086, 1112]	174936
256	0.7935395698179306	0.9324917725142683	2.2963978496547215	4.379819488699962	[241, 1031, 1513, 2445, 234, 1086, 1112]	176505
257	0.7948030868026147	0.9331478291467827	2.2963978496547215	3.6198665328164	[734, 10, 301, 2627, 261, 1086, 1112]	176115
258	0.7960588711909402	0.9337975101074554	2.2963978496547215	3.6351640636789	[3065, 1460, 734, 1203, 174, 1086, 1112]	174332
259	0.7973069703056163	0.9345481052309536	2.2963978496547215	3.636173853957505	[1726, 132, 241, 217, 261, 1086, 1096]	176051
260	0.7985474311797415	0.9350154240488441	2.2963978496547215	2.3086134374228453	[158, 10, 734, 1203, 174, 1086, 1112]	174487
261	0.7997803005585766	0.9354794062654288	2.2963978496547215	2.4629843211448703	[241, 19, 734, 1203, 174, 1086, 1112]	176074
262	0.8010056249013066	0.9362109322714897	2.2963978496547215	2.632664465514411	[432, 422, 19, 132, 1108, 1086, 1112]	174630
263	0.8022234503827901	0.9369341643319036	2.2963978496547215	4.14523513180219	[2789, 2558, 415, 255, 174, 1086, 1112]	176093
264	0.803433822895301	0.9379074025366582	2.2963978496547215	3.085833609876837	[2872, 241, 1209, 132, 1108, 1086, 1112]	175829
265	0.8046367880502566	0.9384246253393516	2.2963978496547215	2.6103471929178546	[2004, 19, 734, 1203, 174, 1086, 1112]	176863
266	0.8058323911799374	0.9390230254818263	2.2963978496547215	3.069270376387018	[158, 1557, 734, 1203, 174, 1086, 1112]	179316
267	0.8070206773391946	0.9393961984085242	2.2963978496547215	2.594646100039662	[359, 158, 420, 1582, 793, 2372, 794]	175128
268	0.8082016913071481	0.9399851566358466	2.2963978496547215	4.2656442704403	[542, 269, 1337, 240, 234, 1086, 1112]	177087
269	0.8093754775888748	0.9404136555472347	2.2963978496547215	2.8080246507420323	[3621, 1720, 241, 132, 1108, 1086, 1096]	175806
270	0.8105420804170842	0.9412018347066627	2.2963978496547215	2.9740435102732192	[19, 241, 217, 132, 1108, 1086, 1112]	176637
271	0.8117015437537866	0.9417732454480946	2.2963978496547215	3.7638234480549677	[107, 734, 19, 132, 1094, 1086, 1112]	176485
272	0.8128539112919491	0.9426718064751302	2.2963978496547215	2.9495193561308453	[3895, 1030, 1032, 132, 1108, 1086, 1112]	176388
273	0.8139992264571421	0.9432289317766352	2.2963978496547215	2.5846064999161147	[1529, 2229, 734, 1203, 174, 1086, 1112]	176049
274	0.8151375324091761	0.9437806428380868	2.2963978496547215	3.44237026721747	[432, 422, 19, 132, 1094, 1086, 1112]	175109
275	0.816268872043728	0.9443269922760062	2.2963978496547215	3.190121354476479	[160, 107, 734, 1203, 174, 1086, 1112]	175549
276	0.8173932879939572	0.9447907407784968	2.2963978496547215	3.7813728741198744	[1794, 1791, 420, 1822, 1094, 1086, 1112]	171365
277	0.8185108226321126	0.9452506263197005	2.2963978496547215	2.7760423804394057	[811, 734, 19, 132, 1108, 1086, 1112]	175513
278	0.8196215180711294	0.9456415303978606	2.2963978496547215	3.1148748190664355	[157, 651, 734, 1203, 174, 1086, 1112]	170360
279	0.8207254161662154	0.9460296434669542	2.2963978496547215	3.1005864631871427	[734, 19, 132, 1713, 174, 1086, 1096]	176425
280	0.8218225585164294	0.9466415522711837	2.2963978496547215	2.732522825020183	[1742, 400, 19, 132, 1108, 1086, 1096]	173413
281	0.8229129864662477	0.947086020807034	2.2963978496547215	3.280753655086839	[1579, 1580, 438, 2627, 261, 1086, 1112]	171224
282	0.8239967411071227	0.9474638203847787	2.2963978496547215	3.555566438090408	[3621, 1720, 132, 19, 334, 1086, 1112]	174200
283	0.8250738632790312	0.9482745638973592	2.2963978496547215	4.05292790417838	[140, 2168, 1714, 132, 1108, 1086, 1112]	173715
284	0.8261443935720137	0.948643877417459	2.2963978496547215	3.7115410360418	[1549, 162, 420, 158, 1115, 1086, 1112]	174417
285	0.8272083723277035	0.9492261463809799	2.2963978496547215	2.7206108825640802	[2872, 241, 19, 132, 1108, 1086, 1112]	176296
286	0.8282658396408473	0.9500096935047302	2.2963978496547215	3.9628578890030424	[700, 232, 320, 836, 1089, 1086, 1112]	174743
287	0.8293168353608159	0.9504955079507483	2.2963978496547215	4.044864490813407	[432, 15, 422, 19, 334, 1086, 1112]	173174
288	0.8303613990931061	0.9508489641919521	2.2963978496547215	3.475167541633052	[331, 241, 132, 19, 334, 1086, 1112]	177303
289	0.8313995702008331	0.9511998967972335	2.2963978496547215	3.9333677346044587	[119, 123, 19, 132, 1094, 1086, 1112]	176585
290	0.8324313878062135	0.9518454008078522	2.2963978496547215	3.6621176059038643	[1794, 1791, 420, 158, 1115, 1086, 1112]	173086
291	0.8334568907920402	0.9523133755327515	2.2963978496547215	4.373100073228874	[160, 320, 157, 1713, 174, 1086, 1112]	171165
292	0.8344761178031472	0.9528540402092509	2.2963978496547215	2.836907934762174	[2297, 400, 19, 132, 1108, 1086, 1096]	174835
293	0.8354891072478661	0.9533122128019695	2.2963978496547215	2.4629843211448703	[241, 19, 734, 1203, 174, 1086, 1112]	176264
294	0.8364958972994733	0.9537011156524322	2.2963978496547215	3.831483791594195	[1579, 1580, 438, 3366, 150, 1086, 1112]	175646
295	0.8374965258976286	0.9540316842322922	2.2963978496547215	3.1816828750514636	[331, 241, 217, 132, 1108, 1086, 1112]	175255
296	0.838491030749805	0.9544145939846264	2.2963978496547215	4.099142909666698	[2051, 1849, 420, 1546, 234, 1086, 1112]	173620
297	0.8394794493327097	0.9547943141513516	2.2963978496547215	2.2963978496547215	[846, 10, 734, 1203, 174, 1086, 1112]	175168
298	0.8404618188936956	0.955491932760127	2.2963978496547215	3.582736484816656	[1792, 232, 1192, 836, 1089, 1086, 1112]	172125
299	0.8414381764521666	0.9558626788429249	2.2963978496547215	2.3720352638603415	[1820, 10, 734, 1203, 174, 1086, 1112]	173882
300	0.8424085588009705	0.9563631019852953	2.2963978496547215	2.8080246507420323	[3621, 1720, 241, 132, 1108, 1086, 1112]	173140
301	0.8433730025077875	0.9569403096309924	2.2963978496547215	3.617730452445091	[3621, 1720, 241, 132, 1094, 1086, 1112]	175877
302	0.8443315439165066	0.9573587711506135	2.2963978496547215	3.0957138887465803	[781, 19, 132, 1032, 1707, 1708, 794]	174014
303	0.8452842191485962	0.9579228085692562	2.2963978496547215	4.008979542711511	[87, 1265, 159, 1713, 174, 1086, 1112]	177199
304	0.846231064104465	0.9583317219942391	2.2963978496547215	3.9140256449799837	[420, 1822, 1094, 132, 1108, 1086, 1112]	171845
305	0.8471721144648147	0.9587366615278228	2.2963978496547215	2.8785220653926133	[77, 19, 241, 132, 1108, 1086, 1112]	174534
306	0.8481074056919847	0.95908037946595	2.2963978496547215	3.94706990566534	[2636, 162, 420, 1822, 1094, 1086, 1112]	171600
307	0.8490369730312887	0.9594780434167183	2.2963978496547215	3.487276315966888	[1743, 1742, 400, 19, 334, 1086, 1112]	176862
308	0.8499608515123422	0.9599374760310412	2.2963978496547215	3.555566438090408	[3621, 1720, 132, 19, 334, 1086, 1112]	177814
309	0.8508790759503835	0.9603268105691263	2.2963978496547215	3.5857481821424635	[811, 734, 19, 132, 1094, 1086, 1112]	174905
310	0.8517916809475847	0.9607123614868219	2.2963978496547215	3.9908562268171925	[107, 232, 1192, 836, 1089, 1086, 1112]	173633
311	0.8526987008943563	0.9610941655540053	2.2963978496547215	3.8471752679900506	[157, 10, 438, 2627, 261, 1086, 1112]	173008
312	0.8536001699706431	0.961371948628529	2.2963978496547215	3.6352445623212315	[781, 19, 132, 1713, 174, 1086, 1112]	172770
313	0.8544961221472118	0.9617473427137717	2.2963978496547215	3.3147954491973186	[1799, 232, 320, 836, 1089, 1086, 1112]	171774
314	0.8553865911869317	0.9620204621803241	2.2963978496547215	2.8066942250663134	[3, 19, 734, 1203, 174, 1086, 1112]	173332
315	0.8562716106460466	0.9624510691850824	2.2963978496547215	3.079407314371683	[1792, 496, 217, 132, 1108, 1086, 1112]	174883
316	0.8571512138754396	0.962763846617943	2.2963978496547215	2.424582476907486	[1873, 10, 734, 1203, 174, 1086, 1112]	175305
317	0.8580254340218895	0.9631860252277169	2.2963978496547215	3.262298240352031	[3248, 334, 19, 132, 1108, 1086, 1112]	177188
318	0.8588943040293203	0.9636034172319378	2.2963978496547215	3.636173853957505	[1726, 132, 241, 217, 261, 1086, 1112]	176555
319	0.8597578566400428	0.9638632845450911	2.2963978496547215	3.7218324981200333	[119, 409, 19, 132, 1094, 1086, 1112]	172590
320	0.8606161243959878	0.9642729978722443	2.2963978496547215	2.732522825020183	[1742, 400, 19, 132, 1108, 1086, 1096]	169047
321	0.8614691396399328	0.9647455772654685	2.2963978496547215	2.813571952967709	[19, 241, 1031, 132, 1108, 1086, 1112]	177815
322	0.862316934516721	0.9650881858440354	2.2963978496547215	3.38931764995015	[3284, 813, 19, 132, 1108, 1086, 1112]	177719
323	0.8631595409744721	0.9656269484081706	2.2963978496547215	3.1816828750514636	[331, 241, 217, 132, 1108, 1086, 1096]	177519
324	0.8639969907657867	0.965872367947114	2.2963978496547215	2.796959156295561	[1549, 107, 734, 1203, 174, 1086, 1112]	175905
325	0.8648293154489428	0.9663237916515172	2.2963978496547215	3.944268914638233	[158, 420, 2307, 1468, 1089, 1086, 1112]	170891
326	0.8656565463890848	0.9667056080727018	2.2963978496547215	2.456452605672925	[1917, 10, 734, 1203, 174, 1086, 1112]	170731
327	0.8664787147594055	0.9671460100823221	2.2963978496547215	3.3037506737243847	[241, 1031, 132, 1713, 174, 1086, 1112]	175604
328	0.867295851542321	0.9676530160995702	2.2963978496547215	4.4546350474649055	[3916, 249, 318, 158, 1115, 1086, 1112]	173426
329	0.8681079875306381	0.967883969753884	2.2963978496547215	2.5289675866494767	[195, 10, 734, 1203, 174, 1086, 1112]	173186
330	0.8689151533287149	0.9681132744263142	2.2963978496547215	3.8682161231477217	[241, 19, 387, 344, 174, 1086, 1112]	175074
331	0.8697173793536138	0.9683788864677443	2.2963978496547215	3.3107925902906414	[1500, 786, 19, 132, 1108, 1086, 1112]	176007
332	0.8705146958362477	0.9687971551652609	2.2963978496547215	3.7813728741198744	[1794, 1791, 420, 1822, 1094, 1086, 1112]	175414
333	0.8713071328225196	0.9690199398014345	2.2963978496547215	2.340398178917159	[107, 10, 734, 1203, 174, 1086, 1112]	172893
334	0.8720947201744544	0.9692411337815515	2.2963978496547215	3.072870092297131	[420, 107, 734, 1203, 174, 1086, 1096]	173875
335	0.8728774875713248	0.9696479970913194	2.2963978496547215	3.64446702722874	[1667, 4118, 23, 5272, 174, 1086, 1096]	176289
336	0.8736554645107688	0.9699008251038865	2.2963978496547215	4.227967602438135	[1549, 162, 10, 494, 636, 1086, 1112]	177197
337	0.8744286803099022	0.970242085590237	2.2963978496547215	4.097083035980938	[1265, 1580, 438, 2627, 261, 1086, 1112]	171964
338	0.8751971641064229	0.9706357087967153	2.2963978496547215	3.9773727067948164	[545, 2040, 438, 2627, 261, 1086, 1112]	174690
339	0.8759609448597092	0.9709210760581661	2.2963978496547215	3.8195868711103884	[317, 321, 1398, 132, 1108, 1086, 1112]	172207
340	0.8767200513519107	0.9712507690733796	2.2963978496547215	3.085833609876837	[2872, 241, 1209, 132, 1108, 1086, 1112]	174362
341	0.877474512189033	0.9714902462156255	2.2963978496547215	3.2027493590021914	[2872, 241, 132, 1713, 174, 1086, 1112]	171326
342	0.8782243558020166	0.9716938024989673	2.2963978496547215	3.2698792660251526	[158, 10, 734, 19, 334, 1086, 1112]	171940
343	0.8789696104478066	0.9720147344434235	2.2963978496547215	3.3983687794952298	[3075, 334, 19, 132, 1108, 1086, 1112]	175471
344	0.879710304210419	0.9722867000950909	2.2963978496547215	3.569571468447738	[193, 1265, 734, 1203, 174, 1086, 1112]	174883
345	0.8804464650019981	0.9725175480743071	2.2963978496547215	3.7304485315991878	[3621, 1720, 241, 19, 334, 1086, 1112]	175120
346	0.8811781205638691	0.9728291404997684	2.2963978496547215	3.968978595740821	[2493, 2528, 3459, 1203, 174, 1086, 1112]	172395
347	0.8819052984675828	0.9732484438871177	2.2963978496547215	3.0635001754261895	[1819, 1513, 1031, 132, 1108, 1086, 1112]	168456
348	0.882628026115955	0.973471280672731	2.2963978496547215	2.6103471929178546	[2004, 19, 734, 1203, 174, 1086, 1112]	174333
349	0.883346330744099	0.9737290913561836	2.2963978496547215	3.0761716989651005	[19, 241, 1209, 132, 1108, 1086, 1112]	172935
350	0.884060239420452	0.9739843965908174	2.2963978496547215	3.714872943581339	[1549, 107, 10, 158, 1115, 1086, 1112]	174750
351	0.8847697790477949	0.9742793580807174	2.2963978496547215	3.8106898052636273	[837, 162, 10, 158, 1115, 1086, 1112]	175538
352	0.8854749763642666	0.9746195782119249	2.2963978496547215	3.6859385065488217	[87, 1265, 415, 255, 174, 1086, 1112]	173271
353	0.8861758579443713	0.9749552980768466	2.2963978496547215	3.3945507805501087	[1579, 1580, 301, 2627, 261, 1086, 1112]	175747
354	0.8868724501999795	0.9751986868224554	2.2963978496547215	2.8785220653926133	[77, 19, 241, 132, 1108, 1086, 1096]	172745
355	0.8875647793813242	0.9755814231369236	2.2963978496547215	3.2274861155624004	[4015, 241, 1031, 132, 1108, 1086, 1096]	174330
356	0.8882528715779892	0.9758187270908895	2.2963978496547215	3.069270376387018	[158, 1557, 734, 1203, 174, 1086, 1112]	173231
357	0.888936752719893	0.9760928911828295	2.2963978496547215	3.8513592636525775	[377, 162, 107, 836, 1089, 1086, 1112]	175542
358	0.8896164485782656	0.976461828047292	2.2963978496547215	4.002502533743132	[860, 853, 855, 836, 1089, 1086, 1112]	172706
359	0.8902919847666195	0.9766905760740433	2.2963978496547215	2.4629843211448703	[241, 19, 734, 1203, 174, 1086, 1112]	178090
360	0.8909633867417153	0.9769548552568772	2.2963978496547215	3.9976689066562754	[1873, 10, 159, 1713, 174, 1086, 1112]	170429
361	0.8916306798045204	0.9771468181451998	2.2963978496547215	3.8704730745789604	[2297, 400, 19, 1987, 334, 1086, 1096]	171088
362	0.8922938891011634	0.9774491089104749	2.2963978496547215	2.7760423804394057	[811, 734, 19, 132, 1108, 1086, 1112]	173181
363	0.8929530396238806	0.9776682623710146	2.2963978496547215	2.632664465514411	[432, 422, 19, 132, 1108, 1086, 1112]	169095
364	0.8936081562119588	0.977921456675198	2.2963978496547215	4.019545109823158	[734, 10, 232, 193, 1115, 1086, 1096]	176749
365	0.8942592635526704	0.9781053679065583	2.2963978496547215	2.424582476907486	[1873, 10, 734, 1203, 174, 1086, 1096]	174770
366	0.8949063861822046	0.978318143728652	2.2963978496547215	3.428889265862453	[107, 811, 3459, 1203, 174, 1086, 1096]	173281
367	0.8955495484865915	0.9785288517584999	2.2963978496547215	3.523328039732048	[1468, 2688, 734, 1203, 174, 1086, 1112]	169819
368	0.896188774702621	0.97868215322747	2.2963978496547215	3.2698792660251526	[158, 10, 734, 19, 334, 1086, 1112]	171989
369	0.8968240889187564	0.9788597279611021	2.2963978496547215	2.852510554598944	[3284, 811, 3459, 1203, 174, 1086, 1112]	171076
370	0.897455515076042	0.9791393611891298	2.2963978496547215	3.38099684896389	[77, 786, 19, 132, 1108, 1086, 1112]	171563
371	0.8980830769690055	0.9793758763683914	2.2963978496547215	3.9628578890030424	[700, 232, 320, 836, 1089, 1086, 1112]	173749
372	0.898706798246554	0.979576305169476	2.2963978496547215	4.281564297129408	[107, 10, 1019, 1010, 1105, 1086, 1112]	171808
373	0.8993267024128664	0.9797747861688009	2.2963978496547215	3.8204237423157705	[2387, 1663, 1546, 234, 174, 1086, 1112]	173740
374	0.8999428128282778	0.9800423154522823	2.2963978496547215	3.799585859424228	[841, 840, 843, 3094, 174, 1086, 1112]	172585
375	0.9005551527101606	0.9802085602215261	2.2963978496547215	3.6418698094676936	[2051, 1849, 420, 158, 1115, 1086, 1112]	172808
376	0.9011637451337995	0.9804008968568854	2.2963978496547215	3.4617067333156504	[1791, 420, 158, 1713, 174, 1086, 1112]	171120
377	0.9017686130332603	0.9806231089106622	2.2963978496547215	3.44237026721747	[432, 422, 19, 132, 1094, 1086, 1112]	170667
378	0.9023697792022549	0.9808428015533984	2.2963978496547215	3.830284031234858	[87, 160, 320, 836, 1089, 1086, 1112]	170874
379	0.9029672662950001	0.9810289745217814	2.2963978496547215	3.6633877280958647	[734, 19, 241, 1729, 1094, 1086, 1112]	171905
380	0.903561096827071	0.9812440655135979	2.2963978496547215	3.6466137364652322	[2297, 400, 19, 132, 1094, 1086, 1112]	173346
381	0.9041512931762495	0.9814567178320378	2.2963978496547215	3.9092548125542814	[331, 160, 320, 836, 1089, 1086, 1112]	173108
382	0.9047378775833681	0.9816111808238576	2.2963978496547215	3.8096075202561916	[811, 734, 19, 1987, 334, 1086, 1112]	171286
383	0.9053208721531475	0.9818544191727484	2.2963978496547215	3.6909182876515674	[2297, 400, 1032, 132, 1108, 1086, 1112]	171899
384	0.9059002988550297	0.9820307610661133	2.2963978496547215	2.4284869069402104	[10, 734, 19, 132, 1108, 1086, 1112]	171561
385	0.9064761795240058	0.9823080641360807	2.2963978496547215	3.879459978474457	[3819, 438, 1779, 132, 1108, 1086, 1112]	174047
386	0.9070485358614393	0.9825086529780752	2.2963978496547215	4.078739395116315	[3819, 438, 10, 158, 1115, 1086, 1112]	171502
387	0.9076173894358833	0.9826335391351902	2.2963978496547215	2.6023674981119003	[734, 19, 241, 132, 1108, 1086, 1112]	173675
388	0.9081827616838937	0.982901540074462	2.2963978496547215	3.8027096936396845	[1548, 241, 1587, 132, 1108, 1086, 1112]	171481
389	0.9087446739108365	0.9830439678955827	2.2963978496547215	3.8704730745789604	[2297, 400, 19, 1987, 334, 1086, 1112]	170273
390	0.9093031472916914	0.9832362131575375	2.2963978496547215	2.9837054211849563	[2872, 241, 217, 132, 1108, 1086, 1112]	172042
391	0.9098582028718492	0.9837018739031614	2.2963978496547215	3.967831232047491	[3266, 1963, 2156, 8, 174, 1086, 1096]	170643
392	0.9104098615679049	0.983860261911877	2.2963978496547215	2.3086134374228453	[158, 10, 734, 1203, 174, 1086, 1112]	174641
393	0.9109581441684464	0.9840432521396336	2.2963978496547215	3.9277479608567702	[1873, 10, 157, 1713, 174, 1086, 1112]	169373
394	0.9115030713348373	0.9842543202330246	2.2963978496547215	2.836907934762174	[2297, 400, 19, 132, 1108, 1086, 1112]	174541
395	0.9120446636019957	0.9844073394727426	2.2963978496547215	3.4414835971976077	[241, 132, 387, 344, 174, 1086, 1112]	171541
396	0.9125829413791682	0.9845186692319662	2.2963978496547215	3.668053645646185	[1549, 162, 10, 158, 1115, 1086, 1112]	177052
397	0.9131179249506987	0.9846941945241208	2.2963978496547215	3.1816828750514636	[331, 241, 217, 132, 1108, 1086, 1112]	171449
398	0.9136496344767933	0.9848034761720713	2.2963978496547215	3.745000221040084	[193, 1265, 415, 255, 174, 1086, 1096]	173775
399	0.9141780899942792	0.9850044883920175	2.2963978496547215	4.036036784079235	[482, 480, 157, 1713, 174, 1086, 1096]	176154
400	0.9147033114173607	0.98517450553043	2.2963978496547215	3.653542571612352	[1792, 496, 1879, 836, 1089, 1086, 1112]	175048
401	0.915225318538369	0.9852803578143801	2.2963978496547215	2.4629843211448703	[241, 19, 734, 1203, 174, 1086, 1112]	178070
402	0.915744131028508	0.9854029704106784	2.2963978496547215	3.44237026721747	[432, 422, 19, 132, 1094, 1086, 1112]	169510
403	0.9162597684385964	0.9855448268692724	2.2963978496547215	3.610381129071108	[107, 162, 1192, 836, 1089, 1086, 1112]	173561
404	0.916772250199803	0.9856652364746928	2.2963978496547215	3.530316684267138	[2872, 241, 19, 132, 1094, 1086, 1112]	174544
405	0.9172815956243807	0.985804544186309	2.2963978496547215	3.428889265862453	[107, 811, 3459, 1203, 174, 1086, 1096]	173288
406	0.9177878239063929	0.9859654903973487	2.2963978496547215	2.5846064999161147	[1529, 2229, 734, 1203, 174, 1086, 1112]	171843
407	0.9182909541224372	0.9861018801894055	2.2963978496547215	2.8785220653926133	[77, 19, 241, 132, 1108, 1086, 1112]	175897
408	0.9187910052323646	0.9862594552439474	2.2963978496547215	3.262298240352031	[1078, 334, 19, 132, 1108, 1086, 1112]	177734
409	0.9192879960799936	0.986392988234774	2.2963978496547215	3.8096075202561916	[811, 734, 19, 1987, 334, 1086, 1112]	174315
410	0.9197819453938203	0.9865063327725934	2.2963978496547215	4.2427007148422025	[3819, 438, 240, 1203, 174, 1086, 1112]	173643
411	0.9202728717877247	0.9866374665648908	2.2963978496547215	3.6859385065488217	[87, 1265, 415, 255, 174, 1086, 1112]	171115
412	0.9207607937616712	0.9867487746318222	2.2963978496547215	3.44237026721747	[432, 422, 19, 132, 1094, 1086, 1112]	173866
413	0.9212457297024067	0.9868990152822551	2.2963978496547215	4.057448318472347	[1580, 438, 80, 148, 1108, 1086, 1112]	173535
414	0.921727697884153	0.987026332917996	2.2963978496547215	3.9575439350561954	[1020, 1018, 415, 255, 174, 1086, 1096]	172664
415	0.9222067164692953	0.9871344017816529	2.2963978496547215	2.876898483739562	[1548, 19, 734, 1203, 174, 1086, 1112]	173870
416	0.9226828035090671	0.9872802702421783	2.2963978496547215	4.5380714060020475	[1873, 10, 107, 420, 458, 1086, 1112]	173413
417	0.9231559769442299	0.9874765623680707	2.2963978496547215	4.570804511237389	[421, 438, 2729, 301, 1092, 1086, 1096]	175473
418	0.9236262546057498	0.9875808808822891	2.2963978496547215	3.6418698094676936	[2051, 1849, 420, 158, 1115, 1086, 1112]	175293
419	0.924093654215469	0.9876695519297173	2.2963978496547215	3.428889265862453	[107, 811, 3459, 1203, 174, 1086, 1112]	175858
420	0.924558193386774	0.987757589876313	2.2963978496547215	3.889229274021643	[1549, 162, 107, 1546, 234, 1086, 1112]	173541
421	0.925019889625259	0.9879195265181607	2.2963978496547215	2.836907934762174	[2297, 400, 19, 132, 1108, 1086, 1112]	173864
422	0.9254787603293858	0.9880201552018911	2.2963978496547215	3.4786958857112795	[320, 232, 734, 1203, 174, 1086, 1112]	174679
423	0.9259348227911394	0.9881199456625168	2.2963978496547215	4.294629903943663	[3819, 438, 496, 217, 261, 1086, 1096]	173733
424	0.9263880941966793	0.9882189048823209	2.2963978496547215	2.5818748495481882	[1799, 10, 734, 1203, 174, 1086, 1112]	170524
425	0.9268385916269881	0.9883170397854253	2.2963978496547215	2.3720352638603415	[1820, 10, 734, 1203, 174, 1086, 1112]	173742
426	0.9272863320585139	0.9884494996518037	2.2963978496547215	3.6329396655825033	[2872, 241, 1031, 132, 1094, 1086, 1112]	170918
427	0.9277313323638107	0.9885804577056381	2.2963978496547215	2.3720352638603415	[1820, 10, 734, 1203, 174, 1086, 1112]	170552
428	0.9281736093121745	0.988675580923417	2.2963978496547215	3.2771900877665443	[2872, 241, 132, 19, 334, 1086, 1112]	172844
429	0.9286131795702748	0.988803975697528	2.2963978496547215	3.7013281099420317	[1820, 733, 734, 19, 334, 1086, 1112]	177148
430	0.9290500597027824	0.9889127805984266	2.2963978496547215	3.428889265862453	[195, 3284, 734, 1203, 174, 1086, 1112]	170354
431	0.9294842661729946	0.9890205281144769	2.2963978496547215	3.517456662911222	[2764, 370, 1032, 132, 1108, 1086, 1096]	175130
432	0.9299158153434546	0.9891272285215277	2.2963978496547215	3.2225752348164294	[457, 540, 19, 132, 1108, 1086, 1112]	171284
433	0.9303447234765685	0.9892048588289839	2.2963978496547215	2.796959156295561	[1549, 107, 734, 1203, 174, 1086, 1112]	174513
434	0.9307710067352181	0.9893476517016163	2.2963978496547215	3.072870092297131	[669, 811, 734, 1203, 174, 1086, 1112]	175317
435	0.9311946811833702	0.9895120397926408	2.2963978496547215	3.4542457649008567	[421, 261, 217, 132, 1108, 1086, 1112]	171668
436	0.9316157627866815	0.9896139636041797	2.2963978496547215	3.726101027452936	[377, 162, 10, 158, 1115, 1086, 1112]	175895
437	0.9320342674131007	0.9897513450379869	2.2963978496547215	2.3720352638603415	[1820, 10, 734, 1203, 174, 1086, 1112]	171441
438	0.932450210833466	0.9898509432397558	2.2963978496547215	4.156975215409709	[382, 400, 19, 132, 1094, 1086, 1112]	174601
439	0.9328636087221001	0.9899660119105068	2.2963978496547215	3.898308793818061	[2627, 438, 10, 158, 1115, 1086, 1112]	170334
440	0.9332744766573999	0.9900376534033811	2.2963978496547215	2.8649135046369567	[2627, 261, 217, 132, 1108, 1086, 1096]	169854
441	0.9336828301224245	0.9901344692109285	2.2963978496547215	2.918588336430587	[331, 241, 19, 132, 1108, 1086, 1096]	172631
442	0.9340886845054779	0.9902049079385234	2.2963978496547215	2.796959156295561	[1549, 107, 734, 1203, 174, 1086, 1112]	173913
443	0.9344920551006896	0.990315963404073	2.2963978496547215	4.096078624044009	[3284, 162, 420, 158, 1115, 1086, 1112]	174585
444	0.9348929571085902	0.9904257597373602	2.2963978496547215	4.097083035980938	[1265, 1580, 438, 2627, 261, 1086, 1096]	173857
445	0.9352914056366849	0.9905735103586972	2.2963978496547215	4.0884547624881575	[1647, 1697, 241, 1729, 1094, 1086, 1112]	171166
446	0.9356874157000223	0.9907189808778532	2.2963978496547215	4.05292790417838	[872, 2168, 1714, 132, 1108, 1086, 1112]	168607
447	0.9360810022217606	0.9907962904915321	2.2963978496547215	4.039524201060002	[1820, 10, 158, 1546, 234, 1086, 1112]	170149
448	0.9364721800337295	0.9908620038931514	2.2963978496547215	2.511023695947922	[161, 10, 734, 1203, 174, 1086, 1096]	170503
449	0.9368609638769897	0.9909272481088247	2.2963978496547215	3.072870092297131	[420, 107, 734, 1203, 174, 1086, 1112]	176113
450	0.9372473684023878	0.9910472580544751	2.2963978496547215	3.1015860273876683	[241, 1729, 1032, 132, 1108, 1086, 1112]	173824
451	0.937631408171109	0.9911487630651954	2.2963978496547215	2.8080246507420323	[3621, 1720, 241, 132, 1108, 1086, 1112]	170190
452	0.9380130976552253	0.9912347809168456	2.2963978496547215	3.586457137453798	[19, 132, 1727, 1203, 174, 1086, 1096]	173378
453	0.9383924512382412	0.9913077939870926	2.2963978496547215	3.210435576778087	[2267, 261, 217, 132, 1108, 1086, 1112]	172309
454	0.9387694832156356	0.9913922663487341	2.2963978496547215	3.1148748190664355	[157, 651, 734, 1203, 174, 1086, 1112]	170531
455	0.9391442077954003	0.9914898597007893	2.2963978496547215	4.006997097327218	[1820, 10, 415, 255, 174, 1086, 1096]	175683
456	0.939516639098576	0.9915607479998247	2.2963978496547215	2.2963978496547215	[846, 10, 734, 1203, 174, 1086, 1112]	175179
457	0.9398867911597837	0.9916427621106136	2.2963978496547215	3.8670353506026105	[10, 162, 420, 158, 1115, 1086, 1112]	174035
458	0.9402546779277541	0.9917123767535906	2.2963978496547215	4.149921856064832	[1586, 107, 420, 158, 1115, 1086, 1112]	175015
459	0.9406203132658532	0.9917814115161596	2.2963978496547215	3.7813728741198744	[1794, 1791, 420, 1822, 1094, 1086, 1112]	173104
460	0.9409837109526042	0.9918745927914866	2.2963978496547215	3.3858483055097928	[1873, 10, 734, 19, 334, 1086, 1112]	172735
461	0.9413448846822078	0.9919820717228162	2.2963978496547215	2.836907934762174	[2297, 400, 19, 132, 1108, 1086, 1112]	171173
462	0.9417038480650569	0.9920488599633591	2.2963978496547215	4.5244083297023785	[1259, 734, 19, 422, 636, 1086, 1112]	174652
463	0.9420606146282504	0.9921540337733675	2.2963978496547215	3.5880194384738697	[107, 232, 320, 836, 1089, 1086, 1112]	175728
464	0.942415197816103	0.992257816395413	2.2963978496547215	3.640361663712418	[658, 422, 19, 132, 1108, 1086, 1112]	174860
465	0.942767610990651	0.9923455962548754	2.2963978496547215	3.0987643812796737	[3065, 1460, 19, 132, 1108, 1086, 1112]	171107
466	0.943117867432157	0.992432380877836	2.2963978496547215	3.856866170213002	[2872, 241, 1126, 19, 334, 1086, 1112]	168314
467	0.9434659803396092	0.9925181815481553	2.2963978496547215	3.1747220511474428	[305, 3083, 19, 132, 1108, 1086, 1112]	170949
468	0.9438119628312196	0.992617147400693	2.2963978496547215	3.6351640636789	[3065, 1460, 734, 1203, 174, 1086, 1112]	172711
469	0.9441558279449183	0.9927008532124765	2.2963978496547215	3.046618631255221	[3, 19, 241, 132, 1108, 1086, 1096]	173131
470	0.9444975886388438	0.992797402773158	2.2963978496547215	3.9095502278242638	[193, 842, 157, 1713, 174, 1086, 1112]	171804
471	0.9448372577918331	0.9928673988589388	2.2963978496547215	3.773893290974888	[193, 1265, 415, 10, 1019, 386, 794]	175811
472	0.9451748482039053	0.9929367147106498	2.2963978496547215	3.5458723285184215	[1529, 2229, 734, 19, 334, 1086, 1112]	169801
473	0.9455103725967449	0.9930167973103022	2.2963978496547215	3.9749713366551545	[734, 733, 415, 255, 174, 1086, 1096]	173142
474	0.9458438436141811	0.9930959719439724	2.2963978496547215	4.320178937662566	[655, 2975, 2156, 8, 174, 1086, 1112]	170724
475	0.9461752738226638	0.9931742489060588	2.2963978496547215	3.6652733987233415	[1582, 420, 158, 1713, 174, 1086, 1112]	172178
476	0.9465046757117379	0.9932516383742441	2.2963978496547215	3.607429097407027	[2047, 232, 1192, 836, 1089, 1086, 1112]	173548
477	0.9468320616945134	0.9933172201198782	2.2963978496547215	3.58389371282117	[19, 734, 10, 158, 1115, 1086, 1112]	175624
478	0.9471574441081331	0.9933929885992447	2.2963978496547215	3.855820024739544	[3621, 1720, 241, 217, 261, 1086, 1112]	175374
479	0.9474808352142381	0.9934678980255571	2.2963978496547215	4.0383200976196445	[1723, 132, 387, 344, 174, 1086, 1112]	171335
480	0.9478022471994292	0.9935313781224905	2.2963978496547215	3.34726941370665	[382, 400, 19, 132, 1108, 1086, 1112]	173008
481	0.9481216921757266	0.9935942413088609	2.2963978496547215	3.5458723285184215	[1529, 2229, 734, 19, 334, 1086, 1112]	172861
482	0.9484391821810261	0.993647600398333	2.2963978496547215	3.8340277067282154	[1259, 734, 19, 132, 1094, 1086, 1112]	172914
483	0.9487547291795527	0.9936929557831251	2.2963978496547215	3.8102637091519354	[107, 420, 158, 1713, 174, 1086, 1096]	171960
484	0.9490683450623117	0.9937454925945943	2.2963978496547215	4.282130285742413	[1791, 420, 156, 1713, 174, 1086, 1096]	174546
485	0.9493800416475368	0.9938420127706036	2.2963978496547215	3.401119057639079	[1819, 241, 1587, 132, 1108, 1086, 1112]	175393
486	0.9496898306811348	0.9939118312199166	2.2963978496547215	2.8649135046369567	[2627, 261, 217, 132, 1108, 1086, 1112]	175489
487	0.9499977238371291	0.9939923625529864	2.2963978496547215	2.813571952967709	[19, 241, 1031, 132, 1108, 1086, 1096]	171211
488	0.9503037327180994	0.9940850730074157	2.2963978496547215	3.085833609876837	[2872, 241, 1209, 132, 1108, 1086, 1112]	172058
489	0.9506078688556183	0.9941343435363001	2.2963978496547215	3.6154401925065622	[394, 432, 422, 19, 334, 1086, 1112]	175259
490	0.9509101437106868	0.9942008475778387	2.2963978496547215	2.340398178917159	[107, 10, 734, 1203, 174, 1086, 1112]	174175
491	0.9512105686741655	0.9942665976053008	2.2963978496547215	3.1669180958487546	[331, 241, 1720, 132, 1108, 1086, 1112]	174324
492	0.9515091550672041	0.994331602167599	2.2963978496547215	3.967069973321439	[709, 1580, 301, 2627, 261, 1086, 1096]	173220
493	0.9518059141416682	0.9943720738603394	2.2963978496547215	4.005987857477507	[160, 87, 415, 255, 174, 1086, 1112]	170412
494	0.9521008570805627	0.9944122565899616	2.2963978496547215	3.472289524550229	[161, 10, 734, 19, 334, 1086, 1112]	169870
495	0.9523939949984539	0.9944756096898486	2.2963978496547215	2.836907934762174	[2297, 400, 19, 132, 1108, 1086, 1112]	169111
496	0.9526853389418883	0.9945292966705109	2.2963978496547215	2.837210356893205	[77, 19, 132, 1032, 1707, 1708, 794]	170616
497	0.9529748998898083	0.9945824619118082	2.2963978496547215	3.6232777546707666	[19, 241, 1031, 132, 1094, 1086, 1112]	171411
498	0.9532626887539665	0.9946275892594816	2.2963978496547215	3.2576636782570283	[846, 10, 734, 19, 334, 1086, 1112]	175169
499	0.9535487163793364	0.9946723407025513	2.2963978496547215	3.2027493590021914	[2872, 241, 132, 1713, 174, 1086, 1112]	170621
