0	0.0061198990216660976	0.0097181729834791	3.532853129633992	3.532853129633992	[320, 232, 10, 158, 1115, 1086, 1112]	140798
1	0.012202344879296834	0.0193419030808214	3.532853129633992	3.907797470707865	[1579, 1580, 438, 8, 174, 1086, 1112]	130212
2	0.01824756678247408	0.028872108104331384	3.532853129633992	3.660212642330709	[10, 158, 420, 1822, 1094, 1086, 1112]	129442
3	0.024255792538040333	0.039882628420608746	2.5818748495481882	2.5818748495481882	[1799, 10, 734, 1203, 174, 1086, 1112]	126201
4	0.030227248558683195	0.05258259365314044	2.5818748495481882	3.6232777546707666	[19, 241, 1031, 132, 1094, 1086, 1112]	123744
5	0.036162159871467314	0.06511456992756981	2.5818748495481882	4.0309110848285306	[3071, 1202, 1201, 1203, 174, 1086, 1112]	129431
6	0.04206075012631472	0.07954181421881101	2.5818748495481882	3.2045923090637043	[2047, 232, 320, 836, 1089, 1086, 1112]	132554
7	0.04792324160443229	0.08997784807120546	2.5818748495481882	3.1207086718623307	[1456, 19, 734, 1203, 174, 1086, 1112]	277625
8	0.0537498552266884	0.09647529902803631	2.5818748495481882	2.6385976592037066	[77, 19, 734, 1203, 174, 1086, 1112]	162101
9	0.05954081056193805	0.10671934325674337	2.5818748495481882	3.2274861155624004	[4015, 241, 1031, 132, 1108, 1086, 1112]	157634
10	0.06529632583529699	0.1130972619102324	2.5818748495481882	3.424216182932752	[1019, 10, 734, 19, 334, 1086, 1112]	152307
11	0.07101661793636527	0.12482877960983252	2.5818748495481882	3.653542571612352	[1792, 496, 1879, 836, 1089, 1086, 1112]	148976
12	0.0767019024274006	0.13333384491974665	2.5818748495481882	3.7689273481095933	[1580, 438, 217, 132, 1108, 1086, 1112]	245896
13	0.0823523935514413	0.14175625653374324	2.5818748495481882	3.3016640075194656	[107, 10, 734, 19, 334, 1086, 1096]	952820
14	0.08796830424038005	0.15009681769473704	2.5818748495481882	3.748374190945288	[1555, 2229, 734, 19, 334, 1086, 1112]	183874
15	0.09354984612298778	0.15616502629095474	2.5818748495481882	2.7760423804394057	[811, 734, 19, 132, 1108, 1086, 1112]	186418
16	0.0990972295328888	0.16319405564296674	2.5818748495481882	2.732522825020183	[1742, 400, 19, 132, 1108, 1086, 1096]	526754
17	0.10461066351648673	0.17610772762378513	2.5818748495481882	4.393824958164131	[10, 415, 1265, 193, 1115, 1086, 1096]	1280235
18	0.11009035584084248	0.18297063701467398	2.5818748495481882	3.766087964836969	[1742, 400, 19, 1987, 334, 1086, 1112]	1602846
19	0.11553651300150336	0.19091066969674708	2.5818748495481882	3.3147954491973186	[1799, 232, 320, 836, 1089, 1086, 1112]	3498396
20	0.12094934023028481	0.20008401811288368	2.5818748495481882	3.324462254706714	[2751, 331, 241, 132, 1108, 1086, 1112]	1129187
21	0.1263290415030044	0.20579532398701073	2.5818748495481882	3.428889265862453	[811, 651, 734, 1203, 174, 1086, 1112]	413192
22	0.13167581954716823	0.21805156898721112	2.5818748495481882	3.8027096936396845	[2067, 396, 1728, 132, 1108, 1086, 1096]	280336
23	0.13698987584961053	0.22717050112730186	2.5818748495481882	3.6248070370866587	[5767, 3083, 19, 132, 1108, 1086, 1112]	246803
24	0.14227141066408644	0.2346809918840822	2.5818748495481882	3.9263917909227652	[1579, 1580, 438, 970, 261, 1086, 1112]	210723
25	0.1475206230188183	0.24211849439249733	2.5818748495481882	2.9740435102732192	[19, 241, 217, 132, 1108, 1086, 1096]	2662720
26	0.152737710723996	0.2494837179649706	2.5818748495481882	3.72064580303472	[107, 162, 420, 158, 1115, 1086, 1112]	806706
27	0.1579228703792308	0.259411182013053	2.5818748495481882	3.9285733316174305	[19, 734, 10, 232, 1023, 1086, 1096]	595381
28	0.1630762973809643	0.2692073303991238	2.5818748495481882	4.172471606052173	[317, 324, 301, 2627, 261, 1086, 1096]	195144
29	0.1681981859298317	0.2752947328947579	2.424582476907486	2.424582476907486	[1873, 10, 734, 1203, 174, 1086, 1112]	196102
30	0.17328872903797987	0.2813314281642726	2.424582476907486	3.6380241084139104	[1715, 132, 19, 1987, 334, 1086, 1096]	215362
31	0.1783481185363407	0.29242199254445356	2.424582476907486	3.2045923090637043	[2047, 232, 320, 836, 1089, 1086, 1112]	238043
32	0.1833765450818603	0.30044441893283846	2.424582476907486	3.34726941370665	[382, 400, 19, 132, 1108, 1086, 1112]	3431828
33	0.18837419816468337	0.3072428210812074	2.424582476907486	3.523898180591541	[241, 1720, 132, 19, 334, 1086, 1112]	450858
34	0.19334126611529434	0.3139751551814872	2.340398178917159	2.340398178917159	[107, 10, 734, 1203, 174, 1086, 1112]	194725
35	0.19827793611161382	0.32304955789072687	2.340398178917159	3.027434532504193	[1647, 1697, 241, 132, 1108, 1086, 1112]	190338
36	0.2031843941860525	0.33349632397266005	2.340398178917159	3.873205977129248	[1819, 1513, 1031, 132, 1094, 1086, 1112]	205439
37	0.20806082523252156	0.3437818745286375	2.340398178917159	3.125527937822353	[669, 673, 670, 132, 1108, 1086, 1112]	410866
38	0.2129074130134001	0.35015911578686265	2.340398178917159	2.796959156295561	[1549, 107, 734, 1203, 174, 1086, 1112]	407243
39	0.21772434016646003	0.3601875244938555	2.340398178917159	4.055822845312293	[1819, 241, 1697, 132, 1108, 1086, 1112]	1914836
40	0.22251178821174855	0.368650652476741	2.340398178917159	3.7176322375406414	[1799, 232, 1192, 836, 1089, 1086, 1096]	267571
41	0.2272699375584284	0.37390970576723037	2.340398178917159	3.677007465034425	[394, 193, 1265, 255, 174, 1086, 1112]	190219
42	0.23199896751157656	0.38357159302390886	2.340398178917159	2.424582476907486	[1873, 10, 734, 1203, 174, 1086, 1112]	186836
43	0.23669905627894106	0.39056057722998694	2.340398178917159	3.7995633336040058	[846, 10, 157, 1713, 174, 1086, 1112]	192155
44	0.2413703809776564	0.39862194525604533	2.340398178917159	3.2225752348164294	[457, 540, 19, 132, 1108, 1086, 1112]	225856
45	0.24601311764091816	0.4065766814299072	2.340398178917159	3.924045778520189	[1791, 420, 2307, 1468, 1089, 1086, 1096]	373135
46	0.25062744122461655	0.41599609918498803	2.340398178917159	3.830284031234858	[2486, 257, 320, 836, 1089, 1086, 1112]	2561021
47	0.2552135256139294	0.4216715501161349	2.340398178917159	3.883133007760607	[1019, 10, 301, 2627, 261, 1086, 1112]	334297
48	0.25977154362987487	0.4264889466166252	2.340398178917159	3.470647552528451	[1870, 10, 734, 1203, 174, 1086, 1112]	279255
49	0.2643016670358238	0.43058374797356014	2.340398178917159	2.936799553153932	[734, 811, 3459, 1203, 174, 1086, 1112]	249015
50	0.2688040665439726	0.4346493129312071	2.340398178917159	3.6372926075949996	[420, 158, 19, 132, 1108, 1086, 1112]	262430
51	0.2732789118217763	0.44362313336087045	2.340398178917159	3.1064053138236165	[2196, 2197, 241, 132, 1108, 1086, 1112]	298532
52	0.27772637149834234	0.44825767619001766	2.340398178917159	3.6466137364652322	[2297, 400, 19, 132, 1094, 1086, 1112]	202879
53	0.2821466131707848	0.45219705138233024	2.340398178917159	2.8616810905688537	[1265, 87, 160, 331, 241, 19, 794]	1137124
54	0.28653980341054064	0.458407969167111	2.340398178917159	3.77511772239498	[2654, 232, 10, 158, 1115, 1086, 1112]	2431045
55	0.2909061077696462	0.4655718849188688	2.340398178917159	3.114445558142182	[3158, 3083, 19, 132, 1108, 1086, 1096]	892669
56	0.29524569078697616	0.4738192323738245	2.340398178917159	2.9837054211849563	[2872, 241, 217, 132, 1108, 1086, 1112]	193324
57	0.29955871599444395	0.47978500071425734	2.340398178917159	3.851540388701957	[846, 10, 161, 1713, 174, 1086, 1096]	212763
58	0.30384534592316415	0.48666615149846026	2.340398178917159	3.601276362078189	[1549, 162, 1192, 836, 1089, 1086, 1112]	382378
59	0.3081057421095773	0.4903312947018984	2.340398178917159	3.7886459842686415	[331, 241, 132, 387, 344, 1086, 1112]	1245930
60	0.31234006510153733	0.49457676496677216	2.340398178917159	4.006997097327218	[1820, 10, 415, 255, 174, 1086, 1112]	2659491
61	0.3165484744643614	0.4994885553946947	2.340398178917159	3.517456662911222	[101, 370, 1032, 132, 1108, 1086, 1112]	356398
62	0.3207311287868432	0.5043526121935801	2.340398178917159	3.6154401925065622	[394, 432, 422, 19, 334, 1086, 1112]	198776
63	0.32488818568722877	0.5109087945719719	2.340398178917159	3.6679709801562304	[1580, 438, 1779, 132, 1108, 1086, 1112]	237187
64	0.3290198018191567	0.5144008481598438	2.340398178917159	3.376741030467856	[77, 19, 132, 1713, 174, 1086, 1112]	229315
65	0.333126132877561	0.5218946622314511	2.340398178917159	4.105601844702741	[2149, 157, 320, 836, 1089, 1086, 1112]	307458
66	0.33720733360453825	0.5274702346835625	2.340398178917159	3.1064053138236165	[2196, 2197, 241, 132, 1108, 1086, 1112]	413031
67	0.34126355779517925	0.5308440415401087	2.340398178917159	3.424216182932752	[1019, 10, 734, 19, 334, 1086, 1112]	2445592
68	0.3452949583033643	0.5341937598131608	2.340398178917159	3.424216182932752	[1019, 10, 734, 19, 334, 1086, 1112]	458865
69	0.3493016870475234	0.5394750097019005	2.340398178917159	3.5525593625647307	[2004, 19, 132, 217, 261, 1086, 1112]	930683
70	0.35328389501636104	0.5439504712208325	2.340398178917159	2.836907934762174	[2297, 400, 19, 132, 1108, 1086, 1112]	258615
71	0.35724173227454614	0.5491211007988275	2.340398178917159	3.4617067333156504	[1791, 420, 158, 1713, 174, 1086, 1112]	414133
72	0.3611753479683669	0.5528768600591455	2.340398178917159	3.262298240352031	[3248, 334, 19, 132, 1108, 1086, 1096]	278855
73	0.3650848903313515	0.5566013343610268	2.340398178917159	4.062270113543947	[2627, 438, 240, 1203, 174, 1086, 1112]	279378
74	0.36897050668985365	0.5616285301165707	2.340398178917159	3.8805667915573405	[318, 158, 420, 1822, 1094, 1086, 1096]	3054739
75	0.37283234346860483	0.5658886998919199	2.340398178917159	3.3945507805501087	[1579, 1580, 301, 2627, 261, 1086, 1112]	839540
76	0.37667054619623197	0.5701074686004532	2.340398178917159	3.1148748190664355	[158, 651, 734, 1203, 174, 1086, 1112]	218478
77	0.3804852595107413	0.5757938777459499	2.340398178917159	4.063524182854243	[1468, 2307, 420, 1822, 1094, 1086, 1112]	200423
78	0.38427662716496924	0.5823402685214754	2.340398178917159	3.085833609876837	[2872, 241, 1209, 132, 1108, 1086, 1112]	190943
79	0.38804479203199926	0.5889697880687534	2.340398178917159	3.830284031234858	[2486, 257, 320, 836, 1089, 1086, 1112]	189105
80	0.39178989611054615	0.5923936132410254	2.340398178917159	2.3720352638603415	[1820, 10, 734, 1203, 174, 1086, 1112]	195851
81	0.3955120805303066	0.59635480261672	2.340398178917159	2.954117646351909	[107, 734, 19, 132, 1108, 1086, 1112]	2951298
82	0.39921148555727815	0.6025838951689311	2.340398178917159	3.911291829090726	[1715, 132, 1032, 1729, 1094, 1086, 1112]	253867
83	0.40288825059904443	0.6079909170033674	2.340398178917159	4.119820803379623	[2557, 2558, 415, 255, 174, 1086, 1112]	192104
84	0.4065425142100286	0.6140404398891179	2.340398178917159	4.224108404417864	[2307, 1468, 2411, 836, 1089, 1086, 1112]	207842
85	0.41017441409671507	0.617791261658903	2.340398178917159	4.13232952109646	[3065, 1460, 19, 1987, 334, 1086, 1112]	373066
86	0.4137840871228382	0.621505632293899	2.340398178917159	2.8785220653926133	[77, 19, 241, 132, 1108, 1086, 1112]	496454
87	0.4173716693145403	0.6257969516556461	2.340398178917159	3.3731928936652027	[1723, 241, 1720, 132, 1108, 1086, 1112]	477689
88	0.4209372958654972	0.6307467274273968	2.340398178917159	3.8966465151076566	[1580, 1674, 438, 2627, 261, 1086, 1112]	2701570
89	0.4244811011420133	0.6343351946049731	2.340398178917159	3.5878125065263164	[734, 10, 438, 2627, 261, 1086, 1096]	196506
90	0.42800321868808466	0.6384810540765722	2.340398178917159	4.05292790417838	[140, 2168, 1714, 132, 1108, 1086, 1112]	188920
91	0.43150378123043165	0.643263050715771	2.340398178917159	2.7760423804394057	[811, 734, 19, 132, 1108, 1086, 1112]	186974
92	0.4349829206835004	0.6473076873289708	2.340398178917159	3.5525593625647307	[2004, 19, 132, 217, 261, 1086, 1112]	201137
93	0.4384407681544341	0.6498258688914462	2.340398178917159	3.9435752708897223	[158, 10, 415, 255, 174, 1086, 1112]	207861
94	0.44187745394801337	0.6544578018426175	2.340398178917159	4.210824859342137	[317, 318, 158, 1713, 174, 1086, 1112]	477028
95	0.4452931075715667	0.6578158406974026	2.340398178917159	3.3867096801330048	[241, 132, 19, 1987, 334, 1086, 1096]	2614830
96	0.44868785773985087	0.6623420861908232	2.340398178917159	4.052342240249097	[2015, 1663, 1546, 234, 174, 1086, 1112]	249566
97	0.4520618323799014	0.6668084607121086	2.340398178917159	2.813571952967709	[19, 241, 1031, 132, 1108, 1086, 1112]	184277
98	0.45541515863585313	0.6719503054542058	2.340398178917159	3.534097824321477	[320, 232, 1192, 836, 1089, 1086, 1112]	194234
99	0.45874796287373176	0.6756696897461081	2.340398178917159	3.959832168086506	[1549, 162, 320, 836, 1089, 1086, 1112]	208123
100	0.46206037068621564	0.6788215878049408	2.340398178917159	3.9285733316174305	[10, 734, 19, 422, 636, 1086, 1112]	325718
101	0.4653525068973685	0.6819428551732116	2.340398178917159	3.5663504197217772	[241, 1209, 132, 1713, 174, 1086, 1112]	587501
102	0.46862449556734354	0.6845922274749758	2.340398178917159	3.428889265862453	[3085, 651, 734, 1203, 174, 1086, 1112]	2737230
103	0.4718764599970583	0.6881682793176631	2.340398178917159	2.8232338638794454	[2872, 241, 1031, 132, 1108, 1086, 1112]	477231
104	0.4751085227328411	0.6911987139209901	2.340398178917159	3.714872943581339	[1549, 107, 10, 158, 1115, 1086, 1112]	223700
105	0.4783208055710493	0.6934035187243148	2.340398178917159	3.6859385065488217	[87, 1265, 415, 255, 174, 1086, 1112]	198500
106	0.4815134295626585	0.6974590277358981	2.340398178917159	3.272226006020019	[1456, 2004, 19, 132, 1108, 1086, 1112]	198156
107	0.484686515017825	0.7008891974894593	2.340398178917159	3.77511772239498	[2654, 232, 10, 158, 1115, 1086, 1112]	461835
108	0.48784018151041875	0.7042804764294881	2.340398178917159	2.3720352638603415	[1820, 10, 734, 1203, 174, 1086, 1112]	625859
109	0.4909745478825298	0.7063918789896393	2.340398178917159	3.4620520467569964	[10, 734, 19, 1987, 334, 1086, 1096]	2255404
110	0.4940897322489467	0.7092452134989722	2.340398178917159	3.114445558142182	[3158, 3083, 19, 132, 1108, 1086, 1112]	667213
111	0.49718585200160725	0.7113211684213333	2.340398178917159	3.2212052831254727	[160, 2229, 734, 1203, 174, 1086, 1112]	402766
112	0.5002630238140224	0.7151396714845433	2.340398178917159	3.6621176059038643	[1794, 1791, 420, 158, 1115, 1086, 1112]	235142
113	0.5033213636456735	0.7183693804246278	2.340398178917159	3.3731928936652027	[4015, 241, 1720, 132, 1108, 1086, 1112]	482634
114	0.5063609867463807	0.7207153247776088	2.340398178917159	3.552416159908395	[734, 10, 158, 1713, 174, 1086, 1112]	292901
115	0.5093820076606477	0.722709384456712	2.340398178917159	4.211926027069165	[3, 19, 387, 344, 174, 1086, 1112]	263580
116	0.5123845402319771	0.7263772497416761	2.340398178917159	3.659323743884939	[377, 162, 1192, 836, 1089, 1086, 1112]	2365965
117	0.5153686976071608	0.7290363629609018	2.340398178917159	3.412073299814958	[734, 19, 241, 132, 1094, 1086, 1096]	216592
118	0.5183345922405433	0.7321085130407101	2.340398178917159	2.732522825020183	[1742, 400, 19, 132, 1108, 1086, 1112]	190470
119	0.5212823358982609	0.7356520512280024	2.340398178917159	3.114445558142182	[3158, 3083, 19, 132, 1108, 1086, 1112]	189834
120	0.5242120396624514	0.7382210303219965	2.340398178917159	3.3945507805501087	[1579, 1580, 301, 2627, 261, 1086, 1112]	257554
121	0.5271238139354417	0.7422608292367805	2.340398178917159	4.285988820198066	[1849, 420, 1791, 836, 1089, 1086, 1112]	278107
122	0.5300177684439074	0.7451830420572252	2.340398178917159	4.290580427670062	[3869, 438, 80, 148, 1108, 1086, 1112]	371163
123	0.5328940122430079	0.747659397333637	2.340398178917159	3.8703935853399845	[1849, 420, 1879, 836, 1089, 1086, 1112]	2743095
124	0.5357526537204963	0.7494610795089189	2.340398178917159	3.668053645646185	[1549, 162, 10, 158, 1115, 1086, 1096]	199025
125	0.5385938006008033	0.753327420874522	2.340398178917159	3.4042606044936825	[3895, 1030, 1031, 132, 1108, 1086, 1096]	184936
126	0.5414175599490971	0.755382169555284	2.340398178917159	3.1148748190664355	[1586, 107, 734, 1203, 174, 1086, 1112]	191357
127	0.5442240381753178	0.7581556143449066	2.340398178917159	2.740062281339724	[1820, 733, 734, 1203, 174, 1086, 1112]	194014
128	0.5470133410381877	0.7608976141822659	2.340398178917159	3.3333010924626487	[1820, 10, 734, 19, 334, 1086, 1112]	231921
129	0.5497855736491959	0.7636085255860952	2.340398178917159	3.507995949824223	[1586, 1587, 241, 132, 1108, 1086, 1112]	618603
130	0.5525408404765602	0.7662887010329648	2.340398178917159	3.3333010924626487	[1820, 10, 734, 19, 334, 1086, 1096]	4137201
131	0.5552792453491631	0.7694684465971421	2.340398178917159	3.718294247239391	[4196, 1663, 1546, 234, 174, 1086, 1112]	1659756
132	0.5580008914604654	0.7717087921112612	2.340398178917159	3.487276315966888	[1743, 1742, 400, 19, 334, 1086, 1112]	172245
133	0.5607058813723937	0.7742971278016098	2.340398178917159	2.7760423804394057	[811, 734, 19, 132, 1108, 1086, 1112]	173297
134	0.5633943170192066	0.7761772017058028	2.340398178917159	3.666229605331197	[432, 422, 19, 1987, 334, 1086, 1112]	171060
135	0.5660662997113346	0.7796312572350343	2.340398178917159	3.659323743884939	[377, 162, 1192, 836, 1089, 1086, 1112]	171685
136	0.5687219301391991	0.7812046640971629	2.340398178917159	2.796959156295561	[1549, 107, 734, 1203, 174, 1086, 1096]	169308
137	0.5713613083770063	0.7833309550194452	2.340398178917159	4.008979542711511	[87, 1265, 159, 1713, 174, 1086, 1112]	182165
138	0.573984533886518	0.7848779464752472	2.340398178917159	3.3037506737243847	[241, 1031, 132, 1713, 174, 1086, 1112]	167126
139	0.5765917055208005	0.7869685398039621	2.340398178917159	2.6023674981119003	[734, 19, 241, 132, 1108, 1086, 1112]	167447
140	0.5791829215279491	0.7890388163850703	2.340398178917159	3.3016640075194656	[107, 10, 734, 19, 334, 1086, 1112]	167363
141	0.5817582795547906	0.7910889736602397	2.340398178917159	3.83019325597735	[1799, 232, 1879, 836, 1089, 1086, 1112]	169404
142	0.5843178766505632	0.7931192071523656	2.340398178917159	3.4707681762945217	[1879, 232, 320, 836, 1089, 1086, 1112]	171635
143	0.5868618092705735	0.7963118119802612	2.340398178917159	3.0697056676845635	[1819, 241, 1031, 132, 1108, 1086, 1112]	169011
144	0.5893901732798315	0.7982912890261284	2.340398178917159	3.9395422953765777	[77, 19, 241, 1729, 1094, 1086, 1112]	172195
145	0.5919030639566627	0.7999714948651444	2.340398178917159	3.555566438090408	[3621, 1720, 132, 19, 334, 1086, 1112]	168694
146	0.5944005759962993	0.8026173745626954	2.340398178917159	3.1455033926936977	[10, 232, 320, 836, 1089, 1086, 1112]	165675
147	0.5968828035144478	0.8042615447037809	2.340398178917159	3.8723602699503585	[1879, 232, 10, 158, 1115, 1086, 1112]	170255
148	0.5993498400508366	0.8064808015665498	2.340398178917159	3.3945507805501087	[1579, 1580, 301, 2627, 261, 1086, 1112]	171156
149	0.6018017785727398	0.8083614546125503	2.340398178917159	3.4707681762945217	[1879, 232, 320, 836, 1089, 1086, 1112]	170363
150	0.6042387114784816	0.8105342272359907	2.340398178917159	3.5522711143030543	[1742, 400, 654, 132, 1108, 1086, 1112]	170668
151	0.6066607306009177	0.8126823652491881	2.340398178917159	2.8649135046369567	[2627, 261, 217, 132, 1108, 1086, 1112]	172830
152	0.6090679272108961	0.8148061479561134	2.340398178917159	3.210435576778087	[2267, 261, 217, 132, 1108, 1086, 1096]	165887
153	0.611460392020696	0.8176640777716054	2.340398178917159	3.332305413681955	[1819, 241, 1209, 132, 1108, 1086, 1096]	167449
154	0.6138382151874471	0.8197313784771427	2.340398178917159	2.732522825020183	[1742, 400, 19, 132, 1108, 1086, 1112]	169579
155	0.6162014863165263	0.8217752403991706	2.340398178917159	3.6329396655825033	[2872, 241, 1031, 132, 1094, 1086, 1112]	168469
156	0.6185502944649346	0.823047744186408	2.340398178917159	2.954117646351909	[107, 734, 19, 132, 1108, 1086, 1112]	170570
157	0.6208847281446535	0.8263246378125857	2.340398178917159	4.313071172584161	[2299, 2146, 1728, 132, 1108, 1086, 1112]	169040
158	0.6232048753259798	0.8280124450252914	2.340398178917159	3.428889265862453	[107, 811, 3459, 1203, 174, 1086, 1112]	169640
159	0.6255108234408409	0.8299624173039162	2.340398178917159	3.0697056676845635	[1819, 241, 1031, 132, 1108, 1086, 1112]	170423
160	0.6278026593860897	0.8318902810533049	2.340398178917159	3.8805667915573405	[318, 158, 420, 1822, 1094, 1086, 1112]	169763
161	0.6300804695267795	0.8337962869370542	2.2963978496547215	2.2963978496547215	[846, 10, 734, 1203, 174, 1086, 1112]	168634
162	0.6323443396994177	0.8351807410233761	2.2963978496547215	3.5525593625647307	[2004, 19, 132, 217, 261, 1086, 1112]	169397
163	0.6345943552152014	0.8377242481063487	2.2963978496547215	3.0635001754261895	[1819, 1513, 1031, 132, 1108, 1086, 1112]	169235
164	0.6368306008632311	0.8398707527610266	2.2963978496547215	3.775083405535659	[158, 420, 1879, 836, 1089, 1086, 1096]	168538
165	0.6390531609137072	0.841204607381926	2.2963978496547215	3.7995633336040058	[846, 10, 157, 1713, 174, 1086, 1112]	170814
166	0.641262119121105	0.8425273511771619	2.2963978496547215	2.2963978496547215	[846, 10, 734, 1203, 174, 1086, 1112]	172417
167	0.6434575587273302	0.8443127553588268	2.2963978496547215	3.9628578890030424	[837, 232, 320, 836, 1089, 1086, 1112]	166909
168	0.6456395624648572	0.846077916862695	2.2963978496547215	3.8766352591030877	[1917, 10, 301, 2627, 261, 1086, 1112]	169932
169	0.6478082125598458	0.8478230651975851	2.2963978496547215	4.9080069928783345	[846, 10, 496, 217, 261, 1086, 1112]	172278
170	0.6499635907352397	0.8493019469740906	2.2963978496547215	2.813571952967709	[19, 241, 1031, 132, 1108, 1086, 1096]	171257
171	0.6521057782138465	0.8510105416795997	2.2963978496547215	3.6746193063400145	[2627, 261, 217, 132, 1094, 1086, 1112]	168763
172	0.6542348557213988	0.8522516033898904	2.2963978496547215	2.732522825020183	[1742, 400, 19, 132, 1108, 1086, 1112]	166269
173	0.6563509034895958	0.853926755278894	2.2963978496547215	3.1747220511474428	[305, 3083, 19, 132, 1108, 1086, 1112]	170834
174	0.6584540012591262	0.8556302333514433	2.2963978496547215	3.8183756353871248	[2607, 1587, 132, 19, 334, 1086, 1096]	170557
175	0.6605442282826743	0.8566610164773923	2.2963978496547215	3.3037506737243847	[241, 1031, 132, 1713, 174, 1086, 1112]	170508
176	0.6626216633279062	0.8588730378280499	2.2963978496547215	3.5540667742529815	[1819, 241, 1729, 132, 1108, 1086, 1112]	167401
177	0.6646863846804371	0.8602445340590699	2.2963978496547215	3.5483401810370205	[10, 232, 1192, 836, 1089, 1086, 1112]	169136
178	0.6667384701467826	0.8612423716215682	2.2963978496547215	3.2698792660251526	[158, 10, 734, 19, 334, 1086, 1112]	167897
179	0.6687779970572902	0.8625908422569272	2.2963978496547215	2.954117646351909	[107, 734, 19, 132, 1108, 1086, 1112]	167836
180	0.6708050422690536	0.8641487692154655	2.2963978496547215	4.1793532873152275	[300, 301, 10, 158, 1115, 1086, 1112]	169447
181	0.6728196821688086	0.8654689949762481	2.2963978496547215	3.6771584126391046	[107, 162, 10, 158, 1115, 1086, 1112]	170829
182	0.6748219926758121	0.8667763905547101	2.2963978496547215	3.4370654128233644	[669, 813, 19, 132, 1108, 1086, 1112]	169325
183	0.6768120492447027	0.8682868623171285	2.2963978496547215	3.2576636782570283	[846, 10, 734, 19, 334, 1086, 1112]	168097
184	0.6787899268683444	0.8697802085493606	2.2963978496547215	2.7206108825640802	[2872, 241, 19, 132, 1108, 1086, 1112]	168733
185	0.6807557000806521	0.8712566234184154	2.2963978496547215	3.428889265862453	[813, 651, 734, 1203, 174, 1086, 1112]	169293
186	0.682709442959401	0.872959578135103	2.2963978496547215	3.267729638277478	[1515, 1031, 241, 132, 1108, 1086, 1096]	167125
187	0.6846512291290177	0.8738666317808332	2.2963978496547215	2.740062281339724	[1820, 733, 734, 1203, 174, 1086, 1112]	170871
188	0.6865811317633546	0.875296715320733	2.2963978496547215	2.2963978496547215	[846, 10, 734, 1203, 174, 1086, 1112]	169100
189	0.6884992235884477	0.8772211487262773	2.2963978496547215	3.307594970447864	[2872, 241, 1729, 132, 1108, 1086, 1112]	171110
190	0.6904055768852569	0.8788452076055594	2.2963978496547215	3.114445558142182	[3158, 3083, 19, 132, 1108, 1086, 1096]	163939
191	0.6923002634923902	0.8804477842245335	2.2963978496547215	3.6466137364652322	[2297, 400, 19, 132, 1094, 1086, 1112]	167498
192	0.69418335480881	0.8814436377503599	2.2963978496547215	3.502202333386621	[732, 733, 734, 1203, 174, 1086, 1112]	166339
193	0.6960549217965248	0.8822901162099278	2.2963978496547215	3.7579324038279482	[10, 734, 19, 132, 261, 1086, 1112]	171365
194	0.6979150349832625	0.8836246953912211	2.2963978496547215	3.769588417848551	[377, 162, 420, 158, 1115, 1086, 1112]	170004
195	0.6997637644651284	0.8845940856836724	2.2963978496547215	3.262298240352031	[1078, 334, 19, 132, 1108, 1086, 1112]	168412
196	0.701601179909247	0.885715620322315	2.2963978496547215	3.660212642330709	[10, 158, 420, 1822, 1094, 1086, 1112]	168663
197	0.7034273505563867	0.8868262556933324	2.2963978496547215	3.1005864631871427	[734, 19, 132, 1713, 174, 1086, 1112]	167781
198	0.7052423452235697	0.8879260977176926	2.2963978496547215	3.9803348447421607	[160, 331, 241, 19, 334, 1086, 1112]	168653
199	0.7070462323066644	0.8896556332467406	2.2963978496547215	3.9767912523452233	[1851, 159, 320, 836, 1089, 1086, 1096]	169901
200	0.7088390797829642	0.8907279788906012	2.2963978496547215	3.914876189851247	[734, 10, 107, 836, 1089, 1086, 1096]	168056
201	0.7106209552137479	0.8916381998077973	2.2963978496547215	2.744277823316414	[811, 3284, 2308, 651, 734, 19, 794]	169373
202	0.712391925746826	0.8925408387098565	2.2963978496547215	3.428889265862453	[3085, 651, 734, 1203, 174, 1086, 1112]	169486
203	0.7141520581190712	0.8939622561872393	2.2963978496547215	4.073188296402192	[2051, 1849, 420, 158, 1089, 1086, 1096]	172859
204	0.7159014186589336	0.8949927493243895	2.2963978496547215	3.659323743884939	[377, 162, 1192, 836, 1089, 1086, 1096]	167199
205	0.7176400732889395	0.8966132315879021	2.2963978496547215	3.754860269417616	[1791, 420, 1879, 836, 1089, 1086, 1112]	169281
206	0.7193680875281763	0.897980781434623	2.2963978496547215	3.1747220511474428	[305, 3083, 19, 132, 1108, 1086, 1112]	169851
207	0.7210855264947609	0.8995551520914961	2.2963978496547215	3.4042606044936825	[3895, 1030, 1031, 132, 1108, 1086, 1112]	167523
208	0.722792454908294	0.9006939825666491	2.2963978496547215	2.8232338638794454	[2872, 241, 1031, 132, 1108, 1086, 1112]	170057
209	0.7244889370922993	0.9014030158320744	2.2963978496547215	3.1005864631871427	[734, 19, 132, 1713, 174, 1086, 1112]	166431
210	0.7261750369766463	0.9022243151587543	2.2963978496547215	3.4177184342752316	[1917, 10, 734, 19, 334, 1086, 1112]	169085
211	0.7278508180999608	0.9033328830140972	2.2963978496547215	3.179899696473333	[1792, 232, 320, 836, 1089, 1086, 1112]	168044
212	0.729516343612018	0.9044288820728943	2.2963978496547215	3.502202333386621	[4216, 733, 734, 1203, 174, 1086, 1112]	167102
213	0.7311716762761236	0.9051112485958462	2.2963978496547215	2.8785220653926133	[77, 19, 241, 132, 1108, 1086, 1096]	169091
214	0.7328168784714775	0.9065755811792436	2.2963978496547215	3.1546472538339607	[2872, 241, 1587, 132, 1108, 1086, 1112]	168327
215	0.7344520121955256	0.9073537937475131	2.2963978496547215	3.9294546393025795	[432, 422, 19, 387, 344, 1086, 1096]	166851
216	0.7360771390662955	0.9081255239120487	2.2963978496547215	3.4811257093260544	[3621, 1720, 132, 1713, 174, 1086, 1112]	167481
217	0.737692320324719	0.9091671846386694	2.2963978496547215	3.3351497941683217	[1535, 496, 217, 132, 1108, 1086, 1112]	169834
218	0.7392976168369392	0.909815720239512	2.2963978496547215	3.8096075202561916	[811, 734, 19, 1987, 334, 1086, 1112]	168460
219	0.7408930890966048	0.9105669428947429	2.2963978496547215	2.852510554598944	[3284, 811, 3459, 1203, 174, 1086, 1112]	165613
220	0.7424787972271494	0.9117499198405797	2.2963978496547215	3.5483401810370205	[10, 232, 1192, 836, 1089, 1086, 1112]	172422
221	0.7440548009840573	0.9129172489432176	2.2963978496547215	3.7647275910015576	[107, 162, 2636, 836, 1089, 1086, 1112]	168776
222	0.7456211597571152	0.9139045817216391	2.2963978496547215	3.8723602699503585	[1879, 232, 10, 158, 1115, 1086, 1112]	167538
223	0.7471779325726502	0.9148807202508722	2.2963978496547215	3.487276315966888	[1743, 1742, 400, 19, 334, 1086, 1112]	167354
224	0.7487251780957545	0.9157079241357035	2.2963978496547215	2.5846064999161147	[1529, 2229, 734, 1203, 174, 1086, 1112]	173269
225	0.7502629546324955	0.9166636166058202	2.2963978496547215	3.9277479608567702	[1873, 10, 157, 1713, 174, 1086, 1112]	166674
226	0.7517913201321139	0.9173577972255135	2.2963978496547215	3.406818157384917	[2872, 241, 132, 217, 261, 1086, 1112]	166417
227	0.7533103321892064	0.917947852817406	2.2963978496547215	2.5289675866494767	[195, 10, 734, 1203, 174, 1086, 1112]	169252
228	0.7548200480458969	0.9187452497773924	2.2963978496547215	3.220998360129769	[2627, 438, 1580, 1674, 422, 19, 794]	165571
229	0.7563205245939929	0.919534897495785	2.2963978496547215	3.3147954491973186	[1799, 232, 320, 836, 1089, 1086, 1112]	168606
230	0.7578118183771302	0.9201094088482278	2.2963978496547215	2.3086134374228453	[158, 10, 734, 1203, 174, 1086, 1112]	166909
231	0.7592939855929031	0.921015197863554	2.2963978496547215	3.6621176059038643	[1794, 1791, 420, 158, 1115, 1086, 1112]	168855
232	0.7607670820949822	0.9215791400457622	2.2963978496547215	3.96210996240215	[432, 422, 19, 132, 261, 1086, 1112]	167846
233	0.7622311633952195	0.9222323750308038	2.2963978496547215	2.740062281339724	[1820, 733, 734, 1203, 174, 1086, 1112]	165047
234	0.7636862846657397	0.9227876267114311	2.2963978496547215	4.03971073278561	[1549, 107, 438, 2627, 261, 1086, 1112]	167250
235	0.7651325007410201	0.9235379899115144	2.2963978496547215	3.668017645128386	[19, 132, 1032, 1729, 1094, 1086, 1112]	167770
236	0.7665698661199564	0.9244049061256695	2.2963978496547215	3.997563313290736	[2040, 545, 132, 1713, 174, 1086, 1096]	167903
237	0.7679984349679162	0.9254048412298274	2.2963978496547215	3.1747220511474428	[305, 3083, 19, 132, 1108, 1086, 1112]	167917
238	0.7694182611187811	0.926129769886486	2.2963978496547215	3.764660201867798	[77, 19, 132, 387, 344, 1086, 1112]	170039
239	0.7708293980769743	0.926967300840154	2.2963978496547215	4.106607664373404	[1742, 581, 438, 2627, 261, 1086, 1112]	167454
240	0.7722318990194776	0.9276770452440397	2.2963978496547215	3.2955640872694314	[193, 232, 320, 836, 1089, 1086, 1112]	164817
241	0.7736258167978352	0.9283798922290345	2.2963978496547215	3.3037506737243847	[241, 1031, 132, 1713, 174, 1086, 1112]	167884
242	0.7750112039401446	0.929191911591517	2.2963978496547215	3.6493987099439575	[1715, 132, 241, 1729, 1094, 1086, 1096]	164396
243	0.7763881126530371	0.9302846290052282	2.2963978496547215	3.215412445787365	[1819, 241, 1720, 132, 1108, 1086, 1112]	166050
244	0.7777565948236447	0.9309621350401629	2.2963978496547215	2.740062281339724	[1820, 733, 734, 1203, 174, 1086, 1112]	167441
245	0.7791167020215551	0.9315372109665255	2.2963978496547215	2.936799553153932	[734, 811, 3459, 1203, 174, 1086, 1096]	169739
246	0.7804684855007559	0.9323134330644107	2.2963978496547215	3.3945507805501087	[1579, 1580, 301, 2627, 261, 1086, 1112]	167890
247	0.7818119962015646	0.9329712228305486	2.2963978496547215	3.523898180591541	[241, 1720, 132, 19, 334, 1086, 1096]	168157
248	0.78314728475255	0.9338578468671815	2.2963978496547215	3.8995888463941126	[3, 19, 1126, 132, 1108, 1086, 1112]	164896
249	0.7844744014724385	0.9347327430726421	2.2963978496547215	3.1455033926936977	[10, 232, 320, 836, 1089, 1086, 1112]	166673
250	0.7857933963720113	0.9353670215656193	2.2963978496547215	3.267729638277478	[1515, 1031, 241, 132, 1108, 1086, 1112]	168648
251	0.7871043191559887	0.9360998217746259	2.2963978496547215	2.632664465514411	[432, 422, 19, 132, 1108, 1086, 1112]	168506
252	0.7884072192249029	0.9367208147602952	2.2963978496547215	3.5880194384738697	[107, 232, 320, 836, 1089, 1086, 1112]	168191
253	0.78970214567696	0.9375578410200798	2.2963978496547215	3.924045778520189	[1791, 420, 2307, 1468, 1089, 1086, 1112]	167219
254	0.79098914730989	0.9381646647225085	2.2963978496547215	3.1455033926936977	[10, 232, 320, 836, 1089, 1086, 1112]	164964
255	0.7922682726227859	0.9387655912072266	2.2963978496547215	4.191608500475379	[1549, 162, 107, 420, 458, 1086, 1112]	165742
256	0.7935395698179306	0.9393606777844158	2.2963978496547215	4.349594341006103	[1586, 1587, 132, 217, 261, 1086, 1112]	163023
257	0.7948030868026147	0.9399499812073078	2.2963978496547215	3.4811257093260544	[3621, 1720, 132, 1713, 174, 1086, 1112]	166584
258	0.7960588711909402	0.9403787312671116	2.2963978496547215	3.668017645128386	[19, 132, 1032, 1729, 1094, 1086, 1096]	167550
259	0.7973069703056163	0.9409581410701523	2.2963978496547215	2.4284869069402104	[10, 734, 19, 132, 1108, 1086, 1112]	172781
260	0.7985474311797415	0.9416275499015565	2.2963978496547215	3.58149179012917	[1792, 232, 10, 158, 1115, 1086, 1112]	165564
261	0.7997803005585766	0.9425540967285159	2.2963978496547215	3.1064053138236165	[2607, 1587, 241, 132, 1108, 1086, 1112]	166526
262	0.8010056249013066	0.9432054108245644	2.2963978496547215	3.428889265862453	[10, 811, 3459, 1203, 174, 1086, 1112]	167430
263	0.8022234503827901	0.9439566620041338	2.2963978496547215	4.0460576632293455	[223, 222, 23, 5272, 174, 1086, 1112]	168275
264	0.803433822895301	0.9445013008573492	2.2963978496547215	3.2418942286645542	[813, 3284, 734, 1203, 174, 1086, 1096]	166954
265	0.8046367880502566	0.9451305378090799	2.2963978496547215	2.8080246507420323	[3621, 1720, 241, 132, 1108, 1086, 1112]	169987
266	0.8058323911799374	0.9457526405550087	2.2963978496547215	3.6070016106851464	[4015, 241, 132, 1713, 174, 1086, 1112]	169722
267	0.8070206773391946	0.9463676899818226	2.2963978496547215	2.8649135046369567	[2627, 261, 217, 132, 1108, 1086, 1112]	166293
268	0.8082016913071481	0.9471953490870414	2.2963978496547215	3.7199901158437356	[2047, 232, 1879, 836, 1089, 1086, 1112]	165683
269	0.8093754775888748	0.9478938233054668	2.2963978496547215	3.38099684896389	[77, 786, 19, 132, 1108, 1086, 1112]	165739
270	0.8105420804170842	0.9484845962838628	2.2963978496547215	3.853272847858169	[709, 1580, 438, 2627, 261, 1086, 1112]	163961
271	0.8117015437537866	0.949068671155928	2.2963978496547215	2.9837054211849563	[2872, 241, 217, 132, 1108, 1086, 1112]	167385
272	0.8128539112919491	0.9494929221250581	2.2963978496547215	2.2963978496547215	[846, 10, 734, 1203, 174, 1086, 1112]	166226
273	0.8139992264571421	0.9504549617036284	2.2963978496547215	3.799585859424228	[841, 840, 843, 3094, 174, 1086, 1112]	168180
274	0.8151375324091761	0.9512195456279551	2.2963978496547215	3.754860269417616	[1791, 420, 1879, 836, 1089, 1086, 1112]	165138
275	0.816268872043728	0.9518647897334054	2.2963978496547215	3.725277080728378	[10, 734, 19, 387, 344, 1086, 1112]	164377
276	0.8173932879939572	0.9524105404167001	2.2963978496547215	4.327030086080459	[841, 1268, 1380, 2198, 487, 1086, 1112]	165460
277	0.8185108226321126	0.952873023017121	2.2963978496547215	2.836907934762174	[2297, 400, 19, 132, 1108, 1086, 1112]	168722
278	0.8196215180711294	0.9532655842581279	2.2963978496547215	3.4386597270391013	[3075, 334, 1987, 19, 409, 4290, 794]	166534
279	0.8207254161662154	0.9537197573945893	2.2963978496547215	4.460138581924376	[734, 2229, 1529, 156, 1115, 1086, 1112]	167423
280	0.8218225585164294	0.9542444766985054	2.2963978496547215	3.3945507805501087	[1579, 1580, 301, 2627, 261, 1086, 1112]	170484
281	0.8229129864662477	0.9547632468039645	2.2963978496547215	3.700535591088215	[1178, 2279, 1876, 1713, 174, 1086, 1112]	167240
282	0.8239967411071227	0.9550862318925303	2.28391589549363	2.28391589549363	[2872, 241, 132, 19, 409, 4290, 794]	166421
283	0.8250738632790312	0.9556803293542693	2.28391589549363	2.2963978496547215	[846, 10, 734, 1203, 174, 1086, 1112]	163449
284	0.8261443935720137	0.9561828199511596	2.28391589549363	3.898308793818061	[2627, 438, 10, 158, 1115, 1086, 1112]	164360
285	0.8272083723277035	0.9566086428865226	2.28391589549363	3.5878125065263164	[734, 10, 438, 2627, 261, 1086, 1112]	165994
286	0.8282658396408473	0.9572782625950639	2.28391589549363	3.727629877174775	[1807, 157, 320, 836, 1089, 1086, 1112]	168057
287	0.8293168353608159	0.9576934398293198	2.28391589549363	3.280753655086839	[1579, 1580, 438, 2627, 261, 1086, 1112]	170536
288	0.8303613990931061	0.9580458476608124	2.28391589549363	3.44237026721747	[432, 422, 19, 132, 1094, 1086, 1112]	166766
289	0.8313995702008331	0.9584535653706198	2.28391589549363	3.58149179012917	[1792, 232, 10, 158, 1115, 1086, 1112]	163487
290	0.8324313878062135	0.9589246133822907	2.28391589549363	3.8106898052636273	[837, 162, 10, 158, 1115, 1086, 1112]	166713
291	0.8334568907920402	0.9592178868037298	2.28391589549363	4.084110125696712	[161, 10, 159, 1713, 174, 1086, 1112]	167625
292	0.8344761178031472	0.9596802690395151	2.28391589549363	3.2090431767779197	[21, 422, 19, 132, 1108, 1086, 1112]	166239
293	0.8354891072478661	0.9601374088463234	2.28391589549363	3.7439125216956306	[837, 162, 1192, 836, 1089, 1086, 1112]	169265
294	0.8364958972994733	0.9605893656621247	2.28391589549363	3.911291829090726	[1715, 132, 1032, 1729, 1094, 1086, 1112]	171877
295	0.8374965258976286	0.9609723650240087	2.28391589549363	4.264394043829929	[420, 158, 10, 161, 1023, 1086, 1112]	165358
296	0.838491030749805	0.9612510177399676	2.28391589549363	2.4629503543304447	[1019, 10, 734, 1203, 174, 1086, 1112]	164273
297	0.8394794493327097	0.9617635704153649	2.28391589549363	3.937435419371746	[1792, 1791, 420, 158, 1115, 1086, 1112]	164675
298	0.8404618188936956	0.9621351586523389	2.28391589549363	3.1455033926936977	[10, 232, 320, 836, 1089, 1086, 1112]	165995
299	0.8414381764521666	0.9624505675765177	2.28391589549363	3.3046552615698683	[734, 19, 132, 217, 261, 1086, 1096]	167094
300	0.8424085588009705	0.962876298102861	2.28391589549363	3.2045923090637043	[2047, 232, 320, 836, 1089, 1086, 1112]	165422
301	0.8433730025077875	0.9632370726596845	2.28391589549363	4.5761460884775875	[107, 162, 481, 159, 1023, 1086, 1112]	170027
302	0.8443315439165066	0.9638044017853067	2.28391589549363	3.717549963485718	[2636, 162, 1192, 836, 1089, 1086, 1112]	168663
303	0.8452842191485962	0.9641059061436131	2.28391589549363	3.6566562240450455	[2297, 400, 654, 132, 1108, 1086, 1112]	164047
304	0.846231064104465	0.9646598273451006	2.28391589549363	2.6023674981119003	[734, 19, 241, 132, 1108, 1086, 1112]	166773
305	0.8471721144648147	0.9651406460206775	2.28391589549363	3.4620520467569964	[10, 734, 19, 1987, 334, 1086, 1096]	165144
306	0.8481074056919847	0.9654794152527408	2.28391589549363	2.7760423804394057	[811, 734, 19, 132, 1108, 1086, 1112]	164484
307	0.8490369730312887	0.9657258881610333	2.28391589549363	3.079407314371683	[1792, 496, 217, 132, 1108, 1086, 1112]	166286
308	0.8499608515123422	0.9661792494287444	2.28391589549363	2.4629843211448703	[241, 19, 734, 1203, 174, 1086, 1112]	169565
309	0.8508790759503835	0.966507925333227	2.28391589549363	3.280753655086839	[1579, 1580, 438, 2627, 261, 1086, 1112]	164163
310	0.8517916809475847	0.9668334071084144	2.28391589549363	4.052342240249097	[2015, 1663, 1546, 234, 174, 1086, 1112]	166891
311	0.8526987008943563	0.9672201895328061	2.28391589549363	3.8183756353871248	[2607, 1587, 132, 19, 334, 1086, 1112]	165118
312	0.8536001699706431	0.9675387494012919	2.28391589549363	3.2212052831254727	[160, 2229, 734, 1203, 174, 1086, 1096]	166832
313	0.8544961221472118	0.9679067907912999	2.28391589549363	3.885564251835354	[1580, 261, 217, 132, 1108, 1086, 1112]	167965
314	0.8553865911869317	0.9682186781499851	2.28391589549363	2.9121266964169745	[119, 409, 19, 132, 1108, 1086, 1112]	166239
315	0.8562716106460466	0.9687091306476705	2.28391589549363	3.6566562240450455	[2297, 400, 654, 132, 1108, 1086, 1096]	168201
316	0.8571512138754396	0.9690132207288399	2.28391589549363	4.21996627138773	[1586, 1587, 132, 19, 334, 1086, 1112]	167519
317	0.8580254340218895	0.9693143556099979	2.28391589549363	3.123661932901401	[119, 123, 19, 132, 1108, 1086, 1112]	163075
318	0.8588943040293203	0.9696622654103381	2.28391589549363	2.5846064999161147	[1529, 2229, 734, 1203, 174, 1086, 1112]	166816
319	0.8597578566400428	0.9699570927630072	2.28391589549363	4.136040537272099	[87, 1265, 193, 232, 1023, 1086, 1112]	167150
320	0.8606161243959878	0.9702490549324629	2.28391589549363	3.517456662911222	[2764, 370, 1032, 132, 1108, 1086, 1112]	164130
321	0.8614691396399328	0.9704614731753441	2.28391589549363	3.712383226291247	[158, 651, 19, 132, 1108, 1086, 1112]	165722
322	0.862316934516721	0.9706723747769957	2.28391589549363	3.2698792660251526	[158, 10, 734, 19, 334, 1086, 1112]	168862
323	0.8631595409744721	0.9710603063275646	2.28391589549363	3.027434532504193	[1647, 1697, 241, 132, 1108, 1086, 1112]	168831
324	0.8639969907657867	0.9712669323310568	2.28391589549363	3.3016640075194656	[107, 10, 734, 19, 334, 1086, 1112]	166669
325	0.8648293154489428	0.971592704073335	2.28391589549363	2.9837054211849563	[2872, 241, 217, 132, 1108, 1086, 1112]	164421
326	0.8656565463890848	0.9718687710891433	2.28391589549363	3.2698792660251526	[158, 10, 734, 19, 334, 1086, 1112]	165288
327	0.8664787147594055	0.9721421552379368	2.28391589549363	3.2856764027988357	[950, 1987, 19, 132, 1108, 1086, 1112]	166851
328	0.867295851542321	0.9724580038180055	2.28391589549363	2.876898483739562	[1548, 19, 734, 1203, 174, 1086, 1112]	166419
329	0.8681079875306381	0.9727702713484137	2.28391589549363	3.8690448807259967	[3621, 1720, 241, 1729, 1094, 1086, 1096]	169801
330	0.8689151533287149	0.9729646884031046	2.28391589549363	3.3016640075194656	[107, 10, 734, 19, 334, 1086, 1112]	164217
331	0.8697173793536138	0.9732712112103256	2.28391589549363	3.517456662911222	[2764, 370, 1032, 132, 1108, 1086, 1112]	166423
332	0.8705146958362477	0.9734620516134171	2.28391589549363	3.1034592255838813	[2764, 400, 19, 132, 1108, 1086, 1112]	168472
333	0.8713071328225196	0.9737629353819726	2.28391589549363	3.9893376345012115	[2153, 158, 420, 1822, 1094, 1086, 1112]	168288
334	0.8720947201744544	0.9740604077699321	2.28391589549363	3.079407314371683	[1792, 496, 217, 132, 1108, 1086, 1112]	167371
335	0.8728774875713248	0.9744035240692716	2.28391589549363	3.1747220511474428	[305, 3083, 19, 132, 1108, 1086, 1112]	165786
336	0.8736554645107688	0.974616739195725	2.28391589549363	3.8472390994632946	[421, 438, 1779, 132, 1108, 1086, 1112]	169831
337	0.8744286803099022	0.9749045312683358	2.28391589549363	3.2681320931479263	[846, 734, 19, 132, 1108, 1086, 1096]	165034
338	0.8751971641064229	0.9752918070203677	2.28391589549363	3.8703935853399845	[1849, 420, 1879, 836, 1089, 1086, 1112]	165053
339	0.8759609448597092	0.9755319255138529	2.28391589549363	3.6859385065488217	[87, 1265, 415, 255, 174, 1086, 1112]	165894
340	0.8767200513519107	0.975769710494282	2.28391589549363	2.4284869069402104	[10, 734, 19, 132, 1108, 1086, 1112]	166464
341	0.877474512189033	0.9760051846391382	2.28391589549363	3.517456662911222	[101, 370, 1032, 132, 1108, 1086, 1112]	167586
342	0.8782243558020166	0.9762383704055217	2.28391589549363	3.958587705331766	[734, 10, 438, 132, 1108, 1086, 1112]	166094
343	0.8789696104478066	0.976408025641515	2.28391589549363	3.039329065593953	[811, 10, 734, 1203, 174, 1086, 1112]	169049
344	0.879710304210419	0.9766755083439921	2.28391589549363	3.7163875428531554	[1799, 232, 10, 158, 1115, 1086, 1112]	168562
345	0.8804464650019981	0.976984033365897	2.28391589549363	2.8080246507420323	[3621, 1720, 241, 132, 1108, 1086, 1112]	164067
346	0.8811781205638691	0.9772449853685512	2.28391589549363	4.060430228612006	[432, 422, 19, 3308, 334, 1086, 1096]	167934
347	0.8819052984675828	0.9775029787317195	2.28391589549363	3.7643597940068236	[2273, 2229, 734, 1203, 174, 1086, 1112]	164597
348	0.882628026115955	0.9776903758268323	2.28391589549363	2.2963978496547215	[846, 10, 734, 1203, 174, 1086, 1112]	165006
349	0.883346330744099	0.9779433194115621	2.28391589549363	3.1168228899284696	[1548, 19, 241, 132, 1108, 1086, 1112]	165256
350	0.884060239420452	0.9781576700489618	2.28391589549363	2.632664465514411	[432, 422, 19, 132, 1108, 1086, 1112]	167833
351	0.8847697790477949	0.9783699375897883	2.28391589549363	2.340398178917159	[107, 10, 734, 1203, 174, 1086, 1112]	167725
352	0.8854749763642666	0.9786151763926251	2.28391589549363	3.179899696473333	[1792, 232, 320, 836, 1089, 1086, 1112]	164995
353	0.8861758579443713	0.9788576347101691	2.28391589549363	4.065736375619337	[359, 158, 420, 1582, 1087, 1086, 1112]	168411
354	0.8868724501999795	0.978987023850822	2.28391589549363	2.5654644284832036	[811, 3284, 162, 10, 734, 19, 794]	163384
355	0.8875647793813242	0.9792649732707847	2.28391589549363	3.952153476247373	[331, 241, 19, 1987, 334, 1086, 1112]	167163
356	0.8882528715779892	0.9794664798473562	2.28391589549363	2.9740435102732192	[19, 241, 217, 132, 1108, 1086, 1112]	165451
357	0.888936752719893	0.979613086762232	2.28391589549363	3.2698792660251526	[158, 10, 734, 19, 334, 1086, 1112]	169013
358	0.8896164485782656	0.9798508350215646	2.28391589549363	3.1064053138236165	[2196, 2197, 241, 132, 1108, 1086, 1112]	165920
359	0.8902919847666195	0.9799946976857766	2.28391589549363	3.4620520467569964	[10, 734, 19, 1987, 334, 1086, 1112]	164735
360	0.8909633867417153	0.9802215151723325	2.28391589549363	3.8919967059155205	[1849, 420, 158, 1546, 234, 1086, 1096]	164238
361	0.8916306798045204	0.980386267232538	2.28391589549363	2.424582476907486	[1873, 10, 734, 1203, 174, 1086, 1096]	165802
362	0.8922938891011634	0.9806457081421605	2.28391589549363	2.8080246507420323	[3621, 1720, 241, 132, 1108, 1086, 1112]	167135
363	0.8929530396238806	0.9808069267332296	2.28391589549363	3.5236618915716624	[1819, 241, 132, 19, 334, 1086, 1112]	168787
364	0.8936081562119588	0.9809668023955933	2.28391589549363	2.2963978496547215	[846, 10, 734, 1203, 174, 1086, 1112]	167705
365	0.8942592635526704	0.9811517703023417	2.28391589549363	3.1148748190664355	[669, 811, 3459, 1203, 174, 1086, 1112]	166214
366	0.8949063861822046	0.9813654690517482	2.28391589549363	2.9837054211849563	[2872, 241, 217, 132, 1108, 1086, 1096]	167624
367	0.8955495484865915	0.9815767449128395	2.28391589549363	3.6931304594393177	[107, 10, 158, 1713, 174, 1086, 1112]	167927
368	0.896188774702621	0.9818204387631988	2.28391589549363	3.125527937822353	[669, 673, 670, 132, 1108, 1086, 1112]	165190
369	0.8968240889187564	0.9819718720096527	2.28391589549363	2.7206108825640802	[2872, 241, 19, 132, 1108, 1086, 1112]	166669
370	0.897455515076042	0.9821762725537609	2.28391589549363	2.6023674981119003	[734, 19, 241, 132, 1108, 1086, 1112]	167615
371	0.8980830769690055	0.9823247417536464	2.28391589549363	3.831483791594195	[1579, 1580, 438, 3366, 150, 1086, 1112]	167084
372	0.898706798246554	0.9824509410152376	2.28391589549363	3.688227867095672	[77, 19, 241, 132, 1094, 1086, 1112]	166480
373	0.8993267024128664	0.98259712226459	2.28391589549363	3.136988617666288	[1546, 1662, 370, 1032, 132, 19, 794]	164110
374	0.8999428128282778	0.982827319060032	2.28391589549363	3.862986186644944	[107, 1586, 1587, 132, 1108, 1086, 1112]	165941
375	0.9005551527101606	0.9829942061439966	2.28391589549363	2.6023674981119003	[734, 19, 241, 132, 1108, 1086, 1112]	167263
376	0.9011637451337995	0.9831594713904106	2.28391589549363	3.079407314371683	[1792, 496, 217, 132, 1108, 1086, 1112]	167479
377	0.9017686130332603	0.9833231305605719	2.28391589549363	3.2955640872694314	[193, 232, 320, 836, 1089, 1086, 1112]	169034
378	0.9023697792022549	0.9835122107129464	2.28391589549363	3.517456662911222	[2764, 370, 1032, 132, 1108, 1086, 1112]	167513
379	0.9029672662950001	0.9837739216540107	2.28391589549363	3.1064053138236165	[2196, 2197, 241, 132, 1108, 1086, 1112]	166919
380	0.903561096827071	0.9839316094902205	2.28391589549363	3.4061245259816175	[19, 132, 241, 1729, 1094, 1086, 1112]	165336
381	0.9041512931762495	0.9841137907885174	2.28391589549363	3.1148748190664355	[157, 651, 734, 1203, 174, 1086, 1112]	163433
382	0.9047378775833681	0.9842461207278049	2.28391589549363	3.5273345462064576	[1792, 232, 734, 1203, 174, 1086, 1112]	165390
383	0.9053208721531475	0.9844247361390543	2.28391589549363	3.38931764995015	[3284, 813, 19, 132, 1108, 1086, 1112]	166330
384	0.9059002988550297	0.9846013264322623	2.28391589549363	3.58149179012917	[1792, 232, 10, 158, 1115, 1086, 1112]	166386
385	0.9064761795240058	0.984775914567951	2.28391589549363	3.653542571612352	[1792, 496, 1879, 836, 1089, 1086, 1112]	166808
386	0.9070485358614393	0.9849772913593802	2.28391589549363	2.9495193561308453	[3895, 1030, 1032, 132, 1108, 1086, 1112]	165275
387	0.9076173894358833	0.9850845517292781	2.28391589549363	2.6023674981119003	[734, 19, 241, 132, 1108, 1086, 1112]	166639
388	0.9081827616838937	0.9852295026356991	2.28391589549363	2.6385976592037066	[77, 19, 734, 1203, 174, 1086, 1112]	163174
389	0.9087446739108365	0.9853969685922105	2.28391589549363	3.7843272470537146	[2636, 162, 10, 158, 1115, 1086, 1112]	164991
390	0.9093031472916914	0.9855186098367568	2.28391589549363	4.129916660920861	[1872, 193, 1265, 255, 174, 1086, 1112]	167609
391	0.9098582028718492	0.9856593424914044	2.28391589549363	4.276128805116626	[811, 734, 19, 422, 636, 1086, 1096]	167115
392	0.9104098615679049	0.9857987074817698	2.28391589549363	4.070780646249196	[377, 162, 10, 232, 1023, 1086, 1096]	168833
393	0.9109581441684464	0.9859865552664024	2.28391589549363	3.1015860273876683	[241, 1729, 1032, 132, 1108, 1086, 1112]	164427
394	0.9115030713348373	0.986122740346418	2.28391589549363	2.740062281339724	[1820, 733, 734, 1203, 174, 1086, 1112]	166532
395	0.9120446636019957	0.9863368955879857	2.28391589549363	3.653542571612352	[1792, 496, 1879, 836, 1089, 1086, 1096]	167035
396	0.9125829413791682	0.9864918060688475	2.28391589549363	3.617730452445091	[3621, 1720, 241, 132, 1094, 1086, 1112]	166375
397	0.9131179249506987	0.986644960195051	2.28391589549363	3.428889265862453	[107, 811, 3459, 1203, 174, 1086, 1112]	165619
398	0.9136496344767933	0.9867747467820768	2.28391589549363	3.412073299814958	[734, 19, 241, 132, 1094, 1086, 1112]	166165
399	0.9141780899942792	0.987019658878705	2.28391589549363	2.9029016385097783	[2538, 10, 734, 1203, 174, 1086, 1096]	170283
400	0.9147033114173607	0.9871668282791731	2.28391589549363	4.474525336387265	[101, 370, 1032, 1729, 1094, 1086, 1096]	162641
401	0.915225318538369	0.9872737268357815	2.28391589549363	3.280753655086839	[1579, 1580, 438, 2627, 261, 1086, 1096]	168117
402	0.915744131028508	0.9873645909269165	2.28391589549363	2.340398178917159	[107, 10, 734, 1203, 174, 1086, 1112]	167663
403	0.9162597684385964	0.9875317259675658	2.28391589549363	3.898557652429812	[457, 542, 269, 132, 1108, 1086, 1112]	168653
404	0.916772250199803	0.9876355849765823	2.28391589549363	3.5525593625647307	[2004, 19, 132, 217, 261, 1086, 1096]	167558
405	0.9172815956243807	0.9878263938504005	2.28391589549363	3.8982589836260795	[837, 162, 2636, 836, 1089, 1086, 1112]	167960
406	0.9177878239063929	0.987944699060795	2.28391589549363	3.3046552615698683	[734, 19, 132, 217, 261, 1086, 1112]	168674
407	0.9182909541224372	0.9880813804773393	2.28391589549363	3.6927980254785133	[1715, 132, 387, 344, 174, 1086, 1112]	166271
408	0.9187910052323646	0.9882653097909606	2.28391589549363	3.021211317745953	[331, 241, 1031, 132, 1108, 1086, 1112]	164469
409	0.9192879960799936	0.9883793495403196	2.28391589549363	3.6372926075949996	[420, 158, 19, 132, 1108, 1086, 1096]	167428
410	0.9197819453938203	0.9885111029468919	2.28391589549363	4.048371590888552	[2238, 1549, 107, 836, 1089, 1086, 1112]	167310
411	0.9202728717877247	0.9886413625506686	2.28391589549363	3.280753655086839	[1579, 1580, 438, 2627, 261, 1086, 1112]	165908
412	0.9207607937616712	0.9887517477542579	2.28391589549363	3.5772400492380187	[1849, 420, 158, 1713, 174, 1086, 1112]	164346
413	0.9212457297024067	0.9888454441494744	2.28391589549363	3.6380241084139104	[1726, 132, 19, 1987, 334, 1086, 1112]	168607
414	0.921727697884153	0.9889719130366685	2.28391589549363	3.179899696473333	[1792, 232, 320, 836, 1089, 1086, 1112]	163990
415	0.9222067164692953	0.9890969480362528	2.28391589549363	3.3945507805501087	[1579, 1580, 301, 2627, 261, 1086, 1112]	165506
416	0.9226828035090671	0.9892029057812843	2.28391589549363	2.8080246507420323	[3621, 1720, 241, 132, 1108, 1086, 1112]	163006
417	0.9231559769442299	0.9893253218155101	2.28391589549363	3.4492211628073086	[1819, 241, 132, 1713, 174, 1086, 1112]	167160
418	0.9236262546057498	0.98941424041763	2.28391589549363	2.732522825020183	[1742, 400, 19, 132, 1108, 1086, 1096]	164805
419	0.924093654215469	0.9895542636925291	2.28391589549363	3.8821799646717103	[331, 241, 1729, 1822, 1094, 1086, 1112]	168082
420	0.924558193386774	0.9897154633269036	2.28391589549363	3.307594970447864	[2872, 241, 1729, 132, 1108, 1086, 1112]	169355
421	0.925019889625259	0.9898154102333477	2.28391589549363	4.102054016398267	[195, 10, 159, 1713, 174, 1086, 1112]	165525
422	0.9254787603293858	0.9899143858384658	2.28391589549363	3.125527937822353	[669, 673, 670, 132, 1108, 1086, 1112]	164980
423	0.9259348227911394	0.989998397618237	2.28391589549363	2.8502715991067618	[2004, 19, 241, 132, 1108, 1086, 1112]	167583
424	0.9263880941966793	0.990111794470638	2.28391589549363	3.7601638910004205	[1820, 10, 438, 2627, 261, 1086, 1112]	166207
425	0.9268385916269881	0.9901941618636356	2.28391589549363	3.5965259561246024	[2309, 420, 158, 1713, 174, 1086, 1112]	166500
426	0.9272863320585139	0.9902758431475703	2.28391589549363	3.5108023608171486	[1715, 132, 241, 19, 334, 1086, 1112]	164614
427	0.9277313323638107	0.9904044695609623	2.28391589549363	3.272226006020019	[1456, 2004, 19, 132, 1108, 1086, 1112]	167500
428	0.9281736093121745	0.990497720585637	2.28391589549363	2.6023674981119003	[734, 19, 241, 132, 1108, 1086, 1112]	165388
429	0.9286131795702748	0.9905900653807231	2.28391589549363	3.8373766232271302	[241, 1720, 132, 387, 344, 1086, 1112]	166105
430	0.9290500597027824	0.9906815127531166	2.28391589549363	4.128819192979959	[1515, 1031, 132, 19, 334, 1086, 1112]	166269
431	0.9294842661729946	0.9908047731664351	2.28391589549363	3.125527937822353	[669, 668, 670, 132, 1108, 1086, 1096]	167501
432	0.9299158153434546	0.9909264031510061	2.28391589549363	3.057910963885006	[160, 331, 241, 132, 1108, 1086, 1112]	167188
433	0.9303447234765685	0.9909911875635651	2.28391589549363	2.81050582782964	[3284, 811, 734, 1203, 174, 1086, 1112]	167583
434	0.9307710067352181	0.9910933282941369	2.28391589549363	4.125405611742348	[1820, 10, 158, 420, 458, 1086, 1112]	168965
435	0.9311946811833702	0.9912111414119393	2.28391589549363	4.117788114256314	[1580, 301, 1879, 836, 1089, 1086, 1112]	166101
436	0.9316157627866815	0.9913107883347064	2.28391589549363	3.2045923090637043	[2047, 232, 320, 836, 1089, 1086, 1112]	164248
437	0.9320342674131007	0.9913831682736094	2.28391589549363	4.104545393274345	[1726, 132, 19, 422, 636, 1086, 1096]	167025
438	0.932450210833466	0.9914446914370036	2.28391589549363	3.6501628721094113	[734, 19, 241, 217, 261, 1086, 1112]	164693
439	0.9328636087221001	0.9915416904003028	2.28391589549363	3.514672406513336	[2028, 493, 217, 132, 1108, 1086, 1112]	166795
440	0.9332744766573999	0.9916020817343877	2.28391589549363	4.157227072718187	[119, 400, 19, 1987, 334, 1086, 1112]	166200
441	0.9336828301224245	0.991697296227195	2.28391589549363	3.9306743146103207	[1819, 241, 1729, 1822, 1094, 1086, 1112]	167249
442	0.9340886845054779	0.9917565765540075	2.28391589549363	3.123661932901401	[119, 123, 19, 132, 1108, 1086, 1112]	164986
443	0.9344920551006896	0.9918500394048692	2.28391589549363	3.7165805030848844	[846, 10, 301, 2627, 261, 1086, 1112]	166772
444	0.9348929571085902	0.9919082291633874	2.28391589549363	3.6372926075949996	[420, 158, 19, 132, 1108, 1086, 1096]	166362
445	0.9352914056366849	0.991999972596909	2.28391589549363	3.2045923090637043	[2047, 232, 320, 836, 1089, 1086, 1112]	166429
446	0.9356874157000223	0.9921234298099197	2.28391589549363	3.8889234355191737	[2654, 232, 1879, 836, 1089, 1086, 1112]	165729
447	0.9360810022217606	0.9922276172462964	2.28391589549363	3.125527937822353	[669, 668, 670, 132, 1108, 1086, 1112]	165403
448	0.9364721800337295	0.9923157394997397	2.28391589549363	3.1207086718623307	[432, 19, 734, 1203, 174, 1086, 1112]	169195
449	0.9368609638769897	0.9924028626346634	2.28391589549363	3.6466137364652322	[2297, 400, 19, 132, 1094, 1086, 1112]	167734
450	0.9372473684023878	0.9924661457447452	2.28391589549363	3.90953563990026	[1807, 157, 10, 158, 1115, 1086, 1112]	164686
451	0.937631408171109	0.9925540041034071	2.28391589549363	4.0155789949207055	[3266, 1963, 387, 344, 174, 1086, 1112]	166524
452	0.9380130976552253	0.9926263655795645	2.28391589549363	3.4007268128686983	[331, 241, 132, 1713, 174, 1086, 1096]	165902
453	0.9383924512382412	0.9927239004263957	2.28391589549363	3.9007627858598504	[2306, 420, 158, 1713, 174, 1086, 1112]	166247
454	0.9387694832156356	0.992794610820697	2.28391589549363	2.8785220653926133	[77, 19, 241, 132, 1108, 1086, 1112]	166147
455	0.9391442077954003	0.9928460564505843	2.28391589549363	2.3086134374228453	[158, 10, 734, 1203, 174, 1086, 1112]	168062
456	0.939516639098576	0.9929406853335131	2.28391589549363	3.3945507805501087	[1579, 1580, 301, 2627, 261, 1086, 1112]	167399
457	0.9398867911597837	0.9930340625116412	2.28391589549363	4.58045498464992	[1549, 162, 1541, 156, 1115, 1086, 1112]	166536
458	0.9402546779277541	0.9930837984846645	2.28391589549363	3.4495238415161733	[19, 132, 387, 344, 174, 1086, 1112]	166046
459	0.9406203132658532	0.9931622134678316	2.28391589549363	3.280753655086839	[1579, 1580, 438, 2627, 261, 1086, 1112]	166829
460	0.9409837109526042	0.9932526603796328	2.28391589549363	3.55321732679032	[669, 673, 1032, 132, 1108, 1086, 1112]	166918
461	0.9413448846822078	0.9933008355896312	2.28391589549363	3.392899669995164	[19, 132, 241, 217, 261, 1086, 1096]	163388
462	0.9417038480650569	0.9933894488754826	2.28391589549363	3.691669845124328	[241, 1031, 132, 387, 344, 1086, 1112]	167833
463	0.9420606146282504	0.9934445138577777	2.28391589549363	4.321112078813325	[1259, 734, 19, 387, 344, 1086, 1112]	164575
464	0.942415197816103	0.9935188390974854	2.28391589549363	4.3915730118526906	[1792, 232, 107, 1546, 234, 1086, 1112]	165102
465	0.942767610990651	0.9935923216474005	2.28391589549363	2.9670826863691984	[1819, 241, 19, 132, 1108, 1086, 1096]	168034
466	0.943117867432157	0.9936545925740536	2.28391589549363	2.5615645831394707	[846, 10, 1820, 733, 734, 19, 794]	164873
467	0.9434659803396092	0.9937265359689056	2.28391589549363	4.249363786747849	[1799, 10, 158, 1546, 234, 1086, 1096]	167934
468	0.9438119628312196	0.9938233486854349	2.28391589549363	3.2274861155624004	[4015, 241, 1031, 132, 1108, 1086, 1096]	168569
469	0.9441558279449183	0.9938747993419493	2.28391589549363	4.287871412595005	[195, 10, 438, 132, 1108, 1086, 1112]	167992
470	0.9444975886388438	0.9939558205146749	2.28391589549363	4.0447778409695845	[107, 160, 320, 836, 1089, 1086, 1112]	166165
471	0.9448372577918331	0.9940145588964565	2.28391589549363	3.72064580303472	[107, 162, 420, 158, 1115, 1086, 1112]	165402
472	0.9451748482039053	0.9940572942408026	2.28391589549363	3.8096075202561916	[811, 734, 19, 1987, 334, 1086, 1112]	164845
473	0.9455103725967449	0.9941490026630124	2.28391589549363	4.210941677507781	[669, 668, 4072, 132, 1108, 1086, 1112]	163386
474	0.9458438436141811	0.9942392958317932	2.28391589549363	3.8982589836260795	[837, 162, 2636, 836, 1089, 1086, 1112]	167472
475	0.9461752738226638	0.9942872817057473	2.28391589549363	4.232609249697403	[1742, 400, 19, 422, 636, 1086, 1112]	166668
476	0.9465046757117379	0.9943348678639669	2.28391589549363	3.1207086718623307	[432, 19, 734, 1203, 174, 1086, 1112]	169951
477	0.9468320616945134	0.994389922598039	2.28391589549363	3.376741030467856	[77, 19, 132, 1713, 174, 1086, 1112]	164612
478	0.9471574441081331	0.9944366537717331	2.28391589549363	2.9689406419822477	[2872, 241, 1720, 132, 1108, 1086, 1096]	163847
479	0.9474808352142381	0.9944997302595819	2.28391589549363	2.3720352638603415	[1820, 10, 734, 1203, 174, 1086, 1112]	167458
480	0.9478022471994292	0.9945724851503281	2.28391589549363	3.755622824008638	[1549, 162, 2636, 836, 1089, 1086, 1112]	165497
481	0.9481216921757266	0.9946442776747947	2.28391589549363	3.7647275910015576	[107, 162, 2636, 836, 1089, 1086, 1112]	164499
482	0.9484391821810261	0.9947050001501372	2.28391589549363	3.7165805030848844	[846, 10, 301, 2627, 261, 1086, 1112]	166621
483	0.9487547291795527	0.9947650341620404	2.28391589549363	3.4707681762945217	[1879, 232, 320, 836, 1089, 1086, 1112]	166351
484	0.9490683450623117	0.9948024112014022	2.28391589549363	3.4414835971976077	[241, 132, 387, 344, 174, 1086, 1112]	163486
485	0.9493800416475368	0.994852922268444	2.28391589549363	3.428889265862453	[195, 3284, 734, 1203, 174, 1086, 1096]	164565
486	0.9496898306811348	0.9948844218644178	2.261981034665582	2.261981034665582	[87, 1265, 415, 10, 734, 19, 794]	164120
487	0.9499977238371291	0.9949209464896496	2.261981034665582	3.3983687794952298	[3075, 334, 19, 132, 1108, 1086, 1112]	166039
488	0.9503037327180994	0.9949703056102555	2.261981034665582	2.95927873107051	[19, 241, 1720, 132, 1108, 1086, 1112]	165487
489	0.9506078688556183	0.9950273316237447	2.261981034665582	4.050679771487691	[2051, 1849, 420, 1582, 1087, 1086, 1096]	168102
490	0.9509101437106868	0.9950837110837929	2.261981034665582	3.965392546089526	[2050, 1849, 420, 158, 1115, 1086, 1112]	170266
491	0.9512105686741655	0.9951314884299174	2.261981034665582	3.420312469452278	[157, 10, 734, 19, 334, 1086, 1112]	163978
492	0.9515091550672041	0.9951866869737959	2.261981034665582	3.5965259561246024	[2309, 420, 158, 1713, 174, 1086, 1112]	166907
493	0.9518059141416682	0.9952412596838436	2.261981034665582	3.640361663712418	[429, 422, 19, 132, 1108, 1086, 1096]	163173
494	0.9521008570805627	0.9953146970344015	2.261981034665582	4.167017702989522	[2751, 400, 654, 132, 1108, 1086, 1112]	168598
495	0.9523939949984539	0.9953481495456095	2.261981034665582	2.3086134374228453	[158, 10, 734, 1203, 174, 1086, 1112]	165885
496	0.9526853389418883	0.9953933570330185	2.261981034665582	3.38099684896389	[1392, 3083, 19, 132, 1108, 1086, 1112]	167085
497	0.9529748998898083	0.9954381251862447	2.261981034665582	3.725277080728378	[10, 734, 19, 387, 344, 1086, 1112]	168786
498	0.9532626887539665	0.9954706964349893	2.261981034665582	3.3046552615698683	[734, 19, 132, 217, 261, 1086, 1112]	166387
499	0.9535487163793364	0.9955030351288551	2.261981034665582	4.060430228612006	[432, 422, 19, 3308, 334, 1086, 1112]	168039
