0	0.00240325927734375	0.00409985422740522	3.6567735963563965	3.6567735963563965	[1792, 496, 3366, 3459, 1203, 174, 1086, 1112]	293853
1	0.004800742899533361	0.006835175672703531	3.6567735963563965	3.8703909050995877	[1549, 162, 10, 157, 1713, 174, 1086, 1112]	283000
2	0.0071924647469656655	0.01039802780079091	3.6567735963563965	3.799629496739959	[669, 668, 670, 132, 1713, 174, 1086, 1112]	277663
3	0.00957843866667929	0.01445525162996042	3.6567735963563965	3.957743775191849	[1791, 420, 162, 10, 158, 1115, 1086, 1112]	382748
4	0.011958678472434925	0.017162131126826408	3.258778751581014	3.258778751581014	[320, 159, 10, 734, 1203, 174, 1086, 1112]	341940
5	0.01433319794479504	0.021767264831459188	2.8849793941289015	2.8849793941289015	[394, 432, 422, 19, 132, 1108, 1086, 1112]	292686
6	0.01670201083120393	0.026350820962507182	2.8849793941289015	4.077500709487995	[87, 1265, 415, 2558, 255, 174, 1086, 1112]	1059415
7	0.019065130846067313	0.031673247232755886	2.8849793941289015	3.4009913776184764	[2196, 2197, 241, 1031, 132, 1108, 1086, 1112]	344578
8	0.021422571670831503	0.0343328360922851	2.8849793941289015	3.790297053717306	[119, 409, 19, 132, 217, 261, 1086, 1096]	429611
9	0.023774346954062775	0.03885751563995765	2.8849793941289015	3.1780623326561717	[715, 494, 2229, 734, 1203, 174, 1086, 1112]	458224
10	0.026120470311526423	0.04230549170789466	2.8849793941289015	3.755354048290383	[1549, 162, 10, 438, 2627, 261, 1086, 1112]	292957
11	0.02846095532626547	0.046231899586278824	2.8849793941289015	4.403702111693276	[87, 160, 107, 734, 19, 334, 1086, 1112]	557094
12	0.030795815548679273	0.05219046747724332	2.7728661224156292	2.7728661224156292	[2297, 400, 19, 734, 1203, 174, 1086, 1112]	2126223
13	0.03312506449660224	0.056631474241458646	2.7728661224156292	3.396490005859392	[1265, 193, 232, 320, 836, 1089, 1086, 1112]	490523
14	0.03544871565538188	0.06049914767979081	2.7728661224156292	4.032817611134292	[2872, 241, 1587, 132, 217, 261, 1086, 1112]	362153
15	0.03776678247795695	0.06490122372668894	2.7728661224156292	3.6941577434773336	[734, 3284, 811, 3459, 1203, 174, 1086, 1112]	3519548
16	0.04007927838493508	0.06873499239763448	2.7728661224156292	4.271172993594811	[432, 15, 1557, 158, 1546, 234, 1086, 1112]	1699353
17	0.042386216764671025	0.07372183423045486	2.7728661224156292	3.9747414059382056	[1580, 438, 2040, 1451, 1713, 174, 1086, 1112]	1269219
18	0.04468761097334362	0.07751943968413832	2.7728661224156292	3.7862309722745717	[19, 734, 10, 157, 1713, 174, 1086, 1112]	2943053
19	0.04698347433503336	0.08082872103093464	2.7728661224156292	4.348629643963262	[10, 438, 3366, 496, 217, 261, 1086, 1112]	724851
20	0.049273820141799596	0.0851355418924099	2.7728661224156292	4.24859322055464	[1751, 3877, 107, 734, 1203, 174, 1086, 1112]	422902
21	0.05155866165375744	0.089422182939353	2.7728661224156292	3.869567289340739	[432, 422, 19, 241, 1729, 1094, 1086, 1112]	3596968
22	0.0538380120991544	0.09315541925201054	2.7728661224156292	3.5654025817911563	[1078, 334, 1987, 19, 132, 1108, 1086, 1112]	699448
23	0.056111884674447055	0.09640860851649224	2.7728661224156292	2.781282515263966	[87, 415, 10, 734, 1203, 174, 1086, 1112]	415420
24	0.05838029254437771	0.10064242907217302	2.4742894978990977	2.4742894978990977	[2654, 232, 10, 734, 1203, 174, 1086, 1112]	4291325
25	0.06064324884205019	0.10485641185973582	2.4742894978990977	2.8197523624652856	[10, 494, 2229, 734, 1203, 174, 1086, 1112]	583642
26	0.06290076666900601	0.10964982668288237	2.4742894978990977	3.1264053718353413	[2872, 241, 1126, 19, 132, 1108, 1086, 1112]	400593
27	0.06515285909530044	0.11330013260482752	2.4742894978990977	4.187626890576446	[1549, 162, 481, 159, 1713, 174, 1086, 1112]	3853909
28	0.06739953915957797	0.11745480711886158	2.4742894978990977	3.4218725207789413	[2627, 494, 2229, 734, 1203, 174, 1086, 1112]	715594
29	0.06964081986914772	0.12062082542878272	2.4742894978990977	3.3753105476877643	[1549, 107, 10, 734, 19, 334, 1086, 1112]	1032553
30	0.07187671420005914	0.12474119848747756	2.4742894978990977	4.31044966561447	[3284, 2308, 651, 158, 1713, 174, 1086, 1112]	5666581
31	0.07410723509717665	0.1278810777977505	2.4742894978990977	2.925855379199188	[320, 157, 10, 734, 1203, 174, 1086, 1096]	2412431
32	0.07633239547425485	0.13100969319149258	2.4742894978990977	3.6616659786421684	[1549, 107, 232, 320, 836, 1089, 1086, 1096]	623487
33	0.07855220821401321	0.1337374110909333	2.4742894978990977	3.6567735963563965	[1792, 496, 3366, 3459, 1203, 174, 1086, 1112]	4066566
34	0.08076668616821081	0.13837617071500752	2.4742894978990977	4.276027408287191	[3819, 438, 496, 1879, 836, 1089, 1086, 1112]	655594
35	0.08297584215772047	0.14190870281393464	2.4742894978990977	3.9125310353305123	[811, 651, 733, 734, 1203, 174, 1086, 1112]	412146
36	0.0851796889726033	0.1454267520462026	2.4742894978990977	4.379244989107868	[1586, 107, 734, 19, 1987, 334, 1086, 1112]	3733193
37	0.08737823937218236	0.15000291628228524	2.4742894978990977	4.117417071474433	[1265, 2308, 651, 19, 132, 1108, 1086, 1112]	614573
38	0.08957150608511699	0.1530521724021271	2.4742894978990977	3.6901637387024984	[193, 394, 432, 422, 19, 334, 1086, 1112]	396706
39	0.09175950180947601	0.15702058683797726	2.4742894978990977	3.886014966242941	[10, 158, 420, 1879, 836, 1089, 1086, 1112]	3846929
40	0.09394223921281164	0.1604766795486452	2.4742894978990977	3.8669867386049868	[320, 232, 10, 415, 255, 174, 1086, 1096]	592072
41	0.0961197309322328	0.16391860278300296	2.4742894978990977	3.0246630527938976	[87, 1529, 2229, 734, 1203, 174, 1086, 1112]	399000
42	0.09829198957447793	0.16839574479225683	2.4742894978990977	3.8064864135388934	[2267, 438, 2627, 261, 132, 1108, 1086, 1112]	3960463
43	0.10045902771598825	0.17229226618796167	2.4742894978990977	3.7551267561865487	[10, 232, 1792, 496, 217, 261, 1086, 1112]	523117
44	0.10262085790298059	0.17568574723948693	2.4742894978990977	3.7490602369515447	[193, 232, 10, 158, 1713, 174, 1086, 1112]	416608
45	0.10477749265152003	0.1786428694791412	2.4742894978990977	4.400978606355318	[320, 232, 158, 420, 1822, 1094, 1086, 1112]	3795732
46	0.10692894444759216	0.1830411643412152	2.4742894978990977	3.648598669037632	[1792, 496, 2728, 301, 2627, 261, 1086, 1112]	496643
47	0.10907522574717565	0.1859718999602079	2.4742894978990977	4.0468157140661045	[2872, 241, 132, 19, 422, 636, 1086, 1096]	404891
48	0.11121634897631416	0.1885270941916386	2.4742894978990977	3.724185379929077	[2004, 19, 132, 241, 217, 261, 1086, 1112]	3990476
49	0.11335232653118832	0.1918540148149418	2.4742894978990977	2.602840294084988	[1820, 10, 734, 19, 132, 1108, 1086, 1096]	475185
50	0.11548317077818748	0.19475313545694817	2.4742894978990977	4.041515588155983	[107, 232, 10, 158, 1713, 174, 1086, 1112]	400678
51	0.11760889405398145	0.197280765821376	2.247391573181594	2.247391573181594	[1580, 438, 2627, 301, 10, 734, 19, 794]	3921083
52	0.11972950866559184	0.20219332647729826	2.247391573181594	3.3778428664368425	[813, 669, 668, 670, 132, 1108, 1086, 1112]	512631
53	0.12184502689046317	0.2059314876922631	2.247391573181594	3.8599381557643273	[1579, 4018, 241, 1209, 132, 1108, 1086, 1112]	406396
54	0.1239554609765342	0.21018365441492004	2.247391573181594	3.9148902426712207	[1938, 1468, 2688, 734, 1203, 174, 1086, 1096]	3918115
55	0.1260608231423087	0.2150172506955621	2.247391573181594	3.975030667081838	[1792, 232, 320, 157, 1713, 174, 1086, 1112]	529704
56	0.12816112557692616	0.218695324802049	2.247391573181594	3.701536091421799	[1647, 1697, 241, 132, 1713, 174, 1086, 1096]	399141
57	0.13025638044023236	0.22235616511690826	2.247391573181594	3.7513992540674366	[734, 19, 132, 1032, 1729, 1094, 1086, 1112]	4187359
58	0.1323465998628499	0.22561081286334983	2.247391573181594	2.929759092679661	[1606, 1019, 10, 734, 1203, 174, 1086, 1112]	575278
59	0.13443179594624832	0.2287856956458889	2.247391573181594	4.485575453166905	[160, 2229, 734, 19, 1987, 334, 1086, 1112]	414103
60	0.13651198076281423	0.23239925704696507	2.247391573181594	3.674922902246487	[107, 1549, 162, 1192, 836, 1089, 1086, 1112]	3836932
61	0.13858716635592117	0.23554630819792044	2.247391573181594	4.3136412854532775	[2764, 400, 654, 493, 217, 261, 1086, 1096]	520203
62	0.14065736473999924	0.23828868831041194	2.247391573181594	3.883910249320234	[1549, 107, 420, 158, 1713, 174, 1086, 1112]	418137
63	0.14272258790060488	0.24185772298617536	2.247391573181594	3.7805731132674287	[1820, 733, 734, 19, 132, 1094, 1086, 1112]	4269331
64	0.14478284779449002	0.24591750789313338	2.247391573181594	3.7923754560770835	[1580, 438, 2729, 496, 217, 261, 1086, 1112]	545175
65	0.14683815634967146	0.24900913618621	2.247391573181594	3.581089186935536	[4709, 162, 107, 734, 1203, 174, 1086, 1112]	410204
66	0.1488885254654998	0.25208808925395965	2.247391573181594	3.9108247291723055	[1794, 1879, 232, 320, 836, 1089, 1086, 1112]	4066157
67	0.15093396701272854	0.25515441906295855	2.247391573181594	4.374860332200247	[2047, 232, 10, 494, 2627, 261, 1086, 1112]	488186
68	0.15297449283358266	0.2578264575787562	2.247391573181594	3.572983607464278	[158, 10, 734, 19, 1987, 334, 1086, 1112]	400371
69	0.15501011474182713	0.2604889104971998	2.247391573181594	3.698061643812804	[3895, 1030, 1032, 132, 19, 334, 1086, 1112]	4262960
70	0.1570408445228355	0.2639539249732126	2.247391573181594	3.2081841936734747	[1456, 2004, 19, 734, 1203, 174, 1086, 1112]	606073
71	0.1590666939336579	0.26697160658547614	2.247391573181594	3.827949602053642	[1792, 496, 217, 132, 19, 334, 1086, 1112]	575679
72	0.16108767470308916	0.26997691614302477	2.247391573181594	3.0904940128386453	[420, 158, 1557, 734, 1203, 174, 1086, 1112]	3303213
73	0.16310379853173695	0.2729699043694792	2.247391573181594	2.7556974145635307	[3895, 1030, 1032, 132, 1031, 241, 19, 794]	435786
74	0.16511507709208928	0.2759506217805008	2.247391573181594	4.031930363872431	[331, 808, 1265, 415, 255, 174, 1086, 1096]	413624
75	0.1671215220285821	0.2785480565716262	2.247391573181594	2.8687788104161314	[241, 1126, 19, 734, 1203, 174, 1086, 1112]	4025368
76	0.1691231449576669	0.280529583515857	2.247391573181594	3.499557472777676	[157, 10, 734, 19, 132, 1094, 1086, 1112]	665455
77	0.17111995746787756	0.28347930734437254	2.247391573181594	3.925481119945591	[1019, 10, 158, 420, 1822, 1094, 1086, 1112]	1127155
78	0.17311197111989796	0.28572843061233455	2.247391573181594	2.6087074154043774	[1807, 157, 10, 734, 1203, 174, 1086, 1112]	2602525
79	0.1750991974466285	0.28907518411321387	2.247391573181594	4.017042519616047	[2636, 162, 107, 420, 1822, 1094, 1086, 1096]	1282317
80	0.1770816479532532	0.2934259721984376	2.247391573181594	3.102610714536892	[3621, 1720, 241, 1031, 132, 1108, 1086, 1112]	1144408
81	0.179059334117306	0.2967366585011313	2.247391573181594	3.92875179972145	[1579, 4018, 241, 1587, 132, 1108, 1086, 1112]	2885606
82	0.18103226738873734	0.3005025715572923	2.247391573181594	3.7572456974357307	[420, 1822, 1729, 241, 132, 1108, 1086, 1112]	1006065
83	0.18300045918998054	0.3030119293602197	2.247391573181594	2.741828726172569	[161, 10, 734, 19, 132, 1108, 1086, 1112]	1578379
84	0.18496392091601777	0.30492626427103453	2.247391573181594	3.5847571856602682	[320, 232, 10, 158, 1713, 174, 1086, 1112]	3362711
85	0.18692266393444623	0.30918004534630805	2.247391573181594	4.156827209505522	[394, 432, 15, 1557, 158, 1115, 1086, 1112]	696599
86	0.18887669958554376	0.31241691518797987	2.247391573181594	3.5061498209271322	[332, 165, 261, 217, 132, 1108, 1086, 1112]	452100
87	0.19082603918233454	0.31523590560493875	2.247391573181594	3.2666220068259664	[2047, 232, 10, 734, 19, 334, 1086, 1096]	4147178
88	0.1927706940106546	0.317692409451222	2.247391573181594	3.7696768965965166	[10, 734, 19, 387, 344, 174, 1086, 1112]	1092906
89	0.19471067532921726	0.3213461063126125	2.247391573181594	3.057077720340219	[813, 3284, 811, 3459, 1203, 174, 1086, 1112]	402943
90	0.19664599436967822	0.32347636755814346	2.247391573181594	3.6518631079410273	[837, 162, 733, 734, 1203, 174, 1086, 1112]	3228100
91	0.19857666233670057	0.32709909183491903	2.247391573181594	2.8045139948008613	[377, 162, 107, 734, 1203, 174, 1086, 1112]	825711
92	0.2005026904080197	0.33070241674328205	2.247391573181594	3.7862316574704638	[855, 853, 19, 734, 1203, 174, 1086, 1112]	530559
93	0.20242408973450798	0.3338384424874046	2.247391573181594	4.376344169801682	[10, 734, 2229, 1529, 1010, 1105, 1086, 1112]	3464539
94	0.20434087144023938	0.3369597742333508	2.247391573181594	3.1853466901408503	[1879, 496, 2729, 438, 1580, 684, 389, 794]	3041574
95	0.20625304662255384	0.33933834647183125	2.247391573181594	2.2891027279696745	[241, 132, 19, 734, 1203, 174, 1086, 1112]	2497340
96	0.20816062635212151	0.34243390815537644	2.247391573181594	3.9108247291723055	[1794, 1879, 232, 320, 836, 1089, 1086, 1112]	5534871
97	0.21006362167300685	0.34551496543703075	2.247391573181594	3.1969259525338893	[4210, 415, 733, 734, 1203, 174, 1086, 1112]	2611849
98	0.21196204360273252	0.3481982586727572	2.247391573181594	3.7224277820866396	[377, 162, 107, 10, 158, 1115, 1086, 1112]	861223
99	0.21385590313234326	0.35087055079736784	2.247391573181594	3.6580884587458176	[2047, 232, 10, 158, 1713, 174, 1086, 1112]	3956284
100	0.2157452112264695	0.35353188691381443	2.247391573181594	3.622385681475893	[1799, 10, 734, 19, 132, 1094, 1086, 1112]	686612
101	0.21762997882339075	0.3561823119401335	2.247391573181594	2.7456902916092707	[421, 438, 10, 734, 1203, 174, 1086, 1112]	440566
102	0.21951021683509908	0.35962989877451135	2.247391573181594	4.308391539362552	[1549, 162, 10, 1019, 1010, 1105, 1086, 1112]	4234322
103	0.22138593614736213	0.3622553228411246	2.247391573181594	3.930044234197908	[837, 162, 10, 301, 2627, 261, 1086, 1112]	806631
104	0.22325714761978632	0.36567038923871475	2.247391573181594	3.713028837754819	[3284, 162, 10, 734, 19, 334, 1086, 1112]	560178
105	0.22512386208587953	0.3679459658079317	2.247391573181594	3.4068681568281054	[157, 10, 232, 320, 836, 1089, 1086, 1112]	3474543
106	0.2269860903531139	0.3713305593152374	2.247391573181594	5.366650633132539	[734, 651, 159, 1265, 193, 1115, 1086, 1112]	539346
107	0.22884384320298856	0.3739080123792693	2.247391573181594	3.911276886189304	[2267, 438, 496, 217, 132, 1108, 1086, 1112]	442721
108	0.23069713139109171	0.3761540375261867	2.247391573181594	3.8630924787723595	[2627, 301, 2728, 496, 217, 261, 1086, 1112]	4108736
109	0.23254596564716323	0.37839200534437234	2.247391573181594	2.3672254211503034	[1549, 162, 10, 734, 1203, 174, 1086, 1112]	599171
110	0.23439035667515662	0.3821961835027251	2.247391573181594	3.7795198758070843	[2751, 331, 241, 217, 132, 1108, 1086, 1112]	404705
111	0.23623031515330084	0.38550446835336794	2.247391573181594	3.632449006765821	[421, 438, 2729, 301, 2627, 261, 1086, 1112]	3946597
112	0.23806585173416261	0.3877088926936181	2.247391573181594	3.769753605427912	[331, 241, 1031, 132, 19, 334, 1086, 1112]	554870
113	0.23989697704470747	0.39021919697831076	2.247391573181594	2.6398991473567586	[318, 158, 10, 734, 1203, 174, 1086, 1112]	405860
114	0.2417237016863618	0.3930763540103782	2.247391573181594	3.8580464799931544	[1549, 162, 232, 320, 836, 1089, 1086, 1112]	3913781
115	0.24354603623507398	0.39592012369691854	2.247391573181594	3.7925866042151446	[2238, 1549, 232, 320, 836, 1089, 1086, 1112]	1212555
116	0.24536399124137553	0.3987505687649776	2.247391573181594	4.122400843965228	[158, 1579, 1580, 438, 2627, 261, 1086, 1112]	799491
117	0.2471775772304423	0.40156775164769065	2.247391573181594	3.385612680077884	[1580, 438, 2627, 261, 132, 1108, 1086, 1112]	4927813
118	0.24898680470215562	0.40371455100801057	2.247391573181594	3.867151246986074	[107, 162, 232, 320, 836, 1089, 1086, 1112]	1305888
119	0.2507916841311627	0.40650847491519926	2.247391573181594	2.8952956452894263	[1549, 10, 734, 19, 132, 1108, 1086, 1112]	933739
120	0.25259222596693753	0.40863755006099134	2.247391573181594	3.9007689182085175	[1549, 162, 107, 420, 1822, 1094, 1086, 1112]	4852170
121	0.25438844063384136	0.4107589874212636	2.247391573181594	3.337596016745529	[107, 162, 10, 734, 19, 334, 1086, 1112]	1070670
122	0.2561803385311828	0.4131747896776451	2.247391573181594	3.367189747680925	[813, 669, 811, 3459, 1203, 174, 1086, 1112]	1283252
123	0.25796793003327845	0.4159243871854029	2.247391573181594	3.982813930890531	[77, 19, 241, 1031, 132, 1094, 1086, 1112]	4995853
124	0.25975122548951257	0.4186611013229141	2.247391573181594	3.3252758376036056	[3284, 813, 19, 734, 1203, 174, 1086, 1112]	944630
125	0.2615302352243972	0.4213849924558243	2.247391573181594	4.311806080034168	[193, 1265, 1580, 301, 2627, 261, 1086, 1112]	1176118
126	0.26330496953763205	0.4244834246970913	2.247391573181594	3.3251850209116203	[813, 669, 811, 734, 1203, 174, 1086, 1112]	1787241
127	0.2650754387041637	0.4275652651074716	2.247391573181594	3.365210460534284	[3621, 1720, 241, 1209, 132, 1108, 1086, 1112]	1472389
128	0.2668416529742458	0.4306306025347535	2.247391573181594	3.6922020499597723	[1580, 438, 2040, 545, 132, 1108, 1086, 1112]	1032822
129	0.26860362257349746	0.4329649340659065	2.247391573181594	3.974311303955565	[1579, 1580, 301, 10, 158, 1115, 1086, 1112]	5336499
130	0.2703613577029633	0.4356218039083716	2.247391573181594	3.740884399471005	[320, 232, 1792, 496, 217, 261, 1086, 1112]	2243842
131	0.2721148685391722	0.43764643869983544	2.247391573181594	3.886014966242941	[10, 158, 420, 1879, 836, 1089, 1086, 1112]	529381
132	0.273864165234196	0.4410879857094667	2.247391573181594	4.009578291469043	[394, 193, 1265, 1209, 132, 1108, 1086, 1112]	3488583
133	0.27560925791570867	0.4433794434940034	2.247391573181594	2.668481012673639	[1742, 400, 19, 734, 1203, 174, 1086, 1112]	544912
134	0.27735015668704466	0.44512664808683045	2.247391573181594	4.652476954792751	[2309, 420, 162, 10, 494, 636, 1086, 1112]	446565
135	0.27908687162725754	0.44711718546215673	2.247391573181594	3.9926159154425136	[3158, 3083, 19, 132, 217, 261, 1086, 1112]	4048568
136	0.2808194127911783	0.4497077442558055	2.247391573181594	3.5129266451749146	[2307, 420, 107, 734, 1203, 174, 1086, 1096]	1780439
137	0.2825477902094734	0.4522861648626869	2.247391573181594	3.9951216950551043	[1799, 232, 1792, 496, 132, 1108, 1086, 1112]	1061064
138	0.28427201388870327	0.45379050584054204	2.247391573181594	3.3188149072902755	[77, 19, 241, 1720, 132, 1108, 1086, 1112]	1438786
139	0.2859920938113798	0.4557499627312608	2.247391573181594	3.7336068627428736	[420, 158, 651, 19, 132, 1108, 1086, 1112]	364764
140	0.28770803993602434	0.45798130854732244	2.247391573181594	3.687659994819814	[1917, 10, 811, 3459, 1203, 174, 1086, 1112]	363545
141	0.2894198621972255	0.4602035061708073	2.247391573181594	3.8270217784212566	[2654, 232, 10, 158, 1713, 174, 1086, 1112]	364898
142	0.29112757050569615	0.4621399572408259	2.247391573181594	4.558642078611723	[542, 269, 132, 19, 1987, 334, 1086, 1112]	360159
143	0.29283117474833154	0.46434510501088444	2.247391573181594	4.136798617440708	[2153, 158, 10, 438, 2627, 261, 1086, 1112]	365773
144	0.29453068478826594	0.46654121199653587	2.247391573181594	3.7844565835694652	[193, 232, 10, 438, 2627, 261, 1086, 1112]	366131
145	0.29622611046492986	0.4687283152636783	2.247391573181594	3.571776151561404	[2872, 241, 1031, 132, 19, 334, 1086, 1096]	361167
146	0.29791746159410726	0.47090645172624523	2.247391573181594	3.8828739676683135	[87, 415, 733, 734, 19, 334, 1086, 1112]	361513
147	0.2996047479679923	0.47338554477834016	2.247391573181594	3.8785906558424594	[1582, 1579, 1580, 438, 2627, 261, 1086, 1112]	367895
148	0.30128797935524576	0.47554458727879334	2.247391573181594	4.053600096849217	[1580, 301, 2729, 438, 3366, 150, 1086, 1112]	361266
149	0.30296716550105185	0.47742600417710757	2.247391573181594	3.8090600177359377	[77, 19, 132, 387, 344, 174, 1086, 1096]	361919
150	0.30464231612717463	0.4790663382878797	2.247391573181594	3.136098455518062	[420, 158, 651, 734, 1203, 174, 1086, 1112]	366268
151	0.3063134409320143	0.4809351213536518	2.247391573181594	2.970867311564371	[1820, 733, 734, 19, 132, 1108, 1086, 1112]	363812
152	0.3079805495906631	0.4837146679162847	2.247391573181594	3.701404221179777	[2872, 241, 1031, 132, 217, 261, 1086, 1112]	364236
153	0.30964365175496167	0.486133747460617	2.247391573181594	3.659271741744302	[158, 10, 232, 1192, 836, 1089, 1086, 1112]	368389
154	0.3113027570535547	0.48797717709743715	2.247391573181594	3.6643804002798888	[1549, 162, 107, 10, 158, 1115, 1086, 1112]	359086
155	0.31295787509194684	0.4907190140737703	2.247391573181594	3.3331971760863874	[317, 324, 668, 670, 132, 1108, 1086, 1096]	362232
156	0.31460901545255804	0.49310527442015517	2.247391573181594	3.4156840976195353	[1791, 1794, 107, 734, 1203, 174, 1086, 1096]	364329
157	0.3162561876947795	0.49548035382989	2.247391573181594	3.800929998552311	[10, 232, 193, 1265, 255, 174, 1086, 1112]	359792
158	0.31789940135502837	0.49706401622369956	2.247391573181594	3.7099358189029363	[2153, 158, 10, 734, 19, 334, 1086, 1112]	362706
159	0.3195386659468036	0.4986427075790242	2.247391573181594	3.521461549748267	[2627, 438, 496, 217, 132, 1108, 1086, 1112]	363510
160	0.3211739909607406	0.5013274315819924	2.247391573181594	3.102610714536892	[3621, 1720, 241, 1031, 132, 1108, 1086, 1112]	360081
161	0.32280538586466645	0.5039977791251364	2.247391573181594	3.8895140047049708	[1819, 241, 1720, 132, 1713, 174, 1086, 1112]	359997
162	0.32443286010365446	0.5066538271931281	2.247391573181594	2.7597726168741232	[195, 10, 734, 19, 132, 1108, 1086, 1112]	362818
163	0.326056423100079	0.5092956523583937	2.247391573181594	3.7159873368309784	[2040, 438, 2627, 261, 132, 1108, 1086, 1096]	357609
164	0.3276760842536699	0.5119233307833204	2.247391573181594	3.358720242438106	[1819, 1513, 2680, 241, 132, 1108, 1086, 1112]	363281
165	0.3292918529415674	0.5136742435794581	2.247391573181594	3.3004586605431125	[432, 422, 19, 400, 119, 409, 4290, 794]	362880
166	0.3309037385183756	0.5162784750352711	2.247391573181594	3.960189989749913	[2238, 1549, 162, 2636, 836, 1089, 1086, 1112]	359809
167	0.3325117503162174	0.5177968531479533	2.247391573181594	4.465068161454118	[1791, 420, 158, 651, 19, 334, 1086, 1112]	358454
168	0.3341158976447879	0.5207478877146174	2.247391573181594	4.00661437282425	[2051, 1849, 420, 545, 132, 1108, 1086, 1112]	361358
169	0.3357161897914087	0.5229934463415273	2.247391573181594	3.145566049650035	[190, 195, 10, 415, 733, 734, 19, 794]	361039
170	0.33731263602108175	0.5243035839705943	2.247391573181594	2.5664221723022065	[1580, 438, 10, 734, 1203, 174, 1086, 1112]	363520
171	0.33890524557654256	0.526532482213131	2.247391573181594	3.6901637387024984	[193, 394, 432, 422, 19, 334, 1086, 1112]	362626
172	0.34049402767831405	0.527832899589865	2.247391573181594	3.4501439393570106	[811, 734, 19, 132, 1713, 174, 1086, 1112]	356800
173	0.34207899152475973	0.5297687158725232	2.247391573181594	4.520963611811182	[1792, 232, 320, 157, 1010, 1105, 1086, 1096]	361337
174	0.34366014629213726	0.5316965955906114	2.247391573181594	3.036539522001304	[2627, 261, 217, 241, 132, 1108, 1086, 1112]	363322
175	0.3452375011346511	0.5331665769800102	2.247391573181594	3.7933377566909092	[195, 10, 734, 19, 1987, 334, 1086, 1112]	362491
176	0.3468110651845061	0.534841282340015	2.247391573181594	3.9996618679832086	[157, 320, 232, 10, 158, 1115, 1086, 1112]	363546
177	0.34838084755195975	0.5370208056943152	2.247391573181594	3.950554425524948	[19, 734, 10, 158, 1546, 234, 1086, 1112]	363183
178	0.34994685732537534	0.5391901167880008	2.247391573181594	4.066633164285316	[1742, 1743, 193, 1265, 255, 174, 1086, 1112]	363076
179	0.35150910357127463	0.5416577129972635	2.247391573181594	2.7942360642643576	[190, 195, 10, 734, 1203, 174, 1086, 1112]	367527
180	0.3530675953343899	0.5433019574898594	2.247391573181594	3.659271741744302	[158, 10, 232, 1192, 836, 1089, 1086, 1112]	362704
181	0.3546223416377169	0.5451743528900923	2.247391573181594	3.524719702234223	[320, 160, 331, 241, 132, 1108, 1086, 1112]	358542
182	0.35617335148256646	0.5476099040437719	2.247391573181594	3.6056918049005047	[241, 1031, 227, 217, 132, 1108, 1086, 1112]	363893
183	0.3577206338486171	0.5494646374911142	2.247391573181594	3.035045908035918	[715, 494, 10, 734, 1203, 174, 1086, 1112]	365568
184	0.3592641976939669	0.5515756424174887	2.247391573181594	2.929759092679661	[1606, 1019, 10, 734, 1203, 174, 1086, 1112]	361420
185	0.36080405195518517	0.5539769152313415	2.247391573181594	3.541642580265451	[1819, 241, 1729, 1032, 132, 1108, 1086, 1112]	361323
186	0.36234020554736446	0.5560667776651805	2.247391573181594	3.6629032021444026	[734, 10, 232, 1879, 836, 1089, 1086, 1112]	363737
187	0.3638726673641719	0.5576925096805668	2.23202490513811	2.23202490513811	[320, 232, 10, 734, 1203, 174, 1086, 1112]	362522
188	0.36540144627790083	0.5600610272106881	2.23202490513811	4.199113362833809	[2689, 1549, 162, 1192, 836, 1089, 1086, 1112]	356400
189	0.36692655113952244	0.5621223822477059	2.23202490513811	3.5329054504552238	[734, 19, 132, 387, 344, 174, 1086, 1112]	362011
190	0.36844799077873636	0.5648579775272913	2.23202490513811	3.1854485211640693	[2196, 2197, 4018, 241, 132, 1108, 1086, 1112]	361622
191	0.3699657740040224	0.5668968562248415	2.23202490513811	3.7998500454215414	[2868, 1468, 2229, 734, 1203, 174, 1086, 1096]	361253
192	0.3714799096026914	0.5689261816590233	2.23202490513811	3.905701937471255	[10, 158, 420, 545, 132, 1108, 1086, 1112]	365583
193	0.3729904063409356	0.5706935214754723	2.23202490513811	3.5396788306463476	[1879, 420, 107, 734, 1203, 174, 1086, 1112]	355695
194	0.37449727296388025	0.5733755694462628	2.23202490513811	3.1854485211640693	[2196, 2197, 4018, 241, 132, 1108, 1086, 1112]	357539
195	0.3760005181956336	0.5745473284413138	2.23202490513811	2.688783307633825	[1549, 232, 10, 734, 1203, 174, 1086, 1112]	357243
196	0.3775001507393376	0.5762916223753647	2.23202490513811	4.042143761308866	[10, 195, 190, 196, 1078, 334, 1086, 1112]	353879
197	0.3789961792772184	0.5782769281847262	2.23202490513811	3.459692720756972	[1515, 1031, 241, 19, 132, 1108, 1086, 1112]	353074
198	0.38048861247063637	0.5800059313035024	2.23202490513811	3.406624383937788	[1742, 400, 19, 132, 1713, 174, 1086, 1112]	373936
199	0.38197745896013646	0.5813242720604319	2.23202490513811	3.6134557923189154	[2627, 261, 217, 132, 19, 334, 1086, 1112]	354433
200	0.383462727365498	0.5826384746104654	2.23202490513811	3.394712441481685	[2872, 241, 19, 132, 1713, 174, 1086, 1112]	356099
201	0.38494442628578507	0.58434959602469	2.23202490513811	4.331823828927564	[19, 241, 1031, 1513, 254, 174, 1086, 1112]	360025
202	0.3864225642993957	0.5858406888323182	2.23202490513811	2.3963279564293862	[193, 232, 10, 734, 1203, 174, 1086, 1112]	359466
203	0.38789714996411195	0.5873264325346896	2.23202490513811	3.695312876663558	[331, 241, 1031, 132, 1713, 174, 1086, 1112]	357181
204	0.3893681918171492	0.5890183340048006	2.23202490513811	3.8348195744954143	[1792, 496, 3366, 438, 2627, 261, 1086, 1096]	372351
205	0.3908356983752058	0.5912191045134916	2.23202490513811	3.3331971760863874	[317, 324, 671, 670, 132, 1108, 1086, 1112]	351360
206	0.3922996781345123	0.5928950465959344	2.23202490513811	3.7199577016724614	[1549, 162, 10, 158, 1713, 174, 1086, 1112]	358186
207	0.3937601395708803	0.5948025562693187	2.23202490513811	3.0347225689331294	[3065, 1460, 19, 734, 1203, 174, 1086, 1112]	363183
208	0.3952170911397521	0.5960744511471006	2.23202490513811	3.8345660294754875	[1820, 10, 158, 420, 1822, 1094, 1086, 1112]	373643
209	0.39667054127624946	0.5973423536093201	2.23202490513811	3.5699732440066843	[1807, 157, 10, 734, 19, 334, 1086, 1112]	351597
210	0.3981204983952221	0.5998065777455328	2.23202490513811	3.8424281912796907	[1851, 1799, 232, 320, 836, 1089, 1086, 1112]	362061
211	0.3995669708912969	0.6014473124395425	2.23202490513811	4.36260106209225	[305, 496, 3366, 3459, 1203, 174, 1086, 1112]	363327
212	0.401009967138926	0.6033536550139709	2.23202490513811	3.7525447935817695	[2405, 1743, 1742, 400, 19, 334, 1086, 1112]	353798
213	0.4024494954924358	0.6049798472082466	2.23202490513811	2.6087074154043774	[1807, 157, 10, 734, 1203, 174, 1086, 1112]	365828
214	0.403885564286075	0.6065993722515801	2.23202490513811	3.9241498096099496	[837, 162, 107, 420, 158, 1115, 1086, 1112]	358809
215	0.4053181818340631	0.6084426696535667	2.23202490513811	4.122400843965228	[2067, 1579, 1580, 438, 2627, 261, 1086, 1112]	355000
216	0.4067473564306381	0.6096717488852623	2.23202490513811	4.163849954451613	[1807, 157, 10, 161, 1713, 174, 1086, 1112]	360018
217	0.4081730963501049	0.6110720016993698	2.23202490513811	4.253316686073282	[119, 409, 19, 387, 344, 174, 1086, 1112]	357469
218	0.40959540984688314	0.613154676766131	2.23202490513811	4.12301739640525	[377, 162, 1541, 159, 1713, 174, 1086, 1112]	356505
219	0.4110143051555549	0.6145424350207167	2.23202490513811	3.6150967736772577	[160, 331, 241, 1209, 132, 1108, 1086, 1112]	371714
220	0.41242979049091255	0.6163485148233061	2.23202490513811	3.513427369604438	[781, 784, 19, 241, 132, 1108, 1086, 1112]	351131
221	0.4138418740480061	0.6174022450987549	2.23202490513811	3.572983607464278	[158, 10, 734, 19, 1987, 334, 1086, 1112]	354732
222	0.4152505640021906	0.6197924851335397	2.23202490513811	3.1854485211640693	[2196, 2197, 4018, 241, 132, 1108, 1086, 1112]	368761
223	0.4166558685091739	0.6215739655759587	2.23202490513811	4.332959771629946	[837, 162, 107, 420, 1582, 1087, 1086, 1112]	361873
224	0.4180577957050633	0.6227618263145943	2.23202490513811	2.568622653167867	[432, 422, 19, 734, 1203, 174, 1086, 1112]	356046
225	0.419456353706413	0.624308447835717	2.23202490513811	4.058422674431871	[300, 301, 1580, 438, 132, 1108, 1086, 1112]	364040
226	0.420851550610271	0.6258487284340581	2.23202490513811	3.2701340958186	[811, 10, 734, 19, 132, 1108, 1086, 1096]	356887
227	0.4222433944942261	0.6270231709020038	2.23202490513811	3.7826316128816275	[2872, 241, 19, 132, 387, 344, 1086, 1096]	376797
228	0.42363189341645446	0.6290204288670671	2.23202490513811	4.5992127349647385	[1580, 301, 217, 132, 19, 334, 1086, 1112]	360527
229	0.4250170554157664	0.6305413910300575	2.23202490513811	4.11116464030915	[2309, 420, 158, 10, 232, 1023, 1086, 1112]	379892
230	0.42639888851165286	0.6328024404096386	2.23202490513811	4.510984120801645	[107, 1794, 1791, 420, 1582, 1087, 1086, 1112]	370418
231	0.4277774007043319	0.634307896876618	2.23202490513811	3.6580884587458176	[2047, 232, 10, 158, 1713, 174, 1086, 1112]	358179
232	0.42915259997479493	0.6353123002360268	2.23202490513811	3.291102902476779	[420, 158, 10, 734, 19, 334, 1086, 1112]	356136
233	0.43052449428485307	0.6368074666435868	2.23202490513811	3.0904940128386453	[420, 158, 1557, 734, 1203, 174, 1086, 1112]	356005
234	0.43189309157718303	0.6387928485679113	2.23202490513811	3.4009913776184764	[2196, 2197, 241, 1031, 132, 1108, 1086, 1096]	366707
235	0.4332583997753733	0.6400886331513331	2.23202490513811	3.7810181910675924	[10, 494, 2229, 734, 19, 334, 1086, 1112]	356684
236	0.4346204267839697	0.6412183772576521	2.23202490513811	3.2666220068259664	[2047, 232, 10, 734, 19, 334, 1086, 1112]	367476
237	0.4359791804885218	0.6431396211469131	2.23202490513811	3.8878017996656506	[1873, 10, 232, 1879, 836, 1089, 1086, 1112]	351823
238	0.43733466875562776	0.6450903885240256	2.23202490513811	4.409919631707871	[3081, 305, 331, 241, 132, 1108, 1086, 1112]	354326
239	0.43868689943298045	0.6463635814861125	2.23202490513811	2.3672254211503034	[1549, 162, 10, 734, 1203, 174, 1086, 1112]	353943
240	0.44003588034941277	0.6478134392515211	2.23202490513811	4.393994772435545	[2047, 232, 1549, 107, 836, 1089, 1086, 1112]	356563
241	0.4413816193149427	0.6489189355708349	2.23202490513811	2.280663565633288	[1792, 232, 10, 734, 1203, 174, 1086, 1112]	376090
242	0.44272412412081874	0.6510675162335604	2.23202490513811	3.74393319068061	[1715, 132, 241, 1729, 1822, 1094, 1086, 1112]	354692
243	0.4440634025395652	0.6523453451536035	2.23202490513811	3.883910249320234	[1549, 107, 420, 158, 1713, 174, 1086, 1112]	354973
244	0.4453994623250269	0.6539742976180025	2.23202490513811	3.367189747680925	[813, 669, 811, 3459, 1203, 174, 1086, 1112]	356444
245	0.4467323112124141	0.655060455305446	2.23202490513811	3.848202949433782	[2309, 420, 3, 19, 132, 1108, 1086, 1112]	378307
246	0.4480619569183474	0.6564746571559612	2.23202490513811	3.820777809481389	[2040, 438, 496, 217, 132, 1108, 1086, 1112]	360494
247	0.44938840714090234	0.6575529663376005	2.23202490513811	3.8503686012138596	[837, 162, 107, 734, 19, 334, 1086, 1112]	351649
248	0.450711669559654	0.6586278907596714	2.23202490513811	4.244214941871095	[2047, 232, 10, 438, 3366, 150, 1086, 1112]	350182
249	0.4520317518357214	0.6602274060570281	2.23202490513811	3.886014966242941	[10, 158, 420, 1879, 836, 1089, 1086, 1096]	375752
250	0.453348661611812	0.6618194267491808	2.23202490513811	3.7612085605706653	[1529, 481, 1431, 19, 132, 1108, 1086, 1112]	355349
251	0.45466240651226575	0.6630326064204409	2.23202490513811	2.655915050362384	[420, 162, 10, 734, 1203, 174, 1086, 1112]	355525
252	0.45597299414309944	0.6648370370399542	2.23202490513811	3.3778428664368425	[813, 669, 673, 670, 132, 1108, 1086, 1096]	367625
253	0.4572804320920506	0.6664074590863102	2.23202490513811	3.5016762523555913	[3, 19, 241, 217, 132, 1108, 1086, 1096]	374368
254	0.45858472792862137	0.6681938176679864	2.23202490513811	4.073789449710325	[3136, 1468, 232, 320, 836, 1089, 1086, 1096]	353835
255	0.45988588920412254	0.6697485113586299	2.23202490513811	4.269988035329396	[107, 162, 232, 1192, 836, 1089, 1086, 1112]	371326
256	0.461183923451717	0.6707851545637681	2.23202490513811	4.1404685976523625	[1078, 334, 19, 132, 217, 261, 1086, 1096]	352690
257	0.4624788381864636	0.6723277064218096	2.23202490513811	4.4069056563124605	[1879, 496, 217, 241, 1729, 1094, 1086, 1096]	352996
258	0.4637706409053606	0.6746672479955218	2.23202490513811	3.5466981557212787	[2607, 1587, 241, 1720, 132, 1108, 1086, 1112]	357811
259	0.46505933908738883	0.6761916101196578	2.23202490513811	3.992186909407642	[195, 10, 232, 1879, 836, 1089, 1086, 1112]	358468
260	0.46634494019355544	0.6772080287541873	2.23202490513811	2.951785734216145	[2657, 232, 10, 734, 1203, 174, 1086, 1112]	355340
261	0.46762745166693676	0.6787204859289127	2.23202490513811	3.659271741744302	[158, 10, 232, 1192, 836, 1089, 1086, 1112]	358913
262	0.46890688093272137	0.680440909339777	2.23202490513811	3.5741700138985717	[378, 1742, 400, 19, 132, 1108, 1086, 1112]	355688
263	0.47018323539825324	0.682152120035286	2.23202490513811	4.056137258129823	[2872, 241, 1729, 132, 19, 334, 1086, 1112]	376066
264	0.4714565224530747	0.6836414114345375	2.23202490513811	3.705001446992485	[1549, 10, 734, 19, 132, 1094, 1086, 1096]	364015
265	0.47272674946896887	0.6849384355312436	2.23202490513811	4.040151150004343	[2028, 493, 654, 400, 19, 334, 1086, 1112]	374994
266	0.4739939238000027	0.6862301420182237	2.23202490513811	3.527605238801611	[846, 10, 811, 3459, 1203, 174, 1086, 1112]	355866
267	0.4752580527825695	0.6879103518842533	2.23202490513811	3.9177428473877107	[2004, 19, 132, 1727, 1203, 174, 1086, 1112]	358809
268	0.47651914373543125	0.6888899859638578	2.23202490513811	2.3963279564293862	[193, 232, 10, 734, 1203, 174, 1086, 1112]	359821
269	0.477777203959761	0.6900060534568127	2.23202490513811	3.9502654274620577	[158, 10, 157, 320, 836, 1089, 1086, 1112]	357053
270	0.47903224073918504	0.6914585448764756	2.23202490513811	3.539820826569735	[158, 10, 811, 3459, 1203, 174, 1086, 1112]	356704
271	0.4802842613398256	0.6923059792930137	2.23202490513811	3.3837061035491445	[1799, 232, 107, 734, 1203, 174, 1086, 1112]	350734
272	0.4815332730103422	0.6941890356293109	2.23202490513811	3.624514969986202	[3895, 1030, 1032, 1729, 132, 1108, 1086, 1112]	354954
273	0.48277928298197414	0.6960605678509779	2.23202490513811	3.7891103713750693	[542, 2727, 1512, 1031, 132, 1108, 1086, 1112]	373286
274	0.48402229846858214	0.6973066752167492	2.23202490513811	3.8454554563872163	[377, 162, 10, 301, 2627, 261, 1086, 1112]	357585
275	0.48526232666669	0.6985476737239691	2.23202490513811	3.8418597733362745	[1582, 420, 158, 19, 132, 1108, 1086, 1096]	355882
276	0.4864993747555266	0.699783584318213	2.23202490513811	3.903681675987995	[2636, 162, 10, 301, 2627, 261, 1086, 1112]	358854
277	0.48773344989706724	0.7008605724165613	2.23202490513811	2.3298370738744723	[420, 158, 10, 734, 1203, 174, 1086, 1112]	351780
278	0.48896455923607496	0.7022622044700031	2.23202490513811	3.453180887458757	[1580, 438, 2729, 301, 2627, 261, 1086, 1112]	361854
279	0.4901927099001423	0.7033303008347073	2.23202490513811	2.648165271475393	[1580, 301, 10, 734, 1203, 174, 1086, 1112]	362484
280	0.49141790899973226	0.7045466033549731	2.23202490513811	3.057077720340219	[813, 3284, 811, 3459, 1203, 174, 1086, 1096]	357184
281	0.4926401636282195	0.7059309643346718	2.23202490513811	2.6937553845550912	[1019, 10, 734, 19, 132, 1108, 1086, 1112]	352274
282	0.49385948086193154	0.7073088388249821	2.23202490513811	2.999987733221527	[3621, 1720, 241, 19, 132, 1108, 1086, 1112]	354853
283	0.49507586776018964	0.7088761741320417	2.23202490513811	3.493148230326841	[331, 241, 1729, 1032, 132, 1108, 1086, 1112]	358414
284	0.4962893313653497	0.7102402487013939	2.23202490513811	2.483499022557832	[2636, 162, 10, 734, 1203, 174, 1086, 1112]	358548
285	0.49749987870284296	0.7120135491198845	2.23202490513811	4.175501545357365	[1265, 808, 331, 241, 1729, 1094, 1086, 1112]	359586
286	0.4987075167812167	0.7137759971188788	2.23202490513811	3.4973354227970503	[2872, 241, 1031, 132, 1713, 174, 1086, 1112]	361500
287	0.499912252592175	0.7145621348221045	2.23202490513811	3.179370737561216	[161, 10, 107, 734, 1203, 174, 1086, 1112]	357264
288	0.5011140931106188	0.7157323884603156	2.23202490513811	2.280663565633288	[1792, 232, 10, 734, 1203, 174, 1086, 1112]	370445
289	0.5023130452946867	0.7172546164033495	2.23202490513811	4.442875722825442	[837, 162, 1583, 1013, 156, 1115, 1086, 1112]	370441
290	0.5035091160857952	0.7185794333818845	2.23202490513811	3.300075406611665	[158, 1557, 734, 19, 132, 1108, 1086, 1096]	379575
291	0.5047023124086787	0.719898042867288	2.23202490513811	3.863078338442018	[1580, 438, 2729, 496, 132, 1108, 1086, 1096]	371332
292	0.5058926411714294	0.7207772691557207	2.23202490513811	3.7728659401972795	[3065, 1460, 19, 132, 1713, 174, 1086, 1112]	353424
293	0.5070801092655379	0.7224860840730416	2.23202490513811	3.114481315373401	[1265, 808, 331, 241, 132, 1108, 1086, 1112]	355113
294	0.5082647235659328	0.7241844412156216	2.23202490513811	3.6578069801025617	[2872, 241, 217, 132, 1713, 174, 1086, 1112]	356563
295	0.5094464909310201	0.72569217932851	2.23202490513811	4.047089994631571	[2297, 400, 654, 493, 217, 261, 1086, 1112]	356342
296	0.5106254182027237	0.7271610734714524	2.23202490513811	3.686312996656473	[3869, 438, 2729, 301, 2627, 261, 1086, 1112]	351865
297	0.5118015122065243	0.728865606540144	2.23202490513811	4.465068161454118	[1791, 420, 158, 651, 19, 334, 1086, 1112]	358811
298	0.5129747797514992	0.7303175072607595	2.23202490513811	3.938253435163311	[160, 87, 1265, 415, 255, 174, 1086, 1112]	356764
299	0.5141452276303617	0.7315811174412329	2.23202490513811	4.065181759616474	[1586, 1587, 241, 1209, 132, 1108, 1086, 1112]	356027
300	0.5153128626195008	0.7339288044606973	2.23202490513811	4.488260925343622	[2033, 2034, 400, 19, 132, 1094, 1086, 1112]	357797
301	0.5164776914790197	0.7350196575765199	2.23202490513811	3.9853952530201164	[320, 232, 10, 158, 420, 458, 1086, 1112]	353930
302	0.5176397209527754	0.7364386038975833	2.23202490513811	3.7296544894291426	[1456, 1603, 2004, 19, 132, 1108, 1086, 1112]	355876
303	0.5187989577684178	0.7378499518864698	2.23202490513811	3.653160679904725	[811, 669, 668, 670, 132, 1108, 1086, 1112]	359758
304	0.5199554086374283	0.7390782684384387	2.23202490513811	2.7255160234439932	[432, 422, 19, 241, 1031, 132, 393, 794]	370889
305	0.521109080255159	0.7403008296546268	2.23202490513811	4.130354712215397	[10, 301, 2728, 496, 217, 261, 1086, 1112]	373286
306	0.5222599793008715	0.7412324673033467	2.23202490513811	2.955357446199882	[382, 409, 19, 734, 1203, 174, 1086, 1096]	364046
307	0.5234081124377751	0.7419431935589222	2.23202490513811	2.3672254211503034	[1549, 162, 10, 734, 1203, 174, 1086, 1096]	358481
308	0.5245534863130658	0.7433250649565362	2.23202490513811	4.042143761308866	[10, 195, 190, 196, 1078, 334, 1086, 1112]	354809
309	0.5256961075579647	0.7446995365549125	2.23202490513811	3.8204514688016262	[1586, 107, 811, 3459, 1203, 174, 1086, 1112]	356883
310	0.5268359827877562	0.7456153944036872	2.23202490513811	3.2498740463645	[160, 331, 241, 19, 132, 1108, 1086, 1112]	353835
311	0.5279731186018268	0.7469776014902385	2.23202490513811	3.9451064144622707	[331, 2751, 400, 19, 132, 1108, 1086, 1112]	353327
312	0.5291075215837026	0.7477718263739535	2.23202490513811	3.59080042421457	[2627, 301, 10, 734, 19, 334, 1086, 1112]	360562
313	0.5302391983010879	0.7484645917434098	2.23202490513811	4.00218725461718	[1549, 162, 10, 415, 255, 174, 1086, 1112]	357620
314	0.5313681553059033	0.7494958502502926	2.23202490513811	3.977454981848382	[2654, 232, 10, 157, 1713, 174, 1086, 1112]	373419
315	0.5324943991343231	0.7508372778386472	2.23202490513811	4.353459824764259	[2689, 1549, 162, 2636, 836, 1089, 1086, 1112]	357511
316	0.5336179363068136	0.7520047416555214	2.23202490513811	3.453180887458757	[1580, 438, 2729, 301, 2627, 261, 1086, 1112]	355927
317	0.534738773328171	0.7535224475944416	2.23202490513811	3.4982038057826674	[160, 331, 241, 1720, 132, 1108, 1086, 1112]	358271
318	0.5358569166875584	0.7545329696296321	2.23202490513811	4.039320597953228	[4015, 241, 132, 387, 344, 174, 1086, 1112]	355468
319	0.536972372858544	0.7558474238887701	2.23202490513811	3.110680238800898	[305, 3083, 19, 734, 1203, 174, 1086, 1112]	361427
320	0.5380851482991382	0.7569914124274004	2.23202490513811	3.9964668860129366	[1549, 162, 2636, 301, 2627, 261, 1086, 1112]	357372
321	0.5391952494518312	0.7582927019425747	2.23202490513811	4.147499274898772	[107, 734, 10, 301, 2627, 261, 1086, 1112]	356615
322	0.5403026827436301	0.759587023167372	2.23202490513811	2.687257635897571	[1917, 10, 734, 19, 132, 1108, 1086, 1112]	355845
323	0.5414074545860965	0.7604494740568386	2.23202490513811	3.875681497086809	[10, 1820, 733, 734, 19, 334, 1086, 1112]	356843
324	0.5425095713753831	0.7614315962933038	2.23202490513811	3.8053884246120075	[1715, 132, 1031, 241, 19, 334, 1086, 1112]	355889
325	0.5436090394922712	0.7627091090161932	2.23202490513811	4.122400843965228	[158, 1579, 1580, 438, 2627, 261, 1086, 1112]	370713
326	0.5447058653022072	0.7639797807713276	2.23202490513811	3.3280701539563653	[1580, 1579, 4018, 241, 132, 1108, 1086, 1112]	374507
327	0.5458000551553399	0.7649474292648852	2.23202490513811	3.3280701539563653	[1580, 1579, 4018, 241, 132, 1108, 1086, 1112]	362199
328	0.5468916153865568	0.766206115012857	2.23202490513811	3.2510333317360303	[1792, 496, 217, 241, 132, 1108, 1086, 1112]	355860
329	0.5479805523155213	0.767164635860563	2.23202490513811	4.0600818007869215	[318, 158, 10, 301, 2627, 261, 1086, 1112]	373481
330	0.5490668722467089	0.7679999030310249	2.23202490513811	4.373258129037809	[2040, 545, 132, 241, 217, 261, 1086, 1112]	371636
331	0.5501505814694436	0.7692422430516834	2.23202490513811	4.2607591469489146	[1019, 1799, 1851, 159, 1713, 174, 1086, 1112]	377081
332	0.5512316862579348	0.7706544572226733	2.23202490513811	3.6034257218828296	[1879, 1794, 107, 734, 1203, 174, 1086, 1112]	354099
333	0.5523101928713134	0.7720580287855398	2.23202490513811	3.0246630527938976	[87, 1529, 2229, 734, 1203, 174, 1086, 1112]	358819
334	0.5533861075536677	0.7729925576398264	2.23202490513811	3.2666220068259664	[2047, 232, 10, 734, 19, 334, 1086, 1096]	359028
335	0.5544594365340798	0.7742081624361861	2.23202490513811	3.5200445668919675	[2764, 1511, 1031, 241, 132, 1108, 1086, 1112]	353708
336	0.5555301860266624	0.775018161853467	2.23202490513811	3.693500817464032	[382, 409, 19, 132, 1713, 174, 1086, 1096]	357957
337	0.556598362230593	0.7759405545936814	2.23202490513811	4.382486068974998	[1582, 420, 162, 107, 1546, 234, 1086, 1112]	356271
338	0.5576639713301517	0.7771403731268265	2.23202490513811	3.9997232796722093	[2047, 232, 320, 157, 1713, 174, 1086, 1112]	355763
339	0.558727019494756	0.7781845925363737	2.23202490513811	2.3298370738744723	[420, 158, 10, 734, 1203, 174, 1086, 1096]	355916
340	0.5597875128789963	0.778980327017868	2.23202490513811	3.0596201205548565	[119, 123, 19, 734, 1203, 174, 1086, 1112]	358327
341	0.5608454576226725	0.7797732069034066	2.23202490513811	3.6902540299968605	[157, 10, 811, 3459, 1203, 174, 1086, 1096]	360567
342	0.5619008598508284	0.780952501922071	2.23202490513811	4.01554140559636	[1917, 10, 162, 1192, 836, 1089, 1086, 1112]	356381
343	0.5629537256737882	0.7822930504912565	2.23202490513811	4.321043964970387	[2872, 241, 217, 132, 1729, 1094, 1086, 1112]	356672
344	0.5640040611871913	0.7831856172485354	2.23202490513811	3.394712441481685	[2872, 241, 19, 132, 1713, 174, 1086, 1112]	374188
345	0.5650518724720273	0.7838661869488575	2.23202490513811	3.198256428005487	[3248, 334, 19, 734, 1203, 174, 1086, 1112]	357144
346	0.5660971655946722	0.78464153943509	2.23202490513811	3.4068681568281054	[157, 10, 232, 320, 836, 1089, 1086, 1112]	358900
347	0.5671399466069225	0.7856506117721809	2.23202490513811	3.5016762523555913	[3, 19, 241, 217, 132, 1108, 1086, 1112]	356920
348	0.568180221546031	0.786419562861965	2.23202490513811	2.376330188143222	[107, 162, 10, 734, 1203, 174, 1086, 1112]	357759
349	0.569217996434741	0.7872952115200564	2.23202490513811	3.564880799384948	[421, 438, 2627, 261, 132, 1108, 1086, 1112]	373314
350	0.5702532772813219	0.7885969433469785	2.23202490513811	4.206584519736209	[1726, 132, 1209, 241, 1729, 1094, 1086, 1112]	372111
351	0.5712860700796036	0.7897289880366181	2.23202490513811	3.7516256909488623	[1879, 496, 3366, 3459, 1203, 174, 1086, 1112]	354087
352	0.5723163808090113	0.7910158253970175	2.23202490513811	4.495189760490741	[420, 1792, 496, 1879, 836, 1089, 1086, 1112]	378433
353	0.5733442154346	0.7918726300487243	2.23202490513811	3.827949602053642	[1792, 496, 217, 132, 19, 334, 1086, 1112]	357494
354	0.5743695799070891	0.792619260441566	2.23202490513811	4.03407677611323	[77, 19, 241, 1729, 1822, 1094, 1086, 1112]	355206
355	0.5753924801628971	0.793363212393107	2.23202490513811	3.946327564937625	[1456, 2004, 19, 132, 1713, 174, 1086, 1112]	357437
356	0.5764129221241756	0.7942103931003146	2.23202490513811	2.629534595612262	[2627, 301, 10, 734, 1203, 174, 1086, 1112]	356555
357	0.5774309116988436	0.7953123782625072	2.23202490513811	3.698061643812804	[3895, 1030, 1032, 132, 19, 334, 1086, 1112]	357942
358	0.5784464547806221	0.7964084623915233	2.23202490513811	4.005826309827379	[1726, 132, 1032, 1729, 1822, 1094, 1086, 1112]	356527
359	0.5794595572490676	0.7976544220433529	2.23202490513811	3.9195911230535776	[1535, 496, 1512, 1031, 132, 1108, 1086, 1112]	357025
360	0.580470224969607	0.7984840094165353	2.23202490513811	3.9189833712880704	[1917, 10, 158, 420, 1822, 1094, 1086, 1112]	357282
361	0.5814784637935708	0.7992069223291832	2.23202490513811	4.088740899820001	[420, 158, 10, 438, 132, 1108, 1086, 1112]	354231
362	0.582484279558227	0.7999272418839654	2.23202490513811	2.969517958366228	[2238, 1549, 107, 734, 19, 409, 4290, 794]	352537
363	0.5834876780868156	0.8007475110271159	2.23202490513811	3.8689458187402366	[1794, 107, 811, 3459, 1203, 174, 1086, 1096]	369288
364	0.5844886651885814	0.8015644171863524	2.23202490513811	4.093796439762917	[2238, 1549, 162, 107, 1546, 234, 1086, 1096]	362920
365	0.5854872466588084	0.8023779741494186	2.23202490513811	4.160702355912503	[1794, 107, 162, 420, 158, 1115, 1086, 1112]	354804
366	0.5864834282788529	0.8030869179602664	2.23202490513811	4.119931694202554	[87, 160, 331, 241, 132, 1094, 1086, 1112]	364282
367	0.5874772158161772	0.8042920061383947	2.23202490513811	3.322020596299053	[1647, 1697, 241, 1031, 132, 1108, 1086, 1112]	353881
368	0.5884686150243825	0.8049063239204659	2.23202490513811	2.819811570040229	[3135, 232, 10, 734, 1203, 174, 1086, 1112]	354726
369	0.5894576316432434	0.8058204446434541	2.23202490513811	3.3702876334653675	[394, 193, 232, 320, 836, 1089, 1086, 1112]	357635
370	0.5904442713987395	0.8068602590054514	2.23202490513811	2.9216081390660067	[87, 415, 733, 734, 1203, 174, 1086, 1112]	356510
371	0.5914285400030896	0.8076521037890478	2.23202490513811	3.4107718703085785	[1019, 10, 232, 320, 836, 1089, 1086, 1112]	354132
372	0.5924104431547851	0.8083421273325342	2.23202490513811	2.620774439524012	[1799, 1019, 10, 734, 1203, 174, 1086, 1112]	354979
373	0.5933899865386218	0.8089437319830669	2.23202490513811	3.306766024432017	[432, 422, 19, 132, 1713, 174, 1086, 1112]	358225
374	0.5943671758257337	0.8099668214173219	2.23202490513811	4.630291881191973	[1536, 1549, 162, 2636, 836, 1089, 1086, 1112]	358890
375	0.5953420166736256	0.8106485412065614	2.23202490513811	3.0179133925676274	[276, 132, 19, 734, 1203, 174, 1086, 1112]	369094
376	0.596314514726206	0.811327815413011	2.23202490513811	3.722433562144748	[320, 232, 3, 19, 132, 1108, 1086, 1112]	352333
377	0.5972846756138193	0.8120046528098872	2.23202490513811	3.8733767892628226	[1819, 1513, 1031, 241, 19, 334, 1086, 1112]	353624
378	0.5982525049532789	0.8128855139743557	2.23202490513811	4.122400843965228	[157, 1579, 1580, 438, 2627, 261, 1086, 1112]	355613
379	0.5992180083478995	0.8134728571573324	2.23202490513811	3.3284912497526102	[1549, 162, 10, 734, 19, 334, 1086, 1096]	355683
380	0.6001811913875297	0.814141999490553	2.23202490513811	3.2498740463645	[160, 331, 241, 19, 132, 1108, 1086, 1112]	355054
381	0.6011420596485841	0.8151372526616038	2.23202490513811	3.671812281769836	[241, 19, 400, 654, 132, 1108, 1086, 1112]	355399
382	0.6021006186940759	0.8160034358800782	2.23202490513811	3.6251173318438195	[1529, 2229, 734, 19, 132, 1094, 1086, 1112]	358105
383	0.6030568740736487	0.8167577949713132	2.23202490513811	3.930759917752364	[1726, 132, 1031, 241, 217, 261, 1086, 1112]	359315
384	0.604010831323609	0.8176163850615144	2.23202490513811	3.6946851958319593	[394, 432, 422, 19, 132, 1094, 1086, 1112]	356695
385	0.6049624959669582	0.8183641312962293	2.23202490513811	4.0600818007869215	[318, 158, 10, 301, 2627, 261, 1086, 1096]	371831
386	0.6059118735134243	0.8193367753245115	2.23202490513811	3.7731244218086903	[394, 193, 232, 1192, 836, 1089, 1086, 1112]	355596
387	0.6068589694594942	0.8199038683149131	2.23202490513811	2.54041715625058	[1715, 132, 19, 734, 1203, 174, 1086, 1112]	369124
388	0.6078037892884451	0.8207477173284313	2.23202490513811	4.319188698036362	[320, 232, 1792, 420, 158, 1115, 1086, 1112]	371594
389	0.6087463384703768	0.8215876124471548	2.23202490513811	3.71402166193014	[1794, 1791, 420, 158, 1713, 174, 1086, 1112]	354516
390	0.6096866224622426	0.8224235721972463	2.23202490513811	4.314973541338197	[107, 10, 159, 320, 836, 1089, 1086, 1112]	360294
391	0.6106246467078815	0.8231516096654609	2.23202490513811	4.1120829459794415	[300, 301, 2729, 496, 217, 261, 1086, 1112]	383891
392	0.6115604166380499	0.8240986171700785	2.23202490513811	3.7080224801751394	[1515, 1031, 241, 1720, 132, 1108, 1086, 1112]	369844
393	0.612493937670452	0.82472964094458	2.23202490513811	4.726760172035151	[1549, 162, 107, 438, 421, 261, 1086, 1112]	365626
394	0.6134252152097724	0.8254482238670922	2.23202490513811	4.047522169345795	[846, 10, 162, 107, 836, 1089, 1086, 1112]	375834
395	0.6143542546477068	0.8263829332055799	2.23202490513811	2.950952908405667	[1819, 1513, 1031, 241, 132, 1108, 1086, 1112]	362910
396	0.6152810613629928	0.8274454521227995	2.23202490513811	4.445636880096189	[87, 415, 1018, 1020, 836, 1089, 1086, 1112]	358883
397	0.616205640721442	0.8283694664804451	2.23202490513811	3.6496718396204217	[4647, 3621, 1720, 241, 132, 1108, 1086, 1112]	362701
398	0.6171279980759704	0.8291736495300472	2.23202490513811	3.7080224801751394	[1515, 1031, 241, 1720, 132, 1108, 1086, 1112]	355349
399	0.6180481387666295	0.8298740126651737	2.23202490513811	3.926934234954505	[2627, 261, 217, 132, 387, 344, 1086, 1096]	357108
400	0.6189660681206373	0.8305715044135399	2.23202490513811	3.765779823403168	[377, 162, 107, 734, 19, 334, 1086, 1112]	352845
401	0.6198817914524092	0.8313653697093948	2.23202490513811	2.6937553845550912	[1019, 10, 734, 19, 132, 1108, 1086, 1112]	354853
402	0.6207953140635885	0.8321555153115479	2.23202490513811	4.3297228112046655	[837, 162, 10, 232, 193, 1115, 1086, 1112]	358305
403	0.6217066412430774	0.8326165139572375	2.23202490513811	4.233911109501866	[1580, 438, 10, 158, 1546, 234, 1086, 1112]	355792
404	0.6226157782670674	0.8334007972633521	2.23202490513811	3.3506046449898053	[305, 3083, 19, 241, 132, 1108, 1086, 1112]	355506
405	0.6235227303990702	0.8341814057726347	2.23202490513811	3.653160679904725	[811, 669, 668, 670, 132, 1108, 1086, 1112]	369096
406	0.6244275028899477	0.83486123783716	2.23202490513811	2.2891027279696745	[241, 132, 19, 734, 1203, 174, 1086, 1112]	360448
407	0.6253301009779426	0.8356350033824879	2.23202490513811	3.8258296385514834	[10, 232, 1792, 496, 132, 1108, 1086, 1096]	369163
408	0.6262305298887088	0.836515163416734	2.23202490513811	4.016369240025831	[331, 305, 3083, 19, 132, 1108, 1086, 1112]	356785
409	0.6271287948353417	0.8372811794148856	2.23202490513811	4.531722614950019	[195, 3284, 162, 2636, 836, 1089, 1086, 1112]	359735
410	0.6280249010184079	0.837864912428783	2.23202490513811	3.1381038610049434	[1579, 1580, 438, 496, 217, 132, 393, 794]	369830
411	0.6289188536259762	0.8387331314971123	2.23202490513811	3.610825870478621	[1743, 1742, 400, 1032, 132, 1108, 1086, 1112]	361237
412	0.629810657833647	0.8394887551000517	2.23202490513811	2.970867311564371	[1820, 733, 734, 19, 132, 1108, 1086, 1112]	359325
413	0.6307003188045821	0.8401468278060008	2.23202490513811	4.048917988282097	[3284, 162, 107, 10, 158, 1115, 1086, 1112]	373881
414	0.6315878416895351	0.8405858776563871	2.23202490513811	3.8669867386049868	[320, 232, 10, 415, 255, 174, 1086, 1112]	357015
415	0.6324732316268808	0.8412394523197857	2.23202490513811	3.306766024432017	[432, 422, 19, 132, 1713, 174, 1086, 1112]	357101
416	0.6333564937426458	0.8418903474223376	2.23202490513811	3.9588163000152683	[377, 162, 107, 420, 1822, 1094, 1086, 1096]	365466
417	0.6342376331505366	0.8425385739498517	2.23202490513811	2.568622653167867	[432, 422, 19, 734, 1203, 174, 1086, 1112]	357994
418	0.6351166549519708	0.8431841428430966	2.23202490513811	3.765660702201382	[77, 19, 132, 241, 1729, 1094, 1086, 1112]	356553
419	0.6359935642361056	0.8438270649979855	2.23202490513811	2.9030408740226537	[1819, 241, 19, 734, 1203, 174, 1086, 1096]	358025
420	0.6368683660798682	0.844782827590115	2.23202490513811	3.6430422008998526	[2872, 241, 1720, 132, 1713, 174, 1086, 1112]	365935
421	0.6377410655479837	0.84551010505351	2.23202490513811	4.0386415616050675	[2636, 162, 10, 161, 1713, 174, 1086, 1112]	351554
422	0.6386116676930063	0.8461434911023977	2.23202490513811	3.8721482353335563	[1265, 87, 160, 320, 836, 1089, 1086, 1112]	350563
423	0.6394801775553467	0.8469673791133923	2.23202490513811	3.9963208877068137	[2636, 301, 2627, 261, 132, 1108, 1086, 1112]	376727
424	0.6403466001633031	0.8476844207564469	2.23202490513811	3.740884399471005	[320, 232, 1792, 496, 217, 261, 1086, 1112]	355404
425	0.641210940533089	0.8485000572252944	2.23202490513811	3.412546095788046	[1820, 10, 734, 19, 132, 1094, 1086, 1112]	352560
426	0.6420732036688623	0.8490435439460264	2.23202490513811	3.8580464799931544	[1549, 162, 232, 320, 836, 1089, 1086, 1096]	355744
427	0.642933394562755	0.84958508097747	2.23202490513811	4.4881001192035415	[811, 734, 10, 438, 3366, 150, 1086, 1112]	357496
428	0.6437915181949017	0.8502017602190893	2.23202490513811	3.060821321900491	[1723, 241, 19, 734, 1203, 174, 1086, 1112]	353204
429	0.6446475795334683	0.8510039165575365	2.23202490513811	3.648598669037632	[1792, 496, 2728, 301, 2627, 261, 1086, 1112]	363400
430	0.6455015835346811	0.851716589150533	2.23202490513811	2.8849793941289015	[394, 432, 422, 19, 132, 1108, 1086, 1112]	360398
431	0.6463535351428551	0.8524113781434761	2.23202490513811	4.000906562670694	[257, 320, 232, 1192, 836, 1089, 1086, 1112]	358411
432	0.6472034392904229	0.8531029116694595	2.23202490513811	4.693134370814565	[1019, 10, 734, 19, 217, 261, 1086, 1112]	358151
433	0.6480513008979631	0.8537912049821286	2.23202490513811	3.8831447356955255	[21, 422, 19, 132, 1713, 174, 1086, 1096]	352436
434	0.6488971248742291	0.8541927794313354	2.23202490513811	3.7696768965965166	[10, 734, 19, 387, 344, 174, 1086, 1112]	354430
435	0.6497409161161771	0.8548759661166322	2.23202490513811	3.6861950080423638	[3621, 1720, 241, 132, 217, 261, 1086, 1112]	369321
436	0.6505826795089948	0.855470953500447	2.23202490513811	3.753508873289289	[1792, 496, 217, 132, 1713, 174, 1086, 1112]	354465
437	0.6514224199261295	0.8560758462731851	2.23202490513811	2.6898516710746176	[157, 10, 734, 19, 132, 1108, 1086, 1112]	354782
438	0.652260142229316	0.8565921558170073	2.23202490513811	3.3809090108448636	[107, 10, 734, 19, 132, 1094, 1086, 1112]	359462
439	0.6530958512686056	0.8570423059975483	2.23202490513811	4.093796439762917	[2238, 1549, 162, 107, 1546, 234, 1086, 1112]	356767
440	0.6539295518823933	0.8578078318177553	2.23202490513811	3.528084811210533	[3284, 2308, 651, 19, 132, 1108, 1086, 1112]	375694
441	0.6547612488974466	0.8583907989795813	2.23202490513811	3.2506945422089704	[1851, 159, 651, 734, 1203, 174, 1086, 1112]	378527
442	0.6555909471289323	0.8589713760610242	2.23202490513811	3.2788560961586866	[2534, 494, 10, 734, 1203, 174, 1086, 1112]	354364
443	0.6564186513804459	0.8597265718814865	2.23202490513811	3.5306576235182963	[4015, 241, 1126, 19, 132, 1108, 1086, 1112]	355543
444	0.6572443664440382	0.8606029156639845	2.23202490513811	3.291713337473161	[3895, 1030, 1031, 241, 132, 1108, 1086, 1112]	362605
445	0.6580680971002433	0.8612560673502736	2.23202490513811	3.6946851958319593	[394, 432, 422, 19, 132, 1094, 1086, 1112]	355585
446	0.6588898481181069	0.8619061586631889	2.23202490513811	3.524719702234223	[107, 160, 331, 241, 132, 1108, 1086, 1112]	356951
447	0.6597096242552133	0.8624015527049742	2.23202490513811	3.8580464799931544	[1549, 162, 232, 320, 836, 1089, 1086, 1112]	356861
448	0.6605274302577127	0.8630462767916336	2.23202490513811	4.553115638425412	[193, 1265, 87, 2919, 1203, 174, 1086, 1112]	364252
449	0.6613432708603496	0.8636077670926883	2.23202490513811	3.9151794227550827	[2004, 19, 734, 10, 158, 1115, 1086, 1112]	358511
450	0.6621571507864894	0.8642468394043115	2.23202490513811	3.790380657406014	[1743, 1742, 400, 19, 1987, 334, 1086, 1112]	358123
451	0.662969074748146	0.8649737855846894	2.23202490513811	3.345885426328497	[1879, 496, 217, 241, 132, 1108, 1086, 1112]	356285
452	0.6637790474460092	0.8656968390325015	2.23202490513811	3.9911820890754486	[2627, 301, 2728, 1676, 132, 1108, 1086, 1112]	356325
453	0.664587073569472	0.8663261228979261	2.23202490513811	4.014376317445653	[87, 1265, 415, 10, 158, 1115, 1086, 1112]	360385
454	0.6653931577966572	0.8667457186338073	2.23202490513811	3.7608201101022285	[3869, 438, 10, 734, 19, 334, 1086, 1096]	374155
455	0.666197304794445	0.8672920417625863	2.23202490513811	4.012037356639693	[846, 10, 734, 19, 132, 3279, 1086, 1112]	350221
456	0.6669995192185001	0.8678361250461764	2.23202490513811	3.0574251192122706	[734, 19, 241, 217, 132, 1108, 1086, 1112]	362187
457	0.6677998057132982	0.868377977667616	2.23202490513811	4.003864454395311	[3819, 438, 2729, 496, 217, 261, 1086, 1112]	368683
458	0.6685981689121532	0.8688501548842102	2.23202490513811	3.8794956720925065	[107, 162, 10, 157, 1713, 174, 1086, 1112]	357826
459	0.6693946134372437	0.8694646637378348	2.23202490513811	4.116138118345629	[158, 10, 734, 19, 1987, 1114, 1086, 1112]	372091
460	0.6701891438996405	0.8699329426067599	2.23202490513811	3.886014966242941	[10, 158, 420, 1879, 836, 1089, 1086, 1112]	357186
461	0.6709817648993324	0.8706294402068904	2.23202490513811	4.0003476395799975	[734, 10, 438, 1779, 132, 1108, 1086, 1112]	351877
462	0.6717724810252532	0.8711598406433599	2.23202490513811	4.1268228428956295	[331, 160, 87, 1265, 255, 174, 1086, 1112]	359030
463	0.6725612968553089	0.8716880665153578	2.23202490513811	3.8064864135388934	[2267, 438, 2627, 261, 132, 1108, 1086, 1112]	356936
464	0.6733482169564027	0.8721483692104159	2.23202490513811	4.060585902602048	[2297, 400, 19, 241, 217, 261, 1086, 1112]	351130
465	0.6741332458844631	0.8726725422593893	2.23202490513811	3.74393319068061	[1715, 132, 241, 1729, 1822, 1094, 1086, 1112]	357779
466	0.6749163881844692	0.87335436954544	2.23202490513811	4.42048504409373	[1794, 1791, 420, 1582, 836, 1089, 1086, 1112]	355987
467	0.6756976483904773	0.8738735981688415	2.23202490513811	3.341775419258357	[359, 158, 651, 734, 1203, 174, 1086, 1096]	356111
468	0.6764770310256473	0.8743260605478596	2.23202490513811	2.8480848840704303	[119, 409, 19, 734, 1203, 174, 1086, 1112]	359492
469	0.6772545406022688	0.8747768997758049	2.23202490513811	4.045088453149086	[331, 241, 1720, 132, 217, 261, 1086, 1112]	355766
470	0.6780301816217869	0.8752902962326278	2.23202490513811	2.4714562293147417	[2051, 1849, 420, 107, 10, 734, 19, 794]	368837
471	0.678803958574829	0.8759581056774463	2.23202490513811	4.262173307706879	[1715, 132, 1587, 241, 217, 261, 1086, 1096]	357012
472	0.6795758759412301	0.8764666593622599	2.23202490513811	3.956522007944825	[157, 651, 811, 3459, 1203, 174, 1086, 1112]	354628
473	0.6803459381900592	0.8768544244521523	2.23202490513811	4.141428044689231	[1792, 496, 217, 132, 387, 344, 1086, 1112]	356498
474	0.6811141497796445	0.8772961934970864	2.23202490513811	4.156326668298686	[1580, 301, 2728, 496, 3366, 150, 1086, 1112]	356281
475	0.6818805151576002	0.8776332095671934	2.23202490513811	2.8197523624652856	[10, 494, 2229, 734, 1203, 174, 1086, 1112]	354141
476	0.6826450387608515	0.878072184819862	2.23202490513811	4.262345871310933	[107, 160, 87, 1265, 255, 174, 1086, 1112]	359661
477	0.6834077250156605	0.8786434834124387	2.23202490513811	3.71402166193014	[1794, 1791, 420, 158, 1713, 174, 1086, 1112]	361289
478	0.6841685783376521	0.8791410274399933	2.23202490513811	4.211598105016191	[196, 190, 195, 10, 158, 1115, 1086, 1112]	369430
479	0.6849276031318388	0.8796365316095633	2.23202490513811	4.1120829459794415	[300, 301, 2729, 496, 217, 261, 1086, 1112]	357361
480	0.6856848037926471	0.8802944951758376	2.23202490513811	4.220499771604748	[160, 331, 808, 1265, 255, 174, 1086, 1096]	356843
481	0.6864401847039425	0.8809355075774664	2.23202490513811	3.6901637387024984	[193, 394, 432, 422, 19, 334, 1086, 1112]	372101
482	0.687193750239055	0.8813626362572347	2.23202490513811	3.8849796129217076	[420, 158, 10, 161, 1713, 174, 1086, 1112]	363095
483	0.6879455047608041	0.8818490321545037	2.23202490513811	3.7224277820866396	[377, 162, 107, 10, 158, 1115, 1086, 1112]	355139
484	0.6886954526215245	0.8825721041470302	2.23202490513811	4.131726398002111	[1647, 1697, 241, 1031, 132, 1094, 1086, 1112]	369889
485	0.6894435981630911	0.8831223181530052	2.23202490513811	2.3298370738744723	[420, 158, 10, 734, 1203, 174, 1086, 1112]	346995
486	0.6901899457169443	0.8834433322938203	2.23202490513811	3.3284912497526102	[1549, 162, 10, 734, 19, 334, 1086, 1112]	352077
487	0.6909344996041143	0.883989464118766	2.23202490513811	3.664881052757835	[3353, 2872, 241, 1031, 132, 1108, 1086, 1112]	345309
488	0.6916772641352477	0.8844650904047222	2.23202490513811	4.23399709618056	[1579, 1580, 438, 79, 148, 1108, 1086, 1112]	344751
489	0.6924182436106306	0.8848277488123525	2.23202490513811	4.083048255556934	[1799, 232, 10, 158, 1546, 234, 1086, 1112]	351680
490	0.6931574423202151	0.8851892688530503	2.23202490513811	4.287102920903568	[1586, 107, 10, 161, 1713, 174, 1086, 1112]	351232
491	0.6938948645436429	0.8855046059442132	2.23202490513811	3.761630775984827	[811, 734, 19, 241, 132, 1094, 1086, 1112]	352893
492	0.6946305145502709	0.885915343566384	2.23202490513811	3.869037353273284	[734, 10, 162, 420, 158, 1115, 1086, 1096]	358210
493	0.6953643965991958	0.8863830740273454	2.23202490513811	3.8531910077134386	[5158, 494, 2229, 734, 1203, 174, 1086, 1112]	351454
494	0.6960965149392779	0.8869154315522069	2.23202490513811	3.6612618360032565	[2340, 160, 2229, 734, 1203, 174, 1086, 1112]	350896
495	0.6968268738091672	0.8873790617982118	2.23202490513811	4.163846760099167	[950, 1987, 19, 132, 217, 261, 1086, 1112]	360468
496	0.6975554774373266	0.8878407912277928	2.23202490513811	3.830228282620533	[669, 811, 3284, 734, 1203, 174, 1086, 1112]	347621
497	0.6982823300420571	0.8881928534763105	2.23202490513811	4.218058759060367	[2149, 420, 107, 734, 19, 334, 1086, 1096]	346100
498	0.6990074358315221	0.8887915708671079	2.23202490513811	4.491803928379736	[3284, 813, 190, 196, 1078, 334, 1086, 1112]	357089
499	0.6997307990037714	0.8890970139402878	2.23202490513811	3.9647989073413497	[420, 158, 10, 415, 255, 174, 1086, 1112]	362084
