0	0.00240325927734375	0.0046855476884631875	3.4982038057826674	3.4982038057826674	[160, 331, 241, 1720, 132, 1108, 1086, 1112]	286294
1	0.004800742899533361	0.008256111332756721	3.4982038057826674	4.095698887214387	[1549, 162, 107, 10, 158, 1089, 1086, 1112]	361562
2	0.0071924647469656655	0.010980017276972176	3.4982038057826674	3.9905455583432587	[1019, 10, 734, 19, 387, 344, 1086, 1112]	302571
3	0.00957843866667929	0.017032719701647103	3.4982038057826674	3.610825870478621	[1743, 1742, 400, 1032, 132, 1108, 1086, 1112]	328766
4	0.011958678472434925	0.022296422636546298	3.4982038057826674	3.6470561539761777	[846, 10, 232, 1192, 836, 1089, 1086, 1112]	277279
5	0.01433319794479504	0.025803809513248677	3.4982038057826674	3.9375769146437385	[420, 107, 232, 320, 836, 1089, 1086, 1112]	277956
6	0.01670201083120393	0.029797871883137872	3.4982038057826674	3.765660702201382	[77, 19, 132, 241, 1729, 1094, 1086, 1112]	1010828
7	0.019065130846067313	0.034993218555983585	3.4982038057826674	4.175501545357365	[1265, 808, 331, 241, 1729, 1094, 1086, 1112]	326007
8	0.021422571670831503	0.03951480385012984	2.9305764039857216	2.9305764039857216	[3284, 2308, 651, 734, 1203, 174, 1086, 1112]	373096
9	0.023774346954062775	0.043452653141925035	2.9305764039857216	3.0465266150133496	[238, 10, 734, 19, 132, 1108, 1086, 1112]	2093478
10	0.026120470311526423	0.046884144740188205	2.9305764039857216	3.9529800113535307	[10, 107, 420, 158, 1713, 174, 1086, 1112]	464422
11	0.02846095532626547	0.05198799593155978	2.9305764039857216	3.5200445668919675	[2764, 1511, 1031, 241, 132, 1108, 1086, 1112]	906957
12	0.030795815548679273	0.056429951385858046	2.9305764039857216	3.9273328688446716	[193, 1743, 1742, 400, 19, 334, 1086, 1112]	2091991
13	0.03312506449660224	0.060851093846045146	2.9305764039857216	3.6089400433623293	[1792, 496, 2729, 438, 2627, 261, 1086, 1096]	697904
14	0.03544871565538188	0.0642201707574711	2.9305764039857216	3.200171690329981	[320, 232, 107, 734, 1203, 174, 1086, 1096]	395051
15	0.03776678247795695	0.06860481177328892	2.9305764039857216	3.8730029569300912	[241, 1031, 132, 1727, 1203, 174, 1086, 1112]	1262454
16	0.04007927838493508	0.071528415530976	2.4252728029570534	2.4252728029570534	[377, 162, 10, 734, 1203, 174, 1086, 1112]	809909
17	0.042386216764671025	0.0753350136815869	2.4252728029570534	4.7850464940369255	[19, 132, 269, 1337, 240, 234, 1086, 1112]	1739437
18	0.04468761097334362	0.07865213137804161	2.4252728029570534	3.6310919676662534	[542, 2388, 123, 19, 132, 1108, 1086, 1112]	3356094
19	0.04698347433503336	0.08195734933786203	2.4252728029570534	3.9596606725945565	[1879, 232, 10, 438, 2627, 261, 1086, 1112]	1328746
20	0.049273820141799596	0.0857211903801175	2.4252728029570534	3.984280224774512	[846, 10, 261, 217, 132, 1108, 1086, 1112]	676451
21	0.05155866165375744	0.08823233213017212	2.4252728029570534	3.2216345904522914	[950, 1987, 19, 734, 1203, 174, 1086, 1112]	2215568
22	0.0538380120991544	0.09311476743143254	2.4252728029570534	3.373023600476821	[669, 813, 19, 734, 1203, 174, 1086, 1112]	791177
23	0.056111884674447055	0.09636810252913541	2.4252728029570534	3.5199086642496216	[1265, 2308, 651, 734, 1203, 174, 1086, 1096]	545565
24	0.05838029254437771	0.1012069714987539	2.4252728029570534	2.655387507132132	[1873, 10, 734, 19, 132, 1108, 1086, 1112]	2738976
25	0.06064324884205019	0.1044312768465342	2.4252728029570534	4.055098407881495	[77, 786, 19, 132, 1713, 174, 1086, 1112]	555531
26	0.06290076666900601	0.10862750680716582	2.4252728029570534	2.6937553845550912	[1019, 10, 734, 19, 132, 1108, 1086, 1112]	626664
27	0.06515285909530044	0.11228200409157518	2.4252728029570534	4.022333226213938	[734, 10, 107, 420, 1822, 1094, 1086, 1112]	3796893
28	0.06739953915957797	0.115921518469844	2.4252728029570534	3.828136936436999	[1726, 132, 19, 241, 217, 261, 1086, 1112]	848969
29	0.06964081986914772	0.1206556806247624	2.4252728029570534	3.2510333317360303	[1792, 496, 217, 241, 132, 1108, 1086, 1112]	821521
30	0.07187671420005914	0.12381021620925581	2.4252728029570534	3.5847571856602682	[320, 232, 10, 158, 1713, 174, 1086, 1112]	3448691
31	0.07410723509717665	0.1285021350847938	2.4252728029570534	3.659694296087099	[3085, 651, 734, 19, 132, 1108, 1086, 1112]	511683
32	0.07633239547425485	0.13123772408599244	2.4252728029570534	4.102926718762209	[1820, 10, 734, 19, 422, 636, 1086, 1112]	426426
33	0.07855220821401321	0.13479952277550866	2.4252728029570534	3.897173994836626	[1879, 496, 217, 261, 132, 1108, 1086, 1112]	3752871
34	0.08076668616821081	0.13943259488535598	2.4252728029570534	2.655387507132132	[1873, 10, 734, 19, 132, 1108, 1086, 1112]	492466
35	0.08297584215772047	0.14469918050599484	2.4252728029570534	4.744641079597402	[1938, 1468, 2307, 420, 1582, 1087, 1086, 1096]	399976
36	0.0851796889726033	0.14870673328371564	2.4252728029570534	3.874211628046723	[1019, 1799, 232, 10, 158, 1115, 1086, 1112]	4194138
37	0.08737823937218236	0.15269550848178237	2.4252728029570534	4.312478234517143	[811, 734, 19, 23, 5272, 174, 1086, 1112]	487719
38	0.08957150608511699	0.1587451627319273	2.4252728029570534	3.655747964640627	[5234, 2028, 331, 241, 132, 1108, 1086, 1112]	396580
39	0.09175950180947601	0.1626869023900972	2.4252728029570534	3.8600189149223176	[2047, 232, 193, 1265, 255, 174, 1086, 1112]	4348750
40	0.09394223921281164	0.16661017283912327	2.3672254211503034	2.3672254211503034	[1549, 162, 10, 734, 1203, 174, 1086, 1112]	609364
41	0.0961197309322328	0.17107290172854306	2.3672254211503034	3.564880799384948	[421, 438, 2627, 261, 132, 1108, 1086, 1096]	399458
42	0.09829198957447793	0.17447138199660206	2.3672254211503034	4.137695992435555	[2627, 301, 2729, 496, 3366, 150, 1086, 1112]	4095739
43	0.10045902771598825	0.1770626757891629	2.3672254211503034	4.291171030394563	[813, 19, 132, 387, 344, 174, 1086, 1096]	565434
44	0.10262085790298059	0.1820989691144933	2.3672254211503034	3.956416336917309	[432, 15, 1557, 158, 1713, 174, 1086, 1112]	411248
45	0.10477749265152003	0.18434540138926425	2.3672254211503034	3.982266876134421	[2627, 301, 10, 158, 1713, 174, 1086, 1112]	3858572
46	0.10692894444759216	0.18658566365351492	2.3672254211503034	3.2774372580384057	[1582, 420, 107, 734, 1203, 174, 1086, 1112]	575162
47	0.10907522574717565	0.18992054385901702	2.3672254211503034	3.2774372580384057	[988, 420, 107, 734, 1203, 174, 1086, 1112]	400773
48	0.11121634897631416	0.19324175154181078	2.3672254211503034	3.2961709765789404	[359, 158, 1557, 734, 1203, 174, 1086, 1112]	4200785
49	0.11335232653118832	0.19702185578802267	2.3672254211503034	3.2903281519845455	[3158, 3083, 19, 241, 132, 1108, 1086, 1112]	582348
50	0.11548317077818748	0.1995423647507416	2.3672254211503034	2.8859392283917114	[545, 132, 19, 734, 1203, 174, 1086, 1096]	707737
51	0.11760889405398145	0.2032929471732965	2.3672254211503034	3.6545861275650307	[811, 3284, 813, 19, 132, 1108, 1086, 1112]	3274405
52	0.11972950866559184	0.20655932995183157	2.3672254211503034	3.276469057029505	[734, 19, 241, 132, 1713, 174, 1086, 1112]	618572
53	0.12184502689046317	0.2108966513988878	2.3672254211503034	3.561462934923987	[2196, 2197, 241, 217, 132, 1108, 1086, 1112]	575727
54	0.1239554609765342	0.21372745901105694	2.3672254211503034	3.918027321792165	[19, 734, 10, 415, 255, 174, 1086, 1112]	3546698
55	0.1260608231423087	0.21793787899612294	2.3672254211503034	3.203194539138165	[2267, 261, 217, 493, 654, 400, 19, 794]	1039191
56	0.12816112557692616	0.22212575255418499	2.3672254211503034	3.619048318501573	[2028, 331, 241, 1031, 132, 1108, 1086, 1096]	1075675
57	0.13025638044023236	0.22577051943621973	2.3672254211503034	3.4942091572790437	[669, 813, 3284, 734, 1203, 174, 1086, 1112]	2180734
58	0.1323465998628499	0.22939820858921545	2.3672254211503034	3.875456322734208	[1019, 1799, 232, 1192, 836, 1089, 1086, 1112]	391499
59	0.13443179594624832	0.23352471309489586	2.3672254211503034	3.49796751676279	[2340, 160, 331, 241, 132, 1108, 1086, 1112]	662096
60	0.13651198076281423	0.23711606960371823	2.3672254211503034	4.238207368924027	[1580, 301, 2729, 438, 2267, 261, 1086, 1112]	3231776
61	0.13858716635592117	0.24120124564558565	2.3672254211503034	3.367189747680925	[4356, 669, 811, 3459, 1203, 174, 1086, 1112]	746361
62	0.14065736473999924	0.2452645459306988	2.3672254211503034	4.009833111508606	[846, 10, 162, 2636, 836, 1089, 1086, 1112]	818538
63	0.14272258790060488	0.24880089489291446	2.3672254211503034	3.3506046449898053	[305, 3083, 19, 241, 132, 1108, 1086, 1112]	4052715
64	0.14478284779449002	0.2523206741234246	2.3672254211503034	3.9019736360782638	[811, 734, 10, 158, 1713, 174, 1086, 1112]	775812
65	0.14683815634967146	0.2563244308515077	2.3672254211503034	4.2700185317534975	[1807, 157, 2149, 420, 158, 1115, 1086, 1112]	495955
66	0.1488885254654998	0.2603067478160679	2.3672254211503034	4.114646009976792	[377, 162, 420, 1879, 836, 1089, 1086, 1112]	3544822
67	0.15093396701272854	0.2642677398251446	2.3672254211503034	3.6941577434773336	[190, 195, 3284, 734, 1203, 174, 1086, 1112]	681707
68	0.15297449283358266	0.2682075210719904	2.3672254211503034	3.7647550966043752	[2028, 331, 241, 1720, 132, 1108, 1086, 1096]	645646
69	0.15501011474182713	0.2716363696300663	2.3672254211503034	3.9961729706645084	[1468, 2307, 420, 158, 1713, 174, 1086, 1112]	2994435
70	0.1570408445228355	0.2755366925153697	2.3672254211503034	3.740884399471005	[320, 232, 1792, 496, 217, 261, 1086, 1112]	750209
71	0.1590666939336579	0.2794161295162394	2.3672254211503034	3.790380657406014	[1743, 1742, 400, 19, 1987, 334, 1086, 1096]	440898
72	0.16108767470308916	0.2832747924747411	2.3672254211503034	4.340239762647598	[394, 193, 232, 3135, 836, 1089, 1086, 1112]	3883969
73	0.16310379853173695	0.28524333705107385	2.3672254211503034	3.552623624310219	[77, 19, 241, 132, 1713, 174, 1086, 1112]	848116
74	0.16511507709208928	0.2890707958280955	2.3672254211503034	4.031930363872431	[331, 808, 1265, 415, 255, 174, 1086, 1112]	630651
75	0.1671215220285821	0.2928777589015453	2.3672254211503034	4.235038687432666	[320, 232, 1799, 1019, 1010, 1105, 1086, 1112]	4701916
76	0.1691231449576669	0.2957768570110051	2.3672254211503034	3.150260626301235	[1115, 158, 10, 734, 1203, 174, 1086, 1112]	683706
77	0.17111995746787756	0.2995479097193414	2.3672254211503034	4.206996856951149	[2309, 420, 158, 1546, 234, 174, 1086, 1112]	405809
78	0.17311197111989796	0.3024196611827734	2.3672254211503034	3.4711274093700517	[837, 162, 10, 734, 19, 334, 1086, 1112]	4262195
79	0.1750991974466285	0.3066887824158344	2.3672254211503034	3.9253341591574884	[3869, 438, 2040, 545, 132, 1108, 1086, 1112]	1047635
80	0.1770816479532532	0.3099373251887715	2.3672254211503034	3.2843165546638744	[77, 19, 1126, 241, 132, 1108, 1086, 1112]	1246049
81	0.179059334117306	0.31363254984117883	2.3672254211503034	4.014376317445653	[87, 1265, 415, 10, 158, 1115, 1086, 1112]	5532236
82	0.18103226738873734	0.3168485572607068	2.3672254211503034	3.0566003287318484	[4210, 415, 10, 734, 1203, 174, 1086, 1112]	1238275
83	0.18300045918998054	0.32102937510677676	2.3672254211503034	3.541642580265451	[1819, 241, 1729, 1032, 132, 1108, 1086, 1112]	1011237
84	0.18496392091601777	0.3246652028119228	2.3672254211503034	3.3778428664368425	[813, 669, 673, 670, 132, 1108, 1086, 1096]	5368619
85	0.18692266393444623	0.32789543940561583	2.3672254211503034	4.262345871310933	[107, 160, 87, 1265, 255, 174, 1086, 1112]	1350947
86	0.18887669958554376	0.3320086514484547	2.3672254211503034	3.9439847737388174	[1726, 132, 1031, 241, 1729, 1094, 1086, 1112]	1252721
87	0.19082603918233454	0.3355856860988765	2.3672254211503034	3.290564441004423	[2004, 19, 241, 1720, 132, 1108, 1086, 1112]	4912148
88	0.1927706940106546	0.33869883105155774	2.3672254211503034	3.619048318501573	[2028, 331, 241, 1031, 132, 1108, 1086, 1096]	1089325
89	0.19471067532921726	0.34051514895943613	2.3672254211503034	3.768291598879432	[1799, 232, 10, 158, 1713, 174, 1086, 1096]	1021099
90	0.19664599436967822	0.34404663206728703	2.3672254211503034	4.1120829459794415	[300, 301, 2728, 496, 217, 261, 1086, 1096]	4871840
91	0.19857666233670057	0.34755920439512333	2.3672254211503034	4.171169514830154	[359, 158, 420, 2307, 1468, 1089, 1086, 1112]	1076811
92	0.2005026904080197	0.3498997525298666	2.3672254211503034	4.322772898204444	[4647, 3621, 1720, 132, 1713, 174, 1086, 1112]	1151204
93	0.20242408973450798	0.353878300398344	2.3672254211503034	4.005826309827379	[1715, 132, 1032, 1729, 1822, 1094, 1086, 1112]	1966450
94	0.20434087144023938	0.35619617958218286	2.3672254211503034	3.337596016745529	[107, 162, 10, 734, 19, 334, 1086, 1112]	438773
95	0.20625304662255384	0.35883568139694244	2.3672254211503034	3.345885426328497	[1879, 496, 217, 241, 132, 1108, 1086, 1112]	819939
96	0.20816062635212151	0.36113577660876783	2.3672254211503034	2.8687788104161314	[241, 1126, 19, 734, 1203, 174, 1086, 1112]	5141687
97	0.21006362167300685	0.3634276205224003	2.3672254211503034	4.12059576903231	[1549, 162, 10, 158, 420, 458, 1086, 1112]	580232
98	0.21196204360273252	0.3664103107636011	2.3672254211503034	3.527605238801611	[846, 10, 811, 3459, 1203, 174, 1086, 1112]	768249
99	0.21385590313234326	0.3698031275679847	2.3672254211503034	3.9923877813057294	[1582, 1579, 1580, 301, 2627, 261, 1086, 1112]	4003545
100	0.2157452112264695	0.3723868428795226	2.3672254211503034	3.136098455518062	[420, 158, 651, 734, 1203, 174, 1086, 1112]	717574
101	0.21762997882339075	0.37574765588248826	2.3672254211503034	3.3280701539563653	[1580, 1579, 4018, 241, 132, 1108, 1086, 1112]	410920
102	0.21951021683509908	0.37867262001048585	2.3672254211503034	4.419489187143228	[10, 734, 19, 241, 1587, 487, 1086, 1096]	3891329
103	0.22138593614736213	0.3819997732323015	2.3672254211503034	3.5741700138985717	[1741, 1742, 400, 19, 132, 1108, 1086, 1112]	564998
104	0.22325714761978632	0.3853780543553027	2.3672254211503034	3.298368396303111	[2196, 2197, 241, 19, 132, 1108, 1086, 1112]	414511
105	0.22512386208587953	0.3891394785991482	2.3672254211503034	3.7891103713750693	[542, 2727, 1512, 1031, 132, 1108, 1086, 1112]	4004067
106	0.2269860903531139	0.39105693977821054	2.3672254211503034	3.4969634376006296	[1917, 10, 734, 19, 132, 1094, 1086, 1112]	740153
107	0.22884384320298856	0.39324144533544747	2.3672254211503034	3.516190999034282	[1580, 438, 3366, 3459, 1203, 174, 1086, 1112]	404687
108	0.23069713139109171	0.39541811425763373	2.3672254211503034	2.826165543949787	[841, 1820, 10, 734, 1203, 174, 1086, 1112]	3756296
109	0.23254596564716323	0.3978968118577072	2.3672254211503034	3.921964323091946	[1579, 1580, 1674, 438, 2627, 261, 1086, 1112]	718397
110	0.23439035667515662	0.40112102123075455	2.3672254211503034	2.668481012673639	[1742, 400, 19, 734, 1203, 174, 1086, 1112]	407552
111	0.23623031515330084	0.403927097245396	2.3672254211503034	4.424021763544991	[1794, 1879, 496, 217, 132, 1094, 1086, 1112]	3815707
112	0.23806585173416261	0.40606543275432117	2.3672254211503034	3.9051874507622815	[193, 232, 1792, 496, 217, 261, 1086, 1112]	978986
113	0.23989697704470747	0.40819609725735495	2.3672254211503034	4.173191023350359	[320, 232, 10, 1019, 1010, 1105, 1086, 1112]	447978
114	0.2417237016863618	0.4098215352226515	2.3672254211503034	3.8849796129217076	[420, 158, 10, 161, 1713, 174, 1086, 1112]	1802938
115	0.24354603623507398	0.4122411808963925	2.3672254211503034	3.9521776809202995	[1873, 10, 734, 19, 387, 344, 1086, 1112]	356286
116	0.24536399124137553	0.4138555087076512	2.3672254211503034	3.3753105476877643	[1549, 107, 10, 734, 19, 334, 1086, 1112]	359400
117	0.2471775772304423	0.41660191667393154	2.3672254211503034	4.285011764376863	[420, 1879, 232, 734, 1203, 174, 1086, 1112]	380007
118	0.24898680470215562	0.41972596186339695	2.3672254211503034	4.036905196230555	[1265, 808, 331, 241, 19, 334, 1086, 1112]	367974
119	0.2507916841311627	0.42244486354146316	2.3672254211503034	4.119931694202554	[87, 160, 331, 241, 132, 1094, 1086, 1112]	359467
120	0.25259222596693753	0.4252074040538605	2.3672254211503034	4.214137218330316	[3895, 1030, 1031, 241, 19, 334, 1086, 1112]	371125
121	0.25438844063384136	0.42726939917643514	2.3672254211503034	3.8977150919623957	[119, 409, 19, 241, 132, 1094, 1086, 1112]	369727
122	0.2561803385311828	0.4299529557192361	2.3672254211503034	2.5664221723022065	[1580, 438, 10, 734, 1203, 174, 1086, 1096]	359943
123	0.25796793003327845	0.4322900655035504	2.3672254211503034	3.7838290495825726	[1792, 232, 10, 157, 1713, 174, 1086, 1096]	368777
124	0.25975122548951257	0.43461759347843565	2.3672254211503034	3.012790528604537	[2297, 400, 19, 241, 132, 1108, 1086, 1112]	358834
125	0.2615302352243972	0.4380776767149742	2.3672254211503034	3.9804230125606725	[420, 1791, 1794, 1879, 836, 1089, 1086, 1112]	359774
126	0.26330496953763205	0.44071059055793826	2.3672254211503034	3.9373699826961843	[811, 734, 10, 438, 2627, 261, 1086, 1112]	369517
127	0.2650754387041637	0.4430035956075823	2.3672254211503034	4.08469266237849	[1586, 107, 10, 158, 1713, 174, 1086, 1112]	361244
128	0.2668416529742458	0.4456134288226655	2.3672254211503034	3.4068681568281054	[157, 10, 232, 320, 836, 1089, 1086, 1112]	355019
129	0.26860362257349746	0.4478863329501236	2.3672254211503034	2.5974805693221787	[2627, 438, 10, 734, 1203, 174, 1086, 1112]	369932
130	0.2703613577029633	0.45014991850198627	2.3672254211503034	2.620774439524012	[1799, 1019, 10, 734, 1203, 174, 1086, 1096]	357380
131	0.2721148685391722	0.4521224355354214	2.3672254211503034	4.179790964425478	[193, 232, 1792, 496, 3366, 150, 1086, 1112]	358165
132	0.273864165234196	0.454368653684192	2.3672254211503034	3.976338822173221	[813, 3284, 811, 734, 19, 334, 1086, 1112]	375868
133	0.27560925791570867	0.4566056626659897	2.3672254211503034	3.688952646948918	[1873, 10, 734, 19, 1987, 334, 1086, 1112]	355596
134	0.27735015668704466	0.459931181139419	2.3672254211503034	3.7376017343437953	[1819, 1513, 1031, 132, 1713, 174, 1086, 1112]	355254
135	0.27908687162725754	0.46186860914075234	2.3672254211503034	2.6899556550870276	[420, 107, 10, 734, 1203, 174, 1086, 1112]	366993
136	0.2808194127911783	0.4647502551916438	2.3672254211503034	3.720822775714357	[1917, 10, 734, 19, 1987, 334, 1086, 1112]	358179
137	0.2825477902094734	0.4676164702825435	2.3672254211503034	2.731960381856332	[1586, 107, 10, 734, 1203, 174, 1086, 1112]	355687
138	0.28427201388870327	0.46979916514745657	2.3672254211503034	4.034969420986087	[2627, 301, 2729, 438, 3366, 150, 1086, 1112]	360334
139	0.2859920938113798	0.4726383437716446	2.3672254211503034	3.653160679904725	[811, 669, 668, 670, 132, 1108, 1086, 1112]	357393
140	0.28770803993602434	0.47480044968730384	2.3672254211503034	4.335238445209047	[1820, 10, 158, 1546, 234, 174, 1086, 1112]	357302
141	0.2894198621972255	0.47695369128388465	2.3672254211503034	3.8345660294754875	[1820, 10, 158, 420, 1822, 1094, 1086, 1112]	371870
142	0.29112757050569615	0.47940444970664864	2.3672254211503034	3.8966767937340343	[457, 540, 19, 132, 1713, 174, 1086, 1112]	355358
143	0.29283117474833154	0.4818437249839499	2.3672254211503034	2.741828726172569	[161, 10, 734, 19, 132, 1108, 1086, 1112]	355613
144	0.29453068478826594	0.48396809017853104	2.3672254211503034	3.7322477088669155	[2872, 241, 217, 132, 19, 334, 1086, 1112]	365731
145	0.29622611046492986	0.48638598230076824	2.3672254211503034	3.6410681473133657	[420, 1879, 496, 217, 132, 1108, 1086, 1112]	360698
146	0.29791746159410726	0.4879981914802092	2.3672254211503034	2.6647873097920116	[1851, 159, 10, 734, 1203, 174, 1086, 1112]	357178
147	0.2996047479679923	0.49073991592637933	2.3672254211503034	3.6880140214746895	[2073, 160, 2229, 734, 1203, 174, 1086, 1112]	361917
148	0.30128797935524576	0.4931260783361371	2.3672254211503034	3.385612680077884	[1580, 438, 2627, 261, 132, 1108, 1086, 1112]	357448
149	0.30296716550105185	0.4952041875266321	2.3672254211503034	3.295170776460333	[2872, 241, 1729, 1032, 132, 1108, 1086, 1112]	353606
150	0.30464231612717463	0.49701507811665935	2.3672254211503034	3.69377386549397	[2051, 1849, 420, 158, 1713, 174, 1086, 1112]	367293
151	0.3063134409320143	0.49970851793158766	2.3672254211503034	4.542600379712914	[1847, 420, 2149, 157, 1713, 174, 1086, 1112]	353361
152	0.3079805495906631	0.5023875346142888	2.3672254211503034	4.0119731383896315	[1819, 1513, 1031, 241, 1729, 1094, 1086, 1112]	355880
153	0.30964365175496167	0.5047191215512272	2.3672254211503034	3.8785906558424594	[1582, 1579, 1580, 438, 2627, 261, 1086, 1096]	367532
154	0.3113027570535547	0.5070397837263829	2.3672254211503034	3.277050517816969	[1549, 438, 10, 734, 1203, 174, 1086, 1112]	353213
155	0.31295787509194684	0.509349572328248	2.3672254211503034	3.602225961564928	[1726, 132, 1032, 370, 1713, 174, 1086, 1112]	360026
156	0.31460901545255804	0.5119769620165004	2.3672254211503034	3.999303355062299	[2004, 19, 132, 1032, 1729, 1094, 1086, 1112]	363098
157	0.3162561876947795	0.5139777853318481	2.3672254211503034	4.3722232647553385	[2238, 1549, 10, 157, 1713, 174, 1086, 1112]	350719
158	0.31789940135502837	0.5165803913483968	2.3672254211503034	4.684134117542661	[1794, 1879, 496, 1792, 232, 1023, 1086, 1112]	355532
159	0.3195386659468036	0.5188454769782722	2.3672254211503034	3.8036175016753244	[107, 10, 232, 1879, 836, 1089, 1086, 1112]	368655
160	0.3211739909607406	0.5210999494414102	2.3672254211503034	4.048036733914191	[193, 842, 157, 320, 836, 1089, 1086, 1112]	351194
161	0.32280538586466645	0.5226031931827004	2.3672254211503034	2.3963279564293862	[193, 232, 10, 734, 1203, 174, 1086, 1112]	355566
162	0.32443286010365446	0.5248400586873629	2.3672254211503034	3.493148230326841	[331, 241, 1729, 1032, 132, 1108, 1086, 1112]	377948
163	0.326056423100079	0.5273844981898403	2.3672254211503034	3.1780623326561717	[715, 494, 2229, 734, 1203, 174, 1086, 1112]	370692
164	0.3276760842536699	0.5299153124435985	2.3672254211503034	4.174455743561524	[3136, 1468, 2307, 420, 1822, 1094, 1086, 1112]	357115
165	0.3292918529415674	0.5324325744106406	2.3672254211503034	3.1264053718353413	[2872, 241, 1126, 19, 132, 1108, 1086, 1112]	363020
166	0.3309037385183756	0.5346233838808114	2.3672254211503034	4.0244161693732305	[1265, 415, 10, 158, 1713, 174, 1086, 1096]	370105
167	0.3325117503162174	0.5360841782254937	2.3672254211503034	3.8454554563872163	[377, 162, 10, 301, 2627, 261, 1086, 1096]	356540
168	0.3341158976447879	0.5382578779318508	2.3672254211503034	3.0351562422061917	[420, 162, 107, 734, 1203, 174, 1086, 1096]	361790
169	0.3357161897914087	0.5399143188990914	2.3672254211503034	3.750019727304635	[420, 158, 10, 301, 2627, 261, 1086, 1112]	353567
170	0.33731263602108175	0.5418006031237215	2.3672254211503034	4.096387023898769	[2636, 162, 1549, 438, 2627, 261, 1086, 1112]	356539
171	0.33890524557654256	0.5430590853539115	2.3672254211503034	3.693500817464032	[382, 409, 19, 132, 1713, 174, 1086, 1112]	370445
172	0.34049402767831405	0.5452001038002958	2.3672254211503034	3.2961709765789404	[359, 158, 1557, 734, 1203, 174, 1086, 1112]	365167
173	0.34207899152475973	0.5466276983405431	2.3672254211503034	3.3575937850316935	[193, 232, 10, 734, 19, 334, 1086, 1112]	352219
174	0.34366014629213726	0.5482541136446467	2.3672254211503034	3.7784467420323216	[420, 107, 811, 3459, 1203, 174, 1086, 1112]	366471
175	0.3452375011346511	0.550673172951601	2.3672254211503034	3.0081619873831613	[734, 19, 1126, 241, 132, 1108, 1086, 1112]	355682
176	0.3468110651845061	0.5527785152274423	2.3672254211503034	4.445383321055229	[2238, 1549, 107, 420, 1582, 1087, 1086, 1112]	356336
177	0.34838084755195975	0.5551733467636789	2.3672254211503034	3.8966767937340343	[457, 540, 19, 132, 1713, 174, 1086, 1112]	365626
178	0.34994685732537534	0.5583493566636228	2.3672254211503034	3.561462934923987	[2607, 1587, 241, 217, 132, 1108, 1086, 1112]	353717
179	0.35150910357127463	0.5601600599207418	2.3672254211503034	3.598516588534495	[158, 651, 733, 734, 1203, 174, 1086, 1112]	354344
180	0.3530675953343899	0.5613681163967896	2.3672254211503034	4.502000797834293	[107, 162, 10, 438, 421, 261, 1086, 1096]	368712
181	0.3546223416377169	0.5631664431790548	2.3672254211503034	3.8510166597573443	[3284, 811, 734, 19, 132, 1094, 1086, 1112]	364191
182	0.35617335148256646	0.5649573970836597	2.3672254211503034	2.5355140376147673	[359, 158, 10, 734, 1203, 174, 1086, 1112]	358218
183	0.3577206338486171	0.5665180569314942	2.3672254211503034	4.00906001907615	[1549, 162, 107, 10, 232, 1023, 1086, 1112]	366565
184	0.3592641976939669	0.5688393144358772	2.3672254211503034	3.057077720340219	[813, 3284, 811, 3459, 1203, 174, 1086, 1112]	353478
185	0.36080405195518517	0.5706070103952782	2.3672254211503034	2.6647873097920116	[1851, 159, 10, 734, 1203, 174, 1086, 1112]	352083
186	0.36234020554736446	0.5719548539033845	2.3672254211503034	2.5974805693221787	[2627, 438, 10, 734, 1203, 174, 1086, 1112]	366088
187	0.3638726673641719	0.5742469978403568	2.3672254211503034	2.687257635897571	[1917, 10, 734, 19, 132, 1108, 1086, 1112]	355906
188	0.36540144627790083	0.5754163633858393	2.3672254211503034	4.078201748745578	[1549, 162, 420, 158, 1546, 234, 1086, 1096]	355631
189	0.36692655113952244	0.5776899712453785	2.3672254211503034	3.8995581527633956	[107, 1586, 1587, 241, 132, 1108, 1086, 1112]	369889
190	0.36844799077873636	0.5792049546074605	2.3672254211503034	4.013347969582017	[10, 162, 1549, 107, 836, 1089, 1086, 1112]	401863
191	0.3699657740040224	0.5814582748957529	2.3672254211503034	3.7808798528893224	[195, 3284, 813, 19, 132, 1108, 1086, 1112]	354807
192	0.3714799096026914	0.5826078340772525	2.3672254211503034	3.89951384233777	[320, 232, 10, 158, 1546, 234, 1086, 1112]	415378
193	0.3729904063409356	0.5848429322466491	2.3672254211503034	3.5200445668919675	[2764, 1511, 1031, 241, 132, 1108, 1086, 1096]	373634
194	0.37449727296388025	0.5871123768590033	2.3672254211503034	4.2683093071856515	[1879, 496, 217, 241, 19, 334, 1086, 1112]	354346
195	0.3760005181956336	0.5888051559261812	2.3672254211503034	3.0150729935709144	[813, 3284, 811, 734, 1203, 174, 1086, 1112]	376377
196	0.3775001507393376	0.5910070679846475	2.3672254211503034	2.8154115301407607	[1529, 2229, 734, 19, 132, 1108, 1086, 1112]	355400
197	0.3789961792772184	0.5926838793859495	2.3672254211503034	4.374230901275973	[320, 836, 1879, 496, 217, 261, 1086, 1112]	352431
198	0.38048861247063637	0.5948650212229974	2.3672254211503034	3.310396423007216	[1820, 10, 846, 734, 1203, 174, 1086, 1112]	385984
199	0.38197745896013646	0.597034483238225	2.3672254211503034	3.903874151172581	[245, 960, 455, 19, 132, 1108, 1086, 1112]	370622
200	0.383462727365498	0.598299372206855	2.3672254211503034	3.724603510011498	[1938, 1468, 2229, 734, 1203, 174, 1086, 1112]	357339
201	0.38494442628578507	0.600495257562867	2.3672254211503034	4.086670289343016	[2299, 2297, 400, 19, 132, 1094, 1086, 1112]	367755
202	0.3864225642993957	0.60263457015996	2.3672254211503034	3.813013157523107	[386, 3821, 1819, 241, 132, 1108, 1086, 1112]	354477
203	0.38789714996411195	0.6050664064652821	2.3672254211503034	3.875456322734208	[1019, 1799, 232, 1192, 836, 1089, 1086, 1112]	361100
204	0.3893681918171492	0.6063060836213272	2.3672254211503034	2.571532045454477	[1879, 232, 10, 734, 1203, 174, 1086, 1112]	404474
205	0.3908356983752058	0.6091170118039559	2.3672254211503034	3.5466981557212787	[2607, 1587, 241, 1720, 132, 1108, 1086, 1096]	367386
206	0.3922996781345123	0.6105192546665852	2.3672254211503034	2.5355140376147673	[359, 158, 10, 734, 1203, 174, 1086, 1112]	380059
207	0.3937601395708803	0.6115889954832359	2.3672254211503034	3.5108348228147426	[432, 422, 19, 132, 217, 261, 1086, 1112]	376094
208	0.3952170911397521	0.6129823704197197	2.3672254211503034	3.918027321792165	[19, 734, 10, 415, 255, 174, 1086, 1112]	366675
209	0.39667054127624946	0.6147957599793941	2.3672254211503034	3.1300002401942724	[107, 734, 19, 241, 132, 1108, 1086, 1112]	371608
210	0.3981204983952221	0.6171531710310378	2.3672254211503034	3.8575721757290022	[161, 1529, 2229, 734, 1203, 174, 1086, 1112]	365122
211	0.3995669708912969	0.6185265851974602	2.3672254211503034	2.741828726172569	[161, 10, 734, 19, 132, 1108, 1086, 1112]	381473
212	0.401009967138926	0.6200905705897811	2.3672254211503034	4.040957092954175	[1799, 1019, 10, 301, 2627, 261, 1086, 1112]	421435
213	0.4024494954924358	0.6221249520169793	2.3672254211503034	4.478876734846253	[2357, 438, 970, 261, 132, 1108, 1086, 1112]	375457
214	0.403885564286075	0.6234805305532704	2.3672254211503034	4.6080400494151394	[1579, 1580, 301, 10, 161, 1023, 1086, 1112]	358929
215	0.4053181818340631	0.6248312461244679	2.3672254211503034	2.9216081390660067	[87, 415, 733, 734, 1203, 174, 1086, 1112]	378908
216	0.4067473564306381	0.6263693833260349	2.3672254211503034	3.552623624310219	[77, 19, 241, 132, 1713, 174, 1086, 1112]	373556
217	0.4081730963501049	0.6281200473983306	2.3672254211503034	4.184221758280832	[2636, 2635, 1460, 19, 132, 1108, 1086, 1112]	358655
218	0.40959540984688314	0.6296447009940919	2.3672254211503034	3.981696529365469	[2872, 241, 1729, 132, 1713, 174, 1086, 1112]	377327
219	0.4110143051555549	0.6309733033900793	2.3672254211503034	3.7032481417554504	[19, 734, 10, 301, 2627, 261, 1086, 1096]	376979
220	0.41242979049091255	0.632702395575361	2.3672254211503034	4.1875486681399	[813, 669, 668, 670, 132, 1094, 1086, 1112]	361961
221	0.4138418740480061	0.634423386016751	2.3672254211503034	3.50065900671827	[19, 132, 241, 1729, 1822, 1094, 1086, 1112]	419514
222	0.4152505640021906	0.6370335599727212	2.3672254211503034	3.1854485211640693	[2196, 2197, 4018, 241, 132, 1108, 1086, 1112]	370733
223	0.4166558685091739	0.6385216694662732	2.3672254211503034	3.7718797271212043	[394, 193, 232, 10, 158, 1115, 1086, 1112]	379249
224	0.4180577957050633	0.6400036779278273	2.3672254211503034	3.574251373337593	[3075, 334, 19, 241, 132, 1108, 1086, 1112]	411640
225	0.419456353706413	0.6409924373573468	2.3672254211503034	4.327730507774048	[241, 19, 734, 10, 494, 636, 1086, 1096]	367876
226	0.420851550610271	0.6426745844126279	2.3672254211503034	4.31044966561447	[3284, 2308, 651, 159, 1713, 174, 1086, 1112]	378618
227	0.4222433944942261	0.6439564437638262	2.3672254211503034	3.283227601360106	[382, 400, 19, 734, 1203, 174, 1086, 1112]	378366
228	0.42363189341645446	0.6452337046081046	2.3672254211503034	3.7179657010145517	[420, 158, 10, 438, 2627, 261, 1086, 1112]	375786
229	0.4250170554157664	0.6471334467741825	2.3672254211503034	3.864682523158968	[1535, 496, 2729, 438, 2627, 261, 1086, 1112]	364763
230	0.42639888851165286	0.6483993105253911	2.3672254211503034	2.620774439524012	[1799, 1019, 10, 734, 1203, 174, 1086, 1112]	375368
231	0.4277774007043319	0.6498408220984921	2.3672254211503034	3.198256428005487	[3248, 334, 19, 734, 1203, 174, 1086, 1112]	379482
232	0.42915259997479493	0.6512764236842764	2.3672254211503034	3.4381808341943936	[1078, 334, 19, 241, 132, 1108, 1086, 1112]	380137
233	0.43052449428485307	0.6529103846311952	2.3672254211503034	3.614137437755602	[542, 457, 540, 19, 132, 1108, 1086, 1112]	375399
234	0.43189309157718303	0.6547690188540305	2.3672254211503034	4.082766126456637	[1579, 1580, 438, 80, 148, 1108, 1086, 1112]	371367
235	0.4332583997753733	0.6563866150797248	2.3672254211503034	2.8849793941289015	[394, 432, 422, 19, 132, 1108, 1086, 1096]	358014
236	0.4346204267839697	0.6574652006211179	2.3672254211503034	3.761523187693429	[846, 162, 10, 734, 19, 334, 1086, 1112]	379646
237	0.4359791804885218	0.6592994442067728	2.3672254211503034	3.1025884658578153	[10, 734, 19, 132, 1713, 174, 1086, 1112]	379093
238	0.43733466875562776	0.6603688865205768	2.3672254211503034	3.7077107041443416	[111, 162, 107, 420, 1582, 793, 4290, 794]	378389
239	0.43868689943298045	0.6615872698198891	2.3672254211503034	4.378545333542795	[10, 301, 2729, 438, 254, 174, 1086, 1112]	370981
240	0.44003588034941277	0.6633994400891942	2.3672254211503034	2.54041715625058	[1726, 132, 19, 734, 1203, 174, 1086, 1112]	364685
241	0.4413816193149427	0.6644560127172624	2.3672254211503034	2.7754221757720616	[2151, 158, 10, 734, 1203, 174, 1086, 1112]	362137
242	0.44272412412081874	0.6655092688157364	2.3672254211503034	4.15228656202208	[3869, 438, 10, 158, 1713, 174, 1086, 1112]	382643
243	0.4440634025395652	0.6667092116492258	2.3672254211503034	3.8342273725156204	[1549, 107, 10, 301, 2627, 261, 1086, 1112]	360126
244	0.4453994623250269	0.6682708615321689	2.3672254211503034	3.4209263847011258	[160, 107, 734, 19, 132, 1108, 1086, 1112]	361258
245	0.4467323112124141	0.6696309026428697	2.3672254211503034	3.0596201205548565	[119, 400, 19, 734, 1203, 174, 1086, 1112]	377013
246	0.4480619569183474	0.6706679150159912	2.3672254211503034	4.320528620984765	[2047, 232, 10, 438, 254, 174, 1086, 1112]	412124
247	0.44938840714090234	0.6722110162055248	2.3672254211503034	3.7676291093230034	[386, 768, 781, 19, 132, 1108, 1086, 1112]	362583
248	0.450711669559654	0.6737468871208467	2.3672254211503034	2.6647873097920116	[1851, 159, 10, 734, 1203, 174, 1086, 1112]	380679
249	0.4520317518357214	0.6754939437138808	2.3672254211503034	3.493148230326841	[331, 241, 1729, 1032, 132, 1108, 1086, 1112]	409997
250	0.453348661611812	0.6763852262171081	2.3672254211503034	2.925855379199188	[320, 157, 10, 734, 1203, 174, 1086, 1112]	358538
251	0.45466240651226575	0.677901538672359	2.3672254211503034	3.678555123640563	[421, 2297, 400, 19, 132, 1108, 1086, 1112]	371199
252	0.45597299414309944	0.6792220954106738	2.3672254211503034	3.345885426328497	[1879, 496, 217, 241, 132, 1108, 1086, 1112]	427512
253	0.4572804320920506	0.6809398327470837	2.3672254211503034	3.3331971760863874	[317, 324, 668, 670, 132, 1108, 1086, 1112]	360636
254	0.45858472792862137	0.6822479329225921	2.3672254211503034	3.988292621489294	[734, 10, 162, 420, 1822, 1094, 1086, 1112]	419152
255	0.45988588920412254	0.6839494671664765	2.3672254211503034	3.3778428664368425	[4356, 669, 673, 670, 132, 1108, 1086, 1112]	369892
256	0.461183923451717	0.6856418898448259	2.3672254211503034	3.7808798528893224	[195, 3284, 813, 19, 132, 1108, 1086, 1112]	366104
257	0.4624788381864636	0.6871148297612131	2.3672254211503034	4.245134033393974	[377, 162, 10, 232, 193, 1115, 1086, 1112]	374116
258	0.4637706409053606	0.68858086814738	2.3672254211503034	3.324382825701849	[331, 241, 1126, 19, 132, 1108, 1086, 1112]	377544
259	0.46505933908738883	0.6898576411916006	2.3672254211503034	2.5974805693221787	[2627, 438, 10, 734, 1203, 174, 1086, 1096]	381329
260	0.46634494019355544	0.6913108280040099	2.3672254211503034	3.8875662545060274	[734, 10, 261, 217, 132, 1108, 1086, 1112]	371597
261	0.46762745166693676	0.6929638312454949	2.3672254211503034	3.9337953611372933	[2627, 301, 2729, 496, 132, 1108, 1086, 1112]	375553
262	0.46890688093272137	0.6946079828006746	2.3672254211503034	4.138017738761371	[1873, 10, 162, 2636, 836, 1089, 1086, 1112]	375996
263	0.47018323539825324	0.6962433300695471	2.3672254211503034	2.8120095126531117	[1265, 415, 733, 734, 1203, 174, 1086, 1112]	372768
264	0.4714565224530747	0.6978699201982875	2.3672254211503034	4.4229848842085895	[300, 301, 1580, 438, 2267, 261, 1086, 1112]	379928
265	0.47272674946896887	0.6988182916820401	2.3672254211503034	3.813906702256274	[1726, 132, 241, 19, 1987, 334, 1086, 1112]	386468
266	0.4739939238000027	0.7006614933241189	2.3672254211503034	3.806381702867472	[1647, 1697, 241, 1729, 132, 1108, 1086, 1112]	375856
267	0.4752580527825695	0.7014836510878162	2.3672254211503034	2.5712032091418053	[107, 10, 734, 19, 132, 1108, 1086, 1112]	375022
268	0.47651914373543125	0.7033105409994751	2.3672254211503034	4.344727577752121	[813, 3284, 162, 2636, 836, 1089, 1086, 1112]	376201
269	0.477777203959761	0.7054288687843304	2.3672254211503034	3.561462934923987	[2607, 1587, 241, 217, 132, 1108, 1086, 1112]	374571
270	0.47903224073918504	0.7066365674819166	2.3672254211503034	4.012709133882379	[304, 653, 1987, 19, 132, 1108, 1086, 1112]	379146
271	0.4802842613398256	0.7080111358350313	2.3672254211503034	3.8817231546354893	[1580, 301, 2729, 496, 217, 261, 1086, 1112]	362194
272	0.4815332730103422	0.7093792635825764	2.3672254211503034	3.652164874780085	[10, 734, 19, 241, 217, 261, 1086, 1112]	371311
273	0.48277928298197414	0.710570766237349	2.3672254211503034	3.8055322554048097	[4356, 669, 673, 1032, 132, 1108, 1086, 1112]	416012
274	0.48402229846858214	0.7119269007145792	2.3672254211503034	3.373023600476821	[669, 813, 19, 734, 1203, 174, 1086, 1096]	386383
275	0.48526232666669	0.7134695067082537	2.3672254211503034	3.4009913776184764	[2607, 1587, 241, 1031, 132, 1108, 1086, 1112]	379316
276	0.4864993747555266	0.714497398305681	2.3672254211503034	4.263084849165929	[240, 438, 1580, 301, 2627, 261, 1086, 1112]	377614
277	0.48773344989706724	0.7156679173541727	2.3672254211503034	3.919440109322614	[2238, 1549, 107, 10, 158, 1115, 1086, 1112]	381218
278	0.48896455923607496	0.7171904905342836	2.3672254211503034	3.2442193656328557	[846, 10, 232, 320, 836, 1089, 1086, 1112]	371812
279	0.4901927099001423	0.7187049104695437	2.3672254211503034	3.0574251192122706	[734, 19, 241, 217, 132, 1108, 1086, 1112]	378625
280	0.49141790899973226	0.7204264080127606	2.3672254211503034	4.762600928880853	[813, 669, 673, 1032, 1729, 1094, 1086, 1112]	357200
281	0.4926401636282195	0.7211942798169247	2.3672254211503034	3.0179133925676274	[276, 132, 19, 734, 1203, 174, 1086, 1112]	376808
282	0.49385948086193154	0.7225006373146589	2.3672254211503034	3.5390150635545616	[2627, 261, 217, 132, 1713, 174, 1086, 1112]	369917
283	0.49507586776018964	0.7241989053928699	2.3672254211503034	3.322020596299053	[1647, 1697, 241, 1031, 132, 1108, 1086, 1096]	359320
284	0.4962893313653497	0.7254911845741818	2.3672254211503034	3.057077720340219	[813, 3284, 811, 3459, 1203, 174, 1086, 1112]	372495
285	0.49749987870284296	0.7269611550262747	2.3672254211503034	3.7911665450092347	[2764, 3895, 1030, 1032, 132, 1108, 1086, 1112]	373257
286	0.4987075167812167	0.7286669370648444	2.3672254211503034	3.0542896064285454	[737, 1917, 10, 734, 1203, 174, 1086, 1112]	356220
287	0.499912252592175	0.7296403098193152	2.3672254211503034	3.620153532278189	[320, 232, 10, 438, 2627, 261, 1086, 1112]	374281
288	0.5011140931106188	0.7304889556102003	2.3672254211503034	4.821612218693457	[3131, 162, 1549, 107, 10, 261, 1086, 1112]	358906
289	0.5023130452946867	0.7315939116048743	2.3672254211503034	3.241929394235595	[1792, 232, 10, 734, 19, 334, 1086, 1112]	359953
290	0.5035091160857952	0.7323311109443384	2.2891027279696745	2.2891027279696745	[241, 132, 19, 734, 1203, 174, 1086, 1112]	373745
291	0.5047023124086787	0.7337644541950679	2.2891027279696745	4.608168260219256	[394, 193, 1529, 156, 1713, 174, 1086, 1096]	406122
292	0.5058926411714294	0.7351901220193342	2.2891027279696745	3.9811786408574195	[87, 1265, 1209, 241, 132, 1108, 1086, 1112]	362274
293	0.5070801092655379	0.736021347222259	2.2891027279696745	3.6134557923189154	[2627, 261, 217, 132, 19, 334, 1086, 1112]	375576
294	0.5082647235659328	0.7372582317885853	2.2891027279696745	3.1969259525338893	[4210, 415, 733, 734, 1203, 174, 1086, 1112]	364602
295	0.5094464909310201	0.7386945023874086	2.2891027279696745	4.015555435030852	[737, 1917, 10, 734, 19, 334, 1086, 1112]	375627
296	0.5106254182027237	0.7397658168364398	2.2891027279696745	3.5699732440066843	[1807, 157, 10, 734, 19, 334, 1086, 1112]	422492
297	0.5118015122065243	0.740985156511821	2.2891027279696745	4.3231321429325735	[19, 132, 1031, 227, 165, 261, 1086, 1112]	374243
298	0.5129747797514992	0.7421987829130046	2.2891027279696745	3.277050517816969	[1833, 438, 10, 734, 1203, 174, 1086, 1112]	358010
299	0.5141452276303617	0.7431236118964959	2.2891027279696745	3.1952818523887894	[382, 409, 19, 241, 132, 1108, 1086, 1096]	422192
300	0.5153128626195008	0.744327218462995	2.2891027279696745	4.324528812825022	[811, 734, 733, 415, 255, 174, 1086, 1112]	372953
301	0.5164776914790197	0.745375439597212	2.2891027279696745	2.790061642529892	[2297, 400, 654, 493, 217, 132, 19, 794]	357020
302	0.5176397209527754	0.7464193631775806	2.2891027279696745	4.189758489194965	[359, 158, 232, 320, 836, 1089, 1086, 1096]	374471
303	0.5187989577684178	0.7476075273442828	2.2891027279696745	2.7517630091525116	[3284, 162, 10, 734, 1203, 174, 1086, 1112]	360721
304	0.5199554086374283	0.748399774921676	2.280663565633288	2.280663565633288	[1792, 232, 10, 734, 1203, 174, 1086, 1112]	376625
305	0.521109080255159	0.7497470718965702	2.280663565633288	3.3817955533125286	[1579, 4018, 2197, 241, 132, 1108, 1086, 1112]	377344
306	0.5222599793008715	0.750644822356125	2.280663565633288	3.885685440245399	[394, 193, 232, 1879, 836, 1089, 1086, 1112]	386287
307	0.5234081124377751	0.7519800973003713	2.280663565633288	2.5272028798793675	[846, 10, 734, 19, 132, 1108, 1086, 1112]	380235
308	0.5245534863130658	0.7531422063821585	2.280663565633288	3.012790528604537	[2297, 400, 19, 241, 132, 1108, 1086, 1112]	432179
309	0.5256961075579647	0.7541542873508904	2.280663565633288	3.396490005859392	[1265, 193, 232, 320, 836, 1089, 1086, 1112]	373540
310	0.5268359827877562	0.7551622189351843	2.280663565633288	3.7069561202115775	[421, 438, 10, 734, 19, 334, 1086, 1112]	372627
311	0.5279731186018268	0.755930752706663	2.280663565633288	3.7826316128816275	[2872, 241, 19, 132, 387, 344, 1086, 1096]	423287
312	0.5291075215837026	0.7572377219609261	2.280663565633288	3.341775419258357	[359, 158, 651, 734, 1203, 174, 1086, 1112]	366618
313	0.5302391983010879	0.7585376925103112	2.280663565633288	3.1264053718353413	[2872, 241, 1126, 19, 132, 1108, 1086, 1112]	359331
314	0.5313681553059033	0.7596690756670206	2.280663565633288	4.401208487547857	[320, 232, 1879, 496, 3366, 150, 1086, 1112]	421568
315	0.5324943991343231	0.7607951576739951	2.280663565633288	3.799326794202714	[1265, 193, 232, 1192, 836, 1089, 1086, 1112]	387321
316	0.5336179363068136	0.761653274535018	2.280663565633288	3.7874080745804655	[1549, 162, 10, 301, 2627, 261, 1086, 1112]	389245
317	0.534738773328171	0.7625083130112555	2.280663565633288	3.9627921506391424	[2238, 1549, 107, 734, 19, 334, 1086, 1096]	377730
318	0.5358569166875584	0.7636210916362549	2.280663565633288	4.119931694202554	[160, 331, 241, 132, 387, 344, 1086, 1112]	364659
319	0.536972372858544	0.76472865628394	2.280663565633288	3.7425483438662734	[87, 415, 10, 734, 19, 334, 1086, 1112]	383053
320	0.5380851482991382	0.7659885135418948	2.280663565633288	3.758772679309672	[734, 10, 162, 1192, 836, 1089, 1086, 1112]	368868
321	0.5391952494518312	0.7668279999011594	2.280663565633288	3.806453251566965	[160, 331, 241, 132, 19, 334, 1086, 1112]	366690
322	0.5403026827436301	0.7679205384272368	2.280663565633288	3.306657264240542	[10, 734, 19, 132, 217, 261, 1086, 1112]	370831
323	0.5414074545860965	0.7693408412970648	2.280663565633288	4.300817015493454	[241, 331, 160, 320, 836, 1089, 1086, 1112]	379865
324	0.5425095713753831	0.7704216057849482	2.280663565633288	3.5234259698382475	[420, 158, 733, 734, 1203, 174, 1086, 1112]	372205
325	0.5436090394922712	0.7716509778013315	2.280663565633288	3.5545219257184755	[3621, 1720, 241, 1126, 132, 1108, 1086, 1112]	377190
326	0.5447058653022072	0.7728737666391895	2.280663565633288	3.8550144832841795	[2627, 301, 2729, 438, 132, 1108, 1086, 1112]	377861
327	0.5458000551553399	0.7739379774369026	2.280663565633288	3.5741700138985717	[1532, 1742, 400, 19, 132, 1108, 1086, 1112]	382784
328	0.5468916153865568	0.7751737392220508	2.280663565633288	3.7728659401972795	[3065, 1460, 19, 132, 1713, 174, 1086, 1096]	368889
329	0.5479805523155213	0.7763776639837581	2.280663565633288	3.7159873368309784	[2040, 438, 2627, 261, 132, 1108, 1086, 1112]	378914
330	0.5490668722467089	0.7774254571033677	2.280663565633288	2.668481012673639	[1742, 400, 19, 734, 1203, 174, 1086, 1112]	372925
331	0.5501505814694436	0.7788159686166745	2.280663565633288	4.246468751148034	[2196, 2197, 4018, 241, 1729, 1094, 1086, 1112]	363294
332	0.5512316862579348	0.7801695925539455	2.280663565633288	4.143105922240603	[1579, 1580, 301, 1879, 836, 1089, 1086, 1112]	377084
333	0.5523101928713134	0.7811996184114083	2.280663565633288	4.056598628170042	[1549, 162, 420, 1879, 836, 1089, 1086, 1112]	367517
334	0.5533861075536677	0.7820966680808221	2.280663565633288	4.167743884754523	[3543, 359, 158, 420, 1822, 1094, 1086, 1112]	356930
335	0.5544594365340798	0.783430214468652	2.280663565633288	4.698881482599419	[107, 1548, 241, 217, 132, 1108, 1086, 1112]	419930
336	0.5555301860266624	0.7847555996872477	2.280663565633288	3.8055322554048097	[813, 669, 673, 1032, 132, 1108, 1086, 1112]	373741
337	0.556598362230593	0.7859082144327793	2.280663565633288	3.3331971760863874	[317, 324, 668, 670, 132, 1108, 1086, 1112]	357013
338	0.5576639713301517	0.7870546570281889	2.280663565633288	3.659694296087099	[940, 651, 734, 19, 132, 1108, 1086, 1112]	421818
339	0.558727019494756	0.7879277018927782	2.280663565633288	3.6622146450013826	[734, 10, 158, 420, 1822, 1094, 1086, 1112]	395488
340	0.5597875128789963	0.7889213767589616	2.280663565633288	3.528084811210533	[3284, 2308, 651, 19, 132, 1108, 1086, 1112]	360005
341	0.5608454576226725	0.789583942191847	2.280663565633288	3.6411842452868033	[1819, 241, 19, 132, 1713, 174, 1086, 1112]	419721
342	0.5619008598508284	0.7907107015898795	2.280663565633288	4.096061101625651	[1791, 420, 158, 2151, 132, 1108, 1086, 1112]	378212
343	0.5629537256737882	0.7918314272908917	2.280663565633288	4.151167690336284	[377, 162, 837, 420, 158, 1115, 1086, 1112]	362058
344	0.5640040611871913	0.7926848880937261	2.280663565633288	3.9150261453135675	[1791, 420, 1822, 1094, 132, 1108, 1086, 1112]	420202
345	0.5650518724720273	0.793656272937102	2.280663565633288	3.4284514918769835	[2307, 1468, 2229, 734, 1203, 174, 1086, 1112]	375714
346	0.5660971655946722	0.7947842452060319	2.280663565633288	4.011540086448393	[3895, 1030, 1032, 132, 387, 344, 1086, 1112]	388197
347	0.5671399466069225	0.795745793411543	2.280663565633288	3.341775419258357	[359, 158, 651, 734, 1203, 174, 1086, 1112]	372062
348	0.568180221546031	0.7967028362370824	2.280663565633288	3.306766024432017	[432, 422, 19, 132, 1713, 174, 1086, 1112]	408839
349	0.569217996434741	0.7979469943507025	2.280663565633288	3.5200445668919675	[2764, 1511, 1031, 241, 132, 1108, 1086, 1112]	361251
350	0.5702532772813219	0.7990289703433506	2.280663565633288	4.563434873121121	[1526, 621, 1917, 420, 158, 1115, 1086, 1112]	374401
351	0.5712860700796036	0.8002588927511296	2.280663565633288	4.222108033681851	[140, 1210, 1822, 1094, 132, 1108, 1086, 1096]	376910
352	0.5723163808090113	0.8013284887321136	2.280663565633288	3.7587007378494057	[1879, 496, 1512, 1031, 132, 1108, 1086, 1112]	376519
353	0.5733442154346	0.8020411974380331	2.280663565633288	3.736675918860292	[107, 347, 422, 19, 132, 1108, 1086, 1112]	425831
354	0.5743695799070891	0.8031012493348962	2.280663565633288	3.8284723448603755	[2267, 438, 1580, 301, 2627, 261, 1086, 1112]	364769
355	0.5753924801628971	0.8041556247475136	2.280663565633288	3.931124063783777	[1820, 10, 162, 1192, 836, 1089, 1086, 1096]	390032
356	0.5764129221241756	0.8052043540729568	2.280663565633288	3.653160679904725	[811, 669, 668, 670, 132, 1108, 1086, 1112]	373960
357	0.5774309116988436	0.8062474675455238	2.280663565633288	3.131004200996319	[3131, 162, 107, 734, 1203, 174, 1086, 1112]	375719
358	0.5784464547806221	0.8072849952376105	2.280663565633288	3.632449006765821	[421, 438, 2729, 301, 2627, 261, 1086, 1112]	384142
359	0.5794595572490676	0.8080750986645701	2.280663565633288	3.9150261453135675	[1791, 420, 1822, 1094, 132, 1108, 1086, 1112]	371693
360	0.580470224969607	0.8089743719423808	2.280663565633288	3.906081251685518	[837, 162, 420, 158, 1713, 174, 1086, 1112]	403498
361	0.5814784637935708	0.8099972973023609	2.280663565633288	4.159669432055787	[2047, 232, 1799, 10, 158, 1115, 1086, 1112]	360276
362	0.582484279558227	0.8111600946567141	2.280663565633288	4.0816995163353536	[1579, 4018, 241, 1729, 132, 1108, 1086, 1112]	376704
363	0.5834876780868156	0.8118375337304106	2.280663565633288	3.513427369604438	[781, 784, 19, 241, 132, 1108, 1086, 1112]	379637
364	0.5844886651885814	0.8124281664719096	2.280663565633288	3.6094311000776997	[1580, 301, 10, 734, 19, 334, 1086, 1112]	361716
365	0.5854872466588084	0.8131010564997129	2.280663565633288	3.6334564316037268	[3284, 813, 651, 734, 1203, 174, 1086, 1112]	383431
366	0.5864834282788529	0.8139767804124068	2.280663565633288	4.5037573159860855	[326, 317, 324, 301, 2627, 261, 1086, 1096]	380906
367	0.5874772158161772	0.8147394484956286	2.280663565633288	3.241929394235595	[1792, 232, 10, 734, 19, 334, 1086, 1112]	379949
368	0.5884686150243825	0.8154989897508852	2.280663565633288	3.8817231546354893	[1580, 301, 2729, 496, 217, 261, 1086, 1112]	376528
369	0.5894576316432434	0.8161608635918618	2.280663565633288	3.3753105476877643	[1549, 107, 10, 734, 19, 334, 1086, 1112]	363104
370	0.5904442713987395	0.8171453059240289	2.280663565633288	4.506539103491182	[1917, 621, 1526, 156, 1713, 174, 1086, 1112]	375310
371	0.5914285400030896	0.8178949835145372	2.280663565633288	3.2506945422089704	[1851, 159, 651, 734, 1203, 174, 1086, 1096]	420119
372	0.5924104431547851	0.8186415875362067	2.280663565633288	3.49796751676279	[2340, 160, 331, 241, 132, 1108, 1086, 1112]	374188
373	0.5933899865386218	0.819385130590222	2.280663565633288	4.337553128957794	[394, 193, 842, 159, 1713, 174, 1086, 1112]	356276
374	0.5943671758257337	0.8202314101740871	2.280663565633288	3.799629496739959	[669, 668, 670, 132, 1713, 174, 1086, 1112]	371614
375	0.5953420166736256	0.8207251593526861	2.280663565633288	2.655915050362384	[420, 162, 10, 734, 1203, 174, 1086, 1112]	394638
376	0.596314514726206	0.8213682849768195	2.280663565633288	3.6643804002798888	[1549, 162, 107, 10, 158, 1115, 1086, 1112]	382328
377	0.5972846756138193	0.8221006489688059	2.280663565633288	3.7008462190634503	[1792, 232, 10, 301, 2627, 261, 1086, 1112]	381567
378	0.5982525049532789	0.8227388401993865	2.280663565633288	3.3284912497526102	[1549, 162, 10, 734, 19, 334, 1086, 1112]	401300
379	0.5992180083478995	0.8235694058169446	2.280663565633288	3.7159873368309784	[10, 438, 2627, 261, 132, 1108, 1086, 1112]	357157
380	0.6001811913875297	0.8245141760600858	2.280663565633288	4.160846269476671	[1849, 420, 162, 2636, 836, 1089, 1086, 1112]	382413
381	0.6011420596485841	0.8252336423572155	2.280663565633288	3.9638169179667235	[2357, 438, 3366, 3459, 1203, 174, 1086, 1112]	370120
382	0.6021006186940759	0.8259501589474055	2.280663565633288	3.701404221179777	[2872, 241, 1031, 132, 217, 261, 1086, 1096]	356753
383	0.6030568740736487	0.8266637379240243	2.280663565633288	3.241929394235595	[1792, 232, 10, 734, 19, 334, 1086, 1112]	416745
384	0.604010831323609	0.8277245383447223	2.280663565633288	3.2793418194262447	[2764, 400, 19, 241, 132, 1108, 1086, 1112]	371871
385	0.6049624959669582	0.8285317432358601	2.280663565633288	3.0179133925676274	[1555, 2229, 734, 19, 132, 1108, 1086, 1112]	377034
386	0.6059118735134243	0.8293351659299861	2.280663565633288	2.485523130032293	[1917, 10, 734, 19, 241, 132, 393, 794]	375292
387	0.6068589694594942	0.8300348668714175	2.280663565633288	2.9084054188625457	[1742, 400, 19, 241, 132, 1108, 1086, 1112]	381248
388	0.6078037892884451	0.8309450151418746	2.280663565633288	3.759935168794443	[2872, 241, 1209, 132, 1713, 174, 1086, 1112]	381797
389	0.6087463384703768	0.8317371303353998	2.280663565633288	4.665329064963024	[4105, 3131, 162, 107, 1546, 234, 1086, 1112]	418991
390	0.6096866224622426	0.8325255340354109	2.280663565633288	4.346249294524773	[1549, 107, 420, 2307, 1468, 1089, 1086, 1112]	370125
391	0.6106246467078815	0.8334223450032703	2.280663565633288	3.701892151046522	[3819, 438, 496, 217, 132, 1108, 1086, 1112]	368157
392	0.6115604166380499	0.8343143536276354	2.280663565633288	3.7495888333379126	[241, 1729, 1032, 370, 1713, 174, 1086, 1112]	424324
393	0.612493937670452	0.8352015856246315	2.280663565633288	3.695312876663558	[331, 241, 1031, 132, 1713, 174, 1086, 1112]	407197
394	0.6134252152097724	0.8357927789159972	2.280663565633288	2.8859392283917114	[677, 132, 19, 734, 1203, 174, 1086, 1112]	379262
395	0.6143542546477068	0.8363082173192324	2.280663565633288	3.827949602053642	[1792, 496, 217, 132, 19, 334, 1086, 1112]	377561
396	0.6152810613629928	0.8368954407105458	2.280663565633288	3.7945435553377305	[1742, 400, 19, 132, 387, 344, 1086, 1112]	378261
397	0.616205640721442	0.8376596749013022	2.280663565633288	3.633380289988116	[19, 241, 1720, 132, 1713, 174, 1086, 1112]	360963
398	0.6171279980759704	0.8381055559211656	2.280663565633288	4.023200881442829	[1019, 10, 734, 19, 132, 261, 1086, 1112]	375117
399	0.6180481387666295	0.8386137346309555	2.280663565633288	3.567274330130336	[377, 162, 733, 734, 1203, 174, 1086, 1112]	376103
400	0.6189660681206373	0.8391926872729841	2.280663565633288	3.693500817464032	[382, 409, 19, 132, 1713, 174, 1086, 1112]	373810
401	0.6198817914524092	0.8398519738138657	2.280663565633288	3.6941577434773336	[158, 3284, 811, 3459, 1203, 174, 1086, 1112]	422846
402	0.6207953140635885	0.8405085573760355	2.280663565633288	3.7224277820866396	[377, 162, 107, 10, 158, 1115, 1086, 1112]	398361
403	0.6217066412430774	0.8412558621363518	2.280663565633288	3.874211628046723	[1019, 1799, 232, 10, 158, 1115, 1086, 1112]	362553
404	0.6226157782670674	0.8418253364829609	2.280663565633288	3.7874080745804655	[1549, 162, 10, 301, 2627, 261, 1086, 1112]	374667
405	0.6235227303990702	0.8423218389842351	2.280663565633288	3.25679293045806	[2149, 420, 107, 734, 1203, 174, 1086, 1096]	373004
406	0.6244275028899477	0.8427549149880015	2.280663565633288	3.3491242693505496	[158, 10, 734, 19, 132, 1094, 1086, 1112]	355807
407	0.6253301009779426	0.8432484995879973	2.280663565633288	3.6134557923189154	[2627, 261, 217, 132, 19, 334, 1086, 1112]	417917
408	0.6262305298887088	0.8442078029420135	2.280663565633288	3.9195911230535776	[1535, 496, 1512, 1031, 132, 1108, 1086, 1112]	368370
409	0.6271287948353417	0.8448465282397184	2.280663565633288	3.38653863155936	[377, 162, 10, 734, 19, 334, 1086, 1112]	361661
410	0.6280249010184079	0.8454031215296747	2.280663565633288	3.4905076372577577	[10, 734, 19, 132, 387, 344, 1086, 1112]	416822
411	0.6289188536259762	0.846230974154315	2.280663565633288	3.3778428664368425	[4356, 669, 668, 670, 132, 1108, 1086, 1112]	395537
412	0.629810657833647	0.8470543937012961	2.280663565633288	4.069182217367126	[734, 19, 1126, 241, 1729, 1094, 1086, 1112]	383933
413	0.6307003188045821	0.847534482448746	2.280663565633288	3.2506945422089704	[1851, 159, 651, 734, 1203, 174, 1086, 1096]	370397
414	0.6315878416895351	0.8482488669020787	2.280663565633288	3.952426037000424	[1580, 301, 2729, 496, 132, 1108, 1086, 1112]	374828
415	0.6324732316268808	0.8490614808116885	2.280663565633288	3.5767771833212034	[321, 1398, 331, 241, 132, 1108, 1086, 1112]	378726
416	0.6333564937426458	0.8496803067376609	2.280663565633288	2.4742894978990977	[2654, 232, 10, 734, 1203, 174, 1086, 1112]	374120
417	0.6342376331505366	0.8502965955675448	2.280663565633288	4.011818429003773	[377, 162, 1549, 107, 1546, 234, 1086, 1112]	375723
418	0.6351166549519708	0.8509103577030641	2.280663565633288	3.131004200996319	[3131, 162, 107, 734, 1203, 174, 1086, 1112]	358530
419	0.6359935642361056	0.8515216035032975	2.280663565633288	3.367189747680925	[4356, 669, 811, 3459, 1203, 174, 1086, 1112]	425954
420	0.6368683660798682	0.852316692197574	2.280663565633288	3.9293223936489143	[432, 394, 193, 1265, 255, 174, 1086, 1112]	397101
421	0.6377410655479837	0.8528464872271586	2.280663565633288	3.202068030768813	[195, 3284, 811, 734, 1203, 174, 1086, 1112]	380002
422	0.6386116676930063	0.8533743816846504	2.280663565633288	4.06697896974028	[1580, 438, 2729, 496, 3366, 150, 1086, 1112]	374068
423	0.6394801775553467	0.8540614030116174	2.280663565633288	2.951924974281768	[811, 734, 19, 241, 132, 1108, 1086, 1112]	376869
424	0.6403466001633031	0.8548428913039333	2.280663565633288	3.790380657406014	[1743, 1742, 400, 19, 1987, 334, 1086, 1112]	376003
425	0.641210940533089	0.8555372014539464	2.280663565633288	3.9185445339456875	[394, 432, 422, 19, 1987, 334, 1086, 1112]	372206
426	0.6420732036688623	0.8561294778692683	2.280663565633288	3.828136936436999	[1726, 132, 19, 241, 217, 261, 1086, 1112]	364241
427	0.642933394562755	0.8566455950165803	2.280663565633288	2.539418467647492	[158, 10, 734, 19, 132, 1108, 1086, 1112]	378730
428	0.6437915181949017	0.8571598606594577	2.280663565633288	3.7032481417554504	[19, 734, 10, 301, 2627, 261, 1086, 1112]	379619
429	0.6446475795334683	0.857924756984837	2.280663565633288	3.3947961570511813	[2636, 1549, 107, 734, 1203, 174, 1086, 1112]	366303
430	0.6455015835346811	0.858685557357977	2.280663565633288	3.319856779838476	[1820, 10, 232, 320, 836, 1089, 1086, 1112]	358987
431	0.6463535351428551	0.8593476929180448	2.280663565633288	3.576563806872099	[1743, 1742, 400, 654, 132, 1108, 1086, 1096]	384484
432	0.6472034392904229	0.8601008735949875	2.280663565633288	3.8630924787723595	[2627, 301, 2728, 496, 217, 261, 1086, 1096]	379320
433	0.6480513008979631	0.8605400100827264	2.280663565633288	2.4252728029570534	[377, 162, 10, 734, 1203, 174, 1086, 1112]	375889
434	0.6488971248742291	0.8611934565161165	2.280663565633288	3.8489766699575467	[1529, 2229, 734, 19, 1987, 334, 1086, 1112]	414438
435	0.6497409161161771	0.8617625431102103	2.280663565633288	3.0150729935709144	[813, 3284, 811, 734, 1203, 174, 1086, 1112]	358892
436	0.6505826795089948	0.8624102613067993	2.280663565633288	4.379678265469541	[1799, 1019, 10, 438, 132, 1108, 1086, 1096]	359638
437	0.6514224199261295	0.8631470422006167	2.280663565633288	3.88491855492149	[2047, 232, 1792, 496, 132, 1108, 1086, 1112]	372070
438	0.652260142229316	0.863788273260693	2.280663565633288	3.598881937361716	[19, 1126, 241, 132, 1713, 174, 1086, 1112]	373910
439	0.6530958512686056	0.8641623899418006	2.280663565633288	3.193290733740417	[320, 232, 10, 734, 19, 334, 1086, 1112]	372116
440	0.6539295518823933	0.8650110214082201	2.280663565633288	4.047089994631571	[2297, 400, 654, 493, 217, 261, 1086, 1112]	382834
441	0.6547612488974466	0.8655644565427526	2.280663565633288	4.088819186219751	[2047, 232, 1792, 496, 3366, 150, 1086, 1112]	372493
442	0.6555909471289323	0.8661271053016417	2.280663565633288	3.7805068727412223	[2607, 1587, 241, 132, 1713, 174, 1086, 1112]	360474
443	0.6564186513804459	0.8667543731339435	2.280663565633288	3.71402166193014	[1794, 1791, 420, 158, 1713, 174, 1086, 1112]	383634
444	0.6572443664440382	0.8674678916927551	2.280663565633288	4.0280759913516535	[1794, 107, 232, 320, 836, 1089, 1086, 1112]	375340
445	0.6580680971002433	0.8680888772064812	2.280663565633288	3.25679293045806	[2149, 420, 107, 734, 1203, 174, 1086, 1112]	371148
446	0.6588898481181069	0.8688961599578122	2.280663565633288	3.4677273744018553	[1647, 1697, 241, 1720, 132, 1108, 1086, 1112]	374422
447	0.6597096242552133	0.869698502220223	2.280663565633288	3.443972867779607	[3136, 1468, 2229, 734, 1203, 174, 1086, 1112]	398135
448	0.6605274302577127	0.8701659422234189	2.280663565633288	3.3509115332840214	[241, 132, 1032, 370, 1713, 174, 1086, 1112]	377616
449	0.6613432708603496	0.8706317053452259	2.280663565633288	3.8395610317992572	[377, 162, 107, 420, 158, 1115, 1086, 1112]	376342
450	0.6621571507864894	0.8713388935448694	2.280663565633288	3.9273328688446716	[193, 1743, 1742, 400, 19, 334, 1086, 1112]	369306
451	0.662969074748146	0.871866385326072	2.280663565633288	3.571776151561404	[2872, 241, 1031, 132, 19, 334, 1086, 1112]	374977
452	0.6637790474460092	0.8722183148097346	2.280663565633288	2.8480848840704303	[119, 409, 19, 734, 1203, 174, 1086, 1112]	420715
453	0.664587073569472	0.8728170419894057	2.280663565633288	4.094022356366933	[77, 19, 1126, 241, 132, 1094, 1086, 1112]	386999
454	0.6653931577966572	0.8735953888497074	2.280663565633288	4.51212989845393	[1265, 193, 394, 432, 422, 334, 1086, 1112]	356076
455	0.666197304794445	0.8742722743738061	2.280663565633288	3.256066088378023	[2004, 19, 1126, 241, 132, 1108, 1086, 1112]	417453
456	0.6669995192185001	0.8747877397212167	2.280663565633288	4.153746269021138	[377, 162, 107, 10, 158, 1089, 1086, 1112]	370344
457	0.6677998057132982	0.8753010917358436	2.280663565633288	3.036539522001304	[2627, 261, 217, 241, 132, 1108, 1086, 1112]	355318
458	0.6685981689121532	0.8757484331637683	2.280663565633288	3.358951777602587	[19, 132, 1032, 370, 1713, 174, 1086, 1112]	380343
459	0.6693946134372437	0.8763306198055457	2.280663565633288	2.8480848840704303	[119, 409, 19, 734, 1203, 174, 1086, 1096]	384333
460	0.6701891438996405	0.8767188119169261	2.280663565633288	4.065700824040366	[2627, 301, 1580, 438, 8, 174, 1086, 1096]	377766
461	0.6709817648993324	0.8774732803392655	2.280663565633288	3.9036910482779996	[3819, 438, 2040, 545, 132, 1108, 1086, 1112]	374988
462	0.6717724810252532	0.8781294000970729	2.280663565633288	3.506775811532669	[1535, 496, 217, 241, 132, 1108, 1086, 1112]	413487
463	0.6725612968553089	0.8786290517912813	2.280663565633288	3.8721482353335563	[1265, 87, 160, 320, 836, 1089, 1086, 1112]	380488
464	0.6733482169564027	0.8790644545869917	2.280663565633288	4.040151150004343	[2028, 493, 654, 400, 19, 334, 1086, 1096]	376300
465	0.6741332458844631	0.8796311038522546	2.280663565633288	3.0426603400095615	[734, 19, 241, 1720, 132, 1108, 1086, 1112]	362911
466	0.6749163881844692	0.8803677493420283	2.280663565633288	3.0346971136008722	[432, 15, 1557, 734, 1203, 174, 1086, 1112]	357741
467	0.6756976483904773	0.8806963291320435	2.23202490513811	2.23202490513811	[320, 232, 10, 734, 1203, 174, 1086, 1112]	373983
468	0.6764770310256473	0.8811854567913965	2.23202490513811	3.701892151046522	[3819, 438, 496, 217, 132, 1108, 1086, 1112]	374287
469	0.6772545406022688	0.8817421679996833	2.23202490513811	2.999987733221527	[3621, 1720, 241, 19, 132, 1108, 1086, 1112]	376004
470	0.6780301816217869	0.8821664028880774	2.23202490513811	2.5664221723022065	[1580, 438, 10, 734, 1203, 174, 1086, 1112]	376406
471	0.678803958574829	0.882649503459327	2.23202490513811	4.009251353085927	[1535, 496, 217, 132, 1713, 174, 1086, 1112]	379771
472	0.6795758759412301	0.8832779049996768	2.23202490513811	4.011540086448393	[3895, 1030, 1032, 132, 387, 344, 1086, 1112]	378091
473	0.6803459381900592	0.8838248119420983	2.23202490513811	3.5665213192922858	[1743, 1742, 400, 19, 132, 1094, 1086, 1112]	372743
474	0.6811141497796445	0.884301113277977	2.23202490513811	4.68882245686844	[1579, 157, 10, 438, 2627, 261, 1086, 1112]	376455
475	0.6818805151576002	0.8846642864017557	2.23202490513811	4.092761740156714	[377, 162, 10, 158, 1546, 234, 1086, 1112]	385621
476	0.6826450387608515	0.8850780385631014	2.23202490513811	3.7644588152833016	[107, 162, 10, 438, 2627, 261, 1086, 1096]	415629
477	0.6834077250156605	0.885781349362467	2.23202490513811	3.21936644223897	[19, 1126, 241, 1031, 132, 1108, 1086, 1096]	401590
478	0.6841685783376521	0.8863929801447231	2.23202490513811	4.208357398629871	[394, 193, 1872, 843, 3094, 174, 1086, 1112]	357382
479	0.6849276031318388	0.8870882436343899	2.23202490513811	4.13428998654848	[734, 2229, 494, 217, 132, 1108, 1086, 1112]	421744
480	0.6856848037926471	0.8873983650355405	2.23202490513811	3.720720190172827	[3, 19, 241, 132, 1713, 174, 1086, 1112]	370936
481	0.6864401847039425	0.8877076346628232	2.23202490513811	3.0015263220368356	[2238, 1549, 107, 734, 1203, 174, 1086, 1112]	368138
482	0.687193750239055	0.8881680169915562	2.23202490513811	3.99972034827928	[811, 734, 19, 241, 217, 261, 1086, 1112]	421841
483	0.6879455047608041	0.8885190520944706	2.23202490513811	3.940318011690536	[2047, 232, 10, 415, 255, 174, 1086, 1112]	382551
484	0.6886954526215245	0.8891160227204893	2.23202490513811	4.036905196230555	[1265, 808, 331, 241, 19, 334, 1086, 1112]	354866
485	0.6894435981630911	0.8895138048456152	2.23202490513811	3.278532757055898	[77, 1460, 19, 734, 1203, 174, 1086, 1112]	373476
486	0.6901899457169443	0.8901054486585439	2.23202490513811	4.262449258454325	[241, 132, 1031, 1513, 254, 174, 1086, 1112]	377435
487	0.6909344996041143	0.8904504022585973	2.23202490513811	3.659694296087099	[813, 651, 734, 19, 132, 1108, 1086, 1112]	356484
488	0.6916772641352477	0.8908433974673317	2.23202490513811	3.7725498590609963	[107, 162, 420, 158, 1713, 174, 1086, 1112]	373053
489	0.6924182436106306	0.8912909236256743	2.23202490513811	3.4501439393570106	[811, 734, 19, 132, 1713, 174, 1086, 1112]	373623
490	0.6931574423202151	0.891736614992005	2.23202490513811	3.906081251685518	[837, 162, 420, 158, 1713, 174, 1086, 1112]	360978
491	0.6938948645436429	0.8922438882453744	2.23202490513811	2.8085470593567745	[432, 422, 19, 241, 132, 1108, 1086, 1112]	382987
492	0.6946305145502709	0.8925821293885774	2.23202490513811	3.6134557923189154	[2627, 261, 217, 132, 19, 334, 1086, 1112]	400154
493	0.6953643965991958	0.8930225269995025	2.23202490513811	3.039417413237337	[2764, 400, 19, 734, 1203, 174, 1086, 1112]	361870
494	0.6960965149392779	0.893406295038806	2.23202490513811	2.7834319988824783	[1879, 496, 2729, 438, 3366, 793, 2372, 794]	363090
495	0.6968268738091672	0.8938433136907058	2.23202490513811	4.073789449710325	[3136, 1468, 232, 320, 836, 1089, 1086, 1112]	358408
496	0.6975554774373266	0.8943407159068573	2.23202490513811	3.7728659401972795	[3065, 1460, 19, 132, 1713, 174, 1086, 1112]	373943
497	0.6982823300420571	0.8948357875212045	2.23202490513811	3.6410681473133657	[420, 1879, 496, 217, 132, 1108, 1086, 1112]	355086
498	0.6990074358315221	0.8952669454623075	2.23202490513811	4.21441871769452	[190, 195, 10, 301, 2627, 261, 1086, 1112]	362597
499	0.6997307990037714	0.8959079011803088	2.23202490513811	3.2961709765789404	[359, 158, 1557, 734, 1203, 174, 1086, 1096]	373350
