0	0.00240325927734375	0.00409985422740522	3.2961709765789404	3.2961709765789404	[359, 158, 1557, 734, 1203, 174, 1086, 1112]	282490
1	0.004800742899533361	0.007672518972284492	3.2961709765789404	3.620153532278189	[320, 232, 10, 438, 2627, 261, 1086, 1096]	328270
2	0.0071924647469656655	0.011740916990346295	3.2961709765789404	4.4203913976199445	[2340, 160, 331, 241, 19, 334, 1086, 1112]	274267
3	0.00957843866667929	0.016371452052344915	3.114481315373401	3.114481315373401	[1265, 808, 331, 241, 132, 1108, 1086, 1112]	351362
4	0.011958678472434925	0.02098029052148742	3.114481315373401	3.2843165546638744	[77, 19, 1126, 241, 132, 1108, 1086, 1112]	327790
5	0.01433319794479504	0.02499412861610595	3.114481315373401	4.346623740255594	[359, 158, 10, 107, 1546, 234, 1086, 1112]	307551
6	0.01670201083120393	0.028491837816701837	3.114481315373401	3.755354048290383	[1549, 162, 10, 438, 2627, 261, 1086, 1112]	1523743
7	0.019065130846067313	0.03313871997000206	3.114481315373401	4.086670289343016	[2299, 2297, 400, 19, 132, 1094, 1086, 1112]	866033
8	0.021422571670831503	0.03766899460571116	3.114481315373401	3.788547117059788	[3158, 3083, 19, 132, 1713, 174, 1086, 1112]	752709
9	0.023774346954062775	0.04112123434126147	3.114481315373401	3.7439248555925166	[1265, 193, 232, 734, 1203, 174, 1086, 1112]	2523562
10	0.026120470311526423	0.045052497502216515	3.114481315373401	3.524719702234223	[2073, 160, 331, 241, 132, 1108, 1086, 1112]	2267579
11	0.02846095532626547	0.04952694956514869	3.114481315373401	3.8204514688016262	[813, 3222, 811, 3459, 1203, 174, 1086, 1112]	1063707
12	0.030795815548679273	0.05342375051900872	3.114481315373401	3.367189747680925	[4356, 669, 811, 3459, 1203, 174, 1086, 1112]	3551421
13	0.03312506449660224	0.056023599837041194	3.114481315373401	4.259595238448111	[157, 10, 158, 420, 1546, 234, 1086, 1096]	880874
14	0.03544871565538188	0.059893765471820015	3.114481315373401	3.8995581527633956	[1799, 160, 331, 241, 132, 1108, 1086, 1112]	708980
15	0.03776678247795695	0.06374806399166033	3.114481315373401	3.3941741992296928	[1794, 107, 734, 19, 132, 1108, 1086, 1112]	3022142
16	0.04007927838493508	0.06813491708624342	3.114481315373401	4.332959771629946	[837, 162, 107, 420, 1582, 1087, 1086, 1096]	470632
17	0.042386216764671025	0.07195542808579869	3.114481315373401	4.022121241992997	[2558, 415, 733, 734, 19, 334, 1086, 1096]	415050
18	0.04468761097334362	0.07486851442341991	3.0179133925676274	3.0179133925676274	[1718, 132, 19, 734, 1203, 174, 1086, 1112]	3668039
19	0.04698347433503336	0.08064817801511037	3.0179133925676274	3.1854485211640693	[2196, 2197, 4018, 241, 132, 1108, 1086, 1112]	2210125
20	0.049273820141799596	0.08441738646894781	3.0179133925676274	3.897787251400037	[2636, 162, 107, 420, 158, 1115, 1086, 1112]	2304592
21	0.05155866165375744	0.08817114171757179	3.0179133925676274	3.6333958461554463	[1792, 232, 10, 158, 1713, 174, 1086, 1112]	5229364
22	0.0538380120991544	0.09244355931677106	3.0179133925676274	3.114481315373401	[1265, 808, 331, 241, 132, 1108, 1086, 1112]	2599717
23	0.056111884674447055	0.09569930228797208	3.0179133925676274	3.7634450920680766	[1549, 162, 420, 158, 1713, 174, 1086, 1112]	524485
24	0.05838029254437771	0.10002472016605901	2.8952956452894263	2.8952956452894263	[1549, 10, 734, 19, 132, 1108, 1086, 1112]	3589874
25	0.06064324884205019	0.10325326668969792	2.8952956452894263	3.7874080745804655	[1549, 162, 10, 301, 2627, 261, 1086, 1112]	887876
26	0.06290076666900601	0.10745501627309695	2.8952956452894263	3.820777809481389	[10, 438, 496, 217, 132, 1108, 1086, 1112]	406097
27	0.06515285909530044	0.11025667114668158	2.8952956452894263	3.976934738580005	[3065, 1460, 19, 132, 217, 261, 1086, 1112]	3961883
28	0.06739953915957797	0.11442560594451578	2.8952956452894263	3.6653897307665373	[10, 734, 19, 241, 1729, 1094, 1086, 1112]	655017
29	0.06964081986914772	0.11760249112727217	2.8952956452894263	3.903384191785732	[241, 132, 19, 1548, 255, 174, 1086, 1112]	400921
30	0.07187671420005914	0.12232765182213412	2.8952956452894263	3.337278998812767	[3580, 162, 107, 734, 1203, 174, 1086, 1112]	4422897
31	0.07410723509717665	0.12652570195691348	2.8952956452894263	3.2769644876399573	[2299, 2297, 400, 19, 132, 1108, 1086, 1112]	657419
32	0.07633239547425485	0.12965917958860496	2.8952956452894263	3.3809090108448636	[107, 10, 734, 19, 132, 1094, 1086, 1112]	403904
33	0.07855220821401321	0.1320496420470103	2.8952956452894263	3.6047683489585918	[107, 10, 734, 19, 1987, 334, 1086, 1112]	4103719
34	0.08076668616821081	0.13611646484041773	2.8952956452894263	3.552623624310219	[77, 19, 241, 132, 1713, 174, 1086, 1112]	604691
35	0.08297584215772047	0.14074248484186724	2.8952956452894263	3.653160679904725	[811, 669, 673, 670, 132, 1108, 1086, 1096]	417522
36	0.0851796889726033	0.14534373291494584	2.8952956452894263	3.6089400433623293	[1792, 496, 2729, 438, 2627, 261, 1086, 1112]	3935849
37	0.08737823937218236	0.14802645696759842	2.8952956452894263	4.09564167084212	[2636, 162, 1549, 10, 158, 1115, 1086, 1112]	490740
38	0.08957150608511699	0.15151942429963716	2.483499022557832	2.483499022557832	[2636, 162, 10, 734, 1203, 174, 1086, 1112]	402457
39	0.09175950180947601	0.1554950204998159	2.483499022557832	4.151167690336284	[377, 162, 837, 420, 158, 1115, 1086, 1112]	3939872
40	0.09394223921281164	0.1606633056976512	2.483499022557832	4.403112656039566	[1792, 232, 1879, 420, 1822, 1094, 1086, 1112]	586472
41	0.0961197309322328	0.16579996151196064	2.483499022557832	3.3778428664368425	[4356, 669, 668, 670, 132, 1108, 1086, 1112]	421386
42	0.09829198957447793	0.16879254774697028	2.483499022557832	3.1952818523887894	[382, 409, 19, 241, 132, 1108, 1086, 1112]	3780564
43	0.10045902771598825	0.17268720990350783	2.483499022557832	3.8700453810595805	[3621, 1720, 132, 241, 1729, 1094, 1086, 1112]	743511
44	0.10262085790298059	0.17565508901338844	2.483499022557832	3.987131148834247	[1549, 107, 10, 159, 1713, 174, 1086, 1112]	1207188
45	0.10477749265152003	0.17903478298153686	2.483499022557832	2.5272028798793675	[846, 10, 734, 19, 132, 1108, 1086, 1112]	7172043
46	0.10692894444759216	0.18197989098263945	2.483499022557832	3.158533422469885	[457, 540, 19, 734, 1203, 174, 1086, 1112]	2331871
47	0.10907522574717565	0.1849144337844396	2.483499022557832	2.8859392283917114	[677, 132, 19, 734, 1203, 174, 1086, 1112]	2863118
48	0.11121634897631416	0.18825616578878546	2.483499022557832	3.5231520075490135	[2751, 400, 19, 241, 132, 1108, 1086, 1112]	5596728
49	0.11335232653118832	0.1911681932552638	2.483499022557832	4.076097703792547	[420, 162, 10, 301, 2627, 261, 1086, 1112]	563332
50	0.11548317077818748	0.1954994161152046	2.483499022557832	3.619048318501573	[2751, 331, 241, 1031, 132, 1108, 1086, 1112]	1131816
51	0.11760889405398145	0.1998074456594202	2.483499022557832	3.686312996656473	[3869, 438, 2729, 301, 2627, 261, 1086, 1112]	3996365
52	0.11972950866559184	0.20308811848607167	2.483499022557832	3.759617172412887	[846, 10, 232, 1879, 836, 1089, 1086, 1112]	2806621
53	0.12184502689046317	0.20735551119959894	2.483499022557832	3.306766024432017	[432, 422, 19, 132, 1713, 174, 1086, 1112]	581883
54	0.1239554609765342	0.2110694847518707	2.483499022557832	2.9305764039857216	[3284, 2308, 651, 734, 1203, 174, 1086, 1112]	2866404
55	0.1260608231423087	0.2158976598403003	2.483499022557832	4.457723776070059	[19, 734, 2229, 1529, 1010, 1105, 1086, 1112]	746161
56	0.12816112557692616	0.22069628698472976	2.483499022557832	3.9859288813962053	[87, 1529, 2229, 734, 19, 334, 1086, 1112]	525353
57	0.13025638044023236	0.22546554701559263	2.483499022557832	4.1125094072689565	[331, 2028, 493, 217, 132, 1108, 1086, 1096]	1130195
58	0.1323465998628499	0.22864102536693176	2.483499022557832	3.693226210458639	[1586, 107, 10, 734, 19, 334, 1086, 1112]	767888
59	0.13443179594624832	0.23225526462749901	2.3053561782236596	2.3053561782236596	[2047, 232, 10, 734, 1203, 174, 1086, 1112]	565040
60	0.13651198076281423	0.2358525691976534	2.3053561782236596	3.8292693641769366	[107, 1549, 162, 2636, 836, 1089, 1086, 1112]	3651750
61	0.13858716635592117	0.23865096066787683	2.3053561782236596	2.655915050362384	[420, 162, 10, 734, 1203, 174, 1086, 1112]	584615
62	0.14065736473999924	0.24074206825881594	2.3053561782236596	3.6622146450013826	[734, 10, 158, 420, 1822, 1094, 1086, 1112]	414625
63	0.14272258790060488	0.24480782739826412	2.3053561782236596	3.648598669037632	[1792, 496, 2729, 301, 2627, 261, 1086, 1112]	3660592
64	0.14478284779449002	0.2483463163369437	2.3053561782236596	3.8231968293518035	[1872, 193, 232, 320, 836, 1089, 1086, 1112]	897608
65	0.14683815634967146	0.2523713553998148	2.3053561782236596	3.382061594142434	[2267, 261, 217, 241, 132, 1108, 1086, 1112]	645099
66	0.1488885254654998	0.2550533778015215	2.3053561782236596	4.051759841440952	[420, 158, 1557, 734, 19, 334, 1086, 1112]	3046996
67	0.15093396701272854	0.2581075503597332	2.3053561782236596	4.065700824040366	[2627, 301, 1580, 438, 254, 174, 1086, 1112]	657303
68	0.15297449283358266	0.26076899489367866	2.3053561782236596	4.199022326353365	[1799, 232, 1792, 496, 3366, 150, 1086, 1096]	545154
69	0.15501011474182713	0.26604701718277	2.3053561782236596	3.8529025888000596	[2196, 2197, 241, 1126, 132, 1108, 1086, 1112]	3822037
70	0.1570408445228355	0.26867997989217496	2.3053561782236596	3.6643804002798888	[1549, 162, 107, 10, 158, 1115, 1086, 1112]	837750
71	0.1590666939336579	0.27097555752225666	2.3053561782236596	2.3963279564293862	[193, 232, 10, 734, 1203, 174, 1086, 1112]	588426
72	0.16108767470308916	0.2754371134945469	2.3053561782236596	3.854134350964004	[2627, 301, 1512, 1031, 132, 1108, 1086, 1112]	3219156
73	0.16310379853173695	0.2793170837322747	2.3053561782236596	3.276469057029505	[734, 19, 241, 132, 1713, 174, 1086, 1112]	562068
74	0.16511507709208928	0.2832566769334467	2.3053561782236596	3.8993267120667046	[4343, 453, 853, 19, 132, 1108, 1086, 1112]	550469
75	0.1671215220285821	0.2866150119540626	2.3053561782236596	4.542957658429838	[157, 842, 159, 320, 836, 1089, 1086, 1112]	3588466
76	0.1691231449576669	0.2904351255331745	2.3053561782236596	3.8554866495781566	[846, 10, 162, 1192, 836, 1089, 1086, 1112]	491534
77	0.17111995746787756	0.2942347827416004	2.3053561782236596	3.8740546209197664	[2267, 438, 2729, 301, 2627, 261, 1086, 1112]	443050
78	0.17311197111989796	0.29718859922008145	2.3053561782236596	3.298368396303111	[2196, 2197, 241, 19, 132, 1108, 1086, 1112]	4394186
79	0.1750991974466285	0.30007002351263756	2.3053561782236596	3.812042463108149	[1819, 1513, 1031, 132, 19, 334, 1086, 1112]	702855
80	0.1770816479532532	0.30258093302650324	2.3053561782236596	3.3284912497526102	[1549, 162, 10, 734, 19, 334, 1086, 1112]	989013
81	0.179059334117306	0.3044964517041038	2.3053561782236596	3.5276880009045133	[1580, 438, 10, 734, 19, 334, 1086, 1112]	2702010
82	0.18103226738873734	0.3077552667471396	2.3053561782236596	3.3036751225217778	[420, 107, 734, 19, 132, 1108, 1086, 1112]	706479
83	0.18300045918998054	0.3099281889706593	2.3053561782236596	2.8085470593567745	[432, 422, 19, 241, 132, 1108, 1086, 1112]	477581
84	0.18496392091601777	0.3120942904980254	2.3053561782236596	3.3343269671486855	[3075, 334, 19, 734, 1203, 174, 1086, 1096]	3810923
85	0.18692266393444623	0.315317505505063	2.3053561782236596	3.0346971136008722	[432, 15, 1557, 734, 1203, 174, 1086, 1112]	657548
86	0.18887669958554376	0.318525617984475	2.3053561782236596	3.69377386549397	[2051, 1849, 420, 158, 1713, 174, 1086, 1112]	556410
87	0.19082603918233454	0.3217186986998747	2.3053561782236596	4.100646053271463	[2627, 438, 10, 157, 1713, 174, 1086, 1112]	3289674
88	0.1927706940106546	0.3244995531603799	2.3053561782236596	2.8859392283917114	[545, 132, 19, 734, 1203, 174, 1086, 1112]	820558
89	0.19471067532921726	0.3276646427176252	2.3053561782236596	3.618738224536706	[2307, 1468, 2688, 734, 1203, 174, 1086, 1112]	1217782
90	0.19664599436967822	0.3300765600548148	2.3053561782236596	3.4588452119260564	[161, 10, 232, 320, 836, 1089, 1086, 1112]	3664943
91	0.19857666233670057	0.3332155182802973	2.3053561782236596	2.604369500782573	[10, 734, 19, 241, 132, 1108, 1086, 1096]	2727517
92	0.2005026904080197	0.33530852202453454	2.3053561782236596	2.7456902916092707	[421, 438, 10, 734, 1203, 174, 1086, 1096]	829716
93	0.20242408973450798	0.3384229656427037	2.3053561782236596	3.8727650268271336	[1580, 301, 1512, 1031, 132, 1108, 1086, 1112]	3795851
94	0.20434087144023938	0.34152281638677684	2.3053561782236596	3.3753105476877643	[1549, 107, 10, 734, 19, 334, 1086, 1112]	800843
95	0.20625304662255384	0.34388501929355253	2.3053561782236596	4.140946776515299	[420, 158, 10, 107, 1546, 234, 1086, 1112]	411259
96	0.20816062635212151	0.3469592773247677	2.3053561782236596	3.4359437769698413	[2078, 436, 422, 19, 132, 1108, 1086, 1112]	3866851
97	0.21006362167300685	0.3504562526946	2.3053561782236596	3.9515234634001457	[2627, 438, 2729, 1676, 132, 1108, 1086, 1112]	1105601
98	0.21196204360273252	0.35278640803809036	2.3053561782236596	3.2498740463645	[160, 331, 241, 19, 132, 1108, 1086, 1112]	465465
99	0.21385590313234326	0.35456403326015373	2.3053561782236596	3.8214924738748275	[377, 162, 420, 158, 1713, 174, 1086, 1096]	3920865
100	0.2157452112264695	0.3575882542621627	2.3053561782236596	3.790380657406014	[1743, 1742, 400, 19, 1987, 334, 1086, 1112]	504143
101	0.21762997882339075	0.3610283123996295	2.3053561782236596	2.997944940779769	[1392, 1268, 841, 1820, 733, 734, 19, 794]	405241
102	0.21951021683509908	0.3636480031742302	2.3053561782236596	4.140666113019194	[2149, 420, 162, 10, 158, 1115, 1086, 1112]	4130144
103	0.22138593614736213	0.36625695359853405	2.3053561782236596	4.082766126456637	[1579, 1580, 438, 80, 148, 1108, 1086, 1112]	680947
104	0.22325714761978632	0.36965059161698655	2.3053561782236596	3.69328878814052	[1579, 1580, 438, 1779, 132, 1108, 1086, 1112]	404410
105	0.22512386208587953	0.372234932303688	2.3053561782236596	4.194631572323341	[21, 422, 19, 241, 132, 1094, 1086, 1112]	1786625
106	0.2269860903531139	0.3744869594119735	2.3053561782236596	3.7351903890873936	[320, 232, 10, 157, 1713, 174, 1086, 1112]	362414
107	0.22884384320298856	0.3767309076602564	2.3053561782236596	3.6643804002798888	[1549, 162, 107, 10, 158, 1115, 1086, 1112]	370422
108	0.23069713139109171	0.3792862200832965	2.3053561782236596	3.1670200722118347	[2567, 494, 10, 734, 1203, 174, 1086, 1112]	370591
109	0.23254596564716323	0.3826100875309375	2.3053561782236596	3.9337953611372933	[2627, 301, 2729, 496, 132, 1108, 1086, 1112]	362384
110	0.23439035667515662	0.3859161559620802	2.3053561782236596	3.648598669037632	[1792, 496, 2728, 301, 2627, 261, 1086, 1112]	368387
111	0.23623031515330084	0.3884338102060403	2.3053561782236596	3.3947961570511813	[2180, 1549, 107, 734, 1203, 174, 1086, 1112]	368064
112	0.23806585173416261	0.3917086931168189	2.3053561782236596	4.523167475212918	[1529, 2229, 734, 10, 161, 1023, 1086, 1112]	362047
113	0.23989697704470747	0.394966039318966	2.3053561782236596	4.1817307135767905	[1548, 19, 734, 10, 158, 1115, 1086, 1112]	363560
114	0.2417237016863618	0.3968652112100546	2.3053561782236596	4.39109644865094	[1114, 1987, 19, 132, 1713, 174, 1086, 1112]	369989
115	0.24354603623507398	0.39969122802550106	2.3053561782236596	4.053792501869617	[1799, 232, 651, 734, 1203, 174, 1086, 1112]	364834
116	0.24536399124137553	0.4025040034043903	2.3053561782236596	4.3239944898411125	[2764, 1511, 2327, 387, 344, 174, 1086, 1112]	371353
117	0.2471775772304423	0.4061606185694052	2.3053561782236596	3.6070400564540552	[1791, 1792, 496, 217, 132, 1108, 1086, 1112]	367712
118	0.24898680470215562	0.40802465122596054	2.3053561782236596	2.7517630091525116	[3284, 162, 10, 734, 1203, 174, 1086, 1112]	363882
119	0.2507916841311627	0.4107983799530359	2.3053561782236596	3.406624383937788	[1742, 400, 19, 132, 1713, 174, 1086, 1112]	363632
120	0.25259222596693753	0.4132140207057795	2.3053561782236596	3.9806090667481353	[331, 241, 19, 132, 387, 344, 1086, 1112]	368644
121	0.25438844063384136	0.4163562077788133	2.3053561782236596	4.245134033393974	[377, 162, 10, 232, 193, 1115, 1086, 1112]	368483
122	0.2561803385311828	0.41948156871770226	2.3053561782236596	4.355605342515015	[1582, 420, 2149, 161, 1713, 174, 1086, 1112]	363362
123	0.25796793003327845	0.42220161551150726	2.3053561782236596	4.452028317949497	[1546, 107, 162, 1192, 836, 1089, 1086, 1112]	364546
124	0.25975122548951257	0.4245705046607403	2.3053561782236596	3.7815136499925073	[1549, 162, 107, 420, 158, 1115, 1086, 1112]	364832
125	0.2615302352243972	0.4276518787656093	2.3053561782236596	3.503364997495546	[2627, 438, 107, 734, 1203, 174, 1086, 1096]	365956
126	0.26330496953763205	0.4292238798310114	2.3053561782236596	4.113380924224836	[420, 107, 734, 19, 132, 1094, 1086, 1112]	373076
127	0.2650754387041637	0.4318982785614992	2.3053561782236596	4.006499807546221	[1849, 420, 162, 1192, 836, 1089, 1086, 1112]	363117
128	0.2668416529742458	0.43422741280573507	2.3053561782236596	3.2506945422089704	[1851, 159, 651, 734, 1203, 174, 1086, 1112]	364963
129	0.26860362257349746	0.43725707502073374	2.3053561782236596	4.010635683102845	[841, 1268, 21, 19, 132, 1108, 1086, 1112]	368605
130	0.2703613577029633	0.4392758434856625	2.3053561782236596	4.053600096849217	[1580, 301, 2729, 438, 3366, 150, 1086, 1112]	364453
131	0.2721148685391722	0.4419031432610837	2.3053561782236596	3.057077720340219	[813, 3284, 811, 3459, 1203, 174, 1086, 1112]	364876
132	0.273864165234196	0.443654981887845	2.3053561782236596	3.0015263220368356	[2238, 1549, 107, 734, 1203, 174, 1086, 1112]	365533
133	0.27560925791570867	0.44663416030339176	2.3053561782236596	4.333285611462349	[300, 301, 1580, 438, 970, 261, 1086, 1112]	363677
134	0.27735015668704466	0.4492269823344567	2.3053561782236596	4.080724151016154	[734, 2229, 1529, 156, 1713, 174, 1086, 1112]	365701
135	0.27908687162725754	0.4507397256080742	2.3053561782236596	2.3963279564293862	[193, 232, 10, 734, 1203, 174, 1086, 1112]	365410
136	0.2808194127911783	0.4541011430239654	2.3053561782236596	3.9332533810467414	[2751, 3018, 370, 1032, 132, 1108, 1086, 1112]	365681
137	0.2825477902094734	0.45560049901541566	2.3053561782236596	4.138192429282648	[19, 241, 1209, 132, 387, 344, 1086, 1096]	361250
138	0.28427201388870327	0.45815130883885447	2.3053561782236596	4.6758839460671755	[269, 542, 457, 540, 19, 334, 1086, 1112]	365360
139	0.2859920938113798	0.46009512190504154	2.3053561782236596	3.322020596299053	[1647, 1697, 241, 1031, 132, 1108, 1086, 1112]	366379
140	0.28770803993602434	0.4617898568041956	2.3053561782236596	2.951785734216145	[2046, 232, 10, 734, 1203, 174, 1086, 1096]	366634
141	0.2894198621972255	0.46431166609655417	2.3053561782236596	3.5665213192922858	[1743, 1742, 400, 19, 132, 1094, 1086, 1112]	365566
142	0.29112757050569615	0.46599316547055347	2.3053561782236596	2.4252728029570534	[377, 162, 10, 734, 1203, 174, 1086, 1112]	364259
143	0.29283117474833154	0.46885272488672824	2.3053561782236596	3.7929881488724675	[1548, 19, 1460, 734, 1203, 174, 1086, 1112]	363758
144	0.29453068478826594	0.4707581479878201	2.3053561782236596	3.5820402681263186	[1799, 1019, 10, 734, 19, 334, 1086, 1112]	364229
145	0.29622611046492986	0.472927962432112	2.3053561782236596	4.2641197281188745	[2238, 1549, 107, 10, 232, 1023, 1086, 1112]	363598
146	0.29791746159410726	0.47575038662328883	2.3053561782236596	3.3280701539563653	[1580, 1579, 4018, 241, 132, 1108, 1086, 1112]	364020
147	0.2996047479679923	0.4776310652427046	2.3053561782236596	3.7524358462149285	[77, 19, 132, 241, 217, 261, 1086, 1112]	364406
148	0.30128797935524576	0.4800786497974816	2.3053561782236596	3.2903281519845455	[3158, 3083, 19, 241, 132, 1108, 1086, 1112]	364430
149	0.30296716550105185	0.48326051595992936	2.3053561782236596	3.663848643256939	[1792, 496, 1512, 1031, 132, 1108, 1086, 1112]	367225
150	0.30464231612717463	0.4848825358247315	2.3053561782236596	2.6565690702175355	[2872, 241, 19, 734, 1203, 174, 1086, 1112]	362406
151	0.3063134409320143	0.4867304540237021	2.3053561782236596	3.8012792168708254	[1546, 1662, 370, 1032, 132, 1108, 1086, 1112]	365593
152	0.3079805495906631	0.48913540295840985	2.3053561782236596	3.7513992540674366	[734, 19, 132, 1032, 1729, 1094, 1086, 1112]	362860
153	0.30964365175496167	0.49187103773759366	2.3053561782236596	3.7495888333379126	[241, 1729, 1032, 370, 1713, 174, 1086, 1112]	366709
154	0.3113027570535547	0.49346602959737385	2.3053561782236596	3.592689895348193	[331, 241, 19, 132, 1713, 174, 1086, 1112]	360457
155	0.31295787509194684	0.4961784742535431	2.3053561782236596	4.305623817827945	[2627, 438, 1580, 1579, 1582, 1087, 1086, 1096]	365443
156	0.31460901545255804	0.4998506428085464	2.3053561782236596	4.561760306834264	[359, 158, 420, 1822, 3579, 1094, 1086, 1112]	367237
157	0.3162561876947795	0.5019011822649617	2.3053561782236596	3.6350683462702733	[2872, 241, 132, 387, 344, 174, 1086, 1112]	363853
158	0.31789940135502837	0.5042350480290264	2.3053561782236596	3.8796258909709334	[195, 10, 232, 1192, 836, 1089, 1086, 1112]	366218
159	0.3195386659468036	0.5060135415588968	2.3053561782236596	2.376330188143222	[107, 162, 10, 734, 1203, 174, 1086, 1112]	364860
160	0.3211739909607406	0.5075641407936797	2.3053561782236596	3.3947961570511813	[2636, 1549, 107, 734, 1203, 174, 1086, 1112]	362014
161	0.32280538586466645	0.5095830560327728	2.3053561782236596	3.7391769992227406	[3819, 438, 10, 734, 19, 334, 1086, 1112]	363980
162	0.32443286010365446	0.5113423642660735	2.3053561782236596	3.97350672004617	[1799, 1019, 10, 158, 1713, 174, 1086, 1112]	364679
163	0.326056423100079	0.5130953612054889	2.3053561782236596	4.288109507837196	[77, 19, 734, 10, 232, 1023, 1086, 1112]	365419
164	0.3276760842536699	0.5150915992471938	2.3053561782236596	3.37240399288562	[1873, 10, 232, 320, 836, 1089, 1086, 1112]	359883
165	0.3292918529415674	0.5177423375895014	2.3053561782236596	3.3448628999204546	[5420, 435, 422, 19, 132, 1108, 1086, 1112]	364534
166	0.3309037385183756	0.5200019788648527	2.3053561782236596	3.288219694895293	[107, 10, 232, 320, 836, 1089, 1086, 1112]	362263
167	0.3325117503162174	0.522572325857306	2.3053561782236596	3.1448576629016216	[2004, 19, 241, 1031, 132, 1108, 1086, 1112]	361634
168	0.3341158976447879	0.5242850367419059	2.3053561782236596	4.146543284233287	[420, 162, 1549, 107, 836, 1089, 1086, 1096]	366831
169	0.3357161897914087	0.5257782826505704	2.3053561782236596	4.265899146903027	[1879, 232, 320, 157, 1713, 174, 1086, 1112]	361761
170	0.33731263602108175	0.5280002711221159	2.3053561782236596	4.10026023725779	[1020, 1018, 415, 1265, 255, 174, 1086, 1096]	364664
171	0.33890524557654256	0.5299354012058901	2.3053561782236596	4.11116464030915	[2309, 420, 158, 10, 232, 1023, 1086, 1112]	363477
172	0.34049402767831405	0.5321379113001982	2.3053561782236596	3.7495888333379126	[241, 1729, 1032, 370, 1713, 174, 1086, 1112]	360713
173	0.34207899152475973	0.5346432714467432	2.3053561782236596	3.1448576629016216	[2004, 19, 241, 1031, 132, 1108, 1086, 1112]	365292
174	0.34366014629213726	0.5361040033653325	2.3053561782236596	2.620774439524012	[1799, 1019, 10, 734, 1203, 174, 1086, 1112]	362563
175	0.3452375011346511	0.5380059093282115	2.3053561782236596	3.9159010368279565	[377, 162, 1549, 107, 836, 1089, 1086, 1112]	363848
176	0.3468110651845061	0.5404798468637895	2.3053561782236596	3.102610714536892	[3621, 1720, 241, 1031, 132, 1108, 1086, 1112]	362393
177	0.34838084755195975	0.5426329504551192	2.3053561782236596	3.5665213192922858	[1743, 1742, 400, 19, 132, 1094, 1086, 1112]	366628
178	0.34994685732537534	0.5445080886866716	2.3053561782236596	3.6522075585682723	[320, 232, 10, 301, 2627, 261, 1086, 1112]	361818
179	0.35150910357127463	0.5463755391248184	2.3053561782236596	3.593583950285944	[3251, 3248, 334, 19, 132, 1108, 1086, 1112]	361254
180	0.3530675953343899	0.548235333288392	2.3053561782236596	3.6301779073542626	[2340, 160, 107, 734, 1203, 174, 1086, 1112]	359177
181	0.3546223416377169	0.5500875025670018	2.3053561782236596	2.929939400549994	[4210, 87, 1265, 415, 733, 734, 19, 794]	359874
182	0.35617335148256646	0.551932078221565	2.3053561782236596	3.2666220068259664	[2047, 232, 10, 734, 19, 334, 1086, 1112]	356243
183	0.3577206338486171	0.553769091384833	2.3053561782236596	3.942258886264404	[855, 853, 733, 734, 1203, 174, 1086, 1112]	360610
184	0.3592641976939669	0.5561586184732703	2.3053561782236596	4.0649700145985	[1549, 162, 1541, 159, 1713, 174, 1086, 1112]	357263
185	0.36080405195518517	0.5588748829098507	2.3053561782236596	4.067831063551248	[841, 1268, 21, 1417, 5272, 174, 1086, 1112]	356927
186	0.36234020554736446	0.5612370689357988	2.3053561782236596	4.57709732964374	[193, 232, 1792, 496, 970, 261, 1086, 1112]	361027
187	0.3638726673641719	0.5635866056642916	2.3053561782236596	4.451106513313536	[1873, 10, 415, 2558, 255, 174, 1086, 1112]	355009
188	0.36540144627790083	0.5659235608311991	2.3053561782236596	2.756815517589228	[1743, 1742, 400, 19, 132, 1108, 1086, 1112]	357969
189	0.36692655113952244	0.5674807546898244	2.3053561782236596	3.705919241862378	[10, 301, 1580, 438, 2627, 261, 1086, 1112]	359975
190	0.36844799077873636	0.5690323623141036	2.3053561782236596	3.8849796129217076	[420, 158, 10, 161, 1713, 174, 1086, 1112]	360378
191	0.3699657740040224	0.5707992668053449	2.3053561782236596	4.286450849513928	[813, 669, 811, 734, 19, 334, 1086, 1112]	357352
192	0.3714799096026914	0.5725589272457384	2.3053561782236596	3.8353263023319455	[1792, 232, 193, 1265, 255, 174, 1086, 1112]	358813
193	0.3729904063409356	0.5745617227761364	2.3053561782236596	4.033478708254804	[107, 1549, 162, 320, 836, 1089, 1086, 1112]	360321
194	0.37449727296388025	0.5768399071606278	2.3053561782236596	3.6251173318438195	[1529, 2229, 734, 19, 132, 1094, 1086, 1112]	354082
195	0.3760005181956336	0.5785748018561245	2.3053561782236596	4.203880000932751	[1794, 107, 734, 19, 132, 1094, 1086, 1112]	380167
196	0.3775001507393376	0.5808314965567224	2.3053561782236596	4.427805268629937	[2047, 232, 1879, 420, 1822, 1094, 1086, 1096]	356158
197	0.3789961792772184	0.5823352100974548	2.3053561782236596	4.782029373946553	[1799, 232, 1549, 162, 420, 458, 1086, 1112]	357860
198	0.38048861247063637	0.5842921983883351	2.3053561782236596	2.8690577808060542	[2238, 1549, 10, 734, 1203, 174, 1086, 1112]	369187
199	0.38197745896013646	0.585996539776138	2.3053561782236596	2.6398991473567586	[318, 158, 10, 734, 1203, 174, 1086, 1112]	353253
200	0.383462727365498	0.5876938936126972	2.3053561782236596	3.8465656557873755	[2040, 438, 3366, 3459, 1203, 174, 1086, 1112]	359862
201	0.38494442628578507	0.588988102233472	2.3053561782236596	4.193860869272801	[1799, 1019, 10, 159, 1713, 174, 1086, 1112]	378143
202	0.3864225642993957	0.590673191100044	2.3053561782236596	2.8859392283917114	[545, 132, 19, 734, 1203, 174, 1086, 1112]	353654
203	0.38789714996411195	0.5925911113833111	2.3053561782236596	3.2081841936734747	[1456, 2004, 19, 734, 1203, 174, 1086, 1112]	356044
204	0.3893681918171492	0.5940526388058041	2.3053561782236596	2.5712032091418053	[107, 10, 734, 19, 132, 1108, 1086, 1112]	372883
205	0.3908356983752058	0.5959547245256853	2.3053561782236596	4.123159583551415	[1820, 10, 162, 107, 836, 1089, 1086, 1112]	353157
206	0.3922996781345123	0.5976112512564018	2.3053561782236596	4.278587659721346	[2151, 158, 10, 157, 1713, 174, 1086, 1096]	358076
207	0.3937601395708803	0.5994966629279409	2.3053561782236596	4.274010612418983	[241, 1126, 19, 387, 344, 174, 1086, 1112]	385866
208	0.3952170911397521	0.6009334175650776	2.3053561782236596	4.0769119347739045	[107, 232, 10, 438, 2627, 261, 1086, 1112]	357374
209	0.39667054127624946	0.6025695323800895	2.3053561782236596	3.7838290495825726	[1792, 232, 10, 157, 1713, 174, 1086, 1112]	357690
210	0.3981204983952221	0.6039952634900143	2.3053561782236596	3.7291029335785426	[359, 158, 733, 734, 1203, 174, 1086, 1112]	360963
211	0.3995669708912969	0.6056188251830672	2.3053561782236596	3.9741474267345227	[119, 409, 19, 132, 387, 344, 1086, 1112]	357198
212	0.401009967138926	0.6072357305098495	2.3053561782236596	3.3369086815824263	[846, 10, 734, 19, 132, 1094, 1086, 1112]	374774
213	0.4024494954924358	0.6084685982642479	2.3053561782236596	3.1670200722118347	[1580, 494, 10, 734, 1203, 174, 1086, 1112]	359667
214	0.403885564286075	0.6096975961073079	2.3053561782236596	3.724185379929077	[2004, 19, 132, 241, 217, 261, 1086, 1112]	351952
215	0.4053181818340631	0.6120862074070448	2.3053561782236596	4.104456331044328	[1726, 132, 217, 241, 1729, 1094, 1086, 1112]	376203
216	0.4067473564306381	0.6139037959812517	2.3053561782236596	3.897173994836626	[1879, 496, 217, 261, 132, 1108, 1086, 1112]	362115
217	0.4081730963501049	0.6157505571611883	2.3053561782236596	3.9494166178920116	[107, 162, 10, 159, 1713, 174, 1086, 1112]	355588
218	0.40959540984688314	0.6178081789768302	2.3053561782236596	3.6089400433623293	[1792, 496, 2729, 438, 2627, 261, 1086, 1112]	357995
219	0.4110143051555549	0.6198547824094525	2.3053561782236596	3.564880799384948	[421, 438, 2627, 261, 132, 1108, 1086, 1096]	361486
220	0.41242979049091255	0.6216359709550143	2.3053561782236596	3.443972867779607	[3136, 1468, 2229, 734, 1203, 174, 1086, 1112]	356773
221	0.4138418740480061	0.6231872083189924	2.3053561782236596	2.54041715625058	[1726, 132, 19, 734, 1203, 174, 1086, 1112]	359690
222	0.4152505640021906	0.6252470450082108	2.3053561782236596	4.2619600245442335	[2607, 1587, 241, 1729, 1822, 1094, 1086, 1112]	368733
223	0.4166558685091739	0.6270029678502174	2.3053561782236596	3.8281092143882427	[1500, 786, 77, 19, 132, 1108, 1086, 1112]	359196
224	0.4180577957050633	0.6285322013092862	2.3053561782236596	3.8566483767671063	[846, 10, 734, 19, 132, 261, 1086, 1112]	360400
225	0.419456353706413	0.6300551651340933	2.3053561782236596	3.813401430097133	[377, 162, 10, 438, 2627, 261, 1086, 1112]	359135
226	0.420851550610271	0.6320361870379387	2.3053561782236596	3.3251850209116203	[813, 669, 811, 734, 1203, 174, 1086, 1112]	371673
227	0.4222433944942261	0.6340066007445244	2.3053561782236596	4.055098407881495	[77, 786, 19, 132, 1713, 174, 1086, 1112]	355973
228	0.42363189341645446	0.6359664630598093	2.3053561782236596	4.000490977819998	[2163, 324, 668, 670, 132, 1108, 1086, 1096]	360098
229	0.4250170554157664	0.6374589474951509	2.3053561782236596	3.7718797271212043	[394, 193, 232, 10, 158, 1115, 1086, 1112]	355508
230	0.42639888851165286	0.6389453129618707	2.3053561782236596	4.048483309073854	[846, 10, 158, 420, 1582, 1087, 1086, 1112]	355864
231	0.4277774007043319	0.6408787289095967	2.3053561782236596	3.799629496739959	[669, 668, 670, 132, 1713, 174, 1086, 1112]	361344
232	0.42915259997479493	0.6428017915857518	2.3053561782236596	3.9108820598196443	[1579, 1580, 261, 217, 132, 1108, 1086, 1112]	355007
233	0.43052449428485307	0.64471455643119	2.3053561782236596	4.436669602896937	[3708, 969, 2729, 438, 2627, 261, 1086, 1112]	358411
234	0.43189309157718303	0.6466170785898855	2.3053561782236596	3.729769596885106	[300, 301, 2627, 261, 132, 1108, 1086, 1112]	360778
235	0.4332583997753733	0.6487797463848968	2.3053561782236596	4.419420943291215	[2627, 301, 1580, 1579, 1582, 1087, 1086, 1112]	354449
236	0.4346204267839697	0.6506604998105741	2.3053561782236596	3.4973354227970503	[2872, 241, 1031, 132, 1713, 174, 1086, 1112]	359162
237	0.4359791804885218	0.6527984222760126	2.3053561782236596	4.160937008952988	[1020, 1018, 480, 157, 1713, 174, 1086, 1112]	359283
238	0.43733466875562776	0.6540439636501819	2.3053561782236596	4.255029536662134	[158, 420, 1879, 496, 217, 261, 1086, 1112]	361874
239	0.43868689943298045	0.655896527657529	2.3053561782236596	3.6470561539761777	[846, 10, 232, 1192, 836, 1089, 1086, 1112]	375377
240	0.44003588034941277	0.6568416360715557	2.3053561782236596	2.3672254211503034	[1549, 162, 10, 734, 1203, 174, 1086, 1112]	356018
241	0.4413816193149427	0.6584495209504373	2.3053561782236596	2.8045139948008613	[377, 162, 107, 734, 1203, 174, 1086, 1112]	353570
242	0.44272412412081874	0.6605397753930223	2.3053561782236596	3.653160679904725	[811, 669, 673, 670, 132, 1108, 1086, 1112]	358189
243	0.4440634025395652	0.6621303324637547	2.3053561782236596	3.4140753024856316	[10, 734, 19, 241, 132, 1094, 1086, 1112]	361478
244	0.4453994623250269	0.663713436903481	2.3053561782236596	3.547249396054254	[2627, 438, 3366, 3459, 1203, 174, 1086, 1112]	358299
245	0.4467323112124141	0.6661144833467239	2.3053561782236596	4.5669514991387885	[1794, 1791, 420, 1822, 3579, 1094, 1086, 1112]	358378
246	0.4480619569183474	0.6679024107875994	2.3053561782236596	2.8687788104161314	[241, 1126, 19, 734, 1203, 174, 1086, 1112]	357376
247	0.44938840714090234	0.6694584698790778	2.3053561782236596	3.659694296087099	[813, 651, 734, 19, 132, 1108, 1086, 1112]	358872
248	0.450711669559654	0.670813641968677	2.3053561782236596	4.160702355912503	[1794, 107, 162, 420, 158, 1115, 1086, 1112]	357489
249	0.4520317518357214	0.6728282292391388	2.3053561782236596	4.352733567457125	[3895, 1030, 1031, 241, 1729, 1094, 1086, 1112]	361863
250	0.453348661611812	0.6737268333458427	2.3053561782236596	3.3809090108448636	[107, 10, 734, 19, 132, 1094, 1086, 1112]	358948
251	0.45466240651226575	0.6748972967147391	2.3053561782236596	2.955357446199882	[382, 409, 19, 734, 1203, 174, 1086, 1112]	358059
252	0.45597299414309944	0.6762301704071441	2.3053561782236596	3.5276880009045133	[1580, 438, 10, 734, 19, 334, 1086, 1112]	357015
253	0.4572804320920506	0.6775575795117066	2.3053561782236596	4.058726526105666	[2047, 232, 10, 158, 420, 458, 1086, 1112]	351841
254	0.45858472792862137	0.6787143005673486	2.3053561782236596	2.746466612994111	[1549, 162, 107, 734, 1203, 174, 1086, 1112]	355289
255	0.45988588920412254	0.6804347571002776	2.3053561782236596	3.701536091421799	[1647, 1697, 241, 132, 1713, 174, 1086, 1112]	355837
256	0.461183923451717	0.6821460007404856	2.3053561782236596	3.664669885776984	[3819, 438, 2729, 301, 2627, 261, 1086, 1112]	352502
257	0.4624788381864636	0.6834491558030473	2.3053561782236596	2.8362461795052174	[1530, 158, 10, 734, 1203, 174, 1086, 1112]	356628
258	0.4637706409053606	0.6851442576045423	2.3053561782236596	3.931124063783777	[1820, 10, 162, 1192, 836, 1089, 1086, 1112]	378807
259	0.46505933908738883	0.6868302822856627	2.3053561782236596	3.754511881546473	[241, 132, 1032, 1729, 1822, 1094, 1086, 1112]	355579
260	0.46634494019355544	0.6879537387028458	2.3053561782236596	3.956522007944825	[158, 651, 811, 3459, 1203, 174, 1086, 1112]	358625
261	0.46762745166693676	0.6892330828863711	2.3053561782236596	2.746466612994111	[1549, 162, 107, 734, 1203, 174, 1086, 1112]	358766
262	0.46890688093272137	0.6902085649783153	2.3053561782236596	4.335186720076822	[193, 232, 10, 438, 3366, 150, 1086, 1112]	352705
263	0.47018323539825324	0.691180985079876	2.3053561782236596	2.54041715625058	[1715, 132, 19, 734, 1203, 174, 1086, 1112]	357899
264	0.4714565224530747	0.6926279713013885	2.3053561782236596	4.337790612913592	[3284, 2308, 651, 19, 132, 1094, 1086, 1096]	375787
265	0.47272674946896887	0.6937306292487289	2.3053561782236596	3.3456798492910815	[157, 651, 734, 19, 132, 1108, 1086, 1112]	355167
266	0.4739939238000027	0.6956049668711559	2.3053561782236596	3.3331971760863874	[317, 324, 671, 670, 132, 1108, 1086, 1112]	359542
267	0.4752580527825695	0.6974678337366012	2.3053561782236596	3.5973384097669356	[1579, 4018, 241, 1031, 132, 1108, 1086, 1112]	358347
268	0.47651914373543125	0.6988853626289223	2.3053561782236596	3.8281092143882427	[1500, 786, 77, 19, 132, 1108, 1086, 1112]	353607
269	0.477777203959761	0.7002962496220189	2.3053561782236596	2.6898516710746176	[157, 10, 734, 19, 132, 1108, 1086, 1112]	354358
270	0.47903224073918504	0.7019011367246557	2.3053561782236596	3.202068030768813	[195, 3284, 811, 734, 1203, 174, 1086, 1096]	360381
271	0.4802842613398256	0.7034974297986594	2.3053561782236596	3.5741700138985717	[378, 1742, 400, 19, 132, 1108, 1086, 1112]	361134
272	0.4815332730103422	0.7051182528864948	2.3053561782236596	4.3076089493311525	[2405, 1743, 193, 1265, 255, 174, 1086, 1112]	370948
273	0.48277928298197414	0.7061761035417966	2.3053561782236596	3.7815136499925073	[1549, 162, 107, 420, 158, 1115, 1086, 1112]	357426
274	0.48402229846858214	0.70801173804695	2.3053561782236596	3.0386564380302943	[2260, 161, 10, 734, 1203, 174, 1086, 1112]	354675
275	0.48526232666669	0.709233787134365	2.3053561782236596	3.0542896064285454	[737, 1917, 10, 734, 1203, 174, 1086, 1112]	381821
276	0.4864993747555266	0.7102768738354934	2.3053561782236596	3.9382263076384465	[158, 10, 107, 734, 19, 334, 1086, 1112]	360035
277	0.48773344989706724	0.7116343853595878	2.3053561782236596	3.432062459683153	[457, 540, 409, 19, 132, 1108, 1086, 1112]	352396
278	0.48896455923607496	0.7131785577471428	2.3053561782236596	3.9150261453135675	[1791, 420, 1822, 1094, 132, 1108, 1086, 1112]	361012
279	0.4901927099001423	0.7143544838496736	2.3053561782236596	3.7601749757963656	[195, 10, 811, 3459, 1203, 174, 1086, 1096]	360518
280	0.49141790899973226	0.7156928895375917	2.3053561782236596	3.4876735118853137	[19, 241, 1031, 132, 1713, 174, 1086, 1112]	372461
281	0.4926401636282195	0.7172153289938669	2.3053561782236596	4.37102963741593	[1535, 438, 2729, 496, 217, 261, 1086, 1112]	358423
282	0.49385948086193154	0.7187296159213704	2.3053561782236596	2.602840294084988	[1820, 10, 734, 19, 132, 1108, 1086, 1112]	363133
283	0.49507586776018964	0.7204509622697168	2.3053561782236596	4.110369226899027	[1791, 1792, 232, 1192, 836, 1089, 1086, 1112]	356619
284	0.4962893313653497	0.7217608026172662	2.3053561782236596	3.8292693641769366	[107, 1549, 162, 2636, 836, 1089, 1086, 1112]	355691
285	0.49749987870284296	0.722758950248183	2.3053561782236596	2.6716838888510717	[1265, 415, 10, 734, 1203, 174, 1086, 1112]	359446
286	0.4987075167812167	0.7242435515736823	2.3053561782236596	3.648598669037632	[1792, 496, 2728, 301, 2627, 261, 1086, 1112]	352382
287	0.499912252592175	0.725535621563185	2.3053561782236596	3.1780623326561717	[715, 494, 2229, 734, 1203, 174, 1086, 1112]	361231
288	0.5011140931106188	0.7263971517689367	2.2891027279696745	2.2891027279696745	[241, 132, 19, 734, 1203, 174, 1086, 1112]	375398
289	0.5023130452946867	0.7276791309620226	2.2891027279696745	4.1309003569424485	[1743, 1742, 581, 438, 2627, 261, 1086, 1112]	352910
290	0.5035091160857952	0.7289551033804638	2.2891027279696745	3.5199086642496216	[420, 2308, 651, 734, 1203, 174, 1086, 1112]	358581
291	0.5047023124086787	0.7304065248534071	2.2891027279696745	4.003864454395311	[3819, 438, 2729, 496, 217, 261, 1086, 1112]	408269
292	0.5058926411714294	0.731669717937705	2.2891027279696745	3.869567289340739	[432, 422, 19, 241, 1729, 1094, 1086, 1112]	355179
293	0.5070801092655379	0.7327698329789589	2.2891027279696745	2.951924974281768	[811, 734, 19, 241, 132, 1108, 1086, 1112]	374751
294	0.5082647235659328	0.734021952670332	2.2891027279696745	4.820503324953653	[1265, 415, 87, 1529, 1010, 1105, 1086, 1112]	359834
295	0.5094464909310201	0.7354462416130149	2.2891027279696745	3.847110999282579	[2872, 241, 1720, 132, 217, 261, 1086, 1112]	357313
296	0.5106254182027237	0.7370652839001455	2.2891027279696745	3.576563806872099	[1743, 1742, 400, 654, 132, 1108, 1086, 1112]	354931
297	0.5118015122065243	0.7386744178119671	2.2891027279696745	4.191558221828828	[1819, 132, 1032, 370, 1713, 174, 1086, 1112]	357594
298	0.5129747797514992	0.7394947059815025	2.2891027279696745	3.862593861289903	[837, 162, 10, 158, 1713, 174, 1086, 1112]	351782
299	0.5141452276303617	0.7405627397124457	2.2891027279696745	4.160644005963399	[1820, 10, 162, 420, 1822, 1094, 1086, 1096]	357307
300	0.5153128626195008	0.741952003318436	2.2891027279696745	4.212573335239516	[846, 10, 232, 193, 1872, 1115, 1086, 1096]	359401
301	0.5164776914790197	0.7430099624885044	2.2891027279696745	4.048483309073854	[846, 10, 158, 420, 1582, 1087, 1086, 1112]	357747
302	0.5176397209527754	0.7440635841801969	2.2891027279696745	4.554085460999987	[542, 457, 540, 409, 19, 334, 1086, 1112]	358777
303	0.5187989577684178	0.7452627864617349	2.2891027279696745	4.261294471326001	[160, 87, 1265, 159, 1713, 174, 1086, 1112]	356390
304	0.5199554086374283	0.7468542309444812	2.2891027279696745	3.982285179601025	[2405, 1742, 400, 19, 132, 1094, 1086, 1112]	355766
305	0.521109080255159	0.7480403575175236	2.2891027279696745	3.8563424333542855	[432, 422, 19, 241, 217, 261, 1086, 1096]	360759
306	0.5222599793008715	0.7493895791408605	2.2891027279696745	3.703792137954796	[1879, 496, 2729, 438, 2627, 261, 1086, 1112]	359865
307	0.5234081124377751	0.7509232896102958	2.2891027279696745	3.7587007378494057	[1879, 496, 1512, 1031, 132, 1108, 1086, 1112]	357480
308	0.5245534863130658	0.7518168205388301	2.2891027279696745	2.746466612994111	[1549, 162, 107, 734, 1203, 174, 1086, 1112]	357646
309	0.5256961075579647	0.7529796946616699	2.2891027279696745	3.758772679309672	[734, 10, 162, 1192, 836, 1089, 1086, 1112]	359700
310	0.5268359827877562	0.7541371200823513	2.2891027279696745	4.187548668139901	[669, 668, 670, 132, 387, 344, 1086, 1112]	352743
311	0.5279731186018268	0.7551451220499438	2.2891027279696745	3.1475053953643712	[734, 10, 232, 320, 836, 1089, 1086, 1112]	357872
312	0.5291075215837026	0.7564562982869584	2.2891027279696745	3.648598669037632	[1792, 496, 2728, 301, 2627, 261, 1086, 1112]	358160
313	0.5302391983010879	0.757946761148805	2.2891027279696745	3.102610714536892	[3621, 1720, 241, 1031, 132, 1108, 1086, 1112]	353168
314	0.5313681553059033	0.7589391441433662	2.2891027279696745	3.943412470437483	[2538, 10, 734, 19, 132, 1094, 1086, 1112]	357521
315	0.5324943991343231	0.7596958223320902	2.2891027279696745	3.8563424333542855	[432, 422, 19, 241, 217, 261, 1086, 1112]	372713
316	0.5336179363068136	0.7611970979110234	2.2891027279696745	3.1854485211640693	[2196, 2197, 4018, 241, 132, 1108, 1086, 1112]	356472
317	0.534738773328171	0.7623160202969048	2.2891027279696745	4.4868389265039355	[10, 301, 2729, 438, 2267, 261, 1086, 1112]	357635
318	0.5358569166875584	0.763290489965877	2.2891027279696745	3.5730757047846025	[860, 853, 19, 734, 1203, 174, 1086, 1112]	371829
319	0.536972372858544	0.7647693082293139	2.2891027279696745	3.576563806872099	[1743, 1742, 400, 654, 132, 1108, 1086, 1112]	357912
320	0.5380851482991382	0.7660289477996929	2.2891027279696745	3.6567735963563965	[1792, 496, 3366, 3459, 1203, 174, 1086, 1112]	355586
321	0.5391952494518312	0.7672818421114694	2.2891027279696745	4.47632822857224	[3708, 969, 2729, 301, 2627, 261, 1086, 1096]	361709
322	0.5403026827436301	0.7682359526348826	2.2891027279696745	3.9614396959265354	[1807, 157, 10, 158, 1713, 174, 1086, 1112]	351616
323	0.5414074545860965	0.7691861514442331	2.2891027279696745	3.1475053953643712	[734, 10, 232, 320, 836, 1089, 1086, 1112]	360425
324	0.5425095713753831	0.7705987088901965	2.2891027279696745	3.9804230125606725	[420, 1791, 1794, 1879, 836, 1089, 1086, 1112]	359734
325	0.5436090394922712	0.7714216567616842	2.2891027279696745	4.029730269849744	[10, 232, 1792, 496, 3366, 150, 1086, 1112]	351041
326	0.5447058653022072	0.7723587946485031	2.2891027279696745	3.7356206401472143	[1743, 193, 232, 320, 836, 1089, 1086, 1112]	356874
327	0.5458000551553399	0.773292090406595	2.2891027279696745	3.5654025817911563	[1078, 334, 1987, 19, 132, 1108, 1086, 1112]	360242
328	0.5468916153865568	0.7745060912314541	2.2891027279696745	4.064538409968963	[1580, 438, 496, 1879, 836, 1089, 1086, 1112]	354743
329	0.5479805523155213	0.7758860911831184	2.2891027279696745	3.663848643256939	[1792, 496, 1512, 1031, 132, 1108, 1086, 1112]	356352
330	0.5490668722467089	0.777486238089647	2.2891027279696745	3.624514969986202	[3895, 1030, 1032, 1729, 132, 1108, 1086, 1112]	356923
331	0.5501505814694436	0.7785288369324173	2.2891027279696745	3.306766024432017	[432, 422, 19, 132, 1713, 174, 1086, 1112]	353208
332	0.5512316862579348	0.7792240240374704	2.2891027279696745	3.808521662172944	[2047, 232, 10, 157, 1713, 174, 1086, 1112]	356845
333	0.5523101928713134	0.7800160296910349	2.2891027279696745	3.288219694895293	[107, 10, 232, 320, 836, 1089, 1086, 1096]	360206
334	0.5533861075536677	0.7811940244151264	2.2891027279696745	3.648598669037632	[1792, 496, 2729, 301, 2627, 261, 1086, 1112]	356569
335	0.5544594365340798	0.7822192502482501	2.2891027279696745	2.5712032091418053	[107, 10, 734, 19, 132, 1108, 1086, 1112]	368849
336	0.5555301860266624	0.7833854469209256	2.2891027279696745	3.769753605427912	[331, 241, 1031, 132, 19, 334, 1086, 1112]	369983
337	0.556598362230593	0.7844004047393928	2.2891027279696745	3.9453511763576037	[420, 1917, 10, 734, 19, 334, 1086, 1112]	358912
338	0.5576639713301517	0.7852843316514488	2.2891027279696745	2.54041715625058	[1726, 132, 19, 734, 1203, 174, 1086, 1112]	357745
339	0.558727019494756	0.7858740658479627	2.2891027279696745	3.8362086414356593	[158, 10, 734, 19, 387, 344, 1086, 1112]	366322
340	0.5597875128789963	0.7868773631237689	2.2891027279696745	3.8115872818359398	[320, 232, 1792, 496, 132, 1108, 1086, 1112]	356936
341	0.5608454576226725	0.7881816521406826	2.2891027279696745	3.4340241044914075	[3621, 1720, 241, 1587, 132, 1108, 1086, 1112]	356409
342	0.5619008598508284	0.7891741371108689	2.2891027279696745	3.453180887458757	[1580, 438, 2729, 301, 2627, 261, 1086, 1112]	357359
343	0.5629537256737882	0.7900384924160813	2.2891027279696745	4.133187012317101	[1794, 107, 10, 158, 1713, 174, 1086, 1096]	360898
344	0.5640040611871913	0.7911628177378253	2.2891027279696745	3.69328878814052	[1579, 1580, 438, 1779, 132, 1108, 1086, 1112]	376874
345	0.5650518724720273	0.7922811223968124	2.2891027279696745	3.664669885776984	[3819, 438, 2729, 301, 2627, 261, 1086, 1096]	371712
346	0.5660971655946722	0.7931327395152656	2.2891027279696745	4.785211914640262	[5158, 301, 2729, 496, 3366, 150, 1086, 1096]	356875
347	0.5671399466069225	0.794240495417189	2.2891027279696745	4.025785714432804	[2309, 420, 162, 1192, 836, 1089, 1086, 1112]	353081
348	0.568180221546031	0.794886364397813	2.2891027279696745	3.6643882284294476	[734, 19, 241, 132, 387, 344, 1086, 1112]	359357
349	0.569217996434741	0.7963508515919739	2.2891027279696745	4.260393821600781	[2196, 2197, 241, 89, 132, 1108, 1086, 1112]	352373
350	0.5702532772813219	0.7970814169362311	2.2891027279696745	3.755354048290383	[1549, 162, 10, 438, 2627, 261, 1086, 1096]	375809
351	0.5712860700796036	0.7979133535468241	2.2891027279696745	3.7008462190634503	[1792, 232, 10, 301, 2627, 261, 1086, 1112]	355974
352	0.5723163808090113	0.7989955096830047	2.2891027279696745	3.382061594142434	[2267, 261, 217, 241, 132, 1108, 1086, 1096]	356230
353	0.5733442154346	0.7999373258079803	2.2891027279696745	3.9631212499825894	[2884, 2751, 331, 241, 132, 1108, 1086, 1112]	356651
354	0.5743695799070891	0.8010086437515325	2.2891027279696745	3.743450763630099	[1879, 496, 2728, 301, 2627, 261, 1086, 1112]	374395
355	0.5753924801628971	0.802251821737258	2.2891027279696745	3.291713337473161	[3895, 1030, 1031, 241, 132, 1108, 1086, 1112]	359742
356	0.5764129221241756	0.8030625604418702	2.2891027279696745	3.812042463108149	[1819, 1513, 1031, 132, 19, 334, 1086, 1112]	359893
357	0.5774309116988436	0.8042677976855513	2.2891027279696745	3.5231520075490135	[2751, 400, 19, 241, 132, 1108, 1086, 1112]	358480
358	0.5784464547806221	0.8050702711826496	2.2891027279696745	3.5025358060307514	[1549, 107, 811, 3459, 1203, 174, 1086, 1112]	352708
359	0.5794595572490676	0.8058694546553884	2.2891027279696745	4.01751959031417	[1851, 159, 10, 158, 1713, 174, 1086, 1112]	362188
360	0.580470224969607	0.8072555238790067	2.2891027279696745	4.26471172867869	[4343, 453, 853, 855, 836, 1089, 1086, 1112]	372895
361	0.5814784637935708	0.8080457481342403	2.2891027279696745	3.9556966910449303	[359, 158, 10, 301, 2627, 261, 1086, 1112]	359420
362	0.582484279558227	0.8088327325852206	2.2891027279696745	3.7866876418367674	[320, 232, 193, 1265, 255, 174, 1086, 1112]	375444
363	0.5834876780868156	0.8097284559331657	2.2891027279696745	3.4068681568281054	[157, 10, 232, 320, 836, 1089, 1086, 1112]	355600
364	0.5844886651885814	0.8106199823266483	2.2891027279696745	3.707532438555705	[1791, 1792, 232, 320, 836, 1089, 1086, 1112]	355658
365	0.5854872466588084	0.8113964127926925	2.2891027279696745	4.039567391578816	[1792, 232, 10, 438, 132, 1108, 1086, 1112]	354569
366	0.5864834282788529	0.8124063683379211	2.2891027279696745	3.428392705000431	[950, 4588, 1987, 19, 132, 1108, 1086, 1112]	373006
367	0.5874772158161772	0.8129952155355211	2.2891027279696745	3.69377386549397	[2051, 1849, 420, 158, 1713, 174, 1086, 1112]	355974
368	0.5884686150243825	0.8137619078916528	2.2891027279696745	3.8348195744954143	[1792, 496, 3366, 438, 2627, 261, 1086, 1112]	357679
369	0.5894576316432434	0.8146345353536348	2.2891027279696745	3.34120469505008	[3, 19, 241, 1031, 132, 1108, 1086, 1112]	369795
370	0.5904442713987395	0.8155030740780296	2.2891027279696745	4.0036982951226845	[669, 668, 670, 132, 217, 261, 1086, 1112]	357139
371	0.5914285400030896	0.8166321766344798	2.2891027279696745	3.541642580265451	[1819, 241, 1729, 1032, 132, 1108, 1086, 1096]	370832
372	0.5924104431547851	0.8173839579802751	2.2891027279696745	3.4726992588892003	[813, 3284, 734, 19, 132, 1108, 1086, 1112]	361201
373	0.5933899865386218	0.8181326571321417	2.2891027279696745	3.695459118341346	[421, 438, 3366, 3459, 1203, 174, 1086, 1112]	356608
374	0.5943671758257337	0.8188782867266253	2.2891027279696745	2.8085470593567745	[432, 422, 19, 241, 132, 1108, 1086, 1112]	358003
375	0.5953420166736256	0.8198481774980065	2.2891027279696745	3.521461549748267	[2627, 438, 496, 217, 132, 1108, 1086, 1112]	358137
376	0.596314514726206	0.8209506884602878	2.2891027279696745	3.2630822718424026	[3621, 1720, 241, 217, 132, 1108, 1086, 1112]	359609
377	0.5972846756138193	0.8222290794512301	2.2891027279696745	3.4009913776184764	[2196, 2197, 241, 1031, 132, 1108, 1086, 1112]	378626
378	0.5982525049532789	0.8229579143113517	2.2891027279696745	4.098037366760252	[2627, 438, 2729, 496, 3366, 150, 1086, 1112]	358728
379	0.5992180083478995	0.8236837610547909	2.2891027279696745	3.6569300928256956	[2073, 160, 107, 734, 1203, 174, 1086, 1112]	356947
380	0.6001811913875297	0.8244066319323906	2.2891027279696745	3.8462453237043617	[2627, 261, 217, 241, 132, 1094, 1086, 1096]	354997
381	0.6011420596485841	0.8252293830322492	2.2891027279696745	3.547249396054254	[2627, 438, 3366, 3459, 1203, 174, 1086, 1112]	361250
382	0.6021006186940759	0.8260482790925938	2.2891027279696745	3.4424362830909683	[87, 160, 107, 734, 1203, 174, 1086, 1112]	361132
383	0.6030568740736487	0.8267614557909204	2.2891027279696745	3.8740546209197664	[2267, 438, 2729, 301, 2627, 261, 1086, 1112]	358945
384	0.604010831323609	0.8274717085687455	2.2891027279696745	3.0384246023543824	[1546, 158, 10, 734, 1203, 174, 1086, 1112]	358621
385	0.6049624959669582	0.8280906318080956	2.2891027279696745	3.0413108580542865	[3284, 811, 734, 19, 132, 1108, 1086, 1112]	355785
386	0.6059118735134243	0.828630246872872	2.2891027279696745	2.854546524084043	[331, 241, 19, 734, 1203, 174, 1086, 1112]	356246
387	0.6068589694594942	0.8295479167593147	2.2891027279696745	3.319856779838476	[1820, 10, 232, 320, 836, 1089, 1086, 1096]	369983
388	0.6078037892884451	0.8304606726045971	2.2891027279696745	3.813013157523107	[386, 3821, 1819, 241, 132, 1108, 1086, 1112]	354521
389	0.6087463384703768	0.8312550572081783	2.2891027279696745	3.288219694895293	[107, 10, 232, 320, 836, 1089, 1086, 1112]	377203
390	0.6096866224622426	0.8317847392970198	2.2891027279696745	3.5329054504552238	[734, 19, 132, 387, 344, 174, 1086, 1112]	356106
391	0.6106246467078815	0.8326855171552495	2.2891027279696745	4.308369960518216	[2047, 232, 1799, 1019, 1010, 1105, 1086, 1112]	354267
392	0.6115604166380499	0.8335814714276377	2.2891027279696745	3.358720242438106	[1819, 1513, 2680, 241, 132, 1108, 1086, 1112]	355581
393	0.612493937670452	0.8344726279440602	2.2891027279696745	4.286857899916276	[2309, 420, 2149, 161, 1713, 174, 1086, 1112]	355457
394	0.6134252152097724	0.8349922102363674	2.2891027279696745	2.9205297895886497	[3284, 195, 10, 734, 1203, 174, 1086, 1112]	359401
395	0.6143542546477068	0.8355841546352325	2.2891027279696745	3.8975696158467583	[382, 409, 19, 132, 217, 261, 1086, 1112]	352035
396	0.6152810613629928	0.83610024789984	2.2891027279696745	2.6398991473567586	[318, 158, 10, 734, 1203, 174, 1086, 1112]	373648
397	0.616205640721442	0.8366882173549188	2.2891027279696745	3.8258296385514834	[10, 232, 1792, 496, 132, 1108, 1086, 1112]	357682
398	0.6171279980759704	0.8375627375214004	2.2891027279696745	3.632449006765821	[421, 438, 2729, 301, 2627, 261, 1086, 1112]	357620
399	0.6180481387666295	0.8383238450611273	2.2891027279696745	4.451611492568135	[300, 301, 10, 159, 1713, 174, 1086, 1112]	357003
400	0.6189660681206373	0.8393132868035644	2.2891027279696745	3.8599381557643273	[1579, 4018, 241, 1209, 132, 1108, 1086, 1112]	352619
401	0.6198817914524092	0.8399720789039506	2.2891027279696745	2.688783307633825	[1549, 232, 10, 734, 1203, 174, 1086, 1112]	356379
402	0.6207953140635885	0.8404743986897572	2.2891027279696745	4.847079734847298	[1873, 10, 232, 158, 1546, 234, 1086, 1112]	362755
403	0.6217066412430774	0.8411284304006683	2.2891027279696745	3.6106931823205146	[1742, 400, 19, 132, 217, 261, 1086, 1112]	354903
404	0.6226157782670674	0.8416983618923751	2.2891027279696745	2.539418467647492	[158, 10, 734, 19, 132, 1108, 1086, 1112]	358692
405	0.6235227303990702	0.8423473755325759	2.2891027279696745	3.3778428664368425	[813, 669, 668, 670, 132, 1108, 1086, 1112]	359743
406	0.6244275028899477	0.843191591407037	2.2891027279696745	3.90434114883427	[1535, 496, 2728, 301, 2627, 261, 1086, 1112]	353106
407	0.6253301009779426	0.8439263246834514	2.2891027279696745	3.8036175016753244	[107, 10, 232, 1879, 836, 1089, 1086, 1112]	356525
408	0.6262305298887088	0.8448814798163289	2.2891027279696745	3.8055322554048097	[4356, 669, 673, 1032, 132, 1108, 1086, 1112]	358148
409	0.6271287948353417	0.8453683892337581	2.2891027279696745	4.333285611462349	[300, 301, 1580, 438, 970, 261, 1086, 1096]	353061
410	0.6280249010184079	0.8460023562968486	2.2891027279696745	3.920532412077536	[3, 19, 132, 241, 217, 261, 1086, 1112]	376575
411	0.6289188536259762	0.8469644407014914	2.2891027279696745	4.656972302062124	[2636, 162, 481, 1431, 19, 334, 1086, 1112]	359138
412	0.629810657833647	0.8475918641862247	2.2891027279696745	3.7438072266021685	[1819, 241, 1031, 132, 1713, 174, 1086, 1096]	356763
413	0.6307003188045821	0.8484249990394341	2.2891027279696745	3.802582013619082	[5415, 1587, 241, 1031, 132, 1108, 1086, 1112]	359616
414	0.6315878416895351	0.8490464344478912	2.2891027279696745	3.524719702234223	[320, 160, 331, 241, 132, 1108, 1086, 1112]	375145
415	0.6324732316268808	0.8498547774537631	2.2891027279696745	3.8909664916238533	[1791, 420, 162, 1192, 836, 1089, 1086, 1112]	352850
416	0.6333564937426458	0.8505582900541985	2.2891027279696745	4.003961526737238	[1548, 19, 132, 241, 1729, 1094, 1086, 1112]	375264
417	0.6342376331505366	0.8516475153453487	2.2891027279696745	4.102420254314126	[3284, 195, 190, 196, 1078, 334, 1086, 1112]	359114
418	0.6351166549519708	0.8521797109615363	2.2891027279696745	3.4876735118853137	[19, 241, 1031, 132, 1713, 174, 1086, 1112]	355789
419	0.6359935642361056	0.8525857115112636	2.2891027279696745	3.740884399471005	[320, 232, 1792, 496, 217, 261, 1086, 1112]	357105
420	0.6368683660798682	0.8532764281899384	2.2891027279696745	4.185056773917867	[1743, 193, 1265, 415, 255, 174, 1086, 1112]	361341
421	0.6377410655479837	0.8540621199530672	2.2891027279696745	4.186770528218395	[734, 10, 158, 2151, 132, 1108, 1086, 1112]	356933
422	0.6386116676930063	0.8546604439875163	2.2891027279696745	4.244277898526884	[2238, 1549, 107, 438, 2627, 261, 1086, 1112]	355086
423	0.6394801775553467	0.855116657716629	2.2891027279696745	3.4711274093700517	[837, 162, 10, 734, 19, 334, 1086, 1112]	356956
424	0.6403466001633031	0.8560218014626726	2.2891027279696745	3.5117889590193014	[193, 394, 432, 19, 132, 1108, 1086, 1112]	355529
425	0.641210940533089	0.8566120910886	2.23202490513811	2.23202490513811	[320, 232, 10, 734, 1203, 174, 1086, 1112]	357533
426	0.6420732036688623	0.8572839419737535	2.23202490513811	4.005799802958178	[2627, 438, 2040, 1451, 1713, 174, 1086, 1112]	360645
427	0.642933394562755	0.8580481738546579	2.23202490513811	4.115882847959049	[1792, 496, 2728, 1676, 132, 1108, 1086, 1112]	355851
428	0.6437915181949017	0.8588241495806711	2.23202490513811	3.298368396303111	[2607, 1587, 241, 19, 132, 1108, 1086, 1112]	359699
429	0.6446475795334683	0.8594856357602703	2.23202490513811	3.800929998552311	[10, 232, 193, 1265, 255, 174, 1086, 1112]	361663
430	0.6455015835346811	0.8601440225148296	2.23202490513811	4.1980089545708985	[193, 1265, 1580, 438, 2627, 261, 1086, 1112]	355492
431	0.6463535351428551	0.860645737995285	2.23202490513811	3.919440109322614	[2238, 1549, 107, 10, 158, 1115, 1086, 1112]	359430
432	0.6472034392904229	0.8611456536354486	2.23202490513811	3.193290733740417	[320, 232, 10, 734, 19, 334, 1086, 1112]	358275
433	0.6480513008979631	0.8616437758920178	2.23202490513811	3.6946851958319593	[394, 432, 422, 19, 132, 1094, 1086, 1112]	356231
434	0.6488971248742291	0.8622920505780715	2.23202490513811	3.404274121651059	[1917, 10, 232, 320, 836, 1089, 1086, 1112]	356153
435	0.6497409161161771	0.8627860602818331	2.23202490513811	3.6522075585682723	[320, 232, 10, 301, 2627, 261, 1086, 1112]	358604
436	0.6505826795089948	0.8633486174326457	2.23202490513811	3.9541987664481297	[2636, 301, 1580, 438, 2627, 261, 1086, 1112]	357841
437	0.6514224199261295	0.8641849100951289	2.23202490513811	3.3100364968320886	[1580, 494, 2229, 734, 1203, 174, 1086, 1096]	376832
438	0.652260142229316	0.8648212781756911	2.23202490513811	3.7644588152833016	[107, 162, 10, 438, 2627, 261, 1086, 1112]	371661
439	0.6530958512686056	0.8654546645232644	2.23202490513811	3.5973384097669356	[1579, 4018, 241, 1031, 132, 1108, 1086, 1112]	357357
440	0.6539295518823933	0.8661751429068489	2.23202490513811	3.71402166193014	[1794, 1791, 420, 158, 1713, 174, 1086, 1112]	355925
441	0.6547612488974466	0.866595212561508	2.23202490513811	3.056883641605592	[841, 157, 10, 734, 1203, 174, 1086, 1112]	362808
442	0.6555909471289323	0.8672202870549204	2.23202490513811	3.3456798492910815	[158, 651, 734, 19, 132, 1108, 1086, 1112]	359249
443	0.6564186513804459	0.8676966173389229	2.23202490513811	3.3100364968320886	[1580, 494, 2229, 734, 1203, 174, 1086, 1112]	353129
444	0.6572443664440382	0.8681712388487881	2.23202490513811	3.8817231546354893	[1580, 301, 2728, 496, 217, 261, 1086, 1112]	359375
445	0.6580680971002433	0.8687889287958731	2.23202490513811	3.094093728748758	[158, 420, 107, 734, 1203, 174, 1086, 1112]	356361
446	0.6588898481181069	0.8693268750608317	2.23202490513811	4.486905100272758	[1582, 420, 158, 10, 159, 1023, 1086, 1112]	354519
447	0.6597096242552133	0.8700266180991209	2.23202490513811	4.080724151016154	[1555, 2229, 1529, 156, 1713, 174, 1086, 1112]	358756
448	0.6605274302577127	0.8704345981622863	2.23202490513811	3.198256428005487	[1078, 334, 19, 734, 1203, 174, 1086, 1112]	354625
449	0.6613432708603496	0.8710416830313717	2.23202490513811	4.514298867689379	[249, 318, 158, 420, 1546, 234, 1086, 1112]	356029
450	0.6621571507864894	0.8715703933323546	2.23202490513811	2.896796829055301	[2040, 438, 10, 734, 1203, 174, 1086, 1112]	357192
451	0.662969074748146	0.8722724502201151	2.23202490513811	3.8224963303075947	[2297, 400, 19, 241, 132, 1094, 1086, 1112]	355086
452	0.6637790474460092	0.8729564199636857	2.23202490513811	3.547249396054254	[2627, 438, 3366, 3459, 1203, 174, 1086, 1112]	373117
453	0.664587073569472	0.8735516887164589	2.23202490513811	3.583130903848163	[813, 807, 811, 734, 1203, 174, 1086, 1112]	362130
454	0.6653931577966572	0.8743255396129743	2.23202490513811	4.403993262598804	[331, 808, 1265, 193, 1872, 1115, 1086, 1112]	358930
455	0.666197304794445	0.8749143932903396	2.23202490513811	3.012790528604537	[2297, 400, 19, 241, 132, 1108, 1086, 1112]	356549
456	0.6669995192185001	0.8755004878657181	2.23202490513811	3.6357977688474463	[19, 734, 10, 158, 1713, 174, 1086, 1112]	357392
457	0.6677998057132982	0.8758424359886455	2.23202490513811	3.3753105476877643	[1549, 107, 10, 734, 19, 334, 1086, 1096]	353385
458	0.6685981689121532	0.8763514639023218	2.23202490513811	4.1842941382094185	[1548, 19, 132, 1727, 1203, 174, 1086, 1096]	356778
459	0.6693946134372437	0.8768584048757543	2.23202490513811	3.7291029335785426	[860, 853, 733, 734, 1203, 174, 1086, 1096]	358210
460	0.6701891438996405	0.8776120190032816	2.23202490513811	4.00661437282425	[2051, 1849, 420, 545, 132, 1108, 1086, 1112]	358897
461	0.6709817648993324	0.8781854737247364	2.23202490513811	3.432062459683153	[457, 540, 409, 19, 132, 1108, 1086, 1112]	359000
462	0.6717724810252532	0.8787562414967467	2.23202490513811	3.7720964097197704	[1551, 1879, 496, 217, 132, 1108, 1086, 1112]	366112
463	0.6725612968553089	0.879405491110913	2.23202490513811	3.6629032021444026	[734, 10, 232, 1879, 836, 1089, 1086, 1112]	357573
464	0.6733482169564027	0.8797367138220952	2.23202490513811	4.253316686073282	[119, 409, 19, 387, 344, 174, 1086, 1112]	358835
465	0.6741332458844631	0.8801681430215536	2.23202490513811	3.6616659786421684	[1549, 107, 232, 320, 836, 1089, 1086, 1112]	357421
466	0.6749163881844692	0.8808098320278046	2.23202490513811	3.686298423877683	[2028, 493, 217, 241, 132, 1108, 1086, 1112]	356620
467	0.6756976483904773	0.8812374115525773	2.23202490513811	4.184943518170688	[1549, 162, 107, 1546, 234, 174, 1086, 1096]	357953
468	0.6764770310256473	0.8819793685816115	2.23202490513811	3.2769644876399573	[2299, 2297, 400, 19, 132, 1108, 1086, 1112]	356581
469	0.6772545406022688	0.8826245250944671	2.23202490513811	3.3448628999204546	[5420, 435, 422, 19, 132, 1108, 1086, 1112]	354803
470	0.6780301816217869	0.8830455946393292	2.23202490513811	3.8703909050995877	[1549, 162, 10, 157, 1713, 174, 1086, 1112]	357790
471	0.678803958574829	0.8834127087744597	2.23202490513811	2.415559318357274	[1799, 232, 10, 734, 1203, 174, 1086, 1112]	359161
472	0.6795758759412301	0.8837786705563478	2.23202490513811	3.6032426530072312	[1820, 10, 811, 3459, 1203, 174, 1086, 1112]	352696
473	0.6803459381900592	0.884143483602174	2.23202490513811	3.5549313719442193	[2153, 158, 651, 734, 1203, 174, 1086, 1112]	358304
474	0.6811141497796445	0.8846184784307001	2.23202490513811	3.659694296087099	[1527, 651, 734, 19, 132, 1108, 1086, 1112]	356791
475	0.6818805151576002	0.8850323949222991	2.23202490513811	3.306766024432017	[432, 422, 19, 132, 1713, 174, 1086, 1112]	353905
476	0.6826450387608515	0.8855710811185191	2.23202490513811	3.7784467420323216	[420, 107, 811, 3459, 1203, 174, 1086, 1112]	354961
477	0.6834077250156605	0.8859302678756108	2.23202490513811	3.600502834379503	[1917, 420, 107, 734, 1203, 174, 1086, 1112]	360490
478	0.6841685783376521	0.88639793714908	2.23202490513811	3.5390150635545616	[2627, 261, 217, 132, 1713, 174, 1086, 1112]	353286
479	0.6849276031318388	0.8867545284456962	2.23202490513811	2.9030408740226537	[1819, 241, 19, 734, 1203, 174, 1086, 1112]	358597
480	0.6856848037926471	0.8872851455031664	2.23202490513811	3.539820826569735	[158, 10, 811, 3459, 1203, 174, 1086, 1112]	373337
481	0.6864401847039425	0.8875947260971824	2.23202490513811	4.000232476984376	[734, 10, 158, 420, 1546, 234, 1086, 1112]	354278
482	0.687193750239055	0.8880555713345755	2.23202490513811	3.4726992588892003	[813, 3284, 734, 19, 132, 1108, 1086, 1096]	374420
483	0.6879455047608041	0.8884571576937866	2.23202490513811	2.8345335422482703	[2627, 438, 1580, 1579, 1582, 793, 2372, 794]	359806
484	0.6886954526215245	0.8890544597588523	2.23202490513811	4.469781135824117	[2872, 241, 1729, 1822, 3579, 1094, 1086, 1112]	359668
485	0.6894435981630911	0.889359180786126	2.23202490513811	4.081419988863974	[382, 409, 19, 132, 387, 344, 1086, 1112]	358415
486	0.6901899457169443	0.8897064768843838	2.23202490513811	2.280663565633288	[1792, 232, 10, 734, 1203, 174, 1086, 1112]	358117
487	0.6909344996041143	0.8903814621085951	2.23202490513811	4.245907793372072	[2764, 3895, 1030, 1031, 132, 1108, 1086, 1112]	352661
488	0.6916772641352477	0.8907747046313242	2.23202490513811	4.067483050946982	[241, 1587, 132, 387, 344, 174, 1086, 1112]	357654
489	0.6924182436106306	0.8911665364466614	2.23202490513811	2.8480848840704303	[119, 409, 19, 734, 1203, 174, 1086, 1112]	360208
490	0.6931574423202151	0.891832586253786	2.23202490513811	3.610825870478621	[1743, 1742, 400, 1032, 132, 1108, 1086, 1096]	355842
491	0.6938948645436429	0.8921721184537428	2.23202490513811	3.262327615820401	[2689, 1549, 10, 734, 1203, 174, 1086, 1112]	360004
492	0.6946305145502709	0.8926141970497323	2.23202490513811	3.485600512032306	[846, 10, 811, 734, 1203, 174, 1086, 1112]	357770
493	0.6953643965991958	0.8930544631879213	2.23202490513811	4.140894822674862	[1726, 132, 19, 23, 5272, 174, 1086, 1112]	357658
494	0.6960965149392779	0.893708959074029	2.23202490513811	3.6150967736772577	[160, 331, 241, 1209, 132, 1108, 1086, 1112]	358212
495	0.6968268738091672	0.8940902646258203	2.23202490513811	3.7810181910675924	[10, 494, 2229, 734, 19, 334, 1086, 1112]	370261
496	0.6975554774373266	0.894657401900984	2.23202490513811	4.148987092007214	[304, 684, 1580, 438, 2627, 261, 1086, 1096]	361180
497	0.6982823300420571	0.8950892911971261	2.23202490513811	3.769753605427912	[331, 241, 1031, 132, 19, 334, 1086, 1096]	358065
498	0.6990074358315221	0.895731334141291	2.23202490513811	3.365210460534284	[3621, 1720, 241, 1209, 132, 1108, 1086, 1112]	362071
499	0.6997307990037714	0.8960586283630853	2.23202490513811	3.801933262462364	[237, 159, 10, 734, 1203, 174, 1086, 1112]	356011
