0	0.00240325927734375	0.00409985422740522	4.626824858128547	4.626824858128547	[2636, 301, 2729, 438, 254, 174, 1086, 1112]	292641
1	0.004800742899533361	0.00818289965012442	3.956860797471885	3.956860797471885	[305, 496, 217, 241, 132, 1108, 1086, 1112]	281917
2	0.0071924647469656655	0.013493992589464487	3.1264053718353413	3.1264053718353413	[2872, 241, 1126, 19, 132, 1108, 1086, 1112]	284193
3	0.00957843866667929	0.01659058650223466	3.1264053718353413	3.262327615820401	[2636, 1549, 10, 734, 1203, 174, 1086, 1112]	528742
4	0.011958678472434925	0.0196774603587776	2.929759092679661	2.929759092679661	[1606, 1019, 10, 734, 1203, 174, 1086, 1112]	394075
5	0.01433319794479504	0.024270808368341945	2.929759092679661	3.878323214195432	[19, 400, 654, 493, 217, 261, 1086, 1112]	297876
6	0.01670201083120393	0.028842634026757685	2.929759092679661	3.69377386549397	[2051, 1849, 420, 158, 1713, 174, 1086, 1112]	1848208
7	0.019065130846067313	0.03404309591392318	2.929759092679661	3.6653897307665373	[10, 734, 19, 241, 1729, 1094, 1086, 1112]	515773
8	0.021422571670831503	0.037075187200465654	2.929759092679661	3.27350296341553	[2047, 232, 107, 734, 1203, 174, 1086, 1112]	575149
9	0.023774346954062775	0.04158701733124237	2.929759092679661	4.337790612913592	[3284, 2308, 651, 19, 132, 1094, 1086, 1112]	2456788
10	0.026120470311526423	0.04502520166001256	2.929759092679661	3.337596016745529	[107, 162, 10, 734, 19, 334, 1086, 1112]	621684
11	0.02846095532626547	0.048940459124052205	2.929759092679661	3.0246630527938976	[87, 1529, 2229, 734, 1203, 174, 1086, 1096]	537715
12	0.030795815548679273	0.0523522639183297	2.929759092679661	3.9244188126901696	[1799, 232, 1792, 496, 217, 261, 1086, 1112]	2401256
13	0.03312506449660224	0.05623748149519514	2.929759092679661	3.765779823403168	[377, 162, 107, 734, 19, 334, 1086, 1096]	711629
14	0.03544871565538188	0.06010677024635369	2.929759092679661	3.7925866042151446	[2238, 1549, 232, 320, 836, 1089, 1086, 1096]	1877221
15	0.03776678247795695	0.06305704893907926	2.929759092679661	3.6984234639427633	[1259, 734, 19, 132, 1713, 174, 1086, 1112]	4900954
16	0.04007927838493508	0.06641821226798084	2.929759092679661	3.8849796129217076	[420, 158, 10, 161, 1713, 174, 1086, 1112]	678029
17	0.042386216764671025	0.06898237123086781	2.929759092679661	4.338101031842454	[3284, 811, 734, 19, 387, 344, 1086, 1112]	1187504
18	0.04468761097334362	0.07334469872926552	2.929759092679661	3.551534527875627	[161, 10, 734, 19, 132, 1094, 1086, 1112]	5214942
19	0.04698347433503336	0.07666895642674498	2.3672254211503034	2.3672254211503034	[1549, 162, 10, 734, 1203, 174, 1086, 1112]	1486817
20	0.049273820141799596	0.08231964917698287	2.3672254211503034	3.322020596299053	[1647, 1697, 241, 1031, 132, 1108, 1086, 1112]	1027805
21	0.05155866165375744	0.08561171038449522	2.3672254211503034	4.074074781591419	[107, 162, 1541, 159, 1713, 174, 1086, 1112]	5891555
22	0.0538380120991544	0.08936056907916523	2.3672254211503034	4.374100418247768	[377, 162, 107, 10, 159, 1023, 1086, 1112]	845652
23	0.056111884674447055	0.09186171497708007	2.3672254211503034	3.9145172811755202	[157, 651, 811, 734, 1203, 174, 1086, 1112]	417307
24	0.05838029254437771	0.09834571534613767	2.3672254211503034	3.5466981557212787	[2196, 2197, 241, 1720, 132, 1108, 1086, 1112]	4000878
25	0.06064324884205019	0.10204236647673381	2.3672254211503034	3.687647475626422	[300, 301, 1580, 438, 2627, 261, 1086, 1112]	825347
26	0.06290076666900601	0.10685085026426844	2.3672254211503034	3.687647475626422	[300, 301, 1580, 438, 2627, 261, 1086, 1112]	411913
27	0.06515285909530044	0.11051263158151581	2.3672254211503034	2.687257635897571	[1917, 10, 734, 19, 132, 1108, 1086, 1112]	4034292
28	0.06739953915957797	0.11370355406069566	2.3672254211503034	3.524719702234223	[107, 160, 331, 241, 132, 1108, 1086, 1112]	1047000
29	0.06964081986914772	0.11794285466308396	2.3672254211503034	2.929759092679661	[1606, 1019, 10, 734, 1203, 174, 1086, 1096]	414575
30	0.07187671420005914	0.12207577548150983	2.3672254211503034	2.6565690702175355	[2872, 241, 19, 734, 1203, 174, 1086, 1096]	4460284
31	0.07410723509717665	0.12522521665683917	2.3672254211503034	4.15538565099414	[157, 651, 734, 19, 132, 1094, 1086, 1112]	588924
32	0.07633239547425485	0.1305787499975991	2.3672254211503034	4.176360707134679	[1794, 1791, 420, 2307, 1468, 1089, 1086, 1112]	420115
33	0.07855220821401321	0.13414325038481734	2.3672254211503034	4.154698620066639	[1726, 132, 19, 1548, 255, 174, 1086, 1112]	4145160
34	0.08076668616821081	0.13877983677533112	2.3672254211503034	3.956416336917309	[432, 15, 1557, 158, 1713, 174, 1086, 1112]	545705
35	0.08297584215772047	0.14231071390225436	2.3672254211503034	3.7199577016724614	[1549, 162, 10, 158, 1713, 174, 1086, 1112]	412269
36	0.0851796889726033	0.14538756481698634	2.3672254211503034	3.5039991897862475	[1799, 1019, 19, 734, 1203, 174, 1086, 1112]	4012996
37	0.08737823937218236	0.14845337792151725	2.3672254211503034	2.8859392283917114	[677, 132, 19, 734, 1203, 174, 1086, 1112]	964448
38	0.08957150608511699	0.15377332766378182	2.3672254211503034	3.172579377897966	[2405, 1742, 400, 19, 132, 1108, 1086, 1112]	1240540
39	0.09175950180947601	0.15773836309226263	2.3672254211503034	3.947748033706058	[677, 132, 1032, 370, 1713, 174, 1086, 1112]	5708180
40	0.09394223921281164	0.16119151302492007	2.3672254211503034	3.6333958461554463	[1792, 232, 10, 158, 1713, 174, 1086, 1112]	923918
41	0.0961197309322328	0.16568325835887354	2.3672254211503034	3.9710259863075397	[1580, 438, 1512, 1031, 132, 1108, 1086, 1112]	423700
42	0.09829198957447793	0.16797477772983616	2.3672254211503034	3.337596016745529	[107, 162, 10, 734, 19, 334, 1086, 1112]	4205290
43	0.10045902771598825	0.1730666880736088	2.3672254211503034	4.487051062426456	[2028, 331, 808, 1265, 255, 174, 1086, 1112]	701642
44	0.10262085790298059	0.176033205853957	2.3672254211503034	3.193290733740417	[320, 232, 10, 734, 19, 334, 1086, 1112]	415719
45	0.10477749265152003	0.18107579943133667	2.3672254211503034	3.5061498209271322	[332, 165, 261, 217, 132, 1108, 1086, 1112]	3735978
46	0.10692894444759216	0.1860875328452155	2.3672254211503034	3.4824921536045634	[1647, 1697, 241, 217, 132, 1108, 1086, 1112]	772209
47	0.10907522574717565	0.18942445531441787	2.3672254211503034	3.2442193656328557	[846, 10, 232, 320, 836, 1089, 1086, 1096]	411086
48	0.11121634897631416	0.19196881214413686	2.3672254211503034	3.9657513235417685	[846, 10, 162, 420, 158, 1115, 1086, 1112]	3794222
49	0.11335232653118832	0.19418813608539132	2.3672254211503034	3.9007689182085175	[1549, 162, 107, 420, 1822, 1094, 1086, 1112]	704737
50	0.11548317077818748	0.19850318741830708	2.3672254211503034	3.9059679753639127	[1799, 232, 3, 19, 132, 1108, 1086, 1112]	424886
51	0.11760889405398145	0.20279513203259592	2.3672254211503034	3.653160679904725	[811, 669, 673, 670, 132, 1108, 1086, 1112]	3514309
52	0.11972950866559184	0.20565500281213456	2.3672254211503034	4.026726266618073	[843, 840, 651, 734, 1203, 174, 1086, 1112]	1004779
53	0.12184502689046317	0.20814841275029394	2.3672254211503034	4.161437518932288	[320, 232, 107, 734, 19, 334, 1086, 1112]	417155
54	0.1239554609765342	0.21238870803514387	2.3672254211503034	3.3456798492910815	[1586, 107, 734, 19, 132, 1108, 1086, 1112]	3437168
55	0.1260608231423087	0.21521416308444374	2.3672254211503034	3.625135630617468	[813, 807, 811, 3459, 1203, 174, 1086, 1112]	933060
56	0.12816112557692616	0.21889131454854205	2.3672254211503034	2.970867311564371	[1820, 733, 734, 19, 132, 1108, 1086, 1112]	553245
57	0.13025638044023236	0.22209374629465317	2.3672254211503034	2.7920040186827486	[824, 2149, 420, 158, 10, 734, 19, 794]	4014973
58	0.1323465998628499	0.22634614928502494	2.3672254211503034	3.561462934923987	[2607, 1587, 241, 217, 132, 1108, 1086, 1112]	824323
59	0.13443179594624832	0.2304889972986114	2.3672254211503034	4.590142104364226	[2149, 420, 1791, 1792, 232, 1023, 1086, 1112]	501922
60	0.13651198076281423	0.2351983269312049	2.3672254211503034	3.8849067625269793	[19, 299, 1511, 1031, 132, 1108, 1086, 1096]	3459958
61	0.13858716635592117	0.23929377231563942	2.3672254211503034	3.740884399471005	[320, 232, 1792, 496, 217, 261, 1086, 1112]	924874
62	0.14065736473999924	0.24168159180823123	2.3672254211503034	3.145076353641053	[2636, 301, 10, 734, 1203, 174, 1086, 1096]	1785077
63	0.14272258790060488	0.24574231988208495	2.3672254211503034	3.74393319068061	[1726, 132, 241, 1729, 1822, 1094, 1086, 1112]	2925503
64	0.14478284779449002	0.24883466642046925	2.3672254211503034	3.5200445668919675	[2764, 1511, 1031, 241, 132, 1108, 1086, 1112]	839824
65	0.14683815634967146	0.25152937624278104	2.3672254211503034	3.9375769146437385	[420, 107, 232, 320, 836, 1089, 1086, 1112]	657428
66	0.1488885254654998	0.2561099408808587	2.3672254211503034	3.610825870478621	[1743, 1742, 400, 1032, 132, 1108, 1086, 1112]	4357439
67	0.15093396701272854	0.26009340642026024	2.3672254211503034	3.6552327096452704	[1819, 3821, 2680, 241, 132, 1108, 1086, 1112]	779959
68	0.15297449283358266	0.26405554085366156	2.3672254211503034	4.156827209505522	[394, 432, 15, 1557, 158, 1115, 1086, 1112]	518960
69	0.15501011474182713	0.26669564773038235	2.3672254211503034	3.802173346225537	[1549, 107, 10, 438, 2627, 261, 1086, 1112]	3751224
70	0.1570408445228355	0.2693262835604312	2.3672254211503034	4.235218727328377	[320, 232, 107, 420, 158, 1115, 1086, 1112]	719501
71	0.1590666939336579	0.27194748231998	2.3672254211503034	2.9216081390660067	[87, 415, 733, 734, 1203, 174, 1086, 1112]	528847
72	0.16108767470308916	0.27455927786331547	2.3672254211503034	2.9305764039857216	[3284, 2308, 651, 734, 1203, 174, 1086, 1112]	3539452
73	0.16310379853173695	0.2775334790746995	2.3672254211503034	3.8689458187402366	[1794, 107, 811, 3459, 1203, 174, 1086, 1112]	505932
74	0.16511507709208928	0.2798012660056173	2.3672254211503034	3.4762812789342155	[734, 19, 132, 241, 217, 261, 1086, 1112]	544147
75	0.1671215220285821	0.2831757915189188	2.3672254211503034	3.674922902246487	[107, 1549, 162, 1192, 836, 1089, 1086, 1112]	3203584
76	0.1691231449576669	0.28542586750815213	2.3672254211503034	4.191579755495888	[1791, 420, 158, 10, 494, 636, 1086, 1112]	486869
77	0.17111995746787756	0.28925234885070383	2.3672254211503034	3.8995581527633956	[1703, 160, 331, 241, 132, 1108, 1086, 1112]	417240
78	0.17311197111989796	0.2918020653926138	2.3672254211503034	3.5396788306463476	[1879, 232, 107, 734, 1203, 174, 1086, 1112]	4119893
79	0.1750991974466285	0.2955944027588697	2.3672254211503034	3.648598669037632	[1792, 496, 2728, 301, 2627, 261, 1086, 1112]	602790
80	0.1770816479532532	0.2988949287767634	2.3672254211503034	3.1941925614291695	[841, 1820, 733, 734, 1203, 174, 1086, 1112]	1293707
81	0.179059334117306	0.3021799900226032	2.3672254211503034	3.8424281912796907	[1851, 1799, 232, 320, 836, 1089, 1086, 1112]	5659913
82	0.18103226738873734	0.3059167545194179	2.3672254211503034	4.4471435830913775	[320, 160, 331, 241, 19, 334, 1086, 1112]	2255466
83	0.18300045918998054	0.3091689146658805	2.3672254211503034	4.083002011391491	[1791, 420, 162, 107, 836, 1089, 1086, 1112]	2718831
84	0.18496392091601777	0.3124058366608863	2.3672254211503034	3.8700453810595805	[3621, 1720, 132, 241, 1729, 1094, 1086, 1096]	2341288
85	0.18692266393444623	0.3166138435084086	2.3672254211503034	4.1954233925584665	[2238, 1549, 232, 1192, 836, 1089, 1086, 1112]	1299820
86	0.18887669958554376	0.3190654041782206	2.3672254211503034	3.2855088655485964	[19, 241, 1729, 1032, 132, 1108, 1086, 1112]	1366619
87	0.19082603918233454	0.321857136759487	2.3672254211503034	4.065700824040366	[2627, 301, 1580, 438, 8, 174, 1086, 1112]	3983375
88	0.1927706940106546	0.3250346074847914	2.3672254211503034	3.0179133925676274	[1712, 132, 19, 734, 1203, 174, 1086, 1096]	648126
89	0.19471067532921726	0.32780186720264715	2.3672254211503034	3.7255388316538216	[2047, 232, 10, 301, 2627, 261, 1086, 1112]	429990
90	0.19664599436967822	0.33055778155905025	2.3672254211503034	2.687257635897571	[1917, 10, 734, 19, 132, 1108, 1086, 1112]	3548951
91	0.19857666233670057	0.33330239706832887	2.3672254211503034	4.242990899977438	[377, 162, 107, 1546, 234, 174, 1086, 1112]	1026370
92	0.2005026904080197	0.3373825190762575	2.3672254211503034	4.469781135824117	[2872, 241, 1729, 1822, 1210, 1117, 1086, 1112]	712612
93	0.20242408973450798	0.3414376711495015	2.3672254211503034	3.8575721757290022	[1526, 1529, 2229, 734, 1203, 174, 1086, 1112]	2561344
94	0.20434087144023938	0.3449642142325351	2.3672254211503034	4.180132176363253	[2309, 420, 162, 2636, 836, 1089, 1086, 1112]	721389
95	0.20625304662255384	0.3476497654679155	2.3672254211503034	4.120089008996412	[1586, 107, 10, 438, 2627, 261, 1086, 1112]	2749060
96	0.20816062635212151	0.3499899887263612	2.3672254211503034	2.8480848840704303	[119, 409, 19, 734, 1203, 174, 1086, 1112]	5366005
97	0.21006362167300685	0.3523218167323652	2.3672254211503034	3.0426603400095615	[734, 19, 241, 1720, 132, 1108, 1086, 1112]	468748
98	0.21196204360273252	0.3549772028700331	2.3672254211503034	4.237247823578639	[1579, 1580, 438, 10, 232, 1023, 1086, 1112]	447181
99	0.21385590313234326	0.3589246772551411	2.3672254211503034	4.068605177050142	[1551, 1879, 232, 320, 836, 1089, 1086, 1112]	4053838
100	0.2157452112264695	0.36155299262718177	2.3672254211503034	4.0671074008829	[377, 162, 107, 10, 232, 1023, 1086, 1112]	1052623
101	0.21762997882339075	0.3641705322893334	2.3672254211503034	3.2442193656328557	[846, 10, 232, 320, 836, 1089, 1086, 1112]	655494
102	0.21951021683509908	0.3661663697647086	2.3672254211503034	2.8859392283917114	[545, 132, 19, 734, 1203, 174, 1086, 1112]	3959456
103	0.22138593614736213	0.3684401670670514	2.3672254211503034	3.288219694895293	[107, 10, 232, 320, 836, 1089, 1086, 1112]	594752
104	0.22325714761978632	0.37102947031796085	2.3672254211503034	3.9657513235417685	[846, 10, 162, 420, 158, 1115, 1086, 1112]	439767
105	0.22512386208587953	0.37397654172942396	2.3672254211503034	2.5664221723022065	[1580, 438, 10, 734, 1203, 174, 1086, 1112]	4391673
106	0.2269860903531139	0.3765431466512694	2.3672254211503034	3.8703909050995877	[1549, 162, 10, 157, 1713, 174, 1086, 1112]	761486
107	0.22884384320298856	0.3794643834693341	2.3672254211503034	3.8136086586519014	[1019, 10, 232, 1192, 836, 1089, 1086, 1112]	446823
108	0.23069713139109171	0.3820084890400228	2.3672254211503034	3.668792192773367	[1792, 232, 10, 438, 2627, 261, 1086, 1112]	4154161
109	0.23254596564716323	0.3853177789779295	2.3672254211503034	2.7597726168741232	[195, 10, 734, 19, 132, 1108, 1086, 1112]	638516
110	0.23439035667515662	0.38752287304250166	2.3672254211503034	3.87262081138746	[2238, 1549, 162, 10, 158, 1115, 1086, 1112]	430398
111	0.23623031515330084	0.3900339399806474	2.3672254211503034	3.974311303955565	[1579, 1580, 301, 10, 158, 1115, 1086, 1112]	3600742
112	0.23806585173416261	0.3933002543378641	2.3672254211503034	3.6653897307665373	[10, 734, 19, 241, 1729, 1094, 1086, 1112]	551733
113	0.23989697704470747	0.39709054845903524	2.3672254211503034	3.136098455518062	[420, 158, 651, 734, 1203, 174, 1086, 1112]	635179
114	0.2417237016863618	0.39961388600733727	2.3672254211503034	3.854947601505576	[2196, 2197, 241, 132, 19, 334, 1086, 1112]	3100654
115	0.24354603623507398	0.40126289571984153	2.3672254211503034	3.7351903890873936	[320, 232, 10, 157, 1713, 174, 1086, 1112]	468097
116	0.24536399124137553	0.4049271063385609	2.3672254211503034	4.005826309827379	[1726, 132, 1032, 1729, 1822, 1094, 1086, 1096]	513513
117	0.2471775772304423	0.4070618544424165	2.3672254211503034	3.1774264966636374	[2709, 2051, 1849, 420, 1582, 793, 2372, 794]	3806620
118	0.24898680470215562	0.40949281440507057	2.3672254211503034	3.6901637387024984	[193, 394, 432, 422, 19, 334, 1086, 1112]	3064585
119	0.2507916841311627	0.4116111836135983	2.3672254211503034	3.291102902476779	[420, 158, 10, 734, 19, 334, 1086, 1112]	1006964
120	0.25259222596693753	0.4152120637553607	2.3672254211503034	4.423172153662267	[2872, 241, 1209, 132, 1729, 1094, 1086, 1112]	2025425
121	0.25438844063384136	0.41704768436996786	2.3672254211503034	4.072177634142197	[1791, 420, 158, 1546, 234, 174, 1086, 1112]	369407
122	0.2561803385311828	0.4194377038855793	2.3672254211503034	3.37240399288562	[1873, 10, 232, 320, 836, 1089, 1086, 1112]	370209
123	0.25796793003327845	0.42254656368508536	2.3672254211503034	3.7587007378494057	[1879, 496, 1512, 1031, 132, 1108, 1086, 1112]	369568
124	0.25975122548951257	0.42491403859709076	2.3672254211503034	3.1794985509349294	[846, 162, 107, 734, 1203, 174, 1086, 1112]	360559
125	0.2615302352243972	0.4276086312942098	2.3672254211503034	4.065536089672346	[158, 420, 162, 2636, 836, 1089, 1086, 1112]	366629
126	0.26330496953763205	0.4311116086715625	2.3672254211503034	3.4005560863209308	[318, 158, 1557, 734, 1203, 174, 1086, 1112]	366797
127	0.2650754387041637	0.43344396814767217	2.3672254211503034	2.6565690702175355	[2872, 241, 19, 734, 1203, 174, 1086, 1112]	366517
128	0.2668416529742458	0.4350000607644541	2.3298370738744723	2.3298370738744723	[420, 158, 10, 734, 1203, 174, 1086, 1112]	369961
129	0.26860362257349746	0.4370269259801428	2.3298370738744723	3.3768251469595807	[1799, 232, 10, 734, 19, 334, 1086, 1112]	371682
130	0.2703613577029633	0.4393350335175784	2.3298370738744723	2.9030408740226537	[1819, 241, 19, 734, 1203, 174, 1086, 1112]	367156
131	0.2721148685391722	0.4416336781505694	2.3298370738744723	3.020181162092983	[19, 734, 811, 3459, 1203, 174, 1086, 1112]	367700
132	0.273864165234196	0.4439228986756445	2.3298370738744723	2.568622653167867	[432, 422, 19, 734, 1203, 174, 1086, 1112]	368353
133	0.27560925791570867	0.44591775434844394	2.3298370738744723	3.881687683435194	[77, 19, 400, 1032, 132, 1108, 1086, 1112]	375543
134	0.27735015668704466	0.4485139331337751	2.3298370738744723	3.5741700138985717	[1532, 1742, 400, 19, 132, 1108, 1086, 1096]	366206
135	0.27908687162725754	0.45109794739959974	2.3298370738744723	3.6629032021444026	[734, 10, 232, 1879, 836, 1089, 1086, 1112]	364521
136	0.2808194127911783	0.45366985414335426	2.3298370738744723	3.6425075611488076	[1265, 159, 651, 734, 1203, 174, 1086, 1112]	359212
137	0.2825477902094734	0.45659540380284724	2.3298370738744723	4.23399709618056	[1579, 1580, 438, 79, 148, 1108, 1086, 1112]	367555
138	0.28427201388870327	0.458087909102461	2.3298370738744723	3.4905076372577577	[10, 734, 19, 132, 387, 344, 1086, 1112]	373877
139	0.2859920938113798	0.45957631511383734	2.2891027279696745	2.2891027279696745	[241, 132, 19, 734, 1203, 174, 1086, 1112]	360487
140	0.28770803993602434	0.4615150161517739	2.2891027279696745	3.3102258924994956	[87, 160, 331, 241, 132, 1108, 1086, 1112]	370188
141	0.2894198621972255	0.4637227260891983	2.2891027279696745	4.2641197281188745	[2238, 1549, 107, 10, 232, 1023, 1086, 1112]	364241
142	0.29112757050569615	0.46564655240663977	2.2891027279696745	2.568622653167867	[432, 422, 19, 734, 1203, 174, 1086, 1112]	367384
143	0.29283117474833154	0.46783732364768393	2.2891027279696745	2.925855379199188	[320, 157, 10, 734, 1203, 174, 1086, 1096]	367313
144	0.29453068478826594	0.4703307972457529	2.2891027279696745	3.664881052757835	[3353, 2872, 241, 1031, 132, 1108, 1086, 1112]	368763
145	0.29622611046492986	0.47281258755436817	2.2891027279696745	4.259167206264221	[77, 786, 19, 132, 217, 261, 1086, 1112]	366306
146	0.29791746159410726	0.47563562956782124	2.2891027279696745	4.055200475345514	[3136, 1468, 2307, 420, 158, 1115, 1086, 1112]	368792
147	0.2996047479679923	0.47778544704863823	2.2891027279696745	4.546830496726895	[709, 1580, 301, 10, 158, 1115, 1086, 1112]	367653
148	0.30128797935524576	0.47992645059116845	2.2891027279696745	3.394712441481685	[2872, 241, 19, 132, 1713, 174, 1086, 1112]	367626
149	0.30296716550105185	0.48236328000843187	2.2891027279696745	3.860135241107651	[390, 1078, 334, 19, 132, 1108, 1086, 1112]	365125
150	0.30464231612717463	0.483988116252825	2.2891027279696745	3.8257165047898125	[846, 10, 158, 19, 132, 1108, 1086, 1096]	368077
151	0.3063134409320143	0.4861036897557972	2.2891027279696745	3.991784379916493	[1791, 420, 107, 10, 158, 1115, 1086, 1112]	360750
152	0.3079805495906631	0.48885555909131084	2.2891027279696745	4.038142496038849	[4210, 87, 1265, 734, 1203, 174, 1086, 1112]	363476
153	0.30964365175496167	0.49159269240967707	2.2891027279696745	4.014376317445653	[87, 1265, 415, 10, 158, 1115, 1086, 1112]	367141
154	0.3113027570535547	0.49318855798177275	2.2891027279696745	3.060821321900491	[1723, 241, 19, 734, 1203, 174, 1086, 1112]	358221
155	0.31295787509194684	0.4952664110148285	2.2891027279696745	3.6382931079285834	[1791, 420, 158, 19, 132, 1108, 1086, 1112]	369450
156	0.31460901545255804	0.4979692147875818	2.2891027279696745	3.7942451560938837	[1579, 1580, 438, 217, 132, 1108, 1086, 1112]	368866
157	0.3162561876947795	0.5000274678246226	2.2891027279696745	2.9647448912680154	[846, 10, 107, 734, 1203, 174, 1086, 1112]	364321
158	0.31789940135502837	0.501821055511795	2.2891027279696745	3.4994098055411538	[1580, 301, 2627, 261, 132, 1108, 1086, 1096]	368490
159	0.3195386659468036	0.5038635165633593	2.2891027279696745	4.257186407946134	[2238, 1549, 10, 438, 2627, 261, 1086, 1112]	367854
160	0.3211739909607406	0.5058976038223469	2.2891027279696745	3.443972867779607	[3136, 1468, 2229, 734, 1203, 174, 1086, 1112]	366364
161	0.32280538586466645	0.507923351620087	2.2891027279696745	3.4114089537233285	[1548, 19, 241, 1031, 132, 1108, 1086, 1112]	366108
162	0.32443286010365446	0.5096886138312713	2.2891027279696745	3.973554461563068	[161, 10, 158, 420, 1822, 1094, 1086, 1112]	366832
163	0.326056423100079	0.5119859912133613	2.2891027279696745	4.333843992770797	[119, 400, 654, 493, 217, 261, 1086, 1112]	365618
164	0.3276760842536699	0.5135178432219689	2.2891027279696745	3.241929394235595	[1792, 232, 10, 734, 19, 334, 1086, 1112]	368326
165	0.3292918529415674	0.5155123491489926	2.2891027279696745	3.920080727204974	[1529, 2229, 494, 10, 158, 1115, 1086, 1112]	372571
166	0.3309037385183756	0.5172503867995262	2.2891027279696745	3.4904031527282946	[1580, 438, 496, 217, 132, 1108, 1086, 1112]	365682
167	0.3325117503162174	0.5192295898419844	2.2891027279696745	2.8002573590911224	[846, 162, 10, 734, 1203, 174, 1086, 1112]	368200
168	0.3341158976447879	0.5212006784404821	2.2891027279696745	2.509861580767745	[837, 162, 10, 734, 1203, 174, 1086, 1112]	367153
169	0.3357161897914087	0.5225157400536522	2.2891027279696745	3.3491242693505496	[158, 10, 734, 19, 132, 1094, 1086, 1112]	360906
170	0.33731263602108175	0.5250726260770455	2.2891027279696745	3.614137437755602	[542, 457, 540, 19, 132, 1108, 1086, 1112]	365950
171	0.33890524557654256	0.5265633997814632	2.2891027279696745	3.59080042421457	[2627, 301, 10, 734, 19, 334, 1086, 1112]	361330
172	0.34049402767831405	0.5290986109446493	2.2891027279696745	3.740884399471005	[320, 232, 1792, 496, 217, 261, 1086, 1112]	368331
173	0.34207899152475973	0.5313050418596317	2.2891027279696745	3.7530974312727032	[10, 107, 162, 1192, 836, 1089, 1086, 1112]	366908
174	0.34366014629213726	0.5335011344373406	2.2891027279696745	2.539418467647492	[158, 10, 734, 19, 132, 1108, 1086, 1096]	366201
175	0.3452375011346511	0.5347824118390936	2.23202490513811	2.23202490513811	[320, 232, 10, 734, 1203, 174, 1086, 1112]	363701
176	0.3468110651845061	0.5372736109189105	2.23202490513811	3.7296544894291426	[1456, 1603, 2004, 19, 132, 1108, 1086, 1112]	370091
177	0.34838084755195975	0.5394417374816602	2.23202490513811	3.367189747680925	[813, 669, 811, 3459, 1203, 174, 1086, 1096]	364916
178	0.34994685732537534	0.5419079862843407	2.23202490513811	3.8115872818359398	[320, 232, 1792, 496, 132, 1108, 1086, 1112]	366412
179	0.35150910357127463	0.5431661735778712	2.23202490513811	2.376330188143222	[107, 162, 10, 734, 1203, 174, 1086, 1112]	366104
180	0.3530675953343899	0.5448050066605399	2.23202490513811	3.291102902476779	[420, 158, 10, 734, 19, 334, 1086, 1112]	367388
181	0.3546223416377169	0.5466712397782764	2.23202490513811	3.827949602053642	[1792, 496, 217, 132, 19, 334, 1086, 1112]	369107
182	0.35617335148256646	0.5490987752349287	2.23202490513811	3.8191751535428207	[2004, 19, 400, 654, 132, 1108, 1086, 1112]	368207
183	0.3577206338486171	0.5512114944263519	2.23202490513811	3.4905076372577577	[10, 734, 19, 132, 387, 344, 1086, 1112]	364308
184	0.3592641976939669	0.5533143143712513	2.23202490513811	3.9856784631552626	[241, 217, 493, 654, 132, 1108, 1086, 1112]	365949
185	0.36080405195518517	0.5549167422932295	2.23202490513811	3.705919241862378	[10, 301, 1580, 438, 2627, 261, 1086, 1112]	370958
186	0.36234020554736446	0.5576406068866291	2.23202490513811	3.567274330130336	[377, 162, 733, 734, 1203, 174, 1086, 1112]	366661
187	0.3638726673641719	0.5592275147860313	2.23202490513811	3.1025884658578153	[10, 734, 19, 132, 1713, 174, 1086, 1112]	359050
188	0.36540144627790083	0.5623745784039094	2.23202490513811	3.624514969986202	[3895, 1030, 1032, 1729, 132, 1108, 1086, 1112]	363537
189	0.36692655113952244	0.5651085981140057	2.23202490513811	3.291713337473161	[3895, 1030, 1031, 241, 132, 1108, 1086, 1112]	364015
190	0.36844799077873636	0.5666687155474297	2.23202490513811	4.00143878985246	[4290, 409, 19, 241, 132, 1108, 1086, 1112]	364986
191	0.3699657740040224	0.5693206592512082	2.23202490513811	4.5246076614156125	[482, 480, 1018, 1020, 836, 1089, 1086, 1112]	365472
192	0.3714799096026914	0.5706725405523867	2.23202490513811	3.4711274093700517	[837, 162, 10, 734, 19, 334, 1086, 1112]	366574
193	0.3729904063409356	0.5729715511640536	2.23202490513811	3.34120469505008	[3, 19, 241, 1031, 132, 1108, 1086, 1112]	367924
194	0.37449727296388025	0.5743119724948026	2.23202490513811	2.9205297895886497	[3284, 195, 10, 734, 1203, 174, 1086, 1112]	369531
195	0.3760005181956336	0.5766389843069666	2.23202490513811	3.7525447935817695	[2405, 1743, 1742, 400, 19, 334, 1086, 1112]	362059
196	0.3775001507393376	0.5781577379506357	2.23202490513811	3.552623624310219	[77, 19, 241, 132, 1713, 174, 1086, 1112]	358878
197	0.3789961792772184	0.5801342999864771	2.23202490513811	3.5568794428062525	[1392, 3083, 19, 241, 132, 1108, 1086, 1112]	365111
198	0.38048861247063637	0.5818556881516201	2.23202490513811	4.0671074008829	[377, 162, 107, 10, 232, 1023, 1086, 1112]	366516
199	0.38197745896013646	0.5840948139959917	2.23202490513811	3.2510333317360303	[1792, 496, 217, 241, 132, 1108, 1086, 1096]	356962
200	0.383462727365498	0.5860435575788927	2.23202490513811	3.2843165546638744	[77, 19, 1126, 241, 132, 1108, 1086, 1112]	366151
201	0.38494442628578507	0.5879831702308034	2.23202490513811	3.659694296087099	[813, 651, 734, 19, 132, 1108, 1086, 1096]	366677
202	0.3864225642993957	0.5896723791720946	2.23202490513811	3.812042463108149	[1819, 1513, 1031, 132, 19, 334, 1086, 1112]	361644
203	0.38789714996411195	0.5918696473267036	2.23202490513811	3.8561519180740778	[19, 734, 10, 159, 1713, 174, 1086, 1112]	364180
204	0.3893681918171492	0.5940551493044863	2.23202490513811	2.950952908405667	[1819, 1513, 1031, 241, 132, 1108, 1086, 1112]	367558
205	0.3908356983752058	0.5955114246776765	2.23202490513811	4.052915936932091	[1851, 159, 10, 438, 2627, 261, 1086, 1112]	360688
206	0.3922996781345123	0.5974066751867878	2.23202490513811	4.100033953687603	[3158, 3083, 19, 241, 132, 1094, 1086, 1112]	366875
207	0.3937601395708803	0.5992930454092571	2.23202490513811	2.8849793941289015	[394, 432, 422, 19, 132, 1108, 1086, 1112]	363298
208	0.3952170911397521	0.6011705769540908	2.23202490513811	3.625135630617468	[813, 807, 811, 3459, 1203, 174, 1086, 1112]	364631
209	0.39667054127624946	0.6033062732755123	2.23202490513811	3.0179133925676274	[1555, 2229, 734, 19, 132, 1108, 1086, 1112]	363745
210	0.3981204983952221	0.6051650006497942	2.23202490513811	3.8292693641769366	[107, 1549, 162, 2636, 836, 1089, 1086, 1112]	366562
211	0.3995669708912969	0.6072793071852567	2.23202490513811	4.60341660198057	[300, 301, 2729, 496, 2627, 261, 1086, 1112]	360796
212	0.401009967138926	0.6086881425788044	2.23202490513811	3.5199086642496216	[420, 2308, 651, 734, 1203, 174, 1086, 1112]	363718
213	0.4024494954924358	0.6105216529478126	2.23202490513811	4.194684610688043	[1820, 10, 107, 420, 1822, 1094, 1086, 1096]	363146
214	0.403885564286075	0.6121184573954572	2.23202490513811	3.6334564316037268	[2709, 2520, 651, 734, 1203, 174, 1086, 1112]	360949
215	0.4053181818340631	0.6137087151776369	2.23202490513811	4.1158593649710316	[734, 10, 232, 193, 1872, 1115, 1086, 1112]	366167
216	0.4067473564306381	0.6153254476754983	2.23202490513811	2.629534595612262	[2627, 301, 10, 734, 1203, 174, 1086, 1112]	366960
217	0.4081730963501049	0.617679617091929	2.23202490513811	4.280776264610008	[241, 331, 808, 1265, 255, 174, 1086, 1112]	368923
218	0.40959540984688314	0.6194709974783162	2.23202490513811	3.5200445668919675	[2764, 1511, 1031, 241, 132, 1108, 1086, 1096]	363492
219	0.4110143051555549	0.6215086966647833	2.23202490513811	4.474192473777221	[2306, 420, 107, 734, 19, 334, 1086, 1112]	362817
220	0.41242979049091255	0.623282135716229	2.23202490513811	2.9305764039857216	[3284, 2308, 651, 734, 1203, 174, 1086, 1112]	364854
221	0.4138418740480061	0.6252994265941691	2.23202490513811	3.701892151046522	[3819, 438, 496, 217, 132, 1108, 1086, 1112]	364605
222	0.4152505640021906	0.6270551039997566	2.23202490513811	4.026726266618073	[3580, 162, 3284, 734, 1203, 174, 1086, 1112]	361392
223	0.4166558685091739	0.6288025550951347	2.23202490513811	3.8253526100633453	[3353, 2872, 241, 217, 132, 1108, 1086, 1112]	364281
224	0.4180577957050633	0.6303244105088299	2.23202490513811	3.394712441481685	[2872, 241, 19, 132, 1713, 174, 1086, 1112]	367282
225	0.419456353706413	0.6313397548403181	2.23202490513811	3.358951777602587	[19, 132, 1032, 370, 1713, 174, 1086, 1112]	366900
226	0.420851550610271	0.632662276446838	2.23202490513811	3.5296963655263225	[1799, 10, 232, 320, 836, 1089, 1086, 1112]	366597
227	0.4222433944942261	0.6349103462218321	2.23202490513811	3.541642580265451	[1819, 241, 1729, 1032, 132, 1108, 1086, 1112]	363803
228	0.42363189341645446	0.6360563447165319	2.23202490513811	4.065700824040366	[2627, 301, 1580, 438, 254, 174, 1086, 1112]	363398
229	0.4250170554157664	0.6373619461584767	2.23202490513811	2.8116165677278353	[1792, 232, 10, 158, 1557, 734, 19, 794]	365843
230	0.42639888851165286	0.6388487093165369	2.23202490513811	4.2944527194896756	[1849, 420, 162, 107, 1546, 234, 1086, 1112]	367020
231	0.4277774007043319	0.6401442935066481	2.23202490513811	3.576563806872099	[1743, 1742, 400, 654, 132, 1108, 1086, 1112]	362535
232	0.42915259997479493	0.6414352299537305	2.23202490513811	3.3102258924994956	[87, 160, 331, 241, 132, 1108, 1086, 1112]	364518
233	0.43052449428485307	0.6429052932420033	2.23202490513811	2.7456902916092707	[421, 438, 10, 734, 1203, 174, 1086, 1112]	361186
234	0.43189309157718303	0.6441863249547033	2.23202490513811	3.3284912497526102	[1549, 162, 10, 734, 19, 334, 1086, 1112]	366352
235	0.4332583997753733	0.6458535068973354	2.23202490513811	3.6123121310429145	[1549, 10, 232, 320, 836, 1089, 1086, 1112]	360089
236	0.4346204267839697	0.6468261992917215	2.23202490513811	3.7199577016724614	[1549, 162, 10, 158, 1713, 174, 1086, 1112]	360396
237	0.4359791804885218	0.6484810119772558	2.23202490513811	3.8580464799931544	[1549, 162, 232, 320, 836, 1089, 1086, 1112]	368930
238	0.43733466875562776	0.6494464877134023	2.23202490513811	3.3753105476877643	[1549, 107, 10, 734, 19, 334, 1086, 1112]	367163
239	0.43868689943298045	0.6504093116912402	2.23202490513811	3.883910249320234	[1549, 107, 420, 158, 1713, 174, 1086, 1096]	366672
240	0.44003588034941277	0.6518425825525644	2.23202490513811	2.3963279564293862	[193, 232, 10, 734, 1203, 174, 1086, 1112]	367930
241	0.4413816193149427	0.6534738907351065	2.23202490513811	3.173108129187473	[77, 19, 241, 1031, 132, 1108, 1086, 1112]	363579
242	0.44272412412081874	0.6548945972690825	2.23202490513811	3.46509330883519	[1873, 10, 734, 19, 132, 1094, 1086, 1112]	363819
243	0.4440634025395652	0.6563094791133692	2.23202490513811	3.986252792738213	[3820, 438, 1580, 301, 2627, 261, 1086, 1112]	364735
244	0.4453994623250269	0.6579198574390563	2.23202490513811	4.520963611811182	[1792, 232, 320, 157, 1010, 1105, 1086, 1096]	361010
245	0.4467323112124141	0.6591470263178224	2.23202490513811	3.8029289445323045	[107, 10, 158, 420, 1822, 1094, 1086, 1112]	361810
246	0.4480619569183474	0.6612330120979919	2.23202490513811	4.026862169260419	[1794, 1791, 420, 545, 132, 1108, 1086, 1112]	367022
247	0.44938840714090234	0.6628203209750838	2.23202490513811	2.8849793941289015	[394, 432, 422, 19, 132, 1108, 1086, 1112]	358536
248	0.450711669559654	0.6646258883644003	2.23202490513811	3.722693568181798	[1820, 10, 232, 1192, 836, 1089, 1086, 1112]	361452
249	0.4520317518357214	0.6660008733337518	2.23202490513811	4.756194503848702	[1743, 1742, 400, 19, 217, 261, 1086, 1112]	367312
250	0.453348661611812	0.6673702210651641	2.23202490513811	2.6565690702175355	[2872, 241, 19, 734, 1203, 174, 1086, 1112]	358376
251	0.45466240651226575	0.6687339546704909	2.23202490513811	4.282430961794014	[3895, 1030, 1031, 132, 217, 261, 1086, 1112]	366602
252	0.45597299414309944	0.6702861175234509	2.23202490513811	2.539418467647492	[158, 10, 734, 19, 132, 1108, 1086, 1112]	363357
253	0.4572804320920506	0.6720517062318991	2.23202490513811	3.7296544894291426	[1456, 1603, 2004, 19, 132, 1108, 1086, 1112]	361567
254	0.45858472792862137	0.6740587166740877	2.23202490513811	3.653160679904725	[811, 669, 673, 670, 132, 1108, 1086, 1112]	366539
255	0.45988588920412254	0.6753950284224173	2.23202490513811	2.8045139948008613	[377, 162, 107, 734, 1203, 174, 1086, 1112]	364090
256	0.461183923451717	0.6777126696784005	2.23202490513811	3.663591123615868	[2196, 2197, 241, 1209, 132, 1108, 1086, 1096]	364503
257	0.4624788381864636	0.6792227623340099	2.23202490513811	3.4107718703085785	[1019, 10, 232, 320, 836, 1089, 1086, 1112]	361774
258	0.4637706409053606	0.6807257793784673	2.23202490513811	4.43369957643145	[10, 161, 2149, 420, 158, 1115, 1086, 1112]	362751
259	0.46505933908738883	0.6826797053688922	2.23202490513811	3.9880173411709174	[1019, 1799, 232, 1879, 836, 1089, 1086, 1112]	361207
260	0.46634494019355544	0.6843789275094765	2.23202490513811	3.74393319068061	[1715, 132, 241, 1729, 1822, 1094, 1086, 1096]	372230
261	0.46762745166693676	0.685672927897785	2.23202490513811	3.8700453810595805	[3621, 1720, 132, 241, 1729, 1094, 1086, 1112]	367419
262	0.46890688093272137	0.6873561215961963	2.23202490513811	2.8154115301407607	[1529, 2229, 734, 19, 132, 1108, 1086, 1112]	362552
263	0.47018323539825324	0.6882148236548006	2.23202490513811	3.5329054504552238	[734, 19, 132, 387, 344, 174, 1086, 1112]	363887
264	0.4714565224530747	0.6898844057260249	2.23202490513811	3.5390150635545616	[2627, 261, 217, 132, 1713, 174, 1086, 1112]	370404
265	0.47272674946896887	0.6911558344561934	2.23202490513811	2.3963279564293862	[193, 232, 10, 734, 1203, 174, 1086, 1096]	361991
266	0.4739939238000027	0.6930853065441389	2.23202490513811	3.172579377897966	[2405, 1742, 400, 19, 132, 1108, 1086, 1112]	364814
267	0.4752580527825695	0.6945233699766163	2.23202490513811	4.03407677611323	[77, 19, 241, 1729, 1822, 1094, 1086, 1112]	364836
268	0.47651914373543125	0.6957757796295911	2.23202490513811	3.758928615269867	[846, 10, 158, 420, 1822, 1094, 1086, 1112]	362728
269	0.477777203959761	0.6968671452160603	2.23202490513811	3.777560784501487	[2764, 400, 19, 132, 1713, 174, 1086, 1112]	361391
270	0.47903224073918504	0.6993922002330027	2.23202490513811	4.503721441147086	[377, 162, 846, 734, 19, 334, 1086, 1112]	361467
271	0.4802842613398256	0.7010019284402396	2.23202490513811	3.0081619873831613	[734, 19, 1126, 241, 132, 1108, 1086, 1112]	359275
272	0.4815332730103422	0.7020745458844511	2.23202490513811	3.7495888333379126	[241, 1729, 1032, 370, 1713, 174, 1086, 1112]	364757
273	0.48277928298197414	0.7031433154503949	2.23202490513811	3.486675184133005	[1500, 786, 19, 241, 132, 1108, 1086, 1112]	371355
274	0.48402229846858214	0.704360384583479	2.23202490513811	4.253298273279187	[2094, 481, 1431, 19, 132, 1108, 1086, 1112]	358736
275	0.48526232666669	0.705745618100112	2.23202490513811	3.3102258924994956	[87, 160, 331, 241, 132, 1108, 1086, 1112]	360287
276	0.4864993747555266	0.7069520181716769	2.23202490513811	3.5061378039431697	[1870, 1549, 10, 734, 1203, 174, 1086, 1112]	361631
277	0.48773344989706724	0.7081534721788082	2.23202490513811	4.066234466946698	[1873, 10, 157, 320, 836, 1089, 1086, 1112]	358661
278	0.48896455923607496	0.7097162845488866	2.23202490513811	4.018473446013015	[1819, 241, 132, 1727, 1203, 174, 1086, 1112]	363149
279	0.4901927099001423	0.7109064054668257	2.23202490513811	2.7754221757720616	[4349, 158, 10, 734, 1203, 174, 1086, 1112]	366652
280	0.49141790899973226	0.7120916470624883	2.23202490513811	2.7779111706204334	[3819, 438, 10, 734, 1203, 174, 1086, 1096]	361470
281	0.4926401636282195	0.7131244815556474	2.23202490513811	3.841335869425449	[734, 10, 157, 320, 836, 1089, 1086, 1112]	360604
282	0.49385948086193154	0.7139124086998122	2.23202490513811	3.9007689182085175	[1549, 162, 107, 420, 1822, 1094, 1086, 1112]	371058
283	0.49507586776018964	0.7149387114428374	2.23202490513811	3.903384191785732	[241, 132, 19, 1548, 255, 174, 1086, 1112]	363586
284	0.4962893313653497	0.7157216556557935	2.23202490513811	3.790297053717306	[119, 409, 19, 132, 217, 261, 1086, 1112]	360882
285	0.49749987870284296	0.7168871554276128	2.23202490513811	3.7490602369515447	[193, 232, 10, 158, 1713, 174, 1086, 1112]	365334
286	0.4987075167812167	0.7184031996955675	2.23202490513811	3.69377386549397	[2051, 1849, 420, 158, 1713, 174, 1086, 1112]	363711
287	0.499912252592175	0.7191766284073412	2.23202490513811	4.332963057483404	[10, 301, 1580, 438, 254, 174, 1086, 1112]	363655
288	0.5011140931106188	0.7207437231148894	2.23202490513811	3.291713337473161	[3895, 1030, 1031, 241, 132, 1108, 1086, 1112]	366833
289	0.5023130452946867	0.7220521917175373	2.23202490513811	3.6946851958319593	[394, 432, 422, 19, 132, 1094, 1086, 1112]	359622
290	0.5035091160857952	0.7231917372143222	2.23202490513811	3.6522075585682723	[320, 232, 10, 301, 2627, 261, 1086, 1112]	366873
291	0.5047023124086787	0.7246740210038569	2.23202490513811	3.903874151172581	[245, 960, 455, 19, 132, 1108, 1086, 1112]	366497
292	0.5058926411714294	0.7258028173827589	2.23202490513811	3.3941741992296928	[1794, 107, 734, 19, 132, 1108, 1086, 1112]	365905
293	0.5070801092655379	0.7270875813579541	2.23202490513811	2.4252728029570534	[377, 162, 10, 734, 1203, 174, 1086, 1112]	362221
294	0.5082647235659328	0.7285490032463211	2.23202490513811	2.950952908405667	[1819, 1513, 1031, 241, 132, 1108, 1086, 1112]	365583
295	0.5094464909310201	0.7300025993496013	2.23202490513811	4.254578179198257	[1792, 496, 2729, 438, 970, 261, 1086, 1112]	360760
296	0.5106254182027237	0.73126768504611	2.23202490513811	4.122582589631841	[734, 2229, 494, 10, 158, 1115, 1086, 1112]	363500
297	0.5118015122065243	0.732231727948926	2.23202490513811	3.6171808789646906	[420, 162, 10, 734, 19, 334, 1086, 1112]	366287
298	0.5129747797514992	0.7333295388310596	2.23202490513811	3.0081619873831613	[734, 19, 1126, 241, 132, 1108, 1086, 1112]	364843
299	0.5141452276303617	0.7347575355886727	2.23202490513811	3.8410196547663604	[331, 241, 1720, 132, 1713, 174, 1086, 1112]	361285
300	0.5153128626195008	0.7361778855498211	2.23202490513811	4.128107959396335	[160, 87, 1265, 1209, 132, 1108, 1086, 1112]	365846
301	0.5164776914790197	0.7372595177610326	2.23202490513811	4.048483309073854	[846, 10, 158, 420, 1582, 1087, 1086, 1112]	361601
302	0.5176397209527754	0.7386664698287131	2.23202490513811	3.114481315373401	[1265, 808, 331, 241, 132, 1108, 1086, 1112]	364502
303	0.5187989577684178	0.7396039705348442	2.23202490513811	3.796512841573385	[107, 162, 10, 301, 2627, 261, 1086, 1112]	365324
304	0.5199554086374283	0.7406715562970464	2.23202490513811	3.3036751225217778	[669, 811, 734, 19, 132, 1108, 1086, 1096]	363646
305	0.521109080255159	0.7417347651132484	2.23202490513811	3.131004200996319	[3131, 162, 107, 734, 1203, 174, 1086, 1112]	359650
306	0.5222599793008715	0.743146564866638	2.23202490513811	3.655747964640627	[5234, 2028, 331, 241, 132, 1108, 1086, 1112]	369099
307	0.5234081124377751	0.7441996265084931	2.23202490513811	4.11116464030915	[2309, 420, 158, 10, 232, 1023, 1086, 1112]	364538
308	0.5245534863130658	0.7450025713192574	2.1113376481021864	2.1113376481021864	[2051, 1849, 420, 158, 10, 734, 19, 794]	362809
309	0.5256961075579647	0.7463680600192792	2.1113376481021864	3.762824682570966	[160, 87, 1265, 734, 1203, 174, 1086, 1112]	368030
310	0.5268359827877562	0.7471641982237389	2.1113376481021864	4.116465880864485	[2047, 232, 10, 107, 1546, 234, 1086, 1112]	366988
311	0.5279731186018268	0.748222383778048	2.1113376481021864	2.7728661224156292	[2297, 400, 19, 734, 1203, 174, 1086, 1112]	359270
312	0.5291075215837026	0.7489139116546342	2.1113376481021864	3.790297053717306	[119, 409, 19, 132, 217, 261, 1086, 1112]	361664
313	0.5302391983010879	0.7502584554727506	2.1113376481021864	3.358720242438106	[1819, 1513, 2680, 241, 132, 1108, 1086, 1112]	361054
314	0.5313681553059033	0.7511543714089532	2.1113376481021864	4.024252944407817	[158, 10, 734, 19, 132, 3279, 1086, 1112]	360974
315	0.5324943991343231	0.7521746022113036	2.1113376481021864	3.99972034827928	[811, 734, 19, 241, 217, 261, 1086, 1112]	362427
316	0.5336179363068136	0.7531906502160859	2.1113376481021864	4.711211364489121	[19, 734, 1557, 158, 1546, 234, 1086, 1112]	362252
317	0.534738773328171	0.7542025325721606	2.1113376481021864	2.280663565633288	[1792, 232, 10, 734, 1203, 174, 1086, 1112]	366496
318	0.5358569166875584	0.7555187562925454	2.1113376481021864	3.4994098055411538	[1580, 301, 2627, 261, 132, 1108, 1086, 1096]	369015
319	0.536972372858544	0.7565210937530806	2.1113376481021864	2.6792114525702067	[1549, 107, 10, 1820, 733, 734, 19, 794]	364896
320	0.5380851482991382	0.7576619257794355	2.1113376481021864	4.961986574973543	[3895, 1030, 1032, 132, 239, 150, 1086, 1112]	360789
321	0.5391952494518312	0.7589596247548535	2.1113376481021864	4.102174158781647	[1879, 1794, 1791, 420, 158, 1115, 1086, 1112]	366034
322	0.5403026827436301	0.7598243263560995	2.1113376481021864	3.705919241862378	[10, 301, 1580, 438, 2627, 261, 1086, 1112]	359701
323	0.5414074545860965	0.7611104458674907	2.1113376481021864	3.956416336917309	[432, 15, 1557, 158, 1713, 174, 1086, 1112]	362815
324	0.5425095713753831	0.7623896783225348	2.1113376481021864	3.807110909994381	[1917, 10, 232, 1192, 836, 1089, 1086, 1112]	366739
325	0.5436090394922712	0.7632420750441137	2.1113376481021864	3.8489766699575467	[1529, 2229, 734, 19, 1987, 334, 1086, 1112]	360906
326	0.5447058653022072	0.7643514155921161	2.1113376481021864	3.258778751581014	[320, 159, 10, 734, 1203, 174, 1086, 1112]	364146
327	0.5458000551553399	0.7653376680380196	2.1113376481021864	3.2564349534009795	[158, 10, 232, 320, 836, 1089, 1086, 1112]	368676
328	0.5468916153865568	0.7664371895851134	2.1113376481021864	3.5129685849853765	[160, 331, 241, 217, 132, 1108, 1086, 1112]	360814
329	0.5479805523155213	0.7673947630607576	2.1113376481021864	3.6425075611488076	[1530, 158, 651, 734, 1203, 174, 1086, 1112]	364257
330	0.5490668722467089	0.7684846459910227	2.1113376481021864	2.8849793941289015	[394, 432, 422, 19, 132, 1108, 1086, 1112]	365097
331	0.5501505814694436	0.7691205219023023	2.1113376481021864	2.23202490513811	[320, 232, 10, 734, 1203, 174, 1086, 1112]	358088
332	0.5512316862579348	0.7699487725810648	2.1113376481021864	3.7032481417554504	[19, 734, 10, 301, 2627, 261, 1086, 1112]	359321
333	0.5523101928713134	0.7706708920867742	2.1113376481021864	3.9738544551707182	[432, 422, 19, 387, 344, 174, 1086, 1096]	367672
334	0.5533861075536677	0.7717454245582545	2.1113376481021864	3.8925682047823784	[1579, 1580, 438, 10, 158, 1115, 1086, 1112]	367640
335	0.5544594365340798	0.7726812350443039	2.1113376481021864	4.4859762081919055	[1078, 334, 19, 241, 217, 261, 1086, 1112]	366874
336	0.5555301860266624	0.7737463479579862	2.1113376481021864	3.3456798492910815	[157, 651, 734, 19, 132, 1108, 1086, 1112]	364243
337	0.556598362230593	0.7749831572803734	2.1113376481021864	2.955357446199882	[382, 409, 19, 734, 1203, 174, 1086, 1096]	365273
338	0.5576639713301517	0.7761881025915394	2.1113376481021864	4.082766126456637	[1579, 1580, 438, 80, 148, 1108, 1086, 1096]	362276
339	0.558727019494756	0.7773865955270283	2.1113376481021864	3.0179133925676274	[1712, 132, 19, 734, 1203, 174, 1086, 1112]	364842
340	0.5597875128789963	0.7785786706387416	2.1113376481021864	2.929759092679661	[1606, 1019, 10, 734, 1203, 174, 1086, 1112]	358619
341	0.5608454576226725	0.7794864658119611	2.1113376481021864	2.9216081390660067	[87, 415, 733, 734, 1203, 174, 1086, 1112]	362211
342	0.5619008598508284	0.7808359863741026	2.1113376481021864	3.42458594698455	[241, 2680, 1513, 1031, 132, 1108, 1086, 1112]	366916
343	0.5629537256737882	0.7820095903026044	2.1113376481021864	4.262118922229541	[3, 19, 1126, 241, 132, 1094, 1086, 1112]	359611
344	0.5640040611871913	0.7831769096857641	2.1113376481021864	3.762824682570966	[160, 87, 1265, 734, 1203, 174, 1086, 1112]	365278
345	0.5650518724720273	0.7843621671036627	2.1113376481021864	2.7456902916092707	[421, 438, 10, 734, 1203, 174, 1086, 1112]	366877
346	0.5660971655946722	0.7852462507844512	2.1113376481021864	4.194684610688043	[1820, 10, 107, 420, 1822, 1094, 1086, 1112]	366309
347	0.5671399466069225	0.7862524897176769	2.1113376481021864	4.055200475345514	[10, 158, 420, 2307, 1468, 1089, 1086, 1112]	362172
348	0.568180221546031	0.7868395647886428	2.1113376481021864	3.652164874780085	[10, 734, 19, 241, 217, 261, 1086, 1096]	361542
349	0.569217996434741	0.7876042506611325	2.1113376481021864	2.741828726172569	[161, 10, 734, 19, 132, 1108, 1086, 1112]	364534
350	0.5702532772813219	0.7885994410734867	2.1113376481021864	4.016579822930798	[332, 165, 227, 1031, 132, 1108, 1086, 1096]	365103
351	0.5712860700796036	0.7894661525486774	2.1113376481021864	4.404822603922292	[1667, 1660, 1663, 1546, 234, 174, 1086, 1112]	364961
352	0.5723163808090113	0.7904526189309462	2.1113376481021864	3.8182016967557004	[107, 10, 1019, 19, 132, 1108, 1086, 1112]	372759
353	0.5733442154346	0.7915747266417937	2.1113376481021864	3.8852545941969936	[2872, 241, 1031, 132, 387, 344, 1086, 1112]	364404
354	0.5743695799070891	0.79232242572511	2.1113376481021864	4.498754535932723	[158, 10, 438, 80, 148, 1108, 1086, 1096]	369749
355	0.5753924801628971	0.7931738735059382	2.1113376481021864	3.036539522001304	[2627, 261, 217, 241, 132, 1108, 1086, 1096]	361667
356	0.5764129221241756	0.7942814091389758	2.1113376481021864	3.5638463372969715	[1468, 2229, 734, 19, 132, 1108, 1086, 1096]	361006
357	0.5774309116988436	0.7953830140165562	2.1113376481021864	3.7835555442118514	[2040, 438, 2729, 301, 2627, 261, 1086, 1096]	365680
358	0.5784464547806221	0.7965015471032003	2.1113376481021864	3.678555123640563	[2033, 2034, 400, 19, 132, 1108, 1086, 1112]	363627
359	0.5794595572490676	0.7975912633381448	2.1113376481021864	4.182785828344376	[300, 301, 2729, 496, 132, 1108, 1086, 1112]	358927
360	0.580470224969607	0.7983173788634783	2.1113376481021864	2.4140447190854575	[1549, 107, 10, 734, 1203, 174, 1086, 1096]	359568
361	0.5814784637935708	0.7994198713259593	2.1113376481021864	2.9084054188625457	[1742, 400, 19, 241, 132, 1108, 1086, 1112]	365000
362	0.582484279558227	0.8002422206144371	2.1113376481021864	4.30752676767503	[1851, 159, 1265, 415, 255, 174, 1086, 1112]	366262
363	0.5834876780868156	0.801061198390708	2.1113376481021864	4.199936246970211	[2047, 232, 1879, 496, 217, 261, 1086, 1112]	363873
364	0.5844886651885814	0.8019933356327341	2.1113376481021864	2.23202490513811	[320, 232, 10, 734, 1203, 174, 1086, 1112]	365135
365	0.5854872466588084	0.8027036592851996	2.1113376481021864	3.863362105236315	[10, 107, 162, 420, 158, 1115, 1086, 1112]	360127
366	0.5864834282788529	0.8035125455217307	2.1113376481021864	3.319856779838476	[1820, 10, 232, 320, 836, 1089, 1086, 1112]	365429
367	0.5874772158161772	0.8042174192024962	2.1113376481021864	4.0748759978710725	[3284, 811, 734, 19, 1987, 334, 1086, 1112]	357632
368	0.5884686150243825	0.8054155888271781	2.1113376481021864	4.009578291469043	[394, 193, 1265, 1209, 132, 1108, 1086, 1112]	354939
369	0.5894576316432434	0.8063273233651599	2.1113376481021864	2.2891027279696745	[241, 132, 19, 734, 1203, 174, 1086, 1112]	363129
370	0.5904442713987395	0.807512580589421	2.1113376481021864	3.994862145522606	[734, 19, 1829, 1779, 132, 1108, 1086, 1112]	361393
371	0.5914285400030896	0.8082031046545897	2.1113376481021864	3.7718327601810104	[158, 10, 232, 1879, 836, 1089, 1086, 1096]	363946
372	0.5924104431547851	0.8088911515527515	2.1113376481021864	3.306657264240542	[10, 734, 19, 132, 217, 261, 1086, 1112]	366681
373	0.5933899865386218	0.8094910328432179	2.1113376481021864	2.7456902916092707	[421, 438, 10, 734, 1203, 174, 1086, 1112]	368350
374	0.5943671758257337	0.8102720918375743	2.1113376481021864	3.8510166597573443	[3284, 811, 734, 19, 132, 1094, 1086, 1112]	363271
375	0.5953420166736256	0.8110499486039107	2.1113376481021864	2.5820858406171965	[193, 394, 432, 422, 19, 132, 393, 794]	364863
376	0.596314514726206	0.8118246162708954	2.1113376481021864	3.765779823403168	[377, 162, 107, 734, 19, 334, 1086, 1112]	357426
377	0.5972846756138193	0.8124152895596656	2.1113376481021864	3.241929394235595	[1792, 232, 10, 734, 19, 334, 1086, 1112]	364506
378	0.5982525049532789	0.8132942266660603	2.1113376481021864	3.2564349534009795	[158, 10, 232, 320, 836, 1089, 1086, 1112]	364579
379	0.5992180083478995	0.8144368471456261	2.1113376481021864	3.493148230326841	[331, 241, 1729, 1032, 132, 1108, 1086, 1112]	361548
380	0.6001811913875297	0.8153063121475469	2.1113376481021864	3.173108129187473	[77, 19, 241, 1031, 132, 1108, 1086, 1112]	362723
381	0.6011420596485841	0.8161717032297378	2.1113376481021864	3.0566003287318484	[4210, 415, 10, 734, 1203, 174, 1086, 1112]	363913
382	0.6021006186940759	0.8169253724493679	2.1113376481021864	4.107317695838861	[1849, 420, 107, 10, 158, 1115, 1086, 1112]	365443
383	0.6030568740736487	0.817675951735062	2.1113376481021864	4.369102585993026	[811, 734, 10, 232, 193, 1115, 1086, 1096]	363817
384	0.604010831323609	0.8187917564996648	2.1113376481021864	3.5129685849853765	[160, 331, 241, 217, 132, 1108, 1086, 1112]	364778
385	0.6049624959669582	0.8195346838828204	2.1113376481021864	4.191629365373211	[1515, 1032, 1729, 241, 132, 1108, 1086, 1112]	370634
386	0.6059118735134243	0.8201011556479761	2.1113376481021864	3.192761519261982	[838, 1019, 10, 734, 1203, 174, 1086, 1112]	362451
387	0.6068589694594942	0.8209440802622869	2.1113376481021864	4.18298924322481	[1647, 1697, 241, 1729, 1822, 1094, 1086, 1112]	369856
388	0.6078037892884451	0.8216781834317656	2.1113376481021864	4.610570265198066	[2180, 1549, 162, 10, 232, 1023, 1086, 1112]	361824
389	0.6087463384703768	0.8224092768852614	2.1113376481021864	2.925855379199188	[320, 157, 10, 734, 1203, 174, 1086, 1096]	359040
390	0.6096866224622426	0.8233602595163274	2.1113376481021864	3.453180887458757	[1580, 438, 2729, 301, 2627, 261, 1086, 1112]	368201
391	0.6106246467078815	0.8240844567030772	2.1113376481021864	3.040382305473636	[1820, 10, 107, 734, 1203, 174, 1086, 1112]	362054
392	0.6115604166380499	0.8248056847869294	2.1113376481021864	3.8214924738748275	[377, 162, 420, 158, 1713, 174, 1086, 1112]	359973
393	0.612493937670452	0.8255389199231448	2.1113376481021864	3.8358061046805236	[1792, 232, 10, 161, 1713, 174, 1086, 1112]	364377
394	0.6134252152097724	0.8260865446862209	2.1113376481021864	2.509861580767745	[837, 162, 10, 734, 1203, 174, 1086, 1112]	359762
395	0.6143542546477068	0.8268144190806702	2.1113376481021864	2.280663565633288	[1792, 232, 10, 734, 1203, 174, 1086, 1112]	364940
396	0.6152810613629928	0.827625888379022	2.1113376481021864	3.8136086586519014	[1019, 10, 232, 1192, 836, 1089, 1086, 1112]	362745
397	0.616205640721442	0.8284503818976172	2.1113376481021864	4.152802892175642	[3895, 1030, 1031, 132, 19, 334, 1086, 1112]	363847
398	0.6171279980759704	0.8292541858141735	2.1113376481021864	2.8969535619067592	[734, 19, 241, 1031, 132, 1108, 1086, 1112]	360706
399	0.6180481387666295	0.8301875630783089	2.1113376481021864	3.4359437769698413	[2078, 436, 422, 19, 132, 1108, 1086, 1112]	365713
400	0.6189660681206373	0.8308837693156883	2.1113376481021864	2.54041715625058	[1715, 132, 19, 734, 1203, 174, 1086, 1112]	366618
401	0.6198817914524092	0.8315771212089822	2.1113376481021864	3.7008462190634503	[1792, 232, 10, 301, 2627, 261, 1086, 1112]	362969
402	0.6207953140635885	0.8322820160699937	2.1113376481021864	3.6006053797170923	[2078, 435, 422, 19, 132, 1108, 1086, 1112]	365007
403	0.6217066412430774	0.832808474585399	2.1113376481021864	3.241929394235595	[1792, 232, 10, 734, 19, 334, 1086, 1112]	357779
404	0.6226157782670674	0.8338316698382147	2.1113376481021864	3.7795198758070843	[2751, 331, 241, 217, 132, 1108, 1086, 1112]	361438
405	0.6235227303990702	0.8348486032394037	2.1113376481021864	4.598027288079258	[2149, 420, 1822, 387, 344, 174, 1086, 1112]	365181
406	0.6244275028899477	0.8354410628100531	2.1113376481021864	4.050377992531761	[3621, 1720, 132, 1727, 1203, 174, 1086, 1112]	365112
407	0.6253301009779426	0.8360313970075617	2.1113376481021864	3.788425442082217	[77, 19, 651, 734, 1203, 174, 1086, 1112]	362283
408	0.6262305298887088	0.8365460864003254	2.1113376481021864	3.3753105476877643	[1549, 107, 10, 734, 19, 334, 1086, 1112]	366385
409	0.6271287948353417	0.8374213676655107	2.1113376481021864	4.208357398629871	[394, 193, 1872, 843, 3094, 174, 1086, 1112]	360315
410	0.6280249010184079	0.8380045977719403	2.1113376481021864	3.905701937471255	[10, 158, 420, 545, 132, 1108, 1086, 1112]	362516
411	0.6289188536259762	0.8385857356147546	2.1113376481021864	2.568622653167867	[432, 422, 19, 734, 1203, 174, 1086, 1112]	365176
412	0.629810657833647	0.8392475105689579	2.1113376481021864	3.5607680196961535	[846, 10, 734, 19, 1987, 334, 1086, 1112]	359320
413	0.6307003188045821	0.8400007240242262	2.1113376481021864	3.3046315100232597	[2072, 241, 19, 734, 1203, 174, 1086, 1096]	357877
414	0.6315878416895351	0.8406566977322173	2.1113376481021864	3.6430422008998526	[2872, 241, 1720, 132, 1713, 174, 1086, 1112]	362520
415	0.6324732316268808	0.8415099670369177	2.1113376481021864	3.759617172412887	[846, 10, 232, 1879, 836, 1089, 1086, 1096]	362285
416	0.6333564937426458	0.8420785298146074	2.1113376481021864	2.539418467647492	[158, 10, 734, 19, 132, 1108, 1086, 1112]	357800
417	0.6342376331505366	0.8426450529458528	2.1113376481021864	3.8374699882232655	[1549, 107, 734, 19, 132, 1094, 1086, 1112]	364798
418	0.6351166549519708	0.8432901852907358	2.1113376481021864	2.2891027279696745	[241, 132, 19, 734, 1203, 174, 1086, 1112]	363452
419	0.6359935642361056	0.8440244566008063	2.1113376481021864	4.289506845879948	[677, 132, 1031, 241, 1729, 1094, 1086, 1112]	363318
420	0.6368683660798682	0.8445839989679111	2.1113376481021864	3.246750777944097	[1500, 786, 19, 734, 1203, 174, 1086, 1112]	367106
421	0.6377410655479837	0.8451415340481443	2.1113376481021864	3.9375769146437385	[420, 107, 232, 320, 836, 1089, 1086, 1112]	360214
422	0.6386116676930063	0.8459707874506353	2.1113376481021864	2.86274021440164	[2636, 162, 107, 734, 1203, 174, 1086, 1112]	364484
423	0.6394801775553467	0.8467956002744256	2.1113376481021864	3.2510333317360303	[1792, 496, 217, 241, 132, 1108, 1086, 1096]	367036
424	0.6403466001633031	0.8476159962984215	2.1113376481021864	3.6653897307665373	[10, 734, 19, 241, 1729, 1094, 1086, 1112]	366542
425	0.641210940533089	0.8482407485001865	2.1113376481021864	4.151696178693592	[837, 162, 107, 10, 232, 1023, 1086, 1112]	358613
426	0.6420732036688623	0.8487851654578946	2.1113376481021864	3.478390594730511	[1807, 157, 10, 438, 1580, 684, 389, 794]	361149
427	0.642933394562755	0.8495949075361233	2.1113376481021864	3.903874151172581	[245, 960, 455, 19, 132, 1108, 1086, 1112]	363671
428	0.6437915181949017	0.8502115464902846	2.1113376481021864	4.2255784351634	[241, 132, 19, 1987, 653, 636, 1086, 1112]	365596
429	0.6446475795334683	0.8509133874323855	2.1113376481021864	2.8952956452894263	[1549, 10, 734, 19, 132, 1108, 1086, 1112]	366939
430	0.6455015835346811	0.8516119398652826	2.1113376481021864	3.703792137954796	[1879, 496, 2729, 438, 2627, 261, 1086, 1112]	361322
431	0.6463535351428551	0.8522203092809223	2.1113376481021864	3.6425075611488076	[2149, 157, 651, 734, 1203, 174, 1086, 1112]	367731
432	0.6472034392904229	0.8530116564674944	2.1113376481021864	3.3947961570511813	[2180, 1549, 107, 734, 1203, 174, 1086, 1112]	367768
433	0.6480513008979631	0.853538958401404	2.1113376481021864	3.6616659786421684	[1549, 107, 232, 320, 836, 1089, 1086, 1112]	357132
434	0.6488971248742291	0.8541394273219522	2.1113376481021864	3.412546095788046	[1820, 10, 734, 19, 132, 1094, 1086, 1096]	359274
435	0.6497409161161771	0.8546626835217699	2.1113376481021864	3.551534527875627	[161, 10, 734, 19, 132, 1094, 1086, 1112]	366094
436	0.6505826795089948	0.855061864383679	2.1113376481021864	3.8362086414356593	[158, 10, 734, 19, 387, 344, 1086, 1112]	358917
437	0.6514224199261295	0.8556560896116978	2.1113376481021864	3.6622146450013826	[734, 10, 158, 420, 1822, 1094, 1086, 1112]	364022
438	0.652260142229316	0.8563324198873615	2.1113376481021864	3.4520103133501188	[160, 2229, 734, 19, 132, 1108, 1086, 1112]	361907
439	0.6530958512686056	0.8571017470849659	2.1113376481021864	2.826165543949787	[841, 1820, 10, 734, 1203, 174, 1086, 1112]	363935
440	0.6539295518823933	0.8578828964267027	2.1113376481021864	3.678555123640563	[2298, 2297, 400, 19, 132, 1108, 1086, 1112]	362858
441	0.6547612488974466	0.8583927234085902	2.1113376481021864	3.9494166178920116	[107, 162, 10, 159, 1713, 174, 1086, 1096]	370209
442	0.6555909471289323	0.8589732926001549	2.1113376481021864	3.765779823403168	[377, 162, 107, 734, 19, 334, 1086, 1112]	362835
443	0.6564186513804459	0.8595514815426651	2.1113376481021864	3.7322477088669155	[2872, 241, 217, 132, 19, 334, 1086, 1112]	360576
444	0.6572443664440382	0.860055322688279	2.1113376481021864	2.6899556550870276	[420, 107, 10, 734, 1203, 174, 1086, 1112]	364890
445	0.6580680971002433	0.8607110401475697	2.1113376481021864	3.8115872818359398	[320, 232, 1792, 496, 132, 1108, 1086, 1112]	362013
446	0.6588898481181069	0.8612107215245913	2.1113376481021864	2.688783307633825	[107, 232, 10, 734, 1203, 174, 1086, 1096]	364033
447	0.6597096242552133	0.8620600978941507	2.1113376481021864	3.875456322734208	[1019, 1799, 232, 1192, 836, 1089, 1086, 1096]	369078
448	0.6605274302577127	0.8625549396985801	2.1113376481021864	4.572515076231734	[107, 160, 331, 241, 217, 261, 1086, 1112]	367856
449	0.6613432708603496	0.8632909458523927	2.1113376481021864	2.8154115301407607	[1529, 2229, 734, 19, 132, 1108, 1086, 1112]	357652
450	0.6621571507864894	0.8637813721467679	2.1113376481021864	4.214074674021519	[1019, 10, 162, 107, 836, 1089, 1086, 1112]	368104
451	0.662969074748146	0.8646323839825857	2.1113376481021864	4.0083289957072665	[1580, 5402, 331, 241, 132, 1108, 1086, 1112]	361648
452	0.6637790474460092	0.8650041822443523	2.1113376481021864	3.625406435358536	[19, 241, 132, 387, 344, 174, 1086, 1112]	364451
453	0.664587073569472	0.8657270729207376	2.1113376481021864	3.8600189149223176	[2047, 232, 193, 1265, 255, 174, 1086, 1112]	363648
454	0.6653931577966572	0.8661485490450795	2.1113376481021864	2.3053561782236596	[2047, 232, 10, 734, 1203, 174, 1086, 1112]	362326
455	0.666197304794445	0.8666287240524913	2.1113376481021864	3.1025884658578153	[10, 734, 19, 132, 1713, 174, 1086, 1112]	358282
456	0.6669995192185001	0.8672536415262144	2.1113376481021864	3.633380289988116	[19, 241, 1720, 132, 1713, 174, 1086, 1112]	366936
457	0.6677998057132982	0.8679644865468987	2.1113376481021864	3.0717310027140194	[87, 1265, 808, 331, 241, 1126, 19, 794]	364243
458	0.6685981689121532	0.868505812904897	2.1113376481021864	3.7977634918190066	[119, 123, 19, 132, 1713, 174, 1086, 1112]	367004
459	0.6693946134372437	0.8690449199037381	2.1113376481021864	2.4252728029570534	[377, 162, 10, 734, 1203, 174, 1086, 1112]	361248
460	0.6701891438996405	0.8697461727869811	2.1113376481021864	3.7291029335785426	[359, 158, 733, 734, 1203, 174, 1086, 1112]	359197
461	0.6709817648993324	0.870280194491116	2.1113376481021864	4.2064938789213535	[1879, 232, 10, 415, 255, 174, 1086, 1112]	363611
462	0.6717724810252532	0.870888002825966	2.1113376481021864	2.620774439524012	[1799, 1019, 10, 734, 1203, 174, 1086, 1112]	366868
463	0.6725612968553089	0.8714173431933887	2.1113376481021864	2.7754221757720616	[4349, 158, 10, 734, 1203, 174, 1086, 1112]	365523
464	0.6733482169564027	0.8720198233637655	2.1113376481021864	4.4842393044920295	[1820, 10, 107, 420, 1582, 1087, 1086, 1112]	359449
465	0.6741332458844631	0.8723713314172707	2.1113376481021864	4.2882633767236715	[1799, 1019, 10, 158, 1546, 234, 1086, 1112]	368060
466	0.6749163881844692	0.8727719515404726	2.1113376481021864	4.063816893629046	[193, 232, 10, 158, 1546, 234, 1086, 1112]	368774
467	0.6756976483904773	0.873293567992794	2.1113376481021864	3.4440146869902897	[3284, 734, 19, 241, 132, 1108, 1086, 1112]	361958
468	0.6764770310256473	0.8738130458936981	2.1113376481021864	3.5741700138985717	[2194, 1742, 400, 19, 132, 1108, 1086, 1112]	363382
469	0.6772545406022688	0.8744043008848251	2.1113376481021864	3.4994098055411538	[1580, 301, 2627, 261, 132, 1108, 1086, 1112]	368201
470	0.6780301816217869	0.8748548594355412	2.1113376481021864	3.9051874507622815	[193, 232, 1792, 496, 217, 261, 1086, 1112]	363848
471	0.678803958574829	0.8755250006059346	2.1113376481021864	4.381004474015145	[3284, 162, 2636, 301, 2627, 261, 1086, 1112]	365493
472	0.6795758759412301	0.8759715387893476	2.1113376481021864	4.221924251972724	[19, 734, 10, 438, 3366, 150, 1086, 1112]	359391
473	0.6803459381900592	0.876416475073984	2.1113376481021864	3.4140753024856316	[10, 734, 19, 241, 132, 1094, 1086, 1096]	360836
474	0.6811141497796445	0.8770782539306117	2.1113376481021864	3.0426603400095615	[734, 19, 241, 1720, 132, 1108, 1086, 1096]	360945
475	0.6818805151576002	0.8779559007163752	2.1113376481021864	3.8529025888000596	[2607, 1587, 241, 1126, 132, 1108, 1086, 1112]	358704
476	0.6826450387608515	0.8785277441636641	2.1113376481021864	3.8700453810595805	[3621, 1720, 132, 241, 1729, 1094, 1086, 1112]	363008
477	0.6834077250156605	0.878909039609579	2.1113376481021864	2.6087074154043774	[1807, 157, 10, 734, 1203, 174, 1086, 1112]	368696
478	0.6841685783376521	0.8795574710033517	2.1113376481021864	3.754133069956694	[1468, 2688, 734, 19, 132, 1108, 1086, 1112]	363355
479	0.6849276031318388	0.8799355341872837	2.1113376481021864	3.5987812398644117	[2872, 241, 19, 132, 217, 261, 1086, 1096]	364867
480	0.6856848037926471	0.8804277809950071	2.1113376481021864	3.91229232942431	[2004, 19, 241, 132, 387, 344, 1086, 1112]	369157
481	0.6864401847039425	0.8809880423293703	2.1113376481021864	2.8687788104161314	[241, 1126, 19, 734, 1203, 174, 1086, 1112]	371022
482	0.687193750239055	0.8814759740071381	2.1113376481021864	3.94794521153465	[2149, 157, 10, 734, 19, 334, 1086, 1112]	372807
483	0.6879455047608041	0.8819011638325269	2.1113376481021864	3.723416810891404	[157, 10, 734, 19, 1987, 334, 1086, 1112]	370365
484	0.6886954526215245	0.8823853518452398	2.1113376481021864	4.304219434169684	[1579, 4018, 2197, 241, 19, 334, 1086, 1112]	360659
485	0.6894435981630911	0.8829364408880307	2.1113376481021864	4.005571653005855	[107, 162, 2636, 301, 2627, 261, 1086, 1112]	367026
486	0.6901899457169443	0.883416384415731	2.1113376481021864	4.112208005973892	[1586, 107, 162, 420, 158, 1115, 1086, 1112]	350475
487	0.6909344996041143	0.884040679376318	2.1113376481021864	2.4252728029570534	[377, 162, 10, 734, 1203, 174, 1086, 1096]	347831
488	0.6916772641352477	0.884584012303022	2.1113376481021864	4.077500709487995	[87, 1265, 415, 2558, 255, 174, 1086, 1112]	360702
489	0.6924182436106306	0.8852020547194395	2.1113376481021864	3.6518631079410273	[837, 162, 733, 734, 1203, 174, 1086, 1112]	349878
490	0.6931574423202151	0.8856727095606954	2.1113376481021864	3.1450013644313755	[21, 422, 19, 734, 1203, 174, 1086, 1112]	357783
491	0.6938948645436429	0.8861414347857108	2.1113376481021864	3.771072222639927	[1792, 232, 3, 19, 132, 1108, 1086, 1112]	349852
492	0.6946305145502709	0.8868527544351128	2.1113376481021864	4.641263575271313	[190, 196, 1078, 390, 3248, 334, 1086, 1112]	353923
493	0.6953643965991958	0.8872586557465303	2.1113376481021864	3.291102902476779	[420, 158, 10, 734, 19, 334, 1086, 1112]	353912
494	0.6960965149392779	0.8876125452897365	2.1113376481021864	3.8162442575547812	[658, 422, 19, 241, 132, 1108, 1086, 1112]	351050
495	0.6968268738091672	0.8880733174710378	2.1113376481021864	3.8489766699575467	[1529, 2229, 734, 19, 1987, 334, 1086, 1112]	359060
496	0.6975554774373266	0.8885322005535636	2.1113376481021864	3.7008462190634503	[1792, 232, 10, 301, 2627, 261, 1086, 1112]	349040
497	0.6982823300420571	0.889214372230343	2.1113376481021864	3.8055322554048097	[813, 669, 673, 1032, 132, 1108, 1086, 1112]	352214
498	0.6990074358315221	0.8898923690853453	2.1113376481021864	4.126194782153135	[1879, 232, 193, 1265, 255, 174, 1086, 1112]	358231
499	0.6997307990037714	0.8904082836408596	2.1113376481021864	3.5164253371862078	[2028, 331, 241, 19, 132, 1108, 1086, 1112]	355576
