0	0.00240325927734375	0.005354911643957849	3.9545634646046794	3.9545634646046794	[2004, 19, 241, 1031, 132, 1094, 1086, 1112]	269113
1	0.004800742899533361	0.009432811514222261	3.2283669518612745	3.2283669518612745	[734, 19, 241, 1587, 132, 1108, 1086, 1112]	262900
2	0.0071924647469656655	0.01484771961454534	3.2283669518612745	3.2769644876399573	[2299, 2297, 400, 19, 132, 1108, 1086, 1112]	262557
3	0.00957843866667929	0.02012312303185304	3.2283669518612745	3.3778428664368425	[813, 669, 673, 670, 132, 1108, 1086, 1112]	433098
4	0.011958678472434925	0.023638306343680693	3.2283669518612745	3.592689895348193	[331, 241, 19, 132, 1713, 174, 1086, 1112]	428134
5	0.01433319794479504	0.02821309562049601	3.2283669518612745	3.3506046449898053	[305, 3083, 19, 241, 132, 1108, 1086, 1112]	386527
6	0.01670201083120393	0.032766449503990214	3.2283669518612745	3.6150967736772577	[160, 331, 241, 1209, 132, 1108, 1086, 1096]	2045399
7	0.019065130846067313	0.03623627649476824	3.2283669518612745	3.3491242693505496	[158, 10, 734, 19, 132, 1094, 1086, 1112]	574125
8	0.021422571670831503	0.041397146079790614	3.2283669518612745	3.659694296087099	[811, 651, 734, 19, 132, 1108, 1086, 1112]	683990
9	0.023774346954062775	0.04653037966417917	3.2283669518612745	3.805843527819463	[2238, 1549, 162, 1192, 836, 1089, 1086, 1096]	3547176
10	0.026120470311526423	0.051636125236275476	3.2283669518612745	3.5390150635545616	[2627, 261, 217, 132, 1713, 174, 1086, 1096]	1906579
11	0.02846095532626547	0.05424088441378816	3.2283669518612745	4.046725591253127	[734, 10, 162, 107, 1546, 234, 1086, 1112]	2531970
12	0.030795815548679273	0.05811835892193129	3.131004200996319	3.131004200996319	[3284, 162, 107, 734, 1203, 174, 1086, 1112]	4909194
13	0.03312506449660224	0.06253159026809052	3.131004200996319	4.333800856149336	[846, 162, 107, 420, 1822, 1094, 1086, 1112]	831294
14	0.03544871565538188	0.06510642415712464	3.131004200996319	3.7199577016724614	[1549, 162, 10, 158, 1713, 174, 1086, 1112]	531406
15	0.03776678247795695	0.07021699399591586	3.131004200996319	3.274646975122037	[3065, 1460, 19, 241, 132, 1108, 1086, 1112]	2792627
16	0.04007927838493508	0.07402896878365128	3.0386564380302943	3.0386564380302943	[2260, 161, 10, 734, 1203, 174, 1086, 1112]	840966
17	0.042386216764671025	0.07735077174959004	3.0386564380302943	3.841335869425449	[734, 10, 157, 320, 836, 1089, 1086, 1096]	1210258
18	0.04468761097334362	0.0811334990884447	3.0386564380302943	3.7866876418367674	[320, 232, 193, 1265, 255, 174, 1086, 1112]	5092343
19	0.04698347433503336	0.08605394801341881	3.0386564380302943	3.3331971760863874	[317, 324, 668, 670, 132, 1108, 1086, 1096]	528805
20	0.049273820141799596	0.09033628582468456	3.0386564380302943	4.248370993819255	[377, 162, 107, 420, 1582, 1087, 1086, 1112]	488471
21	0.05155866165375744	0.0940657744487634	3.0386564380302943	3.4005560863209308	[318, 158, 1557, 734, 1203, 174, 1086, 1112]	4089285
22	0.0538380120991544	0.09961000042940826	3.0386564380302943	4.009578291469043	[394, 193, 1265, 1209, 132, 1108, 1086, 1096]	455357
23	0.056111884674447055	0.10330146817546115	3.0386564380302943	3.6411842452868033	[1819, 241, 19, 132, 1713, 174, 1086, 1112]	411818
24	0.05838029254437771	0.10651825978356888	3.0386564380302943	3.193290733740417	[320, 232, 10, 734, 19, 334, 1086, 1112]	4429312
25	0.06064324884205019	0.11018140467330462	2.8085470593567745	2.8085470593567745	[432, 422, 19, 241, 132, 1108, 1086, 1112]	475254
26	0.06290076666900601	0.11435069213578919	2.8085470593567745	4.059812515991151	[1265, 415, 10, 438, 2627, 261, 1086, 1112]	426697
27	0.06515285909530044	0.11977077646852663	2.8085470593567745	4.156112910698509	[2051, 1849, 420, 2307, 1468, 1089, 1086, 1112]	4208388
28	0.06739953915957797	0.1225337727756497	2.3963279564293862	2.3963279564293862	[193, 232, 10, 734, 1203, 174, 1086, 1112]	471330
29	0.06964081986914772	0.12528809617304748	2.3963279564293862	3.0566003287318484	[1265, 159, 10, 734, 1203, 174, 1086, 1112]	405335
30	0.07187671420005914	0.12887428746971408	2.3963279564293862	3.295170776460333	[2872, 241, 1729, 1032, 132, 1108, 1086, 1112]	4589173
31	0.07410723509717665	0.13353908869109354	2.3963279564293862	3.2510333317360303	[1792, 496, 217, 241, 132, 1108, 1086, 1112]	513567
32	0.07633239547425485	0.1381789103140959	2.3963279564293862	3.664669885776984	[3819, 438, 2729, 301, 2627, 261, 1086, 1112]	413975
33	0.07855220821401321	0.1427938861022634	2.3963279564293862	3.4520103133501188	[160, 2229, 734, 19, 132, 1108, 1086, 1112]	4324605
34	0.08076668616821081	0.14630830621208468	2.3963279564293862	3.5587463979244864	[2627, 438, 10, 734, 19, 334, 1086, 1112]	513561
35	0.08297584215772047	0.14937081627430215	2.3963279564293862	4.64247002307925	[157, 651, 734, 19, 387, 344, 1086, 1112]	412370
36	0.0851796889726033	0.15285827192915424	2.3963279564293862	3.060821321900491	[1723, 241, 19, 734, 1203, 174, 1086, 1112]	4004136
37	0.08737823937218236	0.15633142952419687	2.3963279564293862	4.137695992435555	[2627, 301, 2729, 496, 3366, 150, 1086, 1112]	925557
38	0.08957150608511699	0.16028447884441877	2.3963279564293862	3.6861950080423638	[3621, 1720, 241, 132, 217, 261, 1086, 1112]	1308999
39	0.09175950180947601	0.16259082640618638	2.3963279564293862	2.4140447190854575	[1549, 107, 10, 734, 1203, 174, 1086, 1112]	5943971
40	0.09394223921281164	0.1655949250040596	2.3963279564293862	3.767816550982098	[241, 19, 734, 10, 158, 1115, 1086, 1112]	661781
41	0.0961197309322328	0.16901586417815007	2.3963279564293862	3.49796751676279	[2340, 160, 331, 241, 132, 1108, 1086, 1112]	407522
42	0.09829198957447793	0.17242277800030592	2.3963279564293862	3.8979902079078244	[837, 162, 10, 438, 2627, 261, 1086, 1112]	4418020
43	0.10045902771598825	0.17581572397242562	2.3963279564293862	2.4252728029570534	[377, 162, 10, 734, 1203, 174, 1086, 1112]	513428
44	0.10262085790298059	0.1791947593606582	2.3963279564293862	4.213337150140158	[2627, 301, 1580, 438, 240, 234, 1086, 1112]	401370
45	0.10477749265152003	0.1817712267036249	2.3963279564293862	3.0386564380302943	[2260, 161, 10, 734, 1203, 174, 1086, 1112]	4228000
46	0.10692894444759216	0.1851258453988086	2.3963279564293862	3.020181162092983	[19, 734, 811, 3459, 1203, 174, 1086, 1112]	561075
47	0.10907522574717565	0.18894397711028865	2.3963279564293862	2.906831941049569	[2309, 420, 2149, 161, 10, 734, 19, 794]	451890
48	0.11121634897631416	0.19328711045116287	2.3963279564293862	3.703792137954796	[1879, 496, 2729, 438, 2627, 261, 1086, 1112]	3884099
49	0.11335232653118832	0.1970670021660419	2.3963279564293862	2.568622653167867	[432, 422, 19, 734, 1203, 174, 1086, 1112]	578550
50	0.11548317077818748	0.20082918301803365	2.3963279564293862	4.272632963122455	[1872, 193, 1265, 415, 255, 174, 1086, 1112]	416743
51	0.11760889405398145	0.20369610638890323	2.3963279564293862	2.6565690702175355	[2872, 241, 19, 734, 1203, 174, 1086, 1112]	4100260
52	0.11972950866559184	0.20796024338093022	2.3963279564293862	3.9747414059382056	[1580, 438, 2040, 1451, 1713, 174, 1086, 1112]	544387
53	0.12184502689046317	0.21013564554449582	2.3963279564293862	3.193290733740417	[320, 232, 10, 734, 19, 334, 1086, 1096]	445801
54	0.1239554609765342	0.21383659264471433	2.3963279564293862	3.452413120526482	[3, 19, 1126, 241, 132, 1108, 1086, 1112]	6548716
55	0.1260608231423087	0.21705974801379124	2.3963279564293862	3.5360791147362347	[4349, 158, 1557, 734, 1203, 174, 1086, 1112]	2273900
56	0.12816112557692616	0.2212523238856755	2.3963279564293862	3.3778428664368425	[4356, 669, 668, 670, 132, 1108, 1086, 1112]	452282
57	0.13025638044023236	0.2244450758376748	2.3963279564293862	4.022333226213938	[734, 10, 107, 420, 1822, 1094, 1086, 1112]	3296848
58	0.1323465998628499	0.2291913936593042	2.3963279564293862	3.472619534390886	[1019, 1799, 232, 320, 836, 1089, 1086, 1096]	745071
59	0.13443179594624832	0.23161092402239924	2.3963279564293862	3.807016559897331	[837, 162, 107, 10, 158, 1115, 1086, 1112]	471392
60	0.13651198076281423	0.23572557963244167	2.3963279564293862	3.687647475626422	[300, 301, 1580, 438, 2627, 261, 1086, 1112]	4005935
61	0.13858716635592117	0.23885899334568328	2.3963279564293862	3.2506945422089704	[1851, 159, 651, 734, 1203, 174, 1086, 1112]	992386
62	0.14065736473999924	0.241248177588111	2.3963279564293862	4.272456307095635	[2267, 261, 217, 132, 387, 344, 1086, 1096]	1140135
63	0.14272258790060488	0.2439701029714445	2.3963279564293862	3.509226948323585	[1549, 162, 733, 734, 1203, 174, 1086, 1112]	5659909
64	0.14478284779449002	0.24706971534082178	2.3963279564293862	3.8465656557873755	[2040, 438, 3366, 3459, 1203, 174, 1086, 1112]	779034
65	0.14683815634967146	0.24913770013145065	2.3963279564293862	3.950554425524948	[19, 734, 10, 158, 1546, 234, 1086, 1112]	1203588
66	0.1488885254654998	0.25315850140402574	2.3963279564293862	3.927022831296105	[1530, 156, 673, 670, 132, 1108, 1086, 1112]	4925524
67	0.15093396701272854	0.25782431668055206	2.3963279564293862	3.2769644876399573	[2299, 2297, 400, 19, 132, 1108, 1086, 1112]	2269708
68	0.15297449283358266	0.2604867772791948	2.3963279564293862	3.4762812789342155	[734, 19, 132, 241, 217, 261, 1086, 1112]	465784
69	0.15501011474182713	0.26395180175050226	2.3963279564293862	3.6329497174533794	[1265, 415, 10, 734, 19, 334, 1086, 1112]	3723737
70	0.1570408445228355	0.2669694920676694	2.3963279564293862	3.8142156725565552	[2047, 232, 1792, 496, 217, 261, 1086, 1112]	466821
71	0.1590666939336579	0.2704041414696847	2.3963279564293862	4.202173341975838	[3, 19, 241, 1729, 1822, 1094, 1086, 1112]	415621
72	0.16108767470308916	0.2733953781345776	2.3963279564293862	3.50065900671827	[19, 132, 241, 1729, 1822, 1094, 1086, 1112]	4242655
73	0.16310379853173695	0.27728628168475833	2.3963279564293862	3.7379732681524613	[2040, 438, 1580, 301, 2627, 261, 1086, 1112]	458664
74	0.16511507709208928	0.27987892496634204	2.3963279564293862	3.750019727304635	[420, 158, 10, 301, 2627, 261, 1086, 1112]	558074
75	0.1671215220285821	0.28246226747084735	2.3963279564293862	3.6643804002798888	[1549, 162, 107, 10, 158, 1115, 1086, 1112]	4288938
76	0.1691231449576669	0.2858243247348844	2.3963279564293862	3.426253688794504	[193, 1529, 2229, 734, 1203, 174, 1086, 1112]	851858
77	0.17111995746787756	0.28917062891927947	2.3963279564293862	4.196693944488857	[1579, 1583, 162, 10, 158, 1115, 1086, 1112]	571012
78	0.17311197111989796	0.29250125383583847	2.3963279564293862	3.717722483198492	[394, 193, 232, 734, 1203, 174, 1086, 1112]	3589362
79	0.1750991974466285	0.2944444571791849	2.3963279564293862	3.7003595963651446	[1586, 107, 1549, 162, 420, 1582, 793, 794]	2442332
80	0.1770816479532532	0.2977503713219314	2.3963279564293862	4.546703702702619	[2051, 1849, 420, 1822, 1729, 1094, 1086, 1112]	2923263
81	0.179059334117306	0.2996791575335106	2.3963279564293862	2.746466612994111	[1549, 162, 107, 734, 1203, 174, 1086, 1112]	5923286
82	0.18103226738873734	0.30296054423811203	2.3963279564293862	3.9926159154425136	[3158, 3083, 19, 132, 217, 261, 1086, 1112]	508403
83	0.18300045918998054	0.3048750202823799	2.3963279564293862	4.043134607778936	[320, 232, 10, 107, 1546, 234, 1086, 1112]	840745
84	0.18496392091601777	0.3077249313690501	2.3963279564293862	2.9216081390660067	[87, 415, 733, 734, 1203, 174, 1086, 1112]	4387244
85	0.18692266393444623	0.31096861921665453	2.3963279564293862	4.0536056913773955	[1743, 1742, 400, 19, 387, 344, 1086, 1096]	592869
86	0.18887669958554376	0.3141971086101625	2.2891027279696745	2.2891027279696745	[241, 132, 19, 734, 1203, 174, 1086, 1112]	496179
87	0.19082603918233454	0.3179460311214043	2.2891027279696745	3.172579377897966	[2405, 1742, 400, 19, 132, 1108, 1086, 1112]	4232504
88	0.1927706940106546	0.32159836986115997	2.2891027279696745	4.019138816582498	[420, 1822, 1729, 1032, 132, 1108, 1086, 1112]	635865
89	0.19471067532921726	0.3247770530511067	2.2891027279696745	3.4876735118853137	[19, 241, 1031, 132, 1713, 174, 1086, 1112]	574841
90	0.19664599436967822	0.3283928122719909	2.2891027279696745	3.5016762523555913	[3, 19, 241, 217, 132, 1108, 1086, 1112]	4430464
91	0.19857666233670057	0.33080211739378296	2.2891027279696745	3.396490005859392	[1265, 193, 232, 320, 836, 1089, 1086, 1112]	888088
92	0.2005026904080197	0.3335457311617567	2.2891027279696745	3.4444162365136233	[1820, 10, 438, 581, 1742, 400, 19, 794]	425339
93	0.20242408973450798	0.3362780965132254	2.2891027279696745	4.094845180373128	[3820, 438, 3366, 3459, 1203, 174, 1086, 1112]	6045755
94	0.20434087144023938	0.3399063139156676	2.2891027279696745	3.678555123640563	[2033, 2034, 400, 19, 132, 1108, 1086, 1096]	2908862
95	0.20625304662255384	0.34344105728138363	2.2891027279696745	3.885685440245399	[394, 193, 232, 1879, 836, 1089, 1086, 1112]	1972775
96	0.20816062635212151	0.3469568724086922	2.2891027279696745	3.453180887458757	[1580, 438, 2729, 301, 2627, 261, 1086, 1112]	5529232
97	0.21006362167300685	0.3509534304063441	2.2891027279696745	4.282493011499988	[1792, 1791, 420, 1879, 836, 1089, 1086, 1112]	502870
98	0.21196204360273252	0.3544290174393321	2.2891027279696745	3.788547117059788	[3158, 3083, 19, 132, 1713, 174, 1086, 1112]	664497
99	0.21385590313234326	0.3574538710644082	2.2891027279696745	3.453180887458757	[1580, 438, 2729, 301, 2627, 261, 1086, 1112]	4054379
100	0.2157452112264695	0.3608946488120254	2.2891027279696745	2.9216081390660067	[87, 415, 733, 734, 1203, 174, 1086, 1112]	1032911
101	0.21762997882339075	0.36351488758785067	2.2891027279696745	4.159970511652127	[2872, 241, 1126, 19, 1987, 334, 1086, 1112]	2729802
102	0.21951021683509908	0.3661243837666541	2.2891027279696745	4.378634236801149	[2636, 301, 2728, 496, 217, 261, 1086, 1112]	1813896
103	0.22138593614736213	0.3690944381950695	2.2891027279696745	3.9747414059382056	[1580, 438, 2040, 1451, 1713, 174, 1086, 1112]	1667497
104	0.22325714761978632	0.3716810590297289	2.2891027279696745	3.729769596885106	[300, 301, 2627, 261, 132, 1108, 1086, 1112]	1124064
105	0.22512386208587953	0.3742570750960247	2.2891027279696745	3.6902540299968605	[157, 10, 811, 3459, 1203, 174, 1086, 1112]	2935551
106	0.2269860903531139	0.3765018480249691	2.2891027279696745	3.841767301233375	[241, 217, 132, 19, 1987, 334, 1086, 1112]	816170
107	0.22884384320298856	0.3790580995591233	2.2891027279696745	3.7008462190634503	[1792, 232, 10, 301, 2627, 261, 1086, 1112]	971676
108	0.23069713139109171	0.3819675524454039	2.2891027279696745	3.3778428664368425	[813, 669, 668, 670, 132, 1108, 1086, 1112]	2905448
109	0.23254596564716323	0.38574984861655115	2.2891027279696745	2.950952908405667	[1819, 1513, 1031, 241, 132, 1108, 1086, 1112]	577533
110	0.23439035667515662	0.3876779496776739	2.2891027279696745	2.8045139948008613	[377, 162, 107, 734, 1203, 174, 1086, 1112]	476827
111	0.23623031515330084	0.39054701384515667	2.2891027279696745	3.2506945422089704	[1851, 159, 651, 734, 1203, 174, 1086, 1112]	1925664
112	0.23806585173416261	0.3934026348756615	2.2891027279696745	4.279957624128514	[1794, 107, 162, 420, 1822, 1094, 1086, 1112]	366172
113	0.23989697704470747	0.39588959564739945	2.2891027279696745	2.8085470593567745	[432, 422, 19, 241, 132, 1108, 1086, 1096]	375620
114	0.2417237016863618	0.39836636024250394	2.2891027279696745	3.7718797271212043	[394, 193, 232, 10, 158, 1115, 1086, 1112]	368394
115	0.24354603623507398	0.40001879638685744	2.2891027279696745	3.0596201205548565	[119, 123, 19, 734, 1203, 174, 1086, 1112]	359771
116	0.24536399124137553	0.4019021079216364	2.2891027279696745	3.9125310353305123	[650, 651, 733, 734, 1203, 174, 1086, 1112]	373490
117	0.2471775772304423	0.40556240662622733	2.2891027279696745	4.016579822930798	[332, 165, 227, 1031, 132, 1108, 1086, 1112]	368119
118	0.24898680470215562	0.40874556741659085	2.2891027279696745	2.970867311564371	[1820, 733, 734, 19, 132, 1108, 1086, 1112]	362899
119	0.2507916841311627	0.4115159182564757	2.2891027279696745	4.2355936858395	[2340, 160, 87, 1265, 255, 174, 1086, 1112]	370399
120	0.25259222596693753	0.41392861720677254	2.2891027279696745	4.569481106172897	[1586, 107, 162, 420, 1546, 234, 1086, 1112]	363246
121	0.25438844063384136	0.41713236018851396	2.2891027279696745	4.227318885707926	[669, 673, 1032, 132, 1713, 174, 1086, 1112]	367083
122	0.2561803385311828	0.4202535648998267	2.2891027279696745	3.3369086815824263	[846, 10, 734, 19, 132, 1094, 1086, 1112]	365164
123	0.25796793003327845	0.42335805583568764	2.2891027279696745	3.7581395764311036	[1792, 232, 734, 19, 132, 1108, 1086, 1112]	365554
124	0.25975122548951257	0.4264459224968876	2.2891027279696745	3.290564441004423	[2004, 19, 241, 1720, 132, 1108, 1086, 1112]	364676
125	0.2615302352243972	0.42995601553467155	2.2891027279696745	3.8055322554048097	[813, 669, 673, 1032, 132, 1108, 1086, 1112]	365969
126	0.26330496953763205	0.4326269838084055	2.2891027279696745	2.984085347755297	[420, 1917, 10, 734, 1203, 174, 1086, 1112]	371564
127	0.2650754387041637	0.4360992493751161	2.2891027279696745	3.0150729935709144	[813, 3284, 811, 734, 1203, 174, 1086, 1112]	364327
128	0.2668416529742458	0.4384111602514026	2.2891027279696745	3.7008462190634503	[1792, 232, 10, 301, 2627, 261, 1086, 1112]	365601
129	0.26860362257349746	0.44071359263010945	2.2891027279696745	3.3369086815824263	[846, 10, 734, 19, 132, 1094, 1086, 1112]	369638
130	0.2703613577029633	0.4430065853716951	2.2891027279696745	3.114481315373401	[1265, 808, 331, 241, 132, 1108, 1086, 1112]	365596
131	0.2721148685391722	0.44561640457809604	2.2891027279696745	4.117457524546602	[734, 10, 232, 3135, 836, 1089, 1086, 1112]	368694
132	0.273864165234196	0.448213995352147	2.2891027279696745	3.5712710525479583	[734, 19, 400, 654, 132, 1108, 1086, 1112]	370851
133	0.27560925791570867	0.45116876065340883	2.2891027279696745	3.88491855492149	[2047, 232, 1792, 496, 132, 1108, 1086, 1112]	362066
134	0.27735015668704466	0.45374033559828564	2.2891027279696745	4.212573335239516	[846, 10, 232, 193, 1872, 1115, 1086, 1112]	363863
135	0.27908687162725754	0.4559799205926439	2.2891027279696745	3.7866876418367674	[320, 232, 193, 1265, 255, 174, 1086, 1112]	373439
136	0.2808194127911783	0.4582103236149955	2.2891027279696745	2.54041715625058	[1726, 132, 19, 734, 1203, 174, 1086, 1112]	360183
137	0.2825477902094734	0.4596983934048713	2.2891027279696745	3.806453251566965	[160, 331, 241, 132, 19, 334, 1086, 1096]	367316
138	0.28427201388870327	0.4613943736153052	2.2891027279696745	4.489461940660204	[2654, 232, 10, 438, 8, 174, 1086, 1112]	368049
139	0.2859920938113798	0.46427855915553384	2.2891027279696745	3.444764851160139	[2636, 162, 10, 734, 19, 334, 1086, 1112]	363467
140	0.28770803993602434	0.46714730013702976	2.2891027279696745	3.3778428664368425	[813, 669, 673, 670, 132, 1108, 1086, 1112]	363831
141	0.2894198621972255	0.4696440068731641	2.2891027279696745	2.8849793941289015	[394, 432, 422, 19, 132, 1108, 1086, 1112]	374372
142	0.29112757050569615	0.4721290151708222	2.2891027279696745	4.134512496072333	[77, 19, 132, 1729, 1822, 1094, 1086, 1112]	359473
143	0.29283117474833154	0.4742932092594986	2.2891027279696745	4.080391539787373	[1879, 232, 1792, 496, 217, 261, 1086, 1112]	370181
144	0.29453068478826594	0.4775104817338346	2.2891027279696745	3.960189989749913	[2238, 1549, 162, 2636, 836, 1089, 1086, 1112]	372838
145	0.29622611046492986	0.479652612594073	2.2891027279696745	3.056883641605592	[841, 157, 10, 734, 1203, 174, 1086, 1112]	363413
146	0.29791746159410726	0.4815192924755515	2.2891027279696745	3.671194115465367	[19, 734, 10, 438, 2627, 261, 1086, 1112]	369345
147	0.2996047479679923	0.4839486585562054	2.2891027279696745	4.129913775962887	[1580, 301, 2729, 438, 254, 174, 1086, 1112]	363852
148	0.30128797935524576	0.4860643938299819	2.2891027279696745	3.131004200996319	[3131, 162, 107, 734, 1203, 174, 1086, 1112]	361581
149	0.30296716550105185	0.48847246362149077	2.2891027279696745	3.3456798492910815	[158, 651, 734, 19, 132, 1108, 1086, 1112]	374210
150	0.30464231612717463	0.4903075034123894	2.2891027279696745	4.0182549872101685	[1580, 438, 3366, 496, 217, 261, 1086, 1096]	369949
151	0.3063134409320143	0.49269569191160245	2.2891027279696745	3.3506046449898053	[305, 3083, 19, 241, 132, 1108, 1086, 1096]	364009
152	0.3079805495906631	0.49408904480857374	2.2891027279696745	2.4140447190854575	[1549, 107, 10, 734, 1203, 174, 1086, 1112]	358896
153	0.30964365175496167	0.4968545930330166	2.2891027279696745	3.2769644876399573	[2299, 2297, 400, 19, 132, 1108, 1086, 1112]	371518
154	0.3113027570535547	0.49891741585676974	2.2891027279696745	3.0386564380302943	[2260, 161, 10, 734, 1203, 174, 1086, 1112]	369286
155	0.31295787509194684	0.5016006688211828	2.2891027279696745	3.49796751676279	[2340, 160, 331, 241, 132, 1108, 1086, 1112]	363672
156	0.31460901545255804	0.504269553203053	2.2891027279696745	3.743450763630099	[1879, 496, 2729, 301, 2627, 261, 1086, 1112]	369835
157	0.3162561876947795	0.5065923218521433	2.2891027279696745	3.050403745795638	[3158, 3083, 19, 734, 1203, 174, 1086, 1112]	361951
158	0.31789940135502837	0.5086152214072319	2.2891027279696745	4.055957361380672	[734, 19, 1126, 241, 217, 261, 1086, 1112]	365958
159	0.3195386659468036	0.5109176282207133	2.2891027279696745	3.827619194270686	[1555, 2229, 734, 19, 132, 1094, 1086, 1112]	367322
160	0.3211739909607406	0.5126721488465159	2.2891027279696745	3.750019727304635	[420, 158, 10, 301, 2627, 261, 1086, 1112]	360581
161	0.32280538586466645	0.5146701219971999	2.2891027279696745	3.3888865417638216	[2948, 301, 10, 734, 1203, 174, 1086, 1112]	364661
162	0.32443286010365446	0.5166599037492157	2.2891027279696745	4.136243020870449	[3621, 1720, 241, 1126, 19, 334, 1086, 1112]	364163
163	0.326056423100079	0.5192481472586207	2.2891027279696745	3.550342183707693	[734, 10, 232, 1192, 836, 1089, 1086, 1112]	367456
164	0.3276760842536699	0.520757203716026	2.2891027279696745	4.109926419805824	[1799, 232, 320, 157, 1713, 174, 1086, 1096]	371270
165	0.3292918529415674	0.5230027186923669	2.2891027279696745	3.8292693641769366	[107, 1549, 162, 2636, 836, 1089, 1086, 1112]	367226
166	0.3309037385183756	0.5252377122012011	2.2891027279696745	3.385612680077884	[1580, 438, 2627, 261, 132, 1108, 1086, 1096]	358481
167	0.3325117503162174	0.528143209461825	2.2891027279696745	3.624514969986202	[3895, 1030, 1032, 1729, 132, 1108, 1086, 1112]	367396
168	0.3341158976447879	0.5300777535192427	2.2891027279696745	3.8345660294754875	[1820, 10, 158, 420, 1822, 1094, 1086, 1112]	362639
169	0.3357161897914087	0.5317635396394305	2.2891027279696745	3.7874080745804655	[1549, 162, 10, 301, 2627, 261, 1086, 1096]	365216
170	0.33731263602108175	0.5332333108947475	2.2891027279696745	4.1846771346594975	[2627, 301, 10, 161, 1713, 174, 1086, 1112]	367893
171	0.33890524557654256	0.5349077768553451	2.2891027279696745	3.623620915048451	[3895, 1030, 1032, 132, 1713, 174, 1086, 1112]	366618
172	0.34049402767831405	0.5370869886464227	2.2891027279696745	2.8859392283917114	[677, 132, 19, 734, 1203, 174, 1086, 1112]	364436
173	0.34207899152475973	0.5395658469210596	2.2891027279696745	3.4973354227970503	[2872, 241, 1031, 132, 1713, 174, 1086, 1112]	370167
174	0.34366014629213726	0.5412175957163843	2.2891027279696745	3.628219205269515	[107, 734, 19, 132, 1713, 174, 1086, 1112]	370098
175	0.3452375011346511	0.5436743349551255	2.2891027279696745	3.74393319068061	[1715, 132, 241, 1729, 1822, 1094, 1086, 1112]	369688
176	0.3468110651845061	0.5455452036620332	2.2891027279696745	3.8937645363257936	[21, 1417, 733, 734, 1203, 174, 1086, 1096]	365664
177	0.34838084755195975	0.5480294682192743	2.2891027279696745	3.6538604432912036	[196, 1078, 334, 19, 132, 1108, 1086, 1112]	368084
178	0.34994685732537534	0.5498824815146581	2.2891027279696745	3.2506945422089704	[1851, 159, 651, 734, 1203, 174, 1086, 1112]	366397
179	0.35150910357127463	0.5517278977256493	2.2891027279696745	3.060821321900491	[4015, 241, 19, 734, 1203, 174, 1086, 1112]	365855
180	0.3530675953343899	0.5538282980382634	2.2891027279696745	3.918027321792165	[19, 734, 10, 415, 255, 174, 1086, 1112]	370060
181	0.3546223416377169	0.5554288821093953	2.2891027279696745	2.5712032091418053	[107, 10, 734, 19, 132, 1108, 1086, 1112]	370331
182	0.35617335148256646	0.5572515588864613	2.2891027279696745	3.5975221620810895	[3895, 1030, 1032, 370, 1713, 174, 1086, 1112]	368202
183	0.3577206338486171	0.5596718309770965	2.2891027279696745	2.9305764039857216	[3284, 2308, 651, 734, 1203, 174, 1086, 1112]	367953
184	0.3592641976939669	0.561251452119159	2.2891027279696745	3.7644588152833016	[107, 162, 10, 438, 2627, 261, 1086, 1112]	364135
185	0.36080405195518517	0.5639365489280923	2.2891027279696745	3.8012792168708254	[1546, 1662, 370, 1032, 132, 1108, 1086, 1096]	363221
186	0.36234020554736446	0.5657243455113864	2.2891027279696745	3.975030667081838	[1792, 232, 320, 157, 1713, 174, 1086, 1096]	370630
187	0.3638726673641719	0.5675048123893007	2.2891027279696745	3.7925866042151446	[2238, 1549, 232, 320, 836, 1089, 1086, 1112]	367706
188	0.36540144627790083	0.5698690353536449	2.2891027279696745	3.1780623326561717	[715, 494, 2229, 734, 1203, 174, 1086, 1112]	375723
189	0.36692655113952244	0.5718844345007801	2.2891027279696745	4.091940592180209	[1555, 2229, 734, 10, 158, 1115, 1086, 1112]	369889
190	0.36844799077873636	0.5730602890202787	2.2891027279696745	3.648341413944703	[157, 651, 19, 734, 1203, 174, 1086, 1112]	361140
191	0.3699657740040224	0.575346513449872	2.2891027279696745	4.142902977789445	[317, 324, 671, 670, 132, 1094, 1086, 1112]	372326
192	0.3714799096026914	0.5773362476121748	2.2891027279696745	3.246750777944097	[1500, 786, 19, 734, 1203, 174, 1086, 1112]	371612
193	0.3729904063409356	0.5790691073841729	2.2891027279696745	3.114481315373401	[1265, 808, 331, 241, 132, 1108, 1086, 1112]	368222
194	0.37449727296388025	0.5805791432712673	2.2891027279696745	3.938253435163311	[160, 87, 1265, 415, 255, 174, 1086, 1112]	364505
195	0.3760005181956336	0.5822987076437884	2.2891027279696745	3.3644747416212573	[193, 232, 107, 734, 1203, 174, 1086, 1112]	367724
196	0.3775001507393376	0.584535461157923	2.2891027279696745	4.397422860179849	[157, 841, 840, 843, 3094, 174, 1086, 1112]	357949
197	0.3789961792772184	0.586025887198093	2.2891027279696745	2.604369500782573	[10, 734, 19, 241, 132, 1108, 1086, 1112]	360107
198	0.38048861247063637	0.588242681995033	2.2891027279696745	2.687257635897571	[1917, 10, 734, 19, 132, 1108, 1086, 1112]	363185
199	0.38197745896013646	0.590171990544619	2.2891027279696745	3.7696768965965166	[10, 734, 19, 387, 344, 174, 1086, 1112]	364064
200	0.383462727365498	0.5923665833244718	2.2891027279696745	4.301759614472279	[669, 673, 1032, 132, 19, 334, 1086, 1112]	366574
201	0.38494442628578507	0.5934861819420498	2.2891027279696745	2.8197523624652856	[10, 494, 2229, 734, 1203, 174, 1086, 1096]	370045
202	0.3864225642993957	0.5949444984130803	2.2891027279696745	4.057190269199701	[10, 261, 217, 241, 132, 1108, 1086, 1112]	361936
203	0.38789714996411195	0.5963975833597808	2.2891027279696745	3.8342273725156204	[1549, 107, 10, 301, 2627, 261, 1086, 1096]	361663
204	0.3893681918171492	0.5992792570669758	2.2891027279696745	4.00112251034354	[3895, 1030, 1032, 1729, 1822, 1094, 1086, 1112]	367397
205	0.3908356983752058	0.6009221536988987	2.2891027279696745	3.7728659401972795	[3065, 1460, 19, 132, 1713, 174, 1086, 1112]	366242
206	0.3922996781345123	0.60255831469412	2.2891027279696745	4.047089994631571	[2297, 400, 654, 493, 217, 261, 1086, 1112]	366174
207	0.3937601395708803	0.6039840860460624	2.2891027279696745	3.620153532278189	[320, 232, 10, 438, 2627, 261, 1086, 1112]	366325
208	0.3952170911397521	0.6058396374962839	2.2891027279696745	3.7925866042151446	[2238, 1549, 232, 320, 836, 1089, 1086, 1112]	362162
209	0.39667054127624946	0.6074556375247704	2.2891027279696745	3.567274330130336	[377, 162, 733, 734, 1203, 174, 1086, 1112]	364519
210	0.3981204983952221	0.609557677902159	2.2891027279696745	3.6529530773867895	[1114, 1987, 19, 734, 1203, 174, 1086, 1112]	366262
211	0.3995669708912969	0.6116484620390545	2.2891027279696745	3.036539522001304	[2627, 261, 217, 241, 132, 1108, 1086, 1112]	359660
212	0.401009967138926	0.6140251342362844	2.2891027279696745	3.8197237672360203	[394, 193, 1265, 415, 255, 174, 1086, 1112]	367544
213	0.4024494954924358	0.6152366903857938	2.2891027279696745	2.8859392283917114	[1723, 132, 19, 734, 1203, 174, 1086, 1112]	363474
214	0.403885564286075	0.616814163867266	2.2891027279696745	4.092483638336291	[107, 10, 158, 420, 1582, 1087, 1086, 1112]	365535
215	0.4053181818340631	0.6181887941786477	2.2891027279696745	2.5664221723022065	[1580, 438, 10, 734, 1203, 174, 1086, 1112]	367979
216	0.4067473564306381	0.6199777887915132	2.2891027279696745	3.663848643256939	[1792, 496, 1512, 1031, 132, 1108, 1086, 1112]	373857
217	0.4081730963501049	0.6213410700020029	2.2891027279696745	3.736675918860292	[10, 232, 3, 19, 132, 1108, 1086, 1112]	362718
218	0.40959540984688314	0.6228935164168999	2.2891027279696745	3.693484805363739	[2047, 232, 10, 438, 2627, 261, 1086, 1112]	362987
219	0.4110143051555549	0.6244395980278	2.2891027279696745	4.24952229763217	[1791, 420, 162, 320, 836, 1089, 1086, 1112]	363626
220	0.41242979049091255	0.6256184636868924	2.2891027279696745	3.932285790972726	[1820, 10, 734, 19, 132, 261, 1086, 1112]	361615
221	0.4138418740480061	0.6271533734112082	2.2891027279696745	3.919440109322614	[2238, 1549, 107, 10, 158, 1115, 1086, 1112]	366669
222	0.4152505640021906	0.6284909131271278	2.2891027279696745	3.384925770620283	[21, 422, 19, 241, 132, 1108, 1086, 1096]	365244
223	0.4166558685091739	0.6304803114622595	2.2891027279696745	3.90434114883427	[1535, 496, 2729, 301, 2627, 261, 1086, 1096]	356054
224	0.4180577957050633	0.6319952883194204	2.2891027279696745	3.701892151046522	[3819, 438, 496, 217, 132, 1108, 1086, 1112]	359993
225	0.419456353706413	0.6337195919455789	2.2891027279696745	3.367189747680925	[4356, 669, 811, 3459, 1203, 174, 1086, 1096]	377274
226	0.420851550610271	0.6352212882249565	2.2891027279696745	2.5950038073592214	[420, 158, 10, 1820, 733, 734, 19, 794]	358141
227	0.4222433944942261	0.6367168277684948	2.2891027279696745	3.0566003287318484	[1265, 159, 10, 734, 1203, 174, 1086, 1112]	360254
228	0.42363189341645446	0.6378571558063308	2.2891027279696745	2.889102772611553	[837, 162, 107, 734, 1203, 174, 1086, 1112]	364613
229	0.4250170554157664	0.6391562970681863	2.2891027279696745	2.376330188143222	[107, 162, 10, 734, 1203, 174, 1086, 1112]	359242
230	0.42639888851165286	0.640847047446355	2.2891027279696745	3.352497027679866	[160, 331, 241, 1031, 132, 1108, 1086, 1112]	360454
231	0.4277774007043319	0.6427702797739463	2.2891027279696745	3.550342183707693	[734, 10, 232, 1192, 836, 1089, 1086, 1096]	364468
232	0.42915259997479493	0.644051795830242	2.2891027279696745	3.3036751225217778	[420, 107, 734, 19, 132, 1108, 1086, 1112]	365340
233	0.43052449428485307	0.6455111315798446	2.2891027279696745	3.5108348228147426	[432, 422, 19, 132, 217, 261, 1086, 1112]	365355
234	0.43189309157718303	0.6476805676588806	2.2891027279696745	2.9084054188625457	[1742, 400, 19, 241, 132, 1108, 1086, 1112]	364333
235	0.4332583997753733	0.6489444686837014	2.2891027279696745	2.7485236478426205	[1089, 836, 1192, 232, 10, 734, 19, 794]	364952
236	0.4346204267839697	0.6502038356248072	2.2891027279696745	3.291102902476779	[420, 158, 10, 734, 19, 334, 1086, 1112]	364141
237	0.4359791804885218	0.6520769631784318	2.2891027279696745	3.8009259199488996	[813, 19, 241, 1720, 132, 1108, 1086, 1112]	373918
238	0.43733466875562776	0.6535033969117563	2.2891027279696745	4.374954109087464	[3135, 232, 10, 161, 1713, 174, 1086, 1112]	355604
239	0.43868689943298045	0.6545910327333921	2.2891027279696745	3.5110094936797793	[2297, 400, 19, 132, 1713, 174, 1086, 1096]	360712
240	0.44003588034941277	0.6556752545195945	2.2891027279696745	3.2440727575381176	[195, 3284, 811, 3459, 1203, 174, 1086, 1112]	365949
241	0.4413816193149427	0.6569104756250328	2.2891027279696745	3.8454554563872163	[377, 162, 10, 301, 2627, 261, 1086, 1112]	357715
242	0.44272412412081874	0.6581412655323091	2.2891027279696745	3.3809090108448636	[107, 10, 734, 19, 132, 1094, 1086, 1112]	361816
243	0.4440634025395652	0.6593676401377815	2.2891027279696745	3.0081619873831613	[734, 19, 1126, 241, 132, 1108, 1086, 1112]	358905
244	0.4453994623250269	0.6605896152807821	2.2891027279696745	3.7179657010145517	[420, 158, 10, 438, 2627, 261, 1086, 1112]	363898
245	0.4467323112124141	0.6619811483813984	2.2891027279696745	3.404274121651059	[1917, 10, 232, 320, 836, 1089, 1086, 1112]	362098
246	0.4480619569183474	0.663791209465808	2.2891027279696745	3.2283669518612745	[734, 19, 241, 1587, 132, 1108, 1086, 1112]	360151
247	0.44938840714090234	0.6649973156180752	2.2891027279696745	2.8878850441178776	[432, 15, 1557, 734, 19, 132, 393, 794]	362080
248	0.450711669559654	0.6667912253934292	2.2891027279696745	3.219397614983688	[1647, 1697, 241, 19, 132, 1108, 1086, 1112]	363517
249	0.4520317518357214	0.667986569371211	2.2891027279696745	2.8952956452894263	[1549, 10, 734, 19, 132, 1108, 1086, 1112]	377410
250	0.453348661611812	0.66917762520494	2.2891027279696745	3.7572456974357307	[420, 1822, 1729, 241, 132, 1108, 1086, 1096]	361830
251	0.45466240651226575	0.6705339487167636	2.2891027279696745	3.869037353273284	[734, 10, 162, 420, 158, 1115, 1086, 1112]	379374
252	0.45597299414309944	0.6720776776117809	2.2891027279696745	3.6975481527203735	[160, 1873, 10, 734, 1203, 174, 1086, 1112]	371532
253	0.4572804320920506	0.6736141732914425	2.2891027279696745	3.9056048898045246	[1647, 1697, 241, 132, 217, 261, 1086, 1112]	358940
254	0.45858472792862137	0.6747850408139142	2.2891027279696745	4.305530114981221	[1019, 1799, 232, 10, 158, 1089, 1086, 1112]	362619
255	0.45988588920412254	0.6758058746004219	2.2891027279696745	3.4355553265014054	[2654, 232, 10, 734, 19, 334, 1086, 1112]	365953
256	0.461183923451717	0.6768235040398038	2.2891027279696745	2.5355140376147673	[359, 158, 10, 734, 1203, 174, 1086, 1112]	359558
257	0.4624788381864636	0.6778379391903485	2.280663565633288	2.280663565633288	[1792, 232, 10, 734, 1203, 174, 1086, 1112]	358483
258	0.4637706409053606	0.6793474448896857	2.280663565633288	4.000906562670694	[257, 320, 232, 1192, 836, 1089, 1086, 1112]	364655
259	0.46505933908738883	0.6808498777280827	2.280663565633288	3.788547117059788	[3158, 3083, 19, 132, 1713, 174, 1086, 1112]	359611
260	0.46634494019355544	0.6819947880838094	2.280663565633288	3.0596201205548565	[119, 123, 19, 734, 1203, 174, 1086, 1112]	359196
261	0.46762745166693676	0.6836976778959387	2.280663565633288	3.9337953611372933	[2627, 301, 2728, 496, 132, 1108, 1086, 1112]	367237
262	0.46890688093272137	0.685179727510129	2.280663565633288	3.158533422469885	[457, 540, 19, 734, 1203, 174, 1086, 1112]	356228
263	0.47018323539825324	0.6866548329101752	2.280663565633288	3.288219694895293	[107, 10, 232, 320, 836, 1089, 1086, 1112]	359609
264	0.4714565224530747	0.688572473691692	2.280663565633288	3.5712710525479583	[734, 19, 400, 654, 132, 1108, 1086, 1112]	359154
265	0.47272674946896887	0.6900316822177097	2.280663565633288	3.4005560863209308	[318, 158, 1557, 734, 1203, 174, 1086, 1112]	358854
266	0.4739939238000027	0.6916915351718601	2.280663565633288	2.7517630091525116	[3131, 162, 10, 734, 1203, 174, 1086, 1096]	376604
267	0.4752580527825695	0.6933424997600991	2.280663565633288	3.493148230326841	[331, 241, 1729, 1032, 132, 1108, 1086, 1112]	369898
268	0.47651914373543125	0.6945997508088232	2.280663565633288	3.758928615269867	[846, 10, 158, 420, 1822, 1094, 1086, 1112]	356668
269	0.477777203959761	0.696030718240477	2.280663565633288	3.0566003287318484	[4210, 415, 10, 734, 1203, 174, 1086, 1112]	368059
270	0.47903224073918504	0.6978909795505337	2.280663565633288	3.472619534390886	[1019, 1799, 232, 320, 836, 1089, 1086, 1112]	380091
271	0.4802842613398256	0.6989747571270822	2.280663565633288	4.129913775962887	[1580, 301, 2729, 438, 8, 174, 1086, 1112]	363492
272	0.4815332730103422	0.7003852252579945	2.280663565633288	3.4876735118853137	[19, 241, 1031, 132, 1713, 174, 1086, 1112]	379811
273	0.48277928298197414	0.7019896359039624	2.280663565633288	2.54041715625058	[1715, 132, 19, 734, 1203, 174, 1086, 1096]	365178
274	0.48402229846858214	0.7033859776765905	2.280663565633288	3.050403745795638	[3158, 3083, 19, 734, 1203, 174, 1086, 1112]	365137
275	0.48526232666669	0.7050074100143643	2.280663565633288	4.168426044141165	[2607, 1587, 241, 132, 387, 344, 1086, 1112]	354186
276	0.4864993747555266	0.7062168366314701	2.280663565633288	3.0413108580542865	[3284, 811, 734, 19, 132, 1108, 1086, 1112]	371177
277	0.48773344989706724	0.707593371653501	2.280663565633288	2.756815517589228	[1743, 1742, 400, 19, 132, 1108, 1086, 1096]	360388
278	0.48896455923607496	0.7086423431359301	2.280663565633288	2.539418467647492	[158, 10, 734, 19, 132, 1108, 1086, 1112]	361954
279	0.4901927099001423	0.7098368670571111	2.280663565633288	3.701473120934355	[3075, 334, 1987, 19, 132, 1108, 1086, 1096]	360421
280	0.49141790899973226	0.7110264936043442	2.280663565633288	4.386482985024261	[321, 1398, 331, 241, 132, 1094, 1086, 1112]	363068
281	0.4926401636282195	0.712063149199673	2.280663565633288	3.9926159154425136	[3158, 3083, 19, 132, 217, 261, 1086, 1112]	366540
282	0.49385948086193154	0.7129669688345792	2.280663565633288	3.1450013644313755	[21, 422, 19, 734, 1203, 174, 1086, 1112]	367540
283	0.49507586776018964	0.7145040053553674	2.280663565633288	3.58697182110531	[3621, 1720, 241, 1729, 132, 1108, 1086, 1112]	357701
284	0.4962893313653497	0.7156744973159185	2.280663565633288	3.276469057029505	[734, 19, 241, 132, 1713, 174, 1086, 1112]	357583
285	0.49749987870284296	0.7166944787907896	2.280663565633288	3.5025358060307514	[1549, 107, 811, 3459, 1203, 174, 1086, 1112]	363730
286	0.4987075167812167	0.7174726006446968	2.280663565633288	3.3809090108448636	[107, 10, 734, 19, 132, 1094, 1086, 1112]	358660
287	0.499912252592175	0.7189855099052416	2.280663565633288	4.111283100099756	[2627, 301, 2729, 438, 8, 174, 1086, 1112]	378593
288	0.5011140931106188	0.7199936135447715	2.280663565633288	3.598516588534495	[157, 651, 733, 734, 1203, 174, 1086, 1112]	380388
289	0.5023130452946867	0.720872539841541	2.280663565633288	3.248810350825159	[1792, 232, 107, 734, 1203, 174, 1086, 1112]	358878
290	0.5035091160857952	0.7225807717118848	2.280663565633288	4.142902977789445	[317, 324, 671, 670, 132, 1094, 1086, 1112]	366239
291	0.5047023124086787	0.7235759778082628	2.280663565633288	3.9502654274620577	[158, 10, 157, 320, 836, 1089, 1086, 1096]	375197
292	0.5058926411714294	0.7244436592395287	2.280663565633288	4.108458713609726	[1579, 1580, 438, 496, 217, 261, 1086, 1112]	363254
293	0.5070801092655379	0.7259499803442688	2.280663565633288	2.7486699903006286	[2153, 158, 10, 734, 1203, 174, 1086, 1112]	365085
294	0.5082647235659328	0.7268102098981548	2.280663565633288	3.686298423877683	[2028, 493, 217, 241, 132, 1108, 1086, 1112]	377471
295	0.5094464909310201	0.7276677392337143	2.280663565633288	2.9205297895886497	[3284, 195, 10, 734, 1203, 174, 1086, 1096]	354154
296	0.5106254182027237	0.7293343851699461	2.280663565633288	3.707532438555705	[1791, 1792, 232, 320, 836, 1089, 1086, 1112]	361558
297	0.5118015122065243	0.7300777904841156	2.280663565633288	3.7351903890873936	[320, 232, 10, 157, 1713, 174, 1086, 1112]	365780
298	0.5129747797514992	0.7311844321958698	2.280663565633288	4.015487913134201	[320, 232, 1792, 496, 3366, 150, 1086, 1112]	357066
299	0.5141452276303617	0.7326239158099812	2.280663565633288	4.014376317445653	[87, 1265, 415, 10, 158, 1115, 1086, 1112]	361051
300	0.5153128626195008	0.7340556911165262	2.280663565633288	2.568622653167867	[432, 422, 19, 734, 1203, 174, 1086, 1112]	361180
301	0.5164776914790197	0.7350097324031777	2.280663565633288	3.7634450920680766	[1549, 162, 420, 158, 1713, 174, 1086, 1112]	357351
302	0.5176397209527754	0.7364287318726674	2.280663565633288	2.8859392283917114	[1723, 132, 19, 734, 1203, 174, 1086, 1112]	361986
303	0.5187989577684178	0.7375093356505219	2.280663565633288	3.9502128498443376	[2627, 438, 10, 158, 1713, 174, 1086, 1096]	356967
304	0.5199554086374283	0.7387392481761077	2.280663565633288	4.449235406102265	[1851, 1799, 1019, 10, 158, 1115, 1086, 1112]	365819
305	0.521109080255159	0.7401382764181588	2.280663565633288	3.813013157523107	[386, 3821, 2680, 241, 132, 1108, 1086, 1112]	363276
306	0.5222599793008715	0.741529812987586	2.280663565633288	4.073810758588501	[2297, 400, 19, 241, 1729, 1094, 1086, 1112]	362796
307	0.5234081124377751	0.7423411382118856	2.280663565633288	2.3053561782236596	[2047, 232, 10, 734, 1203, 174, 1086, 1112]	355602
308	0.5245534863130658	0.743397501985616	2.280663565633288	4.036573359035232	[2238, 1549, 107, 420, 158, 1115, 1086, 1096]	361993
309	0.5256961075579647	0.744449534821863	2.280663565633288	4.056529524508265	[1579, 1580, 438, 240, 1203, 174, 1086, 1112]	358876
310	0.5268359827877562	0.7460134778636931	2.280663565633288	3.7080224801751394	[1515, 1031, 241, 1720, 132, 1108, 1086, 1112]	357705
311	0.5279731186018268	0.7472035438253897	2.280663565633288	3.428392705000431	[950, 4588, 1987, 19, 132, 1108, 1086, 1112]	360672
312	0.5291075215837026	0.7481104188674701	2.280663565633288	3.761630775984827	[811, 734, 19, 241, 132, 1094, 1086, 1112]	364033
313	0.5302391983010879	0.7494592653184684	2.280663565633288	4.303900491983976	[2636, 162, 481, 159, 1713, 174, 1086, 1112]	359276
314	0.5313681553059033	0.7506331858787213	2.280663565633288	3.699423028143288	[4015, 241, 1729, 1032, 132, 1108, 1086, 1112]	359111
315	0.5324943991343231	0.7515277575173898	2.280663565633288	4.374230901275973	[320, 836, 1879, 496, 217, 261, 1086, 1112]	368986
316	0.5336179363068136	0.7525464574911249	2.280663565633288	3.8563424333542855	[432, 422, 19, 241, 217, 261, 1086, 1112]	376735
317	0.534738773328171	0.7538715493472443	2.280663565633288	3.805843527819463	[2238, 1549, 162, 1192, 836, 1089, 1086, 1112]	363154
318	0.5358569166875584	0.7545475613271866	2.280663565633288	3.652164874780085	[10, 734, 19, 241, 217, 261, 1086, 1112]	370347
319	0.536972372858544	0.7556976404338377	2.280663565633288	3.901763286193434	[2796, 1791, 420, 158, 1713, 174, 1086, 1112]	364352
320	0.5380851482991382	0.756464493543525	2.280663565633288	2.3053561782236596	[2047, 232, 10, 734, 1203, 174, 1086, 1112]	365135
321	0.5391952494518312	0.7573381461097353	2.280663565633288	3.4939612626061676	[377, 162, 3284, 734, 1203, 174, 1086, 1112]	363328
322	0.5403026827436301	0.7584751497983089	2.280663565633288	3.7667769996076155	[1549, 107, 10, 158, 1713, 174, 1086, 1112]	355949
323	0.5414074545860965	0.7594653664764317	2.280663565633288	4.0600818007869215	[318, 158, 10, 301, 2627, 261, 1086, 1096]	356353
324	0.5425095713753831	0.7607534081862622	2.280663565633288	3.6545861275650307	[811, 3284, 813, 19, 132, 1108, 1086, 1112]	364474
325	0.5436090394922712	0.7617342843371021	2.280663565633288	2.8120095126531117	[1265, 415, 733, 734, 1203, 174, 1086, 1112]	361193
326	0.5447058653022072	0.7625890322010076	2.280663565633288	3.4140753024856316	[10, 734, 19, 241, 132, 1094, 1086, 1112]	375623
327	0.5458000551553399	0.7637014326123939	2.280663565633288	3.036539522001304	[2627, 261, 217, 241, 132, 1108, 1086, 1112]	362790
328	0.5468916153865568	0.7644431622114761	2.280663565633288	2.7456902916092707	[421, 438, 10, 734, 1203, 174, 1086, 1096]	361735
329	0.5479805523155213	0.7654089109086776	2.280663565633288	3.9893394753980225	[1792, 1791, 420, 158, 1713, 174, 1086, 1096]	361469
330	0.5490668722467089	0.7662504765184599	2.280663565633288	3.671194115465367	[19, 734, 10, 438, 2627, 261, 1086, 1112]	361950
331	0.5501505814694436	0.7673457210578882	2.280663565633288	3.612948006665728	[669, 813, 19, 241, 132, 1108, 1086, 1112]	357107
332	0.5512316862579348	0.7682995696869329	2.280663565633288	4.174259241807275	[734, 10, 159, 320, 836, 1089, 1086, 1112]	357594
333	0.5523101928713134	0.7689359539254637	2.280663565633288	3.790297053717306	[119, 409, 19, 132, 217, 261, 1086, 1112]	379143
334	0.5533861075536677	0.7698832828315638	2.280663565633288	4.235038687432666	[320, 232, 1799, 1019, 1010, 1105, 1086, 1096]	355396
335	0.5544594365340798	0.7711155375197984	2.280663565633288	3.619048318501573	[2028, 331, 241, 1031, 132, 1108, 1086, 1112]	361345
336	0.5555301860266624	0.7719366313344993	2.280663565633288	2.746466612994111	[1549, 162, 107, 734, 1203, 174, 1086, 1112]	365207
337	0.556598362230593	0.7731578905229265	2.280663565633288	3.956416336917309	[432, 15, 1557, 158, 1713, 174, 1086, 1112]	364177
338	0.5576639713301517	0.7739716576567329	2.280663565633288	3.5847571856602682	[320, 232, 10, 158, 1713, 174, 1086, 1112]	359339
339	0.558727019494756	0.7747825055047437	2.280663565633288	2.8377901342557204	[193, 1265, 808, 331, 241, 132, 393, 794]	378840
340	0.5597875128789963	0.7757058644016357	2.280663565633288	4.237247823578639	[1579, 1580, 438, 10, 232, 1023, 1086, 1112]	361412
341	0.5608454576226725	0.7769069396800228	2.280663565633288	3.310396423007216	[1820, 10, 846, 734, 1203, 174, 1086, 1112]	382020
342	0.5619008598508284	0.7779522528531173	2.280663565633288	2.7995542814999217	[3869, 438, 10, 734, 1203, 174, 1086, 1096]	368682
343	0.5629537256737882	0.77874882082359	2.280663565633288	3.4156840976195353	[1791, 1794, 107, 734, 1203, 174, 1086, 1112]	365071
344	0.5640040611871913	0.7801028556985742	2.280663565633288	3.6143159618419327	[1794, 1879, 496, 217, 132, 1108, 1086, 1096]	368369
345	0.5650518724720273	0.7812803854770669	2.280663565633288	3.385612680077884	[1580, 438, 2627, 261, 132, 1108, 1086, 1112]	375943
346	0.5660971655946722	0.7821771040132852	2.280663565633288	3.7925866042151446	[2238, 1549, 232, 320, 836, 1089, 1086, 1112]	360968
347	0.5671399466069225	0.7828608393871275	2.280663565633288	3.7199577016724614	[1549, 162, 10, 158, 1713, 174, 1086, 1112]	365963
348	0.568180221546031	0.783878255279212	2.280663565633288	4.0649700145985	[1549, 162, 1541, 159, 1713, 174, 1086, 1112]	358149
349	0.569217996434741	0.7846535644718486	2.280663565633288	4.277072447501152	[160, 107, 420, 158, 1713, 174, 1086, 1096]	355457
350	0.5702532772813219	0.7856625804650563	2.280663565633288	4.192452276766578	[101, 370, 1032, 1729, 132, 1108, 1086, 1112]	362741
351	0.5712860700796036	0.78681033840866	2.280663565633288	4.006499807546221	[1849, 420, 162, 1192, 836, 1089, 1086, 1112]	365366
352	0.5723163808090113	0.7881150376100621	2.280663565633288	3.7080224801751394	[1515, 1031, 241, 1720, 132, 1108, 1086, 1112]	365325
353	0.5733442154346	0.7892496628623435	2.280663565633288	4.031835068797603	[1535, 438, 2729, 301, 2627, 261, 1086, 1112]	384908
354	0.5743695799070891	0.7902371436173617	2.280663565633288	4.224231606537537	[19, 734, 10, 1019, 1010, 1105, 1086, 1112]	379610
355	0.5753924801628971	0.7915208711169197	2.280663565633288	3.9962944427123492	[3353, 2872, 241, 1587, 132, 1108, 1086, 1112]	355817
356	0.5764129221241756	0.7924977100173507	2.280663565633288	3.4994098055411538	[1580, 301, 2627, 261, 132, 1108, 1086, 1112]	361489
357	0.5774309116988436	0.7934699718925297	2.280663565633288	3.3036751225217778	[669, 811, 734, 19, 132, 1108, 1086, 1112]	389777
358	0.5784464547806221	0.7941182595086594	2.280663565633288	2.620774439524012	[1799, 1019, 10, 734, 1203, 174, 1086, 1112]	359461
359	0.5794595572490676	0.7950829282219154	2.280663565633288	3.6490997296557035	[5187, 435, 422, 19, 132, 1108, 1086, 1112]	384609
360	0.580470224969607	0.7963370000090128	2.280663565633288	4.364102331397973	[2796, 1791, 420, 2307, 1468, 1089, 1086, 1112]	362500
361	0.5814784637935708	0.797291272707846	2.280663565633288	3.1941925614291695	[841, 1820, 733, 734, 1203, 174, 1086, 1096]	366845
362	0.582484279558227	0.7981223489403667	2.280663565633288	3.27350296341553	[2047, 232, 107, 734, 1203, 174, 1086, 1112]	361738
363	0.5834876780868156	0.7989500178814821	2.280663565633288	3.9241498096099496	[837, 162, 107, 420, 158, 1115, 1086, 1096]	368398
364	0.5844886651885814	0.799671259048202	2.280663565633288	3.799629496739959	[669, 673, 670, 132, 1713, 174, 1086, 1096]	361598
365	0.5854872466588084	0.8006099089173014	2.280663565633288	4.374474306738887	[3135, 232, 193, 1265, 255, 174, 1086, 1096]	357339
366	0.5864834282788529	0.8014273792251295	2.280663565633288	2.731960381856332	[1586, 107, 10, 734, 1203, 174, 1086, 1112]	359942
367	0.5874772158161772	0.8026426236127393	2.280663565633288	3.5199086642496216	[1265, 2308, 651, 734, 1203, 174, 1086, 1112]	358886
368	0.5884686150243825	0.8034517600866302	2.280663565633288	4.0280759913516535	[1794, 107, 232, 320, 836, 1089, 1086, 1112]	358427
369	0.5894576316432434	0.8045042585451417	2.280663565633288	3.7366880043743693	[4349, 158, 10, 734, 19, 334, 1086, 1096]	367230
370	0.5904442713987395	0.8055511209674026	2.280663565633288	3.618744789275599	[3869, 438, 2627, 261, 132, 1108, 1086, 1112]	367755
371	0.5914285400030896	0.8067411284719582	2.280663565633288	3.6410681473133657	[420, 1879, 496, 217, 132, 1108, 1086, 1112]	363002
372	0.5924104431547851	0.8076466521307215	2.280663565633288	4.131726398002111	[1647, 1697, 241, 1031, 132, 1094, 1086, 1112]	364575
373	0.5933899865386218	0.8086766873129809	2.280663565633288	3.539820826569735	[158, 10, 811, 3459, 1203, 174, 1086, 1112]	364567
374	0.5943671758257337	0.8097012067478493	2.280663565633288	3.7784467420323216	[813, 3222, 811, 734, 1203, 174, 1086, 1096]	376733
375	0.5953420166736256	0.8105928608186892	2.280663565633288	2.3053561782236596	[2047, 232, 10, 734, 1203, 174, 1086, 1112]	365869
376	0.596314514726206	0.8113694024789624	2.280663565633288	3.291713337473161	[3895, 1030, 1031, 241, 132, 1108, 1086, 1112]	360613
377	0.5972846756138193	0.8122532401391505	2.280663565633288	3.6880140214746895	[320, 160, 2229, 734, 1203, 174, 1086, 1112]	361655
378	0.5982525049532789	0.813132936535833	2.280663565633288	3.453180887458757	[1580, 438, 2729, 301, 2627, 261, 1086, 1112]	365031
379	0.5992180083478995	0.8138990642559394	2.280663565633288	3.8395610317992572	[377, 162, 107, 420, 158, 1115, 1086, 1112]	381746
380	0.6001811913875297	0.8147710490652358	2.280663565633288	3.9806090667481353	[331, 241, 19, 132, 387, 344, 1086, 1112]	366270
381	0.6011420596485841	0.8155304607627635	2.280663565633288	4.3501521654654125	[846, 10, 232, 1792, 836, 1089, 1086, 1112]	367862
382	0.6021006186940759	0.8165182788463805	2.280663565633288	3.659694296087099	[195, 3284, 734, 19, 132, 1108, 1086, 1112]	364532
383	0.6030568740736487	0.817377991200807	2.280663565633288	3.435707875184865	[77, 19, 241, 1209, 132, 1108, 1086, 1096]	357983
384	0.604010831323609	0.8183559159221688	2.280663565633288	3.823993053667536	[846, 10, 734, 19, 387, 344, 1086, 1112]	361763
385	0.6049624959669582	0.8191006301881585	2.280663565633288	3.3369086815824263	[846, 10, 734, 19, 132, 1094, 1086, 1112]	355392
386	0.6059118735134243	0.8197495836034593	2.280663565633288	2.2891027279696745	[241, 132, 19, 734, 1203, 174, 1086, 1112]	362976
387	0.6068589694594942	0.8204885840351142	2.280663565633288	3.9738544551707182	[432, 422, 19, 387, 344, 174, 1086, 1112]	365950
388	0.6078037892884451	0.8215871757740556	2.280663565633288	3.8253526100633453	[3353, 2872, 241, 217, 132, 1108, 1086, 1112]	360165
389	0.6087463384703768	0.8224231375701996	2.280663565633288	3.767816550982098	[241, 19, 734, 10, 158, 1115, 1086, 1112]	357261
390	0.6096866224622426	0.8232551824274821	2.280663565633288	2.6565690702175355	[2872, 241, 19, 734, 1203, 174, 1086, 1112]	366554
391	0.6106246467078815	0.8239798104149787	2.280663565633288	3.264535593620842	[1807, 157, 651, 734, 1203, 174, 1086, 1112]	356965
392	0.6115604166380499	0.8247014675333576	2.280663565633288	3.9596606725945565	[1879, 232, 10, 438, 2627, 261, 1086, 1112]	356357
393	0.612493937670452	0.8258194428679663	2.280663565633288	4.042143761308866	[10, 195, 190, 196, 1078, 334, 1086, 1096]	377543
394	0.6134252152097724	0.8267521643615037	2.280663565633288	4.222744920566198	[1579, 4018, 2197, 19, 132, 1108, 1086, 1096]	366114
395	0.6143542546477068	0.8273736688739186	2.280663565633288	3.919440109322614	[2238, 1549, 107, 10, 158, 1115, 1086, 1112]	362664
396	0.6152810613629928	0.8282980676245193	2.280663565633288	4.025785714432804	[2309, 420, 162, 1192, 836, 1089, 1086, 1112]	360677
397	0.616205640721442	0.8292175163014869	2.280663565633288	4.003864454395311	[3819, 438, 2729, 496, 217, 261, 1086, 1112]	359007
398	0.6171279980759704	0.8301320414120281	2.280663565633288	3.5390150635545616	[2627, 261, 217, 132, 1713, 174, 1086, 1112]	357683
399	0.6180481387666295	0.830741421046631	2.23202490513811	2.23202490513811	[320, 232, 10, 734, 1203, 174, 1086, 1112]	366369
400	0.6189660681206373	0.8316477857819081	2.23202490513811	4.186943401582793	[837, 162, 846, 10, 158, 1115, 1086, 1112]	356407
401	0.6198817914524092	0.8323380053190632	2.23202490513811	2.8045139948008613	[377, 162, 107, 734, 1203, 174, 1086, 1112]	359808
402	0.6207953140635885	0.8331235935906836	2.23202490513811	4.035363469999085	[2238, 1549, 162, 420, 1822, 1094, 1086, 1112]	362945
403	0.6217066412430774	0.833807762530955	2.23202490513811	3.37240399288562	[1873, 10, 232, 320, 836, 1089, 1086, 1112]	356664
404	0.6226157782670674	0.8346977072785134	2.23202490513811	3.623620915048451	[3895, 1030, 1032, 132, 1713, 174, 1086, 1112]	362722
405	0.6235227303990702	0.8355828864505807	2.23202490513811	3.5117889590193014	[193, 394, 432, 19, 132, 1108, 1086, 1112]	357415
406	0.6244275028899477	0.8361727118738685	2.23202490513811	3.5862282553345803	[119, 409, 19, 132, 1713, 174, 1086, 1096]	362198
407	0.6253301009779426	0.8369403324450552	2.23202490513811	4.4425716635731165	[1019, 1799, 232, 3135, 836, 1089, 1086, 1112]	361383
408	0.6262305298887088	0.837813502557505	2.23202490513811	3.057077720340219	[813, 3284, 811, 3459, 1203, 174, 1086, 1112]	362291
409	0.6271287948353417	0.8385734351256966	2.23202490513811	3.71402166193014	[1794, 1791, 420, 158, 1713, 174, 1086, 1112]	360600
410	0.6280249010184079	0.8394378601175861	2.23202490513811	4.438443966252372	[320, 232, 1792, 420, 1822, 1094, 1086, 1112]	367973
411	0.6289188536259762	0.8400138563145495	2.23202490513811	2.3298370738744723	[420, 158, 10, 734, 1203, 174, 1086, 1112]	367647
412	0.629810657833647	0.840763479020281	2.23202490513811	3.513427369604438	[781, 784, 19, 241, 132, 1108, 1086, 1112]	363708
413	0.6307003188045821	0.8415095893330765	2.23202490513811	3.4209263847011258	[160, 107, 734, 19, 132, 1108, 1086, 1112]	371678
414	0.6315878416895351	0.8420070829491487	2.23202490513811	4.636903067131403	[5158, 301, 1580, 438, 3366, 150, 1086, 1112]	372861
415	0.6324732316268808	0.8426548308780197	2.23202490513811	2.518296869347022	[2627, 301, 1580, 438, 3366, 793, 2372, 794]	359502
416	0.6333564937426458	0.8436177674245933	2.23202490513811	3.322020596299053	[1647, 1697, 241, 1031, 132, 1108, 1086, 1112]	380301
417	0.6342376331505366	0.8442589117819086	2.23202490513811	4.111283100099756	[2627, 301, 2729, 438, 254, 174, 1086, 1112]	360705
418	0.6351166549519708	0.8447477754098254	2.23202490513811	2.5664221723022065	[1580, 438, 10, 734, 1203, 174, 1086, 1112]	354039
419	0.6359935642361056	0.8453842868991254	2.23202490513811	2.951924974281768	[811, 734, 19, 241, 132, 1108, 1086, 1112]	363934
420	0.6368683660798682	0.8463305194504657	2.23202490513811	3.91231651623995	[3621, 1720, 241, 1031, 132, 1094, 1086, 1112]	360435
421	0.6377410655479837	0.846881789111238	2.23202490513811	3.903077957997928	[734, 10, 107, 420, 158, 1115, 1086, 1112]	360982
422	0.6386116676930063	0.8473023408379223	2.23202490513811	4.394833673999008	[320, 232, 10, 438, 240, 234, 1086, 1112]	355876
423	0.6394801775553467	0.8477816512914863	2.23202490513811	3.3768251469595807	[1799, 232, 10, 734, 19, 334, 1086, 1096]	373036
424	0.6403466001633031	0.8484948776234191	2.23202490513811	3.3335796864929836	[77, 19, 241, 217, 132, 1108, 1086, 1096]	360834
425	0.641210940533089	0.8493061741673528	2.23202490513811	3.3817955533125286	[1579, 4018, 2197, 241, 132, 1108, 1086, 1112]	359856
426	0.6420732036688623	0.8499239968862365	2.23202490513811	3.8454554563872163	[377, 162, 10, 301, 2627, 261, 1086, 1112]	363246
427	0.642933394562755	0.8505392866220346	2.23202490513811	3.8721482353335563	[1265, 87, 160, 320, 836, 1089, 1086, 1112]	357648
428	0.6437915181949017	0.8514539710956139	2.23202490513811	3.6442950146436752	[394, 193, 1265, 734, 1203, 174, 1086, 1112]	360047
429	0.6446475795334683	0.8522494219554577	2.23202490513811	3.6089400433623293	[1792, 496, 2729, 438, 2627, 261, 1086, 1112]	363333
430	0.6455015835346811	0.8527132037643308	2.23202490513811	3.7008462190634503	[1792, 232, 10, 301, 2627, 261, 1086, 1112]	358997
431	0.6463535351428551	0.8532415763592451	2.23202490513811	3.288219694895293	[107, 10, 232, 320, 836, 1089, 1086, 1112]	360819
432	0.6472034392904229	0.8539292199518975	2.23202490513811	3.748041363121062	[10, 301, 2627, 261, 132, 1108, 1086, 1112]	363307
433	0.6480513008979631	0.854453230243843	2.23202490513811	2.7728661224156292	[2297, 400, 19, 734, 1203, 174, 1086, 1112]	365508
434	0.6488971248742291	0.8551351965744374	2.23202490513811	3.71402166193014	[1794, 1791, 420, 158, 1713, 174, 1086, 1112]	364675
435	0.6497409161161771	0.8561695142046549	2.23202490513811	3.561462934923987	[2607, 1587, 241, 217, 132, 1108, 1086, 1112]	376579
436	0.6505826795089948	0.8566854877267205	2.23202490513811	2.6716838888510717	[1265, 415, 10, 734, 1203, 174, 1086, 1112]	362369
437	0.6514224199261295	0.85713534494298	2.23202490513811	3.198256428005487	[1078, 334, 19, 734, 1203, 174, 1086, 1112]	363700
438	0.652260142229316	0.8578047440972456	2.23202490513811	3.057077720340219	[813, 3284, 811, 3459, 1203, 174, 1086, 1112]	362544
439	0.6530958512686056	0.8585661871287948	2.23202490513811	3.6629032021444026	[734, 10, 232, 1879, 836, 1089, 1086, 1112]	356422
440	0.6539295518823933	0.859228882003764	2.23202490513811	4.210145320734618	[107, 162, 1541, 156, 1713, 174, 1086, 1112]	384588
441	0.6547612488974466	0.859982698902655	2.23202490513811	4.218921759015798	[837, 162, 420, 545, 132, 1108, 1086, 1112]	385625
442	0.6555909471289323	0.8606387566441566	2.23202490513811	4.195318481780943	[1580, 438, 2627, 261, 132, 1094, 1086, 1112]	358623
443	0.6564186513804459	0.8611386973290268	2.23202490513811	3.6106931823205146	[1742, 400, 19, 132, 217, 261, 1086, 1112]	361223
444	0.6572443664440382	0.8618822873355948	2.23202490513811	3.597101678396111	[3819, 438, 2627, 261, 132, 1108, 1086, 1112]	363797
445	0.6580680971002433	0.8625294444649053	2.23202490513811	3.057077720340219	[813, 3284, 811, 3459, 1203, 174, 1086, 1112]	353674
446	0.6588898481181069	0.8630930537031596	2.23202490513811	3.659694296087099	[650, 651, 734, 19, 132, 1108, 1086, 1112]	361195
447	0.6597096242552133	0.8637345377289153	2.23202490513811	3.3506046449898053	[305, 3083, 19, 241, 132, 1108, 1086, 1112]	361950
448	0.6605274302577127	0.864568468598155	2.23202490513811	3.9521776809202995	[1873, 10, 734, 19, 387, 344, 1086, 1096]	363888
449	0.6613432708603496	0.8651237181346968	2.23202490513811	3.3837061035491445	[1799, 232, 107, 734, 1203, 174, 1086, 1112]	379438
450	0.6621571507864894	0.865676691229079	2.23202490513811	3.956416336917309	[432, 15, 1557, 158, 1713, 174, 1086, 1112]	359776
451	0.662969074748146	0.8662273972143825	2.23202490513811	3.69377386549397	[2051, 1849, 420, 158, 1713, 174, 1086, 1112]	364185
452	0.6637790474460092	0.8670460720352959	2.23202490513811	3.3280701539563653	[1580, 1579, 4018, 241, 132, 1108, 1086, 1112]	365433
453	0.664587073569472	0.8675911637589121	2.23202490513811	4.1259950594266055	[1529, 87, 1265, 415, 255, 174, 1086, 1112]	368347
454	0.6653931577966572	0.8682115716754937	2.23202490513811	3.2440727575381176	[195, 3284, 811, 3459, 1203, 174, 1086, 1112]	355350
455	0.666197304794445	0.8688290726411958	2.23202490513811	4.109124532211542	[1791, 1792, 232, 10, 158, 1115, 1086, 1112]	357948
456	0.6669995192185001	0.8694436802766754	2.23202490513811	3.396490005859392	[1265, 193, 232, 320, 836, 1089, 1086, 1112]	361602
457	0.6677998057132982	0.870142797833354	2.23202490513811	3.6545861275650307	[811, 3284, 813, 19, 132, 1108, 1086, 1112]	362639
458	0.6685981689121532	0.870675193432616	2.23202490513811	4.051759841440952	[420, 158, 1557, 734, 19, 334, 1086, 1112]	355965
459	0.6693946134372437	0.8713677163451563	2.23202490513811	3.4218725207789413	[2627, 494, 2229, 734, 1203, 174, 1086, 1112]	362522
460	0.6701891438996405	0.871970429044497	2.23202490513811	3.9189833712880704	[1917, 10, 158, 420, 1822, 1094, 1086, 1112]	354521
461	0.6709817648993324	0.872322072763552	2.23202490513811	4.019297167962356	[157, 10, 734, 19, 132, 261, 1086, 1112]	387320
462	0.6717724810252532	0.8728455336532788	2.23202490513811	3.9031895415159195	[2872, 241, 1587, 132, 19, 334, 1086, 1112]	367375
463	0.6725612968553089	0.8731947738257397	2.23202490513811	3.0351562422061917	[420, 162, 107, 734, 1203, 174, 1086, 1112]	359867
464	0.6733482169564027	0.8735928092036584	2.23202490513811	3.602225961564928	[1715, 132, 1032, 370, 1713, 174, 1086, 1112]	363017
465	0.6741332458844631	0.8741850961242994	2.23202490513811	2.23202490513811	[320, 232, 10, 734, 1203, 174, 1086, 1112]	366987
466	0.6749163881844692	0.8748588238180468	2.23202490513811	4.4899121646113604	[2047, 232, 1549, 107, 1546, 234, 1086, 1112]	358029
467	0.6756976483904773	0.8754451787668377	2.23202490513811	4.619770263340564	[1807, 157, 320, 232, 193, 1115, 1086, 1112]	367444
468	0.6764770310256473	0.8759558353772142	2.23202490513811	4.238335046831829	[837, 162, 107, 10, 158, 1089, 1086, 1112]	366761
469	0.6772545406022688	0.8764008279958386	2.23202490513811	3.6902540299968605	[157, 10, 811, 3459, 1203, 174, 1086, 1112]	358564
470	0.6780301816217869	0.876844224260203	2.23202490513811	3.620153532278189	[320, 232, 10, 438, 2627, 261, 1086, 1112]	363866
471	0.678803958574829	0.8772860298970248	2.23202490513811	2.688783307633825	[1549, 232, 10, 734, 1203, 174, 1086, 1112]	369987
472	0.6795758759412301	0.8778610120559829	2.23202490513811	3.5110094936797793	[2297, 400, 19, 132, 1713, 174, 1086, 1096]	354875
473	0.6803459381900592	0.8782991700962794	2.23202490513811	3.671194115465367	[19, 734, 10, 438, 2627, 261, 1086, 1112]	364901
474	0.6811141497796445	0.8786811830249672	2.23202490513811	3.5816835574156523	[4349, 158, 651, 734, 1203, 174, 1086, 1112]	375409
475	0.6818805151576002	0.8792496281274117	2.23202490513811	4.468827987900101	[331, 241, 19, 1548, 255, 174, 1086, 1112]	362153
476	0.6826450387608515	0.8798962356997644	2.23202490513811	3.8956980042116696	[160, 107, 811, 3459, 1203, 174, 1086, 1112]	357526
477	0.6834077250156605	0.8803270926348339	2.23202490513811	3.4905076372577577	[10, 734, 19, 132, 387, 344, 1086, 1112]	349992
478	0.6841685783376521	0.8808177341100007	2.23202490513811	3.9108820598196443	[1579, 1580, 261, 217, 132, 1108, 1086, 1112]	350765
479	0.6849276031318388	0.8813761683004475	2.23202490513811	4.420064082013622	[1548, 241, 132, 1727, 1203, 174, 1086, 1112]	359567
480	0.6856848037926471	0.8821021341720119	2.23202490513811	3.9439847737388174	[1726, 132, 1031, 241, 1729, 1094, 1086, 1096]	360407
481	0.6864401847039425	0.8825250777276766	2.23202490513811	2.896796829055301	[2040, 438, 10, 734, 1203, 174, 1086, 1112]	379284
482	0.687193750239055	0.8831541455568258	2.23202490513811	4.034969420986087	[2627, 301, 2729, 438, 3366, 150, 1086, 1112]	350764
483	0.6879455047608041	0.8837798447833317	2.23202490513811	4.117328485317989	[734, 10, 162, 320, 836, 1089, 1086, 1096]	354548
484	0.6886954526215245	0.8844021934457641	2.23202490513811	3.8550144832841795	[2627, 301, 2729, 438, 132, 1108, 1086, 1112]	352354
485	0.6894435981630911	0.8847196923040979	2.23202490513811	2.8480848840704303	[119, 409, 19, 734, 1203, 174, 1086, 1112]	357371
486	0.6901899457169443	0.8852598436833476	2.23202490513811	3.860135241107651	[2743, 1078, 334, 19, 132, 1108, 1086, 1112]	350267
487	0.6909344996041143	0.8858742670824373	2.23202490513811	3.3941741992296928	[1794, 107, 734, 19, 132, 1108, 1086, 1112]	349598
488	0.6916772641352477	0.8864854002985127	2.23202490513811	3.7296544894291426	[1456, 1603, 2004, 19, 132, 1108, 1086, 1112]	366788
489	0.6924182436106306	0.8871059247137906	2.23202490513811	4.108074198006169	[2196, 2197, 241, 19, 132, 1094, 1086, 1112]	351448
490	0.6931574423202151	0.8877104625120745	2.23202490513811	3.820777809481389	[2040, 438, 496, 217, 132, 1108, 1086, 1096]	366938
491	0.6938948645436429	0.8881708332470378	2.23202490513811	3.8348195744954143	[1792, 496, 3366, 438, 2627, 261, 1086, 1112]	370426
492	0.6946305145502709	0.8885218595098645	2.23202490513811	3.9627921506391424	[2238, 1549, 107, 734, 19, 334, 1086, 1112]	375807
493	0.6953643965991958	0.8892040944727873	2.23202490513811	3.6612618360032565	[2340, 160, 2229, 734, 1203, 174, 1086, 1112]	369329
494	0.6960965149392779	0.8896583415344421	2.23202490513811	3.482126209659638	[3621, 1720, 241, 132, 1713, 174, 1086, 1112]	365721
495	0.6968268738091672	0.8900541781599962	2.23202490513811	3.556566938423991	[3621, 1720, 241, 132, 19, 334, 1086, 1112]	373896
496	0.6975554774373266	0.8905800669761952	2.23202490513811	3.7525447935817695	[2405, 1743, 1742, 400, 19, 334, 1086, 1112]	372961
497	0.6982823300420571	0.8910286727511653	2.23202490513811	2.280663565633288	[1792, 232, 10, 734, 1203, 174, 1086, 1112]	371584
498	0.6990074358315221	0.8916122045803075	2.23202490513811	4.228235291381647	[2149, 420, 162, 2636, 836, 1089, 1086, 1112]	374670
499	0.6997307990037714	0.8921926116480634	2.23202490513811	3.775240781228942	[1873, 10, 232, 1192, 836, 1089, 1086, 1112]	374957
