0	0.00240325927734375	0.005354911643957849	3.686312996656473	3.686312996656473	[3869, 438, 2729, 301, 2627, 261, 1086, 1096]	296679
1	0.004800742899533361	0.010681148209201075	3.686312996656473	4.641233048302618	[1019, 841, 840, 843, 3094, 174, 1086, 1096]	277943
2	0.0071924647469656655	0.015316648868362481	3.686312996656473	4.028778318607642	[1794, 1791, 420, 158, 1546, 234, 1086, 1112]	286074
3	0.00957843866667929	0.018849074793180987	2.2891027279696745	2.2891027279696745	[241, 132, 19, 734, 1203, 174, 1086, 1112]	291029
4	0.011958678472434925	0.022368828590558776	2.2891027279696745	4.18749414317118	[10, 107, 160, 320, 836, 1089, 1086, 1112]	269120
5	0.01433319794479504	0.025875955720136568	2.2891027279696745	3.088009290259338	[119, 409, 19, 241, 132, 1108, 1086, 1112]	305849
6	0.01670201083120393	0.030440260384088536	2.2891027279696745	4.202173341975838	[3, 19, 241, 1729, 1822, 1094, 1086, 1096]	276904
7	0.019065130846067313	0.03498317878087287	2.2891027279696745	3.489506134920668	[734, 19, 132, 241, 1729, 1094, 1086, 1112]	273478
8	0.021422571670831503	0.03893960707486521	2.2891027279696745	2.3672254211503034	[1549, 162, 10, 734, 1203, 174, 1086, 1112]	312272
9	0.023774346954062775	0.041956328453327196	2.2891027279696745	3.6333958461554463	[1792, 232, 10, 158, 1713, 174, 1086, 1112]	288373
10	0.026120470311526423	0.046445287763989485	2.2891027279696745	3.306766024432017	[432, 422, 19, 132, 1713, 174, 1086, 1112]	282676
11	0.02846095532626547	0.04986604366725955	2.2891027279696745	2.5712032091418053	[107, 10, 734, 19, 132, 1108, 1086, 1096]	281524
12	0.030795815548679273	0.053761454384731566	2.2891027279696745	3.7806540016874184	[2636, 162, 107, 10, 158, 1115, 1086, 1112]	244823
13	0.03312506449660224	0.0576408944861061	2.2891027279696745	4.262345871310933	[2073, 160, 87, 1265, 255, 174, 1086, 1112]	317285
14	0.03544871565538188	0.06158491976029934	2.2891027279696745	3.830228282620533	[2220, 1552, 107, 734, 1203, 174, 1086, 1112]	264024
15	0.03776678247795695	0.067327925291775	2.2891027279696745	3.5846203422964447	[1647, 1697, 241, 1209, 132, 1108, 1086, 1112]	276103
16	0.04007927838493508	0.07115174484005027	2.2891027279696745	3.8204514688016262	[195, 3222, 811, 3459, 1203, 174, 1086, 1096]	284037
17	0.042386216764671025	0.07683620236807986	2.2891027279696745	3.2995445267437633	[119, 400, 19, 241, 132, 1108, 1086, 1112]	277546
18	0.04468761097334362	0.08248587159004506	2.2891027279696745	3.624514969986202	[3895, 1030, 1032, 1729, 132, 1108, 1086, 1112]	276597
19	0.04698347433503336	0.0853659033826265	2.2891027279696745	3.626053138394319	[1851, 159, 10, 734, 19, 334, 1086, 1112]	300723
20	0.049273820141799596	0.08965146505982169	2.2891027279696745	4.366777084976339	[841, 1268, 1392, 3083, 19, 334, 1086, 1112]	240938
21	0.05155866165375744	0.0921518119880631	2.2891027279696745	2.4252728029570534	[377, 162, 10, 734, 1203, 174, 1086, 1112]	247702
22	0.0538380120991544	0.09770775122569875	2.2891027279696745	3.5545219257184755	[3621, 1720, 241, 1126, 132, 1108, 1086, 1096]	324887
23	0.056111884674447055	0.101407017916191	2.2891027279696745	3.578550040416859	[837, 162, 3284, 734, 1203, 174, 1086, 1112]	310299
24	0.05838029254437771	0.10690631622812174	2.2891027279696745	3.5973384097669356	[1579, 4018, 241, 1031, 132, 1108, 1086, 1112]	279236
25	0.06064324884205019	0.11178838811462977	2.2891027279696745	3.8068801775335404	[3160, 21, 422, 19, 132, 1108, 1086, 1112]	262743
26	0.06290076666900601	0.11497473397997104	2.2891027279696745	4.00906001907615	[1549, 162, 107, 10, 232, 1023, 1086, 1112]	240164
27	0.06515285909530044	0.12039099923963681	2.2891027279696745	3.8249154480697296	[1515, 1031, 241, 1209, 132, 1108, 1086, 1112]	269654
28	0.06739953915957797	0.12354648433483895	2.2891027279696745	3.7874080745804655	[1549, 162, 10, 301, 2627, 261, 1086, 1112]	236338
29	0.06964081986914772	0.12713981598616297	2.2891027279696745	3.3702876334653675	[394, 193, 232, 320, 836, 1089, 1086, 1112]	254898
30	0.07187671420005914	0.13071841550152585	2.2891027279696745	2.568622653167867	[432, 422, 19, 734, 1203, 174, 1086, 1112]	309287
31	0.07410723509717665	0.13537334158023484	2.2891027279696745	4.09564167084212	[2636, 162, 1549, 10, 158, 1115, 1086, 1112]	299405
32	0.07633239547425485	0.13942459102097726	2.2891027279696745	3.612948006665728	[394, 432, 19, 241, 132, 1108, 1086, 1112]	310212
33	0.07855220821401321	0.14251179553341797	2.2891027279696745	2.9305764039857216	[3284, 2308, 651, 734, 1203, 174, 1086, 1096]	312582
34	0.08076668616821081	0.1455879250934463	2.2891027279696745	3.5622580714424688	[3353, 2872, 241, 19, 132, 1108, 1086, 1112]	323290
35	0.08297584215772047	0.14959131361601974	2.2891027279696745	3.039417413237337	[2764, 400, 19, 734, 1203, 174, 1086, 1112]	247390
36	0.0851796889726033	0.1530778652639132	2.2891027279696745	2.5664221723022065	[1580, 438, 10, 734, 1203, 174, 1086, 1112]	308834
37	0.08737823937218236	0.15573631225492346	2.2891027279696745	2.8045139948008613	[377, 162, 107, 734, 1203, 174, 1086, 1112]	240079
38	0.08957150608511699	0.15969215002549075	2.2891027279696745	2.8859392283917114	[677, 132, 19, 734, 1203, 174, 1086, 1112]	244901
39	0.09175950180947601	0.16313728971653052	2.2891027279696745	4.174259241807275	[734, 10, 159, 320, 836, 1089, 1086, 1096]	276443
40	0.09394223921281164	0.16576416066817368	2.2891027279696745	3.99972034827928	[811, 734, 19, 241, 217, 261, 1086, 1112]	313015
41	0.0961197309322328	0.1680554578343072	2.2891027279696745	3.4501439393570106	[811, 734, 19, 132, 1713, 174, 1086, 1096]	320607
42	0.09829198957447793	0.17066689089774578	2.2891027279696745	3.341775419258357	[359, 158, 651, 734, 1203, 174, 1086, 1112]	316216
43	0.10045902771598825	0.1745527707300658	2.2891027279696745	3.2630822718424026	[3621, 1720, 241, 217, 132, 1108, 1086, 1112]	286370
44	0.10262085790298059	0.17897296770955617	2.2891027279696745	2.7597726168741232	[195, 10, 734, 19, 132, 1108, 1086, 1112]	312183
45	0.10477749265152003	0.18122798580361565	2.2891027279696745	4.872337759045984	[1580, 301, 1879, 496, 3366, 150, 1086, 1112]	263735
46	0.10692894444759216	0.18506438112211188	2.2891027279696745	2.8952956452894263	[1549, 10, 734, 19, 132, 1108, 1086, 1112]	286928
47	0.10907522574717565	0.18840549836423148	2.2891027279696745	4.372423875058288	[2636, 162, 1549, 107, 420, 458, 1086, 1112]	239792
48	0.11121634897631416	0.19131699011914294	2.2891027279696745	4.2173004301837205	[2238, 1549, 162, 10, 232, 1023, 1086, 1112]	244529
49	0.11335232653118832	0.19353810434305885	2.2891027279696745	3.193290733740417	[320, 232, 10, 734, 19, 334, 1086, 1112]	319537
50	0.11548317077818748	0.19794660595925928	2.2891027279696745	4.173457212593185	[1792, 496, 217, 241, 19, 334, 1086, 1112]	325877
51	0.11760889405398145	0.20123490795742194	2.2891027279696745	3.9820501689563708	[107, 10, 157, 320, 836, 1089, 1086, 1112]	260569
52	0.11972950866559184	0.2049775598880671	2.2891027279696745	2.9216081390660067	[87, 415, 733, 734, 1203, 174, 1086, 1112]	333081
53	0.12184502689046317	0.20823703600004206	2.2891027279696745	4.694612564230038	[2764, 1511, 1031, 132, 387, 344, 1086, 1112]	298127
54	0.1239554609765342	0.21247685671521999	2.2891027279696745	3.875456322734208	[1019, 1799, 232, 1192, 836, 1089, 1086, 1096]	270587
55	0.1260608231423087	0.21570558680339558	2.2891027279696745	3.5847571856602682	[320, 232, 10, 158, 1713, 174, 1086, 1112]	317959
56	0.12816112557692616	0.2181674484519619	2.2891027279696745	2.54041715625058	[1726, 132, 19, 734, 1203, 174, 1086, 1112]	254275
57	0.13025638044023236	0.22137284794354917	2.2891027279696745	4.013027064717029	[837, 162, 10, 157, 1713, 174, 1086, 1112]	315861
58	0.1323465998628499	0.2245651057644803	2.2891027279696745	2.6565690702175355	[2872, 241, 19, 734, 1203, 174, 1086, 1112]	241000
59	0.13443179594624832	0.22774427579368928	2.2891027279696745	2.54041715625058	[1715, 132, 19, 734, 1203, 174, 1086, 1112]	239922
60	0.13651198076281423	0.23187963696335478	2.2891027279696745	2.5664221723022065	[1580, 438, 10, 734, 1203, 174, 1086, 1112]	282247
61	0.13858716635592117	0.23463517079121265	2.2891027279696745	3.9314727271904575	[107, 162, 10, 161, 1713, 174, 1086, 1112]	282990
62	0.14065736473999924	0.2377730550217516	2.2891027279696745	4.425054236733079	[1265, 415, 10, 158, 420, 458, 1086, 1112]	244845
63	0.14272258790060488	0.24050744696403648	2.2891027279696745	3.796512841573385	[107, 162, 10, 301, 2627, 261, 1086, 1096]	247766
64	0.14478284779449002	0.2432320296240028	2.2891027279696745	3.8730029569300912	[241, 1031, 132, 1727, 1203, 174, 1086, 1112]	306778
65	0.14683815634967146	0.2459468381911999	2.2891027279696745	3.755354048290383	[1549, 162, 10, 438, 2627, 261, 1086, 1112]	279433
66	0.1488885254654998	0.24903834623432997	2.2891027279696745	3.640730720597082	[3869, 438, 1580, 301, 2627, 261, 1086, 1112]	334569
67	0.15093396701272854	0.2530596795382456	2.2891027279696745	3.743450763630099	[1879, 496, 2728, 301, 2627, 261, 1086, 1112]	281839
68	0.15297449283358266	0.2565595040302051	2.2891027279696745	3.8362086414356593	[158, 10, 734, 19, 387, 344, 1086, 1112]	306061
69	0.15501011474182713	0.2618675815881497	2.2891027279696745	3.927888467003518	[4196, 1663, 1546, 677, 132, 1108, 1086, 1112]	315587
70	0.1570408445228355	0.2658202154702861	2.2891027279696745	4.160846269476671	[1849, 420, 162, 2636, 836, 1089, 1086, 1112]	241868
71	0.1590666939336579	0.2681247697604533	2.2891027279696745	3.71402166193014	[1794, 1791, 420, 158, 1713, 174, 1086, 1112]	303732
72	0.16108767470308916	0.27269708481817645	2.2891027279696745	3.291713337473161	[3895, 1030, 1031, 241, 132, 1108, 1086, 1112]	314790
73	0.16310379853173695	0.27610489731121923	2.2891027279696745	3.1780623326561717	[715, 494, 2229, 734, 1203, 174, 1086, 1112]	272059
74	0.16511507709208928	0.27907276170817574	2.2891027279696745	2.854546524084043	[331, 241, 19, 734, 1203, 174, 1086, 1112]	266797
75	0.1671215220285821	0.2810528475067068	2.2891027279696745	3.572983607464278	[158, 10, 734, 19, 1987, 334, 1086, 1112]	265894
76	0.1691231449576669	0.28490274598498344	2.2891027279696745	3.3778428664368425	[813, 669, 668, 670, 132, 1108, 1086, 1112]	233184
77	0.17111995746787756	0.28746806617237786	2.2891027279696745	3.687485733790024	[19, 132, 1031, 241, 217, 261, 1086, 1096]	318828
78	0.17311197111989796	0.29038934323344223	2.2891027279696745	3.3702876334653675	[394, 193, 232, 320, 836, 1089, 1086, 1112]	313998
79	0.1750991974466285	0.2941892456020381	2.2891027279696745	3.506775811532669	[1535, 496, 217, 241, 132, 1108, 1086, 1112]	273273
80	0.1770816479532532	0.2970829668072046	2.2891027279696745	4.088819186219751	[2047, 232, 1792, 496, 3366, 150, 1086, 1112]	257677
81	0.179059334117306	0.3003765180872625	2.2891027279696745	4.340712443018813	[2558, 415, 10, 301, 2627, 261, 1086, 1112]	302309
82	0.18103226738873734	0.3036546372757333	2.2891027279696745	3.1780623326561717	[715, 494, 2229, 734, 1203, 174, 1086, 1112]	221748
83	0.18300045918998054	0.30738350516680146	2.2891027279696745	3.63860634517395	[2094, 1549, 107, 734, 1203, 174, 1086, 1112]	247200
84	0.18496392091601777	0.3098681784980749	2.2891027279696745	3.9502654274620577	[158, 10, 157, 320, 836, 1089, 1086, 1096]	331965
85	0.18692266393444623	0.31234393838069496	2.2891027279696745	3.2498740463645	[160, 331, 241, 19, 132, 1108, 1086, 1112]	324157
86	0.18887669958554376	0.3148108167905218	2.2891027279696745	3.9741474267345227	[119, 409, 19, 132, 387, 344, 1086, 1112]	272605
87	0.19082603918233454	0.31726884558870627	2.2891027279696745	4.539035339638732	[811, 3284, 162, 107, 1546, 234, 1086, 1112]	319161
88	0.1927706940106546	0.32092481059715605	2.2891027279696745	3.8875662545060274	[734, 10, 261, 217, 132, 1108, 1086, 1112]	263931
89	0.19471067532921726	0.32456119823601226	2.2891027279696745	4.283857387823555	[1792, 232, 107, 420, 158, 1115, 1086, 1096]	305506
90	0.19664599436967822	0.3273303988627778	2.2891027279696745	3.869037353273284	[734, 10, 162, 420, 158, 1115, 1086, 1112]	291515
91	0.19857666233670057	0.33048222435748575	2.2891027279696745	3.724603510011498	[2411, 1468, 2229, 734, 1203, 174, 1086, 1112]	319822
92	0.2005026904080197	0.33288403397992783	2.2891027279696745	3.5276880009045133	[1580, 438, 10, 734, 19, 334, 1086, 1112]	299927
93	0.20242408973450798	0.3364563810342389	2.2891027279696745	2.54041715625058	[1715, 132, 19, 734, 1203, 174, 1086, 1112]	258407
94	0.20434087144023938	0.3391768131455235	2.2891027279696745	2.8849793941289015	[394, 432, 422, 19, 132, 1108, 1086, 1112]	304322
95	0.20625304662255384	0.3412511046779211	2.2891027279696745	3.79896469316464	[1723, 241, 19, 132, 1713, 174, 1086, 1112]	234524
96	0.20816062635212151	0.3447786468079257	2.2891027279696745	3.7374102359155303	[2004, 19, 132, 241, 1729, 1094, 1086, 1112]	285801
97	0.21006362167300685	0.3482872992615037	2.2891027279696745	2.950952908405667	[1819, 1513, 1031, 241, 132, 1108, 1086, 1112]	275448
98	0.21196204360273252	0.35177716319120345	2.2891027279696745	3.172579377897966	[2405, 1742, 400, 19, 132, 1108, 1086, 1112]	272857
99	0.21385590313234326	0.35410257993677074	2.2891027279696745	4.118424381137883	[1549, 107, 160, 320, 836, 1089, 1086, 1112]	247175
100	0.2157452112264695	0.35613002022017226	2.2891027279696745	2.999987733221527	[3621, 1720, 241, 19, 132, 1108, 1086, 1112]	280874
101	0.21762997882339075	0.35843982164635946	2.2891027279696745	3.3036751225217778	[420, 107, 734, 19, 132, 1108, 1086, 1096]	259378
102	0.21951021683509908	0.36107012485571743	2.2891027279696745	2.620774439524012	[1799, 1019, 10, 734, 1203, 174, 1086, 1112]	298279
103	0.22138593614736213	0.3640638612552898	2.2891027279696745	3.057077720340219	[813, 3284, 811, 3459, 1203, 174, 1086, 1112]	336649
104	0.22325714761978632	0.366345201038733	2.2891027279696745	2.6716838888510717	[1265, 415, 10, 734, 1203, 174, 1086, 1112]	269471
105	0.22512386208587953	0.3697383664999405	2.2891027279696745	3.2510333317360303	[1792, 496, 217, 241, 132, 1108, 1086, 1112]	280942
106	0.2269860903531139	0.37269148743991376	2.2891027279696745	3.432062459683153	[457, 540, 409, 19, 132, 1108, 1086, 1112]	291589
107	0.22884384320298856	0.3752633608970205	2.2891027279696745	3.2510333317360303	[1792, 496, 217, 241, 132, 1108, 1086, 1112]	288443
108	0.23069713139109171	0.37819059421226775	2.2891027279696745	4.358286945014751	[377, 162, 1583, 1013, 156, 1115, 1086, 1112]	265714
109	0.23254596564716323	0.38042125614310696	2.2891027279696745	3.3335796864929836	[77, 19, 241, 217, 132, 1108, 1086, 1112]	234377
110	0.23439035667515662	0.38264391585879254	2.2891027279696745	4.00218725461718	[1549, 162, 10, 415, 255, 174, 1086, 1112]	268507
111	0.23623031515330084	0.38458176629031837	2.2891027279696745	2.9030408740226537	[1819, 241, 19, 734, 1203, 174, 1086, 1112]	319050
112	0.23806585173416261	0.3867895007065282	2.2891027279696745	3.6643804002798888	[1549, 162, 107, 10, 158, 1115, 1086, 1112]	297042
113	0.23989697704470747	0.39054228704122973	2.2891027279696745	4.156112910698509	[2051, 1849, 420, 2307, 1468, 1089, 1086, 1112]	248760
114	0.2417237016863618	0.39272863884951614	2.2891027279696745	2.376330188143222	[107, 162, 10, 734, 1203, 174, 1086, 1112]	292011
115	0.24354603623507398	0.3952183629067111	2.2891027279696745	4.052915936932091	[1851, 159, 10, 438, 2627, 261, 1086, 1112]	265466
116	0.24536399124137553	0.3971167427664486	2.2891027279696745	3.780809551450086	[2004, 19, 132, 387, 344, 174, 1086, 1112]	329168
117	0.2471775772304423	0.3992795095533993	2.2891027279696745	3.988292621489294	[734, 10, 162, 420, 1822, 1094, 1086, 1096]	323232
118	0.24898680470215562	0.401434517690365	2.2891027279696745	3.1601433410562167	[160, 331, 241, 1729, 1032, 132, 19, 794]	318240
119	0.2507916841311627	0.4035817950105127	2.2891027279696745	3.9820501689563708	[107, 10, 157, 320, 836, 1089, 1086, 1112]	266246
120	0.25259222596693753	0.40521990653544726	2.2891027279696745	2.3672254211503034	[1549, 162, 10, 734, 1203, 174, 1086, 1112]	269645
121	0.25438844063384136	0.40800677702752397	2.2891027279696745	3.798082099515229	[1265, 193, 232, 10, 158, 1115, 1086, 1112]	266850
122	0.2561803385311828	0.4104338629453229	2.2891027279696745	4.261959658330668	[5869, 157, 10, 734, 19, 334, 1086, 1112]	307101
123	0.25796793003327845	0.4135909375175203	2.2891027279696745	3.931124063783777	[1820, 10, 162, 1192, 836, 1089, 1086, 1096]	243337
124	0.25975122548951257	0.416338585144729	2.2891027279696745	4.4654153493273325	[161, 2149, 420, 1879, 836, 1089, 1086, 1112]	306317
125	0.2615302352243972	0.41873151186379665	2.2891027279696745	3.758928615269867	[846, 10, 158, 420, 1822, 1094, 1086, 1112]	325244
126	0.26330496953763205	0.4205560851036215	2.2891027279696745	3.12974941651448	[269, 132, 19, 734, 1203, 174, 1086, 1112]	282806
127	0.2650754387041637	0.4226347662396497	2.2891027279696745	3.9241871170764586	[1265, 808, 331, 241, 132, 1094, 1086, 1112]	257101
128	0.2668416529742458	0.4253400385760945	2.2891027279696745	3.358951777602587	[19, 132, 1032, 370, 1713, 174, 1086, 1112]	338411
129	0.26860362257349746	0.4274015578892383	2.2891027279696745	3.750019727304635	[420, 158, 10, 301, 2627, 261, 1086, 1096]	228069
130	0.2703613577029633	0.42897424648146143	2.2891027279696745	3.193290733740417	[320, 232, 10, 734, 19, 334, 1086, 1112]	288252
131	0.2721148685391722	0.43131536883098165	2.2891027279696745	3.9958558760982985	[1792, 232, 10, 107, 836, 1089, 1086, 1112]	306318
132	0.273864165234196	0.4343606247841685	2.2891027279696745	3.7835555442118514	[2040, 438, 2729, 301, 2627, 261, 1086, 1096]	268658
133	0.27560925791570867	0.4363897838948758	2.2891027279696745	3.0277641865202076	[1549, 107, 734, 19, 132, 1108, 1086, 1112]	324309
134	0.27735015668704466	0.43903060644014147	2.2891027279696745	3.1941925614291695	[841, 1820, 733, 734, 1203, 174, 1086, 1112]	265241
135	0.27908687162725754	0.4420345479776191	2.2891027279696745	3.8053884246120075	[1726, 132, 1031, 241, 19, 334, 1086, 1112]	271638
136	0.2808194127911783	0.4454492402015744	2.2891027279696745	4.2452649796230135	[1851, 1799, 232, 1192, 836, 1089, 1086, 1112]	325833
137	0.2825477902094734	0.4477228174784448	2.2891027279696745	2.7486699903006286	[2153, 158, 10, 734, 1203, 174, 1086, 1112]	242800
138	0.28427201388870327	0.45068021299382166	2.2891027279696745	3.659694296087099	[2520, 651, 734, 19, 132, 1108, 1086, 1112]	266305
139	0.2859920938113798	0.45325407705205556	2.2891027279696745	3.732012522802612	[160, 331, 241, 132, 1713, 174, 1086, 1112]	314724
140	0.28770803993602434	0.45581588114750093	2.2891027279696745	4.028778318607642	[1794, 1791, 420, 158, 1546, 234, 1086, 1112]	313317
141	0.2894198621972255	0.45804695670766515	2.2891027279696745	3.5243731580243667	[2004, 19, 241, 132, 1713, 174, 1086, 1112]	281416
142	0.29112757050569615	0.46026888518326237	2.2891027279696745	3.996836042544457	[1807, 157, 10, 438, 2627, 261, 1086, 1112]	336014
143	0.29283117474833154	0.46279782106068357	2.2891027279696745	2.951924974281768	[811, 734, 19, 241, 132, 1108, 1086, 1112]	271035
144	0.29453068478826594	0.46531490748845006	2.2891027279696745	3.659271741744302	[158, 10, 232, 1192, 836, 1089, 1086, 1096]	299619
145	0.29622611046492986	0.4681780989161909	2.2891027279696745	4.236524151436976	[1580, 1579, 1582, 420, 158, 1115, 1086, 1112]	337232
146	0.29791746159410726	0.4706699757954882	2.2891027279696745	3.6580884587458176	[2047, 232, 10, 158, 1713, 174, 1086, 1112]	301822
147	0.2996047479679923	0.47350449130559746	2.2891027279696745	3.91231651623995	[3621, 1720, 241, 1031, 132, 1094, 1086, 1112]	300344
148	0.30128797935524576	0.47515713485269906	2.2891027279696745	3.5802944292056704	[2872, 241, 132, 19, 1987, 334, 1086, 1112]	288074
149	0.30296716550105185	0.4779676220225245	2.2891027279696745	3.7625521258650387	[19, 132, 1032, 1729, 1822, 1094, 1086, 1112]	318440
150	0.30464231612717463	0.48041362962445977	2.2891027279696745	3.788547117059788	[3158, 3083, 19, 132, 1713, 174, 1086, 1112]	319363
151	0.3063134409320143	0.4822775794544103	2.2891027279696745	3.7524358462149285	[77, 19, 132, 241, 217, 261, 1086, 1112]	241436
152	0.3079805495906631	0.48440016590890655	2.2891027279696745	3.5545219257184755	[3621, 1720, 241, 1126, 132, 1108, 1086, 1112]	293322
153	0.30964365175496167	0.4862498145484234	2.2891027279696745	2.741828726172569	[161, 10, 734, 19, 132, 1108, 1086, 1096]	305151
154	0.3113027570535547	0.48900090139858354	2.2891027279696745	3.3778428664368425	[813, 669, 668, 670, 132, 1108, 1086, 1096]	318710
155	0.31295787509194684	0.4904044023407872	2.2891027279696745	2.620774439524012	[1799, 1019, 10, 734, 1203, 174, 1086, 1112]	270221
156	0.31460901545255804	0.49249367000611743	2.2891027279696745	4.2387030866407125	[988, 420, 107, 734, 19, 334, 1086, 1112]	332097
157	0.3162561876947795	0.49487161511750066	2.2891027279696745	4.094022356366933	[77, 19, 1126, 241, 132, 1094, 1086, 1112]	242922
158	0.31789940135502837	0.4969425678616436	2.2891027279696745	4.086172930624046	[5158, 301, 1580, 438, 2627, 261, 1086, 1112]	321500
159	0.3195386659468036	0.4992996674499637	2.2891027279696745	3.3448628999204546	[5420, 435, 422, 19, 132, 1108, 1086, 1112]	271034
160	0.3211739909607406	0.5016457227357562	2.2891027279696745	2.2891027279696745	[241, 132, 19, 734, 1203, 174, 1086, 1112]	271059
161	0.32280538586466645	0.5039807854676275	2.2891027279696745	3.6123121310429145	[1549, 10, 232, 320, 836, 1089, 1086, 1112]	288573
162	0.32443286010365446	0.5060143919412022	2.2891027279696745	4.137212733803052	[1743, 193, 232, 10, 158, 1115, 1086, 1112]	310287
163	0.326056423100079	0.5083289850651762	2.2891027279696745	3.322020596299053	[1647, 1697, 241, 1031, 132, 1108, 1086, 1096]	306734
164	0.3276760842536699	0.5106327330526884	2.2891027279696745	4.047089994631571	[2297, 400, 654, 493, 217, 261, 1086, 1096]	266189
165	0.3292918529415674	0.5126390675108361	2.2891027279696745	3.7356206401472143	[1743, 193, 232, 320, 836, 1089, 1086, 1112]	308994
166	0.3309037385183756	0.5152488422430325	2.2891027279696745	3.189403908553083	[1849, 420, 107, 734, 1203, 174, 1086, 1112]	239591
167	0.3325117503162174	0.5175201669097405	2.2891027279696745	3.618738224536706	[2307, 1468, 2688, 734, 1203, 174, 1086, 1112]	317261
168	0.3341158976447879	0.5192510017701567	2.2891027279696745	3.4905076372577577	[10, 734, 19, 132, 387, 344, 1086, 1112]	319570
169	0.3357161897914087	0.5207600492673905	2.2891027279696745	2.6087074154043774	[1807, 157, 10, 734, 1203, 174, 1086, 1112]	311086
170	0.33731263602108175	0.5220763211047298	2.2891027279696745	3.435707875184865	[77, 19, 241, 1209, 132, 1108, 1086, 1112]	272335
171	0.33890524557654256	0.5243156552936393	2.2891027279696745	3.1969259525338893	[4210, 415, 733, 734, 1203, 174, 1086, 1112]	271015
172	0.34049402767831405	0.5272267954494296	2.2891027279696745	3.71402166193014	[1794, 1791, 420, 158, 1713, 174, 1086, 1112]	252635
173	0.34207899152475973	0.5291650966707102	2.2891027279696745	3.6522075585682723	[320, 232, 10, 301, 2627, 261, 1086, 1112]	320753
174	0.34366014629213726	0.5320465587349614	2.2891027279696745	3.5061498209271322	[332, 165, 261, 217, 132, 1108, 1086, 1096]	284963
175	0.3452375011346511	0.5345524080664217	2.2891027279696745	3.916950392032521	[988, 420, 3, 19, 132, 1108, 1086, 1112]	297114
176	0.3468110651845061	0.5360134252006998	2.2891027279696745	3.769476177784246	[2051, 1849, 420, 1822, 1094, 132, 393, 794]	288566
177	0.34838084755195975	0.5376779178558313	2.2891027279696745	3.5568794428062525	[1392, 3083, 19, 241, 132, 1108, 1086, 1112]	295599
178	0.34994685732537534	0.5398441500191473	2.2891027279696745	3.6622146450013826	[734, 10, 158, 420, 1822, 1094, 1086, 1112]	299586
179	0.35150910357127463	0.5420002321983579	2.2891027279696745	3.8090600177359377	[77, 19, 132, 387, 344, 174, 1086, 1096]	320772
180	0.3530675953343899	0.5444527804878889	2.2891027279696745	2.950952908405667	[1819, 1513, 1031, 241, 132, 1108, 1086, 1112]	278838
181	0.3546223416377169	0.5468921955980269	2.2891027279696745	3.9545634646046794	[2004, 19, 241, 1031, 132, 1094, 1086, 1112]	309698
182	0.35617335148256646	0.5490152538235673	2.2891027279696745	3.8292693641769366	[107, 1549, 162, 2636, 836, 1089, 1086, 1112]	303245
183	0.3577206338486171	0.5504308727952427	2.2891027279696745	4.287102920903568	[1586, 107, 10, 161, 1713, 174, 1086, 1112]	303080
184	0.3592641976939669	0.5525373503800214	2.2891027279696745	3.482126209659638	[3621, 1720, 241, 132, 1713, 174, 1086, 1096]	291043
185	0.36080405195518517	0.5553328271581554	2.2891027279696745	3.678555123640563	[2298, 2297, 400, 19, 132, 1108, 1086, 1112]	281363
186	0.36234020554736446	0.557713980579692	2.2891027279696745	4.445679155665222	[1555, 2229, 734, 19, 3308, 334, 1086, 1112]	277320
187	0.3638726673641719	0.5593006252603292	2.2891027279696745	3.7360696609924666	[241, 1031, 132, 387, 344, 174, 1086, 1112]	288394
188	0.36540144627790083	0.5613655431969478	2.2891027279696745	4.097926539557863	[1580, 438, 3366, 1715, 132, 1108, 1086, 1112]	331384
189	0.36692655113952244	0.5634207858621016	2.2891027279696745	4.359953789853675	[19, 241, 1729, 132, 387, 344, 1086, 1112]	273790
190	0.36844799077873636	0.5654663985897366	2.2891027279696745	3.6545861275650307	[811, 3284, 813, 19, 132, 1108, 1086, 1112]	292412
191	0.3699657740040224	0.5675448437495434	2.2891027279696745	3.9681319897185956	[4805, 2873, 2872, 241, 132, 1108, 1086, 1112]	285261
192	0.3714799096026914	0.5698606029012385	2.2891027279696745	3.305329220207132	[2004, 19, 241, 217, 132, 1108, 1086, 1112]	334543
193	0.3729904063409356	0.5716241117268075	2.280663565633288	2.280663565633288	[1792, 232, 10, 734, 1203, 174, 1086, 1096]	292241
194	0.37449727296388025	0.572968762603781	2.280663565633288	2.571532045454477	[1879, 232, 10, 734, 1203, 174, 1086, 1112]	273323
195	0.3760005181956336	0.5756365962401588	2.280663565633288	3.678555123640563	[2033, 2034, 400, 19, 132, 1108, 1086, 1112]	319055
196	0.3775001507393376	0.5779090247722221	2.280663565633288	4.560447958111089	[432, 422, 19, 84, 3308, 334, 1086, 1096]	315596
197	0.3789961792772184	0.5801692846502788	2.280663565633288	3.9492466339786345	[2872, 241, 1126, 132, 1713, 174, 1086, 1112]	312115
198	0.38048861247063637	0.5821364214881315	2.280663565633288	3.6444556320108417	[77, 1998, 19, 241, 132, 1108, 1086, 1096]	317863
199	0.38197745896013646	0.5834480747409938	2.280663565633288	3.8353263023319455	[1792, 232, 193, 1265, 255, 174, 1086, 1112]	315745
200	0.383462727365498	0.5851558769127008	2.280663565633288	4.316622169120763	[1791, 420, 107, 438, 2627, 261, 1086, 1112]	322088
201	0.38494442628578507	0.5870996488347049	2.280663565633288	4.793488583886746	[1089, 836, 1192, 2582, 255, 174, 1086, 1112]	316746
202	0.3864225642993957	0.5900477086990374	2.280663565633288	3.885352484186895	[2607, 1587, 241, 1729, 132, 1108, 1086, 1112]	296875
203	0.38789714996411195	0.5915183602542464	2.280663565633288	4.018899123744539	[19, 132, 1587, 241, 217, 261, 1086, 1112]	328111
204	0.3893681918171492	0.5937513138242851	2.280663565633288	3.659694296087099	[1527, 651, 734, 19, 132, 1108, 1086, 1096]	343541
205	0.3908356983752058	0.5954168742176805	2.280663565633288	3.412546095788046	[1820, 10, 734, 19, 132, 1094, 1086, 1112]	276951
206	0.3922996781345123	0.597075606056256	2.280663565633288	3.7957648352302984	[2047, 232, 3, 19, 132, 1108, 1086, 1112]	280587
207	0.3937601395708803	0.598727537336091	2.280663565633288	2.8085470593567745	[432, 422, 19, 241, 132, 1108, 1086, 1112]	286194
208	0.3952170911397521	0.6001670511131856	2.280663565633288	3.3036751225217778	[420, 107, 734, 19, 132, 1108, 1086, 1096]	274252
209	0.39667054127624946	0.6018063079189351	2.280663565633288	3.443972867779607	[3136, 1468, 2229, 734, 1203, 174, 1086, 1112]	296076
210	0.3981204983952221	0.6034388440107397	2.280663565633288	3.807016559897331	[837, 162, 107, 10, 158, 1115, 1086, 1112]	307520
211	0.3995669708912969	0.6052969502185195	2.280663565633288	3.7945435553377305	[1742, 400, 19, 132, 387, 344, 1086, 1112]	309910
212	0.401009967138926	0.6069151751857358	2.280663565633288	3.7844565835694652	[193, 232, 10, 438, 2627, 261, 1086, 1112]	320006
213	0.4024494954924358	0.6087569928780142	2.280663565633288	4.122400843965228	[157, 1579, 1580, 438, 2627, 261, 1086, 1112]	313657
214	0.403885564286075	0.6111513605745338	2.280663565633288	3.9241871170764586	[1265, 808, 331, 241, 132, 1094, 1086, 1112]	302569
215	0.4053181818340631	0.6125463054704319	2.280663565633288	3.3509115332840214	[241, 132, 1032, 370, 1713, 174, 1086, 1112]	314126
216	0.4067473564306381	0.6143617382332214	2.280663565633288	3.6941577434773336	[190, 195, 3284, 734, 1203, 174, 1086, 1112]	329633
217	0.4081730963501049	0.6157451663087559	2.280663565633288	3.3753105476877643	[1549, 107, 10, 734, 19, 334, 1086, 1112]	297695
218	0.40959540984688314	0.6178028169919362	2.280663565633288	4.595495436243091	[813, 3284, 158, 420, 1822, 1094, 1086, 1112]	306369
219	0.4110143051555549	0.6191739006363369	2.280663565633288	3.620153532278189	[320, 232, 10, 438, 2627, 261, 1086, 1112]	335774
220	0.41242979049091255	0.6212131907501425	2.280663565633288	4.035136421233021	[1791, 420, 107, 734, 19, 334, 1086, 1096]	279036
221	0.4138418740480061	0.6229880144086435	2.280663565633288	3.3169550366173457	[77, 786, 19, 734, 1203, 174, 1086, 1112]	284815
222	0.4152505640021906	0.6245337085915527	2.280663565633288	3.687647475626422	[300, 301, 1580, 438, 2627, 261, 1086, 1112]	311313
223	0.4166558685091739	0.6258806460208719	2.280663565633288	2.9305764039857216	[3284, 2308, 651, 734, 1203, 174, 1086, 1112]	286199
224	0.4180577957050633	0.6272227514839666	2.280663565633288	3.219397614983688	[1647, 1697, 241, 19, 132, 1108, 1086, 1112]	313444
225	0.419456353706413	0.6292605279882453	2.280663565633288	3.534636553909553	[1259, 734, 811, 3459, 1203, 174, 1086, 1096]	322178
226	0.420851550610271	0.6312458051037957	2.280663565633288	4.210697179321534	[2607, 1587, 241, 1031, 132, 1094, 1086, 1112]	278710
227	0.4222433944942261	0.6332204512358037	2.280663565633288	2.6647873097920116	[1851, 159, 10, 734, 1203, 174, 1086, 1112]	307131
228	0.42363189341645446	0.6343717542278788	2.280663565633288	4.076466695855166	[1726, 132, 1720, 241, 217, 261, 1086, 1112]	297427
229	0.4250170554157664	0.6366093621714731	2.280663565633288	3.9439847737388174	[1715, 132, 1031, 241, 1729, 1094, 1086, 1112]	312301
230	0.42639888851165286	0.6383120463345597	2.280663565633288	3.3506046449898053	[305, 3083, 19, 241, 132, 1108, 1086, 1112]	316299
231	0.4277774007043319	0.6402488533691221	2.280663565633288	3.586866730706431	[421, 438, 1580, 301, 2627, 261, 1086, 1112]	301325
232	0.42915259997479493	0.6417237806284506	2.280663565633288	2.4252728029570534	[377, 162, 10, 734, 1203, 174, 1086, 1112]	280706
233	0.43052449428485307	0.6436423181273164	2.280663565633288	3.3100364968320886	[2567, 494, 2229, 734, 1203, 174, 1086, 1112]	289634
234	0.43189309157718303	0.6451033326758104	2.280663565633288	3.6522075585682723	[320, 232, 10, 301, 2627, 261, 1086, 1112]	340099
235	0.4332583997753733	0.6472752644429604	2.280663565633288	3.012790528604537	[2297, 400, 19, 241, 132, 1108, 1086, 1112]	287426
236	0.4346204267839697	0.6487213844411442	2.280663565633288	2.7995542814999217	[3869, 438, 10, 734, 1203, 174, 1086, 1112]	324050
237	0.4359791804885218	0.6501615755581402	2.280663565633288	3.345885426328497	[1879, 496, 217, 241, 132, 1108, 1086, 1112]	274711
238	0.43733466875562776	0.6518007601791194	2.280663565633288	2.5712032091418053	[107, 10, 734, 19, 132, 1108, 1086, 1112]	292133
239	0.43868689943298045	0.6527571179545064	2.280663565633288	3.0636217581629976	[1468, 232, 10, 734, 1203, 174, 1086, 1112]	275116
240	0.44003588034941277	0.6540028075026606	2.280663565633288	3.250221891161482	[1799, 10, 107, 734, 1203, 174, 1086, 1112]	307427
241	0.4413816193149427	0.6558555918975413	2.280663565633288	3.3045975432088337	[2520, 1019, 10, 734, 1203, 174, 1086, 1096]	321029
242	0.44272412412081874	0.6576984547956921	2.280663565633288	4.00194333201028	[1586, 107, 162, 1192, 836, 1089, 1086, 1112]	316010
243	0.4440634025395652	0.6591018412328453	2.280663565633288	3.5025358060307514	[1549, 107, 811, 3459, 1203, 174, 1086, 1112]	310131
244	0.4453994623250269	0.6603247698955146	2.280663565633288	3.4501439393570106	[811, 734, 19, 132, 1713, 174, 1086, 1112]	304497
245	0.4467323112124141	0.6619163343847587	2.280663565633288	3.748041363121062	[10, 301, 2627, 261, 132, 1108, 1086, 1112]	318512
246	0.4480619569183474	0.6635004415226895	2.280663565633288	4.493248276370266	[1799, 1851, 159, 10, 158, 1115, 1086, 1112]	319090
247	0.44938840714090234	0.6650771262510817	2.280663565633288	3.9185445339456875	[394, 432, 422, 19, 1987, 334, 1086, 1112]	296750
248	0.450711669559654	0.6666464233479894	2.280663565633288	2.999987733221527	[3621, 1720, 241, 19, 132, 1108, 1086, 1112]	277962
249	0.4520317518357214	0.6686865135756108	2.280663565633288	3.0426603400095615	[734, 19, 241, 1720, 132, 1108, 1086, 1112]	295901
250	0.453348661611812	0.6702388987160833	2.280663565633288	2.9216081390660067	[87, 415, 733, 734, 1203, 174, 1086, 1112]	274637
251	0.45466240651226575	0.6720415286429269	2.280663565633288	3.172579377897966	[2405, 1742, 400, 19, 132, 1108, 1086, 1112]	268496
252	0.45597299414309944	0.6732180378274827	2.280663565633288	4.3118879200179245	[734, 10, 107, 420, 1582, 1087, 1086, 1112]	315190
253	0.4572804320920506	0.6745577962365354	2.280663565633288	3.7838290495825726	[1792, 232, 10, 157, 1713, 174, 1086, 1112]	264416
254	0.45858472792862137	0.6763005104829037	2.280663565633288	4.101810906559008	[1544, 156, 668, 670, 132, 1108, 1086, 1112]	270698
255	0.45988588920412254	0.6778172198777672	2.280663565633288	3.4905076372577577	[10, 734, 19, 132, 387, 344, 1086, 1112]	280046
256	0.461183923451717	0.6791381223108486	2.280663565633288	3.813401430097133	[377, 162, 10, 438, 2627, 261, 1086, 1096]	301084
257	0.4624788381864636	0.680641535940171	2.280663565633288	3.385612680077884	[1580, 438, 2627, 261, 132, 1108, 1086, 1096]	317947
258	0.4637706409053606	0.6819508590891044	2.280663565633288	3.0347225689331294	[3065, 1460, 19, 734, 1203, 174, 1086, 1112]	274585
259	0.46505933908738883	0.682949199723939	2.280663565633288	2.4742894978990977	[2654, 232, 10, 734, 1203, 174, 1086, 1112]	268260
260	0.46634494019355544	0.6846469787460634	2.280663565633288	3.703792137954796	[1879, 496, 2729, 438, 2627, 261, 1086, 1112]	289021
261	0.46762745166693676	0.6865769073923148	2.280663565633288	3.7866876418367674	[320, 232, 193, 1265, 255, 174, 1086, 1112]	291048
262	0.46890688093272137	0.6874377496266499	2.280663565633288	3.940311850899093	[1549, 162, 10, 159, 1713, 174, 1086, 1112]	319381
263	0.47018323539825324	0.6889022749563876	2.280663565633288	4.172261813225368	[158, 420, 2149, 157, 1713, 174, 1086, 1112]	310920
264	0.4714565224530747	0.6903599381828518	2.280663565633288	3.324382825701849	[331, 241, 1126, 19, 132, 1108, 1086, 1112]	340047
265	0.47272674946896887	0.6913318831313571	2.280663565633288	3.1670200722118347	[2567, 494, 10, 734, 1203, 174, 1086, 1112]	291959
266	0.4739939238000027	0.693220900837801	2.280663565633288	3.8044082388614493	[160, 331, 241, 1126, 132, 1108, 1086, 1096]	303133
267	0.4752580527825695	0.6950983579466314	2.280663565633288	3.7891103713750693	[542, 2727, 1512, 1031, 132, 1108, 1086, 1112]	317029
268	0.47651914373543125	0.6963484102327466	2.280663565633288	4.317859711263274	[811, 3284, 162, 10, 158, 1115, 1086, 1096]	268568
269	0.477777203959761	0.6975933374867123	2.280663565633288	4.1268228428956295	[331, 160, 87, 1265, 255, 174, 1086, 1112]	268639
270	0.47903224073918504	0.6990102783252272	2.280663565633288	4.43205621142463	[3621, 1720, 241, 1031, 132, 261, 1086, 1112]	323042
271	0.4802842613398256	0.7004205800198717	2.280663565633288	3.352497027679866	[160, 331, 241, 1031, 132, 1108, 1086, 1112]	303756
272	0.4815332730103422	0.7025595417856607	2.280663565633288	3.4009913776184764	[2196, 2197, 241, 1031, 132, 1108, 1086, 1112]	314213
273	0.48277928298197414	0.7041523091587367	2.280663565633288	3.686312996656473	[3869, 438, 2729, 301, 2627, 261, 1086, 1112]	322296
274	0.48402229846858214	0.7053652415647005	2.280663565633288	3.581089186935536	[2734, 162, 107, 734, 1203, 174, 1086, 1096]	290488
275	0.48526232666669	0.706573201124612	2.280663565633288	3.4973354227970503	[2872, 241, 1031, 132, 1713, 174, 1086, 1112]	312575
276	0.4864993747555266	0.7077762082264152	2.280663565633288	2.8859392283917114	[1723, 132, 19, 734, 1203, 174, 1086, 1112]	298322
277	0.48773344989706724	0.7093410408116251	2.280663565633288	3.659694296087099	[811, 651, 734, 19, 132, 1108, 1086, 1112]	289247
278	0.48896455923607496	0.7108974938566035	2.280663565633288	3.760658710108726	[1819, 1513, 1031, 241, 132, 1094, 1086, 1112]	287994
279	0.4901927099001423	0.7124456122330483	2.280663565633288	4.3560795934221055	[1917, 10, 846, 734, 19, 334, 1086, 1112]	332465
280	0.49141790899973226	0.7133482313352744	2.280663565633288	2.280663565633288	[1792, 232, 10, 734, 1203, 174, 1086, 1112]	282577
281	0.4926401636282195	0.7148832262290581	2.280663565633288	4.596738588305375	[2654, 232, 1879, 420, 1822, 1094, 1086, 1096]	307114
282	0.49385948086193154	0.7164100013608119	2.280663565633288	4.218921759015798	[837, 162, 420, 545, 132, 1108, 1086, 1112]	293568
283	0.49507586776018964	0.7174273443087362	2.280663565633288	2.5664221723022065	[1580, 438, 10, 734, 1203, 174, 1086, 1112]	317920
284	0.4962893313653497	0.7184410376685981	2.280663565633288	3.3036751225217778	[420, 107, 734, 19, 132, 1108, 1086, 1112]	268885
285	0.49749987870284296	0.7199487610344472	2.280663565633288	4.3340706871150525	[841, 1268, 21, 422, 19, 334, 1086, 1112]	313113
286	0.4987075167812167	0.7209534091334148	2.280663565633288	3.799629496739959	[669, 673, 670, 132, 1713, 174, 1086, 1112]	292559
287	0.499912252592175	0.7220974594786221	2.280663565633288	3.7784467420323216	[420, 107, 811, 3459, 1203, 174, 1086, 1112]	294972
288	0.5011140931106188	0.722969781906319	2.280663565633288	2.86274021440164	[2636, 162, 107, 734, 1203, 174, 1086, 1112]	302622
289	0.5023130452946867	0.723963592478243	2.280663565633288	3.7502732578827054	[19, 241, 1209, 132, 1713, 174, 1086, 1112]	330266
290	0.5035091160857952	0.7250953015105388	2.280663565633288	3.396490005859392	[1265, 193, 232, 320, 836, 1089, 1086, 1112]	335339
291	0.5047023124086787	0.725958213859313	2.280663565633288	2.54041715625058	[1715, 132, 19, 734, 1203, 174, 1086, 1112]	308468
292	0.5058926411714294	0.7272422497169069	2.280663565633288	4.18585643922949	[2689, 1549, 232, 320, 836, 1089, 1086, 1096]	281563
293	0.5070801092655379	0.7285202691632562	2.280663565633288	3.5025358060307514	[1549, 107, 811, 3459, 1203, 174, 1086, 1112]	312415
294	0.5082647235659328	0.7301816977024062	2.280663565633288	3.322020596299053	[1647, 1697, 241, 1031, 132, 1108, 1086, 1112]	320740
295	0.5094464909310201	0.7314459442250417	2.280663565633288	3.9373699826961843	[811, 734, 10, 438, 2627, 261, 1086, 1112]	275229
296	0.5106254182027237	0.7327042670603054	2.280663565633288	3.775393865989355	[161, 10, 734, 19, 1987, 334, 1086, 1112]	306520
297	0.5118015122065243	0.7336631564083831	2.280663565633288	2.2891027279696745	[241, 132, 19, 734, 1203, 174, 1086, 1112]	329790
298	0.5129747797514992	0.734755098642496	2.280663565633288	4.113380924224836	[811, 734, 19, 132, 1729, 1094, 1086, 1112]	332480
299	0.5141452276303617	0.7361754616532757	2.280663565633288	2.746466612994111	[1549, 162, 107, 734, 1203, 174, 1086, 1112]	297515
300	0.5153128626195008	0.7371218985335055	2.280663565633288	3.6329497174533794	[1265, 415, 10, 734, 19, 334, 1086, 1096]	310399
301	0.5164776914790197	0.73852958753999	2.280663565633288	3.9253341591574884	[3869, 438, 2040, 545, 132, 1108, 1086, 1112]	291452
302	0.5176397209527754	0.7396015781158556	2.280663565633288	3.6901637387024984	[193, 394, 432, 422, 19, 334, 1086, 1112]	304713
303	0.5187989577684178	0.7405357242402805	2.280663565633288	3.7945435553377305	[1742, 400, 19, 132, 387, 344, 1086, 1112]	268781
304	0.5199554086374283	0.7421236194076597	2.280663565633288	4.03522502638976	[82, 1652, 261, 217, 132, 1108, 1086, 1112]	292847
305	0.521109080255159	0.7435045246407953	2.280663565633288	4.455474985881351	[669, 813, 3284, 734, 19, 334, 1086, 1112]	279907
306	0.5222599793008715	0.7443096513421879	2.280663565633288	3.198256428005487	[1078, 334, 19, 734, 1203, 174, 1086, 1096]	333826
307	0.5234081124377751	0.7456788505674632	2.280663565633288	3.9640039671771685	[2872, 241, 1209, 132, 217, 261, 1086, 1096]	293488
308	0.5245534863130658	0.7465911952521304	2.280663565633288	3.088009290259338	[119, 409, 19, 241, 132, 1108, 1086, 1112]	297630
309	0.5256961075579647	0.7479481770113562	2.280663565633288	3.9317881241216135	[1529, 2229, 494, 217, 132, 1108, 1086, 1112]	325555
310	0.5268359827877562	0.7488523807768608	2.280663565633288	4.4154508442633995	[10, 232, 1879, 496, 3366, 150, 1086, 1112]	339363
311	0.5279731186018268	0.750197254087391	2.280663565633288	3.3331971760863874	[317, 324, 671, 670, 132, 1108, 1086, 1112]	288326
312	0.5291075215837026	0.7515349257201711	2.280663565633288	2.86274021440164	[2636, 162, 107, 734, 1203, 174, 1086, 1112]	324141
313	0.5302391983010879	0.7530555068851744	2.280663565633288	3.0150729935709144	[813, 3284, 811, 734, 1203, 174, 1086, 1112]	301037
314	0.5313681553059033	0.7545667822469937	2.280663565633288	3.9036910482779996	[3819, 438, 2040, 545, 132, 1108, 1086, 1112]	273244
315	0.5324943991343231	0.7557167712931083	2.280663565633288	3.8964630515516774	[193, 1265, 87, 415, 255, 174, 1086, 1096]	265416
316	0.5336179363068136	0.7567182969210065	2.280663565633288	4.058268073807701	[2307, 1468, 232, 320, 836, 1089, 1086, 1112]	266911
317	0.534738773328171	0.7580210489455861	2.280663565633288	3.8352545866185066	[1820, 10, 232, 1879, 836, 1089, 1086, 1096]	272974
318	0.5358569166875584	0.758780608990051	2.280663565633288	3.620153532278189	[320, 232, 10, 438, 2627, 261, 1086, 1112]	291862
319	0.536972372858544	0.7600992281100033	2.280663565633288	4.00112251034354	[3895, 1030, 1032, 1729, 1822, 1094, 1086, 1096]	332841
320	0.5380851482991382	0.7610827863037943	2.280663565633288	2.8154115301407607	[1529, 2229, 734, 19, 132, 1108, 1086, 1112]	295858
321	0.5391952494518312	0.7622022443021625	2.280663565633288	3.6545861275650307	[811, 3284, 813, 19, 132, 1108, 1086, 1096]	279784
322	0.5403026827436301	0.7633164570266944	2.280663565633288	3.0179133925676274	[1555, 2229, 734, 19, 132, 1108, 1086, 1112]	289284
323	0.5414074545860965	0.7644254490543702	2.280663565633288	4.436102925065104	[3065, 1460, 19, 132, 1729, 1094, 1086, 1112]	327755
324	0.5425095713753831	0.7650724738830172	2.280663565633288	3.3509115332840214	[241, 132, 1032, 370, 1713, 174, 1086, 1112]	335431
325	0.5436090394922712	0.7661732380099711	2.280663565633288	3.6946851958319593	[432, 422, 19, 132, 387, 344, 1086, 1112]	311937
326	0.5447058653022072	0.7672688444541143	2.280663565633288	3.8894387297533424	[1529, 2229, 734, 10, 158, 1115, 1086, 1112]	279176
327	0.5458000551553399	0.7685150992288587	2.280663565633288	3.743450763630099	[1879, 496, 2729, 301, 2627, 261, 1086, 1112]	330647
328	0.5468916153865568	0.7697546804193985	2.280663565633288	3.686312996656473	[3869, 438, 2729, 301, 2627, 261, 1086, 1112]	276678
329	0.5479805523155213	0.770833505844339	2.280663565633288	2.8849793941289015	[394, 432, 422, 19, 132, 1108, 1086, 1112]	284033
330	0.5490668722467089	0.7716556114117021	2.280663565633288	4.029103416686746	[1647, 1697, 241, 19, 132, 1094, 1086, 1112]	300230
331	0.5501505814694436	0.7725917901185602	2.280663565633288	4.424665140770081	[2636, 162, 10, 1019, 1010, 1105, 1086, 1112]	311023
332	0.5512316862579348	0.7739835053997324	2.280663565633288	3.541642580265451	[1819, 241, 1729, 1032, 132, 1108, 1086, 1096]	304749
333	0.5523101928713134	0.7746929600772584	2.280663565633288	3.6580884587458176	[2047, 232, 10, 158, 1713, 174, 1086, 1112]	275139
334	0.5533861075536677	0.7756166860973498	2.280663565633288	3.625135630617468	[813, 807, 811, 3459, 1203, 174, 1086, 1112]	314117
335	0.5544594365340798	0.7766680448151361	2.280663565633288	3.701536091421799	[1647, 1697, 241, 132, 1713, 174, 1086, 1112]	300009
336	0.5555301860266624	0.7778639677024234	2.280663565633288	3.3817955533125286	[1579, 4018, 2197, 241, 132, 1108, 1086, 1112]	316632
337	0.556598362230593	0.7790534865283163	2.280663565633288	3.34120469505008	[3, 19, 241, 1031, 132, 1108, 1086, 1112]	276098
338	0.5576639713301517	0.7799593350256036	2.280663565633288	3.1475053953643712	[734, 10, 232, 320, 836, 1089, 1086, 1112]	293870
339	0.558727019494756	0.7808614696760999	2.280663565633288	2.5272028798793675	[846, 10, 734, 19, 132, 1108, 1086, 1096]	326348
340	0.5597875128789963	0.7820349371437711	2.280663565633288	3.943233216266057	[1548, 241, 1729, 1032, 132, 1108, 1086, 1096]	294107
341	0.5608454576226725	0.7828168590051017	2.280663565633288	3.8418597733362745	[1582, 420, 158, 19, 132, 1108, 1086, 1112]	335031
342	0.5619008598508284	0.7835959758214897	2.280663565633288	3.6522075585682723	[320, 232, 10, 301, 2627, 261, 1086, 1112]	297339
343	0.5629537256737882	0.784372297655676	2.280663565633288	3.7425483438662734	[87, 415, 10, 734, 19, 334, 1086, 1112]	294600
344	0.5640040611871913	0.7853826315379641	2.280663565633288	3.632449006765821	[421, 438, 2729, 301, 2627, 261, 1086, 1112]	279039
345	0.5650518724720273	0.786531888583337	2.280663565633288	4.125520905743738	[1819, 1513, 1031, 132, 387, 344, 1086, 1112]	299498
346	0.5660971655946722	0.7872019545022648	2.280663565633288	2.54041715625058	[1726, 132, 19, 734, 1203, 174, 1086, 1112]	313938
347	0.5671399466069225	0.7883414692339121	2.280663565633288	3.6921320455723112	[811, 734, 1460, 19, 132, 1108, 1086, 1112]	306000
348	0.568180221546031	0.7890058549680412	2.280663565633288	3.854947601505576	[2607, 1587, 241, 132, 19, 334, 1086, 1112]	311914
349	0.569217996434741	0.7899944780965749	2.280663565633288	2.3298370738744723	[420, 158, 10, 734, 1203, 174, 1086, 1112]	304637
350	0.5702532772813219	0.7908554701233291	2.280663565633288	3.0015263220368356	[2238, 1549, 107, 734, 1203, 174, 1086, 1112]	304393
351	0.5712860700796036	0.7916057494476635	2.280663565633288	3.652164874780085	[10, 734, 19, 241, 217, 261, 1086, 1112]	293069
352	0.5723163808090113	0.792259888766501	2.280663565633288	3.640730720597082	[3869, 438, 1580, 301, 2627, 261, 1086, 1112]	315706
353	0.5733442154346	0.7931115929397433	2.280663565633288	4.49086420780186	[1586, 107, 10, 438, 132, 1108, 1086, 1096]	286356
354	0.5743695799070891	0.7939598052500304	2.280663565633288	3.2855088655485964	[19, 241, 1729, 1032, 132, 1108, 1086, 1112]	324912
355	0.5753924801628971	0.7948045400134914	2.280663565633288	3.241929394235595	[1792, 232, 10, 734, 19, 334, 1086, 1112]	315484
356	0.5764129221241756	0.7959033435714605	2.280663565633288	3.6552327096452704	[1819, 3821, 2680, 241, 132, 1108, 1086, 1112]	284500
357	0.5774309116988436	0.7966355142936611	2.280663565633288	3.4982038057826674	[160, 331, 241, 1720, 132, 1108, 1086, 1112]	302846
358	0.5784464547806221	0.797880084410777	2.280663565633288	4.0119731383896315	[1819, 1513, 1031, 241, 1729, 1094, 1086, 1112]	322878
359	0.5794595572490676	0.7989624187002414	2.280663565633288	3.6056918049005047	[241, 1031, 227, 217, 132, 1108, 1086, 1112]	296856
360	0.580470224969607	0.7996836153806057	2.280663565633288	4.034714358349963	[1549, 162, 10, 158, 1546, 234, 1086, 1096]	279819
361	0.5814784637935708	0.8006222073535204	2.280663565633288	3.3036751225217778	[669, 811, 734, 19, 132, 1108, 1086, 1112]	307224
362	0.582484279558227	0.8011698148162335	2.280663565633288	4.109265361757832	[10, 162, 1549, 107, 1546, 234, 1086, 1112]	300734
363	0.5834876780868156	0.8019849895914949	2.280663565633288	3.713028837754819	[3131, 162, 10, 734, 19, 334, 1086, 1112]	274397
364	0.5844886651885814	0.8031968214599692	2.280663565633288	3.4819661882363615	[19, 1126, 241, 1209, 132, 1108, 1086, 1112]	283221
365	0.5854872466588084	0.8044012370397771	2.280663565633288	2.914415668484502	[10, 1820, 733, 734, 1203, 174, 1086, 1112]	299224
366	0.5864834282788529	0.8052031634549748	2.280663565633288	3.8023219002441593	[1792, 496, 217, 261, 132, 1108, 1086, 1112]	301742
367	0.5874772158161772	0.8059019722595447	2.280663565633288	4.058286241784568	[195, 10, 158, 19, 132, 1108, 1086, 1112]	325510
368	0.5884686150243825	0.8070898325896209	2.280663565633288	3.8055322554048097	[4356, 669, 673, 1032, 132, 1108, 1086, 1112]	276339
369	0.5894576316432434	0.8079937223786116	2.280663565633288	2.9084054188625457	[1742, 400, 19, 241, 132, 1108, 1086, 1112]	298864
370	0.5904442713987395	0.8090218990303594	2.280663565633288	4.195718437783753	[1819, 241, 1126, 132, 1713, 174, 1086, 1112]	329513
371	0.5914285400030896	0.8099167360299048	2.280663565633288	3.790380657406014	[1743, 1742, 400, 19, 1987, 334, 1086, 1112]	337330
372	0.5924104431547851	0.8104388153071664	2.280663565633288	3.9007689182085175	[1549, 162, 107, 420, 1822, 1094, 1086, 1112]	280723
373	0.5933899865386218	0.8109594606508662	2.280663565633288	3.5276880009045133	[1580, 438, 10, 734, 19, 334, 1086, 1112]	258502
374	0.5943671758257337	0.8121163696626842	2.280663565633288	3.753508873289289	[1792, 496, 217, 132, 1713, 174, 1086, 1112]	303100
375	0.5953420166736256	0.8128866651587829	2.280663565633288	3.903077957997928	[734, 10, 107, 420, 158, 1115, 1086, 1112]	297988
376	0.596314514726206	0.8138886405342639	2.280663565633288	4.006406972599561	[1819, 241, 1209, 132, 1713, 174, 1086, 1096]	317542
377	0.5972846756138193	0.8150513520677858	2.280663565633288	3.1854485211640693	[2196, 2197, 4018, 241, 132, 1108, 1086, 1112]	270297
378	0.5982525049532789	0.8159179377775889	2.280663565633288	4.640177472471892	[1741, 1743, 193, 1265, 255, 174, 1086, 1112]	327420
379	0.5992180083478995	0.8167804630587228	2.280663565633288	4.149488735961559	[2528, 3459, 811, 734, 1203, 174, 1086, 1112]	322863
380	0.6001811913875297	0.8173555801877934	2.280663565633288	3.9189833712880704	[1917, 10, 158, 420, 1822, 1094, 1086, 1112]	299277
381	0.6011420596485841	0.8183336249181498	2.280663565633288	3.036539522001304	[2627, 261, 217, 241, 132, 1108, 1086, 1112]	329390
382	0.6021006186940759	0.8190784305740064	2.280663565633288	2.6565690702175355	[2872, 241, 19, 734, 1203, 174, 1086, 1096]	343265
383	0.6030568740736487	0.8198201826352464	2.280663565633288	3.8733767892628226	[1819, 1513, 1031, 241, 19, 334, 1086, 1112]	326040
384	0.604010831323609	0.8204665547479228	2.280663565633288	3.8330025578237565	[420, 158, 10, 157, 1713, 174, 1086, 1112]	341818
385	0.6049624959669582	0.8215652813038774	2.280663565633288	3.6143159618419327	[1794, 1879, 496, 217, 132, 1108, 1086, 1112]	306844
386	0.6059118735134243	0.8222053930976693	2.280663565633288	3.219397614983688	[1647, 1697, 241, 19, 132, 1108, 1086, 1112]	290807
387	0.6068589694594942	0.8231574675084035	2.280663565633288	3.506775811532669	[1535, 496, 217, 241, 132, 1108, 1086, 1096]	311129
388	0.6078037892884451	0.8237918675372716	2.280663565633288	3.6643804002798888	[1549, 162, 107, 10, 158, 1115, 1086, 1112]	272298
389	0.6087463384703768	0.8243449762119942	2.280663565633288	3.6182528610598323	[432, 422, 19, 241, 132, 1094, 1086, 1112]	295737
390	0.6096866224622426	0.825168016202671	2.280663565633288	3.4359437769698413	[2078, 436, 422, 19, 132, 1108, 1086, 1112]	306007
391	0.6106246467078815	0.8259871998002221	2.280663565633288	3.322020596299053	[1647, 1697, 241, 1031, 132, 1108, 1086, 1112]	302818
392	0.6115604166380499	0.8269384359529176	2.280663565633288	4.242466071898616	[3580, 2149, 420, 158, 1713, 174, 1086, 1112]	310142
393	0.612493937670452	0.8275592722397574	2.280663565633288	3.5296963655263225	[1799, 10, 232, 320, 836, 1089, 1086, 1112]	317084
394	0.6134252152097724	0.8281778813556064	2.280663565633288	3.306657264240542	[10, 734, 19, 132, 217, 261, 1086, 1112]	320658
395	0.6143542546477068	0.8288823269950925	2.280663565633288	3.8871132425226316	[1873, 10, 158, 420, 1822, 1094, 1086, 1112]	313341
396	0.6152810613629928	0.8296841070122958	2.280663565633288	3.6070400564540552	[1791, 1792, 496, 217, 132, 1108, 1086, 1112]	314434
397	0.616205640721442	0.8302950935544232	2.280663565633288	3.6006053797170923	[2078, 435, 422, 19, 132, 1108, 1086, 1112]	319059
398	0.6171279980759704	0.8309908589325256	2.280663565633288	3.9241498096099496	[837, 162, 107, 420, 158, 1115, 1086, 1112]	317141
399	0.6180481387666295	0.8317827593227833	2.280663565633288	3.9647989073413497	[420, 158, 10, 415, 255, 174, 1086, 1112]	297938
400	0.6189660681206373	0.8328122318494313	2.280663565633288	3.1448576629016216	[2004, 19, 241, 1031, 132, 1108, 1086, 1112]	283844
401	0.6198817914524092	0.8335955981100285	2.280663565633288	4.005571653005855	[107, 162, 2636, 301, 2627, 261, 1086, 1096]	277149
402	0.6207953140635885	0.8343752938706541	2.280663565633288	3.7159873368309784	[10, 438, 2627, 261, 132, 1108, 1086, 1112]	348517
403	0.6217066412430774	0.8349694513782928	2.23202490513811	2.23202490513811	[320, 232, 10, 734, 1203, 174, 1086, 1112]	326016
404	0.6226157782670674	0.835853175384716	2.23202490513811	4.0745673367602455	[1879, 496, 2729, 438, 132, 1108, 1086, 1112]	276236
405	0.6235227303990702	0.8367321671271671	2.23202490513811	3.864682523158968	[1535, 496, 2729, 438, 2627, 261, 1086, 1112]	298390
406	0.6244275028899477	0.8374015414419701	2.23202490513811	4.232107157830269	[1873, 10, 734, 19, 1987, 1114, 1086, 1112]	279040
407	0.6253301009779426	0.8383966275894238	2.23202490513811	3.4939612626061676	[377, 162, 3284, 734, 1203, 174, 1086, 1112]	275074
408	0.6262305298887088	0.8392619993700481	2.23202490513811	3.0738705926307146	[1791, 420, 107, 734, 1203, 174, 1086, 1096]	289746
409	0.6271287948353417	0.8397665480606415	2.23202490513811	3.5108348228147426	[432, 422, 19, 132, 217, 261, 1086, 1112]	320635
410	0.6280249010184079	0.8406245840381832	2.23202490513811	2.280663565633288	[1792, 232, 10, 734, 1203, 174, 1086, 1112]	296439
411	0.6289188536259762	0.8414780253088777	2.23202490513811	4.240001375009526	[2357, 438, 2729, 496, 217, 261, 1086, 1112]	269961
412	0.629810657833647	0.8426098535330067	2.23202490513811	3.624514969986202	[3895, 1030, 1032, 1729, 132, 1108, 1086, 1112]	314490
413	0.6307003188045821	0.8435730653363899	2.23202490513811	3.8849067625269793	[19, 299, 1511, 1031, 132, 1108, 1086, 1112]	320855
414	0.6315878416895351	0.8440027047443405	2.23202490513811	3.8029289445323045	[107, 10, 158, 420, 1822, 1094, 1086, 1112]	305011
415	0.6324732316268808	0.8449573924389582	2.23202490513811	3.798082099515229	[1265, 193, 232, 10, 158, 1115, 1086, 1112]	287423
416	0.6333564937426458	0.8457876319034964	2.23202490513811	4.354426134773487	[305, 496, 2729, 301, 2627, 261, 1086, 1112]	319782
417	0.6342376331505366	0.8465102013083634	2.23202490513811	4.917311357941783	[394, 193, 1529, 2229, 494, 636, 1086, 1112]	347151
418	0.6351166549519708	0.8471394871083928	2.23202490513811	4.300312808452109	[1820, 733, 734, 19, 132, 261, 1086, 1112]	332827
419	0.6359935642361056	0.8477661929283749	2.23202490513811	4.517322337838712	[1819, 241, 19, 1548, 255, 174, 1086, 1112]	289254
420	0.6368683660798682	0.8483903293458515	2.23202490513811	3.8721482353335563	[1265, 87, 160, 320, 836, 1089, 1086, 1112]	293570
421	0.6377410655479837	0.848934209701355	2.23202490513811	3.9771565835985454	[3, 19, 132, 387, 344, 174, 1086, 1112]	323044
422	0.6386116676930063	0.8494761389554557	2.23202490513811	2.2891027279696745	[241, 132, 19, 734, 1203, 174, 1086, 1112]	332544
423	0.6394801775553467	0.8502821809316566	2.23202490513811	4.392131180838898	[1529, 2229, 734, 19, 1987, 1114, 1086, 1112]	273737
424	0.6403466001633031	0.8508960021650819	2.23202490513811	4.056585452306622	[2636, 162, 10, 159, 1713, 174, 1086, 1112]	301899
425	0.641210940533089	0.8515946360574779	2.23202490513811	3.453180887458757	[1580, 438, 2729, 301, 2627, 261, 1086, 1112]	310453
426	0.6420732036688623	0.8522899964674543	2.23202490513811	3.9273328688446716	[193, 1743, 1742, 400, 19, 334, 1086, 1112]	291010
427	0.642933394562755	0.8529820987330691	2.23202490513811	3.9923877813057294	[1582, 1579, 1580, 301, 2627, 261, 1086, 1112]	304165
428	0.6437915181949017	0.8535848506970826	2.23202490513811	3.7391769992227406	[3819, 438, 10, 734, 19, 334, 1086, 1112]	304158
429	0.6446475795334683	0.8541851314659084	2.23202490513811	4.058726526105666	[2047, 232, 10, 158, 420, 458, 1086, 1112]	312766
430	0.6455015835346811	0.8545856239637131	2.23202490513811	4.306084184797739	[1549, 162, 10, 438, 3366, 150, 1086, 1112]	329578
431	0.6463535351428551	0.855181801708031	2.23202490513811	3.8852545941969936	[2872, 241, 1031, 132, 387, 344, 1086, 1112]	312089
432	0.6472034392904229	0.8555795567692577	2.23202490513811	3.806453251566965	[160, 331, 241, 132, 19, 334, 1086, 1112]	276151
433	0.6480513008979631	0.8559762193635805	2.23202490513811	3.306766024432017	[432, 422, 19, 132, 1713, 174, 1086, 1112]	273116
434	0.6488971248742291	0.8565666958694695	2.23202490513811	3.319856779838476	[1820, 10, 232, 320, 836, 1089, 1086, 1112]	296450
435	0.6497409161161771	0.8573347685398894	2.23202490513811	3.7291029335785426	[359, 158, 733, 734, 1203, 174, 1086, 1112]	298956
436	0.6505826795089948	0.8580032332853814	2.23202490513811	4.5463817205633505	[107, 347, 422, 19, 132, 1094, 1086, 1112]	282206
437	0.6514224199261295	0.8583932390533354	2.23202490513811	3.7524358462149285	[77, 19, 132, 241, 217, 261, 1086, 1112]	298836
438	0.652260142229316	0.8588377357220436	2.23202490513811	2.280663565633288	[1792, 232, 10, 734, 1203, 174, 1086, 1112]	316598
439	0.6530958512686056	0.8594164804279936	2.23202490513811	3.753508873289289	[1792, 496, 217, 132, 1713, 174, 1086, 1112]	277375
440	0.6539295518823933	0.8601692927538983	2.23202490513811	3.903874151172581	[245, 960, 455, 19, 132, 1108, 1086, 1112]	332454
441	0.6547612488974466	0.8607425782701223	2.23202490513811	4.0600818007869215	[318, 158, 10, 301, 2627, 261, 1086, 1112]	269674
442	0.6555909471289323	0.861242146508152	2.23202490513811	3.1025884658578153	[10, 734, 19, 132, 1713, 174, 1086, 1096]	314243
443	0.6564186513804459	0.8617399226088482	2.23202490513811	3.654212737739737	[811, 734, 19, 132, 217, 261, 1086, 1112]	318469
444	0.6572443664440382	0.8623877467948751	2.23202490513811	3.4424362830909683	[87, 160, 107, 734, 1203, 174, 1086, 1112]	277544
445	0.6580680971002433	0.8631246482519145	2.23202490513811	3.6089400433623293	[1792, 496, 2729, 438, 2627, 261, 1086, 1112]	320381
446	0.6588898481181069	0.8638576036667611	2.23202490513811	3.3778428664368425	[4356, 669, 673, 670, 132, 1108, 1086, 1112]	269070
447	0.6597096242552133	0.8644955053572021	2.23202490513811	3.564880799384948	[421, 438, 2627, 261, 132, 1108, 1086, 1096]	297534
448	0.6605274302577127	0.8652362369241271	2.23202490513811	3.7525447935817695	[2405, 1743, 1742, 400, 19, 334, 1086, 1112]	308332
449	0.6613432708603496	0.8657196847349062	2.23202490513811	2.8480848840704303	[119, 409, 19, 734, 1203, 174, 1086, 1112]	316489
450	0.6621571507864894	0.8662702144531031	2.23202490513811	3.976028403244359	[1723, 241, 1031, 132, 19, 334, 1086, 1112]	296926
451	0.662969074748146	0.866749953001382	2.23202490513811	3.701536091421799	[1647, 1697, 241, 132, 1713, 174, 1086, 1112]	272772
452	0.6637790474460092	0.867374302451084	2.23202490513811	3.6861950080423638	[3621, 1720, 241, 132, 217, 261, 1086, 1112]	303704
453	0.664587073569472	0.8678500802244977	2.23202490513811	3.373023600476821	[394, 432, 19, 734, 1203, 174, 1086, 1112]	289487
454	0.6653931577966572	0.8684692749756324	2.23202490513811	2.8849793941289015	[394, 432, 422, 19, 132, 1108, 1086, 1112]	283182
455	0.666197304794445	0.8691736103866036	2.23202490513811	3.7911665450092347	[2764, 3895, 1030, 1032, 132, 1108, 1086, 1112]	271466
456	0.6669995192185001	0.8697099795131162	2.23202490513811	3.3575937850316935	[193, 232, 10, 734, 19, 334, 1086, 1112]	315027
457	0.6677998057132982	0.8701773783429878	2.23202490513811	2.5712032091418053	[107, 10, 734, 19, 132, 1108, 1086, 1112]	305031
458	0.6685981689121532	0.8705848851771512	2.23202490513811	3.394712441481685	[2872, 241, 19, 132, 1713, 174, 1086, 1112]	313576
459	0.6693946134372437	0.8709911128673735	2.23202490513811	2.620774439524012	[1799, 1019, 10, 734, 1203, 174, 1086, 1112]	299691
460	0.6701891438996405	0.8714539157947467	2.23202490513811	4.063258072298005	[1549, 107, 232, 10, 158, 1115, 1086, 1096]	318316
461	0.6709817648993324	0.8721422687178426	2.23202490513811	2.970867311564371	[1820, 733, 734, 19, 132, 1108, 1086, 1112]	310890
462	0.6717724810252532	0.8726664667779462	2.23202490513811	4.457065028465416	[846, 10, 107, 420, 1546, 234, 1086, 1112]	270873
463	0.6725612968553089	0.8732630941201986	2.23202490513811	3.2903281519845455	[3158, 3083, 19, 241, 132, 1108, 1086, 1112]	323981
464	0.6733482169564027	0.8737177466046208	2.23202490513811	3.799629496739959	[669, 673, 670, 132, 1713, 174, 1086, 1112]	301168
465	0.6741332458844631	0.874619387016797	2.23202490513811	4.3076089493311525	[2405, 1743, 193, 1265, 255, 174, 1086, 1112]	296699
466	0.6749163881844692	0.8751334292529708	2.23202490513811	3.8871132425226316	[1873, 10, 158, 420, 1822, 1094, 1086, 1112]	307659
467	0.6756976483904773	0.8755253792867052	2.23202490513811	3.6837955987938003	[3819, 438, 107, 734, 1203, 174, 1086, 1112]	328124
468	0.6764770310256473	0.8759719161116493	2.23202490513811	3.7810181910675924	[10, 494, 2229, 734, 19, 334, 1086, 1112]	334680
469	0.6772545406022688	0.8765530556134168	2.23202490513811	3.586866730706431	[421, 438, 1580, 301, 2627, 261, 1086, 1112]	279451
470	0.6780301816217869	0.8770591700902204	2.23202490513811	4.068720615578277	[1586, 107, 162, 10, 158, 1115, 1086, 1112]	302389
471	0.678803958574829	0.8778115555549081	2.23202490513811	3.674922902246487	[107, 1549, 162, 1192, 836, 1089, 1086, 1112]	331660
472	0.6795758759412301	0.8784658638788242	2.23202490513811	2.950952908405667	[1819, 1513, 1031, 241, 132, 1108, 1086, 1112]	273332
473	0.6803459381900592	0.8789018520903559	2.23202490513811	4.182904116983925	[432, 422, 19, 1548, 255, 174, 1086, 1112]	326700
474	0.6811141497796445	0.8795503219726589	2.23202490513811	2.5272028798793675	[846, 10, 734, 19, 132, 1108, 1086, 1112]	300388
475	0.6818805151576002	0.8798811468939987	2.23202490513811	3.7199577016724614	[1549, 162, 10, 158, 1713, 174, 1086, 1112]	296682
476	0.6826450387608515	0.8803736166816963	2.23202490513811	3.4355553265014054	[2654, 232, 10, 734, 19, 334, 1086, 1096]	309934
477	0.6834077250156605	0.8808027610733835	2.23202490513811	3.6622146450013826	[734, 10, 158, 420, 1822, 1094, 1086, 1112]	303251
478	0.6841685783376521	0.8812914523772918	2.23202490513811	4.333800856149336	[846, 162, 107, 420, 1822, 1094, 1086, 1112]	272556
479	0.6849276031318388	0.881778140118092	2.23202490513811	3.5730757047846025	[860, 853, 19, 734, 1203, 174, 1086, 1112]	314207
480	0.6856848037926471	0.8821492327307234	2.23202490513811	3.262327615820401	[2180, 1549, 10, 734, 1203, 174, 1086, 1112]	271313
481	0.6864401847039425	0.8827014281208856	2.23202490513811	3.539820826569735	[158, 10, 811, 3459, 1203, 174, 1086, 1112]	314018
482	0.687193750239055	0.8833295516092607	2.23202490513811	3.729769596885106	[300, 301, 2627, 261, 132, 1108, 1086, 1112]	317837
483	0.6879455047608041	0.8838078834403088	2.23202490513811	3.7224277820866396	[377, 162, 107, 10, 158, 1115, 1086, 1112]	297670
484	0.6886954526215245	0.8843523071434727	2.23202490513811	2.604369500782573	[10, 734, 19, 241, 132, 1108, 1086, 1112]	276129
485	0.6894435981630911	0.8847671784906143	2.23202490513811	4.584172237532978	[382, 400, 19, 241, 1729, 1094, 1086, 1112]	323953
486	0.6901899457169443	0.8853071073710727	2.23202490513811	2.9030408740226537	[1819, 241, 19, 734, 1203, 174, 1086, 1112]	300615
487	0.6909344996041143	0.8859212776772905	2.23202490513811	4.131726398002111	[1819, 241, 1031, 132, 387, 344, 1086, 1112]	270813
488	0.6916772641352477	0.8863889838092622	2.23202490513811	3.7844565835694652	[193, 232, 10, 438, 2627, 261, 1086, 1112]	266728
489	0.6924182436106306	0.8869213136435586	2.23202490513811	4.03407677611323	[77, 19, 241, 1729, 1822, 1094, 1086, 1112]	317883
490	0.6931574423202151	0.8873849197738466	2.23202490513811	4.3714299019485985	[841, 1268, 1380, 2975, 8, 174, 1086, 1112]	280758
491	0.6938948645436429	0.8877889120099896	2.23202490513811	3.806453251566965	[160, 331, 241, 132, 19, 334, 1086, 1112]	309329
492	0.6946305145502709	0.8884756325375996	2.23202490513811	3.7587007378494057	[1879, 496, 1512, 1031, 132, 1108, 1086, 1112]	327814
493	0.6953643965991958	0.8889981852797704	2.23202490513811	4.090656576662003	[359, 158, 10, 161, 1713, 174, 1086, 1096]	278613
494	0.6960965149392779	0.8894532765391008	2.23202490513811	3.823993053667536	[846, 10, 734, 19, 387, 344, 1086, 1112]	273104
495	0.6968268738091672	0.8898498488091694	2.23202490513811	3.867151246986074	[107, 162, 232, 320, 836, 1089, 1086, 1112]	303333
496	0.6975554774373266	0.8904396931363648	2.23202490513811	3.648598669037632	[1792, 496, 2729, 301, 2627, 261, 1086, 1112]	302309
497	0.6982823300420571	0.8908888744236155	2.23202490513811	3.6334564316037268	[3284, 813, 651, 734, 1203, 174, 1086, 1112]	324869
498	0.6990074358315221	0.8914001198058457	2.23202490513811	3.489506134920668	[734, 19, 132, 241, 1729, 1094, 1086, 1112]	313086
499	0.6997307990037714	0.8920647401063989	2.23202490513811	3.5199086642496216	[420, 2308, 651, 734, 1203, 174, 1086, 1112]	284479
