0	0.00240325927734375	0.00409985422740522	3.4355553265014054	3.4355553265014054	[2654, 232, 10, 734, 19, 334, 1086, 1112]	245275
1	0.004800742899533361	0.00818289965012442	3.4355553265014054	3.903077957997928	[734, 10, 107, 420, 158, 1115, 1086, 1112]	244520
2	0.0071924647469656655	0.011740916990346406	3.4355553265014054	4.149698304311393	[420, 158, 10, 232, 193, 1115, 1086, 1112]	247199
3	0.00957843866667929	0.01579263516959517	3.4355553265014054	4.160785111597222	[3065, 1460, 19, 132, 387, 344, 1086, 1112]	276863
4	0.011958678472434925	0.019323353554270506	3.4355553265014054	3.50065900671827	[19, 132, 241, 1729, 1822, 1094, 1086, 1112]	249190
5	0.01433319794479504	0.02284140593708761	3.4355553265014054	3.8362086414356593	[158, 10, 734, 19, 387, 344, 1086, 1112]	242433
6	0.01670201083120393	0.02741992912876101	3.039417413237337	3.039417413237337	[2764, 400, 19, 734, 1203, 174, 1086, 1112]	232067
7	0.019065130846067313	0.030908936079431126	3.039417413237337	4.298109145739464	[1549, 162, 107, 10, 161, 1023, 1086, 1112]	242230
8	0.021422571670831503	0.03357062418224033	3.039417413237337	3.800929998552311	[10, 232, 193, 1265, 255, 174, 1086, 1112]	259101
9	0.023774346954062775	0.037532843744175315	3.039417413237337	3.9596606725945565	[1879, 232, 10, 438, 2627, 261, 1086, 1112]	263261
10	0.026120470311526423	0.04147881878348947	3.039417413237337	3.978726558409724	[10, 734, 19, 1548, 255, 174, 1086, 1112]	238125
11	0.02846095532626547	0.046611615017766006	3.039417413237337	3.8721482353335563	[1265, 87, 160, 320, 836, 1089, 1086, 1112]	232988
12	0.030795815548679273	0.051078761761227165	3.039417413237337	3.96942564884651	[1742, 400, 19, 241, 1729, 1094, 1086, 1112]	260463
13	0.03312506449660224	0.05552497747559049	3.039417413237337	3.5638463372969715	[1468, 2229, 734, 19, 132, 1108, 1086, 1096]	237207
14	0.03544871565538188	0.059397187389365835	3.039417413237337	3.880630180187328	[241, 1126, 1990, 168, 132, 1108, 1086, 1112]	216856
15	0.03776678247795695	0.06611298066081683	3.039417413237337	4.26471172867869	[4343, 453, 853, 855, 836, 1089, 1086, 1112]	224531
16	0.04007927838493508	0.06994178130497342	3.039417413237337	3.7255388316538216	[2047, 232, 10, 301, 2627, 261, 1086, 1112]	257560
17	0.042386216764671025	0.07249626249645758	3.039417413237337	3.1025884658578153	[10, 734, 19, 132, 1713, 174, 1086, 1112]	258716
18	0.04468761097334362	0.0774629630602297	3.039417413237337	3.4711274093700517	[837, 162, 10, 734, 19, 334, 1086, 1112]	262730
19	0.04698347433503336	0.08077244700971065	3.039417413237337	4.337607484270899	[734, 19, 1126, 241, 132, 261, 1086, 1112]	229378
20	0.049273820141799596	0.08454114597878526	3.039417413237337	4.122749582108682	[837, 162, 1549, 438, 2627, 261, 1086, 1112]	237217
21	0.05155866165375744	0.08829439383145965	3.039417413237337	3.668792192773367	[1792, 232, 10, 438, 2627, 261, 1086, 1112]	220239
22	0.0538380120991544	0.09203225391505876	3.039417413237337	3.3456798492910815	[1586, 107, 734, 19, 132, 1108, 1086, 1112]	226641
23	0.056111884674447055	0.09575478931719272	2.970867311564371	2.970867311564371	[1820, 733, 734, 19, 132, 1108, 1086, 1112]	246711
24	0.05838029254437771	0.09899865367311789	2.970867311564371	4.415293851789205	[359, 158, 420, 1582, 836, 1089, 1086, 1112]	236283
25	0.06064324884205019	0.10322033844870204	2.7456902916092707	2.7456902916092707	[421, 438, 10, 734, 1203, 174, 1086, 1096]	239355
26	0.06290076666900601	0.10689700433516414	2.7456902916092707	3.8721482353335563	[1265, 87, 160, 320, 836, 1089, 1086, 1112]	223424
27	0.06515285909530044	0.11236270448458041	2.7456902916092707	3.527605238801611	[846, 10, 811, 3459, 1203, 174, 1086, 1112]	226211
28	0.06739953915957797	0.11600188800300182	2.7456902916092707	3.902492262325489	[1259, 734, 19, 132, 217, 261, 1086, 1112]	224956
29	0.06964081986914772	0.11962615139949095	2.7456902916092707	4.048917988282097	[3284, 162, 107, 10, 158, 1115, 1086, 1112]	219347
30	0.07187671420005914	0.12323555584437274	2.7456902916092707	3.8867366134360246	[193, 232, 3, 19, 132, 1108, 1086, 1112]	218639
31	0.07410723509717665	0.1268301622571828	2.4252728029570534	2.4252728029570534	[377, 162, 10, 734, 1203, 174, 1086, 1096]	216341
32	0.07633239547425485	0.12996254767638138	2.4252728029570534	3.094093728748758	[158, 420, 107, 734, 1203, 174, 1086, 1112]	235940
33	0.07855220821401321	0.13462152136050853	2.4252728029570534	3.1448576629016216	[2004, 19, 241, 1031, 132, 1108, 1086, 1112]	261996
34	0.08076668616821081	0.13925554665220563	2.4252728029570534	3.8895140047049708	[1819, 241, 1720, 132, 1713, 174, 1086, 1112]	246795
35	0.08297584215772047	0.14278447343797918	2.4252728029570534	4.265890646401806	[2689, 1549, 162, 10, 158, 1115, 1086, 1112]	236119
36	0.0851796889726033	0.14680099766697663	2.4252728029570534	3.7923754560770835	[1580, 438, 2729, 496, 217, 261, 1086, 1112]	257162
37	0.08737823937218236	0.15202248940664098	2.4252728029570534	4.289506845879948	[545, 132, 1031, 241, 1729, 1094, 1086, 1112]	225696
38	0.08957150608511699	0.1572120261441161	2.4252728029570534	3.5973384097669356	[1579, 4018, 241, 1031, 132, 1108, 1086, 1112]	215445
39	0.09175950180947601	0.16066733398153543	2.4252728029570534	4.036905196230555	[1265, 808, 331, 241, 19, 334, 1086, 1112]	219541
40	0.09394223921281164	0.16410847556051056	2.4252728029570534	3.2442193656328557	[846, 10, 232, 320, 836, 1089, 1086, 1112]	224587
41	0.0961197309322328	0.16673229800748157	2.4252728029570534	3.4762812789342155	[734, 19, 132, 241, 217, 261, 1086, 1112]	223744
42	0.09829198957447793	0.17063661356242366	2.4252728029570534	4.648951611247996	[2238, 1549, 162, 1541, 159, 1023, 1086, 1112]	243643
43	0.10045902771598825	0.17517030554367863	2.4252728029570534	3.5466981557212787	[2607, 1587, 241, 1720, 132, 1108, 1086, 1112]	234042
44	0.10262085790298059	0.1785519870533847	2.4252728029570534	3.6902540299968605	[157, 10, 811, 3459, 1203, 174, 1086, 1112]	259971
45	0.10477749265152003	0.18149882702329845	2.2891027279696745	2.2891027279696745	[241, 132, 19, 734, 1203, 174, 1086, 1096]	234202
46	0.10692894444759216	0.1853339533023438	2.2891027279696745	3.3947961570511813	[2689, 1549, 107, 734, 1203, 174, 1086, 1112]	239248
47	0.10907522574717565	0.18867396533782066	2.2891027279696745	4.123159583551415	[1820, 10, 162, 107, 836, 1089, 1086, 1112]	221981
48	0.11121634897631416	0.19301854456787926	2.2891027279696745	4.466281334811231	[3895, 1030, 1031, 132, 387, 344, 1086, 1112]	226224
49	0.11335232653118832	0.1973398589600308	2.2891027279696745	2.6565690702175355	[2872, 241, 19, 734, 1203, 174, 1086, 1112]	269885
50	0.11548317077818748	0.1995444308806118	2.2891027279696745	3.7866876418367674	[320, 232, 193, 1265, 255, 174, 1086, 1112]	222204
51	0.11760889405398145	0.20337314055433342	2.2891027279696745	3.143128394055177	[5420, 435, 422, 19, 241, 132, 393, 794]	221164
52	0.11972950866559184	0.20556114157209804	2.2891027279696745	3.6047683489585918	[107, 10, 734, 19, 1987, 334, 1086, 1112]	241855
53	0.12184502689046317	0.20881822508423864	2.2891027279696745	3.4973354227970503	[2872, 241, 1031, 132, 1713, 174, 1086, 1112]	252962
54	0.1239554609765342	0.21305493358322225	2.2891027279696745	4.2359838589833565	[1792, 496, 2729, 438, 254, 174, 1086, 1112]	278648
55	0.1260608231423087	0.21726895488253262	2.2891027279696745	3.8894387297533424	[1529, 2229, 734, 10, 158, 1115, 1086, 1112]	285022
56	0.12816112557692616	0.2209364785216711	2.2891027279696745	3.274646975122037	[3065, 1460, 19, 241, 132, 1108, 1086, 1112]	266571
57	0.13025638044023236	0.22338192065800788	2.2891027279696745	3.241929394235595	[1792, 232, 10, 734, 19, 334, 1086, 1112]	256566
58	0.1323465998628499	0.22813474488198116	2.2891027279696745	2.914415668484502	[10, 1820, 733, 734, 1203, 174, 1086, 1112]	285786
59	0.13443179594624832	0.23226801512417916	2.2891027279696745	4.530206718749544	[394, 193, 842, 157, 1010, 1105, 1086, 1096]	223806
60	0.13651198076281423	0.23586525995127328	2.2891027279696745	4.446253202656304	[457, 540, 19, 241, 217, 261, 1086, 1112]	276868
61	0.13858716635592117	0.23995713396831286	2.2891027279696745	4.055200475345514	[3136, 1468, 2307, 420, 158, 1115, 1086, 1112]	245568
62	0.14065736473999924	0.24351835106238062	2.2891027279696745	3.6946851958319593	[394, 432, 422, 19, 132, 1094, 1086, 1096]	231123
63	0.14272258790060488	0.24623213248793807	2.2891027279696745	4.455701788324696	[1820, 733, 734, 19, 132, 3279, 1086, 1112]	241400
64	0.14478284779449002	0.24893617856877692	2.2891027279696745	2.3298370738744723	[420, 158, 10, 734, 1203, 174, 1086, 1112]	261941
65	0.14683815634967146	0.2512937310216511	2.2891027279696745	2.7280134482226868	[3284, 2308, 651, 158, 10, 734, 19, 794]	302746
66	0.1488885254654998	0.25530298693930753	2.2891027279696745	3.7376017343437953	[1819, 1513, 1031, 132, 1713, 174, 1086, 1112]	269331
67	0.15093396701272854	0.2573483583741055	2.2891027279696745	2.8480848840704303	[119, 409, 19, 734, 1203, 174, 1086, 1112]	252014
68	0.15297449283358266	0.2608280880568591	2.2891027279696745	4.234118348549604	[1529, 2229, 734, 10, 232, 1023, 1086, 1112]	235287
69	0.15501011474182713	0.26429151330024114	2.2891027279696745	3.798082099515229	[1265, 193, 232, 10, 158, 1115, 1086, 1112]	278904
70	0.1570408445228355	0.2682311672422283	2.2891027279696745	3.659694296087099	[650, 651, 734, 19, 132, 1108, 1086, 1112]	235498
71	0.1590666939336579	0.2721497246854483	2.2891027279696745	3.3251850209116203	[4356, 669, 811, 734, 1203, 174, 1086, 1112]	269137
72	0.16108767470308916	0.27556010186049573	2.2891027279696745	3.3252758376036056	[3284, 813, 19, 734, 1203, 174, 1086, 1112]	217826
73	0.16310379853173695	0.278530199839384	2.2891027279696745	3.71402166193014	[1794, 1791, 420, 158, 1713, 174, 1086, 1112]	221101
74	0.16511507709208928	0.2814881208495177	2.2891027279696745	4.137695992435555	[2627, 301, 2728, 496, 3366, 150, 1086, 1112]	228795
75	0.1671215220285821	0.2844339148146937	2.2891027279696745	4.32757967778813	[837, 162, 107, 1546, 234, 174, 1086, 1112]	248706
76	0.1691231449576669	0.28700091687411167	2.2891027279696745	3.6329497174533794	[1265, 415, 10, 734, 19, 334, 1086, 1112]	259982
77	0.17111995746787756	0.2899241091792014	2.2891027279696745	3.7782718830721773	[331, 241, 132, 19, 1987, 334, 1086, 1112]	279442
78	0.17311197111989796	0.2924714158666165	2.2891027279696745	3.3284912497526102	[1549, 162, 10, 734, 19, 334, 1086, 1112]	297491
79	0.1750991974466285	0.29626016892022533	2.2891027279696745	3.4942091572790437	[669, 813, 3284, 734, 1203, 174, 1086, 1112]	265069
80	0.1770816479532532	0.2991453996416712	2.2891027279696745	4.098037366760252	[2627, 438, 2729, 496, 3366, 150, 1086, 1112]	237797
81	0.179059334117306	0.302497701620426	2.2891027279696745	3.698061643812804	[3895, 1030, 1032, 132, 19, 334, 1086, 1112]	284173
82	0.18103226738873734	0.3053573593670623	2.2891027279696745	2.509861580767745	[837, 162, 10, 734, 1203, 174, 1086, 1112]	276901
83	0.18300045918998054	0.30820529293379717	2.2891027279696745	3.713028837754819	[3131, 162, 10, 734, 19, 334, 1086, 1112]	263254
84	0.18496392091601777	0.31243900668476543	2.2891027279696745	4.181175313694724	[1791, 1792, 496, 1879, 836, 1089, 1086, 1112]	231590
85	0.18692266393444623	0.3149055440491775	2.2891027279696745	4.347339900741275	[119, 400, 19, 241, 217, 261, 1086, 1112]	236358
86	0.18887669958554376	0.31811558679363683	2.2891027279696745	2.6898516710746176	[157, 10, 734, 19, 132, 1108, 1086, 1112]	236866
87	0.19082603918233454	0.32091121348772267	2.2891027279696745	3.7806540016874184	[2636, 162, 107, 10, 158, 1115, 1086, 1112]	246464
88	0.1927706940106546	0.3236953785198885	2.2891027279696745	2.4742894978990977	[2654, 232, 10, 734, 1203, 174, 1086, 1112]	278648
89	0.19471067532921726	0.32612153508610375	2.2891027279696745	4.033552873038313	[3621, 1720, 241, 19, 1987, 334, 1086, 1112]	279372
90	0.19664599436967822	0.3285389881250965	2.2891027279696745	2.688783307633825	[107, 232, 10, 734, 1203, 174, 1086, 1112]	271585
91	0.19857666233670057	0.3326482617147567	2.2891027279696745	4.583637609183695	[1647, 1697, 241, 1126, 132, 1094, 1086, 1112]	288883
92	0.2005026904080197	0.3344811980076544	2.2891027279696745	3.552623624310219	[77, 19, 241, 132, 1713, 174, 1086, 1112]	334462
93	0.20242408973450798	0.33720972808142036	2.2891027279696745	4.608163505901457	[2627, 301, 4626, 438, 8, 174, 1086, 1112]	267615
94	0.20434087144023938	0.33929019419723616	2.2891027279696745	2.9030408740226537	[1819, 241, 19, 734, 1203, 174, 1086, 1112]	275304
95	0.20625304662255384	0.34110488787772475	2.2891027279696745	3.869037353273284	[734, 10, 162, 420, 158, 1115, 1086, 1112]	334313
96	0.20816062635212151	0.3434685900497195	2.2891027279696745	3.9996618679832086	[257, 320, 232, 10, 158, 1115, 1086, 1112]	264960
97	0.21006362167300685	0.34552940990517167	2.2891027279696745	3.948152502832948	[1792, 232, 10, 158, 1546, 234, 1086, 1112]	216201
98	0.21196204360273252	0.3478772396687453	2.2891027279696745	3.496779866217074	[359, 158, 10, 734, 19, 334, 1086, 1096]	221543
99	0.21385590313234326	0.3502166468925101	2.2891027279696745	3.088009290259338	[119, 409, 19, 241, 132, 1108, 1086, 1112]	230995
100	0.2157452112264695	0.35288066391964534	2.2891027279696745	2.6647873097920116	[1851, 159, 10, 734, 1203, 174, 1086, 1112]	239011
101	0.21762997882339075	0.3568409689114247	2.2891027279696745	4.082766126456637	[1579, 1580, 438, 80, 148, 1108, 1086, 1112]	231576
102	0.21951021683509908	0.35947782718392707	2.2891027279696745	4.064538409968963	[1580, 438, 496, 1879, 836, 1089, 1086, 1112]	283287
103	0.22138593614736213	0.3617756187796479	2.2891027279696745	4.008530522171472	[2051, 1849, 420, 158, 1546, 234, 1086, 1112]	239864
104	0.22325714761978632	0.3656814875458818	2.2891027279696745	3.1941925614291695	[841, 1820, 733, 734, 1203, 174, 1086, 1112]	335049
105	0.22512386208587953	0.36795702430133737	2.2891027279696745	3.8418597733362745	[1582, 420, 158, 19, 132, 1108, 1086, 1096]	280604
106	0.2269860903531139	0.37134155859138795	2.2891027279696745	4.016369240025831	[3082, 305, 3083, 19, 132, 1108, 1086, 1112]	279607
107	0.22884384320298856	0.3730682205703545	2.2891027279696745	2.8045139948008613	[377, 162, 107, 734, 1203, 174, 1086, 1112]	347686
108	0.23069713139109171	0.37600573932028514	2.2891027279696745	2.854546524084043	[331, 241, 19, 734, 1203, 174, 1086, 1112]	346748
109	0.23254596564716323	0.37934717345256186	2.2891027279696745	3.864682523158968	[1535, 496, 2729, 438, 2627, 261, 1086, 1112]	280469
110	0.23439035667515662	0.3818917595672334	2.2891027279696745	3.687647475626422	[300, 301, 1580, 438, 2627, 261, 1086, 1112]	314491
111	0.23623031515330084	0.3841091440394492	2.2891027279696745	2.951924974281768	[811, 734, 19, 241, 132, 1108, 1086, 1112]	310420
112	0.23806585173416261	0.38699493001594076	2.2891027279696745	2.668481012673639	[1742, 400, 19, 734, 1203, 174, 1086, 1112]	226315
113	0.23989697704470747	0.3898671945046208	2.2891027279696745	2.4266596924886588	[421, 438, 2627, 301, 10, 734, 19, 794]	233291
114	0.2417237016863618	0.39360114566405835	2.2891027279696745	3.9118878126394225	[1265, 193, 232, 1879, 836, 1089, 1086, 1112]	236608
115	0.24354603623507398	0.39608729257050124	2.2891027279696745	3.7513992540674366	[734, 19, 132, 1032, 1729, 1094, 1086, 1112]	249955
116	0.24536399124137553	0.3993211917594496	2.2891027279696745	3.648598669037632	[1792, 496, 2729, 301, 2627, 261, 1086, 1112]	274946
117	0.2471775772304423	0.40147605036681755	2.2891027279696745	3.8330025578237565	[420, 158, 10, 157, 1713, 174, 1086, 1112]	240006
118	0.24898680470215562	0.4042804628755111	2.2891027279696745	3.322020596299053	[1647, 1697, 241, 1031, 132, 1108, 1086, 1096]	297709
119	0.2507916841311627	0.40753694722568146	2.2891027279696745	3.8944721513292606	[2654, 232, 10, 301, 2627, 261, 1086, 1096]	283824
120	0.25259222596693753	0.41070953452559744	2.2891027279696745	4.00194333201028	[1586, 107, 162, 1192, 836, 1089, 1086, 1112]	273887
121	0.25438844063384136	0.4149169990259204	2.2891027279696745	3.1854485211640693	[2196, 2197, 4018, 241, 132, 1108, 1086, 1096]	276584
122	0.2561803385311828	0.41805006680051826	2.2891027279696745	3.9427048848895794	[1742, 400, 654, 493, 217, 261, 1086, 1112]	337732
123	0.25796793003327845	0.42123127999220633	2.2891027279696745	4.0172966021158025	[2050, 1849, 420, 158, 1713, 174, 1086, 1112]	279141
124	0.25975122548951257	0.42330753895269346	2.2891027279696745	3.8090600177359377	[77, 19, 132, 387, 344, 174, 1086, 1112]	315368
125	0.2615302352243972	0.425671893977031	2.2891027279696745	4.693259435903886	[650, 651, 734, 19, 1987, 334, 1086, 1112]	280331
126	0.26330496953763205	0.42773222280125234	2.2891027279696745	3.337596016745529	[107, 162, 10, 734, 19, 334, 1086, 1112]	231902
127	0.2650754387041637	0.4304136107618879	2.2891027279696745	3.9434298890409343	[77, 19, 734, 10, 158, 1115, 1086, 1112]	242761
128	0.2668416529742458	0.4327488319276782	2.2891027279696745	3.305329220207132	[2004, 19, 241, 217, 132, 1108, 1086, 1112]	280572
129	0.26860362257349746	0.43507447902710006	2.2891027279696745	2.571532045454477	[1879, 232, 10, 734, 1203, 174, 1086, 1096]	248129
130	0.2703613577029633	0.43772146449604854	2.2891027279696745	3.9961729706645084	[1468, 2307, 420, 158, 1713, 174, 1086, 1112]	282404
131	0.2721148685391722	0.44035604738835155	2.2891027279696745	3.689380341437854	[4356, 669, 813, 19, 132, 1108, 1086, 1112]	246453
132	0.273864165234196	0.4433528913066622	2.2891027279696745	3.1264053718353413	[2872, 241, 1126, 19, 132, 1108, 1086, 1096]	287795
133	0.27560925791570867	0.4456350633084115	2.2891027279696745	3.8925682047823784	[1579, 1580, 438, 10, 158, 1115, 1086, 1112]	268980
134	0.27735015668704466	0.4479078787376317	2.2891027279696745	4.137695992435555	[2627, 301, 2728, 496, 3366, 150, 1086, 1112]	273778
135	0.27908687162725754	0.4501713759549063	2.2891027279696745	4.080724151016154	[734, 2229, 1529, 156, 1713, 174, 1086, 1112]	278244
136	0.2808194127911783	0.4524725560220594	2.2891027279696745	3.982285179601025	[2405, 1742, 400, 19, 132, 1094, 1086, 1112]	330890
137	0.2825477902094734	0.4547173387278727	2.2891027279696745	3.8817231546354893	[1580, 301, 2729, 496, 217, 261, 1086, 1112]	241301
138	0.28427201388870327	0.4580544135531235	2.2891027279696745	3.4605310792614468	[1549, 107, 811, 734, 1203, 174, 1086, 1112]	314724
139	0.2859920938113798	0.4597555541355809	2.2891027279696745	4.178919403567307	[1791, 420, 162, 107, 1546, 234, 1086, 1112]	233173
140	0.28770803993602434	0.46197047761079035	2.2891027279696745	3.927022831296105	[1530, 156, 673, 670, 132, 1108, 1086, 1112]	246524
141	0.2894198621972255	0.46417632022262656	2.2891027279696745	3.384925770620283	[21, 422, 19, 241, 132, 1108, 1086, 1112]	241709
142	0.29112757050569615	0.46637311920130564	2.2891027279696745	4.432155485043132	[1849, 420, 107, 438, 2627, 261, 1086, 1096]	270161
143	0.29283117474833154	0.4685609116244053	2.2891027279696745	3.241929394235595	[1792, 232, 10, 734, 19, 334, 1086, 1112]	229555
144	0.29453068478826594	0.47046738156835466	2.2891027279696745	2.8859392283917114	[677, 132, 19, 734, 1203, 174, 1086, 1096]	248511
145	0.29622611046492986	0.47300022253661833	2.2891027279696745	3.901763286193434	[2796, 1791, 420, 158, 1713, 174, 1086, 1112]	233016
146	0.29791746159410726	0.474447670655872	2.2891027279696745	2.648165271475393	[1580, 301, 10, 734, 1203, 174, 1086, 1112]	248934
147	0.2996047479679923	0.4776639978420595	2.2891027279696745	3.7795198758070843	[2028, 331, 241, 217, 132, 1108, 1086, 1096]	287828
148	0.30128797935524576	0.48011142808957175	2.2891027279696745	3.3144036924357465	[432, 15, 422, 19, 132, 1108, 1086, 1112]	279143
149	0.30296716550105185	0.4825473907859451	2.2891027279696745	4.284447999213251	[87, 415, 10, 157, 1713, 174, 1086, 1112]	342666
150	0.30464231612717463	0.4849719396629373	2.2891027279696745	3.6490997296557035	[5187, 435, 422, 19, 132, 1108, 1086, 1112]	333313
151	0.3063134409320143	0.48708347963334253	2.2891027279696745	4.372423875058288	[2636, 162, 1549, 107, 420, 458, 1086, 1112]	230975
152	0.3079805495906631	0.4891863625976738	2.2891027279696745	2.8045139948008613	[377, 162, 107, 734, 1203, 174, 1086, 1112]	242442
153	0.30964365175496167	0.4912806240483939	2.2891027279696745	2.620774439524012	[1799, 1019, 10, 734, 1203, 174, 1086, 1112]	248252
154	0.3113027570535547	0.49310558992194475	2.2891027279696745	2.376330188143222	[107, 162, 10, 734, 1203, 174, 1086, 1112]	276817
155	0.31295787509194684	0.49581996470072887	2.2891027279696745	4.366946265772668	[677, 1033, 1030, 1032, 132, 1108, 1086, 1112]	245871
156	0.31460901545255804	0.4978870293498239	2.2891027279696745	2.8085470593567745	[432, 422, 19, 241, 132, 1108, 1086, 1112]	279708
157	0.3162561876947795	0.5005757999429408	2.2891027279696745	4.245674272383197	[377, 162, 481, 159, 1713, 174, 1086, 1112]	249796
158	0.31789940135502837	0.5029158758490807	2.2891027279696745	2.999987733221527	[3621, 1720, 241, 19, 132, 1108, 1086, 1112]	239229
159	0.3195386659468036	0.5059579804941576	2.2891027279696745	4.289326506766474	[1468, 2307, 420, 1879, 836, 1089, 1086, 1112]	291435
160	0.3211739909607406	0.5077302932235712	2.2891027279696745	3.12974941651448	[269, 132, 19, 734, 1203, 174, 1086, 1112]	359617
161	0.32280538586466645	0.509748527261922	2.2891027279696745	4.152623108369414	[2627, 438, 10, 161, 1713, 174, 1086, 1112]	330784
162	0.32443286010365446	0.5120456239167757	2.2891027279696745	3.5586006529477885	[2078, 434, 422, 19, 132, 1108, 1086, 1112]	266934
163	0.326056423100079	0.5146585764869839	2.2891027279696745	3.780809551450086	[2004, 19, 132, 387, 344, 174, 1086, 1112]	332891
164	0.3276760842536699	0.5169326668720406	2.2891027279696745	3.4876735118853137	[19, 241, 1031, 132, 1713, 174, 1086, 1112]	333840
165	0.3292918529415674	0.5195194497590232	2.2891027279696745	3.669671272035359	[421, 438, 496, 217, 132, 1108, 1086, 1112]	288866
166	0.3309037385183756	0.522092380652204	2.2891027279696745	3.3778428664368425	[4356, 669, 673, 670, 132, 1108, 1086, 1112]	286247
167	0.3325117503162174	0.5238068132790097	2.2891027279696745	3.9866418448627856	[157, 10, 734, 19, 387, 344, 1086, 1112]	276520
168	0.3341158976447879	0.526038039164312	2.2891027279696745	3.838063110756953	[811, 734, 19, 132, 387, 344, 1086, 1112]	254564
169	0.3357161897914087	0.5282588105343252	2.2891027279696745	3.8796258909709334	[195, 10, 232, 1192, 836, 1089, 1086, 1112]	279500
170	0.33731263602108175	0.5295544864087122	2.2891027279696745	2.2891027279696745	[241, 132, 19, 734, 1203, 174, 1086, 1112]	251893
171	0.33890524557654256	0.5320736805672899	2.2891027279696745	2.756815517589228	[1743, 1742, 400, 19, 132, 1108, 1086, 1112]	245850
172	0.34049402767831405	0.5349373423917979	2.2891027279696745	4.00112251034354	[3895, 1030, 1032, 1729, 1822, 1094, 1086, 1112]	320194
173	0.34207899152475973	0.5371164156521446	2.2891027279696745	4.170475871081645	[359, 158, 10, 415, 255, 174, 1086, 1112]	281156
174	0.34366014629213726	0.5387769514697189	2.2891027279696745	3.896541218297978	[241, 217, 132, 387, 344, 174, 1086, 1112]	250127
175	0.3452375011346511	0.5406678987350126	2.2891027279696745	2.5142959632800714	[160, 87, 1265, 415, 10, 734, 19, 794]	276276
176	0.3468110651845061	0.5425510933921668	2.2891027279696745	3.84525304366953	[1819, 241, 19, 132, 217, 261, 1086, 1112]	331975
177	0.34838084755195975	0.5450006918686768	2.2891027279696745	3.5200445668919675	[2764, 1511, 1031, 241, 132, 1108, 1086, 1112]	330636
178	0.34994685732537534	0.5471326128251439	2.2891027279696745	3.9830434001942727	[1579, 1580, 438, 1712, 132, 1108, 1086, 1112]	278287
179	0.35150910357127463	0.549608199854161	2.2891027279696745	3.586866730706431	[421, 438, 1580, 301, 2627, 261, 1086, 1096]	278945
180	0.3530675953343899	0.5517185321122371	2.2891027279696745	3.431611661040848	[781, 19, 241, 1031, 132, 1108, 1086, 1112]	271081
181	0.3546223416377169	0.5541190397643998	2.2891027279696745	3.1264053718353413	[2872, 241, 1126, 19, 132, 1108, 1086, 1112]	244438
182	0.35617335148256646	0.5555186382026394	2.2891027279696745	2.806069318184152	[1580, 301, 2729, 496, 3366, 793, 4290, 794]	242272
183	0.3577206338486171	0.5578987966224502	2.2891027279696745	4.1875486681399	[813, 669, 668, 670, 132, 1094, 1086, 1112]	232188
184	0.3592641976939669	0.5597113471100585	2.2891027279696745	4.149698304311393	[193, 232, 10, 158, 420, 458, 1086, 1112]	278172
185	0.36080405195518517	0.5617743405898636	2.2891027279696745	2.970867311564371	[1820, 733, 734, 19, 132, 1108, 1086, 1112]	249077
186	0.36234020554736446	0.5635710019121537	2.2891027279696745	3.0351562422061917	[420, 162, 107, 734, 1203, 174, 1086, 1112]	270728
187	0.3638726673641719	0.5659080406357752	2.2891027279696745	4.070850395588714	[300, 301, 2627, 438, 132, 1108, 1086, 1112]	285492
188	0.36540144627790083	0.5679419992125547	2.2891027279696745	3.669671272035359	[421, 438, 496, 217, 132, 1108, 1086, 1096]	246233
189	0.36692655113952244	0.5705861505488767	2.2891027279696745	3.21936644223897	[19, 1126, 241, 1031, 132, 1108, 1086, 1112]	272415
190	0.36844799077873636	0.572126617961608	2.2891027279696745	2.3672254211503034	[1549, 162, 10, 734, 1203, 174, 1086, 1112]	281455
191	0.3699657740040224	0.5736615591439842	2.2891027279696745	3.6171808789646906	[420, 162, 10, 734, 19, 334, 1086, 1112]	267148
192	0.3714799096026914	0.5756591882400401	2.2891027279696745	2.604369500782573	[10, 734, 19, 241, 132, 1108, 1086, 1112]	281039
193	0.3729904063409356	0.5773989237109948	2.2891027279696745	3.906081251685518	[837, 162, 420, 158, 1713, 174, 1086, 1112]	278272
194	0.37449727296388025	0.5789149511689831	2.2891027279696745	4.448771452463626	[87, 415, 10, 158, 1546, 234, 1086, 1112]	330121
195	0.3760005181956336	0.5802367164589799	2.2891027279696745	3.717754096558851	[837, 160, 107, 734, 1203, 174, 1086, 1112]	329466
196	0.3775001507393376	0.5817425636974483	2.2891027279696745	4.08369208185028	[1535, 496, 217, 132, 19, 334, 1086, 1112]	343510
197	0.3789961792772184	0.5834930831016163	2.2891027279696745	4.125476230411832	[1530, 156, 651, 734, 1203, 174, 1086, 1112]	267068
198	0.38048861247063637	0.5857234408407044	2.2891027279696745	3.0426603400095615	[734, 19, 241, 1720, 132, 1108, 1086, 1112]	293393
199	0.38197745896013646	0.5870238346159672	2.2891027279696745	2.648165271475393	[1580, 301, 10, 734, 1203, 174, 1086, 1112]	286887
200	0.383462727365498	0.5887169766934346	2.2891027279696745	3.2903281519845455	[3158, 3083, 19, 241, 132, 1108, 1086, 1112]	286587
201	0.38494442628578507	0.5912339872653962	2.2891027279696745	4.015906597842539	[2796, 1879, 496, 217, 132, 1108, 1086, 1096]	283893
202	0.3864225642993957	0.5934684953525023	2.2891027279696745	4.470492776925893	[1549, 162, 733, 734, 19, 334, 1086, 1096]	279304
203	0.38789714996411195	0.5956454356403749	2.2891027279696745	3.759617172412887	[846, 10, 232, 1879, 836, 1089, 1086, 1112]	273935
204	0.3893681918171492	0.5970960060641778	2.2891027279696745	3.8875662545060274	[734, 10, 261, 217, 132, 1108, 1086, 1112]	285361
205	0.3908356983752058	0.5992984695878794	2.2891027279696745	3.7525447935817695	[2405, 1743, 1742, 400, 19, 334, 1086, 1112]	285054
206	0.3922996781345123	0.6007359352183438	2.2891027279696745	3.384925770620283	[21, 422, 19, 241, 132, 1108, 1086, 1112]	328536
207	0.3937601395708803	0.6032302963061092	2.2891027279696745	3.992327667180838	[2405, 1742, 400, 654, 132, 1108, 1086, 1112]	282946
208	0.3952170911397521	0.6043200568448193	2.2891027279696745	3.3768251469595807	[1799, 232, 10, 734, 19, 334, 1086, 1112]	278558
209	0.39667054127624946	0.6059422869324635	2.2891027279696745	3.6490997296557035	[5187, 435, 422, 19, 132, 1108, 1086, 1112]	267859
210	0.3981204983952221	0.6070245987664502	2.2891027279696745	4.315188951790659	[107, 162, 10, 438, 3366, 150, 1086, 1112]	273787
211	0.3995669708912969	0.6091289473183048	2.2891027279696745	3.759935168794443	[2872, 241, 1209, 132, 1713, 174, 1086, 1096]	230277
212	0.401009967138926	0.6112656331019146	2.2891027279696745	3.678555123640563	[2298, 2297, 400, 19, 132, 1108, 1086, 1112]	252148
213	0.4024494954924358	0.6133472712896237	2.2891027279696745	3.960189989749913	[2238, 1549, 162, 2636, 836, 1089, 1086, 1112]	289558
214	0.403885564286075	0.6151589510888706	2.2891027279696745	4.134512496072333	[77, 19, 132, 1729, 1822, 1094, 1086, 1112]	284661
215	0.4053181818340631	0.6175141394475988	2.2891027279696745	3.102610714536892	[3621, 1720, 241, 1031, 132, 1108, 1086, 1112]	282697
216	0.4067473564306381	0.6198549142913945	2.2891027279696745	3.759935168794443	[2872, 241, 1209, 132, 1713, 174, 1086, 1112]	293659
217	0.4081730963501049	0.6214134537280642	2.2891027279696745	4.163550802912141	[2151, 158, 10, 438, 2627, 261, 1086, 1112]	268514
218	0.40959540984688314	0.6227715846737145	2.2891027279696745	3.652164874780085	[10, 734, 19, 241, 217, 261, 1086, 1112]	274840
219	0.4110143051555549	0.624791609507377	2.2891027279696745	4.430511958772342	[10, 232, 1792, 1791, 420, 458, 1086, 1112]	283861
220	0.41242979049091255	0.6259693702197213	2.2891027279696745	3.965859981917519	[1726, 132, 217, 241, 19, 334, 1086, 1112]	286604
221	0.4138418740480061	0.6275028412784049	2.2891027279696745	3.995962942203179	[432, 15, 1557, 734, 19, 334, 1086, 1112]	283040
222	0.4152505640021906	0.6286720915673609	2.2891027279696745	2.6647873097920116	[1851, 159, 10, 734, 1203, 174, 1086, 1112]	327917
223	0.4166558685091739	0.6306605197079533	2.2891027279696745	3.659694296087099	[3085, 651, 734, 19, 132, 1108, 1086, 1112]	332271
224	0.4180577957050633	0.6319854779838734	2.2891027279696745	4.240411942892852	[1580, 301, 2729, 438, 421, 261, 1086, 1112]	291338
225	0.419456353706413	0.6342376896971189	2.2891027279696745	4.1268228428956295	[10, 415, 87, 1265, 255, 174, 1086, 1112]	288882
226	0.420851550610271	0.6364761181021038	2.2891027279696745	3.6143159618419327	[1794, 1879, 496, 217, 132, 1108, 1086, 1112]	269300
227	0.4222433944942261	0.6377802136605704	2.2891027279696745	3.7815136499925073	[1549, 162, 107, 420, 158, 1115, 1086, 1112]	276200
228	0.42363189341645446	0.6389172037823111	2.2891027279696745	3.8358061046805236	[1792, 232, 10, 161, 1713, 174, 1086, 1096]	297303
229	0.4250170554157664	0.6403975906108275	2.2891027279696745	3.5855437059673783	[837, 160, 331, 241, 132, 1108, 1086, 1112]	292761
230	0.42639888851165286	0.6416876183868568	2.2891027279696745	3.0904940128386453	[420, 158, 1557, 734, 1203, 174, 1086, 1112]	281826
231	0.4277774007043319	0.643366508138272	2.2891027279696745	3.8817231546354893	[1580, 301, 2729, 496, 217, 261, 1086, 1112]	276634
232	0.42915259997479493	0.6444859631559742	2.2891027279696745	2.54041715625058	[1715, 132, 19, 734, 1203, 174, 1086, 1112]	241726
233	0.43052449428485307	0.6463897094114608	2.2891027279696745	3.373023600476821	[669, 813, 19, 734, 1203, 174, 1086, 1112]	263738
234	0.43189309157718303	0.6485537686828846	2.2891027279696745	3.7720964097197704	[1551, 1879, 496, 217, 132, 1108, 1086, 1112]	285497
235	0.4332583997753733	0.6498145372104094	2.2891027279696745	4.197642801966721	[107, 232, 1792, 496, 217, 261, 1086, 1112]	283425
236	0.4346204267839697	0.6512502465604031	2.2891027279696745	3.7728659401972795	[3065, 1460, 19, 132, 1713, 174, 1086, 1112]	274554
237	0.4359791804885218	0.6534290246951777	2.2891027279696745	3.7805068727412223	[2196, 2197, 241, 132, 1713, 174, 1086, 1112]	271668
238	0.43733466875562776	0.6552848816462953	2.2891027279696745	3.036539522001304	[2627, 261, 217, 241, 132, 1108, 1086, 1112]	334178
239	0.43868689943298045	0.6565215031646241	2.2891027279696745	3.4905076372577577	[10, 734, 19, 132, 387, 344, 1086, 1112]	282302
240	0.44003588034941277	0.6577536884609883	2.2891027279696745	4.175916978571247	[1799, 1019, 10, 161, 1713, 174, 1086, 1112]	281962
241	0.4413816193149427	0.659357299874905	2.2891027279696745	4.3941283799989845	[2872, 241, 1031, 227, 165, 261, 1086, 1096]	295854
242	0.44272412412081874	0.660953397491068	2.2891027279696745	2.756815517589228	[1743, 1742, 400, 19, 132, 1108, 1086, 1112]	292891
243	0.4440634025395652	0.6623434391376516	2.2891027279696745	4.397353626493374	[2040, 438, 2729, 496, 3366, 150, 1086, 1112]	285055
244	0.4453994623250269	0.6635547389813063	2.2891027279696745	2.5664221723022065	[1580, 438, 10, 734, 1203, 174, 1086, 1112]	281137
245	0.4467323112124141	0.6653563736270898	2.2891027279696745	4.194916822295399	[2796, 1791, 420, 1879, 836, 1089, 1086, 1112]	279550
246	0.4480619569183474	0.6669243622971003	2.2891027279696745	3.2903281519845455	[3158, 3083, 19, 241, 132, 1108, 1086, 1112]	275599
247	0.44938840714090234	0.668119228663222	2.2891027279696745	3.572983607464278	[158, 10, 734, 19, 1987, 334, 1086, 1112]	269859
248	0.450711669559654	0.6696742718442044	2.2891027279696745	3.3144036924357465	[432, 15, 422, 19, 132, 1108, 1086, 1112]	335653
249	0.4520317518357214	0.6708592732605796	2.2891027279696745	3.396490005859392	[1265, 193, 232, 320, 836, 1089, 1086, 1112]	284937
250	0.453348661611812	0.6717632852663947	2.2891027279696745	3.9007689182085175	[1549, 162, 107, 420, 1822, 1094, 1086, 1112]	290354
251	0.45466240651226575	0.6731090079488848	2.2891027279696745	3.668792192773367	[1792, 232, 10, 438, 2627, 261, 1086, 1112]	293898
252	0.45597299414309944	0.6748594803285244	2.2891027279696745	3.564880799384948	[421, 438, 2627, 261, 132, 1108, 1086, 1096]	286230
253	0.4572804320920506	0.6768493074767659	2.2891027279696745	3.9869274015959357	[2051, 1849, 420, 1879, 836, 1089, 1086, 1112]	331819
254	0.45858472792862137	0.6781741782095961	2.2891027279696745	4.052915936932091	[1851, 159, 10, 438, 2627, 261, 1086, 1112]	290795
255	0.45988588920412254	0.6794936171655517	2.2891027279696745	4.207437659070212	[193, 232, 10, 107, 1546, 234, 1086, 1112]	287017
256	0.461183923451717	0.6809953651067793	2.2891027279696745	3.69377386549397	[2051, 1849, 420, 158, 1713, 174, 1086, 1112]	245038
257	0.4624788381864636	0.6827036067406456	2.2891027279696745	4.25775250589519	[2654, 232, 1792, 496, 3366, 150, 1086, 1112]	282609
258	0.4637706409053606	0.6835750873129521	2.2891027279696745	2.746466612994111	[1549, 162, 107, 734, 1203, 174, 1086, 1112]	272400
259	0.46505933908738883	0.6847102213268964	2.2891027279696745	3.5061498209271322	[332, 165, 261, 217, 132, 1108, 1086, 1112]	287500
260	0.46634494019355544	0.6858412831923532	2.2891027279696745	3.398457828658792	[457, 540, 19, 241, 132, 1108, 1086, 1112]	288491
261	0.46762745166693676	0.6867041458788976	2.2891027279696745	3.89951384233777	[320, 232, 10, 158, 1546, 234, 1086, 1112]	246870
262	0.46890688093272137	0.6883818174961345	2.2891027279696745	4.003864454395311	[3819, 438, 2729, 496, 217, 261, 1086, 1112]	268431
263	0.47018323539825324	0.6894997079786498	2.2891027279696745	3.341775419258357	[359, 158, 651, 734, 1203, 174, 1086, 1112]	293843
264	0.4714565224530747	0.6909545719041976	2.2891027279696745	3.396490005859392	[1265, 193, 232, 320, 836, 1089, 1086, 1112]	278077
265	0.47272674946896887	0.6926094828656197	2.2891027279696745	4.312745157226495	[394, 432, 422, 19, 3308, 334, 1086, 1112]	280971
266	0.4739939238000027	0.6938697391767574	2.2891027279696745	2.9305764039857216	[3284, 2308, 651, 734, 1203, 174, 1086, 1112]	339530
267	0.4752580527825695	0.6953041271127265	2.2891027279696745	3.5061498209271322	[332, 165, 261, 217, 132, 1108, 1086, 1112]	284175
268	0.47651914373543125	0.6965533357752562	2.2891027279696745	3.8068801775335404	[3160, 21, 422, 19, 132, 1108, 1086, 1112]	348055
269	0.477777203959761	0.6976419119782309	2.2891027279696745	3.5329054504552238	[734, 19, 132, 387, 344, 174, 1086, 1112]	337214
270	0.47903224073918504	0.698881536063597	2.2891027279696745	3.7579222088325173	[734, 19, 241, 1729, 1822, 1094, 1086, 1112]	330636
271	0.4802842613398256	0.6999617601450016	2.2891027279696745	3.7759768201861528	[1647, 1697, 241, 132, 19, 334, 1086, 1112]	281001
272	0.4815332730103422	0.7017979638755526	2.2891027279696745	3.0150729935709144	[813, 3284, 811, 734, 1203, 174, 1086, 1112]	274507
273	0.48277928298197414	0.7033948094310474	2.2891027279696745	3.8828739676683135	[87, 415, 733, 734, 19, 334, 1086, 1112]	287852
274	0.48402229846858214	0.7046108474754718	2.2891027279696745	3.903681675987995	[2636, 162, 10, 301, 2627, 261, 1086, 1112]	279779
275	0.48526232666669	0.7061926302878242	2.2891027279696745	3.564880799384948	[421, 438, 2627, 261, 132, 1108, 1086, 1112]	279754
276	0.4864993747555266	0.7072466267512367	2.2891027279696745	3.775393865989355	[161, 10, 734, 19, 1987, 334, 1086, 1096]	276625
277	0.48773344989706724	0.7088142951984545	2.2891027279696745	3.8630924787723595	[2627, 301, 2729, 496, 217, 261, 1086, 1112]	280549
278	0.48896455923607496	0.7101786597045009	2.2891027279696745	3.7530974312727032	[10, 107, 162, 1192, 836, 1089, 1086, 1112]	288850
279	0.4901927099001423	0.7113668849517036	2.2891027279696745	3.8395610317992572	[377, 162, 107, 420, 158, 1115, 1086, 1112]	285345
280	0.49141790899973226	0.7127192891767321	2.2891027279696745	3.398457828658792	[457, 540, 19, 241, 132, 1108, 1086, 1112]	287927
281	0.4926401636282195	0.7138970982134529	2.2891027279696745	4.278940907546869	[238, 10, 232, 1879, 836, 1089, 1086, 1112]	336245
282	0.49385948086193154	0.7152376470035815	2.2891027279696745	2.9305764039857216	[3284, 2308, 651, 734, 1203, 174, 1086, 1096]	331031
283	0.49507586776018964	0.7164294537265017	2.2891027279696745	4.331933536119897	[2196, 2197, 241, 19, 1987, 334, 1086, 1112]	275652
284	0.4962893313653497	0.7177581370441097	2.2891027279696745	3.733007363611267	[158, 733, 734, 19, 132, 1108, 1086, 1112]	241045
285	0.49749987870284296	0.7192695172824646	2.2891027279696745	3.640730720597082	[3869, 438, 1580, 301, 2627, 261, 1086, 1096]	268737
286	0.4987075167812167	0.720584893346843	2.2891027279696745	3.4218725207789413	[2534, 494, 2229, 734, 1203, 174, 1086, 1112]	290518
287	0.499912252592175	0.7218941061539433	2.2891027279696745	2.951924974281768	[811, 734, 19, 241, 132, 1108, 1086, 1112]	289407
288	0.5011140931106188	0.723383338643153	2.2891027279696745	3.367189747680925	[813, 669, 811, 3459, 1203, 174, 1086, 1112]	279391
289	0.5023130452946867	0.7243756656330331	2.2891027279696745	4.58625199584575	[1580, 438, 2729, 1676, 970, 261, 1086, 1112]	277911
290	0.5035091160857952	0.7260624587272729	2.2891027279696745	4.437764698683634	[2627, 301, 1580, 1579, 158, 1115, 1086, 1112]	245292
291	0.5047023124086787	0.7271855627139049	2.2891027279696745	3.6442950146436752	[394, 193, 1265, 734, 1203, 174, 1086, 1112]	267499
292	0.5058926411714294	0.728646459920768	2.2891027279696745	3.3331971760863874	[317, 324, 668, 670, 132, 1108, 1086, 1112]	269867
293	0.5070801092655379	0.7299178998732425	2.2891027279696745	3.701452582753097	[320, 10, 734, 19, 132, 1108, 1086, 1096]	276784
294	0.5082647235659328	0.7307656743225801	2.2891027279696745	3.3947961570511813	[2636, 1549, 107, 734, 1203, 174, 1086, 1112]	277418
295	0.5094464909310201	0.7324133612088923	2.2891027279696745	3.4005560863209308	[318, 158, 1557, 734, 1203, 174, 1086, 1112]	323404
296	0.5106254182027237	0.7336671511657435	2.2891027279696745	4.160785111597222	[3065, 1460, 19, 132, 387, 344, 1086, 1112]	329666
297	0.5118015122065243	0.7346225862899098	2.2891027279696745	4.316832251301294	[19, 734, 10, 438, 970, 261, 1086, 1096]	289484
298	0.5129747797514992	0.7358660248172895	2.2891027279696745	3.396490005859392	[1265, 193, 232, 320, 836, 1089, 1086, 1112]	280018
299	0.5141452276303617	0.7369489356120437	2.2891027279696745	2.8154115301407607	[1529, 2229, 734, 19, 132, 1108, 1086, 1096]	281671
300	0.5153128626195008	0.7381814739187345	2.2891027279696745	3.014048091234649	[2357, 438, 10, 734, 1203, 174, 1086, 1112]	286936
301	0.5164776914790197	0.7395834889926509	2.2891027279696745	3.703792137954796	[1879, 496, 2729, 438, 2627, 261, 1086, 1112]	288422
302	0.5176397209527754	0.7409779963997231	2.2891027279696745	2.950952908405667	[1819, 1513, 1031, 241, 132, 1108, 1086, 1112]	277809
303	0.5187989577684178	0.7420399488561746	2.2891027279696745	4.141778435098758	[2654, 232, 10, 158, 1546, 234, 1086, 1112]	285184
304	0.5199554086374283	0.7436186383207987	2.2891027279696745	3.3778428664368425	[4356, 669, 673, 670, 132, 1108, 1086, 1112]	248038
305	0.521109080255159	0.7445383737541185	2.2891027279696745	3.7866876418367674	[320, 232, 193, 1265, 255, 174, 1086, 1096]	258840
306	0.5222599793008715	0.7459063481910869	2.2891027279696745	3.0413108580542865	[3284, 811, 734, 19, 132, 1108, 1086, 1112]	294286
307	0.5234081124377751	0.7472669972458142	2.2891027279696745	3.0346971136008722	[432, 15, 1557, 734, 1203, 174, 1086, 1112]	293480
308	0.5245534863130658	0.7488136977021123	2.2891027279696745	3.6070400564540552	[1791, 1792, 496, 217, 132, 1108, 1086, 1112]	276795
309	0.5256961075579647	0.75015877815709	2.2891027279696745	4.202252048422387	[2627, 261, 217, 132, 1729, 1094, 1086, 1112]	274387
310	0.5268359827877562	0.7516877812062183	2.2891027279696745	3.663848643256939	[1792, 496, 1512, 1031, 132, 1108, 1086, 1112]	321168
311	0.5279731186018268	0.7530174711979741	2.2891027279696745	4.750579339021533	[3869, 438, 2729, 1676, 2627, 261, 1086, 1096]	333746
312	0.5291075215837026	0.7540300635627784	2.2891027279696745	4.26449642907914	[2627, 301, 10, 415, 255, 174, 1086, 1112]	330951
313	0.5302391983010879	0.7553472108394695	2.2891027279696745	3.619048318501573	[2028, 331, 241, 1031, 132, 1108, 1086, 1112]	337567
314	0.5313681553059033	0.7564935431501968	2.2891027279696745	4.867687875863153	[2636, 162, 420, 1822, 2347, 1094, 1086, 1112]	333826
315	0.5324943991343231	0.7577974987113607	2.2891027279696745	3.564880799384948	[421, 438, 2627, 261, 132, 1108, 1086, 1112]	337578
316	0.5336179363068136	0.759094471705707	2.2891027279696745	4.179191964640464	[4349, 158, 651, 19, 132, 1108, 1086, 1112]	340537
317	0.534738773328171	0.7603844995242639	2.2891027279696745	2.970867311564371	[1820, 733, 734, 19, 132, 1108, 1086, 1112]	339818
318	0.5358569166875584	0.7618509221912013	2.2891027279696745	3.9880173411709174	[1019, 1799, 232, 1879, 836, 1089, 1086, 1112]	268472
319	0.536972372858544	0.7631261894609576	2.2891027279696745	2.568622653167867	[432, 422, 19, 734, 1203, 174, 1086, 1112]	276714
320	0.5380851482991382	0.7640973375544576	2.2891027279696745	4.125333620483679	[2636, 162, 107, 10, 232, 1023, 1086, 1112]	278105
321	0.5391952494518312	0.7652026707291817	2.2891027279696745	3.513427369604438	[781, 784, 19, 241, 132, 1108, 1086, 1096]	281713
322	0.5403026827436301	0.766165305552176	2.2891027279696745	3.283227601360106	[2751, 400, 19, 734, 1203, 174, 1086, 1112]	242167
323	0.5414074545860965	0.767123993712722	2.2891027279696745	3.897787251400037	[2636, 162, 107, 420, 158, 1115, 1086, 1112]	247528
324	0.5425095713753831	0.7678549800605824	2.2891027279696745	3.2788560961586866	[2534, 494, 10, 734, 1203, 174, 1086, 1112]	286553
325	0.5436090394922712	0.768687770709281	2.2891027279696745	3.2564349534009795	[158, 10, 232, 320, 836, 1089, 1086, 1112]	274123
326	0.5447058653022072	0.7699264272592996	2.2891027279696745	3.2510333317360303	[1792, 496, 217, 241, 132, 1108, 1086, 1112]	335306
327	0.5458000551553399	0.7711584509129358	2.2891027279696745	4.208357398629871	[394, 193, 1872, 843, 3094, 174, 1086, 1112]	297081
328	0.5468916153865568	0.7723838771887634	2.2891027279696745	3.4520103133501188	[160, 2229, 734, 19, 132, 1108, 1086, 1096]	340378
329	0.5479805523155213	0.7736027414151578	2.2891027279696745	4.277194658864928	[421, 438, 3366, 1715, 132, 1108, 1086, 1112]	349877
330	0.5490668722467089	0.7745309371728399	2.2891027279696745	2.9030408740226537	[1819, 241, 19, 734, 1203, 174, 1086, 1112]	338063
331	0.5501505814694436	0.7753397786769233	2.2891027279696745	4.102926718762209	[19, 734, 10, 232, 193, 1115, 1086, 1096]	359708
332	0.5512316862579348	0.7763924348576332	2.2891027279696745	3.057077720340219	[813, 3284, 811, 3459, 1203, 174, 1086, 1112]	288594
333	0.5523101928713134	0.777440158767609	2.2891027279696745	3.2793418194262447	[2764, 400, 19, 241, 132, 1108, 1086, 1112]	285388
334	0.5533861075536677	0.7783526216735362	2.2891027279696745	4.4712832215217055	[2309, 420, 107, 10, 232, 1023, 1086, 1112]	254760
335	0.5544594365340798	0.7795395238005893	2.2891027279696745	3.1448576629016216	[2004, 19, 241, 1031, 132, 1108, 1086, 1096]	285102
336	0.5555301860266624	0.7808887196531982	2.2891027279696745	3.42458594698455	[241, 2680, 1513, 1031, 132, 1108, 1086, 1112]	267488
337	0.556598362230593	0.7822296585634285	2.2891027279696745	3.7731244218086903	[394, 193, 232, 1192, 836, 1089, 1086, 1112]	259371
338	0.5576639713301517	0.7833957995004959	2.2891027279696745	3.2440727575381176	[195, 3284, 811, 3459, 1203, 174, 1086, 1096]	284449
339	0.558727019494756	0.7844107088114578	2.2891027279696745	4.097559751985268	[2627, 261, 217, 241, 1729, 1094, 1086, 1112]	282749
340	0.5597875128789963	0.7857300935036843	2.2891027279696745	4.3414857398393005	[2872, 241, 1031, 1513, 254, 174, 1086, 1112]	280476
341	0.5608454576226725	0.7870414036948236	2.2891027279696745	3.7731244218086903	[394, 193, 232, 1192, 836, 1089, 1086, 1112]	336756
342	0.5619008598508284	0.7879145028961476	2.2891027279696745	3.7538264238509518	[1849, 420, 158, 19, 132, 1108, 1086, 1112]	333643
343	0.5629537256737882	0.7889082396068591	2.2891027279696745	4.2031982140557025	[394, 193, 232, 10, 158, 1089, 1086, 1112]	273577
344	0.5640040611871913	0.7900386173325319	2.2891027279696745	3.7923754560770835	[1580, 438, 2729, 496, 217, 261, 1086, 1112]	348265
345	0.5650518724720273	0.7911629419853594	2.2891027279696745	3.69328878814052	[1579, 1580, 438, 1779, 132, 1108, 1086, 1112]	341224
346	0.5660971655946722	0.7920191434804996	2.2891027279696745	3.6545861275650307	[811, 3284, 813, 19, 132, 1108, 1086, 1112]	343039
347	0.5671399466069225	0.7929936477020092	2.2891027279696745	3.7513992540674366	[734, 19, 132, 1032, 1729, 1094, 1086, 1112]	333252
348	0.568180221546031	0.793643430476382	2.2891027279696745	3.0566003287318484	[1265, 159, 10, 734, 1203, 174, 1086, 1112]	275591
349	0.569217996434741	0.7949063118443239	2.2891027279696745	4.306645722317949	[195, 10, 415, 1265, 255, 174, 1086, 1096]	296897
350	0.5702532772813219	0.7955500908598796	2.2891027279696745	4.008530522171472	[2051, 1849, 420, 158, 1546, 234, 1086, 1112]	250728
351	0.5712860700796036	0.7963883056841603	2.2891027279696745	3.7538264238509518	[1849, 420, 158, 19, 132, 1108, 1086, 1112]	289205
352	0.5723163808090113	0.7973622136607985	2.2891027279696745	3.4359437769698413	[2078, 436, 422, 19, 132, 1108, 1086, 1112]	246808
353	0.5733442154346	0.798089150872634	2.2891027279696745	2.9205297895886497	[3284, 195, 10, 734, 1203, 174, 1086, 1112]	269484
354	0.5743695799070891	0.7987229391127799	2.2891027279696745	3.8489766699575467	[1529, 2229, 734, 19, 1987, 334, 1086, 1112]	284017
355	0.5753924801628971	0.7994449948956183	2.2891027279696745	3.755354048290383	[1549, 162, 10, 438, 2627, 261, 1086, 1112]	286712
356	0.5764129221241756	0.8006723712751469	2.2891027279696745	4.058352945594205	[19, 734, 733, 415, 255, 174, 1086, 1112]	290647
357	0.5774309116988436	0.801489585496413	2.2891027279696745	4.301759614472279	[669, 673, 1032, 132, 19, 334, 1086, 1112]	280092
358	0.5784464547806221	0.8023034492584996	2.2891027279696745	2.5974805693221787	[2627, 438, 10, 734, 1203, 174, 1086, 1112]	340032
359	0.5794595572490676	0.8029240090229643	2.2891027279696745	3.5108348228147426	[432, 422, 19, 132, 217, 261, 1086, 1112]	282670
360	0.580470224969607	0.8039793335417919	2.2891027279696745	2.950952908405667	[1819, 1513, 1031, 241, 132, 1108, 1086, 1112]	283455
361	0.5814784637935708	0.8053788980074897	2.2891027279696745	3.5466981557212787	[2196, 2197, 241, 1720, 132, 1108, 1086, 1112]	337931
362	0.582484279558227	0.8062908044620569	2.2891027279696745	3.1475053953643712	[734, 10, 232, 320, 836, 1089, 1086, 1096]	281525
363	0.5834876780868156	0.8069857114932437	2.2891027279696745	4.036905196230555	[1265, 808, 331, 241, 19, 334, 1086, 1112]	247861
364	0.5844886651885814	0.8080192859542188	2.2891027279696745	3.699423028143288	[4015, 241, 1729, 1032, 132, 1108, 1086, 1112]	289977
365	0.5854872466588084	0.8089188207451454	2.2891027279696745	3.3036751225217778	[669, 811, 734, 19, 132, 1108, 1086, 1112]	275047
366	0.5864834282788529	0.8096043001031229	2.2891027279696745	4.2754589583898595	[734, 10, 107, 162, 420, 458, 1086, 1112]	281060
367	0.5874772158161772	0.8106238522534601	2.2891027279696745	2.5272028798793675	[846, 10, 734, 19, 132, 1108, 1086, 1112]	340281
368	0.5884686150243825	0.8114002668533685	2.2891027279696745	4.098037366760252	[2627, 438, 2729, 496, 3366, 150, 1086, 1112]	267107
369	0.5894576316432434	0.8125544781757391	2.2891027279696745	3.4982038057826674	[160, 331, 241, 1720, 132, 1108, 1086, 1112]	261524
370	0.5904442713987395	0.8134327631072356	2.2891027279696745	3.650049136236132	[1549, 232, 10, 734, 19, 334, 1086, 1112]	278646
371	0.5914285400030896	0.8141976615821056	2.2891027279696745	3.7516256909488623	[1879, 496, 3366, 3459, 1203, 174, 1086, 1112]	288508
372	0.5924104431547851	0.8151926166875743	2.2891027279696745	3.0179133925676274	[1555, 2229, 734, 19, 132, 1108, 1086, 1096]	299796
373	0.5933899865386218	0.8160585404952647	2.2891027279696745	3.8871132425226316	[1873, 10, 158, 420, 1822, 1094, 1086, 1112]	346007
374	0.5943671758257337	0.8167184070193171	2.2891027279696745	3.8918422325880284	[3284, 2308, 651, 734, 19, 334, 1086, 1112]	295644
375	0.5953420166736256	0.8174698348331044	2.2891027279696745	2.3963279564293862	[193, 232, 10, 734, 1203, 174, 1086, 1112]	287291
376	0.596314514726206	0.8182181819023929	2.2891027279696745	3.198256428005487	[1078, 334, 19, 734, 1203, 174, 1086, 1112]	268325
377	0.5972846756138193	0.8189634608577858	2.2891027279696745	3.6182528610598323	[432, 422, 19, 241, 132, 1094, 1086, 1096]	249329
378	0.5982525049532789	0.8199328955292203	2.2891027279696745	3.8736451591473093	[1580, 301, 2729, 438, 132, 1108, 1086, 1112]	280520
379	0.5992180083478995	0.820498117327573	2.2891027279696745	3.9455046240604963	[257, 320, 232, 734, 1203, 174, 1086, 1112]	257110
380	0.6001811913875297	0.8209911339730968	2.2891027279696745	2.376330188143222	[107, 162, 10, 734, 1203, 174, 1086, 1112]	290730
381	0.6011420596485841	0.8217250442292201	2.2891027279696745	2.9317059962550385	[669, 668, 670, 132, 1031, 241, 19, 794]	249300
382	0.6021006186940759	0.8225603600361427	2.2891027279696745	3.9893394753980225	[1792, 1791, 420, 158, 1713, 174, 1086, 1112]	321013
383	0.6030568740736487	0.8232878366941578	2.2891027279696745	4.334396444932426	[734, 10, 107, 420, 158, 1089, 1086, 1112]	264438
384	0.604010831323609	0.8239217690402008	2.2891027279696745	4.008530522171472	[2051, 1849, 420, 158, 1546, 234, 1086, 1112]	278889
385	0.6049624959669582	0.824864652409415	2.2891027279696745	2.8120095126531117	[1265, 415, 733, 734, 1203, 174, 1086, 1112]	267607
386	0.6059118735134243	0.8255826818046023	2.2891027279696745	3.581089186935536	[4709, 162, 107, 734, 1203, 174, 1086, 1112]	278573
387	0.6068589694594942	0.8265166711327148	2.2891027279696745	4.375865527953877	[1580, 1579, 4018, 241, 217, 261, 1086, 1112]	269867
388	0.6078037892884451	0.8272279274919556	2.2891027279696745	2.568622653167867	[432, 422, 19, 734, 1203, 174, 1086, 1096]	239949
389	0.6087463384703768	0.8277702505432155	2.2891027279696745	2.6647873097920116	[1851, 159, 10, 734, 1203, 174, 1086, 1096]	290702
390	0.6096866224622426	0.8287117396984093	2.2891027279696745	3.5586006529477885	[2078, 434, 422, 19, 132, 1108, 1086, 1112]	347899
391	0.6106246467078815	0.8294139965965117	2.2891027279696745	3.7008462190634503	[1792, 232, 10, 301, 2627, 261, 1086, 1112]	282575
392	0.6115604166380499	0.8306319605644071	2.2891027279696745	3.5466981557212787	[2196, 2197, 241, 1720, 132, 1108, 1086, 1112]	288409
393	0.612493937670452	0.8313263448368744	2.2891027279696745	3.4644322952363042	[1847, 420, 107, 734, 1203, 174, 1086, 1112]	257057
394	0.6134252152097724	0.8318558031573502	2.2891027279696745	3.248810350825159	[1792, 232, 107, 734, 1203, 174, 1086, 1112]	290206
395	0.6143542546477068	0.8327562004748869	2.2891027279696745	3.3778428664368425	[813, 669, 673, 670, 132, 1108, 1086, 1112]	295151
396	0.6152810613629928	0.8335398292731615	2.2891027279696745	3.406624383937788	[1742, 400, 19, 132, 1713, 174, 1086, 1112]	265731
397	0.616205640721442	0.834728335281802	2.2891027279696745	3.4009913776184764	[2196, 2197, 241, 1031, 132, 1108, 1086, 1112]	284828
398	0.6171279980759704	0.8355027235483908	2.2891027279696745	4.073888829451198	[2149, 420, 162, 1192, 836, 1089, 1086, 1112]	288951
399	0.6180481387666295	0.8362734833818272	2.2891027279696745	4.255029536662134	[158, 420, 1879, 496, 217, 261, 1086, 1112]	336108
400	0.6189660681206373	0.837168489850221	2.2891027279696745	3.982266876134421	[2627, 301, 10, 158, 1713, 174, 1086, 1112]	333329
401	0.6198817914524092	0.8380404381999254	2.2891027279696745	3.9515234634001457	[2627, 438, 2729, 1676, 132, 1108, 1086, 1112]	337383
402	0.6207953140635885	0.83870444879404	2.2891027279696745	3.290564441004423	[2004, 19, 241, 1720, 132, 1108, 1086, 1112]	335290
403	0.6217066412430774	0.8394602067911525	2.2891027279696745	3.288219694895293	[107, 10, 232, 320, 836, 1089, 1086, 1112]	292185
404	0.6226157782670674	0.8401183965410065	2.2891027279696745	3.2793418194262447	[2764, 400, 19, 241, 132, 1108, 1086, 1112]	309455
405	0.6235227303990702	0.8408675294185216	2.2891027279696745	4.118424381137883	[1549, 107, 160, 320, 836, 1089, 1086, 1112]	279426
406	0.6244275028899477	0.8413045998028091	2.2891027279696745	3.472306600475574	[1580, 438, 107, 734, 1203, 174, 1086, 1112]	244102
407	0.6253301009779426	0.8419552278101773	2.2891027279696745	4.736200190127979	[1535, 496, 3366, 438, 970, 261, 1086, 1112]	282500
408	0.6262305298887088	0.8426031883375591	2.2891027279696745	4.108965961063988	[2264, 232, 10, 301, 2627, 261, 1086, 1112]	297319
409	0.6271287948353417	0.8435664409312654	2.2891027279696745	3.8714701692668365	[421, 438, 2040, 545, 132, 1108, 1086, 1112]	289231
410	0.6280249010184079	0.8441276263711643	2.2891027279696745	3.701536091421799	[1647, 1697, 241, 132, 1713, 174, 1086, 1112]	293838
411	0.6289188536259762	0.8447666803811222	2.2891027279696745	4.283857387823555	[1792, 232, 107, 420, 158, 1115, 1086, 1096]	252496
412	0.629810657833647	0.8455979410918797	2.2891027279696745	2.9305764039857216	[3284, 2308, 651, 734, 1203, 174, 1086, 1112]	300362
413	0.6307003188045821	0.8464247504749778	2.2891027279696745	3.686312996656473	[3869, 438, 2729, 301, 2627, 261, 1086, 1112]	336367
414	0.6315878416895351	0.8471443346303948	2.2891027279696745	4.229942496639676	[193, 842, 157, 10, 158, 1115, 1086, 1096]	269874
415	0.6324732316268808	0.8476926848330123	2.2891027279696745	4.156326668298686	[1580, 301, 2729, 496, 3366, 150, 1086, 1112]	270088
416	0.6333564937426458	0.8483171226229644	2.2891027279696745	4.417423871866009	[5869, 317, 321, 1398, 132, 1108, 1086, 1112]	332807
417	0.6342376331505366	0.8488612655982487	2.2891027279696745	3.790380657406014	[1743, 1742, 400, 19, 1987, 334, 1086, 1112]	335160
418	0.6351166549519708	0.8494809123774104	2.2891027279696745	3.1450013644313755	[21, 422, 19, 734, 1203, 174, 1086, 1112]	292764
419	0.6359935642361056	0.8502869287923585	2.2891027279696745	4.150910496753139	[545, 132, 1031, 241, 19, 334, 1086, 1096]	284211
420	0.6368683660798682	0.850900730560247	2.2891027279696745	3.404274121651059	[1917, 10, 232, 320, 836, 1089, 1086, 1112]	280921
421	0.6377410655479837	0.8515120158303626	2.2891027279696745	3.970222055055932	[1799, 232, 193, 1265, 255, 174, 1086, 1112]	277345
422	0.6386116676930063	0.8521207949199794	2.2891027279696745	3.7784467420323216	[420, 107, 811, 3459, 1203, 174, 1086, 1112]	268295
423	0.6394801775553467	0.852727078104072	2.2891027279696745	2.5272028798793675	[846, 10, 734, 19, 132, 1108, 1086, 1096]	269545
424	0.6403466001633031	0.8532554009265622	2.2891027279696745	3.841335869425449	[734, 10, 157, 320, 836, 1089, 1086, 1112]	300698
425	0.641210940533089	0.8536584470055603	2.2891027279696745	3.8703909050995877	[1549, 162, 10, 157, 1713, 174, 1086, 1112]	290616
426	0.6420732036688623	0.8543441373309194	2.2891027279696745	2.951924974281768	[811, 734, 19, 241, 132, 1108, 1086, 1096]	277579
427	0.642933394562755	0.8549413051352296	2.2891027279696745	4.463862300765639	[2153, 158, 10, 107, 836, 1089, 1086, 1096]	275380
428	0.6437915181949017	0.8553397207400217	2.2891027279696745	2.3298370738744723	[420, 158, 10, 734, 1203, 174, 1086, 1096]	279738
429	0.6446475795334683	0.8560175333771208	2.2891027279696745	3.678555123640563	[421, 2297, 400, 19, 132, 1108, 1086, 1112]	300701
430	0.6455015835346811	0.8564694872692824	2.2891027279696745	3.9997232796722093	[2047, 232, 320, 157, 1713, 174, 1086, 1096]	285395
431	0.6463535351428551	0.8569843846762406	2.2891027279696745	3.698061643812804	[3895, 1030, 1032, 132, 19, 334, 1086, 1112]	279208
432	0.6472034392904229	0.857654491162035	2.2891027279696745	3.7720964097197704	[1551, 1879, 496, 217, 132, 1108, 1086, 1112]	276366
433	0.6480513008979631	0.8581013067240961	2.2891027279696745	3.619087609717594	[3819, 438, 1580, 301, 2627, 261, 1086, 1112]	340644
434	0.6488971248742291	0.8587661798183709	2.2891027279696745	4.053792501869617	[1799, 232, 651, 734, 1203, 174, 1086, 1112]	288635
435	0.6497409161161771	0.8596305165363266	2.2891027279696745	3.352497027679866	[160, 331, 241, 1031, 132, 1108, 1086, 1112]	334729
436	0.6505826795089948	0.8602882244451007	2.2891027279696745	3.654212737739737	[811, 734, 19, 132, 217, 261, 1086, 1112]	345758
437	0.6514224199261295	0.860942850632103	2.2891027279696745	3.754511881546473	[241, 132, 1032, 1729, 1822, 1094, 1086, 1112]	291672
438	0.652260142229316	0.861441700418579	2.2891027279696745	3.4904031527282946	[1580, 438, 496, 217, 132, 1108, 1086, 1112]	311970
439	0.6530958512686056	0.8619387606450748	2.2891027279696745	3.088009290259338	[119, 409, 19, 241, 132, 1108, 1086, 1112]	260298
440	0.6539295518823933	0.8625856531660007	2.2891027279696745	3.7625521258650387	[19, 132, 1032, 1729, 1822, 1094, 1086, 1096]	289389
441	0.6547612488974466	0.8633214948519089	2.2891027279696745	4.199936246970211	[2047, 232, 1879, 496, 217, 261, 1086, 1112]	291342
442	0.6555909471289323	0.8639619085057682	2.2891027279696745	3.4994098055411538	[1580, 301, 2627, 261, 132, 1108, 1086, 1112]	276933
443	0.6564186513804459	0.8644499278072063	2.2891027279696745	3.722783890199219	[3, 19, 1460, 734, 1203, 174, 1086, 1112]	275960
444	0.6572443664440382	0.864936196401648	2.2891027279696745	4.12059576903231	[1549, 162, 10, 158, 420, 458, 1086, 1112]	250137
445	0.6580680971002433	0.865659451136214	2.2891027279696745	2.687257635897571	[1917, 10, 734, 19, 132, 1108, 1086, 1112]	335663
446	0.6588898481181069	0.8662889101844096	2.2891027279696745	4.040151150004343	[2028, 493, 654, 400, 19, 334, 1086, 1112]	338439
447	0.6597096242552133	0.8667086227291712	2.2891027279696745	2.6398991473567586	[318, 158, 10, 734, 1203, 174, 1086, 1112]	339775
448	0.6605274302577127	0.8672550979457516	2.2891027279696745	2.602840294084988	[1820, 10, 734, 19, 132, 1108, 1086, 1112]	353448
449	0.6613432708603496	0.8677313033501235	2.2891027279696745	3.71402166193014	[1794, 1791, 420, 158, 1713, 174, 1086, 1112]	284642
450	0.6621571507864894	0.8685407744173481	2.2891027279696745	4.385157986798236	[1515, 1031, 1030, 1032, 132, 1108, 1086, 1112]	286148
451	0.662969074748146	0.8690797380790846	2.2891027279696745	4.430094719405393	[193, 232, 10, 438, 970, 261, 1086, 1112]	330949
452	0.6637790474460092	0.8697808045140749	2.2891027279696745	4.141428044689231	[1792, 496, 217, 132, 387, 344, 1086, 1112]	280657
453	0.664587073569472	0.8704781168002492	2.2891027279696745	3.506775811532669	[1535, 496, 217, 241, 132, 1108, 1086, 1112]	284597
454	0.6653931577966572	0.8710849977606813	2.2891027279696745	3.8029507357444414	[19, 1126, 241, 132, 217, 261, 1086, 1112]	278895
455	0.666197304794445	0.871613530477588	2.2891027279696745	3.0150729935709144	[813, 3284, 811, 734, 1203, 174, 1086, 1112]	289610
456	0.6669995192185001	0.8721398962874012	2.2891027279696745	3.790380657406014	[1743, 1742, 400, 19, 1987, 334, 1086, 1112]	278221
457	0.6677998057132982	0.8725985781007835	2.2891027279696745	3.3795447600938786	[837, 162, 10, 438, 1580, 684, 389, 794]	249048
458	0.6685981689121532	0.8732808014583683	2.2891027279696745	3.722693568181798	[1820, 10, 232, 1192, 836, 1089, 1086, 1112]	331685
459	0.6693946134372437	0.8739593715701519	2.2891027279696745	3.2442193656328557	[846, 10, 232, 320, 836, 1089, 1086, 1112]	280329
460	0.6701891438996405	0.8745499409453438	2.2891027279696745	3.6975481527203735	[160, 1873, 10, 734, 1203, 174, 1086, 1112]	270948
461	0.6709817648993324	0.8751377431795649	2.2891027279696745	4.1980089545708985	[193, 1265, 1580, 438, 2627, 261, 1086, 1096]	324405
462	0.6717724810252532	0.8754806876105292	2.2891027279696745	3.5234259698382475	[420, 158, 733, 734, 1203, 174, 1086, 1112]	282479
463	0.6725612968553089	0.8758226901164817	2.2891027279696745	2.8480848840704303	[119, 409, 19, 734, 1203, 174, 1086, 1112]	283328
464	0.6733482169564027	0.8762681603767463	2.2891027279696745	3.7977634918190066	[119, 123, 19, 132, 1713, 174, 1086, 1112]	289417
465	0.6741332458844631	0.8767754428824903	2.2891027279696745	3.8979902079078244	[837, 162, 10, 438, 2627, 261, 1086, 1112]	284859
466	0.6749163881844692	0.8772806456039087	2.2891027279696745	3.496779866217074	[359, 158, 10, 734, 19, 334, 1086, 1112]	280250
467	0.6756976483904773	0.8777208856348258	2.2891027279696745	3.7815136499925073	[1549, 162, 107, 420, 158, 1115, 1086, 1112]	287828
468	0.6764770310256473	0.8782938302564869	2.2891027279696745	3.2961709765789404	[359, 158, 1557, 734, 1203, 174, 1086, 1112]	283304
469	0.6772545406022688	0.8788640903188003	2.2891027279696745	3.2855088655485964	[19, 241, 1729, 1032, 132, 1108, 1086, 1096]	278308
470	0.6780301816217869	0.8793607298901973	2.2891027279696745	3.5117889590193014	[193, 394, 432, 19, 132, 1108, 1086, 1112]	255429
471	0.678803958574829	0.8800067425224268	2.2891027279696745	4.530206718749544	[394, 193, 842, 157, 1010, 1105, 1086, 1112]	257779
472	0.6795758759412301	0.8805689766526321	2.2891027279696745	3.7530974312727032	[10, 107, 162, 1192, 836, 1089, 1086, 1112]	288629
473	0.6803459381900592	0.8812085192302047	2.2891027279696745	3.9059679753639127	[1799, 232, 3, 19, 132, 1108, 1086, 1112]	285933
474	0.6811141497796445	0.8816955469848184	2.2891027279696745	4.360564756727728	[119, 123, 19, 241, 1729, 1094, 1086, 1112]	278607
475	0.6818805151576002	0.8821805779966336	2.2891027279696745	2.54041715625058	[1726, 132, 19, 734, 1203, 174, 1086, 1112]	243331
476	0.6826450387608515	0.8828114905914038	2.2891027279696745	3.8702073114848146	[1500, 786, 1460, 19, 132, 1108, 1086, 1112]	281374
477	0.6834077250156605	0.8832318894213933	2.2891027279696745	3.654212737739737	[811, 734, 19, 132, 217, 261, 1086, 1112]	285975
478	0.6841685783376521	0.8835984187863513	2.2891027279696745	3.5820402681263186	[1799, 1019, 10, 734, 19, 334, 1086, 1112]	284694
479	0.6849276031318388	0.8839181252777217	2.2891027279696745	2.3963279564293862	[193, 232, 10, 734, 1203, 174, 1086, 1112]	283908
480	0.6856848037926471	0.8843345541969263	2.2891027279696745	3.135797069011665	[3819, 438, 1580, 1579, 1582, 793, 4290, 794]	288109
481	0.6864401847039425	0.8848087656638668	2.2891027279696745	3.8979902079078244	[837, 162, 10, 438, 2627, 261, 1086, 1112]	288939
482	0.687193750239055	0.8855137243861849	2.2891027279696745	3.396490005859392	[1265, 193, 232, 320, 836, 1089, 1086, 1112]	349456
483	0.6879455047608041	0.8858730911832429	2.2891027279696745	2.9647448912680154	[846, 10, 107, 734, 1203, 174, 1086, 1112]	344751
484	0.6886954526215245	0.8864842306961546	2.2891027279696745	3.2855088655485964	[19, 241, 1729, 1032, 132, 1108, 1086, 1112]	280356
485	0.6894435981630911	0.8870161142466203	2.2891027279696745	3.659694296087099	[195, 3284, 734, 19, 132, 1108, 1086, 1112]	278446
486	0.6901899457169443	0.887479331708255	2.2891027279696745	3.5654025817911563	[3248, 334, 1987, 19, 132, 1108, 1086, 1112]	270352
487	0.6909344996041143	0.8879406500458213	2.2891027279696745	3.8956980042116696	[160, 107, 811, 3459, 1203, 174, 1086, 1112]	294556
488	0.6916772641352477	0.8884000770454513	2.2891027279696745	3.8465656557873755	[10, 438, 3366, 3459, 1203, 174, 1086, 1112]	295093
489	0.6924182436106306	0.8889976847723454	2.2891027279696745	3.404274121651059	[1917, 10, 232, 320, 836, 1089, 1086, 1112]	282455
490	0.6931574423202151	0.8893461155888385	2.2891027279696745	2.6565690702175355	[2872, 241, 19, 734, 1203, 174, 1086, 1112]	295990
491	0.6938948645436429	0.8898645896411607	2.2891027279696745	4.235125865805617	[1586, 107, 10, 157, 1713, 174, 1086, 1112]	326425
492	0.6946305145502709	0.8902102992858417	2.2891027279696745	3.145076353641053	[2636, 301, 10, 734, 1203, 174, 1086, 1112]	288023
493	0.6953643965991958	0.8906041558333654	2.2891027279696745	2.8045139948008613	[377, 162, 107, 734, 1203, 174, 1086, 1096]	286989
494	0.6960965149392779	0.8911167352781278	2.2891027279696745	3.3702876334653675	[394, 193, 232, 320, 836, 1089, 1086, 1112]	341451
495	0.6968268738091672	0.8915631407912915	2.2891027279696745	4.053600096849217	[1580, 301, 2729, 438, 3366, 150, 1086, 1096]	333217
496	0.6975554774373266	0.8921438105913024	2.2891027279696745	3.2855088655485964	[19, 241, 1729, 1032, 132, 1108, 1086, 1112]	286090
497	0.6982823300420571	0.8925860052454014	2.2891027279696745	3.4381808341943936	[3248, 334, 19, 241, 132, 1108, 1086, 1112]	283467
498	0.6990074358315221	0.8928810265932993	2.2891027279696745	3.193290733740417	[320, 232, 10, 734, 19, 334, 1086, 1112]	274879
499	0.6997307990037714	0.8933829376515355	2.2891027279696745	3.0081619873831613	[734, 19, 1126, 241, 132, 1108, 1086, 1112]	282282
