0	0.00240325927734375	0.0031389508928570953	4.367571524209067	4.367571524209067	[1794, 1879, 420, 158, 1713, 174, 1086, 1112]	298716
1	0.004800742899533361	0.00671506275588496	2.3298370738744723	2.3298370738744723	[420, 158, 10, 734, 1203, 174, 1086, 1112]	256357
2	0.0071924647469656655	0.013954748887401891	2.3298370738744723	3.1854485211640693	[2196, 2197, 4018, 241, 132, 1108, 1086, 1112]	284013
3	0.00957843866667929	0.01923493408405408	2.3298370738744723	3.805843527819463	[2238, 1549, 162, 1192, 836, 1089, 1086, 1112]	286195
4	0.011958678472434925	0.023830355571581974	2.3298370738744723	3.373023600476821	[394, 432, 19, 734, 1203, 174, 1086, 1112]	257212
5	0.01433319794479504	0.02840424499258143	2.3298370738744723	3.2995445267437633	[119, 400, 19, 241, 132, 1108, 1086, 1112]	295146
6	0.01670201083120393	0.03360705441429068	2.3298370738744723	4.285976854559195	[2004, 19, 241, 1587, 132, 1094, 1086, 1112]	297572
7	0.019065130846067313	0.03813513464662688	2.3298370738744723	3.0081619873831613	[734, 19, 1126, 241, 132, 1108, 1086, 1112]	261493
8	0.021422571670831503	0.04207864038103848	2.3298370738744723	3.8817231546354893	[1580, 301, 2728, 496, 217, 261, 1086, 1112]	277569
9	0.023774346954062775	0.04600597831679398	2.3298370738744723	4.24952229763217	[1791, 420, 162, 320, 836, 1089, 1086, 1112]	277929
10	0.026120470311526423	0.05047596279989941	2.3298370738744723	4.541260531606254	[377, 162, 107, 232, 193, 1115, 1086, 1112]	259744
11	0.02846095532626547	0.05556058012292009	2.3298370738744723	3.114481315373401	[1265, 808, 331, 241, 132, 1108, 1086, 1112]	271739
12	0.030795815548679273	0.059985796063618646	2.3298370738744723	2.7517630091525116	[3284, 162, 10, 734, 1203, 174, 1086, 1112]	273430
13	0.03312506449660224	0.06335797712046942	2.3298370738744723	3.790380657406014	[1743, 1742, 400, 19, 1987, 334, 1086, 1112]	278171
14	0.03544871565538188	0.06593054127022402	2.3298370738744723	3.5329054504552238	[734, 19, 132, 387, 344, 174, 1086, 1112]	290204
15	0.03776678247795695	0.06983987215218457	2.3298370738744723	3.4359437769698413	[2078, 436, 422, 19, 132, 1108, 1086, 1112]	288508
16	0.04007927838493508	0.07482079745154213	2.3298370738744723	4.406364691425943	[1792, 232, 1879, 301, 2627, 261, 1086, 1112]	272730
17	0.042386216764671025	0.07861389731621782	2.3298370738744723	3.6622146450013826	[734, 10, 158, 420, 1822, 1094, 1086, 1112]	279254
18	0.04468761097334362	0.08354783848606018	2.3298370738744723	3.7835555442118514	[2040, 438, 2729, 301, 2627, 261, 1086, 1096]	279959
19	0.04698347433503336	0.08845535883688149	2.3298370738744723	4.2123755767455435	[1549, 162, 837, 420, 1822, 1094, 1086, 1112]	271431
20	0.049273820141799596	0.0909589909689823	2.3298370738744723	3.516190999034282	[1580, 438, 3366, 3459, 1203, 174, 1086, 1112]	259136
21	0.05155866165375744	0.09468592659274278	2.3298370738744723	3.7784467420323216	[195, 3222, 811, 734, 1203, 174, 1086, 1112]	283198
22	0.0538380120991544	0.0989278188567293	2.3298370738744723	3.653160679904725	[811, 669, 668, 670, 132, 1108, 1086, 1112]	289930
23	0.056111884674447055	0.1014026875183166	2.3298370738744723	3.8703909050995877	[1549, 162, 10, 157, 1713, 174, 1086, 1112]	287634
24	0.05838029254437771	0.10422334035464997	2.3298370738744723	3.306766024432017	[432, 422, 19, 132, 1713, 174, 1086, 1096]	290138
25	0.06064324884205019	0.10703513930024433	2.3298370738744723	2.3963279564293862	[193, 232, 10, 734, 1203, 174, 1086, 1112]	285582
26	0.06290076666900601	0.11181688723045069	2.3298370738744723	3.6410681473133657	[420, 1879, 496, 217, 132, 1108, 1086, 1096]	294955
27	0.06515285909530044	0.11657302932298708	2.3298370738744723	3.9439847737388174	[1715, 132, 1031, 241, 1729, 1094, 1086, 1112]	296611
28	0.06739953915957797	0.12071236852336875	2.3298370738744723	4.2314632741899025	[1586, 107, 162, 420, 1822, 1094, 1086, 1112]	286700
29	0.06964081986914772	0.12431731963638337	2.3298370738744723	3.6901637387024984	[193, 394, 432, 422, 19, 334, 1086, 1112]	278558
30	0.07187671420005914	0.1296764092152306	2.3298370738744723	3.0346971136008722	[432, 15, 1557, 734, 1203, 174, 1086, 1112]	323319
31	0.07410723509717665	0.13433691514553514	2.3298370738744723	4.334396444932426	[734, 10, 107, 420, 158, 1089, 1086, 1112]	302836
32	0.07633239547425485	0.1396346858116284	2.3298370738744723	4.480016965427331	[2028, 331, 241, 1729, 1822, 1094, 1086, 1112]	296634
33	0.07855220821401321	0.14316205818211647	2.3298370738744723	3.9657513235417685	[846, 10, 162, 420, 158, 1115, 1086, 1112]	258269
34	0.08076668616821081	0.1478459390594008	2.3298370738744723	3.3448628999204546	[5420, 435, 422, 19, 132, 1108, 1086, 1096]	268390
35	0.08297584215772047	0.1518387475498555	2.3298370738744723	3.9880173411709174	[1019, 1799, 232, 1879, 836, 1089, 1086, 1112]	330777
36	0.0851796889726033	0.1553160850462345	2.3298370738744723	3.37240399288562	[1873, 10, 232, 320, 836, 1089, 1086, 1112]	329211
37	0.08737823937218236	0.1587791659657789	2.3298370738744723	3.5654025817911563	[1078, 334, 1987, 19, 132, 1108, 1086, 1112]	341287
38	0.08957150608511699	0.16328382920508866	2.3298370738744723	4.047360842271793	[1548, 19, 132, 387, 344, 174, 1086, 1112]	305571
39	0.09175950180947601	0.16671424353506048	2.3298370738744723	3.9521776809202995	[1873, 10, 734, 19, 387, 344, 1086, 1112]	349378
40	0.09394223921281164	0.17117641513509885	2.3298370738744723	3.34120469505008	[3, 19, 241, 1031, 132, 1108, 1086, 1112]	281845
41	0.0961197309322328	0.17345284710036502	2.3298370738744723	3.3284912497526102	[1549, 162, 10, 734, 19, 334, 1086, 1112]	258512
42	0.09829198957447793	0.1768415699393303	2.3298370738744723	4.315497954817982	[1529, 2229, 734, 19, 422, 636, 1086, 1112]	246536
43	0.10045902771598825	0.1806985180185401	2.3298370738744723	3.6006818321455567	[2636, 162, 846, 734, 1203, 174, 1086, 1112]	314235
44	0.10262085790298059	0.18405753466296115	2.3298370738744723	2.568622653167867	[432, 422, 19, 734, 1203, 174, 1086, 1112]	320673
45	0.10477749265152003	0.18661873799305084	2.3298370738744723	3.6941577434773336	[3284, 811, 651, 734, 1203, 174, 1086, 1112]	304780
46	0.10692894444759216	0.19159654918264868	2.3298370738744723	3.050403745795638	[3158, 3083, 19, 734, 1203, 174, 1086, 1112]	329231
47	0.10907522574717565	0.19413408791638054	2.3298370738744723	2.483499022557832	[2636, 162, 10, 734, 1203, 174, 1086, 1112]	315512
48	0.11121634897631416	0.1974380206827583	2.3298370738744723	4.088819186219751	[2047, 232, 1792, 496, 3366, 150, 1086, 1112]	295825
49	0.11335232653118832	0.20031710941595948	2.3298370738744723	4.108965961063988	[107, 232, 10, 301, 2627, 261, 1086, 1112]	344204
50	0.11548317077818748	0.20359569269550404	2.3298370738744723	3.765779823403168	[377, 162, 107, 734, 19, 334, 1086, 1112]	330765
51	0.11760889405398145	0.20786036739398706	2.3298370738744723	2.8154115301407607	[1529, 2229, 734, 19, 132, 1108, 1086, 1112]	288750
52	0.11972950866559184	0.21219057675590036	2.3298370738744723	3.7805068727412223	[2607, 1587, 241, 132, 1713, 174, 1086, 1112]	258415
53	0.12184502689046317	0.21501674257589276	2.3298370738744723	3.9160938617999053	[377, 162, 232, 320, 836, 1089, 1086, 1096]	339362
54	0.1239554609765342	0.21869481906319854	2.3298370738744723	4.510447155630485	[2627, 438, 831, 1533, 1078, 334, 1086, 1112]	348288
55	0.1260608231423087	0.22114729765849395	2.3298370738744723	3.426253688794504	[193, 1529, 2229, 734, 1203, 174, 1086, 1112]	326165
56	0.12816112557692616	0.22394133238468716	2.3298370738744723	3.057077720340219	[813, 3284, 811, 3459, 1203, 174, 1086, 1112]	300758
57	0.13025638044023236	0.22607284117635518	2.3298370738744723	2.4536530012668543	[1873, 10, 734, 19, 241, 132, 393, 794]	320220
58	0.1323465998628499	0.22924582971016205	2.3298370738744723	4.2700185317534975	[1807, 157, 2149, 420, 158, 1115, 1086, 1112]	325589
59	0.13443179594624832	0.23337315019127614	2.3298370738744723	3.256066088378023	[2004, 19, 1126, 241, 132, 1108, 1086, 1096]	301118
60	0.13651198076281423	0.23696521685531124	2.3298370738744723	4.356319595391725	[1019, 1798, 493, 217, 132, 1108, 1086, 1112]	330378
61	0.13858716635592117	0.23936034556914432	2.3298370738744723	4.2683093071856515	[1879, 496, 217, 241, 19, 334, 1086, 1112]	285985
62	0.14065736473999924	0.24401538344613616	2.3298370738744723	3.619048318501573	[2028, 331, 241, 1031, 132, 1108, 1086, 1112]	255847
63	0.14272258790060488	0.24609175720986443	2.2891027279696745	2.2891027279696745	[241, 132, 19, 734, 1203, 174, 1086, 1112]	277172
64	0.14478284779449002	0.24879630686910836	2.2891027279696745	4.16439933382778	[2238, 1549, 162, 320, 836, 1089, 1086, 1112]	243137
65	0.14683815634967146	0.25231610759702283	2.2891027279696745	3.8894387297533424	[1529, 2229, 734, 10, 158, 1115, 1086, 1112]	331836
66	0.1488885254654998	0.25581941613077275	2.2891027279696745	4.226826427898307	[1265, 415, 10, 161, 1713, 174, 1086, 1112]	298892
67	0.15093396701272854	0.2598044374045414	2.2891027279696745	2.8687788104161314	[241, 1126, 19, 734, 1203, 174, 1086, 1096]	289177
68	0.15297449283358266	0.26283913131095493	2.2891027279696745	4.219076975727231	[1820, 10, 162, 107, 1546, 234, 1086, 1112]	288343
69	0.15501011474182713	0.2654836019017558	2.2891027279696745	3.5199086642496216	[420, 2308, 651, 734, 1203, 174, 1086, 1112]	313878
70	0.1570408445228355	0.2681185857916172	2.2891027279696745	4.029730269849744	[10, 232, 1792, 496, 3366, 150, 1086, 1112]	354432
71	0.1590666939336579	0.2704159256102121	2.2891027279696745	4.191579755495888	[1791, 420, 158, 10, 494, 636, 1086, 1112]	317046
72	0.16108767470308916	0.2734071139618466	2.2891027279696745	3.6901637387024984	[193, 394, 432, 422, 19, 334, 1086, 1112]	341691
73	0.16310379853173695	0.27638603887727264	2.2891027279696745	3.7828321890214758	[2047, 232, 734, 19, 132, 1108, 1086, 1112]	239776
74	0.16511507709208928	0.27935275063479115	2.2891027279696745	3.91229232942431	[2004, 19, 241, 132, 387, 344, 1086, 1112]	246998
75	0.1671215220285821	0.28321175298160306	2.2891027279696745	3.3778428664368425	[813, 669, 673, 670, 132, 1108, 1086, 1112]	289765
76	0.1691231449576669	0.2865702984955377	2.2891027279696745	3.8292693641769366	[107, 1549, 162, 2636, 836, 1089, 1086, 1112]	261604
77	0.17111995746787756	0.28949525627320727	2.2891027279696745	3.7874080745804655	[1549, 162, 10, 301, 2627, 261, 1086, 1112]	304581
78	0.17311197111989796	0.2932999463984771	2.2891027279696745	3.0081619873831613	[734, 19, 1126, 241, 132, 1108, 1086, 1096]	341879
79	0.1750991974466285	0.29583514270045963	2.2891027279696745	3.3100364968320886	[1580, 494, 2229, 734, 1203, 174, 1086, 1096]	321207
80	0.1770816479532532	0.2983612443090756	2.2891027279696745	3.1300002401942724	[107, 734, 19, 241, 132, 1108, 1086, 1112]	296262
81	0.179059334117306	0.3026552026435916	2.2891027279696745	3.2630822718424026	[3621, 1720, 241, 217, 132, 1108, 1086, 1112]	352867
82	0.18103226738873734	0.30692288238669696	2.2891027279696745	4.0119731383896315	[1819, 1513, 1031, 241, 1729, 1094, 1086, 1112]	281519
83	0.18300045918998054	0.3094092081434411	2.2891027279696745	3.3456798492910815	[158, 651, 734, 19, 132, 1108, 1086, 1112]	275416
84	0.18496392091601777	0.31224052972084126	2.2891027279696745	3.695459118341346	[421, 438, 3366, 3459, 1203, 174, 1086, 1112]	255046
85	0.18692266393444623	0.3147077790960455	2.2891027279696745	3.8276897134311767	[3895, 1030, 1032, 132, 217, 261, 1086, 1112]	331585
86	0.18887669958554376	0.31751737730492646	2.2891027279696745	3.306766024432017	[432, 422, 19, 132, 1713, 174, 1086, 1112]	277160
87	0.19082603918233454	0.32169410203986215	2.2891027279696745	2.8120095126531117	[1265, 415, 733, 734, 1203, 174, 1086, 1112]	236778
88	0.1927706940106546	0.3241274379301847	2.2891027279696745	3.0179133925676274	[276, 132, 19, 734, 1203, 174, 1086, 1112]	350181
89	0.19471067532921726	0.32834988209138727	2.2891027279696745	4.897656212908052	[1820, 10, 232, 2089, 1210, 458, 1086, 1112]	334211
90	0.19664599436967822	0.3324603129908781	2.2891027279696745	3.885685440245399	[394, 193, 232, 1879, 836, 1089, 1086, 1112]	298873
91	0.19857666233670057	0.3345556872874329	2.2891027279696745	3.6011649759590654	[318, 158, 10, 734, 19, 334, 1086, 1112]	293582
92	0.2005026904080197	0.3381190827859829	2.2891027279696745	3.5712710525479583	[734, 19, 400, 654, 132, 1108, 1086, 1112]	313298
93	0.20242408973450798	0.341220357387673	2.2891027279696745	4.011540086448393	[3895, 1030, 1032, 132, 387, 344, 1086, 1112]	296027
94	0.20434087144023938	0.3443071008193218	2.2891027279696745	3.3169550366173457	[77, 786, 19, 734, 1203, 174, 1086, 1112]	343785
95	0.20625304662255384	0.34699534612390726	2.2891027279696745	4.776314995914697	[1726, 132, 1720, 2975, 8, 174, 1086, 1112]	325401
96	0.20816062635212151	0.3496725700146165	2.2891027279696745	3.337278998812767	[3764, 162, 107, 734, 1203, 174, 1086, 1112]	253052
97	0.21006362167300685	0.3531550159418304	2.2891027279696745	3.7007105897764765	[19, 132, 1031, 241, 1729, 1094, 1086, 1096]	285389
98	0.21196204360273252	0.3561858389616782	2.2891027279696745	3.367189747680925	[813, 669, 811, 3459, 1203, 174, 1086, 1112]	285452
99	0.21385590313234326	0.3588253831714745	2.2891027279696745	3.552623624310219	[77, 19, 241, 132, 1713, 174, 1086, 1112]	261332
100	0.2157452112264695	0.3627493070817205	2.2891027279696745	3.875456322734208	[1019, 1799, 232, 1192, 836, 1089, 1086, 1112]	319484
101	0.21762997882339075	0.3653619420289984	2.2891027279696745	4.034969420986087	[2627, 301, 2729, 438, 3366, 150, 1086, 1112]	315605
102	0.21951021683509908	0.3676386251132374	2.2891027279696745	3.291102902476779	[420, 158, 10, 734, 19, 334, 1086, 1112]	317000
103	0.22138593614736213	0.36962357641554655	2.2891027279696745	4.329516184247616	[195, 10, 158, 420, 1546, 234, 1086, 1096]	289702
104	0.22325714761978632	0.3729991864662755	2.2891027279696745	4.3542170999564895	[1791, 420, 2149, 158, 1713, 174, 1086, 1112]	348035
105	0.22512386208587953	0.37472129563430634	2.2891027279696745	2.8480848840704303	[119, 409, 19, 734, 1203, 174, 1086, 1112]	343678
106	0.2269860903531139	0.3780696078490331	2.2891027279696745	3.6425075611488076	[2149, 157, 651, 734, 1203, 174, 1086, 1112]	323273
107	0.22884384320298856	0.38002181680877034	2.2891027279696745	2.4252728029570534	[377, 162, 10, 734, 1203, 174, 1086, 1112]	344311
108	0.23069713139109171	0.38256363698402596	2.2891027279696745	3.532797874056784	[1879, 232, 10, 734, 19, 334, 1086, 1112]	245255
109	0.23254596564716323	0.3854566645075286	2.2891027279696745	2.8154115301407607	[1529, 2229, 734, 19, 132, 1108, 1086, 1112]	251508
110	0.23439035667515662	0.3879762025994711	2.2891027279696745	4.034969420986087	[2627, 301, 2729, 438, 3366, 150, 1086, 1112]	285501
111	0.23623031515330084	0.3912535359585505	2.2891027279696745	3.90434114883427	[1535, 496, 2729, 301, 2627, 261, 1086, 1112]	257988
112	0.23806585173416261	0.3937493077225688	2.2891027279696745	4.245674272383197	[377, 162, 481, 159, 1713, 174, 1086, 1112]	256858
113	0.23989697704470747	0.39699572661380267	2.2891027279696745	3.960520824606669	[2872, 241, 132, 1729, 1822, 1094, 1086, 1096]	313878
114	0.2417237016863618	0.39946795623318854	2.2891027279696745	3.620153532278189	[320, 232, 10, 438, 2627, 261, 1086, 1112]	310909
115	0.24354603623507398	0.4031431517003162	2.2891027279696745	3.4677273744018553	[1647, 1697, 241, 1720, 132, 1108, 1086, 1112]	328318
116	0.24536399124137553	0.40528429951389133	2.2891027279696745	2.2891027279696745	[241, 132, 19, 734, 1203, 174, 1086, 1112]	326970
117	0.2471775772304423	0.40772254719263357	2.2891027279696745	3.198256428005487	[1078, 334, 19, 734, 1203, 174, 1086, 1112]	322354
118	0.24898680470215562	0.4119513384306227	2.2891027279696745	3.561462934923987	[2196, 2197, 241, 217, 132, 1108, 1086, 1112]	361503
119	0.2507916841311627	0.41406088799779595	2.2891027279696745	3.3509115332840214	[241, 132, 1032, 370, 1713, 174, 1086, 1112]	257720
120	0.25259222596693753	0.4161628698249722	2.2891027279696745	3.705919241862378	[10, 301, 1580, 438, 2627, 261, 1086, 1096]	320740
121	0.25438844063384136	0.41889846654070273	2.2891027279696745	2.2891027279696745	[241, 132, 19, 734, 1203, 174, 1086, 1096]	276079
122	0.2561803385311828	0.4224547492468089	2.2891027279696745	4.0119731383896315	[1819, 1513, 1031, 241, 1729, 1094, 1086, 1112]	266605
123	0.25796793003327845	0.42554745303497976	2.2891027279696745	3.1095075916305603	[1851, 1799, 10, 734, 1203, 174, 1086, 1096]	258674
124	0.25975122548951257	0.4273506313701796	2.2891027279696745	2.571532045454477	[1879, 232, 10, 734, 1203, 174, 1086, 1112]	253258
125	0.2615302352243972	0.42969841030497746	2.2891027279696745	4.598339784234734	[811, 734, 10, 157, 1010, 1105, 1086, 1112]	293917
126	0.26330496953763205	0.43237058560029984	2.2891027279696745	3.881776439095269	[241, 1720, 132, 387, 344, 174, 1086, 1112]	337193
127	0.2650754387041637	0.4354101909609218	2.2891027279696745	3.88491855492149	[2047, 232, 1792, 496, 132, 1108, 1086, 1096]	316274
128	0.2668416529742458	0.4374355848868432	2.2891027279696745	2.5355140376147673	[359, 158, 10, 734, 1203, 174, 1086, 1112]	322487
129	0.26860362257349746	0.4400715072816883	2.2891027279696745	3.4939612626061676	[377, 162, 3284, 734, 1203, 174, 1086, 1112]	339059
130	0.2703613577029633	0.44306987488712934	2.2891027279696745	2.756815517589228	[1743, 1742, 400, 19, 132, 1108, 1086, 1112]	317014
131	0.2721148685391722	0.44535320721494265	2.2891027279696745	3.7957648352302984	[2047, 232, 3, 19, 132, 1108, 1086, 1112]	341321
132	0.273864165234196	0.44734293183829466	2.2891027279696745	3.3702876334653675	[394, 193, 232, 320, 836, 1089, 1086, 1112]	324529
133	0.27560925791570867	0.4503023616077094	2.2891027279696745	3.4340241044914075	[3621, 1720, 241, 1587, 132, 1108, 1086, 1112]	275237
134	0.27735015668704466	0.4536664556471186	2.2891027279696745	3.6653897307665373	[10, 734, 19, 241, 1729, 1094, 1086, 1112]	248897
135	0.27908687162725754	0.455906343538507	2.2891027279696745	3.89951384233777	[320, 232, 10, 158, 1546, 234, 1086, 1112]	310740
136	0.2808194127911783	0.45845572031284765	2.2891027279696745	4.374561285561766	[846, 10, 162, 420, 1582, 1087, 1086, 1112]	238419
137	0.2825477902094734	0.4609931518607362	2.2891027279696745	3.2701340958186	[811, 10, 734, 19, 132, 1108, 1086, 1112]	252451
138	0.28427201388870327	0.4638794859080102	2.2891027279696745	3.975030667081838	[1792, 232, 320, 157, 1713, 174, 1086, 1112]	342280
139	0.2859920938113798	0.4660775018641089	2.2891027279696745	3.3778428664368425	[4356, 669, 668, 670, 132, 1108, 1086, 1112]	338785
140	0.28770803993602434	0.46893660966634787	2.2891027279696745	3.8878017996656506	[1873, 10, 232, 1879, 836, 1089, 1086, 1112]	338903
141	0.2894198621972255	0.47183965298085395	2.2891027279696745	4.349941746109824	[1606, 1019, 10, 301, 2627, 261, 1086, 1112]	326466
142	0.29112757050569615	0.4746679049729836	2.2891027279696745	3.8964630515516774	[193, 1265, 87, 415, 255, 174, 1086, 1112]	345359
143	0.29283117474833154	0.4768216899835718	2.2891027279696745	2.925855379199188	[320, 157, 10, 734, 1203, 174, 1086, 1096]	305094
144	0.29453068478826594	0.4789666447895794	2.2891027279696745	3.9657513235417685	[846, 10, 162, 420, 158, 1115, 1086, 1112]	302615
145	0.29622611046492986	0.48175673237028616	2.2891027279696745	3.3778428664368425	[4356, 669, 668, 670, 132, 1108, 1086, 1112]	328657
146	0.29791746159410726	0.4838814542219021	2.2891027279696745	3.5390150635545616	[2627, 261, 217, 132, 1713, 174, 1086, 1112]	267331
147	0.2996047479679923	0.4870400476052732	2.2891027279696745	3.5360791147362347	[2151, 158, 1557, 734, 1203, 174, 1086, 1112]	276222
148	0.30128797935524576	0.4897869028272358	2.2891027279696745	3.6089400433623293	[1792, 496, 2729, 438, 2627, 261, 1086, 1112]	288327
149	0.30296716550105185	0.4921775306253173	2.2891027279696745	3.7812818120962417	[241, 1031, 1511, 2327, 387, 344, 1086, 1112]	264801
150	0.30464231612717463	0.4939992789609249	2.2891027279696745	3.2564349534009795	[158, 10, 232, 320, 836, 1089, 1086, 1096]	244613
151	0.3063134409320143	0.496073808156147	2.2891027279696745	3.7417205603972494	[1794, 107, 10, 734, 19, 334, 1086, 1112]	347947
152	0.3079805495906631	0.4981398320840782	2.2891027279696745	4.413400234374538	[1586, 107, 162, 10, 232, 1023, 1086, 1112]	298074
153	0.30964365175496167	0.5004913218337883	2.2891027279696745	3.7513992540674366	[734, 19, 132, 1032, 1729, 1094, 1086, 1112]	359178
154	0.3113027570535547	0.5025392345995937	2.2891027279696745	2.3053561782236596	[2047, 232, 10, 734, 1203, 174, 1086, 1112]	290054
155	0.31295787509194684	0.5039055513990943	2.2891027279696745	2.3672254211503034	[1549, 162, 10, 734, 1203, 174, 1086, 1112]	330691
156	0.31460901545255804	0.505939466321383	2.2891027279696745	3.3456798492910815	[1586, 107, 734, 19, 132, 1108, 1086, 1112]	354635
157	0.3162561876947795	0.5072964441055344	2.2891027279696745	3.625406435358536	[19, 241, 132, 387, 344, 174, 1086, 1112]	339482
158	0.31789940135502837	0.5099348281140131	2.2891027279696745	4.055200475345514	[3136, 1468, 2307, 420, 158, 1115, 1086, 1112]	293653
159	0.3195386659468036	0.5125590838092435	2.2891027279696745	4.284269894463872	[1742, 400, 2764, 258, 132, 1108, 1086, 1112]	293630
160	0.3211739909607406	0.5148430114673636	2.2891027279696745	4.066633164285316	[1742, 1743, 193, 1265, 255, 174, 1086, 1112]	296785
161	0.32280538586466645	0.5161755349344026	2.2891027279696745	3.4644322952363042	[107, 734, 811, 3459, 1203, 174, 1086, 1112]	335217
162	0.32443286010365446	0.5179111934905212	2.2891027279696745	3.625135630617468	[813, 807, 811, 3459, 1203, 174, 1086, 1112]	301397
163	0.326056423100079	0.5204927364539206	2.2891027279696745	3.2701340958186	[2094, 10, 734, 19, 132, 1108, 1086, 1112]	265962
164	0.3276760842536699	0.5227394906042302	2.2891027279696745	3.0179133925676274	[1555, 2229, 734, 19, 132, 1108, 1086, 1112]	355392
165	0.3292918529415674	0.5244516018066225	2.2891027279696745	2.6716838888510717	[1265, 415, 10, 734, 1203, 174, 1086, 1112]	345430
166	0.3309037385183756	0.5259443248757284	2.2891027279696745	3.38653863155936	[377, 162, 10, 734, 19, 334, 1086, 1112]	341213
167	0.3325117503162174	0.5278878840394121	2.2891027279696745	4.6758839460671755	[269, 542, 457, 540, 19, 334, 1086, 1112]	302675
168	0.3341158976447879	0.5293698207873352	2.2891027279696745	3.2660111357555195	[193, 232, 10, 438, 1580, 684, 389, 794]	332167
169	0.3357161897914087	0.5318900038139991	2.2891027279696745	2.6647873097920116	[1851, 159, 10, 734, 1203, 174, 1086, 1112]	324809
170	0.33731263602108175	0.5340833555245749	2.2891027279696745	3.8561519180740778	[19, 734, 10, 159, 1713, 174, 1086, 1112]	354174
171	0.33890524557654256	0.5359935458490459	2.2891027279696745	4.207496467758064	[846, 10, 107, 438, 2627, 261, 1086, 1112]	304352
172	0.34049402767831405	0.537267977638401	2.2891027279696745	2.746466612994111	[1549, 162, 107, 734, 1203, 174, 1086, 1112]	283640
173	0.34207899152475973	0.539165111476436	2.2891027279696745	3.202068030768813	[195, 3284, 811, 734, 1203, 174, 1086, 1112]	346703
174	0.34366014629213726	0.5404308323006278	2.2891027279696745	2.6899556550870276	[420, 107, 10, 734, 1203, 174, 1086, 1112]	319821
175	0.3452375011346511	0.5423149988956052	2.2891027279696745	3.777560784501487	[2764, 400, 19, 132, 1713, 174, 1086, 1112]	307335
176	0.3468110651845061	0.5444595037945741	2.2891027279696745	3.799629496739959	[669, 668, 670, 132, 1713, 174, 1086, 1112]	286700
177	0.34838084755195975	0.5465939605135708	2.2891027279696745	2.8154115301407607	[1529, 2229, 734, 19, 132, 1108, 1086, 1112]	310484
178	0.34994685732537534	0.5484528591812903	2.2891027279696745	3.9657513235417685	[846, 10, 162, 420, 158, 1115, 1086, 1112]	281869
179	0.35150910357127463	0.5505686048431856	2.2891027279696745	3.6442950146436752	[394, 193, 1265, 734, 1203, 174, 1086, 1112]	356724
180	0.3530675953343899	0.5521808826478776	2.2891027279696745	3.7179657010145517	[420, 158, 10, 438, 2627, 261, 1086, 1112]	298601
181	0.3546223416377169	0.5545789144537734	2.2891027279696745	3.648598669037632	[1792, 496, 2728, 301, 2627, 261, 1086, 1112]	344349
182	0.35617335148256646	0.5564050759743255	2.2891027279696745	3.7925866042151446	[2238, 1549, 232, 320, 836, 1089, 1086, 1112]	326972
183	0.3577206338486171	0.5579964161832824	2.2891027279696745	3.8488236100650477	[305, 3083, 19, 132, 1713, 174, 1086, 1112]	296681
184	0.3592641976939669	0.55938384372735	2.2891027279696745	2.54041715625058	[1715, 132, 19, 734, 1203, 174, 1086, 1112]	317561
185	0.36080405195518517	0.5614483717398727	2.2891027279696745	2.9305764039857216	[3284, 2308, 651, 734, 1203, 174, 1086, 1112]	295588
186	0.36234020554736446	0.5637967769605196	2.2891027279696745	3.974320081400684	[2636, 162, 232, 320, 836, 1089, 1086, 1112]	292062
187	0.3638726673641719	0.5655851465885058	2.2891027279696745	3.9165968500884096	[1726, 132, 241, 1126, 19, 334, 1086, 1112]	304381
188	0.36540144627790083	0.5673661841617125	2.2891027279696745	3.198256428005487	[1078, 334, 19, 734, 1203, 174, 1086, 1096]	322564
189	0.36692655113952244	0.5693933105374646	2.2891027279696745	2.756815517589228	[1743, 1742, 400, 19, 132, 1108, 1086, 1096]	260454
190	0.36844799077873636	0.5714109387159125	2.2891027279696745	3.878323214195432	[19, 400, 654, 493, 217, 261, 1086, 1112]	334587
191	0.3699657740040224	0.5737059952706556	2.2891027279696745	4.073888829451198	[2149, 420, 162, 1192, 836, 1089, 1086, 1112]	349927
192	0.3714799096026914	0.5757034161591209	2.2891027279696745	3.71402166193014	[1794, 1791, 420, 158, 1713, 174, 1086, 1112]	341270
193	0.3729904063409356	0.5776914780367594	2.2891027279696745	4.4318108449748035	[1265, 193, 232, 10, 161, 1023, 1086, 1112]	336474
194	0.37449727296388025	0.5794228814157996	2.2891027279696745	2.602840294084988	[1820, 10, 734, 19, 132, 1108, 1086, 1096]	345971
195	0.3760005181956336	0.5809316481836797	2.2891027279696745	4.342072539073835	[1580, 438, 1779, 132, 1713, 174, 1086, 1112]	323793
196	0.3775001507393376	0.5824350024432249	2.2891027279696745	4.293329400735953	[389, 684, 1580, 438, 2627, 261, 1086, 1112]	312202
197	0.3789961792772184	0.5841469580636744	2.2891027279696745	4.1120829459794415	[300, 301, 2729, 496, 217, 261, 1086, 1112]	328579
198	0.38048861247063637	0.5860954573230596	2.2891027279696745	2.826165543949787	[841, 1820, 10, 734, 1203, 174, 1086, 1112]	315234
199	0.38197745896013646	0.5880348267962439	2.2891027279696745	4.076466695855166	[1715, 132, 1720, 241, 217, 261, 1086, 1112]	317369
200	0.383462727365498	0.5902408638991379	2.2891027279696745	4.634394691545729	[1819, 1513, 1031, 227, 165, 261, 1086, 1112]	291772
201	0.38494442628578507	0.5924350878682625	2.2891027279696745	3.664669885776984	[3819, 438, 2729, 301, 2627, 261, 1086, 1096]	355861
202	0.3864225642993957	0.5946175619619054	2.2891027279696745	3.382061594142434	[2267, 261, 217, 241, 132, 1108, 1086, 1112]	284484
203	0.38789714996411195	0.5962795708642117	2.2891027279696745	3.7438072266021685	[1819, 241, 1031, 132, 1713, 174, 1086, 1112]	321968
204	0.3893681918171492	0.5979347657722939	2.2891027279696745	3.7008462190634503	[1792, 232, 10, 301, 2627, 261, 1086, 1112]	346757
205	0.3908356983752058	0.6000877895766905	2.2891027279696745	3.0426603400095615	[734, 19, 241, 1720, 132, 1108, 1086, 1112]	353502
206	0.3922996781345123	0.6017273713431854	2.2891027279696745	2.8154115301407607	[1529, 2229, 734, 19, 132, 1108, 1086, 1112]	343187
207	0.3937601395708803	0.6029775295665083	2.2891027279696745	3.7828321890214758	[2047, 232, 734, 19, 132, 1108, 1086, 1112]	322209
208	0.3952170911397521	0.6051035498163455	2.2891027279696745	2.950952908405667	[1819, 1513, 1031, 241, 132, 1108, 1086, 1112]	325573
209	0.39667054127624946	0.6069538559656859	2.2891027279696745	3.385612680077884	[1580, 438, 2627, 261, 132, 1108, 1086, 1112]	333219
210	0.3981204983952221	0.6087954924173252	2.2891027279696745	3.63860634517395	[1703, 1549, 107, 734, 1203, 174, 1086, 1112]	311073
211	0.3995669708912969	0.6101988886897439	2.2891027279696745	3.8382080273725228	[19, 734, 10, 161, 1713, 174, 1086, 1112]	284796
212	0.401009967138926	0.6123297256684808	2.2891027279696745	3.6490997296557035	[5187, 435, 422, 19, 132, 1108, 1086, 1112]	322002
213	0.4024494954924358	0.6144056657345149	2.2891027279696745	3.743450763630099	[1879, 496, 2729, 301, 2627, 261, 1086, 1112]	347316
214	0.403885564286075	0.6164704893249173	2.2891027279696745	4.000490977819998	[2163, 324, 668, 670, 132, 1108, 1086, 1112]	332341
215	0.4053181818340631	0.6180429044105933	2.2891027279696745	3.8023219002441593	[1792, 496, 217, 261, 132, 1108, 1086, 1112]	316228
216	0.4067473564306381	0.6196088728236329	2.2891027279696745	3.6522075585682723	[320, 232, 10, 301, 2627, 261, 1086, 1112]	274104
217	0.4081730963501049	0.6214283456895913	2.2891027279696745	3.623620915048451	[3895, 1030, 1032, 132, 1713, 174, 1086, 1112]	350580
218	0.40959540984688314	0.6229804342868916	2.2891027279696745	3.5665213192922858	[1743, 1742, 400, 19, 132, 1094, 1086, 1096]	330425
219	0.4110143051555549	0.6249993407493286	2.2891027279696745	3.8941367354619913	[2627, 438, 2729, 496, 132, 1108, 1086, 1112]	320775
220	0.41242979049091255	0.6263446077826738	2.2891027279696745	2.951924974281768	[811, 734, 19, 241, 132, 1108, 1086, 1112]	293086
221	0.4138418740480061	0.6276850488421268	2.2891027279696745	3.2793418194262447	[2764, 400, 19, 241, 132, 1108, 1086, 1112]	320739
222	0.4152505640021906	0.6292114858685576	2.2891027279696745	3.835741971787437	[1799, 232, 10, 301, 2627, 261, 1086, 1112]	327881
223	0.4166558685091739	0.6303753728060516	2.2891027279696745	2.3443218244726145	[107, 162, 10, 734, 19, 409, 4290, 794]	317637
224	0.4180577957050633	0.6323546800261061	2.2891027279696745	2.9216081390660067	[87, 415, 733, 734, 1203, 174, 1086, 1112]	315407
225	0.419456353706413	0.6343233882308809	2.2891027279696745	3.5665213192922858	[1743, 1742, 400, 19, 132, 1094, 1086, 1112]	353302
226	0.420851550610271	0.6369342761592616	2.2891027279696745	3.4009913776184764	[2607, 1587, 241, 1031, 132, 1108, 1086, 1112]	357739
227	0.4222433944942261	0.6384227927019759	2.2891027279696745	3.241929394235595	[1792, 232, 10, 734, 19, 334, 1086, 1112]	356430
228	0.42363189341645446	0.6406817090324508	2.2891027279696745	3.1854485211640693	[2196, 2197, 4018, 241, 132, 1108, 1086, 1112]	319091
229	0.4250170554157664	0.6419707175698823	2.2891027279696745	4.366922215323209	[107, 10, 415, 2558, 255, 174, 1086, 1112]	367324
230	0.42639888851165286	0.6434385854369882	2.2891027279696745	3.571776151561404	[2872, 241, 1031, 132, 19, 334, 1086, 1112]	362880
231	0.4277774007043319	0.644900435259814	2.2891027279696745	4.1200162665950755	[2627, 438, 3366, 496, 132, 1108, 1086, 1112]	333135
232	0.42915259997479493	0.6470736087386615	2.2891027279696745	3.619048318501573	[2751, 331, 241, 1031, 132, 1108, 1086, 1112]	289969
233	0.43052449428485307	0.6485205554958372	2.2891027279696745	3.8600189149223176	[2047, 232, 193, 1265, 255, 174, 1086, 1112]	340170
234	0.43189309157718303	0.6504026968658243	2.2891027279696745	3.956416336917309	[432, 15, 1557, 158, 1713, 174, 1086, 1112]	295511
235	0.4332583997753733	0.6522747595350737	2.2891027279696745	3.1969259525338893	[4210, 415, 733, 734, 1203, 174, 1086, 1112]	333270
236	0.4346204267839697	0.6541367974741374	2.2891027279696745	3.102610714536892	[3621, 1720, 241, 1031, 132, 1108, 1086, 1112]	327302
237	0.4359791804885218	0.655757356003257	2.2891027279696745	4.353829518827108	[107, 162, 1805, 157, 1713, 174, 1086, 1112]	323887
238	0.43733466875562776	0.6578640862234684	2.2891027279696745	2.9216081390660067	[87, 415, 733, 734, 1203, 174, 1086, 1112]	354520
239	0.43868689943298045	0.6594671803634042	2.2891027279696745	4.483060274232189	[241, 1126, 19, 1548, 255, 174, 1086, 1112]	358860
240	0.44003588034941277	0.6612907035244261	2.2891027279696745	3.8503686012138596	[837, 162, 107, 734, 19, 334, 1086, 1112]	352895
241	0.4413816193149427	0.6625057799228158	2.2891027279696745	2.3672254211503034	[1549, 162, 10, 734, 1203, 174, 1086, 1112]	348342
242	0.44272412412081874	0.6645712104700842	2.2891027279696745	4.030559461235935	[1849, 420, 1822, 1094, 132, 1108, 1086, 1112]	301016
243	0.4440634025395652	0.66614287805951	2.2891027279696745	3.482126209659638	[3621, 1720, 241, 132, 1713, 174, 1086, 1112]	365551
244	0.4453994623250269	0.6675116435922471	2.2891027279696745	2.5272028798793675	[846, 10, 734, 19, 132, 1108, 1086, 1112]	328188
245	0.4467323112124141	0.6690695336420545	2.2891027279696745	3.7530974312727032	[10, 107, 162, 1192, 836, 1089, 1086, 1112]	298003
246	0.4480619569183474	0.6704263003135292	2.2891027279696745	4.036905196230555	[1265, 808, 331, 241, 19, 334, 1086, 1112]	320052
247	0.44938840714090234	0.6716086039236928	2.2891027279696745	3.8204514688016262	[195, 3222, 811, 3459, 1203, 174, 1086, 1112]	294638
248	0.450711669559654	0.6729549607771397	2.2891027279696745	4.437815174900201	[837, 162, 1549, 157, 1713, 174, 1086, 1112]	343596
249	0.4520317518357214	0.6749564433927204	2.2891027279696745	3.3702876334653675	[394, 193, 232, 320, 836, 1089, 1086, 1112]	327443
250	0.453348661611812	0.6763168377423603	2.2891027279696745	4.086342635342706	[1259, 734, 19, 132, 387, 344, 1086, 1096]	358783
251	0.45466240651226575	0.6776438915234821	2.2891027279696745	3.2666220068259664	[2047, 232, 10, 734, 19, 334, 1086, 1112]	301687
252	0.45597299414309944	0.6789655045775496	2.2891027279696745	3.812042463108149	[1819, 1513, 1031, 132, 19, 334, 1086, 1112]	317254
253	0.4572804320920506	0.6806846159351994	2.2891027279696745	3.618744789275599	[3869, 438, 2627, 261, 132, 1108, 1086, 1112]	354059
254	0.45858472792862137	0.6815616418313735	2.2891027279696745	3.337596016745529	[107, 162, 10, 734, 19, 334, 1086, 1112]	339690
255	0.45988588920412254	0.6830536999444085	2.2891027279696745	3.3798379995444803	[19, 1126, 241, 217, 132, 1108, 1086, 1112]	359727
256	0.461183923451717	0.6841907043690338	2.2891027279696745	3.800929998552311	[10, 232, 193, 1265, 255, 174, 1086, 1112]	327047
257	0.4624788381864636	0.6849496759886304	2.2891027279696745	2.635803067225773	[3284, 162, 1549, 232, 10, 734, 19, 794]	323519
258	0.4637706409053606	0.6862413363913739	2.2891027279696745	3.9508081990773105	[734, 10, 162, 107, 836, 1089, 1086, 1112]	355804
259	0.46505933908738883	0.6877114675723806	2.2891027279696745	4.50059565294361	[107, 420, 2149, 157, 1713, 174, 1086, 1112]	334585
260	0.46634494019355544	0.6886917259400733	2.2891027279696745	2.629534595612262	[2627, 301, 10, 734, 1203, 174, 1086, 1096]	346466
261	0.46762745166693676	0.6899680444835041	2.2891027279696745	3.8191751535428207	[2004, 19, 400, 654, 132, 1108, 1086, 1112]	337819
262	0.46890688093272137	0.6910802445790272	2.2891027279696745	3.5741700138985717	[378, 1742, 400, 19, 132, 1108, 1086, 1112]	339538
263	0.47018323539825324	0.6927344825743795	2.2891027279696745	3.7812818120962417	[241, 1031, 1511, 2327, 387, 344, 1086, 1112]	292189
264	0.4714565224530747	0.6941741898092977	2.2891027279696745	3.173108129187473	[77, 19, 241, 1031, 132, 1108, 1086, 1112]	297148
265	0.47272674946896887	0.6951341620092545	2.2891027279696745	3.4810865393249326	[107, 10, 438, 2627, 261, 132, 393, 794]	322612
266	0.4739939238000027	0.6967666916349561	2.2891027279696745	3.6089400433623293	[1792, 496, 2729, 438, 2627, 261, 1086, 1112]	359203
267	0.4752580527825695	0.698622448862156	2.2891027279696745	3.7376017343437953	[1819, 1513, 1031, 132, 1713, 174, 1086, 1112]	308701
268	0.47651914373543125	0.7000345677502445	2.2891027279696745	3.7551267561865487	[10, 232, 1792, 496, 217, 261, 1086, 1112]	351524
269	0.477777203959761	0.7018703259056034	2.2891027279696745	3.892877483575697	[1114, 1987, 19, 241, 132, 1108, 1086, 1096]	352033
270	0.47903224073918504	0.7030926141102543	2.2891027279696745	3.7923754560770835	[1580, 438, 2729, 496, 217, 261, 1086, 1112]	297493
271	0.4802842613398256	0.7047156501118381	2.2891027279696745	2.6565690702175355	[2872, 241, 19, 734, 1203, 174, 1086, 1112]	331251
272	0.4815332730103422	0.7062968717153328	2.2891027279696745	3.5200445668919675	[2764, 1511, 1031, 241, 132, 1108, 1086, 1112]	302609
273	0.48277928298197414	0.7075010117274328	2.2891027279696745	4.093796439762917	[2238, 1549, 162, 107, 1546, 234, 1086, 1112]	299767
274	0.48402229846858214	0.7085503145393163	2.2891027279696745	3.8488236100650477	[305, 3083, 19, 132, 1713, 174, 1086, 1112]	296053
275	0.48526232666669	0.710333957184232	2.2891027279696745	4.104456331044328	[1715, 132, 217, 241, 1729, 1094, 1086, 1112]	343701
276	0.4864993747555266	0.7116912012415737	2.2891027279696745	4.028778318607642	[1794, 1791, 420, 158, 1546, 234, 1086, 1112]	346027
277	0.48773344989706724	0.7132350693851006	2.2891027279696745	3.7835555442118514	[2040, 438, 2729, 301, 2627, 261, 1086, 1112]	328369
278	0.48896455923607496	0.7145787201428756	2.2891027279696745	3.8322880036522404	[107, 734, 19, 132, 217, 261, 1086, 1112]	351404
279	0.4901927099001423	0.7157489057836892	2.2891027279696745	3.8575721757290022	[838, 1529, 2229, 734, 1203, 174, 1086, 1112]	324583
280	0.49141790899973226	0.7169142938339566	2.2891027279696745	3.5110094936797793	[2297, 400, 19, 132, 1713, 174, 1086, 1112]	324888
281	0.4926401636282195	0.7184301927781431	2.2891027279696745	3.49796751676279	[2340, 160, 331, 241, 132, 1108, 1086, 1112]	297383
282	0.49385948086193154	0.7197495015375125	2.2891027279696745	3.453180887458757	[1580, 438, 2729, 301, 2627, 261, 1086, 1112]	351359
283	0.49507586776018964	0.7212502181949543	2.2891027279696745	3.358951777602587	[19, 132, 1032, 370, 1713, 174, 1086, 1112]	304595
284	0.4962893313653497	0.7222501974823607	2.2891027279696745	3.6522075585682723	[320, 232, 10, 301, 2627, 261, 1086, 1096]	303582
285	0.49749987870284296	0.7233889311843736	2.2891027279696745	4.270536454740842	[940, 651, 811, 3459, 1203, 174, 1086, 1112]	329883
286	0.4987075167812167	0.724685005538466	2.2891027279696745	3.094093728748758	[158, 420, 107, 734, 1203, 174, 1086, 1112]	335185
287	0.499912252592175	0.7258137568823773	2.2891027279696745	2.3053561782236596	[2047, 232, 10, 734, 1203, 174, 1086, 1112]	332066
288	0.5011140931106188	0.7272819999882608	2.2891027279696745	4.0300179620798975	[2387, 1663, 1546, 677, 132, 1108, 1086, 1112]	347745
289	0.5023130452946867	0.7284001040334984	2.2891027279696745	3.5108348228147426	[432, 422, 19, 132, 217, 261, 1086, 1112]	341759
290	0.5035091160857952	0.7295136240151394	2.2891027279696745	3.768291598879432	[1799, 232, 10, 158, 1713, 174, 1086, 1112]	300222
291	0.5047023124086787	0.7303626674665429	2.2891027279696745	3.3046315100232597	[2072, 241, 19, 734, 1203, 174, 1086, 1112]	325363
292	0.5058926411714294	0.7314681412241963	2.2891027279696745	2.746466612994111	[1549, 162, 107, 734, 1203, 174, 1086, 1112]	352249
293	0.5070801092655379	0.7329061056015286	2.2891027279696745	4.029730269849744	[10, 232, 1792, 496, 3366, 150, 1086, 1112]	347944
294	0.5082647235659328	0.7341575867810299	2.2891027279696745	3.6629032021444026	[734, 10, 232, 1879, 836, 1089, 1086, 1112]	314381
295	0.5094464909310201	0.7352475019226894	2.2891027279696745	4.214137218330316	[3895, 1030, 1031, 241, 19, 334, 1086, 1112]	352825
296	0.5106254182027237	0.7361972677400905	2.2891027279696745	3.1952818523887894	[382, 409, 19, 241, 132, 1108, 1086, 1112]	338756
297	0.5118015122065243	0.7371436263937652	2.2891027279696745	3.246750777944097	[1500, 786, 19, 734, 1203, 174, 1086, 1096]	356578
298	0.5129747797514992	0.7383752524675137	2.2891027279696745	3.9996618679832086	[157, 320, 232, 10, 158, 1115, 1086, 1096]	338467
299	0.5141452276303617	0.7394478757946785	2.2891027279696745	3.3941741992296928	[1794, 107, 734, 19, 132, 1108, 1086, 1112]	350281
300	0.5153128626195008	0.7408431093984436	2.2891027279696745	2.8849793941289015	[394, 432, 422, 19, 132, 1108, 1086, 1112]	335678
301	0.5164776914790197	0.7419056148719376	2.2891027279696745	3.6557898660543753	[1873, 10, 811, 3459, 1203, 174, 1086, 1112]	304486
302	0.5176397209527754	0.7432876875001	2.2891027279696745	3.8009259199488996	[2005, 19, 241, 1720, 132, 1108, 1086, 1112]	330492
303	0.5187989577684178	0.744208610177276	2.2891027279696745	3.4235220384265777	[160, 1799, 10, 734, 1203, 174, 1086, 1112]	336468
304	0.5199554086374283	0.7452573175881745	2.2891027279696745	3.619087609717594	[3819, 438, 1580, 301, 2627, 261, 1086, 1112]	333963
305	0.521109080255159	0.7464509265749022	2.2891027279696745	3.602225961564928	[1726, 132, 1032, 370, 1713, 174, 1086, 1112]	323189
306	0.5222599793008715	0.7476389428498011	2.2891027279696745	3.8292693641769366	[107, 1549, 162, 2636, 836, 1089, 1086, 1112]	327048
307	0.5234081124377751	0.7488213926177893	2.2891027279696745	2.5712032091418053	[107, 10, 734, 19, 132, 1108, 1086, 1112]	297640
308	0.5245534863130658	0.7497224638336855	2.2891027279696745	2.5712032091418053	[107, 10, 734, 19, 132, 1108, 1086, 1096]	283116
309	0.5256961075579647	0.7507485652483614	2.2891027279696745	2.6565690702175355	[2872, 241, 19, 734, 1203, 174, 1086, 1096]	353941
310	0.5268359827877562	0.7517704597968148	2.2891027279696745	2.86274021440164	[2636, 162, 107, 734, 1203, 174, 1086, 1112]	331205
311	0.5279731186018268	0.7524522425915623	2.23202490513811	2.23202490513811	[320, 232, 10, 734, 1203, 174, 1086, 1112]	322008
312	0.5291075215837026	0.7536121394140716	2.23202490513811	3.598881937361716	[19, 1126, 241, 132, 1713, 174, 1086, 1112]	330193
313	0.5302391983010879	0.7551514221749167	2.23202490513811	3.172579377897966	[2405, 1742, 400, 19, 132, 1108, 1086, 1096]	291045
314	0.5313681553059033	0.7564898801440771	2.23202490513811	3.5741700138985717	[2194, 1742, 400, 19, 132, 1108, 1086, 1112]	303959
315	0.5324943991343231	0.757363441639096	2.23202490513811	4.429494642992446	[19, 132, 217, 496, 3366, 150, 1086, 1112]	271889
316	0.5336179363068136	0.7585003268042605	2.23202490513811	4.101166995382427	[331, 241, 1587, 132, 19, 334, 1086, 1112]	339150
317	0.534738773328171	0.7593666760783205	2.23202490513811	3.9647989073413497	[420, 158, 10, 415, 255, 174, 1086, 1112]	362471
318	0.5358569166875584	0.7610847696625771	2.23202490513811	3.6089400433623293	[1792, 496, 2729, 438, 2627, 261, 1086, 1112]	320895
319	0.536972372858544	0.761834712838162	2.23202490513811	4.219076975727231	[1820, 10, 162, 107, 1546, 234, 1086, 1112]	309103
320	0.5380851482991382	0.7628111557975537	2.23202490513811	3.7513992540674366	[734, 19, 132, 1032, 1729, 1094, 1086, 1112]	298639
321	0.5391952494518312	0.7640812811011901	2.23202490513811	3.9439847737388174	[1715, 132, 1031, 241, 1729, 1094, 1086, 1112]	321620
322	0.5403026827436301	0.7648218183745192	2.23202490513811	3.902492262325489	[1259, 734, 19, 132, 217, 261, 1086, 1112]	333377
323	0.5414074545860965	0.7659237569598115	2.23202490513811	3.920080727204974	[1529, 2229, 494, 10, 158, 1115, 1086, 1112]	357751
324	0.5425095713753831	0.7667634756250545	2.23202490513811	3.9314727271904575	[107, 162, 10, 161, 1713, 174, 1086, 1112]	324034
325	0.5436090394922712	0.7680124366052262	2.23202490513811	3.9108820598196443	[1579, 1580, 261, 217, 132, 1108, 1086, 1112]	358854
326	0.5447058653022072	0.768740634174476	2.23202490513811	4.889251559714202	[734, 19, 1987, 653, 240, 234, 1086, 1112]	331601
327	0.5458000551553399	0.7696887638630828	2.23202490513811	3.9508081990773105	[734, 10, 162, 107, 836, 1089, 1086, 1112]	344923
328	0.5468916153865568	0.7710982453717958	2.23202490513811	3.9997232796722093	[2047, 232, 320, 157, 1713, 174, 1086, 1112]	330871
329	0.5479805523155213	0.7720367091981688	2.23202490513811	3.1794985509349294	[846, 162, 107, 734, 1203, 174, 1086, 1112]	288060
330	0.5490668722467089	0.7729713254596559	2.23202490513811	3.807016559897331	[837, 162, 107, 10, 158, 1115, 1086, 1112]	334870
331	0.5501505814694436	0.7740350791408632	2.23202490513811	3.602225961564928	[1715, 132, 1032, 370, 1713, 174, 1086, 1112]	343350
332	0.5512316862579348	0.7750938485534685	2.23202490513811	3.3506046449898053	[305, 3083, 19, 241, 132, 1108, 1086, 1112]	341116
333	0.5523101928713134	0.7759006706847739	2.23202490513811	3.969414386178176	[193, 232, 10, 159, 1713, 174, 1086, 1112]	327884
334	0.5533861075536677	0.7768194452674255	2.23202490513811	3.8465656557873755	[2040, 438, 3366, 3459, 1203, 174, 1086, 1112]	328597
335	0.5544594365340798	0.7776200770406212	2.23202490513811	2.6937553845550912	[1019, 10, 734, 19, 132, 1108, 1086, 1096]	294510
336	0.5555301860266624	0.7788109018794588	2.23202490513811	3.664669885776984	[3819, 438, 2729, 301, 2627, 261, 1086, 1112]	330741
337	0.556598362230593	0.7797177449384443	2.23202490513811	2.3053561782236596	[2047, 232, 10, 734, 1203, 174, 1086, 1112]	347865
338	0.5576639713301517	0.7806208700730807	2.23202490513811	2.6398991473567586	[318, 158, 10, 734, 1203, 174, 1086, 1112]	341724
339	0.558727019494756	0.7817956259303677	2.23202490513811	2.6565690702175355	[2872, 241, 19, 734, 1203, 174, 1086, 1112]	326612
340	0.5597875128789963	0.7824805587451789	2.23202490513811	4.166051237994716	[3131, 162, 107, 420, 158, 1115, 1086, 1112]	321408
341	0.5608454576226725	0.7832608819958539	2.23202490513811	4.0182549872101685	[1580, 438, 3366, 496, 217, 261, 1086, 1112]	359380
342	0.5619008598508284	0.7841494807850472	2.23202490513811	3.713383726624831	[1791, 420, 3, 19, 132, 1108, 1086, 1112]	334697
343	0.5629537256737882	0.7849238169907768	2.23202490513811	3.358951777602587	[19, 132, 1032, 370, 1713, 174, 1086, 1112]	240880
344	0.5640040611871913	0.7860755309475109	2.23202490513811	4.387840494879323	[237, 157, 651, 734, 1203, 174, 1086, 1112]	336959
345	0.5650518724720273	0.7869525900863013	2.23202490513811	4.089218113761861	[195, 10, 734, 19, 132, 261, 1086, 1112]	294833
346	0.5660971655946722	0.7876213354438708	2.23202490513811	3.4711274093700517	[837, 162, 10, 734, 19, 334, 1086, 1112]	294037
347	0.5671399466069225	0.7887586044276306	2.23202490513811	4.00269815191969	[3621, 1720, 241, 1723, 132, 1108, 1086, 1112]	341712
348	0.568180221546031	0.7896246633562709	2.23202490513811	2.655915050362384	[420, 162, 10, 734, 1203, 174, 1086, 1112]	328964
349	0.569217996434741	0.7903793580428915	2.23202490513811	2.5355140376147673	[359, 158, 10, 734, 1203, 174, 1086, 1112]	325219
350	0.5702532772813219	0.7916622152045258	2.23202490513811	4.069182217367126	[734, 19, 1126, 241, 1729, 1094, 1086, 1112]	319574
351	0.5712860700796036	0.7927778456342034	2.23202490513811	3.95309181086255	[1819, 241, 217, 261, 132, 1108, 1086, 1112]	340064
352	0.5723163808090113	0.7936274262597921	2.23202490513811	3.8721482353335563	[1265, 87, 160, 320, 836, 1089, 1086, 1112]	355546
353	0.5733442154346	0.7945943947956426	2.23202490513811	4.119931694202554	[160, 331, 241, 132, 387, 344, 1086, 1112]	330559
354	0.5743695799070891	0.7954365278344725	2.23202490513811	3.799629496739959	[669, 673, 670, 132, 1713, 174, 1086, 1112]	327432
355	0.5753924801628971	0.7965319471535002	2.23202490513811	3.722693568181798	[1820, 10, 232, 1192, 836, 1089, 1086, 1112]	356844
356	0.5764129221241756	0.7976215005988613	2.23202490513811	3.358720242438106	[1819, 1513, 2680, 241, 132, 1108, 1086, 1112]	328712
357	0.5774309116988436	0.798569754708925	2.23202490513811	4.637815016091301	[1500, 786, 77, 19, 132, 1094, 1086, 1112]	300916
358	0.5784464547806221	0.7995135657291351	2.23202490513811	2.86274021440164	[2636, 162, 107, 734, 1203, 174, 1086, 1112]	345646
359	0.5794595572490676	0.8003355308842179	2.23202490513811	3.3778428664368425	[4356, 669, 673, 670, 132, 1108, 1086, 1112]	292924
360	0.580470224969607	0.8010518016997641	2.23202490513811	2.8480848840704303	[119, 409, 19, 734, 1203, 174, 1086, 1112]	300125
361	0.5814784637935708	0.8019839829704336	2.23202490513811	4.220499771604748	[160, 331, 808, 1265, 255, 174, 1086, 1112]	300736
362	0.582484279558227	0.8026943401743821	2.23202490513811	3.7866876418367674	[320, 232, 193, 1265, 255, 174, 1086, 1112]	348545
363	0.5834876780868156	0.8037508945496011	2.23202490513811	4.411077652987449	[2868, 1468, 2307, 420, 158, 1115, 1086, 1112]	326984
364	0.5844886651885814	0.8045554872742064	2.23202490513811	3.6430422008998526	[2872, 241, 1720, 132, 1713, 174, 1086, 1112]	295269
365	0.5854872466588084	0.8052566195344631	2.23202490513811	3.3509115332840214	[241, 132, 1032, 370, 1713, 174, 1086, 1112]	330767
366	0.5864834282788529	0.806055039006124	2.23202490513811	4.276281989893495	[545, 132, 1031, 241, 217, 261, 1086, 1112]	356644
367	0.5874772158161772	0.8066638227146008	2.23202490513811	3.9997232796722093	[2047, 232, 320, 157, 1713, 174, 1086, 1112]	355283
368	0.5884686150243825	0.8076991208615447	2.23202490513811	3.820777809481389	[2040, 438, 496, 217, 132, 1108, 1086, 1112]	356320
369	0.5894576316432434	0.8084875264338143	2.23202490513811	3.9241498096099496	[837, 162, 107, 420, 158, 1115, 1086, 1112]	358733
370	0.5904442713987395	0.8093848672616442	2.23202490513811	3.432062459683153	[457, 540, 409, 19, 132, 1108, 1086, 1112]	352567
371	0.5914285400030896	0.8104055944554593	2.23202490513811	3.4969634376006296	[1917, 10, 734, 19, 132, 1094, 1086, 1112]	294795
372	0.5924104431547851	0.8111829038805235	2.23202490513811	4.030961372299795	[2872, 241, 1720, 132, 387, 344, 1086, 1112]	342122
373	0.5933899865386218	0.812194002747112	2.23202490513811	3.686312996656473	[3869, 438, 2729, 301, 2627, 261, 1086, 1112]	347654
374	0.5943671758257337	0.8130739767034199	2.23202490513811	4.601099245440412	[158, 1557, 15, 432, 422, 334, 1086, 1096]	348741
375	0.5953420166736256	0.8140749490421294	2.23202490513811	3.358720242438106	[1819, 1513, 2680, 241, 132, 1108, 1086, 1112]	340833
376	0.596314514726206	0.8146585586468381	2.23202490513811	3.813906702256274	[1726, 132, 241, 19, 1987, 334, 1086, 1112]	348043
377	0.5972846756138193	0.8154184315386832	2.23202490513811	3.8700453810595805	[3621, 1720, 132, 241, 1729, 1094, 1086, 1112]	329276
378	0.5982525049532789	0.8160805943719709	2.23202490513811	3.3575937850316935	[193, 232, 10, 734, 19, 334, 1086, 1112]	322938
379	0.5992180083478995	0.8169423575178748	2.23202490513811	4.823484196038136	[238, 10, 734, 2229, 494, 636, 1086, 1112]	317774
380	0.6001811913875297	0.8174451403493992	2.23202490513811	2.5664221723022065	[1580, 438, 10, 734, 1203, 174, 1086, 1112]	333709
381	0.6011420596485841	0.818193588662471	2.23202490513811	2.854546524084043	[331, 241, 19, 734, 1203, 174, 1086, 1112]	311675
382	0.6021006186940759	0.8187642700596661	2.23202490513811	2.54041715625058	[1726, 132, 19, 734, 1203, 174, 1086, 1112]	326068
383	0.6030568740736487	0.8195073101332189	2.23202490513811	4.1875486681399	[813, 669, 668, 670, 132, 1094, 1086, 1112]	335672
384	0.604010831323609	0.8206119071693525	2.23202490513811	2.950952908405667	[1819, 1513, 1031, 241, 132, 1108, 1086, 1112]	310890
385	0.6049624959669582	0.8211046112817413	2.23202490513811	3.7336068627428736	[420, 158, 651, 19, 132, 1108, 1086, 1112]	340063
386	0.6059118735134243	0.8220625802818391	2.23202490513811	3.564880799384948	[421, 438, 2627, 261, 132, 1108, 1086, 1112]	346874
387	0.6068589694594942	0.8228963145474906	2.23202490513811	3.7530974312727032	[10, 107, 162, 1192, 836, 1089, 1086, 1112]	342069
388	0.6078037892884451	0.8236224138409821	2.23202490513811	3.7806540016874184	[2636, 162, 107, 10, 158, 1115, 1086, 1096]	344740
389	0.6087463384703768	0.8243455362332157	2.23202490513811	4.3178877198197405	[1606, 1019, 10, 438, 2627, 261, 1086, 1112]	341927
390	0.6096866224622426	0.8250656939290526	2.23202490513811	3.04291442173144	[669, 668, 670, 132, 241, 1126, 19, 794]	324711
391	0.6106246467078815	0.8257828990833158	2.23202490513811	3.7502079768988006	[456, 457, 540, 19, 132, 1108, 1086, 1112]	328441
392	0.6115604166380499	0.8264078807112853	2.23202490513811	2.6899556550870276	[420, 107, 10, 734, 1203, 174, 1086, 1112]	303752
393	0.612493937670452	0.8270306202973816	2.23202490513811	3.5199086642496216	[1265, 2308, 651, 734, 1203, 174, 1086, 1112]	359636
394	0.6134252152097724	0.8277397695399671	2.23202490513811	3.2667435776374703	[5869, 317, 324, 668, 670, 132, 19, 794]	350089
395	0.6143542546477068	0.8287939847558314	2.23202490513811	4.181175313694724	[1791, 1792, 496, 1879, 836, 1089, 1086, 1112]	300766
396	0.6152810613629928	0.8294959044611874	2.23202490513811	3.6567735963563965	[1792, 496, 3366, 3459, 1203, 174, 1086, 1112]	349291
397	0.616205640721442	0.8302948095319128	2.23202490513811	2.459814247391207	[421, 438, 2729, 301, 10, 734, 19, 794]	354196
398	0.6171279980759704	0.8312035658323904	2.23202490513811	4.3939981913361885	[2490, 390, 1781, 1402, 1078, 334, 1086, 1096]	344088
399	0.6180481387666295	0.8318091015098094	2.23202490513811	2.8073776924788323	[3819, 438, 2729, 496, 3366, 793, 2372, 794]	290450
400	0.6189660681206373	0.8327097489105422	2.23202490513811	3.3331971760863874	[317, 324, 668, 670, 132, 1108, 1086, 1112]	302279
401	0.6198817914524092	0.8333098813482833	2.23202490513811	3.3036751225217778	[420, 107, 734, 19, 132, 1108, 1086, 1112]	290001
402	0.6207953140635885	0.8337677094329591	2.23202490513811	2.688783307633825	[107, 232, 10, 734, 1203, 174, 1086, 1112]	331090
403	0.6217066412430774	0.8344492375921717	2.23202490513811	3.37240399288562	[1873, 10, 232, 320, 836, 1089, 1086, 1112]	334432
404	0.6226157782670674	0.8351279715852795	2.23202490513811	3.5987812398644117	[2872, 241, 19, 132, 217, 261, 1086, 1112]	327898
405	0.6235227303990702	0.8359004873369104	2.23202490513811	2.483499022557832	[2636, 162, 10, 734, 1203, 174, 1086, 1112]	354553
406	0.6244275028899477	0.8364891734075289	2.23202490513811	3.7524358462149285	[77, 19, 132, 241, 217, 261, 1086, 1112]	354159
407	0.6253301009779426	0.8370024258626532	2.23202490513811	3.6106931823205146	[1742, 400, 19, 132, 217, 261, 1086, 1096]	363695
408	0.6262305298887088	0.837587158869364	2.23202490513811	2.925855379199188	[320, 157, 10, 734, 1203, 174, 1086, 1096]	356360
409	0.6271287948353417	0.8383481519817004	2.23202490513811	4.207873515135921	[3869, 438, 2040, 1451, 1713, 174, 1086, 1112]	324864
410	0.6280249010184079	0.8392137833449209	2.23202490513811	4.610992470166475	[1529, 156, 1541, 159, 1713, 174, 1086, 1096]	358824
411	0.6289188536259762	0.8399671548307058	2.23202490513811	4.4647035352099085	[1742, 400, 1032, 132, 217, 261, 1086, 1112]	360233
412	0.629810657833647	0.8404694900729364	2.23202490513811	3.99972034827928	[811, 734, 19, 241, 217, 261, 1086, 1112]	296639
413	0.6307003188045821	0.8410417854290204	2.23202490513811	3.6861950080423638	[3621, 1720, 241, 132, 217, 261, 1086, 1112]	351350
414	0.6315878416895351	0.8417865917238657	2.23202490513811	3.5164253371862078	[2751, 331, 241, 19, 132, 1108, 1086, 1096]	336273
415	0.6324732316268808	0.8426338105460738	2.23202490513811	3.7612085605706653	[1529, 481, 1431, 19, 132, 1108, 1086, 1112]	343019
416	0.6333564937426458	0.8431277752869657	2.23202490513811	3.5802944292056704	[2872, 241, 132, 19, 1987, 334, 1086, 1112]	304237
417	0.6342376331505366	0.843770928540618	2.23202490513811	4.861633210509398	[3540, 359, 158, 10, 161, 1023, 1086, 1112]	318951
418	0.6351166549519708	0.8443313804073009	2.23202490513811	3.7862309722745717	[19, 734, 10, 157, 1713, 174, 1086, 1112]	320283
419	0.6359935642361056	0.8450607731479998	2.23202490513811	3.2564349534009795	[158, 10, 232, 320, 836, 1089, 1086, 1112]	317856
420	0.6368683660798682	0.846008985570829	2.23202490513811	3.382061594142434	[2267, 261, 217, 241, 132, 1108, 1086, 1112]	294480
421	0.6377410655479837	0.8464319345240342	2.23202490513811	3.969187258132693	[1549, 107, 10, 161, 1713, 174, 1086, 1112]	322036
422	0.6386116676930063	0.8472542779459915	2.23202490513811	2.8154115301407607	[1529, 2229, 734, 19, 132, 1108, 1086, 1112]	356123
423	0.6394801775553467	0.8477337392666131	2.23202490513811	2.509861580767745	[837, 162, 10, 734, 1203, 174, 1086, 1112]	360540
424	0.6403466001633031	0.8485491116391962	2.23202490513811	4.559585976324576	[734, 10, 494, 2229, 1468, 1089, 1086, 1112]	349437
425	0.641210940533089	0.8489650839277849	2.23202490513811	2.3939016388410064	[837, 162, 1549, 232, 10, 734, 19, 794]	324726
426	0.6420732036688623	0.8495843050669294	2.23202490513811	4.108965961063988	[2264, 232, 10, 301, 2627, 261, 1086, 1112]	298142
427	0.642933394562755	0.8502890849786315	2.23202490513811	4.633414381046269	[420, 162, 1805, 157, 1713, 174, 1086, 1112]	344126
428	0.6437915181949017	0.8508261537904908	2.23202490513811	4.130354712215397	[10, 301, 2729, 496, 217, 261, 1086, 1112]	340031
429	0.6446475795334683	0.8514377448144911	2.23202490513811	3.8165106098595487	[193, 232, 10, 301, 2627, 261, 1086, 1096]	332813
430	0.6455015835346811	0.8522332825646366	2.23202490513811	3.9747414059382056	[1580, 438, 2040, 1451, 1713, 174, 1086, 1112]	338318
431	0.6463535351428551	0.8528391045657837	2.23202490513811	3.1780623326561717	[715, 494, 2229, 734, 1203, 174, 1086, 1112]	328813
432	0.6472034392904229	0.8534424427850384	2.23202490513811	3.9215774064651168	[157, 10, 158, 420, 1822, 1094, 1086, 1112]	300044
433	0.6480513008979631	0.8541291452084738	2.23202490513811	3.550342183707693	[734, 10, 232, 1192, 836, 1089, 1086, 1112]	339795
434	0.6488971248742291	0.8545870266583635	2.23202490513811	3.5610679034489783	[1719, 132, 19, 734, 1203, 174, 1086, 1112]	357258
435	0.6497409161161771	0.8550434708408673	2.23202490513811	4.172583861458481	[1820, 10, 158, 420, 1546, 234, 1086, 1112]	339343
436	0.6505826795089948	0.8554984822674968	2.23202490513811	3.413959854467404	[813, 3284, 158, 420, 1582, 793, 2372, 794]	323676
437	0.6514224199261295	0.8560168630310461	2.23202490513811	2.945929208578578	[2040, 438, 2627, 261, 217, 241, 19, 794]	325607
438	0.652260142229316	0.8565333841697262	2.23202490513811	3.9647989073413497	[420, 158, 10, 415, 255, 174, 1086, 1112]	361188
439	0.6530958512686056	0.8569274269988498	2.23202490513811	2.3298370738744723	[420, 158, 10, 734, 1203, 174, 1086, 1112]	352979
440	0.6539295518823933	0.857597800362558	2.23202490513811	4.0945331570315435	[1582, 420, 162, 1192, 836, 1089, 1086, 1112]	321010
441	0.6547612488974466	0.8581816286227333	2.23202490513811	4.063816893629046	[193, 232, 10, 158, 1546, 234, 1086, 1112]	298695
442	0.6555909471289323	0.8586903839409712	2.23202490513811	2.604369500782573	[10, 734, 19, 241, 132, 1108, 1086, 1112]	319879
443	0.6564186513804459	0.8591973141643973	2.23202490513811	3.4140753024856316	[10, 734, 19, 241, 132, 1094, 1086, 1112]	290608
444	0.6572443664440382	0.8598570518635437	2.23202490513811	3.920080727204974	[1529, 2229, 494, 10, 158, 1115, 1086, 1112]	344291
445	0.6580680971002433	0.8606075049683382	2.23202490513811	3.605533116154481	[734, 19, 400, 1032, 132, 1108, 1086, 1112]	341139
446	0.6588898481181069	0.861274242030033	2.23202490513811	3.7718797271212043	[394, 193, 232, 10, 158, 1115, 1086, 1112]	346171
447	0.6597096242552133	0.8617096953718751	2.23202490513811	3.717722483198492	[394, 193, 232, 734, 1203, 174, 1086, 1112]	339223
448	0.6605274302577127	0.8623576611890623	2.23202490513811	2.509861580767745	[837, 162, 10, 734, 1203, 174, 1086, 1112]	333818
449	0.6613432708603496	0.8629219747137062	2.23202490513811	3.9177428473877107	[2004, 19, 132, 1727, 1203, 174, 1086, 1112]	302151
450	0.6621571507864894	0.8637783555463987	2.23202490513811	4.00112251034354	[3895, 1030, 1032, 1729, 1822, 1094, 1086, 1112]	349251
451	0.662969074748146	0.8645078104164423	2.23202490513811	3.875456322734208	[1019, 1799, 232, 1192, 836, 1089, 1086, 1112]	298347
452	0.6637790474460092	0.8650633086426869	2.23202490513811	3.74393319068061	[1715, 132, 241, 1729, 1822, 1094, 1086, 1112]	334209
453	0.664587073569472	0.865695560944965	2.23202490513811	3.963310335773869	[19, 132, 1209, 241, 1729, 1094, 1086, 1112]	357686
454	0.6653931577966572	0.8663248507989296	2.23202490513811	3.9768539048896816	[1579, 4018, 241, 132, 1713, 174, 1086, 1112]	346724
455	0.666197304794445	0.86669200056175	2.23202490513811	3.8051113348868997	[320, 232, 10, 159, 1713, 174, 1086, 1112]	346625
456	0.6669995192185001	0.8672385439267938	2.23202490513811	3.6946851958319593	[432, 422, 19, 132, 387, 344, 1086, 1112]	299433
457	0.6677998057132982	0.8676552756178718	2.23202490513811	3.306766024432017	[432, 422, 19, 132, 1713, 174, 1086, 1112]	329026
458	0.6685981689121532	0.868363969923482	2.23202490513811	2.6716838888510717	[1265, 415, 10, 734, 1203, 174, 1086, 1112]	298452
459	0.6693946134372437	0.8690835546359994	2.23202490513811	3.678555123640563	[2298, 2297, 400, 19, 132, 1108, 1086, 1112]	326829
460	0.6701891438996405	0.8698847500619026	2.23202490513811	3.6410681473133657	[420, 1879, 496, 217, 132, 1108, 1086, 1112]	292059
461	0.6709817648993324	0.8702421222693741	2.23202490513811	3.7725498590609963	[107, 162, 420, 158, 1713, 174, 1086, 1112]	330671
462	0.6717724810252532	0.870649425875532	2.23202490513811	3.2506945422089704	[1851, 159, 651, 734, 1203, 174, 1086, 1112]	292111
463	0.6725612968553089	0.871004697838154	2.23202490513811	3.7871674441853447	[320, 232, 10, 161, 1713, 174, 1086, 1112]	341000
464	0.6733482169564027	0.8715335597730378	2.23202490513811	3.7945435553377305	[1742, 400, 19, 132, 387, 344, 1086, 1112]	297100
465	0.6741332458844631	0.8719368096202904	2.23202490513811	4.011818429003773	[377, 162, 1549, 107, 1546, 234, 1086, 1096]	300320
466	0.6749163881844692	0.8725368558059512	2.23202490513811	3.202068030768813	[195, 3284, 811, 734, 1203, 174, 1086, 1112]	338533
467	0.6756976483904773	0.8731340904465938	2.23202490513811	2.3672254211503034	[1549, 162, 10, 734, 1203, 174, 1086, 1112]	284228
468	0.6764770310256473	0.8735892057152406	2.23202490513811	4.727753661676481	[843, 1872, 193, 1265, 255, 174, 1086, 1112]	294735
469	0.6772545406022688	0.8741074715445786	2.23202490513811	3.7784467420323216	[420, 107, 811, 3459, 1203, 174, 1086, 1096]	329787
470	0.6780301816217869	0.8746236125595652	2.23202490513811	4.258919426199549	[2627, 301, 2729, 438, 240, 234, 1086, 1112]	296669
471	0.678803958574829	0.8752110696019246	2.23202490513811	4.00218725461718	[1549, 162, 10, 415, 255, 174, 1086, 1112]	288917
472	0.6795758759412301	0.8756027759264163	2.23202490513811	4.0248875867653044	[837, 232, 10, 734, 19, 334, 1086, 1112]	293247
473	0.6803459381900592	0.8761856450521256	2.23202490513811	2.6937553845550912	[1019, 10, 734, 19, 132, 1108, 1086, 1112]	329786
474	0.6811141497796445	0.8767657831167501	2.23202490513811	2.970867311564371	[1820, 733, 734, 19, 132, 1108, 1086, 1112]	289310
475	0.6818805151576002	0.877343202916807	2.23202490513811	3.518457163244806	[734, 1460, 19, 241, 132, 1108, 1086, 1112]	290992
476	0.6826450387608515	0.8779179171888545	2.23202490513811	3.9635793614626493	[3621, 1720, 241, 1729, 1822, 1094, 1086, 1112]	346312
477	0.6834077250156605	0.8785716559556185	2.23202490513811	4.705156295974996	[359, 158, 232, 1879, 836, 1089, 1086, 1096]	289236
478	0.6841685783376521	0.8791406142523696	2.23202490513811	3.8925682047823784	[1579, 1580, 438, 10, 158, 1115, 1086, 1112]	317800
479	0.6849276031318388	0.8798956708063947	2.23202490513811	3.995154322867128	[2196, 2197, 4018, 241, 132, 1094, 1086, 1112]	292506
480	0.6856848037926471	0.8804584253684222	2.23202490513811	2.376330188143222	[107, 162, 10, 734, 1203, 174, 1086, 1112]	341597
481	0.6864401847039425	0.881098559938354	2.23202490513811	3.614137437755602	[542, 457, 540, 19, 132, 1108, 1086, 1112]	349147
482	0.687193750239055	0.8815860385100353	2.23202490513811	4.350997600369223	[3819, 438, 10, 159, 1713, 174, 1086, 1112]	296766
483	0.6879455047608041	0.8823107199971093	2.23202490513811	3.3778428664368425	[813, 669, 673, 670, 132, 1108, 1086, 1112]	349325
484	0.6886954526215245	0.8827932288892495	2.23202490513811	3.367189747680925	[813, 669, 811, 3459, 1203, 174, 1086, 1112]	292921
485	0.6894435981630911	0.883420860792621	2.23202490513811	3.290564441004423	[2004, 19, 241, 1720, 132, 1108, 1086, 1112]	286421
486	0.6901899457169443	0.8838988182693277	2.23202490513811	4.173457212593185	[1792, 496, 217, 241, 19, 334, 1086, 1112]	284984
487	0.6909344996041143	0.8844428158930138	2.23202490513811	4.008530522171472	[2051, 1849, 420, 158, 1546, 234, 1086, 1112]	290182
488	0.6916772641352477	0.8850616144037312	2.23202490513811	3.7516256909488623	[1879, 496, 3366, 3459, 1203, 174, 1086, 1112]	289228
489	0.6924182436106306	0.8856770993030985	2.23202490513811	3.9244188126901696	[1799, 232, 1792, 496, 217, 261, 1086, 1112]	346393
490	0.6931574423202151	0.8860872181273459	2.23202490513811	3.755354048290383	[1549, 162, 10, 438, 2627, 261, 1086, 1112]	294376
491	0.6938948645436429	0.886554243927662	2.23202490513811	3.572983607464278	[158, 10, 734, 19, 1987, 334, 1086, 1112]	348033
492	0.6946305145502709	0.8871617359278113	2.23202490513811	3.2855088655485964	[19, 241, 1729, 1032, 132, 1108, 1086, 1112]	298202
493	0.6953643965991958	0.8876243563617807	2.23202490513811	3.878442607972449	[2047, 232, 10, 159, 1713, 174, 1086, 1112]	341848
494	0.6960965149392779	0.8882261180043963	2.23202490513811	3.7891103713750693	[542, 2727, 1512, 1031, 132, 1108, 1086, 1112]	325785
495	0.6968268738091672	0.8886270925491828	2.23202490513811	3.7351903890873936	[320, 232, 10, 157, 1713, 174, 1086, 1112]	287619
496	0.6975554774373266	0.8890837052346134	2.23202490513811	4.2359838589833565	[1792, 496, 2729, 438, 8, 174, 1086, 1112]	291017
497	0.6982823300420571	0.889388345936789	2.23202490513811	4.306709809599947	[160, 107, 162, 420, 1822, 1094, 1086, 1112]	329818
498	0.6990074358315221	0.8900652780902752	2.23202490513811	3.396490005859392	[1265, 193, 232, 320, 836, 1089, 1086, 1112]	332886
499	0.6997307990037714	0.8905159944246355	2.23202490513811	4.121564711349442	[1580, 438, 10, 161, 1713, 174, 1086, 1112]	287235
