0	0.00240325927734375	0.005354911643957849	3.3280701539563653	3.3280701539563653	[1580, 1579, 4018, 241, 132, 1108, 1086, 1112]	324748
1	0.004800742899533361	0.009432811514222261	3.3280701539563653	3.5390150635545616	[2627, 261, 217, 132, 1713, 174, 1086, 1112]	337780
2	0.0071924647469656655	0.013493992589464598	3.3280701539563653	3.668792192773367	[1792, 232, 10, 438, 2627, 261, 1086, 1112]	315260
3	0.00957843866667929	0.017538523414307283	3.2788560961586866	3.2788560961586866	[2534, 494, 10, 734, 1203, 174, 1086, 1112]	308655
4	0.011958678472434925	0.023551088443688695	3.2788560961586866	3.3778428664368425	[813, 669, 673, 670, 132, 1108, 1086, 1112]	280098
5	0.01433319794479504	0.028779886089911555	3.2788560961586866	3.7891103713750693	[542, 2727, 1512, 1031, 132, 1108, 1086, 1096]	293305
6	0.01670201083120393	0.03333058424963198	3.2788560961586866	3.524719702234223	[320, 160, 331, 241, 132, 1108, 1086, 1112]	257026
7	0.019065130846067313	0.0385070135598915	3.2788560961586866	3.7812818120962417	[241, 1031, 1511, 2327, 387, 344, 1086, 1112]	246713
8	0.021422571670831503	0.04195624700933387	3.2788560961586866	3.482126209659638	[3621, 1720, 241, 132, 1713, 174, 1086, 1112]	371441
9	0.023774346954062775	0.04496349930318011	3.2788560961586866	4.282341738878589	[377, 162, 107, 10, 494, 636, 1086, 1096]	317855
10	0.026120470311526423	0.050077635381166274	3.2788560961586866	4.122004229052033	[837, 162, 1549, 10, 158, 1115, 1086, 1112]	322468
11	0.02846095532626547	0.05589106433105584	3.102610714536892	3.102610714536892	[3621, 1720, 241, 1031, 132, 1108, 1086, 1096]	260566
12	0.030795815548679273	0.060946684263834094	3.102610714536892	3.4074574088990133	[2004, 19, 241, 1209, 132, 1108, 1086, 1112]	318029
13	0.03312506449660224	0.0659752317985669	3.102610714536892	3.9504617084560882	[2751, 331, 241, 1587, 132, 1108, 1086, 1112]	264682
14	0.03544871565538188	0.06980459719297871	3.102610714536892	3.7095009159359256	[320, 232, 734, 19, 132, 1108, 1086, 1112]	264632
15	0.03776678247795695	0.07272443488315139	3.102610714536892	4.092761740156714	[377, 162, 10, 158, 1546, 234, 1086, 1112]	273164
16	0.04007927838493508	0.07652612952876525	3.102610714536892	4.149661345321038	[1819, 241, 1587, 132, 19, 334, 1086, 1112]	267317
17	0.042386216764671025	0.080312237780515	3.102610714536892	3.37240399288562	[1873, 10, 232, 320, 836, 1089, 1086, 1112]	362342
18	0.04468761097334362	0.08523708448722966	3.102610714536892	3.602225961564928	[1715, 132, 1032, 370, 1713, 174, 1086, 1112]	260954
19	0.04698347433503336	0.08952324975150239	3.102610714536892	3.453180887458757	[1580, 438, 2729, 301, 2627, 261, 1086, 1112]	261820
20	0.049273820141799596	0.09378933198402872	3.102610714536892	4.065536089672346	[158, 420, 162, 2636, 836, 1089, 1086, 1112]	241941
21	0.05155866165375744	0.0986420100420663	3.102610714536892	3.8130822386950776	[1799, 10, 811, 3459, 1203, 174, 1086, 1112]	237972
22	0.0538380120991544	0.10346870243786643	3.102610714536892	3.586866730706431	[421, 438, 1580, 301, 2627, 261, 1086, 1112]	326725
23	0.056111884674447055	0.10826954832235458	3.102610714536892	3.8462453237043617	[2627, 261, 217, 241, 132, 1094, 1086, 1112]	308889
24	0.05838029254437771	0.11304468610131502	3.102610714536892	3.4501439393570106	[811, 734, 19, 132, 1713, 174, 1086, 1112]	299200
25	0.06064324884205019	0.12043290196052936	3.102610714536892	3.5975221620810895	[3895, 1030, 1032, 370, 1713, 174, 1086, 1112]	299740
26	0.06290076666900601	0.1251429060554632	3.102610714536892	4.062309212933783	[2627, 438, 970, 261, 132, 1108, 1086, 1112]	254711
27	0.06515285909530044	0.12788903951162278	3.102610714536892	3.9589634028584584	[2627, 261, 217, 241, 19, 334, 1086, 1112]	257225
28	0.06739953915957797	0.13197535700662255	3.102610714536892	3.974311303955565	[1579, 1580, 301, 10, 158, 1115, 1086, 1112]	243762
29	0.06964081986914772	0.13553413150869087	2.5355140376147673	2.5355140376147673	[359, 158, 10, 734, 1203, 174, 1086, 1112]	251337
30	0.07187671420005914	0.13958462756055567	2.5355140376147673	2.7827026279132374	[1647, 1697, 241, 132, 19, 409, 4290, 794]	247765
31	0.07410723509717665	0.14267125796232338	2.5355140376147673	4.091866542281235	[1265, 415, 10, 301, 2627, 261, 1086, 1112]	320095
32	0.07633239547425485	0.14618618082964252	2.5355140376147673	3.5820402681263186	[1799, 1019, 10, 734, 19, 334, 1086, 1112]	326490
33	0.07855220821401321	0.15075827839168998	2.5355140376147673	3.506775811532669	[1535, 496, 217, 241, 132, 1108, 1086, 1112]	269111
34	0.08076668616821081	0.15682176423645688	2.5355140376147673	3.4009913776184764	[2607, 1587, 241, 1031, 132, 1108, 1086, 1112]	296501
35	0.08297584215772047	0.16133690918907895	2.5355140376147673	4.248879618961993	[988, 420, 162, 2636, 836, 1089, 1086, 1112]	304576
36	0.0851796889726033	0.16582787593942006	2.5355140376147673	3.3778428664368425	[4356, 669, 673, 670, 132, 1108, 1086, 1112]	288970
37	0.08737823937218236	0.16924786004863346	2.5355140376147673	3.7099358189029363	[2153, 158, 10, 734, 19, 334, 1086, 1096]	240422
38	0.08957150608511699	0.17369646435610198	2.5355140376147673	4.00112251034354	[3895, 1030, 1032, 1729, 1822, 1094, 1086, 1112]	242031
39	0.09175950180947601	0.1766607228943653	2.5355140376147673	3.7977634918190066	[119, 123, 19, 132, 1713, 174, 1086, 1112]	238372
40	0.09394223921281164	0.1805185183410285	2.5355140376147673	4.270536454740842	[1527, 651, 811, 3459, 1203, 174, 1086, 1112]	270370
41	0.0961197309322328	0.1843582379031541	2.5355140376147673	3.7336068627428736	[158, 420, 3, 19, 132, 1108, 1086, 1112]	292322
42	0.09829198957447793	0.18777191715300146	2.5355140376147673	4.588001261686684	[2607, 1587, 132, 19, 422, 334, 1086, 1112]	321800
43	0.10045902771598825	0.19000276821062567	2.4140447190854575	2.4140447190854575	[1549, 107, 10, 734, 1203, 174, 1086, 1112]	315895
44	0.10262085790298059	0.1933236387855639	2.4140447190854575	3.1264053718353413	[2872, 241, 1126, 19, 132, 1108, 1086, 1112]	355447
45	0.10477749265152003	0.19710335934519008	2.4140447190854575	3.1941925614291695	[841, 1820, 733, 734, 1203, 174, 1086, 1112]	270386
46	0.10692894444759216	0.2014027999151271	2.4140447190854575	3.7356206401472143	[1743, 193, 232, 320, 836, 1089, 1086, 1112]	305711
47	0.10907522574717565	0.2042676655085438	2.4140447190854575	3.628219205269515	[107, 734, 19, 132, 1713, 174, 1086, 1112]	245961
48	0.11121634897631416	0.20753005208399167	2.4140447190854575	3.4381808341943936	[1078, 334, 19, 241, 132, 1108, 1086, 1112]	239274
49	0.11335232653118832	0.2112432078166261	2.4140447190854575	4.534939688434766	[1807, 157, 842, 193, 1872, 1115, 1086, 1112]	274987
50	0.11548317077818748	0.21493896538100055	2.4140447190854575	3.5741700138985717	[378, 1742, 400, 19, 132, 1108, 1086, 1112]	246725
51	0.11760889405398145	0.2177552717073601	2.4140447190854575	4.029730269849744	[10, 232, 1792, 496, 3366, 150, 1086, 1112]	286666
52	0.11972950866559184	0.22096236106351608	2.4140447190854575	4.03816080429799	[377, 162, 1549, 438, 2627, 261, 1086, 1096]	269151
53	0.12184502689046317	0.2251340387873385	2.4140447190854575	3.6089400433623293	[1792, 496, 2729, 438, 2627, 261, 1086, 1112]	314513
54	0.1239554609765342	0.22791377158824488	2.4140447190854575	3.8036879454973533	[1799, 232, 10, 438, 2627, 261, 1086, 1112]	308354
55	0.1260608231423087	0.2306835324522858	2.4140447190854575	3.539820826569735	[158, 10, 811, 3459, 1203, 174, 1086, 1112]	304104
56	0.12816112557692616	0.23279652323839706	2.4140447190854575	3.3753105476877643	[1549, 107, 10, 734, 19, 334, 1086, 1112]	295663
57	0.13025638044023236	0.234903710521983	2.4140447190854575	4.039504892324713	[158, 10, 734, 19, 422, 636, 1086, 1112]	290955
58	0.1323465998628499	0.23764839587167297	2.4140447190854575	3.572983607464278	[158, 10, 734, 19, 1987, 334, 1086, 1096]	233694
59	0.13443179594624832	0.24173072135340967	2.4140447190854575	3.9140692822957135	[1529, 156, 673, 670, 132, 1108, 1086, 1112]	256966
60	0.13651198076281423	0.24483951486098043	2.4140447190854575	3.159553307904152	[734, 19, 241, 1209, 132, 1108, 1086, 1096]	271160
61	0.13858716635592117	0.2472099265400579	2.3838440667492105	2.3838440667492105	[1580, 301, 2627, 261, 217, 132, 19, 794]	264174
62	0.14065736473999924	0.24991046490945346	2.3838440667492105	3.7199577016724614	[1549, 162, 10, 158, 1713, 174, 1086, 1112]	274260
63	0.14272258790060488	0.25342504519673736	2.3838440667492105	4.102420254314126	[3284, 195, 190, 196, 1078, 334, 1086, 1112]	247065
64	0.14478284779449002	0.25692315775048025	2.3838440667492105	3.8142156725565552	[2047, 232, 1792, 496, 217, 261, 1086, 1112]	317971
65	0.14683815634967146	0.260404879731033	2.3838440667492105	2.9205297895886497	[2558, 415, 10, 734, 1203, 174, 1086, 1112]	294757
66	0.1488885254654998	0.26343711191143604	2.3838440667492105	3.426253688794504	[193, 1529, 2229, 734, 1203, 174, 1086, 1112]	280705
67	0.15093396701272854	0.2660794373231058	2.3838440667492105	3.6522075585682723	[320, 232, 10, 301, 2627, 261, 1086, 1112]	279849
68	0.15297449283358266	0.2687122837293925	2.3838440667492105	4.247197347899216	[320, 232, 10, 438, 8, 174, 1086, 1112]	267910
69	0.15501011474182713	0.2717104567643941	2.3838440667492105	4.386686459642638	[300, 301, 2729, 496, 3366, 150, 1086, 1112]	295349
70	0.1570408445228355	0.27469633772700364	2.3838440667492105	3.0179133925676274	[276, 132, 19, 734, 1203, 174, 1086, 1112]	236934
71	0.1590666939336579	0.27858027475351455	2.3838440667492105	3.775240781228942	[1873, 10, 232, 1192, 836, 1089, 1086, 1112]	247201
72	0.16108767470308916	0.2815379904637999	2.3838440667492105	3.532797874056784	[1879, 232, 10, 734, 19, 334, 1086, 1112]	262979
73	0.16310379853173695	0.2853852910444067	2.3838440667492105	3.885685440245399	[394, 193, 232, 1879, 836, 1089, 1086, 1112]	274603
74	0.16511507709208928	0.28762843152313167	2.3838440667492105	3.6529530773867895	[1114, 1987, 19, 734, 1203, 174, 1086, 1112]	290140
75	0.1671215220285821	0.2914431183299929	2.3838440667492105	2.687257635897571	[1917, 10, 734, 19, 132, 1108, 1086, 1112]	248674
76	0.1691231449576669	0.29434809825666475	2.3838440667492105	3.5987812398644117	[2872, 241, 19, 132, 217, 261, 1086, 1112]	273949
77	0.17111995746787756	0.29765446389373784	2.3838440667492105	3.9964668860129366	[1549, 162, 2636, 301, 2627, 261, 1086, 1112]	296362
78	0.17311197111989796	0.30053397820904226	2.3838440667492105	2.7456902916092707	[421, 438, 10, 734, 1203, 174, 1086, 1112]	317345
79	0.1750991974466285	0.3024551190159632	2.3838440667492105	3.8090600177359377	[77, 19, 132, 387, 344, 174, 1086, 1112]	297899
80	0.1770816479532532	0.3057234988206573	2.3838440667492105	4.1770637854222	[1549, 107, 420, 1879, 836, 1089, 1086, 1096]	349951
81	0.179059334117306	0.30944128814094884	2.3838440667492105	4.000490977819998	[2163, 324, 668, 670, 132, 1108, 1086, 1112]	293632
82	0.18103226738873734	0.31191857943827483	2.3838440667492105	4.0036982951226845	[669, 673, 670, 132, 217, 261, 1086, 1112]	275905
83	0.18300045918998054	0.31407843322770546	2.3838440667492105	3.827949602053642	[1792, 496, 217, 132, 19, 334, 1086, 1096]	237294
84	0.18496392091601777	0.3168906116629052	2.3838440667492105	3.012790528604537	[2297, 400, 19, 241, 132, 1108, 1086, 1112]	261308
85	0.18692266393444623	0.31969126057645925	2.3838440667492105	2.8859392283917114	[1723, 132, 19, 734, 1203, 174, 1086, 1112]	273335
86	0.18887669958554376	0.32213178140506726	2.3838440667492105	4.558312877540719	[107, 10, 1799, 1019, 1010, 1105, 1086, 1112]	266791
87	0.19082603918233454	0.32399360207381556	2.3838440667492105	3.306657264240542	[10, 734, 19, 132, 217, 261, 1086, 1096]	275245
88	0.1927706940106546	0.32676512976210614	2.3838440667492105	3.687659994819814	[1917, 10, 811, 3459, 1203, 174, 1086, 1112]	285505
89	0.19471067532921726	0.33037024300786144	2.3838440667492105	4.234559771023895	[1265, 193, 1872, 843, 3094, 174, 1086, 1112]	279599
90	0.19664599436967822	0.3340307555278622	2.3838440667492105	3.5975221620810895	[3895, 1030, 1032, 370, 1713, 174, 1086, 1112]	302269
91	0.19857666233670057	0.3381064200555669	2.3838440667492105	4.101810906559008	[1537, 156, 673, 670, 132, 1108, 1086, 1112]	330717
92	0.2005026904080197	0.3422415319669232	2.3838440667492105	3.7911665450092347	[2764, 3895, 1030, 1032, 132, 1108, 1086, 1096]	358586
93	0.20242408973450798	0.34493824580270016	2.3838440667492105	4.005826309827379	[2004, 19, 241, 1729, 1822, 1094, 1086, 1112]	316042
94	0.20434087144023938	0.34851912273890984	2.3838440667492105	3.9521776809202995	[1873, 10, 734, 19, 387, 344, 1086, 1112]	274753
95	0.20625304662255384	0.3525061199222942	2.3838440667492105	3.9869274015959357	[2051, 1849, 420, 1879, 836, 1089, 1086, 1112]	272043
96	0.20816062635212151	0.35482892162856783	2.3838440667492105	3.740884399471005	[320, 232, 1792, 496, 217, 261, 1086, 1112]	253612
97	0.21006362167300685	0.3571433905799959	2.3838440667492105	2.5664221723022065	[1580, 438, 10, 734, 1203, 174, 1086, 1112]	244501
98	0.21196204360273252	0.3605858309231743	2.3838440667492105	3.5200445668919675	[2764, 1511, 1031, 241, 132, 1108, 1086, 1112]	268566
99	0.21385590313234326	0.3632073358073268	2.3838440667492105	3.306766024432017	[432, 422, 19, 132, 1713, 174, 1086, 1112]	264361
100	0.2157452112264695	0.3661910582030651	2.3838440667492105	2.620774439524012	[1799, 1019, 10, 734, 1203, 174, 1086, 1112]	240033
101	0.21762997882339075	0.36818055334681943	2.3838440667492105	3.6861950080423638	[3621, 1720, 241, 132, 217, 261, 1086, 1096]	300107
102	0.21951021683509908	0.3707709209761373	2.3838440667492105	4.122004229052033	[837, 162, 1549, 10, 158, 1115, 1086, 1112]	238322
103	0.22138593614736213	0.3737192038328714	2.3838440667492105	3.2440727575381176	[195, 3284, 811, 3459, 1203, 174, 1086, 1112]	275200
104	0.22325714761978632	0.3775519790646229	2.3838440667492105	3.7739318074806363	[1647, 1697, 241, 1126, 132, 1108, 1086, 1112]	293318
105	0.22512386208587953	0.38046848895030516	2.3838440667492105	2.746466612994111	[1549, 162, 107, 734, 1203, 174, 1086, 1112]	330707
106	0.2269860903531139	0.383008477834893	2.3838440667492105	3.345885426328497	[1879, 496, 217, 241, 132, 1108, 1086, 1112]	365917
107	0.22884384320298856	0.3858994210353751	2.3838440667492105	2.6937553845550912	[1019, 10, 734, 19, 132, 1108, 1086, 1112]	352936
108	0.23069713139109171	0.38877681858362667	2.3838440667492105	3.625135630617468	[813, 807, 811, 3459, 1203, 174, 1086, 1112]	304762
109	0.23254596564716323	0.39164073394844723	2.3838440667492105	3.6941577434773336	[190, 195, 3284, 734, 1203, 174, 1086, 1112]	293293
110	0.23439035667515662	0.393823145218562	2.3838440667492105	3.0015263220368356	[2238, 1549, 107, 734, 1203, 174, 1086, 1096]	287537
111	0.23623031515330084	0.396663415779283	2.3838440667492105	3.4947154284515696	[1579, 4018, 241, 19, 132, 1108, 1086, 1096]	308190
112	0.23806585173416261	0.3994903781168436	2.3838440667492105	3.875456322734208	[1019, 1799, 232, 1192, 836, 1089, 1086, 1112]	353245
113	0.23989697704470747	0.40137534833062305	2.3053561782236596	2.3053561782236596	[2047, 232, 10, 734, 1203, 174, 1086, 1112]	309163
114	0.2417237016863618	0.4030195200423614	2.3053561782236596	3.291102902476779	[420, 158, 10, 734, 19, 334, 1086, 1112]	311810
115	0.24354603623507398	0.4062162977657021	2.3053561782236596	3.74393319068061	[1715, 132, 241, 1729, 1822, 1094, 1086, 1112]	301387
116	0.24536399124137553	0.40865072438747174	2.3053561782236596	4.137695992435555	[2627, 301, 2728, 496, 3366, 150, 1086, 1112]	338044
117	0.2471775772304423	0.41107517021496476	2.3053561782236596	3.69328878814052	[1579, 1580, 438, 1779, 132, 1108, 1086, 1096]	360362
118	0.24898680470215562	0.41269270057020935	2.3053561782236596	4.063816893629046	[193, 232, 10, 158, 1546, 234, 1086, 1112]	367559
119	0.2507916841311627	0.41544455692947013	2.3053561782236596	3.7718327601810104	[158, 10, 232, 1879, 836, 1089, 1086, 1112]	325987
120	0.25259222596693753	0.4178411490338956	2.3053561782236596	3.8023219002441593	[1792, 496, 217, 261, 132, 1108, 1086, 1112]	314287
121	0.25438844063384136	0.4205688820923582	2.3053561782236596	4.055200475345514	[10, 158, 420, 2307, 1468, 1089, 1086, 1112]	340231
122	0.2561803385311828	0.42328383422749405	2.3053561782236596	3.869567289340739	[432, 422, 19, 241, 1729, 1094, 1086, 1096]	302623
123	0.25796793003327845	0.42535272991146744	2.3053561782236596	3.159553307904152	[734, 19, 241, 1209, 132, 1108, 1086, 1112]	289571
124	0.25975122548951257	0.4289427794955274	2.3053561782236596	3.5975221620810895	[3895, 1030, 1032, 370, 1713, 174, 1086, 1112]	271785
125	0.2615302352243972	0.43200074045497305	2.3053561782236596	3.743450763630099	[1879, 496, 2729, 301, 2627, 261, 1086, 1112]	293074
126	0.26330496953763205	0.4346621280725831	2.3053561782236596	4.118424381137883	[1549, 107, 160, 320, 836, 1089, 1086, 1112]	339058
127	0.2650754387041637	0.4373110456315933	2.3053561782236596	3.8012792168708254	[1546, 1662, 370, 1032, 132, 1108, 1086, 1112]	356034
128	0.2668416529742458	0.4403241952652671	2.3053561782236596	3.4973354227970503	[2872, 241, 1031, 132, 1713, 174, 1086, 1112]	316030
129	0.26860362257349746	0.44261878447928527	2.3053561782236596	3.768291598879432	[1799, 232, 10, 158, 1713, 174, 1086, 1096]	324597
130	0.2703613577029633	0.4443683767434058	2.3053561782236596	3.5129266451749146	[2306, 420, 107, 734, 1203, 174, 1086, 1112]	376114
131	0.2721148685391722	0.44697181521139273	2.3053561782236596	3.276469057029505	[734, 19, 241, 132, 1713, 174, 1086, 1096]	366262
132	0.273864165234196	0.44956305514428396	2.3053561782236596	4.569411672787209	[4105, 3131, 162, 107, 836, 1089, 1086, 1112]	376332
133	0.27560925791570867	0.45219588491878515	2.3053561782236596	3.291713337473161	[3895, 1030, 1031, 241, 132, 1108, 1086, 1112]	297134
134	0.27735015668704466	0.45444180193579087	2.3053561782236596	2.7779111706204334	[3819, 438, 10, 734, 1203, 174, 1086, 1112]	336068
135	0.27908687162725754	0.4569980408896528	2.3053561782236596	3.593583950285944	[1402, 1078, 334, 19, 132, 1108, 1086, 1112]	354603
136	0.2808194127911783	0.45922426976720065	2.3053561782236596	3.9241498096099496	[837, 162, 107, 420, 158, 1115, 1086, 1096]	336614
137	0.2825477902094734	0.4621804053187648	2.3053561782236596	3.5586006529477885	[2078, 434, 422, 19, 132, 1108, 1086, 1112]	300290
138	0.28427201388870327	0.46438538725760004	2.3053561782236596	3.6901637387024984	[193, 394, 432, 422, 19, 334, 1086, 1112]	321763
139	0.2859920938113798	0.46689503506824226	2.3053561782236596	4.2229302453357365	[1791, 1792, 232, 1879, 836, 1089, 1086, 1112]	266338
140	0.28770803993602434	0.46908068771236844	2.3053561782236596	3.1941925614291695	[841, 1820, 733, 734, 1203, 174, 1086, 1112]	307737
141	0.2894198621972255	0.47074721736170877	2.3053561782236596	3.8182479553665223	[1819, 241, 1031, 132, 19, 334, 1086, 1096]	352861
142	0.29112757050569615	0.4729170766199744	2.3053561782236596	3.7718797271212043	[394, 193, 232, 10, 158, 1115, 1086, 1112]	323886
143	0.29283117474833154	0.47614277088710477	2.3053561782236596	2.668481012673639	[1742, 400, 19, 734, 1203, 174, 1086, 1112]	290302
144	0.29453068478826594	0.4782905091624401	2.3053561782236596	4.011818429003773	[377, 162, 1549, 107, 1546, 234, 1086, 1112]	294995
145	0.29622611046492986	0.48114241964442384	2.3053561782236596	3.699959032303717	[5415, 1587, 241, 19, 132, 1108, 1086, 1112]	313375
146	0.29791746159410726	0.48300375503313564	2.3053561782236596	3.4424362830909683	[87, 160, 107, 734, 1203, 174, 1086, 1112]	351521
147	0.2996047479679923	0.48542616559368423	2.3053561782236596	4.418753140547541	[1799, 232, 1879, 420, 158, 1115, 1086, 1112]	363420
148	0.30128797935524576	0.486839484841016	2.3053561782236596	4.268695837521908	[420, 158, 10, 438, 3366, 150, 1086, 1112]	342243
149	0.30296716550105185	0.48997997537569515	2.3053561782236596	4.283677347927844	[1792, 232, 1799, 1019, 1010, 1105, 1086, 1112]	353411
150	0.30464231612717463	0.4923696985231435	2.3053561782236596	4.089455262821741	[1647, 1697, 241, 132, 387, 344, 1086, 1112]	367331
151	0.3063134409320143	0.49547634470851976	2.3053561782236596	3.6534339862535683	[1647, 1697, 241, 1587, 132, 1108, 1086, 1112]	352757
152	0.3079805495906631	0.4978403143553457	2.3053561782236596	3.881776439095269	[241, 1720, 132, 387, 344, 174, 1086, 1112]	302857
153	0.30964365175496167	0.4998990958653684	2.3053561782236596	3.1264053718353413	[2872, 241, 1126, 19, 132, 1108, 1086, 1096]	345433
154	0.3113027570535547	0.501949436671314	2.3053561782236596	2.746466612994111	[1549, 162, 107, 734, 1203, 174, 1086, 1112]	353674
155	0.31295787509194684	0.5039913713788386	2.3053561782236596	3.7608201101022285	[3869, 438, 10, 734, 19, 334, 1086, 1112]	317078
156	0.31460901545255804	0.5060249344517205	2.3053561782236596	4.093935950794533	[1873, 10, 162, 420, 158, 1115, 1086, 1112]	356404
157	0.3162561876947795	0.5086701272820499	2.3053561782236596	3.8462453237043617	[2627, 261, 217, 241, 132, 1094, 1086, 1112]	294070
158	0.31789940135502837	0.5116770164894118	2.3053561782236596	3.663848643256939	[1792, 496, 1512, 1031, 132, 1108, 1086, 1112]	309948
159	0.3195386659468036	0.5134288129066611	2.3053561782236596	3.7815136499925073	[1549, 162, 107, 420, 158, 1115, 1086, 1112]	361510
160	0.3211739909607406	0.5164065794385246	2.3053561782236596	3.8714701692668365	[421, 438, 2040, 545, 132, 1108, 1086, 1112]	366878
161	0.32280538586466645	0.5189961794772306	2.3053561782236596	3.4284514918769835	[2307, 1468, 2229, 734, 1203, 174, 1086, 1112]	364824
162	0.32443286010365446	0.5215719124365362	2.3053561782236596	4.6219783794715354	[1799, 232, 1792, 420, 1822, 1094, 1086, 1112]	348270
163	0.326056423100079	0.5235333978538427	2.3053561782236596	3.38653863155936	[377, 162, 10, 734, 19, 334, 1086, 1112]	362492
164	0.3276760842536699	0.5252426610152408	2.3053561782236596	3.8418597733362745	[1582, 420, 158, 19, 132, 1108, 1086, 1112]	347725
165	0.3292918529415674	0.5271890968984689	2.3053561782236596	4.360273567306839	[300, 301, 2729, 438, 8, 174, 1086, 1112]	323033
166	0.3309037385183756	0.5284877108291067	2.3053561782236596	4.253316686073282	[119, 409, 19, 387, 344, 174, 1086, 1112]	339682
167	0.3325117503162174	0.5304208424811375	2.3053561782236596	4.505098360361593	[432, 422, 19, 1987, 653, 636, 1086, 1112]	366343
168	0.3341158976447879	0.5321053978134358	2.3053561782236596	3.3169550366173457	[1392, 3083, 19, 734, 1203, 174, 1086, 1112]	344427
169	0.3357161897914087	0.5340236974761905	2.3053561782236596	3.586866730706431	[421, 438, 1580, 301, 2627, 261, 1086, 1096]	331649
170	0.33731263602108175	0.5354863742070478	2.3053561782236596	3.4644322952363042	[1847, 420, 107, 734, 1203, 174, 1086, 1112]	345648
171	0.33890524557654256	0.537152757590393	2.3053561782236596	4.053600096849217	[1580, 301, 2729, 438, 3366, 150, 1086, 1112]	310547
172	0.34049402767831405	0.5388131630358994	2.3053561782236596	3.3102258924994956	[87, 160, 331, 241, 132, 1108, 1086, 1112]	353851
173	0.34207899152475973	0.5400798505153541	2.3053561782236596	2.4140447190854575	[1549, 107, 10, 734, 1203, 174, 1086, 1112]	332014
174	0.34366014629213726	0.5422348283086496	2.3053561782236596	3.7181112205656044	[1742, 400, 19, 241, 132, 1094, 1086, 1112]	344504
175	0.3452375011346511	0.5441115987829672	2.3053561782236596	4.679716603284968	[3131, 162, 1549, 157, 1713, 174, 1086, 1112]	347040
176	0.3468110651845061	0.5469015897635643	2.3053561782236596	3.576563806872099	[1743, 1742, 400, 654, 132, 1108, 1086, 1112]	345403
177	0.34838084755195975	0.5493278917163982	2.3053561782236596	3.5524909930593855	[331, 160, 2229, 734, 1203, 174, 1086, 1112]	355719
178	0.34994685732537534	0.5509446204211783	2.3053561782236596	3.8580464799931544	[1549, 162, 232, 320, 836, 1089, 1086, 1112]	354197
179	0.35150910357127463	0.5525555493179454	2.3053561782236596	3.6643804002798888	[1549, 162, 107, 10, 158, 1115, 1086, 1112]	351692
180	0.3530675953343899	0.5557502499832543	2.3053561782236596	3.663591123615868	[2607, 1587, 241, 1209, 132, 1108, 1086, 1112]	364442
181	0.3546223416377169	0.5575716091988842	2.3053561782236596	3.9375769146437385	[420, 1879, 232, 320, 836, 1089, 1086, 1112]	302491
182	0.35617335148256646	0.5599407741404026	2.3053561782236596	3.506775811532669	[1535, 496, 217, 241, 132, 1108, 1086, 1112]	336605
183	0.3577206338486171	0.5617449528178518	2.3053561782236596	3.654212737739737	[811, 734, 19, 132, 217, 261, 1086, 1112]	343001
184	0.3592641976939669	0.5631206138895033	2.3053561782236596	2.7456902916092707	[421, 438, 10, 734, 1203, 174, 1086, 1112]	341836
185	0.36080405195518517	0.5651676330872306	2.3053561782236596	4.366438921169302	[377, 162, 10, 1019, 1010, 1105, 1086, 1112]	305699
186	0.36234020554736446	0.566727538740218	2.3053561782236596	3.020181162092983	[19, 734, 811, 3459, 1203, 174, 1086, 1112]	270957
187	0.3638726673641719	0.5690476744880242	2.3053561782236596	3.74393319068061	[1715, 132, 241, 1729, 1822, 1094, 1086, 1112]	352357
188	0.36540144627790083	0.5704004126749689	2.3053561782236596	4.379244989107868	[1586, 107, 734, 19, 1987, 334, 1086, 1112]	341092
189	0.36692655113952244	0.572161708359155	2.3053561782236596	3.8507231544879126	[2538, 10, 232, 320, 836, 1089, 1086, 1112]	348817
190	0.36844799077873636	0.5741663650775888	2.3053561782236596	3.7502079768988006	[456, 457, 540, 19, 132, 1108, 1086, 1112]	355249
191	0.3699657740040224	0.5768267168159629	2.3053561782236596	3.995154322867128	[2196, 2197, 4018, 241, 132, 1094, 1086, 1112]	352628
192	0.3714799096026914	0.5791399818479456	2.3053561782236596	3.623620915048451	[3895, 1030, 1032, 132, 1713, 174, 1086, 1112]	346558
193	0.3729904063409356	0.5817156026612926	2.3053561782236596	4.00112251034354	[3895, 1030, 1032, 1729, 1822, 1094, 1086, 1112]	332662
194	0.37449727296388025	0.584275460935344	2.3053561782236596	3.7891103713750693	[542, 2727, 1512, 1031, 132, 1108, 1086, 1112]	369370
195	0.3760005181956336	0.5865016291102604	2.3053561782236596	4.23399709618056	[1579, 1580, 438, 79, 148, 1108, 1086, 1112]	346509
196	0.3775001507393376	0.588439095446166	2.3053561782236596	4.582079600852777	[111, 1550, 420, 158, 1713, 174, 1086, 1112]	356972
197	0.3789961792772184	0.5901264351605358	2.3053561782236596	4.1259950594266055	[1529, 87, 1265, 415, 255, 174, 1086, 1112]	362397
198	0.38048861247063637	0.5920469172948315	2.3053561782236596	3.1969259525338893	[4210, 415, 733, 734, 1203, 174, 1086, 1112]	318927
199	0.38197745896013646	0.5942314700075979	2.3053561782236596	4.519767866887617	[193, 1265, 87, 1075, 1078, 334, 1086, 1112]	332667
200	0.383462727365498	0.5964043246336059	2.3053561782236596	3.687647475626422	[300, 301, 1580, 438, 2627, 261, 1086, 1112]	339941
201	0.38494442628578507	0.5980590080694193	2.3053561782236596	3.919440109322614	[2238, 1549, 107, 10, 158, 1115, 1086, 1112]	356151
202	0.3864225642993957	0.6005188463527027	2.3053561782236596	3.472619534390886	[1019, 1799, 232, 320, 836, 1089, 1086, 1112]	359204
203	0.38789714996411195	0.6026580326339104	2.3053561782236596	4.050437681948892	[1794, 107, 162, 1192, 836, 1089, 1086, 1112]	357984
204	0.3893681918171492	0.604519797370632	2.3053561782236596	3.9140692822957135	[1529, 156, 673, 670, 132, 1108, 1086, 1112]	353697
205	0.3908356983752058	0.606372838719895	2.3053561782236596	4.1846771346594975	[2627, 301, 10, 161, 1713, 174, 1086, 1112]	370379
206	0.3922996781345123	0.608480677389212	2.3053561782236596	3.903874151172581	[245, 960, 455, 19, 132, 1108, 1086, 1096]	344739
207	0.3937601395708803	0.610876736108621	2.3053561782236596	3.576563806872099	[1743, 1742, 400, 654, 132, 1108, 1086, 1112]	347788
208	0.3952170911397521	0.6126999917182745	2.3053561782236596	3.9244188126901696	[1799, 232, 1792, 496, 217, 261, 1086, 1112]	326445
209	0.39667054127624946	0.6145147043768208	2.3053561782236596	3.8285755462112103	[2884, 3065, 1460, 19, 132, 1108, 1086, 1112]	340069
210	0.3981204983952221	0.6163209141126644	2.3053561782236596	4.017042519616047	[2636, 162, 107, 420, 1822, 1094, 1086, 1112]	371409
211	0.3995669708912969	0.6181186607666556	2.3053561782236596	3.4156840976195353	[1791, 1794, 107, 734, 1203, 174, 1086, 1112]	371318
212	0.401009967138926	0.6191675291910635	2.3053561782236596	2.955357446199882	[382, 409, 19, 734, 1203, 174, 1086, 1112]	319049
213	0.4024494954924358	0.6212068534233955	2.3053561782236596	4.0945331570315435	[988, 420, 162, 1192, 836, 1089, 1086, 1112]	320070
214	0.403885564286075	0.6229817067757433	2.3053561782236596	3.3331971760863874	[317, 324, 668, 670, 132, 1108, 1086, 1112]	312585
215	0.4053181818340631	0.6252890206595967	2.3053561782236596	4.363802480953192	[1797, 838, 1851, 159, 1713, 174, 1086, 1112]	362365
216	0.4067473564306381	0.6270447468226868	2.3053561782236596	3.598516588534495	[157, 651, 733, 734, 1203, 174, 1086, 1096]	311372
217	0.4081730963501049	0.6290418892506013	2.3053561782236596	3.807110909994381	[1917, 10, 232, 1192, 836, 1089, 1086, 1112]	316204
218	0.40959540984688314	0.6303726541568292	2.3053561782236596	3.8794956720925065	[107, 162, 10, 157, 1713, 174, 1086, 1112]	354608
219	0.4110143051555549	0.6330117498610703	2.3053561782236596	3.759617172412887	[846, 10, 232, 1879, 836, 1089, 1086, 1112]	352172
220	0.41242979049091255	0.6347312908082019	2.3053561782236596	3.874211628046723	[1019, 1799, 232, 10, 158, 1115, 1086, 1112]	355275
221	0.4138418740480061	0.6358778513490523	2.3053561782236596	3.3045975432088337	[841, 1019, 10, 734, 1203, 174, 1086, 1112]	358961
222	0.4152505640021906	0.6381062421303482	2.3053561782236596	3.4973354227970503	[2872, 241, 1031, 132, 1713, 174, 1086, 1112]	344902
223	0.4166558685091739	0.6395899537834215	2.3053561782236596	4.122004229052033	[837, 162, 1549, 10, 158, 1115, 1086, 1096]	318293
224	0.4180577957050633	0.6427422282401263	2.3053561782236596	4.551797427701482	[1643, 1640, 3018, 370, 1713, 174, 1086, 1112]	368721
225	0.419456353706413	0.6444161765667813	2.3053561782236596	3.34120469505008	[3, 19, 241, 1031, 132, 1108, 1086, 1112]	346427
226	0.420851550610271	0.6460822815287237	2.3053561782236596	3.012790528604537	[2297, 400, 19, 241, 132, 1108, 1086, 1112]	366145
227	0.4222433944942261	0.6475332925829518	2.3053561782236596	3.8815401500753905	[1819, 241, 132, 387, 344, 174, 1086, 1112]	351240
228	0.42363189341645446	0.64918479214915	2.3053561782236596	4.207873515135921	[3869, 438, 2040, 1451, 1713, 174, 1086, 1096]	312233
229	0.4250170554157664	0.651063376590548	2.3053561782236596	3.3778428664368425	[813, 669, 668, 670, 132, 1108, 1086, 1112]	366835
230	0.42639888851165286	0.6529319013782466	2.3053561782236596	3.994862145522606	[734, 19, 1829, 1779, 132, 1108, 1086, 1112]	356975
231	0.4277774007043319	0.6543548299895785	2.3053561782236596	3.7255388316538216	[2047, 232, 10, 301, 2627, 261, 1086, 1112]	341187
232	0.42915259997479493	0.6562057293351451	2.3053561782236596	3.0574251192122706	[734, 19, 241, 217, 132, 1108, 1086, 1096]	310761
233	0.43052449428485307	0.6578165937853656	2.3053561782236596	3.6251173318438195	[1529, 2229, 734, 19, 132, 1094, 1086, 1112]	348431
234	0.43189309157718303	0.6592194958698826	2.3053561782236596	3.6357977688474463	[19, 734, 10, 158, 1713, 174, 1086, 1112]	310235
235	0.4332583997753733	0.6606166462603578	2.3053561782236596	3.8925682047823784	[1579, 1580, 438, 10, 158, 1115, 1086, 1112]	351038
236	0.4346204267839697	0.6620080685378982	2.3053561782236596	2.5664221723022065	[1580, 438, 10, 734, 1203, 174, 1086, 1112]	352111
237	0.4359791804885218	0.6635917458510796	2.3053561782236596	4.3580212664970075	[87, 160, 331, 241, 217, 261, 1086, 1112]	359672
238	0.43733466875562776	0.665168002768687	2.3053561782236596	3.0413108580542865	[3284, 811, 734, 19, 132, 1108, 1086, 1112]	341227
239	0.43868689943298045	0.6667368740593378	2.3053561782236596	2.6937553845550912	[1019, 10, 734, 19, 132, 1108, 1086, 1112]	365584
240	0.44003588034941277	0.6681032042950639	2.3053561782236596	3.947748033706058	[1723, 132, 1032, 370, 1713, 174, 1086, 1112]	346324
241	0.4413816193149427	0.6696583225589875	2.3053561782236596	3.664881052757835	[3353, 2872, 241, 1031, 132, 1108, 1086, 1112]	351469
242	0.44272412412081874	0.6708433811913891	2.3053561782236596	2.3963279564293862	[193, 232, 10, 734, 1203, 174, 1086, 1112]	349484
243	0.4440634025395652	0.6720241885771023	2.3053561782236596	3.9647989073413497	[420, 158, 10, 415, 255, 174, 1086, 1112]	353593
244	0.4453994623250269	0.6729250010474412	2.3053561782236596	2.376330188143222	[107, 162, 10, 734, 1203, 174, 1086, 1112]	340039
245	0.4467323112124141	0.6742659608645754	2.3053561782236596	4.163849954451613	[1807, 157, 10, 161, 1713, 174, 1086, 1112]	338420
246	0.4480619569183474	0.6756014229419345	2.3053561782236596	3.8600189149223176	[2047, 232, 193, 1265, 255, 174, 1086, 1112]	354597
247	0.44938840714090234	0.6766196941450325	2.3053561782236596	4.191579755495888	[1791, 420, 158, 10, 494, 636, 1086, 1096]	315709
248	0.450711669559654	0.6783513671102819	2.3053561782236596	3.9681319897185956	[2739, 2873, 2872, 241, 132, 1108, 1086, 1096]	335554
249	0.4520317518357214	0.6800737671198063	2.3053561782236596	4.148096826825981	[1849, 420, 1822, 1729, 132, 1108, 1086, 1112]	338026
250	0.453348661611812	0.6820316833594151	2.3053561782236596	4.604820481003015	[669, 673, 1032, 1729, 1822, 1094, 1086, 1112]	353938
251	0.45466240651226575	0.6833353071065749	2.3053561782236596	2.8690577808060542	[2238, 1549, 10, 734, 1203, 174, 1086, 1112]	360279
252	0.45597299414309944	0.6850310185577801	2.3053561782236596	2.8859392283917114	[677, 132, 19, 734, 1203, 174, 1086, 1112]	340106
253	0.4572804320920506	0.6861609296040891	2.3053561782236596	3.288219694895293	[107, 10, 232, 320, 836, 1089, 1086, 1112]	350794
254	0.45858472792862137	0.6872867872386408	2.3053561782236596	2.888081626727973	[1579, 1583, 162, 1549, 107, 734, 19, 794]	368489
255	0.45988588920412254	0.6885688658259459	2.3053561782236596	3.6382931079285834	[1791, 420, 158, 19, 132, 1108, 1086, 1112]	360542
256	0.461183923451717	0.6895464328626251	2.3053561782236596	2.951785734216145	[2046, 232, 10, 734, 1203, 174, 1086, 1112]	343022
257	0.4624788381864636	0.6912088842841972	2.3053561782236596	2.8045139948008613	[377, 162, 107, 734, 1203, 174, 1086, 1112]	339624
258	0.4637706409053606	0.69247488284535	2.3053561782236596	3.8815401500753905	[1819, 241, 132, 387, 344, 174, 1086, 1112]	347128
259	0.46505933908738883	0.6934401890864185	2.280663565633288	2.280663565633288	[1792, 232, 10, 734, 1203, 174, 1086, 1112]	359432
260	0.46634494019355544	0.6946970396231451	2.280663565633288	3.586866730706431	[421, 438, 1580, 301, 2627, 261, 1086, 1112]	335537
261	0.46762745166693676	0.6961275512034197	2.280663565633288	3.1780623326561717	[715, 494, 2229, 734, 1203, 174, 1086, 1112]	313475
262	0.46890688093272137	0.6977547613177586	2.280663565633288	3.3369086815824263	[846, 10, 734, 19, 132, 1094, 1086, 1112]	361134
263	0.47018323539825324	0.6991709457972152	2.280663565633288	3.751501517921768	[10, 301, 2729, 438, 2627, 261, 1086, 1112]	337917
264	0.4714565224530747	0.7004043010668148	2.280663565633288	3.5987812398644117	[2872, 241, 19, 132, 217, 261, 1086, 1112]	337935
265	0.47272674946896887	0.7022377964916113	2.280663565633288	3.160726770687111	[1879, 1794, 1791, 420, 1582, 793, 4290, 794]	353526
266	0.4739939238000027	0.7034585781204267	2.280663565633288	2.7486699903006286	[2153, 158, 10, 734, 1203, 174, 1086, 1112]	335704
267	0.4752580527825695	0.7046743547225204	2.280663565633288	3.521461549748267	[2627, 438, 496, 217, 132, 1108, 1086, 1096]	342820
268	0.47651914373543125	0.7064817178501269	2.280663565633288	3.2630822718424026	[3621, 1720, 241, 217, 132, 1108, 1086, 1112]	358963
269	0.477777203959761	0.7074030573239511	2.280663565633288	3.717722483198492	[394, 193, 232, 734, 1203, 174, 1086, 1112]	348722
270	0.47903224073918504	0.7087740342523583	2.280663565633288	3.707532438555705	[1791, 1792, 232, 320, 836, 1089, 1086, 1112]	357701
271	0.4802842613398256	0.7101385874029876	2.280663565633288	3.71402166193014	[1794, 1791, 420, 158, 1713, 174, 1086, 1112]	361857
272	0.4815332730103422	0.7116907696564374	2.280663565633288	4.047089994631571	[2297, 400, 654, 493, 217, 261, 1086, 1096]	343982
273	0.48277928298197414	0.7132346401110647	2.280663565633288	3.295170776460333	[2872, 241, 1729, 1032, 132, 1108, 1086, 1112]	375752
274	0.48402229846858214	0.7147702432758178	2.280663565633288	4.308550000413927	[2047, 232, 1879, 420, 158, 1115, 1086, 1112]	345558
275	0.48526232666669	0.7159396436997052	2.280663565633288	2.8154115301407607	[1529, 2229, 734, 19, 132, 1108, 1086, 1096]	351740
276	0.4864993747555266	0.7168312952087393	2.280663565633288	3.5466981557212787	[2607, 1587, 241, 1720, 132, 1108, 1086, 1112]	362052
277	0.48773344989706724	0.7178471268187208	2.280663565633288	4.3015290591146975	[320, 232, 10, 494, 2627, 261, 1086, 1112]	347136
278	0.48896455923607496	0.7188593142623716	2.280663565633288	3.3335796864929836	[77, 19, 241, 217, 132, 1108, 1086, 1112]	315634
279	0.4901927099001423	0.7201766123525626	2.280663565633288	3.381314668475178	[734, 19, 241, 1729, 132, 1108, 1086, 1112]	332373
280	0.49141790899973226	0.721487738179732	2.280663565633288	3.69377386549397	[2051, 1849, 420, 158, 1713, 174, 1086, 1112]	341105
281	0.4926401636282195	0.7227927206643125	2.280663565633288	3.114481315373401	[1265, 808, 331, 241, 132, 1108, 1086, 1112]	350406
282	0.49385948086193154	0.7235540931966676	2.280663565633288	2.5664221723022065	[1580, 438, 10, 734, 1203, 174, 1086, 1112]	311597
283	0.49507586776018964	0.7250344366019332	2.280663565633288	3.291713337473161	[3895, 1030, 1031, 241, 132, 1108, 1086, 1112]	348669
284	0.4962893313653497	0.726506852899061	2.280663565633288	3.3778428664368425	[813, 669, 673, 670, 132, 1108, 1086, 1112]	356742
285	0.49749987870284296	0.7279713845370146	2.280663565633288	4.186943401582793	[837, 162, 846, 10, 158, 1115, 1086, 1096]	362774
286	0.4987075167812167	0.7290866622060956	2.280663565633288	3.6032426530072312	[1820, 10, 811, 3459, 1203, 174, 1086, 1096]	345509
287	0.499912252592175	0.7298307479117063	2.280663565633288	3.3837061035491445	[1799, 232, 107, 734, 1203, 174, 1086, 1112]	369471
288	0.5011140931106188	0.7312774803855533	2.280663565633288	4.338101031842454	[3284, 811, 734, 19, 387, 344, 1086, 1096]	326125
289	0.5023130452946867	0.7327164657348304	2.280663565633288	2.509861580767745	[837, 162, 10, 734, 1203, 174, 1086, 1096]	348069
290	0.5035091160857952	0.7335554556233581	2.280663565633288	3.5396788306463476	[1879, 232, 107, 734, 1203, 174, 1086, 1112]	349861
291	0.5047023124086787	0.7346478394149897	2.280663565633288	3.586866730706431	[421, 438, 1580, 301, 2627, 261, 1086, 1112]	371491
292	0.5058926411714294	0.7358911596176475	2.280663565633288	4.611193866223914	[432, 15, 422, 19, 387, 344, 1086, 1112]	356035
293	0.5070801092655379	0.7368386163951671	2.280663565633288	3.288219694895293	[107, 10, 232, 320, 836, 1089, 1086, 1112]	335614
294	0.5082647235659328	0.7377826742923465	2.280663565633288	3.6812957439278637	[241, 1031, 132, 19, 1987, 334, 1086, 1112]	359320
295	0.5094464909310201	0.7388577271036478	2.280663565633288	3.426253688794504	[193, 1529, 2229, 734, 1203, 174, 1086, 1112]	348920
296	0.5106254182027237	0.7399283723551362	2.280663565633288	4.607735153715359	[378, 1742, 400, 19, 1987, 334, 1086, 1112]	335818
297	0.5118015122065243	0.7409946281171642	2.280663565633288	3.5847571856602682	[320, 232, 10, 158, 1713, 174, 1086, 1112]	345523
298	0.5129747797514992	0.7423815789989072	2.280663565633288	3.7835555442118514	[2040, 438, 2729, 301, 2627, 261, 1086, 1112]	346899
299	0.5141452276303617	0.7435886623959344	2.280663565633288	3.7530974312727032	[10, 107, 162, 1192, 836, 1089, 1086, 1112]	311344
300	0.5153128626195008	0.744639911502365	2.280663565633288	2.9216081390660067	[87, 415, 733, 734, 1203, 174, 1086, 1112]	313089
301	0.5164776914790197	0.7456868506407026	2.280663565633288	3.8979902079078244	[837, 162, 10, 438, 2627, 261, 1086, 1112]	340871
302	0.5176397209527754	0.7468784470298289	2.280663565633288	3.3456798492910815	[157, 651, 734, 19, 132, 1108, 1086, 1112]	365032
303	0.5187989577684178	0.747916208498821	2.280663565633288	3.306766024432017	[432, 422, 19, 132, 1713, 174, 1086, 1096]	347092
304	0.5199554086374283	0.7490973591253884	2.280663565633288	3.4876735118853137	[19, 241, 1031, 132, 1713, 174, 1086, 1112]	346437
305	0.521109080255159	0.749884930193982	2.280663565633288	2.655387507132132	[1873, 10, 734, 19, 132, 1108, 1086, 1112]	343904
306	0.5222599793008715	0.7509103655202639	2.280663565633288	4.493675615581974	[1742, 400, 19, 132, 239, 234, 1086, 1112]	374928
307	0.5234081124377751	0.7516922456508155	2.280663565633288	2.7728661224156292	[2297, 400, 19, 734, 1203, 174, 1086, 1112]	360953
308	0.5245534863130658	0.7525830180476358	2.280663565633288	3.473520211739962	[87, 160, 2229, 734, 1203, 174, 1086, 1096]	316309
309	0.5256961075579647	0.7533596478040432	2.280663565633288	2.929759092679661	[1606, 1019, 10, 734, 1203, 174, 1086, 1112]	320846
310	0.5268359827877562	0.7543708372946425	2.280663565633288	3.669671272035359	[421, 438, 496, 217, 132, 1108, 1086, 1112]	362304
311	0.5279731186018268	0.7555217444501757	2.280663565633288	2.999987733221527	[3621, 1720, 241, 19, 132, 1108, 1086, 1112]	314566
312	0.5291075215837026	0.7568581780628751	2.280663565633288	3.7805068727412223	[2196, 2197, 241, 132, 1713, 174, 1086, 1112]	357907
313	0.5302391983010879	0.7585941820274409	2.280663565633288	3.802582013619082	[5415, 1587, 241, 1031, 132, 1108, 1086, 1112]	336604
314	0.5313681553059033	0.7595839106907758	2.280663565633288	3.258699186891037	[841, 1268, 1392, 3083, 19, 132, 393, 794]	343202
315	0.5324943991343231	0.7608713176068126	2.280663565633288	3.5741700138985717	[1532, 1742, 400, 19, 132, 1108, 1086, 1096]	333736
316	0.5336179363068136	0.7621518305725642	2.280663565633288	3.689380341437854	[4356, 669, 813, 19, 132, 1108, 1086, 1112]	353052
317	0.534738773328171	0.7634254865045252	2.280663565633288	2.655387507132132	[1873, 10, 734, 19, 132, 1108, 1086, 1096]	359728
318	0.5358569166875584	0.7642741673963697	2.280663565633288	3.652164874780085	[10, 734, 19, 241, 217, 261, 1086, 1096]	314457
319	0.536972372858544	0.7652406089476782	2.280663565633288	3.8459581164472487	[5234, 2028, 493, 217, 132, 1108, 1086, 1096]	339178
320	0.5380851482991382	0.7666773127153063	2.280663565633288	4.102174158781647	[107, 1794, 1791, 420, 158, 1115, 1086, 1112]	348677
321	0.5391952494518312	0.76763390172112	2.280663565633288	3.3144036924357465	[432, 15, 422, 19, 132, 1108, 1086, 1112]	351620
322	0.5403026827436301	0.7688782016464546	2.280663565633288	3.1264053718353413	[2872, 241, 1126, 19, 132, 1108, 1086, 1112]	321482
323	0.5414074545860965	0.7697073216182267	2.280663565633288	2.604369500782573	[10, 734, 19, 241, 132, 1108, 1086, 1112]	373533
324	0.5425095713753831	0.7706514880292307	2.280663565633288	3.727679997352509	[3819, 438, 3366, 3459, 1203, 174, 1086, 1112]	350779
325	0.5436090394922712	0.7715917834955832	2.280663565633288	3.8204514688016262	[1586, 107, 811, 3459, 1203, 174, 1086, 1112]	346181
326	0.5447058653022072	0.7725282238875929	2.280663565633288	3.991784379916493	[1791, 420, 107, 10, 158, 1115, 1086, 1112]	350360
327	0.5458000551553399	0.7733442498701389	2.280663565633288	3.7810181910675924	[10, 494, 2229, 734, 19, 334, 1086, 1096]	340326
328	0.5468916153865568	0.7744062561962368	2.280663565633288	3.4440146869902897	[3284, 734, 19, 241, 132, 1108, 1086, 1112]	338209
329	0.5479805523155213	0.7756142907617356	2.280663565633288	3.3331971760863874	[317, 324, 668, 670, 132, 1108, 1086, 1112]	351083
330	0.5490668722467089	0.7766656607029812	2.280663565633288	3.3144036924357465	[432, 15, 422, 19, 132, 1108, 1086, 1112]	348670
331	0.5501505814694436	0.7774668441586863	2.280663565633288	3.5329054504552238	[734, 19, 132, 387, 344, 174, 1086, 1112]	344026
332	0.5512316862579348	0.7783791976584001	2.280663565633288	3.571776151561404	[2872, 241, 1031, 132, 19, 334, 1086, 1112]	341202
333	0.5523101928713134	0.7797354945898314	2.280663565633288	4.0119731383896315	[1819, 1513, 1031, 241, 1729, 1094, 1086, 1096]	369510
334	0.5533861075536677	0.7809149915546029	2.280663565633288	3.960520824606669	[2872, 241, 132, 1729, 1822, 1094, 1086, 1112]	322333
335	0.5544594365340798	0.7822557696834496	2.280663565633288	3.5061498209271322	[332, 165, 261, 217, 132, 1108, 1086, 1112]	366828
336	0.5555301860266624	0.7832760206584855	2.280663565633288	3.6357977688474463	[19, 734, 10, 158, 1713, 174, 1086, 1112]	322609
337	0.556598362230593	0.7842914911989237	2.280663565633288	3.9859288813962053	[87, 1529, 2229, 734, 19, 334, 1086, 1112]	362390
338	0.5576639713301517	0.7853022037037184	2.280663565633288	2.5664055009953786	[2627, 438, 2729, 496, 217, 132, 19, 794]	320898
339	0.558727019494756	0.7864518914330375	2.280663565633288	3.754511881546473	[241, 132, 1032, 1729, 1822, 1094, 1086, 1096]	325607
340	0.5597875128789963	0.7873274075487001	2.280663565633288	3.1475053953643712	[734, 10, 232, 320, 836, 1089, 1086, 1112]	344341
341	0.5608454576226725	0.788628942339178	2.280663565633288	4.048036733914191	[193, 842, 157, 320, 836, 1089, 1086, 1112]	347694
342	0.5619008598508284	0.7892094902880755	2.280663565633288	3.8465656557873755	[10, 438, 3366, 3459, 1203, 174, 1086, 1112]	351103
343	0.5629537256737882	0.7899656743551224	2.280663565633288	2.8687788104161314	[241, 1126, 19, 734, 1203, 174, 1086, 1112]	357658
344	0.5640040611871913	0.7910903896111491	2.280663565633288	3.5665213192922858	[1743, 1742, 400, 19, 132, 1094, 1086, 1112]	306164
345	0.5650518724720273	0.7916641769931985	2.280663565633288	2.688783307633825	[107, 232, 10, 734, 1203, 174, 1086, 1112]	353284
346	0.5660971655946722	0.7925183234978729	2.280663565633288	3.8267662330107877	[1819, 241, 132, 19, 1987, 334, 1086, 1112]	335260
347	0.5671399466069225	0.7931695982915807	2.280663565633288	2.7995542814999217	[3869, 438, 10, 734, 1203, 174, 1086, 1112]	354112
348	0.568180221546031	0.7942771568180136	2.280663565633288	4.1875486681399	[4356, 669, 673, 670, 132, 1094, 1086, 1112]	358781
349	0.569217996434741	0.7951205904863071	2.280663565633288	4.3714299019485985	[841, 1268, 1380, 2975, 8, 174, 1086, 1112]	356439
350	0.5702532772813219	0.7962177016219192	2.280663565633288	3.412546095788046	[1820, 10, 734, 19, 132, 1094, 1086, 1096]	344415
351	0.5712860700796036	0.7969487446247104	2.280663565633288	3.0904940128386453	[420, 158, 1557, 734, 1203, 174, 1086, 1112]	343810
352	0.5723163808090113	0.7977812251724408	2.280663565633288	3.8785906558424594	[1582, 1579, 1580, 438, 2627, 261, 1086, 1112]	372439
353	0.5733442154346	0.7988640888443918	2.280663565633288	3.8055322554048097	[4356, 669, 673, 1032, 132, 1108, 1086, 1112]	318516
354	0.5743695799070891	0.799941153877057	2.280663565633288	4.09564167084212	[2636, 162, 1549, 10, 158, 1115, 1086, 1112]	355180
355	0.5753924801628971	0.8010124513216376	2.280663565633288	4.009812764938579	[1580, 301, 2728, 1676, 132, 1108, 1086, 1112]	368773
356	0.5764129221241756	0.8017262937714562	2.280663565633288	3.923642664754847	[359, 158, 10, 438, 2627, 261, 1086, 1112]	359430
357	0.5774309116988436	0.8024375754025376	2.280663565633288	2.3963279564293862	[193, 232, 10, 734, 1203, 174, 1086, 1096]	368690
358	0.5784464547806221	0.8032475525442	2.280663565633288	3.248810350825159	[1792, 232, 107, 734, 1203, 174, 1086, 1112]	316445
359	0.5794595572490676	0.8038651488148132	2.280663565633288	3.7826316128816275	[2872, 241, 19, 132, 387, 344, 1086, 1112]	314921
360	0.580470224969607	0.804784148013411	2.280663565633288	3.550342183707693	[734, 10, 232, 1192, 836, 1089, 1086, 1112]	308191
361	0.5814784637935708	0.8058295116522991	2.280663565633288	3.482126209659638	[3621, 1720, 241, 132, 1713, 174, 1086, 1096]	333578
362	0.582484279558227	0.8066255823497888	2.280663565633288	3.687647475626422	[300, 301, 1580, 438, 2627, 261, 1086, 1112]	343771
363	0.5834876780868156	0.807418389273464	2.280663565633288	3.701473120934355	[3075, 334, 1987, 19, 132, 1108, 1086, 1096]	341569
364	0.5844886651885814	0.8082079458043216	2.280663565633288	3.036539522001304	[2627, 261, 217, 241, 132, 1108, 1086, 1112]	321998
365	0.5854872466588084	0.8091253185125281	2.280663565633288	3.750019727304635	[420, 158, 10, 301, 2627, 261, 1086, 1112]	313991
366	0.5864834282788529	0.809724464764407	2.280663565633288	4.074697529403761	[1879, 232, 10, 157, 1713, 174, 1086, 1112]	357162
367	0.5874772158161772	0.8106160098587012	2.280663565633288	4.12660497388466	[320, 232, 1879, 496, 217, 261, 1086, 1112]	313772
368	0.5884686150243825	0.811295400767212	2.280663565633288	3.9982577987902985	[19, 734, 10, 107, 836, 1089, 1086, 1112]	356144
369	0.5894576316432434	0.8120690621161073	2.280663565633288	3.8395610317992572	[377, 162, 107, 420, 158, 1115, 1086, 1112]	358769
370	0.5904442713987395	0.8128395515662508	2.280663565633288	3.036539522001304	[2627, 261, 217, 241, 132, 1108, 1086, 1096]	318807
371	0.5914285400030896	0.8137165007727813	2.280663565633288	3.472619534390886	[1019, 1799, 232, 320, 836, 1089, 1086, 1096]	353033
372	0.5924104431547851	0.8147140324518704	2.280663565633288	2.415559318357274	[1799, 232, 10, 734, 1203, 174, 1086, 1112]	365176
373	0.5933899865386218	0.8155821986888201	2.280663565633288	4.068605177050142	[1551, 1879, 232, 320, 836, 1089, 1086, 1096]	372177
374	0.5943671758257337	0.8164462970914652	2.280663565633288	3.920080727204974	[1529, 2229, 494, 10, 158, 1115, 1086, 1096]	352148
375	0.5953420166736256	0.8174292109524617	2.280663565633288	3.521461549748267	[2627, 438, 496, 217, 132, 1108, 1086, 1112]	337973
376	0.596314514726206	0.8184068613965789	2.280663565633288	4.211598105016191	[196, 190, 195, 10, 158, 1115, 1086, 1112]	328551
377	0.5972846756138193	0.8191513667935499	2.280663565633288	3.1780623326561717	[715, 494, 2229, 734, 1203, 174, 1086, 1112]	307971
378	0.5982525049532789	0.8198928198269219	2.280663565633288	3.586866730706431	[421, 438, 1580, 301, 2627, 261, 1086, 1112]	355812
379	0.5992180083478995	0.8206312330109405	2.280663565633288	4.073789449710325	[3136, 1468, 232, 320, 836, 1089, 1086, 1112]	361053
380	0.6001811913875297	0.8212746955838445	2.280663565633288	2.629534595612262	[2627, 301, 10, 734, 1203, 174, 1086, 1112]	356440
381	0.6011420596485841	0.8217655792934836	2.280663565633288	3.406624383937788	[1742, 400, 19, 132, 1713, 174, 1086, 1112]	349608
382	0.6021006186940759	0.8223250483874982	2.280663565633288	3.20020449886752	[1259, 734, 19, 241, 132, 1108, 1086, 1096]	373375
383	0.6030568740736487	0.823157552846324	2.280663565633288	4.285156515225017	[420, 162, 2636, 301, 2627, 261, 1086, 1096]	369821
384	0.604010831323609	0.8241045285257331	2.280663565633288	4.211942177841364	[2739, 708, 2872, 241, 132, 1108, 1086, 1112]	362674
385	0.6049624959669582	0.8245876398670626	2.280663565633288	3.2701340958186	[811, 10, 734, 19, 132, 1108, 1086, 1112]	342720
386	0.6059118735134243	0.825216909335014	2.280663565633288	3.0636217581629976	[3, 232, 10, 734, 1203, 174, 1086, 1096]	355713
387	0.6068589694594942	0.8261528573423829	2.280663565633288	3.669671272035359	[421, 438, 496, 217, 132, 1108, 1086, 1112]	378408
388	0.6078037892884451	0.8266985549860486	2.280663565633288	4.152038677107324	[1791, 420, 2149, 161, 1713, 174, 1086, 1096]	348589
389	0.6087463384703768	0.8276265689118686	2.280663565633288	4.512164328901406	[2357, 438, 496, 1879, 836, 1089, 1086, 1112]	349265
390	0.6096866224622426	0.8284342328434561	2.280663565633288	3.3036751225217778	[669, 811, 734, 19, 132, 1108, 1086, 1096]	338398
391	0.6106246467078815	0.8290497031497415	2.280663565633288	3.306766024432017	[432, 422, 19, 132, 1713, 174, 1086, 1112]	358525
392	0.6115604166380499	0.8297505744469592	2.280663565633288	3.2440727575381176	[195, 3284, 811, 3459, 1203, 174, 1086, 1112]	347532
393	0.612493937670452	0.8307924837398405	2.280663565633288	3.472619534390886	[1019, 1799, 232, 320, 836, 1089, 1086, 1112]	317356
394	0.6134252152097724	0.8314862098906884	2.280663565633288	4.154698620066639	[1715, 132, 19, 1548, 255, 174, 1086, 1112]	358888
395	0.6143542546477068	0.8322757892904092	2.280663565633288	2.8849793941289015	[394, 432, 422, 19, 132, 1108, 1086, 1112]	346362
396	0.6152810613629928	0.8329634341047252	2.280663565633288	3.4939612626061676	[377, 162, 3284, 734, 1203, 174, 1086, 1112]	312983
397	0.616205640721442	0.8337460918999446	2.280663565633288	3.5110094936797793	[2297, 400, 19, 132, 1713, 174, 1086, 1112]	340755
398	0.6171279980759704	0.8344277086878913	2.280663565633288	4.516266495218404	[421, 261, 217, 132, 387, 344, 1086, 1112]	357332
399	0.6180481387666295	0.8351065309463683	2.280663565633288	2.376330188143222	[107, 162, 10, 734, 1203, 174, 1086, 1112]	317806
400	0.6189660681206373	0.835698065234268	2.280663565633288	3.5987812398644117	[2872, 241, 19, 132, 217, 261, 1086, 1112]	363709
401	0.6198817914524092	0.8361493339759952	2.280663565633288	3.650049136236132	[107, 232, 10, 734, 19, 334, 1086, 1112]	353240
402	0.6207953140635885	0.8367371273410367	2.280663565633288	3.8029289445323045	[107, 10, 158, 420, 1822, 1094, 1086, 1112]	348999
403	0.6217066412430774	0.8375021033166358	2.280663565633288	3.0246630527938976	[87, 1529, 2229, 734, 1203, 174, 1086, 1112]	358100
404	0.6226157782670674	0.8381683210052975	2.280663565633288	3.0015263220368356	[2238, 1549, 107, 734, 1203, 174, 1086, 1112]	323848
405	0.6235227303990702	0.8389265910547312	2.280663565633288	4.259167206264221	[77, 786, 19, 132, 217, 261, 1086, 1096]	342894
406	0.6244275028899477	0.8397891249278242	2.280663565633288	3.623620915048451	[3895, 1030, 1032, 132, 1713, 174, 1086, 1112]	372876
407	0.6253301009779426	0.8402291572385083	2.280663565633288	3.193290733740417	[320, 232, 10, 734, 19, 334, 1086, 1112]	371554
408	0.6262305298887088	0.840730670068047	2.280663565633288	3.824006043003947	[2636, 162, 107, 734, 19, 334, 1086, 1112]	365642
409	0.6271287948353417	0.8411681163477673	2.280663565633288	4.001832290201732	[119, 400, 19, 132, 217, 261, 1086, 1112]	354260
410	0.6280249010184079	0.8420186470509685	2.280663565633288	3.71402166193014	[1794, 1791, 420, 158, 1713, 174, 1086, 1112]	317802
411	0.6289188536259762	0.8427588762140991	2.280663565633288	3.659271741744302	[158, 10, 232, 1192, 836, 1089, 1086, 1112]	321400
412	0.629810657833647	0.8436008885387692	2.280663565633288	3.632449006765821	[421, 438, 2729, 301, 2627, 261, 1086, 1112]	314809
413	0.6307003188045821	0.844242102097056	2.280663565633288	3.198256428005487	[3248, 334, 19, 734, 1203, 174, 1086, 1112]	359395
414	0.6315878416895351	0.8450761718781749	2.280663565633288	3.824006043003947	[2636, 162, 107, 734, 19, 334, 1086, 1096]	358604
415	0.6324732316268808	0.8459230586937097	2.280663565633288	3.7805068727412223	[2196, 2197, 241, 132, 1713, 174, 1086, 1112]	336242
416	0.6333564937426458	0.8467481271007761	2.280663565633288	3.290564441004423	[2004, 19, 241, 1720, 132, 1108, 1086, 1112]	343759
417	0.6342376331505366	0.8473764374397397	2.280663565633288	4.1875486681399	[813, 669, 668, 670, 132, 1094, 1086, 1112]	341979
418	0.6351166549519708	0.848002171797904	2.280663565633288	3.2442193656328557	[846, 10, 232, 320, 836, 1089, 1086, 1112]	353081
419	0.6359935642361056	0.8486253407364148	2.280663565633288	4.250494034813521	[1580, 1579, 4018, 241, 19, 334, 1086, 1112]	363983
420	0.6368683660798682	0.8493346139212192	2.280663565633288	4.361887018456122	[846, 10, 734, 1557, 158, 1115, 1086, 1112]	333463
421	0.6377410655479837	0.8498751067762531	2.280663565633288	4.418753140547541	[1799, 232, 1879, 420, 158, 1115, 1086, 1112]	318112
422	0.6386116676930063	0.8503463414438779	2.280663565633288	4.0468157140661045	[2872, 241, 132, 19, 422, 334, 1086, 1112]	359602
423	0.6394801775553467	0.8508160969290219	2.280663565633288	3.9342561235114664	[1917, 10, 1019, 19, 132, 1108, 1086, 1112]	351104
424	0.6403466001633031	0.8514277291846883	2.280663565633288	3.367189747680925	[813, 669, 811, 3459, 1203, 174, 1086, 1112]	321049
425	0.641210940533089	0.8521238716447768	2.280663565633288	4.307400238404726	[320, 232, 2021, 438, 2627, 261, 1086, 1112]	331809
426	0.6420732036688623	0.8527301422147462	2.280663565633288	4.0300179620798975	[2387, 1663, 1546, 677, 132, 1108, 1086, 1112]	330394
427	0.642933394562755	0.853134630959884	2.280663565633288	3.193290733740417	[320, 232, 10, 734, 19, 334, 1086, 1112]	302709
428	0.6437915181949017	0.8538227756503052	2.280663565633288	3.920080727204974	[1529, 2229, 494, 10, 158, 1115, 1086, 1096]	350054
429	0.6446475795334683	0.8544220809615055	2.280663565633288	2.2891027279696745	[241, 132, 19, 734, 1203, 174, 1086, 1112]	308291
430	0.6455015835346811	0.8550189292082924	2.280663565633288	2.655387507132132	[1873, 10, 734, 19, 132, 1108, 1086, 1112]	357716
431	0.6463535351428551	0.8556133304642715	2.280663565633288	3.0636217581629976	[1790, 232, 10, 734, 1203, 174, 1086, 1096]	351650
432	0.6472034392904229	0.8562898610899595	2.280663565633288	3.0015263220368356	[2238, 1549, 107, 734, 1203, 174, 1086, 1112]	336850
433	0.6480513008979631	0.8570594161861638	2.280663565633288	4.132312034565136	[2764, 400, 19, 1126, 132, 1108, 1086, 1112]	359945
434	0.6488971248742291	0.8575721972983785	2.280663565633288	2.8817456023026162	[2627, 438, 2021, 232, 10, 734, 19, 794]	359926
435	0.6497409161161771	0.8581561305273848	2.280663565633288	3.8620440008456534	[1807, 157, 651, 19, 132, 1108, 1086, 1112]	305005
436	0.6505826795089948	0.8589156919156478	2.280663565633288	3.58697182110531	[3621, 1720, 241, 1729, 132, 1108, 1086, 1112]	337887
437	0.6514224199261295	0.859494117012568	2.280663565633288	3.7838290495825726	[1792, 232, 10, 157, 1713, 174, 1086, 1096]	303732
438	0.652260142229316	0.859935158079423	2.280663565633288	4.000232476984376	[734, 10, 158, 420, 1546, 234, 1086, 1096]	318956
439	0.6530958512686056	0.8603198576574519	2.280663565633288	4.118592810721258	[1582, 420, 1822, 1094, 132, 1108, 1086, 1096]	360643
440	0.6539295518823933	0.8608925258795196	2.280663565633288	3.6182528610598323	[432, 422, 19, 241, 132, 1094, 1086, 1112]	348363
441	0.6547612488974466	0.8614628462453561	2.280663565633288	3.6350683462702733	[2872, 241, 132, 387, 344, 174, 1086, 1112]	359377
442	0.6555909471289323	0.8621119686858975	2.280663565633288	3.593583950285944	[1402, 1078, 334, 19, 132, 1108, 1086, 1112]	344427
443	0.6564186513804459	0.862758049632288	2.280663565633288	3.6106931823205146	[1742, 400, 19, 132, 217, 261, 1086, 1112]	312979
444	0.6572443664440382	0.8636154545700288	2.280663565633288	3.623620915048451	[3895, 1030, 1032, 132, 1713, 174, 1086, 1112]	309021
445	0.6580680971002433	0.8642544908616103	2.280663565633288	3.264535593620842	[1807, 157, 651, 734, 1203, 174, 1086, 1112]	316570
446	0.6588898481181069	0.8648110276611025	2.280663565633288	2.7779111706204334	[3819, 438, 10, 734, 1203, 174, 1086, 1112]	317591
447	0.6597096242552133	0.8655349526632148	2.280663565633288	3.102610714536892	[3621, 1720, 241, 1031, 132, 1108, 1086, 1112]	340781
448	0.6605274302577127	0.8659570318436107	2.280663565633288	3.6134557923189154	[2627, 261, 217, 132, 19, 334, 1086, 1112]	335749
449	0.6613432708603496	0.8664378938945544	2.280663565633288	2.8197523624652856	[10, 494, 2229, 734, 1203, 174, 1086, 1112]	311706
450	0.6621571507864894	0.866985479059892	2.280663565633288	3.1794985509349294	[846, 162, 107, 734, 1203, 174, 1086, 1112]	360608
451	0.662969074748146	0.8676977600668896	2.280663565633288	3.2701340958186	[811, 10, 734, 19, 132, 1108, 1086, 1112]	363884
452	0.6637790474460092	0.8680611390217841	2.280663565633288	2.9360616802039163	[193, 232, 1549, 162, 107, 734, 19, 794]	308796
453	0.664587073569472	0.8687676599647268	2.280663565633288	3.664669885776984	[3819, 438, 2729, 301, 2627, 261, 1086, 1112]	362242
454	0.6653931577966572	0.8693825553522307	2.280663565633288	3.4284514918769835	[2307, 1468, 2229, 734, 1203, 174, 1086, 1112]	355457
455	0.666197304794445	0.8699945696180731	2.280663565633288	3.907443893203152	[10, 107, 162, 2636, 836, 1089, 1086, 1112]	351711
456	0.6669995192185001	0.8704609475172429	2.280663565633288	3.8849796129217076	[420, 158, 10, 161, 1713, 174, 1086, 1112]	340537
457	0.6677998057132982	0.8709256523451865	2.280663565633288	4.347339900741275	[119, 123, 19, 241, 217, 261, 1086, 1112]	345539
458	0.6685981689121532	0.8717155743191214	2.280663565633288	3.7739318074806363	[1647, 1697, 241, 1126, 132, 1108, 1086, 1112]	331441
459	0.6693946134372437	0.8720679180175857	2.280663565633288	3.970222055055932	[1799, 232, 193, 1265, 255, 174, 1086, 1112]	346559
460	0.6701891438996405	0.8726673498885986	2.280663565633288	3.4677273744018553	[1647, 1697, 241, 1720, 132, 1108, 1086, 1112]	310762
461	0.6709817648993324	0.8732639730929941	2.280663565633288	4.2257841372726155	[1549, 162, 420, 2307, 1468, 1089, 1086, 1096]	356587
462	0.6717724810252532	0.8737835723286733	2.280663565633288	2.655387507132132	[1873, 10, 734, 19, 132, 1108, 1086, 1112]	306174
463	0.6725612968553089	0.8744594501468692	2.280663565633288	3.3778428664368425	[813, 669, 668, 670, 132, 1108, 1086, 1112]	352140
464	0.6733482169564027	0.8751317086990666	2.280663565633288	4.2452649796230135	[1851, 1799, 232, 1192, 836, 1089, 1086, 1112]	297302
465	0.6741332458844631	0.8755796577670307	2.280663565633288	4.419332526328197	[10, 438, 3366, 496, 132, 1108, 1086, 1112]	339654
466	0.6749163881844692	0.8760897630331098	2.280663565633288	3.0386564380302943	[2260, 161, 10, 734, 1203, 174, 1086, 1112]	335106
467	0.6756976483904773	0.876670350357507	2.280663565633288	3.50065900671827	[19, 132, 241, 1729, 1822, 1094, 1086, 1112]	295787
468	0.6764770310256473	0.8771759839429581	2.280663565633288	4.379244989107868	[1586, 107, 734, 19, 1987, 334, 1086, 1112]	337253
469	0.6772545406022688	0.877751481727482	2.280663565633288	3.1025884658578153	[10, 734, 19, 132, 1713, 174, 1086, 1096]	348982
470	0.6780301816217869	0.8783242829896918	2.280663565633288	3.246750777944097	[1500, 786, 19, 734, 1203, 174, 1086, 1112]	303194
471	0.678803958574829	0.8789758457034972	2.280663565633288	2.889102772611553	[837, 162, 107, 734, 1203, 174, 1086, 1112]	350447
472	0.6795758759412301	0.8794720270941079	2.280663565633288	3.444764851160139	[2636, 162, 10, 734, 19, 334, 1086, 1112]	307515
473	0.6803459381900592	0.8799044058234419	2.280663565633288	3.956860797471885	[305, 496, 217, 241, 132, 1108, 1086, 1112]	353219
474	0.6811141497796445	0.8806393787327493	2.280663565633288	3.578550040416859	[837, 162, 3284, 734, 1203, 174, 1086, 1112]	346572
475	0.6818805151576002	0.8811986486158216	2.280663565633288	3.0081619873831613	[734, 19, 1126, 241, 132, 1108, 1086, 1112]	344855
476	0.6826450387608515	0.8819257008899303	2.280663565633288	3.1941925614291695	[841, 1820, 733, 734, 1203, 174, 1086, 1112]	336824
477	0.6834077250156605	0.8825711507757361	2.280663565633288	3.6490997296557035	[5187, 435, 422, 19, 132, 1108, 1086, 1112]	307689
478	0.6841685783376521	0.8829397541668558	2.280663565633288	4.0468157140661045	[2872, 241, 132, 19, 422, 636, 1086, 1112]	308883
479	0.6849276031318388	0.8833072005300318	2.280663565633288	2.6716838888510717	[1265, 415, 10, 734, 1203, 174, 1086, 1112]	307458
480	0.6856848037926471	0.8837258210638447	2.280663565633288	3.6310919676662534	[542, 2388, 123, 19, 132, 1108, 1086, 1112]	301683
481	0.6864401847039425	0.8842025282478941	2.280663565633288	2.483499022557832	[2636, 162, 10, 734, 1203, 174, 1086, 1112]	307154
482	0.687193750239055	0.8848226134777204	2.280663565633288	3.5199086642496216	[4210, 2308, 651, 734, 1203, 174, 1086, 1112]	337128
483	0.6879455047608041	0.8852948239727552	2.280663565633288	3.057077720340219	[813, 3284, 811, 3459, 1203, 174, 1086, 1112]	301288
484	0.6886954526215245	0.8859090600554858	2.280663565633288	3.7612085605706653	[1529, 481, 1431, 19, 132, 1108, 1086, 1112]	340363
485	0.6894435981630911	0.8862224201810658	2.280663565633288	2.376330188143222	[107, 162, 10, 734, 1203, 174, 1086, 1112]	349825
486	0.6901899457169443	0.8867555304571852	2.280663565633288	3.695312876663558	[331, 241, 1031, 132, 1713, 174, 1086, 1112]	307945
487	0.6909344996041143	0.8874485751755494	2.280663565633288	4.556409091143569	[1265, 193, 842, 157, 1010, 1105, 1086, 1096]	354173
488	0.6916772641352477	0.8877577068965639	2.280663565633288	3.9191544528243645	[1580, 438, 10, 158, 1713, 174, 1086, 1112]	311985
489	0.6924182436106306	0.888358754458848	2.280663565633288	3.916950392032521	[1582, 420, 3, 19, 132, 1108, 1086, 1112]	312236
490	0.6931574423202151	0.8887592531872721	2.280663565633288	2.629534595612262	[2627, 301, 10, 734, 1203, 174, 1086, 1112]	332646
491	0.6938948645436429	0.8894400353248607	2.280663565633288	3.322020596299053	[1647, 1697, 241, 1031, 132, 1108, 1086, 1112]	359384
492	0.6946305145502709	0.8898366550960964	2.280663565633288	3.337596016745529	[107, 162, 10, 734, 19, 334, 1086, 1112]	308350
493	0.6953643965991958	0.8902318520444922	2.280663565633288	3.925481119945591	[1019, 10, 158, 420, 1822, 1094, 1086, 1112]	309245
494	0.6960965149392779	0.8906256312742432	2.280663565633288	3.878323214195432	[19, 400, 654, 493, 217, 261, 1086, 1112]	308127
495	0.6968268738091672	0.8911381100948034	2.280663565633288	3.758772679309672	[734, 10, 162, 1192, 836, 1089, 1086, 1112]	304081
496	0.6975554774373266	0.8915844279743345	2.280663565633288	3.974320081400684	[2636, 162, 232, 320, 836, 1089, 1086, 1112]	310335
497	0.6982823300420571	0.8920289160156205	2.280663565633288	4.141428044689231	[1792, 496, 217, 132, 387, 344, 1086, 1112]	303677
498	0.6990074358315221	0.8926070916304591	2.280663565633288	3.90434114883427	[1535, 496, 2728, 301, 2627, 261, 1086, 1112]	347172
499	0.6997307990037714	0.8930473868998314	2.280663565633288	3.0179133925676274	[1718, 132, 19, 734, 1203, 174, 1086, 1112]	308707
