0	0.00240325927734375	0.0035873724489795533	3.278532757055898	3.278532757055898	[77, 1460, 19, 734, 1203, 174, 1086, 1112]	308679
1	0.004800742899533361	0.008256111332756721	3.278532757055898	4.335667205106001	[3065, 1460, 19, 241, 1729, 1094, 1086, 1112]	261553
2	0.0071924647469656655	0.01432548378675469	3.278532757055898	3.7731244218086903	[394, 193, 232, 1192, 836, 1089, 1086, 1112]	308532
3	0.00957843866667929	0.018366605618897136	3.278532757055898	3.940311850899093	[1549, 162, 10, 159, 1713, 174, 1086, 1112]	343631
4	0.011958678472434925	0.023623165712566396	3.278532757055898	3.8600189149223176	[2047, 232, 193, 1265, 255, 174, 1086, 1112]	311359
5	0.01433319794479504	0.027125793067711013	3.278532757055898	3.7336068627428736	[420, 158, 651, 19, 132, 1108, 1086, 1112]	262078
6	0.01670201083120393	0.029797871883137872	3.278532757055898	3.654212737739737	[811, 734, 19, 132, 217, 261, 1086, 1112]	330052
7	0.019065130846067313	0.03327834826748566	3.278532757055898	3.4588452119260564	[161, 10, 232, 320, 836, 1089, 1086, 1112]	277256
8	0.021422571670831503	0.03593352858535448	2.3298370738744723	2.3298370738744723	[420, 158, 10, 734, 1203, 174, 1086, 1112]	244330
9	0.023774346954062775	0.04045070801201622	2.3298370738744723	3.758772679309672	[734, 10, 162, 1192, 836, 1089, 1086, 1096]	297962
10	0.026120470311526423	0.044946721979057025	2.3298370738744723	3.8115872818359398	[320, 232, 1792, 496, 132, 1108, 1086, 1112]	299499
11	0.02846095532626547	0.05016749427144551	2.3298370738744723	4.2619600245442335	[2196, 2197, 241, 1729, 1822, 1094, 1086, 1112]	335731
12	0.030795815548679273	0.05406166908538357	2.3298370738744723	4.122749582108682	[837, 162, 1549, 438, 2627, 261, 1086, 1112]	306310
13	0.03312506449660224	0.05703092305379576	2.3298370738744723	3.262327615820401	[2689, 1549, 10, 734, 1203, 174, 1086, 1112]	258334
14	0.03544871565538188	0.062080439143827215	2.3298370738744723	3.6038044410474726	[3, 19, 241, 1209, 132, 1108, 1086, 1112]	341328
15	0.03776678247795695	0.06592577262036947	2.3298370738744723	3.7379732681524613	[2040, 438, 1580, 301, 2627, 261, 1086, 1096]	271096
16	0.04007927838493508	0.06885778575039758	2.3298370738744723	4.31270994433696	[2180, 1549, 107, 10, 158, 1115, 1086, 1112]	315297
17	0.042386216764671025	0.07267533309380425	2.3298370738744723	4.028027774496838	[318, 158, 10, 438, 2627, 261, 1086, 1112]	272372
18	0.04468761097334362	0.07558615968495785	2.3298370738744723	2.668481012673639	[1742, 400, 19, 734, 1203, 174, 1086, 1112]	255617
19	0.04698347433503336	0.08124347904191653	2.3298370738744723	3.541642580265451	[1819, 241, 1729, 1032, 132, 1108, 1086, 1096]	275110
20	0.049273820141799596	0.08616333903395723	2.3298370738744723	4.127128487043044	[885, 4018, 2197, 241, 132, 1108, 1086, 1112]	268827
21	0.05155866165375744	0.0910568536104398	2.3298370738744723	3.956416336917309	[432, 15, 1557, 158, 1713, 174, 1086, 1112]	260889
22	0.0538380120991544	0.09531575006894988	2.3298370738744723	4.109277197616606	[158, 10, 438, 1779, 132, 1108, 1086, 1112]	252426
23	0.056111884674447055	0.09955469126500338	2.3298370738744723	3.674922902246487	[107, 1549, 162, 1192, 836, 1089, 1086, 1112]	258641
24	0.05838029254437771	0.10278492395737215	2.3298370738744723	3.743923595975155	[1799, 1019, 19, 241, 132, 1108, 1086, 1112]	300645
25	0.06064324884205019	0.10758943141520738	2.3298370738744723	4.0745673367602455	[1879, 496, 2729, 438, 132, 1108, 1086, 1112]	281133
26	0.06290076666900601	0.11396113774174843	2.3298370738744723	4.096712776922828	[2299, 2297, 400, 654, 132, 1108, 1086, 1112]	246179
27	0.06515285909530044	0.11759376791682319	2.3298370738744723	3.586866730706431	[421, 438, 1580, 301, 2627, 261, 1086, 1112]	311899
28	0.06739953915957797	0.12121150483771814	2.3298370738744723	2.620774439524012	[1799, 1019, 10, 734, 1203, 174, 1086, 1112]	268825
29	0.06964081986914772	0.12436404647374355	2.3298370738744723	3.9556966910449303	[359, 158, 10, 301, 2627, 261, 1086, 1112]	227940
30	0.07187671420005914	0.12846688049172372	2.3298370738744723	3.758772679309672	[734, 10, 162, 1192, 836, 1089, 1086, 1112]	230142
31	0.07410723509717665	0.13204003923606333	2.3298370738744723	4.053600096849217	[1580, 301, 2729, 438, 3366, 150, 1086, 1112]	309671
32	0.07633239547425485	0.13559854855041986	2.3298370738744723	3.774201367493263	[846, 10, 1019, 19, 132, 1108, 1086, 1112]	276879
33	0.07855220821401321	0.14022734194784126	2.3298370738744723	4.0036982951226845	[669, 668, 670, 132, 217, 261, 1086, 1112]	305556
34	0.08076668616821081	0.1442558477383814	2.3298370738744723	3.674922902246487	[107, 1549, 162, 1192, 836, 1089, 1086, 1112]	303253
35	0.08297584215772047	0.14826547777292676	2.3298370738744723	3.173108129187473	[77, 19, 241, 1031, 132, 1108, 1086, 1096]	269504
36	0.0851796889726033	0.15132096673180895	2.3298370738744723	3.7579222088325173	[734, 19, 241, 1729, 1822, 1094, 1086, 1112]	287931
37	0.08737823937218236	0.15586556796903972	2.3298370738744723	3.2855088655485964	[19, 241, 1729, 1032, 132, 1108, 1086, 1112]	286171
38	0.08957150608511699	0.160385833268188	2.3298370738744723	4.15628979394073	[1586, 107, 162, 2636, 836, 1089, 1086, 1112]	244993
39	0.09175950180947601	0.16488189294605216	2.3298370738744723	3.593583950285944	[3251, 3248, 334, 19, 132, 1108, 1086, 1112]	234902
40	0.09394223921281164	0.1678777726349414	2.3298370738744723	4.036573359035232	[2238, 1549, 107, 420, 158, 1115, 1086, 1112]	231314
41	0.0961197309322328	0.17086290498757428	2.3298370738744723	3.524719702234223	[107, 160, 331, 241, 132, 1108, 1086, 1112]	292333
42	0.09829198957447793	0.17383732855864875	2.3298370738744723	2.373980119525525	[432, 15, 1557, 158, 10, 734, 19, 794]	263832
43	0.10045902771598825	0.17889336068333972	2.3298370738744723	4.366946265772668	[677, 1033, 1030, 1032, 132, 1108, 1086, 1112]	299153
44	0.10262085790298059	0.1839184504019773	2.3298370738744723	3.7891103713750693	[542, 2727, 1512, 1031, 132, 1108, 1086, 1112]	343359
45	0.10477749265152003	0.18726426579300415	2.3298370738744723	2.878525062819345	[300, 301, 10, 734, 1203, 174, 1086, 1112]	260683
46	0.10692894444759216	0.19306710318842513	2.3298370738744723	3.3331971760863874	[317, 324, 668, 670, 132, 1108, 1086, 1112]	302167
47	0.10907522574717565	0.19800545103417244	2.3298370738744723	3.6922020499597723	[1580, 438, 2040, 545, 132, 1108, 1086, 1112]	269995
48	0.11121634897631416	0.20088250418336429	2.3298370738744723	3.9853952530201164	[320, 232, 10, 158, 420, 458, 1086, 1112]	231259
49	0.11335232653118832	0.20374923627135444	2.3298370738744723	4.050377992531761	[3621, 1720, 132, 1727, 1203, 174, 1086, 1112]	252329
50	0.11548317077818748	0.2059362043113806	2.3298370738744723	3.8688639645352296	[158, 10, 734, 19, 132, 261, 1086, 1112]	226964
51	0.11760889405398145	0.20919175012096403	2.3298370738744723	3.823993053667536	[846, 10, 734, 19, 387, 344, 1086, 1112]	230012
52	0.11972950866559184	0.21403141675572424	2.3298370738744723	4.181243616006029	[2636, 162, 1541, 159, 1713, 174, 1086, 1112]	305094
53	0.12184502689046317	0.21884146511938118	2.3298370738744723	3.4340241044914075	[3621, 1720, 241, 1587, 132, 1108, 1086, 1112]	321699
54	0.1239554609765342	0.22302450005359042	2.3298370738744723	4.000906562670694	[257, 320, 232, 1192, 836, 1089, 1086, 1112]	289170
55	0.1260608231423087	0.22718513520532346	2.3298370738744723	3.7376017343437953	[1819, 1513, 1031, 132, 1713, 174, 1086, 1112]	280241
56	0.12816112557692616	0.23191468414030947	2.3298370738744723	3.695312876663558	[331, 241, 1031, 132, 1713, 174, 1086, 1096]	245228
57	0.13025638044023236	0.23432566622831763	2.3298370738744723	3.7945435553377305	[1742, 400, 19, 132, 387, 344, 1086, 1112]	300888
58	0.1323465998628499	0.23707242523818095	2.3298370738744723	4.046725591253127	[734, 10, 162, 107, 1546, 234, 1086, 1112]	316550
59	0.13443179594624832	0.24115783499176957	2.3298370738744723	3.506775811532669	[1535, 496, 217, 241, 132, 1108, 1086, 1112]	258979
60	0.13651198076281423	0.24353980328315972	2.3298370738744723	3.989387144926696	[2627, 301, 1580, 438, 3366, 150, 1086, 1112]	276075
61	0.13858716635592117	0.24664117981853306	2.3298370738744723	2.9030408740226537	[1819, 241, 19, 734, 1203, 174, 1086, 1112]	228287
62	0.14065736473999924	0.2497298411622071	2.3298370738744723	4.197523106517233	[421, 438, 3366, 496, 217, 261, 1086, 1096]	277804
63	0.14272258790060488	0.25324526777067247	2.3298370738744723	3.9222659636081367	[157, 10, 232, 1879, 836, 1089, 1086, 1112]	263439
64	0.14478284779449002	0.25630685331643777	2.3298370738744723	4.398633074661965	[1820, 733, 734, 19, 3308, 334, 1086, 1112]	301146
65	0.14683815634967146	0.25935588680776067	2.3298370738744723	4.207606174215941	[837, 162, 1541, 159, 1713, 174, 1086, 1112]	293991
66	0.1488885254654998	0.2634045973390593	2.3298370738744723	3.984575671123948	[2607, 1587, 241, 132, 217, 261, 1086, 1112]	301245
67	0.15093396701272854	0.266424531114546	2.3298370738744723	3.79896469316464	[1723, 241, 19, 132, 1713, 174, 1086, 1112]	308163
68	0.15297449283358266	0.26905613954087293	2.3298370738744723	3.693500817464032	[382, 409, 19, 132, 1713, 174, 1086, 1112]	292042
69	0.15501011474182713	0.27167830740763477	2.3298370738744723	2.3672254211503034	[1549, 162, 10, 734, 1203, 174, 1086, 1112]	244486
70	0.1570408445228355	0.27466432017792053	2.280663565633288	2.280663565633288	[1792, 232, 10, 734, 1203, 174, 1086, 1112]	347912
71	0.1590666939336579	0.27726636941197613	2.280663565633288	4.784560591264157	[119, 409, 19, 1987, 653, 636, 1086, 1112]	261181
72	0.16108767470308916	0.2806527723041524	2.280663565633288	4.08912216182467	[10, 301, 2627, 438, 132, 1108, 1086, 1112]	243611
73	0.16310379853173695	0.2832333387300383	2.280663565633288	4.008530522171472	[2051, 1849, 420, 158, 1546, 234, 1086, 1112]	226575
74	0.16511507709208928	0.28580464770302527	2.280663565633288	4.004987654091848	[382, 409, 19, 241, 132, 1094, 1086, 1112]	292804
75	0.1671215220285821	0.2891510440850915	2.280663565633288	3.4905076372577577	[10, 734, 19, 132, 387, 344, 1086, 1112]	271236
76	0.1691231449576669	0.2913823640499471	2.280663565633288	2.6565690702175355	[2872, 241, 19, 734, 1203, 174, 1086, 1112]	260662
77	0.17111995746787756	0.2942875930603108	2.280663565633288	4.134512496072333	[77, 19, 132, 1729, 1822, 1094, 1086, 1112]	300571
78	0.17311197111989796	0.2968192463058693	2.280663565633288	3.841335869425449	[734, 10, 157, 320, 836, 1089, 1086, 1112]	290924
79	0.1750991974466285	0.2997021848915322	2.280663565633288	3.6522075585682723	[320, 232, 10, 301, 2627, 261, 1086, 1096]	291851
80	0.1770816479532532	0.30221441397953286	2.280663565633288	3.158533422469885	[457, 540, 19, 734, 1203, 174, 1086, 1096]	269834
81	0.179059334117306	0.3047176307661177	2.280663565633288	3.567274330130336	[377, 162, 733, 734, 1203, 174, 1086, 1096]	278112
82	0.18103226738873734	0.30721186758176855	2.280663565633288	3.4994098055411538	[1580, 301, 2627, 261, 132, 1108, 1086, 1112]	280554
83	0.18300045918998054	0.3100521979351596	2.280663565633288	4.11408987953617	[3, 19, 132, 1727, 1203, 174, 1086, 1112]	330243
84	0.18496392091601777	0.312880883348144	2.280663565633288	3.8036879454973533	[1799, 232, 10, 438, 2627, 261, 1086, 1112]	286308
85	0.18692266393444623	0.31569797156328006	2.280663565633288	3.687659994819814	[1917, 10, 811, 3459, 1203, 174, 1086, 1112]	227832
86	0.18887669958554376	0.31815281780687477	2.280663565633288	3.1952818523887894	[382, 409, 19, 241, 132, 1108, 1086, 1112]	225305
87	0.19082603918233454	0.32094829185923357	2.280663565633288	4.006771104488019	[195, 10, 1019, 19, 132, 1108, 1086, 1112]	291675
88	0.1927706940106546	0.3237323048754812	2.280663565633288	3.850128315069627	[241, 1729, 1032, 132, 19, 334, 1086, 1112]	280296
89	0.19471067532921726	0.327353658630536	2.280663565633288	3.4156840976195353	[1791, 1794, 107, 734, 1203, 174, 1086, 1112]	238150
90	0.19664599436967822	0.33050537514049294	2.280663565633288	3.4520103133501188	[160, 2229, 734, 19, 132, 1108, 1086, 1112]	275596
91	0.19857666233670057	0.33290710171245386	2.280663565633288	3.406624383937788	[1742, 400, 19, 132, 1713, 174, 1086, 1112]	287418
92	0.2005026904080197	0.33564208535157003	2.280663565633288	4.031930363872431	[331, 808, 1265, 415, 255, 174, 1086, 1112]	308280
93	0.20242408973450798	0.3383658559564515	2.280663565633288	4.109124532211542	[1791, 1792, 232, 10, 158, 1115, 1086, 1112]	308895
94	0.20434087144023938	0.34146597429068304	2.280663565633288	3.27350296341553	[2047, 232, 107, 734, 1203, 174, 1086, 1112]	258584
95	0.20625304662255384	0.34558009773326515	2.280663565633288	4.4428497921876495	[4196, 1663, 1665, 1546, 234, 174, 1086, 1112]	265955
96	0.20816062635212151	0.34864641339361535	2.280663565633288	3.3144036924357465	[432, 15, 422, 19, 132, 1108, 1086, 1112]	292513
97	0.21006362167300685	0.35131686814919905	2.280663565633288	3.0351562422061917	[420, 162, 107, 734, 1203, 174, 1086, 1112]	251142
98	0.21196204360273252	0.3543563038981876	2.280663565633288	3.8616820002693792	[161, 10, 232, 1192, 836, 1089, 1086, 1112]	250628
99	0.21385590313234326	0.3578136688442912	2.280663565633288	3.057077720340219	[813, 3284, 811, 3459, 1203, 174, 1086, 1112]	228300
100	0.2157452112264695	0.36125251990658747	2.280663565633288	3.6470561539761777	[846, 10, 232, 1192, 836, 1089, 1086, 1112]	262372
101	0.21762997882339075	0.3646729562252884	2.280663565633288	3.7812818120962417	[241, 1031, 1511, 2327, 387, 344, 1086, 1096]	251628
102	0.21951021683509908	0.3666672166166013	2.280663565633288	3.813906702256274	[1726, 132, 241, 19, 1987, 334, 1086, 1112]	230736
103	0.22138593614736213	0.3700586577128413	2.280663565633288	3.428392705000431	[950, 4588, 1987, 19, 132, 1108, 1086, 1112]	226907
104	0.22325714761978632	0.3726413253880346	2.280663565633288	3.5817094702181134	[432, 1820, 733, 734, 1203, 174, 1086, 1112]	314662
105	0.22512386208587953	0.37558084437570005	2.280663565633288	3.4743116543928005	[1820, 432, 422, 19, 132, 1108, 1086, 1112]	271409
106	0.2269860903531139	0.3781408718905591	2.280663565633288	3.9657513235417685	[846, 10, 162, 420, 158, 1115, 1086, 1112]	281027
107	0.22884384320298856	0.38147087257657386	2.280663565633288	3.6552327096452704	[1819, 3821, 2680, 241, 132, 1108, 1086, 1112]	343927
108	0.23069713139109171	0.3834124051333577	2.280663565633288	4.599579592706338	[811, 10, 734, 19, 132, 261, 1086, 1112]	272217
109	0.23254596564716323	0.38630145571322017	2.280663565633288	3.367189747680925	[813, 669, 811, 3459, 1203, 174, 1086, 1112]	277532
110	0.23439035667515662	0.3895877571939014	2.280663565633288	3.4520103133501188	[160, 2229, 734, 19, 132, 1108, 1086, 1112]	345896
111	0.23623031515330084	0.39177753325626374	2.280663565633288	2.914415668484502	[10, 1820, 733, 734, 1203, 174, 1086, 1096]	251295
112	0.23806585173416261	0.3936867137113047	2.280663565633288	2.878525062819345	[300, 301, 10, 734, 1203, 174, 1086, 1112]	297359
113	0.23989697704470747	0.39586178528998706	2.280663565633288	2.984085347755297	[420, 1917, 10, 734, 1203, 174, 1086, 1112]	225475
114	0.2417237016863618	0.39869250370543385	2.280663565633288	3.5741700138985717	[1532, 1742, 400, 19, 132, 1108, 1086, 1112]	301309
115	0.24354603623507398	0.4008496176510059	2.280663565633288	4.543096561465952	[1549, 232, 1799, 10, 158, 1115, 1086, 1112]	271279
116	0.24536399124137553	0.4033060468789309	2.280663565633288	3.5390150635545616	[2627, 261, 217, 132, 1713, 174, 1086, 1112]	231570
117	0.2471775772304423	0.40650129027637816	2.280663565633288	3.4501439393570106	[811, 734, 19, 132, 1713, 174, 1086, 1112]	228492
118	0.24898680470215562	0.40863039119614564	2.280663565633288	3.4156840976195353	[1791, 1794, 107, 734, 1203, 174, 1086, 1112]	267304
119	0.2507916841311627	0.41075185423793237	2.280663565633288	3.198256428005487	[3248, 334, 19, 734, 1203, 174, 1086, 1112]	306667
120	0.25259222596693753	0.4131676857393257	2.280663565633288	2.7728661224156292	[2297, 400, 19, 734, 1203, 174, 1086, 1112]	292680
121	0.25438844063384136	0.4163101209320109	2.280663565633288	4.102174158781647	[107, 1794, 1791, 420, 158, 1115, 1086, 1112]	313369
122	0.2561803385311828	0.41988224405187546	2.280663565633288	3.8657607437434285	[2297, 400, 19, 1126, 132, 1108, 1086, 1112]	274404
123	0.25796793003327845	0.42226064228599225	2.280663565633288	3.7417205603972494	[1794, 107, 10, 734, 19, 334, 1086, 1112]	343593
124	0.25975122548951257	0.4246292894340544	2.280663565633288	3.92967166908788	[1879, 496, 3366, 438, 2627, 261, 1086, 1112]	282993
125	0.2615302352243972	0.4269882254740933	2.280663565633288	3.3509115332840214	[241, 132, 1032, 370, 1713, 174, 1086, 1096]	285390
126	0.26330496953763205	0.430568057468216	2.280663565633288	3.7756875863052732	[241, 1729, 1032, 132, 1713, 174, 1086, 1112]	338756
127	0.2650754387041637	0.43261082193042344	2.280663565633288	3.743450763630099	[1879, 496, 2729, 301, 2627, 261, 1086, 1112]	277774
128	0.2668416529742458	0.4356491408467239	2.280663565633288	3.755501892866665	[190, 195, 10, 734, 19, 334, 1086, 1112]	268904
129	0.26860362257349746	0.4382934337103117	2.280663565633288	4.077189867420325	[160, 107, 162, 1192, 836, 1089, 1086, 1112]	292593
130	0.2703613577029633	0.44005660303809047	2.280663565633288	3.884537135695693	[2267, 261, 217, 132, 1713, 174, 1086, 1096]	226854
131	0.2721148685391722	0.4420653285533397	2.280663565633288	4.2831271049422694	[1580, 301, 10, 415, 255, 174, 1086, 1112]	227182
132	0.273864165234196	0.44467955806345005	2.280663565633288	3.886014966242941	[10, 158, 420, 1879, 836, 1089, 1086, 1112]	274178
133	0.27560925791570867	0.44807806309276876	2.280663565633288	4.066633164285316	[1742, 1743, 193, 1265, 255, 174, 1086, 1112]	347206
134	0.27735015668704466	0.4510335562992691	2.280663565633288	4.069182217367126	[734, 19, 1126, 241, 1729, 1094, 1086, 1112]	336826
135	0.27908687162725754	0.4536057647505949	2.280663565633288	4.432315719280523	[3353, 2872, 241, 132, 387, 344, 1086, 1096]	299368
136	0.2808194127911783	0.4565316576031234	2.280663565633288	3.8554866495781566	[846, 10, 162, 1192, 836, 1089, 1086, 1112]	277487
137	0.2825477902094734	0.45985762898006455	2.280663565633288	3.5200445668919675	[2764, 1511, 1031, 241, 132, 1108, 1086, 1096]	347776
138	0.28427201388870327	0.4627500436520342	2.280663565633288	2.280663565633288	[1792, 232, 10, 734, 1203, 174, 1086, 1112]	320260
139	0.2859920938113798	0.4646773593436524	2.280663565633288	4.156326668298686	[1580, 301, 2729, 496, 3366, 150, 1086, 1112]	297518
140	0.28770803993602434	0.46687210413497304	2.280663565633288	3.8454554563872163	[377, 162, 10, 301, 2627, 261, 1086, 1112]	258780
141	0.2894198621972255	0.4693701003150986	2.280663565633288	4.37912583991524	[10, 1820, 432, 422, 19, 334, 1086, 1112]	263729
142	0.29112757050569615	0.47185639201499663	2.280663565633288	2.9866793829323433	[2149, 157, 10, 734, 1203, 174, 1086, 1112]	269540
143	0.29283117474833154	0.47375103984338673	2.280663565633288	4.8290797907837595	[1582, 420, 107, 10, 161, 1023, 1086, 1112]	298203
144	0.29453068478826594	0.47590858386735246	2.280663565633288	3.358951777602587	[19, 132, 1032, 370, 1713, 174, 1086, 1112]	227475
145	0.29622611046492986	0.4783642391907562	2.280663565633288	3.8630924787723595	[2627, 301, 2728, 496, 217, 261, 1086, 1112]	280307
146	0.29791746159410726	0.47979695459825233	2.280663565633288	2.746466612994111	[1549, 162, 107, 734, 1203, 174, 1086, 1112]	284704
147	0.2996047479679923	0.4816631166712019	2.280663565633288	3.1952818523887894	[382, 409, 19, 241, 132, 1108, 1086, 1112]	301089
148	0.30128797935524576	0.48352258412574556	2.280663565633288	3.8330025578237565	[420, 158, 10, 157, 1713, 174, 1086, 1112]	308135
149	0.30296716550105185	0.48494113171573217	2.280663565633288	3.7676291093230034	[386, 768, 781, 19, 132, 1108, 1086, 1112]	337627
150	0.30464231612717463	0.4867888397094178	2.280663565633288	2.5664221723022065	[1580, 438, 10, 734, 1203, 174, 1086, 1112]	302543
151	0.3063134409320143	0.4888929306544867	2.280663565633288	3.2086898154396657	[2309, 420, 107, 734, 1203, 174, 1086, 1096]	254277
152	0.3079805495906631	0.49072646207353543	2.280663565633288	3.7351903890873936	[320, 232, 10, 157, 1713, 174, 1086, 1112]	296783
153	0.30964365175496167	0.49255341593248714	2.280663565633288	3.3144036924357465	[432, 15, 422, 19, 132, 1108, 1086, 1112]	337234
154	0.3113027570535547	0.49572363615781523	2.280663565633288	3.172579377897966	[2405, 1742, 400, 19, 132, 1108, 1086, 1112]	272093
155	0.31295787509194684	0.4973065349003444	2.280663565633288	3.241929394235595	[1792, 232, 10, 734, 19, 334, 1086, 1112]	279602
156	0.31460901545255804	0.49936750482832215	2.280663565633288	4.015487913134201	[320, 232, 1792, 496, 3366, 150, 1086, 1112]	284257
157	0.3162561876947795	0.5024313251457375	2.280663565633288	3.5846203422964447	[1647, 1697, 241, 1209, 132, 1108, 1086, 1112]	290467
158	0.31789940135502837	0.5044712841807633	2.280663565633288	3.982266876134421	[2627, 301, 10, 158, 1713, 174, 1086, 1112]	312237
159	0.3195386659468036	0.5058322944476008	2.280663565633288	2.8045139948008613	[377, 162, 107, 734, 1203, 174, 1086, 1112]	240095
160	0.3211739909607406	0.5078583100042569	2.280663565633288	4.455850868723079	[2872, 241, 1126, 19, 132, 261, 1086, 1112]	245703
161	0.32280538586466645	0.5104936852704922	2.280663565633288	3.0246630527938976	[87, 1529, 2229, 734, 1203, 174, 1086, 1112]	285110
162	0.32443286010365446	0.5134894144871047	2.280663565633288	3.4340241044914075	[3621, 1720, 241, 1587, 132, 1108, 1086, 1096]	302774
163	0.326056423100079	0.5157689830364676	2.280663565633288	3.743450763630099	[1879, 496, 2728, 301, 2627, 261, 1086, 1112]	292198
164	0.3276760842536699	0.5170989632466335	2.280663565633288	3.9314727271904575	[107, 162, 10, 161, 1713, 174, 1086, 1096]	284352
165	0.3292918529415674	0.5188313091214662	2.280663565633288	2.2891027279696745	[241, 132, 19, 734, 1203, 174, 1086, 1112]	310038
166	0.3309037385183756	0.5208040306128596	2.280663565633288	4.2235268395874	[1799, 10, 157, 320, 836, 1089, 1086, 1112]	344543
167	0.3325117503162174	0.5223082032288209	2.280663565633288	3.2440727575381176	[195, 3284, 811, 3459, 1203, 174, 1086, 1112]	338816
168	0.3341158976447879	0.524866200593574	2.280663565633288	4.659028839790234	[2875, 836, 320, 232, 193, 1115, 1086, 1112]	292870
169	0.3357161897914087	0.5268141799096535	2.280663565633288	3.489506134920668	[734, 19, 132, 241, 1729, 1094, 1086, 1112]	343243
170	0.33731263602108175	0.5287541727944991	2.280663565633288	3.8424281912796907	[1851, 1799, 232, 320, 836, 1089, 1086, 1112]	341384
171	0.33890524557654256	0.5316381496713783	2.280663565633288	3.8249154480697296	[1515, 1031, 241, 1209, 132, 1108, 1086, 1112]	311821
172	0.34049402767831405	0.5341461859972887	2.280663565633288	3.345885426328497	[1879, 496, 217, 241, 132, 1108, 1086, 1112]	319480
173	0.34207899152475973	0.5356084782426934	2.280663565633288	4.065700824040366	[2627, 301, 1580, 438, 8, 174, 1086, 1112]	300055
174	0.34366014629213726	0.5370661804245488	2.280663565633288	3.6134557923189154	[2627, 261, 217, 132, 19, 334, 1086, 1112]	235607
175	0.3452375011346511	0.5383376661350526	2.280663565633288	3.8523661417126194	[734, 19, 241, 1720, 132, 1094, 1086, 1112]	269493
176	0.3468110651845061	0.5402304144061826	2.280663565633288	2.5974805693221787	[2627, 438, 10, 734, 1203, 174, 1086, 1096]	283657
177	0.34838084755195975	0.5416736085573908	2.280663565633288	3.6643882284294476	[734, 19, 241, 132, 387, 344, 1086, 1096]	316272
178	0.34994685732537534	0.5435526799508782	2.280663565633288	2.999987733221527	[3621, 1720, 241, 19, 132, 1108, 1086, 1112]	301933
179	0.35150910357127463	0.5459969150198626	2.280663565633288	4.272377600649087	[1548, 19, 241, 1729, 1822, 1094, 1086, 1112]	291581
180	0.3530675953343899	0.5472438717352011	2.280663565633288	2.688783307633825	[1549, 232, 10, 734, 1203, 174, 1086, 1112]	287172
181	0.3546223416377169	0.5496683407983196	2.280663565633288	3.799326794202714	[1265, 193, 232, 1192, 836, 1089, 1086, 1112]	341267
182	0.35617335148256646	0.5524243250788932	2.280663565633288	4.299116941981404	[19, 387, 1963, 2156, 8, 174, 1086, 1112]	340658
183	0.3577206338486171	0.5545214622479321	2.280663565633288	4.16380923297352	[1549, 438, 2729, 301, 2627, 261, 1086, 1096]	349454
184	0.3592641976939669	0.5561195596808756	2.280663565633288	3.3335796864929836	[77, 19, 241, 217, 132, 1108, 1086, 1112]	301582
185	0.36080405195518517	0.5573387137222794	2.280663565633288	3.8794956720925065	[107, 162, 10, 157, 1713, 174, 1086, 1112]	306582
186	0.36234020554736446	0.558926704624902	2.280663565633288	3.088009290259338	[119, 409, 19, 241, 132, 1108, 1086, 1112]	310603
187	0.3638726673641719	0.5607350408395411	2.280663565633288	3.798082099515229	[1265, 193, 232, 10, 158, 1115, 1086, 1112]	317304
188	0.36540144627790083	0.5630872658841322	2.280663565633288	3.661517274495666	[432, 422, 19, 1126, 132, 1108, 1086, 1112]	311851
189	0.36692655113952244	0.5648785444041042	2.280663565633288	4.083002011391491	[1791, 420, 162, 107, 836, 1089, 1086, 1112]	304138
190	0.36844799077873636	0.5669173267345724	2.280663565633288	3.7356206401472143	[1743, 193, 232, 320, 836, 1089, 1086, 1096]	275009
191	0.3699657740040224	0.5684709555847751	2.280663565633288	4.001984005727581	[359, 158, 420, 1879, 836, 1089, 1086, 1112]	294653
192	0.3714799096026914	0.5704929055013397	2.280663565633288	3.8849796129217076	[420, 158, 10, 161, 1713, 174, 1086, 1112]	309201
193	0.3729904063409356	0.5722538219784206	2.280663565633288	3.6557898660543753	[1873, 10, 811, 3459, 1203, 174, 1086, 1112]	283075
194	0.37449727296388025	0.5745443649677667	2.280663565633288	3.0413108580542865	[3284, 811, 734, 19, 132, 1108, 1086, 1112]	287105
195	0.3760005181956336	0.5758798493132222	2.280663565633288	2.951785734216145	[2046, 232, 10, 734, 1203, 174, 1086, 1112]	340841
196	0.3775001507393376	0.578150975246572	2.280663565633288	3.9756362298767325	[2872, 241, 1729, 1094, 132, 1108, 1086, 1112]	328720
197	0.3789961792772184	0.5798804947540341	2.280663565633288	3.2995445267437633	[119, 400, 19, 241, 132, 1108, 1086, 1112]	300397
198	0.38048861247063637	0.5821301975845294	2.280663565633288	4.030961372299795	[2872, 241, 1720, 132, 387, 344, 1086, 1112]	305051
199	0.38197745896013646	0.5838434028604675	2.280663565633288	2.7486699903006286	[2153, 158, 10, 734, 1203, 174, 1086, 1112]	302133
200	0.383462727365498	0.5855495842445126	2.280663565633288	3.7099358189029363	[2153, 158, 10, 734, 19, 334, 1086, 1096]	295732
201	0.38494442628578507	0.5870363722474621	2.280663565633288	3.509226948323585	[1549, 162, 733, 734, 1203, 174, 1086, 1096]	261459
202	0.3864225642993957	0.5887294629224679	2.280663565633288	3.701404221179777	[2872, 241, 1031, 132, 217, 261, 1086, 1112]	311236
203	0.38789714996411195	0.5912463970799687	2.280663565633288	4.156827209505522	[394, 432, 15, 1557, 158, 1115, 1086, 1112]	307273
204	0.3893681918171492	0.5931616315792817	2.280663565633288	3.0277641865202076	[1549, 107, 734, 19, 132, 1108, 1086, 1112]	346621
205	0.3908356983752058	0.5950678921560135	2.280663565633288	4.172481902703856	[157, 10, 162, 2636, 836, 1089, 1086, 1096]	285991
206	0.3922996781345123	0.5969652208579064	2.280663565633288	4.190323612012504	[1549, 162, 107, 420, 1582, 1087, 1086, 1112]	334822
207	0.3937601395708803	0.5986176047009635	2.280663565633288	3.7866876418367674	[320, 232, 193, 1265, 255, 174, 1086, 1112]	297885
208	0.3952170911397521	0.60076697196323	2.280663565633288	3.762824682570966	[160, 87, 1265, 734, 1203, 174, 1086, 1112]	314091
209	0.39667054127624946	0.6029048295537166	2.280663565633288	3.2630822718424026	[3621, 1720, 241, 217, 132, 1108, 1086, 1112]	308048
210	0.3981204983952221	0.604532861866953	2.280663565633288	3.669671272035359	[421, 438, 496, 217, 132, 1108, 1086, 1112]	264072
211	0.3995669708912969	0.6063858420018955	2.280663565633288	3.87598825526707	[1579, 1580, 301, 217, 132, 1108, 1086, 1112]	268148
212	0.401009967138926	0.6082301399100498	2.280663565633288	3.9964668860129366	[1549, 162, 2636, 301, 2627, 261, 1086, 1112]	303992
213	0.4024494954924358	0.6096355643124771	2.280663565633288	3.671194115465367	[19, 734, 10, 438, 2627, 261, 1086, 1112]	294480
214	0.403885564286075	0.6117259313745271	2.280663565633288	3.6522075585682723	[320, 232, 10, 301, 2627, 261, 1086, 1112]	347229
215	0.4053181818340631	0.6138051047056566	2.280663565633288	3.550342183707693	[734, 10, 232, 1192, 836, 1089, 1086, 1112]	344058
216	0.4067473564306381	0.615190529632972	2.280663565633288	3.9284382869063377	[377, 162, 10, 157, 1713, 174, 1086, 1112]	342679
217	0.4081730963501049	0.6172511503465458	2.280663565633288	4.510447155630485	[2627, 438, 831, 1533, 1078, 334, 1086, 1112]	351582
218	0.40959540984688314	0.6193434363322607	2.280663565633288	4.365019846569173	[2033, 2034, 1032, 132, 1713, 174, 1086, 1112]	292816
219	0.4110143051555549	0.6207089932012856	2.280663565633288	4.645870496672125	[1580, 438, 10, 162, 420, 458, 1086, 1096]	314648
220	0.41242979049091255	0.6224861793014462	2.280663565633288	3.2564349534009795	[158, 10, 232, 320, 836, 1089, 1086, 1112]	320625
221	0.4138418740480061	0.6245077324556598	2.280663565633288	3.541642580265451	[1819, 241, 1729, 1032, 132, 1108, 1086, 1112]	269997
222	0.4152505640021906	0.6255390527705704	2.280663565633288	4.043819125342883	[107, 162, 10, 158, 1546, 234, 1086, 1112]	277240
223	0.4166558685091739	0.6270742880680672	2.280663565633288	3.6946851958319593	[432, 422, 19, 132, 387, 344, 1086, 1112]	309895
224	0.4180577957050633	0.6286032291246395	2.280663565633288	3.9997232796722093	[2047, 232, 320, 157, 1713, 174, 1086, 1112]	298998
225	0.419456353706413	0.6301259017457574	2.280663565633288	3.4767891026276105	[195, 10, 232, 320, 836, 1089, 1086, 1096]	284857
226	0.420851550610271	0.6312869183767174	2.280663565633288	3.6333958461554463	[1792, 232, 10, 158, 1713, 174, 1086, 1096]	345589
227	0.4222433944942261	0.632609629527311	2.280663565633288	2.604369500782573	[10, 734, 19, 241, 132, 1108, 1086, 1112]	342450
228	0.42363189341645446	0.6341158764908015	2.280663565633288	3.274646975122037	[3065, 1460, 19, 241, 132, 1108, 1086, 1112]	343286
229	0.4250170554157664	0.6358302439999554	2.280663565633288	3.158533422469885	[457, 540, 19, 734, 1203, 174, 1086, 1112]	337086
230	0.42639888851165286	0.6373232869135852	2.280663565633288	4.046725591253127	[734, 10, 162, 107, 1546, 234, 1086, 1112]	335275
231	0.4277774007043319	0.6390226259482468	2.280663565633288	3.127393682463265	[157, 10, 107, 734, 1203, 174, 1086, 1096]	308794
232	0.42915259997479493	0.6407140026488225	2.280663565633288	3.8616820002693792	[161, 10, 232, 1192, 836, 1089, 1086, 1112]	301785
233	0.43052449428485307	0.6429127966725102	2.280663565633288	3.5545219257184755	[3621, 1720, 241, 1126, 132, 1108, 1086, 1112]	302858
234	0.43189309157718303	0.6445859457926411	2.280663565633288	4.001984005727581	[359, 158, 420, 1879, 836, 1089, 1086, 1112]	305764
235	0.4332583997753733	0.6467610439152711	2.280663565633288	3.2630822718424026	[3621, 1720, 241, 217, 132, 1108, 1086, 1112]	308683
236	0.4346204267839697	0.6482092721426593	2.280663565633288	4.30752676767503	[1851, 159, 1265, 415, 255, 174, 1086, 1112]	329772
237	0.4359791804885218	0.6491754942345527	2.280663565633288	3.8322880036522404	[107, 734, 19, 132, 217, 261, 1086, 1112]	310732
238	0.43733466875562776	0.6510541284654618	2.280663565633288	3.597101678396111	[3819, 438, 2627, 261, 132, 1108, 1086, 1112]	310664
239	0.43868689943298045	0.6526891309872291	2.280663565633288	3.9185445339456875	[394, 432, 422, 19, 1987, 334, 1086, 1096]	308463
240	0.44003588034941277	0.6543164726267101	2.280663565633288	3.4743116543928005	[1820, 432, 422, 19, 132, 1108, 1086, 1096]	301161
241	0.4413816193149427	0.6557337246977558	2.280663565633288	3.319856779838476	[1820, 10, 232, 320, 836, 1089, 1086, 1112]	268595
242	0.44272412412081874	0.657346800748214	2.280663565633288	3.4824921536045634	[1647, 1697, 241, 217, 132, 1108, 1086, 1112]	291290
243	0.4440634025395652	0.6585760253947646	2.280663565633288	4.94665941555731	[386, 768, 403, 23, 5272, 174, 1086, 1112]	308302
244	0.4453994623250269	0.6595137743484534	2.280663565633288	3.3644747416212573	[193, 232, 107, 734, 1203, 174, 1086, 1112]	294089
245	0.4467323112124141	0.661337048002802	2.280663565633288	3.8895140047049708	[1819, 241, 1720, 132, 1713, 174, 1086, 1112]	283581
246	0.4480619569183474	0.6629238694147006	2.280663565633288	3.686298423877683	[2028, 493, 217, 241, 132, 1108, 1086, 1112]	291183
247	0.44938840714090234	0.6643058324136382	2.280663565633288	4.080847701363914	[1819, 241, 1209, 132, 19, 334, 1086, 1112]	308692
248	0.450711669559654	0.6652278439823263	2.280663565633288	4.394833673999008	[320, 232, 10, 438, 240, 234, 1086, 1112]	296526
249	0.4520317518357214	0.6667964348841168	2.280663565633288	3.7356206401472143	[1743, 193, 232, 320, 836, 1089, 1086, 1112]	343881
250	0.453348661611812	0.6688356070562851	2.280663565633288	3.664881052757835	[3353, 2872, 241, 1031, 132, 1108, 1086, 1112]	302428
251	0.45466240651226575	0.6706459080381203	2.280663565633288	3.6490997296557035	[5420, 436, 422, 19, 132, 1108, 1086, 1096]	309122
252	0.45597299414309944	0.6721891123423982	2.280663565633288	3.426253688794504	[455, 1529, 2229, 734, 1203, 174, 1086, 1096]	309670
253	0.4572804320920506	0.6741952818730654	2.280663565633288	3.365210460534284	[3621, 1720, 241, 1209, 132, 1108, 1086, 1112]	276794
254	0.45858472792862137	0.6759399373518198	2.280663565633288	4.480016965427331	[2751, 331, 241, 1729, 1822, 1094, 1086, 1112]	317274
255	0.45988588920412254	0.6769571459748086	2.280663565633288	2.9647448912680154	[846, 10, 107, 734, 1203, 174, 1086, 1112]	264372
256	0.461183923451717	0.6782815745855169	2.280663565633288	3.319856779838476	[1820, 10, 232, 320, 836, 1089, 1086, 1112]	299083
257	0.4624788381864636	0.6800043483278446	2.280663565633288	3.619087609717594	[3819, 438, 1580, 301, 2627, 261, 1086, 1096]	288666
258	0.4637706409053606	0.6811522919124466	2.280663565633288	3.057077720340219	[813, 3284, 811, 3459, 1203, 174, 1086, 1112]	297057
259	0.46505933908738883	0.6821531392104335	2.280663565633288	3.7838290495825726	[1792, 232, 10, 157, 1713, 174, 1086, 1112]	313278
260	0.46634494019355544	0.683855181066271	2.280663565633288	2.76916519762507	[21, 1268, 841, 1820, 10, 734, 19, 794]	292567
261	0.46762745166693676	0.6855481086383561	2.280663565633288	3.975030667081838	[1792, 232, 320, 157, 1713, 174, 1086, 1112]	294299
262	0.46890688093272137	0.6870214879710586	2.280663565633288	3.9352492814316102	[158, 420, 1822, 1094, 132, 1108, 1086, 1112]	296039
263	0.47018323539825324	0.6883046542466875	2.280663565633288	4.259087935548449	[377, 162, 1541, 156, 1713, 174, 1086, 1096]	314284
264	0.4714565224530747	0.690212198288221	2.280663565633288	3.854134350964004	[2627, 301, 1512, 1031, 132, 1108, 1086, 1112]	348020
265	0.47272674946896887	0.6916637238064458	2.280663565633288	3.9597779617164415	[950, 1987, 19, 132, 1713, 174, 1086, 1112]	319643
266	0.4739939238000027	0.6927698408686835	2.280663565633288	4.147499274898772	[107, 734, 10, 301, 2627, 261, 1086, 1112]	311959
267	0.4752580527825695	0.6936136737032117	2.280663565633288	3.193290733740417	[320, 232, 10, 734, 19, 334, 1086, 1112]	314043
268	0.47651914373543125	0.6947127955689127	2.280663565633288	3.9961729706645084	[1468, 2307, 420, 158, 1713, 174, 1086, 1112]	299117
269	0.477777203959761	0.6965811224326378	2.280663565633288	3.7438072266021685	[1819, 241, 1031, 132, 1713, 174, 1086, 1096]	279367
270	0.47903224073918504	0.6976695989545232	2.280663565633288	4.211960370811278	[1851, 159, 651, 734, 19, 334, 1086, 1112]	277767
271	0.4802842613398256	0.6992885515394041	2.280663565633288	3.9589634028584584	[2627, 261, 217, 241, 19, 334, 1086, 1112]	303942
272	0.4815332730103422	0.7006975493716331	2.280663565633288	3.59690311846939	[1530, 158, 1557, 734, 1203, 174, 1086, 1112]	304579
273	0.48277928298197414	0.7028345336088797	2.280663565633288	3.561462934923987	[2607, 1587, 241, 217, 132, 1108, 1086, 1112]	301110
274	0.48402229846858214	0.7042269165730197	2.280663565633288	3.9380498396939334	[846, 10, 157, 320, 836, 1089, 1086, 1112]	291456
275	0.48526232666669	0.705155333757326	2.280663565633288	4.372423875058288	[2636, 162, 1549, 107, 420, 458, 1086, 1112]	300126
276	0.4864993747555266	0.7067670939590898	2.280663565633288	3.5466981557212787	[2196, 2197, 241, 1720, 132, 1108, 1086, 1112]	298072
277	0.48773344989706724	0.7081410507241712	2.280663565633288	2.3298370738744723	[420, 158, 10, 734, 1203, 174, 1086, 1112]	302511
278	0.48896455923607496	0.7093376298711658	2.280663565633288	3.862418125039177	[2654, 232, 10, 438, 2627, 261, 1086, 1112]	300578
279	0.4901927099001423	0.7108941011814289	2.280663565633288	3.88491855492149	[2047, 232, 1792, 496, 132, 1108, 1086, 1112]	347961
280	0.49141790899973226	0.7122487206573593	2.280663565633288	3.2440727575381176	[195, 3284, 811, 3459, 1203, 174, 1086, 1112]	352277
281	0.4926401636282195	0.7135969929991357	2.280663565633288	4.655859364535168	[1799, 232, 320, 157, 1010, 1105, 1086, 1112]	311589
282	0.49385948086193154	0.7147712035781297	2.280663565633288	4.228168333170587	[1393, 1178, 2279, 1876, 1713, 174, 1086, 1112]	299523
283	0.49507586776018964	0.7157944255040691	2.280663565633288	4.011540086448393	[3895, 1030, 1032, 132, 387, 344, 1086, 1112]	318250
284	0.4962893313653497	0.7171260842766969	2.280663565633288	3.7425483438662734	[87, 415, 10, 734, 19, 334, 1086, 1112]	321941
285	0.49749987870284296	0.7182858260958978	2.280663565633288	3.088009290259338	[119, 409, 19, 241, 132, 1108, 1086, 1112]	311989
286	0.4987075167812167	0.7192964397618484	2.280663565633288	3.736675918860292	[107, 347, 422, 19, 132, 1108, 1086, 1112]	278107
287	0.499912252592175	0.721014317205528	2.280663565633288	3.9293223936489143	[432, 394, 193, 1265, 255, 174, 1086, 1112]	299665
288	0.5011140931106188	0.72232151792666	2.280663565633288	3.264535593620842	[1807, 157, 651, 734, 1203, 174, 1086, 1096]	304575
289	0.5023130452946867	0.7231931370458913	2.280663565633288	2.6565690702175355	[2872, 241, 19, 734, 1203, 174, 1086, 1112]	267686
290	0.5035091160857952	0.7244901288027566	2.280663565633288	3.715078292062505	[2297, 400, 19, 132, 217, 261, 1086, 1112]	274460
291	0.5047023124086787	0.7264572368258226	2.280663565633288	3.4009913776184764	[2196, 2197, 241, 1031, 132, 1108, 1086, 1112]	340511
292	0.5058926411714294	0.7274385365980514	2.280663565633288	2.5712032091418053	[107, 10, 734, 19, 132, 1108, 1086, 1096]	348462
293	0.5070801092655379	0.728416316082513	2.280663565633288	2.6716838888510717	[1265, 415, 10, 734, 1203, 174, 1086, 1112]	335635
294	0.5082647235659328	0.7292688039296313	2.280663565633288	2.86274021440164	[2636, 162, 107, 734, 1203, 174, 1086, 1096]	350463
295	0.5094464909310201	0.7309601691695544	2.280663565633288	3.1854485211640693	[2196, 2197, 4018, 241, 132, 1108, 1086, 1112]	341071
296	0.5106254182027237	0.7319253152463537	2.280663565633288	4.12660497388466	[320, 232, 1879, 496, 217, 261, 1086, 1112]	304448
297	0.5118015122065243	0.7330243823759013	2.280663565633288	4.091940592180209	[1555, 2229, 734, 10, 158, 1115, 1086, 1112]	352050
298	0.5129747797514992	0.7341189434904316	2.280663565633288	3.5025358060307514	[1549, 107, 811, 3459, 1203, 174, 1086, 1112]	306926
299	0.5141452276303617	0.7353647418601661	2.280663565633288	3.219397614983688	[1647, 1697, 241, 19, 132, 1108, 1086, 1112]	300011
300	0.5153128626195008	0.7366047029822291	2.280663565633288	3.886014966242941	[10, 158, 420, 1879, 836, 1089, 1086, 1112]	280253
301	0.5164776914790197	0.737684585304186	2.280663565633288	3.2510333317360303	[1792, 496, 217, 241, 132, 1108, 1086, 1112]	320026
302	0.5176397209527754	0.7384050561087094	2.280663565633288	4.119931694202554	[87, 160, 331, 241, 132, 1094, 1086, 1096]	312047
303	0.5187989577684178	0.73947755724529	2.280663565633288	3.5296963655263225	[1799, 10, 232, 320, 836, 1089, 1086, 1112]	300097
304	0.5199554086374283	0.7404121482787691	2.280663565633288	3.396490005859392	[1265, 193, 232, 320, 836, 1089, 1086, 1112]	311217
305	0.521109080255159	0.7414764206300314	2.280663565633288	3.9500612932604584	[1580, 438, 4626, 301, 2627, 261, 1086, 1112]	302131
306	0.5222599793008715	0.7424038409960748	2.280663565633288	2.3298370738744723	[420, 158, 10, 734, 1203, 174, 1086, 1112]	265589
307	0.5234081124377751	0.7437832456673638	2.280663565633288	3.6552327096452704	[1819, 3821, 2680, 241, 132, 1108, 1086, 1112]	297541
308	0.5245534863130658	0.7449837614883725	2.280663565633288	3.385612680077884	[1580, 438, 2627, 261, 132, 1108, 1086, 1112]	290532
309	0.5256961075579647	0.7463493509133768	2.280663565633288	3.036539522001304	[2627, 261, 217, 241, 132, 1108, 1086, 1112]	295644
310	0.5268359827877562	0.7473892815993187	2.280663565633288	2.7995542814999217	[3869, 438, 10, 734, 1203, 174, 1086, 1112]	344449
311	0.5279731186018268	0.7484249487210417	2.280663565633288	3.198256428005487	[3248, 334, 19, 734, 1203, 174, 1086, 1112]	308358
312	0.5291075215837026	0.7493274421288504	2.280663565633288	3.620153532278189	[320, 232, 10, 438, 2627, 261, 1086, 1112]	306313
313	0.5302391983010879	0.7502266979566725	2.280663565633288	4.125476230411832	[161, 3284, 811, 3459, 1203, 174, 1086, 1112]	347234
314	0.5313681553059033	0.7515642119201342	2.280663565633288	3.960189989749913	[2238, 1549, 162, 2636, 836, 1089, 1086, 1112]	311987
315	0.5324943991343231	0.7522465611915938	2.280663565633288	4.119931694202554	[87, 160, 331, 241, 132, 1094, 1086, 1112]	272781
316	0.5336179363068136	0.7530242470695498	2.280663565633288	3.989387144926696	[2627, 301, 1580, 438, 3366, 150, 1086, 1112]	324831
317	0.534738773328171	0.7540368116542684	2.280663565633288	3.906081251685518	[837, 162, 420, 158, 1713, 174, 1086, 1112]	308097
318	0.5358569166875584	0.7551892839028688	2.280663565633288	4.0112920216101	[107, 162, 10, 415, 255, 174, 1086, 1112]	317900
319	0.536972372858544	0.7565002236570629	2.280663565633288	3.88491855492149	[2047, 232, 1792, 496, 132, 1108, 1086, 1112]	339627
320	0.5380851482991382	0.7574985372444747	2.280663565633288	3.597101678396111	[3819, 438, 2627, 261, 132, 1108, 1086, 1112]	319354
321	0.5391952494518312	0.7587971111510612	2.280663565633288	3.539820826569735	[158, 10, 811, 3459, 1203, 174, 1086, 1112]	266956
322	0.5403026827436301	0.759927278789358	2.280663565633288	4.147224087845142	[331, 241, 1126, 132, 1713, 174, 1086, 1096]	299934
323	0.5414074545860965	0.7612128469995654	2.280663565633288	3.701404221179777	[2872, 241, 1031, 132, 217, 261, 1086, 1096]	296077
324	0.5425095713753831	0.762491531105595	2.280663565633288	3.1264053718353413	[2872, 241, 1126, 19, 132, 1108, 1086, 1112]	297771
325	0.5436090394922712	0.7639450589520193	2.280663565633288	3.367189747680925	[813, 669, 811, 3459, 1203, 174, 1086, 1112]	339479
326	0.5447058653022072	0.7647918759439802	2.280663565633288	2.6716838888510717	[1265, 415, 10, 734, 1203, 174, 1086, 1112]	352182
327	0.5458000551553399	0.7660776346396218	2.280663565633288	3.765779823403168	[377, 162, 107, 734, 19, 334, 1086, 1112]	347835
328	0.5468916153865568	0.7673302682376723	2.280663565633288	4.00194333201028	[1586, 107, 162, 1192, 836, 1089, 1086, 1096]	343286
329	0.5479805523155213	0.7685761940934829	2.280663565633288	4.355779419652986	[1580, 1579, 1582, 420, 1822, 1094, 1086, 1112]	350959
330	0.5490668722467089	0.7696605413723034	2.280663565633288	3.919624176207683	[4211, 3284, 811, 3459, 1203, 174, 1086, 1112]	357077
331	0.5501505814694436	0.7706048995754965	2.280663565633288	2.950952908405667	[1819, 1513, 1031, 241, 132, 1108, 1086, 1112]	319676
332	0.5512316862579348	0.7715453860477179	2.280663565633288	4.241649994349553	[1743, 1742, 400, 19, 132, 3279, 1086, 1112]	314105
333	0.5523101928713134	0.7724820166625004	2.280663565633288	4.066234466946698	[1873, 10, 157, 320, 836, 1089, 1086, 1112]	309551
334	0.5533861075536677	0.7734148072282974	2.280663565633288	3.846245019589621	[1799, 10, 734, 19, 1987, 334, 1086, 1112]	314906
335	0.5544594365340798	0.7742276527061933	2.280663565633288	3.777560784501487	[2764, 400, 19, 132, 1713, 174, 1086, 1112]	302461
336	0.5555301860266624	0.7754366436776006	2.280663565633288	3.7376017343437953	[1819, 1513, 1031, 132, 1713, 174, 1086, 1112]	298816
337	0.556598362230593	0.7760534253569529	2.280663565633288	2.8072069172663756	[160, 107, 10, 734, 1203, 174, 1086, 1112]	285915
338	0.5576639713301517	0.7771027377121109	2.280663565633288	4.139328161258479	[715, 494, 2229, 734, 19, 334, 1086, 1112]	328530
339	0.558727019494756	0.7777149433275257	2.280663565633288	2.2891027279696745	[241, 132, 19, 734, 1203, 174, 1086, 1112]	349552
340	0.5597875128789963	0.7787564705609973	2.280663565633288	3.6569300928256956	[2073, 160, 107, 734, 1203, 174, 1086, 1112]	341157
341	0.5608454576226725	0.7796635367804537	2.280663565633288	3.835741971787437	[1799, 232, 10, 301, 2627, 261, 1086, 1112]	338376
342	0.5619008598508284	0.7806959337863763	2.280663565633288	3.0179133925676274	[1555, 2229, 734, 19, 132, 1108, 1086, 1112]	346145
343	0.5629537256737882	0.7814826591514602	2.280663565633288	3.050403745795638	[3158, 3083, 19, 734, 1203, 174, 1086, 1096]	294338
344	0.5640040611871913	0.7823785483950995	2.280663565633288	3.771072222639927	[1792, 232, 3, 19, 132, 1108, 1086, 1112]	341329
345	0.5650518724720273	0.7835438920402735	2.280663565633288	3.6342596004393295	[3136, 1468, 2688, 734, 1203, 174, 1086, 1112]	316182
346	0.5660971655946722	0.78443133052954	2.280663565633288	4.65629740439371	[781, 768, 386, 370, 1713, 174, 1086, 1112]	308233
347	0.5671399466069225	0.7855856817077598	2.280663565633288	3.300075406611665	[158, 1557, 734, 19, 132, 1108, 1086, 1112]	318862
348	0.568180221546031	0.7871165746806323	2.280663565633288	3.4009913776184764	[2607, 1587, 241, 1031, 132, 1108, 1086, 1112]	312702
349	0.569217996434741	0.7881140501220496	2.280663565633288	4.776897785197356	[2015, 1663, 1665, 1546, 234, 174, 1086, 1112]	305035
350	0.5702532772813219	0.7888741639409677	2.280663565633288	3.34120469505008	[3, 19, 241, 1031, 132, 1108, 1086, 1112]	319440
351	0.5712860700796036	0.7897397490924487	2.280663565633288	3.927022831296105	[1530, 156, 668, 670, 132, 1108, 1086, 1112]	313081
352	0.5723163808090113	0.7908656741582951	2.280663565633288	3.9282486751955545	[161, 654, 400, 19, 132, 1108, 1086, 1112]	307201
353	0.5733442154346	0.791845583015321	2.280663565633288	3.3045975432088337	[2520, 1019, 10, 734, 1203, 174, 1086, 1096]	267914
354	0.5743695799070891	0.7925923104359452	2.280663565633288	2.9205297895886497	[3284, 195, 10, 734, 1203, 174, 1086, 1112]	302826
355	0.5753924801628971	0.7940731769051358	2.280663565633288	3.561462934923987	[2607, 1587, 241, 217, 132, 1108, 1086, 1112]	290057
356	0.5764129221241756	0.7946387718172006	2.280663565633288	3.4140753024856316	[10, 734, 19, 241, 132, 1094, 1086, 1112]	292618
357	0.5774309116988436	0.7954807229167109	2.280663565633288	4.697263700154021	[1580, 301, 10, 157, 1010, 1105, 1086, 1112]	281798
358	0.5784464547806221	0.7964390077426947	2.280663565633288	2.8687788104161314	[241, 1126, 19, 734, 1203, 174, 1086, 1112]	297035
359	0.5794595572490676	0.7972735781373357	2.280663565633288	3.2510333317360303	[1792, 496, 217, 241, 132, 1108, 1086, 1096]	342490
360	0.580470224969607	0.7983591602143059	2.280663565633288	4.462487487355479	[1872, 193, 1265, 1209, 132, 1108, 1086, 1112]	354128
361	0.5814784637935708	0.7995931817924383	2.280663565633288	3.7080224801751394	[1515, 1031, 241, 1720, 132, 1108, 1086, 1112]	300782
362	0.582484279558227	0.800532197496243	2.280663565633288	3.6880140214746895	[320, 160, 2229, 734, 1203, 174, 1086, 1112]	362904
363	0.5834876780868156	0.8014668133971874	2.280663565633288	3.2506945422089704	[1851, 159, 651, 734, 1203, 174, 1086, 1112]	323836
364	0.5844886651885814	0.8025299410698388	2.280663565633288	3.8142156725565552	[2047, 232, 1792, 496, 217, 261, 1086, 1112]	318029
365	0.5854872466588084	0.803587375787737	2.280663565633288	3.3280701539563653	[1580, 1579, 4018, 241, 132, 1108, 1086, 1112]	316324
366	0.5864834282788529	0.8045076765050997	2.280663565633288	3.571605568064048	[107, 10, 811, 3459, 1203, 174, 1086, 1112]	312444
367	0.5874772158161772	0.8050446122080581	2.280663565633288	3.4762812789342155	[734, 19, 132, 241, 217, 261, 1086, 1096]	301829
368	0.5884686150243825	0.8055131405524373	2.1830250043914776	2.1830250043914776	[420, 158, 10, 734, 19, 132, 393, 794]	293158
369	0.5894576316432434	0.8060473146659102	2.1830250043914776	3.189403908553083	[1849, 420, 107, 734, 1203, 174, 1086, 1112]	301250
370	0.5904442713987395	0.8067430951856833	2.1830250043914776	3.750019727304635	[420, 158, 10, 301, 2627, 261, 1086, 1112]	305862
371	0.5914285400030896	0.8074363796815892	2.1830250043914776	3.5847571856602682	[320, 232, 10, 158, 1713, 174, 1086, 1112]	341443
372	0.5924104431547851	0.808467540854235	2.1830250043914776	3.91231651623995	[3621, 1720, 241, 1031, 132, 1094, 1086, 1112]	337567
373	0.5933899865386218	0.8094931802499106	2.1830250043914776	3.812042463108149	[1819, 1513, 1031, 132, 19, 334, 1086, 1112]	330587
374	0.5943671758257337	0.8102742304402124	2.1830250043914776	3.9159010368279565	[377, 162, 1549, 107, 836, 1089, 1086, 1112]	347897
375	0.5953420166736256	0.8111631995812152	2.1830250043914776	2.6898516710746176	[157, 10, 734, 19, 132, 1108, 1086, 1112]	349928
376	0.596314514726206	0.8121744039625854	2.1830250043914776	3.5545219257184755	[3621, 1720, 241, 1126, 132, 1108, 1086, 1112]	316179
377	0.5972846756138193	0.8126902823696707	2.1830250043914776	3.7725498590609963	[107, 162, 420, 158, 1713, 174, 1086, 1112]	315282
378	0.5982525049532789	0.8136933093576357	2.1830250043914776	3.9842737740202	[394, 193, 842, 157, 1713, 174, 1086, 1112]	274117
379	0.5992180083478995	0.8146909652247039	2.1830250043914776	4.265998950593181	[2764, 370, 1032, 132, 19, 334, 1086, 1112]	310526
380	0.6001811913875297	0.8155592395442466	2.1830250043914776	3.625135630617468	[813, 807, 811, 3459, 1203, 174, 1086, 1112]	307364
381	0.6011420596485841	0.8162208972467744	2.1830250043914776	4.029730269849744	[10, 232, 1792, 496, 3366, 150, 1086, 1112]	309414
382	0.6021006186940759	0.8172050181040238	2.1830250043914776	4.082766126456637	[1579, 1580, 438, 80, 148, 1108, 1086, 1112]	314625
383	0.6030568740736487	0.8177788025756559	2.1830250043914776	3.0179133925676274	[1718, 132, 19, 734, 1203, 174, 1086, 1112]	300584
384	0.604010831323609	0.8183507859660085	2.1830250043914776	3.830323609408362	[2238, 1549, 10, 734, 19, 334, 1086, 1112]	266501
385	0.6049624959669582	0.8190955212640707	2.1830250043914776	2.731960381856332	[1586, 107, 10, 734, 1203, 174, 1086, 1112]	342818
386	0.6059118735134243	0.8199431578262444	2.1830250043914776	3.8765859615407194	[241, 1729, 1822, 1094, 132, 1108, 1086, 1096]	347861
387	0.6068589694594942	0.8207868227468836	2.1830250043914776	3.6442950146436752	[394, 193, 1265, 734, 1203, 174, 1086, 1112]	279276
388	0.6078037892884451	0.8214297271614556	2.1830250043914776	4.0364358362072945	[19, 734, 10, 158, 420, 458, 1086, 1112]	340947
389	0.6087463384703768	0.8222664266905825	2.1830250043914776	3.202068030768813	[195, 3284, 811, 734, 1203, 174, 1086, 1112]	296928
390	0.6096866224622426	0.8230992058241646	2.1830250043914776	3.453180887458757	[1580, 438, 2729, 301, 2627, 261, 1086, 1112]	305335
391	0.6106246467078815	0.8240464939467222	2.1830250043914776	3.8721482353335563	[1265, 87, 160, 320, 836, 1089, 1086, 1112]	308075
392	0.6115604166380499	0.8249887094250822	2.1830250043914776	3.653160679904725	[811, 669, 673, 670, 132, 1108, 1086, 1112]	342504
393	0.612493937670452	0.8260597608510521	2.1830250043914776	4.175501545357365	[1265, 808, 331, 241, 1729, 1094, 1086, 1112]	314088
394	0.6134252152097724	0.8271464345650189	2.1830250043914776	4.411669125739644	[1873, 10, 158, 2151, 132, 1108, 1086, 1112]	284030
395	0.6143542546477068	0.8279563481889853	2.1830250043914776	4.048036733914191	[193, 842, 157, 320, 836, 1089, 1086, 1112]	311221
396	0.6152810613629928	0.8288776267433372	2.1830250043914776	3.0150729935709144	[813, 3284, 811, 734, 1203, 174, 1086, 1112]	318553
397	0.616205640721442	0.829793971932431	2.1830250043914776	3.7812818120962417	[241, 1031, 1511, 2327, 387, 344, 1086, 1112]	303034
398	0.6171279980759704	0.8305914803938055	2.1830250043914776	3.9293223936489143	[432, 394, 193, 1265, 255, 174, 1086, 1112]	315709
399	0.6180481387666295	0.8316498426570679	2.1830250043914776	3.2769644876399573	[2299, 2297, 400, 19, 132, 1108, 1086, 1112]	309063
400	0.6189660681206373	0.8322537773733013	2.1830250043914776	3.9826173734523254	[10, 107, 162, 420, 1822, 1094, 1086, 1112]	265134
401	0.6198817914524092	0.8331520435740749	2.1830250043914776	3.864682523158968	[1535, 496, 2729, 438, 2627, 261, 1086, 1112]	299654
402	0.6207953140635885	0.8337505893361259	2.1830250043914776	3.5820402681263186	[1799, 1019, 10, 734, 19, 334, 1086, 1112]	338464
403	0.6217066412430774	0.8343469878916006	2.1830250043914776	4.216519942870936	[2796, 1791, 420, 158, 1546, 234, 1086, 1112]	298034
404	0.6226157782670674	0.835123162979572	2.1830250043914776	3.9332533810467414	[2751, 3018, 370, 1032, 132, 1108, 1086, 1096]	349089
405	0.6235227303990702	0.8357991339768314	2.1830250043914776	3.812042463108149	[1819, 1513, 1031, 132, 19, 334, 1086, 1112]	297289
406	0.6244275028899477	0.83656850496507	2.1830250043914776	4.097926539557863	[1580, 438, 3366, 1715, 132, 1108, 1086, 1096]	338306
407	0.6253301009779426	0.8371547946076537	2.1830250043914776	3.7871674441853447	[320, 232, 10, 161, 1713, 174, 1086, 1112]	345459
408	0.6262305298887088	0.8378224362113942	2.1830250043914776	3.581089186935536	[2734, 162, 107, 734, 1203, 174, 1086, 1112]	329081
409	0.6271287948353417	0.8383315036200498	2.1830250043914776	3.241929394235595	[1792, 232, 10, 734, 19, 334, 1086, 1096]	320802
410	0.6280249010184079	0.8390890090695602	2.1830250043914776	4.083541417542944	[190, 813, 3284, 734, 1203, 174, 1086, 1112]	303727
411	0.6289188536259762	0.839666256725162	2.1830250043914776	3.306657264240542	[10, 734, 19, 132, 217, 261, 1086, 1112]	312278
412	0.629810657833647	0.8406887933531904	2.1830250043914776	4.042143761308866	[10, 195, 190, 196, 1078, 334, 1086, 1112]	316145
413	0.6307003188045821	0.8412603019867289	2.1830250043914776	3.7199577016724614	[1549, 162, 10, 158, 1713, 174, 1086, 1112]	312623
414	0.6315878416895351	0.8421103390439785	2.1830250043914776	3.6552327096452704	[1819, 3821, 2680, 241, 132, 1108, 1086, 1112]	321067
415	0.6324732316268808	0.8429558242278924	2.1830250043914776	4.506723847104239	[2636, 301, 2729, 1676, 132, 1108, 1086, 1112]	310306
416	0.6333564937426458	0.8435996824558211	2.1830250043914776	3.1941925614291695	[841, 1820, 733, 734, 1203, 174, 1086, 1112]	294578
417	0.6342376331505366	0.8447163622978691	2.1830250043914776	3.4340241044914075	[3621, 1720, 241, 1587, 132, 1108, 1086, 1112]	296240
418	0.6351166549519708	0.8455478924575164	2.1830250043914776	4.101810906559008	[1526, 156, 673, 670, 132, 1108, 1086, 1096]	281265
419	0.6359935642361056	0.8461811235835561	2.1830250043914776	3.586866730706431	[421, 438, 1580, 301, 2627, 261, 1086, 1112]	285577
420	0.6368683660798682	0.8466035997455885	2.1830250043914776	2.415559318357274	[1799, 232, 10, 734, 1203, 174, 1086, 1112]	351783
421	0.6377410655479837	0.8470851035131282	2.1830250043914776	2.8085470593567745	[432, 422, 19, 241, 132, 1108, 1086, 1112]	300667
422	0.6386116676930063	0.8475650958639868	2.1830250043914776	4.029103416686746	[1819, 241, 19, 132, 387, 344, 1086, 1112]	363183
423	0.6394801775553467	0.8481119366393471	2.1830250043914776	3.131297395943739	[1019, 10, 107, 734, 1203, 174, 1086, 1112]	354918
424	0.6403466001633031	0.848942228530896	2.1830250043914776	3.7805068727412223	[2196, 2197, 241, 132, 1713, 174, 1086, 1112]	308751
425	0.641210940533089	0.8494163914575219	2.1830250043914776	3.3947961570511813	[2689, 1549, 107, 734, 1203, 174, 1086, 1112]	317057
426	0.6420732036688623	0.8502227533762952	2.1830250043914776	3.703792137954796	[1879, 496, 2729, 438, 2627, 261, 1086, 1112]	306224
427	0.642933394562755	0.8509245418079973	2.1830250043914776	4.055200475345514	[10, 158, 420, 2307, 1468, 1089, 1086, 1112]	310886
428	0.6437915181949017	0.8517228277148979	2.1830250043914776	2.7517630091525116	[3131, 162, 10, 734, 1203, 174, 1086, 1112]	275690
429	0.6446475795334683	0.8523307425065187	2.1830250043914776	4.475381823347976	[420, 1791, 1792, 496, 3366, 150, 1086, 1112]	316793
430	0.6455015835346811	0.8532344634509832	2.1830250043914776	3.396490005859392	[1265, 193, 232, 320, 836, 1089, 1086, 1112]	315104
431	0.6463535351428551	0.8538487165336381	2.1830250043914776	4.050690365656309	[1041, 436, 422, 19, 132, 1108, 1086, 1112]	312230
432	0.6472034392904229	0.8546313437432516	2.1830250043914776	2.602840294084988	[1820, 10, 734, 19, 132, 1108, 1086, 1112]	294758
433	0.6480513008979631	0.8553124755145504	2.1830250043914776	4.210145320734618	[107, 162, 1541, 156, 1713, 174, 1086, 1112]	288886
434	0.6488971248742291	0.8559056732734649	2.1830250043914776	3.7925866042151446	[2238, 1549, 232, 320, 836, 1089, 1086, 1112]	304656
435	0.6497409161161771	0.856677285661481	2.1830250043914776	3.664669885776984	[3819, 438, 2729, 301, 2627, 261, 1086, 1112]	302763
436	0.6505826795089948	0.857444766133336	2.1830250043914776	3.057077720340219	[813, 3284, 811, 3459, 1203, 174, 1086, 1112]	336857
437	0.6514224199261295	0.8582081368150758	2.1830250043914776	3.5390150635545616	[2627, 261, 217, 132, 1713, 174, 1086, 1112]	347436
438	0.652260142229316	0.8589674197142632	2.1830250043914776	3.729769596885106	[300, 301, 2627, 261, 132, 1108, 1086, 1112]	340902
439	0.6530958512686056	0.859628234594819	2.1830250043914776	3.4824921536045634	[1647, 1697, 241, 217, 132, 1108, 1086, 1112]	297736
440	0.6539295518823933	0.8602037383706238	2.1830250043914776	3.620153532278189	[320, 232, 10, 438, 2627, 261, 1086, 1112]	352195
441	0.6547612488974466	0.8607052396280633	2.1830250043914776	3.8828739676683135	[87, 415, 733, 734, 19, 334, 1086, 1112]	359564
442	0.6555909471289323	0.8612049418137088	2.1830250043914776	3.1952818523887894	[382, 409, 19, 241, 132, 1108, 1086, 1112]	309601
443	0.6564186513804459	0.8617739813197568	2.1830250043914776	4.333285611462349	[300, 301, 1580, 438, 970, 261, 1086, 1112]	275603
444	0.6572443664440382	0.8623406878467804	2.1830250043914776	3.6251173318438195	[1529, 2229, 734, 19, 132, 1094, 1086, 1112]	271284
445	0.6580680971002433	0.8629050709596535	2.1830250043914776	3.094093728748758	[158, 420, 107, 734, 1203, 174, 1086, 1112]	306548
446	0.6588898481181069	0.8635474357875186	2.1830250043914776	3.986801108761658	[19, 1126, 241, 132, 387, 344, 1086, 1112]	315132
447	0.6597096242552133	0.8641068714097453	2.1830250043914776	2.9084054188625457	[1742, 400, 19, 241, 132, 1108, 1086, 1112]	275088
448	0.6605274302577127	0.8647436051442894	2.1830250043914776	3.886014966242941	[10, 158, 420, 1879, 836, 1089, 1086, 1112]	332262
449	0.6613432708603496	0.8652981366465222	2.1830250043914776	3.619087609717594	[3819, 438, 1580, 301, 2627, 261, 1086, 1112]	283644
450	0.6621571507864894	0.8658503946504313	2.1830250043914776	3.552623624310219	[77, 19, 241, 132, 1713, 174, 1086, 1112]	293043
451	0.662969074748146	0.8664789590236852	2.1830250043914776	3.202068030768813	[195, 3284, 811, 734, 1203, 174, 1086, 1096]	288491
452	0.6637790474460092	0.8670263758279796	2.1830250043914776	3.5975221620810895	[3895, 1030, 1032, 370, 1713, 174, 1086, 1096]	309986
453	0.664587073569472	0.8675034017437753	2.1830250043914776	3.7866876418367674	[320, 232, 193, 1265, 255, 174, 1086, 1112]	342480
454	0.6653931577966572	0.8683142675458175	2.1830250043914776	4.144635823870344	[1719, 2072, 241, 1720, 132, 1108, 1086, 1112]	307865
455	0.666197304794445	0.8687276225932812	2.1830250043914776	3.598071231982602	[157, 320, 232, 10, 158, 2150, 4776, 794]	309297
456	0.6669995192185001	0.8691985455033021	2.1830250043914776	3.8721482353335563	[1265, 87, 160, 320, 836, 1089, 1086, 1096]	307289
457	0.6677998057132982	0.8699990371967089	2.1830250043914776	3.58697182110531	[3621, 1720, 241, 1729, 132, 1108, 1086, 1112]	263682
458	0.6685981689121532	0.8706081629074699	2.1830250043914776	3.96942564884651	[1742, 400, 19, 241, 1729, 1094, 1086, 1112]	300094
459	0.6693946134372437	0.8714165250717297	2.1830250043914776	5.014118794930562	[3060, 317, 324, 301, 2627, 261, 1086, 1112]	291695
460	0.6701891438996405	0.8720190090754545	2.1830250043914776	4.450198699767386	[1820, 10, 162, 420, 1582, 1087, 1086, 1112]	308978
461	0.6709817648993324	0.872543712482124	2.1830250043914776	3.241929394235595	[1792, 232, 10, 734, 19, 334, 1086, 1112]	307992
462	0.6717724810252532	0.8731409149954834	2.1830250043914776	3.518457163244806	[77, 1460, 19, 241, 132, 1108, 1086, 1112]	304689
463	0.6725612968553089	0.8737353192879869	2.1830250043914776	3.7718327601810104	[158, 10, 232, 1879, 836, 1089, 1086, 1112]	295666
464	0.6733482169564027	0.8743269384708316	2.1830250043914776	3.426253688794504	[193, 1529, 2229, 734, 1203, 174, 1086, 1112]	337861
465	0.6741332458844631	0.8749999066113461	2.1830250043914776	3.295170776460333	[2872, 241, 1729, 1032, 132, 1108, 1086, 1112]	281827
466	0.6749163881844692	0.8755123887726516	2.1830250043914776	3.2086898154396657	[2309, 420, 107, 734, 1203, 174, 1086, 1112]	343654
467	0.6756976483904773	0.8760334027705339	2.1830250043914776	3.8068801775335404	[3160, 21, 422, 19, 132, 1108, 1086, 1112]	329829
468	0.6764770310256473	0.8764781171260286	2.1830250043914776	2.604369500782573	[10, 734, 19, 241, 132, 1108, 1086, 1112]	292254
469	0.6772545406022688	0.877139565894914	2.1830250043914776	3.6653897307665373	[10, 734, 19, 241, 1729, 1094, 1086, 1112]	338525
470	0.6780301816217869	0.8777152343179386	2.1830250043914776	3.748041363121062	[10, 301, 2627, 261, 132, 1108, 1086, 1112]	281679
471	0.678803958574829	0.8781539153172764	2.1830250043914776	4.79563978714945	[160, 107, 162, 10, 159, 1023, 1086, 1112]	314046
472	0.6795758759412301	0.8785910226044833	2.1830250043914776	3.341775419258357	[359, 158, 651, 734, 1203, 174, 1086, 1112]	292347
473	0.6803459381900592	0.8792411569512195	2.1830250043914776	2.7728661224156292	[2297, 400, 19, 734, 1203, 174, 1086, 1112]	294937
474	0.6811141497796445	0.8798878098859724	2.1830250043914776	3.8600189149223176	[2047, 232, 193, 1265, 255, 174, 1086, 1112]	291767
475	0.6818805151576002	0.8803186970475739	2.1830250043914776	3.4424362830909683	[87, 160, 107, 734, 1203, 174, 1086, 1112]	272124
476	0.6826450387608515	0.8808093729434249	2.1830250043914776	4.155473931809353	[1873, 10, 734, 19, 422, 636, 1086, 1112]	304303
477	0.6834077250156605	0.8815388075453401	2.1830250043914776	3.472619534390886	[1019, 1799, 232, 320, 836, 1089, 1086, 1096]	317817
478	0.6841685783376521	0.8819637719634252	2.1830250043914776	3.7696768965965166	[10, 734, 19, 387, 344, 174, 1086, 1112]	270135
479	0.6849276031318388	0.882447703291928	2.1830250043914776	4.0732770911142175	[1849, 420, 162, 10, 158, 1115, 1086, 1112]	316040
480	0.6856848037926471	0.8829296505725277	2.1830250043914776	4.240001375009526	[2357, 438, 2729, 496, 217, 261, 1086, 1112]	305343
481	0.6864401847039425	0.8834781892776752	2.1830250043914776	4.1125094072689565	[332, 165, 227, 217, 132, 1108, 1086, 1112]	279401
482	0.687193750239055	0.8841021532786872	2.1830250043914776	2.8120095126531117	[1265, 415, 733, 734, 1203, 174, 1086, 1112]	271323
483	0.6879455047608041	0.8846451981664901	2.1830250043914776	3.432062459683153	[457, 540, 409, 19, 132, 1108, 1086, 1112]	299527
484	0.6886954526215245	0.8850590188044452	2.1830250043914776	3.7524358462149285	[77, 19, 132, 241, 217, 261, 1086, 1112]	292470
485	0.6894435981630911	0.8854198128999948	2.1830250043914776	3.6430422008998526	[2872, 241, 1720, 132, 1713, 174, 1086, 1112]	334287
486	0.6901899457169443	0.8858895749644536	2.1830250043914776	4.160937008952988	[1020, 1018, 480, 157, 1713, 174, 1086, 1112]	312947
487	0.6909344996041143	0.8863574110729266	2.1830250043914776	4.257046736641818	[2872, 241, 19, 23, 5272, 174, 1086, 1112]	290949
488	0.6916772641352477	0.8868898888427849	2.1830250043914776	3.431611661040848	[781, 19, 241, 1031, 132, 1108, 1086, 1112]	288445
489	0.6924182436106306	0.8872956569392513	2.1830250043914776	3.8977150919623957	[119, 409, 19, 241, 132, 1094, 1086, 1096]	312406
490	0.6931574423202151	0.8879853961380864	2.1830250043914776	3.295170776460333	[2872, 241, 1729, 1032, 132, 1108, 1086, 1112]	292489
491	0.6938948645436429	0.8885102459062856	2.1830250043914776	3.8995581527633956	[107, 1586, 1587, 241, 132, 1108, 1086, 1112]	310963
492	0.6946305145502709	0.8888602067694424	2.1830250043914776	4.978316160337952	[238, 10, 159, 1265, 255, 174, 1086, 1112]	270804
493	0.6953643965991958	0.8893158637205517	2.1830250043914776	3.472306600475574	[1580, 438, 107, 734, 1203, 174, 1086, 1112]	266208
494	0.6960965149392779	0.8896632957889512	2.1830250043914776	2.7754221757720616	[4349, 158, 10, 734, 1203, 174, 1086, 1112]	311802
495	0.6968268738091672	0.8901156601921488	2.1830250043914776	3.780809551450086	[2004, 19, 132, 387, 344, 174, 1086, 1112]	275992
496	0.6975554774373266	0.8904605817386997	2.1830250043914776	3.8537499953820777	[1792, 232, 10, 159, 1713, 174, 1086, 1112]	269824
497	0.6982823300420571	0.8909738339067296	2.1830250043914776	3.2903281519845455	[3158, 3083, 19, 241, 132, 1108, 1086, 1112]	299351
498	0.6990074358315221	0.8912732832154574	2.1830250043914776	3.193290733740417	[320, 232, 10, 734, 19, 334, 1086, 1112]	299209
499	0.6997307990037714	0.8917190469048984	2.1830250043914776	4.031289789896263	[193, 232, 10, 415, 255, 174, 1086, 1112]	298571
