0	0.00240325927734375	0.0046855476884631875	3.8281092143882427	3.8281092143882427	[1500, 786, 77, 19, 132, 1108, 1086, 1096]	262133
1	0.004800742899533361	0.009349141019785567	3.653160679904725	3.653160679904725	[811, 669, 668, 670, 132, 1108, 1086, 1112]	304163
2	0.0071924647469656655	0.014653988839635534	3.3036751225217778	3.3036751225217778	[669, 811, 734, 19, 132, 1108, 1086, 1112]	306242
3	0.00957843866667929	0.019930429668125638	3.3036751225217778	3.3778428664368425	[813, 669, 668, 670, 132, 1108, 1086, 1096]	296109
4	0.011958678472434925	0.023948572039201976	2.9205297895886497	2.9205297895886497	[3284, 195, 10, 734, 1203, 174, 1086, 1112]	272356
5	0.01433319794479504	0.028521907551304904	2.9205297895886497	4.3136412854532775	[2764, 400, 654, 493, 217, 261, 1086, 1112]	301631
6	0.01670201083120393	0.03157132957698783	2.9205297895886497	3.780809551450086	[2004, 19, 132, 387, 344, 174, 1086, 1112]	310149
7	0.019065130846067313	0.03504544390806519	2.9205297895886497	3.50065900671827	[19, 132, 241, 1729, 1822, 1094, 1086, 1112]	348855
8	0.021422571670831503	0.04021269029637209	2.9205297895886497	3.790380657406014	[1743, 1742, 400, 19, 1987, 334, 1086, 1112]	339706
9	0.023774346954062775	0.04470981950677022	2.9205297895886497	3.1941925614291695	[841, 1820, 733, 734, 1203, 174, 1086, 1112]	331412
10	0.026120470311526423	0.050556098947778016	2.9205297895886497	3.7356206401472143	[1743, 193, 232, 320, 836, 1089, 1086, 1096]	291295
11	0.02846095532626547	0.05564028714880731	2.9205297895886497	3.653160679904725	[811, 669, 673, 670, 132, 1108, 1086, 1112]	344643
12	0.030795815548679273	0.06069724997123882	2.9205297895886497	3.4340241044914075	[3621, 1720, 241, 1587, 132, 1108, 1086, 1096]	298994
13	0.03312506449660224	0.06644568795218808	2.9205297895886497	3.3331971760863874	[317, 324, 668, 670, 132, 1108, 1086, 1112]	326736
14	0.03544871565538188	0.06900977145085452	2.23202490513811	2.23202490513811	[320, 232, 10, 734, 1203, 174, 1086, 1112]	242898
15	0.03776678247795695	0.07234958014702086	2.23202490513811	3.4743116543928005	[1820, 432, 422, 19, 132, 1108, 1086, 1112]	249814
16	0.04007927838493508	0.07615281164240928	2.23202490513811	2.7779111706204334	[3819, 438, 10, 734, 1203, 174, 1086, 1112]	333663
17	0.042386216764671025	0.0810999317085831	2.23202490513811	4.12829505188273	[5158, 301, 2627, 261, 132, 1108, 1086, 1112]	343700
18	0.04468761097334362	0.0843963684969371	2.23202490513811	3.750019727304635	[420, 158, 10, 301, 2627, 261, 1086, 1112]	354262
19	0.04698347433503336	0.08768097973877687	2.23202490513811	4.382352395958574	[19, 241, 1031, 227, 217, 261, 1086, 1112]	343044
20	0.049273820141799596	0.09326428001832088	2.23202490513811	4.287951434003785	[2789, 2558, 415, 1265, 255, 174, 1086, 1112]	327290
21	0.05155866165375744	0.09698176429302707	2.23202490513811	3.6580884587458176	[2047, 232, 10, 158, 1713, 174, 1086, 1112]	250218
22	0.0538380120991544	0.10181734715812063	2.23202490513811	3.256066088378023	[2004, 19, 1126, 241, 132, 1108, 1086, 1112]	266177
23	0.056111884674447055	0.10662703590422451	2.23202490513811	3.373023600476821	[669, 813, 19, 734, 1203, 174, 1086, 1112]	303943
24	0.05838029254437771	0.11141096919205806	2.23202490513811	4.216172159449475	[1873, 10, 494, 217, 132, 1108, 1086, 1112]	300952
25	0.06064324884205019	0.1161692849398247	2.23202490513811	3.722693568181798	[1820, 10, 232, 1192, 836, 1089, 1086, 1112]	307857
26	0.06290076666900601	0.11933991489659346	2.23202490513811	4.770241058677078	[10, 232, 3, 19, 1987, 334, 1086, 1112]	341039
27	0.06515285909530044	0.12295049286941173	2.23202490513811	4.624572557318714	[321, 1398, 331, 241, 217, 261, 1086, 1112]	278089
28	0.06739953915957797	0.1265462679988647	2.23202490513811	3.633166482026226	[318, 162, 10, 734, 1203, 174, 1086, 1112]	282349
29	0.06964081986914772	0.12928799637079902	2.23202490513811	4.470953736241591	[1820, 733, 734, 19, 422, 334, 1086, 1112]	249233
30	0.07187671420005914	0.13395058221756695	2.23202490513811	3.527605238801611	[846, 10, 811, 3459, 1203, 174, 1086, 1112]	272089
31	0.07410723509717665	0.1370574240383744	2.23202490513811	4.135804664256849	[119, 409, 19, 241, 217, 261, 1086, 1112]	334534
32	0.07633239547425485	0.14321873236915295	2.23202490513811	3.4009913776184764	[2196, 2197, 241, 1031, 132, 1108, 1086, 1112]	352888
33	0.07855220821401321	0.14673141067121087	2.23202490513811	3.5039991897862475	[1799, 1019, 19, 734, 1203, 174, 1086, 1096]	297484
34	0.08076668616821081	0.15022968750428256	2.23202490513811	2.5664221723022065	[1580, 438, 10, 734, 1203, 174, 1086, 1112]	339940
35	0.08297584215772047	0.15371362191229154	2.23202490513811	2.999987733221527	[3621, 1720, 241, 19, 132, 1108, 1086, 1112]	353187
36	0.0851796889726033	0.15767893709491831	2.23202490513811	3.4068681568281054	[157, 10, 232, 320, 836, 1089, 1086, 1112]	340818
37	0.08737823937218236	0.16283385694371988	2.23202490513811	3.901587674480006	[1723, 241, 1031, 132, 1713, 174, 1086, 1112]	299684
38	0.08957150608511699	0.1651332024294091	2.23202490513811	2.376330188143222	[107, 162, 10, 734, 1203, 174, 1086, 1112]	257954
39	0.09175950180947601	0.16855603459874913	2.23202490513811	3.7008462190634503	[1792, 232, 10, 301, 2627, 261, 1086, 1096]	241426
40	0.09394223921281164	0.17245180494892165	2.23202490513811	4.262345871310933	[107, 160, 87, 1265, 255, 174, 1086, 1112]	250202
41	0.0961197309322328	0.1758446319147834	2.23202490513811	4.125806079559972	[1917, 10, 162, 420, 158, 1115, 1086, 1112]	298653
42	0.09829198957447793	0.1792235487846663	2.23202490513811	3.688952646948918	[1873, 10, 734, 19, 1987, 334, 1086, 1112]	339780
43	0.10045902771598825	0.18258861258793613	2.23202490513811	2.8969535619067592	[734, 19, 241, 1031, 132, 1108, 1086, 1112]	336701
44	0.10262085790298059	0.18600969819373447	2.23202490513811	3.1300002401942724	[107, 734, 19, 241, 132, 1108, 1086, 1112]	340879
45	0.10477749265152003	0.18892978457617082	2.23202490513811	3.3284912497526102	[1549, 162, 10, 734, 19, 334, 1086, 1096]	322648
46	0.10692894444759216	0.19147569415304522	2.23202490513811	3.241929394235595	[1792, 232, 10, 734, 19, 334, 1086, 1112]	275882
47	0.10907522574717565	0.19526407334537277	2.23202490513811	3.3702876334653675	[394, 193, 232, 320, 836, 1089, 1086, 1112]	257690
48	0.11121634897631416	0.19815096083735761	2.23202490513811	3.173108129187473	[77, 19, 241, 1031, 132, 1108, 1086, 1112]	249016
49	0.11335232653118832	0.2014384250103094	2.23202490513811	4.154698620066639	[1715, 132, 19, 1548, 255, 174, 1086, 1112]	239670
50	0.11548317077818748	0.2080903331734888	2.23202490513811	3.576563806872099	[1743, 1742, 400, 654, 132, 1108, 1086, 1112]	310733
51	0.11760889405398145	0.21026537803476764	2.23202490513811	3.3284912497526102	[1549, 162, 10, 734, 19, 334, 1086, 1112]	333545
52	0.11972950866559184	0.21509847417510852	2.23202490513811	3.493148230326841	[331, 241, 1729, 1032, 132, 1108, 1086, 1112]	336046
53	0.12184502689046317	0.21831645601385852	2.23202490513811	3.9159010368279565	[377, 162, 1549, 107, 836, 1089, 1086, 1112]	278653
54	0.1239554609765342	0.22152124459616318	2.23202490513811	2.8859392283917114	[677, 132, 19, 734, 1203, 174, 1086, 1112]	358608
55	0.1260608231423087	0.22365940035746523	2.23202490513811	2.6937553845550912	[1019, 10, 734, 19, 132, 1108, 1086, 1112]	316568
56	0.12816112557692616	0.2278166356741682	2.23202490513811	3.3778428664368425	[4356, 669, 668, 670, 132, 1108, 1086, 1112]	285239
57	0.13025638044023236	0.23024048133506814	2.23202490513811	3.774201367493263	[846, 10, 1019, 19, 132, 1108, 1086, 1112]	353382
58	0.1323465998628499	0.23436247554461442	2.23202490513811	2.9216081390660067	[87, 415, 733, 734, 1203, 174, 1086, 1112]	230633
59	0.13443179594624832	0.23794990667752702	2.23202490513811	3.8785906558424594	[1582, 1579, 1580, 438, 2627, 261, 1086, 1112]	222012
60	0.13651198076281423	0.24034194449836344	2.23202490513811	3.713028837754819	[3131, 162, 10, 734, 19, 334, 1086, 1112]	238822
61	0.13858716635592117	0.2427264738299464	2.23202490513811	2.668481012673639	[1742, 400, 19, 734, 1203, 174, 1086, 1112]	296563
62	0.14065736473999924	0.24627471505002685	2.23202490513811	3.8105878308606362	[3353, 2872, 241, 1720, 132, 1108, 1086, 1112]	310106
63	0.14272258790060488	0.25088743768399724	2.23202490513811	4.489207563989485	[87, 415, 1265, 193, 232, 1023, 1086, 1112]	306401
64	0.14478284779449002	0.25395868998941085	2.23202490513811	4.011818429003773	[377, 162, 1549, 107, 1546, 234, 1086, 1112]	333784
65	0.14683815634967146	0.2566350180307434	2.23202490513811	3.7644588152833016	[107, 162, 10, 438, 2627, 261, 1086, 1112]	341510
66	0.1488885254654998	0.2596827060945751	2.23202490513811	3.620153532278189	[320, 232, 10, 438, 2627, 261, 1086, 1112]	312038
67	0.15093396701272854	0.26271789908161447	2.23202490513811	4.166724138110937	[1792, 232, 107, 10, 158, 1115, 1086, 1112]	295496
68	0.15297449283358266	0.2666659795887041	2.23202490513811	3.1448576629016216	[2004, 19, 241, 1031, 132, 1108, 1086, 1112]	340637
69	0.15501011474182713	0.26967254217238745	2.23202490513811	3.5730757047846025	[860, 853, 19, 734, 1203, 174, 1086, 1112]	236938
70	0.1570408445228355	0.2722924987733315	2.23202490513811	3.556566938423991	[3621, 1720, 241, 132, 19, 334, 1086, 1112]	281754
71	0.1590666939336579	0.2761893081450456	2.23202490513811	3.9830434001942727	[1579, 1580, 438, 1712, 132, 1108, 1086, 1096]	234627
72	0.16108767470308916	0.2795807576591516	2.23202490513811	4.102174158781647	[107, 1794, 1791, 420, 158, 1115, 1086, 1112]	351706
73	0.16310379853173695	0.28253437153536676	2.23202490513811	3.8281092143882427	[1500, 786, 77, 19, 132, 1108, 1086, 1112]	288302
74	0.16511507709208928	0.2851081879640106	2.23202490513811	3.809693534924585	[3621, 1720, 241, 19, 132, 1094, 1086, 1112]	298594
75	0.1671215220285821	0.28893637045245224	2.23202490513811	3.733229751685813	[300, 301, 2729, 438, 2627, 261, 1086, 1112]	316914
76	0.1691231449576669	0.29274405336191134	2.23202490513811	4.384325467516016	[2153, 158, 420, 2307, 1468, 1089, 1086, 1112]	343489
77	0.17111995746787756	0.29605793482783327	2.23202490513811	2.6716838888510717	[1265, 415, 10, 734, 1203, 174, 1086, 1112]	327184
78	0.17311197111989796	0.29858323719810964	2.23202490513811	3.8586707795295334	[3621, 1720, 132, 19, 1987, 334, 1086, 1112]	323306
79	0.1750991974466285	0.3023392619885047	2.23202490513811	3.8740546209197664	[2267, 438, 2729, 301, 2627, 261, 1086, 1112]	283831
80	0.1770816479532532	0.30425544443543573	2.23202490513811	3.0179133925676274	[276, 132, 19, 734, 1203, 174, 1086, 1112]	337572
81	0.179059334117306	0.3075153887295221	2.23202490513811	3.7718327601810104	[158, 10, 232, 1879, 836, 1089, 1086, 1112]	254651
82	0.18103226738873734	0.3096890639183594	2.23202490513811	2.7486699903006286	[2153, 158, 10, 734, 1203, 174, 1086, 1112]	231667
83	0.18300045918998054	0.31216546635168796	2.23202490513811	4.305530114981221	[1019, 1799, 232, 10, 158, 1089, 1086, 1112]	239683
84	0.18496392091601777	0.31498548767222134	2.23202490513811	3.668792192773367	[1792, 232, 10, 438, 2627, 261, 1086, 1112]	339900
85	0.18692266393444623	0.3186536798605655	2.23202490513811	3.722693568181798	[1820, 10, 232, 1192, 836, 1089, 1086, 1112]	329598
86	0.18887669958554376	0.32109792287764727	2.23202490513811	3.6653897307665373	[10, 734, 19, 241, 1729, 1094, 1086, 1112]	247115
87	0.19082603918233454	0.3238813224285315	2.23202490513811	3.8348195744954143	[1792, 496, 3366, 438, 2627, 261, 1086, 1112]	326198
88	0.1927706940106546	0.3263068119446919	2.23202490513811	3.4762812789342155	[734, 19, 132, 241, 217, 261, 1086, 1096]	283326
89	0.19471067532921726	0.32906885580971457	2.23202490513811	4.330835953575823	[1879, 496, 2729, 438, 254, 174, 1086, 1112]	304552
90	0.19664599436967822	0.33317488666265005	2.23202490513811	3.21936644223897	[19, 1126, 241, 1031, 132, 1108, 1086, 1112]	363162
91	0.19857666233670057	0.3355670367025241	2.23202490513811	3.5920832183463594	[781, 19, 241, 217, 132, 1108, 1086, 1112]	313815
92	0.2005026904080197	0.33912501651431515	2.23202490513811	3.727679997352509	[3819, 438, 3366, 3459, 1203, 174, 1086, 1112]	335353
93	0.20242408973450798	0.3414958212222915	2.23202490513811	3.8474256198286723	[77, 19, 400, 654, 132, 1108, 1086, 1112]	235186
94	0.20434087144023938	0.3445812739550067	2.23202490513811	3.039417413237337	[2764, 400, 19, 734, 1203, 174, 1086, 1112]	236462
95	0.20625304662255384	0.34693250503536577	2.23202490513811	3.790380657406014	[1743, 1742, 400, 19, 1987, 334, 1086, 1112]	239468
96	0.20816062635212151	0.349275301374126	2.23202490513811	3.605533116154481	[734, 19, 400, 1032, 132, 1108, 1086, 1112]	333609
97	0.21006362167300685	0.3516096932298469	2.23202490513811	4.130354712215397	[10, 301, 2729, 496, 217, 261, 1086, 1112]	267090
98	0.21196204360273252	0.3539357107525396	2.23202490513811	2.999987733221527	[3621, 1720, 241, 19, 132, 1108, 1086, 1112]	230708
99	0.21385590313234326	0.35658448015998634	2.23202490513811	4.3580212664970075	[87, 160, 331, 241, 217, 261, 1086, 1112]	333578
100	0.2157452112264695	0.35959923426169405	2.23202490513811	4.37281332060819	[1500, 786, 19, 132, 387, 344, 1086, 1112]	297670
101	0.21762997882339075	0.3622247840483398	2.23202490513811	3.2506945422089704	[1851, 159, 651, 734, 1203, 174, 1086, 1112]	328295
102	0.21951021683509908	0.3648395694635935	2.23202490513811	3.9456489582534315	[1726, 132, 19, 387, 344, 174, 1086, 1112]	350607
103	0.22138593614736213	0.36781564395069666	2.23202490513811	3.1820453677955483	[1546, 107, 10, 734, 1203, 174, 1086, 1112]	334721
104	0.22325714761978632	0.37120093532003307	2.23202490513811	3.703792137954796	[1879, 496, 2729, 438, 2627, 261, 1086, 1112]	346160
105	0.22512386208587953	0.37456809875319763	2.23202490513811	4.129916660920861	[1579, 1583, 162, 1192, 836, 1089, 1086, 1112]	341342
106	0.2269860903531139	0.37681175592444327	2.23202490513811	2.539418467647492	[158, 10, 734, 19, 132, 1108, 1086, 1112]	304184
107	0.22884384320298856	0.38062560504967513	2.23202490513811	3.42458594698455	[241, 2680, 1513, 1031, 132, 1108, 1086, 1112]	239152
108	0.23069713139109171	0.3831649497811588	2.23202490513811	3.1780623326561717	[715, 494, 2229, 734, 1203, 174, 1086, 1096]	239005
109	0.23254596564716323	0.3848591378463351	2.23202490513811	3.7524358462149285	[77, 19, 132, 241, 217, 261, 1086, 1112]	304362
110	0.23439035667515662	0.38862373780681614	2.23202490513811	4.4820323945957075	[331, 808, 1265, 193, 232, 1023, 1086, 1096]	282164
111	0.23623031515330084	0.39113029135990407	2.23202490513811	4.035363469999085	[2238, 1549, 162, 420, 1822, 1094, 1086, 1112]	234506
112	0.23806585173416261	0.3943907348523541	2.23202490513811	3.3369086815824263	[846, 10, 734, 19, 132, 1094, 1086, 1112]	288166
113	0.23989697704470747	0.3960540903779671	2.23202490513811	3.6622146450013826	[734, 10, 158, 420, 1822, 1094, 1086, 1112]	334884
114	0.2417237016863618	0.39822066929481914	2.23202490513811	2.648165271475393	[1580, 301, 10, 734, 1203, 174, 1086, 1112]	336619
115	0.24354603623507398	0.4010403350467697	2.23202490513811	3.5654025817911563	[1078, 334, 1987, 19, 132, 1108, 1086, 1112]	345328
116	0.24536399124137553	0.403846789120374	2.23202490513811	2.604369500782573	[10, 734, 19, 241, 132, 1108, 1086, 1112]	355589
117	0.2471775772304423	0.4057180847739442	2.23202490513811	2.731960381856332	[1586, 107, 10, 734, 1203, 174, 1086, 1096]	366167
118	0.24898680470215562	0.4089004119215818	2.23202490513811	3.618738224536706	[2307, 1468, 2688, 734, 1203, 174, 1086, 1096]	324034
119	0.2507916841311627	0.41206569798852155	2.23202490513811	3.365210460534284	[3621, 1720, 241, 1209, 132, 1108, 1086, 1112]	328027
120	0.25259222596693753	0.4136805077779818	2.23202490513811	3.6643882284294476	[734, 19, 241, 132, 387, 344, 1086, 1112]	337196
121	0.25438844063384136	0.4160843322267783	2.23202490513811	4.058268073807701	[2307, 1468, 232, 320, 836, 1089, 1086, 1112]	254240
122	0.2561803385311828	0.4184783013457465	2.23202490513811	2.731960381856332	[1586, 107, 10, 734, 1203, 174, 1086, 1112]	333021
123	0.25796793003327845	0.42120304899666716	2.23202490513811	4.344724751834189	[1549, 162, 1805, 157, 1713, 174, 1086, 1112]	331457
124	0.25975122548951257	0.4227927623020352	2.23202490513811	3.3753105476877643	[1549, 107, 10, 734, 19, 334, 1086, 1112]	289064
125	0.2615302352243972	0.4254972943403952	2.23202490513811	3.7602355253089765	[305, 331, 241, 19, 132, 1108, 1086, 1112]	338849
126	0.26330496953763205	0.4285737055684171	2.23202490513811	3.733007363611267	[158, 733, 734, 19, 132, 1108, 1086, 1096]	322457
127	0.2650754387041637	0.4306236245136834	2.23202490513811	3.428392705000431	[950, 4588, 1987, 19, 132, 1108, 1086, 1096]	337875
128	0.2668416529742458	0.4329579846537056	2.23202490513811	3.527605238801611	[846, 10, 811, 3459, 1203, 174, 1086, 1112]	296757
129	0.26860362257349746	0.4349921755569728	2.23202490513811	3.3575937850316935	[193, 232, 10, 734, 19, 334, 1086, 1112]	339178
130	0.2703613577029633	0.43801774253501	2.23202490513811	3.7625521258650387	[19, 132, 1032, 1729, 1822, 1094, 1086, 1112]	345858
131	0.2721148685391722	0.4397817772438496	2.23202490513811	2.5974805693221787	[2627, 438, 10, 734, 1203, 174, 1086, 1112]	342455
132	0.273864165234196	0.44278169632804387	2.23202490513811	4.15628979394073	[1586, 107, 162, 2636, 836, 1089, 1086, 1112]	230697
133	0.27560925791570867	0.44506621014594094	2.23202490513811	3.200171690329981	[320, 232, 107, 734, 1203, 174, 1086, 1112]	303804
134	0.27735015668704466	0.4476663788822417	2.23202490513811	3.012790528604537	[2297, 400, 19, 241, 132, 1108, 1086, 1096]	258716
135	0.27908687162725754	0.4502543644039305	2.23202490513811	4.097926539557863	[1580, 438, 3366, 1715, 132, 1108, 1086, 1112]	347235
136	0.2808194127911783	0.45283022379604043	2.23202490513811	2.9305764039857216	[3284, 2308, 651, 734, 1203, 174, 1086, 1112]	298345
137	0.2825477902094734	0.4545477628536002	2.23202490513811	3.6425075611488076	[2149, 157, 651, 734, 1203, 174, 1086, 1112]	266977
138	0.28427201388870327	0.4567840375139125	2.23202490513811	3.277050517816969	[1833, 438, 10, 734, 1203, 174, 1086, 1112]	271784
139	0.2859920938113798	0.458732755491581	2.23202490513811	3.8439002389707486	[19, 241, 132, 1032, 1729, 1094, 1086, 1112]	337518
140	0.28770803993602434	0.4612688889779283	2.23202490513811	3.96942564884651	[1742, 400, 19, 241, 1729, 1094, 1086, 1096]	346917
141	0.2894198621972255	0.463201518123017	2.23202490513811	4.235218727328377	[320, 232, 107, 420, 158, 1115, 1086, 1112]	326852
142	0.29112757050569615	0.46540231364820506	2.23202490513811	4.093935950794533	[1873, 10, 162, 420, 158, 1115, 1086, 1112]	327828
143	0.29283117474833154	0.46826503702368316	2.23202490513811	3.4644322952363042	[107, 734, 811, 3459, 1203, 174, 1086, 1112]	365927
144	0.29453068478826594	0.4711124307684246	2.23202490513811	3.619048318501573	[2751, 331, 241, 1031, 132, 1108, 1086, 1112]	305752
145	0.29622611046492986	0.4732807927049607	2.23202490513811	3.6901637387024984	[193, 394, 432, 422, 19, 334, 1086, 1112]	340974
146	0.29791746159410726	0.47544026467364475	2.23202490513811	3.9996618679832086	[257, 320, 232, 10, 158, 1115, 1086, 1112]	336580
147	0.2996047479679923	0.477898114328964	2.23202490513811	3.344576572073115	[10, 734, 1460, 19, 132, 1108, 1086, 1112]	330910
148	0.30128797935524576	0.4797710882491806	2.23202490513811	3.8233147869985284	[10, 158, 651, 19, 132, 1108, 1086, 1112]	256472
149	0.30296716550105185	0.48255686810623855	2.23202490513811	3.8142156725565552	[2047, 232, 1792, 496, 217, 261, 1086, 1112]	360791
150	0.30464231612717463	0.4847225062140529	2.23202490513811	3.5110094936797793	[2297, 400, 19, 132, 1713, 174, 1086, 1112]	289951
151	0.3063134409320143	0.4861377581195929	2.23202490513811	4.119931694202554	[87, 160, 331, 241, 132, 1094, 1086, 1112]	263919
152	0.3079805495906631	0.4882445184042702	2.23202490513811	3.0426603400095615	[734, 19, 241, 1720, 132, 1108, 1086, 1112]	342877
153	0.30964365175496167	0.4913764102754201	2.23202490513811	3.724603510011498	[2411, 1468, 2229, 734, 1203, 174, 1086, 1112]	347583
154	0.3113027570535547	0.4934616928499105	2.23202490513811	3.8284723448603755	[2267, 438, 1580, 301, 2627, 261, 1086, 1112]	339640
155	0.31295787509194684	0.4965616561402747	2.23202490513811	4.545287788675724	[10, 415, 87, 1265, 193, 1115, 1086, 1096]	319810
156	0.31460901545255804	0.49896968393297114	2.23202490513811	3.088009290259338	[119, 409, 19, 241, 132, 1108, 1086, 1112]	331645
157	0.3162561876947795	0.5007670662849335	2.23202490513811	3.337278998812767	[3580, 162, 107, 734, 1203, 174, 1086, 1112]	306452
158	0.31789940135502837	0.5023341339479621	2.23202490513811	3.606467275670986	[1792, 496, 10, 734, 1203, 174, 1086, 1112]	328861
159	0.3195386659468036	0.5049990906888845	2.23202490513811	3.774201367493263	[846, 10, 1019, 19, 132, 1108, 1086, 1112]	365719
160	0.3211739909607406	0.5073184410552944	2.23202490513811	4.101304007533361	[734, 10, 301, 217, 132, 1108, 1086, 1096]	288296
161	0.32280538586466645	0.508864944274638	2.23202490513811	3.5847571856602682	[320, 232, 10, 158, 1713, 174, 1086, 1112]	341060
162	0.32443286010365446	0.5111661809997152	2.23202490513811	4.066234466946698	[1873, 10, 157, 320, 836, 1089, 1086, 1112]	320421
163	0.326056423100079	0.5137838429090402	2.23202490513811	4.2898089090207066	[1820, 10, 232, 3135, 836, 1089, 1086, 1112]	308897
164	0.3276760842536699	0.5158187877629365	2.23202490513811	4.1190471964824225	[846, 10, 107, 420, 1822, 1094, 1086, 1112]	362268
165	0.3292918529415674	0.5173386088113927	2.23202490513811	2.23202490513811	[320, 232, 10, 734, 1203, 174, 1086, 1112]	337489
166	0.3309037385183756	0.5188536592162118	2.23202490513811	3.813906702256274	[1715, 132, 241, 19, 1987, 334, 1086, 1096]	297798
167	0.3325117503162174	0.5205797103430669	2.23202490513811	3.583130903848163	[813, 807, 811, 734, 1203, 174, 1086, 1112]	302324
168	0.3341158976447879	0.5222995694816641	2.23202490513811	4.588929192420081	[420, 162, 1583, 1013, 156, 1115, 1086, 1112]	340663
169	0.3357161897914087	0.5252230478790427	2.23202490513811	3.7891103713750693	[542, 2727, 1512, 1031, 132, 1108, 1086, 1112]	331743
170	0.33731263602108175	0.527765436508238	2.23202490513811	4.005826309827379	[2004, 19, 241, 1729, 1822, 1094, 1086, 1112]	308726
171	0.33890524557654256	0.5292477576129485	2.23202490513811	2.280663565633288	[1792, 232, 10, 734, 1203, 174, 1086, 1112]	336790
172	0.34049402767831405	0.5309365212375832	2.23202490513811	4.172261813225368	[161, 2149, 420, 158, 1713, 174, 1086, 1112]	299970
173	0.34207899152475973	0.533134340536241	2.23202490513811	2.9305764039857216	[3284, 2308, 651, 734, 1203, 174, 1086, 1112]	355395
174	0.34366014629213726	0.5359915112288427	2.23202490513811	3.58697182110531	[3621, 1720, 241, 1729, 132, 1108, 1086, 1112]	340879
175	0.3452375011346511	0.5376560824975529	2.23202490513811	3.337596016745529	[107, 162, 10, 734, 19, 334, 1086, 1112]	330474
176	0.3468110651845061	0.5404855805859494	2.23202490513811	3.576563806872099	[1743, 1742, 400, 654, 132, 1108, 1086, 1112]	304840
177	0.34838084755195975	0.5429462397010363	2.23202490513811	3.648598669037632	[1792, 496, 2729, 301, 2627, 261, 1086, 1096]	341101
178	0.34994685732537534	0.5450877868911085	2.23202490513811	4.124109494138804	[432, 15, 422, 19, 132, 1094, 1086, 1112]	334097
179	0.35150910357127463	0.5469528606511213	2.23202490513811	4.336463998712754	[1791, 420, 107, 10, 232, 1023, 1086, 1112]	337870
180	0.3530675953343899	0.5490756346276622	2.23202490513811	3.8817231546354893	[1580, 301, 2728, 496, 217, 261, 1086, 1112]	336447
181	0.3546223416377169	0.5506932682725725	2.23202490513811	3.701536091421799	[1647, 1697, 241, 132, 1713, 174, 1086, 1112]	342408
182	0.35617335148256646	0.5525353603760468	2.23202490513811	3.8053884246120075	[1715, 132, 1031, 241, 19, 334, 1086, 1112]	341901
183	0.3577206338486171	0.5549314939850285	2.23202490513811	2.950952908405667	[1819, 1513, 1031, 241, 132, 1108, 1086, 1096]	322170
184	0.3592641976939669	0.5565281204814152	2.23202490513811	3.648145069190825	[19, 241, 217, 132, 1713, 174, 1086, 1112]	312204
185	0.36080405195518517	0.5586060291213919	2.23202490513811	3.8600189149223176	[2047, 232, 193, 1265, 255, 174, 1086, 1112]	311955
186	0.36234020554736446	0.5613073156519413	2.23202490513811	4.383534315063756	[420, 2307, 1468, 3136, 836, 1089, 1086, 1096]	300036
187	0.3638726673641719	0.5636564762154758	2.23202490513811	3.813013157523107	[386, 3821, 1819, 241, 132, 1108, 1086, 1112]	352355
188	0.36540144627790083	0.5654454210560647	2.23202490513811	3.382061594142434	[2267, 261, 217, 241, 132, 1108, 1086, 1112]	313086
189	0.36692655113952244	0.5677724224307867	2.23202490513811	3.7812818120962417	[241, 1031, 1511, 2327, 387, 344, 1086, 1112]	334236
190	0.36844799077873636	0.5697976453577562	2.23202490513811	3.5568794428062525	[1392, 3083, 19, 241, 132, 1108, 1086, 1112]	306014
191	0.3699657740040224	0.571340941432286	2.23202490513811	3.8330025578237565	[420, 158, 10, 157, 1713, 174, 1086, 1112]	334211
192	0.3714799096026914	0.5733494438932967	2.23202490513811	4.060234636423931	[377, 162, 10, 415, 255, 174, 1086, 1112]	354774
193	0.3729904063409356	0.5746886790373258	2.23202490513811	3.1037709244350387	[3284, 162, 107, 420, 1582, 793, 2372, 794]	354252
194	0.37449727296388025	0.5764323934545379	2.23202490513811	3.2216345904522914	[950, 1987, 19, 734, 1203, 174, 1086, 1112]	335209
195	0.3760005181956336	0.5781689588968253	2.23202490513811	2.9030408740226537	[1819, 241, 19, 734, 1203, 174, 1086, 1112]	327330
196	0.3775001507393376	0.5807505222725811	2.23202490513811	2.8120095126531117	[1265, 415, 733, 734, 1203, 174, 1086, 1112]	318720
197	0.3789961792772184	0.5829955661825867	2.23202490513811	3.723416810891404	[157, 10, 734, 19, 1987, 334, 1086, 1112]	344767
198	0.38048861247063637	0.5855475912091364	2.23202490513811	4.143105922240603	[1579, 1580, 301, 1879, 836, 1089, 1086, 1112]	330133
199	0.38197745896013646	0.5872467856693759	2.23202490513811	3.916108201783075	[2238, 1549, 162, 420, 158, 1115, 1086, 1112]	323957
200	0.383462727365498	0.5898254188284593	2.23202490513811	4.086670289343016	[2299, 2297, 400, 19, 132, 1094, 1086, 1112]	337412
201	0.38494442628578507	0.5911129366962551	2.23202490513811	4.324318970669578	[1078, 334, 19, 132, 387, 344, 1086, 1112]	309649
202	0.3864225642993957	0.5923964131086901	2.23202490513811	4.197523106517233	[421, 438, 3366, 496, 217, 261, 1086, 1112]	359019
203	0.38789714996411195	0.5938586389864091	2.23202490513811	3.7644588152833016	[107, 162, 10, 438, 2627, 261, 1086, 1112]	339102
204	0.3893681918171492	0.5957616337016957	2.23202490513811	3.6334564316037268	[2709, 2520, 651, 734, 1203, 174, 1086, 1112]	327428
205	0.3908356983752058	0.5974189520766431	2.23202490513811	4.118226956914129	[1833, 438, 1580, 301, 2627, 261, 1086, 1112]	329664
206	0.3922996781345123	0.5995747380178047	2.23202490513811	3.2510333317360303	[1792, 496, 217, 241, 132, 1108, 1086, 1112]	321138
207	0.3937601395708803	0.6006745388472235	2.23202490513811	3.6643804002798888	[1549, 162, 107, 10, 158, 1115, 1086, 1112]	339454
208	0.3952170911397521	0.6019280018600497	2.23202490513811	3.2506945422089704	[1851, 159, 651, 734, 1203, 174, 1086, 1112]	339642
209	0.39667054127624946	0.6043641622920191	2.23202490513811	3.057077720340219	[813, 3284, 811, 3459, 1203, 174, 1086, 1112]	354040
210	0.3981204983952221	0.6065268946410058	2.23202490513811	3.2769644876399573	[2299, 2297, 400, 19, 132, 1108, 1086, 1112]	311979
211	0.3995669708912969	0.6079384292185851	2.23202490513811	3.69377386549397	[2051, 1849, 420, 158, 1713, 174, 1086, 1112]	358369
212	0.401009967138926	0.6103378064420432	2.23202490513811	4.489600875142348	[2047, 232, 1792, 1791, 420, 458, 1086, 1112]	344458
213	0.4024494954924358	0.6121635872323501	2.23202490513811	3.610825870478621	[1743, 1742, 400, 1032, 132, 1108, 1086, 1112]	295029
214	0.403885564286075	0.6133809866864897	2.23202490513811	3.813906702256274	[1726, 132, 241, 19, 1987, 334, 1086, 1112]	355015
215	0.4053181818340631	0.6154512973426577	2.23202490513811	4.592535844180589	[241, 1031, 1512, 301, 2627, 261, 1086, 1096]	328038
216	0.4067473564306381	0.6172531186274953	2.23202490513811	4.644355516860773	[419, 421, 438, 10, 158, 1115, 1086, 1096]	345782
217	0.4081730963501049	0.6184545422925178	2.23202490513811	3.1450013644313755	[21, 422, 19, 734, 1203, 174, 1086, 1112]	351613
218	0.40959540984688314	0.619823287955531	2.23202490513811	3.6522075585682723	[320, 232, 10, 301, 2627, 261, 1086, 1112]	355395
219	0.4110143051555549	0.6213819570555674	2.23202490513811	3.6580884587458176	[2047, 232, 10, 158, 1713, 174, 1086, 1112]	347338
220	0.41242979049091255	0.6231559899514962	2.23202490513811	3.7891103713750693	[542, 2727, 1512, 1031, 132, 1108, 1086, 1096]	338117
221	0.4138418740480061	0.6241910229380796	2.23202490513811	2.8377765722078188	[2411, 836, 320, 232, 10, 734, 19, 794]	354340
222	0.4152505640021906	0.6259518938218558	2.23202490513811	4.203881748422914	[3694, 668, 670, 132, 1713, 174, 1086, 1112]	349147
223	0.4166558685091739	0.6279548883810295	2.23202490513811	4.440973503997546	[1019, 1799, 232, 193, 1872, 1115, 1086, 1112]	303965
224	0.4180577957050633	0.6299471570813155	2.23202490513811	2.9205297895886497	[2558, 415, 10, 734, 1203, 174, 1086, 1112]	341871
225	0.419456353706413	0.6314643197937191	2.23202490513811	3.775240781228942	[1873, 10, 232, 1192, 836, 1089, 1086, 1112]	348072
226	0.420851550610271	0.6340956211339198	2.23202490513811	4.1993669309829125	[3046, 2163, 321, 1398, 132, 1108, 1086, 1112]	355851
227	0.4222433944942261	0.6358100835505143	2.23202490513811	3.0150729935709144	[813, 3284, 811, 734, 1203, 174, 1086, 1112]	302899
228	0.42363189341645446	0.6371165684229814	2.23202490513811	3.0566003287318484	[4210, 415, 10, 734, 1203, 174, 1086, 1112]	331676
229	0.4250170554157664	0.6390597771361326	2.23202490513811	2.8154115301407607	[1529, 2229, 734, 19, 132, 1108, 1086, 1112]	358160
230	0.42639888851165286	0.6403546041473629	2.23202490513811	3.406624383937788	[1742, 400, 19, 132, 1713, 174, 1086, 1112]	365700
231	0.4277774007043319	0.6418290978439163	2.23202490513811	3.8395610317992572	[377, 162, 107, 420, 158, 1115, 1086, 1112]	352454
232	0.42915259997479493	0.6435073246865884	2.23202490513811	3.975890333127216	[193, 232, 1792, 496, 132, 1108, 1086, 1112]	325753
233	0.43052449428485307	0.6451776881173572	2.23202490513811	4.093120308529533	[1549, 162, 837, 420, 158, 1115, 1086, 1112]	332653
234	0.43189309157718303	0.6461522367034607	2.23202490513811	3.705919241862378	[10, 301, 1580, 438, 2627, 261, 1086, 1112]	368589
235	0.4332583997753733	0.6478102072728427	2.23202490513811	4.011540086448393	[3895, 1030, 1032, 132, 387, 344, 1086, 1112]	343857
236	0.4346204267839697	0.6494604093420557	2.23202490513811	2.984085347755297	[420, 1917, 10, 734, 1203, 174, 1086, 1112]	328638
237	0.4359791804885218	0.6513375178777383	2.23202490513811	3.799326794202714	[1265, 193, 232, 1192, 836, 1089, 1086, 1096]	341896
238	0.43733466875562776	0.6525883000600965	2.23202490513811	3.8342273725156204	[1549, 107, 10, 301, 2627, 261, 1086, 1112]	352957
239	0.43868689943298045	0.653834595220914	2.23202490513811	3.0179133925676274	[1712, 132, 19, 734, 1203, 174, 1086, 1112]	340854
240	0.44003588034941277	0.6554565697331026	2.23202490513811	4.591800919822856	[3694, 668, 670, 132, 387, 344, 1086, 1112]	345361
241	0.4413816193149427	0.657301569359688	2.23202490513811	4.4295909273100404	[1579, 4018, 2197, 241, 217, 261, 1086, 1112]	358516
242	0.44272412412081874	0.6583772829045271	2.23202490513811	4.422357786205269	[2636, 162, 10, 438, 3366, 150, 1086, 1112]	340227
243	0.4440634025395652	0.6602066423701423	2.23202490513811	3.619048318501573	[2028, 331, 241, 1031, 132, 1108, 1086, 1112]	295880
244	0.4453994623250269	0.6614256076996499	2.23202490513811	3.6643804002798888	[1549, 162, 107, 10, 158, 1115, 1086, 1112]	333632
245	0.4467323112124141	0.6624883760906596	2.23202490513811	3.765779823403168	[377, 162, 107, 734, 19, 334, 1086, 1112]	345538
246	0.4480619569183474	0.6638721245487427	2.23202490513811	3.8053884246120075	[1726, 132, 1031, 241, 19, 334, 1086, 1112]	364169
247	0.44938840714090234	0.6652501998398602	2.23202490513811	2.7517630091525116	[3131, 162, 10, 734, 1203, 174, 1086, 1112]	340591
248	0.450711669559654	0.6666226252231698	2.23202490513811	3.382061594142434	[2267, 261, 217, 241, 132, 1108, 1086, 1112]	339091
249	0.4520317518357214	0.6676690804313838	2.23202490513811	2.854546524084043	[331, 241, 19, 734, 1203, 174, 1086, 1096]	299870
250	0.453348661611812	0.6697029121009213	2.23202490513811	4.103124818171087	[300, 301, 1512, 1031, 132, 1108, 1086, 1112]	329282
251	0.45466240651226575	0.6708878107740286	2.23202490513811	4.028778318607642	[1794, 1791, 420, 158, 1546, 234, 1086, 1112]	301219
252	0.45597299414309944	0.6726501774682832	2.23202490513811	4.243591230630289	[1781, 301, 2729, 438, 2627, 261, 1086, 1112]	340662
253	0.4572804320920506	0.6744031068446058	2.23202490513811	3.920080727204974	[1529, 2229, 494, 10, 158, 1115, 1086, 1112]	338729
254	0.45858472792862137	0.676146649439	2.23202490513811	4.138017738761371	[1873, 10, 162, 2636, 836, 1089, 1086, 1112]	339037
255	0.45988588920412254	0.677880855516854	2.23202490513811	4.031930363872431	[331, 808, 1265, 415, 255, 174, 1086, 1112]	330416
256	0.461183923451717	0.6796057750743885	2.23202490513811	3.846417367879279	[19, 132, 1720, 241, 1729, 1094, 1086, 1112]	294868
257	0.4624788381864636	0.6811069974943857	2.23202490513811	2.9084054188625457	[1742, 400, 19, 241, 132, 1108, 1086, 1112]	350170
258	0.4637706409053606	0.6822509854657467	2.23202490513811	3.8093833077516592	[382, 409, 1460, 19, 132, 1108, 1086, 1112]	323521
259	0.46505933908738883	0.6841955773489302	2.23202490513811	3.9439847737388174	[1715, 132, 1031, 241, 1729, 1094, 1086, 1112]	329707
260	0.46634494019355544	0.6854903294461694	2.23202490513811	2.5664221723022065	[1580, 438, 10, 734, 1203, 174, 1086, 1112]	309300
261	0.46762745166693676	0.6864775598573666	2.23202490513811	3.975030667081838	[1792, 232, 320, 157, 1713, 174, 1086, 1112]	360233
262	0.46890688093272137	0.687338674957856	2.23202490513811	4.161437518932288	[320, 232, 107, 734, 19, 334, 1086, 1112]	343590
263	0.47018323539825324	0.6890129487279395	2.23202490513811	2.3053561782236596	[2047, 232, 10, 734, 1203, 174, 1086, 1096]	326829
264	0.4714565224530747	0.6901285751076622	2.23202490513811	3.6251173318438195	[1529, 2229, 734, 19, 132, 1094, 1086, 1112]	364710
265	0.47272674946896887	0.6909796623952693	2.23202490513811	3.367189747680925	[813, 669, 811, 3459, 1203, 174, 1086, 1112]	345601
266	0.4739939238000027	0.6928708356570514	2.23202490513811	4.0083289957072665	[1580, 5402, 331, 241, 132, 1108, 1086, 1112]	366837
267	0.4752580527825695	0.6943099040030982	2.23202490513811	3.8956980042116696	[160, 107, 811, 3459, 1203, 174, 1086, 1112]	329510
268	0.47651914373543125	0.696259458186752	2.23202490513811	4.102420254314126	[3284, 195, 190, 196, 1078, 334, 1086, 1112]	340202
269	0.477777203959761	0.6976826489803376	2.23202490513811	3.306657264240542	[10, 734, 19, 132, 217, 261, 1086, 1112]	343259
270	0.47903224073918504	0.698767173916234	2.23202490513811	4.000897551997551	[1580, 301, 10, 158, 1713, 174, 1086, 1096]	350715
271	0.4802842613398256	0.7000021845916866	2.23202490513811	3.874070225504312	[669, 673, 670, 132, 19, 334, 1086, 1112]	320082
272	0.4815332730103422	0.7014078386622171	2.23202490513811	4.022121241992997	[2558, 415, 733, 734, 19, 334, 1086, 1096]	336740
273	0.48277928298197414	0.7024789999552815	2.23202490513811	3.652164874780085	[10, 734, 19, 241, 217, 261, 1086, 1112]	342146
274	0.48402229846858214	0.7036987926850566	2.23202490513811	3.552623624310219	[77, 19, 241, 132, 1713, 174, 1086, 1112]	348341
275	0.48526232666669	0.7047617354727778	2.23202490513811	3.6522075585682723	[320, 232, 10, 301, 2627, 261, 1086, 1096]	357742
276	0.4864993747555266	0.7058208650888271	2.23202490513811	3.2774372580384057	[1582, 420, 107, 734, 1203, 174, 1086, 1112]	333485
277	0.48773344989706724	0.7067442789470165	2.23202490513811	3.5587463979244864	[2627, 438, 10, 734, 19, 334, 1086, 1112]	334940
278	0.48896455923607496	0.7075497298410219	2.23202490513811	3.9314727271904575	[107, 162, 10, 161, 1713, 174, 1086, 1112]	333831
279	0.4901927099001423	0.7084677168776538	2.23202490513811	2.571532045454477	[1879, 232, 10, 734, 1203, 174, 1086, 1112]	364767
280	0.49141790899973226	0.709662956741038	2.23202490513811	3.6578069801025617	[2872, 241, 217, 132, 1713, 174, 1086, 1112]	360915
281	0.4926401636282195	0.7110233448029553	2.23202490513811	4.093120308529533	[1549, 162, 837, 420, 158, 1115, 1086, 1112]	357207
282	0.49385948086193154	0.7125707892587019	2.23202490513811	3.1448576629016216	[2004, 19, 241, 1031, 132, 1108, 1086, 1112]	309269
283	0.49507586776018964	0.7139175525326876	2.23202490513811	3.602225961564928	[1715, 132, 1032, 370, 1713, 174, 1086, 1112]	335467
284	0.4962893313653497	0.7152580054831279	2.23202490513811	3.674922902246487	[107, 1549, 162, 1192, 836, 1089, 1086, 1112]	357761
285	0.49749987870284296	0.7167827737050901	2.23202490513811	3.5741700138985717	[378, 1742, 400, 19, 132, 1108, 1086, 1112]	331789
286	0.4987075167812167	0.7177987793797769	2.23202490513811	4.152675685987134	[161, 10, 157, 320, 836, 1089, 1086, 1112]	346534
287	0.499912252592175	0.7188111402636983	2.23202490513811	3.539820826569735	[158, 10, 811, 3459, 1203, 174, 1086, 1112]	352016
288	0.5011140931106188	0.7199639735989875	2.23202490513811	4.282388528907036	[193, 232, 107, 10, 158, 1115, 1086, 1112]	334158
289	0.5023130452946867	0.7207331155172032	2.23202490513811	3.136098455518062	[420, 158, 651, 734, 1203, 174, 1086, 1112]	325177
290	0.5035091160857952	0.7218780690341242	2.23202490513811	3.5108348228147426	[432, 422, 19, 132, 217, 261, 1086, 1112]	355208
291	0.5047023124086787	0.7233673874006934	2.23202490513811	4.099733185687238	[421, 438, 2729, 1676, 132, 1108, 1086, 1096]	301803
292	0.5058926411714294	0.7248487305989999	2.23202490513811	3.1780623326561717	[715, 494, 2229, 734, 1203, 174, 1086, 1112]	334161
293	0.5070801092655379	0.7263221413353651	2.23202490513811	3.3036751225217778	[669, 811, 734, 19, 132, 1108, 1086, 1112]	358473
294	0.5082647235659328	0.7277876620874218	2.23202490513811	3.4284514918769835	[2307, 1468, 2229, 734, 1203, 174, 1086, 1112]	298425
295	0.5094464909310201	0.7294535741078985	2.23202490513811	3.6410681473133657	[420, 1879, 496, 217, 132, 1108, 1086, 1112]	350963
296	0.5106254182027237	0.7307212322883592	2.23202490513811	3.6629032021444026	[734, 10, 232, 1879, 836, 1089, 1086, 1112]	360324
297	0.5118015122065243	0.7319829507959627	2.23202490513811	3.71402166193014	[1794, 1791, 420, 158, 1713, 174, 1086, 1112]	336967
298	0.5129747797514992	0.7330817816281585	2.23202490513811	3.759935168794443	[2872, 241, 1209, 132, 1713, 174, 1086, 1112]	349213
299	0.5141452276303617	0.7341761074141218	2.23202490513811	3.8537499953820777	[1792, 232, 10, 159, 1713, 174, 1086, 1112]	335159
300	0.5153128626195008	0.7356292263604731	2.23202490513811	3.561462934923987	[2196, 2197, 241, 217, 132, 1108, 1086, 1112]	324147
301	0.5164776914790197	0.7370449084945576	2.23202490513811	3.7495888333379126	[241, 1729, 1032, 370, 1713, 174, 1086, 1112]	342676
302	0.5176397209527754	0.7382769971157306	2.23202490513811	3.524719702234223	[107, 160, 331, 241, 132, 1108, 1086, 1112]	342734
303	0.5187989577684178	0.7393500232755148	2.23202490513811	3.341775419258357	[359, 158, 651, 734, 1203, 174, 1086, 1112]	337063
304	0.5199554086374283	0.7401681907526774	2.23202490513811	4.348629643963262	[2040, 438, 3366, 496, 217, 261, 1086, 1112]	350604
305	0.521109080255159	0.7412334632942343	2.23202490513811	2.8197523624652856	[10, 494, 2229, 734, 1203, 174, 1086, 1112]	325493
306	0.5222599793008715	0.7421617552387304	2.23202490513811	3.969187258132693	[1549, 107, 10, 161, 1713, 174, 1086, 1112]	333359
307	0.5234081124377751	0.7430867170542803	2.23202490513811	4.1770637854222	[1549, 107, 232, 1879, 836, 1089, 1086, 1096]	331644
308	0.5245534863130658	0.7441400240634418	2.23202490513811	3.7975120081075247	[1530, 158, 10, 734, 19, 334, 1086, 1112]	356480
309	0.5256961075579647	0.7451890126674091	2.23202490513811	3.834375897558796	[2872, 241, 1209, 132, 19, 334, 1086, 1112]	302584
310	0.5268359827877562	0.746233700571014	2.23202490513811	3.9842737740202	[394, 193, 842, 157, 1713, 174, 1086, 1112]	357984
311	0.5279731186018268	0.7471440548020649	2.23202490513811	4.378935502553101	[420, 158, 10, 157, 1010, 1105, 1086, 1112]	339738
312	0.5291075215837026	0.7481807273179093	2.23202490513811	4.263977286595708	[1917, 10, 734, 19, 1987, 1114, 1086, 1112]	347111
313	0.5302391983010879	0.7495291972733675	2.23202490513811	3.2510333317360303	[1792, 496, 217, 241, 132, 1108, 1086, 1112]	332175
314	0.5313681553059033	0.7507027901641109	2.23202490513811	4.0036982951226845	[669, 668, 670, 132, 217, 261, 1086, 1112]	329494
315	0.5324943991343231	0.7517248723837369	2.23202490513811	3.521461549748267	[2627, 438, 496, 217, 132, 1108, 1086, 1112]	302675
316	0.5336179363068136	0.7530543637555143	2.23202490513811	3.0346971136008722	[432, 15, 1557, 734, 1203, 174, 1086, 1112]	335038
317	0.534738773328171	0.7540668048662106	2.23202490513811	3.5654025817911563	[3248, 334, 1987, 19, 132, 1108, 1086, 1112]	298836
318	0.5358569166875584	0.7550750951159391	2.23202490513811	4.874563488277977	[320, 232, 193, 1265, 255, 234, 1086, 1112]	351908
319	0.536972372858544	0.7557478014586992	2.23202490513811	3.0351562422061917	[420, 162, 107, 734, 1203, 174, 1086, 1112]	353938
320	0.5380851482991382	0.7570557504007304	2.23202490513811	3.527605238801611	[846, 10, 811, 3459, 1203, 174, 1086, 1112]	351255
321	0.5391952494518312	0.7583566953917421	2.23202490513811	2.8154115301407607	[1529, 2229, 734, 19, 132, 1108, 1086, 1112]	358298
322	0.5403026827436301	0.7591152018584951	2.23202490513811	3.1794985509349294	[846, 162, 107, 734, 1203, 174, 1086, 1112]	358583
323	0.5414074545860965	0.7605893924989756	2.23202490513811	3.624514969986202	[3895, 1030, 1032, 1729, 132, 1108, 1086, 1112]	336149
324	0.5425095713753831	0.7613408906391503	2.23202490513811	4.172583861458481	[1820, 10, 158, 420, 1546, 234, 1086, 1112]	360318
325	0.5436090394922712	0.7623193581975722	2.23202490513811	3.5524909930593855	[331, 160, 2229, 734, 1203, 174, 1086, 1112]	366668
326	0.5447058653022072	0.763433022179362	2.23202490513811	3.4743116543928005	[1820, 432, 422, 19, 132, 1108, 1086, 1112]	349443
327	0.5458000551553399	0.7644029123034445	2.23202490513811	3.8395610317992572	[377, 162, 107, 420, 158, 1115, 1086, 1112]	364618
328	0.5468916153865568	0.7655068136931097	2.23202490513811	3.87262081138746	[2238, 1549, 162, 10, 158, 1115, 1086, 1096]	339013
329	0.5479805523155213	0.7663480280891405	2.23202490513811	2.5712032091418053	[107, 10, 734, 19, 132, 1108, 1086, 1112]	337975
330	0.5490668722467089	0.7675992137541596	2.23202490513811	4.082766126456637	[1579, 1580, 438, 80, 148, 1108, 1086, 1112]	309190
331	0.5501505814694436	0.7684329219318592	2.23202490513811	3.874211628046723	[1019, 1799, 232, 10, 158, 1115, 1086, 1112]	303250
332	0.5512316862579348	0.7695179405192255	2.23202490513811	4.17646628845973	[3158, 3083, 19, 132, 387, 344, 1086, 1112]	298997
333	0.5523101928713134	0.7704628833651288	2.23202490513811	3.623620915048451	[3895, 1030, 1032, 132, 1713, 174, 1086, 1112]	328662
334	0.5533861075536677	0.7714039520831107	2.23202490513811	4.174259241807275	[734, 10, 159, 320, 836, 1089, 1086, 1112]	337226
335	0.5544594365340798	0.7724750497670195	2.23202490513811	3.6171808789646906	[420, 162, 10, 734, 19, 334, 1086, 1112]	329232
336	0.5555301860266624	0.7731892394127006	2.23202490513811	2.7486699903006286	[2153, 158, 10, 734, 1203, 174, 1086, 1112]	330343
337	0.556598362230593	0.774251972047689	2.23202490513811	4.229400586449727	[1265, 193, 232, 10, 158, 1089, 1086, 1112]	358363
338	0.5576639713301517	0.775309725198236	2.23202490513811	3.0246630527938976	[87, 1529, 2229, 734, 1203, 174, 1086, 1112]	356864
339	0.558727019494756	0.7763625221959536	2.23202490513811	3.358951777602587	[19, 132, 1032, 370, 1713, 174, 1086, 1112]	344658
340	0.5597875128789963	0.7772794032547348	2.23202490513811	3.5802944292056704	[2872, 241, 132, 19, 1987, 334, 1086, 1112]	351367
341	0.5608454576226725	0.7780783849873191	2.23202490513811	3.358951777602587	[19, 132, 1032, 370, 1713, 174, 1086, 1112]	344665
342	0.5619008598508284	0.7788745004748485	2.23202490513811	3.6094311000776997	[1580, 301, 10, 734, 19, 334, 1086, 1112]	348448
343	0.5629537256737882	0.7800586079870317	2.23202490513811	3.2442193656328557	[846, 10, 232, 320, 836, 1089, 1086, 1112]	338298
344	0.5640040611871913	0.7808476196771293	2.23202490513811	4.233911109501866	[1580, 438, 10, 158, 1546, 234, 1086, 1112]	307722
345	0.5650518724720273	0.781764831090311	2.23202490513811	3.288219694895293	[107, 10, 232, 320, 836, 1089, 1086, 1112]	330934
346	0.5660971655946722	0.7829334611374266	2.23202490513811	3.1448576629016216	[2004, 19, 241, 1031, 132, 1108, 1086, 1112]	348586
347	0.5671399466069225	0.7836148223433986	2.23202490513811	2.3053561782236596	[2047, 232, 10, 734, 1203, 174, 1086, 1112]	331279
348	0.568180221546031	0.7843910765680915	2.23202490513811	4.2273895706965385	[160, 107, 10, 301, 2627, 261, 1086, 1112]	308822
349	0.569217996434741	0.7850678623908061	2.23202490513811	3.5061378039431697	[1703, 1549, 10, 734, 1203, 174, 1086, 1112]	324321
350	0.5702532772813219	0.7859490528237884	2.23202490513811	3.189403908553083	[1849, 420, 107, 734, 1203, 174, 1086, 1112]	368070
351	0.5712860700796036	0.7872590230059987	2.23202490513811	3.619048318501573	[2028, 331, 241, 1031, 132, 1108, 1086, 1112]	352419
352	0.5723163808090113	0.78813122999987	2.23202490513811	4.0748759978710725	[3284, 811, 734, 19, 1987, 334, 1086, 1112]	307760
353	0.5733442154346	0.7894278454781153	2.23202490513811	3.5360791147362347	[2151, 158, 1557, 734, 1203, 174, 1086, 1112]	349010
354	0.5743695799070891	0.79041449134999	2.23202490513811	3.2498740463645	[160, 331, 241, 19, 132, 1108, 1086, 1112]	363586
355	0.5753924801628971	0.7911663526294264	2.23202490513811	4.727471268866208	[19, 123, 2388, 972, 1713, 174, 1086, 1112]	309009
356	0.5764129221241756	0.7921448526431369	2.23202490513811	3.159553307904152	[734, 19, 241, 1209, 132, 1108, 1086, 1096]	339983
357	0.5774309116988436	0.7932578985919748	2.23202490513811	3.689380341437854	[4356, 669, 813, 19, 132, 1108, 1086, 1112]	337128
358	0.5784464547806221	0.7943649842781009	2.23202490513811	3.648598669037632	[1792, 496, 2728, 301, 2627, 261, 1086, 1096]	339248
359	0.5794595572490676	0.7953284969506837	2.23202490513811	2.999987733221527	[3621, 1720, 241, 19, 132, 1108, 1086, 1112]	350721
360	0.580470224969607	0.7960627298618141	2.23202490513811	4.1124961697783595	[241, 19, 734, 10, 232, 1023, 1086, 1112]	351692
361	0.5814784637935708	0.797154795924314	2.23202490513811	3.3702876334653675	[394, 193, 232, 320, 836, 1089, 1086, 1096]	348039
362	0.582484279558227	0.7977915170587592	2.23202490513811	3.8815401500753905	[1819, 241, 132, 387, 344, 174, 1086, 1112]	355048
363	0.5834876780868156	0.7985169141994126	2.23202490513811	3.620153532278189	[320, 232, 10, 438, 2627, 261, 1086, 1112]	374442
364	0.5844886651885814	0.79946097280635	2.23202490513811	3.9747414059382056	[1580, 438, 2040, 1451, 1713, 174, 1086, 1112]	338167
365	0.5854872466588084	0.8008927978353996	2.23202490513811	3.3331971760863874	[317, 324, 668, 670, 132, 1108, 1086, 1112]	349153
366	0.5864834282788529	0.8019589993106667	2.23202490513811	3.807110909994381	[1917, 10, 232, 1192, 836, 1089, 1086, 1112]	333390
367	0.5874772158161772	0.8027709385445424	2.23202490513811	2.9848424844497163	[2004, 19, 241, 132, 1032, 1707, 1708, 794]	361899
368	0.5884686150243825	0.8035795489459178	2.23202490513811	4.036905196230555	[1265, 808, 331, 241, 19, 334, 1086, 1096]	307765
369	0.5894576316432434	0.8043848441625207	2.23202490513811	2.6565690702175355	[2872, 241, 19, 734, 1203, 174, 1086, 1112]	361445
370	0.5904442713987395	0.8050865885831748	2.23202490513811	4.180922703272407	[1579, 4018, 241, 132, 217, 261, 1086, 1096]	326770
371	0.5914285400030896	0.8056984122099715	2.23202490513811	3.5110094936797793	[2297, 400, 19, 132, 1713, 174, 1086, 1112]	337269
372	0.5924104431547851	0.8067388800448678	2.23202490513811	3.3941741992296928	[1794, 107, 734, 19, 132, 1108, 1086, 1112]	339911
373	0.5933899865386218	0.8077737762664399	2.23202490513811	4.598615917678247	[2875, 836, 1879, 496, 217, 261, 1086, 1112]	314691
374	0.5943671758257337	0.8086744614047167	2.23202490513811	3.978726558409724	[10, 734, 19, 1548, 255, 174, 1086, 1112]	358098
375	0.5953420166736256	0.8091999526911418	2.23202490513811	3.4762812789342155	[734, 19, 132, 241, 217, 261, 1086, 1096]	348552
376	0.596314514726206	0.80998220507169	2.23202490513811	3.547249396054254	[2627, 438, 3366, 3459, 1203, 174, 1086, 1112]	303315
377	0.5972846756138193	0.8106638696740317	2.23202490513811	3.7718327601810104	[158, 10, 232, 1879, 836, 1089, 1086, 1112]	297208
378	0.5982525049532789	0.8116777479229362	2.23202490513811	3.7835555442118514	[2040, 438, 2729, 301, 2627, 261, 1086, 1112]	306349
379	0.5992180083478995	0.812560140815842	2.23202490513811	4.357054404277157	[432, 15, 1557, 158, 420, 458, 1086, 1112]	335324
380	0.6001811913875297	0.8135638647003292	2.23202490513811	3.648598669037632	[1792, 496, 2729, 301, 2627, 261, 1086, 1112]	328595
381	0.6011420596485841	0.8141490785736889	2.23202490513811	3.264535593620842	[1807, 157, 651, 734, 1203, 174, 1086, 1112]	362928
382	0.6021006186940759	0.8149110402595656	2.23202490513811	4.065700824040366	[2627, 301, 1580, 438, 254, 174, 1086, 1112]	367122
383	0.6030568740736487	0.8159021752852478	2.23202490513811	3.687647475626422	[300, 301, 1580, 438, 2627, 261, 1086, 1112]	357620
384	0.604010831323609	0.816764774422291	2.23202490513811	3.905701937471255	[10, 158, 420, 545, 132, 1108, 1086, 1112]	306981
385	0.6049624959669582	0.8174221074222111	2.23202490513811	3.6616659786421684	[1549, 107, 232, 320, 836, 1089, 1086, 1112]	356038
386	0.6059118735134243	0.8182775848447434	2.23202490513811	4.308391539362552	[1549, 162, 10, 1019, 1010, 1105, 1086, 1112]	344482
387	0.6068589694594942	0.8192506923216265	2.23202490513811	3.983671276830921	[1873, 10, 162, 1192, 836, 1089, 1086, 1112]	350337
388	0.6078037892884451	0.8202185888939507	2.23202490513811	3.9635793614626493	[3621, 1720, 241, 1729, 1822, 1094, 1086, 1112]	297333
389	0.6087463384703768	0.8207123732872473	2.23202490513811	4.03407677611323	[77, 19, 241, 1729, 1822, 1094, 1086, 1112]	339332
390	0.6096866224622426	0.8215524340121614	2.23202490513811	3.2843165546638744	[77, 19, 1126, 241, 132, 1108, 1086, 1112]	345077
391	0.6106246467078815	0.8225080049611055	2.23202490513811	3.6430422008998526	[2872, 241, 1720, 132, 1713, 174, 1086, 1112]	333544
392	0.6115604166380499	0.8234584589120486	2.23202490513811	3.813013157523107	[386, 3821, 2680, 241, 132, 1108, 1086, 1112]	307642
393	0.612493937670452	0.8241822534955907	2.23202490513811	3.7806540016874184	[2636, 162, 107, 10, 158, 1115, 1086, 1112]	336850
394	0.6134252152097724	0.8248129772354423	2.23202490513811	3.3036751225217778	[420, 107, 734, 19, 132, 1108, 1086, 1112]	335359
395	0.6143542546477068	0.8257706322432661	2.23202490513811	3.663591123615868	[2607, 1587, 241, 1209, 132, 1108, 1086, 1112]	345740
396	0.6152810613629928	0.826586992254621	2.23202490513811	3.841361792423452	[1715, 132, 19, 241, 1729, 1094, 1086, 1112]	334711
397	0.616205640721442	0.827297960307513	2.23202490513811	4.146302450448258	[3284, 734, 19, 132, 217, 261, 1086, 1112]	341579
398	0.6171279980759704	0.8282227644707976	2.23202490513811	3.3817955533125286	[1579, 4018, 2197, 241, 132, 1108, 1086, 1112]	349646
399	0.6180481387666295	0.8292959250426168	2.23202490513811	2.6716838888510717	[1265, 415, 10, 734, 1203, 174, 1086, 1096]	352632
400	0.6189660681206373	0.8299957868659661	2.23202490513811	3.834375897558796	[2872, 241, 1209, 132, 19, 334, 1086, 1112]	343160
401	0.6198817914524092	0.8305294217425727	2.23202490513811	3.241929394235595	[1792, 232, 10, 734, 19, 334, 1086, 1112]	368737
402	0.6207953140635885	0.8312242264092622	2.23202490513811	4.077131736227655	[1726, 132, 241, 19, 387, 344, 1086, 1112]	327481
403	0.6217066412430774	0.8319161824781017	2.23202490513811	3.7356206401472143	[1743, 193, 232, 320, 836, 1089, 1086, 1112]	339850
404	0.6226157782670674	0.8326053016279273	2.23202490513811	4.265899146903027	[1879, 232, 320, 157, 1713, 174, 1086, 1112]	311284
405	0.6235227303990702	0.8332915954896933	2.23202490513811	3.941670532726521	[1819, 1513, 1031, 132, 217, 261, 1086, 1112]	339317
406	0.6244275028899477	0.8341843042661512	2.23202490513811	3.759617172412887	[846, 10, 232, 1879, 836, 1089, 1086, 1112]	296768
407	0.6253301009779426	0.8348641244472758	2.23202490513811	4.159970511652127	[2872, 241, 1126, 19, 1987, 334, 1086, 1096]	303311
408	0.6262305298887088	0.8354565283375717	2.23202490513811	3.5329054504552238	[734, 19, 132, 387, 344, 174, 1086, 1096]	337749
409	0.6271287948353417	0.8363376440899141	2.23202490513811	4.241892143884876	[2151, 158, 420, 1879, 836, 1089, 1086, 1112]	335979
410	0.6280249010184079	0.836924761916441	2.23202490513811	2.826165543949787	[841, 1820, 10, 734, 1203, 174, 1086, 1112]	317180
411	0.6289188536259762	0.8377980154076958	2.23202490513811	3.521461549748267	[2627, 438, 496, 217, 132, 1108, 1086, 1096]	363699
412	0.629810657833647	0.8389561184689844	2.23202490513811	2.8120095126531117	[1265, 415, 733, 734, 1203, 174, 1086, 1112]	361274
413	0.6307003188045821	0.8397106972558332	2.23202490513811	3.3506046449898053	[305, 3083, 19, 241, 132, 1108, 1086, 1112]	332048
414	0.6315878416895351	0.8403678600312967	2.23202490513811	2.571532045454477	[1879, 232, 10, 734, 1203, 174, 1086, 1096]	310745
415	0.6324732316268808	0.841222676036365	2.23202490513811	4.26580798091185	[709, 1580, 438, 1779, 132, 1108, 1086, 1112]	352771
416	0.6333564937426458	0.8418736399192335	2.23202490513811	2.54041715625058	[1715, 132, 19, 734, 1203, 174, 1086, 1112]	347657
417	0.6342376331505366	0.8425219349450748	2.23202490513811	3.394712441481685	[2872, 241, 19, 132, 1713, 174, 1086, 1112]	303483
418	0.6351166549519708	0.8431675720558138	2.23202490513811	4.382486068974998	[988, 420, 162, 107, 1546, 234, 1086, 1112]	336296
419	0.6359935642361056	0.8439024178760437	2.23202490513811	3.9597779617164415	[950, 1987, 19, 132, 1713, 174, 1086, 1112]	304330
420	0.6368683660798682	0.8443924005208245	2.23202490513811	3.602225961564928	[1715, 132, 1032, 370, 1713, 174, 1086, 1112]	326672
421	0.6377410655479837	0.8450303689953657	2.23202490513811	3.528084811210533	[3284, 2308, 651, 19, 132, 1108, 1086, 1112]	305422
422	0.6386116676930063	0.8457564865917014	2.23202490513811	4.077189867420325	[160, 107, 162, 1192, 836, 1089, 1086, 1112]	345477
423	0.6394801775553467	0.8465824469776565	2.23202490513811	4.311806080034168	[193, 1265, 1580, 301, 2627, 261, 1086, 1112]	329992
424	0.6403466001633031	0.8471328128805586	2.23202490513811	3.936399799269636	[3248, 334, 19, 132, 1713, 174, 1086, 1112]	348138
425	0.641210940533089	0.847849079375808	2.23202490513811	3.6861950080423638	[3621, 1720, 241, 132, 217, 261, 1086, 1112]	347861
426	0.6420732036688623	0.8485619897702363	2.23202490513811	3.5712710525479583	[734, 19, 400, 654, 132, 1108, 1086, 1112]	348842
427	0.642933394562755	0.8492715597890138	2.23202490513811	3.472619534390886	[1019, 1799, 232, 320, 836, 1089, 1086, 1112]	325049
428	0.6437915181949017	0.8500786972685752	2.23202490513811	3.653160679904725	[811, 669, 673, 670, 132, 1108, 1086, 1112]	364136
429	0.6446475795334683	0.8509962005024881	2.23202490513811	4.289326506766474	[1468, 2307, 420, 1879, 836, 1089, 1086, 1112]	329858
430	0.6455015835346811	0.851694364910796	2.23202490513811	3.398457828658792	[457, 540, 19, 241, 132, 1108, 1086, 1112]	352325
431	0.6463535351428551	0.8522263924601434	2.23202490513811	4.2641197281188745	[2238, 1549, 107, 10, 232, 1023, 1086, 1112]	301875
432	0.6472034392904229	0.8527565114285182	2.23202490513811	3.8330025578237565	[420, 158, 10, 157, 1713, 174, 1086, 1096]	329415
433	0.6480513008979631	0.8533601882675959	2.23202490513811	2.7728661224156292	[2297, 400, 19, 734, 1203, 174, 1086, 1112]	355065
434	0.6488971248742291	0.8542576091079543	2.23202490513811	3.576563806872099	[1743, 1742, 400, 654, 132, 1108, 1086, 1112]	361419
435	0.6497409161161771	0.8547804413456889	2.23202490513811	3.7759768201861528	[1647, 1697, 241, 132, 19, 334, 1086, 1112]	309492
436	0.6505826795089948	0.8555580792512573	2.23202490513811	4.143105922240603	[1579, 1580, 301, 1879, 836, 1089, 1086, 1112]	297696
437	0.6514224199261295	0.8563315529745503	2.23202490513811	3.8816480644989655	[2751, 331, 241, 1209, 132, 1108, 1086, 1112]	329860
438	0.652260142229316	0.8569205726644323	2.23202490513811	4.088819186219751	[2047, 232, 1792, 496, 3366, 150, 1086, 1112]	333575
439	0.6530958512686056	0.8576867503558824	2.23202490513811	4.025785714432804	[2309, 420, 162, 1192, 836, 1089, 1086, 1112]	346915
440	0.6539295518823933	0.8585576930731496	2.23202490513811	3.2961709765789404	[359, 158, 1557, 734, 1203, 174, 1086, 1096]	344299
441	0.6547612488974466	0.8592204277474216	2.23202490513811	2.914415668484502	[10, 1820, 733, 734, 1203, 174, 1086, 1112]	330650
442	0.6555909471289323	0.8597254565062996	2.23202490513811	2.376330188143222	[107, 162, 10, 734, 1203, 174, 1086, 1096]	359757
443	0.6564186513804459	0.8604766142926049	2.23202490513811	3.3509115332840214	[241, 132, 1032, 370, 1713, 174, 1086, 1112]	294913
444	0.6572443664440382	0.8610486398353192	2.23202490513811	3.27350296341553	[2047, 232, 107, 734, 1203, 174, 1086, 1112]	340612
445	0.6580680971002433	0.8618082135971524	2.23202490513811	3.3448628999204546	[5420, 435, 422, 19, 132, 1108, 1086, 1112]	300868
446	0.6588898481181069	0.8623039590043693	2.23202490513811	3.6643804002798888	[1549, 162, 107, 10, 158, 1115, 1086, 1112]	328011
447	0.6597096242552133	0.8629491403709668	2.23202490513811	3.406624383937788	[1742, 400, 19, 132, 1713, 174, 1086, 1112]	307528
448	0.6605274302577127	0.8635110289171865	2.23202490513811	4.005826309827379	[2004, 19, 241, 1729, 1822, 1094, 1086, 1096]	302988
449	0.6613432708603496	0.8640706138022745	2.23202490513811	3.193290733740417	[320, 232, 10, 734, 19, 334, 1086, 1112]	344711
450	0.6621571507864894	0.8646279044709059	2.23202490513811	4.047522169345795	[846, 10, 162, 107, 836, 1089, 1086, 1112]	324922
451	0.662969074748146	0.8653528100815215	2.23202490513811	4.102420254314126	[3284, 195, 190, 196, 1078, 334, 1086, 1112]	324886
452	0.6637790474460092	0.8661768372873737	2.23202490513811	3.8714701692668365	[421, 438, 2040, 545, 132, 1108, 1086, 1112]	345015
453	0.664587073569472	0.866995821529935	2.23202490513811	3.0150729935709144	[813, 3284, 811, 734, 1203, 174, 1086, 1112]	295727
454	0.6653931577966572	0.8673611284166021	2.23202490513811	3.3284912497526102	[1549, 162, 10, 734, 19, 334, 1086, 1112]	301590
455	0.666197304794445	0.8677774753209864	2.23202490513811	3.98483300401987	[1873, 10, 734, 19, 132, 261, 1086, 1112]	346452
456	0.6669995192185001	0.8683195683977498	2.23202490513811	3.9125310353305123	[3085, 651, 733, 734, 1203, 174, 1086, 1096]	346343
457	0.6677998057132982	0.8687329068060995	2.23202490513811	2.629534595612262	[2627, 301, 10, 734, 1203, 174, 1086, 1112]	346529
458	0.6685981689121532	0.8693479650311855	2.23202490513811	3.3102258924994956	[87, 160, 331, 241, 132, 1108, 1086, 1112]	310706
459	0.6693946134372437	0.8697580753530044	2.23202490513811	2.687257635897571	[1917, 10, 734, 19, 132, 1108, 1086, 1112]	334535
460	0.6701891438996405	0.8703683301019751	2.23202490513811	3.3102258924994956	[87, 160, 331, 241, 132, 1108, 1086, 1112]	292311
461	0.6709817648993324	0.8710624962405378	2.23202490513811	4.236524151436976	[1580, 1579, 1582, 420, 158, 1115, 1086, 1112]	310107
462	0.6717724810252532	0.8716666390632342	2.23202490513811	2.889102772611553	[837, 162, 107, 734, 1203, 174, 1086, 1112]	299187
463	0.6725612968553089	0.8721270186265436	2.23202490513811	3.671194115465367	[19, 734, 10, 438, 2627, 261, 1086, 1112]	293294
464	0.6733482169564027	0.8728117671434479	2.23202490513811	3.1264053718353413	[2872, 241, 1126, 19, 132, 1108, 1086, 1112]	346250
465	0.6741332458844631	0.8733332203576011	2.23202490513811	3.49796751676279	[2340, 160, 331, 241, 132, 1108, 1086, 1112]	303184
466	0.6749163881844692	0.8736811210585231	2.23202490513811	4.224294357071839	[1549, 162, 107, 10, 494, 636, 1086, 1112]	334900
467	0.6756976483904773	0.8744541798421751	2.23202490513811	3.9439847737388174	[1715, 132, 1031, 241, 1729, 1094, 1086, 1096]	337868
468	0.6764770310256473	0.8749045594584939	2.23202490513811	4.258919426199549	[2627, 301, 2729, 438, 240, 234, 1086, 1112]	296407
469	0.6772545406022688	0.8752972279032739	2.23202490513811	3.25679293045806	[2149, 420, 107, 734, 1203, 174, 1086, 1112]	289302
470	0.6780301816217869	0.8758815286888167	2.23202490513811	3.9134446965941363	[3621, 1720, 132, 387, 344, 174, 1086, 1112]	294470
471	0.678803958574829	0.8764630917051643	2.23202490513811	4.238098506703489	[950, 4588, 1987, 19, 132, 1094, 1086, 1112]	289389
472	0.6795758759412301	0.8769062646064134	2.23202490513811	3.193290733740417	[320, 232, 10, 734, 19, 334, 1086, 1112]	302589
473	0.6803459381900592	0.8775654206833707	2.23202490513811	3.71402166193014	[1794, 1791, 420, 158, 1713, 174, 1086, 1112]	298680
474	0.6811141497796445	0.8781390937434758	2.23202490513811	3.2855088655485964	[19, 241, 1729, 1032, 132, 1108, 1086, 1112]	352306
475	0.6818805151576002	0.878638705695147	2.23202490513811	2.889102772611553	[837, 162, 107, 734, 1203, 174, 1086, 1112]	298486
476	0.6826450387608515	0.8793968978711457	2.23202490513811	3.1854485211640693	[2196, 2197, 4018, 241, 132, 1108, 1086, 1096]	354194
477	0.6834077250156605	0.8797754650862544	2.23202490513811	3.830323609408362	[2238, 1549, 10, 734, 19, 334, 1086, 1112]	349346
478	0.6841685783376521	0.8802683681539584	2.23202490513811	3.443972867779607	[3136, 1468, 2229, 734, 1203, 174, 1086, 1112]	349942
479	0.6849276031318388	0.8807592503909365	2.23202490513811	2.8859392283917114	[1723, 132, 19, 734, 1203, 174, 1086, 1112]	304963
480	0.6856848037926471	0.8813179586096378	2.23202490513811	4.0300179620798975	[2387, 1663, 1546, 677, 132, 1108, 1086, 1112]	341363
481	0.6864401847039425	0.8818740489743365	2.23202490513811	2.951785734216145	[2046, 232, 10, 734, 1203, 174, 1086, 1112]	294538
482	0.687193750239055	0.8824275337511124	2.23202490513811	3.6534339862535683	[1647, 1697, 241, 1587, 132, 1108, 1086, 1112]	296683
483	0.6879455047608041	0.8827965879490197	2.23202490513811	3.6946851958319593	[432, 422, 19, 132, 387, 344, 1086, 1112]	295666
484	0.6886954526215245	0.8832771048533832	2.23202490513811	4.1234489400870205	[2872, 241, 132, 19, 1987, 1114, 1086, 1112]	350275
485	0.6894435981630911	0.883755651708485	2.23202490513811	3.443972867779607	[3136, 1468, 2229, 734, 1203, 174, 1086, 1112]	349830
486	0.6901899457169443	0.8844670553818685	2.23202490513811	3.0150729935709144	[813, 3284, 811, 734, 1203, 174, 1086, 1112]	348297
487	0.6909344996041143	0.8851741053366072	2.23202490513811	4.0334745142356025	[241, 217, 132, 1727, 1203, 174, 1086, 1112]	296517
488	0.6916772641352477	0.8855860285875521	2.23202490513811	4.0748759978710725	[3284, 811, 734, 19, 1987, 334, 1086, 1112]	350664
489	0.6924182436106306	0.8860551091919217	2.23202490513811	3.6941577434773336	[1019, 10, 811, 3459, 1203, 174, 1086, 1112]	298654
490	0.6931574423202151	0.8867524404177018	2.23202490513811	3.5061498209271322	[332, 165, 261, 217, 132, 1108, 1086, 1112]	317896
491	0.6938948645436429	0.8873588710931589	2.23202490513811	4.005826309827379	[2004, 19, 241, 1729, 1822, 1094, 1086, 1096]	298926
492	0.6946305145502709	0.8879620543859307	2.23202490513811	3.5200445668919675	[2764, 1511, 1031, 241, 132, 1108, 1086, 1112]	355985
493	0.6953643965991958	0.8884870135230228	2.23202490513811	4.022048699276731	[158, 10, 162, 2636, 836, 1089, 1086, 1112]	303146
494	0.6960965149392779	0.8889442005120411	2.23202490513811	3.8339464127850835	[1580, 1674, 422, 19, 132, 1108, 1086, 1112]	297816
495	0.6968268738091672	0.8893995131010497	2.23202490513811	4.234130741341397	[1917, 10, 415, 1265, 255, 174, 1086, 1112]	361820
496	0.6975554774373266	0.8898529589748154	2.23202490513811	3.693484805363739	[2047, 232, 10, 438, 2627, 261, 1086, 1112]	289972
497	0.6982823300420571	0.890369058188282	2.23202490513811	3.8093833077516592	[382, 409, 1460, 19, 132, 1108, 1086, 1112]	302044
498	0.6990074358315221	0.8908185290685232	2.23202490513811	3.862593861289903	[837, 162, 10, 158, 1713, 174, 1086, 1096]	349652
499	0.6997307990037714	0.8913301040572692	2.23202490513811	3.406624383937788	[1742, 400, 19, 132, 1713, 174, 1086, 1112]	300666
