0	0.00240325927734375	0.0046855476884631875	4.056598628170042	4.056598628170042	[1549, 162, 420, 1879, 836, 1089, 1086, 1112]	293500
1	0.004800742899533361	0.009349141019785567	3.87598825526707	3.87598825526707	[1579, 1580, 301, 217, 132, 1108, 1086, 1112]	237714
2	0.0071924647469656655	0.016569628330136976	3.87598825526707	4.491803928379736	[3284, 813, 190, 196, 1078, 334, 1086, 1112]	286648
3	0.00957843866667929	0.023591205327839315	3.87598825526707	4.176253893890853	[2607, 1587, 132, 387, 344, 174, 1086, 1112]	263026
4	0.011958678472434925	0.027093947336787605	3.3036751225217778	3.3036751225217778	[420, 107, 734, 19, 132, 1108, 1086, 1112]	264319
5	0.01433319794479504	0.030584123705557076	3.0426603400095615	3.0426603400095615	[734, 19, 241, 1720, 132, 1108, 1086, 1096]	243537
6	0.01670201083120393	0.03455858748409657	3.0426603400095615	3.765660702201382	[77, 19, 132, 241, 1729, 1094, 1086, 1112]	237176
7	0.019065130846067313	0.03851675654051201	3.0426603400095615	3.506775811532669	[1535, 496, 217, 241, 132, 1108, 1086, 1112]	234304
8	0.021422571670831503	0.04153480522603625	3.0426603400095615	3.7862316574704638	[855, 853, 19, 734, 1203, 174, 1086, 1112]	266505
9	0.023774346954062775	0.044973176859074204	3.0426603400095615	3.8374699882232655	[1549, 107, 734, 19, 132, 1094, 1086, 1112]	243293
10	0.026120470311526423	0.04839921377244638	3.0426603400095615	4.187548668139901	[669, 668, 670, 132, 387, 344, 1086, 1112]	237286
11	0.02846095532626547	0.052857984636694666	3.0426603400095615	4.136562423979257	[193, 1265, 415, 2558, 255, 174, 1086, 1112]	271769
12	0.030795815548679273	0.0562557358078799	3.0426603400095615	3.0596201205548565	[119, 400, 19, 734, 1203, 174, 1086, 1112]	245089
13	0.03312506449660224	0.06130940295712073	3.0426603400095615	3.453180887458757	[1580, 438, 2729, 301, 2627, 261, 1086, 1112]	311066
14	0.03544871565538188	0.06633600816529939	3.0426603400095615	3.743450763630099	[1879, 496, 2729, 301, 2627, 261, 1086, 1112]	244764
15	0.03776678247795695	0.06968540864621142	3.0426603400095615	3.800929998552311	[10, 232, 193, 1265, 255, 174, 1086, 1112]	278882
16	0.04007927838493508	0.07404444202927274	3.0426603400095615	4.184203189022982	[811, 734, 10, 415, 255, 174, 1086, 1112]	272806
17	0.042386216764671025	0.07900285222843773	3.0426603400095615	3.703792137954796	[1879, 496, 2729, 438, 2627, 261, 1086, 1096]	270357
18	0.04468761097334362	0.08403745762806358	3.0426603400095615	4.3076089493311525	[2405, 1743, 193, 1265, 255, 174, 1086, 1112]	277062
19	0.04698347433503336	0.08904454149671481	3.0426603400095615	3.5586006529477885	[2078, 434, 422, 19, 132, 1108, 1086, 1112]	237251
20	0.049273820141799596	0.0919039859465367	2.9030408740226537	2.9030408740226537	[1819, 241, 19, 734, 1203, 174, 1086, 1112]	267335
21	0.05155866165375744	0.09676675986602334	2.9030408740226537	3.733229751685813	[300, 301, 2729, 438, 2627, 261, 1086, 1112]	266704
22	0.0538380120991544	0.10099890228647623	2.9030408740226537	3.3491242693505496	[158, 10, 734, 19, 132, 1094, 1086, 1096]	248589
23	0.056111884674447055	0.10581297373255327	2.9030408740226537	3.5741700138985717	[1532, 1742, 400, 19, 132, 1108, 1086, 1112]	274835
24	0.05838029254437771	0.11060126625138889	2.8849793941289015	2.8849793941289015	[394, 432, 422, 19, 132, 1108, 1086, 1096]	234780
25	0.06064324884205019	0.11476858643242682	2.604369500782573	2.604369500782573	[10, 734, 19, 241, 132, 1108, 1086, 1112]	259330
26	0.06290076666900601	0.1195089224365371	2.604369500782573	3.404274121651059	[1917, 10, 232, 320, 836, 1089, 1086, 1112]	270684
27	0.06515285909530044	0.12363450536972709	2.604369500782573	2.7942360642643576	[190, 195, 10, 734, 1203, 174, 1086, 1096]	230178
28	0.06739953915957797	0.12722747614763907	2.604369500782573	4.211598105016191	[196, 190, 195, 10, 158, 1115, 1086, 1112]	272160
29	0.06964081986914772	0.13131689342932973	2.604369500782573	3.5108348228147426	[432, 422, 19, 132, 217, 261, 1086, 1112]	265000
30	0.07187671420005914	0.13487836753607896	2.604369500782573	3.969424008986268	[811, 734, 10, 301, 2627, 261, 1086, 1112]	272079
31	0.07410723509717665	0.13893193620130984	2.604369500782573	3.57188051102884	[1548, 19, 241, 217, 132, 1108, 1086, 1096]	300292
32	0.07633239547425485	0.14296651167725127	2.604369500782573	3.8424281912796907	[1851, 1799, 232, 320, 836, 1089, 1086, 1112]	302417
33	0.07855220821401321	0.1469821829573975	2.604369500782573	3.7718797271212043	[394, 193, 232, 10, 158, 1115, 1086, 1112]	298294
34	0.08076668616821081	0.15097903861825934	2.604369500782573	4.3414857398393005	[2872, 241, 1031, 1513, 254, 174, 1086, 1112]	259027
35	0.08297584215772047	0.15495716682131833	2.604369500782573	3.788547117059788	[3158, 3083, 19, 132, 1713, 174, 1086, 1112]	219141
36	0.0851796889726033	0.15948229652835	2.604369500782573	3.74393319068061	[1726, 132, 241, 1729, 1822, 1094, 1086, 1112]	234600
37	0.08737823937218236	0.16292829658813712	2.604369500782573	3.7975120081075247	[1530, 158, 10, 734, 19, 334, 1086, 1112]	268338
38	0.08957150608511699	0.16685043597313653	2.604369500782573	2.6937553845550912	[1019, 10, 734, 19, 132, 1108, 1086, 1112]	241499
39	0.09175950180947601	0.1714048249893183	2.604369500782573	3.2769644876399573	[2299, 2297, 400, 19, 132, 1108, 1086, 1112]	268461
40	0.09394223921281164	0.17528724719626132	2.604369500782573	3.503364997495546	[2627, 438, 107, 734, 1203, 174, 1086, 1112]	280222
41	0.0961197309322328	0.1797035111191706	2.604369500782573	3.426253688794504	[455, 1529, 2229, 734, 1203, 174, 1086, 1112]	314022
42	0.09829198957447793	0.18472364279894848	2.604369500782573	4.152038677107324	[1791, 420, 2149, 161, 1713, 174, 1086, 1112]	265313
43	0.10045902771598825	0.18908937565716788	2.604369500782573	3.46509330883519	[1873, 10, 734, 19, 132, 1094, 1086, 1112]	229665
44	0.10262085790298059	0.1934317304016704	2.604369500782573	3.283227601360106	[2751, 400, 19, 734, 1203, 174, 1086, 1112]	239226
45	0.10477749265152003	0.19784081350807525	2.604369500782573	4.168426044141165	[2196, 2197, 241, 132, 387, 344, 1086, 1112]	278100
46	0.10692894444759216	0.20159936863012196	2.604369500782573	3.787431372552094	[841, 1820, 10, 734, 19, 334, 1086, 1112]	264719
47	0.10907522574717565	0.20587473346758778	2.604369500782573	3.4973354227970503	[2872, 241, 1031, 132, 1713, 174, 1086, 1112]	243226
48	0.11121634897631416	0.20967316427051708	2.604369500782573	4.206144517714752	[2405, 1742, 400, 19, 1987, 334, 1086, 1112]	296256
49	0.11335232653118832	0.2139052946456973	2.604369500782573	3.365210460534284	[3621, 1720, 241, 1209, 132, 1108, 1086, 1112]	259269
50	0.11548317077818748	0.21758857887528327	2.604369500782573	4.022121241992997	[2558, 415, 733, 734, 19, 334, 1086, 1112]	252244
51	0.11760889405398145	0.22125460490096138	2.604369500782573	3.576563806872099	[1743, 1742, 400, 654, 132, 1108, 1086, 1112]	265399
52	0.11972950866559184	0.2244473475011305	2.604369500782573	4.02889006883454	[1807, 157, 10, 301, 2627, 261, 1086, 1112]	268817
53	0.12184502689046317	0.2280812364393281	2.604369500782573	3.1941925614291695	[841, 1820, 733, 734, 1203, 174, 1086, 1112]	228235
54	0.1239554609765342	0.2328053013252488	2.604369500782573	3.663848643256939	[1792, 496, 1512, 1031, 132, 1108, 1086, 1096]	233235
55	0.1260608231423087	0.23555751445027773	2.604369500782573	2.8480848840704303	[119, 409, 19, 734, 1203, 174, 1086, 1096]	270690
56	0.12816112557692616	0.23869161720626686	2.604369500782573	3.976345417500198	[1791, 420, 158, 10, 232, 1023, 1086, 1112]	255488
57	0.13025638044023236	0.24181287059782275	2.604369500782573	4.085006591757779	[846, 10, 162, 420, 1822, 1094, 1086, 1112]	234304
58	0.1323465998628499	0.24587289568535742	2.604369500782573	3.74393319068061	[1715, 132, 241, 1729, 1822, 1094, 1086, 1112]	261967
59	0.13443179594624832	0.24857823048240446	2.604369500782573	3.5390150635545616	[2627, 261, 217, 132, 1713, 174, 1086, 1112]	253035
60	0.13651198076281423	0.2516589502007255	2.604369500782573	3.83304580013678	[331, 241, 132, 387, 344, 174, 1086, 1112]	259284
61	0.13858716635592117	0.25516533787679463	2.604369500782573	3.4359437769698413	[2078, 436, 422, 19, 132, 1108, 1086, 1112]	265560
62	0.14065736473999924	0.25915386168182164	2.604369500782573	3.602225961564928	[1715, 132, 1032, 370, 1713, 174, 1086, 1112]	255691
63	0.14272258790060488	0.2621912228538622	2.604369500782573	3.9342561235114664	[1917, 10, 1019, 19, 132, 1108, 1086, 1112]	214465
64	0.14478284779449002	0.2661421236656164	2.604369500782573	4.240411942892852	[1580, 301, 2729, 438, 421, 261, 1086, 1112]	226935
65	0.14683815634967146	0.26815772452224773	2.604369500782573	2.648165271475393	[1580, 301, 10, 734, 1203, 174, 1086, 1096]	265632
66	0.1488885254654998	0.2715868064044321	2.604369500782573	3.7495888333379126	[241, 1729, 1032, 370, 1713, 174, 1086, 1112]	217468
67	0.15093396701272854	0.2741998958266101	2.604369500782573	4.163606757705216	[241, 1729, 1032, 132, 387, 344, 1086, 1112]	305176
68	0.15297449283358266	0.27680361112378815	2.604369500782573	3.7524358462149285	[77, 19, 132, 241, 217, 261, 1086, 1112]	247067
69	0.15501011474182713	0.2806762638874496	2.604369500782573	2.8969535619067592	[734, 19, 241, 1031, 132, 1108, 1086, 1112]	252464
70	0.1570408445228355	0.2840466895564484	2.604369500782573	3.5199086642496216	[1265, 2308, 651, 734, 1203, 174, 1086, 1112]	238035
71	0.1590666939336579	0.28601311405412666	2.604369500782573	4.221924251972724	[19, 734, 10, 438, 3366, 150, 1086, 1096]	256395
72	0.16108767470308916	0.2899161035910027	2.604369500782573	3.648598669037632	[1792, 496, 2728, 301, 2627, 261, 1086, 1112]	264871
73	0.16310379853173695	0.29324323555043685	2.604369500782573	3.7356206401472143	[1743, 193, 232, 320, 836, 1089, 1086, 1112]	253723
74	0.16511507709208928	0.2965547780744092	2.604369500782573	3.3491242693505496	[158, 10, 734, 19, 132, 1094, 1086, 1112]	221383
75	0.1671215220285821	0.29943880094126885	2.604369500782573	3.7255388316538216	[2047, 232, 10, 301, 2627, 261, 1086, 1096]	219421
76	0.1691231449576669	0.3019519748855962	2.604369500782573	3.5654025817911563	[3248, 334, 1987, 19, 132, 1108, 1086, 1112]	252213
77	0.17111995746787756	0.30386922104832503	2.5664221723022065	2.5664221723022065	[1580, 438, 10, 734, 1203, 174, 1086, 1112]	217989
78	0.17311197111989796	0.3075969398622508	2.5664221723022065	4.509428374729368	[190, 195, 10, 107, 836, 1089, 1086, 1112]	229170
79	0.1750991974466285	0.3097703590660872	2.54041715625058	2.54041715625058	[1726, 132, 19, 734, 1203, 174, 1086, 1112]	259596
80	0.1770816479532532	0.3122464698634425	2.539418467647492	2.539418467647492	[158, 10, 734, 19, 132, 1108, 1086, 1112]	264038
81	0.179059334117306	0.31471369792914283	2.539418467647492	3.593583950285944	[3251, 3248, 334, 19, 132, 1108, 1086, 1112]	258285
82	0.18103226738873734	0.31899495346061424	2.539418467647492	3.8459581164472487	[5234, 2028, 493, 217, 132, 1108, 1086, 1112]	263482
83	0.18300045918998054	0.32264167531392207	2.539418467647492	3.3778428664368425	[4356, 669, 673, 670, 132, 1108, 1086, 1112]	328556
84	0.18496392091601777	0.3262688692939153	2.539418467647492	3.8894387297533424	[1529, 2229, 734, 10, 158, 1115, 1086, 1112]	299898
85	0.18692266393444623	0.32903106871827514	2.539418467647492	3.337278998812767	[3764, 162, 107, 734, 1203, 174, 1086, 1112]	224335
86	0.18887669958554376	0.3321749256432729	2.539418467647492	3.7808798528893224	[195, 3284, 813, 19, 132, 1108, 1086, 1112]	235762
87	0.19082603918233454	0.3342711957566973	2.5355140376147673	2.5355140376147673	[359, 158, 10, 734, 1203, 174, 1086, 1112]	267436
88	0.1927706940106546	0.3370005868090796	2.5355140376147673	3.71402166193014	[1794, 1791, 420, 158, 1713, 174, 1086, 1096]	228835
89	0.19471067532921726	0.339081709409079	2.5355140376147673	3.7516256909488623	[1879, 496, 3366, 3459, 1203, 174, 1086, 1112]	225481
90	0.19664599436967822	0.3421784735778204	2.5355140376147673	3.5586006529477885	[2078, 434, 422, 19, 132, 1108, 1086, 1096]	299904
91	0.19857666233670057	0.3448754459438005	2.5355140376147673	3.4644322952363042	[107, 734, 811, 3459, 1203, 174, 1086, 1112]	251178
92	0.2005026904080197	0.34722562171967175	2.5355140376147673	3.5183317153165046	[107, 162, 733, 734, 1203, 174, 1086, 1112]	298775
93	0.20242408973450798	0.3507211708388024	2.5355140376147673	2.8480848840704303	[119, 409, 19, 734, 1203, 174, 1086, 1112]	277189
94	0.20434087144023938	0.35305037582224097	2.5355140376147673	3.654212737739737	[811, 734, 19, 132, 217, 261, 1086, 1112]	251426
95	0.20625304662255384	0.3557027749738444	2.5355140376147673	3.404274121651059	[1917, 10, 232, 320, 836, 1089, 1086, 1112]	271152
96	0.20816062635212151	0.35872166034724895	2.5355140376147673	3.691056483238616	[107, 10, 232, 1192, 836, 1089, 1086, 1112]	237189
97	0.21006362167300685	0.36135080805901765	2.5355140376147673	4.213571095401394	[1807, 157, 1511, 1031, 132, 1108, 1086, 1112]	224366
98	0.21196204360273252	0.36396917664842576	2.5355140376147673	3.701404221179777	[2872, 241, 1031, 132, 217, 261, 1086, 1112]	223872
99	0.21385590313234326	0.36596564616926985	2.5355140376147673	3.8503686012138596	[837, 162, 107, 734, 19, 334, 1086, 1112]	256424
100	0.2157452112264695	0.3699267104372669	2.5355140376147673	3.2769644876399573	[2299, 2297, 400, 19, 132, 1108, 1086, 1112]	225587
101	0.21762997882339075	0.37165725841275044	2.5355140376147673	3.1300002401942724	[107, 734, 19, 241, 132, 1108, 1086, 1112]	224392
102	0.21951021683509908	0.3739113578524368	2.5355140376147673	3.796512841573385	[107, 162, 10, 301, 2627, 261, 1086, 1112]	259809
103	0.22138593614736213	0.37684492604242437	2.5355140376147673	3.674922902246487	[107, 1549, 162, 1192, 836, 1089, 1086, 1112]	254725
104	0.22325714761978632	0.3785564725712385	2.5355140376147673	4.063816893629046	[193, 232, 10, 158, 1546, 234, 1086, 1112]	263057
105	0.22512386208587953	0.3811043004442609	2.5355140376147673	3.384925770620283	[21, 422, 19, 241, 132, 1108, 1086, 1112]	264094
106	0.2269860903531139	0.3840041657587141	2.5355140376147673	4.235218727328377	[320, 232, 1879, 420, 158, 1115, 1086, 1096]	259771
107	0.22884384320298856	0.38621397224315746	2.5355140376147673	3.713383726624831	[1791, 420, 3, 19, 132, 1108, 1086, 1096]	279046
108	0.23069713139109171	0.38950074219009123	2.5355140376147673	2.950952908405667	[1819, 1513, 1031, 241, 132, 1108, 1086, 1112]	237938
109	0.23254596564716323	0.39200370015305097	2.5355140376147673	4.4154556161113465	[2654, 232, 10, 1019, 1010, 1105, 1086, 1112]	216680
110	0.23439035667515662	0.3952594666185847	2.5355140376147673	3.759617172412887	[846, 10, 232, 1879, 836, 1089, 1086, 1112]	222083
111	0.23623031515330084	0.3977388146508518	2.5355140376147673	4.386686459642638	[300, 301, 2728, 496, 3366, 150, 1086, 1112]	279442
112	0.23806585173416261	0.4002079977176076	2.5355140376147673	4.036573359035232	[2238, 1549, 107, 420, 158, 1115, 1086, 1112]	232728
113	0.23989697704470747	0.40341983089458244	2.5355140376147673	3.760658710108726	[1819, 1513, 1031, 241, 132, 1094, 1086, 1112]	225650
114	0.2417237016863618	0.40621513572691736	2.5355140376147673	4.31092962734201	[1468, 2307, 420, 158, 1546, 234, 1086, 1112]	263338
115	0.24354603623507398	0.4086495671128766	2.5355140376147673	3.035045908035918	[715, 494, 10, 734, 1203, 174, 1086, 1096]	246275
116	0.24536399124137553	0.4110740176850267	2.5355140376147673	3.5108348228147426	[432, 422, 19, 132, 217, 261, 1086, 1112]	266749
117	0.2471775772304423	0.41348852836324956	2.5355140376147673	3.3817955533125286	[1579, 4018, 2197, 241, 132, 1108, 1086, 1112]	272801
118	0.24898680470215562	0.41589313989966115	2.5355140376147673	3.9370647324952905	[2267, 438, 3366, 3459, 1203, 174, 1086, 1112]	225005
119	0.2507916841311627	0.41863000044781973	2.5355140376147673	4.583455587394665	[1579, 4018, 241, 2545, 132, 1108, 1086, 1112]	262777
120	0.25259222596693753	0.4204548923269944	2.5355140376147673	3.444764851160139	[2636, 162, 10, 734, 19, 334, 1086, 1112]	311609
121	0.25438844063384136	0.42317037856661177	2.5355140376147673	2.741828726172569	[161, 10, 734, 19, 132, 1108, 1086, 1112]	219217
122	0.2561803385311828	0.425535295928538	2.5355140376147673	3.661517274495666	[432, 422, 19, 1126, 132, 1108, 1086, 1112]	241221
123	0.25796793003327845	0.42905096190896663	2.5355140376147673	4.383699645012067	[1579, 1580, 438, 2627, 301, 1092, 1086, 1112]	302639
124	0.25975122548951257	0.43139176973641713	2.5355140376147673	3.5654025817911563	[1078, 334, 1987, 19, 132, 1108, 1086, 1112]	230642
125	0.2615302352243972	0.43372298059300063	2.5355140376147673	4.472015295987563	[1549, 10, 734, 19, 1987, 1114, 1086, 1112]	244407
126	0.26330496953763205	0.43637629857231297	2.5355140376147673	3.8424281912796907	[1851, 1799, 232, 320, 836, 1089, 1086, 1112]	311401
127	0.2650754387041637	0.4383982267104065	2.5355140376147673	4.201465168694129	[87, 415, 10, 301, 2627, 261, 1086, 1112]	315037
128	0.2668416529742458	0.4418351728533274	2.5355140376147673	3.472619534390886	[1019, 1799, 232, 320, 836, 1089, 1086, 1112]	271458
129	0.26860362257349746	0.44383751797622284	2.5355140376147673	3.1952818523887894	[382, 409, 19, 241, 132, 1108, 1086, 1096]	268948
130	0.2703613577029633	0.44644344380827927	2.5355140376147673	3.373023600476821	[394, 432, 19, 734, 1203, 174, 1086, 1112]	260430
131	0.2721148685391722	0.44818103065458414	2.5355140376147673	2.6647873097920116	[1851, 159, 10, 734, 1203, 174, 1086, 1112]	235325
132	0.273864165234196	0.4501606108220382	2.5355140376147673	4.201040553741699	[1549, 162, 1541, 156, 1713, 174, 1086, 1112]	248570
133	0.27560925791570867	0.4524148721661534	2.5355140376147673	3.6580884587458176	[2047, 232, 10, 158, 1713, 174, 1086, 1112]	268530
134	0.27735015668704466	0.45640601741275577	2.5355140376147673	4.102420254314126	[3284, 195, 190, 196, 1078, 334, 1086, 1096]	223985
135	0.27908687162725754	0.45931691515969764	2.5355140376147673	4.030606057182583	[1820, 10, 734, 19, 3308, 334, 1086, 1112]	231872
136	0.2808194127911783	0.4618503115380622	2.5355140376147673	3.9185445339456875	[394, 432, 422, 19, 1987, 334, 1086, 1112]	286433
137	0.2825477902094734	0.4633283838025145	2.5355140376147673	3.723416810891404	[157, 10, 734, 19, 1987, 334, 1086, 1112]	232185
138	0.28427201388870327	0.4655286591969101	2.5355140376147673	3.844685983997972	[107, 159, 651, 734, 1203, 174, 1086, 1112]	224580
139	0.2859920938113798	0.46839070600313837	2.5355140376147673	4.415909957433881	[830, 2807, 4118, 23, 5272, 174, 1086, 1112]	263616
140	0.28770803993602434	0.4708815867017909	2.5355140376147673	3.8204514688016262	[813, 3222, 811, 3459, 1203, 174, 1086, 1112]	267473
141	0.2894198621972255	0.4723348538281593	2.5355140376147673	2.648165271475393	[1580, 301, 10, 734, 1203, 174, 1086, 1112]	269935
142	0.29112757050569615	0.4751604540635056	2.5355140376147673	4.234559771023895	[1265, 193, 1872, 843, 3094, 174, 1086, 1112]	282669
143	0.29283117474833154	0.4773122196946228	2.5355140376147673	3.869037353273284	[734, 10, 162, 420, 158, 1115, 1086, 1112]	273172
144	0.29453068478826594	0.48011116657553454	2.5355140376147673	3.653160679904725	[811, 669, 668, 670, 132, 1108, 1086, 1112]	245312
145	0.29622611046492986	0.4819762014530936	2.5355140376147673	3.291102902476779	[420, 158, 10, 734, 19, 334, 1086, 1112]	278741
146	0.29791746159410726	0.4841000235134627	2.5355140376147673	3.8068801775335404	[3160, 21, 422, 19, 132, 1108, 1086, 1112]	225163
147	0.2996047479679923	0.48651729745576744	2.5355140376147673	3.947748033706058	[677, 132, 1032, 370, 1713, 174, 1086, 1112]	213470
148	0.30128797935524576	0.48892324514573937	2.5355140376147673	4.259087935548449	[377, 162, 1541, 156, 1713, 174, 1086, 1096]	216130
149	0.30296716550105185	0.4907566678154174	2.5355140376147673	2.668481012673639	[1742, 400, 19, 734, 1203, 174, 1086, 1112]	274993
150	0.30464231612717463	0.49258351331512285	2.5355140376147673	3.9172102030347418	[1549, 107, 10, 157, 1713, 174, 1086, 1112]	236812
151	0.3063134409320143	0.4949610374613973	2.5355140376147673	3.6901637387024984	[193, 394, 432, 422, 19, 334, 1086, 1112]	229471
152	0.3079805495906631	0.49677280032126947	2.5355140376147673	3.7676291093230034	[386, 768, 781, 19, 132, 1108, 1086, 1112]	311073
153	0.30964365175496167	0.4988359584832176	2.5355140376147673	3.701892151046522	[3819, 438, 496, 217, 132, 1108, 1086, 1112]	266804
154	0.3113027570535547	0.5006338205581742	2.5355140376147673	3.8794956720925065	[107, 162, 10, 157, 1713, 174, 1086, 1112]	274068
155	0.31295787509194684	0.5020053707336429	2.5355140376147673	3.3575937850316935	[193, 232, 10, 734, 19, 334, 1086, 1112]	271825
156	0.31460901545255804	0.5047276445816733	2.5355140376147673	3.534636553909553	[1259, 734, 811, 3459, 1203, 174, 1086, 1112]	276057
157	0.3162561876947795	0.5073797842846334	2.5355140376147673	3.947748033706058	[545, 132, 1032, 370, 1713, 174, 1086, 1112]	251531
158	0.31789940135502837	0.5093994553585393	2.5355140376147673	3.940318011690536	[2047, 232, 10, 415, 255, 174, 1086, 1112]	268335
159	0.3195386659468036	0.511410846075455	2.5355140376147673	3.319856779838476	[1820, 10, 232, 320, 836, 1089, 1086, 1096]	233715
160	0.3211739909607406	0.5131635973451141	2.5355140376147673	3.671194115465367	[19, 734, 10, 438, 2627, 261, 1086, 1112]	262663
161	0.32280538586466645	0.5151595556285934	2.5355140376147673	2.8362461795052174	[1530, 158, 10, 734, 1203, 174, 1086, 1096]	284826
162	0.32443286010365446	0.5186212592832949	2.5355140376147673	3.561462934923987	[2607, 1587, 241, 217, 132, 1108, 1086, 1112]	265323
163	0.326056423100079	0.5208767823291354	2.5355140376147673	3.5231520075490135	[382, 400, 19, 241, 132, 1108, 1086, 1112]	301420
164	0.3276760842536699	0.523870055242531	2.5355140376147673	3.1854485211640693	[2196, 2197, 4018, 241, 132, 1108, 1086, 1112]	256011
165	0.3292918529415674	0.5264196890277498	2.5355140376147673	3.057077720340219	[813, 3284, 811, 3459, 1203, 174, 1086, 1112]	263692
166	0.3309037385183756	0.5286386721591275	2.5355140376147673	4.0036982951226845	[669, 668, 670, 132, 217, 261, 1086, 1112]	296065
167	0.3325117503162174	0.531162770422094	2.5355140376147673	3.3331971760863874	[317, 324, 668, 670, 132, 1108, 1086, 1112]	271967
168	0.3341158976447879	0.5336733523618817	2.5355140376147673	3.8700453810595805	[3621, 1720, 132, 241, 1729, 1094, 1086, 1096]	278502
169	0.3357161897914087	0.5358583481077912	2.5355140376147673	4.270536454740842	[1546, 107, 811, 3459, 1203, 174, 1086, 1112]	265468
170	0.33731263602108175	0.5373152659604105	2.5355140376147673	3.6580884587458176	[2047, 232, 10, 158, 1713, 174, 1086, 1112]	252027
171	0.33890524557654256	0.5401468498115991	2.5355140376147673	3.4973354227970503	[2872, 241, 1031, 132, 1713, 174, 1086, 1112]	284358
172	0.34049402767831405	0.5420321806933847	2.5272028798793675	2.5272028798793675	[846, 10, 734, 19, 132, 1108, 1086, 1112]	248183
173	0.34207899152475973	0.5436750818308844	2.5272028798793675	2.620774439524012	[1799, 1019, 10, 734, 1203, 174, 1086, 1096]	260655
174	0.34366014629213726	0.5453120892701072	2.5272028798793675	4.300108954431352	[1580, 438, 496, 217, 132, 1094, 1086, 1112]	276716
175	0.3452375011346511	0.5471762434230631	2.5272028798793675	3.0150729935709144	[813, 3284, 811, 734, 1203, 174, 1086, 1112]	280085
176	0.3468110651845061	0.5496010746298178	2.5272028798793675	3.618744789275599	[3869, 438, 2627, 261, 132, 1108, 1086, 1112]	237802
177	0.34838084755195975	0.5520129210797087	2.5272028798793675	3.324382825701849	[331, 241, 1126, 19, 132, 1108, 1086, 1112]	271561
178	0.34994685732537534	0.554111985901805	2.5272028798793675	4.283677347927844	[1792, 232, 1799, 1019, 1010, 1105, 1086, 1112]	273413
179	0.35150910357127463	0.5564996768204007	2.5272028798793675	4.010476146414224	[1265, 193, 842, 157, 1713, 174, 1086, 1112]	271681
180	0.3530675953343899	0.5592138540143361	2.5272028798793675	3.4340241044914075	[3621, 1720, 241, 1587, 132, 1108, 1086, 1112]	277503
181	0.3546223416377169	0.5604245093225242	2.5272028798793675	3.3284912497526102	[1549, 162, 10, 734, 19, 334, 1086, 1112]	245575
182	0.35617335148256646	0.562484161246773	2.5272028798793675	3.9996618679832086	[157, 320, 232, 10, 158, 1115, 1086, 1112]	273897
183	0.3577206338486171	0.5642779124078423	2.5272028798793675	2.86274021440164	[2636, 162, 107, 734, 1203, 174, 1086, 1112]	244367
184	0.3592641976939669	0.5660643094506308	2.5272028798793675	3.3575937850316935	[193, 232, 10, 734, 19, 334, 1086, 1112]	274910
185	0.36080405195518517	0.5683879967326826	2.5272028798793675	3.036539522001304	[2627, 261, 217, 241, 132, 1108, 1086, 1096]	251637
186	0.36234020554736446	0.5695734545053284	2.5272028798793675	4.108600467363557	[359, 158, 10, 159, 1713, 174, 1086, 1112]	235387
187	0.3638726673641719	0.5722076215000003	2.5272028798793675	3.956416336917309	[432, 15, 1557, 158, 1713, 174, 1086, 1112]	266686
188	0.36540144627790083	0.5739615078914453	2.5272028798793675	4.207576925363998	[1917, 10, 162, 107, 836, 1089, 1086, 1112]	262773
189	0.36692655113952244	0.5759577315633408	2.5272028798793675	4.5220290822220415	[193, 232, 1879, 301, 2627, 261, 1086, 1096]	278905
190	0.36844799077873636	0.5774789291143333	2.5272028798793675	3.3809090108448636	[107, 10, 734, 19, 132, 1094, 1086, 1112]	271359
191	0.3699657740040224	0.5788052020070408	2.5272028798793675	4.060585902602048	[2297, 400, 19, 241, 217, 261, 1086, 1112]	287845
192	0.3714799096026914	0.5803161846210143	2.5272028798793675	3.0386564380302943	[2149, 161, 10, 734, 1203, 174, 1086, 1112]	273023
193	0.3729904063409356	0.5816335515080158	2.5272028798793675	4.627063148217199	[1265, 87, 160, 107, 1546, 234, 1086, 1096]	264359
194	0.37449727296388025	0.5838738668744867	2.5272028798793675	3.0384246023543824	[2149, 158, 10, 734, 1203, 174, 1086, 1112]	272828
195	0.3760005181956336	0.5861021855501157	2.5272028798793675	3.365210460534284	[3621, 1720, 241, 1209, 132, 1108, 1086, 1112]	268425
196	0.3775001507393376	0.5883185717761221	2.5272028798793675	4.194271896578857	[305, 331, 241, 1587, 132, 1108, 1086, 1112]	275785
197	0.3789961792772184	0.5902475247405197	2.5272028798793675	4.4870184699028695	[161, 2149, 420, 158, 1546, 234, 1086, 1112]	244486
198	0.38048861247063637	0.5924874252976962	2.5272028798793675	3.298368396303111	[2196, 2197, 241, 19, 132, 1108, 1086, 1112]	271668
199	0.38197745896013646	0.5946696191290288	2.5272028798793675	2.756815517589228	[1743, 1742, 400, 19, 132, 1108, 1086, 1112]	262421
200	0.383462727365498	0.5963314146045384	2.5272028798793675	3.99972034827928	[811, 734, 19, 241, 217, 261, 1086, 1112]	244334
201	0.38494442628578507	0.5984930242127725	2.5272028798793675	4.374144787406019	[1799, 1019, 10, 158, 420, 458, 1086, 1112]	259372
202	0.3864225642993957	0.6001391442847864	2.5272028798793675	2.6565690702175355	[2872, 241, 19, 734, 1203, 174, 1086, 1112]	263742
203	0.38789714996411195	0.6017785155044644	2.5272028798793675	3.834375897558796	[2872, 241, 1209, 132, 19, 334, 1086, 1112]	280522
204	0.3893681918171492	0.6039553822200011	2.5272028798793675	3.8993267120667046	[4343, 453, 853, 19, 132, 1108, 1086, 1112]	310579
205	0.3908356983752058	0.6053761417703918	2.5272028798793675	4.657206473379473	[457, 542, 269, 1337, 240, 234, 1086, 1096]	253914
206	0.3922996781345123	0.6077911999342972	2.5272028798793675	4.464010437365511	[3136, 1468, 2307, 420, 1582, 1087, 1086, 1112]	271191
207	0.3937601395708803	0.6098914434046318	2.5272028798793675	4.596738588305375	[2654, 232, 1879, 420, 1822, 1094, 1086, 1112]	258644
208	0.3952170911397521	0.6112909080926732	2.5272028798793675	3.0574251192122706	[734, 19, 241, 217, 132, 1108, 1086, 1112]	269289
209	0.39667054127624946	0.6131122230797441	2.5272028798793675	3.34120469505008	[3, 19, 241, 1031, 132, 1108, 1086, 1112]	270966
210	0.3981204983952221	0.6143266448125435	2.4252728029570534	2.4252728029570534	[377, 162, 10, 734, 1203, 174, 1086, 1112]	279834
211	0.3995669708912969	0.6163918915530011	2.4252728029570534	3.4359437769698413	[2078, 436, 422, 19, 132, 1108, 1086, 1112]	272983
212	0.401009967138926	0.6177680367124491	2.4252728029570534	3.8679933829299733	[107, 10, 734, 19, 387, 344, 1086, 1112]	267904
213	0.4024494954924358	0.618967844074889	2.4252728029570534	3.0566003287318484	[1265, 159, 10, 734, 1203, 174, 1086, 1112]	220436
214	0.403885564286075	0.6207531884123141	2.4252728029570534	3.5545219257184755	[3621, 1720, 241, 1126, 132, 1108, 1086, 1112]	237642
215	0.4053181818340631	0.6223080450560319	2.23202490513811	2.23202490513811	[320, 232, 10, 734, 1203, 174, 1086, 1096]	272155
216	0.4067473564306381	0.6243305521033905	2.23202490513811	3.9005893467276964	[1582, 1579, 4018, 241, 132, 1108, 1086, 1112]	275671
217	0.4081730963501049	0.6260907692166087	2.23202490513811	3.936632726813243	[1549, 107, 1586, 1587, 132, 1108, 1086, 1112]	260760
218	0.40959540984688314	0.6274321208895401	2.23202490513811	3.736675918860292	[10, 232, 3, 19, 132, 1108, 1086, 1112]	283497
219	0.4110143051555549	0.6287686606344358	2.23202490513811	3.3706147755278657	[3580, 159, 10, 734, 1203, 174, 1086, 1112]	264304
220	0.41242979049091255	0.6307565716562065	2.23202490513811	2.950952908405667	[1819, 1513, 1031, 241, 132, 1108, 1086, 1112]	250775
221	0.4138418740480061	0.6330163041520843	2.23202490513811	4.46011922491238	[19, 241, 1729, 1822, 1210, 458, 1086, 1112]	270495
222	0.4152505640021906	0.6345208838088952	2.23202490513811	3.9392838264831687	[359, 158, 651, 19, 132, 1108, 1086, 1112]	277199
223	0.4166558685091739	0.6355247021822228	2.23202490513811	2.5664221723022065	[1580, 438, 10, 734, 1203, 174, 1086, 1112]	280683
224	0.4180577957050633	0.6370189977727658	2.23202490513811	2.5272028798793675	[846, 10, 734, 19, 132, 1108, 1086, 1112]	247635
225	0.419456353706413	0.6383211458196588	2.23202490513811	3.819086901839829	[19, 241, 1587, 132, 1713, 174, 1086, 1112]	286254
226	0.420851550610271	0.6396186225765239	2.23202490513811	3.863362105236315	[10, 107, 162, 420, 158, 1115, 1086, 1112]	261915
227	0.4222433944942261	0.6410961336902317	2.23202490513811	3.891024921281968	[1606, 1019, 10, 734, 19, 334, 1086, 1112]	272466
228	0.42363189341645446	0.6425675872237537	2.23202490513811	3.2666220068259664	[2047, 232, 10, 734, 19, 334, 1086, 1112]	270071
229	0.4250170554157664	0.6438498304137196	2.23202490513811	4.189938095751838	[157, 10, 734, 19, 422, 636, 1086, 1096]	308564
230	0.42639888851165286	0.6455185890175703	2.23202490513811	2.539418467647492	[158, 10, 734, 19, 132, 1108, 1086, 1112]	317011
231	0.4277774007043319	0.6466312887590748	2.23202490513811	2.6565690702175355	[2872, 241, 19, 734, 1203, 174, 1086, 1112]	259384
232	0.42915259997479493	0.6482870147072051	2.23202490513811	2.6647873097920116	[1851, 159, 10, 734, 1203, 174, 1086, 1112]	233643
233	0.43052449428485307	0.6499349826724461	2.23202490513811	4.0561612812523755	[4210, 808, 331, 241, 132, 1108, 1086, 1112]	290950
234	0.43189309157718303	0.6518095499098757	2.23202490513811	3.9710259863075397	[1580, 438, 1512, 1031, 132, 1108, 1086, 1112]	278290
235	0.4332583997753733	0.6530586387375269	2.23202490513811	2.3672254211503034	[1549, 162, 10, 734, 1203, 174, 1086, 1112]	266409
236	0.4346204267839697	0.6549164790727219	2.23202490513811	4.104004950491262	[300, 301, 2729, 438, 132, 1108, 1086, 1112]	279392
237	0.4359791804885218	0.6565333843665294	2.23202490513811	3.874211628046723	[1019, 1799, 232, 10, 158, 1115, 1086, 1112]	259918
238	0.43733466875562776	0.658372617745896	2.23202490513811	3.648598669037632	[1792, 496, 2728, 301, 2627, 261, 1086, 1112]	292674
239	0.43868689943298045	0.6599733291371324	2.23202490513811	3.952426037000424	[1580, 301, 2729, 496, 132, 1108, 1086, 1112]	242110
240	0.44003588034941277	0.6610406561592326	2.23202490513811	3.7826316128816275	[2872, 241, 19, 132, 387, 344, 1086, 1112]	225747
241	0.4413816193149427	0.6626288663292487	2.23202490513811	2.9084054188625457	[1742, 400, 19, 241, 132, 1108, 1086, 1112]	245961
242	0.44272412412081874	0.6644354589412774	2.23202490513811	3.7356206401472143	[1743, 193, 232, 320, 836, 1089, 1086, 1112]	283347
243	0.4440634025395652	0.6662323774094921	2.23202490513811	3.3778428664368425	[4356, 669, 668, 670, 132, 1108, 1086, 1112]	275661
244	0.4453994623250269	0.6674297261831348	2.23202490513811	3.671194115465367	[19, 734, 10, 438, 2627, 261, 1086, 1112]	282092
245	0.4467323112124141	0.6689880000608689	2.23202490513811	3.71402166193014	[1794, 1791, 420, 158, 1713, 174, 1086, 1112]	320309
246	0.4480619569183474	0.6703451010081412	2.23202490513811	3.687647475626422	[300, 301, 1580, 438, 2627, 261, 1086, 1112]	309015
247	0.44938840714090234	0.6716966380393579	2.23202490513811	4.036573359035232	[2238, 1549, 107, 420, 158, 1115, 1086, 1112]	308621
248	0.450711669559654	0.6730426339657635	2.23202490513811	3.341775419258357	[359, 158, 651, 734, 1203, 174, 1086, 1112]	270130
249	0.4520317518357214	0.6743831115050802	2.23202490513811	2.687257635897571	[1917, 10, 734, 19, 132, 1108, 1086, 1112]	267911
250	0.453348661611812	0.6752774450000919	2.23202490513811	2.2891027279696745	[241, 132, 19, 734, 1203, 174, 1086, 1112]	279918
251	0.45466240651226575	0.6766087601399421	2.23202490513811	3.9804153420042887	[377, 162, 10, 161, 1713, 174, 1086, 1112]	243670
252	0.45597299414309944	0.6783404916558227	2.23202490513811	3.57188051102884	[1548, 19, 241, 217, 132, 1108, 1086, 1112]	269159
253	0.4572804320920506	0.6800629499024446	2.23202490513811	3.661517274495666	[432, 422, 19, 1126, 132, 1108, 1086, 1112]	280099
254	0.45858472792862137	0.6817761845373456	2.23202490513811	3.5665213192922858	[1743, 1742, 400, 19, 132, 1094, 1086, 1112]	279353
255	0.45988588920412254	0.683515746210793	2.23202490513811	2.4252728029570534	[377, 162, 10, 734, 1203, 174, 1086, 1112]	274561
256	0.461183923451717	0.6848132855165978	2.23202490513811	3.057077720340219	[813, 3284, 811, 3459, 1203, 174, 1086, 1112]	270524
257	0.4624788381864636	0.68594397765242	2.23202490513811	3.702110745622207	[119, 409, 1460, 19, 132, 1108, 1086, 1112]	270333
258	0.4637706409053606	0.6874155021219787	2.23202490513811	4.381809937741615	[160, 837, 162, 420, 158, 1115, 1086, 1112]	259296
259	0.46505933908738883	0.6885368591376444	2.23202490513811	3.0351562422061917	[420, 162, 107, 734, 1203, 174, 1086, 1112]	314801
260	0.46634494019355544	0.6895145266417464	2.23202490513811	4.191579755495888	[1791, 420, 158, 10, 494, 636, 1086, 1112]	322338
261	0.46762745166693676	0.6908139915135024	2.23202490513811	3.854947601505576	[2196, 2197, 241, 132, 19, 334, 1086, 1112]	259342
262	0.46890688093272137	0.6916631962487254	2.23202490513811	2.9205297895886497	[3284, 195, 10, 734, 1203, 174, 1086, 1112]	306861
263	0.47018323539825324	0.6929273321970496	2.23202490513811	2.6647873097920116	[1851, 159, 10, 734, 1203, 174, 1086, 1112]	304120
264	0.4714565224530747	0.6940289162253606	2.23202490513811	2.9305764039857216	[3284, 2308, 651, 734, 1203, 174, 1086, 1112]	271440
265	0.47272674946896887	0.6954625583296774	2.23202490513811	3.7425483438662734	[87, 415, 10, 734, 19, 334, 1086, 1112]	263938
266	0.4739939238000027	0.6970933294220989	2.23202490513811	3.0413108580542865	[3284, 811, 734, 19, 132, 1108, 1086, 1112]	270334
267	0.4752580527825695	0.6985126130722453	2.23202490513811	4.094845180373128	[1535, 438, 3366, 3459, 1203, 174, 1086, 1112]	264455
268	0.47651914373543125	0.7001270513910112	2.23202490513811	3.547249396054254	[2627, 438, 3366, 3459, 1203, 174, 1086, 1112]	252376
269	0.477777203959761	0.7013564867670502	2.23202490513811	3.703792137954796	[1879, 496, 2729, 438, 2627, 261, 1086, 1112]	249815
270	0.47903224073918504	0.7025808816372654	2.23202490513811	3.0738705926307146	[1791, 420, 107, 734, 1203, 174, 1086, 1112]	268565
271	0.4802842613398256	0.7039744530998147	2.23202490513811	3.6444556320108417	[77, 1998, 19, 241, 132, 1108, 1086, 1112]	270557
272	0.4815332730103422	0.7057860995546773	2.23202490513811	3.365210460534284	[3621, 1720, 241, 1209, 132, 1108, 1086, 1112]	285802
273	0.48277928298197414	0.7069923336581794	2.23202490513811	3.6350683462702733	[2872, 241, 132, 387, 344, 174, 1086, 1112]	276665
274	0.48402229846858214	0.7083652350519094	2.23202490513811	3.7864169552613873	[158, 10, 1019, 19, 132, 1108, 1086, 1112]	283437
275	0.48526232666669	0.7094114375728487	2.23202490513811	3.7336068627428736	[420, 158, 651, 19, 132, 1108, 1086, 1112]	269658
276	0.4864993747555266	0.7106028083189513	2.23202490513811	4.193860869272801	[1799, 1019, 10, 159, 1713, 174, 1086, 1112]	269277
277	0.48773344989706724	0.7115112118921689	2.23202490513811	3.8224963303075947	[2297, 400, 19, 241, 132, 1094, 1086, 1112]	264948
278	0.48896455923607496	0.7125461286224664	2.23202490513811	3.7634450920680766	[1549, 162, 420, 158, 1713, 174, 1086, 1112]	300718
279	0.4901927099001423	0.7140854187054066	2.23202490513811	2.741828726172569	[161, 10, 734, 19, 132, 1108, 1086, 1112]	273700
280	0.49141790899973226	0.7154250851108894	2.23202490513811	4.177795614191783	[107, 734, 19, 241, 217, 261, 1086, 1112]	249706
281	0.4926401636282195	0.7165918007787111	2.23202490513811	3.2666220068259664	[2047, 232, 10, 734, 19, 334, 1086, 1112]	265270
282	0.49385948086193154	0.7174814051986997	2.23202490513811	2.23202490513811	[320, 232, 10, 734, 1203, 174, 1086, 1112]	278798
283	0.49507586776018964	0.7186396902539165	2.23202490513811	4.000489814638648	[837, 162, 1549, 107, 836, 1089, 1086, 1112]	281877
284	0.4962893313653497	0.7201463498527234	2.23202490513811	3.4074574088990133	[2004, 19, 241, 1209, 132, 1108, 1086, 1112]	271762
285	0.49749987870284296	0.721457617476279	2.23202490513811	4.0215468853517224	[420, 1792, 232, 320, 836, 1089, 1086, 1112]	283178
286	0.4987075167812167	0.7225996006407804	2.23202490513811	4.510156882119066	[734, 19, 132, 387, 344, 234, 1086, 1112]	271798
287	0.499912252592175	0.7238993734407768	2.23202490513811	3.0015263220368356	[2238, 1549, 107, 734, 1203, 174, 1086, 1112]	313555
288	0.5011140931106188	0.7251930560933346	2.23202490513811	4.06450276698549	[1549, 107, 232, 1192, 836, 1089, 1086, 1112]	275819
289	0.5023130452946867	0.7264806771341301	2.23202490513811	2.6246948025338113	[1580, 301, 2728, 496, 217, 132, 19, 794]	310693
290	0.5035091160857952	0.7277622649651343	2.23202490513811	3.4677273744018553	[1647, 1697, 241, 1720, 132, 1108, 1086, 1112]	308999
291	0.5047023124086787	0.7288783999939761	2.23202490513811	4.679911101396768	[1580, 438, 10, 107, 420, 458, 1086, 1112]	269777
292	0.5058926411714294	0.7299899590319017	2.23202490513811	2.280663565633288	[1792, 232, 10, 734, 1203, 174, 1086, 1112]	317778
293	0.5070801092655379	0.7310969608398066	2.23202490513811	3.669671272035359	[421, 438, 496, 217, 132, 1108, 1086, 1112]	282572
294	0.5082647235659328	0.7319410342746705	2.23202490513811	3.7780050834792123	[377, 162, 10, 158, 1713, 174, 1086, 1112]	283920
295	0.5094464909310201	0.7329026616230154	2.23202490513811	3.5586006529477885	[2078, 434, 422, 19, 132, 1108, 1086, 1112]	270478
296	0.5106254182027237	0.7338608392559048	2.23202490513811	3.057077720340219	[813, 3284, 811, 3459, 1203, 174, 1086, 1112]	294185
297	0.5118015122065243	0.7345918122926165	2.23202490513811	2.3298370738744723	[420, 158, 10, 734, 1203, 174, 1086, 1112]	278036
298	0.5129747797514992	0.7358353950130281	2.23202490513811	3.754511881546473	[241, 132, 1032, 1729, 1822, 1094, 1086, 1112]	287476
299	0.5141452276303617	0.7369184313855148	2.23202490513811	2.878525062819345	[300, 301, 10, 734, 1203, 174, 1086, 1112]	282499
300	0.5153128626195008	0.7379970274667513	2.23202490513811	3.262327615820401	[2689, 1549, 10, 734, 1203, 174, 1086, 1112]	274944
301	0.5164776914790197	0.7394000302351211	2.23202490513811	4.010635683102845	[841, 1268, 21, 19, 132, 1108, 1086, 1112]	280358
302	0.5176397209527754	0.7404684521228233	2.23202490513811	3.8817231546354893	[1580, 301, 2729, 496, 217, 261, 1086, 1112]	307308
303	0.5187989577684178	0.7420898487151422	2.23202490513811	4.240810676658682	[1549, 107, 1794, 1879, 836, 1089, 1086, 1112]	314290
304	0.5199554086374283	0.7428994160147948	2.23202490513811	4.065700824040366	[2627, 301, 1580, 438, 8, 174, 1086, 1096]	256298
305	0.521109080255159	0.7438217315663999	2.23202490513811	4.241768261386211	[457, 540, 409, 19, 132, 1094, 1086, 1112]	307364
306	0.5222599793008715	0.7445253461952763	2.23202490513811	4.224294357071839	[1549, 162, 107, 10, 494, 636, 1086, 1112]	275481
307	0.5234081124377751	0.7453272685879391	2.23202490513811	3.8563424333542855	[432, 422, 19, 241, 217, 261, 1086, 1112]	269611
308	0.5245534863130658	0.7468858399877527	2.23202490513811	3.426253688794504	[455, 1529, 2229, 734, 1203, 174, 1086, 1096]	249747
309	0.5256961075579647	0.7480718184551154	2.23202490513811	4.21441871769452	[190, 195, 10, 301, 2627, 261, 1086, 1112]	273644
310	0.5268359827877562	0.7494208716079112	2.23202490513811	3.6901637387024984	[193, 394, 432, 422, 19, 334, 1086, 1112]	294912
311	0.5279731186018268	0.750207427186709	2.23202490513811	3.9154603835307142	[331, 241, 1720, 132, 19, 334, 1086, 1112]	282886
312	0.5291075215837026	0.7513778421988495	2.23202490513811	3.3456798492910815	[158, 651, 734, 19, 132, 1108, 1086, 1112]	278452
313	0.5302391983010879	0.7522697424779512	2.23202490513811	4.129700536025229	[107, 162, 10, 158, 420, 458, 1086, 1112]	283113
314	0.5313681553059033	0.7531584431785644	2.23202490513811	2.7421990078444622	[1535, 496, 1879, 232, 10, 734, 19, 794]	275595
315	0.5324943991343231	0.7539332667037433	2.23202490513811	3.976338822173221	[813, 3284, 811, 734, 19, 334, 1086, 1112]	313999
316	0.5336179363068136	0.7550862241171472	2.23202490513811	3.2903281519845455	[3158, 3083, 19, 241, 132, 1108, 1086, 1112]	268826
317	0.534738773328171	0.7562337792936079	2.23202490513811	3.9273328688446716	[193, 1743, 1742, 400, 19, 334, 1086, 1112]	249249
318	0.5358569166875584	0.7569989494897427	2.23202490513811	2.7754221757720616	[4349, 158, 10, 734, 1203, 174, 1086, 1112]	261672
319	0.536972372858544	0.757995218373941	2.23202490513811	2.7995542814999217	[3869, 438, 10, 734, 1203, 174, 1086, 1096]	262712
320	0.5380851482991382	0.7591291433190861	2.23202490513811	2.539418467647492	[158, 10, 734, 19, 132, 1108, 1086, 1096]	272966
321	0.5391952494518312	0.760116678719108	2.23202490513811	4.168583358935022	[1794, 107, 10, 438, 2627, 261, 1086, 1112]	269090
322	0.5403026827436301	0.7609772295368409	2.23202490513811	3.193290733740417	[320, 232, 10, 734, 19, 334, 1086, 1112]	278730
323	0.5414074545860965	0.7619571880527704	2.23202490513811	3.1794985509349294	[846, 162, 107, 734, 1203, 174, 1086, 1112]	278255
324	0.5425095713753831	0.763231886278227	2.23202490513811	3.7513992540674366	[734, 19, 132, 1032, 1729, 1094, 1086, 1112]	237765
325	0.5436090394922712	0.7646808832257546	2.23202490513811	3.623620915048451	[3895, 1030, 1032, 132, 1713, 174, 1086, 1112]	282136
326	0.5447058653022072	0.7654195383774595	2.23202490513811	2.7728661224156292	[2297, 400, 19, 734, 1203, 174, 1086, 1112]	274767
327	0.5458000551553399	0.7663812840747093	2.23202490513811	2.9580378069689592	[3580, 162, 10, 734, 1203, 174, 1086, 1112]	287117
328	0.5468916153865568	0.7674759157090948	2.23202490513811	4.343175675986923	[1265, 193, 394, 432, 19, 334, 1086, 1096]	280135
329	0.5479805523155213	0.7684292305590483	2.23202490513811	2.816656816433906	[2051, 1849, 420, 162, 107, 734, 19, 794]	259312
330	0.5490668722467089	0.7693786369570843	2.23202490513811	3.4381808341943936	[1078, 334, 19, 241, 132, 1108, 1086, 1112]	321636
331	0.5501505814694436	0.7703241509272858	2.23202490513811	4.137695992435555	[2627, 301, 2729, 496, 3366, 150, 1086, 1112]	316262
332	0.5512316862579348	0.7714003080710042	2.23202490513811	3.352497027679866	[160, 331, 241, 1031, 132, 1108, 1086, 1112]	311265
333	0.5523101928713134	0.77262443922312	2.23202490513811	3.3778428664368425	[4356, 669, 673, 670, 132, 1108, 1086, 1112]	306607
334	0.5533861075536677	0.7738420152610755	2.23202490513811	4.055957361380672	[734, 19, 1126, 241, 217, 261, 1086, 1112]	316026
335	0.5544594365340798	0.7746533281846447	2.23202490513811	3.7874080745804655	[1549, 162, 10, 301, 2627, 261, 1086, 1112]	303320
336	0.5555301860266624	0.7758600397014759	2.23202490513811	3.9244188126901696	[1799, 232, 1792, 496, 217, 261, 1086, 1112]	272115
337	0.556598362230593	0.7770602893847547	2.23202490513811	4.436669602896937	[3708, 969, 2729, 438, 2627, 261, 1086, 1112]	277780
338	0.5576639713301517	0.7777600861884437	2.23202490513811	4.466053123903341	[1723, 241, 19, 387, 344, 174, 1086, 1112]	266121
339	0.558727019494756	0.7788014019028877	2.23202490513811	3.7784467420323216	[195, 3222, 811, 734, 1203, 174, 1086, 1112]	276809
340	0.5597875128789963	0.7798378384828929	2.23202490513811	3.4869114731528823	[3, 19, 241, 1720, 132, 1108, 1086, 1096]	262905
341	0.5608454576226725	0.7807404712515035	2.23202490513811	2.7486699903006286	[2153, 158, 10, 734, 1203, 174, 1086, 1112]	284479
342	0.5619008598508284	0.7816394033573419	2.23202490513811	2.602840294084988	[1820, 10, 734, 19, 132, 1108, 1086, 1112]	281238
343	0.5629537256737882	0.7826625423461924	2.23202490513811	3.432062459683153	[457, 540, 409, 19, 132, 1108, 1086, 1112]	290950
344	0.5640040611871913	0.7839926256406593	2.23202490513811	3.7360696609924666	[241, 1031, 132, 387, 344, 174, 1086, 1112]	268848
345	0.5650518724720273	0.7851493260447969	2.23202490513811	3.72353526192601	[3869, 438, 496, 217, 132, 1108, 1086, 1096]	312900
346	0.5660971655946722	0.7864641904741396	2.23202490513811	4.344727577752121	[813, 3284, 162, 2636, 836, 1089, 1086, 1112]	264558
347	0.5671399466069225	0.7873396561655266	2.23202490513811	3.3778428664368425	[4356, 669, 673, 670, 132, 1108, 1086, 1112]	311201
348	0.568180221546031	0.788356845310143	2.23202490513811	3.7759768201861528	[1647, 1697, 241, 132, 19, 334, 1086, 1112]	282762
349	0.569217996434741	0.7892245513925997	2.23202490513811	3.87262081138746	[2238, 1549, 162, 10, 158, 1115, 1086, 1112]	275268
350	0.5702532772813219	0.7902121498086069	2.23202490513811	3.7032481417554504	[19, 734, 10, 301, 2627, 261, 1086, 1112]	286779
351	0.5712860700796036	0.7909647369625141	2.23202490513811	4.061329326336994	[1549, 107, 734, 19, 1987, 334, 1086, 1096]	250603
352	0.5723163808090113	0.7918217510693552	2.23202490513811	3.8197237672360203	[394, 193, 1265, 415, 255, 174, 1086, 1112]	281886
353	0.5733442154346	0.7929365271985725	2.23202490513811	4.239706810223314	[2709, 2051, 1849, 420, 158, 1115, 1086, 1112]	268820
354	0.5743695799070891	0.7940453338001153	2.23202490513811	3.9642668614167302	[1535, 438, 2627, 261, 132, 1108, 1086, 1112]	299377
355	0.5753924801628971	0.7946110051855519	2.23202490513811	3.38653863155936	[377, 162, 10, 734, 19, 334, 1086, 1112]	316700
356	0.5764129221241756	0.7952557111542078	2.23202490513811	3.884537135695693	[2267, 261, 217, 132, 1713, 174, 1086, 1096]	274501
357	0.5774309116988436	0.7959902051750991	2.23202490513811	3.5016762523555913	[3, 19, 241, 217, 132, 1108, 1086, 1112]	275706
358	0.5784464547806221	0.7965505348117643	2.23202490513811	2.8480848840704303	[119, 409, 19, 734, 1203, 174, 1086, 1112]	288966
359	0.5794595572490676	0.7971891526921682	2.23202490513811	4.197523106517233	[421, 438, 3366, 496, 217, 261, 1086, 1112]	302973
360	0.580470224969607	0.7979167107381545	2.23202490513811	3.998359232705843	[377, 162, 10, 159, 1713, 174, 1086, 1096]	263743
361	0.5814784637935708	0.7986416587624516	2.23202490513811	3.9820501689563708	[107, 10, 157, 320, 836, 1089, 1086, 1112]	306112
362	0.582484279558227	0.7994671986089976	2.23202490513811	2.7517630091525116	[3131, 162, 10, 734, 1203, 174, 1086, 1112]	276405
363	0.5834876780868156	0.800289353862514	2.23202490513811	2.7486699903006286	[2153, 158, 10, 734, 1203, 174, 1086, 1096]	278490
364	0.5844886651885814	0.8010057903322355	2.23202490513811	3.881687683435194	[77, 19, 400, 1032, 132, 1108, 1086, 1112]	284537
365	0.5854872466588084	0.8015523442528318	2.23202490513811	2.376330188143222	[107, 162, 10, 734, 1203, 174, 1086, 1112]	266995
366	0.5864834282788529	0.8027668238670909	2.23202490513811	3.7784467420323216	[813, 3222, 811, 734, 1203, 174, 1086, 1112]	279915
367	0.5874772158161772	0.8035754511380439	2.23202490513811	4.223593444422708	[2689, 1549, 10, 734, 19, 334, 1086, 1112]	249513
368	0.5884686150243825	0.8046272872419039	2.23202490513811	3.367189747680925	[813, 669, 811, 3459, 1203, 174, 1086, 1096]	269224
369	0.5894576316432434	0.8058478581254406	2.23202490513811	3.1854485211640693	[2196, 2197, 4018, 241, 132, 1108, 1086, 1112]	283846
370	0.5904442713987395	0.8070360496285531	2.23202490513811	3.6070400564540552	[1791, 1792, 496, 217, 132, 1108, 1086, 1112]	302482
371	0.5914285400030896	0.8079401914201727	2.23202490513811	3.798082099515229	[1265, 193, 232, 10, 158, 1115, 1086, 1112]	271322
372	0.5924104431547851	0.8088400968123106	2.23202490513811	3.748041363121062	[10, 301, 2627, 261, 132, 1108, 1086, 1112]	302298
373	0.5933899865386218	0.8098637412037483	2.23202490513811	4.700226934305279	[10, 232, 1799, 1851, 159, 1023, 1086, 1112]	323683
374	0.5943671758257337	0.8105458307801059	2.23202490513811	3.9912735619282262	[734, 10, 494, 217, 132, 1108, 1086, 1112]	308740
375	0.5953420166736256	0.8115814767488736	2.23202490513811	4.040151150004343	[2028, 493, 654, 400, 19, 334, 1086, 1112]	268691
376	0.596314514726206	0.8124643207249566	2.23202490513811	3.9427048848895794	[1742, 400, 654, 493, 217, 261, 1086, 1112]	270760
377	0.5972846756138193	0.8132331896724216	2.23202490513811	3.277050517816969	[1879, 301, 10, 734, 1203, 174, 1086, 1112]	258748
378	0.5982525049532789	0.8141082944688336	2.23202490513811	3.9926159154425136	[3158, 3083, 19, 132, 217, 261, 1086, 1112]	259925
379	0.5992180083478995	0.8154355393467857	2.23202490513811	3.5466981557212787	[2607, 1587, 241, 1720, 132, 1108, 1086, 1112]	271108
380	0.6001811913875297	0.8164238657261984	2.23202490513811	4.591279705448995	[2627, 438, 496, 1792, 232, 1023, 1086, 1096]	236863
381	0.6011420596485841	0.8171765011163515	2.23202490513811	3.836231303079991	[2636, 162, 10, 158, 1713, 174, 1086, 1096]	287784
382	0.6021006186940759	0.8181555047993128	2.23202490513811	3.3728771756404585	[1819, 241, 1126, 19, 132, 1108, 1086, 1112]	286220
383	0.6030568740736487	0.81900754585346	2.23202490513811	3.919624176207683	[4211, 3284, 811, 3459, 1203, 174, 1086, 1112]	250142
384	0.604010831323609	0.8196568331969385	2.23202490513811	3.3809090108448636	[107, 10, 734, 19, 132, 1094, 1086, 1112]	300640
385	0.6049624959669582	0.8205018397052828	2.23202490513811	3.674922902246487	[107, 1549, 162, 1192, 836, 1089, 1086, 1112]	279735
386	0.6059118735134243	0.8210652756158061	2.23202490513811	4.086172930624046	[1879, 301, 1580, 438, 2627, 261, 1086, 1112]	280415
387	0.6068589694594942	0.8219036828000302	2.23202490513811	3.654212737739737	[811, 734, 19, 132, 217, 261, 1086, 1112]	311040
388	0.6078037892884451	0.8226338517389878	2.23202490513811	2.483499022557832	[2636, 162, 10, 734, 1203, 174, 1086, 1112]	257450
389	0.6087463384703768	0.8237193146562071	2.23202490513811	4.58814569644002	[394, 432, 15, 1557, 158, 1089, 1086, 1112]	238913
390	0.6096866224622426	0.8246632821507593	2.23202490513811	2.8969535619067592	[734, 19, 241, 1031, 132, 1108, 1086, 1112]	279919
391	0.6106246467078815	0.8257363251587871	2.23202490513811	4.558987746746754	[2340, 160, 331, 241, 1729, 1094, 1086, 1112]	271667
392	0.6115604166380499	0.8266694917403132	2.23202490513811	3.648598669037632	[1792, 496, 2729, 301, 2627, 261, 1086, 1112]	277316
393	0.612493937670452	0.8275976612972461	2.23202490513811	3.9427048848895794	[1742, 400, 654, 493, 217, 261, 1086, 1112]	280499
394	0.6134252152097724	0.8283192112639151	2.23202490513811	3.854947601505576	[2196, 2197, 241, 132, 19, 334, 1086, 1112]	273327
395	0.6143542546477068	0.8290230774713789	2.23202490513811	2.7754221757720616	[4349, 158, 10, 734, 1203, 174, 1086, 1112]	317883
396	0.6152810613629928	0.8297240579299966	2.23202490513811	3.0347225689331294	[3065, 1460, 19, 734, 1203, 174, 1086, 1112]	259082
397	0.616205640721442	0.8306358705548732	2.23202490513811	4.131755206683437	[5158, 301, 2729, 438, 2627, 261, 1086, 1112]	328893
398	0.6171279980759704	0.8311010430295455	2.23202490513811	2.4140447190854575	[1549, 107, 10, 734, 1203, 174, 1086, 1112]	320071
399	0.6180481387666295	0.8317935041322851	2.23202490513811	3.4359138807994176	[1549, 162, 3284, 734, 1203, 174, 1086, 1112]	307602
400	0.6189660681206373	0.8325816436901826	2.23202490513811	3.3335796864929836	[77, 19, 241, 217, 132, 1108, 1086, 1112]	310198
401	0.6198817914524092	0.8334781541957983	2.23202490513811	4.060739133439089	[1792, 496, 217, 241, 132, 1094, 1086, 1112]	273386
402	0.6207953140635885	0.8342584002454848	2.23202490513811	4.138947240079637	[87, 1265, 1580, 438, 2627, 261, 1086, 1096]	261425
403	0.6217066412430774	0.834852977094094	2.23202490513811	4.31044966561447	[3284, 2308, 651, 157, 1713, 174, 1086, 1112]	246108
404	0.6226157782670674	0.8356267813455273	2.23202490513811	2.620774439524012	[1799, 1019, 10, 734, 1203, 174, 1086, 1112]	277778
405	0.6235227303990702	0.8365069854080549	2.23202490513811	3.8600189149223176	[2047, 232, 193, 1265, 255, 174, 1086, 1112]	285077
406	0.6244275028899477	0.8373824760555991	2.23202490513811	3.3778428664368425	[4356, 669, 673, 670, 132, 1108, 1086, 1112]	279514
407	0.6253301009779426	0.8383776788812922	2.23202490513811	3.6143159618419327	[1794, 1879, 496, 217, 132, 1108, 1086, 1112]	277855
408	0.6262305298887088	0.8388215878443258	2.23202490513811	2.854546524084043	[331, 241, 19, 734, 1203, 174, 1086, 1096]	293939
409	0.6271287948353417	0.8396846840003328	2.23202490513811	3.4114089537233285	[1548, 19, 241, 1031, 132, 1108, 1086, 1112]	280641
410	0.6280249010184079	0.8406657975458773	2.23202490513811	3.7587007378494057	[1879, 496, 1512, 1031, 132, 1108, 1086, 1112]	279246
411	0.6289188536259762	0.8415190181218796	2.23202490513811	3.875592683285256	[19, 241, 1031, 132, 387, 344, 1086, 1112]	321087
412	0.629810657833647	0.8420164821414468	2.23202490513811	3.1450013644313755	[21, 422, 19, 734, 1203, 174, 1086, 1112]	277036
413	0.6307003188045821	0.842862469920781	2.23202490513811	3.623620915048451	[3895, 1030, 1032, 132, 1713, 174, 1086, 1112]	322732
414	0.6315878416895351	0.8438441704418923	2.23202490513811	3.2769644876399573	[2299, 2297, 400, 19, 132, 1108, 1086, 1112]	275846
415	0.6324732316268808	0.8446803711118649	2.23202490513811	2.756815517589228	[1743, 1742, 400, 19, 132, 1108, 1086, 1112]	268267
416	0.6333564937426458	0.8455120940011331	2.23202490513811	3.9513630538264657	[157, 1511, 1031, 241, 132, 1108, 1086, 1096]	275391
417	0.6342376331505366	0.8463393630878172	2.23202490513811	3.9244188126901696	[1799, 232, 1792, 496, 217, 261, 1086, 1112]	303577
418	0.6351166549519708	0.8469693492996474	2.23202490513811	3.9380498396939334	[846, 10, 157, 320, 836, 1089, 1086, 1112]	285141
419	0.6359935642361056	0.8475967526598438	2.23202490513811	3.6901637387024984	[193, 394, 432, 422, 19, 334, 1086, 1112]	249253
420	0.6368683660798682	0.8482215837577216	2.23202490513811	2.9084054188625457	[1742, 400, 19, 241, 132, 1108, 1086, 1112]	281117
421	0.6377410655479837	0.8488438531391813	2.23202490513811	3.970003009299842	[432, 422, 19, 132, 1729, 1094, 1086, 1112]	277483
422	0.6386116676930063	0.849463571306887	2.23202490513811	3.3947961570511813	[2636, 1549, 107, 734, 1203, 174, 1086, 1112]	283560
423	0.6394801775553467	0.8499360977641407	2.181008874676293	2.181008874676293	[1549, 162, 420, 158, 10, 734, 19, 794]	251146
424	0.6403466001633031	0.850474432872608	2.181008874676293	3.528084811210533	[3284, 2308, 651, 19, 132, 1108, 1086, 1112]	253482
425	0.641210940533089	0.851175042048028	2.181008874676293	4.581802211422828	[1551, 1879, 496, 217, 132, 1094, 1086, 1112]	317733
426	0.6420732036688623	0.8517852026810306	2.181008874676293	3.5110094936797793	[2297, 400, 19, 132, 1713, 174, 1086, 1096]	289812
427	0.642933394562755	0.8523928617443829	2.181008874676293	3.970222055055932	[1799, 232, 193, 1265, 255, 174, 1086, 1112]	326145
428	0.6437915181949017	0.8529980294941554	2.181008874676293	3.3284912497526102	[1549, 162, 10, 734, 19, 334, 1086, 1112]	300463
429	0.6446475795334683	0.8537852120577019	2.181008874676293	3.358720242438106	[1819, 1513, 2680, 241, 132, 1108, 1086, 1112]	277783
430	0.6455015835346811	0.8543846713741563	2.181008874676293	3.8600189149223176	[2047, 232, 193, 1265, 255, 174, 1086, 1112]	296440
431	0.6463535351428551	0.8551644285929535	2.181008874676293	2.8969535619067592	[734, 19, 241, 1031, 132, 1108, 1086, 1096]	279079
432	0.6472034392904229	0.8557582333226653	2.181008874676293	4.376664766479066	[241, 1729, 1822, 387, 344, 174, 1086, 1112]	276734
433	0.6480513008979631	0.8562756822624358	2.181008874676293	3.288219694895293	[107, 10, 232, 320, 836, 1089, 1086, 1112]	250801
434	0.6488971248742291	0.856864931014093	2.181008874676293	3.0179133925676274	[1712, 132, 19, 734, 1203, 174, 1086, 1112]	282218
435	0.6497409161161771	0.8575355972057179	2.181008874676293	4.076285599398356	[1549, 162, 420, 545, 132, 1108, 1086, 1112]	293843
436	0.6505826795089948	0.8582031209589189	2.181008874676293	4.065181759616474	[1586, 1587, 241, 1209, 132, 1108, 1086, 1112]	281875
437	0.6514224199261295	0.8587844674928884	2.181008874676293	2.5974805693221787	[2627, 438, 10, 734, 1203, 174, 1086, 1112]	247650
438	0.652260142229316	0.8594461396048022	2.181008874676293	2.6937553845550912	[1019, 10, 734, 19, 132, 1108, 1086, 1112]	241426
439	0.6530958512686056	0.8598321823121865	2.181008874676293	3.693500817464032	[382, 409, 19, 132, 1713, 174, 1086, 1112]	286156
440	0.6539295518823933	0.8603350164795933	2.181008874676293	3.8721482353335563	[1265, 87, 160, 320, 836, 1089, 1086, 1112]	266851
441	0.6547612488974466	0.8610829101260999	2.181008874676293	3.9842737740202	[394, 193, 842, 157, 1713, 174, 1086, 1096]	260135
442	0.6555909471289323	0.861581257467006	2.181008874676293	3.7495888333379126	[241, 1729, 1032, 370, 1713, 174, 1086, 1112]	273010
443	0.6564186513804459	0.8621487541337319	2.181008874676293	4.350167719609876	[1792, 232, 10, 494, 2627, 261, 1086, 1112]	283169
444	0.6572443664440382	0.8629923898384444	2.181008874676293	3.663848643256939	[1792, 496, 1512, 1031, 132, 1108, 1086, 1112]	273392
445	0.6580680971002433	0.8636477196064365	2.181008874676293	2.6444668954964676	[2405, 1743, 1742, 400, 19, 132, 393, 794]	311485
446	0.6588898481181069	0.864075722718721	2.181008874676293	4.1404685976523625	[1078, 334, 19, 132, 217, 261, 1086, 1112]	237133
447	0.6597096242552133	0.8646329924415397	2.181008874676293	4.418157657674018	[1851, 159, 10, 158, 420, 458, 1086, 1112]	273601
448	0.6605274302577127	0.8650579028307787	2.181008874676293	2.7570780452240866	[669, 813, 3284, 162, 10, 734, 19, 794]	278043
449	0.6613432708603496	0.8656111457583129	2.181008874676293	2.6398991473567586	[318, 158, 10, 734, 1203, 174, 1086, 1112]	269456
450	0.6621571507864894	0.8660932486314694	2.181008874676293	3.8849796129217076	[420, 158, 10, 161, 1713, 174, 1086, 1112]	250793
451	0.662969074748146	0.8666422467921457	2.181008874676293	4.122749582108682	[837, 162, 1549, 438, 2627, 261, 1086, 1112]	268985
452	0.6637790474460092	0.8670085248008343	2.181008874676293	3.0596201205548565	[119, 123, 19, 734, 1203, 174, 1086, 1112]	287350
453	0.664587073569472	0.8674259785106531	2.181008874676293	3.0015263220368356	[2238, 1549, 107, 734, 1203, 174, 1086, 1112]	277615
454	0.6653931577966572	0.8679695126731003	2.181008874676293	4.273262070110808	[3284, 195, 10, 158, 1713, 174, 1086, 1112]	277727
455	0.666197304794445	0.8686765242670446	2.181008874676293	3.4994098055411538	[1580, 301, 2627, 261, 132, 1108, 1086, 1112]	272109
456	0.6669995192185001	0.869037214965774	2.181008874676293	3.337596016745529	[107, 162, 10, 734, 19, 334, 1086, 1112]	285458
457	0.6677998057132982	0.8695070272526474	2.181008874676293	3.736675918860292	[10, 232, 3, 19, 132, 1108, 1086, 1112]	272300
458	0.6685981689121532	0.8699751541478667	2.181008874676293	3.593583950285944	[1402, 1078, 334, 19, 132, 1108, 1086, 1112]	265373
459	0.6693946134372437	0.8705082370618014	2.181008874676293	3.638022056529156	[1851, 159, 733, 734, 1203, 174, 1086, 1112]	272336
460	0.6701891438996405	0.8710391344134977	2.181008874676293	3.571776151561404	[2872, 241, 1031, 132, 19, 334, 1086, 1112]	274539
461	0.6709817648993324	0.8718283618886337	2.181008874676293	3.576563806872099	[1743, 1742, 400, 654, 132, 1108, 1086, 1112]	243061
462	0.6717724810252532	0.8723538469209781	2.181008874676293	2.568622653167867	[432, 422, 19, 734, 1203, 174, 1086, 1096]	280540
463	0.6725612968553089	0.8730373807924073	2.181008874676293	3.648598669037632	[1792, 496, 2729, 301, 2627, 261, 1086, 1112]	236788
464	0.6733482169564027	0.873492842994603	2.181008874676293	4.433401087747922	[1579, 1583, 1013, 156, 1713, 174, 1086, 1112]	285432
465	0.6741332458844631	0.8741702776426952	2.181008874676293	3.550342183707693	[734, 10, 232, 1192, 836, 1089, 1086, 1112]	279101
466	0.6749163881844692	0.874686161161835	2.181008874676293	3.9508081990773105	[734, 10, 162, 107, 836, 1089, 1086, 1112]	282898
467	0.6756976483904773	0.8751999296337479	2.181008874676293	3.807016559897331	[837, 162, 107, 10, 158, 1115, 1086, 1112]	262476
468	0.6764770310256473	0.8757115917298195	2.181008874676293	3.869037353273284	[734, 10, 162, 420, 158, 1115, 1086, 1112]	252020
469	0.6772545406022688	0.8763771451744745	2.181008874676293	3.618744789275599	[3869, 438, 2627, 261, 132, 1108, 1086, 1112]	319816
470	0.6780301816217869	0.8769563859561434	2.181008874676293	3.3491242693505496	[158, 10, 734, 19, 132, 1094, 1086, 1112]	279563
471	0.678803958574829	0.8777094004493528	2.181008874676293	3.9439847737388174	[1715, 132, 1031, 241, 1729, 1094, 1086, 1112]	303359
472	0.6795758759412301	0.878282398885398	2.181008874676293	4.255029536662134	[158, 420, 1879, 496, 217, 261, 1086, 1112]	327353
473	0.6803459381900592	0.8788527125099458	2.181008874676293	3.4359138807994176	[1549, 162, 3284, 734, 1203, 174, 1086, 1112]	278409
474	0.6811141497796445	0.87923298789618	2.181008874676293	4.065700824040366	[2627, 301, 1580, 438, 254, 174, 1086, 1112]	269943
475	0.6818805151576002	0.8797281150412849	2.181008874676293	3.92967166908788	[1879, 496, 3366, 438, 2627, 261, 1086, 1096]	272304
476	0.6826450387608515	0.8802916546938403	2.181008874676293	3.671194115465367	[19, 734, 10, 438, 2627, 261, 1086, 1112]	262718
477	0.6834077250156605	0.8808525538544794	2.181008874676293	3.496779866217074	[359, 158, 10, 734, 19, 334, 1086, 1112]	280114
478	0.6841685783376521	0.8814108248953528	2.181008874676293	3.453180887458757	[1580, 438, 2729, 301, 2627, 261, 1086, 1112]	264216
479	0.6849276031318388	0.8821365786720559	2.181008874676293	3.536505389997851	[2624, 1993, 19, 734, 1203, 174, 1086, 1112]	280758
480	0.6856848037926471	0.8826198015182437	2.181008874676293	3.3251850209116203	[4356, 669, 811, 734, 1203, 174, 1086, 1096]	288440
481	0.6864401847039425	0.8831697920359113	2.181008874676293	4.058268073807701	[2307, 1468, 232, 320, 836, 1089, 1086, 1112]	279024
482	0.687193750239055	0.8837172055467801	2.181008874676293	4.299324812304564	[10, 158, 420, 1582, 836, 1089, 1086, 1112]	272200
483	0.6879455047608041	0.884203880188744	2.181008874676293	3.6123121310429145	[1549, 10, 232, 320, 836, 1089, 1086, 1112]	309454
484	0.6886954526215245	0.8848239581790464	2.181008874676293	4.608131032127475	[2872, 241, 1031, 1511, 387, 344, 1086, 1096]	316237
485	0.6894435981630911	0.8852961631610018	2.181008874676293	4.207940197180308	[3135, 232, 10, 438, 2627, 261, 1086, 1112]	307241
486	0.6901899457169443	0.8857664321713657	2.181008874676293	4.2452649796230135	[1851, 1799, 232, 1192, 836, 1089, 1086, 1112]	240935
487	0.6909344996041143	0.8864655300713616	2.181008874676293	3.2440727575381176	[195, 3284, 811, 3459, 1203, 174, 1086, 1112]	277823
488	0.6916772641352477	0.8869310048478548	2.181008874676293	2.483499022557832	[2636, 162, 10, 734, 1203, 174, 1086, 1112]	287559
489	0.6924182436106306	0.8873945712456177	2.181008874676293	3.729062468665381	[107, 162, 10, 158, 1713, 174, 1086, 1112]	262417
490	0.6931574423202151	0.8877985288583368	2.181008874676293	4.012407673870033	[1020, 1018, 107, 734, 1203, 174, 1086, 1096]	276320
491	0.6938948645436429	0.8881066994028542	2.181008874676293	3.306657264240542	[10, 734, 19, 132, 217, 261, 1086, 1112]	282908
492	0.6946305145502709	0.8885654456243258	2.181008874676293	3.5654025817911563	[1078, 334, 1987, 19, 132, 1108, 1086, 1096]	272029
493	0.6953643965991958	0.8891621678170913	2.181008874676293	3.640730720597082	[3869, 438, 1580, 301, 2627, 261, 1086, 1096]	250973
494	0.6960965149392779	0.8895100823293842	2.181008874676293	4.282341738878589	[377, 162, 107, 10, 494, 636, 1086, 1112]	272224
495	0.6968268738091672	0.8899064508159258	2.181008874676293	3.9996618679832086	[257, 320, 232, 10, 158, 1115, 1086, 1112]	315615
496	0.6975554774373266	0.8904959920443762	2.181008874676293	3.1475053953643712	[734, 10, 232, 320, 836, 1089, 1086, 1112]	270368
497	0.6982823300420571	0.8908888237055691	2.181008874676293	2.539418467647492	[158, 10, 734, 19, 132, 1108, 1086, 1112]	271592
498	0.6990074358315221	0.891336163622957	2.181008874676293	4.0386415616050675	[2636, 162, 10, 161, 1713, 174, 1086, 1096]	319826
499	0.6997307990037714	0.8917816695118935	2.181008874676293	3.862418125039177	[2654, 232, 10, 438, 2627, 261, 1086, 1112]	296888
