0	9.366567084169164E-4	0.0015003429355281428	3.062363559488797	3.062363559488797	[2872, 241, 1126, 19, 734, 1203, 174, 1086, 1112]	705249
1	0.0018724360910443716	0.002831980185842742	3.062363559488797	3.4545555510131623	[1549, 107, 10, 734, 19, 132, 1094, 1086, 1112]	786072
2	0.0028073389696354756	0.004515085929163276	3.062363559488797	4.003991808230606	[1500, 786, 77, 19, 241, 132, 1108, 1086, 1112]	1505660
3	0.0037413661651737318	0.006405383888824723	3.062363559488797	3.483676419952655	[3895, 1030, 1031, 241, 19, 132, 1108, 1086, 1096]	1288176
4	0.00467451849787337	0.0080824581347686	3.062363559488797	4.126571242120749	[1549, 162, 107, 420, 1879, 836, 1089, 1086, 1112]	2744437
5	0.005606796787180679	0.010466293169616225	3.062363559488797	4.194144216558255	[2734, 160, 331, 241, 1031, 132, 1108, 1086, 1112]	2026553
6	0.006538201851774117	0.012345290551292853	2.895592340016658	2.895592340016658	[1851, 159, 10, 734, 19, 132, 1108, 1086, 1112]	4885474
7	0.007468734509565533	0.014012338913113154	2.895592340016658	4.208006573573355	[241, 1729, 1032, 132, 387, 344, 174, 1086, 1096]	5693211
8	0.008398395577700724	0.015491658534942832	2.895592340016658	4.129039130404084	[2636, 162, 107, 232, 10, 158, 1115, 1086, 1112]	7211484
9	0.009327185872559873	0.01696875867002845	2.895592340016658	4.19884813312305	[3819, 438, 1580, 301, 10, 158, 1115, 1086, 1112]	4976572
10	0.010255106209758558	0.01844364264836129	2.895592340016658	3.208872610028693	[2094, 1549, 162, 10, 734, 1203, 174, 1086, 1112]	765001
11	0.01118215740414863	0.01975268366753924	2.895592340016658	3.8099199827372248	[158, 10, 1799, 232, 320, 836, 1089, 1086, 1112]	716298
12	0.01210834026981833	0.021614047386703583	2.895592340016658	4.342118223402985	[3065, 1460, 19, 132, 1727, 1203, 174, 1086, 1112]	709637
13	0.013033655620093731	0.022645010623381756	2.895592340016658	4.032573502736249	[320, 232, 10, 158, 420, 1546, 234, 1086, 1112]	714577
14	0.013958104267538851	0.024500882185240602	2.895592340016658	3.3730943189351876	[377, 162, 10, 232, 320, 836, 1089, 1086, 1112]	713464
15	0.014881687023956758	0.026353229685431412	2.5361612084483056	2.5361612084483056	[2047, 232, 10, 734, 19, 132, 1108, 1086, 1096]	709119
16	0.01580440470039013	0.02820205981569457	2.5361612084483056	3.2694614682549403	[2149, 161, 10, 734, 19, 132, 1108, 1086, 1112]	708788
17	0.016726258107121916	0.029842343761800394	2.5361612084483056	4.009353819350733	[837, 162, 107, 10, 157, 1713, 174, 1086, 1112]	714930
18	0.017647248053676123	0.03099242311854944	2.5361612084483056	3.759620109150924	[320, 232, 10, 734, 19, 387, 344, 1086, 1112]	707052
19	0.01856737534881847	0.03283244401649055	2.5361612084483056	3.6726341065137476	[107, 347, 422, 19, 734, 1203, 174, 1086, 1112]	710195
20	0.019486640800557176	0.03412229558101654	2.5361612084483056	2.8657342649169806	[157, 10, 734, 19, 241, 132, 1108, 1086, 1112]	711408
21	0.020405045216143725	0.03618563296228272	2.5361612084483056	4.532390502649601	[1742, 1743, 193, 1265, 159, 1713, 174, 1086, 1112]	714457
22	0.021322589402073433	0.03801579262191379	2.5361612084483056	4.008061047891808	[2267, 261, 217, 241, 1587, 132, 1108, 1086, 1112]	709123
23	0.02223927416408611	0.04007081259617118	2.5361612084483056	2.698833643487326	[157, 320, 232, 10, 734, 1203, 174, 1086, 1112]	711834
24	0.023155100307166943	0.041716781710375184	2.5361612084483056	3.645497597078881	[241, 1031, 132, 1032, 370, 1713, 174, 1086, 1112]	712692
25	0.02407006863554706	0.04315453516717116	2.5361612084483056	3.56177286834832	[87, 1265, 2308, 651, 734, 1203, 174, 1086, 1112]	714490
26	0.02498417995270441	0.044590131500725216	2.5361612084483056	3.2397234079474657	[988, 420, 162, 107, 734, 1203, 174, 1086, 1096]	712470
27	0.025897435061364327	0.045864302564491144	2.5361612084483056	2.698833643487326	[160, 320, 232, 10, 734, 1203, 174, 1086, 1112]	709449
28	0.026809834763500184	0.047474774661821484	2.5361612084483056	4.148413415848519	[193, 232, 10, 158, 420, 1582, 1087, 1086, 1112]	709125
29	0.027721379860334294	0.049082528466163566	2.5361612084483056	3.725604010345082	[1791, 420, 162, 3284, 734, 1203, 174, 1086, 1112]	708816
30	0.028632071152338456	0.05068756856568535	2.5361612084483056	3.9566921452924486	[2004, 19, 241, 132, 387, 344, 174, 1086, 1112]	710031
31	0.029541909439234626	0.051812936822563604	2.5361612084483056	3.0815178580262	[1847, 420, 107, 10, 734, 1203, 174, 1086, 1112]	709746
32	0.030450895519995802	0.05341336830458576	2.5361612084483056	3.935979138350235	[193, 232, 1799, 1019, 19, 132, 1108, 1086, 1112]	709944
33	0.03135903019284658	0.05521081470808731	2.5361612084483056	4.016833736198987	[2163, 321, 1398, 331, 241, 132, 1108, 1086, 1112]	709353
34	0.03226631425526394	0.05748138808277414	2.5361612084483056	4.649361948081694	[2357, 438, 2729, 301, 1879, 836, 1089, 1086, 1112]	712840
35	0.03317274850397778	0.05909750367248123	2.5361612084483056	4.263502161042467	[196, 190, 195, 10, 158, 1713, 174, 1086, 1112]	706939
36	0.03407833373497182	0.060212902320094686	2.5361612084483056	3.9165601337580407	[2627, 261, 217, 132, 19, 1987, 334, 1086, 1112]	711305
37	0.03498307074348417	0.06162290525299918	2.5361612084483056	3.8780900839724195	[1799, 232, 10, 158, 420, 1822, 1094, 1086, 1112]	709697
38	0.03588696032400818	0.06340476280053309	2.5361612084483056	3.0277745272353433	[2654, 232, 1799, 10, 734, 1203, 174, 1086, 1112]	709850
39	0.036790003270292915	0.06518323682950344	2.5361612084483056	3.430976720554627	[320, 232, 107, 734, 19, 132, 1108, 1086, 1112]	713604
40	0.03769220037534404	0.06742984388820938	2.5361612084483056	3.393733532092524	[837, 162, 3284, 811, 3459, 1203, 174, 1086, 1112]	711410
41	0.03859355243142437	0.0688290189338161	2.5361612084483056	4.352656682558169	[421, 2297, 400, 19, 132, 1713, 174, 1086, 1112]	705352
42	0.03949406023005475	0.07081821475518546	2.5361612084483056	4.209349466486912	[1742, 1743, 193, 1265, 415, 255, 174, 1086, 1112]	715147
43	0.04039372456201451	0.07280316119583297	2.5361612084483056	3.6718795230414685	[1580, 438, 421, 261, 217, 132, 1108, 1086, 1112]	709605
44	0.04129254621734246	0.07456378887368376	2.5361612084483056	3.9351174217413503	[2267, 438, 10, 232, 320, 836, 1089, 1086, 1096]	712075
45	0.042190525985337235	0.07682315462350386	2.5361612084483056	3.234326583956567	[2196, 2197, 241, 19, 734, 1203, 174, 1086, 1112]	708958
46	0.04308766465455838	0.07857614885029296	2.5361612084483056	4.192301155757256	[119, 409, 19, 241, 1031, 132, 1094, 1086, 1112]	713269
47	0.04398396301282659	0.08013140708670496	2.5361612084483056	3.7275864172701008	[1451, 1713, 132, 19, 734, 1203, 174, 1086, 1112]	714291
48	0.04487942184722482	0.08209645840213253	2.5361612084483056	3.4391982878171934	[394, 193, 232, 107, 734, 1203, 174, 1086, 1112]	710996
49	0.04577404194409862	0.08383943930251914	2.5361612084483056	3.3046756228553607	[1791, 420, 107, 734, 19, 132, 1108, 1086, 1096]	706516
50	0.04666782408905723	0.0858276349637549	2.5361612084483056	4.447793270020297	[734, 10, 158, 420, 1822, 3579, 1094, 1086, 1112]	710129
51	0.04756076906697393	0.08704681011907678	2.5361612084483056	3.5349074531258973	[10, 734, 19, 132, 387, 344, 174, 1086, 1112]	707706
52	0.048452877661986804	0.08812907608957021	2.5361612084483056	3.5450337356747204	[1792, 232, 10, 734, 19, 1987, 334, 1086, 1112]	710056
53	0.04934415065749953	0.08934518195517238	2.5361612084483056	4.421941618084059	[3353, 2872, 241, 132, 19, 1987, 334, 1086, 1112]	710515
54	0.050234588836181926	0.09088226329350035	2.5361612084483056	4.185978309107439	[87, 415, 733, 734, 19, 1987, 334, 1086, 1112]	708066
55	0.05112419297997084	0.09282434830233377	2.5361612084483056	3.553005808888803	[1579, 1580, 438, 10, 734, 19, 334, 1086, 1112]	715551
56	0.052012963870070705	0.0950045266034566	2.5361612084483056	3.804831357440584	[2627, 438, 2729, 496, 1879, 836, 1089, 1086, 1096]	708155
57	0.0529009022869541	0.09693780550780717	2.5361612084483056	4.60786108835617	[1799, 1019, 10, 158, 2151, 132, 1108, 1086, 1112]	713324
58	0.053788009010362625	0.09914254719357918	2.5361612084483056	4.025907147139378	[241, 132, 1729, 1032, 370, 1713, 174, 1086, 1112]	712093
59	0.054674284819307584	0.10066309169821963	2.5361612084483056	3.8669564606226157	[119, 409, 19, 241, 1729, 132, 1108, 1086, 1112]	708363
60	0.055559730492070636	0.10201240547524992	2.5361612084483056	3.8263465787974793	[300, 301, 10, 232, 320, 836, 1089, 1086, 1112]	710939
61	0.05644434680620436	0.1035281059868417	2.5361612084483056	2.80829630771566	[1791, 1792, 232, 10, 734, 1203, 174, 1086, 1112]	707446
62	0.05732813453853303	0.10504124816905913	2.5361612084483056	4.080261776885486	[2297, 400, 19, 132, 1727, 1203, 174, 1086, 1112]	808773
63	0.05821109446515338	0.10695308632299483	2.5361612084483056	3.56831686413683	[2636, 162, 107, 811, 3459, 1203, 174, 1086, 1112]	735862
64	0.059093227361435186	0.1082929629510253	2.5361612084483056	4.143123523241453	[320, 232, 10, 107, 438, 2627, 261, 1086, 1112]	727825
65	0.05997453400202202	0.11043596616048601	2.5361612084483056	3.1136056597975417	[421, 438, 2627, 261, 217, 132, 1108, 1086, 1112]	816391
66	0.060855015160831805	0.11260775335247697	2.5361612084483056	4.9718858937380155	[2196, 2197, 241, 1031, 227, 165, 261, 1086, 1112]	736249
67	0.0617346716110575	0.1147403870018755	2.5361612084483056	3.8593549850685447	[1794, 1791, 1792, 496, 217, 132, 1108, 1086, 1112]	835159
68	0.06261350412516797	0.11606858000834563	2.5361612084483056	3.560902467097974	[4349, 158, 420, 107, 734, 1203, 174, 1086, 1112]	728099
69	0.06349151347490856	0.11774705221427595	2.5361612084483056	3.5335578644324634	[1873, 10, 734, 19, 132, 217, 261, 1086, 1112]	824318
70	0.0643687004313016	0.11986733479600586	2.5361612084483056	3.4102698420462563	[1820, 432, 422, 19, 734, 1203, 174, 1086, 1112]	735772
71	0.0652450657646475	0.12118783562257218	2.5361612084483056	3.3059377248090343	[2051, 1849, 420, 107, 734, 1203, 174, 1086, 1112]	824051
72	0.06612061024452487	0.12329984910965475	2.5361612084483056	3.482056215777818	[1550, 420, 158, 1557, 734, 1203, 174, 1086, 1112]	813604
73	0.06699533463979168	0.12433913869224422	2.5361612084483056	3.2792828491455723	[2051, 1849, 420, 162, 3284, 811, 734, 19, 794]	731275
74	0.0678692397185856	0.12581715422782347	2.5361612084483056	3.8631206589790175	[1580, 301, 2728, 496, 1879, 836, 1089, 1086, 1112]	735283
75	0.06874232624832499	0.1279180422620202	2.5361612084483056	3.8132518981702743	[2004, 19, 1126, 241, 1209, 132, 1108, 1086, 1112]	730024
76	0.06961459499570921	0.1300138813175581	2.5361612084483056	3.9433168397019074	[1792, 1791, 1794, 107, 734, 1203, 174, 1086, 1112]	838898
77	0.07048604672671965	0.1313191588447309	2.5361612084483056	3.9461069147958545	[1791, 420, 2764, 400, 19, 132, 1108, 1086, 1112]	829361
78	0.07135668220662017	0.13296867216072672	2.5361612084483056	3.820107036162212	[2047, 232, 1799, 10, 734, 19, 334, 1086, 1096]	739496
79	0.07222650219995785	0.13461505326285206	2.5361612084483056	2.618611884826732	[2238, 1549, 107, 10, 734, 1203, 174, 1086, 1112]	841133
80	0.0730955074705637	0.13591342745420154	2.5361612084483056	4.082245231493649	[2636, 1549, 162, 846, 734, 1203, 174, 1086, 1112]	747894
81	0.07396369878155318	0.1370658062851382	2.5361612084483056	3.576024869542472	[359, 158, 10, 734, 19, 132, 1094, 1086, 1112]	754152
82	0.07483107689532698	0.13870440745592927	2.5361612084483056	4.238243810010695	[1526, 156, 1529, 2229, 734, 19, 334, 1086, 1112]	739682
83	0.07569764257357181	0.14033989713361172	2.5361612084483056	4.722851228546674	[318, 158, 156, 668, 670, 132, 1108, 1086, 1112]	736977
84	0.07656339657726086	0.1419722812265113	2.5361612084483056	4.63370476398957	[3248, 334, 3308, 19, 132, 1713, 174, 1086, 1112]	843601
85	0.07742833966665452	0.1432596170528604	2.5361612084483056	4.108168384815089	[1820, 10, 734, 19, 241, 132, 261, 1086, 1112]	746749
86	0.07829247260130112	0.14531858632645311	2.5361612084483056	3.5081387181979187	[1819, 1513, 1031, 241, 1209, 132, 1108, 1086, 1112]	843113
87	0.07915579614003743	0.14660090154758543	2.5361612084483056	3.6177560832785822	[1549, 162, 10, 232, 1792, 496, 132, 393, 794]	755329
88	0.08001831104098966	0.1478812928561346	2.5361612084483056	2.8282855995468257	[2627, 438, 10, 734, 19, 132, 1108, 1086, 1112]	777945
89	0.08088001806157386	0.1490177108850187	2.5361612084483056	3.764533733864666	[2884, 3065, 1460, 19, 734, 1203, 174, 1086, 1112]	744047
90	0.08174091795849647	0.15086446064438275	2.5361612084483056	4.544507240288781	[846, 10, 158, 420, 1822, 3579, 1094, 1086, 1112]	827326
91	0.08260101148775545	0.15229770446563307	2.5361612084483056	3.7732537289641703	[318, 317, 324, 671, 670, 132, 1108, 1086, 1112]	842524
92	0.08346029940464028	0.1539073822186552	2.5361612084483056	4.147144508064837	[1726, 132, 1031, 1511, 2327, 387, 344, 1086, 1112]	835521
93	0.08431878246373337	0.15503576362478022	2.5361612084483056	4.240682522257685	[320, 232, 107, 734, 19, 132, 1094, 1086, 1112]	838231
94	0.08517646141891011	0.15630349974759972	2.5361612084483056	3.533058415493884	[2238, 1549, 162, 10, 734, 19, 334, 1086, 1112]	749475
95	0.08603333702333982	0.1574286855999405	2.5361612084483056	4.148304453118931	[811, 10, 734, 19, 132, 217, 261, 1086, 1112]	846360
96	0.08688941002948636	0.15922861211385664	2.5361612084483056	3.4524176163298623	[1196, 2558, 415, 733, 734, 1203, 174, 1086, 1112]	823148
97	0.08774468118910872	0.16082512896368384	2.5361612084483056	4.707062911515934	[1792, 496, 2728, 301, 1580, 438, 1091, 1086, 1096]	764689
98	0.0885991512532619	0.16241861423312132	2.5361612084483056	3.2619436845198377	[157, 10, 415, 733, 734, 1203, 174, 1086, 1112]	758361
99	0.08945282097229745	0.16400907367875073	2.5361612084483056	4.314114134270173	[2078, 436, 422, 19, 132, 217, 261, 1086, 1112]	763977
100	0.09030569109586384	0.16542013089428143	2.5361612084483056	4.246012559459267	[420, 158, 10, 232, 193, 1872, 1115, 1086, 1112]	857105
101	0.09115776237290762	0.16682880640637154	2.5361612084483056	4.032941410864213	[1580, 438, 2729, 301, 10, 158, 1115, 1086, 1112]	863915
102	0.09200903555167372	0.16841089146365107	2.5361612084483056	4.220491244002538	[3869, 438, 1580, 301, 10, 158, 1115, 1086, 1112]	863826
103	0.09285951137970616	0.16965856030790571	2.5361612084483056	3.5450337356747204	[1792, 232, 10, 734, 19, 1987, 334, 1086, 1112]	870509
104	0.09370919060384897	0.1714323609908417	2.5361612084483056	3.6549147210958397	[3580, 813, 3284, 811, 3459, 1203, 174, 1086, 1112]	861843
105	0.09455807397024651	0.1725373704164368	2.5361612084483056	2.6522418049960876	[420, 162, 107, 10, 734, 1203, 174, 1086, 1112]	761517
106	0.09540616222434417	0.1741086156440531	2.5361612084483056	3.8529203083315826	[1392, 1268, 21, 422, 19, 132, 1108, 1086, 1112]	862195
107	0.09625345611088931	0.17534773594808506	2.5361612084483056	4.23637274043909	[1579, 1583, 162, 107, 734, 19, 334, 1086, 1112]	842775
108	0.09709995637393165	0.17710938324067638	2.5361612084483056	3.5244264701718313	[1791, 420, 158, 733, 734, 1203, 174, 1086, 1112]	766706
109	0.0979456637568239	0.17889517016940748	2.5361612084483056	3.4528470814823207	[2299, 2297, 400, 19, 241, 132, 1108, 1086, 1112]	859237
110	0.09879057900222266	0.1804543427520936	2.5361612084483056	3.3046756228553607	[1791, 420, 107, 734, 19, 132, 1108, 1086, 1112]	769464
111	0.09963470285208875	0.1818376422314376	2.5361612084483056	4.547674528080188	[107, 10, 301, 2728, 496, 3366, 150, 1086, 1096]	753925
112	0.10047803604768812	0.18358542558848712	2.5361612084483056	3.6127148776092612	[1265, 193, 394, 432, 19, 132, 1108, 1086, 1112]	840004
113	0.10132057932959238	0.18513569197869995	2.5361612084483056	2.7995709731004963	[988, 420, 158, 10, 1820, 733, 734, 19, 794]	854072
114	0.10216233343767955	0.18687642994139197	2.5361612084483056	3.172844718203139	[2789, 2558, 415, 10, 734, 1203, 174, 1086, 1112]	863381
115	0.1030032991111346	0.18842044713714134	2.5361612084483056	4.15616425785892	[377, 162, 10, 734, 19, 422, 636, 1086, 1112]	860883
116	0.10384347708844999	0.19015416810578145	2.5361612084483056	3.307376592399396	[2297, 400, 19, 241, 1031, 132, 1108, 1086, 1112]	757340
117	0.10468286810742666	0.19136921457853084	2.5361612084483056	3.401820771988146	[3764, 162, 1549, 107, 734, 1203, 174, 1086, 1112]	882527
118	0.10552147290517444	0.19309663630031748	2.5361612084483056	4.150719155983597	[320, 160, 331, 241, 1587, 132, 1108, 1086, 1112]	760197
119	0.10635929221811269	0.19462884212331488	2.5361612084483056	3.7558918910661214	[2040, 438, 3366, 496, 217, 132, 1108, 1086, 1112]	968911
120	0.107196326781971	0.19558357431270623	2.5361612084483056	4.691965254156572	[195, 10, 734, 651, 159, 1713, 174, 1086, 1112]	754227
121	0.10803257733178995	0.19694133737689679	2.5361612084483056	3.763149751429233	[394, 432, 422, 19, 132, 217, 261, 1086, 1112]	758860
122	0.10886804460192145	0.19846624260648715	2.5361612084483056	3.7072816225550405	[1535, 496, 1792, 232, 320, 836, 1089, 1086, 1112]	843760
123	0.10970272932602976	0.19966881811697978	2.5361612084483056	4.145840006820809	[1873, 10, 162, 420, 158, 1713, 174, 1086, 1112]	760057
124	0.11053663223709176	0.2006175756358508	2.5361612084483056	4.516972217480395	[1791, 420, 158, 651, 159, 1713, 174, 1086, 1112]	858344
125	0.11136975406739802	0.2021355001612819	2.4826874770423397	2.4826874770423397	[2872, 241, 132, 19, 734, 1203, 174, 1086, 1112]	753650
126	0.11220209554855298	0.2034822043228538	2.4826874770423397	4.20199912743661	[160, 320, 232, 10, 157, 1713, 174, 1086, 1112]	749498
127	0.11303365741147586	0.2049946892864335	2.4826874770423397	4.382761348541449	[157, 10, 301, 1512, 1031, 132, 1108, 1086, 1112]	771240
128	0.11386444038640142	0.20650430223537963	2.4826874770423397	3.620616401506962	[158, 1557, 15, 422, 19, 132, 1108, 1086, 1112]	754089
129	0.1146944452028803	0.2081993919217665	2.4826874770423397	4.345244003640065	[1743, 193, 232, 1792, 496, 217, 261, 1086, 1112]	764211
130	0.1155236725897798	0.20938736437044358	2.4826874770423397	4.302867910046969	[1579, 1580, 301, 2729, 438, 240, 234, 1086, 1112]	850009
131	0.11635212327528455	0.21128741152180552	2.4826874770423397	3.378905822487007	[421, 438, 2729, 496, 217, 132, 1108, 1086, 1112]	871009
132	0.11717979798689715	0.21318289236722354	2.4826874770423397	3.9603374087896297	[2764, 1511, 1031, 241, 1720, 132, 1108, 1086, 1112]	762128
133	0.11800669745143866	0.21486371504588242	2.4826874770423397	4.201736029149252	[1580, 438, 2729, 301, 1879, 836, 1089, 1086, 1112]	769052
134	0.11883282239504955	0.21654094709992255	2.4826874770423397	4.054716472288165	[1535, 496, 1792, 232, 734, 1203, 174, 1086, 1112]	862009
135	0.11965817354319008	0.21771640435521677	2.4826874770423397	3.705496887045987	[2654, 232, 10, 811, 3459, 1203, 174, 1086, 1112]	755342
136	0.12048275162064082	0.21875968761415465	2.4826874770423397	4.758189683906382	[107, 162, 481, 1529, 2229, 494, 636, 1086, 1112]	841612
137	0.12130655735150375	0.22007833204574723	2.4826874770423397	3.9186947148312425	[1549, 162, 107, 10, 161, 1713, 174, 1086, 1112]	754477
138	0.12212959145920244	0.22124848201052771	2.4826874770423397	3.954070529825553	[1791, 420, 162, 107, 10, 158, 1115, 1086, 1112]	854611
139	0.12295185466648284	0.22256292564139346	2.4826874770423397	3.7275864172701008	[420, 545, 132, 19, 734, 1203, 174, 1086, 1112]	870025
140	0.12377334769541415	0.22443130850289672	2.4826874770423397	4.456064969924664	[1586, 107, 1549, 232, 1192, 836, 1089, 1086, 1112]	974113
141	0.12459407126738897	0.22608810197228135	2.4826874770423397	3.0914945131722282	[1791, 420, 158, 1557, 734, 1203, 174, 1086, 1096]	854171
142	0.12541402610312435	0.22755766124045462	2.4826874770423397	3.501360769444612	[3248, 334, 1987, 19, 734, 1203, 174, 1086, 1112]	757105
143	0.1262332129226622	0.22941404045729163	2.4826874770423397	3.978042604533541	[1792, 232, 193, 1265, 415, 255, 174, 1086, 1112]	761973
144	0.1270516324453701	0.2305701836579087	2.4826874770423397	4.129039130404084	[2636, 162, 107, 232, 10, 158, 1115, 1086, 1112]	874287
145	0.1278692853899417	0.2317245922472423	2.4826874770423397	3.8451957748627974	[2636, 162, 1549, 107, 10, 158, 1115, 1086, 1112]	772011
146	0.12868617247439762	0.23336580558167508	2.4826874770423397	3.199637703179943	[1580, 438, 2729, 496, 217, 132, 1108, 1086, 1112]	860484
147	0.12950229441608585	0.23451601977940495	2.4826874770423397	4.27107910219725	[734, 10, 301, 2627, 438, 3366, 150, 1086, 1112]	857855
148	0.13031765193168254	0.23596957551441589	2.4826874770423397	4.000059213922495	[1579, 1580, 438, 2040, 1451, 1713, 174, 1086, 1112]	770714
149	0.1311322457371925	0.2378057387202337	2.4826874770423397	3.7786660738184024	[1791, 1792, 496, 217, 241, 132, 1108, 1086, 1112]	777051
150	0.13194607654794988	0.2390922355925713	2.4826874770423397	3.7675025680775773	[1700, 320, 157, 10, 734, 1203, 174, 1086, 1112]	770467
151	0.13275914507861886	0.2405600360640362	2.4826874770423397	3.77880338099823	[3895, 1030, 1032, 400, 19, 132, 1108, 1086, 1112]	782356
152	0.1335714520431942	0.24169945644888524	2.4826874770423397	4.256013223737174	[813, 669, 668, 670, 132, 217, 261, 1086, 1112]	768430
153	0.13438299815500188	0.24331936117448882	2.4826874770423397	3.972094804992466	[10, 232, 1792, 496, 217, 132, 1094, 1086, 1112]	758117
154	0.1351937841266997	0.24475620049517532	2.4826874770423397	3.795414423571841	[1792, 232, 1799, 10, 734, 19, 334, 1086, 1112]	769137
155	0.1360038106702781	0.2465712471629916	2.4826874770423397	4.174844364964777	[320, 317, 324, 671, 670, 132, 1108, 1086, 1112]	785197
156	0.13681307849706048	0.24800191156996299	2.4826874770423397	3.251450515610661	[1797, 838, 1019, 10, 734, 1203, 174, 1086, 1112]	851197
157	0.137621588317704	0.24900480492063548	2.4826874770423397	2.6448497493101035	[1549, 107, 10, 734, 19, 132, 1108, 1086, 1112]	767490
158	0.13842934084220015	0.2502723990481325	2.4826874770423397	4.421976236044967	[2872, 241, 132, 654, 400, 19, 334, 1086, 1112]	862211
159	0.13923633677987546	0.25187398999254873	2.4826874770423397	3.196872070467011	[193, 1743, 1742, 400, 19, 132, 1108, 1086, 1112]	750052
160	0.14004257683939214	0.2529964355665483	2.4826874770423397	4.575654071172601	[190, 195, 1583, 162, 420, 158, 1115, 1086, 1096]	864038
161	0.14084806172874842	0.25459220734115584	2.4826874770423397	3.0736720940164988	[326, 320, 232, 10, 734, 1203, 174, 1086, 1112]	763815
162	0.1416527921552796	0.25600764097521944	2.4826874770423397	4.1896550264162995	[377, 162, 846, 10, 438, 2627, 261, 1086, 1112]	861021
163	0.14245676882565828	0.2577956475143186	2.4826874770423397	3.786178268226158	[1879, 496, 217, 241, 1720, 132, 1108, 1086, 1112]	863443
164	0.14325999244589527	0.25904840370341	2.4826874770423397	4.646161616400033	[1549, 107, 160, 331, 241, 217, 261, 1086, 1112]	864793
165	0.14406246372134002	0.26063124707928775	2.4826874770423397	4.334433415228502	[1579, 1580, 301, 2627, 261, 132, 1094, 1086, 1096]	860069
166	0.14486418335668128	0.26240814189412254	2.4826874770423397	3.5769523621550423	[1819, 1513, 1031, 241, 1587, 132, 1108, 1086, 1096]	760114
167	0.14566515205594777	0.2638087340726005	2.4826874770423397	3.204070033439486	[1019, 10, 734, 811, 3459, 1203, 174, 1086, 1096]	757350
168	0.14646537052250896	0.26520666670646875	2.4826874770423397	3.839946303613927	[87, 1265, 193, 232, 10, 158, 1115, 1086, 1096]	871889
169	0.1472648394590752	0.26630910869314883	2.4826874770423397	4.035767011270222	[1723, 132, 19, 651, 734, 1203, 174, 1086, 1112]	753511
170	0.1480635595676988	0.2675474951319866	2.4826874770423397	4.128238121799464	[2003, 1417, 21, 422, 19, 132, 1108, 1086, 1112]	861229
171	0.14886153154977455	0.2687837913159363	2.4826874770423397	3.982687181828406	[10, 232, 1792, 496, 438, 2627, 261, 1086, 1112]	847534
172	0.14965875610604018	0.27001800077310945	2.4826874770423397	4.262085047115067	[3869, 438, 10, 158, 420, 1822, 1094, 1086, 1096]	751186
173	0.150455233936577	0.2711132241087122	2.4826874770423397	2.962468664666881	[107, 10, 494, 2229, 734, 1203, 174, 1086, 1112]	787233
174	0.15125096574081076	0.2726702942476401	2.4826874770423397	3.162389003289407	[10, 232, 1792, 496, 217, 132, 1108, 1086, 1112]	857715
175	0.15204595221751205	0.27422403812589524	2.4826874770423397	3.9614601596319616	[394, 193, 232, 3, 19, 132, 1108, 1086, 1096]	860950
176	0.15284019406479676	0.27560219343544357	2.4826874770423397	3.669220817147468	[377, 162, 107, 232, 320, 836, 1089, 1086, 1112]	851364
177	0.1536336919801271	0.2773431091845573	2.4826874770423397	4.156593712522169	[1647, 1697, 241, 217, 132, 1713, 174, 1086, 1096]	862729
178	0.15442644666031202	0.27888687085316943	2.4826874770423397	3.9437224270841176	[1551, 1879, 496, 217, 241, 132, 1108, 1086, 1112]	874828
179	0.15521845880150753	0.2801040274658305	2.4826874770423397	5.005133471585004	[1879, 1794, 107, 420, 158, 1546, 234, 1086, 1112]	763801
180	0.15600972909921784	0.28147101743103753	2.4826874770423397	4.366303608877378	[1580, 438, 2040, 545, 132, 1713, 174, 1086, 1096]	765465
181	0.1568002582482957	0.2831978288744368	2.4826874770423397	4.954741769901181	[359, 158, 1557, 734, 19, 3308, 334, 1086, 1112]	765606
182	0.15759004694294287	0.28427327794805624	2.4826874770423397	3.8168792967841885	[2238, 1549, 10, 232, 320, 836, 1089, 1086, 1112]	847858
183	0.15837909587671095	0.28580223517900216	2.4826874770423397	3.636316286598678	[841, 1268, 1392, 3083, 19, 132, 1108, 1086, 1112]	858507
184	0.159167405742502	0.28715840497982326	2.4826874770423397	4.195454997865785	[734, 10, 438, 2729, 496, 132, 1108, 1086, 1096]	762032
185	0.1599549772325689	0.28836160018746726	2.4826874770423397	4.074958070840862	[2238, 1549, 162, 10, 157, 1713, 174, 1086, 1112]	948054
186	0.16074181103851626	0.28956276453900265	2.4826874770423397	2.573383403550841	[1019, 1799, 232, 10, 734, 1203, 174, 1086, 1112]	767128
187	0.1615279078513009	0.2909117935776927	2.4826874770423397	4.373263132911734	[2636, 162, 1549, 107, 159, 1713, 174, 1086, 1112]	758962
188	0.1623132683612324	0.292258260983551	2.4826874770423397	2.6271329866540327	[193, 232, 10, 734, 19, 132, 1108, 1086, 1112]	759208
189	0.16309789325797364	0.293770160450444	2.4826874770423397	4.328880456947625	[1580, 301, 2728, 1676, 217, 132, 1108, 1086, 1112]	867253
190	0.1638817832305418	0.2948297474010714	2.4826874770423397	3.7189662013481346	[1791, 420, 158, 10, 438, 2627, 261, 1086, 1112]	760926
191	0.1646649389673085	0.2958877446079028	2.453990175659972	2.453990175659972	[1794, 1791, 420, 162, 107, 10, 734, 19, 794]	867320
192	0.16544736115600067	0.2969441544560991	2.453990175659972	3.954070529825553	[1791, 420, 162, 107, 10, 158, 1115, 1086, 1112]	760762
193	0.16622905048370096	0.29788177656378223	2.453990175659972	2.698833643487326	[157, 320, 232, 10, 734, 1203, 174, 1086, 1112]	857583
194	0.1670100076368486	0.2995959323827183	2.453990175659972	4.231003482781847	[3248, 390, 162, 10, 734, 1203, 174, 1086, 1112]	772453
195	0.16779023330123966	0.30109215689239877	2.453990175659972	3.0428145428777587	[1265, 415, 733, 734, 19, 132, 1108, 1086, 1112]	773068
196	0.1685697281620281	0.3024192930962164	2.453990175659972	4.368376398714794	[2238, 1549, 438, 2729, 301, 2627, 261, 1086, 1112]	859707
197	0.169348492903726	0.30359672966747564	2.453990175659972	3.534649232153148	[1019, 1799, 232, 10, 734, 19, 334, 1086, 1112]	867694
198	0.17012652821020435	0.30527036728767476	2.453990175659972	4.060471295679928	[2627, 261, 217, 493, 654, 132, 1108, 1086, 1112]	860855
199	0.1709038347646935	0.30675446989661836	2.453990175659972	3.166358272522185	[2789, 2558, 415, 733, 734, 19, 132, 393, 794]	767496
200	0.1716804132497839	0.30823540212034994	2.453990175659972	3.7250141875036906	[669, 813, 3284, 734, 19, 132, 1108, 1086, 1112]	859238
201	0.17245626434742656	0.30971317073154303	2.453990175659972	3.483776229147332	[1546, 677, 132, 19, 734, 1203, 174, 1086, 1112]	860126
202	0.17323138873893396	0.31139844131081174	2.453990175659972	4.4065063264905975	[2196, 2197, 241, 1587, 132, 1713, 174, 1086, 1112]	855846
203	0.17400578710498016	0.3125607221052813	2.453990175659972	3.8903801007461016	[193, 842, 157, 10, 734, 19, 334, 1086, 1112]	755952
204	0.17477946012560186	0.31372104110249943	2.453990175659972	3.4323173312276296	[394, 193, 232, 10, 734, 19, 334, 1086, 1112]	855205
205	0.1755524084801986	0.3153703473773156	2.453990175659972	4.358803557439076	[1580, 301, 2728, 496, 1792, 232, 1023, 1086, 1112]	768294
206	0.17632463284753375	0.31683287410105787	2.453990175659972	3.7106410809189088	[2627, 261, 217, 241, 132, 1713, 174, 1086, 1112]	818368
207	0.17709613390573486	0.3179859821935763	2.453990175659972	4.1133681511384586	[10, 494, 2229, 1529, 156, 1713, 174, 1086, 1096]	856934
208	0.17786691233229424	0.3188955421167292	2.453990175659972	3.733714695220643	[1849, 420, 162, 10, 734, 19, 334, 1086, 1112]	869935
209	0.17863696880406965	0.32053241272397737	2.453990175659972	3.697166748224122	[1529, 481, 1431, 19, 734, 1203, 174, 1086, 1112]	873308
210	0.17940630399728497	0.3219839120864445	2.453990175659972	3.7739870599279213	[841, 1820, 10, 232, 320, 836, 1089, 1086, 1112]	763557
211	0.18017491858753054	0.323455301166118	2.453990175659972	3.5101282015520283	[2194, 1742, 400, 19, 734, 1203, 174, 1086, 1112]	858673
212	0.18094281324976402	0.3247399726320026	2.453990175659972	2.7787228879273513	[1820, 10, 734, 19, 241, 132, 1108, 1086, 1112]	858292
213	0.18170998865831067	0.32636279755739417	2.453990175659972	3.7737729604206116	[1580, 438, 2729, 496, 1879, 836, 1089, 1086, 1112]	754063
214	0.18247644548686437	0.3278018418741355	2.453990175659972	3.898082834811424	[1579, 1580, 301, 1512, 1031, 132, 1108, 1086, 1112]	749332
215	0.18324218440848794	0.32881036963195465	2.453990175659972	3.8780900839724195	[1799, 232, 10, 158, 420, 1822, 1094, 1086, 1112]	783113
216	0.18400720609561372	0.33042341233799355	2.453990175659972	4.148962652504152	[1265, 193, 842, 157, 320, 836, 1089, 1086, 1112]	851543
217	0.1847715112200441	0.3314280068410873	2.453990175659972	4.40407616394512	[377, 162, 1549, 10, 158, 1546, 234, 1086, 1096]	855313
218	0.1855351004529524	0.33269753916316647	2.453990175659972	4.167534963494125	[1873, 10, 232, 320, 157, 1713, 174, 1086, 1112]	781657
219	0.18629797446488328	0.334123051011878	2.453990175659972	3.025041094489004	[190, 195, 10, 734, 19, 132, 1108, 1086, 1112]	761349
220	0.18706013392575316	0.33501108992418493	2.453990175659972	4.112955887064451	[1849, 420, 162, 107, 734, 19, 334, 1086, 1112]	861272
221	0.18782157950485112	0.33613351526430135	2.453990175659972	3.2503618800892022	[432, 15, 422, 19, 734, 1203, 174, 1086, 1112]	872483
222	0.1885823118708394	0.33712954265480843	2.453990175659972	3.8802726290071554	[1820, 10, 301, 1580, 438, 2627, 261, 1086, 1112]	754552
223	0.18934233169175374	0.33812407566265656	2.453990175659972	3.495340623845488	[1807, 157, 651, 734, 19, 132, 1108, 1086, 1112]	867390
224	0.19010163963500426	0.3393808930103024	2.453990175659972	4.222466331829984	[734, 10, 162, 1541, 159, 1713, 174, 1086, 1112]	847925
225	0.19086023636737603	0.3406353238232711	2.453990175659972	3.2671400275125277	[377, 162, 3284, 811, 734, 1203, 174, 1086, 1112]	757173
226	0.1916181225550294	0.34162459695710967	2.453990175659972	3.9409537846680527	[2047, 232, 1529, 2229, 734, 1203, 174, 1086, 1112]	768451
227	0.1923752988635009	0.34287476726453703	2.453990175659972	2.761063827366203	[3621, 1720, 132, 19, 734, 1203, 174, 1086, 1112]	759167
228	0.19313176595770365	0.34427853820849097	2.453990175659972	4.2173657494560635	[87, 1265, 808, 331, 241, 1729, 1094, 1086, 1112]	778045
229	0.19388752450192792	0.3456793103741833	2.453990175659972	3.9777438449847144	[1579, 1580, 301, 2729, 496, 132, 1108, 1086, 1112]	762269
230	0.19464257515984174	0.3470770901676955	2.453990175659972	3.759913332716259	[1742, 1743, 193, 232, 320, 836, 1089, 1086, 1112]	755987
231	0.1953969185944916	0.3481791494773083	2.453990175659972	4.175324312487032	[669, 673, 670, 132, 241, 217, 261, 1086, 1112]	862621
232	0.19615055546830296	0.3494168735315778	2.453990175659972	3.196872070467011	[193, 1743, 1742, 400, 19, 132, 1108, 1086, 1112]	768865
233	0.19690348644308076	0.35039297132934855	2.453990175659972	3.9368202635142433	[2654, 232, 10, 158, 420, 1822, 1094, 1086, 1112]	851751
234	0.1976557121800101	0.35178068165670895	2.453990175659972	3.480618527076536	[811, 3459, 1203, 734, 19, 132, 1108, 1086, 1112]	861716
235	0.1984072333396567	0.35336324835188304	2.453990175659972	4.9718858937380155	[2196, 2197, 241, 1031, 227, 165, 261, 1086, 1112]	857235
236	0.19915805058196756	0.3543334252340712	2.453990175659972	3.4313205385359664	[2636, 162, 10, 232, 320, 836, 1089, 1086, 1096]	757773
237	0.1999081645662717	0.3558851294199482	2.453990175659972	3.5513013762364167	[1792, 496, 1512, 1031, 241, 132, 1108, 1086, 1112]	857322
238	0.2006575759512803	0.3569723217651596	2.453990175659972	4.051378492865344	[3621, 1720, 241, 132, 1727, 1203, 174, 1086, 1112]	760627
239	0.20140628539508776	0.35793708379954825	2.453990175659972	3.835391891799449	[846, 10, 232, 3, 19, 132, 1108, 1086, 1112]	861456
240	0.202154293555172	0.3591562787901633	2.453990175659972	4.413109088290895	[1847, 420, 1792, 232, 320, 836, 1089, 1086, 1112]	873705
241	0.20290160108839517	0.36023794980879487	2.453990175659972	3.4826486182743794	[432, 422, 19, 241, 132, 1713, 174, 1086, 1112]	851903
242	0.20364820865100408	0.3613177950902712	2.453990175659972	3.5225664039354925	[4105, 3131, 162, 107, 734, 1203, 174, 1086, 1112]	776393
243	0.20439411689863096	0.362276037424455	2.453990175659972	3.9199906967807143	[1549, 232, 10, 811, 3459, 1203, 174, 1086, 1112]	772783
244	0.20513932648629385	0.36348699329957135	2.453990175659972	3.9799109969582185	[394, 193, 232, 1792, 496, 217, 261, 1086, 1096]	848651
245	0.20588383806839727	0.36456135456666794	2.453990175659972	3.897843058388144	[107, 10, 232, 1792, 496, 217, 261, 1086, 1112]	849910
246	0.2066276522987328	0.3656339024346351	2.453990175659972	4.265466415031773	[107, 10, 438, 2729, 496, 217, 261, 1086, 1112]	757868
247	0.20737076983047964	0.3667046399642835	2.453990175659972	3.8903801007461016	[193, 842, 157, 10, 734, 19, 334, 1086, 1112]	756784
248	0.2081131913162052	0.36790718649212906	2.453990175659972	4.270207939075566	[1799, 10, 158, 420, 1879, 836, 1089, 1086, 1112]	874838
249	0.20885491740786577	0.3691074495386121	2.453990175659972	3.5193451930823008	[300, 301, 2728, 496, 217, 132, 1108, 1086, 1112]	765944
250	0.20959594875680676	0.3703054334397703	2.453990175659972	3.8265182619248623	[1820, 10, 734, 19, 241, 217, 261, 1086, 1112]	834433
251	0.21033628601376364	0.3711452181459739	2.453990175659972	3.7516808029240867	[1549, 162, 107, 10, 438, 2627, 261, 1086, 1112]	861044
252	0.21107592982886225	0.37233933258634344	2.453990175659972	2.6927737052426832	[1743, 1742, 400, 19, 734, 1203, 174, 1086, 1096]	865377
253	0.2118148808516196	0.37317640480702163	2.453990175659972	3.89075829755988	[420, 162, 1549, 232, 320, 836, 1089, 1086, 1112]	860774
254	0.21255313973094436	0.3741168551598918	2.453990175659972	3.441566701228707	[157, 10, 158, 1557, 734, 1203, 174, 1086, 1112]	862943
255	0.2132907071151372	0.37505589451471877	2.453990175659972	3.325726179025156	[1529, 2229, 734, 811, 3459, 1203, 174, 1086, 1112]	758694
256	0.21402758365189178	0.3758893438247318	2.453990175659972	4.540069928694969	[107, 10, 438, 2729, 496, 3366, 150, 1086, 1112]	777556
257	0.21476376998829494	0.37682572383871227	2.453990175659972	3.513331077729461	[1580, 1265, 415, 10, 734, 1203, 174, 1086, 1112]	854853
258	0.21549926677082742	0.37776069896155373	2.453990175659972	4.152917113907659	[119, 409, 19, 734, 10, 158, 1115, 1086, 1112]	850158
259	0.21623407464536448	0.37894225145376004	2.453990175659972	4.09348045032297	[300, 301, 2728, 496, 1879, 836, 1089, 1086, 1112]	848661
260	0.2169681942571765	0.3801402795180854	2.453990175659972	2.4628299353627563	[320, 232, 10, 734, 19, 132, 1108, 1086, 1112]	767644
261	0.21770162625092937	0.38131731349252473	2.453990175659972	4.0957583283835115	[2309, 420, 107, 162, 1192, 836, 1089, 1086, 1112]	860750
262	0.2184343712706851	0.3821424123352225	2.453990175659972	4.3568464115469325	[1019, 1799, 232, 1792, 496, 3366, 150, 1086, 1112]	754046
263	0.21916642995990254	0.38331564451666067	2.453990175659972	2.690956155420611	[1791, 420, 107, 10, 734, 1203, 174, 1086, 1112]	760541
264	0.21989780296143768	0.38435653728488584	2.453990175659972	3.6784148891268895	[1549, 107, 10, 734, 19, 1987, 334, 1086, 1112]	766147
265	0.22062849091754466	0.3853956731449856	2.3635521757840072	2.3635521757840072	[1549, 162, 107, 10, 734, 1203, 174, 1086, 1112]	877123
266	0.22135849446987577	0.3864330550624202	2.3635521757840072	3.824982323498066	[5187, 435, 422, 19, 241, 132, 1108, 1086, 1112]	754721
267	0.22208781425948243	0.3874686859976447	2.3635521757840072	4.179880611545453	[1873, 10, 107, 420, 158, 1713, 174, 1086, 1112]	756992
268	0.22281645092681557	0.3886502664644702	2.3635521757840072	3.5850579173091592	[5187, 436, 422, 19, 734, 1203, 174, 1086, 1112]	853418
269	0.22354440511172624	0.3896821550000481	2.3635521757840072	3.335354304816378	[1579, 1580, 494, 2229, 734, 1203, 174, 1086, 1112]	760112
270	0.2242716774534662	0.3909859345761588	2.3635521757840072	2.8597526188769984	[2636, 162, 846, 10, 734, 1203, 174, 1086, 1112]	766733
271	0.2249982685906884	0.3921423740450084	2.3635521757840072	4.41331569044045	[841, 1268, 21, 422, 19, 132, 1094, 1086, 1112]	845272
272	0.2257241791614476	0.3932966175838769	2.3635521757840072	4.157366608494257	[2309, 420, 1792, 232, 320, 836, 1089, 1086, 1112]	857069
273	0.22644940980320105	0.3945926758348879	2.3635521757840072	3.1199050708978318	[2309, 420, 1917, 10, 734, 1203, 174, 1086, 1112]	856245
274	0.22717396115280875	0.39550099443681597	2.3635521757840072	3.8263465787974793	[300, 301, 10, 232, 320, 836, 1089, 1086, 1112]	757252
275	0.22789783384653428	0.39652131972591276	2.3635521757840072	4.3568464115469325	[1019, 1799, 232, 1792, 496, 3366, 150, 1086, 1112]	856420
276	0.22862102852004518	0.39766724820950616	2.3635521757840072	3.8538427291257067	[846, 10, 232, 1792, 496, 217, 261, 1086, 1112]	852397
277	0.22934354580841365	0.398953969786207	2.3635521757840072	4.184703731462052	[419, 421, 438, 1580, 301, 2627, 261, 1086, 1112]	862631
278	0.23006538634611695	0.40039843923442897	2.3635521757840072	3.173186397441863	[1917, 10, 1820, 733, 734, 1203, 174, 1086, 1112]	762383
279	0.23078655076703825	0.4014104981959835	2.3635521757840072	4.57057522497268	[249, 318, 158, 10, 415, 255, 174, 1086, 1112]	862527
280	0.23150703970446684	0.4028490639695146	2.3635521757840072	3.5937253317935545	[2627, 261, 217, 241, 1209, 132, 1108, 1086, 1112]	768495
281	0.23222685379109886	0.4042841724965044	2.3635521757840072	3.697141477376638	[2872, 241, 1819, 1513, 1031, 132, 1108, 1086, 1112]	759631
282	0.2329459936590378	0.4051779505298816	2.3635521757840072	4.180849107482017	[2309, 420, 158, 10, 107, 836, 1089, 1086, 1112]	847076
283	0.23366445993979512	0.40618194222217785	2.3635521757840072	4.369792469889746	[1555, 2229, 494, 1580, 438, 2627, 261, 1086, 1112]	753073
284	0.23438225326429085	0.4073095264247725	2.3635521757840072	3.060861987971264	[394, 432, 422, 19, 241, 132, 1108, 1086, 1112]	845637
285	0.23509937426285388	0.4085756498729617	2.3635521757840072	3.705496887045987	[2654, 232, 10, 811, 3459, 1203, 174, 1086, 1112]	757391
286	0.2358158235652229	0.4095739066367756	2.3635521757840072	3.1714842627528617	[419, 420, 158, 10, 734, 1203, 174, 1086, 1112]	809653
287	0.23653160180054655	0.4104597482549046	2.3635521757840072	4.509259243210316	[1820, 10, 232, 1549, 107, 836, 1089, 1086, 1112]	852768
288	0.23724670959738436	0.4114548248758092	2.3635521757840072	4.306932290751506	[1579, 1580, 438, 10, 107, 836, 1089, 1086, 1112]	766329
289	0.237961147583707	0.41244822192101305	2.3635521757840072	2.715301061489855	[158, 10, 734, 19, 241, 132, 1108, 1086, 1112]	852864
290	0.23867491638689708	0.41370336793131357	2.3635521757840072	4.196930093857645	[1820, 10, 438, 2040, 545, 132, 1108, 1086, 1112]	860811
291	0.2393880166337493	0.41481666991278077	2.3635521757840072	4.0543725147197165	[107, 1794, 1879, 496, 217, 132, 1108, 1086, 1112]	844632
292	0.24010044895047156	0.41592785787681363	2.3635521757840072	4.133508267420149	[158, 10, 438, 2040, 545, 132, 1108, 1086, 1096]	775722
293	0.24081221396268515	0.41703693583765955	2.3635521757840072	4.413233179895069	[3543, 359, 158, 420, 545, 132, 1108, 1086, 1112]	768730
294	0.24152331229542523	0.41814390780194355	2.3635521757840072	3.9663300509138972	[158, 420, 2764, 400, 19, 132, 1108, 1086, 1112]	857210
295	0.2422337445731415	0.4194066163353595	2.3635521757840072	3.212922675293413	[2299, 2297, 400, 19, 734, 1203, 174, 1086, 1112]	766537
296	0.24294351141969905	0.42064689761149854	2.3635521757840072	4.079256020585421	[1392, 1268, 807, 811, 734, 1203, 174, 1086, 1112]	862198
297	0.2436526134583783	0.42203923332967164	2.3635521757840072	4.273117748860409	[3694, 668, 670, 673, 1032, 132, 1108, 1086, 1112]	957616
298	0.24436105131187613	0.42301476510211866	2.3635521757840072	3.2397234079474657	[988, 420, 162, 107, 734, 1203, 174, 1086, 1112]	761741
299	0.24506882560230592	0.4239886502883371	2.3635521757840072	4.420471767941232	[320, 232, 1799, 10, 415, 255, 174, 1086, 1112]	854717
300	0.2457759369511986	0.42485286484766105	2.3635521757840072	3.292103402810363	[1791, 420, 158, 10, 734, 19, 334, 1086, 1112]	763520
301	0.24648238597950267	0.42623509253605363	2.3635521757840072	4.584659145012202	[1020, 1018, 193, 232, 320, 836, 1089, 1086, 1112]	779594
302	0.24718817330758525	0.4274607866132777	2.3635521757840072	4.030655075646188	[2868, 1468, 2229, 734, 19, 132, 1108, 1086, 1112]	784218
303	0.24789329955523232	0.4283197917773953	2.3635521757840072	3.8797341640067504	[846, 10, 494, 2229, 734, 19, 334, 1086, 1112]	762951
304	0.24859776534164924	0.42940533904778333	2.3635521757840072	3.3064443978528946	[1265, 808, 331, 241, 19, 132, 1108, 1086, 1112]	857210
305	0.2493015712854615	0.4304888250033675	2.3635521757840072	4.660547196449093	[1019, 1799, 232, 1792, 420, 158, 1115, 1086, 1112]	763885
306	0.250004718004715	0.43170543212768886	2.3635521757840072	4.136288633672778	[19, 132, 217, 496, 1879, 836, 1089, 1086, 1112]	857011
307	0.2507072061168769	0.4329194402988028	2.3635521757840072	3.430917076506833	[1743, 1742, 400, 19, 132, 1713, 174, 1086, 1096]	853522
308	0.25140903623883604	0.43413085506867233	2.3635521757840072	4.154958539725033	[2309, 420, 1822, 1729, 1032, 132, 1108, 1086, 1112]	856745
309	0.2521102089869032	0.4348016681246969	2.3635521757840072	3.5415088070185714	[1579, 1580, 438, 3366, 3459, 1203, 174, 1086, 1112]	937024
310	0.2528107249768121	0.4355554381908314	2.3635521757840072	4.130107200192177	[19, 734, 10, 162, 107, 1546, 234, 1086, 1112]	853423
311	0.2535105848237198	0.4367612218616884	2.3635521757840072	4.133855078689881	[1647, 1697, 241, 132, 387, 344, 174, 1086, 1112]	848187
312	0.25420978914220693	0.43751237859217307	2.3635521757840072	4.055107796270094	[1549, 162, 10, 261, 217, 132, 1108, 1086, 1112]	838358
313	0.2549083385462786	0.43858047032119185	2.3635521757840072	3.3131703420051792	[2789, 2558, 415, 733, 734, 1203, 174, 1086, 1112]	874729
314	0.25560623364936474	0.439422792146413	2.3635521757840072	2.8945228208283016	[988, 420, 107, 10, 734, 1203, 174, 1086, 1112]	774901
315	0.25630347506432083	0.44036898245673683	2.3635521757840072	3.4383542099580904	[87, 1265, 193, 232, 320, 836, 1089, 1086, 1112]	759090
316	0.2570000634034282	0.44120862090041024	2.3635521757840072	3.133351038370388	[358, 359, 158, 10, 734, 1203, 174, 1086, 1112]	759861
317	0.2576959992783947	0.4421517969357346	2.3635521757840072	3.5805183313113993	[1529, 2229, 494, 10, 734, 19, 334, 1086, 1112]	752017
318	0.2583912833003553	0.4429887605462991	2.3635521757840072	3.3056320103568435	[269, 132, 241, 19, 734, 1203, 174, 1086, 1112]	859405
319	0.2590859160798725	0.444327402975101	2.3635521757840072	3.8646424998623328	[1819, 3821, 2680, 1513, 1031, 132, 1108, 1086, 1112]	762707
320	0.2597798982269369	0.4453825538483579	2.3635521757840072	3.481026921386129	[1799, 10, 107, 734, 19, 132, 1108, 1086, 1112]	758610
321	0.2604732303509677	0.4463186847615189	2.3635521757840072	3.4254636606635254	[2146, 1728, 132, 19, 734, 1203, 174, 1086, 1096]	829877
322	0.2611659130608134	0.44725323559260244	2.3635521757840072	4.041221528836849	[317, 318, 158, 10, 734, 19, 334, 1086, 1112]	758349
323	0.26185794696475206	0.44830283068560695	2.3635521757840072	4.522738036940527	[2309, 420, 158, 232, 1192, 836, 1089, 1086, 1112]	760916
324	0.2625493326704922	0.4494813829882195	2.3635521757840072	3.335354304816378	[1579, 1580, 494, 2229, 734, 1203, 174, 1086, 1112]	860616
325	0.26324007078517286	0.45030734970612984	2.3635521757840072	4.767681104264458	[420, 1822, 1729, 1032, 132, 19, 334, 1086, 1112]	863591
326	0.26393016191536467	0.45162840366763624	2.3635521757840072	4.13336052635155	[2764, 3895, 1030, 1031, 241, 132, 1108, 1086, 1112]	752408
327	0.26461960666706996	0.45255399229956295	2.3635521757840072	3.7178837254717596	[1549, 162, 10, 232, 1192, 836, 1089, 1086, 1112]	863798
328	0.26530840564572356	0.453593521936581	2.3635521757840072	3.662538975750678	[2627, 261, 217, 241, 1587, 132, 1108, 1086, 1112]	760093
329	0.26599655945619305	0.4546310776403689	2.3635521757840072	2.839512445629024	[1807, 157, 10, 734, 19, 132, 1108, 1086, 1112]	756517
330	0.2666840687027795	0.45544931805028777	2.3635521757840072	4.26495890857157	[1530, 156, 158, 10, 734, 19, 334, 1086, 1112]	837981
331	0.2673709339892181	0.4563684574150756	2.3635521757840072	4.018375453910434	[158, 10, 107, 162, 2636, 836, 1089, 1086, 1112]	746107
332	0.2680571559186783	0.4572860453775791	2.3635521757840072	4.5935005930316	[394, 193, 232, 107, 420, 1822, 1094, 1086, 1112]	766296
333	0.2687427350937648	0.4580098294200948	2.3635521757840072	3.688955787548535	[2297, 400, 19, 1460, 734, 1203, 174, 1086, 1112]	769096
334	0.26942767211651786	0.45903899912334445	2.3635521757840072	3.732651976951808	[813, 3284, 2308, 651, 19, 132, 1108, 1086, 1112]	754990
335	0.2701119675884137	0.4599520795164137	2.3635521757840072	3.4383542099580904	[87, 1265, 193, 232, 320, 836, 1089, 1086, 1112]	761084
336	0.27079562211036523	0.46076233659875787	2.3635521757840072	3.5667325934621408	[158, 156, 1529, 2229, 734, 1203, 174, 1086, 1112]	867656
337	0.2714786362827225	0.4615713780176126	2.3635521757840072	3.9225328667558257	[1582, 420, 158, 10, 438, 2627, 261, 1086, 1112]	839631
338	0.2721610107052733	0.4622894469769703	2.3635521757840072	3.8334177060187837	[1549, 162, 107, 420, 158, 1713, 174, 1086, 1112]	781135
339	0.27284274597724356	0.4634381206437065	2.3635521757840072	2.8363845093071696	[1743, 193, 232, 10, 734, 1203, 174, 1086, 1112]	758963
340	0.273523842697298	0.46434377582201813	2.3635521757840072	4.016982432460341	[394, 193, 415, 733, 734, 1203, 174, 1086, 1096]	869202
341	0.2742043014635406	0.46536091817478664	2.3635521757840072	3.8291232657059986	[1819, 1513, 1031, 241, 132, 217, 261, 1086, 1112]	850914
342	0.27488412287351494	0.46650303047116615	2.3635521757840072	4.396125387570102	[1515, 1031, 132, 1032, 370, 1713, 174, 1086, 1112]	863303
343	0.2755633075242051	0.4674035124316942	2.3635521757840072	4.262753100669738	[382, 409, 19, 132, 1727, 1203, 174, 1086, 1112]	863125
344	0.2762418560120359	0.46854126127598683	2.3635521757840072	3.8631206589790175	[1580, 301, 2729, 496, 1879, 836, 1089, 1086, 1112]	974496
345	0.2769197689328736	0.4695504331431386	2.3635521757840072	4.0938378357989516	[2004, 19, 132, 1032, 1729, 1822, 1094, 1086, 1112]	859230
346	0.27759704688202635	0.4705576887225652	2.3635521757840072	3.0665272568925968	[1265, 87, 1529, 2229, 734, 1203, 174, 1086, 1096]	765503
347	0.27827369045424455	0.4715630316530508	2.3635521757840072	3.524009854485537	[2636, 162, 10, 734, 19, 132, 1094, 1086, 1112]	861590
348	0.27894970024372157	0.47283300269972206	2.3635521757840072	3.6420686476469495	[1791, 420, 1879, 496, 217, 132, 1108, 1086, 1112]	758283
349	0.2796250768440943	0.4737228003899955	2.3635521757840072	4.394890777753779	[2238, 1549, 162, 107, 420, 1582, 1087, 1086, 1112]	856092
350	0.2802998208484436	0.4746110962033804	2.3635521757840072	2.698833643487326	[157, 320, 232, 10, 734, 1203, 174, 1086, 1112]	857687
351	0.28097393284929484	0.4756087422338101	2.3635521757840072	3.449240881148379	[4210, 87, 415, 733, 734, 1203, 174, 1086, 1112]	761279
352	0.2816474134386182	0.4763955089528523	2.3635521757840072	3.5052609954696345	[2238, 1549, 157, 10, 734, 1203, 174, 1086, 1112]	858313
353	0.28232026320782955	0.47738976661271837	2.3635521757840072	3.978872514106529	[377, 162, 1583, 1013, 156, 1713, 174, 1086, 1112]	764632
354	0.2829924827477909	0.4783821363050228	2.3635521757840072	4.290225325699454	[1792, 232, 107, 162, 2636, 836, 1089, 1086, 1112]	763628
355	0.28366407264881055	0.4790777857955473	2.3635521757840072	3.157526247321809	[193, 1265, 159, 10, 734, 1203, 174, 1086, 1096]	762561
356	0.28433503350064404	0.4800669501562871	2.3635521757840072	3.868351305566784	[3284, 195, 10, 232, 320, 836, 1089, 1086, 1112]	860970
357	0.2850053658924946	0.4807603527147587	2.3635521757840072	4.0523143539670885	[1529, 2229, 734, 19, 241, 1729, 1094, 1086, 1112]	787492
358	0.28567507041301343	0.481746322097082	2.3635521757840072	4.555371435912693	[1586, 107, 438, 2729, 301, 2627, 261, 1086, 1112]	755078
359	0.2863441476503005	0.48285343139436	2.3635521757840072	4.75184652600089	[419, 421, 438, 2040, 1451, 1713, 174, 1086, 1112]	857742
360	0.28701259819190483	0.48395817565102484	2.3635521757840072	3.1924200518743833	[1799, 1851, 159, 10, 734, 1203, 174, 1086, 1096]	875583
361	0.2876804226248252	0.4851983579528889	2.3635521757840072	4.046089905327178	[1500, 786, 1460, 19, 241, 132, 1108, 1086, 1096]	753734
362	0.2883476215355103	0.486067284335588	2.3635521757840072	2.761063827366203	[3621, 1720, 132, 19, 734, 1203, 174, 1086, 1112]	841227
363	0.28901419550985996	0.4869347440697823	2.3635521757840072	4.128474716991384	[160, 107, 1549, 232, 320, 836, 1089, 1086, 1112]	843993
364	0.2896801451332248	0.4878007396310071	2.3635521757840072	3.544496282356687	[2872, 241, 132, 1032, 370, 1713, 174, 1086, 1112]	771352
365	0.29034547099040753	0.4888949152970786	2.3635521757840072	3.8752742587940263	[1579, 1582, 420, 107, 734, 1203, 174, 1086, 1112]	871628
366	0.29101017366566284	0.48998675355175403	2.3635521757840072	3.407113361296819	[1580, 1579, 4018, 2197, 241, 132, 1108, 1086, 1112]	746133
367	0.2916742537426983	0.49084759766950525	2.3635521757840072	2.8867200805870303	[420, 162, 10, 734, 19, 132, 1108, 1086, 1112]	790937
368	0.2923377118046746	0.4920906455267574	2.3635521757840072	4.123033623802172	[2051, 1849, 420, 162, 1192, 836, 1089, 1086, 1112]	850669
369	0.2930005484342064	0.49285268373863	2.3635521757840072	3.3613591948151758	[1917, 10, 734, 19, 132, 1713, 174, 1086, 1112]	857697
370	0.29366276421336257	0.4935290347548298	2.3635521757840072	4.241262002536859	[386, 768, 778, 19, 734, 1203, 174, 1086, 1112]	862339
371	0.2943243597236668	0.49461097346232374	2.3635521757840072	3.6633087111950546	[811, 807, 808, 331, 241, 132, 1108, 1086, 1112]	740251
372	0.29498533554609796	0.4954640124249404	2.3635521757840072	3.3618662350635917	[1549, 107, 10, 232, 320, 836, 1089, 1086, 1112]	854806
373	0.29564569226109105	0.4962330049376291	2.3635521757840072	3.7817145745646004	[5593, 1720, 132, 19, 734, 1203, 174, 1086, 1112]	751844
374	0.2963054304485371	0.4974436876421323	2.3635521757840072	3.8811639473908723	[3819, 438, 2267, 261, 217, 132, 1108, 1086, 1112]	862541
375	0.29696455068778405	0.4982919453067024	2.3635521757840072	4.079167269957999	[2149, 161, 10, 734, 19, 132, 1094, 1086, 1096]	864816
376	0.2976230535576372	0.49924462444701634	2.3635521757840072	3.784092198715528	[734, 19, 132, 1031, 241, 1729, 1094, 1086, 1112]	769161
377	0.2982809396363598	0.5004480694489938	2.3635521757840072	4.15711071020291	[811, 3284, 2308, 651, 734, 19, 334, 1086, 1112]	839528
378	0.2989382095016735	0.5016486222606055	2.3635521757840072	4.05879477741449	[420, 2307, 1468, 2688, 734, 1203, 174, 1086, 1112]	854712
379	0.2995948637307585	0.5028462898325348	2.3635521757840072	4.157366608494257	[305, 496, 1792, 232, 320, 836, 1089, 1086, 1112]	832440
380	0.3002509029002548	0.5039083247358466	2.3635521757840072	3.922219826457469	[2028, 331, 241, 1126, 19, 132, 1108, 1086, 1112]	760459
381	0.300906327586262	0.5051194860524094	2.3635521757840072	4.8649772528082424	[3081, 305, 331, 241, 217, 132, 1108, 1086, 1112]	872456
382	0.3015611383643402	0.5059547878458202	2.3635521757840072	3.6079450535255164	[457, 540, 409, 19, 241, 132, 1108, 1086, 1112]	757701
383	0.3022153358095103	0.5068929162326148	2.3635521757840072	4.119934363411165	[2636, 162, 1549, 232, 10, 158, 1115, 1086, 1112]	847351
384	0.3028689204962548	0.5076327459622041	2.3635521757840072	4.081584292791426	[2636, 162, 1549, 107, 420, 1822, 1094, 1086, 1112]	845686
385	0.30352189299851795	0.5086845558920943	2.3635521757840072	3.8070438560330553	[1535, 496, 1512, 1031, 241, 132, 1108, 1086, 1096]	758319
386	0.3041742538897064	0.5095138402547379	2.3635521757840072	3.528302132156999	[119, 409, 19, 241, 1720, 132, 1108, 1086, 1112]	776450
387	0.30482600374268987	0.510249737699486	2.3635521757840072	3.9110293060050694	[1820, 10, 232, 3, 19, 132, 1108, 1086, 1096]	760390
388	0.30547714312980123	0.5110763802139786	2.3635521757840072	4.418143337715319	[2627, 301, 10, 162, 420, 1822, 1094, 1086, 1112]	836786
389	0.3061276726228376	0.5118099333129373	2.3635521757840072	4.315204867694019	[3543, 359, 158, 10, 438, 2627, 261, 1086, 1112]	944153
390	0.30677759279306027	0.5126339423954049	2.3635521757840072	3.370347905802177	[420, 158, 10, 734, 19, 132, 1094, 1086, 1112]	872317
391	0.30742690421119556	0.5136750686170944	2.3635521757840072	4.026823348082992	[1580, 1674, 438, 2627, 261, 132, 1108, 1086, 1096]	971158
392	0.30807560744743523	0.5147139707532273	2.3635521757840072	4.8394388221165405	[1872, 193, 1265, 1580, 301, 2627, 261, 1086, 1112]	752481
393	0.30872370307143693	0.5155330781521296	2.3635521757840072	4.3568464115469325	[1019, 1799, 232, 1792, 496, 3366, 150, 1086, 1112]	846593
394	0.30937119165232463	0.5164530185961766	2.3635521757840072	4.515352534149309	[300, 301, 1580, 438, 496, 217, 261, 1086, 1112]	768543
395	0.3100180737586895	0.5171785048937219	2.3635521757840072	4.639803139697175	[421, 438, 1549, 162, 420, 158, 1115, 1086, 1112]	763442
396	0.3106643499585898	0.5180953208837783	2.3635521757840072	4.54897721789672	[1535, 496, 2728, 1676, 241, 132, 1108, 1086, 1112]	783462
397	0.31131002081955206	0.518908720949802	2.3635521757840072	2.80829630771566	[1791, 1792, 232, 10, 734, 1203, 174, 1086, 1112]	756747
398	0.3119550869085709	0.5196305228516691	2.3635521757840072	4.105904775821799	[2047, 232, 10, 158, 420, 1546, 234, 1086, 1112]	949221
399	0.31259954879211005	0.5204413316720873	2.3635521757840072	3.9997868559616654	[1580, 438, 2627, 301, 10, 158, 1115, 1086, 1112]	751255
400	0.31324340703610276	0.5210098274431072	2.3635521757840072	3.228082538989214	[1529, 481, 159, 10, 734, 1203, 174, 1086, 1112]	871743
401	0.31388666220595196	0.5221609650190611	2.3635521757840072	3.938260358660451	[2340, 160, 331, 241, 1720, 132, 1108, 1086, 1112]	856724
402	0.31452931486653113	0.5231817393247454	2.3635521757840072	3.2154072339633615	[193, 1265, 808, 331, 241, 132, 1108, 1086, 1112]	849975
403	0.3151713655821845	0.5238971302336803	2.3635521757840072	4.256327007182227	[1582, 420, 158, 1557, 734, 19, 334, 1086, 1112]	760060
404	0.31581281491672797	0.524461529307054	2.3635521757840072	4.195228086486815	[320, 232, 10, 158, 1546, 234, 174, 1086, 1112]	770432
405	0.31645366343344905	0.5254935138354675	2.3635521757840072	3.0238730246629197	[2607, 1587, 132, 19, 734, 1203, 174, 1086, 1112]	760886
406	0.3170939116951079	0.5262944265966442	2.3635521757840072	4.052396414066582	[1265, 193, 232, 10, 161, 1713, 174, 1086, 1112]	751983
407	0.3177335602639375	0.5268559837803092	2.3635521757840072	3.9496913074263125	[2636, 162, 107, 420, 158, 1713, 174, 1086, 1112]	858124
408	0.31837260970164405	0.5274168752625592	2.3635521757840072	4.095764564727152	[359, 158, 10, 734, 19, 132, 261, 1086, 1096]	765543
409	0.31901106056940776	0.5283142499026313	2.3635521757840072	3.588428689630409	[1820, 10, 734, 19, 241, 132, 1094, 1086, 1112]	859472
410	0.31964891342788315	0.5292241375378499	2.3635521757840072	4.45272588986425	[2149, 420, 162, 1549, 438, 2627, 261, 1086, 1112]	755959
411	0.3202861688371996	0.5302298232791937	2.3635521757840072	3.2883590319944735	[545, 2040, 438, 10, 734, 1203, 174, 1086, 1112]	848462
412	0.320922827356962	0.5310227416909041	2.3635521757840072	3.8334177060187837	[1549, 162, 107, 420, 158, 1713, 174, 1086, 1112]	846390
413	0.3215588895462509	0.5317263684073316	2.3635521757840072	4.445731065252662	[2047, 232, 107, 10, 161, 1713, 174, 1086, 1112]	871376
414	0.3221943559636232	0.5324289394423858	2.3635521757840072	3.9225328667558257	[1582, 420, 158, 10, 438, 2627, 261, 1086, 1112]	758044
415	0.3228292271671127	0.5334277789882547	2.3635521757840072	3.291660443615336	[2558, 415, 733, 734, 19, 132, 1108, 1086, 1112]	859588
416	0.3234635037142305	0.5345668713247091	2.3635521757840072	4.714546308241237	[3895, 1030, 1032, 132, 239, 148, 1108, 1086, 1112]	751401
417	0.3240971861619655	0.535352469294599	2.3635521757840072	3.999315730795524	[3895, 1030, 1032, 132, 241, 217, 261, 1086, 1112]	864362
418	0.32473027506678476	0.5360495999348034	2.3635521757840072	2.479825777191536	[2636, 162, 107, 10, 734, 1203, 174, 1086, 1112]	773650
419	0.3253627709846343	0.5370407049154113	2.3635521757840072	4.177466788793314	[3158, 3083, 19, 132, 241, 1729, 1094, 1086, 1096]	786580
420	0.3259946744709393	0.538153316136356	2.3635521757840072	3.378905822487007	[421, 438, 2729, 496, 217, 132, 1108, 1086, 1112]	849997
421	0.3266259860806049	0.5389328605969669	2.3635521757840072	4.763616601065729	[1791, 1792, 496, 2729, 438, 8, 174, 1086, 1112]	856783
422	0.32725670636801607	0.5398083678603732	2.3635521757840072	2.834148594969533	[1792, 232, 1799, 10, 734, 1203, 174, 1086, 1112]	774492
