0	9.366567084169164E-4	0.0016878858024691468	3.637777171065162	3.637777171065162	[420, 107, 10, 232, 320, 836, 1089, 1086, 1112]	678748
1	0.0018724360910443716	0.0035835522519545027	3.1958448816006024	3.1958448816006024	[811, 3284, 2308, 651, 734, 1203, 174, 1086, 1096]	1444244
2	0.0028073389696354756	0.0050785186301772756	3.1958448816006024	4.20199912743661	[160, 320, 232, 10, 157, 1713, 174, 1086, 1112]	4049379
3	0.0037413661651737318	0.0065712420461556675	3.1958448816006024	3.6826651054159525	[1847, 420, 158, 10, 734, 19, 334, 1086, 1112]	2734791
4	0.00467451849787337	0.008457635629509852	3.1958448816006024	4.05834170130176	[1792, 232, 10, 415, 1265, 255, 174, 1086, 1112]	6056915
5	0.005606796787180679	0.010131245908877484	3.1958448816006024	3.2205112846727255	[1879, 1794, 107, 10, 734, 1203, 174, 1086, 1112]	2077085
6	0.006538201851774117	0.012010879502257987	2.713548092949771	2.713548092949771	[87, 1265, 415, 10, 734, 1203, 174, 1086, 1112]	1669725
7	0.007468734509565533	0.013182097277916194	2.713548092949771	3.0750839505606384	[2636, 162, 232, 10, 734, 1203, 174, 1086, 1112]	946949
8	0.008398395577700724	0.015290167748819083	2.713548092949771	4.531810927580888	[19, 422, 432, 394, 193, 1872, 1115, 1086, 1112]	1669968
9	0.009327185872559873	0.017160005212403684	2.713548092949771	4.1425926113177205	[1792, 232, 193, 842, 157, 1713, 174, 1086, 1112]	979450
10	0.010255106209758558	0.018818926885704523	2.713548092949771	3.011881719841078	[2689, 1549, 107, 10, 734, 1203, 174, 1086, 1112]	1120171
11	0.01118215740414863	0.02068206368903569	2.713548092949771	4.567880181052993	[3284, 811, 734, 10, 158, 420, 458, 1086, 1112]	1052681
12	0.01210834026981833	0.022335040529838368	2.713548092949771	4.178826840346805	[420, 107, 1549, 162, 2636, 836, 1089, 1086, 1112]	1271306
13	0.013033655620093731	0.023985227334499593	2.713548092949771	4.133645033285234	[320, 232, 10, 438, 217, 132, 1108, 1086, 1112]	1115380
14	0.013958104267538851	0.02607021982981772	2.713548092949771	3.5789026184587343	[77, 19, 1126, 241, 1031, 132, 1108, 1086, 1112]	973178
15	0.014881687023956758	0.02791958735943778	2.713548092949771	3.393733532092524	[837, 162, 3284, 811, 3459, 1203, 174, 1086, 1112]	1389515
16	0.01580440470039013	0.02976544317771146	2.713548092949771	3.756636165904239	[1265, 808, 807, 811, 734, 1203, 174, 1086, 1112]	1172059
17	0.016726258107121916	0.03091561369673057	2.713548092949771	2.769893626752255	[2306, 420, 158, 10, 734, 1203, 174, 1086, 1112]	1359862
18	0.017647248053676123	0.03298580128954154	2.713548092949771	4.670918496786472	[4356, 669, 668, 324, 301, 2627, 261, 1086, 1112]	754908
19	0.01856737534881847	0.03443665421113218	2.713548092949771	4.421861188049292	[3136, 1468, 2307, 420, 158, 1546, 234, 1086, 1112]	754848
20	0.019486640800557176	0.035885330355791445	2.713548092949771	4.271088677795245	[3869, 438, 1580, 331, 241, 132, 1108, 1086, 1112]	756378
21	0.020405045216143725	0.037512645818636114	2.713548092949771	3.037517528763763	[846, 10, 734, 811, 3459, 1203, 174, 1086, 1112]	762521
22	0.021322589402073433	0.039137214558814915	2.713548092949771	3.7734660025897577	[1549, 10, 734, 19, 132, 217, 261, 1086, 1112]	761022
23	0.02223927416408611	0.040578838250963534	2.713548092949771	2.834148594969533	[1792, 232, 1799, 10, 734, 1203, 174, 1086, 1112]	763973
24	0.023155100307166943	0.042018299013189875	2.713548092949771	3.649218247332082	[1807, 157, 10, 734, 19, 132, 1094, 1086, 1112]	752117
25	0.02407006863554706	0.043295899970914986	2.713548092949771	4.821895903791632	[10, 301, 2729, 438, 240, 234, 174, 1086, 1112]	747938
26	0.02498417995270441	0.0453396404189752	2.713548092949771	4.802954992089298	[1879, 232, 1792, 1791, 420, 1546, 234, 1086, 1112]	764387
27	0.025897435061364327	0.04737901496642005	2.713548092949771	2.9597029403248376	[193, 394, 432, 422, 19, 132, 1108, 1086, 1112]	755258
28	0.026809834763500184	0.048986930402192375	2.713548092949771	4.282768914486853	[2238, 1549, 162, 420, 158, 1546, 234, 1086, 1112]	770755
29	0.027721379860334294	0.050413776142758326	2.713548092949771	4.101722531519952	[1794, 107, 1549, 232, 320, 836, 1089, 1086, 1112]	753093
30	0.028632071152338456	0.052016569248227285	2.713548092949771	3.7759311072785104	[377, 162, 10, 232, 1192, 836, 1089, 1086, 1112]	768685
31	0.029541909439234626	0.05429481922294965	2.713548092949771	3.857840467656805	[1580, 301, 2627, 261, 217, 132, 1094, 1086, 1112]	758412
32	0.030450895519995802	0.05656759397228417	2.713548092949771	4.101393729059594	[386, 3821, 1819, 1513, 1031, 132, 1108, 1086, 1112]	758307
33	0.03135903019284658	0.05835905090647309	2.713548092949771	3.5773561115903965	[2627, 301, 10, 232, 320, 836, 1089, 1086, 1112]	757710
34	0.03226631425526394	0.06014710609409646	2.713548092949771	4.533778872787486	[1579, 1580, 1674, 438, 10, 158, 1115, 1086, 1112]	759997
35	0.03317274850397778	0.06173347045012978	2.713548092949771	4.2565671627373325	[1743, 193, 232, 10, 301, 2627, 261, 1086, 1112]	752992
36	0.03407833373497182	0.06373782399836259	2.713548092949771	3.6167945754825093	[2004, 19, 241, 1729, 1032, 132, 1108, 1086, 1112]	751699
37	0.03498307074348417	0.06514253833992889	2.5717925868915774	2.5717925868915774	[2238, 1549, 162, 10, 734, 1203, 174, 1086, 1112]	756470
38	0.03588696032400818	0.06713960933346541	2.5717925868915774	3.817693264061374	[1579, 1580, 438, 2729, 496, 217, 261, 1086, 1112]	758622
39	0.036790003270292915	0.06891099136869372	2.5717925868915774	3.487597960682706	[2149, 420, 107, 734, 19, 132, 1108, 1086, 1096]	761519
40	0.03769220037534404	0.07067900977701058	2.5717925868915774	4.724318240994011	[1530, 156, 1541, 162, 420, 158, 1115, 1086, 1112]	757964
41	0.03859355243142437	0.07291240906839425	2.5717925868915774	3.7920295621847897	[157, 841, 1820, 733, 734, 1203, 174, 1086, 1112]	756474
42	0.03949406023005475	0.07430335838606428	2.5717925868915774	4.130603881824393	[2267, 261, 217, 241, 132, 19, 334, 1086, 1112]	758380
43	0.04039372456201451	0.07606113738218445	2.5717925868915774	3.6493419142782866	[1791, 420, 3, 19, 734, 1203, 174, 1086, 1112]	766184
44	0.04129254621734246	0.07781557858181687	2.5717925868915774	3.7327668979892534	[1078, 334, 19, 241, 1031, 132, 1108, 1086, 1112]	765660
45	0.042190525985337235	0.07890878777247678	2.5717925868915774	3.708788044297587	[734, 19, 241, 132, 387, 344, 174, 1086, 1096]	767104
46	0.04308766465455838	0.0806578216498619	2.5717925868915774	3.276977981408388	[1526, 156, 1529, 2229, 734, 1203, 174, 1086, 1112]	752022
47	0.04398396301282659	0.08240353433661618	2.5717925868915774	4.0351509477444205	[19, 734, 10, 158, 420, 1582, 1087, 1086, 1112]	756265
48	0.04487942184722482	0.08395233238340527	2.5717925868915774	4.662081919548715	[811, 734, 19, 132, 677, 1546, 234, 1086, 1112]	759504
49	0.04577404194409862	0.08517400851381907	2.5717925868915774	3.4560701502849787	[1799, 232, 10, 734, 19, 132, 1094, 1086, 1112]	753826
50	0.04666782408905723	0.0873725725650134	2.5717925868915774	3.7956131769000825	[2047, 232, 1792, 496, 1879, 836, 1089, 1086, 1112]	761949
51	0.04756076906697393	0.08932215508211694	2.5717925868915774	2.858841207559905	[2047, 232, 1799, 10, 734, 1203, 174, 1086, 1112]	751159
52	0.048452877661986804	0.09085927528717708	2.5717925868915774	3.148407181606384	[1851, 1799, 1019, 10, 734, 1203, 174, 1086, 1112]	744306
53	0.04934415065749953	0.0923938010088664	2.5717925868915774	3.974216986574607	[394, 193, 232, 10, 157, 1713, 174, 1086, 1112]	743511
54	0.050234588836181926	0.09392573662637649	2.5717925868915774	4.250616625761017	[734, 10, 162, 837, 420, 158, 1115, 1086, 1096]	739738
55	0.05112419297997084	0.09528515874649301	2.5717925868915774	2.994105749610063	[1820, 10, 494, 2229, 734, 1203, 174, 1086, 1112]	740381
56	0.052012963870070705	0.09700309599930734	2.5717925868915774	3.9799109969582185	[394, 193, 232, 1792, 496, 217, 261, 1086, 1112]	740582
57	0.0529009022869541	0.09871777110998581	2.5717925868915774	4.076472421496928	[1849, 420, 107, 162, 1192, 836, 1089, 1086, 1112]	776578
58	0.053788009010362625	0.10023903258814704	2.5717925868915774	3.866310241672287	[1743, 193, 1529, 2229, 734, 1203, 174, 1086, 1112]	741353
59	0.054674284819307584	0.10158898259926741	2.5717925868915774	2.895592340016658	[1851, 159, 10, 734, 19, 132, 1108, 1086, 1112]	738169
60	0.055559730492070636	0.10278713781985205	2.5717925868915774	3.0380119474910217	[160, 107, 10, 734, 19, 132, 1108, 1086, 1096]	747246
61	0.05644434680620436	0.10430153067171866	2.5717925868915774	4.018547242602661	[119, 409, 19, 132, 387, 344, 174, 1086, 1112]	740431
62	0.05732813453853303	0.10600234699260025	2.5717925868915774	3.3064443978528946	[1265, 808, 331, 241, 19, 132, 1108, 1086, 1112]	743308
63	0.05821109446515338	0.1070621420053951	2.465656797017007	2.465656797017007	[2309, 420, 158, 10, 734, 1203, 174, 1086, 1096]	753353
64	0.059093227361435186	0.10875771628001596	2.465656797017007	3.4103035811595763	[846, 162, 107, 734, 19, 132, 1108, 1086, 1112]	737781
65	0.05997453400202202	0.11066161520153694	2.465656797017007	4.591952120517419	[1879, 232, 193, 1265, 159, 1713, 174, 1086, 1112]	770456
66	0.060855015160831805	0.11199592776446332	2.465656797017007	3.6902449391290917	[1715, 132, 19, 651, 734, 1203, 174, 1086, 1112]	769805
67	0.0617346716110575	0.11413003178938241	2.465656797017007	4.251446861266745	[305, 496, 217, 241, 1031, 132, 1108, 1086, 1112]	739912
68	0.06261350412516797	0.11531146178813911	2.465656797017007	3.8630236030553595	[1265, 808, 331, 241, 132, 19, 334, 1086, 1096]	741745
69	0.06349151347490856	0.11663879798658805	2.465656797017007	3.430976720554627	[320, 232, 107, 734, 19, 132, 1108, 1086, 1112]	747865
70	0.0643687004313016	0.11906502199114144	2.465656797017007	4.02543935042318	[432, 394, 193, 232, 1192, 836, 1089, 1086, 1112]	742803
71	0.0652450657646475	0.12073780433870607	2.465656797017007	3.8177380713438724	[2751, 400, 19, 241, 1031, 132, 1108, 1086, 1112]	748977
72	0.06612061024452487	0.12222189851541065	2.465656797017007	2.9656650063770087	[1820, 10, 734, 1557, 15, 432, 422, 19, 794]	732943
73	0.06699533463979168	0.12388868636002659	2.465656797017007	3.705298141719716	[1851, 159, 10, 734, 19, 132, 1094, 1086, 1112]	747617
74	0.0678692397185856	0.12555230918866156	2.465656797017007	3.4784986954430472	[1579, 1580, 438, 2729, 301, 2627, 261, 1086, 1112]	750806
75	0.06874232624832499	0.1272127730112742	2.465656797017007	3.9530251378631602	[2340, 160, 331, 241, 217, 132, 1108, 1086, 1112]	738402
76	0.06961459499570921	0.1285222531615059	2.465656797017007	3.865364107906988	[734, 10, 107, 162, 420, 158, 1115, 1086, 1112]	737037
77	0.07048604672671965	0.13061664014159413	2.465656797017007	3.781493148378831	[320, 836, 1879, 496, 217, 132, 1108, 1086, 1112]	742535
78	0.07135668220662017	0.1320840599716021	2.465656797017007	2.744160349070045	[241, 217, 132, 19, 734, 1203, 174, 1086, 1112]	735824
79	0.07222650219995785	0.1337321208386265	2.465656797017007	3.0803455105729975	[1586, 107, 232, 10, 734, 1203, 174, 1086, 1112]	739840
80	0.0730955074705637	0.13503181973140121	2.465656797017007	4.25748059277125	[1849, 420, 158, 10, 107, 1546, 234, 1086, 1112]	739491
81	0.07396369878155318	0.1363295686301238	2.465656797017007	4.610848685626094	[2627, 438, 1549, 162, 420, 1822, 1094, 1086, 1112]	743265
82	0.07483107689532698	0.1376253704604541	2.465656797017007	3.2950611785799193	[1582, 420, 158, 1557, 734, 1203, 174, 1086, 1112]	740496
83	0.07569764257357181	0.13926290909076466	2.465656797017007	4.59280142015644	[3694, 673, 670, 132, 241, 1729, 1094, 1086, 1112]	746733
84	0.07656339657726086	0.14089733824559447	2.465656797017007	3.7250141875036906	[669, 813, 3284, 734, 19, 132, 1108, 1086, 1112]	741393
85	0.07742833966665452	0.1420430703428892	2.465656797017007	3.933765869420983	[394, 432, 1820, 10, 438, 3366, 793, 2372, 794]	745561
86	0.07829247260130112	0.14335073217745276	2.465656797017007	3.7333376221975305	[3540, 359, 158, 651, 734, 1203, 174, 1086, 1112]	751327
87	0.07915579614003743	0.144796658314306	2.465656797017007	3.958800551095365	[158, 420, 107, 232, 320, 836, 1089, 1086, 1112]	742089
88	0.08001831104098966	0.14642057959029342	2.465656797017007	3.6987388940121626	[1535, 496, 217, 241, 19, 132, 1108, 1086, 1112]	776436
89	0.08088001806157386	0.1477012414436173	2.465656797017007	2.721399276813645	[1847, 420, 158, 10, 734, 1203, 174, 1086, 1112]	742985
90	0.08174091795849647	0.1495219480201232	2.465656797017007	3.5789026184587343	[77, 19, 1126, 241, 1031, 132, 1108, 1086, 1112]	749943
91	0.08260101148775545	0.15113689657802776	2.465656797017007	3.9204578460600628	[421, 261, 217, 241, 1031, 132, 1108, 1086, 1096]	742804
92	0.08346029940464028	0.1525696805585336	2.465656797017007	4.555145527182034	[2627, 438, 1580, 1265, 415, 255, 174, 1086, 1112]	739846
93	0.08431878246373337	0.15463860223685744	2.465656797017007	3.5892236101969157	[846, 10, 734, 19, 132, 387, 344, 1086, 1112]	748095
94	0.08517646141891011	0.15606547573809737	2.465656797017007	3.8499861555415054	[1265, 193, 232, 10, 158, 1713, 174, 1086, 1112]	744569
95	0.08603333702333982	0.15815856731612787	2.465656797017007	4.307621682473124	[1726, 132, 387, 1963, 2156, 8, 174, 1086, 1112]	742159
96	0.08688941002948636	0.15975711604355491	2.465656797017007	4.888675160291508	[1792, 232, 1192, 162, 420, 158, 1115, 1086, 1112]	743784
97	0.08774468118910872	0.16135262933231775	2.465656797017007	2.5114685958579344	[1792, 232, 10, 734, 19, 132, 1108, 1086, 1112]	799927
98	0.0885991512532619	0.16276817032254587	2.465656797017007	4.184406338438769	[1791, 1792, 496, 3366, 3459, 1203, 174, 1086, 1112]	806722
99	0.08945282097229745	0.1638847346434844	2.465656797017007	3.6135076335983953	[420, 162, 107, 10, 734, 19, 334, 1086, 1112]	754268
100	0.09030569109586384	0.1654724101148103	2.465656797017007	3.6987388940121626	[1535, 496, 217, 241, 19, 132, 1108, 1086, 1112]	798665
101	0.09115776237290762	0.1668809973855463	2.465656797017007	4.2286603461146886	[1794, 1791, 420, 158, 10, 232, 1023, 1086, 1112]	789146
102	0.09200903555167372	0.16846298333886156	2.465656797017007	3.6667189110240637	[1549, 162, 3284, 734, 19, 132, 1108, 1086, 1112]	754578
103	0.09285951137970616	0.17023933804974656	2.465656797017007	4.963224028090702	[87, 1529, 2229, 734, 10, 161, 1023, 1086, 1112]	804696
104	0.09370919060384897	0.1714842635970828	2.465656797017007	4.092753918370428	[2627, 301, 10, 232, 1879, 836, 1089, 1086, 1112]	745960
105	0.09455807397024651	0.1727273213291688	2.465656797017007	2.8363845093071696	[1743, 193, 232, 10, 734, 1203, 174, 1086, 1112]	742252
106	0.09540616222434417	0.173968514048368	2.465656797017007	3.767886943838805	[2047, 232, 10, 158, 420, 1822, 1094, 1086, 1112]	792846
107	0.09625345611088931	0.17553704171808948	2.465656797017007	3.7794472423659053	[1791, 420, 107, 811, 3459, 1203, 174, 1086, 1112]	758530
108	0.09709995637393165	0.1775184399714067	2.465656797017007	4.450442287620253	[669, 668, 670, 132, 1032, 1729, 1094, 1086, 1112]	741289
109	0.0979456637568239	0.17927545013992485	2.465656797017007	3.2422683369700698	[1549, 232, 1799, 10, 734, 1203, 174, 1086, 1112]	796933
110	0.09879057900222266	0.1805068184203219	2.465656797017007	3.6733766531596563	[420, 158, 3284, 811, 734, 1203, 174, 1086, 1112]	742875
111	0.09963470285208875	0.18247627301167324	2.465656797017007	4.3992039907199345	[1742, 1743, 193, 1265, 1209, 132, 1108, 1086, 1112]	744010
112	0.10047803604768812	0.18405328637391927	2.465656797017007	4.64226855101895	[3540, 359, 158, 10, 107, 836, 1089, 1086, 1112]	746381
113	0.10132057932959238	0.18527748626147555	2.465656797017007	2.8597526188769984	[2636, 162, 846, 10, 734, 1203, 174, 1086, 1112]	793146
114	0.10216233343767955	0.18682453964585322	2.465656797017007	3.32601163771265	[1580, 1579, 157, 10, 734, 1203, 174, 1086, 1096]	771329
115	0.1030032991111346	0.18856166984070155	2.465656797017007	4.003220560534432	[432, 422, 19, 241, 1723, 132, 1108, 1086, 1112]	790069
116	0.10384347708844999	0.1899312850777567	2.465656797017007	3.948748534039642	[3065, 1460, 19, 241, 132, 1713, 174, 1086, 1112]	740817
117	0.10468286810742666	0.19146950149606612	2.465656797017007	3.9598473671701946	[1794, 1791, 1792, 232, 320, 836, 1089, 1086, 1096]	737340
118	0.10552147290517444	0.19300479703901519	2.465656797017007	3.6808914137572426	[1537, 156, 161, 10, 734, 1203, 174, 1086, 1112]	751308
119	0.10635929221811269	0.19472872477971548	2.465656797017007	4.4701934600665325	[1849, 420, 162, 1541, 159, 1713, 174, 1086, 1112]	789165
120	0.107196326781971	0.19625783147636855	2.465656797017007	4.237743281798574	[305, 3083, 19, 132, 241, 1729, 1094, 1086, 1112]	743718
121	0.10803257733178995	0.1974637203608991	2.465656797017007	3.9354189837498	[320, 232, 10, 107, 420, 158, 1115, 1086, 1112]	734484
122	0.10886804460192145	0.1984150919264589	2.465656797017007	2.9650624219059236	[2689, 1549, 162, 10, 734, 1203, 174, 1086, 1112]	799663
123	0.10970272932602976	0.1999371986854961	2.465656797017007	3.5737586357920224	[1579, 4018, 2197, 241, 19, 132, 1108, 1086, 1096]	749901
124	0.11053663223709176	0.20128761332891854	2.421599557590757	2.421599557590757	[377, 162, 107, 10, 734, 1203, 174, 1086, 1112]	750702
125	0.11136975406739802	0.20280426553885167	2.421599557590757	3.011881719841078	[2636, 1549, 107, 10, 734, 1203, 174, 1086, 1112]	754066
126	0.11220209554855298	0.20450725935636516	2.421599557590757	3.7507136944742676	[4210, 2308, 651, 734, 19, 132, 1108, 1086, 1096]	737727
127	0.11303365741147586	0.20620661518659755	2.421599557590757	4.301629138710417	[1551, 1879, 496, 2729, 438, 2627, 261, 1086, 1112]	806999
128	0.11386444038640142	0.20754644777091802	2.421599557590757	4.001944396475173	[1019, 10, 232, 3, 19, 132, 1108, 1086, 1112]	746807
129	0.1146944452028803	0.20923931119425898	2.421599557590757	3.3064443978528946	[1265, 808, 331, 241, 19, 132, 1108, 1086, 1096]	736475
130	0.1155236725897798	0.21042572340740207	2.421599557590757	2.919588337858471	[2264, 232, 10, 734, 19, 132, 1108, 1086, 1112]	746513
131	0.11635212327528455	0.21232327511277516	2.421599557590757	3.349967131992438	[1742, 400, 654, 493, 217, 132, 1108, 1086, 1112]	755108
132	0.11717979798689715	0.2142463139918943	2.421599557590757	4.1133681511384586	[10, 494, 2229, 1529, 156, 1713, 174, 1086, 1096]	742546
133	0.11800669745143866	0.21592486495687746	2.421599557590757	4.199240973910083	[19, 734, 10, 232, 193, 1872, 1115, 1086, 1112]	747318
134	0.11883282239504955	0.21780920079930444	2.421599557590757	4.749157986481563	[3621, 1720, 241, 1729, 1822, 1210, 1117, 1086, 1112]	760391
135	0.11965817354319008	0.21929448063719637	2.421599557590757	4.651071116608378	[1549, 394, 432, 422, 19, 132, 1108, 1086, 1112]	752721
136	0.12048275162064082	0.22096224755478044	2.421599557590757	4.489603142942832	[1579, 1580, 438, 2729, 496, 970, 261, 1086, 1112]	753275
137	0.12130655735150375	0.22244154016196271	2.421599557590757	4.0417760981984125	[2047, 232, 1792, 496, 438, 2627, 261, 1086, 1112]	743183
138	0.12212959145920244	0.2236081445041409	2.421599557590757	3.0914945131722282	[1791, 420, 158, 1557, 734, 1203, 174, 1086, 1112]	801830
139	0.12295185466648284	0.22464357031355842	2.421599557590757	3.4135719704740835	[2764, 258, 132, 19, 734, 1203, 174, 1086, 1112]	749502
140	0.12377334769541415	0.2265069528464505	2.421599557590757	4.066164624162865	[421, 261, 217, 241, 1720, 132, 1108, 1086, 1112]	736951
141	0.12459407126738897	0.22815931226114616	2.421599557590757	3.2889854017383486	[1580, 301, 2729, 496, 217, 132, 1108, 1086, 1112]	747261
142	0.12541402610312435	0.229188668459548	2.421599557590757	2.6793945500443406	[107, 420, 158, 10, 734, 1203, 174, 1086, 1112]	755367
143	0.1262332129226622	0.23104112794315423	2.421599557590757	3.924736854048314	[1579, 1583, 162, 2636, 301, 2627, 438, 774, 794]	744290
144	0.1270516324453701	0.23268380131485766	2.421599557590757	2.761063827366203	[3621, 1720, 132, 19, 734, 1203, 174, 1086, 1112]	744043
145	0.1278692853899417	0.2341408361973436	2.421599557590757	2.4463708901304235	[1849, 420, 158, 10, 734, 1203, 174, 1086, 1112]	747510
146	0.12868617247439762	0.23528988758336444	2.421599557590757	4.158022253892335	[2306, 420, 158, 10, 438, 2627, 261, 1086, 1112]	753216
147	0.12950229441608585	0.23643721499825565	2.421599557590757	3.059521845880865	[87, 160, 107, 10, 734, 1203, 174, 1086, 1112]	739480
148	0.13031765193168254	0.23788712263036615	2.421599557590757	3.998823575796849	[1580, 301, 10, 232, 1192, 836, 1089, 1086, 1112]	748696
149	0.1311322457371925	0.2393342770741561	2.421599557590757	4.261177158226305	[2636, 162, 10, 415, 1265, 255, 174, 1086, 1112]	743526
150	0.13194607654794988	0.24077868355757648	2.421599557590757	4.464605363860516	[238, 10, 438, 3366, 3459, 1203, 174, 1086, 1112]	749965
151	0.13275914507861886	0.24206016243853157	2.421599557590757	3.4898124603537823	[1265, 1580, 301, 10, 734, 1203, 174, 1086, 1112]	789602
152	0.1335714520431942	0.24349939281584554	2.421599557590757	3.48192080745872	[331, 808, 807, 811, 734, 1203, 174, 1086, 1112]	802700
153	0.13438299815500188	0.24477627945027092	2.421599557590757	4.34103736273812	[1265, 415, 10, 162, 420, 158, 1115, 1086, 1112]	792172
154	0.1351937841266997	0.24621035227032517	2.421599557590757	3.405373237179699	[846, 10, 734, 19, 132, 217, 261, 1086, 1112]	747758
155	0.1360038106702781	0.2473412952431706	2.421599557590757	3.904102804974637	[377, 162, 1549, 107, 420, 158, 1115, 1086, 1112]	739258
156	0.13681307849706048	0.24877049742776747	2.421599557590757	3.8197206070083745	[241, 19, 734, 10, 158, 1713, 174, 1086, 1112]	751274
157	0.137621588317704	0.2503752967801862	2.421599557590757	3.326185521245204	[1794, 1791, 420, 107, 734, 1203, 174, 1086, 1112]	747402
158	0.13842934084220015	0.2514999909079595	2.421599557590757	3.8667176597332915	[1549, 162, 107, 10, 157, 1713, 174, 1086, 1112]	757227
159	0.13923633677987546	0.2529212962637658	2.421599557590757	4.777728510063727	[107, 1586, 1587, 241, 132, 217, 261, 1086, 1112]	760220
160	0.14004257683939214	0.25451722855324144	2.421599557590757	3.912838924854692	[432, 422, 19, 241, 1031, 132, 1094, 1086, 1112]	753982
161	0.14084806172874842	0.2557755183391518	2.421599557590757	3.633223939459353	[107, 10, 734, 19, 132, 387, 344, 1086, 1112]	746572
162	0.1416527921552796	0.25736535335246535	2.421599557590757	3.9885052513533514	[432, 15, 422, 19, 132, 1713, 174, 1086, 1112]	740603
163	0.14245676882565828	0.2589517921117832	2.421599557590757	3.9062965688947218	[3694, 673, 669, 811, 3459, 1203, 174, 1086, 1096]	800066
164	0.14325999244589527	0.26035894745445287	2.421599557590757	4.699458312130715	[1792, 496, 2729, 438, 1580, 301, 1092, 1086, 1112]	749439
165	0.14406246372134002	0.2616073770859678	2.421599557590757	3.897843058388144	[107, 10, 232, 1792, 496, 217, 261, 1086, 1112]	738590
166	0.14486418335668128	0.26300948981394046	2.421599557590757	4.212727817960873	[10, 157, 1511, 1031, 241, 132, 1108, 1086, 1112]	746890
167	0.14566515205594777	0.264253445632638	2.421599557590757	2.7972272025268525	[1580, 438, 10, 734, 19, 132, 1108, 1086, 1112]	735496
168	0.14646537052250896	0.2656505338163868	2.421599557590757	3.708532938889289	[420, 1791, 1792, 232, 320, 836, 1089, 1086, 1112]	740014
169	0.1472648394590752	0.2672192735207586	2.421599557590757	4.201317285726358	[1529, 481, 159, 733, 734, 1203, 174, 1086, 1112]	760550
170	0.1480635595676988	0.2686107299783743	2.421599557590757	2.7972272025268525	[1580, 438, 10, 734, 19, 132, 1108, 1086, 1096]	738023
171	0.14886153154977455	0.2698452315433221	2.421599557590757	4.458601304883987	[1555, 2229, 734, 10, 158, 1546, 234, 1086, 1112]	740145
172	0.14965875610604018	0.2708189938088297	2.421599557590757	2.743479017469469	[1549, 162, 846, 10, 734, 1203, 174, 1086, 1112]	745946
173	0.150455233936577	0.272376692491489	2.421599557590757	3.7841611370872377	[1851, 159, 651, 19, 734, 1203, 174, 1086, 1112]	746256
174	0.15125096574081076	0.2736048375417782	2.421599557590757	3.4545555510131623	[1549, 107, 10, 734, 19, 132, 1094, 1086, 1112]	777478
175	0.15204595221751205	0.2745735858532413	2.421599557590757	3.8705677896743227	[432, 422, 19, 241, 132, 387, 344, 1086, 1096]	750842
176	0.15284019406479676	0.27614786192560836	2.421599557590757	3.9862461183325166	[1546, 158, 10, 232, 320, 836, 1089, 1086, 1112]	786523
177	0.1536336919801271	0.2778874662918608	2.421599557590757	3.9062965688947218	[3694, 668, 669, 811, 3459, 1203, 174, 1086, 1112]	785442
178	0.15442644666031202	0.2794300650882344	2.421599557590757	3.7073488079991765	[2149, 420, 158, 733, 734, 1203, 174, 1086, 1112]	747584
179	0.15521845880150753	0.28079833482141103	2.421599557590757	3.693581887441092	[1529, 2229, 734, 19, 132, 217, 261, 1086, 1112]	753305
180	0.15600972909921784	0.282164006386149	2.421599557590757	3.0062272059967086	[2151, 158, 10, 734, 19, 132, 1108, 1086, 1112]	749263
181	0.1568002582482957	0.2831213398633813	2.421599557590757	4.299607045277701	[734, 10, 1549, 162, 420, 1822, 1094, 1086, 1112]	792664
182	0.15759004694294287	0.2838767427202864	2.421599557590757	4.426065399211326	[1019, 19, 132, 1032, 370, 1713, 174, 1086, 1112]	790115
183	0.15837909587671095	0.28508547699906683	2.421599557590757	3.851153002218851	[3621, 1720, 241, 1031, 132, 19, 334, 1086, 1096]	736105
184	0.159167405742502	0.28663694080766255	2.421599557590757	3.5408415270567346	[1580, 494, 2229, 734, 19, 132, 1108, 1086, 1112]	793152
185	0.1599549772325689	0.2874826014309325	2.421599557590757	4.324404487895627	[1791, 420, 162, 10, 158, 1546, 234, 1086, 1112]	752524
186	0.16074181103851626	0.28855162187631656	2.421599557590757	4.037715492381093	[1820, 10, 107, 162, 420, 158, 1115, 1086, 1112]	743663
187	0.1615279078513009	0.2896190384244274	2.421599557590757	4.081327325827049	[1792, 232, 10, 438, 1779, 132, 1108, 1086, 1112]	741947
188	0.1623132683612324	0.29096796060623864	2.421599557590757	3.5101282015520283	[1532, 1742, 400, 19, 734, 1203, 174, 1086, 1112]	753868
189	0.16309789325797364	0.2920317518176062	2.421599557590757	4.395269528956976	[19, 734, 10, 107, 420, 1582, 1087, 1086, 1112]	794890
190	0.1638817832305418	0.2932267213723122	2.421599557590757	3.5304304965122144	[157, 1549, 232, 10, 734, 1203, 174, 1086, 1112]	749854
191	0.1646649389673085	0.29456879302769245	2.421599557590757	2.5717925868915774	[2238, 1549, 162, 10, 734, 1203, 174, 1086, 1112]	737505
192	0.16544736115600067	0.2959083162614181	2.421599557590757	4.125510972225642	[1580, 438, 10, 162, 1192, 836, 1089, 1086, 1112]	757597
193	0.16622905048370096	0.2969646952450794	2.421599557590757	3.970269924607366	[1606, 1019, 10, 734, 19, 132, 1094, 1086, 1112]	753802
194	0.1670100076368486	0.29829966896830107	2.421599557590757	3.196872070467011	[193, 1743, 1742, 400, 19, 132, 1108, 1086, 1096]	748904
195	0.16779023330123966	0.29935246010282224	2.421599557590757	4.626901529702496	[421, 438, 2627, 261, 132, 387, 344, 1086, 1112]	800736
196	0.1685697281620281	0.30103629780322816	2.421599557590757	4.0974088082604645	[241, 1126, 132, 1032, 370, 1713, 174, 1086, 1096]	750148
197	0.169348492903726	0.30236354007627975	2.421599557590757	3.8452493860878088	[1715, 132, 19, 734, 10, 158, 1115, 1086, 1112]	734875
198	0.17012652821020435	0.30341023401049316	2.421599557590757	4.111807344466289	[377, 162, 1549, 107, 438, 2627, 261, 1086, 1112]	756716
199	0.1709038347646935	0.30489831029281933	2.421599557590757	3.9906256234832345	[107, 232, 1879, 496, 217, 132, 1108, 1086, 1112]	749444
200	0.1716804132497839	0.30656881987730544	2.421599557590757	4.03352239391095	[2627, 301, 2308, 651, 734, 1203, 174, 1086, 1112]	748479
201	0.17245626434742656	0.3077392525212239	2.421599557590757	4.412390930938899	[1792, 496, 1512, 1031, 132, 19, 334, 1086, 1112]	751400
202	0.17323138873893396	0.3089077096085	2.421599557590757	3.909528357322756	[386, 768, 778, 784, 19, 132, 1108, 1086, 1112]	787636
203	0.17400578710498016	0.31022000508179115	2.421599557590757	2.923960698511758	[1872, 193, 232, 10, 734, 1203, 174, 1086, 1112]	797355
204	0.17477946012560186	0.31125491162423535	2.421599557590757	3.574251295582039	[1791, 420, 158, 19, 734, 1203, 174, 1086, 1112]	736321
205	0.1755524084801986	0.31272622986722554	2.421599557590757	3.7644045735040335	[420, 1661, 1553, 10, 734, 1203, 174, 1086, 1112]	746731
206	0.17632463284753375	0.313757376213018	2.421599557590757	3.6349858748895585	[1743, 1742, 400, 19, 132, 217, 261, 1086, 1096]	745338
207	0.17709613390573486	0.31543277324374797	2.421599557590757	4.170477802865204	[193, 232, 1792, 1791, 420, 158, 1115, 1086, 1112]	753771
208	0.17786691233229424	0.3171040799496958	2.421599557590757	3.160564122904307	[1606, 1019, 10, 734, 19, 132, 1108, 1086, 1112]	795096
209	0.17863696880406965	0.31825673027771284	2.421599557590757	2.5606421040991183	[420, 158, 10, 734, 19, 132, 1108, 1086, 1112]	756499
210	0.17940630399728497	0.31927957897628456	2.421599557590757	3.405373237179699	[846, 10, 734, 19, 132, 217, 261, 1086, 1096]	739434
211	0.18017491858753054	0.3209155266433872	2.421599557590757	4.219490055315232	[4845, 813, 669, 668, 670, 132, 1108, 1086, 1112]	744232
212	0.18094281324976402	0.3225475427040816	2.421599557590757	3.965012544131884	[2073, 160, 331, 241, 1720, 132, 1108, 1086, 1112]	746667
213	0.18170998865831067	0.3238339378866639	2.421599557590757	4.7744820568150645	[1794, 107, 160, 331, 241, 132, 1094, 1086, 1112]	747986
214	0.18247644548686437	0.32484841886119953	2.421599557590757	3.025347229191784	[158, 10, 1820, 733, 734, 1203, 174, 1086, 1112]	751768
215	0.18324218440848794	0.3264709831621847	2.421599557590757	4.863195312521375	[2004, 19, 299, 1511, 2327, 387, 344, 1086, 1112]	742908
216	0.18400720609561372	0.3277499282353902	2.421599557590757	4.847522051732508	[1792, 232, 10, 162, 3131, 4105, 1115, 1086, 1112]	748386
217	0.1847715112200441	0.32918600932131314	2.421599557590757	3.0505573926899316	[10, 494, 2229, 734, 19, 132, 1108, 1086, 1112]	742410
218	0.1855351004529524	0.3300806324608404	2.421599557590757	3.2944267883876437	[3, 232, 10, 734, 19, 132, 1108, 1086, 1112]	741054
219	0.18629797446488328	0.3315117346253833	2.421599557590757	3.188652513496571	[988, 420, 1917, 10, 734, 1203, 174, 1086, 1112]	749647
220	0.18706013392575316	0.3327811079591567	2.421599557590757	3.6376595384239296	[157, 1805, 162, 107, 734, 1203, 174, 1086, 1112]	749136
221	0.18782157950485112	0.3340480709160485	2.421599557590757	2.806489471342979	[1849, 420, 107, 10, 734, 1203, 174, 1086, 1112]	797815
222	0.1885823118708394	0.335047227188251	2.421599557590757	3.88583945044717	[2309, 420, 158, 10, 301, 2627, 261, 1086, 1096]	744444
223	0.18934233169175374	0.33593403358393803	2.421599557590757	3.857432277887286	[420, 158, 10, 734, 19, 387, 344, 1086, 1112]	803307
224	0.19010163963500426	0.3371950095401317	2.421599557590757	3.0353190250255073	[377, 162, 107, 734, 19, 132, 1108, 1086, 1096]	749992
225	0.19086023636737603	0.3381894443252009	2.421599557590757	5.140360296236248	[320, 232, 10, 162, 1549, 438, 1091, 1086, 1112]	757105
226	0.1916181225550294	0.33962566514914794	2.421599557590757	3.6257413630617314	[2196, 2197, 4018, 241, 1720, 132, 1108, 1086, 1112]	747576
227	0.1923752988635009	0.3405063655652346	2.421599557590757	3.847607479567573	[158, 10, 232, 3, 19, 132, 1108, 1086, 1112]	772046
228	0.19313176595770365	0.3416195155076158	2.421599557590757	3.4254636606635254	[396, 1728, 132, 19, 734, 1203, 174, 1086, 1112]	741412
229	0.19388752450192792	0.3427307865800133	2.421599557590757	3.8269188975382598	[158, 10, 438, 2627, 261, 132, 1108, 1086, 1112]	740142
230	0.19464257515984174	0.34397885637546144	2.421599557590757	3.9170804766236627	[1580, 438, 10, 232, 1192, 836, 1089, 1086, 1096]	789820
231	0.1953969185944916	0.3450861451499049	2.421599557590757	4.432925520296865	[1962, 842, 193, 232, 320, 836, 1089, 1086, 1112]	805686
232	0.19615055546830296	0.3460687405254087	2.421599557590757	2.5344042396157462	[1582, 420, 158, 10, 734, 1203, 174, 1086, 1112]	788385
233	0.19690348644308076	0.34731047197514886	2.421599557590757	3.208872610028693	[2094, 1549, 162, 10, 734, 1203, 174, 1086, 1112]	754580
234	0.1976557121800101	0.34818092363956243	2.421599557590757	3.7516808029240867	[1549, 162, 107, 10, 438, 2627, 261, 1086, 1112]	786884
235	0.1984072333396567	0.34941864432492564	2.421599557590757	4.089856217953253	[1579, 1580, 438, 496, 1879, 836, 1089, 1086, 1112]	800822
236	0.19915805058196756	0.35039473946589905	2.421599557590757	5.177662022626117	[734, 10, 301, 2627, 438, 240, 150, 1086, 1112]	741385
237	0.1999081645662717	0.35195590933488896	2.421599557590757	4.206720409220161	[2006, 19, 1126, 241, 1720, 132, 1108, 1086, 1112]	747451
238	0.2006575759512803	0.3533402808664612	2.421599557590757	3.7602177598066113	[1580, 301, 1512, 1031, 241, 132, 1108, 1086, 1112]	754739
239	0.20140628539508776	0.35489437183575334	2.421599557590757	4.163658612658943	[3819, 438, 1535, 496, 217, 132, 1108, 1086, 1112]	740904
240	0.202154293555172	0.35598323646662466	2.421599557590757	4.7953601072728524	[419, 421, 438, 3366, 496, 217, 261, 1086, 1112]	741685
241	0.20290160108839517	0.3573590046992704	2.421599557590757	3.9308700522550524	[3869, 438, 2297, 400, 19, 132, 1108, 1086, 1112]	746358
242	0.20364820865100408	0.3584437093113232	2.421599557590757	4.350836563109406	[382, 409, 19, 241, 1729, 1822, 1094, 1086, 1112]	745240
243	0.20439411689863096	0.35940626375980156	2.421599557590757	3.0803455105729975	[1586, 107, 232, 10, 734, 1203, 174, 1086, 1112]	746605
244	0.20513932648629385	0.36048751283235203	2.421599557590757	4.09490546423578	[1579, 1580, 438, 10, 157, 1713, 174, 1086, 1112]	750168
245	0.20588383806839727	0.3618536588925857	2.421599557590757	3.904032555910276	[332, 165, 227, 1031, 241, 132, 1108, 1086, 1112]	749959
246	0.2066276522987328	0.36306541681027016	2.421599557590757	3.9609391055745595	[1791, 420, 107, 162, 1192, 836, 1089, 1086, 1112]	806430
247	0.20737076983047964	0.36414048965033774	2.421599557590757	3.622602562079857	[432, 394, 193, 232, 320, 836, 1089, 1086, 1112]	744167
248	0.2081131913162052	0.3656686249176728	2.421599557590757	3.6048119562943555	[87, 160, 331, 241, 1031, 132, 1108, 1086, 1112]	785920
249	0.20885491740786577	0.3671930876797497	2.421599557590757	4.050882423356405	[193, 1743, 1742, 400, 1032, 132, 1108, 1086, 1112]	741650
250	0.20959594875680676	0.3681425150602028	2.421599557590757	3.9713441653488903	[2238, 1549, 107, 10, 158, 1713, 174, 1086, 1112]	756537
251	0.21033628601376364	0.369492308271439	2.421599557590757	4.233493569471909	[160, 87, 1265, 1209, 241, 132, 1108, 1086, 1112]	797803
252	0.21107592982886225	0.3706895613753073	2.421599557590757	3.8683928695356746	[846, 10, 734, 19, 387, 344, 174, 1086, 1112]	751532
253	0.2118148808516196	0.3720339135085998	2.421599557590757	3.7732537289641703	[318, 317, 324, 668, 670, 132, 1108, 1086, 1112]	796192
254	0.21255313973094436	0.3730938485504207	2.421599557590757	3.366903485742709	[420, 158, 651, 734, 19, 132, 1108, 1086, 1112]	739113
255	0.2132907071151372	0.374151994542933	2.421599557590757	3.5881138018725	[157, 1549, 162, 107, 734, 1203, 174, 1086, 1112]	799826
256	0.21402758365189178	0.37520835450584766	2.421599557590757	3.2950611785799193	[1582, 420, 158, 1557, 734, 1203, 174, 1086, 1112]	793749
257	0.21476376998829494	0.3763947535722699	2.421599557590757	3.0112597620195887	[1794, 107, 10, 734, 19, 132, 1108, 1086, 1112]	749265
258	0.21549926677082742	0.378134723567883	2.421599557590757	4.269044361500788	[1873, 10, 195, 190, 196, 1078, 334, 1086, 1112]	742101
259	0.21623407464536448	0.3796292270627264	2.421599557590757	4.388414525224089	[1819, 1513, 1031, 132, 1032, 1729, 1094, 1086, 1096]	792276
260	0.2169681942571765	0.3808072314601225	2.421599557590757	3.56831686413683	[2636, 162, 107, 811, 3459, 1203, 174, 1086, 1112]	743111
261	0.21770162625092937	0.38198299897850885	2.421599557590757	3.9867235425194414	[1402, 1781, 301, 10, 734, 1203, 174, 1086, 1112]	740875
262	0.2184343712706851	0.3833032257262965	2.421599557590757	3.7976503379094764	[1743, 193, 232, 10, 734, 19, 334, 1086, 1112]	749534
263	0.21916642995990254	0.3848088330853632	2.421599557590757	3.2554680830185445	[87, 1529, 2229, 734, 19, 132, 1108, 1086, 1112]	794891
264	0.21989780296143768	0.38584720552180285	2.421599557590757	4.126935125938813	[2238, 1549, 162, 10, 161, 1713, 174, 1086, 1112]	747247
265	0.22062849091754466	0.3871591774338351	2.421599557590757	4.140859734248024	[846, 10, 195, 190, 196, 1078, 334, 1086, 1112]	755275
266	0.22135849446987577	0.3883228834228659	2.421599557590757	4.082787227855682	[195, 10, 301, 2729, 438, 2627, 261, 1086, 1112]	753958
267	0.22208781425948243	0.3891386393701376	2.421599557590757	4.440480191221271	[195, 3284, 162, 107, 10, 158, 1115, 1086, 1096]	749504
268	0.22281645092681557	0.3904435800208972	2.421599557590757	3.6208345828395823	[193, 1265, 2308, 651, 734, 1203, 174, 1086, 1112]	750118
269	0.22354440511172624	0.3913726402555856	2.421599557590757	3.520745493762818	[5420, 435, 422, 19, 241, 132, 1108, 1086, 1112]	797579
270	0.2242716774534662	0.39285854689558664	2.421599557590757	3.992292627282869	[2071, 321, 1398, 331, 241, 132, 1108, 1086, 1112]	754398
271	0.2249982685906884	0.3936682539089479	2.421599557590757	3.277501431330884	[2040, 545, 132, 19, 734, 1203, 174, 1086, 1112]	746022
272	0.2257241791614476	0.394577959460782	2.421599557590757	4.281143007926363	[846, 10, 107, 1549, 438, 2627, 261, 1086, 1112]	750075
273	0.22644940980320105	0.39559984272751003	2.421599557590757	3.9924038268457362	[10, 438, 496, 217, 241, 132, 1108, 1086, 1112]	751229
274	0.22717396115280875	0.3966200011719804	2.421599557590757	3.890595698460351	[320, 232, 10, 734, 19, 3308, 334, 1086, 1112]	802506
275	0.22789783384653428	0.397638437705496	2.421599557590757	3.2700872657585185	[195, 10, 734, 811, 3459, 1203, 174, 1086, 1112]	743937
276	0.22862102852004518	0.39865515523444606	2.421599557590757	4.282161205266148	[394, 193, 232, 10, 107, 1546, 234, 1086, 1112]	755205
277	0.22934354580841365	0.400123282296862	2.421599557590757	3.350197656851903	[3895, 1030, 1032, 1729, 241, 132, 1108, 1086, 1112]	798883
278	0.23006538634611695	0.4008344098390595	2.421599557590757	3.4001597669184953	[1820, 10, 158, 651, 734, 1203, 174, 1086, 1112]	756865
279	0.23078655076703825	0.4018457329320202	2.421599557590757	4.237123730675896	[811, 734, 10, 261, 217, 132, 1108, 1086, 1112]	758090
280	0.23150703970446684	0.4028553490270905	2.421599557590757	4.373916485648279	[2654, 232, 10, 846, 734, 19, 334, 1086, 1112]	800476
281	0.23222685379109886	0.4044954557955097	2.421599557590757	4.521961343640693	[1820, 841, 1268, 21, 1417, 5272, 174, 1086, 1096]	789916
282	0.2329459936590378	0.4053889168314818	2.421599557590757	4.144879016640367	[2238, 1549, 162, 10, 159, 1713, 174, 1086, 1112]	753377
283	0.23366445993979512	0.4066591431444029	2.421599557590757	3.062363559488797	[2872, 241, 1126, 19, 734, 1203, 174, 1086, 1112]	748811
284	0.23438225326429085	0.4077858212037533	2.421599557590757	4.388255443426579	[841, 1268, 1380, 2975, 2156, 8, 174, 1086, 1112]	740260
285	0.23509937426285388	0.4089103598462158	2.421599557590757	2.92707624055394	[3543, 359, 158, 10, 734, 1203, 174, 1086, 1112]	748847
286	0.2358158235652229	0.41017306354527483	2.421599557590757	3.72475937902556	[321, 317, 324, 671, 670, 132, 1108, 1086, 1112]	748186
287	0.23653160180054655	0.41105800622256883	2.421599557590757	4.938740054844702	[157, 651, 734, 10, 232, 193, 1115, 1086, 1112]	791517
288	0.23724670959738436	0.41217633140606547	2.421599557590757	3.6420686476469495	[1791, 420, 1879, 496, 217, 132, 1108, 1086, 1112]	750595
289	0.237961147583707	0.4134320582371682	2.421599557590757	3.7175198579440627	[1579, 1580, 438, 2040, 545, 132, 1108, 1086, 1112]	740350
290	0.23867491638689708	0.41442211793825323	2.421599557590757	4.027573963089331	[382, 409, 786, 19, 734, 1203, 174, 1086, 1112]	791306
291	0.2393880166337493	0.41553405510579666	2.421599557590757	4.26768550920355	[1402, 1078, 334, 19, 132, 1713, 174, 1086, 1112]	742954
292	0.24010044895047156	0.4165205668762103	2.421599557590757	3.4898679161836483	[382, 409, 19, 241, 1031, 132, 1108, 1086, 1112]	747685
293	0.24081221396268515	0.41750541352741266	2.421599557590757	3.848838018501735	[320, 836, 162, 10, 734, 1203, 174, 1086, 1112]	757527
294	0.24152331229542523	0.4183793551652102	2.421599557590757	4.191698314575522	[2238, 1549, 107, 10, 159, 1713, 174, 1086, 1112]	745070
295	0.2422337445731415	0.4194837780476547	2.421599557590757	3.7573903086597715	[1259, 734, 19, 241, 1209, 132, 1108, 1086, 1112]	748400
296	0.24294351141969905	0.42087890904371017	2.421599557590757	3.037517528763763	[846, 10, 734, 811, 3459, 1203, 174, 1086, 1112]	800417
297	0.2436526134583783	0.42197858559446266	2.421599557590757	4.770218633880879	[377, 162, 420, 988, 677, 132, 1108, 1086, 1112]	750228
298	0.24436105131187613	0.4229542197333609	2.421599557590757	4.034062811069623	[1879, 232, 10, 158, 420, 1822, 1094, 1086, 1112]	740463
299	0.24506882560230592	0.42392820711324763	2.421599557590757	3.7418747731493935	[249, 318, 158, 651, 734, 1203, 174, 1086, 1112]	772751
300	0.2457759369511986	0.4250220934387162	2.421599557590757	3.7206281739309555	[238, 10, 734, 19, 132, 1713, 174, 1086, 1112]	734248
301	0.24648238597950267	0.42640391442692727	2.421599557590757	3.6913261736336915	[1792, 496, 217, 241, 1720, 132, 1108, 1086, 1112]	756052
302	0.24718817330758525	0.42778241454102883	2.421599557590757	4.02400619331111	[241, 1031, 1512, 496, 217, 132, 1108, 1086, 1112]	799918
303	0.24789329955523232	0.42864093715295715	2.421599557590757	3.6824608401790897	[432, 422, 19, 132, 241, 217, 261, 1086, 1096]	740225
304	0.24859776534164924	0.4300140611214387	2.421599557590757	3.569538936473771	[1265, 808, 331, 241, 217, 132, 1108, 1086, 1112]	755622
305	0.2493015712854615	0.43109639119200893	2.421599557590757	4.745384437004672	[811, 734, 10, 415, 1265, 193, 1115, 1086, 1112]	739626
306	0.250004718004715	0.4321766660568245	2.421599557590757	3.0799557002345415	[317, 318, 158, 10, 734, 1203, 174, 1086, 1096]	794034
307	0.2507072061168769	0.4332720042781655	2.421599557590757	3.745596253940434	[19, 734, 10, 158, 420, 1822, 1094, 1086, 1112]	748201
308	0.25140903623883604	0.43450188274110346	2.421599557590757	3.8236246626223256	[542, 457, 540, 409, 19, 132, 1108, 1086, 1112]	767941
309	0.2521102089869032	0.4357099170492127	2.421599557590757	4.188549168473484	[669, 668, 670, 132, 241, 1729, 1094, 1086, 1112]	754555
310	0.2528107249768121	0.43706605242617724	2.421599557590757	3.5937253317935545	[2627, 261, 217, 241, 1209, 132, 1108, 1086, 1112]	743940
311	0.2535105848237198	0.4378168026229873	2.421599557590757	4.338775665654028	[420, 107, 162, 1549, 438, 2627, 261, 1086, 1096]	792904
312	0.25420978914220693	0.4391678746076504	2.421599557590757	3.4484548292808226	[734, 19, 1126, 241, 1720, 132, 1108, 1086, 1112]	756684
313	0.2549083385462786	0.4399158217341833	2.421599557590757	4.487018211506254	[1549, 162, 107, 10, 438, 2267, 261, 1086, 1112]	755258
314	0.25560623364936474	0.4412618492316941	2.421599557590757	3.245701378418415	[195, 10, 1820, 733, 734, 1203, 174, 1086, 1112]	745536
315	0.25630347506432083	0.4421001480690093	2.421599557590757	4.15711071020291	[811, 3284, 2308, 651, 734, 19, 334, 1086, 1112]	809931
316	0.2570000634034282	0.4432919507312154	2.421599557590757	4.002718156074593	[734, 811, 669, 668, 670, 132, 1108, 1086, 1112]	757675
317	0.2576959992783947	0.44403439783243503	2.421599557590757	3.709828422976652	[320, 232, 10, 1019, 19, 132, 1108, 1086, 1112]	749736
318	0.2583912833003553	0.44477585477786497	2.421599557590757	2.5606421040991183	[420, 158, 10, 734, 19, 132, 1108, 1086, 1112]	751617
319	0.2590859160798725	0.44571300972977346	2.421599557590757	4.239752710694744	[377, 162, 1549, 10, 157, 1713, 174, 1086, 1112]	746903
320	0.2597798982269369	0.44645222801431306	2.421599557590757	4.256766829879504	[190, 195, 10, 158, 420, 1822, 1094, 1086, 1112]	744059
321	0.2604732303509677	0.44750334411780146	2.421599557590757	4.296589790524168	[1807, 157, 10, 261, 217, 132, 1108, 1086, 1112]	746433
322	0.2611659130608134	0.4485524642868486	2.421599557590757	3.0799557002345415	[317, 318, 158, 10, 734, 1203, 174, 1086, 1112]	742721
323	0.26185794696475206	0.44937982470137017	2.421599557590757	3.9567887783582076	[1548, 19, 132, 1032, 370, 1713, 174, 1086, 1112]	743813
324	0.2625493326704922	0.45030920867780977	2.421599557590757	3.727447036748247	[2636, 162, 107, 232, 320, 836, 1089, 1086, 1112]	753509
325	0.26324007078517286	0.4513530008705331	2.421599557590757	3.541201453231862	[1820, 10, 846, 734, 19, 132, 1108, 1086, 1112]	745758
326	0.26393016191536467	0.4526924710832515	2.421599557590757	2.9343375404904775	[1580, 438, 2627, 261, 217, 132, 1108, 1086, 1112]	753910
327	0.26461960666706996	0.45400779297968075	2.421599557590757	3.787698069589437	[3284, 813, 807, 811, 734, 1203, 174, 1086, 1112]	802381
328	0.26530840564572356	0.45517415816801765	2.421599557590757	3.828687958469068	[2627, 438, 10, 811, 3459, 1203, 174, 1086, 1112]	763498
329	0.26599655945619305	0.45609376197126417	2.421599557590757	3.9170804766236627	[1580, 438, 10, 232, 1192, 836, 1089, 1086, 1112]	776108
330	0.2666840687027795	0.45740090968381186	2.421599557590757	4.796920301534095	[3708, 969, 2729, 496, 1879, 836, 1089, 1086, 1096]	735764
331	0.2673709339892181	0.4584312356474114	2.421599557590757	3.959695201765525	[456, 457, 540, 409, 19, 132, 1108, 1086, 1112]	736294
332	0.2680571559186783	0.4593453418758229	2.421599557590757	3.3348396593487477	[837, 160, 107, 10, 734, 1203, 174, 1086, 1112]	747036
333	0.2687427350937648	0.4603882713860933	2.421599557590757	3.6145133112940186	[2033, 2034, 400, 19, 734, 1203, 174, 1086, 1112]	737134
334	0.26942767211651786	0.4614129247336132	2.421599557590757	4.265499142868762	[1580, 1579, 1583, 162, 420, 158, 1115, 1086, 1112]	789358
335	0.2701119675884137	0.46256347085387217	2.421599557590757	3.2889854017383486	[1580, 301, 2728, 496, 217, 132, 1108, 1086, 1112]	793306
336	0.27079562211036523	0.4637115591424533	2.421599557590757	3.2308870043034217	[19, 734, 10, 232, 320, 836, 1089, 1086, 1112]	753613
337	0.2714786362827225	0.4645161757160994	2.421599557590757	4.561604890550851	[1703, 1549, 162, 10, 158, 1713, 174, 1086, 1112]	744083
338	0.2721610107052733	0.4656600925770574	2.421599557590757	3.6930438924536517	[457, 540, 19, 241, 1031, 132, 1108, 1086, 1112]	780555
339	0.27284274597724356	0.4663727086706332	2.421599557590757	3.595986787453527	[1580, 301, 10, 232, 320, 836, 1089, 1086, 1112]	731316
340	0.273523842697298	0.46717333260738425	2.421599557590757	3.195545974171699	[3131, 162, 1549, 107, 734, 1203, 174, 1086, 1096]	746909
341	0.2742043014635406	0.46788393058630284	2.421599557590757	2.8172572531198767	[320, 232, 107, 10, 734, 1203, 174, 1086, 1112]	736456
342	0.27488412287351494	0.4688943506399855	2.421599557590757	4.149673580203545	[1582, 420, 2764, 400, 19, 132, 1108, 1086, 1112]	754417
343	0.2755633075242051	0.47002891471027364	2.421599557590757	3.655668535635761	[160, 331, 241, 1126, 19, 132, 1108, 1086, 1112]	738329
344	0.2762418560120359	0.4705873658041152	2.421599557590757	2.9498129857656314	[193, 232, 1799, 10, 734, 1203, 174, 1086, 1112]	744923
345	0.2769197689328736	0.4713816663098104	2.421599557590757	4.188400110244518	[320, 232, 1549, 162, 420, 158, 1115, 1086, 1112]	746112
346	0.27759704688202635	0.47217477509235306	2.421599557590757	3.8869569766972756	[1820, 733, 734, 1460, 19, 132, 1108, 1086, 1112]	742376
347	0.27827369045424455	0.4734432759609284	2.421599557590757	4.428602336986001	[190, 195, 3284, 811, 734, 19, 334, 1086, 1112]	744640
348	0.27894970024372157	0.47444313953196615	2.421599557590757	4.00875025683535	[2047, 232, 10, 107, 420, 158, 1115, 1086, 1096]	790709
349	0.2796250768440943	0.47556585011035857	2.421599557590757	3.99667544070045	[195, 10, 734, 19, 241, 1729, 1094, 1086, 1112]	790931
350	0.2802998208484436	0.47635268118229523	2.421599557590757	4.214432877840766	[2627, 301, 1580, 438, 240, 1203, 174, 1086, 1112]	738919
351	0.28097393284929484	0.47723653805722865	2.3308375742080556	2.3308375742080556	[1791, 420, 158, 10, 734, 1203, 174, 1086, 1112]	746816
352	0.2816474134386182	0.4782291987108743	2.3308375742080556	3.8883445874014217	[545, 457, 540, 19, 734, 1203, 174, 1086, 1112]	744077
353	0.28232026320782955	0.47921997442946807	2.3308375742080556	3.9609391055745595	[1791, 420, 107, 162, 1192, 836, 1089, 1086, 1096]	753831
354	0.2829924827477909	0.4802088687922593	2.3308375742080556	3.733875636043339	[193, 1265, 415, 10, 734, 19, 334, 1086, 1112]	754768
355	0.28366407264881055	0.4811958853717011	2.3308375742080556	3.4565068213834858	[1726, 132, 19, 1460, 734, 1203, 174, 1086, 1112]	752380
356	0.28433503350064404	0.4823041705286829	2.3308375742080556	4.6133853854007745	[157, 651, 1431, 19, 132, 1713, 174, 1086, 1112]	746465
357	0.2850053658924946	0.48308089180918257	2.3308375742080556	3.475025740637708	[2149, 420, 158, 10, 734, 19, 334, 1086, 1096]	745015
358	0.28567507041301343	0.4839533922329229	2.3308375742080556	3.382595354054197	[119, 409, 19, 241, 1031, 132, 1108, 1086, 1112]	739158
359	0.2863441476503005	0.48493329844341815	2.3308375742080556	3.9431735824105774	[2872, 241, 1729, 1032, 370, 1713, 174, 1086, 1112]	752540
360	0.28701259819190483	0.4860335996247219	2.3308375742080556	4.23194848400804	[669, 668, 670, 132, 387, 344, 174, 1086, 1112]	740471
361	0.2876804226248252	0.48680472548262377	2.3308375742080556	4.089319507267618	[377, 162, 1549, 10, 158, 1713, 174, 1086, 1096]	770512
362	0.2883476215355103	0.48767094050037585	2.3308375742080556	4.600199719148635	[332, 165, 261, 217, 241, 19, 334, 1086, 1112]	786652
363	0.28901419550985996	0.48843960978546186	2.3308375742080556	3.9620780781754723	[846, 10, 107, 162, 420, 158, 1115, 1086, 1112]	760859
364	0.2896801451332248	0.4892071258030163	2.3308375742080556	4.098560252318851	[2627, 261, 217, 241, 132, 387, 344, 1086, 1112]	803845
365	0.29034547099040753	0.4899734902833358	2.3308375742080556	4.173663415620657	[2306, 420, 158, 651, 19, 132, 1108, 1086, 1096]	741623
366	0.29101017366566284	0.4908343567879695	2.3308375742080556	4.184406338438769	[1791, 1792, 496, 3366, 3459, 1203, 174, 1086, 1112]	792716
367	0.2916742537426983	0.4919220519486397	2.3308375742080556	4.121292679652025	[846, 10, 438, 2040, 545, 132, 1108, 1086, 1112]	747845
368	0.2923377118046746	0.49288682669808614	2.3308375742080556	3.8679074756519	[2046, 232, 1792, 496, 217, 132, 1108, 1086, 1112]	741979
369	0.2930005484342064	0.4938497694642302	2.3308375742080556	3.6181267549210165	[1917, 420, 158, 1557, 734, 1203, 174, 1086, 1112]	795107
370	0.29366276421336257	0.495066179701495	2.3308375742080556	3.554774157271062	[1265, 808, 331, 241, 1720, 132, 1108, 1086, 1112]	742269
371	0.2943243597236668	0.4958237535916892	2.3308375742080556	4.387984273747672	[1550, 420, 162, 107, 734, 19, 334, 1086, 1112]	743677
372	0.29498533554609796	0.4967811195109758	2.3308375742080556	4.0047655418827715	[1851, 159, 807, 811, 3459, 1203, 174, 1086, 1112]	778931
373	0.29564569226109105	0.4977366675153766	2.3308375742080556	3.2154072339633615	[193, 1265, 808, 331, 241, 132, 1108, 1086, 1112]	746285
374	0.2963054304485371	0.4985844306633782	2.3308375742080556	3.2967662235336554	[10, 301, 2627, 261, 217, 132, 1108, 1086, 1112]	754691
375	0.29696455068778405	0.4993367259705962	2.3308375742080556	3.8263465787974793	[300, 301, 10, 232, 320, 836, 1089, 1086, 1112]	745206
376	0.2976230535576372	0.5005399496287326	2.3308375742080556	3.2214779196594137	[2047, 232, 1792, 496, 217, 132, 1108, 1086, 1112]	806532
377	0.2982809396363598	0.5013829811566548	2.3308375742080556	3.8589729238283432	[158, 10, 301, 2627, 261, 132, 1108, 1086, 1112]	796541
378	0.2989382095016735	0.50222458974363	2.3308375742080556	4.2539761825345614	[257, 320, 232, 10, 161, 1713, 174, 1086, 1112]	744630
379	0.2995948637307585	0.5034208731163623	2.3308375742080556	4.935005069951621	[1544, 1526, 621, 1917, 420, 1822, 1094, 1086, 1112]	753372
380	0.3002509029002548	0.5044816805773563	2.3308375742080556	4.258828676428865	[1743, 1742, 400, 1032, 370, 1713, 174, 1086, 1112]	795293
381	0.300906327586262	0.5055402219091307	2.3308375742080556	4.402083359618617	[249, 318, 158, 420, 1879, 836, 1089, 1086, 1112]	756632
382	0.3015611383643402	0.5061996523402076	2.3308375742080556	2.3635521757840072	[1549, 162, 107, 10, 734, 1203, 174, 1086, 1096]	746137
383	0.3022153358095103	0.5071373157607855	2.3308375742080556	4.163718207728937	[10, 158, 420, 1822, 1729, 132, 1108, 1086, 1112]	744399
384	0.3028689204962548	0.5077215828592418	2.3308375742080556	3.777506788446872	[837, 160, 331, 241, 19, 132, 1108, 1086, 1112]	760036
385	0.30352189299851795	0.50865635632929	2.3308375742080556	4.436184840278041	[1526, 621, 1917, 10, 158, 1713, 174, 1086, 1096]	747072
386	0.3041742538897064	0.5095893547846109	2.3308375742080556	2.895865719992975	[1579, 1583, 162, 10, 734, 1203, 174, 1086, 1112]	733468
387	0.30482600374268987	0.5104171119500497	2.3308375742080556	4.163239582546776	[390, 3248, 334, 1987, 19, 132, 1108, 1086, 1112]	752923
388	0.30547714312980123	0.511243471955921	2.3308375742080556	4.301326814975238	[734, 10, 158, 420, 1582, 836, 1089, 1086, 1096]	752918
389	0.3061276726228376	0.5118952963150714	2.3308375742080556	3.6359172199571725	[1586, 1587, 241, 19, 734, 1203, 174, 1086, 1112]	735134
390	0.30677759279306027	0.5125462513763795	2.3308375742080556	3.3150469371284377	[1549, 162, 10, 232, 320, 836, 1089, 1086, 1112]	791844
391	0.30742690421119556	0.5134718634207496	2.3308375742080556	3.099862811030701	[2238, 1549, 10, 734, 19, 132, 1108, 1086, 1112]	750567
392	0.30807560744743523	0.5142018224734018	2.3308375742080556	3.85119214147302	[2627, 301, 1580, 438, 1779, 132, 1108, 1086, 1112]	745829
393	0.30872370307143693	0.5150217943201143	2.3308375742080556	3.21907908036712	[2149, 420, 162, 107, 734, 1203, 174, 1086, 1112]	750023
394	0.30937119165232463	0.5163538267453827	2.3308375742080556	4.106507619126284	[1819, 1513, 1031, 241, 1729, 1822, 1094, 1086, 1112]	740908
395	0.3100180737586895	0.5173870064367835	2.3308375742080556	4.148227397012568	[2490, 390, 162, 107, 734, 1203, 174, 1086, 1112]	752805
396	0.3106643499585898	0.518317972859552	2.3308375742080556	4.241460788027678	[377, 162, 107, 10, 232, 193, 1115, 1086, 1112]	786861
397	0.31131002081955206	0.519475579660007	2.3308375742080556	4.009343504883001	[1580, 438, 2729, 496, 217, 132, 1094, 1086, 1112]	775474
398	0.3119550869085709	0.5200452202876857	2.3308375742080556	4.249033834746209	[2264, 232, 10, 734, 19, 132, 261, 1086, 1112]	738118
399	0.31259954879211005	0.5207653170508001	2.3308375742080556	2.886939728725295	[1723, 241, 132, 19, 734, 1203, 174, 1086, 1112]	738897
400	0.31324340703610276	0.5216753221453759	2.3308375742080556	3.8934991739012927	[1647, 1697, 241, 19, 132, 1713, 174, 1086, 1112]	745077
401	0.31388666220595196	0.5224826795780974	2.3308375742080556	3.415529103916116	[811, 3284, 158, 10, 734, 1203, 174, 1086, 1112]	749377
402	0.31452931486653113	0.5233894236218672	2.3308375742080556	4.793135537797646	[1529, 156, 1541, 162, 107, 836, 1089, 1086, 1112]	748495
403	0.3151713655821845	0.5238916466772426	2.3308375742080556	3.792275432250494	[320, 232, 10, 734, 19, 132, 261, 1086, 1112]	793370
404	0.31581281491672797	0.524456052251132	2.3308375742080556	3.6606981264708187	[193, 232, 10, 734, 19, 1987, 334, 1086, 1112]	750803
405	0.31645366343344905	0.5253590491137194	2.3308375742080556	3.248839901254436	[432, 422, 19, 241, 1720, 132, 1108, 1086, 1112]	742426
406	0.3170939116951079	0.5260711733112939	2.3308375742080556	3.817693264061374	[1579, 1580, 438, 2729, 496, 217, 261, 1086, 1112]	789770
407	0.3177335602639375	0.5267032228820189	2.3308375742080556	3.928495302753097	[420, 162, 1549, 10, 734, 19, 334, 1086, 1112]	787996
408	0.31837260970164405	0.527413330357976	2.3308375742080556	3.652221984022918	[1791, 420, 107, 10, 734, 19, 334, 1086, 1112]	812719
409	0.31901106056940776	0.5280435899768402	2.3308375742080556	3.9261156840729994	[1019, 1799, 232, 10, 158, 1713, 174, 1086, 1112]	754057
410	0.31964891342788315	0.5289397745661855	2.3308375742080556	3.8341573268792892	[2636, 162, 10, 232, 1192, 836, 1089, 1086, 1096]	747135
411	0.3202861688371996	0.5296465264476233	2.3308375742080556	3.4833355535929016	[359, 158, 10, 232, 320, 836, 1089, 1086, 1112]	745749
412	0.320922827356962	0.5306513098689083	2.3308375742080556	3.7175198579440627	[1579, 1580, 438, 2040, 545, 132, 1108, 1086, 1112]	733974
413	0.3215588895462509	0.5312772511947195	2.3308375742080556	4.069195633211105	[382, 409, 19, 132, 241, 217, 261, 1086, 1112]	804091
414	0.3221943559636232	0.5324037134892878	2.3308375742080556	3.270354725875218	[2627, 301, 2729, 496, 217, 132, 1108, 1086, 1112]	749450
415	0.3228292271671127	0.5334026069236063	2.3308375742080556	3.326185521245204	[1794, 1791, 420, 107, 734, 1203, 174, 1086, 1112]	745701
416	0.3234635037142305	0.5339557376712116	2.3308375742080556	3.7850818096832626	[2627, 261, 217, 241, 132, 19, 334, 1086, 1112]	738866
417	0.3240971861619655	0.5348406958516321	2.3308375742080556	4.265499142868762	[1580, 1579, 1583, 162, 420, 158, 1115, 1086, 1112]	745026
418	0.32473027506678476	0.5355385943275062	2.3308375742080556	3.998733360372933	[359, 158, 10, 232, 1879, 836, 1089, 1086, 1112]	738932
419	0.3253627709846343	0.5362354457163324	2.3308375742080556	3.347149503583829	[2047, 232, 1549, 107, 734, 1203, 174, 1086, 1112]	746897
420	0.3259946744709393	0.5373499921839178	2.3308375742080556	4.3294412374291396	[542, 2689, 1549, 10, 734, 1203, 174, 1086, 1112]	750392
421	0.3266259860806049	0.538228505111086	2.3308375742080556	3.434546513106149	[432, 422, 19, 241, 1587, 132, 1108, 1086, 1112]	788833
422	0.32725670636801607	0.5392149554480679	2.3308375742080556	4.569480576139768	[419, 421, 438, 2729, 496, 217, 261, 1086, 1112]	749672
423	0.32788683588703893	0.5400899270495934	2.3308375742080556	3.0112597620195887	[1794, 107, 10, 734, 19, 132, 1108, 1086, 1112]	751458
424	0.3285163751910206	0.5408662027321389	2.3308375742080556	3.5021889749789894	[87, 160, 331, 241, 19, 132, 1108, 1086, 1112]	751744
425	0.32914532483279	0.5417380388272114	2.3308375742080556	3.325726179025156	[1529, 2229, 734, 811, 3459, 1203, 174, 1086, 1112]	758994
426	0.32977368536465823	0.5424255889232783	2.3308375742080556	4.246569509208473	[1579, 1580, 301, 10, 159, 1713, 174, 1086, 1112]	793098
427	0.33040145733841897	0.5430358276211782	2.3308375742080556	3.3453111705100307	[195, 1583, 162, 107, 734, 1203, 174, 1086, 1112]	745139
428	0.33102864130534915	0.5441340310078613	2.3308375742080556	3.795414423571841	[1792, 232, 1799, 10, 734, 19, 334, 1086, 1112]	744583
429	0.3316552378162093	0.5451233234752921	2.3308375742080556	3.6797818978344665	[1586, 107, 10, 232, 320, 836, 1089, 1086, 1112]	789629
430	0.3322812474212441	0.545987075844995	2.3308375742080556	3.818453034467945	[19, 241, 1031, 1030, 1032, 132, 1108, 1086, 1096]	805649
431	0.33290667067018276	0.5466682509283894	2.3308375742080556	4.978971122350069	[1582, 420, 3, 19, 132, 387, 344, 1086, 1112]	784541
432	0.33353150811223975	0.5475290696793392	2.3308375742080556	3.9526217925882197	[1819, 1513, 1031, 241, 19, 132, 1094, 1086, 1112]	753848
433	0.33415576029611493	0.5483882538460723	2.3308375742080556	4.201845958015008	[1791, 420, 988, 107, 734, 1203, 174, 1086, 1112]	739550
434	0.33477942776999436	0.5491505229006337	2.3308375742080556	4.592095229985108	[2796, 1791, 420, 2149, 157, 1713, 174, 1086, 1112]	744847
435	0.3354025110815505	0.5500066281360112	2.3308375742080556	3.903251046329345	[2636, 162, 107, 734, 19, 132, 1094, 1086, 1112]	744619
436	0.336025010777943	0.5507661655595857	2.3308375742080556	4.12763186393164	[331, 241, 1031, 132, 387, 344, 174, 1086, 1112]	744319
437	0.3366469274058189	0.5514401703694886	2.3308375742080556	3.743194331248434	[1792, 232, 10, 158, 420, 1822, 1094, 1086, 1112]	757865
438	0.3372682615113133	0.5521131639410364	2.3308375742080556	2.6734830794596824	[1579, 1580, 301, 10, 734, 1203, 174, 1086, 1112]	792841
439	0.33788901364004953	0.5531895521349952	2.3308375742080556	3.102189906145485	[1530, 156, 1529, 2229, 734, 1203, 174, 1086, 1112]	749905
440	0.33850918433714017	0.5538599210339696	2.3308375742080556	3.553005808888803	[1579, 1580, 438, 10, 734, 19, 334, 1086, 1096]	791115
441	0.339128774147187	0.554330036144059	2.3308375742080556	2.8172572531198767	[320, 232, 107, 10, 734, 1203, 174, 1086, 1112]	741301
442	0.3397477836142817	0.5552972018642324	2.3308375742080556	4.1672906074628795	[1529, 2229, 494, 1580, 438, 2627, 261, 1086, 1112]	749549
443	0.34036621328200656	0.5560478094035242	2.3308375742080556	3.660099472089633	[157, 320, 232, 10, 734, 19, 334, 1086, 1112]	738655
444	0.34098406369343437	0.5567138899363977	2.3308375742080556	2.5361612084483056	[2047, 232, 10, 734, 19, 132, 1108, 1086, 1112]	753897
445	0.3416013353911296	0.5575556333094569	2.3308375742080556	4.443572939091488	[3248, 334, 1987, 19, 132, 217, 261, 1086, 1112]	748526
446	0.34221802891714825	0.5583024288743763	2.3308375742080556	3.694555670753256	[320, 232, 10, 158, 420, 1822, 1094, 1086, 1096]	745669
447	0.34283414481303875	0.5593639426599641	2.3308375742080556	3.414218173453781	[3284, 2308, 651, 733, 734, 1203, 174, 1086, 1112]	750472
448	0.3434496836198422	0.5600250478557333	2.3308375742080556	3.457683096745879	[837, 162, 10, 232, 320, 836, 1089, 1086, 1112]	748708
449	0.34406464587809293	0.5606851611669923	2.3308375742080556	4.47731702012211	[1791, 420, 162, 481, 159, 1713, 174, 1086, 1112]	746260
450	0.34467903212781903	0.5614266744462725	2.3308375742080556	3.595986787453527	[1580, 301, 10, 232, 320, 836, 1089, 1086, 1112]	744352
451	0.3452928429085428	0.562084684836978	2.3308375742080556	4.798387655804477	[2309, 420, 1822, 1094, 132, 19, 334, 1086, 1112]	749062
452	0.34590607875928103	0.562916229760519	2.3308375742080556	4.281771853906324	[1791, 420, 158, 1546, 677, 132, 1108, 1086, 1112]	742587
453	0.3465187402185459	0.5636539772507958	2.3308375742080556	4.086233395030161	[420, 107, 347, 422, 19, 132, 1108, 1086, 1112]	794789
