0	9.366567084169164E-4	0.00213623046875	3.6337237926467445	3.6337237926467445	[19, 734, 10, 232, 1192, 836, 1089, 1086, 1112]	572353
1	0.0018724360910443716	0.004031045569313885	3.6337237926467445	3.9621189709937115	[87, 415, 733, 734, 19, 132, 1094, 1086, 1096]	578617
2	0.0028073389696354756	0.006424617198995786	3.270354725875218	3.270354725875218	[2627, 301, 2728, 496, 217, 132, 1108, 1086, 1112]	846736
3	0.0037413661651737318	0.007749687249218096	3.270354725875218	3.786977444921815	[1549, 162, 107, 734, 19, 132, 1094, 1086, 1112]	854772
4	0.00467451849787337	0.00963384311652915	3.0062272059967086	3.0062272059967086	[4349, 158, 10, 734, 19, 132, 1108, 1086, 1112]	867461
5	0.005606796787180679	0.011305468091978743	3.0062272059967086	3.7558918910661214	[10, 438, 3366, 496, 217, 132, 1108, 1086, 1112]	997849
6	0.006538201851774117	0.013182871988288491	3.0062272059967086	3.725732686598568	[3819, 438, 10, 232, 320, 836, 1089, 1086, 1112]	1109212
7	0.007468734509565533	0.015893246180215148	3.0062272059967086	3.7467709585735305	[3895, 1030, 1031, 241, 217, 132, 1108, 1086, 1112]	715615
8	0.008398395577700724	0.017761938475337358	3.0062272059967086	3.8291232657059986	[1819, 1513, 1031, 241, 132, 217, 261, 1086, 1112]	822451
9	0.009327185872559873	0.01907188864121767	3.0062272059967086	4.3593681581605805	[1743, 1742, 400, 1032, 132, 19, 334, 1086, 1112]	977358
10	0.010255106209758558	0.021466732663089738	3.0062272059967086	3.424997591653816	[841, 1820, 733, 734, 19, 132, 1108, 1086, 1096]	1928101
11	0.01118215740414863	0.02332484162341919	2.982568039377158	2.982568039377158	[3131, 162, 10, 734, 19, 132, 1108, 1086, 1112]	814563
12	0.01210834026981833	0.025672045258738896	2.619252502709092	2.619252502709092	[1529, 2229, 494, 10, 734, 1203, 174, 1086, 1112]	2134443
13	0.013033655620093731	0.027316599580495482	2.619252502709092	3.845028938988845	[1549, 162, 10, 1019, 19, 132, 1108, 1086, 1112]	936694
14	0.013958104267538851	0.0287759582488204	2.619252502709092	4.333716314266719	[10, 157, 842, 193, 1265, 255, 174, 1086, 1112]	2561211
15	0.014881687023956758	0.03062018792879495	2.619252502709092	4.055897112230134	[1579, 4018, 2197, 241, 132, 1713, 174, 1086, 1112]	4150701
16	0.01580440470039013	0.032490133553932266	2.619252502709092	3.6145133112940186	[421, 2297, 400, 19, 734, 1203, 174, 1086, 1112]	3125681
17	0.016726258107121916	0.03432731049217075	2.619252502709092	3.0353190250255073	[377, 162, 107, 734, 19, 132, 1108, 1086, 1112]	3926139
18	0.017647248053676123	0.03639020991433717	2.619252502709092	4.176231411120004	[1791, 1792, 496, 2729, 301, 2627, 261, 1086, 1112]	4224329
19	0.01856737534881847	0.038219981108618795	2.619252502709092	4.666080887436063	[813, 3284, 734, 10, 301, 2627, 261, 1086, 1112]	742392
20	0.019486640800557176	0.03984335594760402	2.619252502709092	4.296208470951861	[195, 10, 734, 19, 23, 5272, 174, 1086, 1112]	728640
21	0.020405045216143725	0.041463990715246535	2.619252502709092	4.057437174818083	[1742, 400, 19, 132, 1032, 1729, 1094, 1086, 1112]	734960
22	0.021322589402073433	0.04308189003647367	2.619252502709092	4.175324312487032	[669, 673, 670, 132, 241, 217, 261, 1086, 1112]	742192
23	0.02223927416408611	0.044697058528406663	2.619252502709092	4.515047203790362	[2636, 1549, 107, 10, 157, 1713, 174, 1086, 1112]	740114
24	0.023155100307166943	0.04613034054793286	2.619252502709092	3.902891277997961	[195, 10, 107, 811, 3459, 1203, 174, 1086, 1112]	732164
25	0.02407006863554706	0.047941616485477456	2.619252502709092	3.909893918255677	[1586, 107, 162, 733, 734, 1203, 174, 1086, 1112]	734544
26	0.02498417995270441	0.04921131788095856	2.619252502709092	3.950006847470382	[382, 409, 119, 123, 19, 132, 1108, 1086, 1112]	734304
27	0.025897435061364327	0.05124242163304393	2.619252502709092	3.864291842125417	[3694, 668, 669, 811, 734, 1203, 174, 1086, 1112]	731406
28	0.026809834763500184	0.05284381607955457	2.619252502709092	4.016982432460341	[1526, 156, 1013, 733, 734, 1203, 174, 1086, 1112]	736138
29	0.027721379860334294	0.05489927654813187	2.619252502709092	4.146074084485646	[331, 241, 132, 1032, 1729, 1822, 1094, 1086, 1096]	730452
30	0.028632071152338456	0.05601965200989467	2.619252502709092	2.6734830794596824	[1579, 1580, 301, 10, 734, 1203, 174, 1086, 1112]	733666
31	0.029541909439234626	0.057435946256279014	2.619252502709092	3.4826486182743794	[432, 422, 19, 241, 132, 1713, 174, 1086, 1112]	730191
32	0.030450895519995802	0.05885011557559616	2.619252502709092	3.832951382236473	[2047, 232, 10, 734, 19, 387, 344, 1086, 1112]	731265
33	0.03135903019284658	0.06010526898036883	2.619252502709092	4.177166027653979	[359, 158, 10, 157, 320, 836, 1089, 1086, 1112]	730059
34	0.03226631425526394	0.06189000832421032	2.619252502709092	3.9647137206789056	[382, 400, 654, 493, 217, 132, 1108, 1086, 1112]	732988
35	0.03317274850397778	0.06347343086031432	2.619252502709092	3.0850208400801664	[1019, 10, 494, 2229, 734, 1203, 174, 1086, 1096]	741068
36	0.03407833373497182	0.06547406745210438	2.619252502709092	3.842194357197438	[1530, 156, 1013, 733, 734, 1203, 174, 1086, 1112]	732584
37	0.03498307074348417	0.06724861213738953	2.619252502709092	3.807418939952928	[2238, 1549, 10, 846, 734, 1203, 174, 1086, 1112]	742360
38	0.03588696032400818	0.06882298996219627	2.619252502709092	4.031207914561693	[1549, 162, 107, 1548, 19, 132, 1108, 1086, 1112]	731209
39	0.036790003270292915	0.07059117547387828	2.619252502709092	2.8690557679762403	[377, 162, 1549, 107, 734, 1203, 174, 1086, 1112]	739156
40	0.03769220037534404	0.07183067055307402	2.619252502709092	3.4632322942849987	[320, 232, 10, 811, 3459, 1203, 174, 1086, 1112]	733023
41	0.03859355243142437	0.07359314486571744	2.619252502709092	4.094154061374658	[1743, 1742, 400, 19, 132, 1729, 1094, 1086, 1112]	731055
42	0.03949406023005475	0.07500513519514018	2.619252502709092	2.92707624055394	[3543, 359, 158, 10, 734, 1203, 174, 1086, 1112]	728072
43	0.04039372456201451	0.07722813768547776	2.619252502709092	4.116242735703207	[2309, 420, 1791, 1794, 1879, 836, 1089, 1086, 1096]	735206
44	0.04129254621734246	0.07878567121079649	2.619252502709092	4.134477263685876	[241, 19, 734, 10, 158, 1546, 234, 1086, 1112]	736022
45	0.042190525985337235	0.08016780862110262	2.619252502709092	3.21907908036712	[2149, 420, 162, 107, 734, 1203, 174, 1086, 1112]	739088
46	0.04308766465455838	0.08139453193684187	2.619252502709092	3.9841103645572424	[320, 232, 10, 158, 420, 1582, 1087, 1086, 1112]	731879
47	0.04398396301282659	0.08360217905018341	2.619252502709092	2.8597526188769984	[2636, 162, 846, 10, 734, 1203, 174, 1086, 1112]	730840
48	0.04487942184722482	0.08555981599679252	2.619252502709092	4.369792469889746	[1555, 2229, 494, 1580, 438, 2627, 261, 1086, 1112]	736064
49	0.04577404194409862	0.08677934832570999	2.619252502709092	3.905934543820539	[1549, 107, 734, 19, 132, 217, 261, 1086, 1096]	729977
50	0.04666782408905723	0.08928758375816503	2.619252502709092	3.5450457481194073	[2636, 301, 2627, 261, 217, 132, 1108, 1086, 1112]	730299
51	0.04756076906697393	0.09147626182149038	2.619252502709092	3.2214779196594137	[2047, 232, 1792, 496, 217, 132, 1108, 1086, 1112]	729950
52	0.048452877661986804	0.09341707791256992	2.619252502709092	4.075207945528577	[432, 15, 1557, 734, 19, 132, 1094, 1086, 1112]	730574
53	0.04934415065749953	0.09513856241089136	2.619252502709092	3.2866203083894447	[2636, 1549, 232, 10, 734, 1203, 174, 1086, 1112]	730813
54	0.050234588836181926	0.09649616487641	2.619252502709092	3.763149751429233	[394, 432, 422, 19, 132, 217, 261, 1086, 1112]	740923
55	0.05112419297997084	0.09821180258416418	2.619252502709092	3.323245086128199	[1549, 162, 837, 420, 158, 1557, 734, 19, 794]	733029
56	0.052012963870070705	0.1003790334358029	2.619252502709092	3.5824100321781165	[3284, 813, 669, 668, 670, 132, 1108, 1086, 1112]	729605
57	0.0529009022869541	0.10189749089287015	2.619252502709092	4.452952313839595	[1791, 1794, 107, 10, 301, 2627, 261, 1086, 1112]	738316
58	0.053788009010362625	0.10381604483688567	2.619252502709092	3.113154942969383	[1820, 10, 734, 811, 3459, 1203, 174, 1086, 1096]	744003
59	0.054674284819307584	0.10573050030750997	2.619252502709092	3.7640674020416984	[1500, 786, 77, 19, 734, 1203, 174, 1086, 1112]	731904
60	0.055559730492070636	0.10692313224201822	2.619252502709092	4.115162128324282	[1549, 107, 232, 10, 158, 1713, 174, 1086, 1112]	735558
61	0.05644434680620436	0.10826305381144252	2.619252502709092	3.151690058462143	[1849, 420, 162, 107, 734, 1203, 174, 1086, 1096]	736195
62	0.05732813453853303	0.10995634770882745	2.619252502709092	3.735816935755847	[3763, 2069, 1998, 19, 734, 1203, 174, 1086, 1112]	741595
63	0.05821109446515338	0.11188786605147316	2.619252502709092	4.2625528831853785	[2299, 2297, 400, 19, 241, 132, 1094, 1086, 1112]	747124
64	0.059093227361435186	0.113574276896102	2.619252502709092	3.2510973724750816	[1549, 162, 3284, 811, 3459, 1203, 174, 1086, 1112]	741399
65	0.05997453400202202	0.11475644807079466	2.619252502709092	3.9623776776001662	[269, 542, 2388, 123, 19, 132, 1108, 1086, 1112]	738649
66	0.060855015160831805	0.1162506380938233	2.619252502709092	3.102189906145485	[1530, 156, 1529, 2229, 734, 1203, 174, 1086, 1112]	752053
67	0.0617346716110575	0.1179287645948387	2.619252502709092	2.9597029403248376	[193, 394, 432, 422, 19, 132, 1108, 1086, 1112]	746917
68	0.06261350412516797	0.11927318043907764	2.619252502709092	2.92707624055394	[3543, 359, 158, 10, 734, 1203, 174, 1086, 1096]	751203
69	0.06349151347490856	0.121154615905669	2.619252502709092	3.8809345105387223	[1529, 2229, 160, 331, 241, 132, 1108, 1086, 1112]	842718
70	0.0643687004313016	0.1223266776509555	2.619252502709092	2.9772716432187574	[1549, 162, 107, 734, 19, 132, 1108, 1086, 1112]	748987
71	0.0652450657646475	0.12399326653345422	2.619252502709092	4.091775989206745	[1529, 2229, 734, 10, 157, 1713, 174, 1086, 1112]	759448
72	0.06612061024452487	0.12586461880831556	2.619252502709092	4.4043536057218144	[1794, 1791, 420, 2149, 157, 1713, 174, 1086, 1112]	844860
73	0.06699533463979168	0.12752448959508367	2.619252502709092	4.16169693500625	[1529, 2229, 734, 10, 159, 1713, 174, 1086, 1112]	759164
74	0.0678692397185856	0.129181208500475	2.619252502709092	3.6851363086975057	[2764, 400, 19, 1126, 241, 132, 1108, 1086, 1112]	723865
75	0.06874232624832499	0.13083478150950734	2.619252502709092	3.3224568909934575	[1792, 232, 1549, 107, 734, 1203, 174, 1086, 1112]	753950
76	0.06961459499570921	0.1329236108843891	2.619252502709092	3.81310778552412	[3869, 438, 970, 261, 217, 132, 1108, 1086, 1112]	754472
77	0.07048604672671965	0.13477588588555156	2.619252502709092	2.6927737052426832	[1743, 1742, 400, 19, 734, 1203, 174, 1086, 1112]	746103
78	0.07135668220662017	0.13662420400042008	2.619252502709092	4.894166281676699	[107, 734, 733, 415, 2558, 255, 174, 1086, 1112]	757924
79	0.07222650219995785	0.13808148374868323	2.619252502709092	3.888492125715219	[377, 162, 10, 232, 1879, 836, 1089, 1086, 1112]	754528
80	0.0730955074705637	0.1397181562784573	2.619252502709092	3.952868006969868	[377, 162, 10, 734, 19, 387, 344, 1086, 1096]	842130
81	0.07396369878155318	0.14117021378859684	2.619252502709092	4.900031580664507	[359, 158, 1579, 1580, 438, 3366, 150, 1086, 1112]	763150
82	0.07483107689532698	0.14280102121684113	2.619252502709092	3.217193451896649	[3284, 811, 734, 19, 241, 132, 1108, 1086, 1112]	768811
83	0.07569764257357181	0.1444287319512927	2.619252502709092	3.836853174412899	[1579, 4018, 2197, 241, 217, 132, 1108, 1086, 1112]	772434
84	0.07656339657726086	0.1457123822591504	2.619252502709092	3.536563567370549	[2047, 232, 10, 811, 3459, 1203, 174, 1086, 1112]	766674
85	0.07742833966665452	0.14733456469301165	2.619252502709092	4.032941410864213	[1580, 438, 2729, 301, 10, 158, 1115, 1086, 1112]	771123
86	0.07829247260130112	0.14877376657552244	2.619252502709092	3.60143919796504	[158, 10, 734, 19, 132, 387, 344, 1086, 1112]	774516
87	0.07915579614003743	0.15021053924960892	2.619252502709092	3.4959407454310796	[420, 1791, 232, 10, 734, 1203, 174, 1086, 1112]	855972
88	0.08001831104098966	0.1522528036549462	2.619252502709092	3.6015033347130867	[1792, 1791, 420, 107, 734, 1203, 174, 1086, 1112]	861375
89	0.08088001806157386	0.15352471517209632	2.619252502709092	3.884307528887951	[3284, 734, 19, 241, 1720, 132, 1108, 1086, 1112]	869355
90	0.08174091795849647	0.1551320629894236	2.619252502709092	3.7072816225550405	[1535, 496, 1792, 232, 320, 836, 1089, 1086, 1112]	765962
91	0.08260101148775545	0.1563996546301717	2.619252502709092	4.1327500913551685	[2151, 420, 158, 10, 734, 19, 334, 1086, 1112]	783051
92	0.08346029940464028	0.15800154330681793	2.619252502709092	3.735816935755847	[3763, 2069, 1998, 19, 734, 1203, 174, 1086, 1112]	763223
93	0.08431878246373337	0.15980024606464638	2.619252502709092	4.4322411353487094	[1792, 232, 734, 19, 132, 1713, 174, 1086, 1112]	868193
94	0.08517646141891011	0.16139567745504013	2.619252502709092	3.8591801297654023	[394, 193, 232, 10, 438, 2627, 261, 1086, 1096]	858524
95	0.08603333702333982	0.16318712956008607	2.619252502709092	3.2154072339633615	[193, 1265, 808, 331, 241, 132, 1108, 1086, 1112]	764467
96	0.08688941002948636	0.164974754710562	2.619252502709092	3.7549854114024557	[3284, 2308, 651, 1431, 19, 132, 1108, 1086, 1112]	775402
97	0.08774468118910872	0.16622757893831963	2.619252502709092	3.2877926558426482	[1751, 420, 107, 10, 734, 1203, 174, 1086, 1112]	772808
98	0.0885991512532619	0.16823135024442948	2.619252502709092	3.776131813748508	[2654, 232, 1879, 496, 217, 132, 1108, 1086, 1112]	772358
99	0.08945282097229745	0.16947928846208404	2.619252502709092	4.051695984292689	[846, 10, 107, 420, 158, 1713, 174, 1086, 1112]	767344
100	0.09030569109586384	0.1703544403575179	2.619252502709092	3.7255874899302297	[160, 320, 159, 10, 734, 1203, 174, 1086, 1096]	855308
101	0.09115776237290762	0.17234829374563576	2.619252502709092	4.138000368859888	[432, 394, 193, 232, 1879, 836, 1089, 1086, 1096]	752477
102	0.09200903555167372	0.17391989800555885	2.619252502709092	4.076548887500125	[1019, 1799, 232, 10, 157, 1713, 174, 1086, 1112]	776249
103	0.09285951137970616	0.1753142268814175	2.619252502709092	3.763149751429233	[394, 432, 422, 19, 132, 217, 261, 1086, 1112]	855814
104	0.09370919060384897	0.1761832302758609	2.619252502709092	3.953153477675257	[107, 232, 10, 734, 19, 1987, 334, 1086, 1112]	865969
105	0.09455807397024651	0.1781630755705318	2.619252502709092	3.8151395453541177	[87, 1265, 415, 733, 734, 19, 334, 1086, 1112]	791257
106	0.09540616222434417	0.17972363830680738	2.619252502709092	3.808479713427655	[377, 359, 158, 10, 734, 1203, 174, 1086, 1112]	775123
107	0.09625345611088931	0.1809543341512545	2.184025504725061	2.184025504725061	[1791, 420, 158, 10, 734, 19, 132, 393, 794]	789764
108	0.09709995637393165	0.1819252768701729	2.184025504725061	4.206221744503035	[377, 162, 107, 420, 158, 1546, 234, 1086, 1112]	774759
109	0.0979456637568239	0.1834786956695188	2.184025504725061	3.093545244626286	[2636, 162, 107, 734, 19, 132, 1108, 1086, 1096]	780556
110	0.09879057900222266	0.18502916472613595	2.184025504725061	3.716838040542778	[195, 3284, 813, 19, 734, 1203, 174, 1086, 1096]	764779
111	0.09963470285208875	0.18611604093534884	2.184025504725061	3.4833355535929016	[359, 158, 10, 232, 320, 836, 1089, 1086, 1112]	773358
112	0.10047803604768812	0.18766150201213172	2.184025504725061	3.432873060993459	[195, 3284, 811, 734, 19, 132, 1108, 1086, 1112]	738063
113	0.10132057932959238	0.1888802883388454	2.184025504725061	3.799670378483948	[158, 420, 107, 811, 3459, 1203, 174, 1086, 1112]	777933
114	0.10216233343767955	0.1906130269806997	2.184025504725061	3.909528357322756	[386, 768, 778, 784, 19, 132, 1108, 1086, 1112]	778405
115	0.1030032991111346	0.1923695091270089	2.184025504725061	3.972469955220716	[2196, 2197, 241, 19, 132, 1713, 174, 1086, 1096]	789291
116	0.10384347708844999	0.19409479398910334	2.184025504725061	3.417593989573062	[1742, 581, 438, 10, 734, 1203, 174, 1086, 1112]	878403
117	0.10468286810742666	0.19545506994446515	2.184025504725061	3.4915081375913415	[10, 734, 19, 132, 241, 1729, 1094, 1086, 1112]	875846
118	0.10552147290517444	0.19681304990935444	2.184025504725061	3.469866228010873	[1792, 232, 10, 811, 734, 1203, 174, 1086, 1112]	778310
119	0.10635929221811269	0.1983381987403643	2.184025504725061	4.163139657786795	[1791, 1794, 1879, 232, 320, 836, 1089, 1086, 1112]	865072
120	0.107196326781971	0.19986045150968323	2.184025504725061	3.6987388940121626	[1535, 496, 217, 241, 19, 132, 1108, 1086, 1112]	802118
121	0.10803257733178995	0.20137981371656044	2.184025504725061	3.4423333865416383	[734, 19, 132, 1032, 370, 1713, 174, 1086, 1112]	778063
122	0.10886804460192145	0.20289629084980265	2.184025504725061	3.366903485742709	[420, 158, 651, 734, 19, 132, 1108, 1086, 1096]	726304
123	0.10970272932602976	0.20440988838779406	2.184025504725061	3.9807810718372236	[3621, 1720, 241, 1031, 132, 217, 261, 1086, 1112]	772319
124	0.11053663223709176	0.2056035463913275	2.184025504725061	3.160731656512282	[1917, 10, 162, 107, 734, 1203, 174, 1086, 1112]	773576
125	0.11136975406739802	0.20751268703835146	2.184025504725061	3.735933311475983	[3135, 232, 1792, 496, 217, 132, 1108, 1086, 1112]	864398
126	0.11220209554855298	0.20920562258239794	2.184025504725061	2.858841207559905	[2047, 232, 1799, 10, 734, 1203, 174, 1086, 1112]	774821
127	0.11303365741147586	0.21039208534001186	2.184025504725061	2.6734830794596824	[1579, 1580, 301, 10, 734, 1203, 174, 1086, 1096]	780814
128	0.11386444038640142	0.21189144932726767	2.184025504725061	3.418585017875798	[2297, 400, 19, 1126, 241, 132, 1108, 1086, 1096]	788294
129	0.1146944452028803	0.21378547851322582	2.184025504725061	4.236588702634689	[432, 394, 193, 842, 157, 1713, 174, 1086, 1112]	780221
130	0.1155236725897798	0.21527839888280254	2.184025504725061	3.495670068218054	[1582, 420, 158, 10, 734, 19, 334, 1086, 1112]	781091
131	0.11635212327528455	0.21679213653927865	2.184025504725061	2.680664930908847	[331, 241, 132, 19, 734, 1203, 174, 1086, 1112]	863914
132	0.11717979798689715	0.21846524904056808	2.184025504725061	3.8734548830050954	[432, 422, 19, 734, 10, 158, 1115, 1086, 1112]	856132
133	0.11800669745143866	0.21978439045084874	2.184025504725061	4.13219491382115	[1820, 733, 734, 10, 438, 2627, 261, 1086, 1112]	776720
134	0.11883282239504955	0.22126591965734943	2.184025504725061	4.389125441172758	[1917, 10, 301, 2729, 496, 217, 261, 1086, 1112]	767087
135	0.11965817354319008	0.223167125908186	2.184025504725061	3.0220839952041088	[2405, 1743, 1742, 400, 19, 132, 1108, 1086, 1112]	788683
136	0.12048275162064082	0.2246422317346407	2.184025504725061	4.0974505332668905	[1792, 496, 438, 2729, 301, 2627, 261, 1086, 1112]	771812
137	0.12130655735150375	0.22595094710352992	2.184025504725061	3.660099472089633	[160, 320, 232, 10, 734, 19, 334, 1086, 1112]	772587
138	0.12212959145920244	0.22725745351032856	2.184025504725061	3.9997868559616654	[1580, 438, 2627, 301, 10, 158, 1115, 1086, 1112]	783154
139	0.12295185466648284	0.22856175468351236	2.184025504725061	3.763255327944396	[1075, 87, 415, 733, 734, 1203, 174, 1086, 1112]	779522
140	0.12377334769541415	0.23020972456791644	2.184025504725061	4.307905057762733	[1549, 162, 481, 480, 157, 1713, 174, 1086, 1112]	779815
141	0.12459407126738897	0.2318541740088419	2.184025504725061	4.195712521358865	[241, 217, 493, 654, 400, 19, 334, 1086, 1112]	733756
142	0.12541402610312435	0.23331278424699786	2.184025504725061	3.9603374087896297	[2764, 1511, 1031, 241, 1720, 132, 1108, 1086, 1096]	772353
143	0.1262332129226622	0.23460686471340197	2.184025504725061	3.7269884924646792	[107, 162, 10, 232, 1192, 836, 1089, 1086, 1112]	875540
144	0.1270516324453701	0.2362419208495733	2.184025504725061	4.605911392260293	[87, 415, 1265, 1580, 301, 2627, 261, 1086, 1112]	784352
145	0.1278692853899417	0.2377152196133665	2.184025504725061	3.929157479833444	[1851, 159, 10, 734, 19, 1987, 334, 1086, 1112]	771153
146	0.12868617247439762	0.23900186927161937	2.184025504725061	3.0736720940164988	[326, 320, 232, 10, 734, 1203, 174, 1086, 1112]	775254
147	0.12950229441608585	0.24083074508933355	2.184025504725061	4.026899253599708	[3284, 811, 734, 19, 241, 132, 1094, 1086, 1112]	776310
148	0.13031765193168254	0.2418432021813116	2.184025504725061	2.956330174893786	[813, 3284, 162, 10, 734, 1203, 174, 1086, 1112]	866996
149	0.1311322457371925	0.24312288427639528	2.184025504725061	2.80829630771566	[1791, 1792, 232, 10, 734, 1203, 174, 1086, 1112]	778061
150	0.13194607654794988	0.24473974823210365	2.184025504725061	4.052760341774536	[1791, 420, 158, 1557, 734, 19, 334, 1086, 1096]	775625
151	0.13275914507861886	0.24635315819376602	2.184025504725061	3.957578815312311	[432, 422, 19, 132, 1032, 1729, 1094, 1086, 1112]	777105
152	0.1335714520431942	0.24748388690875311	2.184025504725061	4.081584292791426	[2636, 162, 1549, 107, 420, 1822, 1094, 1086, 1096]	769184
153	0.13438299815500188	0.24875404817216906	2.184025504725061	3.8411373262674493	[1849, 420, 162, 3284, 734, 1203, 174, 1086, 1112]	873094
154	0.1351937841266997	0.25002206554842166	2.184025504725061	3.7053390160150252	[119, 400, 19, 1126, 241, 132, 1108, 1086, 1112]	775495
155	0.1360038106702781	0.25162419126288726	2.184025504725061	3.9142664651748564	[2309, 420, 107, 811, 3459, 1203, 174, 1086, 1112]	862134
156	0.13681307849706048	0.25288736416536606	2.184025504725061	4.164826410035285	[1579, 1580, 438, 10, 159, 1713, 174, 1086, 1112]	864604
157	0.137621588317704	0.2543060350775954	2.184025504725061	3.025347229191784	[158, 10, 1820, 733, 734, 1203, 174, 1086, 1112]	875929
158	0.13842934084220015	0.2561265769841442	2.184025504725061	3.49479056266238	[1259, 734, 19, 241, 1031, 132, 1108, 1086, 1112]	858949
159	0.13923633677987546	0.25738215037368684	2.184025504725061	4.192574049736078	[432, 15, 422, 19, 132, 217, 261, 1086, 1096]	737832
160	0.14004257683939214	0.2591668536103223	2.184025504725061	3.4090673791682597	[1265, 808, 331, 241, 1031, 132, 1108, 1086, 1112]	870358
161	0.14084806172874842	0.26074944394989985	2.184025504725061	3.6777758382914794	[332, 165, 261, 217, 241, 132, 1108, 1086, 1112]	778672
162	0.1416527921552796	0.2618585732992549	2.184025504725061	2.465656797017007	[2309, 420, 158, 10, 734, 1203, 174, 1086, 1112]	869358
163	0.14245676882565828	0.26363251853096525	2.184025504725061	3.8080134333992968	[781, 784, 19, 241, 1031, 132, 1108, 1086, 1112]	784580
164	0.14325999244589527	0.2652055691810761	2.184025504725061	4.791154491985107	[3136, 1468, 2229, 494, 217, 132, 1108, 1086, 1112]	866195
165	0.14406246372134002	0.2669995008969426	2.184025504725061	3.1351435697269965	[813, 3284, 2308, 651, 734, 1203, 174, 1086, 1112]	779385
166	0.14486418335668128	0.26839137467453633	2.184025504725061	3.00871620084508	[3819, 438, 10, 734, 19, 132, 1108, 1086, 1112]	773356
167	0.14566515205594777	0.2701496198907345	2.184025504725061	3.5282280414520226	[1555, 2229, 734, 811, 3459, 1203, 174, 1086, 1112]	783784
168	0.14646537052250896	0.27124464575252394	2.184025504725061	2.9343375404904775	[1580, 438, 2627, 261, 217, 132, 1108, 1086, 1112]	780905
169	0.1472648394590752	0.27221654170583365	2.184025504725061	4.258651381040408	[734, 10, 301, 1580, 438, 3366, 150, 1086, 1112]	868127
170	0.1480635595676988	0.27396559405387644	2.184025504725061	4.060471295679928	[2627, 261, 217, 493, 654, 132, 1108, 1086, 1112]	875323
171	0.14886153154977455	0.2753442401155146	2.184025504725061	4.269207401738191	[837, 162, 107, 420, 1879, 836, 1089, 1086, 1112]	773632
172	0.14965875610604018	0.2767202683053994	2.184025504725061	3.918134963632279	[101, 370, 1032, 1729, 241, 132, 1108, 1086, 1112]	762430
173	0.150455233936577	0.27845849703070913	2.184025504725061	3.5769523621550423	[1819, 1513, 1031, 241, 1587, 132, 1108, 1086, 1112]	870992
174	0.15125096574081076	0.2796763766894632	2.184025504725061	4.616885411092058	[190, 195, 10, 107, 420, 1822, 1094, 1086, 1112]	879821
175	0.15204595221751205	0.2806370277645992	2.184025504725061	3.553005808888803	[1579, 1580, 438, 10, 734, 19, 334, 1086, 1112]	862720
176	0.15284019406479676	0.28171631891807314	2.184025504725061	4.903993124005519	[3621, 1720, 241, 1729, 1032, 132, 261, 1086, 1112]	765209
177	0.1536336919801271	0.2829286997455166	2.184025504725061	3.3680206473366088	[457, 540, 409, 19, 734, 1203, 174, 1086, 1112]	781447
178	0.15442644666031202	0.2837787563259466	2.184025504725061	3.9758098454696587	[1799, 232, 10, 734, 19, 132, 261, 1086, 1112]	879264
179	0.15521845880150753	0.2853087699690492	2.184025504725061	3.7939575088799407	[1647, 1697, 241, 1729, 1032, 132, 1108, 1086, 1112]	786627
180	0.15600972909921784	0.28638105190711005	2.184025504725061	3.120450560285443	[2627, 438, 107, 10, 734, 1203, 174, 1086, 1112]	772539
181	0.1568002582482957	0.28790550644710344	2.184025504725061	3.8826681381656734	[837, 162, 733, 734, 19, 132, 1108, 1086, 1112]	772528
182	0.15759004694294287	0.28942670440086027	2.184025504725061	3.730620993882207	[3158, 3083, 19, 241, 1720, 132, 1108, 1086, 1096]	767191
183	0.15837909587671095	0.29062607097811577	2.184025504725061	3.9183325241662708	[1549, 107, 159, 651, 734, 1203, 174, 1086, 1112]	773556
184	0.159167405742502	0.29197308093448326	2.184025504725061	3.142915990885162	[1819, 1513, 1031, 241, 19, 132, 1108, 1086, 1112]	784236
185	0.1599549772325689	0.29348558961168625	2.184025504725061	4.256013223737174	[4356, 669, 673, 670, 132, 217, 261, 1086, 1112]	768161
186	0.16074181103851626	0.2948271697095374	2.184025504725061	3.447747146672757	[193, 394, 432, 19, 734, 1203, 174, 1086, 1112]	742084
187	0.1615279078513009	0.29616620231913837	2.184025504725061	4.467432325199089	[846, 10, 232, 1879, 420, 1822, 1094, 1086, 1096]	777277
188	0.1623132683612324	0.29785769742312296	2.184025504725061	3.944030283741295	[1820, 10, 734, 19, 387, 344, 174, 1086, 1112]	776064
189	0.16309789325797364	0.29919097544993456	2.184025504725061	4.203059597251005	[734, 10, 301, 2728, 496, 132, 1108, 1086, 1112]	872964
190	0.1638817832305418	0.3003738610527149	2.184025504725061	4.186702229122504	[10, 162, 107, 1548, 19, 132, 1108, 1086, 1112]	774254
191	0.1646649389673085	0.301868423727468	2.184025504725061	3.017031486767393	[811, 3284, 162, 10, 734, 1203, 174, 1086, 1096]	774368
192	0.16544736115600067	0.3031940859002946	2.184025504725061	4.746853684547584	[3869, 438, 107, 162, 2636, 836, 1089, 1086, 1112]	774897
193	0.16622905048370096	0.3045172308109657	2.184025504725061	3.9614013000547637	[2872, 241, 19, 734, 10, 158, 1115, 1086, 1112]	864249
194	0.1670100076368486	0.3056911263029418	2.184025504725061	3.9237344932691878	[107, 10, 494, 2229, 734, 19, 334, 1086, 1112]	773366
195	0.16779023330123966	0.30673282771666766	2.184025504725061	3.0563798786578182	[158, 420, 162, 107, 734, 1203, 174, 1086, 1112]	872551
196	0.1685697281620281	0.30790298353408263	2.184025504725061	4.321897735176072	[10, 232, 1549, 162, 420, 1822, 1094, 1086, 1112]	786708
197	0.169348492903726	0.3089413664034374	2.184025504725061	3.440051489008513	[107, 420, 158, 1557, 734, 1203, 174, 1086, 1112]	868888
198	0.17012652821020435	0.3101077944597588	2.184025504725061	4.087947047616738	[1742, 400, 382, 409, 19, 132, 1108, 1086, 1096]	863168
199	0.1709038347646935	0.311417811126095	2.184025504725061	2.8015263992762196	[377, 162, 846, 10, 734, 1203, 174, 1086, 1112]	777417
200	0.1716804132497839	0.31307265265971984	2.184025504725061	3.7467709585735305	[3895, 1030, 1031, 241, 217, 132, 1108, 1086, 1112]	858795
201	0.17245626434742656	0.3141032792525229	2.184025504725061	4.235281484217899	[2073, 160, 107, 10, 734, 19, 334, 1086, 1112]	771242
202	0.17323138873893396	0.31556851272579933	2.184025504725061	4.476181644340131	[1873, 10, 232, 1799, 1019, 1010, 1105, 1086, 1112]	786532
203	0.17400578710498016	0.3168681601896989	2.184025504725061	4.92918979859457	[1586, 107, 1549, 2636, 301, 2627, 261, 1086, 1112]	866215
204	0.17477946012560186	0.31816533979003314	2.184025504725061	3.5565289313825117	[1807, 157, 10, 232, 320, 836, 1089, 1086, 1112]	781855
205	0.1755524084801986	0.3190746605150502	2.184025504725061	3.420589490327786	[331, 808, 1265, 87, 160, 107, 734, 19, 794]	769218
206	0.17632463284753375	0.32036765025474057	2.184025504725061	3.479615381049805	[1792, 232, 107, 734, 19, 132, 1108, 1086, 1112]	774260
207	0.17709613390573486	0.32165818477302854	2.184025504725061	3.693581887441092	[1529, 2229, 734, 19, 132, 217, 261, 1086, 1112]	768542
208	0.17786691233229424	0.32280314829217127	2.184025504725061	3.9680122578093515	[2238, 1549, 162, 420, 158, 1713, 174, 1086, 1112]	873325
209	0.17863696880406965	0.32381917580459296	2.184025504725061	2.721399276813645	[1550, 420, 158, 10, 734, 1203, 174, 1086, 1112]	773873
210	0.17940630399728497	0.32567636190620386	2.184025504725061	4.7203380368003645	[830, 4125, 691, 493, 217, 132, 1108, 1086, 1112]	773550
211	0.18017491858753054	0.32695681586308767	2.184025504725061	3.9426999006760752	[734, 1557, 15, 422, 19, 132, 1108, 1086, 1112]	774617
212	0.18094281324976402	0.32796661144971284	2.184025504725061	2.860339625836909	[2627, 301, 10, 734, 19, 132, 1108, 1086, 1112]	778339
213	0.18170998865831067	0.32867475910408683	2.184025504725061	2.3635521757840072	[1549, 162, 107, 10, 734, 1203, 174, 1086, 1096]	869446
214	0.18247644548686437	0.3299495194899027	2.184025504725061	3.693511807587405	[421, 438, 10, 232, 320, 836, 1089, 1086, 1112]	773800
215	0.18324218440848794	0.3310804881828934	2.184025504725061	4.137515831401968	[1551, 1879, 232, 107, 734, 1203, 174, 1086, 1112]	877727
216	0.18400720609561372	0.3323506803982579	2.184025504725061	5.3975985321855315	[2264, 232, 1549, 2636, 301, 2627, 261, 1086, 1112]	775889
217	0.1847715112200441	0.33377693321723134	2.184025504725061	3.9014638072731707	[1580, 438, 2627, 301, 217, 132, 1108, 1086, 1112]	785942
218	0.1855351004529524	0.3346654337254388	2.184025504725061	3.370347905802177	[420, 158, 10, 734, 19, 132, 1094, 1086, 1112]	773358
219	0.18629797446488328	0.335552749295459	2.184025504725061	4.008877411189515	[1549, 162, 10, 157, 320, 836, 1089, 1086, 1112]	769228
220	0.18706013392575316	0.3364388815075706	2.184025504725061	4.251419998061256	[781, 19, 241, 1720, 132, 1713, 174, 1086, 1112]	773873
221	0.18782157950485112	0.33722550411412566	2.184025504725061	3.323734548745426	[1873, 10, 107, 734, 19, 132, 1108, 1086, 1112]	773658
222	0.1885823118708394	0.3383441917759701	2.184025504725061	4.100615341710621	[1849, 420, 158, 232, 320, 836, 1089, 1086, 1112]	775812
223	0.18934233169175374	0.33933690239359016	2.184025504725061	4.05411073089969	[1849, 420, 107, 232, 320, 836, 1089, 1086, 1112]	778282
224	0.19010163963500426	0.34059141673908844	2.184025504725061	4.185854427787433	[2307, 1468, 2688, 19, 241, 132, 1108, 1086, 1112]	768826
225	0.19086023636737603	0.34184354892301483	2.184025504725061	2.761063827366203	[3621, 1720, 132, 19, 734, 1203, 174, 1086, 1112]	790628
226	0.1916181225550294	0.3430933034687882	2.184025504725061	3.935979138350235	[193, 232, 1799, 1019, 19, 132, 1108, 1086, 1112]	789249
227	0.1923752988635009	0.3443406848912379	2.184025504725061	3.5091107840740197	[811, 734, 19, 241, 1209, 132, 1108, 1086, 1112]	859452
228	0.19313176595770365	0.34532439871277454	2.184025504725061	3.6902374875365	[2004, 19, 132, 1032, 370, 1713, 174, 1086, 1112]	775783
229	0.19388752450192792	0.3463066366262285	2.184025504725061	3.329489066049737	[1873, 10, 734, 19, 132, 1713, 174, 1086, 1112]	879114
230	0.19464257515984174	0.347287400845968	2.184025504725061	3.5348343714449495	[19, 241, 132, 1032, 370, 1713, 174, 1086, 1112]	860175
231	0.1953969185944916	0.34868174538761787	2.184025504725061	3.871106536503648	[318, 158, 10, 811, 3459, 1203, 174, 1086, 1112]	777162
232	0.19615055546830296	0.3500731112879739	2.184025504725061	4.137243521204032	[3621, 1720, 132, 241, 1126, 19, 334, 1086, 1112]	774375
233	0.19690348644308076	0.35148354290410244	2.184025504725061	3.4680859177667465	[377, 162, 107, 811, 734, 1203, 174, 1086, 1112]	867017
234	0.1976557121800101	0.3527149923397772	2.184025504725061	3.7869695552620186	[377, 162, 1549, 107, 10, 158, 1115, 1086, 1112]	769274
235	0.1984072333396567	0.3536861418282935	2.184025504725061	3.560902467097974	[4349, 158, 420, 107, 734, 1203, 174, 1086, 1112]	780485
236	0.19915805058196756	0.3550668171844953	2.184025504725061	4.193495465401536	[160, 1541, 159, 10, 734, 1203, 174, 1086, 1112]	769316
237	0.1999081645662717	0.35629146244266274	2.184025504725061	3.708788044297587	[734, 19, 241, 132, 387, 344, 174, 1086, 1112]	859140
238	0.2006575759512803	0.3580875242104009	2.184025504725061	5.030498120403606	[332, 2975, 2156, 1963, 387, 344, 174, 1086, 1112]	768784
239	0.20140628539508776	0.35917099916471396	2.184025504725061	2.607135218367869	[107, 162, 10, 734, 19, 132, 1108, 1086, 1112]	867031
240	0.202154293555172	0.36002563317741154	2.184025504725061	2.4972538750193465	[1265, 193, 232, 10, 734, 1203, 174, 1086, 1112]	730351
241	0.20290160108839517	0.36110583682511554	2.184025504725061	4.119134373120549	[420, 162, 10, 232, 1879, 836, 1089, 1086, 1112]	866192
242	0.20364820865100408	0.3620643971693851	2.184025504725061	4.016133179193944	[3131, 162, 10, 734, 19, 1987, 334, 1086, 1112]	770195
243	0.20439411689863096	0.3634271746412523	2.184025504725061	4.091610828484733	[3869, 438, 1512, 1031, 241, 132, 1108, 1086, 1112]	788850
244	0.20513932648629385	0.3646359446546831	2.184025504725061	3.2214779196594137	[2047, 232, 1792, 496, 217, 132, 1108, 1086, 1112]	867226
245	0.20588383806839727	0.3659932287084603	2.184025504725061	4.047352068993548	[813, 3222, 809, 3284, 734, 1203, 174, 1086, 1112]	876162
246	0.2066276522987328	0.3670633597363926	2.184025504725061	3.931906863733431	[420, 1917, 10, 232, 320, 836, 1089, 1086, 1112]	729383
247	0.20737076983047964	0.368415458272112	2.184025504725061	3.7327668979892534	[1078, 334, 19, 241, 1031, 132, 1108, 1086, 1112]	779321
248	0.2081131913162052	0.3693630516774822	2.184025504725061	3.747869192599265	[2636, 162, 10, 734, 19, 1987, 334, 1086, 1096]	761791
249	0.20885491740786577	0.3705605502230165	2.184025504725061	4.306570146681515	[320, 232, 1799, 1851, 159, 1713, 174, 1086, 1112]	779977
250	0.20959594875680676	0.3713999946957415	2.184025504725061	3.24749997836519	[420, 162, 232, 10, 734, 1203, 174, 1086, 1096]	774219
251	0.21033628601376364	0.37259362534817475	2.184025504725061	4.355769515814283	[432, 15, 1557, 158, 420, 1582, 1087, 1086, 1112]	774290
252	0.21107592982886225	0.37353495007008897	2.184025504725061	4.035352050306041	[2872, 241, 217, 132, 19, 1987, 334, 1086, 1112]	778577
253	0.2118148808516196	0.37472452671654877	2.184025504725061	4.072253248175278	[1792, 232, 10, 494, 217, 132, 1108, 1086, 1112]	850147
254	0.21255313973094436	0.37591184450978454	2.184025504725061	4.05692579509102	[19, 241, 1031, 132, 1727, 1203, 174, 1086, 1112]	729695
255	0.2132907071151372	0.37656947041195343	2.184025504725061	4.059730361432854	[87, 1265, 159, 10, 734, 19, 334, 1086, 1112]	867929
256	0.21402758365189178	0.3779012617044084	2.184025504725061	3.899899659877562	[811, 734, 10, 232, 1192, 836, 1089, 1086, 1112]	777319
257	0.21476376998829494	0.3788346231516112	2.184025504725061	3.2740156556155915	[2073, 160, 107, 10, 734, 1203, 174, 1086, 1112]	776658
258	0.21549926677082742	0.38016157555576735	2.184025504725061	4.2911257888961405	[1582, 1579, 1580, 438, 1779, 132, 1108, 1086, 1096]	765998
259	0.21623407464536448	0.38120779203221167	2.184025504725061	3.544496282356687	[2872, 241, 132, 1032, 370, 1713, 174, 1086, 1112]	768230
260	0.2169681942571765	0.382136192549996	2.184025504725061	3.4707380868527467	[107, 10, 301, 4626, 438, 3366, 793, 2372, 794]	765554
261	0.21770162625092937	0.38306320014862216	2.184025504725061	2.471051502625323	[394, 193, 232, 10, 734, 1203, 174, 1086, 1112]	781003
262	0.2184343712706851	0.384104519014112	2.184025504725061	3.1915318285285807	[1019, 10, 438, 2729, 496, 3366, 793, 2372, 794]	791864
263	0.21916642995990254	0.385144080252273	2.184025504725061	3.382595354054197	[119, 409, 19, 241, 1031, 132, 1108, 1086, 1112]	760979
264	0.21989780296143768	0.3864575542019294	2.184025504725061	3.1937959864099907	[1555, 2229, 734, 19, 241, 132, 1108, 1086, 1112]	779053
265	0.22062849091754466	0.3871848818654947	2.184025504725061	3.795414423571841	[1792, 232, 1799, 10, 734, 19, 334, 1086, 1112]	869468
266	0.22135849446987577	0.38834853904511213	2.184025504725061	3.1481466465738643	[320, 232, 1792, 496, 217, 132, 1108, 1086, 1112]	771335
267	0.22208781425948243	0.3898184960931528	2.184025504725061	4.488093286791974	[1743, 193, 842, 157, 320, 836, 1089, 1086, 1112]	859638
268	0.22281645092681557	0.3908484127905264	2.184025504725061	3.9089175830926433	[2309, 420, 162, 846, 734, 1203, 174, 1086, 1112]	868534
269	0.22354440511172624	0.3918929113968527	2.184025504725061	4.04025562515512	[3895, 1030, 1031, 241, 132, 19, 334, 1086, 1112]	868317
270	0.2242716774534662	0.39304762863324105	2.184025504725061	3.568595955502146	[1799, 1019, 10, 232, 320, 836, 1089, 1086, 1112]	783436
271	0.2249982685906884	0.3936871978948625	2.184025504725061	4.628246257281504	[160, 320, 232, 107, 734, 19, 334, 1086, 1112]	779512
272	0.2257241791614476	0.3947105846653911	2.184025504725061	3.9426363659728763	[734, 10, 232, 320, 157, 1713, 174, 1086, 1112]	776900
273	0.22644940980320105	0.3958599515022353	2.184025504725061	3.873779513691682	[1849, 420, 1822, 1729, 241, 132, 1108, 1086, 1112]	779655
274	0.22717396115280875	0.39715053388122834	2.184025504725061	3.993718341415555	[1743, 1742, 400, 19, 241, 1729, 1094, 1086, 1096]	874639
275	0.22789783384653428	0.3988063093924188	2.184025504725061	4.715619690453464	[846, 10, 1820, 841, 1268, 1010, 1105, 1086, 1112]	782280
276	0.22862102852004518	0.3998210556873294	2.184025504725061	4.059594507394244	[1580, 438, 496, 2729, 301, 2627, 261, 1086, 1112]	853580
277	0.22934354580841365	0.40096071839625647	2.184025504725061	3.3616646919437896	[1529, 87, 415, 733, 734, 1203, 174, 1086, 1112]	846485
278	0.23006538634611695	0.40167085319468254	2.184025504725061	4.151873081377885	[1075, 87, 160, 331, 241, 132, 1108, 1086, 1112]	867910
279	0.23078655076703825	0.4028070033757908	2.184025504725061	3.1300122079648105	[2306, 420, 107, 10, 734, 1203, 174, 1086, 1112]	871469
280	0.23150703970446684	0.40381499695612677	2.184025504725061	4.016982432460341	[1544, 156, 1013, 733, 734, 1203, 174, 1086, 1112]	867984
281	0.23222685379109886	0.4050885855246409	2.184025504725061	3.983581389889152	[3694, 668, 324, 671, 670, 132, 1108, 1086, 1112]	766708
282	0.2329459936590378	0.40598115666261403	2.184025504725061	3.263604680457145	[432, 422, 19, 241, 217, 132, 1108, 1086, 1112]	862317
283	0.23366445993979512	0.4069837926346823	2.184025504725061	4.317572386849359	[1549, 107, 232, 10, 161, 1713, 174, 1086, 1112]	775188
284	0.23438225326429085	0.4079847362717284	2.184025504725061	3.7557761148726385	[1019, 10, 734, 19, 132, 387, 344, 1086, 1112]	771106
285	0.23509937426285388	0.40887296219038793	2.184025504725061	3.742838365186996	[3160, 21, 422, 19, 734, 1203, 174, 1086, 1112]	739312
286	0.2358158235652229	0.40975985546556526	2.184025504725061	4.045763349930959	[1579, 1580, 301, 2627, 438, 3366, 150, 1086, 1112]	785928
287	0.23653160180054655	0.41088064567057314	2.184025504725061	2.698833643487326	[160, 320, 232, 10, 734, 1203, 174, 1086, 1112]	781519
288	0.23724670959738436	0.41176452673202424	2.184025504725061	3.457683096745879	[837, 162, 10, 232, 320, 836, 1089, 1086, 1112]	862722
289	0.237961147583707	0.412757401035862	2.184025504725061	3.0799557002345415	[317, 318, 158, 10, 734, 1203, 174, 1086, 1096]	782487
290	0.23867491638689708	0.41387249928693326	2.184025504725061	3.798079360354982	[377, 162, 733, 734, 19, 132, 1108, 1086, 1112]	870640
291	0.2393880166337493	0.4152811156407282	2.184025504725061	3.9062965688947218	[3694, 673, 669, 811, 3459, 1203, 174, 1086, 1112]	776562
292	0.24010044895047156	0.41639142168199206	2.184025504725061	3.263604680457145	[432, 422, 19, 241, 217, 132, 1108, 1086, 1112]	771855
293	0.24081221396268515	0.41726703468958515	2.184025504725061	3.3150469371284377	[1549, 162, 10, 232, 320, 836, 1089, 1086, 1112]	781658
294	0.24152331229542523	0.4185118866052263	2.184025504725061	3.619505404829206	[1265, 415, 10, 232, 320, 836, 1089, 1086, 1112]	866294
295	0.2422337445731415	0.4193843181882517	2.184025504725061	4.330220204670252	[1549, 107, 10, 232, 193, 1872, 1115, 1086, 1112]	779378
296	0.24294351141969905	0.4202554408247149	2.184025504725061	3.774331838112916	[377, 162, 107, 10, 158, 1713, 174, 1086, 1096]	770725
297	0.2436526134583783	0.42149390881611715	2.184025504725061	4.036659728101811	[781, 769, 778, 784, 19, 132, 1108, 1086, 1112]	780001
298	0.24436105131187613	0.4225924175613123	2.184025504725061	3.800999925686182	[1529, 2229, 734, 19, 241, 132, 1094, 1086, 1112]	867974
299	0.24506882560230592	0.4238454722107018	2.184025504725061	3.5225664039354925	[4105, 3131, 162, 107, 734, 1203, 174, 1086, 1112]	778160
300	0.2457759369511986	0.42481795525818566	2.184025504725061	4.010836783035543	[1549, 162, 107, 734, 19, 1987, 334, 1086, 1112]	783316
301	0.24648238597950267	0.42591015206623495	2.184025504725061	3.9082941320073097	[157, 651, 2308, 3284, 734, 1203, 174, 1086, 1112]	864172
302	0.24718817330758525	0.42668793302500985	2.184025504725061	3.438121281789555	[193, 232, 1549, 107, 734, 1203, 174, 1086, 1112]	789049
303	0.24789329955523232	0.4279126597305839	2.184025504725061	3.7481773630889013	[1807, 157, 651, 733, 734, 1203, 174, 1086, 1112]	861240
304	0.24859776534164924	0.42899898009242365	2.184025504725061	4.455885628978736	[2040, 438, 10, 162, 1192, 836, 1089, 1086, 1112]	781489
305	0.2493015712854615	0.4302381316113203	2.184025504725061	4.573917549224536	[3819, 438, 1580, 301, 2636, 836, 1089, 1086, 1112]	765326
306	0.250004718004715	0.43132003620081705	2.184025504725061	3.9942991742044587	[2047, 232, 158, 1557, 734, 1203, 174, 1086, 1112]	845007
307	0.2507072061168769	0.4320784495041614	2.184025504725061	2.607135218367869	[107, 162, 10, 734, 19, 132, 1108, 1086, 1112]	773907
308	0.25140903623883604	0.43344331223919397	2.184025504725061	4.146044020641343	[2764, 1511, 1031, 241, 1587, 132, 1108, 1086, 1112]	777437
309	0.2521102089869032	0.43451913060245506	2.184025504725061	4.650595873729856	[2557, 2558, 415, 10, 157, 1713, 174, 1086, 1112]	869343
310	0.2528107249768121	0.43547359773347905	2.184025504725061	4.8624951848925795	[107, 162, 232, 1879, 496, 217, 261, 1086, 1112]	788819
311	0.2535105848237198	0.43622647168864315	2.184025504725061	3.927903878411694	[10, 107, 1549, 162, 420, 158, 1115, 1086, 1096]	788689
312	0.25420978914220693	0.4370723253190829	2.184025504725061	3.797629561449096	[1580, 438, 10, 811, 3459, 1203, 174, 1086, 1112]	765575
313	0.2549083385462786	0.4380224829489938	2.184025504725061	2.5606421040991183	[420, 158, 10, 734, 19, 132, 1108, 1086, 1096]	861168
314	0.25560623364936474	0.4390896060553733	2.184025504725061	3.4090673791682597	[1265, 808, 331, 241, 1031, 132, 1108, 1086, 1112]	792647
315	0.25630347506432083	0.44003635874576974	2.184025504725061	4.082787227855682	[195, 10, 301, 2729, 438, 2627, 261, 1086, 1112]	782818
316	0.2570000634034282	0.44098151342574166	2.184025504725061	4.354125835173497	[87, 1529, 156, 673, 670, 132, 1108, 1086, 1112]	773733
317	0.2576959992783947	0.44204301771339893	2.184025504725061	3.6420686476469495	[1791, 420, 1879, 496, 217, 132, 1108, 1086, 1112]	779573
318	0.2583912833003553	0.44310250634078774	2.184025504725061	4.1677962153278125	[1807, 157, 10, 162, 1192, 836, 1089, 1086, 1112]	866210
319	0.2590859160798725	0.44415998313538807	2.184025504725061	4.060246765996242	[77, 19, 132, 1031, 241, 1729, 1094, 1086, 1112]	901472
320	0.2597798982269369	0.44509817760829806	2.184025504725061	3.8537854241570866	[2309, 420, 158, 10, 438, 2627, 261, 1086, 1112]	764441
321	0.2604732303509677	0.4461518648795497	2.184025504725061	3.420208938777729	[1849, 420, 107, 734, 19, 132, 1108, 1086, 1112]	783617
322	0.2611659130608134	0.44733501214085436	2.184025504725061	3.9647137206789056	[382, 400, 654, 493, 217, 132, 1108, 1086, 1096]	853967
323	0.26185794696475206	0.44851563192693045	2.184025504725061	3.8814867277569522	[157, 480, 481, 1431, 19, 132, 1108, 1086, 1112]	782973
324	0.2625493326704922	0.44984099185081206	2.184025504725061	3.6420686476469495	[1791, 420, 1879, 496, 217, 132, 1108, 1086, 1112]	774992
325	0.26324007078517286	0.450885673127137	2.184025504725061	3.6633087111950546	[811, 807, 808, 331, 241, 132, 1108, 1086, 1112]	866033
326	0.26393016191536467	0.45161799295035565	2.184025504725061	4.143123523241453	[320, 232, 10, 107, 438, 2627, 261, 1086, 1112]	856543
327	0.26461960666706996	0.45265929992988785	2.184025504725061	2.927281987577019	[2636, 162, 1549, 107, 734, 1203, 174, 1086, 1112]	857639
328	0.26530840564572356	0.45397470154519914	2.184025504725061	3.9863658166225164	[2627, 301, 1879, 496, 217, 132, 1108, 1086, 1112]	870064
329	0.26599655945619305	0.45501153343788137	2.184025504725061	4.584672451289439	[320, 232, 10, 157, 842, 193, 1115, 1086, 1112]	765482
330	0.2666840687027795	0.45632128202619215	2.184025504725061	4.399795533273158	[2357, 438, 1535, 496, 217, 132, 1108, 1086, 1112]	868270
331	0.2673709339892181	0.4573536580640114	2.184025504725061	4.498578264256848	[1792, 232, 10, 1799, 1019, 1010, 1105, 1086, 1112]	770296
332	0.2680571559186783	0.45838407375236645	2.184025504725061	4.13445222604417	[1917, 10, 1820, 733, 734, 19, 334, 1086, 1112]	863720
333	0.2687427350937648	0.45919668338108166	2.184025504725061	3.774331838112916	[377, 162, 107, 10, 158, 1713, 174, 1086, 1112]	769377
334	0.26942767211651786	0.4603519639036441	2.184025504725061	4.174844364964777	[320, 317, 324, 671, 670, 132, 1108, 1086, 1112]	863048
335	0.2701119675884137	0.46183415150278573	2.184025504725061	3.605998988138782	[1259, 734, 19, 1126, 241, 132, 1108, 1086, 1112]	769945
336	0.27079562211036523	0.4628560593097195	2.184025504725061	3.378905822487007	[421, 438, 2729, 496, 217, 132, 1108, 1086, 1112]	778101
337	0.2714786362827225	0.46376269694109296	2.184025504725061	3.897843058388144	[107, 10, 232, 1792, 496, 217, 261, 1086, 1112]	769283
338	0.2721610107052733	0.4649082234063677	2.184025504725061	2.9129354312430724	[193, 1265, 415, 733, 734, 1203, 174, 1086, 1096]	871082
339	0.27284274597724356	0.4660513027631046	2.184025504725061	3.64496588600524	[107, 438, 2627, 261, 217, 132, 1108, 1086, 1112]	857912
340	0.273523842697298	0.46676339712384574	2.184025504725061	4.456748846057379	[377, 162, 10, 232, 677, 132, 1108, 1086, 1112]	776423
341	0.2742043014635406	0.4679205946127263	2.184025504725061	3.764533733864666	[2884, 3065, 1460, 19, 734, 1203, 174, 1086, 1112]	778989
342	0.27488412287351494	0.4686301960145154	2.184025504725061	2.80829630771566	[1791, 1792, 232, 10, 734, 1203, 174, 1086, 1112]	852510
343	0.2755633075242051	0.4697653243799629	2.184025504725061	3.554774157271062	[1265, 808, 331, 241, 1720, 132, 1108, 1086, 1112]	777627
344	0.2762418560120359	0.4708980278496102	2.184025504725061	3.8532790451597645	[841, 840, 651, 734, 19, 132, 1108, 1086, 1112]	868931
345	0.2769197689328736	0.47190272451981763	2.184025504725061	3.4784986954430472	[1579, 1580, 438, 2729, 301, 2627, 261, 1086, 1096]	775447
346	0.27759704688202635	0.4729214306839383	2.184025504725061	4.274896498940403	[2405, 1743, 193, 1265, 734, 1203, 174, 1086, 1112]	745947
347	0.27827369045424455	0.47392228517211443	2.184025504725061	3.0665272568925968	[1265, 87, 1529, 2229, 734, 1203, 174, 1086, 1112]	740477
348	0.27894970024372157	0.4751865863208784	2.184025504725061	4.029706672026777	[1781, 301, 2728, 496, 217, 132, 1108, 1086, 1112]	770047
349	0.2796250768440943	0.47618313956950953	2.184025504725061	3.2658509382605647	[715, 494, 10, 734, 19, 132, 1108, 1086, 1112]	768635
350	0.2802998208484436	0.4771778004915509	2.184025504725061	4.6041099580333	[2627, 301, 10, 159, 320, 836, 1089, 1086, 1112]	776373
351	0.28097393284929484	0.477797583281532	2.184025504725061	4.38522965377786	[1849, 420, 158, 10, 438, 3366, 150, 1086, 1112]	769587
352	0.2816474134386182	0.4789308350539244	2.184025504725061	3.709070518390991	[2309, 420, 158, 19, 734, 1203, 174, 1086, 1112]	865184
353	0.28232026320782955	0.47962575277885633	2.184025504725061	3.805089304184616	[10, 158, 3284, 811, 3459, 1203, 174, 1086, 1112]	764615
354	0.2829924827477909	0.48073739210092303	2.184025504725061	3.4251353263473776	[2004, 19, 241, 1720, 132, 1032, 1707, 1708, 794]	784380
355	0.28366407264881055	0.48198531478073425	2.184025504725061	3.367370973882611	[2636, 162, 3284, 811, 3459, 1203, 174, 1086, 1112]	786384
356	0.28433503350064404	0.4829689581174679	2.184025504725061	3.5021889749789894	[87, 160, 331, 241, 19, 132, 1108, 1086, 1112]	776318
357	0.2850053658924946	0.4839507336418759	2.184025504725061	3.7548077483604905	[331, 160, 1799, 10, 734, 1203, 174, 1086, 1112]	780209
358	0.28567507041301343	0.48449451477498484	2.184025504725061	4.091969695128194	[107, 162, 10, 734, 19, 132, 3279, 1086, 1096]	775679
359	0.2863441476503005	0.4857334081148734	2.184025504725061	3.94981877344013	[1819, 3821, 2680, 241, 1031, 132, 1108, 1086, 1096]	788808
360	0.28701259819190483	0.4865049843629864	2.184025504725061	4.150915663412579	[846, 162, 10, 232, 1192, 836, 1089, 1086, 1112]	775904
361	0.2876804226248252	0.4874800454278353	2.184025504725061	4.498708063677727	[1879, 301, 1580, 438, 1779, 132, 1108, 1086, 1112]	776847
362	0.2883476215355103	0.4884532549769903	2.184025504725061	3.270354725875218	[2627, 301, 2728, 496, 217, 132, 1108, 1086, 1096]	772850
363	0.28901419550985996	0.4895460367198984	2.184025504725061	3.8797341640067504	[846, 10, 494, 2229, 734, 19, 334, 1086, 1112]	775724
364	0.2896801451332248	0.4905153232170123	2.184025504725061	2.9764953218339167	[421, 438, 10, 734, 19, 132, 1108, 1086, 1112]	778864
365	0.29034547099040753	0.49127972495258354	2.184025504725061	3.0353190250255073	[377, 162, 107, 734, 19, 132, 1108, 1086, 1112]	769922
366	0.29101017366566284	0.49250231167316416	2.184025504725061	4.921804573975985	[2627, 438, 1580, 1579, 157, 1010, 1105, 1086, 1112]	862039
367	0.2916742537426983	0.4933589098160769	2.184025504725061	3.1487009674935553	[1792, 232, 162, 10, 734, 1203, 174, 1086, 1112]	779130
368	0.2923377118046746	0.4944412119496485	2.184025504725061	3.9138322031101556	[394, 432, 422, 19, 1126, 132, 1108, 1086, 1112]	868233
369	0.2930005484342064	0.495521202036426	2.184025504725061	3.9799109969582185	[394, 193, 232, 1792, 496, 217, 261, 1086, 1112]	772191
370	0.29366276421336257	0.4962780932370744	2.184025504725061	4.1694937373064365	[2004, 19, 734, 10, 161, 1713, 174, 1086, 1112]	872603
371	0.2943243597236668	0.49735415932207816	2.184025504725061	3.5849142157794045	[3158, 3083, 19, 241, 1031, 132, 1108, 1086, 1112]	869206
372	0.29498533554609796	0.49830861919749736	2.184025504725061	4.340169508633159	[1791, 420, 1879, 232, 10, 158, 1115, 1086, 1112]	868795
373	0.29564569226109105	0.49938034761107697	2.184025504725061	3.8722617384055518	[2309, 420, 107, 811, 734, 1203, 174, 1086, 1096]	861542
374	0.2963054304485371	0.5001314487699253	2.184025504725061	3.8378586345818677	[4210, 87, 160, 331, 241, 132, 1108, 1086, 1112]	770729
375	0.29696455068778405	0.5010806349294876	2.184025504725061	4.109887104343492	[1544, 1526, 1529, 2229, 734, 1203, 174, 1086, 1112]	857188
376	0.2976230535576372	0.5020430565442069	2.184025504725061	4.251976796597698	[2486, 257, 320, 232, 10, 158, 1115, 1086, 1112]	884823
377	0.2982809396363598	0.5028835509993068	2.184025504725061	2.761063827366203	[3621, 1720, 132, 19, 734, 1203, 174, 1086, 1112]	771411
378	0.2989382095016735	0.504097214204875	2.184025504725061	4.382761437767362	[2405, 1742, 400, 654, 493, 217, 261, 1086, 1112]	766837
379	0.2995948637307585	0.505038869885367	2.184025504725061	3.960353186164351	[157, 10, 1799, 232, 320, 836, 1089, 1086, 1112]	860171
380	0.3002509029002548	0.5058743077496616	2.184025504725061	4.223851512094813	[2051, 1849, 420, 107, 10, 158, 1115, 1086, 1112]	771815
381	0.300906327586262	0.5066156657412924	2.184025504725061	3.2874053589564953	[1265, 159, 10, 734, 19, 132, 1108, 1086, 1112]	768381
382	0.3015611383643402	0.5073559114416977	2.184025504725061	4.5117642234898145	[2307, 1468, 232, 10, 158, 1713, 174, 1086, 1112]	866793
383	0.3022153358095103	0.5087089988431335	2.184025504725061	3.872928290199364	[2607, 1587, 241, 1729, 1032, 132, 1108, 1086, 1112]	857719
384	0.3028689204962548	0.5096418973370836	2.184025504725061	3.5118709547801767	[1792, 232, 10, 811, 3459, 1203, 174, 1086, 1112]	776504
385	0.30352189299851795	0.5105730243766454	2.184025504725061	4.06648510518566	[1586, 107, 1549, 162, 1192, 836, 1089, 1086, 1112]	784063
386	0.3041742538897064	0.5116185531942001	2.184025504725061	3.465400660211217	[1265, 193, 232, 107, 734, 1203, 174, 1086, 1112]	781811
387	0.30482600374268987	0.512661848521239	2.184025504725061	3.645190708784665	[305, 3083, 19, 241, 1031, 132, 1108, 1086, 1112]	869714
388	0.30547714312980123	0.5135872410614819	2.184025504725061	4.148962652504152	[1265, 193, 842, 157, 320, 836, 1089, 1086, 1112]	784037
389	0.3061276726228376	0.514510876400178	2.184025504725061	3.8631206589790175	[1580, 301, 2729, 496, 1879, 836, 1089, 1086, 1096]	767891
390	0.30677759279306027	0.5156776326405188	2.184025504725061	3.5769523621550423	[1819, 1513, 1031, 241, 1587, 132, 1108, 1086, 1112]	778780
391	0.30742690421119556	0.516860060295205	2.184025504725061	5.270867944378414	[2196, 2197, 4018, 1579, 1580, 301, 1092, 1086, 1112]	770256
392	0.30807560744743523	0.5175849358906126	2.184025504725061	3.151690058462143	[1849, 420, 162, 107, 734, 1203, 174, 1086, 1112]	776246
393	0.30872370307143693	0.51839919742822	2.184025504725061	4.164505770982251	[1582, 420, 107, 162, 1192, 836, 1089, 1086, 1112]	782393
394	0.30937119165232463	0.5195566090249769	2.184025504725061	4.492005905320593	[5158, 301, 2728, 496, 1879, 836, 1089, 1086, 1112]	864528
395	0.3100180737586895	0.5203675426034937	2.184025504725061	3.9299298992926976	[107, 162, 1583, 1013, 156, 1713, 174, 1086, 1112]	776888
396	0.3106643499585898	0.5211771074187368	2.184025504725061	3.6337237926467445	[19, 734, 10, 232, 1192, 836, 1089, 1086, 1112]	776056
397	0.31131002081955206	0.5218955059629902	2.184025504725061	4.153076586602726	[21, 1417, 409, 19, 734, 1203, 174, 1086, 1112]	774027
398	0.3119550869085709	0.5227024917505719	2.184025504725061	4.133645033285234	[320, 232, 10, 438, 217, 132, 1108, 1086, 1112]	866833
399	0.31259954879211005	0.5234186016952191	2.184025504725061	4.741368400822481	[837, 162, 1583, 1013, 156, 158, 1115, 1086, 1112]	867812
400	0.31324340703610276	0.5242230166711387	2.184025504725061	3.819305766029082	[320, 160, 331, 241, 1031, 132, 1108, 1086, 1112]	881940
401	0.31388666220595196	0.524936845306963	2.184025504725061	4.558283509791913	[1794, 107, 438, 1580, 301, 2627, 261, 1086, 1112]	866083
402	0.31452931486653113	0.5257386976610456	2.184025504725061	4.554645726689118	[811, 3459, 1203, 734, 10, 158, 1115, 1086, 1112]	864105
403	0.3151713655821845	0.5265391965799241	2.184025504725061	3.7166827847137167	[107, 160, 331, 241, 19, 132, 1108, 1086, 1112]	774871
404	0.31581281491672797	0.5273383443480425	2.184025504725061	4.239504140708761	[1078, 334, 1987, 19, 132, 1713, 174, 1086, 1112]	880504
405	0.31645366343344905	0.5283480585782561	2.184025504725061	4.000059213922495	[1579, 1580, 438, 2040, 1451, 1713, 174, 1086, 1112]	777440
406	0.3170939116951079	0.5290556982365963	2.184025504725061	3.905934543820539	[1549, 107, 734, 19, 132, 217, 261, 1086, 1112]	772276
407	0.3177335602639375	0.529949960962384	2.184025504725061	4.126080480093519	[2151, 158, 10, 232, 1192, 836, 1089, 1086, 1112]	769065
408	0.31837260970164405	0.5309540961776134	2.184025504725061	3.367370973882611	[2636, 162, 3284, 811, 3459, 1203, 174, 1086, 1112]	867008
409	0.31901106056940776	0.5316578258858516	2.184025504725061	2.7787228879273513	[1820, 10, 734, 19, 241, 132, 1108, 1086, 1112]	769819
410	0.31964891342788315	0.5326583127079949	2.184025504725061	3.348698260760207	[1742, 400, 19, 241, 1720, 132, 1108, 1086, 1112]	767300
411	0.3202861688371996	0.5333594855070013	2.184025504725061	3.986080815733782	[2238, 1549, 162, 107, 420, 158, 1115, 1086, 1112]	782898
412	0.320922827356962	0.5343563371920144	2.184025504725061	3.678827063159205	[1527, 1534, 1019, 10, 734, 1203, 174, 1086, 1112]	779898
413	0.3215588895462509	0.5352545695662583	2.184025504725061	4.144903556818775	[1549, 162, 10, 415, 1265, 255, 174, 1086, 1112]	776345
414	0.3221943559636232	0.5361370614317738	2.184025504725061	3.2510973724750816	[1549, 162, 3284, 811, 3459, 1203, 174, 1086, 1096]	773083
415	0.3228292271671127	0.5370178775586123	2.184025504725061	3.276977981408388	[1526, 156, 1529, 2229, 734, 1203, 174, 1086, 1112]	777534
416	0.3234635037142305	0.537712509515293	2.184025504725061	3.9328198420542995	[1873, 10, 301, 1580, 438, 2627, 261, 1086, 1112]	775704
417	0.3240971861619655	0.5387157375762407	2.184025504725061	4.1654186040738725	[394, 193, 232, 320, 157, 1713, 174, 1086, 1112]	864174
418	0.32473027506678476	0.5393309238734831	2.184025504725061	2.8696379783974537	[1019, 10, 734, 19, 241, 132, 1108, 1086, 1112]	788187
419	0.3253627709846343	0.5404380311044696	2.184025504725061	3.653306306232966	[1819, 1513, 2680, 241, 1031, 132, 1108, 1086, 1112]	867975
420	0.3259946744709393	0.5413106802424548	2.184025504725061	3.700990424700617	[734, 10, 1799, 232, 320, 836, 1089, 1086, 1112]	782459
421	0.3266259860806049	0.5421816723318382	2.184025504725061	3.5697263482650916	[2047, 232, 10, 734, 19, 1987, 334, 1086, 1112]	867991
422	0.32725670636801607	0.5430510105191421	2.184025504725061	3.2143415486280356	[432, 422, 19, 1126, 241, 132, 1108, 1086, 1112]	790041
423	0.32788683588703893	0.5440271588731356	2.184025504725061	3.579329138206197	[669, 668, 324, 671, 670, 132, 1108, 1086, 1112]	864185
424	0.3285163751910206	0.5448929927185913	2.184025504725061	3.850217490860926	[846, 10, 301, 2729, 438, 2627, 261, 1086, 1112]	857135
425	0.32914532483279	0.5457571824568102	2.184025504725061	3.1351435697269965	[813, 3284, 2308, 651, 734, 1203, 174, 1086, 1112]	784821
426	0.32977368536465823	0.5464387024591255	2.184025504725061	3.1857982672035305	[811, 3284, 195, 10, 734, 1203, 174, 1086, 1112]	775026
427	0.33040145733841897	0.547407613922378	2.184025504725061	4.496027194063101	[19, 400, 1742, 581, 438, 2627, 261, 1086, 1112]	775532
428	0.33102864130534915	0.5479441423483538	2.184025504725061	3.2336422352402856	[2047, 232, 158, 10, 734, 1203, 174, 1086, 1096]	779403
429	0.3316552378162093	0.5488025383454136	2.184025504725061	3.793353288825414	[811, 3284, 2308, 651, 19, 132, 1108, 1086, 1112]	877101
430	0.3322812474212441	0.5497664001104228	2.184025504725061	3.260341013355305	[331, 241, 1126, 19, 734, 1203, 174, 1086, 1112]	787122
431	0.33290667067018276	0.550621335874102	2.184025504725061	3.960507462934796	[359, 158, 420, 3, 19, 132, 1108, 1086, 1112]	776347
432	0.33353150811223975	0.5513798357412126	2.184025504725061	3.528302132156999	[119, 409, 19, 241, 1720, 132, 1108, 1086, 1112]	873165
433	0.33415576029611493	0.5523381918049979	2.184025504725061	4.045763349930959	[1579, 1580, 301, 2627, 438, 3366, 150, 1086, 1112]	875958
