0	9.366567084169164E-4	0.0018988715277777901	3.998823575796849	3.998823575796849	[1580, 301, 10, 232, 1192, 836, 1089, 1086, 1112]	555124
1	0.0018724360910443716	0.003794137342476578	3.1351435697269965	3.1351435697269965	[813, 3284, 2308, 651, 734, 1203, 174, 1086, 1112]	579629
2	0.0028073389696354756	0.005288787770846515	3.1351435697269965	3.8892663204671942	[1791, 420, 3, 19, 241, 132, 1108, 1086, 1112]	754018
3	0.0037413661651737318	0.007413720170017735	3.1351435697269965	3.775811164964372	[2094, 481, 1529, 2229, 734, 1203, 174, 1086, 1112]	656384
4	0.00467451849787337	0.00953411322385378	3.1351435697269965	3.8631206589790175	[1580, 301, 2728, 496, 1879, 836, 1089, 1086, 1112]	1569774
5	0.005606796787180679	0.011020151719959959	3.1351435697269965	3.845024826728566	[377, 162, 107, 734, 19, 132, 1094, 1086, 1112]	1913038
6	0.006538201851774117	0.012689436764799944	3.1351435697269965	3.782319199684861	[1742, 400, 19, 132, 241, 217, 261, 1086, 1096]	3014907
7	0.007468734509565533	0.01456421268240149	3.1351435697269965	4.923467413565515	[3820, 438, 1580, 1579, 158, 1713, 174, 1086, 1112]	2846735
8	0.008398395577700724	0.01587842745744017	3.1351435697269965	3.1433252120916846	[4105, 3131, 162, 10, 734, 1203, 174, 1086, 1112]	4278789
9	0.009327185872559873	0.018243526756687167	2.6927737052426832	2.6927737052426832	[1743, 1742, 400, 19, 734, 1203, 174, 1086, 1112]	3785880
10	0.010255106209758558	0.019716498145726846	2.6927737052426832	3.56177286834832	[87, 1265, 2308, 651, 734, 1203, 174, 1086, 1112]	4280593
11	0.01118215740414863	0.021810609630400934	2.6927737052426832	4.561675734385281	[1580, 1674, 438, 2729, 1676, 132, 1108, 1086, 1112]	4697450
12	0.01210834026981833	0.023900247610316505	2.6927737052426832	3.636316286598678	[841, 1268, 1392, 3083, 19, 132, 1108, 1086, 1112]	3647419
13	0.013033655620093731	0.025985421641910644	2.6927737052426832	3.625192104254949	[1647, 1697, 241, 1126, 19, 132, 1108, 1086, 1112]	5158986
14	0.013958104267538851	0.027446777533651656	2.6927737052426832	3.4674541640037555	[837, 162, 107, 10, 734, 19, 334, 1086, 1112]	1502229
15	0.014881687023956758	0.029088336309998186	2.6927737052426832	2.8604822161036583	[988, 420, 162, 10, 734, 1203, 174, 1086, 1112]	1627278
16	0.01580440470039013	0.031162427388437552	2.6927737052426832	5.023249964851455	[1791, 420, 162, 481, 1529, 1010, 1105, 1086, 1112]	1407333
17	0.016726258107121916	0.03245450615087486	2.6927737052426832	4.290026688154948	[158, 420, 162, 1549, 438, 2627, 261, 1086, 1112]	1556141
18	0.017647248053676123	0.03408761245318581	2.6927737052426832	3.993227257925165	[655, 2327, 1511, 1031, 241, 132, 1108, 1086, 1112]	1185522
19	0.01856737534881847	0.035536812280180796	2.6927737052426832	3.510090644536051	[377, 162, 107, 811, 3459, 1203, 174, 1086, 1112]	1128148
20	0.019486640800557176	0.03759712792777559	2.6927737052426832	3.5269760068035865	[359, 158, 1557, 734, 19, 132, 1108, 1086, 1112]	1396597
21	0.020405045216143725	0.03888062512799384	2.6927737052426832	4.0206336472411675	[320, 232, 10, 162, 420, 1822, 1094, 1086, 1112]	1297770
22	0.021322589402073433	0.04032263379228229	2.6927737052426832	4.037715492381093	[1820, 10, 107, 162, 420, 158, 1115, 1086, 1112]	973345
23	0.02223927416408611	0.04262898732587783	2.6927737052426832	4.867738684871276	[1078, 1533, 831, 1676, 241, 132, 1108, 1086, 1112]	1308058
24	0.023155100307166943	0.044674152453050286	2.6927737052426832	4.243813280879112	[87, 415, 10, 158, 420, 1822, 1094, 1086, 1112]	1189366
25	0.02407006863554706	0.046714948636164544	2.6927737052426832	3.746999184321342	[3, 19, 1126, 241, 1031, 132, 1108, 1086, 1112]	1315292
26	0.02498417995270441	0.04852511447805552	2.6927737052426832	3.5937253317935545	[2627, 261, 217, 241, 1209, 132, 1108, 1086, 1112]	1068922
27	0.025897435061364327	0.05055768411875794	2.6927737052426832	4.216713576899055	[87, 1265, 415, 10, 157, 1713, 174, 1086, 1112]	1115806
28	0.026809834763500184	0.05182389662660136	2.6927737052426832	4.7674270490341835	[1579, 1583, 162, 107, 420, 1546, 234, 1086, 1112]	1272411
29	0.027721379860334294	0.053849419308368285	2.6927737052426832	3.604905049069579	[107, 232, 1792, 496, 217, 132, 1108, 1086, 1096]	1417125
30	0.028632071152338456	0.056196022931115364	2.6927737052426832	3.77880338099823	[3895, 1030, 1032, 400, 19, 132, 1108, 1086, 1112]	977065
31	0.029541909439234626	0.05798818543097495	2.6927737052426832	3.8763443024792616	[19, 432, 15, 1557, 734, 1203, 174, 1086, 1096]	687399
32	0.030450895519995802	0.059776944844490365	2.6927737052426832	4.134214654466217	[1265, 415, 10, 158, 420, 1822, 1094, 1086, 1112]	694765
33	0.03135903019284658	0.06156230763368542	2.6927737052426832	2.92707624055394	[3543, 359, 158, 10, 734, 1203, 174, 1086, 1112]	686366
34	0.03226631425526394	0.06314628329113248	2.6927737052426832	4.0047655418827715	[1851, 159, 807, 811, 3459, 1203, 174, 1086, 1112]	697538
35	0.03317274850397778	0.06492524813948375	2.6927737052426832	3.8793726606222823	[1580, 301, 10, 811, 3459, 1203, 174, 1086, 1112]	696559
36	0.03407833373497182	0.06692278331496704	2.6927737052426832	4.302752610563381	[1791, 1794, 107, 162, 1192, 836, 1089, 1086, 1112]	688923
37	0.03498307074348417	0.06869457707494842	2.6927737052426832	3.7831277750567356	[1580, 1579, 4018, 241, 217, 132, 1108, 1086, 1112]	708776
38	0.03588696032400818	0.07093274547263362	2.6927737052426832	3.4090673791682597	[1265, 808, 331, 241, 1031, 132, 1108, 1086, 1112]	688701
39	0.036790003270292915	0.07291744724927285	2.6927737052426832	4.521560480405141	[21, 1268, 841, 1820, 10, 158, 1115, 1086, 1112]	683640
40	0.03769220037534404	0.0754637555301434	2.6927737052426832	3.872928290199364	[2196, 2197, 241, 1729, 1032, 132, 1108, 1086, 1112]	706190
41	0.03859355243142437	0.07721933108116585	2.6927737052426832	3.425517234313027	[1580, 438, 3366, 496, 217, 132, 1108, 1086, 1112]	685150
42	0.03949406023005475	0.07919060326208383	2.6927737052426832	3.4088673628808186	[715, 494, 2229, 734, 19, 132, 1108, 1086, 1112]	680665
43	0.04039372456201451	0.08093910200805965	2.6927737052426832	4.202638460311066	[3284, 811, 734, 10, 438, 2627, 261, 1086, 1112]	686357
44	0.04129254621734246	0.08290242790098679	2.6927737052426832	4.208836936559314	[19, 813, 669, 811, 3459, 1203, 174, 1086, 1112]	682515
45	0.042190525985337235	0.08510645114936322	2.6927737052426832	3.735933311475983	[3135, 232, 1792, 496, 217, 132, 1108, 1086, 1112]	702844
46	0.04308766465455838	0.08596339232938155	2.6927737052426832	3.033004804872446	[10, 107, 162, 481, 1529, 2229, 734, 19, 794]	685557
47	0.04398396301282659	0.08791598518024046	2.6927737052426832	3.866676375877492	[841, 1820, 10, 734, 19, 132, 1094, 1086, 1112]	688372
48	0.04487942184722482	0.08928442398848346	2.6927737052426832	4.461800721156578	[326, 320, 232, 10, 438, 2627, 261, 1086, 1112]	679804
49	0.04577404194409862	0.09065080966922778	2.64636434858192	2.64636434858192	[1799, 232, 10, 734, 19, 132, 1108, 1086, 1112]	693187
50	0.04666782408905723	0.0928362115472352	2.64636434858192	3.230696100199915	[2627, 438, 2729, 496, 217, 132, 1108, 1086, 1112]	699379
51	0.04756076906697393	0.09480488296314826	2.64636434858192	3.846680936815572	[2405, 1742, 400, 19, 132, 1713, 174, 1086, 1112]	707270
52	0.048452877661986804	0.09652373219797306	2.64636434858192	4.274491997849723	[2689, 2238, 1549, 107, 734, 1203, 174, 1086, 1112]	690290
53	0.04934415065749953	0.09869501992042817	2.64636434858192	3.367370973882611	[2636, 162, 3284, 811, 3459, 1203, 174, 1086, 1112]	696186
54	0.050234588836181926	0.10040648228494564	2.64636434858192	4.222466331829984	[734, 10, 162, 1541, 159, 1713, 174, 1086, 1112]	704187
55	0.05112419297997084	0.10211469480230817	2.64636434858192	4.350270346426499	[1580, 438, 1549, 162, 1192, 836, 1089, 1086, 1112]	692285
56	0.052012963870070705	0.1038196636435581	2.64636434858192	3.725732686598568	[3819, 438, 10, 232, 320, 836, 1089, 1086, 1112]	683502
57	0.0529009022869541	0.10516424148016967	2.64636434858192	4.229070685154555	[846, 10, 301, 2728, 496, 217, 261, 1086, 1112]	687823
58	0.053788009010362625	0.10686341962406043	2.64636434858192	3.8885948349806805	[2238, 1549, 107, 162, 1192, 836, 1089, 1086, 1112]	730876
59	0.054674284819307584	0.10820343078288919	2.64636434858192	3.8236246626223256	[542, 457, 540, 409, 19, 132, 1108, 1086, 1112]	733225
60	0.055559730492070636	0.10954143146544226	2.64636434858192	4.036247633125527	[2047, 232, 10, 734, 19, 422, 334, 1086, 1112]	710952
61	0.05644434680620436	0.11123229788789835	2.64636434858192	3.1749323075302076	[1820, 10, 415, 733, 734, 1203, 174, 1086, 1112]	691297
62	0.05732813453853303	0.11273243627398644	2.64636434858192	2.9660699786662237	[195, 1583, 162, 10, 734, 1203, 174, 1086, 1096]	698438
63	0.05821109446515338	0.11441724338826653	2.64636434858192	3.9758766671434946	[1742, 400, 19, 132, 1727, 1203, 174, 1086, 1112]	673227
64	0.059093227361435186	0.11630905225554011	2.64636434858192	2.9024889190757186	[1265, 415, 10, 734, 19, 132, 1108, 1086, 1112]	741104
65	0.05997453400202202	0.1181968197830704	2.64636434858192	4.296620133418686	[1579, 1580, 494, 2229, 734, 19, 334, 1086, 1112]	698938
66	0.060855015160831805	0.11951982695503516	2.5717925868915774	2.5717925868915774	[2238, 1549, 162, 10, 734, 1203, 174, 1086, 1112]	733397
67	0.0617346716110575	0.12140073552782404	2.5717925868915774	3.7507136944742676	[1265, 2308, 651, 734, 19, 132, 1108, 1086, 1112]	734067
68	0.06261350412516797	0.1230690826554568	2.5717925868915774	3.099862811030701	[2238, 1549, 10, 734, 19, 132, 1108, 1086, 1112]	731994
69	0.06349151347490856	0.12521002727788	2.5717925868915774	4.905892282388156	[248, 249, 318, 158, 420, 1582, 1087, 1086, 1112]	708374
70	0.0643687004313016	0.12731237439555176	2.5717925868915774	4.0224229477401705	[386, 3821, 2680, 1513, 1031, 132, 1108, 1086, 1112]	722207
71	0.0652450657646475	0.12862170510955018	2.5717925868915774	3.652221984022918	[1791, 420, 107, 10, 734, 19, 334, 1086, 1112]	689420
72	0.06612061024452487	0.12992907137846166	2.5717925868915774	4.030761670646811	[669, 813, 3222, 811, 734, 1203, 174, 1086, 1112]	737885
73	0.06699533463979168	0.13178774340615662	2.5717925868915774	3.608508785145478	[19, 241, 2680, 1513, 1031, 132, 1108, 1086, 1112]	701341
74	0.0678692397185856	0.1332531865475911	2.5717925868915774	4.014462195407111	[157, 10, 107, 162, 1192, 836, 1089, 1086, 1112]	741867
75	0.06874232624832499	0.134553604006046	2.5717925868915774	4.5917430776791965	[846, 10, 301, 2627, 438, 240, 234, 1086, 1112]	693694
76	0.06961459499570921	0.13640239696623813	2.5717925868915774	3.8217933471916705	[87, 415, 10, 734, 19, 132, 1094, 1086, 1112]	710572
77	0.07048604672671965	0.1376980895290889	2.5717925868915774	4.037979946468599	[193, 232, 10, 157, 320, 836, 1089, 1086, 1112]	741105
78	0.07135668220662017	0.1393354900752305	2.5717925868915774	3.732651976951808	[813, 3284, 2308, 651, 19, 132, 1108, 1086, 1112]	733451
79	0.07222650219995785	0.1407881934822216	2.5717925868915774	4.034062811069623	[1879, 232, 10, 158, 420, 1822, 1094, 1086, 1112]	703906
80	0.0730955074705637	0.14265280243733824	2.5717925868915774	3.999315730795524	[3895, 1030, 1032, 132, 241, 217, 261, 1086, 1112]	711819
81	0.07396369878155318	0.14448429364306903	2.5717925868915774	5.162270533313514	[3060, 317, 318, 158, 420, 1822, 1094, 1086, 1096]	770272
82	0.07483107689532698	0.14592830645761823	2.5717925868915774	3.060861987971264	[394, 432, 422, 19, 241, 132, 1108, 1086, 1112]	703230
83	0.07569764257357181	0.14827408442450096	2.5717925868915774	4.000889117762095	[2405, 1743, 193, 232, 320, 836, 1089, 1086, 1096]	734217
84	0.07656339657726086	0.14989140251505773	2.5717925868915774	3.956964784730329	[196, 1078, 334, 1987, 19, 132, 1108, 1086, 1112]	736164
85	0.07742833966665452	0.151166856943726	2.465656797017007	2.465656797017007	[2309, 420, 158, 10, 734, 1203, 174, 1086, 1112]	750291
86	0.07829247260130112	0.1524403977533526	2.465656797017007	4.629283610233142	[107, 10, 232, 320, 157, 1010, 1105, 1086, 1112]	725962
87	0.07915579614003743	0.1540498045501535	2.465656797017007	3.8446183450334352	[2040, 438, 10, 232, 320, 836, 1089, 1086, 1112]	734543
88	0.08001831104098966	0.15565615529021126	2.465656797017007	3.873518168410869	[3819, 438, 496, 217, 241, 132, 1108, 1086, 1112]	699840
89	0.08088001806157386	0.15678220446582636	2.465656797017007	3.7613435602732013	[320, 232, 10, 158, 19, 132, 1108, 1086, 1112]	696144
90	0.08174091795849647	0.1580473203284677	2.465656797017007	3.954586893045909	[988, 420, 158, 10, 301, 2627, 261, 1086, 1112]	703126
91	0.08260101148775545	0.15987447458122706	2.465656797017007	4.285496995575434	[737, 1917, 10, 811, 3459, 1203, 174, 1086, 1096]	719850
92	0.08346029940464028	0.16166917632620126	2.465656797017007	3.7250141875036906	[669, 813, 3284, 734, 19, 132, 1108, 1086, 1112]	755317
93	0.08431878246373337	0.16292696005513574	2.465656797017007	3.9620780781754723	[846, 10, 107, 162, 420, 158, 1115, 1086, 1112]	762319
94	0.08517646141891011	0.16404331260802663	2.465656797017007	4.4588924500238285	[781, 784, 786, 19, 734, 1203, 174, 1086, 1096]	747104
95	0.08603333702333982	0.1656306869601707	2.465656797017007	3.566718621050236	[394, 432, 15, 422, 19, 132, 1108, 1086, 1112]	734936
96	0.08688941002948636	0.1670390070776665	2.465656797017007	3.763149751429233	[394, 432, 422, 19, 132, 217, 261, 1086, 1112]	729194
97	0.08774468118910872	0.16814987564771222	2.465656797017007	2.806489471342979	[1849, 420, 107, 10, 734, 1203, 174, 1086, 1096]	737494
98	0.0885991512532619	0.1697294521642232	2.465656797017007	4.341056994419543	[1677, 1580, 301, 2627, 261, 132, 1108, 1086, 1112]	706314
99	0.08945282097229745	0.17113085403412354	2.465656797017007	3.6961937129624323	[305, 331, 241, 19, 734, 1203, 174, 1086, 1112]	752196
100	0.09030569109586384	0.17252989049770406	2.465656797017007	3.2584183465801226	[157, 1805, 162, 10, 734, 1203, 174, 1086, 1112]	737812
101	0.09115776237290762	0.17410114992872516	2.465656797017007	2.4972538750193465	[1265, 193, 232, 10, 734, 1203, 174, 1086, 1112]	707030
102	0.09200903555167372	0.17586546021635296	2.465656797017007	3.940161810553854	[2627, 261, 217, 19, 734, 1203, 174, 1086, 1112]	700090
103	0.09285951137970616	0.17710194465104212	2.465656797017007	3.3046756228553607	[1791, 420, 107, 734, 19, 132, 1108, 1086, 1112]	686568
104	0.09370919060384897	0.17907958203686758	2.465656797017007	3.9555323405117626	[3819, 438, 2627, 261, 217, 132, 1094, 1086, 1112]	763043
105	0.09455807397024651	0.1803112441865894	2.465656797017007	3.77781796098973	[988, 420, 158, 19, 734, 1203, 174, 1086, 1112]	717921
106	0.09540616222434417	0.1822811687935323	2.465656797017007	3.1136056597975417	[421, 438, 2627, 261, 217, 132, 1108, 1086, 1112]	730828
107	0.09625345611088931	0.1840280046756262	2.465656797017007	3.2029914826574055	[1742, 400, 19, 241, 1031, 132, 1108, 1086, 1112]	704385
108	0.09709995637393165	0.18577110891368487	2.465656797017007	4.321922587779774	[1807, 157, 2149, 420, 158, 1713, 174, 1086, 1112]	799567
109	0.0979456637568239	0.18772791205006933	2.465656797017007	4.398839062320132	[101, 1490, 2727, 1512, 1031, 132, 1108, 1086, 1112]	732506
110	0.09879057900222266	0.1889465987389517	2.465656797017007	3.9723923463828905	[837, 162, 10, 158, 420, 1822, 1094, 1086, 1112]	727556
111	0.09963470285208875	0.19048668495011367	2.465656797017007	4.47956015539111	[709, 1580, 301, 2729, 496, 217, 261, 1086, 1112]	716523
112	0.10047803604768812	0.19170123253356475	2.465656797017007	4.105336083949792	[2238, 1549, 162, 107, 420, 1822, 1094, 1086, 1112]	736978
113	0.10132057932959238	0.1934279449884796	2.465656797017007	3.501360769444612	[1078, 334, 1987, 19, 734, 1203, 174, 1086, 1112]	721001
114	0.10216233343767955	0.19495952169884223	2.465656797017007	3.331681059793028	[1799, 232, 1792, 496, 217, 132, 1108, 1086, 1112]	708777
115	0.1030032991111346	0.1961673584932756	2.465656797017007	4.143642971786146	[2654, 232, 10, 162, 420, 158, 1115, 1086, 1112]	815244
116	0.10384347708844999	0.197884530273838	2.465656797017007	3.993227257925165	[655, 2327, 1511, 1031, 241, 132, 1108, 1086, 1112]	726457
117	0.10468286810742666	0.19940764450129111	2.465656797017007	3.1958448816006024	[811, 3284, 2308, 651, 734, 1203, 174, 1086, 1112]	808891
118	0.10552147290517444	0.20060880758610145	2.465656797017007	2.8015263992762196	[377, 162, 846, 10, 734, 1203, 174, 1086, 1112]	734082
119	0.10635929221811269	0.2023164914077864	2.465656797017007	4.361637339438687	[158, 420, 1879, 232, 1192, 836, 1089, 1086, 1112]	700556
120	0.107196326781971	0.20366289007680294	2.465656797017007	3.9647137206789056	[382, 400, 654, 493, 217, 132, 1108, 1086, 1112]	817843
121	0.10803257733178995	0.20536404967441724	2.465656797017007	4.2632026079608725	[193, 1265, 808, 331, 241, 217, 261, 1086, 1112]	719311
122	0.10886804460192145	0.20630605574603222	2.465656797017007	3.5276606584572354	[1550, 420, 158, 651, 734, 1203, 174, 1086, 1112]	731552
123	0.10970272932602976	0.20821350808093209	2.465656797017007	4.44979317324925	[1020, 1018, 480, 481, 159, 1713, 174, 1086, 1112]	827958
124	0.11053663223709176	0.21011637631331204	2.465656797017007	4.2395327583892195	[1580, 438, 2729, 1676, 217, 132, 1108, 1086, 1112]	717863
125	0.11136975406739802	0.21228585648090859	2.465656797017007	3.6205114366409514	[2267, 438, 2729, 496, 217, 132, 1108, 1086, 1112]	734918
126	0.11220209554855298	0.21333638212574801	2.465656797017007	4.107930419921783	[157, 10, 438, 3366, 3459, 1203, 174, 1086, 1112]	756713
127	0.11303365741147586	0.21522693876355314	2.465656797017007	4.0224229477401705	[386, 3821, 2680, 1513, 1031, 132, 1108, 1086, 1112]	813153
128	0.11386444038640142	0.216404367481972	2.465656797017007	3.762792227878527	[377, 162, 846, 10, 734, 19, 334, 1086, 1112]	742165
129	0.1146944452028803	0.21758002965353118	2.465656797017007	4.316777416517225	[1715, 132, 241, 19, 23, 5272, 174, 1086, 1112]	727458
130	0.1155236725897798	0.21862349478697596	2.465656797017007	4.335457692864429	[331, 241, 1209, 132, 19, 1987, 334, 1086, 1112]	736271
131	0.11635212327528455	0.21979582750656002	2.465656797017007	2.9510337787353853	[2238, 1549, 162, 107, 734, 1203, 174, 1086, 1112]	740694
132	0.11717979798689715	0.2209664013250301	2.465656797017007	3.87155833307271	[837, 162, 1549, 107, 10, 158, 1115, 1086, 1112]	744602
133	0.11800669745143866	0.22244568604473625	2.465656797017007	4.227259868956273	[1678, 1580, 438, 2627, 261, 132, 1108, 1086, 1112]	804363
134	0.11883282239504955	0.22375810893190995	2.465656797017007	5.197724385018691	[2309, 420, 158, 651, 157, 1010, 1105, 1086, 1112]	727591
135	0.11965817354319008	0.22523209255752752	2.465656797017007	3.278471059700178	[10, 734, 19, 241, 132, 1713, 174, 1086, 1112]	736156
136	0.12048275162064082	0.2260484955602462	2.465656797017007	3.2144228061753246	[3131, 162, 10, 232, 320, 836, 2348, 2372, 794]	720061
137	0.12130655735150375	0.22720968823237375	2.465656797017007	4.009251772256968	[195, 3222, 811, 734, 19, 132, 1108, 1086, 1112]	758106
138	0.12212959145920244	0.22851407002789204	2.465656797017007	4.220615477945098	[1917, 10, 415, 733, 734, 19, 334, 1086, 1112]	728574
139	0.12295185466648284	0.23036815074643768	2.465656797017007	4.039542865519914	[1819, 1513, 1031, 227, 217, 132, 1108, 1086, 1112]	726189
140	0.12377334769541415	0.23201226175253353	2.465656797017007	3.407113361296819	[1580, 1579, 4018, 2197, 241, 132, 1108, 1086, 1112]	694211
141	0.12459407126738897	0.2338872318166143	2.465656797017007	4.845255064604788	[2299, 2297, 400, 654, 132, 19, 334, 1086, 1112]	823584
142	0.12541402610312435	0.23534198153918473	2.465656797017007	2.740666610992391	[837, 162, 10, 734, 19, 132, 1108, 1086, 1112]	740160
143	0.1262332129226622	0.23717965301604593	2.465656797017007	4.693078570182663	[1020, 1018, 415, 1265, 193, 232, 1023, 1086, 1112]	732722
144	0.1270516324453701	0.2381969793437565	2.465656797017007	3.3680206473366088	[457, 540, 409, 19, 734, 1203, 174, 1086, 1112]	725039
145	0.1278692853899417	0.2393399451240621	2.465656797017007	3.209092645705777	[1549, 162, 3284, 811, 734, 1203, 174, 1086, 1112]	715486
146	0.12868617247439762	0.24048119606373364	2.465656797017007	3.5934101980309006	[2094, 481, 162, 10, 734, 1203, 174, 1086, 1112]	698036
147	0.12950229441608585	0.24162073473562018	2.465656797017007	3.533058415493884	[2238, 1549, 162, 10, 734, 19, 334, 1086, 1112]	754720
148	0.13031765193168254	0.24263213826725605	2.465656797017007	4.439769469998426	[87, 160, 107, 162, 420, 158, 1115, 1086, 1112]	717692
149	0.1311322457371925	0.24391048872832122	2.465656797017007	4.008793158687624	[1529, 2229, 734, 10, 301, 2627, 261, 1086, 1096]	698064
150	0.13194607654794988	0.2449188385566442	2.465656797017007	4.221790485559706	[195, 3284, 811, 107, 734, 1203, 174, 1086, 1112]	737345
151	0.13275914507861886	0.24653186594009868	2.465656797017007	3.4565068213834858	[1715, 132, 19, 1460, 734, 1203, 174, 1086, 1112]	688266
152	0.1335714520431942	0.2479626051269529	2.465656797017007	4.194146125809573	[2764, 1511, 1031, 241, 132, 1713, 174, 1086, 1112]	723141
153	0.13438299815500188	0.24956913032352013	2.465656797017007	4.847501073889595	[813, 807, 811, 734, 19, 1987, 334, 1086, 1112]	717262
154	0.1351937841266997	0.2508357719341816	2.465656797017007	2.752583784462389	[107, 162, 846, 10, 734, 1203, 174, 1086, 1112]	746992
155	0.1360038106702781	0.2522583385564854	2.465656797017007	3.918134963632279	[386, 370, 1032, 1729, 241, 132, 1108, 1086, 1112]	700516
156	0.13681307849706048	0.2536782039075337	2.465656797017007	4.429409217051189	[1579, 1583, 162, 107, 420, 1822, 1094, 1086, 1112]	698387
157	0.137621588317704	0.25479794254193167	2.465656797017007	4.037715492381093	[1820, 10, 107, 162, 420, 158, 1115, 1086, 1112]	737749
158	0.13842934084220015	0.25638986588244883	2.465656797017007	4.200598966480976	[732, 19, 132, 1032, 370, 1713, 174, 1086, 1112]	811702
159	0.13923633677987546	0.25764499487039805	2.465656797017007	3.192337880196124	[1579, 1580, 494, 10, 734, 1203, 174, 1086, 1112]	716225
160	0.14004257683939214	0.25863502783715364	2.465656797017007	3.611173435340718	[1549, 162, 107, 232, 320, 836, 1089, 1086, 1112]	717124
161	0.14084806172874842	0.26041672008440164	2.465656797017007	3.757601963569318	[1849, 420, 1879, 496, 217, 132, 1108, 1086, 1112]	740351
162	0.1416527921552796	0.26182109371705387	2.465656797017007	3.772223592864111	[3284, 2308, 651, 811, 3459, 1203, 174, 1086, 1112]	754258
163	0.14245676882565828	0.2632228006246007	2.465656797017007	3.9520930157376393	[2654, 232, 10, 1019, 19, 132, 1108, 1086, 1096]	697509
164	0.14325999244589527	0.2643282190907418	2.465656797017007	4.144879016640367	[2238, 1549, 162, 10, 159, 1713, 174, 1086, 1112]	712183
165	0.14406246372134002	0.2653093390546125	2.465656797017007	3.950006847470382	[382, 409, 119, 123, 19, 132, 1108, 1086, 1112]	741538
166	0.14486418335668128	0.2664116269975604	2.465656797017007	4.852936972725163	[3580, 2149, 420, 158, 1546, 234, 174, 1086, 1112]	730745
167	0.14566515205594777	0.2684264876411828	2.465656797017007	4.326055419616417	[157, 1549, 162, 846, 734, 1203, 174, 1086, 1112]	688293
168	0.14646537052250896	0.2695240987922699	2.465656797017007	2.698833643487326	[160, 320, 232, 10, 734, 1203, 174, 1086, 1112]	738884
169	0.1472648394590752	0.2710845636691175	2.465656797017007	4.103414141485961	[1529, 2229, 494, 217, 241, 132, 1108, 1086, 1112]	725670
170	0.1480635595676988	0.2726416950333497	2.465656797017007	4.1947754902791425	[3284, 162, 481, 1431, 19, 132, 1108, 1086, 1112]	722964
171	0.14886153154977455	0.27373298192780415	2.465656797017007	4.134154967759843	[1580, 438, 2627, 261, 132, 19, 334, 1086, 1112]	746968
172	0.14965875610604018	0.27547838987681494	2.465656797017007	4.194804723444134	[241, 1720, 132, 1032, 1729, 1822, 1094, 1086, 1112]	742215
173	0.150455233936577	0.27685416333353763	2.465656797017007	3.847209688105078	[77, 19, 241, 1031, 132, 1713, 174, 1086, 1112]	745931
174	0.15125096574081076	0.27793913008093674	2.465656797017007	3.9963305518977643	[1586, 107, 10, 734, 19, 1987, 334, 1086, 1112]	737594
175	0.15204595221751205	0.27890209801445165	2.465656797017007	4.591666916183025	[1792, 420, 158, 10, 301, 2627, 261, 1086, 1112]	702273
176	0.15284019406479676	0.2801192289254033	2.465656797017007	3.7935721631601576	[107, 811, 734, 19, 241, 132, 1108, 1086, 1112]	753291
177	0.1536336919801271	0.2816570601624401	2.465656797017007	3.7549854114024557	[3284, 2308, 651, 1431, 19, 132, 1108, 1086, 1112]	699816
178	0.15442644666031202	0.2832159641117403	2.465656797017007	3.889298194434989	[1414, 3251, 3248, 334, 19, 132, 1108, 1086, 1112]	694350
179	0.15521845880150753	0.2845770449090542	2.465656797017007	4.421861188049292	[3136, 1468, 2307, 420, 158, 1546, 234, 1086, 1112]	702290
180	0.15600972909921784	0.2861053532237626	2.465656797017007	4.176231411120004	[1791, 1792, 496, 2728, 301, 2627, 261, 1086, 1112]	699732
181	0.1568002582482957	0.28746094744235906	2.465656797017007	4.497630142876048	[190, 195, 10, 107, 420, 158, 1115, 1086, 1112]	685494
182	0.15759004694294287	0.2886636319928759	2.465656797017007	3.851153002218851	[3621, 1720, 241, 1031, 132, 19, 334, 1086, 1112]	737397
183	0.15837909587671095	0.29037315771860106	2.465656797017007	4.502880735345303	[1851, 159, 1541, 162, 2636, 836, 1089, 1086, 1096]	821342
184	0.159167405742502	0.2915709267907388	2.465656797017007	3.962760815113467	[1851, 159, 807, 811, 734, 1203, 174, 1086, 1112]	731869
185	0.1599549772325689	0.2927666741654651	2.465656797017007	4.850489900515143	[331, 808, 496, 3366, 3459, 1203, 174, 1086, 1112]	687552
186	0.16074181103851626	0.2935119133594064	2.465656797017007	2.762429847802123	[1549, 107, 232, 10, 734, 1203, 174, 1086, 1112]	736824
187	0.1615279078513009	0.295021134735897	2.465656797017007	3.9092269413755645	[3819, 438, 2297, 400, 19, 132, 1108, 1086, 1112]	798259
188	0.1623132683612324	0.296527132067699	2.465656797017007	4.577945341424384	[3869, 438, 1580, 1579, 158, 1713, 174, 1086, 1112]	744544
189	0.16309789325797364	0.2974653103323549	2.465656797017007	4.303509581233657	[119, 409, 19, 1126, 241, 132, 1094, 1086, 1112]	797698
190	0.1638817832305418	0.29851935329096124	2.465656797017007	4.476585041573903	[1820, 10, 301, 2729, 438, 3366, 150, 1086, 1112]	737574
191	0.1646649389673085	0.2998513749182842	2.465656797017007	3.948096630619138	[2872, 241, 132, 1032, 1729, 1822, 1094, 1086, 1112]	809618
192	0.16544736115600067	0.3010331458421779	2.465656797017007	3.633223939459353	[107, 10, 734, 19, 132, 387, 344, 1086, 1112]	727726
193	0.16622905048370096	0.30208183582398185	2.465656797017007	4.1546556202885805	[1792, 496, 217, 19, 734, 1203, 174, 1086, 1112]	691108
194	0.1670100076368486	0.3034070927546546	2.465656797017007	4.6757488961169384	[3819, 438, 2729, 301, 10, 158, 1089, 1086, 1112]	745032
195	0.16779023330123966	0.30472983319267477	2.465656797017007	3.7667214267616567	[359, 158, 10, 811, 3459, 1203, 174, 1086, 1112]	710584
196	0.1685697281620281	0.30546246634181473	2.465656797017007	4.296837195339901	[813, 3284, 162, 107, 734, 19, 334, 1086, 1112]	686019
197	0.169348492903726	0.30628581013012735	2.465656797017007	3.268660282572534	[421, 438, 107, 10, 734, 1203, 174, 1086, 1112]	702483
198	0.17012652821020435	0.3077677435191316	2.465656797017007	3.1250969553299237	[813, 3284, 195, 10, 734, 1203, 174, 1086, 1112]	738625
199	0.1709038347646935	0.3086909308753589	2.465656797017007	2.8657342649169806	[157, 10, 734, 19, 241, 132, 1108, 1086, 1112]	680050
200	0.1716804132497839	0.3100036379836143	2.465656797017007	3.524727613525444	[1579, 1580, 301, 2627, 261, 132, 1108, 1086, 1112]	737682
201	0.17245626434742656	0.31103886915090573	2.465656797017007	3.7480788750692566	[846, 162, 10, 232, 320, 836, 1089, 1086, 1096]	695483
202	0.17323138873893396	0.3119576940091483	2.465656797017007	2.698833643487326	[157, 320, 232, 10, 734, 1203, 174, 1086, 1096]	688281
203	0.17400578710498016	0.31311903084892834	2.465656797017007	4.345880697448894	[1579, 4018, 241, 1031, 132, 19, 334, 1086, 1112]	712707
204	0.17477946012560186	0.3138428239750225	2.465656797017007	3.465783634884758	[377, 162, 10, 734, 19, 132, 1094, 1086, 1112]	717871
205	0.1755524084801986	0.31514574830015674	2.465656797017007	3.553005808888803	[1579, 1580, 438, 10, 734, 19, 334, 1086, 1112]	750110
206	0.17632463284753375	0.31630170406836156	2.465656797017007	4.375484002056088	[3284, 2308, 651, 733, 734, 19, 334, 1086, 1112]	764733
207	0.17709613390573486	0.3175999592960963	2.465656797017007	3.0474772533015564	[1550, 420, 162, 10, 734, 1203, 174, 1086, 1112]	720302
208	0.17786691233229424	0.3188957493039434	2.465656797017007	3.7602177598066113	[1580, 301, 1512, 1031, 241, 132, 1108, 1086, 1112]	741428
209	0.17863696880406965	0.3201890787730386	2.465656797017007	3.2510973724750816	[1549, 162, 3284, 811, 3459, 1203, 174, 1086, 1112]	701421
210	0.17940630399728497	0.3214799523756289	2.465656797017007	2.982568039377158	[3284, 162, 10, 734, 19, 132, 1108, 1086, 1112]	727072
211	0.18017491858753054	0.32313649546064926	2.465656797017007	3.972469955220716	[2196, 2197, 241, 19, 132, 1713, 174, 1086, 1112]	691983
212	0.18094281324976402	0.32442177229761093	2.465656797017007	3.73433631167703	[1851, 159, 651, 733, 734, 1203, 174, 1086, 1112]	691584
213	0.18170998865831067	0.32604536194090816	2.465656797017007	4.106507619126284	[1819, 1513, 1031, 241, 1729, 1822, 1094, 1086, 1112]	731869
214	0.18247644548686437	0.32766504967733256	2.465656797017007	4.020139316916082	[1791, 420, 1822, 1729, 1032, 132, 1108, 1086, 1112]	759182
215	0.18324218440848794	0.3289417273716302	2.465656797017007	3.857432277887286	[420, 158, 10, 734, 19, 387, 344, 1086, 1112]	733113
216	0.18400720609561372	0.3299485449102959	2.465656797017007	4.192631520048498	[1849, 420, 162, 10, 301, 2627, 261, 1086, 1112]	714380
217	0.1847715112200441	0.3310795152482656	2.465656797017007	3.198174749725432	[2734, 162, 107, 10, 734, 1203, 174, 1086, 1112]	755976
218	0.1855351004529524	0.33250848356896334	2.465656797017007	4.129535471091634	[545, 2040, 438, 1580, 301, 2627, 261, 1086, 1112]	695522
219	0.18629797446488328	0.33350994975016557	2.465656797017007	2.886939728725295	[1723, 241, 132, 19, 734, 1203, 174, 1086, 1096]	721628
220	0.18706013392575316	0.33479561728536966	2.465656797017007	3.7647030234069137	[1549, 107, 10, 232, 1192, 836, 1089, 1086, 1112]	709652
221	0.18782157950485112	0.33591840631869396	2.465656797017007	4.807553823210948	[432, 422, 19, 132, 269, 2013, 2116, 1086, 1112]	730147
222	0.1885823118708394	0.33733703765285206	2.465656797017007	3.6851363086975057	[2764, 400, 19, 1126, 241, 132, 1108, 1086, 1112]	730396
223	0.18934233169175374	0.3387526384635302	2.465656797017007	4.188549168473484	[669, 673, 670, 132, 241, 1729, 1094, 1086, 1112]	696454
224	0.19010163963500426	0.34034178731976183	2.465656797017007	3.864291842125417	[3694, 673, 669, 811, 734, 1203, 174, 1086, 1112]	708775
225	0.19086023636737603	0.3415943935178851	2.465656797017007	3.929170675752772	[988, 420, 162, 3284, 734, 1203, 174, 1086, 1112]	727653
226	0.1916181225550294	0.34317671289991836	2.465656797017007	3.6770199122953233	[1879, 301, 2627, 261, 217, 132, 1108, 1086, 1112]	723833
227	0.1923752988635009	0.34428535560094575	2.465656797017007	3.464042998863989	[3284, 2308, 651, 19, 734, 1203, 174, 1086, 1096]	756311
228	0.19313176595770365	0.3451598416760092	2.465656797017007	4.177483926610484	[1580, 301, 10, 158, 19, 132, 1108, 1086, 1112]	743406
229	0.19388752450192792	0.3462651370821309	2.465656797017007	3.791089657292459	[1265, 193, 394, 432, 422, 19, 334, 1086, 1112]	815560
230	0.19464257515984174	0.34766166541478016	2.465656797017007	3.156345519472099	[87, 1265, 808, 331, 241, 132, 1108, 1086, 1112]	730937
231	0.1953969185944916	0.3490773302033765	2.465656797017007	2.839512445629024	[1807, 157, 10, 734, 19, 132, 1108, 1086, 1112]	688984
232	0.19615055546830296	0.35005393743258095	2.465656797017007	4.052912206940326	[2636, 162, 107, 10, 159, 1713, 174, 1086, 1096]	809811
233	0.19690348644308076	0.35102907941602834	2.465656797017007	4.537968432960797	[1851, 159, 481, 162, 10, 158, 1115, 1086, 1112]	711636
234	0.1976557121800101	0.35241543086991256	2.465656797017007	3.7440433421935353	[1580, 438, 2627, 261, 217, 132, 1094, 1086, 1112]	708090
235	0.1984072333396567	0.3537988207575806	2.465656797017007	3.9454231476895147	[269, 542, 457, 540, 19, 132, 1108, 1086, 1112]	737750
236	0.19915805058196756	0.3550258737780605	2.465656797017007	3.725221259950936	[421, 438, 1549, 107, 734, 1203, 174, 1086, 1112]	712905
237	0.1999081645662717	0.35599355615193606	2.465656797017007	2.7917347735049187	[2309, 420, 162, 10, 734, 1203, 174, 1086, 1112]	704716
238	0.2006575759512803	0.3573693023393556	2.465656797017007	4.134903211609237	[1265, 415, 10, 232, 1879, 836, 1089, 1086, 1112]	733115
239	0.20140628539508776	0.35813111284988497	2.465656797017007	4.151254178364983	[1792, 232, 1549, 10, 734, 19, 334, 1086, 1112]	737490
240	0.202154293555172	0.35967369020776674	2.465656797017007	4.360031741144677	[2636, 301, 2729, 496, 1879, 836, 1089, 1086, 1112]	816793
241	0.20290160108839517	0.3612125603523022	2.465656797017007	4.110118410898363	[1535, 496, 1792, 232, 1192, 836, 1089, 1086, 1096]	820948
242	0.20364820865100408	0.3621709605746818	2.465656797017007	3.260341013355305	[331, 241, 1126, 19, 734, 1203, 174, 1086, 1096]	732645
243	0.20439411689863096	0.36338211597723635	2.465656797017007	3.6171067874992433	[700, 232, 1799, 10, 734, 1203, 174, 1086, 1112]	718889
244	0.20513932648629385	0.3645909715512813	2.465656797017007	3.8724041056223166	[320, 159, 1265, 87, 1529, 2229, 734, 19, 794]	792746
245	0.20588383806839727	0.36594835167797224	2.465656797017007	3.2510973724750816	[1549, 162, 3284, 811, 3459, 1203, 174, 1086, 1112]	737571
246	0.2066276522987328	0.3670185584532072	2.465656797017007	4.467669843486005	[1549, 162, 232, 1792, 496, 217, 261, 1086, 1112]	734649
247	0.20737076983047964	0.3682205088901721	2.465656797017007	3.367370973882611	[2636, 162, 3284, 811, 3459, 1203, 174, 1086, 1112]	731689
248	0.2081131913162052	0.36928688052350755	2.465656797017007	3.829321618759141	[157, 651, 733, 734, 19, 132, 1108, 1086, 1112]	736088
249	0.20885491740786577	0.3703514522433029	2.465656797017007	4.107946851001339	[837, 162, 1549, 107, 420, 1822, 1094, 1086, 1112]	726366
250	0.20959594875680676	0.3716965266556249	2.465656797017007	3.662291783764993	[158, 420, 1879, 496, 217, 132, 1108, 1086, 1096]	721349
251	0.21033628601376364	0.3726391973332249	2.465656797017007	4.985180350759889	[1879, 232, 1549, 162, 420, 1546, 234, 1086, 1112]	754020
252	0.21107592982886225	0.37358045368153325	2.465656797017007	4.031464748238012	[846, 162, 10, 811, 3459, 1203, 174, 1086, 1112]	725954
253	0.2118148808516196	0.37476994392248086	2.465656797017007	4.4828945624934	[715, 494, 2229, 734, 10, 158, 1115, 1086, 1112]	744741
254	0.21255313973094436	0.3758252608574111	2.465656797017007	4.399720207898287	[1529, 2229, 734, 10, 107, 1546, 234, 1086, 1096]	695776
255	0.2132907071151372	0.3768787965378697	2.465656797017007	3.9634825227160313	[2307, 420, 158, 733, 734, 1203, 174, 1086, 1112]	708036
256	0.21402758365189178	0.3782099270384297	2.465656797017007	4.661852058085967	[542, 2388, 972, 227, 217, 132, 1108, 1086, 1112]	782773
257	0.21476376998829494	0.37953821393745646	2.465656797017007	4.042770521803349	[158, 420, 1792, 232, 320, 836, 1089, 1086, 1112]	726420
258	0.21549926677082742	0.3803656854552201	2.465656797017007	3.059521845880865	[87, 160, 107, 10, 734, 1203, 174, 1086, 1112]	731025
259	0.21623407464536448	0.3815422914127433	2.465656797017007	4.130875395089602	[193, 232, 158, 651, 734, 1203, 174, 1086, 1112]	717485
260	0.2169681942571765	0.3827166631467144	2.465656797017007	3.475047216873138	[1962, 842, 157, 10, 734, 1203, 174, 1086, 1112]	747126
261	0.21770162625092937	0.3838888048996367	2.465656797017007	3.5456193955308892	[1792, 496, 217, 241, 1031, 132, 1108, 1086, 1112]	809243
262	0.2184343712706851	0.3852049604067481	2.465656797017007	2.7162997500929436	[1715, 132, 241, 19, 734, 1203, 174, 1086, 1112]	825300
263	0.21916642995990254	0.3863723772028508	2.465656797017007	3.792553580557649	[2340, 160, 331, 241, 1031, 132, 1108, 1086, 1112]	714438
264	0.21989780296143768	0.38740811055537294	2.465656797017007	4.211616587063183	[1019, 1799, 232, 651, 734, 1203, 174, 1086, 1112]	762789
265	0.22062849091754466	0.38844209570827426	2.465656797017007	3.4493735664421363	[107, 10, 734, 19, 132, 217, 261, 1086, 1112]	720093
266	0.22135849446987577	0.3893596422896447	2.465656797017007	3.475025740637708	[2149, 420, 158, 10, 734, 19, 334, 1086, 1112]	795684
267	0.22208781425948243	0.39039033347983865	2.465656797017007	3.032769660409432	[1791, 1794, 107, 10, 734, 1203, 174, 1086, 1112]	724867
268	0.22281645092681557	0.3916926002235035	2.465656797017007	3.5354025734334806	[2520, 1019, 10, 734, 19, 132, 1108, 1086, 1112]	737047
269	0.22354440511172624	0.3927193536471232	2.465656797017007	4.1949465740271545	[3284, 2308, 651, 734, 19, 1987, 334, 1086, 1112]	815378
270	0.2242716774534662	0.3938725015758532	2.465656797017007	3.898082834811424	[1579, 1580, 301, 1512, 1031, 132, 1108, 1086, 1096]	712614
271	0.2249982685906884	0.395023459824814	2.465656797017007	2.7726098074410324	[193, 1265, 415, 10, 734, 1203, 174, 1086, 1112]	717260
272	0.2257241791614476	0.39617223255192624	2.465656797017007	3.9431545223700875	[1799, 232, 10, 734, 19, 387, 344, 1086, 1112]	731861
273	0.22644940980320105	0.3971914248677385	2.465656797017007	3.7279931355795224	[988, 420, 158, 733, 734, 1203, 174, 1086, 1112]	696734
274	0.22717396115280875	0.39849960319918865	2.465656797017007	3.9245456114906405	[846, 10, 232, 1792, 496, 132, 1108, 1086, 1112]	734531
275	0.22789783384653428	0.3996417751766207	2.465656797017007	3.70311163070022	[1580, 438, 107, 734, 19, 132, 1108, 1086, 1096]	696431
276	0.22862102852004518	0.40065511130069564	2.465656797017007	4.076379682694545	[1265, 415, 733, 734, 19, 1987, 334, 1086, 1112]	738994
277	0.22934354580841365	0.40155433417040054	2.465656797017007	3.160731656512282	[1917, 10, 162, 107, 734, 1203, 174, 1086, 1112]	739252
278	0.23006538634611695	0.40299255426879166	2.465656797017007	3.776131813748508	[2654, 232, 1879, 496, 217, 132, 1108, 1086, 1112]	726415
279	0.23078655076703825	0.4042881433437292	2.465656797017007	4.206754420358455	[2238, 1549, 162, 10, 415, 255, 174, 1086, 1112]	811612
280	0.23150703970446684	0.4057197933898621	2.465656797017007	3.5209091645832054	[1791, 420, 2308, 651, 734, 1203, 174, 1086, 1112]	733866
281	0.23222685379109886	0.4068482551537159	2.465656797017007	4.3663668911126114	[160, 107, 1586, 1587, 241, 132, 1108, 1086, 1112]	812111
282	0.2329459936590378	0.4076393049582282	2.465656797017007	3.9013783790251573	[320, 232, 10, 162, 420, 158, 1115, 1086, 1112]	810816
283	0.23366445993979512	0.40852804914231866	2.465656797017007	3.595986787453527	[1580, 301, 10, 232, 320, 836, 1089, 1086, 1112]	791783
284	0.23438225326429085	0.409669005837646	2.465656797017007	3.843173510915225	[2939, 2238, 1549, 107, 734, 1203, 174, 1086, 1112]	736174
285	0.23509937426285388	0.4106654171414501	2.465656797017007	3.370347905802177	[420, 158, 10, 734, 19, 132, 1094, 1086, 1112]	757113
286	0.2358158235652229	0.4116601466167611	2.465656797017007	3.2866203083894447	[2689, 1549, 232, 10, 734, 1203, 174, 1086, 1112]	728797
287	0.23653160180054655	0.41244477909917276	2.465656797017007	2.698833643487326	[160, 320, 232, 10, 734, 1203, 174, 1086, 1112]	747072
288	0.23724670959738436	0.413326313424084	2.465656797017007	4.084383141206616	[195, 10, 107, 162, 1192, 836, 1089, 1086, 1112]	750544
289	0.237961147583707	0.41402178935187817	2.465656797017007	3.6978530553477666	[377, 162, 1549, 10, 734, 19, 334, 1086, 1112]	805726
290	0.23867491638689708	0.41501085365418744	2.465656797017007	4.012866282056176	[157, 10, 301, 2729, 438, 2627, 261, 1086, 1112]	723930
291	0.2393880166337493	0.4159982485289031	2.465656797017007	4.189810907370169	[2051, 1849, 420, 162, 10, 158, 1115, 1086, 1112]	747729
292	0.24010044895047156	0.41698397679382826	2.465656797017007	3.7398373686414255	[119, 123, 19, 241, 1720, 132, 1108, 1086, 1112]	731321
293	0.24081221396268515	0.41838511546043855	2.465656797017007	3.938260358660451	[2340, 160, 331, 241, 1720, 132, 1108, 1086, 1112]	751981
294	0.24152331229542523	0.4196275788978705	2.465656797017007	4.070051391356447	[193, 232, 107, 811, 3459, 1203, 174, 1086, 1112]	720177
295	0.2422337445731415	0.4204983365598465	2.465656797017007	3.926328250508231	[2689, 1549, 162, 10, 734, 19, 334, 1086, 1112]	694332
296	0.24294351141969905	0.4215987357688529	2.465656797017007	3.910935603737445	[1917, 10, 734, 19, 241, 217, 261, 1086, 1112]	741978
297	0.2436526134583783	0.4228343341726669	2.465656797017007	4.121882217955228	[394, 432, 422, 19, 241, 1729, 1094, 1086, 1112]	822887
298	0.24436105131187613	0.42380852390568957	2.465656797017007	4.056568623898101	[1579, 1580, 438, 970, 261, 132, 1108, 1086, 1112]	747171
299	0.24506882560230592	0.4247810693176929	2.465656797017007	4.170600876304013	[420, 1879, 496, 2729, 438, 2627, 261, 1086, 1112]	744224
300	0.2457759369511986	0.4258733361674043	2.465656797017007	3.2323313522614816	[2238, 1549, 107, 734, 19, 132, 1108, 1086, 1112]	797434
301	0.24648238597950267	0.4269808335899209	2.465656797017007	3.8544377174829263	[2033, 2034, 400, 19, 241, 132, 1108, 1086, 1096]	704509
302	0.24718817330758525	0.428068923369888	2.465656797017007	4.167294895593538	[1851, 159, 107, 10, 734, 19, 334, 1086, 1112]	719092
303	0.24789329955523232	0.42917218547758496	2.465656797017007	3.986648553309765	[1041, 436, 422, 19, 734, 1203, 174, 1086, 1112]	698331
304	0.24859776534164924	0.4300286229565067	2.465656797017007	4.242578862696518	[195, 3284, 811, 734, 19, 132, 1094, 1086, 1112]	743886
305	0.2493015712854615	0.43124621317846235	2.465656797017007	4.417146746787343	[1579, 4018, 241, 1720, 132, 1713, 174, 1086, 1112]	765803
306	0.250004718004715	0.43209953890457486	2.465656797017007	3.568084029037413	[3580, 162, 107, 734, 19, 132, 1108, 1086, 1096]	719020
307	0.2507072061168769	0.4331779089207608	2.465656797017007	2.991294123983124	[1529, 2229, 734, 19, 241, 132, 1108, 1086, 1112]	755246
308	0.25140903623883604	0.43473473229103454	2.465656797017007	5.133972957559725	[1020, 1018, 415, 87, 1529, 1010, 1105, 1086, 1096]	720254
309	0.2521102089869032	0.4355828240421411	2.465656797017007	3.966572343798326	[320, 232, 158, 651, 734, 1203, 174, 1086, 1112]	740778
310	0.2528107249768121	0.4364296433647802	2.465656797017007	3.3027161618122105	[107, 10, 301, 2728, 496, 217, 132, 393, 794]	725581
311	0.2535105848237198	0.4372751921680309	2.465656797017007	3.857131548595282	[1579, 1583, 162, 10, 734, 19, 334, 1086, 1096]	693539
312	0.25420978914220693	0.4383437342835973	2.465656797017007	3.8399148045512668	[1807, 157, 10, 811, 3459, 1203, 174, 1086, 1112]	699014
313	0.2549083385462786	0.4392917459203679	2.465656797017007	3.432873060993459	[195, 3284, 811, 734, 19, 132, 1108, 1086, 1112]	756370
314	0.25560623364936474	0.44003952784739075	2.465656797017007	3.32601163771265	[1580, 1579, 157, 10, 734, 1203, 174, 1086, 1112]	734727
315	0.25630347506432083	0.44098467717828105	2.465656797017007	4.67504988060934	[793, 3366, 438, 2729, 301, 2627, 261, 1086, 1112]	816196
316	0.2570000634034282	0.44182339186872854	2.465656797017007	3.292103402810363	[1791, 420, 158, 10, 734, 19, 334, 1086, 1112]	821569
317	0.2576959992783947	0.44266084819951534	2.465656797017007	4.245598443096924	[837, 420, 158, 10, 438, 2627, 261, 1086, 1112]	723466
318	0.2583912833003553	0.44360157304099956	2.465656797017007	4.311894776682048	[160, 331, 241, 19, 132, 387, 344, 1086, 1112]	809366
319	0.2590859160798725	0.44493874272248823	2.465656797017007	3.9062965688947218	[3694, 668, 669, 811, 3459, 1203, 174, 1086, 1112]	731206
320	0.2597798982269369	0.4459927327401051	2.465656797017007	4.134344493395075	[1873, 10, 107, 162, 2636, 836, 1089, 1086, 1112]	731115
321	0.2604732303509677	0.44704472136608686	2.465656797017007	3.3091447542818324	[377, 162, 3284, 811, 3459, 1203, 174, 1086, 1096]	698046
322	0.2611659130608134	0.4482259612801608	2.465656797017007	4.3823132060804575	[1392, 1268, 841, 1820, 10, 158, 1115, 1086, 1112]	704428
323	0.26185794696475206	0.4494046777935393	2.465656797017007	4.148161578132851	[394, 193, 1265, 415, 10, 158, 1115, 1086, 1112]	729827
324	0.2625493326704922	0.45033401982079757	2.465656797017007	3.5021889749789894	[87, 160, 331, 241, 19, 132, 1108, 1086, 1096]	718442
325	0.26324007078517286	0.451377764900348	2.465656797017007	3.4060105295060374	[1819, 1513, 1031, 241, 217, 132, 1108, 1086, 1112]	724817
326	0.26393016191536467	0.4524195280420845	2.465656797017007	3.7386007507851486	[3284, 734, 19, 241, 1031, 132, 1108, 1086, 1096]	704306
327	0.26461960666706996	0.4535892861303735	2.465656797017007	4.555526772046199	[1851, 159, 651, 734, 10, 158, 1115, 1086, 1112]	708637
328	0.26530840564572356	0.45440908958482473	2.465656797017007	4.433569371430766	[2309, 420, 162, 107, 10, 232, 1023, 1086, 1096]	809428
329	0.26599655945619305	0.4554450966304264	2.465656797017007	4.564731751442632	[1791, 1794, 1879, 232, 10, 158, 1115, 1086, 1112]	724200
330	0.2666840687027795	0.45609064258778165	2.465656797017007	2.591739980286496	[1579, 1580, 438, 10, 734, 1203, 174, 1086, 1112]	725459
331	0.2673709339892181	0.45690669314974275	2.465656797017007	3.3246140134460127	[193, 232, 158, 10, 734, 1203, 174, 1086, 1112]	728920
332	0.2680571559186783	0.4580668656192105	2.465656797017007	3.8814867277569522	[157, 480, 481, 1431, 19, 132, 1108, 1086, 1112]	709933
333	0.2687427350937648	0.4587896083300521	2.465656797017007	3.7184879538223523	[77, 19, 132, 1032, 370, 1713, 174, 1086, 1112]	706805
334	0.26942767211651786	0.45970310966630057	2.465656797017007	3.935115999568387	[813, 3580, 162, 107, 734, 1203, 174, 1086, 1112]	727700
335	0.2701119675884137	0.4606150691166131	2.465656797017007	3.7911137050615453	[320, 232, 10, 162, 1192, 836, 1089, 1086, 1112]	695647
336	0.27079562211036523	0.4612544862983069	2.465656797017007	4.226983714145582	[331, 160, 107, 811, 3459, 1203, 174, 1086, 1112]	717447
337	0.2714786362827225	0.4625492314522378	2.465656797017007	3.7858964839040086	[2636, 301, 2728, 496, 217, 132, 1108, 1086, 1112]	750736
338	0.2721610107052733	0.4636973501594627	2.465656797017007	3.7960934287611074	[2743, 1078, 334, 19, 734, 1203, 174, 1086, 1112]	734870
339	0.27284274597724356	0.46460256778795506	2.465656797017007	3.7255874899302297	[257, 320, 159, 10, 734, 1203, 174, 1086, 1112]	697790
340	0.273523842697298	0.46531659423694993	2.465656797017007	3.3150469371284377	[1549, 162, 10, 232, 320, 836, 1089, 1086, 1112]	714016
341	0.2742043014635406	0.46621907876635327	2.465656797017007	3.335571366737594	[813, 3284, 162, 107, 734, 1203, 174, 1086, 1112]	794950
342	0.27488412287351494	0.46723266015975484	2.465656797017007	4.126571242120749	[1549, 162, 107, 420, 1879, 836, 1089, 1086, 1112]	811329
343	0.2755633075242051	0.4682443168923074	2.465656797017007	2.893350473375099	[2238, 1549, 232, 10, 734, 1203, 174, 1086, 1112]	699342
344	0.2762418560120359	0.46952226367101624	2.465656797017007	4.096956828816624	[1849, 420, 1791, 1794, 1879, 836, 1089, 1086, 1112]	727411
345	0.2769197689328736	0.47041764951069187	2.465656797017007	2.8515794697486583	[1799, 1019, 10, 734, 19, 132, 1108, 1086, 1112]	747580
346	0.27759704688202635	0.47169037320762286	2.465656797017007	4.11515015229392	[4349, 158, 651, 19, 734, 1203, 174, 1086, 1112]	799402
347	0.27827369045424455	0.47269356531578977	2.465656797017007	4.156646383301482	[837, 162, 107, 232, 1192, 836, 1089, 1086, 1112]	741806
348	0.27894970024372157	0.473980934541093	2.465656797017007	4.513867311466284	[2299, 2297, 400, 19, 241, 1729, 1094, 1086, 1112]	722994
349	0.2796250768440943	0.47497977716756123	2.465656797017007	4.125075773334993	[2627, 438, 10, 734, 19, 387, 344, 1086, 1112]	707860
350	0.2802998208484436	0.47597672312020534	2.465656797017007	3.173923067680496	[160, 87, 415, 733, 734, 1203, 174, 1086, 1112]	736910
351	0.28097393284929484	0.4769717760005652	2.465656797017007	3.4814995724336164	[1851, 159, 651, 734, 19, 132, 1108, 1086, 1112]	726819
352	0.2816474134386182	0.4778545879141445	2.465656797017007	3.941639923098271	[1549, 107, 10, 734, 19, 387, 344, 1086, 1096]	739996
353	0.28232026320782955	0.47863798509448596	2.465656797017007	4.041818879208369	[326, 320, 232, 107, 734, 1203, 174, 1086, 1112]	754430
354	0.2829924827477909	0.47975173451597597	2.465656797017007	3.9441875653185425	[377, 162, 107, 1586, 1587, 132, 1108, 1086, 1112]	720923
355	0.28366407264881055	0.4806298541770456	2.465656797017007	3.553005808888803	[1579, 1580, 438, 10, 734, 19, 334, 1086, 1112]	804857
356	0.28433503350064404	0.4816160713593266	2.465656797017007	3.9577591509873047	[1917, 10, 1799, 232, 320, 836, 1089, 1086, 1112]	747261
357	0.2850053658924946	0.4828618823450582	2.465656797017007	4.635114898759043	[1917, 10, 734, 2229, 1529, 1010, 1105, 1086, 1112]	757485
358	0.28567507041301343	0.48373475243176367	2.465656797017007	3.9797434995987517	[158, 232, 1792, 496, 217, 132, 1108, 1086, 1112]	713828
359	0.2863441476503005	0.48460614921344236	2.465656797017007	4.477141806138876	[10, 107, 160, 331, 241, 132, 1094, 1086, 1112]	747221
360	0.28701259819190483	0.48547607517686486	2.465656797017007	2.6258401809547607	[394, 193, 1265, 808, 331, 241, 132, 19, 794]	729317
361	0.2876804226248252	0.486453090008072	2.465656797017007	3.740031978548232	[1549, 162, 733, 734, 19, 132, 1108, 1086, 1112]	738481
362	0.2883476215355103	0.48722358648654074	2.465656797017007	4.0382084061838555	[2627, 261, 217, 241, 19, 132, 1094, 1086, 1112]	738283
363	0.28901419550985996	0.48845592115951997	2.465656797017007	3.9667719949387124	[2627, 261, 165, 227, 1031, 132, 1108, 1086, 1112]	718370
364	0.2896801451332248	0.4892234127044195	2.465656797017007	3.5565289313825117	[1807, 157, 10, 232, 320, 836, 1089, 1086, 1112]	814130
365	0.29034547099040753	0.4898289159493634	2.465656797017007	4.235281484217899	[320, 160, 107, 10, 734, 19, 334, 1086, 1112]	708656
366	0.29101017366566284	0.49079766529516267	2.465656797017007	4.497265188154359	[1792, 232, 320, 836, 1089, 8, 174, 1086, 1112]	735213
367	0.2916742537426983	0.4917645751104116	2.465656797017007	3.2950611785799193	[1582, 420, 158, 1557, 734, 1203, 174, 1086, 1112]	823306
368	0.2923377118046746	0.49285028311035883	2.465656797017007	3.9385774149773214	[1791, 420, 107, 232, 320, 836, 1089, 1086, 1112]	717978
369	0.2930005484342064	0.4940884415988589	2.465656797017007	3.5850579173091592	[5187, 435, 422, 19, 734, 1203, 174, 1086, 1112]	826773
370	0.29366276421336257	0.4949423625355892	2.465656797017007	3.953720211502099	[781, 784, 19, 241, 1720, 132, 1108, 1086, 1096]	714107
371	0.2943243597236668	0.49590140210325706	2.465656797017007	4.3451083751365385	[1800, 1019, 10, 734, 19, 132, 1094, 1086, 1112]	751521
372	0.29498533554609796	0.4964989888846212	2.465656797017007	2.9660699786662237	[195, 1583, 162, 10, 734, 1203, 174, 1086, 1112]	722014
373	0.29564569226109105	0.49734884109281174	2.465656797017007	4.531311505334707	[160, 107, 1549, 232, 1192, 836, 1089, 1086, 1112]	752410
374	0.2963054304485371	0.4984226198136218	2.465656797017007	3.102189906145485	[1530, 156, 1529, 2229, 734, 1203, 174, 1086, 1096]	809147
375	0.29696455068778405	0.49949410469561173	2.465656797017007	3.819305766029082	[320, 160, 331, 241, 1031, 132, 1108, 1086, 1112]	734921
376	0.2976230535576372	0.5000215071756057	2.465656797017007	4.20013553825018	[158, 10, 734, 19, 241, 132, 3279, 1086, 1112]	728888
377	0.2982809396363598	0.5007716463752308	2.465656797017007	4.471754307586275	[3251, 3248, 334, 19, 132, 217, 261, 1086, 1112]	820478
378	0.2989382095016735	0.5015325492156892	2.465656797017007	3.2808210875739103	[5420, 435, 422, 19, 734, 1203, 174, 1086, 1112]	740405
379	0.2995948637307585	0.502373905348861	2.465656797017007	3.213520026565097	[158, 10, 734, 19, 132, 1713, 174, 1086, 1096]	751443
380	0.3002509029002548	0.5033338322289751	2.465656797017007	3.5983662424025216	[1549, 107, 160, 331, 241, 132, 1108, 1086, 1112]	695489
381	0.300906327586262	0.504276937473766	2.465656797017007	4.081739463768346	[317, 324, 668, 670, 132, 19, 334, 1086, 1112]	745928
382	0.3015611383643402	0.5054682885227755	2.465656797017007	3.8646424998623328	[1819, 3821, 2680, 1513, 1031, 132, 1108, 1086, 1112]	752875
383	0.3022153358095103	0.5064073407092827	2.465656797017007	2.703085473721731	[846, 10, 734, 19, 241, 132, 1108, 1086, 1112]	728253
384	0.3028689204962548	0.5072404687511025	2.465656797017007	4.051298842831339	[1549, 162, 107, 734, 10, 158, 1115, 1086, 1112]	718045
385	0.30352189299851795	0.5081761557950322	2.465656797017007	3.772223592864111	[3284, 2308, 651, 811, 3459, 1203, 174, 1086, 1096]	716235
386	0.3041742538897064	0.5092434818458242	2.465656797017007	4.055649135020895	[2405, 1743, 1742, 400, 19, 1987, 334, 1086, 1112]	731498
387	0.30482600374268987	0.5098252521767492	2.465656797017007	2.769893626752255	[2306, 420, 158, 10, 734, 1203, 174, 1086, 1112]	754439
388	0.30547714312980123	0.5105606823968201	2.465656797017007	2.7480897637862154	[3131, 162, 107, 10, 734, 1203, 174, 1086, 1112]	819777
389	0.3061276726228376	0.5116062375796883	2.465656797017007	4.593272879827252	[2796, 1879, 496, 3366, 3459, 1203, 174, 1086, 1112]	746639
390	0.30677759279306027	0.512649559215718	2.465656797017007	2.4826874770423397	[2872, 241, 132, 19, 734, 1203, 174, 1086, 1112]	723698
391	0.30742690421119556	0.5133807520066752	2.465656797017007	3.22631373598118	[2309, 420, 158, 1557, 734, 1203, 174, 1086, 1112]	739610
392	0.30807560744743523	0.5143047794415584	2.465656797017007	2.982568039377158	[3284, 162, 10, 734, 19, 132, 1108, 1086, 1112]	735417
393	0.30872370307143693	0.5151245775086661	2.465656797017007	3.01295556569579	[1586, 107, 10, 158, 420, 1582, 793, 2372, 794]	688772
394	0.30937119165232463	0.5157712258773293	2.465656797017007	3.6145133112940186	[421, 2297, 400, 19, 734, 1203, 174, 1086, 1112]	742799
395	0.3100180737586895	0.5165885487503179	2.465656797017007	4.075689312264985	[846, 10, 734, 733, 415, 255, 174, 1086, 1112]	736619
396	0.3106643499585898	0.5175064849912977	2.465656797017007	4.1128808591464425	[2047, 232, 10, 734, 19, 1987, 1114, 1086, 1112]	741540
397	0.31131002081955206	0.5183208789450644	2.465656797017007	4.241937018566121	[1555, 2229, 494, 10, 301, 2627, 261, 1086, 1112]	720336
398	0.3119550869085709	0.5189632646041453	2.465656797017007	2.752583784462389	[107, 162, 846, 10, 734, 1203, 174, 1086, 1112]	731310
399	0.31259954879211005	0.5197751996802862	2.465656797017007	4.567253037575901	[101, 370, 1032, 132, 241, 217, 261, 1086, 1112]	719854
400	0.31324340703610276	0.520701559248804	2.465656797017007	2.721399276813645	[1847, 420, 158, 10, 734, 1203, 174, 1086, 1112]	719945
401	0.31388666220595196	0.5216116854112548	2.465656797017007	4.299573717886707	[382, 409, 19, 241, 1031, 132, 1094, 1086, 1112]	717691
402	0.31452931486653113	0.5224191502555162	2.465656797017007	4.230437210283797	[193, 1743, 1742, 400, 19, 1987, 334, 1086, 1112]	725841
403	0.3151713655821845	0.5232252521913312	2.465656797017007	3.868351305566784	[2558, 415, 10, 232, 320, 836, 1089, 1086, 1112]	732523
404	0.31581281491672797	0.523861097191076	2.465656797017007	3.2181974126986965	[107, 162, 3284, 811, 734, 1203, 174, 1086, 1112]	813951
405	0.31645366343344905	0.5247652237968872	2.465656797017007	4.253496380185984	[157, 320, 232, 193, 1265, 255, 174, 1086, 1112]	714154
406	0.3170939116951079	0.5254782389360808	2.465656797017007	3.00871620084508	[3819, 438, 10, 734, 19, 132, 1108, 1086, 1112]	815871
407	0.3177335602639375	0.5267815518784561	2.465656797017007	3.9645464965755215	[2654, 232, 1792, 496, 1879, 836, 1089, 1086, 1112]	734788
408	0.31837260970164405	0.5274915418340569	2.465656797017007	4.833769950785178	[1917, 10, 158, 420, 3, 19, 334, 1086, 1112]	707006
409	0.31901106056940776	0.5282890821521418	2.465656797017007	4.240441936235579	[3819, 438, 10, 158, 420, 1822, 1094, 1086, 1112]	780408
410	0.31964891342788315	0.5289181738349902	2.465656797017007	3.4323173312276296	[394, 193, 232, 10, 734, 19, 334, 1086, 1112]	736898
411	0.3202861688371996	0.5299245131853182	2.465656797017007	2.893350473375099	[2238, 1549, 232, 10, 734, 1203, 174, 1086, 1112]	745243
412	0.320922827356962	0.5308171261431369	2.465656797017007	3.393733532092524	[837, 162, 3284, 811, 3459, 1203, 174, 1086, 1112]	728934
413	0.3215588895462509	0.5317080441436246	2.465656797017007	2.92707624055394	[3540, 359, 158, 10, 734, 1203, 174, 1086, 1112]	738523
414	0.3221943559636232	0.5323325761682768	2.465656797017007	4.557491736526026	[317, 324, 494, 2229, 734, 19, 334, 1086, 1112]	714612
415	0.3228292271671127	0.53322061652386	2.465656797017007	4.0351509477444205	[19, 734, 10, 158, 420, 1582, 1087, 1086, 1112]	738879
416	0.3234635037142305	0.5338431313242588	2.465656797017007	3.8486355440639732	[107, 10, 301, 1580, 438, 2627, 261, 1086, 1112]	730024
417	0.3240971861619655	0.53462995088462	2.465656797017007	3.391604909514446	[2238, 1549, 162, 10, 301, 2627, 438, 774, 794]	728906
418	0.32473027506678476	0.5351816266697829	2.465656797017007	3.7776525696233128	[1794, 107, 162, 10, 734, 19, 334, 1086, 1112]	741946
419	0.3253627709846343	0.5359661870028537	2.465656797017007	4.174395041756328	[1529, 2229, 494, 10, 161, 1713, 174, 1086, 1112]	735682
420	0.3259946744709393	0.5369574701727085	2.465656797017007	4.318816585777078	[811, 734, 19, 241, 1209, 132, 1094, 1086, 1112]	734963
421	0.3266259860806049	0.5380702814283206	2.465656797017007	3.622656217751225	[1580, 1579, 4018, 241, 1031, 132, 1108, 1086, 1112]	742097
422	0.32725670636801607	0.5390570697675545	2.465656797017007	4.3151697062309715	[420, 1879, 496, 217, 132, 1713, 174, 1086, 1112]	747269
423	0.32788683588703893	0.5398350887952423	2.465656797017007	3.417593989573062	[1742, 581, 438, 10, 734, 1203, 174, 1086, 1112]	821107
424	0.3285163751910206	0.5407088828432115	2.465656797017007	3.9385774149773214	[1791, 420, 107, 232, 320, 836, 1089, 1086, 1112]	683402
425	0.32914532483279	0.5413979770261885	2.465656797017007	2.6522418049960876	[420, 162, 107, 10, 734, 1203, 174, 1086, 1096]	799363
426	0.32977368536465823	0.5422688033501948	2.465656797017007	3.734170027720193	[2627, 438, 107, 734, 19, 132, 1108, 1086, 1112]	757572
427	0.33040145733841897	0.5431379760868887	2.465656797017007	3.939428272740103	[1606, 1019, 1799, 232, 320, 836, 1089, 1086, 1112]	803174
428	0.33102864130534915	0.5441139386623868	2.465656797017007	4.13781816545733	[552, 359, 158, 1557, 734, 1203, 174, 1086, 1112]	695317
429	0.3316552378162093	0.5450878163568946	2.465656797017007	3.9075340704605876	[669, 813, 19, 241, 1031, 132, 1108, 1086, 1112]	719912
430	0.3322812474212441	0.5457703406379092	2.465656797017007	3.156660409423834	[320, 157, 10, 734, 19, 132, 1108, 1086, 1112]	698341
431	0.33290667067018276	0.5467406798760484	2.465656797017007	3.89907230809066	[846, 734, 19, 241, 217, 132, 1108, 1086, 1112]	724385
432	0.33353150811223975	0.5477089462459421	2.465656797017007	3.9709501965999765	[2627, 301, 324, 668, 670, 132, 1108, 1086, 1112]	699499
433	0.33415576029611493	0.5485677888501843	2.465656797017007	3.8117126773993553	[432, 422, 19, 400, 1032, 132, 1108, 1086, 1112]	704374
434	0.33477942776999436	0.5496526974997219	2.465656797017007	4.371844676999397	[87, 1529, 2229, 494, 217, 132, 1108, 1086, 1096]	705943
435	0.3354025110815505	0.5503283728935624	2.465656797017007	3.195545974171699	[3284, 162, 1549, 107, 734, 1203, 174, 1086, 1112]	785215
436	0.336025010777943	0.5514090504031641	2.465656797017007	4.474065284919878	[394, 193, 232, 1799, 1019, 1010, 1105, 1086, 1112]	700917
437	0.3366469274058189	0.5521662206981048	2.465656797017007	4.462633400929911	[107, 1549, 162, 846, 10, 232, 1023, 1086, 1112]	755692
438	0.3372682615113133	0.5531228968623849	2.465656797017007	3.6181267549210165	[1917, 420, 158, 1557, 734, 1203, 174, 1086, 1112]	757816
439	0.33788901364004953	0.5538891470392326	2.465656797017007	3.8739442376551674	[3895, 1030, 1032, 132, 241, 19, 334, 1086, 1112]	721689
440	0.33850918433714017	0.5544179918919356	2.465656797017007	2.5717925868915774	[2238, 1549, 162, 10, 734, 1203, 174, 1086, 1112]	725074
441	0.339128774147187	0.5550971292309206	2.465656797017007	3.629460461430866	[2050, 1849, 420, 107, 734, 1203, 174, 1086, 1112]	726629
442	0.3397477836142817	0.5559419426248506	2.465656797017007	4.3450443013813524	[300, 301, 2729, 438, 10, 158, 1115, 1086, 1112]	726382
443	0.34036621328200656	0.5568905529769094	2.465656797017007	3.84183228448698	[2405, 1743, 1742, 400, 654, 132, 1108, 1086, 1112]	736461
