0	9.366567084169164E-4	0.0018988715277777901	3.850217490860926	3.850217490860926	[846, 10, 301, 2729, 438, 2627, 261, 1086, 1112]	602773
1	0.0018724360910443716	0.003396365504823806	2.618611884826732	2.618611884826732	[2238, 1549, 107, 10, 734, 1203, 174, 1086, 1112]	1003495
2	0.0028073389696354756	0.005791462435258854	2.618611884826732	3.5936302337079855	[3131, 162, 3284, 811, 734, 1203, 174, 1086, 1112]	893432
3	0.0037413661651737318	0.007679336719914165	2.618611884826732	3.845007360144508	[2047, 232, 1799, 1019, 19, 132, 1108, 1086, 1112]	1276052
4	0.00467451849787337	0.009563626173842321	2.618611884826732	2.6560778331817	[377, 162, 10, 734, 19, 132, 1108, 1086, 1112]	1590483
5	0.005606796787180679	0.01194390157785874	2.618611884826732	3.676647657937294	[2267, 261, 217, 241, 1031, 132, 1108, 1086, 1112]	1605066
6	0.006538201851774117	0.0134263245650319	2.618611884826732	4.235584481976964	[2636, 162, 10, 158, 420, 1582, 1087, 1086, 1112]	1437778
7	0.007468734509565533	0.015091548264888344	2.618611884826732	2.8209375817823568	[394, 432, 422, 19, 734, 1203, 174, 1086, 1112]	1048566
8	0.008398395577700724	0.016569248702591133	2.618611884826732	3.859671279863117	[3621, 1720, 241, 132, 19, 1987, 334, 1086, 1112]	1121638
9	0.009327185872559873	0.018436657355770936	2.618611884826732	3.912009224701589	[669, 813, 651, 734, 19, 132, 1108, 1086, 1112]	1285773
10	0.010255106209758558	0.020300520039828407	2.618611884826732	4.012489904410855	[87, 415, 10, 811, 3459, 1203, 174, 1086, 1112]	2675403
11	0.01118215740414863	0.022160843488103432	2.618611884826732	4.462981709013725	[2868, 1468, 2307, 420, 158, 1713, 174, 1086, 1112]	2017756
12	0.01210834026981833	0.023627937558658885	2.618611884826732	4.070812910803305	[377, 162, 107, 232, 10, 158, 1115, 1086, 1112]	1720819
13	0.013033655620093731	0.025713693307282348	2.618611884826732	3.680441464393298	[3065, 1460, 19, 1126, 241, 132, 1108, 1086, 1112]	1007349
14	0.013958104267538851	0.027358177331889055	2.618611884826732	4.160738434581112	[193, 1265, 415, 10, 438, 2627, 261, 1086, 1112]	2946775
15	0.014881687023956758	0.029468945176220895	2.618611884826732	3.234326583956567	[2607, 1587, 241, 19, 734, 1203, 174, 1086, 1112]	3604517
16	0.01580440470039013	0.031107090764513345	2.618611884826732	3.8499861555415054	[1265, 193, 232, 10, 158, 1713, 174, 1086, 1112]	4026444
17	0.016726258107121916	0.033435591637386075	2.618611884826732	3.5193451930823008	[300, 301, 2729, 496, 217, 132, 1108, 1086, 1112]	5271210
18	0.017647248053676123	0.035500395976539645	2.618611884826732	3.966051321175158	[87, 1265, 808, 331, 241, 132, 1094, 1086, 1112]	3469710
19	0.01856737534881847	0.03733185681317275	2.618611884826732	4.1227602801101275	[394, 193, 842, 157, 320, 836, 1089, 1086, 1112]	5161987
20	0.019486640800557176	0.0393883378319434	2.618611884826732	3.7641057037056953	[846, 10, 734, 19, 241, 1729, 1094, 1086, 1112]	2234589
21	0.020405045216143725	0.04144042573330342	2.618611884826732	4.167249789244447	[331, 241, 1729, 1032, 132, 1713, 174, 1086, 1096]	4841213
22	0.021322589402073433	0.043744092923046485	2.618611884826732	4.0258365478650395	[837, 160, 331, 241, 1720, 132, 1108, 1086, 1112]	5433485
23	0.02223927416408611	0.04555990003826427	2.618611884826732	3.953153477675257	[2264, 232, 10, 734, 19, 1987, 334, 1086, 1112]	3390261
24	0.023155100307166943	0.04759880406039929	2.618611884826732	4.931845286442976	[394, 193, 232, 1791, 420, 158, 1115, 1086, 1112]	723699
25	0.02407006863554706	0.0494072915743905	2.618611884826732	3.5500956254090577	[542, 457, 540, 19, 734, 1203, 174, 1086, 1112]	725318
26	0.02498417995270441	0.05143797668150085	2.618611884826732	3.9031662209627527	[1456, 2004, 19, 241, 217, 132, 1108, 1086, 1112]	716579
27	0.025897435061364327	0.053239174099911635	2.618611884826732	4.076548887500125	[1019, 1799, 232, 10, 157, 1713, 174, 1086, 1112]	718204
28	0.026809834763500184	0.05503695127582875	2.618611884826732	4.06346129191722	[837, 162, 1583, 1013, 156, 1713, 174, 1086, 1112]	717919
29	0.027721379860334294	0.056831314703853164	2.618611884826732	3.8252186125179444	[21, 422, 19, 241, 1720, 132, 1108, 1086, 1112]	712181
30	0.028632071152338456	0.058423275737098046	2.618611884826732	3.9247174783645002	[19, 734, 10, 157, 320, 836, 1089, 1086, 1112]	717567
31	0.029541909439234626	0.06068612873501378	2.618611884826732	4.341414203320644	[1791, 420, 1879, 232, 1192, 836, 1089, 1086, 1096]	714236
32	0.030450895519995802	0.06209542166600979	2.618611884826732	3.7667214267616567	[359, 158, 10, 811, 3459, 1203, 174, 1086, 1112]	714442
33	0.03135903019284658	0.06387638196558065	2.618611884826732	3.38196345942292	[2357, 438, 2627, 261, 217, 132, 1108, 1086, 1112]	714561
34	0.03226631425526394	0.06528088842267965	2.618611884826732	3.7292941395615298	[2264, 232, 10, 734, 19, 132, 1094, 1086, 1112]	709312
35	0.03317274850397778	0.06727766386855405	2.618611884826732	3.9261156840729994	[1019, 1799, 232, 10, 158, 1713, 174, 1086, 1112]	714538
36	0.03407833373497182	0.06951923747604771	2.618611884826732	3.72475937902556	[321, 317, 324, 671, 670, 132, 1108, 1086, 1112]	720171
37	0.03498307074348417	0.07128610090314946	2.618611884826732	3.3922178161794294	[811, 734, 19, 241, 1720, 132, 1108, 1086, 1112]	710909
38	0.03588696032400818	0.07327004783115176	2.618611884826732	3.6127148776092612	[1265, 193, 394, 432, 19, 132, 1108, 1086, 1096]	713949
39	0.036790003270292915	0.07524975659127808	2.618611884826732	3.7507136944742676	[420, 2308, 651, 734, 19, 132, 1108, 1086, 1112]	715893
40	0.03769220037534404	0.07700573849879244	2.618611884826732	2.853873716751811	[87, 1265, 415, 733, 734, 1203, 174, 1086, 1112]	712783
41	0.03859355243142437	0.0789774669626927	2.618611884826732	3.0428145428777587	[1265, 415, 733, 734, 19, 132, 1108, 1086, 1112]	711065
42	0.03949406023005475	0.0805320478199606	2.618611884826732	4.3568464115469325	[1019, 1799, 232, 1792, 496, 3366, 150, 1086, 1112]	710455
43	0.04039372456201451	0.08227799933505942	2.618611884826732	4.211889313058794	[2153, 158, 10, 232, 1879, 836, 1089, 1086, 1112]	711968
44	0.04129254621734246	0.08350190841992722	2.618611884826732	4.747155071363096	[1791, 1792, 232, 10, 438, 3366, 150, 1086, 1112]	713334
45	0.042190525985337235	0.0848769698570544	2.618611884826732	3.560902467097974	[2151, 158, 420, 107, 734, 1203, 174, 1086, 1112]	710739
46	0.04308766465455838	0.08739043032802807	2.618611884826732	3.8444899831158867	[2627, 301, 2728, 496, 1879, 836, 1089, 1086, 1112]	709505
47	0.04398396301282659	0.08933997469683419	2.618611884826732	3.65705871901915	[455, 1529, 2229, 734, 19, 132, 1108, 1086, 1112]	711593
48	0.04487942184722482	0.09184117715890949	2.618611884826732	4.615039438185759	[1020, 1018, 415, 1265, 193, 1872, 1115, 1086, 1112]	707702
49	0.04577404194409862	0.09320372683309663	2.618611884826732	4.127318075407158	[1851, 159, 10, 158, 420, 1822, 1094, 1086, 1112]	717297
50	0.04666782408905723	0.09514085266078476	2.618611884826732	4.0879049000331085	[158, 10, 734, 733, 415, 255, 174, 1086, 1112]	711554
51	0.04756076906697393	0.09634760735354775	2.3635521757840072	2.3635521757840072	[1549, 162, 107, 10, 734, 1203, 174, 1086, 1112]	709849
52	0.048452877661986804	0.09806352715295241	2.3635521757840072	4.094110392504879	[331, 160, 87, 1265, 734, 1203, 174, 1086, 1096]	706991
53	0.04934415065749953	0.09926638405546895	2.3635521757840072	4.4565081838991265	[1791, 420, 158, 10, 438, 421, 261, 1086, 1112]	740003
54	0.050234588836181926	0.10119055865007698	2.3635521757840072	4.179040306310248	[1549, 232, 1792, 496, 1879, 836, 1089, 1086, 1112]	711633
55	0.05112419297997084	0.10335063077856532	2.3635521757840072	4.51474520695753	[1879, 496, 1792, 232, 193, 1872, 1115, 1086, 1112]	716663
56	0.052012963870070705	0.10486407251866714	2.3635521757840072	3.509893204601351	[1879, 232, 10, 846, 734, 1203, 174, 1086, 1096]	712405
57	0.0529009022869541	0.10656382064485237	2.3635521757840072	4.272732500766835	[394, 193, 1265, 1580, 438, 2627, 261, 1086, 1096]	711745
58	0.053788009010362625	0.10807183888739824	2.3635521757840072	4.119016296917489	[160, 320, 232, 10, 301, 2627, 261, 1086, 1112]	759053
59	0.054674284819307584	0.10912918060830601	2.3635521757840072	3.5148003298268025	[2654, 232, 10, 734, 19, 132, 1094, 1086, 1112]	714098
60	0.055559730492070636	0.11127017416992391	2.3635521757840072	3.9530251378631602	[2340, 160, 331, 241, 217, 132, 1108, 1086, 1096]	709497
61	0.05644434680620436	0.11340602236890218	2.3635521757840072	3.1937959864099907	[1555, 2229, 734, 19, 241, 132, 1108, 1086, 1112]	742995
62	0.05732813453853303	0.11584112545687819	2.3635521757840072	4.595602285607066	[2636, 301, 2728, 496, 217, 132, 1094, 1086, 1112]	721405
63	0.05821109446515338	0.11716766697818348	2.3635521757840072	4.306932290751506	[1579, 1580, 438, 10, 107, 836, 1089, 1086, 1112]	728377
64	0.059093227361435186	0.11849221823228862	2.3635521757840072	4.0382084061838555	[2627, 261, 217, 241, 19, 132, 1094, 1086, 1112]	756661
65	0.05997453400202202	0.11966783065272257	2.3635521757840072	3.4963950751795423	[320, 232, 10, 734, 19, 1987, 334, 1086, 1112]	712434
66	0.060855015160831805	0.12071142583391636	2.3635521757840072	3.6826651054159525	[1847, 420, 158, 10, 734, 19, 334, 1086, 1112]	763581
67	0.0617346716110575	0.12203066023445708	2.3635521757840072	3.827031428749767	[2872, 241, 19, 132, 387, 344, 174, 1086, 1112]	722554
68	0.06261350412516797	0.12334791533098466	2.3635521757840072	4.216454796327002	[2047, 232, 10, 107, 438, 2627, 261, 1086, 1112]	708372
69	0.06349151347490856	0.12501256501432967	2.3635521757840072	4.753222651749761	[841, 157, 651, 734, 19, 132, 1094, 1086, 1112]	712937
70	0.0643687004313016	0.1266740537417873	2.3635521757840072	3.9335116714988407	[19, 241, 1729, 1032, 370, 1713, 174, 1086, 1096]	711155
71	0.0652450657646475	0.1281481282074045	2.3635521757840072	2.713548092949771	[87, 1265, 415, 10, 734, 1203, 174, 1086, 1112]	704713
72	0.06612061024452487	0.13024341430675956	2.3635521757840072	4.050882423356405	[193, 1743, 1742, 400, 1032, 132, 1108, 1086, 1112]	714568
73	0.06699533463979168	0.13154834745573352	2.3635521757840072	4.192382513804826	[1851, 159, 10, 734, 19, 387, 344, 1086, 1096]	719602
74	0.0678692397185856	0.13285132275747602	2.3635521757840072	4.384493106191667	[1019, 1799, 232, 10, 107, 1546, 234, 1086, 1112]	716887
75	0.06874232624832499	0.13493530586089553	2.3635521757840072	3.308835363293915	[1819, 241, 1126, 19, 734, 1203, 174, 1086, 1112]	709898
76	0.06961459499570921	0.13608898915211898	2.3635521757840072	3.1858322340179557	[160, 331, 241, 19, 734, 1203, 174, 1086, 1112]	723994
77	0.07048604672671965	0.13772944517315178	2.3635521757840072	3.750880847719242	[846, 10, 734, 19, 241, 217, 261, 1086, 1112]	709605
78	0.07135668220662017	0.1393667861789536	2.3635521757840072	3.682263546300767	[734, 19, 1126, 241, 132, 1713, 174, 1086, 1096]	714501
79	0.07222650219995785	0.1408194367616955	2.3635521757840072	3.6100450479979456	[1265, 415, 10, 846, 734, 1203, 174, 1086, 1112]	708594
80	0.0730955074705637	0.1422696354361429	2.3635521757840072	3.3058265878741286	[813, 3284, 158, 420, 107, 10, 734, 19, 794]	717116
81	0.07396369878155318	0.1438983552039237	2.3635521757840072	3.5892236101969157	[846, 10, 734, 19, 132, 387, 344, 1086, 1112]	746051
82	0.07483107689532698	0.14518280125878746	2.3635521757840072	2.860339625836909	[2627, 301, 10, 734, 19, 132, 1108, 1086, 1112]	711643
83	0.07569764257357181	0.14680598929893196	2.3635521757840072	4.571556830620947	[2636, 162, 1541, 159, 10, 158, 1115, 1086, 1112]	704939
84	0.07656339657726086	0.14885643572052343	2.3635521757840072	4.698738124679634	[1549, 2238, 160, 2229, 734, 1203, 174, 1086, 1112]	710174
85	0.07742833966665452	0.14986542909042921	2.3635521757840072	2.421599557590757	[377, 162, 107, 10, 734, 1203, 174, 1086, 1112]	716664
86	0.07829247260130112	0.15168151246334394	2.3635521757840072	3.5118709547801767	[1792, 232, 10, 811, 3459, 1203, 174, 1086, 1112]	714445
87	0.07915579614003743	0.15295428111319753	2.3635521757840072	3.5565289313825117	[1807, 157, 10, 232, 320, 836, 1089, 1086, 1112]	747331
88	0.08001831104098966	0.15438399755614884	2.3635521757840072	3.493803779530599	[119, 409, 19, 1126, 241, 132, 1108, 1086, 1112]	711520
89	0.08088001806157386	0.15619042822543194	2.3635521757840072	3.2437173373705335	[2047, 232, 10, 846, 734, 1203, 174, 1086, 1112]	728703
90	0.08174091795849647	0.15731576487427013	2.3635521757840072	3.277501431330884	[2040, 545, 132, 19, 734, 1203, 174, 1086, 1112]	762333
91	0.08260101148775545	0.15911593261288104	2.3635521757840072	3.9169496876506384	[3694, 673, 669, 668, 670, 132, 1108, 1086, 1112]	710867
92	0.08346029940464028	0.1607126634266044	2.3635521757840072	4.143624480416855	[420, 158, 1579, 1580, 438, 2627, 261, 1086, 1112]	715059
93	0.08431878246373337	0.16250557460702852	2.3635521757840072	3.162389003289407	[10, 232, 1792, 496, 217, 132, 1108, 1086, 1112]	714052
94	0.08517646141891011	0.16376210345171105	2.3635521757840072	4.092753918370428	[2627, 301, 10, 232, 1879, 836, 1089, 1086, 1112]	710606
95	0.08603333702333982	0.1653500117839154	2.3635521757840072	4.2693259170547195	[1794, 107, 1549, 162, 2636, 836, 1089, 1086, 1112]	713607
96	0.08688941002948636	0.16735589211143054	2.3635521757840072	4.41322502746748	[3819, 438, 2729, 301, 1879, 836, 1089, 1086, 1112]	723953
97	0.08774468118910872	0.16893697630067206	2.3635521757840072	4.34930144415715	[359, 158, 1579, 1580, 438, 2627, 261, 1086, 1112]	708704
98	0.0885991512532619	0.17051505821416368	2.3635521757840072	3.614475465334638	[377, 162, 10, 811, 734, 1203, 174, 1086, 1112]	710258
99	0.08945282097229745	0.17209014355284125	2.3635521757840072	4.92527551995	[2149, 420, 1792, 496, 438, 2627, 261, 1086, 1112]	712998
100	0.09030569109586384	0.1740798255961522	2.3635521757840072	3.3253662471133065	[2636, 162, 3284, 811, 734, 1203, 174, 1086, 1112]	709878
101	0.09115776237290762	0.17584418143746905	2.3635521757840072	3.9711865977476135	[394, 193, 1265, 87, 415, 255, 174, 1086, 1096]	716665
102	0.09200903555167372	0.17694330709093986	2.3635521757840072	4.176993948336983	[107, 162, 10, 438, 1779, 132, 1108, 1086, 1112]	711377
103	0.09285951137970616	0.17817817438568517	2.3635521757840072	3.8537854241570866	[2309, 420, 158, 10, 438, 2627, 261, 1086, 1096]	715397
104	0.09370919060384897	0.1797387084512505	2.3635521757840072	4.388018590445059	[1019, 10, 438, 2729, 496, 217, 261, 1086, 1112]	719673
105	0.09455807397024651	0.1811232158395707	2.3635521757840072	2.8691952056306613	[2051, 1849, 420, 107, 1549, 10, 734, 19, 794]	730544
106	0.09540616222434417	0.18267815764977113	2.3635521757840072	3.2740156556155915	[2073, 160, 107, 10, 734, 1203, 174, 1086, 1112]	705271
107	0.09625345611088931	0.18423014682524086	2.3635521757840072	4.568982897130864	[160, 107, 1794, 1791, 420, 158, 1115, 1086, 1112]	706131
108	0.09709995637393165	0.18519720621188984	2.3635521757840072	4.164112062000169	[1586, 107, 162, 420, 158, 1713, 174, 1086, 1112]	760504
109	0.0979456637568239	0.18641968982739843	2.3635521757840072	3.75846708347183	[1792, 232, 10, 1019, 19, 132, 1108, 1086, 1112]	717693
110	0.09879057900222266	0.18796457431394575	2.3635521757840072	4.154078214807924	[107, 1794, 1791, 420, 158, 1713, 174, 1086, 1112]	715789
111	0.09963470285208875	0.1893351973800632	2.3635521757840072	3.276977981408388	[1537, 156, 1529, 2229, 734, 1203, 174, 1086, 1112]	721626
112	0.10047803604768812	0.19087454569232987	2.3635521757840072	3.9830139077735955	[988, 420, 107, 811, 3459, 1203, 174, 1086, 1112]	712100
113	0.10132057932959238	0.19260302414086306	2.3635521757840072	3.658391749798205	[320, 232, 3, 19, 734, 1203, 174, 1086, 1112]	709888
114	0.10216233343767955	0.19381439648976007	2.3635521757840072	2.772448866618335	[1849, 420, 162, 10, 734, 1203, 174, 1086, 1112]	723522
115	0.1030032991111346	0.19502395136471118	2.3635521757840072	2.772448866618335	[1849, 420, 162, 10, 734, 1203, 174, 1086, 1112]	707890
116	0.10384347708844999	0.19674356572641982	2.3635521757840072	2.80829630771566	[1791, 1792, 232, 10, 734, 1203, 174, 1086, 1112]	716350
117	0.10468286810742666	0.19829305730487967	2.3635521757840072	4.223033257220786	[5420, 435, 422, 19, 132, 217, 261, 1086, 1112]	721200
118	0.10552147290517444	0.19964624707119571	2.3635521757840072	3.6079450535255164	[457, 540, 409, 19, 241, 132, 1108, 1086, 1112]	715152
119	0.10635929221811269	0.20116601602478235	2.3635521757840072	4.281814178821881	[2654, 232, 10, 734, 19, 1987, 1114, 1086, 1112]	715043
120	0.107196326781971	0.20308582120782825	2.3635521757840072	3.1136056597975417	[421, 438, 2627, 261, 217, 132, 1108, 1086, 1112]	711479
121	0.10803257733178995	0.20459905885201912	2.3635521757840072	2.7726098074410324	[193, 1265, 415, 10, 734, 1203, 174, 1086, 1112]	710417
122	0.10886804460192145	0.20629821857737185	2.3635521757840072	3.8131416076309685	[3, 19, 241, 1729, 1032, 132, 1108, 1086, 1112]	747186
123	0.10970272932602976	0.20763789654562959	2.3635521757840072	4.4307932236285685	[77, 786, 19, 132, 241, 217, 261, 1086, 1112]	721784
124	0.11053663223709176	0.20954214812177185	2.3635521757840072	4.516972003635674	[193, 1265, 415, 261, 217, 132, 1108, 1086, 1096]	715245
125	0.11136975406739802	0.2103750842276647	2.3635521757840072	3.102361325568303	[2149, 420, 158, 10, 438, 3366, 793, 4290, 794]	765269
126	0.11220209554855298	0.21187448049784874	2.3635521757840072	3.1958448816006024	[811, 3284, 2308, 651, 734, 1203, 174, 1086, 1112]	763629
127	0.11303365741147586	0.21305693905334322	2.3635521757840072	4.401702967586684	[811, 669, 668, 670, 132, 19, 334, 1086, 1112]	718323
128	0.11386444038640142	0.21423762351549747	2.3635521757840072	4.009353819350733	[837, 162, 107, 10, 157, 1713, 174, 1086, 1112]	715095
129	0.1146944452028803	0.21572968531980286	2.3635521757840072	2.7162997500929436	[1726, 132, 241, 19, 734, 1203, 174, 1086, 1112]	761321
130	0.1155236725897798	0.21705344404924953	2.3635521757840072	3.8307923423436385	[1580, 438, 10, 734, 19, 1987, 334, 1086, 1112]	705970
131	0.11635212327528455	0.2185401589721161	2.3635521757840072	2.5606421040991183	[420, 158, 10, 734, 19, 132, 1108, 1086, 1112]	723164
132	0.11717979798689715	0.22020953729462434	2.3635521757840072	3.537616959318256	[10, 301, 2728, 496, 217, 132, 1108, 1086, 1096]	709577
133	0.11800669745143866	0.22208357595850525	2.3635521757840072	3.720903532556137	[2764, 400, 654, 493, 217, 132, 1108, 1086, 1112]	713344
134	0.11883282239504955	0.22374538472568373	2.3635521757840072	4.096211297991628	[1549, 162, 846, 10, 158, 1713, 174, 1086, 1112]	708498
135	0.11965817354319008	0.224780627506304	2.3635521757840072	3.0116384275911727	[1549, 162, 107, 420, 158, 1557, 734, 19, 794]	767809
136	0.12048275162064082	0.22643667474979035	2.3635521757840072	3.418585017875798	[2297, 400, 19, 1126, 241, 132, 1108, 1086, 1112]	709670
137	0.12130655735150375	0.2285613298789566	2.3635521757840072	3.785668326570482	[1743, 1742, 400, 19, 1126, 132, 1108, 1086, 1112]	750030
138	0.12212959145920244	0.23044472506968183	2.3635521757840072	4.219490055315232	[4845, 813, 669, 668, 670, 132, 1108, 1086, 1112]	716729
139	0.12295185466648284	0.23229416592358698	2.3635521757840072	4.363216073806344	[160, 331, 808, 1265, 415, 255, 174, 1086, 1112]	717259
140	0.12377334769541415	0.23413916209160202	2.3635521757840072	5.010419071155034	[1020, 1018, 480, 157, 842, 193, 1115, 1086, 1096]	713624
141	0.12459407126738897	0.23577521734836437	2.3635521757840072	4.330720463901654	[241, 1031, 227, 165, 261, 132, 1108, 1086, 1112]	711359
142	0.12541402610312435	0.23722638202896373	2.3635521757840072	2.895865719992975	[1579, 1583, 162, 10, 734, 1203, 174, 1086, 1112]	718569
143	0.1262332129226622	0.2385138567892351	2.3635521757840072	3.660099472089633	[160, 320, 232, 10, 734, 19, 334, 1086, 1112]	714996
144	0.1270516324453701	0.23995982114537528	2.3635521757840072	3.7053390160150252	[119, 123, 19, 1126, 241, 132, 1108, 1086, 1112]	724447
145	0.1278692853899417	0.24140303980096944	2.3635521757840072	3.527179607384465	[1265, 193, 1529, 2229, 734, 1203, 174, 1086, 1112]	753142
146	0.12868617247439762	0.24268346483988568	2.3635521757840072	4.45509923746438	[119, 123, 19, 241, 1729, 1822, 1094, 1086, 1112]	720118
147	0.12950229441608585	0.24381969935337178	2.3635521757840072	4.544313164779515	[1791, 420, 158, 651, 19, 132, 1094, 1086, 1096]	716030
148	0.13031765193168254	0.24509604534694007	2.3635521757840072	4.669608257279912	[331, 160, 837, 162, 10, 158, 1115, 1086, 1112]	720717
149	0.1311322457371925	0.24693907257997982	2.3635521757840072	3.8117126773993553	[432, 422, 19, 400, 1032, 132, 1108, 1086, 1112]	714792
150	0.13194607654794988	0.2482101534277663	2.3635521757840072	2.5980304513749495	[1549, 162, 10, 734, 19, 132, 1108, 1086, 1112]	711341
151	0.13275914507861886	0.24981614980411082	2.3635521757840072	3.407113361296819	[1580, 1579, 4018, 2197, 241, 132, 1108, 1086, 1112]	721821
152	0.1335714520431942	0.2516190361018076	2.3635521757840072	3.5142436882803407	[1580, 438, 10, 232, 320, 836, 1089, 1086, 1112]	761748
153	0.13438299815500188	0.25341758959628335	2.3635521757840072	3.8444899831158867	[2627, 301, 2728, 496, 1879, 836, 1089, 1086, 1112]	729111
154	0.1351937841266997	0.254677735447177	2.3635521757840072	4.472133040534117	[195, 10, 232, 1879, 496, 217, 261, 1086, 1112]	767956
155	0.1360038106702781	0.25626991557775247	2.3635521757840072	3.965871173458231	[1579, 1580, 438, 217, 241, 132, 1108, 1086, 1112]	712462
156	0.13681307849706048	0.25752524702811797	2.3635521757840072	3.0799557002345415	[317, 318, 158, 10, 734, 1203, 174, 1086, 1096]	712051
157	0.137621588317704	0.2593096063663911	2.3635521757840072	3.2784944572976995	[300, 301, 2627, 261, 217, 132, 1108, 1086, 1112]	719091
158	0.13842934084220015	0.26108967742653044	2.3635521757840072	3.882065542127398	[2004, 19, 1126, 241, 1587, 132, 1108, 1086, 1112]	718763
159	0.13923633677987546	0.2625150445611243	2.3635521757840072	4.208836936559314	[4845, 813, 669, 811, 3459, 1203, 174, 1086, 1112]	765887
160	0.14004257683939214	0.2636215249040753	2.3635521757840072	4.073503232554885	[1819, 241, 19, 132, 387, 344, 174, 1086, 1112]	713091
161	0.14084806172874842	0.2650198130241034	2.3635521757840072	3.9709501965999765	[2627, 301, 324, 668, 670, 132, 1108, 1086, 1112]	750625
162	0.1416527921552796	0.26626037564679617	2.3635521757840072	3.908097343076273	[241, 1209, 132, 1032, 370, 1713, 174, 1086, 1096]	713496
163	0.14245676882565828	0.267498844341451	2.3635521757840072	3.752467662181041	[382, 409, 19, 241, 1209, 132, 1108, 1086, 1112]	765643
164	0.14325999244589527	0.26925923453945244	2.3635521757840072	3.554774157271062	[1265, 808, 331, 241, 1720, 132, 1108, 1086, 1112]	753347
165	0.14406246372134002	0.270646817373172	2.3635521757840072	2.853873716751811	[87, 1265, 415, 733, 734, 1203, 174, 1086, 1112]	712038
166	0.14486418335668128	0.27187788225511345	2.3635521757840072	4.133855078689881	[1647, 1697, 241, 132, 387, 344, 174, 1086, 1112]	751223
167	0.14566515205594777	0.27310686924011884	2.3635521757840072	3.228082538989214	[1529, 481, 159, 10, 734, 1203, 174, 1086, 1096]	720320
168	0.14646537052250896	0.2741974582137384	2.3635521757840072	3.173186397441863	[1917, 10, 1820, 733, 734, 1203, 174, 1086, 1112]	719874
169	0.1472648394590752	0.2751654161836561	2.3635521757840072	4.198826857547739	[3, 19, 734, 10, 438, 2627, 261, 1086, 1112]	769446
170	0.1480635595676988	0.27625291663091145	2.3635521757840072	3.90188853917548	[2149, 420, 158, 10, 438, 2627, 261, 1086, 1112]	712134
171	0.14886153154977455	0.2777990072020734	2.3635521757840072	4.402083359618617	[249, 318, 158, 420, 1879, 836, 1089, 1086, 1112]	705778
172	0.14965875610604018	0.2790180000043462	2.3635521757840072	2.619252502709092	[1529, 2229, 494, 10, 734, 1203, 174, 1086, 1112]	710462
173	0.150455233936577	0.2803870521961782	2.3635521757840072	4.018791440077544	[2047, 232, 10, 162, 2636, 836, 1089, 1086, 1112]	712477
174	0.15125096574081076	0.28175350473378313	2.3635521757840072	4.0506579918677765	[1580, 438, 107, 10, 734, 19, 334, 1086, 1112]	727683
175	0.15204595221751205	0.28347963728695136	2.3635521757840072	4.121260747354726	[1392, 1268, 807, 811, 3459, 1203, 174, 1086, 1112]	717295
176	0.15284019406479676	0.28443521618860335	2.3635521757840072	3.636261603110003	[677, 1546, 158, 10, 734, 1203, 174, 1086, 1112]	757333
177	0.1536336919801271	0.2857939817828633	2.3635521757840072	3.055600828398765	[482, 480, 157, 10, 734, 1203, 174, 1086, 1112]	715578
178	0.15442644666031202	0.2867464741863688	2.3635521757840072	2.6788617485715553	[2636, 162, 837, 420, 158, 10, 734, 19, 794]	725431
179	0.15521845880150753	0.28795036468615065	2.3635521757840072	4.434840711559642	[2028, 493, 217, 241, 132, 19, 334, 1086, 1112]	725031
180	0.15600972909921784	0.28947146681237046	2.3635521757840072	3.993227257925165	[3384, 2327, 1511, 1031, 241, 132, 1108, 1086, 1112]	720915
181	0.1568002582482957	0.2908206692137142	2.3635521757840072	4.260508021679409	[3284, 809, 807, 811, 3459, 1203, 174, 1086, 1112]	720128
182	0.15759004694294287	0.2925250110197267	2.3635521757840072	4.450177291826415	[1879, 496, 217, 241, 1031, 132, 1094, 1086, 1112]	713593
183	0.15837909587671095	0.2935864661215061	2.3635521757840072	4.182942073486318	[2636, 162, 1549, 10, 438, 2627, 261, 1086, 1112]	721413
184	0.159167405742502	0.29528416100044075	2.3635521757840072	3.975679867192463	[3580, 813, 669, 668, 670, 132, 1108, 1086, 1112]	721199
185	0.1599549772325689	0.29678959644752234	2.3635521757840072	3.8631206589790175	[1580, 301, 2729, 496, 1879, 836, 1089, 1086, 1112]	764039
186	0.16074181103851626	0.2982918159375332	2.3635521757840072	4.219764787654683	[669, 811, 734, 1460, 19, 132, 1108, 1086, 1112]	725606
187	0.1615279078513009	0.2994762192188887	2.3635521757840072	4.013352582065629	[1549, 107, 734, 19, 241, 132, 1094, 1086, 1112]	709429
188	0.1623132683612324	0.3008064238807452	2.3635521757840072	4.156569369245615	[2627, 438, 10, 162, 1192, 836, 1089, 1086, 1112]	711678
189	0.16309789325797364	0.3019865827910545	2.3635521757840072	3.7398373686414255	[119, 400, 19, 241, 1720, 132, 1108, 1086, 1096]	717496
190	0.1638817832305418	0.3034777003204926	2.3635521757840072	3.75992421150319	[10, 734, 19, 241, 1729, 1822, 1094, 1086, 1112]	770162
191	0.1646649389673085	0.30452272263225455	2.3635521757840072	4.709606891771111	[1265, 193, 232, 162, 420, 158, 1115, 1086, 1112]	709523
192	0.16544736115600067	0.30584334463246454	2.3635521757840072	2.8690557679762403	[377, 162, 1549, 107, 734, 1203, 174, 1086, 1112]	762481
193	0.16622905048370096	0.3070150017957489	2.3635521757840072	4.511820495628742	[1743, 1742, 400, 119, 409, 19, 334, 1086, 1112]	761784
194	0.1670100076368486	0.30833089127801616	2.3635521757840072	3.036156742539775	[1791, 420, 162, 107, 734, 1203, 174, 1086, 1096]	718560
195	0.16779023330123966	0.3096442820552118	2.3635521757840072	3.370347905802177	[420, 158, 10, 734, 19, 132, 1094, 1086, 1112]	715238
196	0.1685697281620281	0.3105649667880295	2.3635521757840072	3.3241517041213564	[107, 162, 10, 232, 320, 836, 1089, 1086, 1112]	719108
197	0.169348492903726	0.31222185792772195	2.3635521757840072	3.841190998301413	[87, 1265, 193, 232, 1192, 836, 1089, 1086, 1112]	709935
198	0.17012652821020435	0.31352786025913093	2.3635521757840072	2.7972272025268525	[1580, 438, 10, 734, 19, 132, 1108, 1086, 1112]	717885
199	0.1709038347646935	0.3148313826598975	2.3635521757840072	3.9526217925882197	[1819, 1513, 1031, 241, 19, 132, 1094, 1086, 1112]	717834
200	0.1716804132497839	0.3162950607364907	2.3635521757840072	3.8631206589790175	[1580, 301, 2728, 496, 1879, 836, 1089, 1086, 1096]	718821
201	0.17245626434742656	0.3175933285790592	2.3635521757840072	3.9543870005603488	[1792, 232, 107, 811, 3459, 1203, 174, 1086, 1096]	716753
202	0.17323138873893396	0.31923332874307286	2.3635521757840072	3.669674949072645	[1580, 438, 2267, 261, 217, 132, 1108, 1086, 1112]	717699
203	0.17400578710498016	0.32038238514228157	2.3635521757840072	4.000059213922495	[1579, 1580, 438, 2040, 1451, 1713, 174, 1086, 1112]	722710
204	0.17477946012560186	0.3218342049982398	2.3635521757840072	4.277221575420284	[1726, 132, 1729, 1032, 370, 1713, 174, 1086, 1112]	718687
205	0.1755524084801986	0.32346401323665497	2.3635521757840072	3.801361875327528	[1535, 496, 217, 241, 1031, 132, 1108, 1086, 1112]	718242
206	0.17632463284753375	0.3247486681594369	2.3635521757840072	3.645497597078881	[241, 1031, 132, 1032, 370, 1713, 174, 1086, 1112]	719920
207	0.17709613390573486	0.32603088368756306	2.3635521757840072	4.515016831355745	[813, 3284, 2308, 651, 159, 1713, 174, 1086, 1112]	706324
208	0.17786691233229424	0.32692971462305054	2.3635521757840072	4.032688665331871	[320, 232, 10, 438, 1779, 132, 1108, 1086, 1112]	740294
209	0.17863696880406965	0.32822807551305233	2.3635521757840072	3.2013044387969734	[846, 10, 734, 19, 132, 1713, 174, 1086, 1112]	717866
210	0.17940630399728497	0.32966313516619217	2.3635521757840072	3.750518734397157	[87, 160, 331, 241, 1720, 132, 1108, 1086, 1112]	732797
211	0.18017491858753054	0.33093601875284495	2.3635521757840072	3.8538427291257067	[846, 10, 232, 1792, 496, 217, 261, 1086, 1112]	715726
212	0.18094281324976402	0.33220648529709684	2.3635521757840072	3.704325241964608	[87, 160, 2229, 734, 19, 132, 1108, 1086, 1112]	709774
213	0.18170998865831067	0.3332084045792728	2.3635521757840072	3.545302085300313	[2627, 438, 10, 232, 320, 836, 1089, 1086, 1112]	762869
214	0.18247644548686437	0.33433387264638925	2.3635521757840072	3.5348343714449495	[19, 241, 132, 1032, 370, 1713, 174, 1086, 1096]	723169
215	0.18324218440848794	0.33559788710262717	2.3635521757840072	3.1351435697269965	[813, 3284, 2308, 651, 734, 1203, 174, 1086, 1112]	709114
216	0.18400720609561372	0.3370172031397004	2.3635521757840072	4.020417108289471	[10, 232, 1792, 1791, 420, 158, 1115, 1086, 1112]	712789
217	0.1847715112200441	0.33790138230027467	2.3635521757840072	3.971489063913684	[420, 158, 10, 157, 320, 836, 1089, 1086, 1112]	714457
218	0.1855351004529524	0.33915862251400575	2.3635521757840072	4.2492006473673705	[2309, 420, 107, 734, 19, 132, 1094, 1086, 1112]	714647
219	0.18629797446488328	0.34027404729274846	2.3635521757840072	3.4889356820352253	[1529, 2229, 494, 10, 438, 1580, 684, 389, 794]	768469
220	0.18706013392575316	0.34168337397394677	2.3635521757840072	3.5824100321781165	[3284, 813, 669, 673, 670, 132, 1108, 1086, 1112]	713176
221	0.18782157950485112	0.3430896900085483	2.3635521757840072	4.480468240855253	[2267, 438, 496, 2728, 301, 2627, 261, 1086, 1112]	709371
222	0.1885823118708394	0.34396577066887823	2.3635521757840072	3.6135076335983953	[420, 162, 107, 10, 734, 19, 334, 1086, 1112]	711775
223	0.18934233169175374	0.3450730815305	2.3635521757840072	3.8748875185725895	[1551, 1879, 301, 10, 734, 1203, 174, 1086, 1112]	709625
224	0.19010163963500426	0.3464721563685391	2.3635521757840072	3.5714771722650376	[1873, 10, 734, 1460, 19, 132, 1108, 1086, 1112]	718478
225	0.19086023636737603	0.34786824246028114	2.3635521757840072	4.157129799625077	[2627, 301, 10, 734, 19, 387, 344, 1086, 1112]	733870
226	0.1916181225550294	0.34926134619037696	2.3635521757840072	3.025041094489004	[190, 195, 10, 734, 19, 132, 1108, 1086, 1112]	714544
227	0.1923752988635009	0.3500327683273594	2.3635521757840072	2.4826874770423397	[2872, 241, 132, 19, 734, 1203, 174, 1086, 1112]	715327
228	0.19313176595770365	0.3512669725975711	2.3635521757840072	3.959695201765525	[456, 457, 540, 409, 19, 132, 1108, 1086, 1112]	712991
229	0.19388752450192792	0.35236195986411645	2.3635521757840072	4.074958070840862	[2238, 1549, 162, 10, 157, 1713, 174, 1086, 1112]	706551
230	0.19464257515984174	0.3535917412988363	2.3635521757840072	4.108696218382879	[2557, 2558, 415, 10, 734, 19, 334, 1086, 1112]	712753
231	0.1953969185944916	0.35514522794351144	2.3635521757840072	4.480944857198898	[3819, 438, 2729, 496, 1792, 232, 1023, 1086, 1112]	755267
232	0.19615055546830296	0.35636972430972114	2.3635521757840072	3.734399440526614	[2764, 400, 19, 241, 217, 132, 1108, 1086, 1112]	705977
233	0.19690348644308076	0.3575918955146452	2.3635521757840072	3.6036098887373917	[841, 1268, 21, 422, 19, 132, 1108, 1086, 1096]	708803
234	0.1976557121800101	0.35867620703359715	2.3635521757840072	3.921163044233917	[420, 107, 10, 811, 3459, 1203, 174, 1086, 1112]	707908
235	0.1984072333396567	0.35975868835853075	2.3635521757840072	3.0563798786578182	[158, 420, 162, 107, 734, 1203, 174, 1086, 1096]	720922
236	0.19915805058196756	0.3609744243561138	2.3635521757840072	3.8658084122290512	[1579, 1580, 301, 2627, 438, 132, 1108, 1086, 1112]	710193
237	0.1999081645662717	0.3620530265526578	2.3635521757840072	3.497782274917858	[420, 162, 3284, 811, 734, 1203, 174, 1086, 1112]	714945
238	0.2006575759512803	0.3634158283147829	2.3635521757840072	4.664364617664117	[1580, 438, 2627, 496, 217, 132, 1094, 1086, 1112]	724154
239	0.20140628539508776	0.36462461987343	2.3635521757840072	4.0510178882143775	[709, 1580, 438, 2729, 301, 2627, 261, 1086, 1112]	717770
240	0.202154293555172	0.36598192811955	2.3635521757840072	4.25327087780137	[241, 217, 496, 2729, 438, 2627, 261, 1086, 1112]	716544
241	0.20290160108839517	0.36750563793280033	2.3635521757840072	4.686473192779534	[300, 301, 2729, 438, 79, 148, 1108, 1086, 1112]	709929
242	0.20364820865100408	0.3690256858763059	2.3635521757840072	3.6341614411325356	[734, 19, 1126, 241, 1587, 132, 1108, 1086, 1112]	710277
243	0.20439411689863096	0.36977367825532437	2.3635521757840072	3.426922625619314	[2309, 420, 158, 10, 734, 19, 334, 1086, 1112]	714178
244	0.20513932648629385	0.3712882755098835	2.3635521757840072	3.4347584292862248	[542, 156, 1529, 2229, 734, 1203, 174, 1086, 1096]	718948
245	0.20588383806839727	0.37212674946039237	2.3635521757840072	3.8388609537583678	[107, 162, 10, 158, 420, 1822, 1094, 1086, 1112]	708451
246	0.2066276522987328	0.3734680314287082	2.3635521757840072	3.2554680830185445	[87, 1529, 2229, 734, 19, 132, 1108, 1086, 1112]	722077
247	0.20737076983047964	0.37465773514507084	2.3635521757840072	3.619505404829206	[1265, 415, 10, 232, 320, 836, 1089, 1086, 1112]	718207
248	0.2081131913162052	0.37599361034465106	2.3635521757840072	4.4303513030138895	[2238, 1549, 162, 420, 2307, 1468, 1089, 1086, 1112]	716105
249	0.20885491740786577	0.3770468618704004	2.3635521757840072	3.8486355440639732	[107, 10, 301, 1580, 438, 2627, 261, 1086, 1112]	717312
250	0.20959594875680676	0.37822976984753454	2.3635521757840072	4.051944425354448	[813, 669, 673, 670, 132, 1713, 174, 1086, 1112]	710688
251	0.21033628601376364	0.3794104316343909	2.3635521757840072	4.212484899399157	[2636, 162, 846, 10, 158, 1713, 174, 1086, 1112]	716233
252	0.21107592982886225	0.38075719719073986	2.3635521757840072	3.648665041537578	[10, 1820, 432, 422, 19, 132, 1108, 1086, 1096]	718038
253	0.2118148808516196	0.38245799834591665	2.3635521757840072	4.608251203650987	[1807, 157, 480, 1018, 1020, 836, 1089, 1086, 1112]	712089
254	0.21255313973094436	0.38363063127006447	2.3635521757840072	4.266691246060143	[160, 87, 1265, 415, 10, 158, 1115, 1086, 1112]	760096
255	0.2132907071151372	0.38455539669811434	2.3635521757840072	4.125151012597044	[2636, 162, 10, 157, 320, 836, 1089, 1086, 1112]	717854
256	0.21402758365189178	0.3854787746608872	2.3635521757840072	3.8189592218192265	[2004, 19, 241, 1031, 132, 1713, 174, 1086, 1112]	759384
257	0.21476376998829494	0.3864007672400568	2.3635521757840072	3.3458670101513635	[2047, 232, 10, 734, 19, 132, 1094, 1086, 1112]	710688
258	0.21549926677082742	0.3874364526734383	2.3635521757840072	3.320021293678991	[2149, 420, 158, 651, 734, 1203, 174, 1086, 1112]	728350
259	0.21623407464536448	0.3889086017015134	2.3635521757840072	3.454352241734429	[2297, 400, 654, 493, 217, 132, 1108, 1086, 1112]	715954
260	0.2169681942571765	0.3900689857586124	2.3635521757840072	3.7774506137928325	[432, 422, 19, 400, 654, 132, 1108, 1086, 1112]	713633
261	0.21770162625092937	0.391098479658036	2.3635521757840072	4.343948602687139	[2212, 542, 457, 540, 19, 132, 1108, 1086, 1112]	745436
262	0.2184343712706851	0.39225470541823393	2.3635521757840072	4.354125835173497	[87, 1529, 156, 673, 670, 132, 1108, 1086, 1112]	726376
263	0.21916642995990254	0.39392392772390894	2.3635521757840072	4.533849238838162	[1678, 1580, 438, 2040, 545, 132, 1108, 1086, 1112]	706671
264	0.21989780296143768	0.394833249677341	2.3635521757840072	3.9747096521107066	[2047, 232, 10, 162, 420, 158, 1115, 1086, 1112]	720908
265	0.22062849091754466	0.39585470204333706	2.3635521757840072	4.473725257093572	[1792, 496, 1512, 1031, 241, 19, 334, 1086, 1112]	723603
266	0.22135849446987577	0.39700189634826777	2.3635521757840072	2.7091746488578066	[2709, 2051, 1849, 420, 158, 10, 734, 19, 794]	714553
267	0.22208781425948243	0.3980196882863374	2.3635521757840072	3.972094804992466	[10, 232, 1792, 496, 217, 132, 1094, 1086, 1112]	767911
268	0.22281645092681557	0.3990357623078449	2.3635521757840072	3.6315955911917355	[1549, 162, 10, 734, 19, 1987, 334, 1086, 1112]	717300
269	0.22354440511172624	0.40031956042303196	2.3635521757840072	4.432075586508481	[734, 107, 1549, 162, 420, 1822, 1094, 1086, 1112]	713841
270	0.2242716774534662	0.4014582765355099	2.3635521757840072	3.9639269715459005	[2047, 232, 10, 734, 19, 3308, 334, 1086, 1112]	734024
271	0.2249982685906884	0.4027368996019929	2.3635521757840072	2.8172572531198767	[320, 232, 107, 10, 734, 1203, 174, 1086, 1112]	718030
272	0.2257241791614476	0.4037450115094934	2.3635521757840072	4.145767148494337	[77, 19, 734, 10, 157, 1713, 174, 1086, 1096]	713715
273	0.22644940980320105	0.4045401999181646	2.3635521757840072	3.059521845880865	[87, 160, 107, 10, 734, 1203, 174, 1086, 1112]	724982
274	0.22717396115280875	0.40543359382260835	2.3635521757840072	4.1552315839471765	[1579, 1580, 301, 2729, 438, 254, 174, 1086, 1112]	757744
275	0.22789783384653428	0.4068851719626899	2.3635521757840072	4.349759155946929	[2196, 2197, 241, 132, 1727, 1203, 174, 1086, 1112]	761535
276	0.22862102852004518	0.4077750476048927	2.3635521757840072	4.0375697235650305	[988, 420, 158, 10, 157, 1713, 174, 1086, 1112]	705312
277	0.22934354580841365	0.40866358812846215	2.3635521757840072	3.9747096521107066	[2047, 232, 10, 162, 420, 158, 1115, 1086, 1112]	715564
278	0.23006538634611695	0.4097864600043033	2.3635521757840072	4.276423975122594	[87, 1265, 193, 1872, 843, 3094, 174, 1086, 1112]	715861
279	0.23078655076703825	0.4106719827194889	2.3635521757840072	3.8802726290071554	[1820, 10, 301, 1580, 438, 2627, 261, 1086, 1112]	720991
280	0.23150703970446684	0.41166670111285397	2.3635521757840072	4.094602837538202	[359, 158, 10, 162, 1192, 836, 1089, 1086, 1112]	718335
281	0.23222685379109886	0.4127838704629544	2.3635521757840072	2.6569155506959676	[1791, 420, 162, 10, 734, 1203, 174, 1086, 1112]	708230
282	0.2329459936590378	0.4136648960345335	2.3635521757840072	4.539101890424258	[1791, 420, 158, 10, 1019, 19, 334, 1086, 1112]	716456
283	0.23366445993979512	0.4145445997656202	2.3635521757840072	3.670321541003206	[846, 10, 107, 811, 3459, 1203, 174, 1086, 1112]	717156
284	0.23438225326429085	0.41565630435590906	2.3635521757840072	4.0510178882143775	[709, 1580, 438, 2729, 301, 2627, 261, 1086, 1112]	718748
285	0.23509937426285388	0.41664260978354906	2.3635521757840072	4.464699102770937	[19, 241, 331, 808, 1265, 255, 174, 1086, 1112]	716531
286	0.2358158235652229	0.4180668221620072	2.3635521757840072	3.9830139077735955	[3284, 813, 3222, 811, 734, 1203, 174, 1086, 1112]	713060
287	0.23653160180054655	0.41904905891086575	2.3635521757840072	4.1092846861376655	[394, 193, 232, 651, 734, 1203, 174, 1086, 1112]	718460
288	0.23724670959738436	0.4199206845512172	2.3635521757840072	4.246012559459267	[420, 158, 10, 232, 193, 1872, 1115, 1086, 1112]	740622
289	0.237961147583707	0.42079100245419676	2.3635521757840072	4.521163100499492	[2149, 420, 107, 734, 19, 1987, 334, 1086, 1112]	743838
290	0.23867491638689708	0.4220283263625283	2.3635521757840072	4.2201125573462	[846, 10, 301, 1512, 1031, 132, 1108, 1086, 1112]	717422
291	0.2393880166337493	0.42326300706182707	2.3635521757840072	4.277221575420284	[1715, 132, 1729, 1032, 370, 1713, 174, 1086, 1112]	711519
292	0.24010044895047156	0.42412831033483955	2.3635521757840072	4.648871715657562	[382, 409, 19, 1126, 241, 217, 261, 1086, 1112]	709730
293	0.24081221396268515	0.4249923153561993	2.3635521757840072	3.8656067053360434	[2047, 232, 10, 734, 19, 132, 261, 1086, 1112]	722985
294	0.24152331229542523	0.425855024073729	2.3635521757840072	4.149322642537615	[1807, 157, 320, 232, 10, 158, 1115, 1086, 1112]	713237
295	0.2422337445731415	0.4272567452063615	2.3635521757840072	3.77880338099823	[3895, 1030, 1032, 400, 19, 132, 1108, 1086, 1112]	711984
296	0.24294351141969905	0.4280205774696513	2.3635521757840072	3.905934543820539	[1549, 107, 734, 19, 132, 217, 261, 1086, 1112]	715226
297	0.2436526134583783	0.4292618522581285	2.3635521757840072	3.5805183313113993	[1529, 2229, 494, 10, 734, 19, 334, 1086, 1096]	714281
298	0.24436105131187613	0.4306552559391389	2.3635521757840072	3.7041628855743722	[2607, 1587, 241, 1126, 19, 132, 1108, 1086, 1112]	710328
299	0.24506882560230592	0.4316162448493497	2.3635521757840072	3.2460022722310127	[709, 1580, 301, 10, 734, 1203, 174, 1086, 1112]	709286
300	0.2457759369511986	0.4328304435450451	2.3635521757840072	4.105753521574978	[1586, 1587, 241, 1126, 19, 132, 1108, 1086, 1112]	715231
301	0.24648238597950267	0.43368139238231884	2.3635521757840072	4.667446123574321	[2340, 160, 107, 10, 301, 2627, 261, 1086, 1112]	752894
302	0.24718817330758525	0.43475675866197483	2.3635521757840072	3.975379101244748	[1579, 1580, 438, 4626, 301, 2627, 261, 1086, 1112]	761857
303	0.24789329955523232	0.43571082470397093	2.3635521757840072	3.778469333887357	[158, 420, 1822, 1729, 241, 132, 1108, 1086, 1112]	721106
304	0.24859776534164924	0.43655745198172136	2.3635521757840072	5.092125047049046	[1549, 107, 10, 1917, 621, 593, 2116, 1086, 1112]	721532
305	0.2493015712854615	0.4376273569936918	2.3635521757840072	5.062511708137547	[2163, 324, 668, 670, 132, 387, 344, 1086, 1112]	711393
306	0.250004718004715	0.43847110881576057	2.3635521757840072	3.619505404829206	[1265, 415, 10, 232, 320, 836, 1089, 1086, 1112]	716742
307	0.2507072061168769	0.4395373800392549	2.3635521757840072	3.7885828742910066	[1265, 808, 331, 241, 132, 1713, 174, 1086, 1112]	759091
308	0.25140903623883604	0.4407346573646105	2.3635521757840072	3.454352241734429	[2297, 400, 654, 493, 217, 132, 1108, 1086, 1112]	717889
309	0.2521102089869032	0.44192937702966406	2.3635521757840072	3.453083370502198	[2297, 400, 19, 241, 1720, 132, 1108, 1086, 1112]	759278
310	0.2528107249768121	0.4428713365109508	2.3635521757840072	3.593934957806902	[241, 132, 19, 734, 10, 158, 1115, 1086, 1112]	715866
311	0.2535105848237198	0.44345840459857266	2.3635521757840072	3.60143919796504	[158, 10, 734, 19, 132, 387, 344, 1086, 1112]	724053
312	0.25420978914220693	0.4445152055881044	2.3635521757840072	4.156811802774006	[3284, 162, 1549, 107, 734, 19, 334, 1086, 1112]	708980
313	0.2549083385462786	0.4454528004860797	2.3635521757840072	3.6612852714517166	[1799, 1019, 10, 734, 19, 132, 1094, 1086, 1112]	748989
314	0.25560623364936474	0.4465058143740456	2.3635521757840072	3.9951311966261667	[1820, 10, 438, 496, 217, 132, 1108, 1086, 1112]	717690
315	0.25630347506432083	0.4475735114913796	2.3635521757840072	4.556653300770888	[2071, 377, 162, 107, 420, 1822, 1094, 1086, 1112]	710549
316	0.2570000634034282	0.44862249842159885	2.3635521757840072	4.050949947904574	[846, 10, 1799, 1019, 19, 132, 1108, 1086, 1112]	709446
317	0.2576959992783947	0.4496694934604033	2.3635521757840072	3.9178706480799246	[5158, 301, 2729, 496, 217, 132, 1108, 1086, 1112]	705215
318	0.2583912833003553	0.45049517794809557	2.3635521757840072	3.1136056597975417	[421, 438, 2627, 261, 217, 132, 1108, 1086, 1112]	711187
319	0.2590859160798725	0.45131962362589984	2.3635521757840072	4.181644476282975	[1579, 1580, 301, 2728, 496, 3366, 150, 1086, 1112]	711085
320	0.2597798982269369	0.45236149717044705	2.3635521757840072	4.018791440077544	[2047, 232, 10, 162, 2636, 836, 1089, 1086, 1112]	717362
321	0.2604732303509677	0.45328584842425856	2.3635521757840072	4.281846552665953	[193, 842, 157, 10, 158, 1713, 174, 1086, 1112]	714564
322	0.2611659130608134	0.45459974428108807	2.3635521757840072	3.696358930275685	[2004, 19, 1126, 241, 1720, 132, 1108, 1086, 1112]	715340
323	0.26185794696475206	0.4554180317017912	2.3635521757840072	3.3663495231721354	[3580, 162, 107, 734, 19, 241, 132, 393, 794]	706810
324	0.2625493326704922	0.45623509141074337	2.3635521757840072	3.1958448816006024	[811, 3284, 2308, 651, 734, 1203, 174, 1086, 1112]	710964
325	0.26324007078517286	0.4570509252499334	2.3635521757840072	3.7601465393853495	[3284, 162, 420, 107, 734, 1203, 174, 1086, 1112]	749435
326	0.26393016191536467	0.457623051754776	2.3635521757840072	2.6771386868140103	[158, 420, 162, 10, 734, 1203, 174, 1086, 1112]	727396
327	0.26461960666706996	0.45853852210530566	2.3635521757840072	3.9797434995987517	[158, 232, 1792, 496, 217, 132, 1108, 1086, 1112]	771688
328	0.26530840564572356	0.45918040094241774	2.3635521757840072	3.381065656525881	[3284, 158, 10, 734, 19, 132, 1108, 1086, 1112]	758282
329	0.26599655945619305	0.46020734788073236	2.3635521757840072	3.946472672091823	[1265, 2308, 3284, 811, 3459, 1203, 174, 1086, 1112]	714819
330	0.2666840687027795	0.4612323447787453	2.3635521757840072	3.5697263482650916	[2047, 232, 10, 734, 19, 1987, 334, 1086, 1112]	775500
331	0.2673709339892181	0.4625271431444885	2.3635521757840072	3.5770115376638447	[2627, 438, 1549, 107, 734, 1203, 174, 1086, 1112]	711929
332	0.2680571559186783	0.4632439374589963	2.3635521757840072	4.628814633063735	[317, 320, 232, 10, 161, 1713, 174, 1086, 1112]	747180
333	0.2687427350937648	0.46395977582924985	2.3635521757840072	4.44256031968278	[19, 734, 10, 232, 107, 1546, 234, 1086, 1112]	754874
334	0.26942767211651786	0.4647640199927434	2.3635521757840072	4.243369668296276	[193, 232, 10, 162, 107, 1546, 234, 1086, 1112]	714755
335	0.2701119675884137	0.466050330827264	2.3635521757840072	4.555357668137217	[2627, 261, 165, 227, 972, 132, 1108, 1086, 1112]	718765
336	0.27079562211036523	0.4668514384413349	2.3635521757840072	3.7327668979892534	[1078, 334, 19, 241, 1031, 132, 1108, 1086, 1112]	752297
337	0.2714786362827225	0.4674834626806803	2.3635521757840072	3.964665999922029	[2004, 19, 241, 1720, 132, 1713, 174, 1086, 1112]	713809
338	0.2721610107052733	0.46876323798933195	2.3635521757840072	3.946472672091823	[1265, 2308, 3284, 811, 3459, 1203, 174, 1086, 1096]	714929
339	0.27284274597724356	0.46989808214645923	2.3635521757840072	4.818388757931292	[1849, 420, 156, 651, 734, 1203, 174, 1086, 1112]	752487
340	0.273523842697298	0.4713540505487669	2.3635521757840072	3.7467709585735305	[3895, 1030, 1031, 241, 217, 132, 1108, 1086, 1112]	715660
341	0.2742043014635406	0.4720590729626821	2.3635521757840072	3.630927620361506	[1873, 10, 162, 420, 2307, 1468, 2348, 2372, 794]	763651
342	0.27488412287351494	0.4728511654029387	2.3635521757840072	3.4076367187327303	[1849, 420, 158, 10, 734, 19, 334, 1086, 1096]	707452
343	0.2755633075242051	0.4738521533158563	2.3635521757840072	4.083157821583733	[420, 1582, 1579, 1580, 438, 2627, 261, 1086, 1112]	765984
344	0.2762418560120359	0.4746415555206722	2.3635521757840072	3.4560701502849787	[1799, 232, 10, 734, 19, 132, 1094, 1086, 1112]	717037
345	0.2769197689328736	0.47576384223678403	2.3635521757840072	3.8896316762060597	[1849, 420, 162, 846, 734, 1203, 174, 1086, 1112]	715921
346	0.27759704688202635	0.4774093937922629	2.3635521757840072	4.219940663807059	[300, 301, 324, 671, 670, 132, 1108, 1086, 1112]	719219
347	0.27827369045424455	0.4784334788524388	2.3635521757840072	4.00116598525193	[3895, 1030, 1032, 132, 19, 1987, 334, 1086, 1112]	741940
348	0.27894970024372157	0.47931382357852703	2.3635521757840072	4.113459761457477	[3284, 162, 1549, 107, 10, 158, 1115, 1086, 1112]	754810
349	0.2796250768440943	0.48009503140494814	2.3635521757840072	3.292103402810363	[1791, 420, 158, 10, 734, 19, 334, 1086, 1112]	713647
350	0.2802998208484436	0.4807883965131948	2.3635521757840072	2.8172572531198767	[320, 232, 107, 10, 734, 1203, 174, 1086, 1112]	728150
351	0.28097393284929484	0.48166476640719746	2.3635521757840072	4.399717225472339	[1794, 1879, 232, 10, 438, 2627, 261, 1086, 1112]	713546
352	0.2816474134386182	0.482772049926225	2.3635521757840072	3.9454231476895147	[269, 542, 457, 540, 19, 132, 1108, 1086, 1112]	721730
353	0.28232026320782955	0.48354806922717586	2.3635521757840072	3.0168577309598597	[377, 162, 232, 10, 734, 1203, 174, 1086, 1112]	752075
354	0.2829924827477909	0.48441978110878514	2.3635521757840072	3.032769660409432	[1791, 1794, 107, 10, 734, 1203, 174, 1086, 1112]	710023
355	0.28366407264881055	0.4858358644736597	2.3635521757840072	4.403725906105418	[2405, 1743, 193, 232, 1192, 836, 1089, 1086, 1112]	719193
356	0.28433503350064404	0.48670371481815344	2.3635521757840072	4.34103736273812	[1265, 415, 10, 162, 420, 158, 1115, 1086, 1112]	714596
357	0.2850053658924946	0.4874738352734589	2.3635521757840072	3.4410916057938437	[2636, 162, 107, 10, 734, 19, 334, 1086, 1112]	715919
358	0.28567507041301343	0.48833892091029474	2.3635521757840072	4.391719476349805	[157, 10, 301, 2729, 496, 217, 261, 1086, 1112]	755259
359	0.2863441476503005	0.4892025463813663	2.3635521757840072	3.6010763416600504	[382, 409, 19, 1126, 241, 132, 1108, 1086, 1112]	712764
360	0.28701259819190483	0.4902937274651463	2.3635521757840072	4.358803557439076	[1580, 301, 2728, 496, 1792, 232, 1023, 1086, 1112]	719655
361	0.2876804226248252	0.4910584616703384	2.3635521757840072	4.43677401357845	[1580, 301, 10, 162, 420, 1822, 1094, 1086, 1112]	717865
362	0.2883476215355103	0.4917372055295648	2.3635521757840072	3.2776585898526065	[420, 158, 10, 232, 320, 836, 1089, 1086, 1096]	770823
363	0.28901419550985996	0.4925950950842747	2.3635521757840072	3.9688222809662914	[2309, 420, 158, 10, 157, 1713, 174, 1086, 1112]	715802
364	0.2896801451332248	0.49357388541011515	2.3635521757840072	3.160564122904307	[1606, 1019, 10, 734, 19, 132, 1108, 1086, 1112]	716663
365	0.29034547099040753	0.49453552354003305	2.3635521757840072	3.784067695483352	[1530, 158, 10, 232, 320, 836, 1089, 1086, 1112]	720286
366	0.29101017366566284	0.4953886898535024	2.3635521757840072	3.255691907963847	[4057, 1549, 107, 10, 734, 1203, 174, 1086, 1112]	711743
367	0.2916742537426983	0.49624041611966396	2.3635521757840072	3.9245248674137363	[2238, 1549, 162, 10, 158, 1713, 174, 1086, 1112]	712147
368	0.2923377118046746	0.4971969908503395	2.3635521757840072	4.2884282074632525	[1580, 1579, 1582, 420, 158, 1713, 174, 1086, 1112]	720686
369	0.2930005484342064	0.4981517491684948	2.3635521757840072	4.3208125033970575	[10, 232, 1799, 1851, 159, 1713, 174, 1086, 1112]	718940
370	0.29366276421336257	0.49890469364633705	2.3635521757840072	3.2332466374888345	[195, 10, 162, 107, 734, 1203, 174, 1086, 1112]	715559
371	0.2943243597236668	0.49985620925627516	2.3635521757840072	4.962436992188604	[1799, 232, 320, 159, 1265, 255, 174, 1086, 1112]	708548
372	0.29498533554609796	0.5008059180603133	2.3635521757840072	3.864291842125417	[3694, 668, 669, 811, 734, 1203, 174, 1086, 1112]	714752
373	0.29564569226109105	0.5017538234893437	2.3635521757840072	4.899478306695772	[1799, 1019, 19, 241, 1729, 1822, 1094, 1086, 1112]	744149
374	0.2963054304485371	0.502818192152544	2.3635521757840072	4.47416116278852	[2558, 415, 87, 160, 320, 836, 1089, 1086, 1112]	713464
375	0.29696455068778405	0.5040130489447798	2.3635521757840072	4.050882423356405	[193, 1743, 1742, 400, 1032, 132, 1108, 1086, 1112]	745170
376	0.2976230535576372	0.5049548644442879	2.3635521757840072	3.119907802836199	[837, 162, 107, 734, 19, 132, 1108, 1086, 1112]	751232
377	0.2982809396363598	0.5059098126224433	2.3635521757840072	4.814556871390164	[321, 2163, 320, 232, 10, 158, 1115, 1086, 1112]	714606
378	0.2989382095016735	0.5067437804348571	2.3635521757840072	4.131607644609549	[1549, 162, 846, 10, 438, 2627, 261, 1086, 1112]	745980
379	0.2995948637307585	0.5076804106260887	2.3635521757840072	3.1031331231516335	[432, 422, 19, 241, 1031, 132, 1108, 1086, 1112]	756808
380	0.3002509029002548	0.508615262276918	2.3635521757840072	3.9178706480799246	[1879, 301, 2729, 496, 217, 132, 1108, 1086, 1112]	726638
381	0.300906327586262	0.5093525078967872	2.3635521757840072	3.8591801297654023	[394, 193, 232, 10, 438, 2627, 261, 1086, 1112]	720004
382	0.3015611383643402	0.5100886473953989	2.3635521757840072	4.286210116110338	[846, 10, 107, 160, 320, 836, 1089, 1086, 1112]	724531
383	0.3022153358095103	0.5110189261139948	2.3635521757840072	3.9598473671701946	[1794, 1791, 1792, 232, 320, 836, 1089, 1086, 1112]	722757
384	0.3028689204962548	0.5119474383528192	2.3635521757840072	4.704816898879018	[87, 1529, 2229, 494, 10, 232, 1023, 1086, 1112]	758750
385	0.30352189299851795	0.5128741874661901	2.3635521757840072	2.794813446346238	[2636, 162, 1549, 10, 734, 1203, 174, 1086, 1112]	724922
386	0.3041742538897064	0.5140448770943955	2.3635521757840072	4.060471295679928	[2627, 261, 217, 493, 654, 132, 1108, 1086, 1112]	709549
387	0.30482600374268987	0.5152127532518912	2.3635521757840072	3.696358930275685	[2004, 19, 1126, 241, 1720, 132, 1108, 1086, 1112]	709939
388	0.30547714312980123	0.5163778227001765	2.3635521757840072	4.598141450551779	[241, 1031, 1512, 496, 1879, 836, 1089, 1086, 1112]	719426
389	0.3061276726228376	0.5175585409064749	2.3635521757840072	4.62586706761452	[1468, 2229, 734, 19, 132, 387, 344, 1086, 1096]	766547
390	0.30677759279306027	0.5183728469958013	2.3635521757840072	4.092209569585813	[2153, 158, 3284, 811, 734, 1203, 174, 1086, 1112]	726097
391	0.30742690421119556	0.5191857786294408	2.3635521757840072	4.082787227855682	[195, 10, 301, 2729, 438, 2627, 261, 1086, 1112]	716317
392	0.30807560744743523	0.5199973381273175	2.3635521757840072	4.538700851619262	[241, 217, 261, 2627, 438, 3366, 150, 1086, 1112]	717260
393	0.30872370307143693	0.520637487996451	2.3635521757840072	3.845028938988845	[1549, 162, 10, 1019, 19, 132, 1108, 1086, 1112]	765510
394	0.30937119165232463	0.5213566961548927	2.3635521757840072	4.072253248175278	[1792, 232, 10, 494, 217, 132, 1108, 1086, 1112]	709958
395	0.3100180737586895	0.5220748252544545	2.3635521757840072	3.2397234079474657	[1582, 420, 162, 107, 734, 1203, 174, 1086, 1096]	712915
396	0.3106643499585898	0.5229823437611871	2.3635521757840072	4.306854017549502	[1819, 1513, 1031, 132, 1727, 1203, 174, 1086, 1112]	742681
397	0.31131002081955206	0.5238881390068663	2.3635521757840072	3.9700690251733404	[4210, 87, 160, 107, 734, 1203, 174, 1086, 1096]	721798
398	0.3119550869085709	0.5246024700740285	2.3635521757840072	3.011881719841078	[2636, 1549, 107, 10, 734, 1203, 174, 1086, 1096]	714540
399	0.31259954879211005	0.5254048868153194	2.3635521757840072	4.352521079502247	[1580, 438, 581, 1742, 400, 19, 334, 1086, 1112]	707341
400	0.31324340703610276	0.5265454619240626	2.3635521757840072	4.489840802175585	[1500, 786, 19, 400, 1032, 132, 1108, 1086, 1112]	714362
401	0.31388666220595196	0.527572924029262	2.3635521757840072	3.661399551343675	[2094, 10, 494, 2229, 734, 1203, 174, 1086, 1112]	713609
402	0.31452931486653113	0.5283703269834951	2.3635521757840072	3.037494322850117	[420, 837, 162, 10, 734, 1203, 174, 1086, 1112]	721312
403	0.3151713655821845	0.5292658911412412	2.3635521757840072	3.3514668720268963	[2004, 19, 734, 811, 3459, 1203, 174, 1086, 1112]	716864
404	0.31581281491672797	0.530159754737707	2.3635521757840072	3.321174397560992	[1792, 232, 10, 734, 19, 132, 1094, 1086, 1112]	715367
405	0.31645366343344905	0.5308646762305131	2.3635521757840072	3.5142436882803407	[1580, 438, 10, 232, 320, 836, 1089, 1086, 1112]	722123
406	0.3170939116951079	0.5319921300496917	2.3635521757840072	3.1674696496881927	[3869, 438, 2627, 261, 217, 132, 1108, 1086, 1112]	713872
407	0.3177335602639375	0.5328808168687164	2.3635521757840072	3.251450515610661	[1797, 838, 1019, 10, 734, 1203, 174, 1086, 1112]	720002
408	0.31837260970164405	0.5337818955398801	2.3635521757840072	3.0736720940164988	[326, 320, 232, 10, 734, 1203, 174, 1086, 1112]	710692
409	0.31901106056940776	0.5344036617971619	2.3635521757840072	2.4628299353627563	[320, 232, 10, 734, 19, 132, 1108, 1086, 1112]	723127
410	0.31964891342788315	0.5355226105164451	2.3635521757840072	3.983228011360689	[2627, 438, 1535, 496, 217, 132, 1108, 1086, 1112]	711894
411	0.3202861688371996	0.5362194858864693	2.3635521757840072	2.9510337787353853	[2238, 1549, 162, 107, 734, 1203, 174, 1086, 1112]	714202
412	0.320922827356962	0.5372102279515312	2.3635521757840072	3.9669975774586232	[1743, 1742, 400, 654, 493, 217, 261, 1086, 1112]	745056
413	0.3215588895462509	0.5383224317646664	2.3635521757840072	3.750518734397157	[87, 160, 331, 241, 1720, 132, 1108, 1086, 1112]	719669
414	0.3221943559636232	0.5391990981540022	2.3635521757840072	4.357255312407319	[1873, 10, 301, 2729, 496, 217, 261, 1086, 1112]	724245
415	0.3228292271671127	0.5401834750805532	2.3635521757840072	4.087294783701722	[1019, 19, 734, 811, 3459, 1203, 174, 1086, 1112]	717368
416	0.3234635037142305	0.5414463988855687	2.3635521757840072	5.11788337985474	[1563, 1560, 1709, 3621, 1720, 132, 1108, 1086, 1112]	728547
417	0.3240971861619655	0.5421343865415618	2.3635521757840072	3.962329024575416	[2636, 162, 1549, 107, 420, 158, 1115, 1086, 1112]	713944
418	0.32473027506678476	0.5431124930156246	2.3635521757840072	4.730302142751536	[2948, 301, 324, 671, 670, 132, 1108, 1086, 1096]	709441
419	0.3253627709846343	0.5439800636940346	2.3635521757840072	3.7716760870589585	[320, 232, 1799, 1019, 19, 132, 1108, 1086, 1112]	717894
420	0.3259946744709393	0.5446642499839311	2.3635521757840072	3.615750393323248	[2267, 261, 132, 19, 734, 1203, 174, 1086, 1112]	704164
421	0.3266259860806049	0.5457585398494635	2.3635521757840072	3.9030712361207476	[1879, 496, 217, 241, 1209, 132, 1108, 1086, 1096]	706153
422	0.32725670636801607	0.5462970231804352	2.3635521757840072	2.5061883354014487	[837, 162, 107, 10, 734, 1203, 174, 1086, 1112]	718014
423	0.32788683588703893	0.5469777332365344	2.3635521757840072	4.310153948835179	[1579, 1583, 162, 107, 420, 158, 1115, 1086, 1112]	715009
424	0.3285163751910206	0.547837964320341	2.3635521757840072	4.2693259170547195	[1794, 107, 1549, 162, 2636, 836, 1089, 1086, 1112]	715580
425	0.32914532483279	0.5486965619358352	2.3635521757840072	3.84675733606022	[846, 10, 301, 2627, 261, 132, 1108, 1086, 1112]	711374
426	0.32977368536465823	0.5493736718609143	2.3635521757840072	4.051565924009484	[158, 10, 232, 320, 157, 1713, 174, 1086, 1112]	718380
427	0.33040145733841897	0.5503363135531059	2.3635521757840072	3.48192080745872	[331, 808, 807, 811, 734, 1203, 174, 1086, 1112]	715147
428	0.33102864130534915	0.5512968988207843	2.3635521757840072	3.0120875454886127	[87, 415, 10, 734, 19, 132, 1108, 1086, 1112]	720116
429	0.3316552378162093	0.5520542584147885	2.3635521757840072	4.025443453411246	[190, 195, 10, 811, 3459, 1203, 174, 1086, 1112]	715219
430	0.3322812474212441	0.5526516559515771	2.3635521757840072	3.7516808029240867	[1549, 162, 107, 10, 438, 2627, 261, 1086, 1112]	758868
431	0.33290667067018276	0.5535011129850892	2.3635521757840072	3.0310623893157684	[846, 162, 10, 734, 19, 132, 1108, 1086, 1112]	720873
432	0.33353150811223975	0.5543489570088262	2.3635521757840072	3.102189906145485	[1530, 156, 1529, 2229, 734, 1203, 174, 1086, 1112]	709397
433	0.33415576029611493	0.5551951910856867	2.3635521757840072	4.500980186948848	[19, 734, 10, 1799, 1019, 1010, 1105, 1086, 1112]	711347
434	0.33477942776999436	0.5558625508384303	2.3635521757840072	3.2460022722310127	[709, 1580, 301, 10, 734, 1203, 174, 1086, 1112]	747140
435	0.3354025110815505	0.5568113307896421	2.3635521757840072	3.5338672209875197	[320, 232, 1879, 496, 217, 132, 1108, 1086, 1112]	752478
436	0.336025010777943	0.557758083928214	2.3635521757840072	4.0000496058257395	[10, 438, 2267, 261, 217, 132, 1108, 1086, 1112]	714214
437	0.3366469274058189	0.5587178103085781	2.3635521757840072	3.9696065616140874	[1792, 232, 158, 1557, 734, 1203, 174, 1086, 1112]	718821
438	0.3372682615113133	0.5595557484942986	2.3635521757840072	3.708532938889289	[420, 1791, 1792, 232, 320, 836, 1089, 1086, 1112]	719881
439	0.33788901364004953	0.5604966389241509	2.3635521757840072	3.7507136944742676	[420, 2308, 651, 734, 19, 132, 1108, 1086, 1112]	718542
440	0.33850918433714017	0.5610827773800895	2.3635521757840072	4.0168666570010725	[482, 480, 157, 10, 734, 19, 334, 1086, 1112]	722970
441	0.339128774147187	0.5619294541212545	2.3635521757840072	3.9581709042386057	[3540, 359, 158, 10, 734, 811, 3459, 4776, 794]	710207
442	0.3397477836142817	0.5627612938079818	2.3635521757840072	3.545302085300313	[2627, 438, 10, 232, 320, 836, 1089, 1086, 1112]	758368
