0	9.366567084169164E-4	0.00240325927734375	4.596237329882227	4.596237329882227	[1042, 438, 2729, 496, 1879, 836, 1089, 1086, 1112]	800921
1	0.0018724360910443716	0.004297567324505924	3.886584519684959	3.886584519684959	[3, 19, 132, 1032, 370, 1713, 174, 1086, 1112]	968679
2	0.0028073389696354756	0.005791462435258743	3.886584519684959	4.732417776938703	[2238, 1549, 107, 734, 19, 422, 636, 1086, 1112]	1914816
3	0.0037413661651737318	0.007679336719914054	3.268660282572534	3.268660282572534	[421, 438, 107, 10, 734, 1203, 174, 1086, 1112]	1952822
4	0.00467451849787337	0.00935426067896128	3.268660282572534	3.9669975774586232	[1743, 1742, 400, 654, 493, 217, 261, 1086, 1112]	2951001
5	0.005606796787180679	0.011470508291036241	3.0815178580262	3.0815178580262	[107, 10, 734, 811, 3459, 1203, 174, 1086, 1112]	3851111
6	0.006538201851774117	0.013582235110482843	3.0815178580262	3.6644828860203003	[326, 317, 324, 671, 670, 132, 1108, 1086, 1112]	6320918
7	0.007468734509565533	0.015689450794756143	3.0815178580262	4.183507316507883	[1794, 1879, 496, 2728, 301, 2627, 261, 1086, 1112]	2415780
8	0.008398395577700724	0.017002164909303508	3.0815178580262	3.5277558662778823	[161, 10, 232, 107, 734, 1203, 174, 1086, 1112]	972197
9	0.009327185872559873	0.01886875151022449	3.0815178580262	4.254816216393954	[1555, 2229, 734, 19, 241, 1729, 1094, 1086, 1112]	1956610
10	0.010255106209758558	0.020731793702994827	2.8867200805870303	2.8867200805870303	[420, 162, 10, 734, 19, 132, 1108, 1086, 1112]	5952771
11	0.01118215740414863	0.02259129821799022	2.8867200805870303	3.759913332716259	[1742, 1743, 193, 232, 320, 836, 1089, 1086, 1112]	6097318
12	0.01210834026981833	0.02467926846715829	2.8867200805870303	3.904178069233816	[2636, 162, 3284, 813, 19, 132, 1108, 1086, 1112]	6187143
13	0.013033655620093731	0.026142584036587757	2.8867200805870303	3.828687958469068	[2627, 438, 10, 811, 3459, 1203, 174, 1086, 1112]	4420699
14	0.013958104267538851	0.028222967920786934	2.8867200805870303	3.4109304880621742	[1579, 1580, 438, 2627, 261, 132, 1108, 1086, 1096]	5776032
15	0.014881687023956758	0.02986321657639901	2.8867200805870303	3.493803779530599	[119, 409, 19, 1126, 241, 132, 1108, 1086, 1112]	4469498
16	0.01580440470039013	0.03170538169249204	2.8867200805870303	4.137480238997922	[2872, 241, 1209, 132, 19, 1987, 334, 1086, 1112]	5409566
17	0.016726258107121916	0.03403244471714162	2.8867200805870303	4.184226032578272	[1726, 132, 1720, 241, 1729, 1822, 1094, 1086, 1112]	3162145
18	0.017647248053676123	0.03609597404056086	2.8867200805870303	2.895865719992975	[1579, 1583, 162, 10, 734, 1203, 174, 1086, 1112]	6783253
19	0.01856737534881847	0.037722933960920635	2.8867200805870303	3.8124885876402983	[320, 157, 651, 734, 19, 132, 1108, 1086, 1112]	5106127
20	0.019486640800557176	0.03934714775872972	2.8867200805870303	4.458989598186624	[1851, 159, 1265, 87, 415, 255, 174, 1086, 1112]	4994845
21	0.020405045216143725	0.04117130410792924	2.8867200805870303	3.784092198715528	[734, 19, 132, 1031, 241, 1729, 1094, 1086, 1112]	4344570
22	0.021322589402073433	0.04245003465038544	2.8217543651359582	2.8217543651359582	[1555, 2229, 494, 10, 734, 1203, 174, 1086, 1096]	4906980
23	0.02223927416408611	0.044066269642053846	2.8217543651359582	3.6075351188251537	[10, 734, 19, 400, 1032, 132, 1108, 1086, 1112]	5291218
24	0.023155100307166943	0.04588146498507295	2.8217543651359582	3.5506833249176006	[1819, 1513, 2680, 241, 19, 132, 1108, 1086, 1112]	3518507
25	0.02407006863554706	0.047919682070371006	2.8217543651359582	4.236588702634689	[432, 394, 193, 842, 157, 1713, 174, 1086, 1112]	3256778
26	0.02498417995270441	0.04972756027824521	2.8217543651359582	4.380293766186205	[2528, 3459, 811, 734, 19, 132, 1108, 1086, 1112]	6762970
27	0.025897435061364327	0.05099487987092388	2.8217543651359582	3.4383542099580904	[87, 1265, 193, 232, 320, 836, 1089, 1086, 1112]	2888210
28	0.026809834763500184	0.05244131352452708	2.8217543651359582	3.7774506137928325	[432, 422, 19, 400, 654, 132, 1108, 1086, 1112]	7080218
29	0.027721379860334294	0.05426916592899367	2.8217543651359582	4.361015979783658	[195, 10, 232, 1792, 496, 3366, 150, 1086, 1112]	5268179
30	0.028632071152338456	0.05586545157677947	2.8217543651359582	3.036156742539775	[1791, 420, 162, 107, 734, 1203, 174, 1086, 1112]	4858574
31	0.029541909439234626	0.058134451689338285	2.8217543651359582	4.235356283829599	[300, 301, 1879, 496, 217, 132, 1108, 1086, 1112]	4228766
32	0.030450895519995802	0.05925099199284467	2.8217543651359582	2.893350473375099	[2238, 1549, 232, 10, 734, 1203, 174, 1086, 1112]	5634875
33	0.03135903019284658	0.0610657084434757	2.8217543651359582	4.074811258922085	[2297, 400, 19, 241, 132, 387, 344, 1086, 1112]	5012515
34	0.03226631425526394	0.06265052230364543	2.8217543651359582	4.059594507394244	[1580, 438, 496, 2729, 301, 2627, 261, 1086, 1112]	4253760
35	0.03317274850397778	0.0646529168177673	2.8217543651359582	3.7549854114024557	[3284, 2308, 651, 1431, 19, 132, 1108, 1086, 1112]	4200659
36	0.03407833373497182	0.06623167587985157	2.8217543651359582	3.0996980153815707	[420, 162, 1549, 107, 734, 1203, 174, 1086, 1112]	3210639
37	0.03498307074348417	0.06721562379035773	2.8217543651359582	3.762110849176943	[119, 409, 19, 241, 132, 1713, 174, 1086, 1112]	5315716
38	0.03588696032400818	0.06861512023957483	2.8217543651359582	4.045763349930959	[1579, 1580, 301, 2627, 438, 3366, 150, 1086, 1112]	4877534
39	0.036790003270292915	0.07063635478766594	2.8217543651359582	3.447313845410429	[2220, 1552, 107, 10, 734, 1203, 174, 1086, 1112]	4806447
40	0.03769220037534404	0.07220501448975081	2.8217543651359582	3.3680206473366088	[457, 540, 409, 19, 734, 1203, 174, 1086, 1112]	3158883
41	0.03859355243142437	0.0741869984065513	2.8217543651359582	3.264712197243572	[10, 438, 2627, 261, 217, 132, 1108, 1086, 1112]	4161944
42	0.03949406023005475	0.07594499835532365	2.8217543651359582	4.405955956277804	[3, 19, 400, 654, 493, 217, 261, 1086, 1112]	4468503
43	0.04039372456201451	0.0771773533719965	2.8217543651359582	3.2041040002539116	[241, 19, 734, 811, 3459, 1203, 174, 1086, 1096]	5081462
44	0.04129254621734246	0.07856190381061023	2.8217543651359582	4.084912792244321	[1799, 232, 10, 162, 420, 158, 1115, 1086, 1112]	4895449
45	0.042190525985337235	0.08053030794675697	2.8217543651359582	4.447151233736637	[813, 3284, 162, 232, 320, 836, 1089, 1086, 1112]	3667007
46	0.04308766465455838	0.08149918883391061	2.8217543651359582	4.335516277550913	[1549, 107, 232, 10, 159, 1713, 174, 1086, 1112]	4132464
47	0.04398396301282659	0.08304951331263422	2.8217543651359582	3.7507136944742676	[420, 2308, 651, 734, 19, 132, 1108, 1086, 1112]	4820009
48	0.04487942184722482	0.08427239347701676	2.8217543651359582	4.489243302335619	[1555, 2229, 494, 10, 158, 1546, 234, 1086, 1112]	4552227
49	0.04577404194409862	0.08581803710299596	2.8217543651359582	4.365695852839325	[669, 811, 734, 19, 132, 387, 344, 1086, 1112]	4567125
50	0.04666782408905723	0.08755395120354914	2.8217543651359582	4.146882519333731	[1579, 1580, 438, 10, 161, 1713, 174, 1086, 1112]	2421431
51	0.04756076906697393	0.08950314625407862	2.8217543651359582	3.5513013762364167	[1792, 496, 1512, 1031, 241, 132, 1108, 1086, 1112]	4390295
52	0.048452877661986804	0.09103996096670919	2.8217543651359582	3.5470685745512514	[1807, 157, 10, 846, 734, 1203, 174, 1086, 1112]	5067077
53	0.04934415065749953	0.09353649427704236	2.8217543651359582	4.40492237656693	[157, 842, 193, 1265, 1209, 132, 1108, 1086, 1112]	5783459
54	0.050234588836181926	0.09550364598217032	2.8217543651359582	2.8574698159568444	[837, 420, 158, 10, 734, 1203, 174, 1086, 1112]	3321482
55	0.05112419297997084	0.09686070069713193	2.8217543651359582	3.114841329784947	[1791, 420, 162, 10, 734, 19, 422, 4776, 794]	4582911
56	0.052012963870070705	0.09903117859691524	2.8217543651359582	3.1481466465738643	[320, 232, 1792, 496, 217, 132, 1108, 1086, 1096]	3794210
57	0.0529009022869541	0.10023274500253587	2.8217543651359582	3.263604680457145	[432, 422, 19, 241, 217, 132, 1108, 1086, 1096]	4984419
58	0.053788009010362625	0.10215485522744505	2.8217543651359582	3.919221858875699	[781, 784, 19, 1126, 241, 132, 1108, 1086, 1112]	3618754
59	0.054674284819307584	0.1036703153001225	2.8217543651359582	3.6358832531427465	[2387, 1539, 1019, 10, 734, 1203, 174, 1086, 1112]	4987434
60	0.055559730492070636	0.1055850820826234	2.8217543651359582	3.855740650497319	[2796, 1791, 1794, 107, 734, 1203, 174, 1086, 1096]	5035950
61	0.05644434680620436	0.10728346110427645	2.8217543651359582	3.8652629352802172	[4356, 669, 813, 19, 241, 132, 1108, 1086, 1112]	4927046
62	0.05732813453853303	0.10919050937462249	2.8217543651359582	3.3922178161794294	[811, 734, 19, 241, 1720, 132, 1108, 1086, 1112]	5092001
63	0.05821109446515338	0.11037852690898797	2.619252502709092	2.619252502709092	[1529, 2229, 494, 10, 734, 1203, 174, 1086, 1112]	5112162
64	0.059093227361435186	0.11188010636298995	2.619252502709092	4.208412549678518	[2051, 1849, 420, 158, 10, 232, 1023, 1086, 1112]	4696215
65	0.05997453400202202	0.1138074498821674	2.619252502709092	3.1567643934362435	[1879, 420, 107, 10, 734, 1203, 174, 1086, 1112]	4958270
66	0.060855015160831805	0.1149893100884668	2.619252502709092	4.119016296917489	[157, 320, 232, 10, 301, 2627, 261, 1086, 1112]	4862309
67	0.0617346716110575	0.11592188018815885	2.619252502709092	3.7167618989271674	[734, 19, 241, 1720, 132, 1713, 174, 1086, 1112]	4857850
68	0.06261350412516797	0.11760063095820084	2.619252502709092	3.625054467323273	[1819, 1513, 1031, 241, 132, 1713, 174, 1086, 1112]	4280894
69	0.06349151347490856	0.11972126542817285	2.619252502709092	3.3514668720268963	[2004, 19, 734, 811, 3459, 1203, 174, 1086, 1112]	4811461
70	0.0643687004313016	0.12104198540888333	2.619252502709092	2.911257609291048	[1580, 1674, 438, 2627, 261, 217, 132, 19, 794]	3222845
71	0.0652450657646475	0.12294944637804806	2.619252502709092	3.108537565551422	[2405, 1742, 400, 19, 734, 1203, 174, 1086, 1096]	3221235
72	0.06612061024452487	0.12482302849332938	2.619252502709092	3.5091647089501086	[813, 3284, 811, 10, 734, 1203, 174, 1086, 1096]	5133933
73	0.06699533463979168	0.126722284073856	2.619252502709092	4.04294129691113	[2238, 1549, 107, 162, 2636, 836, 1089, 1086, 1112]	3887199
74	0.0678692397185856	0.12858780653829782	2.619252502709092	4.1259911837337855	[331, 1214, 1811, 227, 217, 132, 1108, 1086, 1112]	4931697
75	0.06874232624832499	0.13044934381681095	2.619252502709092	3.9669975774586232	[1743, 1742, 400, 654, 493, 217, 261, 1086, 1112]	5451518
76	0.06961459499570921	0.132306904422671	2.619252502709092	4.517557262365778	[1529, 87, 1265, 415, 2558, 255, 174, 1086, 1112]	5071499
77	0.07048604672671965	0.13377147127959654	2.619252502709092	4.708075534924801	[394, 193, 1265, 415, 10, 494, 636, 1086, 1112]	5386830
78	0.07135668220662017	0.13507111113321513	2.619252502709092	3.5415088070185714	[1579, 1580, 438, 3366, 3459, 1203, 174, 1086, 1112]	2924765
79	0.07222650219995785	0.13671349997383675	2.619252502709092	3.5874942297200523	[432, 422, 19, 241, 1729, 132, 1108, 1086, 1112]	4320939
80	0.0730955074705637	0.13835277012905134	2.619252502709092	3.2205112846727255	[1879, 1794, 107, 10, 734, 1203, 174, 1086, 1112]	4497953
81	0.07396369878155318	0.14022266429109764	2.619252502709092	3.7879685036409	[655, 168, 132, 19, 734, 1203, 174, 1086, 1112]	4640425
