0	9.366567084169164E-4	0.0018988715277777901	3.687671552861664	3.687671552861664	[193, 394, 432, 19, 241, 132, 1108, 1086, 1112]	752116
1	0.0018724360910443716	0.0030820766454437987	3.375881383865699	3.375881383865699	[2636, 301, 10, 734, 19, 132, 1108, 1086, 1112]	756051
2	0.0028073389696354756	0.006211353051062796	3.375881383865699	4.556476760276589	[3895, 1030, 1031, 241, 217, 132, 1094, 1086, 1112]	698266
3	0.0037413661651737318	0.007536707518492003	3.375881383865699	3.90188853917548	[2149, 420, 158, 10, 438, 2627, 261, 1086, 1112]	824005
4	0.00467451849787337	0.008860294442621375	3.375881383865699	3.9354189837498	[320, 232, 10, 107, 420, 158, 1115, 1086, 1112]	842642
5	0.005606796787180679	0.01053322507989507	3.375881383865699	4.208221057224416	[421, 438, 10, 158, 420, 1822, 1094, 1086, 1096]	877116
6	0.006538201851774117	0.01201776456558623	3.375881383865699	4.121499752804667	[2149, 420, 107, 232, 320, 836, 1089, 1086, 1112]	818964
7	0.007468734509565533	0.014392142038744837	3.2889854017383486	3.2889854017383486	[1580, 301, 2728, 496, 217, 132, 1108, 1086, 1112]	815686
8	0.008398395577700724	0.016497627575161045	3.2889854017383486	3.350197656851903	[3895, 1030, 1032, 1729, 241, 132, 1108, 1086, 1112]	871352
9	0.009327185872559873	0.01815766726627166	3.2889854017383486	3.8998630645527985	[420, 162, 107, 232, 320, 836, 1089, 1086, 1112]	838952
10	0.010255106209758558	0.019467089673133375	3.2889854017383486	3.9719847832312505	[1529, 2229, 494, 10, 158, 1713, 174, 1086, 1112]	823379
11	0.01118215740414863	0.021328995698602138	3.2889854017383486	3.7582461977693136	[1791, 420, 1822, 1729, 241, 132, 1108, 1086, 1112]	851418
12	0.01210834026981833	0.023419662516872997	3.2889854017383486	4.002056415040608	[394, 193, 1743, 1742, 400, 19, 334, 1086, 1112]	856295
13	0.013033655620093731	0.02506801860348129	3.2889854017383486	4.497471724407925	[158, 10, 107, 1548, 241, 132, 1108, 1086, 1112]	852353
14	0.013958104267538851	0.02691928918447517	2.7480897637862154	2.7480897637862154	[3131, 162, 107, 10, 734, 1203, 174, 1086, 1112]	761503
15	0.014881687023956758	0.02876704444047251	2.7480897637862154	4.732942912866601	[107, 10, 734, 733, 1417, 5272, 174, 1086, 1112]	855322
16	0.01580440470039013	0.029918398517411515	2.7480897637862154	3.4674541640037555	[837, 162, 107, 10, 734, 19, 334, 1086, 1112]	813900
17	0.016726258107121916	0.031760458850087936	2.7480897637862154	4.5334093233866914	[87, 1265, 415, 10, 232, 193, 1115, 1086, 1112]	839023
18	0.017647248053676123	0.03408738951004753	2.7480897637862154	4.587703053027332	[1555, 2229, 494, 1512, 1031, 132, 1108, 1086, 1112]	829589
19	0.01856737534881847	0.03571773969171943	2.7480897637862154	3.265961272430838	[420, 162, 107, 734, 19, 132, 1108, 1086, 1112]	795691
20	0.019486640800557176	0.03777766883666511	2.7480897637862154	4.143281420238343	[1794, 1791, 420, 162, 1192, 836, 1089, 1086, 1112]	842385
21	0.020405045216143725	0.03960480542470313	2.7480897637862154	4.6390705515745845	[4349, 158, 420, 2149, 161, 1713, 174, 1086, 1112]	864475
22	0.021322589402073433	0.04142847251509674	2.7480897637862154	3.524727613525444	[1579, 1580, 301, 2627, 261, 132, 1108, 1086, 1112]	882250
23	0.02223927416408611	0.04373216843152239	2.7480897637862154	3.3912457503033284	[1819, 1513, 1031, 241, 1720, 132, 1108, 1086, 1112]	848202
24	0.023155100307166943	0.045547998189817585	2.7480897637862154	3.3643508926538868	[950, 4588, 1987, 19, 734, 1203, 174, 1086, 1112]	789752
25	0.02407006863554706	0.048169478907679975	2.7480897637862154	3.6257413630617314	[2196, 2197, 4018, 241, 1720, 132, 1108, 1086, 1112]	800483
26	0.02498417995270441	0.04943887641713851	2.7480897637862154	4.188396249799827	[87, 160, 331, 241, 132, 217, 261, 1086, 1112]	809752
27	0.025897435061364327	0.05124386987012253	2.7480897637862154	4.012973638723215	[1819, 1513, 1031, 241, 132, 387, 344, 1086, 1112]	819592
28	0.026809834763500184	0.05266732942750196	2.7480897637862154	4.261731383330068	[2047, 232, 1549, 162, 420, 158, 1115, 1086, 1112]	836578
29	0.027721379860334294	0.054466192462985785	2.7480897637862154	4.454767026908196	[1549, 107, 420, 1822, 1729, 132, 1108, 1086, 1112]	753892
30	0.028632071152338456	0.05626163968866915	2.7480897637862154	3.6349858748895585	[1743, 1742, 400, 19, 132, 217, 261, 1086, 1112]	844896
31	0.029541909439234626	0.05852968765847255	2.7480897637862154	3.9050116322391846	[3869, 438, 421, 261, 217, 132, 1108, 1086, 1112]	839084
32	0.030450895519995802	0.06031741882882591	2.7480897637862154	4.047541406331994	[87, 4210, 2308, 651, 734, 1203, 174, 1086, 1096]	764216
33	0.03135903019284658	0.062324797389677444	2.680664930908847	2.680664930908847	[331, 241, 132, 19, 734, 1203, 174, 1086, 1112]	875153
34	0.03226631425526394	0.06432788772728493	2.680664930908847	4.585097952508488	[2796, 1879, 496, 2728, 301, 2627, 261, 1086, 1112]	879654
35	0.03317274850397778	0.06610460886061531	2.680664930908847	4.399885470595706	[1265, 87, 160, 331, 241, 217, 261, 1086, 1112]	640503
36	0.03407833373497182	0.06721170089231376	2.3308375742080556	2.3308375742080556	[1791, 420, 158, 10, 734, 1203, 174, 1086, 1112]	797921
37	0.03498307074348417	0.0689829460349336	2.3308375742080556	2.6734830794596824	[1579, 1580, 301, 10, 734, 1203, 174, 1086, 1112]	842354
38	0.03588696032400818	0.07097181303253963	2.3308375742080556	3.515720960712584	[1579, 1580, 438, 496, 217, 132, 1108, 1086, 1112]	871957
39	0.036790003270292915	0.07295643135186713	2.3308375742080556	4.366676235927392	[1792, 232, 193, 1872, 843, 3094, 174, 1086, 1112]	832485
40	0.03769220037534404	0.07471676798938254	2.3308375742080556	3.876327797396966	[2040, 438, 1549, 107, 734, 1203, 174, 1086, 1112]	899990
41	0.03859355243142437	0.07669338622182709	2.3308375742080556	4.009251772256968	[813, 3222, 811, 734, 19, 132, 1108, 1086, 1112]	758900
42	0.03949406023005475	0.07825182234654915	2.3308375742080556	3.046652962657207	[1873, 10, 494, 2229, 734, 1203, 174, 1086, 1112]	694435
43	0.04039372456201451	0.08000210371687633	2.3308375742080556	3.036156742539775	[1791, 420, 162, 107, 734, 1203, 174, 1086, 1096]	796203
44	0.04129254621734246	0.08196743125410222	2.3308375742080556	4.128613828457128	[1797, 838, 1549, 107, 734, 1203, 174, 1086, 1112]	757941
45	0.042190525985337235	0.08417370154184456	2.3308375742080556	3.9431735824105774	[2872, 241, 1729, 1032, 370, 1713, 174, 1086, 1112]	880414
46	0.04308766465455838	0.08571951174853998	2.3308375742080556	4.5230386969506275	[87, 1265, 2308, 651, 734, 19, 334, 1086, 1112]	846031
47	0.04398396301282659	0.08767262558452638	2.3308375742080556	2.591739980286496	[1579, 1580, 438, 10, 734, 1203, 174, 1086, 1112]	756467
48	0.04487942184722482	0.08904142951561955	2.3308375742080556	4.6338879580910906	[420, 1582, 1579, 1580, 438, 3366, 150, 1086, 1112]	827077
49	0.04577404194409862	0.09098744696965722	2.3308375742080556	3.7699046004385393	[1580, 1674, 422, 19, 734, 1203, 174, 1086, 1112]	816901
50	0.04666782408905723	0.0925217563521834	2.3308375742080556	3.891234156055485	[394, 193, 232, 10, 301, 2627, 261, 1086, 1112]	696729
51	0.04756076906697393	0.0944603390259916	2.3308375742080556	3.544496282356687	[2872, 241, 132, 1032, 370, 1713, 174, 1086, 1112]	841617
52	0.048452877661986804	0.09581895905917448	2.3308375742080556	3.5276606584572354	[1847, 420, 158, 651, 734, 1203, 174, 1086, 1112]	747749
53	0.04934415065749953	0.09830236645921953	2.3308375742080556	3.6257413630617314	[2196, 2197, 4018, 241, 1720, 132, 1108, 1086, 1096]	830312
54	0.050234588836181926	0.10022860041758908	2.3308375742080556	4.328753480434274	[2872, 241, 4018, 2197, 19, 132, 1108, 1086, 1112]	858456
55	0.05112419297997084	0.10193715070976483	2.3308375742080556	4.644246363357427	[1792, 232, 193, 394, 432, 422, 334, 1086, 1112]	862487
56	0.052012963870070705	0.10385561993127113	2.3308375742080556	3.3096903516266822	[2028, 493, 654, 400, 19, 132, 1108, 1086, 1112]	865413
57	0.0529009022869541	0.10536820930735169	2.3308375742080556	4.525674858117796	[157, 1549, 107, 162, 1192, 836, 1089, 1086, 1112]	858272
58	0.053788009010362625	0.10706700014254278	2.3308375742080556	3.156345519472099	[87, 1265, 808, 331, 241, 132, 1108, 1086, 1096]	780845
59	0.054674284819307584	0.1089745108233906	2.3308375742080556	4.128004218202189	[1847, 420, 107, 811, 734, 1203, 174, 1086, 1112]	844346
60	0.055559730492070636	0.11003078246630349	2.3308375742080556	3.629460461430866	[2050, 1849, 420, 107, 734, 1203, 174, 1086, 1096]	876666
61	0.05644434680620436	0.11216960924489172	2.3308375742080556	3.757601963569318	[1849, 420, 1879, 496, 217, 132, 1108, 1086, 1112]	852935
62	0.05732813453853303	0.1131051505727585	2.3308375742080556	3.6181813792982744	[1791, 420, 162, 10, 734, 19, 334, 1086, 1112]	843602
63	0.05821109446515338	0.114435796994653	2.3308375742080556	3.873341809174721	[1820, 10, 1799, 232, 320, 836, 1089, 1086, 1112]	845299
64	0.059093227361435186	0.11576444699058874	2.3308375742080556	3.814175701770947	[1791, 420, 158, 19, 241, 132, 1108, 1086, 1112]	821368
65	0.05997453400202202	0.11744349670604715	2.3308375742080556	3.0914945131722282	[1791, 420, 158, 1557, 734, 1203, 174, 1086, 1112]	815634
66	0.060855015160831805	0.11932884079877715	2.3308375742080556	4.336218543583531	[2654, 232, 193, 842, 157, 1713, 174, 1086, 1112]	713365
67	0.0617346716110575	0.12100112218831938	2.3308375742080556	4.45636896654315	[1882, 304, 684, 1580, 301, 2627, 261, 1086, 1112]	873072
68	0.06261350412516797	0.12231992194498131	2.3308375742080556	2.3308375742080556	[1791, 420, 158, 10, 734, 1203, 174, 1086, 1096]	885975
69	0.06349151347490856	0.1238013456878404	2.3308375742080556	4.687748774982231	[1549, 162, 1583, 1013, 157, 1713, 174, 1086, 1112]	848843
70	0.0643687004313016	0.1259405025587197	2.3308375742080556	4.06346129191722	[837, 162, 1583, 1013, 156, 1713, 174, 1086, 1112]	844081
71	0.0652450657646475	0.12725189155093697	2.3308375742080556	4.407906156646044	[1879, 496, 217, 241, 132, 387, 344, 1086, 1112]	768121
72	0.06612061024452487	0.12890912808499277	2.3308375742080556	3.9467183453159977	[2636, 162, 10, 232, 1879, 836, 1089, 1086, 1112]	807407
73	0.06699533463979168	0.13079951626189157	2.3308375742080556	3.0428145428777587	[1265, 415, 733, 734, 19, 132, 1108, 1086, 1112]	707548
74	0.0678692397185856	0.13210361506722568	2.3308375742080556	4.017655379568045	[846, 10, 162, 420, 158, 1713, 174, 1086, 1112]	762314
75	0.06874232624832499	0.13340575727713	2.3308375742080556	4.2994620253219615	[300, 301, 1580, 438, 10, 158, 1115, 1086, 1096]	741291
76	0.06961459499570921	0.13486846939592345	2.3308375742080556	2.9359459208749823	[3621, 1720, 241, 19, 734, 1203, 174, 1086, 1112]	807197
77	0.07048604672671965	0.13651124302717033	2.3308375742080556	4.039605593733695	[3373, 3366, 438, 10, 734, 1203, 174, 1086, 1112]	852227
78	0.07135668220662017	0.1378067722836025	2.3308375742080556	5.0540515705909845	[1791, 420, 1879, 496, 132, 19, 334, 1086, 1112]	787818
79	0.07222650219995785	0.13987884615697488	2.3308375742080556	3.622602562079857	[432, 394, 193, 232, 320, 836, 1089, 1086, 1096]	836900
80	0.0730955074705637	0.14171626317263075	2.3308375742080556	4.209882992276038	[1555, 2229, 494, 10, 438, 2627, 261, 1086, 1112]	757102
81	0.07396369878155318	0.14286090312038857	2.3308375742080556	4.430882800892401	[2751, 331, 241, 132, 387, 344, 174, 1086, 1112]	817448
82	0.07483107689532698	0.14430765603275286	2.3308375742080556	3.790720259891544	[21, 422, 19, 1126, 241, 132, 1108, 1086, 1112]	741564
83	0.07569764257357181	0.14613561208981185	2.3308375742080556	3.3643508926538868	[950, 4588, 1987, 19, 734, 1203, 174, 1086, 1112]	829582
84	0.07656339657726086	0.14743703624452942	2.3308375742080556	4.148413415848519	[193, 232, 10, 158, 420, 1582, 1087, 1086, 1112]	831590
85	0.07742833966665452	0.1494859660966944	2.3308375742080556	4.200541183312423	[846, 10, 1799, 232, 1192, 836, 1089, 1086, 1112]	872711
86	0.07829247260130112	0.1509215366593205	2.3308375742080556	3.8763443024792616	[1820, 432, 15, 1557, 734, 1203, 174, 1086, 1112]	868929
87	0.07915579614003743	0.15253382757820744	2.3308375742080556	4.165623171302092	[420, 158, 1579, 4018, 241, 132, 1108, 1086, 1112]	872669
88	0.08001831104098966	0.15380531746309956	2.3308375742080556	3.482056215777818	[1847, 420, 158, 1557, 734, 1203, 174, 1086, 1112]	823981
89	0.08088001806157386	0.1550748996771253	2.3308375742080556	3.049733116531887	[158, 10, 734, 811, 3459, 1203, 174, 1086, 1112]	815281
90	0.08174091795849647	0.1562017240374095	2.3308375742080556	3.829756186765449	[1549, 162, 10, 158, 420, 1822, 1094, 1086, 1112]	773260
91	0.08260101148775545	0.15746771081976085	2.3308375742080556	4.2479520932231125	[1580, 301, 2627, 261, 132, 19, 334, 1086, 1096]	824055
92	0.08346029940464028	0.15888980910879003	2.3308375742080556	3.3820643451289696	[321, 1398, 132, 19, 734, 1203, 174, 1086, 1112]	854749
93	0.08431878246373337	0.16030950705830738	2.3308375742080556	3.660099472089633	[160, 320, 232, 10, 734, 19, 334, 1086, 1112]	827029
94	0.08517646141891011	0.1621032794736491	2.3308375742080556	3.7999050315244336	[3580, 162, 3284, 811, 734, 1203, 174, 1086, 1112]	824838
95	0.08603333702333982	0.16389321997770323	2.3308375742080556	3.6843717652475068	[87, 1265, 159, 651, 734, 1203, 174, 1086, 1112]	830300
96	0.08688941002948636	0.16590260135364188	2.3308375742080556	3.512991721829324	[1535, 438, 2627, 261, 217, 132, 1108, 1086, 1112]	839027
97	0.08774468118910872	0.16731046251069348	2.3308375742080556	2.806489471342979	[1849, 420, 107, 10, 734, 1203, 174, 1086, 1112]	838097
98	0.0885991512532619	0.1693116313668117	2.3308375742080556	3.1481466465738643	[320, 232, 1792, 496, 217, 132, 1108, 1086, 1112]	782207
99	0.08945282097229745	0.171307990895311	2.3308375742080556	3.9492280256941914	[1879, 496, 1792, 232, 1192, 836, 1089, 1086, 1112]	724964
100	0.09030569109586384	0.17333116474566423	2.3308375742080556	3.7732537289641703	[3172, 317, 324, 668, 670, 132, 1108, 1086, 1112]	840729
101	0.09115776237290762	0.1745714514926594	2.3308375742080556	4.294485706562435	[1550, 420, 158, 10, 159, 1713, 174, 1086, 1112]	821230
102	0.09200903555167372	0.17596468062063764	2.3308375742080556	2.8604822161036583	[1582, 420, 162, 10, 734, 1203, 174, 1086, 1112]	743464
103	0.09285951137970616	0.17772500997722196	2.3308375742080556	3.646489127844182	[1791, 1794, 107, 734, 19, 132, 1108, 1086, 1096]	834937
104	0.09370919060384897	0.1794815788645997	2.3308375742080556	4.9470432919284635	[1515, 1380, 1268, 841, 157, 1713, 174, 1086, 1112]	837040
105	0.09455807397024651	0.18071263788122094	2.3308375742080556	2.953644545786932	[837, 162, 1549, 107, 734, 1203, 174, 1086, 1112]	753822
106	0.09540616222434417	0.18226835932621643	2.3308375742080556	2.8574698159568444	[837, 420, 158, 10, 734, 1203, 174, 1086, 1112]	870110
107	0.09625345611088931	0.18401522257228464	2.3308375742080556	3.6048119562943555	[87, 160, 331, 241, 1031, 132, 1108, 1086, 1112]	794970
108	0.09709995637393165	0.18539251169313586	2.3308375742080556	3.2458780237955605	[813, 3284, 811, 734, 19, 132, 1108, 1086, 1112]	742081
109	0.0979456637568239	0.18635819314720758	2.3308375742080556	2.806489471342979	[1849, 420, 107, 10, 734, 1203, 174, 1086, 1096]	784573
110	0.09879057900222266	0.18834462333971924	2.3308375742080556	3.3643508926538868	[950, 4588, 1987, 19, 734, 1203, 174, 1086, 1112]	854082
111	0.09963470285208875	0.19007850628546574	2.3308375742080556	3.8930654205782655	[2309, 420, 1822, 1729, 241, 132, 1108, 1086, 1112]	831247
112	0.10047803604768812	0.19115864850006747	2.3308375742080556	2.878970301700039	[1580, 301, 10, 734, 19, 132, 1108, 1086, 1112]	833335
113	0.10132057932959238	0.19269453431292005	2.3308375742080556	3.9328198420542995	[1873, 10, 301, 1580, 438, 2627, 261, 1086, 1112]	839649
114	0.10216233343767955	0.1936515595393946	2.3308375742080556	2.7917347735049187	[2309, 420, 162, 10, 734, 1203, 174, 1086, 1096]	877306
115	0.1030032991111346	0.19518271163445333	2.3308375742080556	2.5361612084483056	[2047, 232, 10, 734, 19, 132, 1108, 1086, 1112]	885473
116	0.10384347708844999	0.19654115130906724	2.3308375742080556	3.6804953781959284	[420, 158, 10, 232, 1192, 836, 1089, 1086, 1112]	782263
117	0.10468286810742666	0.19806681644058755	2.3308375742080556	3.8748804930005294	[2872, 241, 1031, 132, 19, 1987, 334, 1086, 1112]	773596
118	0.10552147290517444	0.19958958453002873	2.3308375742080556	4.220636289765232	[1579, 1580, 438, 2627, 261, 132, 1094, 1086, 1112]	803720
119	0.10635929221811269	0.20110946107850147	2.3308375742080556	4.162149881623533	[359, 158, 420, 1822, 1094, 132, 1108, 1086, 1112]	832781
120	0.107196326781971	0.2023080708548326	2.3308375742080556	2.7291592808474574	[1819, 241, 132, 19, 734, 1203, 174, 1086, 1112]	824950
121	0.10803257733178995	0.20382278534702447	2.3308375742080556	3.541530188742712	[1019, 1799, 232, 107, 734, 1203, 174, 1086, 1112]	834656
122	0.10886804460192145	0.20488459766652045	2.3308375742080556	3.20364678036257	[1549, 107, 734, 19, 241, 132, 1108, 1086, 1112]	842673
123	0.10970272932602976	0.20607754344334106	2.3308375742080556	3.5773561115903965	[2627, 301, 10, 232, 320, 836, 1089, 1086, 1112]	841081
124	0.11053663223709176	0.2079855449525524	2.3308375742080556	4.253305999420769	[386, 3821, 2680, 241, 1720, 132, 1108, 1086, 1112]	876673
125	0.11136975406739802	0.20948947865083045	2.3308375742080556	3.800506930752946	[2872, 241, 1126, 19, 132, 1713, 174, 1086, 1112]	786254
126	0.11220209554855298	0.2109905565722292	2.3308375742080556	3.1657021560165273	[1873, 10, 734, 811, 3459, 1203, 174, 1086, 1112]	757844
127	0.11303365741147586	0.21267606258541105	2.3308375742080556	3.983581389889152	[3694, 668, 324, 671, 670, 132, 1108, 1086, 1112]	787896
128	0.11386444038640142	0.21417108959330555	2.3308375742080556	3.3064443978528946	[1265, 808, 331, 241, 19, 132, 1108, 1086, 1112]	790415
129	0.1146944452028803	0.21566327773698146	2.3308375742080556	3.755099433943376	[734, 10, 107, 162, 1192, 836, 1089, 1086, 1112]	823571
130	0.1155236725897798	0.21715263240707727	2.3308375742080556	4.223876109715447	[1851, 159, 10, 162, 1192, 836, 1089, 1086, 1112]	829431
131	0.11635212327528455	0.21882497480610996	2.3308375742080556	4.769272637892949	[1468, 2307, 420, 1879, 496, 217, 261, 1086, 1112]	841194
132	0.11717979798689715	0.22049374469635574	2.3308375742080556	4.07441799894663	[10, 438, 2627, 261, 217, 132, 1094, 1086, 1112]	856094
133	0.11800669745143866	0.2223671003361617	2.3308375742080556	3.38196345942292	[2357, 438, 2627, 261, 217, 132, 1108, 1086, 1096]	851668
134	0.11883282239504955	0.2238437253083967	2.3308375742080556	3.425517234313027	[1580, 438, 3366, 496, 217, 132, 1108, 1086, 1112]	878809
135	0.11965817354319008	0.22552809222395998	2.3308375742080556	4.1698836947734925	[3895, 1030, 1031, 241, 132, 217, 261, 1086, 1112]	773372
136	0.12048275162064082	0.22669006567955674	2.3308375742080556	4.313423087066908	[421, 438, 2627, 261, 132, 19, 334, 1086, 1112]	788779
137	0.12130655735150375	0.2283420339230391	2.3308375742080556	2.8209375817823568	[394, 432, 422, 19, 734, 1203, 174, 1086, 1112]	809860
138	0.12212959145920244	0.22949978550108663	2.3308375742080556	3.036156742539775	[1791, 420, 162, 107, 734, 1203, 174, 1086, 1112]	850757
139	0.12295185466648284	0.23135149728977644	2.3308375742080556	4.09348045032297	[300, 301, 2729, 496, 1879, 836, 1089, 1086, 1112]	840300
140	0.12377334769541415	0.2329935076410251	2.3308375742080556	3.56831686413683	[2636, 162, 107, 811, 3459, 1203, 174, 1086, 1112]	757438
141	0.12459407126738897	0.23463201027973146	2.3308375742080556	3.3253662471133065	[2636, 162, 3284, 811, 734, 1203, 174, 1086, 1112]	859811
142	0.12541402610312435	0.23608534576368378	2.3308375742080556	3.7174016342066833	[1799, 232, 1879, 496, 217, 132, 1108, 1086, 1112]	832165
143	0.1262332129226622	0.23737474646286738	2.3308375742080556	4.976353086497554	[160, 837, 162, 10, 438, 3366, 150, 1086, 1112]	813173
144	0.1270516324453701	0.23882287384317336	2.3308375742080556	3.230953715876627	[157, 842, 159, 10, 734, 1203, 174, 1086, 1112]	835966
145	0.1278692853899417	0.2399649005670884	2.3308375742080556	4.081212163231427	[1792, 232, 10, 158, 420, 1546, 234, 1086, 1112]	887817
146	0.12868617247439762	0.24097851238236623	2.3308375742080556	4.515889786585875	[158, 10, 301, 2728, 496, 3366, 150, 1086, 1112]	823507
147	0.12950229441608585	0.24259995721065097	2.3308375742080556	3.6197402249861215	[420, 158, 651, 733, 734, 1203, 174, 1086, 1112]	843500
148	0.13031765193168254	0.2446802185586442	2.3308375742080556	3.9503340284354858	[5234, 2028, 331, 241, 1031, 132, 1108, 1086, 1112]	823424
149	0.1311322457371925	0.24595511209406318	2.3308375742080556	4.389860733685695	[19, 132, 241, 1031, 1513, 2445, 234, 1086, 1096]	844158
150	0.13194607654794988	0.24738694646237414	2.3308375742080556	3.5139271455084984	[2796, 1791, 420, 107, 734, 1203, 174, 1086, 1112]	833561
151	0.13275914507861886	0.24883874633416736	2.3308375742080556	2.785509934474355	[320, 232, 1799, 10, 734, 1203, 174, 1086, 1112]	760000
152	0.1335714520431942	0.2498405236500606	2.3308375742080556	3.9843274514171014	[87, 160, 331, 241, 132, 1713, 174, 1086, 1112]	847535
153	0.13438299815500188	0.25096602012092173	2.3308375742080556	3.5773561115903965	[2627, 301, 10, 232, 320, 836, 1089, 1086, 1112]	805936
154	0.1351937841266997	0.2525915278897565	2.3308375742080556	3.2323313522614816	[2238, 1549, 107, 734, 19, 132, 1108, 1086, 1112]	849500
155	0.1360038106702781	0.2538530680384765	2.3308375742080556	3.783020193738266	[1555, 2229, 494, 10, 734, 19, 334, 1086, 1112]	834051
156	0.13681307849706048	0.25484815806357375	2.3308375742080556	3.8197206070083745	[241, 19, 734, 10, 158, 1713, 174, 1086, 1112]	758236
157	0.137621588317704	0.256263105680098	2.3308375742080556	4.610306003103447	[837, 162, 232, 1792, 496, 217, 261, 1086, 1112]	822657
158	0.13842934084220015	0.2576753664928799	2.3308375742080556	4.002056415040608	[394, 193, 1743, 1742, 400, 19, 334, 1086, 1112]	833156
159	0.13923633677987546	0.2590849456038147	2.3308375742080556	4.081558967816619	[2004, 19, 241, 1209, 132, 1713, 174, 1086, 1112]	866334
160	0.14004257683939214	0.26033552560496565	2.3308375742080556	4.248949299468652	[359, 158, 10, 162, 2636, 836, 1089, 1086, 1112]	834937
161	0.14084806172874842	0.2621131311151771	2.3308375742080556	4.6392868987152	[2051, 1849, 420, 1791, 1792, 232, 1023, 1086, 1112]	886938
162	0.1416527921552796	0.26351428348122363	2.3308375742080556	2.929114272143794	[193, 842, 157, 10, 734, 1203, 174, 1086, 1112]	839601
163	0.14245676882565828	0.2646192646231199	2.3308375742080556	4.131649174058279	[377, 162, 1549, 107, 10, 232, 1023, 1086, 1112]	787037
164	0.14325999244589527	0.2660156581636034	2.3308375742080556	3.8399833917206534	[21, 422, 19, 241, 217, 132, 1108, 1086, 1112]	866754
165	0.14406246372134002	0.26725453991342374	2.3308375742080556	4.081212163231427	[1792, 232, 10, 158, 420, 1546, 234, 1086, 1112]	821939
166	0.14486418335668128	0.2688198530910989	2.3308375742080556	3.228082538989214	[1529, 481, 159, 10, 734, 1203, 174, 1086, 1112]	830810
167	0.14566515205594777	0.2703818223990708	2.3308375742080556	3.537616959318256	[10, 301, 2728, 496, 217, 132, 1108, 1086, 1112]	825674
168	0.14646537052250896	0.2713548690465343	2.3308375742080556	3.9464193500594504	[1020, 1018, 415, 10, 734, 19, 334, 1086, 1112]	849765
169	0.1472648394590752	0.2723266180018524	2.3308375742080556	3.462421628402401	[1962, 1799, 1019, 10, 734, 1203, 174, 1086, 1112]	845608
170	0.1480635595676988	0.27355484757216186	2.3308375742080556	3.308915257346338	[4210, 87, 415, 10, 734, 1203, 174, 1086, 1112]	853379
171	0.14886153154977455	0.27513133444809035	2.3308375742080556	2.92707624055394	[3540, 359, 158, 10, 734, 1203, 174, 1086, 1112]	869352
172	0.14965875610604018	0.2766798209772845	2.3308375742080556	4.033750881555037	[2636, 1549, 162, 3284, 734, 1203, 174, 1086, 1112]	723327
173	0.150455233936577	0.2784181469080108	2.3308375742080556	3.611034073346377	[2627, 438, 970, 261, 217, 132, 1108, 1086, 1112]	868785
174	0.15125096574081076	0.2796360946731642	2.3308375742080556	4.2400913225441315	[157, 10, 734, 19, 1548, 255, 174, 1086, 1112]	843066
175	0.15204595221751205	0.2808519866815766	2.3308375742080556	3.276977981408388	[1537, 156, 1529, 2229, 734, 1203, 174, 1086, 1112]	844058
176	0.15284019406479676	0.28238825257916844	2.3308375742080556	4.526885308838798	[1265, 415, 87, 1529, 156, 1713, 174, 1086, 1112]	836182
177	0.1536336919801271	0.28346491629486326	2.3308375742080556	4.225538815834787	[846, 10, 415, 87, 1265, 255, 174, 1086, 1112]	847199
178	0.15442644666031202	0.285432938680528	2.3308375742080556	3.965012544131884	[2073, 160, 331, 241, 1720, 132, 1108, 1086, 1112]	880897
179	0.15521845880150753	0.2865050343229397	2.3308375742080556	4.371092512048525	[1715, 132, 1209, 241, 19, 1987, 334, 1086, 1112]	804157
180	0.15600972909921784	0.2882197477185412	2.3308375742080556	4.191481385339311	[1791, 1792, 496, 1512, 1031, 132, 1108, 1086, 1112]	885616
181	0.1568002582482957	0.29017471056965605	2.3308375742080556	3.915379088073191	[1089, 836, 1879, 496, 217, 132, 1108, 1086, 1112]	773821
182	0.15759004694294287	0.29123969192811205	2.3308375742080556	3.989281957988971	[107, 10, 438, 3366, 3459, 1203, 174, 1086, 1112]	881067
183	0.15837909587671095	0.29230307544931045	2.3308375742080556	3.128016605471678	[3131, 162, 846, 10, 734, 1203, 174, 1086, 1112]	837184
184	0.159167405742502	0.2934975870407106	2.3308375742080556	3.5781015914108947	[320, 162, 846, 10, 734, 1203, 174, 1086, 1112]	820289
185	0.1599549772325689	0.2945575829449276	2.3308375742080556	2.954364561602663	[3764, 162, 107, 10, 734, 1203, 174, 1086, 1112]	835219
186	0.16074181103851626	0.29549838787546134	2.3308375742080556	4.054674251965811	[320, 232, 10, 107, 420, 1822, 1094, 1086, 1112]	879709
187	0.1615279078513009	0.296687506144383	2.3308375742080556	3.7210309920203164	[107, 10, 734, 651, 19, 132, 1108, 1086, 1112]	813814
188	0.1623132683612324	0.29818994372280994	2.3308375742080556	3.813043227039665	[77, 1460, 19, 241, 1031, 132, 1108, 1086, 1112]	886975
189	0.16309789325797364	0.29952259085658284	2.3308375742080556	4.100372806786372	[2180, 1549, 107, 811, 3459, 1203, 174, 1086, 1112]	837292
190	0.1638817832305418	0.3004567742630765	2.3308375742080556	3.251450515610661	[1797, 838, 1019, 10, 734, 1203, 174, 1086, 1112]	860738
191	0.1646649389673085	0.3019511598161033	2.3308375742080556	3.732651976951808	[813, 3284, 2308, 651, 19, 132, 1108, 1086, 1112]	842258
192	0.16544736115600067	0.30327666488372684	2.3308375742080556	4.5439986057695405	[2073, 160, 107, 162, 1192, 836, 1089, 1086, 1112]	829569
193	0.16622905048370096	0.3042058417138239	2.3308375742080556	3.2041040002539116	[241, 19, 734, 811, 3459, 1203, 174, 1086, 1112]	842955
194	0.1670100076368486	0.30503067517552584	2.3308375742080556	3.926328250508231	[2689, 1549, 162, 10, 734, 19, 334, 1086, 1112]	849151
195	0.16779023330123966	0.30620370403204866	2.3308375742080556	4.546352303697975	[1265, 193, 232, 10, 157, 1010, 1105, 1086, 1112]	893060
196	0.1685697281620281	0.30752113406453985	2.3308375742080556	3.7535035205924414	[734, 10, 301, 2729, 438, 2627, 261, 1086, 1112]	876804
197	0.169348492903726	0.3091853403234637	2.3308375742080556	3.8249909854742947	[2149, 420, 1879, 496, 217, 132, 1108, 1086, 1112]	803331
198	0.17012652821020435	0.31022179921786863	2.3308375742080556	3.9834505847139976	[195, 10, 734, 19, 241, 217, 261, 1086, 1112]	760090
199	0.1709038347646935	0.31169532442705894	2.3308375742080556	4.610973598121248	[1555, 2229, 734, 10, 232, 193, 1115, 1086, 1112]	800399
200	0.1716804132497839	0.3133494990242687	2.3308375742080556	3.786178268226158	[1879, 496, 217, 241, 1720, 132, 1108, 1086, 1112]	852266
201	0.17245626434742656	0.31450848665612396	2.3308375742080556	3.8395495109013877	[107, 162, 10, 232, 1879, 836, 1089, 1086, 1112]	828668
202	0.17323138873893396	0.3155369590055339	2.3308375742080556	4.078917904833507	[1579, 1580, 301, 2729, 438, 3366, 150, 1086, 1112]	833591
203	0.17400578710498016	0.3169991298084396	2.3308375742080556	4.526399188220489	[734, 19, 132, 1094, 1822, 1210, 1117, 1086, 1112]	745465
204	0.17477946012560186	0.31829606071429384	2.3308375742080556	4.464459490536165	[2627, 301, 2636, 162, 10, 158, 1115, 1086, 1112]	851901
205	0.1755524084801986	0.3197523374400628	2.3308375742080556	4.167341073928057	[1794, 1791, 420, 1822, 1094, 132, 1108, 1086, 1112]	796733
206	0.17632463284753375	0.3210440403583352	2.3308375742080556	3.416735514693925	[160, 837, 162, 107, 734, 1203, 174, 1086, 1112]	873934
207	0.17709613390573486	0.3226757475672519	2.3308375742080556	3.6644828860203003	[326, 317, 324, 668, 670, 132, 1108, 1086, 1112]	724776
208	0.17786691233229424	0.32430353336068085	2.3308375742080556	3.3643508926538868	[950, 4588, 1987, 19, 734, 1203, 174, 1086, 1112]	846907
209	0.17863696880406965	0.32576988854001965	2.3308375742080556	2.713548092949771	[87, 1265, 415, 10, 734, 1203, 174, 1086, 1112]	855713
210	0.17940630399728497	0.3272101994470692	2.3308375742080556	4.085719946416507	[190, 195, 3222, 811, 3459, 1203, 174, 1086, 1112]	832828
211	0.18017491858753054	0.32800776225149786	2.3308375742080556	3.9039240039568455	[1791, 420, 158, 10, 159, 1713, 174, 1086, 1112]	841347
212	0.18094281324976402	0.32944329254453975	2.3308375742080556	4.170477802865204	[193, 232, 1792, 1791, 420, 158, 1115, 1086, 1112]	806615
213	0.18170998865831067	0.33089849373259406	2.3308375742080556	4.388018590445059	[1019, 10, 438, 2729, 496, 217, 261, 1086, 1112]	861238
214	0.18247644548686437	0.33250651813501586	2.3308375742080556	3.9975306067124734	[1792, 496, 217, 241, 1126, 132, 1108, 1086, 1112]	855107
215	0.18324218440848794	0.3336331709062965	2.3308375742080556	3.0563798786578182	[158, 420, 162, 107, 734, 1203, 174, 1086, 1112]	799132
216	0.18400720609561372	0.3346329496707976	2.3308375742080556	3.3150469371284377	[1549, 162, 10, 232, 320, 836, 1089, 1086, 1112]	732733
217	0.1847715112200441	0.3355203085627928	2.3308375742080556	4.2351288595050205	[77, 19, 241, 1031, 132, 387, 344, 1086, 1112]	880055
218	0.1855351004529524	0.3369397903255066	2.3308375742080556	3.156345519472099	[87, 1265, 808, 331, 241, 132, 1108, 1086, 1112]	854183
219	0.18629797446488328	0.33819885647885983	2.3308375742080556	3.927450818417481	[1820, 10, 107, 162, 1192, 836, 1089, 1086, 1112]	829382
220	0.18706013392575316	0.3391917851492662	2.3308375742080556	3.084845394614624	[420, 158, 232, 10, 734, 1203, 174, 1086, 1112]	832244
221	0.18782157950485112	0.34044657505376785	2.3308375742080556	3.9929164662078804	[77, 19, 241, 1720, 132, 1713, 174, 1086, 1112]	836986
222	0.1885823118708394	0.34203165294117377	2.3308375742080556	3.7992765539731694	[2872, 241, 1031, 227, 217, 132, 1108, 1086, 1112]	837559
223	0.18934233169175374	0.34328105030158274	2.3308375742080556	2.703085473721731	[846, 10, 734, 19, 241, 132, 1108, 1086, 1096]	860089
224	0.19010163963500426	0.3445280752169172	2.3308375742080556	4.126385154118801	[4356, 669, 673, 670, 132, 19, 334, 1086, 1112]	805634
225	0.19086023636737603	0.34577273219214555	2.3308375742080556	3.9526217925882197	[1819, 1513, 1031, 241, 19, 132, 1094, 1086, 1112]	804328
226	0.1916181225550294	0.34717031241512375	2.3308375742080556	3.5946794223467426	[837, 162, 107, 811, 3459, 1203, 174, 1086, 1112]	864657
227	0.1923752988635009	0.3481497808249948	2.3308375742080556	4.114841588189968	[2567, 494, 10, 232, 320, 836, 1089, 1086, 1112]	867395
228	0.19313176595770365	0.34971634591166567	2.3308375742080556	4.137667412801385	[1819, 1513, 2680, 241, 1729, 132, 1108, 1086, 1096]	845978
229	0.19388752450192792	0.35095115102739327	2.3308375742080556	4.012973638723215	[1819, 1513, 1031, 241, 132, 387, 344, 1086, 1112]	847140
230	0.19464257515984174	0.3521836114068443	2.3308375742080556	4.239563303539361	[846, 10, 232, 1879, 496, 217, 261, 1086, 1112]	848183
231	0.1953969185944916	0.3532770514917575	2.3308375742080556	4.317092584500781	[1549, 107, 232, 193, 1265, 255, 174, 1086, 1112]	891996
232	0.19615055546830296	0.35413954589801366	2.3308375742080556	3.857432277887286	[420, 158, 10, 734, 19, 387, 344, 1086, 1096]	880586
233	0.19690348644308076	0.3553659519252256	2.3308375742080556	4.5543590087004455	[398, 347, 107, 811, 3459, 1203, 174, 1086, 1112]	828258
234	0.1976557121800101	0.3563331240652555	2.3308375742080556	3.8217480447059655	[988, 420, 162, 10, 734, 19, 334, 1086, 1112]	882913
235	0.1984072333396567	0.3575553647693417	2.3308375742080556	3.948138873643636	[2627, 438, 10, 232, 1192, 836, 1089, 1086, 1112]	849645
236	0.19915805058196756	0.3585192520392779	2.3308375742080556	3.528302132156999	[119, 409, 19, 241, 1720, 132, 1108, 1086, 1112]	845850
237	0.1999081645662717	0.35948169314775813	2.3308375742080556	3.5082422882630517	[1582, 420, 107, 734, 19, 132, 1108, 1086, 1112]	841580
238	0.2006575759512803	0.3606979551236603	2.3308375742080556	3.860423233154033	[2309, 420, 162, 3284, 734, 1203, 174, 1086, 1112]	835642
239	0.20140628539508776	0.36165712743035927	2.3308375742080556	4.512924555206867	[1820, 10, 494, 1580, 301, 2627, 261, 1086, 1112]	877300
240	0.202154293555172	0.3631912308609885	2.3308375742080556	4.7124341535268695	[1392, 3083, 19, 241, 1729, 1822, 1094, 1086, 1112]	846086
241	0.20290160108839517	0.36426609134130605	2.3308375742080556	3.7535035205924414	[734, 10, 301, 2729, 438, 2627, 261, 1086, 1112]	877663
242	0.20364820865100408	0.36511393034462314	2.3308375742080556	3.9985140092508846	[1549, 162, 107, 10, 415, 255, 174, 1086, 1112]	815474
243	0.20439411689863096	0.36618554552777993	2.3308375742080556	4.146469833299631	[1019, 1799, 232, 10, 159, 1713, 174, 1086, 1112]	848308
244	0.20513932648629385	0.3673890777492712	2.3308375742080556	3.4898124603537823	[1677, 1580, 301, 10, 734, 1203, 174, 1086, 1112]	726550
245	0.20588383806839727	0.36823275181872617	2.3308375742080556	3.452043262729301	[1549, 162, 107, 811, 3459, 1203, 174, 1086, 1112]	798793
246	0.2066276522987328	0.36943239665848016	2.3308375742080556	4.349089726205613	[2357, 438, 2627, 301, 217, 132, 1108, 1086, 1112]	840262
247	0.20737076983047964	0.37094781410120303	2.3308375742080556	4.027793085494904	[1265, 87, 1529, 2229, 734, 19, 334, 1086, 1112]	829309
248	0.2081131913162052	0.3718916081043948	2.3308375742080556	3.88583945044717	[2309, 420, 158, 10, 301, 2627, 261, 1086, 1112]	845505
249	0.20885491740786577	0.3732333923888398	2.3308375742080556	3.6127148776092612	[1265, 193, 394, 432, 19, 132, 1108, 1086, 1096]	841958
250	0.20959594875680676	0.37473967505331063	2.3308375742080556	3.7683629958540275	[1580, 1579, 4018, 241, 1720, 132, 1108, 1086, 1096]	887165
251	0.21033628601376364	0.37592696408180104	2.3308375742080556	2.5114685958579344	[1792, 232, 10, 734, 19, 132, 1108, 1086, 1112]	778610
252	0.21107592982886225	0.37742677339511155	2.3308375742080556	4.09348045032297	[300, 301, 2728, 496, 1879, 836, 1089, 1086, 1112]	793709
253	0.2118148808516196	0.3782570608105654	2.3308375742080556	3.637777171065162	[420, 107, 10, 232, 320, 836, 1089, 1086, 1112]	839516
254	0.21255313973094436	0.37943767077538915	2.3308375742080556	4.808445302035969	[1845, 438, 2729, 1676, 241, 132, 1108, 1086, 1112]	848316
255	0.2132907071151372	0.3806160389135652	2.3308375742080556	4.251976796597698	[87, 160, 320, 232, 10, 158, 1115, 1086, 1096]	832094
256	0.21402758365189178	0.38166148830776014	2.3308375742080556	3.3248987589734043	[158, 420, 107, 734, 19, 132, 1108, 1086, 1112]	854482
257	0.21476376998829494	0.3828542709306233	2.3308375742080556	4.170489961927924	[3543, 359, 158, 19, 734, 1203, 174, 1086, 1112]	750646
258	0.21549926677082742	0.3841935628773884	2.3308375742080556	3.3484619717403294	[2405, 1742, 400, 19, 241, 132, 1108, 1086, 1112]	864186
259	0.21623407464536448	0.3853629001874628	2.3308375742080556	4.020139316916082	[1791, 420, 1822, 1729, 1032, 132, 1108, 1086, 1112]	813672
260	0.2169681942571765	0.38667590668730645	2.3308375742080556	4.353436147897691	[1529, 193, 394, 432, 19, 132, 1108, 1086, 1112]	888414
261	0.21770162625092937	0.38785901643520904	2.3308375742080556	4.055649135020895	[2405, 1743, 1742, 400, 19, 1987, 334, 1086, 1112]	863330
262	0.2184343712706851	0.3893301499330034	2.3308375742080556	2.9343375404904775	[1580, 438, 2627, 261, 217, 132, 1108, 1086, 1112]	841632
263	0.21916642995990254	0.39024636412849145	2.3308375742080556	4.607589816438715	[2267, 261, 217, 241, 19, 1987, 334, 1086, 1112]	832912
264	0.21989780296143768	0.3917117602107938	2.3308375742080556	4.579287764885201	[193, 232, 1792, 1791, 420, 1582, 1087, 1086, 1112]	833914
265	0.22062849091754466	0.3928668214300116	2.3308375742080556	4.032688665331871	[320, 232, 10, 438, 1779, 132, 1108, 1086, 1112]	843201
266	0.22135849446987577	0.3937777294054039	2.3308375742080556	3.751020227638218	[1791, 420, 158, 10, 301, 2627, 261, 1086, 1112]	879014
267	0.22208781425948243	0.3949288676145408	2.3308375742080556	4.7232453527216665	[2153, 158, 10, 159, 320, 836, 1089, 1086, 1112]	900811
268	0.22281645092681557	0.3959501585883781	2.3308375742080556	3.9797353835241305	[1794, 1879, 420, 107, 734, 1203, 174, 1086, 1096]	885384
269	0.22354440511172624	0.39709717163359337	2.3308375742080556	3.1481466465738643	[320, 232, 1792, 496, 217, 132, 1108, 1086, 1112]	816127
270	0.2242716774534662	0.3981148027578615	2.3308375742080556	3.880059004278941	[158, 1557, 15, 432, 422, 19, 334, 1086, 1096]	838669
271	0.2249982685906884	0.3990178369615427	2.3308375742080556	3.696491506278763	[2153, 158, 10, 232, 320, 836, 1089, 1086, 1112]	847371
272	0.2257241791614476	0.4000483276389063	2.3308375742080556	3.579877713429039	[2238, 1549, 107, 10, 734, 19, 334, 1086, 1112]	798130
273	0.22644940980320105	0.40106097754885217	2.3308375742080556	4.5365447592965165	[1549, 162, 420, 1879, 496, 217, 261, 1086, 1112]	839151
274	0.22717396115280875	0.4021982858054597	2.3308375742080556	4.246082753897258	[2238, 1549, 232, 10, 158, 1713, 174, 1086, 1112]	830158
275	0.22789783384653428	0.403351452692409	2.3308375742080556	3.842194357197438	[1530, 156, 1013, 733, 734, 1203, 174, 1086, 1112]	900969
276	0.22862102852004518	0.40448441163098137	2.3308375742080556	3.1524131692906527	[87, 415, 733, 734, 19, 132, 1108, 1086, 1112]	842415
277	0.22934354580841365	0.40575657017547084	2.3308375742080556	3.2889854017383486	[1580, 301, 2728, 496, 217, 132, 1108, 1086, 1112]	873464
278	0.23006538634611695	0.4067595852238822	2.3308375742080556	3.0563798786578182	[158, 420, 162, 107, 734, 1203, 174, 1086, 1112]	806345
279	0.23078655076703825	0.4076496492892614	2.3308375742080556	2.7972272025268525	[1580, 438, 10, 734, 19, 132, 1108, 1086, 1112]	880117
280	0.23150703970446684	0.40853837795330783	2.3308375742080556	4.603917743424138	[1742, 400, 654, 132, 19, 1987, 334, 1086, 1096]	870180
281	0.23222685379109886	0.4098018762914203	2.3308375742080556	4.260508021679409	[4105, 3131, 162, 846, 734, 1203, 174, 1086, 1112]	854281
282	0.2329459936590378	0.4109225867042784	2.3308375742080556	2.9627654120809783	[1586, 107, 10, 734, 19, 132, 1108, 1086, 1112]	827271
283	0.23366445993979512	0.4118064048397958	2.3308375742080556	3.9886915827853286	[837, 162, 1549, 107, 420, 158, 1115, 1086, 1096]	834632
284	0.23438225326429085	0.41324242435922987	2.3308375742080556	4.030655075646188	[2868, 1468, 2229, 734, 19, 132, 1108, 1086, 1112]	832967
285	0.23509937426285388	0.4140249466556567	2.3308375742080556	3.973646085661369	[119, 123, 19, 241, 132, 1713, 174, 1086, 1112]	809784
286	0.2358158235652229	0.41527672441853825	2.3308375742080556	3.6644828860203003	[326, 317, 324, 668, 670, 132, 1108, 1086, 1112]	877585
287	0.23653160180054655	0.41626367053376545	2.3308375742080556	3.82287263268055	[3621, 1720, 132, 1032, 370, 1713, 174, 1086, 1112]	755821
288	0.23724670959738436	0.4171394752118912	2.3308375742080556	3.321174397560992	[1792, 232, 10, 734, 19, 132, 1094, 1086, 1112]	877013
289	0.237961147583707	0.4182462524670769	2.3308375742080556	3.8217480447059655	[988, 420, 162, 10, 734, 19, 334, 1086, 1112]	782841
290	0.23867491638689708	0.4193509280944452	2.3308375742080556	4.243380817834615	[3621, 1720, 241, 1209, 132, 217, 261, 1086, 1096]	790071
291	0.2393880166337493	0.4200392621057475	2.3308375742080556	4.038743226765797	[2309, 420, 158, 10, 159, 1713, 174, 1086, 1112]	827403
292	0.24010044895047156	0.421433058129587	2.3308375742080556	3.9038330777406767	[195, 3222, 813, 19, 734, 1203, 174, 1086, 1112]	842409
293	0.24081221396268515	0.422409613056548	2.3308375742080556	2.4972538750193465	[1265, 193, 232, 10, 734, 1203, 174, 1086, 1112]	765981
294	0.24152331229542523	0.42338451967031254	2.3308375742080556	3.780448744702994	[390, 1781, 301, 10, 734, 1203, 174, 1086, 1112]	865896
295	0.2422337445731415	0.4249933798274824	2.3308375742080556	3.52003323643586	[1580, 1579, 4018, 241, 19, 132, 1108, 1086, 1112]	812578
296	0.24294351141969905	0.42637526982194607	2.3308375742080556	3.600008329908971	[82, 1652, 3284, 811, 3459, 1203, 174, 1086, 1112]	765381
297	0.2436526134583783	0.4274645094897104	2.3308375742080556	3.8738569268369796	[1529, 481, 1191, 651, 734, 1203, 174, 1086, 1112]	835907
298	0.24436105131187613	0.4285516808312827	2.3308375742080556	3.70311163070022	[1580, 438, 107, 734, 19, 132, 1108, 1086, 1112]	787076
299	0.24506882560230592	0.4295162203360524	2.3308375742080556	4.179463241301003	[107, 162, 3284, 811, 734, 19, 334, 1086, 1112]	827113
300	0.2457759369511986	0.4307349051680982	2.3308375742080556	4.11939615332974	[2028, 493, 654, 400, 19, 132, 1094, 1086, 1112]	837939
301	0.24648238597950267	0.4322984384485813	2.3308375742080556	3.872928290199364	[2607, 1587, 241, 1729, 1032, 132, 1108, 1086, 1112]	823030
302	0.24718817330758525	0.4332566538543635	2.3308375742080556	3.763149751429233	[394, 432, 422, 19, 132, 217, 261, 1086, 1112]	840604
303	0.24789329955523232	0.43433282665791695	2.3308375742080556	4.138616554766799	[107, 1549, 162, 1541, 159, 1713, 174, 1086, 1096]	840186
304	0.24859776534164924	0.4350872219889249	2.3308375742080556	3.75502843324451	[160, 107, 10, 232, 320, 836, 1089, 1086, 1112]	850283
305	0.2493015712854615	0.43646640357586597	2.3308375742080556	4.329849523558233	[5234, 2028, 331, 241, 132, 1713, 174, 1086, 1112]	793626
306	0.250004718004715	0.437134447941557	2.3308375742080556	3.953153477675257	[2264, 232, 10, 734, 19, 1987, 334, 1086, 1112]	877425
307	0.2507072061168769	0.4384871598014386	2.3308375742080556	3.989580872463107	[1580, 301, 324, 671, 670, 132, 1108, 1086, 1112]	863571
308	0.25140903623883604	0.4395534005461733	2.3308375742080556	3.793353288825414	[811, 3284, 2308, 651, 19, 132, 1108, 1086, 1112]	843100
309	0.2521102089869032	0.44075064364803396	2.3308375742080556	4.44265888739594	[1792, 1791, 420, 1822, 1094, 132, 1108, 1086, 1112]	880712
310	0.2528107249768121	0.4415897094690353	2.3308375742080556	4.204168060460331	[1799, 232, 10, 162, 420, 1822, 1094, 1086, 1112]	751300
311	0.2535105848237198	0.44253224227037524	2.3308375742080556	2.762429847802123	[1549, 107, 232, 10, 734, 1203, 174, 1086, 1112]	846365
312	0.25420978914220693	0.4435908019231821	2.3308375742080556	3.829702796358742	[3284, 813, 807, 811, 3459, 1203, 174, 1086, 1112]	769852
313	0.2549083385462786	0.44477942020520655	2.3308375742080556	3.335354304816378	[1579, 1580, 494, 2229, 734, 1203, 174, 1086, 1112]	724174
314	0.25560623364936474	0.4458337127558152	2.3308375742080556	3.8419097582937383	[3580, 162, 3284, 811, 3459, 1203, 174, 1086, 1112]	789960
315	0.25630347506432083	0.4470175396633803	2.3308375742080556	3.7602177598066113	[1580, 301, 1512, 1031, 241, 132, 1108, 1086, 1112]	871113
316	0.2570000634034282	0.44834649989139264	2.3308375742080556	4.222785044293425	[1173, 1676, 2728, 496, 217, 132, 1108, 1086, 1112]	852330
317	0.2576959992783947	0.4493940190159479	2.3308375742080556	3.434546513106149	[432, 422, 19, 241, 1587, 132, 1108, 1086, 1112]	792920
318	0.2583912833003553	0.4504395490362627	2.3308375742080556	4.076472421496928	[1849, 420, 107, 162, 1192, 836, 1089, 1086, 1112]	794739
319	0.2590859160798725	0.45148309372939044	2.3308375742080556	4.125169065682047	[1847, 420, 158, 651, 19, 132, 1108, 1086, 1112]	887355
320	0.2597798982269369	0.45265485225719015	2.3308375742080556	4.472912850072929	[2238, 1549, 232, 1792, 496, 132, 1108, 1086, 1112]	840871
321	0.2604732303509677	0.45382410763872083	2.3308375742080556	4.147093277491886	[2051, 1849, 420, 1822, 1094, 132, 1108, 1086, 1112]	839719
322	0.2611659130608134	0.4545525086535297	2.3308375742080556	3.857432277887286	[420, 158, 10, 734, 19, 387, 344, 1086, 1112]	857745
323	0.26185794696475206	0.45537086694387297	2.3308375742080556	3.9646899708197383	[1917, 10, 301, 1580, 438, 2627, 261, 1086, 1112]	878194
324	0.2625493326704922	0.4561879974161366	2.3308375742080556	4.254331248399696	[1792, 232, 1799, 10, 301, 2627, 261, 1086, 1112]	875275
325	0.26324007078517286	0.45734970518532814	2.3308375742080556	3.6644828860203003	[326, 317, 324, 668, 670, 132, 1108, 1086, 1112]	829993
326	0.26393016191536467	0.4585089312789874	2.3308375742080556	4.550712353318258	[2264, 232, 193, 842, 157, 1713, 174, 1086, 1112]	801790
327	0.26461960666706996	0.45981027471349	2.3308375742080556	3.7956131769000825	[2047, 232, 1792, 496, 1879, 836, 1089, 1086, 1112]	873196
328	0.26530840564572356	0.46110849068231063	2.3308375742080556	3.6205114366409514	[2267, 438, 2729, 496, 217, 132, 1108, 1086, 1096]	864651
329	0.26599655945619305	0.4620180780099591	2.3308375742080556	4.950182443304659	[2238, 1549, 162, 420, 2149, 844, 487, 1086, 1112]	831554
330	0.2666840687027795	0.4627355512331587	2.3308375742080556	4.154078214807924	[1879, 1794, 1791, 420, 158, 1713, 174, 1086, 1112]	804857
331	0.2673709339892181	0.4640267370040446	2.3308375742080556	4.098005507245534	[1743, 1742, 400, 19, 387, 344, 174, 1086, 1112]	810322
332	0.2680571559186783	0.46504448137279775	2.3308375742080556	3.7558918910661214	[2040, 438, 3366, 496, 217, 132, 1108, 1086, 1112]	816092
333	0.2687427350937648	0.4657579184689703	2.3308375742080556	3.156314515883475	[811, 734, 10, 162, 420, 1582, 793, 2372, 794]	796451
334	0.26942767211651786	0.4667723755465303	2.3308375742080556	3.733875636043339	[193, 1265, 415, 10, 734, 19, 334, 1086, 1112]	730625
335	0.2701119675884137	0.46778490630042957	2.3308375742080556	4.271083505712471	[3819, 438, 496, 2729, 301, 2627, 261, 1086, 1112]	845893
336	0.27079562211036523	0.4687955143885093	2.3308375742080556	3.093545244626286	[2636, 162, 107, 734, 19, 132, 1108, 1086, 1096]	821185
337	0.2714786362827225	0.4699302895958093	2.3308375742080556	3.866373371876863	[1551, 1879, 496, 1512, 1031, 241, 132, 393, 794]	878028
338	0.2721610107052733	0.4707255759411517	2.3308375742080556	3.4313205385359664	[2636, 162, 10, 232, 320, 836, 1089, 1086, 1112]	858185
339	0.27284274597724356	0.4716189307271307	2.3308375742080556	3.3150469371284377	[1549, 162, 10, 232, 320, 836, 1089, 1086, 1112]	829756
340	0.273523842697298	0.47241168353168106	2.3308375742080556	4.254199544153935	[1715, 132, 1720, 241, 19, 1987, 334, 1086, 1112]	900704
341	0.2742043014635406	0.4736796150478517	2.3308375742080556	4.132775265282043	[1535, 496, 217, 241, 1587, 132, 1108, 1086, 1112]	757770
342	0.27488412287351494	0.47456798375316256	2.3308375742080556	3.645497597078881	[241, 1031, 132, 1032, 370, 1713, 174, 1086, 1112]	794916
343	0.2755633075242051	0.4755657116485965	2.3308375742080556	3.941342785779619	[1529, 2229, 734, 10, 158, 1713, 174, 1086, 1096]	758720
344	0.2762418560120359	0.47656154498693737	2.3308375742080556	3.638789982353911	[2297, 400, 19, 241, 1587, 132, 1108, 1086, 1112]	831094
345	0.2769197689328736	0.47755548736570563	2.3308375742080556	3.9747580657883397	[1917, 10, 438, 2627, 261, 132, 1108, 1086, 1112]	848967
346	0.27759704688202635	0.4786715492518263	2.3308375742080556	3.6633087111950546	[811, 807, 808, 331, 241, 132, 1108, 1086, 1112]	846795
347	0.27827369045424455	0.4797852269725408	2.3308375742080556	4.35508269819135	[2796, 1791, 420, 1822, 1094, 132, 1108, 1086, 1096]	842591
348	0.27894970024372157	0.48077304799337206	2.3308375742080556	4.286833098987376	[1879, 496, 808, 331, 241, 132, 1108, 1086, 1112]	756967
349	0.2796250768440943	0.4816494437939234	2.3308375742080556	3.447313845410429	[3284, 811, 107, 10, 734, 1203, 174, 1086, 1112]	847463
350	0.2802998208484436	0.48242714738905423	2.3308375742080556	3.160731656512282	[1917, 10, 162, 107, 734, 1203, 174, 1086, 1112]	850804
351	0.28097393284929484	0.48340995174242785	2.3308375742080556	4.167242113693145	[3284, 811, 734, 10, 158, 1713, 174, 1086, 1112]	783544
352	0.2816474134386182	0.4843908898765975	2.3308375742080556	3.6785686174089935	[420, 156, 1529, 2229, 734, 1203, 174, 1086, 1112]	650914
353	0.28232026320782955	0.4850785258640353	2.3308375742080556	3.994863272480763	[160, 87, 415, 10, 734, 19, 334, 1086, 1112]	841517
354	0.2829924827477909	0.4860562955903135	2.3308375742080556	4.143753044304696	[1529, 2229, 734, 10, 161, 1713, 174, 1086, 1112]	807847
355	0.28366407264881055	0.48746788413391917	2.3308375742080556	3.952327427679287	[3081, 305, 3083, 19, 734, 1203, 174, 1086, 1112]	846273
356	0.28433503350064404	0.48887559563379546	2.3308375742080556	3.6181706960572146	[2872, 241, 2680, 1513, 1031, 132, 1108, 1086, 1112]	859562
357	0.2850053658924946	0.4898461552123988	2.3308375742080556	4.137831114820516	[193, 1265, 808, 331, 241, 19, 334, 1086, 1112]	836896
358	0.28567507041301343	0.49061156092945846	2.3308375742080556	3.696491506278763	[2153, 158, 10, 232, 320, 836, 1089, 1086, 1112]	838842
359	0.2863441476503005	0.4913758182754576	2.3308375742080556	4.220009382862634	[846, 162, 107, 734, 19, 132, 1094, 1086, 1096]	718003
360	0.28701259819190483	0.4922343178105829	2.3308375742080556	4.114275677559393	[1579, 1580, 438, 3366, 496, 132, 1108, 1086, 1112]	704657
361	0.2876804226248252	0.4929114935031842	2.3308375742080556	4.338775665654028	[420, 107, 162, 1549, 438, 2627, 261, 1086, 1112]	770995
362	0.2883476215355103	0.49358776608843746	2.3308375742080556	3.8588587220445323	[193, 232, 10, 158, 420, 1822, 1094, 1086, 1112]	812199
363	0.28901419550985996	0.4944425321082535	2.3308375742080556	3.890608036543073	[1794, 1791, 420, 158, 19, 132, 1108, 1086, 1112]	833611
364	0.2896801451332248	0.4954025207896886	2.3308375742080556	4.334085993649337	[837, 160, 331, 241, 132, 19, 334, 1086, 1112]	871260
365	0.29034547099040753	0.4964975674025581	2.3308375742080556	4.523488618180671	[1791, 1792, 232, 10, 107, 836, 1089, 1086, 1112]	792734
366	0.29101017366566284	0.4974536538359843	2.3308375742080556	4.201034051754211	[2238, 1549, 162, 2636, 301, 2627, 261, 1086, 1112]	843208
367	0.2916742537426983	0.4985272086526188	2.3308375742080556	3.6461534708288834	[1879, 496, 1512, 1031, 241, 132, 1108, 1086, 1096]	848346
368	0.2923377118046746	0.49919599190582553	2.3308375742080556	4.077479670613748	[410, 377, 162, 107, 734, 1203, 174, 1086, 1112]	747283
369	0.2930005484342064	0.5001469543777926	2.3308375742080556	4.007298735003993	[317, 324, 668, 670, 132, 1713, 174, 1086, 1096]	793456
370	0.29366276421336257	0.5008969053635941	2.3308375742080556	4.640458392580394	[1535, 496, 2729, 438, 240, 1203, 174, 1086, 1112]	736835
371	0.2943243597236668	0.5017393343909993	2.3308375742080556	3.4795577163641402	[669, 811, 734, 19, 241, 132, 1108, 1086, 1112]	798431
372	0.29498533554609796	0.5026854673823358	2.3308375742080556	3.873518168410869	[3819, 438, 496, 217, 241, 132, 1108, 1086, 1112]	860257
373	0.29564569226109105	0.5035248775213028	2.3308375742080556	4.078917904833507	[1579, 1580, 301, 2729, 438, 3366, 150, 1086, 1112]	825164
374	0.2963054304485371	0.5043628708318137	2.3308375742080556	3.927903878411694	[10, 107, 1549, 162, 420, 158, 1115, 1086, 1112]	837609
375	0.29696455068778405	0.5053040220645006	2.3308375742080556	3.725732686598568	[3819, 438, 10, 232, 320, 836, 1089, 1086, 1112]	836710
376	0.2976230535576372	0.5063608066853347	2.3308375742080556	4.218573164583876	[715, 494, 2229, 734, 19, 132, 1094, 1086, 1112]	875923
377	0.2982809396363598	0.5075471496563286	2.3308375742080556	4.873627307473451	[1535, 496, 1792, 1791, 420, 1582, 1087, 1086, 1112]	873498
378	0.2989382095016735	0.5082039035719674	2.3308375742080556	4.560224536100216	[160, 331, 241, 1720, 132, 387, 344, 1086, 1112]	668494
379	0.2995948637307585	0.509137761176947	2.3308375742080556	4.1227602801101275	[394, 193, 842, 157, 320, 836, 1089, 1086, 1112]	795194
380	0.3002509029002548	0.5101863560474795	2.3308375742080556	4.089173062862773	[87, 160, 331, 241, 1729, 132, 1108, 1086, 1096]	740488
381	0.300906327586262	0.5112327108777004	2.3308375742080556	4.13567263283845	[1849, 420, 1822, 1729, 1032, 132, 1108, 1086, 1112]	831700
382	0.3015611383643402	0.5120576942457213	2.3308375742080556	3.10132048532238	[1529, 481, 162, 10, 734, 1203, 174, 1086, 1112]	876742
383	0.3022153358095103	0.5127084327269513	2.3308375742080556	3.78373482921417	[1549, 162, 107, 10, 301, 2627, 261, 1086, 1112]	844284
384	0.3028689204962548	0.5135309252450144	2.3308375742080556	3.778469333887357	[158, 420, 1822, 1729, 241, 132, 1108, 1086, 1112]	834102
385	0.30352189299851795	0.5143520294896335	2.3308375742080556	3.568595955502146	[1799, 1019, 10, 232, 320, 836, 1089, 1086, 1112]	851607
386	0.3041742538897064	0.5152742125933588	2.3308375742080556	4.801335942741905	[2238, 1549, 162, 10, 1917, 836, 1089, 1086, 1112]	827555
387	0.30482600374268987	0.5164391343389116	2.3308375742080556	4.847473498705768	[1726, 132, 1032, 1729, 1822, 387, 344, 1086, 1112]	668117
388	0.30547714312980123	0.517371929218659	2.3308375742080556	4.238243810010695	[1526, 156, 1529, 2229, 734, 19, 334, 1086, 1112]	880779
389	0.3061276726228376	0.5184029340085361	2.3308375742080556	4.526885308838798	[1265, 415, 87, 1529, 156, 1713, 174, 1086, 1112]	790301
390	0.30677759279306027	0.5192158148587339	2.3308375742080556	3.553005808888803	[1579, 1580, 438, 10, 734, 19, 334, 1086, 1112]	743861
391	0.30742690421119556	0.5200273236588855	2.3308375742080556	4.642229894853621	[1500, 786, 19, 241, 1729, 1822, 1094, 1086, 1112]	883651
392	0.30807560744743523	0.5208374627248549	2.3308375742080556	3.9077039401419276	[734, 10, 158, 420, 545, 132, 1108, 1086, 1096]	837796
393	0.30872370307143693	0.5217473308240643	2.3308375742080556	3.693511807587405	[421, 438, 10, 232, 320, 836, 1089, 1086, 1112]	841886
394	0.30937119165232463	0.5225545667143594	2.3308375742080556	4.174486645658117	[734, 2229, 494, 10, 158, 1713, 174, 1086, 1112]	848307
395	0.3100180737586895	0.5233604400826559	2.3308375742080556	3.6337237926467445	[19, 734, 10, 232, 1192, 836, 1089, 1086, 1112]	757126
396	0.3106643499585898	0.5241649532287356	2.3308375742080556	3.7900200315979653	[542, 457, 540, 19, 241, 132, 1108, 1086, 1112]	663633
397	0.31131002081955206	0.5248788689796355	2.3308375742080556	3.894316962541528	[837, 162, 107, 10, 438, 2627, 261, 1086, 1112]	886259
398	0.3119550869085709	0.5257810629675757	2.3308375742080556	3.5142436882803407	[1580, 438, 10, 232, 320, 836, 1089, 1086, 1112]	801909
399	0.31259954879211005	0.526413499440527	2.3308375742080556	4.0206336472411675	[320, 232, 10, 162, 420, 1822, 1094, 1086, 1112]	835714
400	0.31324340703610276	0.5269749154685572	2.3308375742080556	4.134214296355117	[2153, 158, 3284, 811, 3459, 1203, 174, 1086, 1096]	879229
401	0.31388666220595196	0.5281297618663392	2.3308375742080556	3.2874053589564953	[4210, 415, 10, 734, 19, 132, 1108, 1086, 1112]	827244
402	0.31452931486653113	0.5288377290446089	2.3308375742080556	4.370790602258626	[318, 158, 10, 734, 19, 422, 636, 1086, 1112]	748053
403	0.3151713655821845	0.530316684275705	2.3308375742080556	3.6644828860203003	[326, 317, 324, 671, 670, 132, 1108, 1086, 1112]	817302
404	0.31581281491672797	0.5311094560759726	2.3308375742080556	2.3635521757840072	[1549, 162, 107, 10, 734, 1203, 174, 1086, 1096]	824230
405	0.31645366343344905	0.5319998189794741	2.3308375742080556	3.7481416985927423	[1020, 1018, 157, 10, 734, 1203, 174, 1086, 1112]	790270
406	0.3170939116951079	0.5331245447563103	2.3308375742080556	3.9555323405117626	[3819, 438, 2627, 261, 217, 132, 1094, 1086, 1112]	852439
407	0.3177335602639375	0.53402515327337	2.3308375742080556	4.487009127722817	[107, 162, 2636, 301, 217, 132, 1108, 1086, 1112]	798139
408	0.31837260970164405	0.5346465951128544	2.3308375742080556	4.4577358804394835	[734, 10, 162, 1583, 1013, 156, 1115, 1086, 1112]	857003
409	0.31901106056940776	0.5353447848064008	2.3308375742080556	3.4527069799656394	[1873, 10, 158, 651, 734, 1203, 174, 1086, 1112]	789357
410	0.31964891342788315	0.5361290697471693	2.3308375742080556	4.064843337154127	[161, 10, 301, 2729, 438, 2627, 261, 1086, 1112]	737871
411	0.3202861688371996	0.536678968392662	2.3308375742080556	4.098560252318851	[2627, 261, 217, 241, 132, 387, 344, 1086, 1096]	842284
412	0.320922827356962	0.5375587555078019	2.3308375742080556	3.52003323643586	[1580, 1579, 4018, 241, 19, 132, 1108, 1086, 1112]	845388
413	0.3215588895462509	0.5381754848004869	2.3308375742080556	2.6793945500443406	[107, 420, 158, 10, 734, 1203, 174, 1086, 1096]	872815
414	0.3221943559636232	0.5389549918429244	2.3308375742080556	3.425517234313027	[1580, 438, 3366, 496, 217, 132, 1108, 1086, 1112]	801849
415	0.3228292271671127	0.5396467174638733	2.3308375742080556	3.9782973153696997	[811, 3284, 162, 10, 734, 19, 334, 1086, 1096]	814628
416	0.3234635037142305	0.5405208692048002	2.3308375742080556	4.112915566434863	[1873, 10, 158, 420, 1879, 836, 1089, 1086, 1096]	840716
417	0.3240971861619655	0.5416251166886297	2.3308375742080556	2.953644545786932	[837, 162, 1549, 107, 734, 1203, 174, 1086, 1112]	836307
418	0.32473027506678476	0.5423128362066294	2.3308375742080556	4.517828403040062	[377, 162, 837, 420, 158, 1546, 234, 1086, 1112]	869644
419	0.3253627709846343	0.5432905614710806	2.3308375742080556	4.603701483727758	[157, 842, 193, 1872, 843, 3094, 174, 1086, 1112]	829961
420	0.3259946744709393	0.5443881526662757	2.3308375742080556	4.276427463947325	[193, 1265, 808, 331, 241, 1729, 1094, 1086, 1112]	817942
421	0.3266259860806049	0.5453614445764734	2.3308375742080556	4.307055169058741	[1743, 1742, 400, 19, 1548, 255, 174, 1086, 1096]	806696
422	0.32725670636801607	0.5461288225394278	2.3308375742080556	3.382595354054197	[119, 409, 19, 241, 1031, 132, 1108, 1086, 1112]	874768
423	0.32788683588703893	0.5467341224636437	2.3308375742080556	4.086233395030161	[420, 107, 347, 422, 19, 132, 1108, 1086, 1112]	747723
424	0.3285163751910206	0.5474991835030811	2.3308375742080556	4.128968703110588	[2297, 400, 19, 2688, 734, 1203, 174, 1086, 1112]	825440
425	0.32914532483279	0.548178089906433	2.3308375742080556	2.886939728725295	[1723, 241, 132, 19, 734, 1203, 174, 1086, 1112]	827769
426	0.32977368536465823	0.5487137049669175	2.3308375742080556	2.680664930908847	[331, 241, 132, 19, 734, 1203, 174, 1086, 1096]	758100
427	0.33040145733841897	0.5496777565004964	2.3308375742080556	4.45490873529433	[1580, 1579, 4018, 2197, 241, 217, 261, 1086, 1112]	826204
428	0.33102864130534915	0.5507599976099808	2.3308375742080556	4.223442742190918	[158, 1579, 4018, 2197, 241, 132, 1108, 1086, 1112]	803924
429	0.3316552378162093	0.5517196777908677	2.3308375742080556	3.9005099177228306	[1579, 4018, 241, 1126, 19, 132, 1108, 1086, 1112]	817981
430	0.3322812474212441	0.5523922520054305	2.3308375742080556	3.959921214031657	[2238, 1549, 162, 10, 438, 2627, 261, 1086, 1112]	830578
431	0.33290667067018276	0.5530638171280218	2.3308375742080556	3.4795577163641402	[669, 811, 734, 19, 241, 132, 1108, 1086, 1096]	844974
432	0.33353150811223975	0.5537343746726258	2.3308375742080556	3.308835363293915	[1819, 241, 1126, 19, 734, 1203, 174, 1086, 1112]	803752
433	0.33415576029611493	0.5546877008986058	2.3308375742080556	4.002413784919321	[2636, 162, 107, 1586, 1587, 132, 1108, 1086, 1112]	804516
434	0.33477942776999436	0.5555332917443387	2.3308375742080556	3.645497597078881	[241, 1031, 132, 1032, 370, 1713, 174, 1086, 1112]	799145
435	0.3354025110815505	0.5562001442301475	2.3308375742080556	3.920825132299778	[1549, 162, 1583, 1013, 156, 1713, 174, 1086, 1096]	842313
436	0.336025010777943	0.5572667103508102	2.3308375742080556	3.230696100199915	[2627, 438, 2729, 496, 217, 132, 1108, 1086, 1112]	827082
437	0.3366469274058189	0.5582124906936887	2.3308375742080556	3.0120875454886127	[87, 415, 10, 734, 19, 132, 1108, 1086, 1112]	828351
438	0.3372682615113133	0.5590513884164383	2.3308375742080556	3.382595354054197	[119, 409, 19, 241, 1031, 132, 1108, 1086, 1112]	799285
