0	9.366567084169164E-4	0.0015003429355281428	4.439769469998426	4.439769469998426	[87, 160, 107, 162, 420, 158, 1115, 1086, 1112]	716531
1	0.0018724360910443716	0.003938086238908234	4.055649135020895	4.055649135020895	[2405, 1743, 1742, 400, 19, 1987, 334, 1086, 1096]	735993
2	0.0028073389696354756	0.0054325206945683435	4.010060461650703	4.010060461650703	[421, 438, 10, 734, 19, 1987, 334, 1086, 1096]	654169
3	0.0037413661651737318	0.007557146047088459	3.5418228292404077	3.5418228292404077	[813, 3222, 158, 10, 734, 1203, 174, 1086, 1112]	681347
4	0.00467451849787337	0.009677232710195827	3.5418228292404077	4.166295629369054	[3621, 1720, 132, 19, 387, 344, 174, 1086, 1112]	646458
5	0.005606796787180679	0.011163056477991762	3.5418228292404077	3.9751479270681065	[119, 409, 19, 132, 241, 1729, 1094, 1086, 1112]	747424
6	0.006538201851774117	0.012832100315919526	3.5418228292404077	3.9138322031101556	[394, 432, 422, 19, 1126, 132, 1108, 1086, 1112]	683629
7	0.007468734509565533	0.014706605333765776	3.5418228292404077	4.264565159869265	[331, 241, 1031, 132, 1727, 1203, 174, 1086, 1112]	655532
8	0.008398395577700724	0.0158746274446675	3.1590319429676557	3.1590319429676557	[2307, 1468, 232, 10, 734, 1203, 174, 1086, 1112]	640497
9	0.009327185872559873	0.018010316187192066	3.1590319429676557	3.824982323498066	[5187, 436, 422, 19, 241, 132, 1108, 1086, 1112]	674200
10	0.010255106209758558	0.019319935107076525	3.1590319429676557	3.9797353835241305	[1794, 1879, 420, 107, 734, 1203, 174, 1086, 1112]	751866
11	0.01118215740414863	0.020482488317842273	3.1590319429676557	4.1891167898293284	[1743, 193, 232, 10, 158, 1713, 174, 1086, 1096]	673699
12	0.01210834026981833	0.022342466231735303	3.1590319429676557	3.520745493762818	[5420, 435, 422, 19, 241, 132, 1108, 1086, 1112]	679129
13	0.013033655620093731	0.024198912286525265	3.1590319429676557	3.759913332716259	[1742, 1743, 193, 232, 320, 836, 1089, 1086, 1096]	660113
14	0.013958104267538851	0.025662948554956877	3.1590319429676557	3.579877713429039	[2238, 1549, 107, 10, 734, 19, 334, 1086, 1112]	755458
15	0.014881687023956758	0.02696236163225363	3.1590319429676557	3.6135076335983953	[420, 162, 107, 10, 734, 19, 334, 1086, 1112]	689082
16	0.01580440470039013	0.02842225177898161	3.1590319429676557	3.8537854241570866	[2309, 420, 158, 10, 438, 2627, 261, 1086, 1112]	629196
17	0.016726258107121916	0.03026715310210093	3.1590319429676557	3.260202139468001	[107, 162, 3284, 811, 3459, 1203, 174, 1086, 1112]	675677
18	0.017647248053676123	0.03174517908426511	3.1590319429676557	3.212922675293413	[2299, 2297, 400, 19, 734, 1203, 174, 1086, 1112]	684635
19	0.01856737534881847	0.033036480666800094	3.1590319429676557	3.920825132299778	[1549, 162, 1583, 1013, 156, 1713, 174, 1086, 1096]	692849
20	0.019486640800557176	0.035360344715490544	3.1590319429676557	4.0986912034414065	[1580, 301, 2729, 496, 217, 132, 1094, 1086, 1112]	646197
21	0.020405045216143725	0.03680763500762696	3.1590319429676557	4.586618043705167	[1526, 621, 1917, 10, 157, 1713, 174, 1086, 1112]	634231
22	0.021322589402073433	0.039122435994661586	3.1590319429676557	3.579329138206197	[669, 668, 324, 671, 670, 132, 1108, 1086, 1112]	684111
23	0.02223927416408611	0.04074428759285731	3.1590319429676557	3.3240889061270407	[331, 2626, 494, 10, 734, 1203, 174, 1086, 1112]	655690
24	0.023155100307166943	0.04238910191454304	3.1590319429676557	4.088240153483915	[709, 1580, 438, 496, 217, 132, 1108, 1086, 1112]	670355
25	0.02407006863554706	0.04382584666047029	3.1590319429676557	4.61059544391684	[1792, 496, 3366, 438, 240, 1203, 174, 1086, 1112]	662207
26	0.02498417995270441	0.045868455020265375	3.1590319429676557	3.914445196927719	[3621, 1720, 241, 132, 387, 344, 174, 1086, 1112]	566141
27	0.025897435061364327	0.04793905299114154	3.1590319429676557	4.349759155946929	[2196, 2197, 241, 132, 1727, 1203, 174, 1086, 1112]	574110
28	0.026809834763500184	0.04936747090717852	3.011881719841078	3.011881719841078	[2180, 1549, 107, 10, 734, 1203, 174, 1086, 1112]	673137
29	0.027721379860334294	0.051201252792002605	3.011881719841078	3.972469955220716	[2196, 2197, 241, 19, 132, 1713, 174, 1086, 1112]	644958
30	0.028632071152338456	0.05300289971866712	3.011881719841078	3.725732686598568	[3819, 438, 10, 232, 320, 836, 1089, 1086, 1112]	744577
31	0.029541909439234626	0.05412552325199871	2.721399276813645	2.721399276813645	[1550, 420, 158, 10, 734, 1203, 174, 1086, 1112]	590322
32	0.030450895519995802	0.05524681596436243	2.721399276813645	3.948748534039642	[3065, 1460, 19, 241, 132, 1713, 174, 1086, 1112]	636071
33	0.03135903019284658	0.057040780886305154	2.721399276813645	3.9301676472956286	[2004, 19, 1126, 241, 132, 1713, 174, 1086, 1112]	526111
34	0.03226631425526394	0.05930695637779693	2.721399276813645	4.372205383096234	[1555, 2229, 1529, 87, 1265, 255, 174, 1086, 1112]	676582
35	0.03317274850397778	0.06156768566201476	2.721399276813645	3.8865849551058096	[193, 232, 1792, 496, 1879, 836, 1089, 1086, 1096]	586003
36	0.03407833373497182	0.0638229818276067	2.721399276813645	3.3120919925278223	[813, 3222, 195, 10, 734, 1203, 174, 1086, 1112]	577860
37	0.03498307074348417	0.0654031417251778	2.721399276813645	3.6315955911917355	[1549, 162, 10, 734, 19, 1987, 334, 1086, 1112]	634984
38	0.03588696032400818	0.06717782108930648	2.721399276813645	4.088377205953648	[1019, 1529, 2229, 734, 19, 132, 1108, 1086, 1096]	739062
39	0.036790003270292915	0.06917054424982128	2.721399276813645	4.26945585888067	[1580, 438, 2729, 496, 1792, 232, 1023, 1086, 1112]	632739
40	0.03769220037534404	0.07056710764793761	2.721399276813645	3.276977981408388	[1537, 156, 1529, 2229, 734, 1203, 174, 1086, 1112]	565474
41	0.03859355243142437	0.07213588423128647	2.721399276813645	4.070113426181235	[107, 1549, 162, 2636, 301, 2627, 261, 1086, 1096]	618489
42	0.03949406023005475	0.0737020128989131	2.721399276813645	2.8209375817823568	[394, 432, 422, 19, 734, 1203, 174, 1086, 1096]	650556
43	0.04039372456201451	0.07467808902547579	2.721399276813645	4.37063012589224	[157, 10, 162, 1549, 107, 1546, 234, 1086, 1112]	628163
44	0.04129254621734246	0.0764351564562542	2.721399276813645	4.008667261090223	[1678, 1580, 494, 10, 734, 1203, 174, 1086, 1096]	579893
45	0.042190525985337235	0.07766685777937676	2.721399276813645	3.430917076506833	[1743, 1742, 400, 19, 132, 1713, 174, 1086, 1112]	673511
46	0.04308766465455838	0.07963717394012637	2.721399276813645	4.585572044470906	[2073, 232, 193, 1265, 734, 1203, 174, 1086, 1112]	740759
47	0.04398396301282659	0.08160328105146031	2.721399276813645	4.591915639603927	[1849, 420, 1791, 1792, 496, 3366, 150, 1086, 1112]	754102
48	0.04487942184722482	0.08282808996638169	2.721399276813645	3.483776229147332	[1546, 677, 132, 19, 734, 1203, 174, 1086, 1112]	600839
49	0.04577404194409862	0.08478738054567714	2.721399276813645	4.345897731702187	[1647, 1697, 241, 1720, 132, 217, 261, 1086, 1112]	748301
50	0.04666782408905723	0.08633215493229474	2.721399276813645	3.865364107906988	[734, 10, 107, 162, 420, 158, 1115, 1086, 1112]	743584
51	0.04756076906697393	0.0885627893196671	2.721399276813645	3.350197656851903	[3895, 1030, 1032, 1729, 241, 132, 1108, 1086, 1112]	662045
52	0.048452877661986804	0.08993025769988883	2.721399276813645	4.106182782499231	[1807, 157, 651, 811, 3459, 1203, 174, 1086, 1096]	637191
53	0.04934415065749953	0.09146635149717397	2.721399276813645	3.0563798786578182	[158, 420, 162, 107, 734, 1203, 174, 1086, 1112]	576038
54	0.050234588836181926	0.09343799569965405	2.721399276813645	3.84183228448698	[2405, 1743, 1742, 400, 654, 132, 1108, 1086, 1112]	670872
55	0.05112419297997084	0.09537462107505157	2.721399276813645	3.993227257925165	[655, 2327, 1511, 1031, 241, 132, 1108, 1086, 1112]	653809
56	0.052012963870070705	0.0965810640053355	2.687336525486539	2.687336525486539	[1792, 232, 1799, 10, 734, 19, 132, 393, 794]	670225
57	0.0529009022869541	0.09875221394459266	2.687336525486539	3.148407181606384	[1851, 1799, 1019, 10, 734, 1203, 174, 1086, 1112]	669657
58	0.053788009010362625	0.09995415238812022	2.687336525486539	3.709828422976652	[320, 232, 10, 1019, 19, 132, 1108, 1086, 1112]	673526
59	0.054674284819307584	0.10130452981723614	2.687336525486539	3.7472551737119852	[3869, 438, 232, 10, 734, 1203, 174, 1086, 1112]	756353
60	0.055559730492070636	0.10322435046276812	2.687336525486539	4.443795117202869	[160, 331, 2028, 493, 217, 132, 1108, 1086, 1112]	756908
61	0.05644434680620436	0.10492721221047885	2.687336525486539	4.383280454504099	[734, 10, 162, 420, 2307, 1468, 1089, 1086, 1112]	680434
62	0.05732813453853303	0.10643799286116529	2.687336525486539	3.660099472089633	[157, 320, 232, 10, 734, 19, 334, 1086, 1096]	641181
63	0.05821109446515338	0.10794622348664074	2.687336525486539	3.9454508588031505	[2051, 1849, 420, 3, 19, 132, 1108, 1086, 1112]	677845
64	0.059093227361435186	0.10913590044815447	2.687336525486539	3.2075359373542196	[1580, 438, 10, 107, 420, 1582, 793, 2372, 794]	617131
65	0.05997453400202202	0.11047250210643267	2.687336525486539	3.2174844131569893	[2149, 157, 10, 734, 19, 132, 1108, 1086, 1112]	563602
66	0.060855015160831805	0.11180709840385528	2.687336525486539	4.111138808850773	[1791, 420, 107, 10, 301, 2627, 261, 1086, 1112]	672082
67	0.0617346716110575	0.11349366261587057	2.687336525486539	4.720516819529362	[2557, 2558, 415, 10, 159, 1713, 174, 1086, 1112]	760499
68	0.06261350412516797	0.11538744446453053	2.687336525486539	4.107946851001339	[837, 162, 1549, 107, 420, 1822, 1094, 1086, 1112]	762522
69	0.06349151347490856	0.11690426983410429	2.64636434858192	2.64636434858192	[1799, 232, 10, 734, 19, 132, 1108, 1086, 1112]	665447
70	0.0643687004313016	0.1185811551724184	2.64636434858192	4.012973638723215	[1819, 1513, 1031, 241, 132, 387, 344, 1086, 1112]	761613
71	0.0652450657646475	0.12046406896446948	2.64636434858192	4.2087312655317985	[394, 432, 15, 1557, 158, 1713, 174, 1086, 1112]	570981
72	0.06612061024452487	0.12139087009832994	2.64636434858192	4.330428602499008	[1549, 162, 10, 158, 1546, 234, 174, 1086, 1112]	669532
73	0.06699533463979168	0.12305923595914581	2.64636434858192	3.1888428371936053	[3764, 162, 10, 734, 19, 132, 1108, 1086, 1112]	643848
74	0.0678692397185856	0.1243749478393511	2.64636434858192	4.269539145097225	[107, 10, 415, 87, 1265, 255, 174, 1086, 1112]	758418
75	0.06874232624832499	0.12568868570053182	2.64636434858192	4.224513136447249	[1743, 193, 232, 10, 438, 2627, 261, 1086, 1112]	753071
76	0.06961459499570921	0.1270004525043934	2.64636434858192	4.282768914486853	[2238, 1549, 162, 420, 158, 1546, 234, 1086, 1112]	676617
77	0.07048604672671965	0.12909849676602914	2.64636434858192	4.069275322347823	[1579, 4018, 241, 1729, 1032, 132, 1108, 1086, 1112]	682752
78	0.07135668220662017	0.13095894309251777	2.64636434858192	3.037494322850117	[160, 837, 162, 10, 734, 1203, 174, 1086, 1112]	651149
79	0.07222650219995785	0.13260914041194927	2.64636434858192	3.7863583599903547	[2777, 2689, 1549, 107, 734, 1203, 174, 1086, 1112]	628162
80	0.0730955074705637	0.13446208719451647	2.64636434858192	3.957578815312311	[432, 422, 19, 132, 1032, 1729, 1094, 1086, 1112]	479242
81	0.07396369878155318	0.13561640158821375	2.64636434858192	2.680664930908847	[331, 241, 132, 19, 734, 1203, 174, 1086, 1112]	668366
82	0.07483107689532698	0.13691327341367732	2.64636434858192	4.271920073236116	[257, 320, 232, 10, 159, 1713, 174, 1086, 1112]	668202
83	0.07569764257357181	0.13875702557618474	2.64636434858192	3.3096903516266822	[2028, 493, 654, 400, 19, 132, 1108, 1086, 1112]	673488
84	0.07656339657726086	0.14059683905914577	2.64636434858192	3.350197656851903	[3895, 1030, 1032, 1729, 241, 132, 1108, 1086, 1112]	765468
85	0.07742833966665452	0.14174297191362406	2.64636434858192	2.8731386701901234	[320, 232, 10, 107, 420, 1582, 793, 2372, 794]	675440
86	0.07829247260130112	0.14337269174777245	2.64636434858192	3.1467499054067334	[1820, 733, 734, 19, 241, 132, 1108, 1086, 1112]	683639
87	0.07915579614003743	0.14520264510402414	2.64636434858192	4.555705499807231	[2872, 241, 1031, 227, 972, 1713, 174, 1086, 1112]	668861
88	0.08001831104098966	0.14648513427675047	2.64636434858192	3.8271617422173616	[1792, 232, 107, 10, 734, 19, 334, 1086, 1112]	527534
89	0.08088001806157386	0.14810584935380744	2.64636434858192	3.1370989558516458	[1791, 420, 158, 651, 734, 1203, 174, 1086, 1112]	563121
90	0.08174091795849647	0.1499256915945677	2.64636434858192	3.662291783764993	[158, 420, 1879, 496, 217, 132, 1108, 1086, 1112]	645322
91	0.08260101148775545	0.151741646232885	2.64636434858192	4.484233825836756	[1820, 10, 107, 1794, 1879, 836, 1089, 1086, 1112]	641204
92	0.08346029940464028	0.15263548897010248	2.64636434858192	4.167774018748442	[1549, 162, 10, 158, 420, 1546, 234, 1086, 1112]	579410
93	0.08431878246373337	0.15376556662160545	2.64636434858192	3.278471059700178	[10, 734, 19, 241, 132, 1713, 174, 1086, 1112]	678209
94	0.08517646141891011	0.15579928737442983	2.64636434858192	4.521961343640693	[1820, 841, 1268, 21, 1417, 5272, 174, 1086, 1096]	762644
95	0.08603333702333982	0.1576313201709263	2.64636434858192	3.856720182449304	[4845, 813, 3284, 811, 734, 1203, 174, 1086, 1112]	644402
96	0.08688941002948636	0.15965575051566927	2.64636434858192	4.1596729336954965	[1742, 400, 654, 493, 217, 132, 1094, 1086, 1112]	495327
97	0.08774468118910872	0.16125145628454685	2.64636434858192	4.228077398711539	[421, 438, 1674, 1580, 301, 2627, 261, 1086, 1112]	749470
98	0.0885991512532619	0.16284413201317316	2.64636434858192	3.7812612479278638	[1500, 786, 19, 241, 1031, 132, 1108, 1086, 1112]	626332
99	0.08945282097229745	0.16466087651835282	2.64636434858192	3.377411603643564	[2196, 2197, 4018, 241, 19, 132, 1108, 1086, 1112]	640694
100	0.09030569109586384	0.16577491665407362	2.64636434858192	4.016491520320956	[157, 10, 232, 1792, 496, 217, 261, 1086, 1112]	684003
101	0.09115776237290762	0.16718299332831688	2.64636434858192	4.295756751223323	[1549, 162, 107, 420, 2307, 1468, 1089, 1086, 1096]	682840
102	0.09200903555167372	0.16921623797351137	2.64636434858192	4.562731717769327	[3543, 359, 158, 420, 2307, 1468, 1089, 1086, 1112]	781438
103	0.09285951137970616	0.17121282675706806	2.64636434858192	4.380758513713941	[421, 438, 2021, 232, 320, 836, 1089, 1086, 1112]	753539
104	0.09370919060384897	0.1732046172201076	2.64636434858192	3.1136056597975417	[421, 438, 2627, 261, 217, 132, 1108, 1086, 1112]	533348
105	0.09455807397024651	0.17418474688859642	2.64636434858192	2.8707041775814046	[318, 158, 10, 734, 19, 132, 1108, 1086, 1112]	521506
106	0.09540616222434417	0.17594887859385144	2.64636434858192	3.307376592399396	[2297, 400, 19, 241, 1031, 132, 1108, 1086, 1112]	563113
107	0.09625345611088931	0.17751364580572293	2.64636434858192	3.9932680801416236	[193, 394, 432, 422, 19, 1987, 334, 1086, 1112]	663437
108	0.09709995637393165	0.17927066621568388	2.64636434858192	3.9528740618943763	[837, 162, 481, 1431, 19, 132, 1108, 1086, 1112]	663536
109	0.0979456637568239	0.180365222178283	2.64636434858192	4.251778891307485	[158, 10, 232, 1879, 496, 217, 261, 1086, 1112]	678522
110	0.09879057900222266	0.1819216033210651	2.64636434858192	3.7327668979892534	[1078, 334, 19, 241, 1031, 132, 1108, 1086, 1112]	760589
111	0.09963470285208875	0.18347502909600888	2.64636434858192	3.644968870481976	[1820, 733, 734, 19, 132, 1713, 174, 1086, 1112]	641244
112	0.10047803604768812	0.18470009656778696	2.64636434858192	4.491712903179437	[377, 162, 1549, 157, 320, 836, 1089, 1086, 1112]	645081
113	0.10132057932959238	0.18665947362452784	2.64636434858192	4.290525183197253	[1791, 420, 2149, 157, 320, 836, 1089, 1086, 1112]	541474
114	0.10216233343767955	0.18839695643844023	2.64636434858192	3.7459589552088257	[1820, 10, 107, 811, 3459, 1203, 174, 1086, 1112]	651955
115	0.1030032991111346	0.1899380863497171	2.64636434858192	4.341448288541848	[377, 162, 10, 232, 193, 1872, 1115, 1086, 1112]	751580
116	0.10384347708844999	0.19101841583370427	2.64636434858192	3.6451951000515894	[119, 409, 19, 241, 1209, 132, 1108, 1086, 1112]	674819
117	0.10468286810742666	0.1923838843640776	2.64636434858192	3.2146809623530475	[2047, 232, 1549, 10, 734, 1203, 174, 1086, 1112]	636715
118	0.10552147290517444	0.19359558549779066	2.64636434858192	4.336131158059375	[377, 162, 420, 158, 10, 232, 1023, 1086, 1112]	685688
119	0.10635929221811269	0.1953182511781848	2.64636434858192	3.978042604533541	[1792, 232, 193, 1265, 415, 255, 174, 1086, 1112]	754007
120	0.107196326781971	0.19652554975537806	2.64636434858192	3.2770544570176714	[1807, 157, 10, 107, 734, 1203, 174, 1086, 1112]	660413
121	0.10803257733178995	0.19805124451224454	2.64636434858192	4.558762322114714	[1580, 438, 3366, 2975, 2156, 8, 174, 1086, 1112]	568369
122	0.10886804460192145	0.19940484243094014	2.64636434858192	3.8490376688647023	[1820, 733, 734, 19, 132, 217, 261, 1086, 1096]	532817
123	0.10970272932602976	0.20024846060913615	2.64636434858192	2.698833643487326	[157, 320, 232, 10, 734, 1203, 174, 1086, 1112]	572860
124	0.11053663223709176	0.20217047091574714	2.64636434858192	4.537350264033146	[1579, 4018, 2197, 241, 1729, 1822, 1094, 1086, 1112]	674649
125	0.11136975406739802	0.20336748881346445	2.64636434858192	3.739085011700099	[432, 422, 19, 132, 387, 344, 174, 1086, 1096]	668640
126	0.11220209554855298	0.20471211351888152	2.64636434858192	3.4383542099580904	[87, 1265, 193, 232, 320, 836, 1089, 1086, 1112]	771253
127	0.11303365741147586	0.2059053180810746	2.64636434858192	4.351665894425879	[1799, 1019, 10, 734, 19, 422, 636, 1086, 1112]	585182
128	0.11386444038640142	0.20724565922050175	2.64636434858192	3.510090644536051	[377, 162, 107, 811, 3459, 1203, 174, 1086, 1112]	582864
129	0.1146944452028803	0.20843506259529954	2.64636434858192	3.521562443133445	[1586, 107, 734, 19, 241, 132, 1108, 1086, 1112]	582578
130	0.1155236725897798	0.20949072380583011	2.64636434858192	3.9354189837498	[320, 232, 10, 107, 420, 158, 1115, 1086, 1112]	728907
131	0.11635212327528455	0.2109917993628394	2.64636434858192	3.566718621050236	[394, 432, 15, 422, 19, 132, 1108, 1086, 1112]	739723
132	0.11717979798689715	0.2124900245702125	2.64636434858192	3.8630236030553595	[1265, 808, 331, 241, 132, 19, 334, 1086, 1112]	562596
133	0.11800669745143866	0.21367155959850648	2.64636434858192	4.603184864140753	[1580, 1579, 1582, 420, 158, 1546, 234, 1086, 1112]	639662
134	0.11883282239504955	0.2155613107179406	2.64636434858192	3.2214779196594137	[2047, 232, 1792, 496, 217, 132, 1108, 1086, 1112]	643716
135	0.11965817354319008	0.21705085901030563	2.64636434858192	4.00615986614231	[846, 10, 107, 162, 2636, 836, 1089, 1086, 1112]	685416
136	0.12048275162064082	0.21837238774943757	2.64636434858192	4.118454374916059	[10, 301, 1580, 438, 1779, 132, 1108, 1086, 1112]	579232
137	0.12130655735150375	0.21969168589897314	2.64636434858192	2.8867200805870303	[420, 162, 10, 734, 19, 132, 1108, 1086, 1112]	756973
138	0.12212959145920244	0.22086241596556855	2.64636434858192	4.728835770350593	[331, 160, 87, 415, 2558, 255, 174, 1086, 1112]	651435
139	0.12295185466648284	0.22234189814011307	2.64636434858192	3.057131970686097	[107, 10, 1820, 733, 734, 1203, 174, 1086, 1112]	520352
140	0.12377334769541415	0.22350865197949477	2.64636434858192	4.2472551013504605	[988, 420, 107, 10, 158, 1713, 174, 1086, 1112]	627182
141	0.12459407126738897	0.2246736552879961	2.64636434858192	4.066924792996265	[377, 162, 10, 157, 320, 836, 1089, 1086, 1112]	749035
142	0.12541402610312435	0.22598231761751575	2.64636434858192	2.858841207559905	[2047, 232, 1799, 10, 734, 1203, 174, 1086, 1112]	675164
143	0.1262332129226622	0.2278424827935296	2.64636434858192	3.7732537289641703	[3172, 317, 324, 668, 670, 132, 1108, 1086, 1112]	687588
144	0.1270516324453701	0.22949198920846037	2.64636434858192	3.5580036031396665	[82, 1652, 3284, 811, 734, 1203, 174, 1086, 1112]	682850
145	0.1278692853899417	0.2306480154592193	2.64636434858192	3.75846708347183	[1792, 232, 10, 1019, 19, 132, 1108, 1086, 1112]	630273
146	0.12868617247439762	0.2319465937510271	2.64636434858192	4.1588093252743645	[160, 87, 1529, 2229, 494, 1580, 438, 774, 794]	755460
147	0.12950229441608585	0.23309893725320108	2.64636434858192	3.2593496493427905	[1917, 10, 415, 733, 734, 1203, 174, 1086, 1112]	760460
148	0.13031765193168254	0.23455518384587348	2.64636434858192	2.9660699786662237	[195, 1583, 162, 10, 734, 1203, 174, 1086, 1112]	662997
149	0.1311322457371925	0.2361903503842887	2.64636434858192	3.931034176842007	[5869, 317, 324, 671, 670, 132, 1108, 1086, 1112]	744520
150	0.13194607654794988	0.23784792340862837	2.64636434858192	3.891234156055485	[394, 193, 232, 10, 301, 2627, 261, 1086, 1096]	629310
151	0.13275914507861886	0.2392951522867044	2.64636434858192	3.861828350971372	[813, 19, 734, 811, 3459, 1203, 174, 1086, 1112]	633764
152	0.1335714520431942	0.2400967364977823	2.64636434858192	3.9742952461978422	[1549, 107, 10, 734, 19, 132, 261, 1086, 1096]	677010
153	0.13438299815500188	0.24123685199086264	2.64636434858192	3.3885348776673347	[846, 10, 107, 160, 331, 241, 132, 393, 794]	685026
154	0.1351937841266997	0.24285774494620438	2.64636434858192	3.2655021438255183	[432, 15, 1557, 734, 19, 132, 1108, 1086, 1112]	652807
155	0.1360038106702781	0.24429546081680353	2.64636434858192	3.952327427679287	[3082, 305, 3083, 19, 734, 1203, 174, 1086, 1112]	640492
156	0.13681307849706048	0.24573044664967092	2.64636434858192	4.037926594688017	[1807, 157, 651, 19, 241, 132, 1108, 1086, 1112]	634761
157	0.137621588317704	0.24702377578778878	2.64636434858192	4.518014142504142	[157, 10, 301, 1580, 438, 3366, 150, 1086, 1112]	669062
158	0.13842934084220015	0.24845358090103897	2.64636434858192	3.9042693173981906	[318, 158, 10, 734, 19, 1987, 334, 1086, 1112]	630347
159	0.13923633677987546	0.24988067099806932	2.64636434858192	4.0047655418827715	[1851, 159, 807, 811, 3459, 1203, 174, 1086, 1096]	681427
160	0.14004257683939214	0.25076990456731074	2.64636434858192	3.120450560285443	[2627, 438, 107, 10, 734, 1203, 174, 1086, 1112]	666297
161	0.14084806172874842	0.2519118495382492	2.64636434858192	4.88102550710537	[4196, 1663, 1546, 107, 10, 158, 1115, 1086, 1112]	675400
162	0.1416527921552796	0.2537382366243375	2.64636434858192	3.638789982353911	[2297, 400, 19, 241, 1587, 132, 1108, 1086, 1112]	679825
163	0.14245676882565828	0.2553324237409237	2.64636434858192	3.5824100321781165	[3284, 813, 669, 668, 670, 132, 1108, 1086, 1112]	680270
164	0.14325999244589527	0.25674645179914135	2.64636434858192	3.210691818110339	[1792, 496, 438, 10, 734, 1203, 174, 1086, 1112]	632322
165	0.14406246372134002	0.2578615870094907	2.64636434858192	3.6601160501545493	[377, 162, 1549, 232, 320, 836, 1089, 1086, 1112]	659670
166	0.14486418335668128	0.2591142319002444	2.64636434858192	4.187164655079614	[1580, 301, 2729, 1676, 241, 132, 1108, 1086, 1112]	669009
167	0.14566515205594777	0.2605210787906248	2.64636434858192	5.020089399109508	[781, 768, 386, 3821, 1819, 132, 1108, 1086, 1112]	750051
168	0.14646537052250896	0.2621258507550548	2.64636434858192	4.228625618506918	[1579, 1580, 301, 10, 161, 1713, 174, 1086, 1096]	681737
169	0.1472648394590752	0.2637021199947748	2.64636434858192	4.727835278221589	[158, 10, 1820, 841, 1268, 1010, 1105, 1086, 1112]	680833
170	0.1480635595676988	0.2649449067328238	2.64636434858192	3.4658679217551516	[398, 347, 107, 10, 734, 1203, 174, 1086, 1112]	757174
171	0.14886153154977455	0.26634068192077687	2.64636434858192	4.329815638102485	[160, 87, 1265, 415, 2558, 255, 174, 1086, 1112]	759092
172	0.14965875610604018	0.26775591980287416	2.64636434858192	3.520745493762818	[5420, 435, 422, 19, 241, 132, 1108, 1086, 1112]	682861
173	0.150455233936577	0.2691463572381443	2.64636434858192	3.6075375772901115	[107, 162, 10, 811, 3459, 1203, 174, 1086, 1112]	673334
174	0.15125096574081076	0.27070762905800905	2.64636434858192	4.389034939909255	[669, 668, 324, 671, 670, 132, 1094, 1086, 1112]	678926
175	0.15204595221751205	0.2720924615766164	2.64636434858192	4.1227602801101275	[394, 193, 842, 157, 320, 836, 1089, 1086, 1096]	562599
176	0.15284019406479676	0.2734746644761834	2.64636434858192	4.9087563254809465	[2627, 1676, 2728, 496, 1879, 836, 1089, 1086, 1096]	717782
177	0.1536336919801271	0.2748542427500188	2.64636434858192	4.752394736026026	[1807, 157, 1805, 162, 420, 158, 1115, 1086, 1096]	660213
178	0.15442644666031202	0.2760782059784018	2.64636434858192	4.439941819190936	[1549, 162, 481, 1529, 156, 1713, 174, 1086, 1096]	756961
179	0.15521845880150753	0.2778179777459555	2.64636434858192	3.565347797175413	[734, 19, 1126, 241, 1209, 132, 1108, 1086, 1112]	672464
180	0.15600972909921784	0.27918930862588676	2.64636434858192	2.834148594969533	[1792, 232, 1799, 10, 734, 1203, 174, 1086, 1112]	674873
181	0.1568002582482957	0.28094910035287435	2.64636434858192	4.272169536604385	[2260, 1553, 10, 232, 320, 836, 1089, 1086, 1096]	639807
182	0.15759004694294287	0.282027923290445	2.64636434858192	3.5984328102971928	[1549, 162, 10, 811, 3459, 1203, 174, 1086, 1112]	657160
183	0.15837909587671095	0.2833912600246483	2.64636434858192	3.687671552861664	[193, 394, 432, 19, 241, 132, 1108, 1086, 1112]	624037
184	0.159167405742502	0.284600813742778	2.64636434858192	3.5052609954696345	[2238, 1549, 157, 10, 734, 1203, 174, 1086, 1112]	622474
185	0.1599549772325689	0.2863201034741548	2.64636434858192	3.5463912373508695	[1879, 496, 1792, 232, 320, 836, 1089, 1086, 1112]	654655
186	0.16074181103851626	0.2872718942216934	2.64636434858192	3.430976720554627	[320, 232, 107, 734, 19, 132, 1108, 1086, 1112]	744616
187	0.1615279078513009	0.2889847646541288	2.64636434858192	3.9159060522303575	[1819, 1513, 2680, 241, 1209, 132, 1108, 1086, 1112]	683920
188	0.1623132683612324	0.29050365706362014	2.64636434858192	4.326753751432848	[1019, 1799, 232, 10, 158, 420, 458, 1086, 1112]	691714
189	0.16309789325797364	0.2920193047688675	2.64636434858192	4.174844364964777	[320, 317, 324, 671, 670, 132, 1108, 1086, 1112]	689288
190	0.1638817832305418	0.29276533149493766	2.64636434858192	4.321897735176072	[10, 232, 1549, 162, 420, 1822, 1094, 1086, 1112]	683520
191	0.1646649389673085	0.29382642603358977	2.64636434858192	3.767886943838805	[2047, 232, 10, 158, 420, 1822, 1094, 1086, 1112]	592514
192	0.16544736115600067	0.2955235442266395	2.64636434858192	3.5081387181979187	[1819, 1513, 1031, 241, 1209, 132, 1108, 1086, 1112]	663245
193	0.16622905048370096	0.29658050050030493	2.64636434858192	3.061821822234074	[545, 132, 241, 19, 734, 1203, 174, 1086, 1112]	563112
194	0.1670100076368486	0.29776779228669037	2.64636434858192	3.7420575802424922	[190, 195, 10, 232, 320, 836, 1089, 1086, 1112]	680544
195	0.16779023330123966	0.29926792212494513	2.64636434858192	2.929114272143794	[193, 842, 157, 10, 734, 1203, 174, 1086, 1112]	744854
196	0.1685697281620281	0.30045067785052515	2.64636434858192	4.241286272922679	[158, 10, 301, 2728, 496, 217, 261, 1086, 1112]	758940
197	0.169348492903726	0.30213187624894045	2.64636434858192	3.270354725875218	[2627, 301, 2729, 496, 217, 132, 1108, 1086, 1112]	591123
198	0.17012652821020435	0.30345703815927505	2.64636434858192	4.084975188465999	[255, 1265, 415, 733, 734, 1203, 174, 1086, 1112]	680761
199	0.1709038347646935	0.3046327231353758	2.64636434858192	3.844538423450156	[10, 158, 420, 3, 19, 132, 1108, 1086, 1112]	686689
200	0.1716804132497839	0.30611818789918577	2.64636434858192	3.8539030891336434	[1456, 2004, 19, 1126, 241, 132, 1108, 1086, 1112]	697855
201	0.17245626434742656	0.3074566944811703	2.64636434858192	3.9997868559616654	[1580, 438, 2627, 301, 10, 158, 1115, 1086, 1112]	672659
202	0.17323138873893396	0.3091210556051207	2.64636434858192	3.083452559755883	[1526, 621, 1917, 10, 734, 1203, 174, 1086, 1112]	670291
203	0.17400578710498016	0.3104329459617733	2.64636434858192	5.355913686329422	[2004, 19, 400, 654, 161, 1713, 174, 1086, 1112]	633382
204	0.17477946012560186	0.31209015438174126	2.64636434858192	3.622656217751225	[1580, 1579, 4018, 241, 1031, 132, 1108, 1086, 1112]	631795
205	0.1755524084801986	0.31325126764353906	2.64636434858192	3.9996066124060006	[420, 1879, 232, 10, 734, 19, 334, 1086, 1096]	588423
206	0.17632463284753375	0.31471832120997434	2.64636434858192	3.9748665611689074	[2872, 241, 1031, 1511, 2327, 387, 344, 1086, 1112]	638439
207	0.17709613390573486	0.3158749984262963	2.64636434858192	3.8934991739012927	[1647, 1697, 241, 19, 132, 1713, 174, 1086, 1112]	668942
208	0.17786691233229424	0.3173364470990917	2.64636434858192	3.5513013762364167	[1792, 496, 1512, 1031, 241, 132, 1108, 1086, 1112]	683331
209	0.17863696880406965	0.31824687326703605	2.64636434858192	4.048492295764868	[160, 320, 157, 651, 734, 1203, 174, 1086, 1112]	574957
210	0.17940630399728497	0.31956198346520914	2.64636434858192	3.493803779530599	[119, 409, 19, 1126, 241, 132, 1108, 1086, 1112]	626047
211	0.18017491858753054	0.3208540478412246	2.64636434858192	3.9110788143679383	[193, 232, 1799, 10, 734, 19, 334, 1086, 1112]	673057
212	0.18094281324976402	0.32248621165142066	2.64636434858192	3.102189906145485	[1530, 156, 1529, 2229, 734, 1203, 174, 1086, 1112]	671408
213	0.18170998865831067	0.3237727232937927	2.64636434858192	4.370787708943976	[1265, 87, 1743, 1742, 400, 19, 334, 1086, 1112]	687065
214	0.18247644548686437	0.32542366879356366	2.64636434858192	3.7275864172701008	[3889, 1094, 132, 19, 734, 1203, 174, 1086, 1112]	677892
215	0.18324218440848794	0.3265622766056887	2.64636434858192	3.877264041843623	[1549, 107, 10, 232, 1879, 836, 1089, 1086, 1112]	689011
216	0.18400720609561372	0.32820641167256936	2.64636434858192	5.0793690833629235	[3895, 1030, 1032, 132, 1094, 3634, 234, 1086, 1112]	585402
217	0.1847715112200441	0.3296415176046653	2.64636434858192	3.1524131692906527	[87, 415, 733, 734, 19, 132, 1108, 1086, 1112]	644915
218	0.1855351004529524	0.3309144422402901	2.64636434858192	4.030710888573669	[2627, 438, 3366, 496, 1879, 836, 1089, 1086, 1112]	674200
219	0.18629797446488328	0.33275214061060177	2.64636434858192	3.418585017875798	[2297, 400, 19, 1126, 241, 132, 1108, 1086, 1112]	669668
220	0.18706013392575316	0.334019158572767	2.64636434858192	2.7726098074410324	[193, 1265, 415, 10, 734, 1203, 174, 1086, 1112]	752126
221	0.18782157950485112	0.33528377063059867	2.64636434858192	3.367370973882611	[2636, 162, 3284, 811, 3459, 1203, 174, 1086, 1112]	650572
222	0.1885823118708394	0.3360717625704428	2.573383403550841	2.573383403550841	[1019, 1799, 232, 10, 734, 1203, 174, 1086, 1112]	680416
223	0.18934233169175374	0.33733247699698543	2.573383403550841	3.939428272740103	[1606, 1019, 1799, 232, 320, 836, 1089, 1086, 1096]	643862
224	0.19010163963500426	0.3387480875502755	2.573383403550841	3.880059004278941	[158, 1557, 15, 432, 422, 19, 334, 1086, 1112]	676694
225	0.19086023636737603	0.34000371997951495	2.573383403550841	4.344466474757926	[1580, 438, 2627, 301, 10, 232, 1023, 1086, 1112]	689156
226	0.1916181225550294	0.3412569681240851	2.573383403550841	3.7885828742910066	[1265, 808, 331, 241, 132, 1713, 174, 1086, 1112]	649583
227	0.1923752988635009	0.34250783651143635	2.573383403550841	4.122456001729536	[1549, 162, 107, 10, 438, 132, 1108, 1086, 1112]	671041
228	0.19313176595770365	0.34391239130404494	2.573383403550841	4.3107607570388495	[2627, 261, 217, 132, 19, 3308, 334, 1086, 1112]	572719
229	0.19388752450192792	0.3453139456439106	2.573383403550841	3.88507520067012	[846, 162, 107, 811, 3459, 1203, 174, 1086, 1096]	750107
230	0.19464257515984174	0.3464189809401328	2.573383403550841	4.2177964807848705	[1872, 193, 394, 432, 422, 19, 334, 1086, 1112]	674755
231	0.1953969185944916	0.34766004732832156	2.573383403550841	3.574024676621928	[2267, 261, 217, 241, 19, 132, 1108, 1086, 1112]	674807
232	0.19615055546830296	0.34922778937156174	2.573383403550841	3.604905049069579	[2264, 232, 1792, 496, 217, 132, 1108, 1086, 1112]	761554
233	0.19690348644308076	0.3503262185465229	2.573383403550841	4.235223036016086	[1580, 438, 3366, 496, 217, 132, 1094, 1086, 1112]	656345
234	0.1976557121800101	0.3511926482962131	2.573383403550841	3.324818004386314	[1549, 162, 107, 10, 734, 19, 334, 1086, 1112]	649788
235	0.1984072333396567	0.3521660818228606	2.573383403550841	4.146720351799966	[1879, 496, 438, 1580, 301, 2627, 261, 1086, 1112]	702727
236	0.19915805058196756	0.3533962352048159	2.573383403550841	4.589820719134687	[2627, 438, 3366, 2975, 2156, 8, 174, 1086, 1112]	613526
237	0.1999081645662717	0.35477752986837985	2.573383403550841	4.306570146681515	[320, 232, 1799, 1851, 159, 1713, 174, 1086, 1112]	656914
238	0.2006575759512803	0.3563777840105714	2.573383403550841	5.0383588719277705	[1530, 156, 1526, 1758, 2919, 1203, 174, 1086, 1112]	568493
239	0.20140628539508776	0.3574641448110937	2.573383403550841	3.520745493762818	[5420, 435, 422, 19, 241, 132, 1108, 1086, 1112]	755101
240	0.202154293555172	0.35883674948221256	2.573383403550841	3.5338672209875197	[320, 232, 1879, 496, 217, 132, 1108, 1086, 1112]	749046
241	0.20290160108839517	0.36020642195341146	2.573383403550841	3.214890377979943	[420, 1917, 10, 734, 19, 132, 1108, 1086, 1096]	702043
242	0.20364820865100408	0.36116633172842993	2.573383403550841	4.507897287798656	[1879, 496, 1792, 232, 10, 494, 636, 1086, 1112]	674719
243	0.20439411689863096	0.36253102767505496	2.573383403550841	4.001884701911912	[2654, 232, 10, 734, 19, 387, 344, 1086, 1112]	681993
244	0.20513932648629385	0.3639144238823573	2.573383403550841	3.604785353620091	[421, 438, 3366, 496, 217, 132, 1108, 1086, 1112]	552467
245	0.20588383806839727	0.3654431024443465	2.573383403550841	3.1136056597975417	[421, 438, 2627, 261, 217, 132, 1108, 1086, 1112]	624084
246	0.2066276522987328	0.36679866222306035	2.573383403550841	2.935613391505804	[249, 318, 158, 10, 734, 1203, 174, 1086, 1112]	577309
247	0.20737076983047964	0.3683204092124992	2.573383403550841	3.788855936242176	[1781, 301, 2627, 261, 217, 132, 1108, 1086, 1112]	658976
248	0.2081131913162052	0.36951988760212395	2.573383403550841	3.9777766814393827	[669, 811, 734, 19, 132, 1713, 174, 1086, 1112]	722601
249	0.20885491740786577	0.37046582398475114	2.573383403550841	3.1384926272002884	[331, 160, 107, 10, 734, 1203, 174, 1086, 1112]	758995
250	0.20959594875680676	0.3714253334741815	2.573383403550841	4.220799714638884	[2607, 1587, 241, 1720, 132, 1713, 174, 1086, 1112]	769800
251	0.21033628601376364	0.3723684110345554	2.573383403550841	4.321922587779774	[1807, 157, 2149, 420, 158, 1713, 174, 1086, 1112]	644149
252	0.21107592982886225	0.373310073655174	2.573383403550841	4.125979219643183	[377, 162, 107, 160, 320, 836, 1089, 1086, 1096]	566916
253	0.2118148808516196	0.3743678546844018	2.573383403550841	4.081332723597301	[1849, 420, 158, 10, 415, 255, 174, 1086, 1112]	543510
254	0.21255313973094436	0.37587141094183596	2.573383403550841	3.3643508926538868	[950, 4588, 1987, 19, 734, 1203, 174, 1086, 1112]	670912
255	0.2132907071151372	0.37758563130973255	2.573383403550841	4.395079732013199	[432, 394, 193, 1265, 159, 1713, 174, 1086, 1112]	573936
256	0.21402758365189178	0.37876751623291827	2.573383403550841	4.81091553803389	[1799, 1019, 10, 438, 80, 148, 1108, 1086, 1112]	672077
257	0.21476376998829494	0.37994715690847425	2.573383403550841	3.1524131692906527	[87, 415, 733, 734, 19, 132, 1108, 1086, 1096]	748300
258	0.21549926677082742	0.3811245575979384	2.573383403550841	2.893350473375099	[2238, 1549, 232, 10, 734, 1203, 174, 1086, 1112]	751101
259	0.21623407464536448	0.3828243497676218	2.573383403550841	4.41994503870207	[3136, 1468, 2307, 420, 545, 132, 1108, 1086, 1112]	692960
260	0.2169681942571765	0.38364743876922724	2.573383403550841	3.958800551095365	[158, 420, 107, 232, 320, 836, 1089, 1086, 1112]	684732
261	0.21770162625092937	0.3851286937801197	2.573383403550841	4.194804723444134	[241, 1720, 132, 1032, 1729, 1822, 1094, 1086, 1112]	640655
262	0.2184343712706851	0.38660638895116506	2.573383403550841	3.432769812377658	[3869, 438, 2729, 496, 217, 132, 1108, 1086, 1112]	678541
263	0.21916642995990254	0.3880805328375816	2.573383403550841	3.8652629352802172	[4356, 669, 813, 19, 241, 132, 1108, 1086, 1112]	568650
264	0.21989780296143768	0.3892424892910693	2.573383403550841	4.48354477155618	[1917, 10, 494, 1580, 438, 2627, 261, 1086, 1112]	561542
265	0.22062849091754466	0.3904022393385309	2.573383403550841	3.720903532556137	[2764, 400, 654, 493, 217, 132, 1108, 1086, 1112]	620159
266	0.22135849446987577	0.3915597871696481	2.573383403550841	4.167773501693279	[1606, 1019, 1799, 10, 734, 19, 334, 1086, 1096]	672847
267	0.22208781425948243	0.39302202675584164	2.573383403550841	3.8529085796859777	[988, 420, 3, 19, 734, 1203, 174, 1086, 1112]	758095
268	0.22281645092681557	0.39448075220118395	2.573383403550841	3.6930438924536517	[457, 540, 19, 241, 1031, 132, 1108, 1086, 1112]	688275
269	0.22354440511172624	0.39564880630573407	2.573383403550841	3.4267184451453643	[1550, 420, 162, 107, 734, 1203, 174, 1086, 1112]	683976
270	0.2242716774534662	0.39655554034977125	2.573383403550841	3.6374313085878107	[3075, 334, 1987, 19, 734, 1203, 174, 1086, 1112]	678944
271	0.2249982685906884	0.39746091398179106	2.573383403550841	4.883389629875027	[257, 320, 232, 1549, 107, 1546, 234, 1086, 1112]	685657
272	0.2257241791614476	0.39890897163022654	2.573383403550841	3.579329138206197	[669, 668, 324, 671, 670, 132, 1108, 1086, 1112]	626563
273	0.22644940980320105	0.3998251292713937	2.5606421040991183	2.5606421040991183	[420, 158, 10, 734, 19, 132, 1108, 1086, 1112]	572957
274	0.22717396115280875	0.4011072411168223	2.5606421040991183	5.341372226627194	[157, 320, 232, 193, 1265, 255, 234, 1086, 1112]	668253
275	0.22789783384653428	0.4022625126424457	2.5606421040991183	3.7333376221975305	[3543, 359, 158, 651, 734, 1203, 174, 1086, 1112]	753588
276	0.22862102852004518	0.4029711042208811	2.5606421040991183	4.651282688037866	[2309, 420, 158, 19, 132, 217, 261, 1086, 1112]	666063
277	0.22934354580841365	0.4038668523069695	2.5606421040991183	2.895592340016658	[1851, 159, 10, 734, 19, 132, 1108, 1086, 1112]	677919
278	0.23006538634611695	0.40532225549957945	2.5606421040991183	4.329566004544736	[1456, 1603, 159, 10, 734, 1203, 174, 1086, 1112]	679911
279	0.23078655076703825	0.4062144760524564	2.5606421040991183	3.195545974171699	[3131, 162, 1549, 107, 734, 1203, 174, 1086, 1112]	679512
280	0.23150703970446684	0.40764149662163573	2.5606421040991183	4.511306872908148	[421, 438, 1580, 301, 10, 232, 1023, 1086, 1096]	687810
281	0.23222685379109886	0.408766309317938	2.5606421040991183	3.640975902677553	[1873, 10, 734, 19, 241, 132, 1094, 1086, 1096]	638320
282	0.2329459936590378	0.4100293207421245	2.5606421040991183	3.5984627064676165	[2404, 1743, 1742, 400, 19, 132, 1108, 1086, 1112]	628402
283	0.23366445993979512	0.41114959926719097	2.5606421040991183	4.012973638723215	[1819, 1513, 1031, 241, 132, 387, 344, 1086, 1112]	673462
284	0.23438225326429085	0.411934912635033	2.5606421040991183	4.3100906017447125	[77, 19, 734, 10, 158, 1546, 234, 1086, 1096]	756688
285	0.23509937426285388	0.41281721193449183	2.5606421040991183	3.6899305992422837	[2340, 160, 331, 241, 19, 132, 1108, 1086, 1112]	674522
286	0.2358158235652229	0.4136981874824296	2.5606421040991183	4.1074906693645366	[988, 420, 158, 10, 159, 1713, 174, 1086, 1112]	678212
287	0.23653160180054655	0.41495066327821295	2.5606421040991183	3.966051321175158	[87, 1265, 808, 331, 241, 132, 1094, 1086, 1112]	684770
288	0.23724670959738436	0.4158284379174989	2.5606421040991183	4.31754649199328	[1580, 438, 10, 162, 107, 836, 1089, 1086, 1112]	678230
289	0.237961147583707	0.41681445280334417	2.5606421040991183	3.866676375877492	[841, 1820, 10, 734, 19, 132, 1094, 1086, 1112]	651158
290	0.23867491638689708	0.4176894311191828	2.5606421040991183	4.15616425785892	[377, 162, 10, 734, 19, 422, 636, 1086, 1112]	573924
291	0.2393880166337493	0.4185630966674865	2.5606421040991183	4.070812910803305	[377, 162, 107, 232, 10, 158, 1115, 1086, 1112]	673948
292	0.24010044895047156	0.4192523646183963	2.5606421040991183	3.757911640825996	[1879, 420, 158, 10, 734, 19, 334, 1086, 1112]	659322
293	0.24081221396268515	0.4202326003069745	2.5606421040991183	4.176648563408967	[1579, 1580, 301, 10, 157, 1713, 174, 1086, 1112]	680472
294	0.24152331229542523	0.42110245022935344	2.5606421040991183	4.4960695994325315	[846, 10, 438, 2729, 496, 3366, 150, 1086, 1112]	673328
295	0.2422337445731415	0.42233910881345826	2.5606421040991183	3.188652513496571	[1582, 420, 1917, 10, 734, 1203, 174, 1086, 1112]	645412
296	0.24294351141969905	0.42374941372358166	2.5606421040991183	3.770394259547155	[190, 196, 1078, 334, 19, 132, 1108, 1086, 1112]	688943
297	0.2436526134583783	0.42472205890682213	2.5606421040991183	3.246511038076628	[811, 734, 19, 241, 1031, 132, 1108, 1086, 1112]	642013
298	0.24436105131187613	0.42569306237606697	2.5606421040991183	4.045652685305399	[87, 415, 10, 734, 19, 1987, 334, 1086, 1096]	683785
299	0.24506882560230592	0.42678359746812633	2.5606421040991183	3.926090570741164	[456, 457, 540, 19, 241, 132, 1108, 1086, 1112]	631062
300	0.2457759369511986	0.42787206177414927	2.5606421040991183	3.8341573268792892	[2636, 162, 10, 232, 1192, 836, 1089, 1086, 1112]	628753
301	0.24648238597950267	0.4289584592262925	2.5606421040991183	3.9593657197258345	[1807, 157, 10, 232, 1192, 836, 1089, 1086, 1112]	670224
302	0.24718817330758525	0.4301976986810965	2.5606421040991183	3.751020227638218	[1791, 420, 158, 10, 301, 2627, 261, 1086, 1112]	680779
303	0.24789329955523232	0.4314149277183378	2.5606421040991183	3.537616959318256	[10, 301, 2728, 496, 217, 132, 1108, 1086, 1112]	683389
304	0.24859776534164924	0.43217321447073287	2.5606421040991183	4.317675317120271	[3284, 811, 734, 10, 157, 1713, 174, 1086, 1112]	756172
305	0.2493015712854615	0.43313164124028947	2.5606421040991183	4.160738434581112	[193, 1265, 415, 10, 438, 2627, 261, 1086, 1096]	662160
306	0.250004718004715	0.43408845029490895	2.5606421040991183	3.528302132156999	[119, 409, 19, 241, 1720, 132, 1108, 1086, 1112]	634460
307	0.2507072061168769	0.4352973677900065	2.5606421040991183	3.676563104354547	[542, 2727, 1512, 1031, 241, 132, 1108, 1086, 1112]	701960
308	0.25140903623883604	0.43625052134553066	2.5606421040991183	4.533624300385265	[10, 301, 1580, 438, 496, 217, 261, 1086, 1112]	625589
309	0.2521102089869032	0.4376053575102047	2.5606421040991183	3.1351435697269965	[813, 3284, 2308, 651, 734, 1203, 174, 1086, 1112]	620141
310	0.2528107249768121	0.4384625357490247	2.5606421040991183	3.344303613749731	[2689, 1549, 162, 107, 734, 1203, 174, 1086, 1112]	670140
311	0.2535105848237198	0.43981205586956196	2.5606421040991183	4.216192472460892	[2004, 19, 299, 1511, 1031, 132, 1108, 1086, 1096]	678005
312	0.25420978914220693	0.44100874642403987	2.5606421040991183	3.434546513106149	[432, 422, 19, 241, 1587, 132, 1108, 1086, 1112]	763884
313	0.2549083385462786	0.44220288057169355	2.5606421040991183	3.2308870043034217	[19, 734, 10, 232, 320, 836, 1089, 1086, 1112]	763795
314	0.25560623364936474	0.44303976753928576	2.5606421040991183	3.834499517270503	[1849, 420, 158, 10, 438, 2627, 261, 1086, 1112]	583357
315	0.25630347506432083	0.4438753988894283	2.5606421040991183	3.637006232631254	[3819, 438, 3366, 496, 217, 132, 1108, 1086, 1112]	685279
316	0.2570000634034282	0.444709776505978	2.5606421040991183	4.200351140210715	[837, 162, 347, 422, 19, 132, 1108, 1086, 1112]	691760
317	0.2576959992783947	0.4457642013010241	2.5606421040991183	2.8945228208283016	[1582, 420, 107, 10, 734, 1203, 174, 1086, 1096]	669294
318	0.2583912833003553	0.4466996880368683	2.5606421040991183	3.956964784730329	[196, 1078, 334, 1987, 19, 132, 1108, 1086, 1112]	567352
319	0.2590859160798725	0.4476335957779326	2.5606421040991183	3.9752833856970886	[1820, 10, 232, 193, 1265, 255, 174, 1086, 1112]	697396
320	0.2597798982269369	0.44856592718937993	2.5606421040991183	4.559690096837208	[394, 193, 232, 1549, 107, 836, 1089, 1086, 1112]	745120
321	0.2604732303509677	0.44989116624070546	2.5606421040991183	4.147588991433488	[2796, 1791, 1792, 232, 320, 836, 1089, 1086, 1112]	668432
322	0.2611659130608134	0.45095233297249426	2.5606421040991183	3.5898186309446594	[196, 1078, 334, 19, 734, 1203, 174, 1086, 1112]	677753
323	0.26185794696475206	0.4516845638955991	2.5606421040991183	3.8151395453541177	[87, 1265, 415, 733, 734, 19, 334, 1086, 1112]	687761
324	0.2625493326704922	0.45261005773547436	2.5606421040991183	4.4911037115673444	[377, 162, 107, 10, 494, 2627, 261, 1086, 1112]	681856
325	0.26324007078517286	0.45343133036833005	2.5606421040991183	4.128824845566302	[734, 10, 415, 87, 1265, 255, 174, 1086, 1112]	589759
326	0.26393016191536467	0.45459892701366134	2.5606421040991183	4.191420951041564	[269, 1402, 1078, 334, 19, 132, 1108, 1086, 1096]	566751
327	0.26461960666706996	0.4556345735823746	2.5606421040991183	4.494884729700869	[2340, 160, 107, 232, 320, 836, 1089, 1086, 1112]	664036
328	0.26530840564572356	0.45620819255191947	2.5606421040991183	4.107515209542944	[420, 158, 10, 415, 1265, 255, 174, 1086, 1096]	677237
329	0.26599655945619305	0.45725717366196594	2.5606421040991183	3.4528470814823207	[2299, 2297, 400, 19, 241, 132, 1108, 1086, 1112]	666727
330	0.2666840687027795	0.45828777256180486	2.5606421040991183	3.622602562079857	[432, 394, 193, 232, 320, 836, 1089, 1086, 1112]	673125
331	0.2673709339892181	0.4595896474980462	2.5606421040991183	3.308835363293915	[1819, 241, 1126, 19, 734, 1203, 174, 1086, 1112]	678134
332	0.2680571559186783	0.46061581732972856	2.5606421040991183	4.222011752473147	[1580, 1579, 1583, 162, 10, 158, 1115, 1086, 1096]	643988
333	0.2687427350937648	0.46125523362444854	2.5606421040991183	3.840914092745672	[1792, 232, 10, 734, 19, 132, 261, 1086, 1112]	637711
334	0.26942767211651786	0.46227824072205836	2.5606421040991183	3.494558840601244	[2078, 434, 422, 19, 734, 1203, 174, 1086, 1112]	677146
335	0.2701119675884137	0.46291568628674973	2.5606421040991183	4.239301802710118	[3284, 813, 19, 241, 132, 1713, 174, 1086, 1112]	675884
336	0.27079562211036523	0.46372149694261233	2.5606421040991183	3.804635214801535	[846, 10, 301, 1580, 438, 2627, 261, 1086, 1112]	556756
337	0.2714786362827225	0.46473982092302735	2.5606421040991183	3.980505707140507	[838, 1851, 159, 651, 734, 1203, 174, 1086, 1112]	569379
338	0.2721610107052733	0.4658832600262801	2.5606421040991183	4.430281627186022	[811, 734, 2229, 1529, 156, 1713, 174, 1086, 1112]	670240
339	0.27284274597724356	0.466684618303847	2.5606421040991183	2.890588526205426	[2047, 232, 107, 10, 734, 1203, 174, 1086, 1112]	753956
340	0.273523842697298	0.4678239028716794	2.5606421040991183	4.384701147845709	[2149, 420, 1791, 1792, 496, 217, 261, 1086, 1112]	680739
341	0.2742043014635406	0.46883443691028026	2.5606421040991183	4.203436415190513	[77, 19, 241, 132, 1032, 1729, 1094, 1086, 1112]	688041
342	0.27488412287351494	0.46954281957710464	2.5606421040991183	3.9135296389144916	[157, 10, 734, 19, 241, 217, 261, 1086, 1112]	628603
343	0.2755633075242051	0.4705500896137149	2.5606421040991183	3.276977981408388	[1537, 156, 1529, 2229, 734, 1203, 174, 1086, 1112]	668807
344	0.2762418560120359	0.4715554469739319	2.5606421040991183	4.643695851803872	[669, 668, 670, 132, 19, 422, 636, 1086, 1112]	569443
345	0.2769197689328736	0.4724474010323768	2.5606421040991183	4.357391972894958	[158, 10, 232, 1792, 496, 2627, 261, 1086, 1112]	564151
346	0.27759704688202635	0.47344915564196166	2.5606421040991183	4.312994633925526	[837, 162, 3284, 811, 734, 19, 334, 1086, 1112]	746671
347	0.27827369045424455	0.4743379133364317	2.5606421040991183	4.654638017497896	[158, 420, 162, 1804, 157, 1713, 174, 1086, 1112]	759306
348	0.27894970024372157	0.4753360781060294	2.5606421040991183	4.1552315839471765	[1579, 1580, 301, 2729, 438, 254, 174, 1086, 1112]	677400
349	0.2796250768440943	0.476221650890862	2.5606421040991183	3.497062871534239	[811, 734, 10, 232, 320, 836, 1089, 1086, 1112]	682265
350	0.2802998208484436	0.47721623868485175	2.5606421040991183	2.863140229739934	[1917, 10, 734, 19, 241, 132, 1108, 1086, 1112]	645527
351	0.28097393284929484	0.47833302528434085	2.5606421040991183	4.924526119864624	[2051, 1849, 420, 2764, 370, 1713, 174, 1086, 1112]	684470
352	0.2816474134386182	0.47932360384961037	2.5606421040991183	3.62949323665993	[1020, 1018, 107, 10, 734, 1203, 174, 1086, 1096]	656427
353	0.28232026320782955	0.4803123014334463	2.5606421040991183	3.9357409176271467	[420, 158, 651, 811, 734, 1203, 174, 1086, 1096]	624138
354	0.2829924827477909	0.4811894749215746	2.5606421040991183	4.039639099741562	[157, 842, 193, 1265, 734, 1203, 174, 1086, 1112]	564614
355	0.28366407264881055	0.4822977737727553	2.5606421040991183	4.730283738293858	[457, 540, 1578, 241, 132, 1713, 174, 1086, 1112]	690802
356	0.28433503350064404	0.48307450465058255	2.5606421040991183	4.19884813312305	[3819, 438, 1580, 301, 10, 158, 1115, 1086, 1112]	757292
357	0.2850053658924946	0.4841787766438217	2.5606421040991183	3.7104259992945208	[1548, 241, 1126, 19, 734, 1203, 174, 1086, 1112]	666418
358	0.28567507041301343	0.48515825487827624	2.5606421040991183	4.232918965159381	[3869, 438, 2627, 301, 10, 158, 1115, 1086, 1112]	758753
359	0.2863441476503005	0.48593069405348455	2.5606421040991183	3.7481416985927423	[1020, 1018, 157, 10, 734, 1203, 174, 1086, 1112]	676072
360	0.28701259819190483	0.4870288645678966	2.5606421040991183	4.103414141485961	[1529, 2229, 494, 217, 241, 132, 1108, 1086, 1112]	595328
361	0.2876804226248252	0.48800293085154045	2.5606421040991183	4.011868160230064	[1917, 10, 107, 162, 1192, 836, 1089, 1086, 1112]	644475
362	0.2883476215355103	0.48897514750845217	2.5606421040991183	2.713548092949771	[87, 1265, 415, 10, 734, 1203, 174, 1086, 1112]	638584
363	0.28901419550985996	0.48974186003576714	2.5606421040991183	3.9469548164822896	[1792, 232, 3, 19, 241, 132, 1108, 1086, 1112]	564402
364	0.2896801451332248	0.4908318890212864	2.5606421040991183	3.63474890806199	[1579, 1580, 301, 10, 734, 19, 334, 1086, 1112]	673588
365	0.29034547099040753	0.4917987338500762	2.5606421040991183	4.016982432460341	[394, 193, 415, 733, 734, 1203, 174, 1086, 1112]	753660
366	0.29101017366566284	0.4930200732577089	2.5606421040991183	3.8244339402607537	[160, 331, 241, 1729, 1032, 132, 1108, 1086, 1112]	754559
367	0.2916742537426983	0.4938757974781941	2.5606421040991183	3.1937959864099907	[1555, 2229, 734, 19, 241, 132, 1108, 1086, 1112]	769955
368	0.2923377118046746	0.4947300773339167	2.5606421040991183	4.1930206991225605	[1579, 1583, 162, 107, 10, 158, 1115, 1086, 1112]	648942
369	0.2930005484342064	0.495809450337659	2.5606421040991183	3.8411373262674493	[1849, 420, 162, 3284, 734, 1203, 174, 1086, 1112]	639604
370	0.29366276421336257	0.49656590906700493	2.5606421040991183	3.7312398877901387	[1807, 157, 158, 10, 734, 1203, 174, 1086, 1112]	684376
371	0.2943243597236668	0.4974156483215697	2.5606421040991183	4.525980155323039	[420, 158, 10, 415, 1265, 193, 1115, 1086, 1112]	654635
372	0.29498533554609796	0.49836999143727856	2.5606421040991183	4.037588319506024	[1849, 420, 1792, 496, 217, 132, 1108, 1086, 1112]	652821
373	0.29564569226109105	0.4991226084768745	2.5606421040991183	3.645252108232347	[1549, 107, 10, 811, 3459, 1203, 174, 1086, 1112]	758367
374	0.2963054304485371	0.5000737102945454	2.5606421040991183	4.473034147647418	[1873, 10, 107, 420, 1879, 836, 1089, 1086, 1096]	671757
375	0.29696455068778405	0.5010230060920546	2.5606421040991183	3.905537083271506	[1456, 1603, 2004, 19, 241, 132, 1108, 1086, 1112]	747848
376	0.2976230535576372	0.5019704992988027	2.5606421040991183	3.440051489008513	[107, 420, 158, 1557, 734, 1203, 174, 1086, 1112]	673765
377	0.2982809396363598	0.503186391634499	2.5606421040991183	4.42486851302161	[2607, 1587, 241, 1720, 132, 217, 261, 1086, 1112]	633705
378	0.2989382095016735	0.5039317824220844	2.5606421040991183	3.986648553309765	[432, 347, 422, 19, 734, 1203, 174, 1086, 1112]	644511
379	0.2995948637307585	0.5046760548678675	2.5606421040991183	4.148227397012568	[2490, 390, 162, 107, 734, 1203, 174, 1086, 1096]	651226
380	0.3002509029002548	0.5057341809713601	2.5606421040991183	3.2694614682549403	[2149, 161, 10, 734, 19, 132, 1108, 1086, 1112]	622869
381	0.300906327586262	0.5065684452299444	2.5606421040991183	4.449915148533378	[19, 734, 733, 415, 2558, 255, 174, 1086, 1112]	640025
382	0.3015611383643402	0.507401301345731	2.5606421040991183	4.584723905130841	[1792, 232, 10, 734, 811, 3459, 487, 1086, 1112]	668448
383	0.3022153358095103	0.5081403683233073	2.5606421040991183	2.953644545786932	[837, 162, 1549, 107, 734, 1203, 174, 1086, 1112]	678298
384	0.3028689204962548	0.5089705712124222	2.5606421040991183	4.366303608877378	[1580, 438, 2040, 545, 132, 1713, 174, 1086, 1112]	753809
385	0.30352189299851795	0.50970728374704	2.5606421040991183	3.1955499214926615	[846, 10, 107, 734, 19, 132, 1108, 1086, 1112]	755858
386	0.3041742538897064	0.5107546619861058	2.5606421040991183	4.094481810898509	[87, 415, 1265, 734, 19, 132, 1108, 1086, 1112]	761922
387	0.30482600374268987	0.511488697772735	2.5606421040991183	3.7121947207787764	[1265, 415, 10, 734, 19, 132, 1094, 1086, 1112]	648343
388	0.30547714312980123	0.5122216322539573	2.5606421040991183	4.00116598525193	[3895, 1030, 1032, 132, 19, 1987, 334, 1086, 1112]	647593
389	0.3061276726228376	0.5131478607083362	2.5606421040991183	2.8217543651359582	[1555, 2229, 494, 10, 734, 1203, 174, 1086, 1112]	633070
390	0.30677759279306027	0.5139696115221484	2.5606421040991183	4.057441637642792	[2047, 232, 10, 158, 420, 1582, 1087, 1086, 1112]	674289
391	0.30742690421119556	0.5146988237819532	2.5606421040991183	2.6927737052426832	[1743, 1742, 400, 19, 734, 1203, 174, 1086, 1096]	670589
392	0.30807560744743523	0.5154269419732953	2.5606421040991183	3.7539751914460178	[320, 232, 193, 1265, 734, 1203, 174, 1086, 1112]	758535
393	0.30872370307143693	0.5163470839563105	2.5606421040991183	3.3046756228553607	[1791, 420, 107, 734, 19, 132, 1108, 1086, 1112]	670257
394	0.30937119165232463	0.5173802780518628	2.5606421040991183	4.2783960201851565	[157, 320, 232, 1792, 496, 132, 1108, 1086, 1112]	768964
395	0.3100180737586895	0.5184112650067081	2.5606421040991183	3.4109304880621742	[1579, 1580, 438, 2627, 261, 132, 1108, 1086, 1112]	760010
396	0.3106643499585898	0.5190535301234876	2.5606421040991183	4.216269662083814	[1647, 1697, 241, 1720, 132, 19, 334, 1086, 1112]	588446
397	0.31131002081955206	0.5198653128417399	2.5606421040991183	3.8269188975382598	[158, 10, 438, 2627, 261, 132, 1108, 1086, 1112]	647733
398	0.3119550869085709	0.5208909911895511	2.5606421040991183	3.899899659877562	[811, 734, 10, 232, 1192, 836, 1089, 1086, 1112]	658689
399	0.31259954879211005	0.5215299492488548	2.5606421040991183	2.7972272025268525	[1580, 438, 10, 734, 19, 132, 1108, 1086, 1112]	669771
400	0.31324340703610276	0.5221680551693046	2.5606421040991183	3.869383411306395	[382, 409, 19, 241, 132, 1713, 174, 1086, 1112]	568903
401	0.31388666220595196	0.5230753966444064	2.5606421040991183	2.6734830794596824	[1579, 1580, 301, 10, 734, 1203, 174, 1086, 1112]	674788
402	0.31452931486653113	0.5237114414972278	2.5606421040991183	3.845028938988845	[1549, 162, 10, 1019, 19, 132, 1108, 1086, 1112]	634806
403	0.3151713655821845	0.5246158522799751	2.5606421040991183	4.66922325397271	[1799, 232, 1792, 496, 132, 1713, 174, 1086, 1112]	767444
404	0.31581281491672797	0.5256313823806953	2.5606421040991183	4.000059213922495	[1579, 1580, 438, 2040, 1451, 1713, 174, 1086, 1096]	763469
405	0.31645366343344905	0.5264320624355119	2.5606421040991183	3.830468721407394	[811, 3284, 813, 19, 241, 132, 1108, 1086, 1112]	668749
406	0.3170939116951079	0.5273313071086214	2.5606421040991183	4.1738259041620775	[1579, 1580, 301, 2729, 438, 970, 261, 1086, 1096]	677691
407	0.3177335602639375	0.5280404722428464	2.5606421040991183	3.890608036543073	[1794, 1791, 420, 158, 19, 132, 1108, 1086, 1096]	573606
408	0.31837260970164405	0.528669895481358	2.5606421040991183	3.7398373686414255	[119, 123, 19, 241, 1720, 132, 1108, 1086, 1112]	562625
409	0.31901106056940776	0.5298026239277339	2.5606421040991183	3.5456193955308892	[1792, 496, 217, 241, 1031, 132, 1108, 1086, 1112]	676819
410	0.31964891342788315	0.5310940595919948	2.5606421040991183	3.8760943480935017	[2405, 1743, 1742, 400, 1032, 132, 1108, 1086, 1112]	679466
411	0.3202861688371996	0.5319844517314416	2.5606421040991183	3.6181514962465724	[2163, 326, 317, 324, 671, 670, 132, 393, 794]	667802
412	0.320922827356962	0.5326866355530036	2.5606421040991183	4.081212163231427	[1792, 232, 10, 158, 420, 1546, 234, 1086, 1096]	662748
413	0.3215588895462509	0.5334754071461578	2.5606421040991183	2.954364561602663	[3580, 162, 107, 10, 734, 1203, 174, 1086, 1112]	761739
414	0.3221943559636232	0.5342628473829385	2.5606421040991183	4.4837034734548125	[734, 19, 400, 1032, 132, 217, 261, 1086, 1112]	684907
415	0.3228292271671127	0.535382134515769	2.5606421040991183	4.103827213043939	[734, 10, 1799, 232, 1192, 836, 1089, 1086, 1112]	648873
416	0.3234635037142305	0.5360792206479685	2.5606421040991183	4.114275677559393	[1579, 1580, 438, 3366, 496, 132, 1108, 1086, 1112]	634025
417	0.3240971861619655	0.5368622659449072	2.5606421040991183	3.5101282015520283	[1532, 1742, 400, 19, 734, 1203, 174, 1086, 1112]	566324
418	0.32473027506678476	0.5376439895508065	2.5606421040991183	4.213627184817424	[2238, 1549, 162, 107, 10, 232, 1023, 1086, 1112]	669926
419	0.3253627709846343	0.5384243936965301	2.5606421040991183	4.389860733685695	[19, 132, 241, 1031, 1513, 2445, 234, 1086, 1112]	750493
420	0.3259946744709393	0.5394104255703472	2.5606421040991183	3.871106536503648	[318, 158, 10, 811, 3459, 1203, 174, 1086, 1112]	665784
421	0.3266259860806049	0.5405349118360446	2.5606421040991183	3.625192104254949	[1647, 1697, 241, 1126, 19, 132, 1108, 1086, 1112]	670553
422	0.32725670636801607	0.5419771501847735	2.5606421040991183	3.6257413630617314	[2196, 2197, 4018, 241, 1720, 132, 1108, 1086, 1112]	760345
423	0.32788683588703893	0.5429555925519325	2.5606421040991183	4.081332723597301	[1849, 420, 158, 10, 415, 255, 174, 1086, 1112]	633635
424	0.3285163751910206	0.5436413158998699	2.5606421040991183	3.452043262729301	[1549, 162, 107, 811, 3459, 1203, 174, 1086, 1096]	648014
425	0.32914532483279	0.5447380641412299	2.5606421040991183	4.697951808710679	[160, 87, 415, 1018, 1020, 836, 1089, 1086, 1112]	668481
426	0.32977368536465823	0.5457106085598735	2.5606421040991183	4.675006324947707	[2260, 1553, 10, 232, 1192, 836, 1089, 1086, 1112]	627284
427	0.33040145733841897	0.5468023837544509	2.5606421040991183	3.5081387181979187	[1819, 1513, 1031, 241, 1209, 132, 1108, 1086, 1112]	639483
428	0.33102864130534915	0.5476629478043964	2.5606421040991183	3.7437316753995606	[2306, 420, 107, 734, 19, 132, 1108, 1086, 1096]	572613
429	0.3316552378162093	0.5483416085051356	2.5606421040991183	4.6130752256267655	[1794, 107, 1549, 162, 10, 158, 1089, 1086, 1096]	681667
430	0.3322812474212441	0.5491039562917059	2.5606421040991183	4.951009461919824	[1550, 420, 1791, 1794, 107, 1546, 234, 1086, 1112]	770483
431	0.33290667067018276	0.5501875763918654	2.5606421040991183	4.457329434860032	[1742, 400, 2764, 1511, 1031, 132, 1108, 1086, 1112]	755247
432	0.33353150811223975	0.5512685922719662	2.5606421040991183	3.711123709478393	[2004, 19, 1126, 241, 217, 132, 1108, 1086, 1112]	699432
433	0.33415576029611493	0.5520259996441923	2.5606421040991183	2.991294123983124	[1529, 2229, 734, 19, 241, 132, 1108, 1086, 1112]	688752
434	0.33477942776999436	0.5527821285992682	2.5606421040991183	3.3240889061270407	[331, 2626, 494, 10, 734, 1203, 174, 1086, 1112]	619107
435	0.3354025110815505	0.5537374890423239	2.5606421040991183	3.2029914826574055	[1742, 400, 19, 241, 1031, 132, 1108, 1086, 1112]	626487
436	0.336025010777943	0.5544070358480304	2.5606421040991183	3.9829912611408202	[2636, 162, 107, 10, 157, 1713, 174, 1086, 1112]	578834
437	0.3366469274058189	0.555494909295667	2.5606421040991183	3.8317897969071666	[2405, 1743, 1742, 400, 19, 132, 1094, 1086, 1112]	582282
438	0.3372682615113133	0.5561618193683115	2.5606421040991183	4.137361754797255	[420, 158, 10, 734, 19, 1987, 1114, 1086, 1112]	758482
439	0.33788901364004953	0.5570046110524538	2.5606421040991183	4.004421844709983	[4210, 415, 10, 232, 320, 836, 1089, 1086, 1112]	663954
440	0.33850918433714017	0.5578591546268123	2.5606421040991183	4.2565671627373325	[1743, 193, 232, 10, 301, 2627, 261, 1086, 1112]	508646
441	0.339128774147187	0.5586987232893592	2.5606421040991183	3.946472672091823	[420, 2308, 3284, 811, 3459, 1203, 174, 1086, 1112]	653575
442	0.3397477836142817	0.5592872595142057	2.5606421040991183	3.45518396110217	[2411, 1468, 232, 10, 734, 1203, 174, 1086, 1112]	694975
443	0.34036621328200656	0.5603464064964218	2.5606421040991183	4.3840413266166	[545, 132, 1031, 241, 1729, 1822, 1094, 1086, 1112]	576874
444	0.34098406369343437	0.561088491554901	2.5606421040991183	4.225936563150814	[377, 162, 10, 438, 1779, 132, 1108, 1086, 1112]	657144
445	0.3416013353911296	0.5621433097095045	2.5606421040991183	4.3840413266166	[545, 132, 1031, 241, 1729, 1822, 1094, 1086, 1112]	666243
446	0.34221802891714825	0.5629747433119443	2.5606421040991183	3.946029788172978	[2636, 162, 10, 158, 420, 1822, 1094, 1086, 1112]	745247
447	0.34283414481303875	0.5639083299808946	2.5606421040991183	3.7246093965615366	[77, 19, 1126, 241, 1720, 132, 1108, 1086, 1112]	757445
448	0.3434496836198422	0.5644252975315955	2.5606421040991183	3.0736720940164988	[317, 320, 232, 10, 734, 1203, 174, 1086, 1112]	764601
449	0.34406464587809293	0.565252397932333	2.5606421040991183	4.525980155323039	[193, 1265, 415, 10, 158, 420, 458, 1086, 1112]	670856
450	0.34467903212781903	0.5660779277756689	2.5606421040991183	2.9326981114315904	[1743, 1742, 400, 19, 241, 132, 1108, 1086, 1112]	581175
451	0.3452928429085428	0.5665351682980329	2.5606421040991183	4.591530944290478	[158, 10, 301, 1580, 438, 240, 234, 1086, 1112]	640049
452	0.34590607875928103	0.5671855141960769	2.5606421040991183	2.690956155420611	[1791, 420, 107, 10, 734, 1203, 174, 1086, 1112]	635349
453	0.3465187402185459	0.5682256796244539	2.5606421040991183	4.3005142559006435	[2627, 438, 2729, 496, 1792, 232, 1023, 1086, 1112]	564136
454	0.3471308278243449	0.5688015103367365	2.3635521757840072	2.3635521757840072	[1549, 162, 107, 10, 734, 1203, 174, 1086, 1112]	569805
455	0.34774234211418187	0.569854241024391	2.3635521757840072	3.7041628855743722	[2196, 2197, 241, 1126, 19, 132, 1108, 1086, 1112]	761083
456	0.3483532836250569	0.5705802779439582	2.3635521757840072	4.248598000515133	[1579, 1583, 162, 10, 158, 1713, 174, 1086, 1096]	681292
457	0.3489636528934673	0.5716122848748637	2.3635521757840072	3.842194357197438	[1530, 156, 1013, 733, 734, 1203, 174, 1086, 1112]	669818
458	0.3495734504554079	0.5724257381099647	2.3635521757840072	3.56831686413683	[2636, 162, 107, 811, 3459, 1203, 174, 1086, 1112]	684692
459	0.3501826768463713	0.5730672461332049	2.3635521757840072	4.217955294020992	[3131, 162, 107, 420, 158, 1713, 174, 1086, 1096]	678778
460	0.35079133260134865	0.5739792728901225	2.3635521757840072	3.9441875653185425	[377, 162, 107, 1586, 1587, 132, 1108, 1086, 1112]	631681
461	0.35139941825483	0.5747882315190747	2.3635521757840072	3.8784736760920557	[3248, 334, 19, 241, 1720, 132, 1108, 1086, 1112]	626718
462	0.35200693434080477	0.5758101256465122	2.3635521757840072	4.396918542074175	[677, 1546, 158, 1557, 734, 1203, 174, 1086, 1112]	663877
463	0.35261388139276206	0.5767306765891196	2.3635521757840072	4.8967353280753985	[193, 232, 10, 734, 107, 420, 458, 1086, 1112]	677281
464	0.35322025994369155	0.5774451068707256	2.3635521757840072	2.713548092949771	[87, 1265, 415, 10, 734, 1203, 174, 1086, 1112]	678199
465	0.3538260705260834	0.5780086422029739	2.3635521757840072	2.5606421040991183	[420, 158, 10, 734, 19, 132, 1108, 1086, 1112]	765517
466	0.35443131367192926	0.578910112999049	2.3635521757840072	4.267577911887625	[1820, 1557, 15, 432, 19, 132, 1108, 1086, 1112]	654583
467	0.35503598991272234	0.579809658045743	2.3635521757840072	4.91572541461909	[1468, 2229, 494, 1580, 438, 2627, 261, 1086, 1112]	628601
468	0.3556400997794581	0.5808194843832948	2.3635521757840072	4.008061047891808	[2267, 261, 217, 241, 1587, 132, 1108, 1086, 1112]	691270
469	0.3562436438026345	0.5817149505726615	2.3635521757840072	3.7401319594894478	[2153, 158, 1557, 734, 19, 132, 1108, 1086, 1112]	657548
470	0.35684662251225285	0.5825092201435143	2.3635521757840072	3.270354725875218	[2627, 301, 2729, 496, 217, 132, 1108, 1086, 1112]	624604
471	0.3574490364378178	0.5832138969034958	2.3635521757840072	4.052760341774536	[1791, 420, 158, 1557, 734, 19, 334, 1086, 1112]	567219
472	0.358050886108338	0.583839218988903	2.3635521757840072	3.099617699609327	[193, 842, 157, 10, 494, 2229, 734, 19, 794]	631318
473	0.3586521720523269	0.5846294548469426	2.3635521757840072	4.0817972803479305	[1820, 10, 107, 162, 2636, 836, 1089, 1086, 1096]	764500
474	0.35925289479780276	0.5854181901486113	2.3635521757840072	4.112938357257527	[1799, 232, 193, 1265, 415, 255, 174, 1086, 1112]	756297
475	0.35985305487228914	0.5863178902567958	2.3635521757840072	3.0238730246629197	[2607, 1587, 132, 19, 734, 1203, 174, 1086, 1112]	671940
476	0.3604526528028156	0.5870161384165669	2.3635521757840072	3.929802298468408	[318, 158, 651, 733, 734, 1203, 174, 1086, 1112]	565807
477	0.361051689115918	0.5880086457133105	2.3635521757840072	3.6913033548198575	[19, 1126, 241, 1729, 1032, 132, 1108, 1086, 1096]	685198
478	0.3616501643376392	0.5888887541971992	2.3635521757840072	4.118454374916059	[10, 301, 1580, 438, 1779, 132, 1108, 1086, 1112]	660261
479	0.3622480789935292	0.5896694016366034	2.3635521757840072	3.2658509382605647	[715, 494, 10, 734, 19, 132, 1108, 1086, 1112]	617668
480	0.36284543360864563	0.5904485667268117	2.3635521757840072	3.660099472089633	[257, 320, 232, 10, 734, 19, 334, 1086, 1112]	657734
481	0.3634422287075546	0.5911398427764144	2.3635521757840072	3.3120919925278223	[1196, 2558, 415, 10, 734, 1203, 174, 1086, 1112]	669933
482	0.36403846481433055	0.5921224397423982	2.3635521757840072	3.7831277750567356	[1580, 1579, 4018, 241, 217, 132, 1108, 1086, 1112]	646056
483	0.3646341424525573	0.5928969468283909	2.3635521757840072	3.983790278592581	[1580, 438, 2729, 261, 217, 132, 1108, 1086, 1112]	747499
484	0.36522926214532825	0.5935840902919811	2.3635521757840072	4.134214654466217	[1265, 415, 10, 158, 420, 1822, 1094, 1086, 1112]	755142
485	0.36582382441524663	0.5942700739358748	2.3635521757840072	4.402179088166939	[160, 87, 3766, 19, 734, 1203, 174, 1086, 1112]	636679
486	0.3664178297844263	0.5951368065660168	2.3635521757840072	3.4102698420462563	[1820, 432, 422, 19, 734, 1203, 174, 1086, 1112]	632452
487	0.367011278774492	0.5960016876555059	2.3635521757840072	4.529511815699524	[1726, 132, 241, 1729, 1822, 1210, 458, 1086, 1112]	685612
488	0.3676041719065801	0.596768828548087	2.3635521757840072	4.467234541487086	[2751, 2884, 3065, 1460, 19, 132, 1108, 1086, 1096]	669979
489	0.36819650970133866	0.5975345127386695	2.3635521757840072	3.093545244626286	[2636, 162, 107, 734, 19, 132, 1108, 1086, 1112]	631245
490	0.3687882926789281	0.5982987429933433	2.3635521757840072	3.2950611785799193	[988, 420, 158, 1557, 734, 1203, 174, 1086, 1112]	683675
491	0.36937952135902163	0.5992641352659652	2.3635521757840072	4.071184220037798	[10, 734, 19, 1126, 241, 1729, 1094, 1086, 1112]	683808
492	0.36997019626080574	0.6002272074506516	2.3635521757840072	3.622656217751225	[1580, 1579, 4018, 241, 1031, 132, 1108, 1086, 1096]	757313
493	0.3705603179029806	0.6010812142706728	2.3635521757840072	4.531331037205057	[811, 669, 673, 670, 132, 217, 261, 1086, 1112]	680851
494	0.3711498868037606	0.6016132275880226	2.3635521757840072	2.9207606853116737	[420, 107, 10, 734, 19, 132, 1108, 1086, 1112]	640204
495	0.37173890348087457	0.6024777822156526	2.3635521757840072	3.480034584958929	[2196, 2197, 4018, 241, 1031, 132, 1108, 1086, 1112]	588683
496	0.37232736845156655	0.6029490273721313	2.3635521757840072	3.45518396110217	[1938, 1468, 232, 10, 734, 1203, 174, 1086, 1112]	643761
497	0.37291528223259607	0.603478549702644	2.3635521757840072	3.920825132299778	[1549, 162, 1583, 1013, 156, 1713, 174, 1086, 1112]	618736
498	0.3735026453402386	0.604431493556737	2.3635521757840072	4.739012380098178	[2764, 1511, 1031, 132, 387, 344, 174, 1086, 1112]	657638
499	0.37408945829028606	0.6051826273309076	2.3635521757840072	3.0035966517453896	[1791, 1792, 496, 2729, 301, 10, 734, 19, 794]	642544
