0	9.366567084169164E-4	0.0018988715277777901	3.8439753234656546	3.8439753234656546	[3248, 334, 19, 1126, 241, 132, 1108, 1086, 1112]	809948
1	0.0018724360910443716	0.003794137342476578	3.8439753234656546	4.138000368859888	[432, 394, 193, 232, 1879, 836, 1089, 1086, 1112]	808221
2	0.0028073389696354756	0.005685804290882279	3.8439753234656546	3.9711865977476135	[394, 193, 1265, 87, 415, 255, 174, 1086, 1112]	786601
3	0.0037413661651737318	0.007177616570109846	3.8439753234656546	4.140583035240115	[1173, 1019, 10, 232, 320, 836, 1089, 1086, 1112]	764649
4	0.00467451849787337	0.009062858726145318	3.8439753234656546	3.994098827487173	[1792, 232, 10, 162, 2636, 836, 1089, 1086, 1112]	800305
5	0.005606796787180679	0.01144433760417618	3.8439753234656546	4.1138864814827825	[421, 438, 2729, 301, 217, 132, 1108, 1086, 1112]	861041
6	0.006538201851774117	0.013112906671684521	3.8439753234656546	4.071238181019523	[1807, 157, 10, 158, 420, 1822, 1094, 1086, 1112]	812064
7	0.007468734509565533	0.014778659385153436	3.8439753234656546	3.868351305566784	[3284, 195, 10, 232, 320, 836, 1089, 1086, 1112]	872971
8	0.008398395577700724	0.0168833192314376	3.3458670101513635	3.3458670101513635	[2047, 232, 10, 734, 19, 132, 1094, 1086, 1096]	811850
9	0.009327185872559873	0.018750131505032464	3.3458670101513635	4.47416116278852	[2558, 415, 87, 160, 320, 836, 1089, 1086, 1112]	828309
10	0.010255106209758558	0.0206429746155552	3.3458670101513635	4.043272335728357	[420, 158, 10, 162, 2636, 836, 1089, 1086, 1112]	843101
11	0.01118215740414863	0.022996623472642197	3.3458670101513635	3.880129769762238	[837, 160, 331, 241, 1031, 132, 1108, 1086, 1112]	797548
12	0.01210834026981833	0.02464569360084712	3.3458670101513635	3.9686022411664625	[1742, 400, 119, 123, 19, 132, 1108, 1086, 1112]	847724
13	0.013033655620093731	0.02629198028699542	3.3458670101513635	3.755099433943376	[734, 10, 107, 162, 1192, 836, 1089, 1086, 1096]	848457
14	0.013958104267538851	0.02793548822921932	3.3458670101513635	4.059594507394244	[1580, 438, 496, 2728, 301, 2627, 261, 1086, 1112]	793967
15	0.014881687023956758	0.02978131385378402	3.3458670101513635	3.627892907192482	[160, 2229, 734, 19, 241, 132, 1108, 1086, 1112]	878916
16	0.01580440470039013	0.03141893219942049	3.0959716032401676	3.0959716032401676	[2306, 420, 162, 10, 734, 1203, 174, 1086, 1112]	890001
17	0.016726258107121916	0.03348804458791055	3.0959716032401676	4.628562084035538	[2872, 241, 132, 1094, 1822, 1210, 458, 1086, 1112]	789375
18	0.017647248053676123	0.03493814397231654	3.0959716032401676	3.4313205385359664	[2636, 162, 10, 232, 320, 836, 1089, 1086, 1112]	813183
19	0.01856737534881847	0.03656705817761019	3.0959716032401676	3.9360540588925046	[1265, 415, 10, 734, 19, 1987, 334, 1086, 1112]	769112
20	0.019486640800557176	0.038012537985728456	3.0959716032401676	3.2013044387969734	[846, 10, 734, 19, 132, 1713, 174, 1086, 1112]	850382
21	0.020405045216143725	0.039636262965015656	3.0959716032401676	3.130749916848064	[1548, 241, 132, 19, 734, 1203, 174, 1086, 1112]	845551
22	0.021322589402073433	0.041687821241152445	3.0959716032401676	4.194152571383699	[21, 1268, 841, 840, 843, 3094, 174, 1086, 1112]	855879
23	0.02223927416408611	0.04330534276201281	3.0959716032401676	3.7739870599279213	[841, 1820, 10, 232, 320, 836, 1089, 1086, 1112]	770249
24	0.023155100307166943	0.04512198300741921	3.0959716032401676	4.509425174342522	[158, 10, 669, 668, 670, 132, 1108, 1086, 1112]	764570
25	0.02407006863554706	0.0467337080553909	3.0959716032401676	3.974216986574607	[394, 193, 232, 10, 157, 1713, 174, 1086, 1112]	837670
26	0.02498417995270441	0.04800502036365417	3.0959716032401676	3.9866040953895965	[824, 2149, 420, 107, 734, 1203, 174, 1086, 1112]	850433
27	0.025897435061364327	0.049433339306009794	3.0959716032401676	4.739722993105764	[1586, 107, 10, 734, 2229, 494, 636, 1086, 1112]	838416
28	0.026809834763500184	0.05146396876916226	3.0959716032401676	3.8217933471916705	[87, 415, 10, 734, 19, 132, 1094, 1086, 1112]	876048
29	0.027721379860334294	0.052887098102713304	2.9024889190757186	2.9024889190757186	[1265, 415, 10, 734, 19, 132, 1108, 1086, 1112]	815668
30	0.028632071152338456	0.054308092254222506	2.6560778331817	2.6560778331817	[377, 162, 10, 734, 19, 132, 1108, 1086, 1112]	765047
31	0.029541909439234626	0.055726954427195	2.6560778331817	3.405373237179699	[846, 10, 734, 19, 132, 217, 261, 1086, 1112]	846606
32	0.030450895519995802	0.057744139277966955	2.6560778331817	3.7415870839434815	[2627, 301, 1512, 1031, 241, 132, 1108, 1086, 1096]	860392
33	0.03135903019284658	0.06000862441687871	2.6560778331817	3.6718795230414685	[1580, 438, 421, 261, 217, 132, 1108, 1086, 1096]	889588
34	0.03226631425526394	0.0620166626337616	2.6560778331817	4.083157821583733	[420, 1582, 1579, 1580, 438, 2627, 261, 1086, 1112]	848045
35	0.03317274850397778	0.06405221675130979	2.6560778331817	4.015445614113468	[1851, 159, 10, 232, 1192, 836, 1089, 1086, 1112]	666787
36	0.03407833373497182	0.06503846124245605	2.4628299353627563	2.4628299353627563	[320, 232, 10, 734, 19, 132, 1108, 1086, 1112]	830820
37	0.03498307074348417	0.06703575456865929	2.4628299353627563	3.7960934287611074	[2743, 1078, 334, 19, 734, 1203, 174, 1086, 1112]	811261
38	0.03588696032400818	0.06843552088339255	2.4628299353627563	3.062363559488797	[2872, 241, 1126, 19, 734, 1203, 174, 1086, 1112]	840878
39	0.036790003270292915	0.07000789534177809	2.4628299353627563	4.870482511799759	[1580, 438, 10, 734, 811, 3459, 487, 1086, 1112]	888208
40	0.03769220037534404	0.07224290749515438	2.4628299353627563	4.275361778612	[432, 422, 19, 1126, 241, 1729, 1094, 1086, 1112]	893088
41	0.03859355243142437	0.07380885551973337	2.4628299353627563	3.1755784342855247	[1580, 1579, 158, 10, 734, 1203, 174, 1086, 1112]	800864
42	0.03949406023005475	0.07537216040287431	2.4628299353627563	3.4565068213834858	[1726, 132, 19, 1460, 734, 1203, 174, 1086, 1112]	790898
43	0.04039372456201451	0.07712790988127594	2.4628299353627563	2.713548092949771	[87, 1265, 415, 10, 734, 1203, 174, 1086, 1096]	857580
44	0.04129254621734246	0.07868561257968232	2.4628299353627563	3.8859801132552914	[1791, 420, 158, 10, 161, 1713, 174, 1086, 1112]	818929
45	0.042190525985337235	0.08024068605381962	2.4628299353627563	4.495469318809052	[1849, 420, 158, 10, 157, 1010, 1105, 1086, 1112]	853769
46	0.04308766465455838	0.0819871908274804	2.4628299353627563	3.7346073630764574	[1791, 420, 158, 651, 19, 132, 1108, 1086, 1096]	833735
47	0.04398396301282659	0.08336452486044676	2.4628299353627563	3.6379429741744547	[195, 10, 734, 19, 132, 217, 261, 1086, 1096]	887746
48	0.04487942184722482	0.08473979242002683	2.4628299353627563	3.182590764440792	[2657, 232, 10, 734, 19, 132, 1108, 1086, 1112]	889710
49	0.04577404194409862	0.08647775396870838	2.4628299353627563	4.109763218283271	[193, 232, 10, 162, 2636, 836, 1089, 1086, 1112]	892243
50	0.04666782408905723	0.08842924802456131	2.4628299353627563	4.209882992276038	[1555, 2229, 494, 10, 438, 2627, 261, 1086, 1112]	859203
51	0.04756076906697393	0.09037657323935255	2.4628299353627563	3.4826486182743794	[432, 422, 19, 241, 132, 1713, 174, 1086, 1112]	807560
52	0.048452877661986804	0.09210383126542798	2.4628299353627563	3.686166164552257	[456, 457, 540, 19, 734, 1203, 174, 1086, 1112]	873129
53	0.04934415065749953	0.09428574115580424	2.4628299353627563	3.0277745272353433	[2654, 232, 1799, 10, 734, 1203, 174, 1086, 1112]	847274
54	0.050234588836181926	0.09581448339440124	2.4628299353627563	4.246082753897258	[2238, 1549, 232, 10, 158, 1713, 174, 1086, 1112]	843702
55	0.05112419297997084	0.09702033970750878	2.4628299353627563	4.366088348224361	[320, 232, 1549, 162, 107, 1546, 234, 1086, 1112]	804846
56	0.052012963870070705	0.09837511886175421	2.4628299353627563	3.4674541640037555	[837, 162, 107, 10, 734, 19, 334, 1086, 1112]	843122
57	0.0529009022869541	0.09989695869778037	2.4628299353627563	3.430673616105026	[1579, 4018, 241, 19, 734, 1203, 174, 1086, 1112]	777961
58	0.053788009010362625	0.10181978623962473	2.4628299353627563	3.267387922185404	[669, 813, 3284, 811, 734, 1203, 174, 1086, 1112]	858283
59	0.054674284819307584	0.10333581187048957	2.4628299353627563	4.428421030656193	[394, 193, 232, 320, 159, 1713, 174, 1086, 1112]	760764
60	0.055559730492070636	0.10468111565069071	2.4628299353627563	3.611474061353447	[2051, 1849, 232, 10, 734, 1203, 174, 1086, 1112]	867587
61	0.05644434680620436	0.10640819683192004	2.4628299353627563	4.176538753603443	[2196, 2197, 241, 19, 132, 217, 261, 1086, 1112]	781675
62	0.05732813453853303	0.10734980918357173	2.4628299353627563	3.9565784835417706	[193, 232, 10, 734, 19, 132, 261, 1086, 1112]	868338
63	0.05821109446515338	0.10904483721517844	2.4628299353627563	3.8341573268792892	[2636, 162, 10, 232, 1192, 836, 1089, 1086, 1096]	747288
64	0.059093227361435186	0.11038157549953498	2.4628299353627563	4.114275677559393	[1579, 1580, 438, 3366, 496, 132, 1108, 1086, 1112]	840833
65	0.05997453400202202	0.1117163082180499	2.3308375742080556	2.3308375742080556	[1791, 420, 158, 10, 734, 1203, 174, 1086, 1112]	839706
66	0.060855015160831805	0.11321562964997356	2.3308375742080556	4.078917904833507	[1579, 1580, 301, 2729, 438, 3366, 150, 1086, 1112]	756980
67	0.0617346716110575	0.11534680241502071	2.3308375742080556	4.13567263283845	[1849, 420, 1822, 1729, 1032, 132, 1108, 1086, 1112]	721913
68	0.06261350412516797	0.1168399959873333	2.3308375742080556	2.4628299353627563	[320, 232, 10, 734, 19, 132, 1108, 1086, 1112]	877579
69	0.06349151347490856	0.11833066921941493	2.3308375742080556	4.297110873976589	[1265, 808, 331, 160, 320, 836, 1089, 1086, 1112]	839112
70	0.0643687004313016	0.1200048460085491	2.3308375742080556	2.863140229739934	[1917, 10, 734, 19, 241, 132, 1108, 1086, 1112]	870290
71	0.0652450657646475	0.12211970252639659	2.3308375742080556	3.7174016342066833	[1799, 232, 1879, 496, 217, 132, 1108, 1086, 1112]	835341
72	0.06612061024452487	0.12399505716577497	2.3308375742080556	3.357719463553029	[811, 734, 19, 1126, 241, 132, 1108, 1086, 1112]	745219
73	0.06699533463979168	0.1254736534716776	2.3308375742080556	2.619252502709092	[1529, 2229, 494, 10, 734, 1203, 174, 1086, 1112]	832210
74	0.0678692397185856	0.12694975407586795	2.3308375742080556	3.8942178201233633	[107, 10, 301, 2729, 438, 2627, 261, 1086, 1112]	753022
75	0.06874232624832499	0.12881479061196077	2.3308375742080556	4.759239802490274	[160, 331, 2028, 493, 654, 132, 1108, 1086, 1112]	799947
76	0.06961459499570921	0.1304690594014889	2.3308375742080556	3.062363559488797	[2872, 241, 1126, 19, 734, 1203, 174, 1086, 1112]	729369
77	0.07048604672671965	0.13212018694711325	2.3308375742080556	3.120450560285443	[2627, 438, 107, 10, 734, 1203, 174, 1086, 1112]	878400
78	0.07135668220662017	0.13376817921365247	2.3308375742080556	3.7244758299908955	[988, 420, 2308, 651, 734, 1203, 174, 1086, 1112]	868471
79	0.07222650219995785	0.13561865002221707	2.3308375742080556	4.219940663807059	[300, 301, 324, 668, 670, 132, 1108, 1086, 1112]	870140
80	0.0730955074705637	0.13707762703076365	2.3308375742080556	3.72475937902556	[321, 317, 324, 671, 670, 132, 1108, 1086, 1096]	838905
81	0.07396369878155318	0.1383723065169572	2.3308375742080556	4.571459145440851	[1579, 1580, 438, 1779, 132, 217, 261, 1086, 1112]	847270
82	0.07483107689532698	0.1398266356678015	2.3308375742080556	2.8209375817823568	[394, 432, 422, 19, 734, 1203, 174, 1086, 1112]	806483
83	0.07569764257357181	0.14189385528575682	2.3308375742080556	3.9103503330794984	[2040, 438, 970, 261, 217, 132, 1108, 1086, 1112]	793520
84	0.07656339657726086	0.14318130877791213	2.3308375742080556	3.887803568572199	[377, 162, 10, 158, 420, 1822, 1094, 1086, 1112]	637748
85	0.07742833966665452	0.14446683064831567	2.3308375742080556	3.6564801921039427	[377, 162, 10, 811, 3459, 1203, 174, 1086, 1112]	814433
86	0.07829247260130112	0.14591087293840577	2.3308375742080556	3.3435272923648913	[419, 421, 438, 10, 734, 1203, 174, 1086, 1112]	824418
87	0.07915579614003743	0.14681085978765995	2.3308375742080556	4.2145933166835965	[1549, 107, 10, 158, 420, 1546, 234, 1086, 1112]	841371
88	0.08001831104098966	0.14809093608684687	2.3308375742080556	3.5450337356747204	[1792, 232, 10, 734, 19, 1987, 334, 1086, 1112]	832623
89	0.08088001806157386	0.1497086019525674	2.3308375742080556	4.336177797808528	[359, 158, 10, 438, 1779, 132, 1108, 1086, 1112]	844700
90	0.08174091795849647	0.1513231960786341	2.3308375742080556	4.020417108289471	[10, 232, 1792, 1791, 420, 158, 1115, 1086, 1112]	788902
91	0.08260101148775545	0.15336278648112456	2.3308375742080556	3.622602562079857	[432, 394, 193, 232, 320, 836, 1089, 1086, 1112]	845028
92	0.08346029940464028	0.1551713986926212	2.3308375742080556	3.72475937902556	[321, 317, 324, 671, 670, 132, 1108, 1086, 1112]	622544
93	0.08431878246373337	0.15697614729160547	2.3308375742080556	3.8406126391987145	[317, 318, 158, 1557, 734, 1203, 174, 1086, 1096]	836307
94	0.08517646141891011	0.15857694128275102	2.3308375742080556	4.415774954990053	[1851, 159, 842, 157, 320, 836, 1089, 1086, 1112]	789071
95	0.08603333702333982	0.1603744148578916	2.3308375742080556	4.17361104025336	[241, 1126, 19, 734, 10, 158, 1115, 1086, 1112]	833293
96	0.08688941002948636	0.1616341411730483	2.3308375742080556	3.921058343669256	[359, 158, 3284, 811, 3459, 1203, 174, 1086, 1112]	746547
97	0.08774468118910872	0.16304920700343717	2.3308375742080556	3.0120875454886127	[87, 415, 10, 734, 19, 132, 1108, 1086, 1112]	817553
98	0.0885991512532619	0.1650606167613864	2.3308375742080556	4.603841929267446	[1781, 301, 2728, 496, 1879, 836, 1089, 1086, 1112]	831486
99	0.08945282097229745	0.16646989909227716	2.3308375742080556	3.174553318870279	[3136, 1468, 232, 10, 734, 1203, 174, 1086, 1112]	842767
100	0.09030569109586384	0.16805266566843657	2.3308375742080556	3.9603374087896297	[2764, 1511, 1031, 241, 1720, 132, 1108, 1086, 1112]	791720
101	0.09115776237290762	0.16930087197423238	2.3308375742080556	4.302876820007208	[837, 162, 1549, 107, 10, 158, 1089, 1086, 1112]	647648
102	0.09200903555167372	0.17054720554251523	2.3308375742080556	4.089658119117005	[158, 10, 734, 19, 1548, 255, 174, 1086, 1112]	832745
103	0.09285951137970616	0.17179166918303357	2.3308375742080556	3.959921214031657	[2238, 1549, 162, 10, 438, 2627, 261, 1086, 1112]	840168
104	0.09370919060384897	0.17378206853764278	2.3308375742080556	3.8685080447547664	[420, 2307, 1468, 2229, 734, 1203, 174, 1086, 1112]	844240
105	0.09455807397024651	0.17535095024343605	2.3308375742080556	2.7972272025268525	[1580, 438, 10, 734, 19, 132, 1108, 1086, 1112]	834755
106	0.09540616222434417	0.17711259066955176	2.3308375742080556	3.267387922185404	[669, 813, 3284, 811, 734, 1203, 174, 1086, 1112]	827005
107	0.09625345611088931	0.17834720398087578	2.3308375742080556	3.8340030581573394	[1791, 420, 158, 10, 157, 1713, 174, 1086, 1096]	772433
108	0.09709995637393165	0.17944299150795506	2.3308375742080556	3.8477177491940804	[160, 107, 10, 734, 19, 132, 1094, 1086, 1112]	837791
109	0.0979456637568239	0.18119589039084216	2.3308375742080556	3.65705871901915	[193, 1529, 2229, 734, 19, 132, 1108, 1086, 1112]	709400
110	0.09879057900222266	0.18242437735227568	2.3308375742080556	3.7189662013481346	[1791, 420, 158, 10, 438, 2627, 261, 1086, 1112]	776570
111	0.09963470285208875	0.184198630005591	2.3308375742080556	3.926754494900945	[157, 10, 734, 19, 241, 1729, 1094, 1086, 1112]	841845
112	0.10047803604768812	0.18542261182785624	2.3308375742080556	4.011662120941831	[1265, 415, 733, 651, 734, 1203, 174, 1086, 1112]	798651
113	0.10132057932959238	0.1867975254363644	2.3308375742080556	3.169369046210097	[1551, 1879, 232, 10, 734, 1203, 174, 1086, 1112]	818869
114	0.10216233343767955	0.18817011834771313	2.3308375742080556	3.6010763416600504	[382, 409, 19, 1126, 241, 132, 1108, 1086, 1112]	760220
115	0.1030032991111346	0.18990437407634042	2.3308375742080556	3.3546525183448477	[1741, 1743, 1742, 400, 19, 132, 1108, 1086, 1112]	823287
116	0.10384347708844999	0.19185124390487707	2.3308375742080556	3.3904112393348527	[2654, 232, 1792, 496, 217, 132, 1108, 1086, 1096]	858910
117	0.10468286810742666	0.19292902192893313	2.3308375742080556	3.6079450535255164	[457, 540, 409, 19, 241, 132, 1108, 1086, 1112]	857812
118	0.10552147290517444	0.19429126557440413	2.3308375742080556	3.9077039401419276	[734, 10, 158, 420, 545, 132, 1108, 1086, 1112]	902495
119	0.10635929221811269	0.1958212029498868	2.3308375742080556	3.188652513496571	[1582, 420, 1917, 10, 734, 1203, 174, 1086, 1112]	817535
120	0.107196326781971	0.19756638263098514	2.3308375742080556	3.8544377174829263	[2298, 2297, 400, 19, 241, 132, 1108, 1086, 1112]	886126
121	0.10803257733178995	0.19909010097993884	2.3308375742080556	3.607198494073069	[2047, 232, 1879, 496, 217, 132, 1108, 1086, 1112]	826361
122	0.10886804460192145	0.20061092598350339	2.3308375742080556	4.839320198224055	[2260, 161, 10, 438, 1779, 132, 1108, 1086, 1112]	827276
123	0.10970272932602976	0.20181028373344245	2.3308375742080556	3.997098039598292	[2149, 420, 158, 19, 241, 132, 1108, 1086, 1112]	851285
124	0.11053663223709176	0.203325943459426	2.3308375742080556	3.8741314742679274	[193, 232, 10, 1019, 19, 132, 1108, 1086, 1112]	895468
125	0.11136975406739802	0.20452122775207515	2.3308375742080556	3.9663300509138972	[158, 420, 2764, 400, 19, 132, 1108, 1086, 1112]	851033
126	0.11220209554855298	0.20622055374259496	2.3308375742080556	4.16169693500625	[1529, 2229, 734, 10, 159, 1713, 174, 1086, 1112]	888485
127	0.11303365741147586	0.2077278389324284	2.3308375742080556	3.9204578460600628	[421, 261, 217, 241, 1031, 132, 1108, 1086, 1112]	846899
128	0.11386444038640142	0.20906510386478594	2.3308375742080556	3.653656701531501	[1580, 1265, 415, 733, 734, 1203, 174, 1086, 1112]	841217
129	0.1146944452028803	0.21040011164664996	2.3308375742080556	2.8209375817823568	[394, 432, 422, 19, 734, 1203, 174, 1086, 1112]	838186
130	0.1155236725897798	0.21173286608783282	2.3308375742080556	3.9641017700773915	[432, 422, 19, 241, 1729, 1822, 1094, 1086, 1112]	851235
131	0.11635212327528455	0.21362727639043244	2.3308375742080556	4.541696670213374	[421, 438, 1580, 301, 2636, 836, 1089, 1086, 1112]	757728
132	0.11717979798689715	0.21512049716551573	2.3308375742080556	4.769054309927647	[1851, 159, 651, 157, 320, 836, 1089, 1086, 1112]	768507
133	0.11800669745143866	0.21679718067376808	2.3308375742080556	4.104418461785697	[846, 10, 107, 1586, 1587, 132, 1108, 1086, 1112]	851242
134	0.11883282239504955	0.21870929693188879	2.3308375742080556	3.5850579173091592	[5187, 436, 422, 19, 734, 1203, 174, 1086, 1112]	823907
135	0.11965817354319008	0.22019286760286227	2.3308375742080556	2.6927737052426832	[1743, 1742, 400, 19, 734, 1203, 174, 1086, 1112]	887740
136	0.12048275162064082	0.2218587153588376	2.3308375742080556	3.4784986954430472	[1579, 1580, 438, 2729, 301, 2627, 261, 1086, 1112]	812652
137	0.12130655735150375	0.22333630568883112	2.3308375742080556	4.142069815880073	[2636, 162, 10, 734, 19, 3308, 334, 1086, 1112]	809699
138	0.12212959145920244	0.22520282991756047	2.3308375742080556	4.5756694759965635	[1872, 193, 842, 157, 320, 836, 1089, 1086, 1112]	807228
139	0.12295185466648284	0.22667407020363284	2.3308375742080556	3.52003323643586	[1580, 1579, 4018, 241, 19, 132, 1108, 1086, 1096]	885319
140	0.12377334769541415	0.22783432429926354	2.3308375742080556	3.662837912061349	[1799, 232, 162, 107, 734, 1203, 174, 1086, 1112]	848894
141	0.12459407126738897	0.22948384814261835	2.3308375742080556	3.03216864668155	[420, 162, 846, 10, 734, 1203, 174, 1086, 1112]	907676
142	0.12541402610312435	0.23112984822288007	2.3308375742080556	4.410701019521671	[1847, 420, 1822, 1729, 1032, 132, 1108, 1086, 1112]	768443
143	0.1262332129226622	0.23228341712343736	2.3308375742080556	3.8097281847308366	[377, 162, 107, 10, 438, 2627, 261, 1086, 1112]	852632
144	0.1270516324453701	0.2335792350439948	2.3308375742080556	4.197970255580592	[241, 1031, 132, 19, 1548, 255, 174, 1086, 1112]	861088
145	0.1278692853899417	0.23472912902433862	2.3308375742080556	4.309773386930034	[1794, 107, 10, 158, 19, 132, 1108, 1086, 1112]	866209
146	0.12868617247439762	0.23656827334469177	2.3308375742080556	3.7568019099520926	[2297, 438, 2627, 261, 217, 132, 1108, 1086, 1112]	897420
147	0.12950229441608585	0.23801793211383981	2.3308375742080556	4.032941410864213	[1580, 438, 2729, 301, 10, 158, 1115, 1086, 1112]	887936
148	0.13031765193168254	0.2393040708279609	2.3308375742080556	3.011881719841078	[2636, 1549, 107, 10, 734, 1203, 174, 1086, 1112]	838316
149	0.1311322457371925	0.24074853466916213	2.3308375742080556	4.286632075715613	[2636, 162, 3284, 811, 734, 19, 334, 1086, 1112]	758635
150	0.13194607654794988	0.24257321279705535	2.3308375742080556	3.3027480511780203	[734, 19, 1126, 241, 1031, 132, 1108, 1086, 1112]	829390
151	0.13275914507861886	0.24370961272641511	2.3308375742080556	2.8945228208283016	[1582, 420, 107, 10, 734, 1203, 174, 1086, 1112]	768402
152	0.1335714520431942	0.24552717461599627	2.3308375742080556	3.5081387181979187	[1819, 1513, 1031, 241, 1209, 132, 1108, 1086, 1112]	863298
153	0.13438299815500188	0.24680063858631074	2.3308375742080556	2.721399276813645	[1550, 420, 158, 10, 734, 1203, 174, 1086, 1112]	816265
154	0.1351937841266997	0.24807195309486973	2.3308375742080556	3.969272335377939	[2872, 241, 1729, 1032, 132, 1713, 174, 1086, 1112]	893956
155	0.1360038106702781	0.24952243158041199	2.3308375742080556	3.023109803712674	[2071, 377, 162, 10, 734, 1203, 174, 1086, 1112]	885430
156	0.13681307849706048	0.25064840529846266	2.3308375742080556	4.187579564583487	[2309, 420, 158, 1557, 734, 19, 334, 1086, 1112]	876985
157	0.137621588317704	0.2520713277059363	2.3308375742080556	3.6036098887373917	[841, 1268, 21, 422, 19, 132, 1108, 1086, 1112]	874436
158	0.13842934084220015	0.25319347720569163	2.3308375742080556	2.421599557590757	[377, 162, 107, 10, 734, 1203, 174, 1086, 1112]	826055
159	0.13923633677987546	0.25445400133270746	2.3308375742080556	3.715213260962674	[1549, 162, 846, 734, 19, 132, 1108, 1086, 1112]	857761
160	0.14004257683939214	0.2555725760049192	2.3308375742080556	2.6734830794596824	[1579, 1580, 301, 10, 734, 1203, 174, 1086, 1112]	861411
161	0.14084806172874842	0.2571628445498306	2.3308375742080556	3.01158859833226	[1794, 1879, 232, 10, 734, 1203, 174, 1086, 1112]	897183
162	0.1416527921552796	0.2584166688380616	2.3308375742080556	4.175974156027075	[1265, 159, 651, 19, 734, 1203, 174, 1086, 1112]	848711
163	0.14245676882565828	0.26000086174520687	2.3308375742080556	3.7812612479278638	[1500, 786, 19, 241, 1031, 132, 1108, 1086, 1096]	895326
164	0.14325999244589527	0.26111111422458433	2.3308375742080556	3.8588587220445323	[193, 232, 10, 158, 420, 1822, 1094, 1086, 1112]	842875
165	0.14406246372134002	0.26221970094449776	2.3308375742080556	3.5448765019395063	[846, 10, 159, 651, 734, 1203, 174, 1086, 1096]	878487
166	0.14486418335668128	0.2636206509481296	2.3308375742080556	2.991294123983124	[1529, 2229, 734, 19, 241, 132, 1108, 1086, 1096]	812604
167	0.14566515205594777	0.26472547250234835	2.3308375742080556	3.762110849176943	[119, 409, 19, 241, 132, 1713, 174, 1086, 1112]	831239
168	0.14646537052250896	0.26596653193822883	2.3308375742080556	3.8291232657059986	[1819, 1513, 1031, 241, 132, 217, 261, 1086, 1112]	837865
169	0.1472648394590752	0.2668366964247455	2.3308375742080556	4.5449206384113285	[1792, 232, 162, 420, 158, 1713, 174, 1086, 1112]	849801
170	0.1480635595676988	0.26781447098750777	2.3308375742080556	3.611173435340718	[1549, 162, 107, 232, 320, 836, 1089, 1086, 1112]	850279
171	0.14886153154977455	0.26891300037345756	2.3308375742080556	3.4100385359599965	[1549, 162, 107, 811, 734, 1203, 174, 1086, 1112]	856455
172	0.14965875610604018	0.27066999198785546	2.3308375742080556	3.8210184474793056	[2636, 162, 846, 10, 734, 19, 334, 1086, 1112]	853139
173	0.150455233936577	0.2722280089727447	2.3308375742080556	3.7434334797387683	[193, 1265, 159, 651, 734, 1203, 174, 1086, 1112]	861842
174	0.15125096574081076	0.2736099544852205	2.3308375742080556	3.483676419952655	[3895, 1030, 1031, 241, 19, 132, 1108, 1086, 1112]	889942
175	0.15204595221751205	0.27498927586070976	2.3308375742080556	4.493662244255178	[193, 1743, 1742, 400, 19, 387, 344, 1086, 1112]	875316
176	0.15284019406479676	0.2759561778323937	2.3308375742080556	4.679640875276222	[158, 420, 107, 162, 1549, 232, 1023, 1086, 1112]	815791
177	0.1536336919801271	0.27772386294510754	2.3308375742080556	4.341056994419543	[1678, 1580, 301, 2627, 261, 132, 1108, 1086, 1112]	837720
178	0.15442644666031202	0.2792668112359352	2.3308375742080556	3.6167945754825093	[2004, 19, 241, 1729, 1032, 132, 1108, 1086, 1112]	846157
179	0.15521845880150753	0.2808064634336124	2.3308375742080556	3.2029914826574055	[1742, 400, 19, 241, 1031, 132, 1108, 1086, 1112]	893938
180	0.15600972909921784	0.2818855003754772	2.3308375742080556	3.886704309426852	[2297, 400, 19, 132, 241, 217, 261, 1086, 1112]	808237
181	0.1568002582482957	0.28324910755249866	2.3308375742080556	4.332040980943821	[837, 160, 331, 241, 1126, 132, 1108, 1086, 1096]	853215
182	0.15759004694294287	0.2842049938974027	2.3308375742080556	4.666322990013001	[157, 10, 301, 2728, 496, 3366, 150, 1086, 1112]	858681
183	0.15837909587671095	0.2855641966542165	2.3308375742080556	4.427496672612068	[2047, 232, 1879, 496, 438, 2627, 261, 1086, 1096]	882834
184	0.159167405742502	0.28733611084902255	2.3308375742080556	4.191420951041564	[4345, 1402, 1078, 334, 19, 132, 1108, 1086, 1112]	828596
185	0.1599549772325689	0.28868936801700673	2.3308375742080556	3.1199050708978318	[2309, 420, 1917, 10, 734, 1203, 174, 1086, 1112]	837552
186	0.16074181103851626	0.2900400555234849	2.3308375742080556	2.3308375742080556	[1791, 420, 158, 10, 734, 1203, 174, 1086, 1112]	847843
187	0.1615279078513009	0.29174627334659053	2.3308375742080556	3.608040556787639	[420, 1791, 1792, 496, 217, 132, 1108, 1086, 1112]	771191
188	0.1623132683612324	0.29325926653707324	2.3308375742080556	3.880059004278941	[158, 1557, 15, 432, 422, 19, 334, 1086, 1112]	813827
189	0.16309789325797364	0.29445216418711195	2.3308375742080556	4.3295372421539735	[1580, 1579, 4018, 2197, 241, 19, 334, 1086, 1112]	884270
190	0.1638817832305418	0.29551072789825095	2.3308375742080556	4.510709770845266	[2238, 1549, 10, 157, 320, 836, 1089, 1086, 1112]	893978
191	0.1646649389673085	0.29645026167829824	2.3308375742080556	4.614774286052844	[841, 1820, 10, 162, 420, 1822, 1094, 1086, 1096]	845499
192	0.16544736115600067	0.29778621224477286	2.3308375742080556	3.992651672673732	[1265, 808, 331, 241, 132, 217, 261, 1086, 1112]	843898
193	0.16622905048370096	0.2992863027337519	2.3308375742080556	4.128824845566302	[734, 10, 415, 87, 1265, 255, 174, 1086, 1112]	884404
194	0.1670100076368486	0.30061686802261467	2.3308375742080556	3.382595354054197	[119, 409, 19, 241, 1031, 132, 1108, 1086, 1112]	825568
195	0.16779023330123966	0.30166618256390454	2.3308375742080556	4.1237388311749115	[257, 320, 160, 107, 734, 1203, 174, 1086, 1112]	851277
196	0.1685697281620281	0.30271392277353515	2.3308375742080556	3.588428689630409	[1820, 10, 734, 19, 241, 132, 1094, 1086, 1112]	841359
197	0.169348492903726	0.3040379794522964	2.3308375742080556	3.712007649371462	[2764, 1511, 1031, 241, 19, 132, 1108, 1086, 1112]	809008
198	0.17012652821020435	0.30535952191752913	2.3308375742080556	3.908526348172426	[2149, 420, 162, 3284, 734, 1203, 174, 1086, 1112]	893824
199	0.1709038347646935	0.3066785549434019	2.3308375742080556	3.6592565221016295	[2307, 1468, 2229, 734, 19, 132, 1108, 1086, 1096]	856688
200	0.1716804132497839	0.3077187748755428	2.3308375742080556	3.8537854241570866	[2309, 420, 158, 10, 438, 2627, 261, 1086, 1112]	851826
201	0.17245626434742656	0.30919764712159725	2.3308375742080556	4.000059213922495	[1579, 1580, 438, 2040, 1451, 1713, 174, 1086, 1112]	888533
202	0.17323138873893396	0.3101189275038082	2.3308375742080556	2.5051671895178695	[1579, 1583, 162, 1549, 107, 10, 734, 19, 794]	762083
203	0.17400578710498016	0.31103897923134083	2.3308375742080556	4.324168518135703	[1799, 1019, 10, 107, 420, 158, 1115, 1086, 1112]	823561
204	0.17477946012560186	0.3125107587556879	2.3308375742080556	4.3676429365452245	[2637, 1676, 2728, 496, 217, 132, 1108, 1086, 1112]	763510
205	0.1755524084801986	0.31381621250154024	2.3308375742080556	3.3730943189351876	[377, 162, 10, 232, 320, 836, 1089, 1086, 1112]	759976
206	0.17632463284753375	0.31546529005480883	2.3308375742080556	4.375220138117771	[1742, 400, 19, 1126, 241, 1729, 1094, 1086, 1112]	896257
207	0.17709613390573486	0.31676513352529934	2.3308375742080556	3.998733360372933	[359, 158, 10, 232, 1879, 836, 1089, 1086, 1112]	898535
208	0.17786691233229424	0.31779022013052116	2.3308375742080556	4.405163342879758	[1715, 132, 19, 734, 10, 494, 636, 1086, 1112]	736103
209	0.17863696880406965	0.3192475774483575	2.3308375742080556	3.367370973882611	[2636, 162, 3284, 811, 3459, 1203, 174, 1086, 1112]	761998
210	0.17940630399728497	0.32070182151508775	2.3308375742080556	3.2554680830185445	[87, 1529, 2229, 734, 19, 132, 1108, 1086, 1112]	807509
211	0.18017491858753054	0.32172100173829477	2.3308375742080556	3.8793726606222823	[1580, 301, 10, 811, 3459, 1203, 174, 1086, 1112]	784984
212	0.18094281324976402	0.3227386528416538	2.3308375742080556	3.794321496401735	[158, 420, 162, 846, 734, 1203, 174, 1086, 1112]	826317
213	0.18170998865831067	0.32388179265408357	2.3308375742080556	3.974229022752067	[382, 409, 19, 241, 1729, 132, 1108, 1086, 1112]	767663
214	0.18247644548686437	0.32502300297705367	2.3308375742080556	2.5836887917645335	[241, 1031, 132, 19, 734, 1203, 174, 1086, 1112]	858303
215	0.18324218440848794	0.3263046975786055	2.3308375742080556	3.8291232657059986	[1819, 1513, 1031, 241, 132, 217, 261, 1086, 1112]	838198
216	0.18400720609561372	0.3275839584067711	2.3308375742080556	3.9749419633129834	[1873, 10, 301, 2627, 261, 132, 1108, 1086, 1112]	859580
217	0.1847715112200441	0.32902039404249883	2.3308375742080556	3.453083370502198	[2297, 400, 19, 241, 1720, 132, 1108, 1086, 1096]	851425
218	0.1855351004529524	0.3299152380528826	2.3308375742080556	3.920825132299778	[1549, 162, 1583, 1013, 156, 1713, 174, 1086, 1112]	893453
219	0.18629797446488328	0.33080888866514246	2.3308375742080556	3.784425672540432	[161, 2149, 420, 107, 734, 1203, 174, 1086, 1112]	836959
220	0.18706013392575316	0.332261126319949	2.3308375742080556	3.6349858748895585	[1743, 1742, 400, 19, 132, 217, 261, 1086, 1112]	824262
221	0.18782157950485112	0.3336875704470731	2.3308375742080556	4.724521156546703	[1075, 87, 415, 733, 734, 19, 334, 1086, 1112]	856159
222	0.1885823118708394	0.33468726759360745	2.3308375742080556	2.4826874770423397	[2872, 241, 132, 19, 734, 1203, 174, 1086, 1112]	840542
223	0.18934233169175374	0.33581023950883815	2.3308375742080556	3.252632271774014	[1849, 420, 158, 651, 734, 1203, 174, 1086, 1112]	857742
224	0.19010163963500426	0.3370714505340764	2.3308375742080556	4.729024778796931	[2047, 232, 1792, 496, 2728, 301, 1092, 1086, 1096]	857883
225	0.19086023636737603	0.33833026668160826	2.3308375742080556	2.7726098074410324	[193, 1265, 415, 10, 734, 1203, 174, 1086, 1112]	847903
226	0.1916181225550294	0.33992043060674326	2.3308375742080556	4.006905069618327	[3869, 438, 2729, 496, 1879, 836, 1089, 1086, 1112]	855253
227	0.1923752988635009	0.341173836907132	2.3308375742080556	4.381630951163474	[2238, 1549, 107, 232, 1879, 836, 1089, 1086, 1112]	861664
228	0.19313176595770365	0.34216230208666953	2.3308375742080556	3.745342396119992	[1259, 734, 10, 232, 320, 836, 1089, 1086, 1096]	882338
229	0.19388752450192792	0.3437432566371662	2.3308375742080556	3.8774505592319573	[669, 813, 807, 811, 3459, 1203, 174, 1086, 1112]	834657
230	0.19464257515984174	0.3451451722876605	2.3308375742080556	3.9641017700773915	[432, 422, 19, 241, 1729, 1822, 1094, 1086, 1112]	839660
231	0.1953969185944916	0.3460185116783757	2.3308375742080556	3.595986787453527	[1580, 301, 10, 232, 320, 836, 1089, 1086, 1096]	844431
232	0.19615055546830296	0.34741556685972685	2.3308375742080556	3.432873060993459	[195, 3284, 811, 734, 19, 132, 1108, 1086, 1112]	835646
233	0.19690348644308076	0.34865474085928794	2.3308375742080556	3.6549147210958397	[3580, 813, 3284, 811, 3459, 1203, 174, 1086, 1112]	895364
234	0.1976557121800101	0.3500461644475402	2.3308375742080556	3.2029914826574055	[1742, 400, 19, 241, 1031, 132, 1108, 1086, 1096]	894233
235	0.1984072333396567	0.3512999334204423	2.3308375742080556	4.241460788027678	[377, 162, 107, 10, 232, 193, 1115, 1086, 1096]	892178
236	0.19915805058196756	0.35285892787366313	2.3308375742080556	3.5450457481194073	[2636, 301, 2627, 261, 217, 132, 1108, 1086, 1112]	886581
237	0.1999081645662717	0.353829861409518	2.3308375742080556	4.457530045551947	[3764, 162, 107, 10, 157, 1713, 174, 1086, 1112]	839206
238	0.2006575759512803	0.35521022974757144	2.3308375742080556	3.6930438924536517	[457, 540, 19, 241, 1031, 132, 1108, 1086, 1112]	832985
239	0.20140628539508776	0.35629856124635784	2.3308375742080556	4.060728528776339	[420, 158, 10, 734, 19, 422, 636, 1086, 1112]	815237
240	0.202154293555172	0.3578455427008821	2.3308375742080556	3.662538975750678	[2627, 261, 217, 241, 1587, 132, 1108, 1086, 1112]	831831
241	0.20290160108839517	0.3587019443929057	2.3308375742080556	3.973646085661369	[119, 123, 19, 241, 132, 1713, 174, 1086, 1096]	835405
242	0.20364820865100408	0.3599196870115172	2.3308375742080556	4.140671349259529	[1579, 1580, 301, 2627, 438, 970, 261, 1086, 1112]	848131
243	0.20439411689863096	0.36113511729334213	2.3308375742080556	4.355074558482826	[2151, 158, 651, 19, 241, 132, 1108, 1086, 1112]	900171
244	0.20513932648629385	0.3624998799211945	2.3308375742080556	3.4088673628808186	[715, 494, 2229, 734, 19, 132, 1108, 1086, 1112]	819198
245	0.20588383806839727	0.363710410748167	2.3308375742080556	2.8707041775814046	[318, 158, 10, 734, 19, 132, 1108, 1086, 1112]	877443
246	0.2066276522987328	0.36438089377446914	2.3308375742080556	2.698833643487326	[160, 320, 232, 10, 734, 1203, 174, 1086, 1112]	804042
247	0.20737076983047964	0.3653345404101813	2.3308375742080556	3.904102804974637	[377, 162, 1549, 107, 420, 158, 1115, 1086, 1112]	797937
248	0.2081131913162052	0.3664057832287405	2.3308375742080556	4.1539632032444205	[734, 10, 162, 2636, 301, 2627, 261, 1086, 1112]	839440
249	0.20885491740786577	0.36735639183586477	2.3308375742080556	3.6181813792982744	[1791, 420, 162, 10, 734, 19, 334, 1086, 1112]	859059
250	0.20959594875680676	0.36830557420408083	2.3308375742080556	4.2107335939417325	[1549, 232, 193, 1265, 734, 1203, 174, 1086, 1112]	855325
251	0.21033628601376364	0.3696550190834056	2.3308375742080556	4.154078214807924	[1879, 1794, 1791, 420, 158, 1713, 174, 1086, 1112]	864031
252	0.21107592982886225	0.37040226541550547	2.3308375742080556	3.1953336592406076	[420, 158, 10, 232, 1192, 836, 2348, 2372, 794]	893884
253	0.2118148808516196	0.3715977906276614	2.3308375742080556	3.119907802836199	[837, 162, 107, 734, 19, 132, 1108, 1086, 1112]	856695
254	0.21255313973094436	0.3726584617951012	2.3308375742080556	3.611173435340718	[1549, 162, 107, 232, 320, 836, 1089, 1086, 1112]	735173
255	0.2132907071151372	0.3738497027801908	2.3308375742080556	4.347330596029502	[846, 10, 162, 837, 420, 158, 1115, 1086, 1096]	882445
256	0.21402758365189178	0.3751873041231286	2.3308375742080556	3.350197656851903	[3895, 1030, 1032, 1729, 241, 132, 1108, 1086, 1112]	764579
257	0.21476376998829494	0.3762419166017017	2.3308375742080556	4.0786964433385	[734, 10, 301, 1580, 438, 132, 1108, 1086, 1112]	828315
258	0.21549926677082742	0.377426353066488	2.3308375742080556	4.028112599810432	[10, 438, 2297, 400, 19, 132, 1108, 1086, 1112]	849641
259	0.21623407464536448	0.3782566410425081	2.3308375742080556	4.366322580686986	[160, 320, 232, 10, 158, 1546, 234, 1086, 1112]	829626
260	0.2169681942571765	0.37960591048469017	2.3308375742080556	3.7764879735594556	[2078, 435, 422, 19, 241, 132, 1108, 1086, 1112]	857181
261	0.21770162625092937	0.3806530648603188	2.3308375742080556	4.160460644842415	[1792, 496, 438, 3366, 3459, 1203, 174, 1086, 1112]	853908
262	0.2184343712706851	0.381829125121272	2.3308375742080556	4.584630660969943	[1549, 107, 1794, 1791, 420, 1582, 1087, 1086, 1112]	852044
263	0.21916642995990254	0.3831496805790817	2.3308375742080556	4.342206802141561	[1879, 496, 3366, 438, 1779, 132, 1108, 1086, 1096]	823563
264	0.21989780296143768	0.38446741502608683	2.3308375742080556	3.569233038916896	[3065, 1460, 19, 241, 1031, 132, 1108, 1086, 1112]	881308
265	0.22062849091754466	0.3856362323261132	2.3308375742080556	4.577977800076544	[359, 158, 1557, 15, 422, 19, 334, 1086, 1112]	800062
266	0.22135849446987577	0.3868028301922475	2.3308375742080556	3.946472672091823	[4210, 2308, 3284, 811, 3459, 1203, 174, 1086, 1112]	831980
267	0.22208781425948243	0.3876206133405202	2.3308375742080556	3.20364678036257	[1549, 107, 734, 19, 241, 132, 1108, 1086, 1112]	833587
268	0.22281645092681557	0.38878344312204594	2.3308375742080556	4.35124618061968	[2153, 158, 420, 162, 1192, 836, 1089, 1086, 1112]	856222
269	0.22354440511172624	0.38981510687063436	2.3308375742080556	4.701697642614751	[160, 107, 162, 420, 2307, 1468, 1089, 1086, 1096]	890235
270	0.2242716774534662	0.39111860243090824	2.3308375742080556	3.2855854612982913	[19, 400, 654, 493, 217, 132, 1108, 1086, 1112]	811563
271	0.2249982685906884	0.3920321333343255	2.3308375742080556	2.9588103491531097	[1549, 162, 232, 10, 734, 1203, 174, 1086, 1112]	843761
272	0.2257241791614476	0.3937019669524868	2.3308375742080556	3.984719696187481	[1819, 1513, 2680, 241, 1587, 132, 1108, 1086, 1112]	844513
273	0.22644940980320105	0.3946116219231943	2.3308375742080556	3.011881719841078	[2636, 1549, 107, 10, 734, 1203, 174, 1086, 1112]	853509
274	0.22717396115280875	0.39551991209949267	2.3308375742080556	4.004574083247574	[107, 162, 1541, 158, 420, 1582, 793, 4290, 794]	815995
275	0.22789783384653428	0.39666774212751554	2.3308375742080556	4.085719946416507	[190, 195, 3222, 811, 3459, 1203, 174, 1086, 1112]	843691
276	0.22862102852004518	0.3975729474183908	2.3308375742080556	2.7050945281237446	[2654, 232, 10, 734, 19, 132, 1108, 1086, 1112]	834531
277	0.22934354580841365	0.39885987044331483	2.3308375742080556	3.662291783764993	[158, 420, 1879, 496, 217, 132, 1108, 1086, 1112]	868000
278	0.23006538634611695	0.40000135831953465	2.3308375742080556	3.6633087111950546	[811, 807, 808, 331, 241, 132, 1108, 1086, 1112]	845300
279	0.23078655076703825	0.4010140875083279	2.3308375742080556	3.5225664039354925	[195, 3284, 162, 107, 734, 1203, 174, 1086, 1112]	897823
280	0.23150703970446684	0.4020251073259016	2.3308375742080556	4.766028142200273	[161, 10, 232, 1792, 420, 1822, 1094, 1086, 1112]	815385
281	0.23222685379109886	0.4030344206574792	2.3308375742080556	3.2458780237955605	[813, 3284, 811, 734, 19, 132, 1108, 1086, 1112]	852721
282	0.2329459936590378	0.40432991887653846	2.3308375742080556	3.275106911836782	[1579, 1583, 162, 107, 734, 1203, 174, 1086, 1112]	884521
283	0.23366445993979512	0.4054610198335329	2.3308375742080556	3.83894337120587	[1742, 400, 19, 132, 387, 344, 174, 1086, 1112]	854725
284	0.23438225326429085	0.406589972975125	2.3308375742080556	3.9713340508226436	[2627, 261, 217, 132, 387, 344, 174, 1086, 1112]	849736
285	0.23509937426285388	0.4077167823797404	2.3308375742080556	3.8265182619248623	[1820, 10, 734, 19, 241, 217, 261, 1086, 1112]	860057
286	0.2358158235652229	0.4089820358353501	2.3308375742080556	3.0428145428777587	[1265, 415, 733, 734, 19, 132, 1108, 1086, 1112]	860258
287	0.23653160180054655	0.4101043030199075	2.3308375742080556	3.819305766029082	[2073, 160, 331, 241, 1031, 132, 1108, 1086, 1112]	897191
288	0.23724670959738436	0.41072589900198053	2.3308375742080556	3.953153477675257	[1549, 232, 10, 734, 19, 1987, 334, 1086, 1112]	852146
289	0.237961147583707	0.41184485481442257	2.3308375742080556	3.545302085300313	[2627, 438, 10, 232, 320, 836, 1089, 1086, 1112]	853287
290	0.23867491638689708	0.4131012897559201	2.3308375742080556	3.95537157821237	[1820, 10, 494, 2229, 734, 19, 334, 1086, 1112]	844031
291	0.2393880166337493	0.4142157350064921	2.3308375742080556	3.507855548041615	[5158, 301, 10, 734, 19, 132, 1108, 1086, 1112]	878533
292	0.24010044895047156	0.4153280640687085	2.3308375742080556	3.8751000448683213	[394, 193, 1265, 734, 19, 132, 1108, 1086, 1112]	841662
293	0.24081221396268515	0.4167331823229379	2.3308375742080556	3.82208839521019	[1579, 4018, 2197, 241, 1720, 132, 1108, 1086, 1112]	824936
294	0.24152331229542523	0.41797917467027046	2.3308375742080556	4.610058745933414	[2309, 420, 2764, 1511, 1031, 132, 1108, 1086, 1112]	778961
295	0.2422337445731415	0.4190843574440628	2.3308375742080556	3.495340623845488	[1807, 157, 651, 734, 19, 132, 1108, 1086, 1112]	810954
296	0.24294351141969905	0.420187441617753	2.3308375742080556	4.10167672008985	[87, 1265, 415, 10, 438, 2627, 261, 1086, 1112]	902631
297	0.2436526134583783	0.4212884311763131	2.3308375742080556	4.175820698949946	[1549, 107, 1794, 1791, 420, 158, 1115, 1086, 1112]	890680
298	0.24436105131187613	0.4228779099725207	2.3308375742080556	4.703656050500224	[846, 10, 438, 1580, 1579, 1582, 1087, 1086, 1112]	863735
299	0.24506882560230592	0.42397379067732555	2.3308375742080556	2.762429847802123	[1549, 107, 232, 10, 734, 1203, 174, 1086, 1112]	855074
300	0.2457759369511986	0.42494605713789146	2.3308375742080556	3.011881719841078	[2689, 1549, 107, 10, 734, 1203, 174, 1086, 1112]	842377
301	0.24648238597950267	0.4259166825237023	2.3308375742080556	3.2070278290945966	[1849, 420, 158, 1557, 734, 1203, 174, 1086, 1112]	884221
302	0.24718817330758525	0.42677800437348246	2.3308375742080556	3.553005808888803	[1579, 1580, 438, 10, 734, 19, 334, 1086, 1112]	827300
303	0.24789329955523232	0.42815560545244935	2.3308375742080556	4.624254068199381	[1579, 1580, 1674, 438, 1712, 132, 1108, 1086, 1112]	850782
304	0.24859776534164924	0.4293771968714657	2.3308375742080556	4.212013671740799	[195, 3222, 813, 651, 734, 1203, 174, 1086, 1112]	835305
305	0.2493015712854615	0.43046073626542725	2.3308375742080556	4.868011186878952	[846, 162, 1549, 232, 10, 158, 1089, 1086, 1096]	882646
306	0.250004718004715	0.4312202955639606	2.3308375742080556	3.276977981408388	[160, 87, 1529, 2229, 734, 1203, 174, 1086, 1112]	896507
307	0.2507072061168769	0.43189455896064	2.3308375742080556	3.77781796098973	[988, 420, 158, 19, 734, 1203, 174, 1086, 1112]	842902
308	0.25140903623883604	0.43249319370463235	2.3308375742080556	3.7236956764044304	[1549, 107, 232, 10, 734, 19, 334, 1086, 1112]	725720
309	0.2521102089869032	0.43345108038578295	2.3308375742080556	3.270228321182117	[2627, 261, 132, 19, 734, 1203, 174, 1086, 1112]	893691
310	0.2528107249768121	0.43466135944990025	2.3308375742080556	2.5717925868915774	[2238, 1549, 162, 10, 734, 1203, 174, 1086, 1112]	759291
311	0.2535105848237198	0.4357348648979934	2.3308375742080556	3.1467499054067334	[1820, 733, 734, 19, 241, 132, 1108, 1086, 1112]	829477
312	0.25420978914220693	0.43680633189715634	2.3308375742080556	3.718342269755328	[2636, 162, 1549, 232, 320, 836, 1089, 1086, 1112]	762469
313	0.2549083385462786	0.4376513155384286	2.3308375742080556	3.4963950751795423	[320, 232, 10, 734, 19, 1987, 334, 1086, 1112]	850158
314	0.25560623364936474	0.43885262193223695	2.3308375742080556	4.175820698949946	[1549, 107, 1794, 1791, 420, 158, 1115, 1086, 1112]	889361
315	0.25630347506432083	0.43991816871133693	2.3308375742080556	3.3212990430632914	[420, 158, 1557, 734, 19, 132, 1108, 1086, 1112]	898927
316	0.2570000634034282	0.4412641905684531	2.3308375742080556	3.787109157746439	[734, 19, 1126, 241, 1729, 132, 1108, 1086, 1112]	861304
317	0.2576959992783947	0.44232515808853257	2.3308375742080556	4.230818883427377	[1849, 420, 107, 162, 2636, 836, 1089, 1086, 1112]	834010
318	0.2583912833003553	0.44351648007747924	2.3308375742080556	3.407102537286222	[1873, 10, 158, 1557, 734, 1203, 174, 1086, 1112]	859470
319	0.2590859160798725	0.4445731707891377	2.3308375742080556	3.515720960712584	[1579, 1580, 438, 496, 217, 132, 1108, 1086, 1112]	793569
320	0.2597798982269369	0.4457596905048592	2.3308375742080556	3.291660443615336	[2558, 415, 733, 734, 19, 132, 1108, 1086, 1112]	811388
321	0.2604732303509677	0.4464988465341355	2.3308375742080556	2.956330174893786	[813, 3284, 162, 10, 734, 1203, 174, 1086, 1112]	827665
322	0.2611659130608134	0.44732928807954475	2.3308375742080556	3.5526347719277345	[2047, 232, 162, 107, 734, 1203, 174, 1086, 1112]	829573
323	0.26185794696475206	0.4483787387586472	2.3308375742080556	2.5137599120354004	[2149, 420, 158, 10, 734, 1203, 174, 1086, 1112]	860560
324	0.2625493326704922	0.44955712890412125	2.3308375742080556	4.054905297059016	[1392, 1268, 841, 840, 843, 3094, 174, 1086, 1112]	895785
325	0.26324007078517286	0.45038298197718174	2.3308375742080556	3.8203147475541366	[1792, 232, 1799, 1019, 19, 132, 1108, 1086, 1112]	865765
326	0.26393016191536467	0.45170385417473113	2.3308375742080556	2.886115177086911	[837, 162, 846, 10, 734, 1203, 174, 1086, 1112]	887044
327	0.26461960666706996	0.4526293154548181	2.3308375742080556	3.382595354054197	[119, 409, 19, 241, 1031, 132, 1108, 1086, 1112]	824721
328	0.26530840564572356	0.4537986253888441	2.3308375742080556	3.855740650497319	[2796, 1791, 1794, 107, 734, 1203, 174, 1086, 1112]	894086
329	0.26599655945619305	0.4549654374073616	2.3308375742080556	4.183507316507883	[1794, 1879, 496, 2729, 301, 2627, 261, 1086, 1112]	833203
330	0.2666840687027795	0.45578317616296615	2.3308375742080556	4.003608153034189	[2654, 232, 10, 158, 19, 132, 1108, 1086, 1112]	851179
331	0.2673709339892181	0.4567017520133856	2.3308375742080556	4.6297466872592965	[2636, 162, 232, 193, 1265, 255, 174, 1086, 1096]	830264
332	0.2680571559186783	0.45761877741266854	2.3308375742080556	2.8217543651359582	[1555, 2229, 494, 10, 734, 1203, 174, 1086, 1112]	812203
333	0.2687427350937648	0.4584454520393829	2.3308375742080556	3.750880847719242	[846, 10, 734, 19, 241, 217, 261, 1086, 1112]	855349
334	0.26942767211651786	0.45935953427214826	2.3308375742080556	4.396480407437097	[420, 1879, 496, 3366, 438, 2627, 261, 1086, 1112]	901550
335	0.2701119675884137	0.4605144669076753	2.3308375742080556	4.23568267960188	[2149, 420, 158, 1557, 734, 19, 334, 1086, 1112]	796230
336	0.27079562211036523	0.46153888062611237	2.3308375742080556	4.001884701911912	[2654, 232, 10, 734, 19, 387, 344, 1086, 1112]	804209
337	0.2714786362827225	0.46285348296833373	2.3308375742080556	3.8810646021157265	[420, 2764, 400, 19, 734, 1203, 174, 1086, 1112]	849517
338	0.2721610107052733	0.46387345519577017	2.3308375742080556	4.206240511256697	[1580, 1579, 4018, 241, 132, 217, 261, 1086, 1096]	824235
339	0.27284274597724356	0.46467782886981635	2.3308375742080556	3.808258769646102	[1792, 232, 10, 734, 19, 387, 344, 1086, 1096]	767445
340	0.273523842697298	0.4656943368987636	2.3308375742080556	4.0938378357989516	[2004, 19, 132, 1032, 1729, 1822, 1094, 1086, 1112]	835228
341	0.2742043014635406	0.466708914709557	2.3308375742080556	2.3308375742080556	[1791, 420, 158, 10, 734, 1203, 174, 1086, 1112]	904844
342	0.27488412287351494	0.46750903422195267	2.3308375742080556	3.3730943189351876	[377, 162, 10, 232, 320, 836, 1089, 1086, 1112]	808076
343	0.2755633075242051	0.4685201661556675	2.3308375742080556	3.5101282015520283	[378, 1742, 400, 19, 734, 1203, 174, 1086, 1112]	805431
344	0.2762418560120359	0.46931756816975156	2.3308375742080556	3.2013044387969734	[846, 10, 734, 19, 132, 1713, 174, 1086, 1112]	804731
345	0.2769197689328736	0.47002530651428964	2.3308375742080556	3.8449160854651288	[111, 162, 107, 734, 19, 132, 1108, 1086, 1112]	856508
346	0.27759704688202635	0.47082045030166964	2.3308375742080556	3.9220307599376865	[846, 10, 158, 651, 19, 132, 1108, 1086, 1112]	888015
347	0.27827369045424455	0.4718252942816741	2.3308375742080556	3.6042752988427944	[950, 4588, 1987, 19, 241, 132, 1108, 1086, 1112]	804901
348	0.27894970024372157	0.4729535971808526	2.3308375742080556	4.024090689550124	[885, 455, 1529, 2229, 734, 1203, 174, 1086, 1112]	852984
349	0.2796250768440943	0.4744011733604706	2.3308375742080556	3.841190998301413	[87, 1265, 193, 232, 1192, 836, 1089, 1086, 1112]	844730
350	0.2802998208484436	0.4752883241577499	2.3308375742080556	3.977352100965386	[157, 10, 438, 2627, 261, 132, 1108, 1086, 1112]	639748
351	0.28097393284929484	0.476409229226993	2.3308375742080556	3.4795577163641402	[669, 811, 734, 19, 241, 132, 1108, 1086, 1112]	746797
352	0.2816474134386182	0.47729299065528463	2.3308375742080556	3.5091647089501086	[2709, 2520, 1019, 10, 734, 1203, 174, 1086, 1112]	812114
353	0.28232026320782955	0.4782855441126992	2.3308375742080556	3.487597960682706	[2149, 420, 107, 734, 19, 132, 1108, 1086, 1096]	811490
354	0.2829924827477909	0.47940004642935297	2.3308375742080556	3.6127148776092612	[1265, 193, 394, 432, 19, 132, 1108, 1086, 1112]	734369
355	0.28366407264881055	0.480278759699751	2.3308375742080556	4.218977303257087	[193, 232, 10, 107, 420, 1822, 1094, 1086, 1096]	855986
356	0.28433503350064404	0.4811559898024954	2.3308375742080556	3.590317179179018	[1527, 1531, 158, 10, 734, 1203, 174, 1086, 1112]	845587
357	0.2850053658924946	0.4822819533662921	2.3308375742080556	3.430917076506833	[1743, 1742, 400, 19, 132, 1713, 174, 1086, 1112]	857952
358	0.28567507041301343	0.4833879184317328	2.3308375742080556	3.7507136944742676	[4210, 2308, 651, 734, 19, 132, 1108, 1086, 1112]	847292
359	0.2863441476503005	0.4842599006295959	2.3308375742080556	3.4175888249478232	[158, 10, 734, 19, 132, 217, 261, 1086, 1112]	692309
360	0.28701259819190483	0.4851304110210872	2.3308375742080556	4.2565671627373325	[1743, 193, 232, 10, 301, 2627, 261, 1086, 1112]	761833
361	0.2876804226248252	0.486367776137423	2.3308375742080556	3.270354725875218	[2627, 301, 2729, 496, 217, 132, 1108, 1086, 1112]	807693
362	0.2883476215355103	0.48734309774306483	2.3308375742080556	4.1006186304838845	[2309, 420, 158, 10, 415, 255, 174, 1086, 1112]	879068
363	0.28901419550985996	0.48831656733827933	2.3308375742080556	2.9885624736151977	[1799, 10, 734, 19, 241, 132, 1108, 1086, 1112]	804756
364	0.2896801451332248	0.4890842679617001	2.3308375742080556	2.9184683354044427	[846, 10, 494, 2229, 734, 1203, 174, 1086, 1112]	765296
365	0.29034547099040753	0.48994663537206573	2.3308375742080556	4.185978309107439	[87, 415, 733, 734, 19, 1987, 334, 1086, 1112]	812952
366	0.29101017366566284	0.4906268620052763	2.3308375742080556	3.059521845880865	[87, 160, 107, 10, 734, 1203, 174, 1086, 1112]	896689
367	0.2916742537426983	0.49159409615402927	2.3308375742080556	3.2308870043034217	[19, 734, 10, 232, 320, 836, 1089, 1086, 1112]	857829
368	0.2923377118046746	0.49255949364939655	2.3308375742080556	2.7934354118548566	[2627, 438, 1580, 1579, 158, 10, 734, 19, 794]	875983
369	0.2930005484342064	0.4937790047539836	2.3308375742080556	2.703085473721731	[846, 10, 734, 19, 241, 132, 1108, 1086, 1096]	764727
370	0.29366276421336257	0.49499558505719476	2.3308375742080556	4.630045764473061	[1879, 496, 1792, 232, 2658, 132, 1108, 1086, 1112]	828266
371	0.2943243597236668	0.49607439087524885	2.3308375742080556	3.855994498175477	[1586, 107, 734, 811, 3459, 1203, 174, 1086, 1112]	757004
372	0.29498533554609796	0.49692495975639117	2.3308375742080556	3.9039240039568455	[1791, 420, 158, 10, 159, 1713, 174, 1086, 1112]	787360
373	0.29564569226109105	0.4979996439854272	2.3308375742080556	2.9343375404904775	[1580, 438, 2627, 261, 217, 132, 1108, 1086, 1112]	843394
374	0.2963054304485371	0.49920608099824904	2.3308375742080556	3.604905049069579	[2264, 232, 1792, 496, 217, 132, 1108, 1086, 1112]	847941
375	0.29696455068778405	0.49995744361677874	2.3308375742080556	3.832951382236473	[2047, 232, 10, 734, 19, 387, 344, 1086, 1112]	883140
376	0.2976230535576372	0.500906960189772	2.3308375742080556	3.2440403241103093	[846, 162, 1549, 107, 734, 1203, 174, 1086, 1112]	878073
377	0.2982809396363598	0.5019731379481558	2.3308375742080556	4.077974925790065	[107, 734, 10, 232, 1192, 836, 1089, 1086, 1112]	712655
378	0.2989382095016735	0.5028137504178614	2.3308375742080556	4.622322881892038	[420, 158, 1557, 15, 432, 422, 636, 1086, 1112]	800006
379	0.2995948637307585	0.5035597002950636	2.3308375742080556	3.2692296325790284	[2149, 158, 10, 734, 19, 132, 1108, 1086, 1112]	758164
380	0.3002509029002548	0.5045023766454148	2.3308375742080556	3.5983662424025216	[1549, 107, 160, 331, 241, 132, 1108, 1086, 1112]	882289
381	0.300906327586262	0.5054432629744843	2.3308375742080556	3.9199906967807143	[2264, 232, 10, 811, 3459, 1203, 174, 1086, 1096]	874601
382	0.3015611383643402	0.5068231645844885	2.3308375742080556	3.9092269413755645	[3819, 438, 2297, 400, 19, 132, 1108, 1086, 1112]	878462
383	0.3022153358095103	0.5077596440354186	2.3308375742080556	4.548199258901841	[3131, 162, 846, 10, 301, 2627, 261, 1086, 1096]	876001
384	0.3028689204962548	0.508694345232183	2.3308375742080556	4.549702469454908	[107, 10, 494, 2229, 1529, 1010, 1105, 1086, 1112]	826396
385	0.30352189299851795	0.5097438873413671	2.3308375742080556	4.447233305760137	[320, 232, 193, 842, 159, 1713, 174, 1086, 1112]	846968
386	0.3041742538897064	0.5108078111969632	2.3308375742080556	4.22738905909295	[2607, 1587, 132, 241, 1729, 1822, 1094, 1086, 1112]	945855
387	0.30482600374268987	0.5117367243158926	2.3308375742080556	3.680189885319443	[161, 10, 846, 734, 19, 132, 1108, 1086, 1112]	784407
388	0.30547714312980123	0.512469286672243	2.3308375742080556	3.8217480447059655	[1582, 420, 162, 10, 734, 19, 334, 1086, 1112]	780395
389	0.3061276726228376	0.5133950448626983	2.3308375742080556	4.361015979783658	[195, 10, 232, 1792, 496, 3366, 150, 1086, 1112]	759700
390	0.30677759279306027	0.5143190451572841	2.3308375742080556	2.465656797017007	[2309, 420, 158, 10, 734, 1203, 174, 1086, 1112]	679490
391	0.30742690421119556	0.5153565716111107	2.3308375742080556	3.9807810718372236	[3621, 1720, 241, 1031, 132, 217, 261, 1086, 1112]	845356
392	0.30807560744743523	0.51652129542659	2.3308375742080556	3.6253385290913105	[4356, 669, 813, 19, 734, 1203, 174, 1086, 1112]	892738
393	0.30872370307143693	0.5175541173662914	2.3308375742080556	4.782210921280629	[1791, 1792, 496, 2729, 438, 970, 261, 1086, 1096]	853289
394	0.30937119165232463	0.5184702201165183	2.3308375742080556	3.545302085300313	[2627, 438, 10, 232, 320, 836, 1089, 1086, 1112]	854929
395	0.3100180737586895	0.5193845833053161	2.3308375742080556	4.379118812851862	[1723, 241, 1031, 1511, 2327, 387, 344, 1086, 1112]	855930
396	0.3106643499585898	0.5207046329727515	2.3308375742080556	3.6257413630617314	[2196, 2197, 4018, 241, 1720, 132, 1108, 1086, 1112]	744689
397	0.31131002081955206	0.5216147532985953	2.3308375742080556	4.761798817440698	[2654, 232, 10, 1019, 19, 132, 1094, 1086, 1112]	840579
398	0.3119550869085709	0.5224222129646134	2.3308375742080556	3.2041040002539116	[241, 19, 734, 811, 3459, 1203, 174, 1086, 1112]	889906
399	0.31259954879211005	0.523228309730925	2.3308375742080556	4.514399679222304	[420, 158, 1579, 1580, 438, 132, 1108, 1086, 1112]	794012
400	0.31324340703610276	0.5241336379188275	2.3308375742080556	2.7978154650195437	[1265, 193, 394, 432, 422, 19, 409, 4290, 794]	826982
401	0.31388666220595196	0.5247682714606976	2.3308375742080556	4.116922523666013	[1549, 162, 107, 10, 158, 420, 458, 1086, 1112]	844784
402	0.31452931486653113	0.525570408348182	2.3308375742080556	4.179016661134686	[158, 10, 1549, 162, 1192, 836, 1089, 1086, 1112]	762416
403	0.3151713655821845	0.5262031257581734	2.3308375742080556	3.7184879538223523	[77, 19, 132, 1032, 370, 1713, 174, 1086, 1112]	839849
404	0.31581281491672797	0.5272152650769273	2.3308375742080556	3.407113361296819	[1580, 1579, 4018, 2197, 241, 132, 1108, 1086, 1112]	886477
405	0.31645366343344905	0.5279246043139947	2.3308375742080556	3.192337880196124	[1579, 1580, 494, 10, 734, 1203, 174, 1086, 1112]	776833
406	0.3170939116951079	0.5286328792989488	2.3308375742080556	3.7885828742910066	[1265, 808, 331, 241, 132, 1713, 174, 1086, 1112]	881529
407	0.3177335602639375	0.5297656967048083	2.3308375742080556	4.488093286791974	[1743, 193, 842, 157, 320, 836, 1089, 1086, 1112]	828907
408	0.31837260970164405	0.5308957916567278	2.3308375742080556	3.349967131992438	[1742, 400, 654, 493, 217, 132, 1108, 1086, 1112]	706609
409	0.31901106056940776	0.5318979063596097	2.3308375742080556	3.4383542099580904	[87, 1265, 193, 232, 320, 836, 1089, 1086, 1112]	839272
410	0.31964891342788315	0.5326002200289088	2.3308375742080556	2.740666610992391	[837, 162, 10, 734, 19, 132, 1108, 1086, 1112]	753948
411	0.3202861688371996	0.5334877521631856	2.3308375742080556	3.960507462934796	[420, 158, 651, 1431, 19, 132, 1108, 1086, 1112]	799008
412	0.320922827356962	0.5343735989879626	2.3308375742080556	2.9794750205252756	[2153, 158, 10, 734, 19, 132, 1108, 1086, 1112]	843581
413	0.3215588895462509	0.5352577637034259	2.3308375742080556	3.0850208400801664	[1019, 10, 494, 2229, 734, 1203, 174, 1086, 1112]	840133
414	0.3221943559636232	0.5360421955258787	2.3308375742080556	3.0811171265996933	[157, 10, 494, 2229, 734, 1203, 174, 1086, 1112]	805438
415	0.3228292271671127	0.5371572064237771	2.3308375742080556	3.962324962234514	[160, 2229, 734, 811, 3459, 1203, 174, 1086, 1112]	799062
416	0.3234635037142305	0.5378516293393794	2.3308375742080556	3.840768191018827	[846, 162, 10, 734, 19, 132, 1094, 1086, 1112]	803719
417	0.3240971861619655	0.5388545554909865	2.3308375742080556	4.272371609481108	[457, 540, 19, 132, 241, 217, 261, 1086, 1112]	845161
418	0.32473027506678476	0.5398396684400719	2.3308375742080556	2.929114272143794	[193, 842, 157, 10, 734, 1203, 174, 1086, 1112]	828778
419	0.3253627709846343	0.5406163665305714	2.3308375742080556	4.158815103692293	[1549, 162, 10, 494, 217, 132, 1108, 1086, 1112]	891782
420	0.3259946744709393	0.541597715845234	2.3308375742080556	4.1733411337606645	[2872, 241, 1729, 1032, 132, 217, 261, 1086, 1112]	757832
421	0.3266259860806049	0.5424681628908838	2.3308375742080556	3.6633087111950546	[811, 807, 808, 331, 241, 132, 1108, 1086, 1112]	760489
422	0.32725670636801607	0.5430105468194455	2.3308375742080556	3.901198388586879	[1791, 420, 158, 3284, 734, 1203, 174, 1086, 1096]	880460
423	0.32788683588703893	0.5437818928293471	2.3308375742080556	3.8601951829380345	[77, 19, 132, 241, 1729, 1822, 1094, 1086, 1096]	877297
424	0.3285163751910206	0.5448783032278972	2.3308375742080556	3.5209091645832054	[1791, 420, 2308, 651, 734, 1203, 174, 1086, 1112]	833858
425	0.32914532483279	0.5457425208595716	2.3308375742080556	3.7948811769816793	[107, 10, 734, 19, 241, 217, 261, 1086, 1112]	827191
426	0.32977368536465823	0.5464240628593108	2.3308375742080556	4.016133179193944	[3131, 162, 10, 734, 19, 1987, 334, 1086, 1112]	889806
427	0.33040145733841897	0.5470289690397682	2.3308375742080556	3.958800551095365	[158, 420, 107, 232, 320, 836, 1089, 1086, 1112]	856378
428	0.33102864130534915	0.5477935324118557	2.3308375742080556	4.397799460378077	[1549, 162, 420, 158, 2151, 132, 1108, 1086, 1112]	806337
429	0.3316552378162093	0.5488803018003618	2.3308375742080556	3.948138873643636	[2627, 438, 10, 232, 1192, 836, 1089, 1086, 1112]	846213
430	0.3322812474212441	0.5495571360526332	2.3308375742080556	3.6029071938672788	[1879, 420, 158, 651, 734, 1203, 174, 1086, 1096]	843492
431	0.33290667067018276	0.5505193858230286	2.3308375742080556	3.3403126218552064	[1851, 1799, 10, 734, 19, 132, 1108, 1086, 1112]	841570
432	0.33353150811223975	0.5513728917635774	2.3308375742080556	3.6358832531427465	[813, 190, 195, 10, 734, 1203, 174, 1086, 1112]	872294
433	0.33415576029611493	0.5520459862761062	2.3308375742080556	3.85119214147302	[2627, 301, 1580, 438, 1779, 132, 1108, 1086, 1112]	874810
