0	9.366567084169164E-4	0.0018988715277777901	3.645205308664633	3.645205308664633	[241, 132, 19, 2688, 734, 1203, 174, 1086, 1112]	662932
1	0.0018724360910443716	0.004031045569313885	3.270354725875218	3.270354725875218	[2627, 301, 2728, 496, 217, 132, 1108, 1086, 1112]	642538
2	0.0028073389696354756	0.006424617198995786	3.270354725875218	4.44265888739594	[1792, 1791, 420, 1822, 1094, 132, 1108, 1086, 1112]	698705
3	0.0037413661651737318	0.008101658981308435	3.270354725875218	3.658391749798205	[320, 232, 3, 19, 734, 1203, 174, 1086, 1112]	668522
4	0.00467451849787337	0.009589846650017941	3.270354725875218	3.7677552999452857	[1849, 420, 107, 10, 734, 19, 334, 1086, 1112]	680283
5	0.005606796787180679	0.011470508291036241	3.037517528763763	3.037517528763763	[846, 10, 734, 811, 3459, 1203, 174, 1086, 1112]	773732
6	0.006538201851774117	0.012953641530483062	3.037517528763763	3.2440403241103093	[846, 162, 1549, 107, 734, 1203, 174, 1086, 1112]	652292
7	0.007468734509565533	0.014619663065322586	3.037517528763763	3.7184879538223523	[77, 19, 132, 1032, 370, 1713, 174, 1086, 1112]	755625
8	0.008398395577700724	0.016098071492650856	3.037517528763763	4.061708143810386	[377, 162, 1549, 232, 10, 158, 1115, 1086, 1112]	665838
9	0.009327185872559873	0.017758785588800396	3.037517528763763	4.334649301979703	[160, 837, 162, 107, 10, 158, 1115, 1086, 1112]	736858
10	0.010255106209758558	0.019416696589205085	3.037517528763763	3.797629561449096	[1580, 438, 10, 811, 3459, 1203, 174, 1086, 1112]	754918
11	0.01118215740414863	0.02127869830466611	2.9764953218339167	2.9764953218339167	[421, 438, 10, 734, 19, 132, 1108, 1086, 1112]	742341
12	0.01210834026981833	0.02293066809437183	2.80829630771566	2.80829630771566	[1791, 1792, 232, 10, 734, 1203, 174, 1086, 1112]	766821
13	0.013033655620093731	0.024785997229392343	2.80829630771566	4.151737178735539	[2558, 415, 10, 811, 3459, 1203, 174, 1086, 1096]	765977
14	0.013958104267538851	0.026869279095662613	2.80829630771566	3.108537565551422	[2405, 1742, 400, 19, 734, 1203, 174, 1086, 1112]	739328
15	0.014881687023956758	0.02920796452874419	2.80829630771566	3.487653786890231	[1879, 232, 1792, 496, 217, 132, 1108, 1086, 1112]	740882
16	0.01580440470039013	0.03105137388429402	2.8015263992762196	2.8015263992762196	[377, 162, 846, 10, 734, 1203, 174, 1086, 1112]	704287
17	0.016726258107121916	0.03289128284230458	2.8015263992762196	3.2013044387969734	[846, 10, 734, 19, 132, 1713, 174, 1086, 1112]	736556
18	0.017647248053676123	0.034342277573979785	2.8015263992762196	2.9764953218339167	[421, 438, 10, 734, 19, 132, 1108, 1086, 1112]	649217
19	0.01856737534881847	0.03617593752867332	2.7283464581471835	2.7283464581471835	[1580, 438, 2627, 261, 217, 241, 132, 393, 794]	743546
20	0.019486640800557176	0.03780276247979686	2.7283464581471835	3.898247517610238	[1962, 842, 159, 10, 734, 1203, 174, 1086, 1112]	753362
21	0.020405045216143725	0.03962985141823039	2.7283464581471835	4.2111829138832695	[1715, 132, 1031, 241, 1126, 19, 334, 1086, 1112]	745943
22	0.021322589402073433	0.041681423390908745	2.7283464581471835	4.052760341774536	[1791, 420, 158, 1557, 734, 19, 334, 1086, 1112]	680792
23	0.02223927416408611	0.0439845114007954	2.7283464581471835	4.025443453411246	[318, 158, 3284, 811, 3459, 1203, 174, 1086, 1112]	679316
24	0.023155100307166943	0.04579986199221098	2.7283464581471835	4.125510972225642	[1580, 438, 10, 162, 1192, 836, 1089, 1086, 1096]	667855
25	0.02407006863554706	0.04783825340030867	2.7283464581471835	3.925134890653636	[1792, 496, 217, 241, 132, 1713, 174, 1086, 1112]	729715
26	0.02498417995270441	0.04926682255029968	2.7283464581471835	3.059521845880865	[87, 160, 107, 10, 734, 1203, 174, 1086, 1112]	766512
27	0.025897435061364327	0.05087155158245338	2.7283464581471835	4.105336083949792	[2238, 1549, 162, 107, 420, 1822, 1094, 1086, 1096]	740575
28	0.026809834763500184	0.0519967017355335	2.7283464581471835	3.818735644559151	[1917, 420, 158, 10, 734, 19, 334, 1086, 1112]	720660
29	0.027721379860334294	0.05402185526576153	2.7283464581471835	3.8210891590728915	[813, 807, 808, 331, 241, 132, 1108, 1086, 1112]	732891
30	0.028632071152338456	0.055818146230697474	2.7283464581471835	3.8399148045512668	[1807, 157, 10, 811, 3459, 1203, 174, 1086, 1112]	757044
31	0.029541909439234626	0.05723474280485408	2.7283464581471835	2.7480897637862154	[3131, 162, 107, 10, 734, 1203, 174, 1086, 1112]	738082
32	0.030450895519995802	0.05902493290912003	2.7283464581471835	3.8658084122290512	[1579, 1580, 301, 2627, 438, 132, 1108, 1086, 1112]	784583
33	0.03135903019284658	0.060840085430514446	2.7283464581471835	3.457969945445411	[4301, 1711, 132, 19, 734, 1203, 174, 1086, 1096]	713489
34	0.03226631425526394	0.06262342945232069	2.7283464581471835	4.399127429743597	[1820, 10, 494, 1580, 438, 2627, 261, 1086, 1112]	724981
35	0.03317274850397778	0.06462588184301699	2.7283464581471835	3.196872070467011	[193, 1743, 1742, 400, 19, 132, 1108, 1086, 1112]	728958
36	0.03407833373497182	0.06640203712380555	2.7283464581471835	3.4109304880621742	[1579, 1580, 438, 2627, 261, 132, 1108, 1086, 1112]	654785
37	0.03498307074348417	0.06817481971390249	2.7283464581471835	3.8584787192870174	[1580, 438, 1512, 1031, 241, 132, 1108, 1086, 1112]	770036
38	0.03588696032400818	0.07016541305557811	2.7283464581471835	4.162717800140569	[419, 421, 438, 2627, 261, 132, 1108, 1086, 1112]	732355
39	0.036790003270292915	0.07193104947826989	2.7283464581471835	3.8602631943929904	[10, 494, 2229, 734, 19, 132, 1094, 1086, 1112]	682478
40	0.03769220037534404	0.07391361864747525	2.7283464581471835	3.5522957948762697	[4210, 87, 1529, 2229, 734, 1203, 174, 1086, 1112]	725808
41	0.03859355243142437	0.07567213770928838	2.7283464581471835	4.347654949959744	[160, 331, 305, 3083, 19, 132, 1108, 1086, 1112]	662326
42	0.03949406023005475	0.0776467150518283	2.7283464581471835	3.4523835248396635	[2751, 331, 241, 19, 734, 1203, 174, 1086, 1112]	674323
43	0.04039372456201451	0.0793981454431687	2.7283464581471835	3.693511807587405	[421, 438, 10, 232, 320, 836, 1089, 1086, 1112]	772069
44	0.04129254621734246	0.08077936393208718	2.5114685958579344	2.5114685958579344	[1792, 232, 10, 734, 19, 132, 1108, 1086, 1112]	745346
45	0.042190525985337235	0.08233090339304283	2.5114685958579344	3.7274171217179903	[161, 10, 734, 19, 241, 132, 1094, 1086, 1112]	755096
46	0.04308766465455838	0.08370772173928953	2.5114685958579344	4.317794702428082	[2180, 1549, 162, 10, 158, 1713, 174, 1086, 1112]	764811
47	0.04398396301282659	0.08544764305760144	2.5114685958579344	4.756254077105965	[320, 232, 10, 301, 2729, 438, 1091, 1086, 1112]	739989
48	0.04487942184722482	0.0876455494940398	2.5114685958579344	3.608040556787639	[420, 1791, 1792, 496, 217, 132, 1108, 1086, 1112]	759654
49	0.04577404194409862	0.08901439404855405	2.5114685958579344	3.7613435602732013	[320, 232, 10, 158, 19, 132, 1108, 1086, 1112]	697482
50	0.04666782408905723	0.09038118486681113	2.5114685958579344	4.062712337372859	[837, 162, 232, 10, 734, 19, 334, 1086, 1112]	682679
51	0.04756076906697393	0.09256723472312645	2.5114685958579344	3.8444899831158867	[2627, 301, 2728, 496, 1879, 836, 1089, 1086, 1112]	744537
52	0.048452877661986804	0.09392869506197632	2.5114685958579344	3.7576656517146434	[158, 420, 107, 811, 734, 1203, 174, 1086, 1112]	744872
53	0.04934415065749953	0.09610621933150354	2.5114685958579344	4.119258468271386	[320, 232, 193, 1265, 1209, 132, 1108, 1086, 1112]	682381
54	0.050234588836181926	0.0978225974957504	2.5114685958579344	3.5193451930823008	[300, 301, 2728, 496, 217, 132, 1108, 1086, 1112]	737548
55	0.05112419297997084	0.09917617298819081	2.5114685958579344	3.465783634884758	[377, 162, 10, 734, 19, 132, 1094, 1086, 1112]	665568
56	0.052012963870070705	0.10088672170484736	2.5114685958579344	3.6181706960572146	[2872, 241, 2680, 1513, 1031, 132, 1108, 1086, 1112]	779794
57	0.0529009022869541	0.10304752403229311	2.5114685958579344	3.5193451930823008	[300, 301, 2728, 496, 217, 132, 1108, 1086, 1112]	756779
58	0.053788009010362625	0.10424373408635756	2.5114685958579344	2.5606421040991183	[420, 158, 10, 734, 19, 132, 1108, 1086, 1112]	763815
59	0.054674284819307584	0.10615727591417601	2.5114685958579344	3.2855854612982913	[19, 400, 654, 493, 217, 132, 1108, 1086, 1112]	773409
60	0.055559730492070636	0.10766598035780084	2.5114685958579344	3.9360540588925046	[1265, 415, 10, 734, 19, 1987, 334, 1086, 1112]	725196
61	0.05644434680620436	0.1090047874003024	2.5114685958579344	4.482296651483418	[257, 320, 232, 1792, 496, 3366, 150, 1086, 1112]	713630
62	0.05732813453853303	0.11069667284089424	2.5114685958579344	3.268660282572534	[421, 438, 107, 10, 734, 1203, 174, 1086, 1112]	724263
63	0.05821109446515338	0.11219771530089462	2.5114685958579344	4.169887565760945	[1549, 107, 438, 2627, 261, 132, 1108, 1086, 1112]	752475
64	0.059093227361435186	0.11433133437804477	2.5114685958579344	3.1136056597975417	[421, 438, 2627, 261, 217, 132, 1108, 1086, 1112]	668581
65	0.05997453400202202	0.1162233267667635	2.5114685958579344	4.142428545022815	[1792, 496, 217, 132, 241, 1729, 1094, 1086, 1096]	741072
66	0.060855015160831805	0.11771504086606732	2.5114685958579344	4.218977303257087	[193, 232, 10, 107, 420, 1822, 1094, 1086, 1112]	735104
67	0.0617346716110575	0.11959980487788913	2.5114685958579344	3.277501431330884	[2040, 545, 132, 19, 734, 1203, 174, 1086, 1112]	744716
68	0.06261350412516797	0.12171563481459158	2.5114685958579344	3.792553580557649	[2340, 160, 331, 241, 1031, 132, 1108, 1086, 1112]	652707
69	0.06349151347490856	0.12359185263572736	2.5114685958579344	3.3096903516266822	[2028, 493, 654, 400, 19, 132, 1108, 1086, 1112]	708868
70	0.0643687004313016	0.12490676540826462	2.5114685958579344	4.200598966480976	[5414, 19, 132, 1032, 370, 1713, 174, 1086, 1096]	740777
71	0.0652450657646475	0.127009841342838	2.5114685958579344	3.9233114615005995	[421, 438, 2627, 261, 217, 132, 1094, 1086, 1112]	735603
72	0.06612061024452487	0.12887474951868028	2.5114685958579344	2.853873716751811	[87, 1265, 415, 733, 734, 1203, 174, 1086, 1112]	735415
73	0.06699533463979168	0.13096828935862792	2.5114685958579344	4.145764884739494	[300, 301, 2729, 438, 1779, 132, 1108, 1086, 1112]	762936
74	0.0678692397185856	0.13243511564491495	2.5114685958579344	3.174553318870279	[3136, 1468, 232, 10, 734, 1203, 174, 1086, 1112]	757245
75	0.06874232624832499	0.13428843418449188	2.5114685958579344	3.4671053307472945	[331, 2626, 494, 2229, 734, 1203, 174, 1086, 1112]	670744
76	0.06961459499570921	0.13613779360853628	2.5114685958579344	4.401216419714708	[1726, 132, 241, 1031, 1513, 254, 174, 1086, 1112]	731509
77	0.07048604672671965	0.13694693593930074	2.5114685958579344	3.1196816947915353	[1849, 420, 162, 107, 734, 19, 409, 4290, 794]	655066
78	0.07135668220662017	0.138585762829607	2.5114685958579344	4.122168195314043	[3869, 438, 1580, 301, 217, 132, 1108, 1086, 1112]	670234
79	0.07222650219995785	0.1400397316905717	2.5114685958579344	4.731345514836953	[811, 734, 19, 241, 1031, 132, 3279, 1086, 1112]	758109
80	0.0730955074705637	0.1414912464181387	2.5114685958579344	3.767886943838805	[2047, 232, 10, 158, 420, 1822, 1094, 1086, 1112]	653892
81	0.07396369878155318	0.14263618645682807	2.5114685958579344	2.698833643487326	[157, 320, 232, 10, 734, 1203, 174, 1086, 1096]	743994
82	0.07483107689532698	0.14408331866525836	2.5114685958579344	3.6748139215520776	[87, 1265, 415, 10, 734, 19, 334, 1086, 1112]	747657
83	0.07569764257357181	0.14591175395863698	2.5114685958579344	3.7732537289641703	[318, 317, 324, 668, 670, 132, 1108, 1086, 1112]	768557
84	0.07656339657726086	0.14719317922490271	2.5114685958579344	2.7143040527824787	[2636, 162, 10, 734, 19, 132, 1108, 1086, 1096]	763933
85	0.07742833966665452	0.1484726819138229	2.5114685958579344	3.382865386193065	[377, 162, 107, 10, 734, 19, 334, 1086, 1112]	742317
86	0.07829247260130112	0.15008962289326178	2.5114685958579344	3.1958448816006024	[811, 3284, 2308, 651, 734, 1203, 174, 1086, 1112]	739874
87	0.07915579614003743	0.15170349350951262	2.5114685958579344	4.008849317386519	[10, 301, 1512, 1031, 241, 132, 1108, 1086, 1112]	725974
88	0.08001831104098966	0.15331429959280074	2.5114685958579344	3.6256011872758283	[2689, 1549, 107, 734, 19, 132, 1108, 1086, 1112]	642546
89	0.08088001806157386	0.1549220469622805	2.5114685958579344	2.794813446346238	[2636, 162, 1549, 10, 734, 1203, 174, 1086, 1112]	737473
90	0.08174091795849647	0.15672732823402857	2.5114685958579344	3.3680206473366088	[457, 540, 409, 19, 734, 1203, 174, 1086, 1112]	757111
91	0.08260101148775545	0.15875393110578062	2.5114685958579344	4.40081366650433	[2872, 241, 1720, 132, 1729, 1822, 1094, 1086, 1112]	748411
92	0.08346029940464028	0.1600160887022869	2.5114685958579344	3.625054467323273	[1819, 1513, 1031, 241, 132, 1713, 174, 1086, 1112]	663803
93	0.08431878246373337	0.16161111023524155	2.5114685958579344	3.856730336536015	[119, 123, 19, 241, 1209, 132, 1108, 1086, 1112]	658034
94	0.08517646141891011	0.16320310302722107	2.5114685958579344	3.9997868559616654	[1580, 438, 2627, 301, 10, 158, 1115, 1086, 1112]	659530
95	0.08603333702333982	0.16431908730530542	2.5114685958579344	4.456698212537127	[195, 1583, 162, 1549, 107, 836, 1089, 1086, 1112]	613512
96	0.08688941002948636	0.16557289525902263	2.5114685958579344	4.921839293525491	[318, 158, 651, 19, 132, 217, 261, 1086, 1112]	740184
97	0.08774468118910872	0.16698131292231033	2.5114685958579344	3.7407328919413816	[420, 162, 107, 811, 3459, 1203, 174, 1086, 1112]	722176
98	0.0885991512532619	0.16823112662463025	2.5114685958579344	3.2175883971693997	[1917, 420, 107, 10, 734, 1203, 174, 1086, 1096]	730681
99	0.08945282097229745	0.1694790651777912	2.5114685958579344	3.929157479833444	[1851, 159, 10, 734, 19, 1987, 334, 1086, 1112]	746873
100	0.09030569109586384	0.17150670417882197	2.5114685958579344	3.951066046557563	[2299, 2297, 400, 19, 132, 1713, 174, 1086, 1112]	755806
101	0.09115776237290762	0.17327655680051024	2.5114685958579344	4.200190953599384	[1647, 1697, 241, 1031, 132, 217, 261, 1086, 1112]	785922
102	0.09200903555167372	0.17451692547815012	2.3635521757840072	2.3635521757840072	[1549, 162, 107, 10, 734, 1203, 174, 1086, 1112]	558767
103	0.09285951137970616	0.1760844117850221	2.3635521757840072	2.5114685958579344	[1792, 232, 10, 734, 19, 132, 1108, 1086, 1112]	711904
104	0.09370919060384897	0.17764892163677581	2.3635521757840072	3.2285026044807976	[2627, 261, 217, 241, 19, 132, 1108, 1086, 1112]	746670
105	0.09455807397024651	0.17862378277727653	2.3635521757840072	3.340665621259337	[988, 420, 158, 651, 734, 1203, 174, 1086, 1112]	647964
106	0.09540616222434417	0.17985612878219748	2.3635521757840072	3.1642591730578267	[709, 1580, 438, 10, 734, 1203, 174, 1086, 1112]	743707
107	0.09625345611088931	0.1816359548916111	2.3635521757840072	4.264391019223312	[3895, 1030, 1032, 132, 19, 387, 344, 1086, 1112]	650707
108	0.09709995637393165	0.18272735641496096	2.3635521757840072	3.9225328667558257	[1582, 420, 158, 10, 438, 2627, 261, 1086, 1112]	751611
109	0.0979456637568239	0.18427925216829633	2.3635521757840072	3.113154942969383	[1820, 10, 734, 811, 3459, 1203, 174, 1086, 1112]	545504
110	0.09879057900222266	0.1862396406232446	2.3635521757840072	4.09490546423578	[1579, 1580, 438, 10, 157, 1713, 174, 1086, 1112]	762259
111	0.09963470285208875	0.18761317518044884	2.3635521757840072	3.5522957948762697	[4210, 87, 1529, 2229, 734, 1203, 174, 1086, 1096]	771323
112	0.10047803604768812	0.18883203401398296	2.3635521757840072	3.457683096745879	[837, 162, 10, 232, 320, 836, 1089, 1086, 1112]	766728
113	0.10132057932959238	0.19004906414127687	2.3635521757840072	3.7189662013481346	[1791, 420, 158, 10, 438, 2627, 261, 1086, 1112]	766699
114	0.10216233343767955	0.19158705691227595	2.3635521757840072	3.246511038076628	[811, 734, 19, 241, 1031, 132, 1108, 1086, 1112]	739062
115	0.1030032991111346	0.19352988281767625	2.3635521757840072	3.378905822487007	[421, 438, 2729, 496, 217, 132, 1108, 1086, 1112]	756447
116	0.10384347708844999	0.19448591777513136	2.3635521757840072	3.943516850046702	[841, 157, 651, 734, 19, 132, 1108, 1086, 1112]	614989
117	0.10468286810742666	0.19601548553109227	2.3635521757840072	3.860978590349844	[1265, 808, 331, 241, 1126, 132, 1108, 1086, 1112]	743043
118	0.10552147290517444	0.19794766877433034	2.3635521757840072	4.379244738176829	[1265, 808, 331, 241, 217, 132, 1094, 1086, 1112]	761853
119	0.10635929221811269	0.19915102232340864	2.3635521757840072	3.639959786094199	[1849, 420, 158, 733, 734, 1203, 174, 1086, 1112]	670990
120	0.107196326781971	0.20067173164516872	2.3635521757840072	3.8159330076997664	[2151, 158, 10, 734, 19, 132, 1094, 1086, 1096]	758919
121	0.10803257733178995	0.20259272472173562	2.3635521757840072	4.486087418810446	[1579, 4018, 2197, 241, 1031, 132, 1094, 1086, 1112]	676823
122	0.10886804460192145	0.20429617043918802	2.3635521757840072	4.531810927580888	[19, 422, 432, 394, 193, 1872, 1115, 1086, 1112]	670193
123	0.10970272932602976	0.20599597720399687	2.3635521757840072	4.5234879222093	[394, 432, 15, 1557, 158, 1546, 234, 1086, 1112]	741363
124	0.11053663223709176	0.20790417473802958	2.3635521757840072	3.7175198579440627	[1579, 1580, 438, 2040, 545, 132, 1108, 1086, 1112]	629171
125	0.11136975406739802	0.20980778637863562	2.3635521757840072	3.5580036031396665	[82, 1652, 3284, 811, 734, 1203, 174, 1086, 1112]	741607
126	0.11220209554855298	0.21130825987455293	2.3635521757840072	3.9777456443964514	[420, 158, 651, 811, 3459, 1203, 174, 1086, 1096]	737157
127	0.11303365741147586	0.21263948146523537	2.3635521757840072	3.2225792761912224	[420, 2149, 161, 10, 734, 1203, 174, 1086, 1112]	771221
128	0.11386444038640142	0.2143481631460833	2.3635521757840072	2.9107698805203093	[196, 190, 195, 10, 734, 1203, 174, 1086, 1112]	749313
129	0.1146944452028803	0.21552691032929172	2.3635521757840072	4.280664869533821	[988, 420, 162, 10, 301, 2627, 261, 1086, 1112]	741593
130	0.1155236725897798	0.2170165239435753	2.3635521757840072	3.819305766029082	[107, 160, 331, 241, 1031, 132, 1108, 1086, 1112]	759659
131	0.11635212327528455	0.21819126767051178	2.3635521757840072	2.64636434858192	[1799, 232, 10, 734, 19, 132, 1108, 1086, 1096]	655703
132	0.11717979798689715	0.21986139130524884	2.3635521757840072	3.475047216873138	[1962, 842, 157, 10, 734, 1203, 174, 1086, 1112]	777859
133	0.11800669745143866	0.22134277429701954	2.3635521757840072	2.9343375404904775	[1580, 438, 2627, 261, 217, 132, 1108, 1086, 1112]	749431
134	0.11883282239504955	0.2230061655872786	2.3635521757840072	3.625192104254949	[1647, 1697, 241, 1126, 19, 132, 1108, 1086, 1112]	648230
135	0.11965817354319008	0.2246660034903819	2.3635521757840072	4.162717800140569	[419, 421, 438, 2627, 261, 132, 1108, 1086, 1112]	720082
136	0.12048275162064082	0.2258292703747199	2.3635521757840072	3.8852265271140656	[1872, 193, 232, 10, 734, 19, 334, 1086, 1112]	665360
137	0.12130655735150375	0.22713598215794162	2.3635521757840072	4.568982897130864	[160, 107, 1794, 1791, 420, 158, 1115, 1086, 1112]	811394
138	0.12212959145920244	0.2286035516362659	2.3635521757840072	4.248277870817669	[394, 432, 15, 1557, 734, 19, 334, 1086, 1112]	777903
139	0.12295185466648284	0.23006833438869267	2.3635521757840072	3.975379101244748	[1579, 1580, 438, 4626, 301, 2627, 261, 1086, 1112]	636628
140	0.12377334769541415	0.23153033570685655	2.3635521757840072	4.168533979216483	[2627, 301, 2729, 1676, 241, 132, 1108, 1086, 1112]	738460
141	0.12459407126738897	0.23317196401802964	2.3635521757840072	2.713548092949771	[87, 1265, 415, 10, 734, 1203, 174, 1086, 1112]	671010
142	0.12541402610312435	0.2348360873600044	2.3635521757840072	3.2143415486280356	[432, 422, 19, 1126, 241, 132, 1108, 1086, 1112]	768994
143	0.1262332129226622	0.23647065382377386	2.3635521757840072	3.9103503330794984	[10, 438, 970, 261, 217, 132, 1108, 1086, 1112]	739892
144	0.1270516324453701	0.2379204979598507	2.3635521757840072	3.324522352712875	[846, 10, 158, 651, 734, 1203, 174, 1086, 1112]	767951
145	0.1278692853899417	0.23954847541171875	2.3635521757840072	4.007704491517212	[734, 10, 107, 1586, 1587, 132, 1108, 1086, 1112]	673880
146	0.12868617247439762	0.24083203074353732	2.3635521757840072	3.9174365284495094	[1265, 193, 232, 10, 301, 2627, 261, 1086, 1112]	644617
147	0.12950229441608585	0.2426565082087151	2.3635521757840072	4.119505441973911	[2357, 438, 421, 261, 217, 132, 1108, 1086, 1112]	731785
148	0.13031765193168254	0.24393481753610202	2.3635521757840072	3.556791604687226	[107, 10, 734, 19, 241, 132, 1094, 1086, 1112]	727273
149	0.1311322457371925	0.24521096922332408	2.3635521757840072	2.935613391505804	[249, 318, 158, 10, 734, 1203, 174, 1086, 1112]	743766
150	0.13194607654794988	0.24648496691223143	2.3635521757840072	4.078349660806367	[2796, 1791, 420, 158, 19, 132, 1108, 1086, 1112]	747850
151	0.13275914507861886	0.24809464868457465	2.3635521757840072	3.708788044297587	[734, 19, 241, 132, 387, 344, 174, 1086, 1112]	673908
152	0.1335714520431942	0.2497008918056708	2.3635521757840072	4.006174751573927	[320, 232, 1792, 1791, 420, 158, 1115, 1086, 1112]	720577
153	0.13438299815500188	0.2515040550982216	2.3635521757840072	3.9709501965999765	[2627, 301, 324, 671, 670, 132, 1108, 1086, 1112]	741577
154	0.1351937841266997	0.25292535273665273	2.3635521757840072	2.7972272025268525	[1580, 438, 10, 734, 19, 132, 1108, 1086, 1112]	708177
155	0.1360038106702781	0.2547207668135567	2.3635521757840072	3.476832363898965	[2627, 261, 217, 241, 1720, 132, 1108, 1086, 1112]	734413
156	0.13681307849706048	0.2563128550192162	2.3635521757840072	4.623070554847116	[2309, 420, 1917, 10, 157, 1713, 174, 1086, 1112]	686733
157	0.137621588317704	0.2579015421575418	2.3635521757840072	4.306570146681515	[320, 232, 1799, 1851, 159, 1713, 174, 1086, 1112]	681014
158	0.13842934084220015	0.2594868354939972	2.3635521757840072	4.585097952508488	[2796, 1879, 496, 2728, 301, 2627, 261, 1086, 1112]	778225
159	0.13923633677987546	0.26059785918902933	2.3635521757840072	2.8312701009744954	[1873, 10, 734, 19, 241, 132, 1108, 1086, 1112]	760563
160	0.14004257683939214	0.2620018888617932	2.3635521757840072	4.489668754709911	[2627, 301, 1580, 1579, 158, 1713, 174, 1086, 1112]	765588
161	0.14084806172874842	0.26340325246258733	2.3635521757840072	3.3064443978528946	[1265, 808, 331, 241, 19, 132, 1108, 1086, 1112]	706429
162	0.1416527921552796	0.2648019550539399	2.3635521757840072	4.173876409441239	[1792, 232, 1799, 1019, 10, 158, 1115, 1086, 1112]	716171
163	0.14245676882565828	0.26637250751811914	2.3635521757840072	3.537616959318256	[10, 301, 2729, 496, 217, 132, 1108, 1086, 1112]	737017
164	0.14325999244589527	0.2676107869469804	2.3635521757840072	4.677046306261499	[195, 1583, 162, 420, 158, 1546, 234, 1086, 1112]	749683
165	0.14406246372134002	0.269175339098888	2.3635521757840072	3.5209091645832054	[1791, 420, 2308, 651, 734, 1203, 174, 1086, 1112]	650727
166	0.14486418335668128	0.2704088876681173	2.3635521757840072	3.510090644536051	[377, 162, 107, 811, 3459, 1203, 174, 1086, 1112]	738224
167	0.14566515205594777	0.27164035414822996	2.3635521757840072	4.105148084089259	[1580, 1675, 77, 19, 734, 1203, 174, 1086, 1096]	763011
168	0.14646537052250896	0.272611722369721	2.3635521757840072	3.3248987589734043	[158, 420, 107, 734, 19, 132, 1108, 1086, 1112]	751035
169	0.1472648394590752	0.27383947071641557	2.3635521757840072	3.9932680801416236	[193, 394, 432, 422, 19, 1987, 334, 1086, 1112]	656564
170	0.1480635595676988	0.2755846227452572	2.3635521757840072	4.30279288149055	[1799, 232, 193, 1265, 1209, 132, 1108, 1086, 1112]	749381
171	0.14886153154977455	0.27655073073961456	2.3635521757840072	3.8197206070083745	[241, 19, 734, 10, 158, 1713, 174, 1086, 1112]	741634
172	0.14965875610604018	0.2774083481226054	2.3635521757840072	3.662837912061349	[1799, 232, 162, 107, 734, 1203, 174, 1086, 1096]	754192
173	0.150455233936577	0.27897647236713097	2.3635521757840072	3.108537565551422	[2405, 1742, 400, 19, 734, 1203, 174, 1086, 1112]	752436
174	0.15125096574081076	0.2803456034146109	2.3635521757840072	3.456575631333	[2627, 438, 3366, 496, 217, 132, 1108, 1086, 1112]	778667
175	0.15204595221751205	0.2817338256302463	2.3635521757840072	3.133351038370388	[358, 359, 158, 10, 734, 1203, 174, 1086, 1112]	769836
176	0.15284019406479676	0.28281147121079075	2.3635521757840072	3.099862811030701	[2238, 1549, 10, 734, 19, 132, 1108, 1086, 1112]	763902
177	0.1536336919801271	0.28456241976740504	2.3635521757840072	4.085681829977267	[2607, 1587, 132, 1032, 370, 1713, 174, 1086, 1112]	668093
178	0.15442644666031202	0.28592094381841093	2.3635521757840072	3.756145060436058	[950, 1987, 19, 241, 1031, 132, 1108, 1086, 1112]	762260
179	0.15521845880150753	0.2871262277191804	2.3635521757840072	3.8378586345818677	[4210, 87, 160, 331, 241, 132, 1108, 1086, 1112]	759084
180	0.15600972909921784	0.2880769433886602	2.3635521757840072	4.1481743626962855	[1549, 162, 107, 420, 158, 1546, 234, 1086, 1112]	776058
181	0.1568002582482957	0.28959777511359897	2.3635521757840072	3.78594197920628	[1794, 1879, 496, 217, 241, 132, 1108, 1086, 1096]	736026
182	0.15759004694294287	0.29094673767170576	2.3635521757840072	3.493803779530599	[119, 409, 19, 1126, 241, 132, 1108, 1086, 1112]	780583
183	0.15837909587671095	0.29265077650252713	2.3635521757840072	4.880637646112456	[1807, 157, 842, 159, 1265, 255, 174, 1086, 1112]	765234
184	0.159167405742502	0.29359412442290556	2.3635521757840072	4.037204951796291	[195, 10, 301, 1580, 438, 2627, 261, 1086, 1112]	685343
185	0.1599549772325689	0.2952918008969564	2.3635521757840072	4.2086628712342415	[1741, 1743, 1742, 400, 1032, 132, 1108, 1086, 1096]	762913
186	0.16074181103851626	0.29648126786110607	2.3635521757840072	2.8209375817823568	[394, 432, 422, 19, 734, 1203, 174, 1086, 1112]	780926
187	0.1615279078513009	0.29766872714085435	2.3635521757840072	4.362452316577786	[1791, 1792, 496, 3366, 438, 2627, 261, 1086, 1112]	775510
188	0.1623132683612324	0.2993834030999831	2.3635521757840072	3.0238730246629197	[2607, 1587, 132, 19, 734, 1203, 174, 1086, 1112]	758706
189	0.16309789325797364	0.3007137840077251	2.3635521757840072	2.991294123983124	[1529, 2229, 734, 19, 241, 132, 1108, 1086, 1112]	745777
190	0.1638817832305418	0.30204163869304024	2.3635521757840072	3.579975676326404	[1580, 438, 970, 261, 217, 132, 1108, 1086, 1112]	766770
191	0.1646649389673085	0.30353263861038293	2.3635521757840072	3.1524131692906527	[87, 415, 733, 734, 19, 132, 1108, 1086, 1112]	783217
192	0.16544736115600067	0.30485514065295216	2.3635521757840072	4.0633744847090085	[331, 241, 19, 400, 654, 132, 1108, 1086, 1112]	734584
193	0.16622905048370096	0.3063401302816843	2.3635521757840072	3.8063968530960466	[2872, 241, 19, 651, 734, 1203, 174, 1086, 1112]	779074
194	0.1670100076368486	0.30784546854062156	2.3635521757840072	3.377411603643564	[2196, 2197, 4018, 241, 19, 132, 1108, 1086, 1112]	731845
195	0.16779023330123966	0.3087685522397938	2.3635521757840072	2.752583784462389	[107, 162, 846, 10, 734, 1203, 174, 1086, 1112]	725904
196	0.1685697281620281	0.30980563645925574	2.3635521757840072	4.098082142279369	[2154, 158, 10, 232, 320, 836, 1089, 1086, 1112]	722544
197	0.169348492903726	0.311116226884816	2.3635521757840072	3.696270330469976	[249, 318, 158, 1557, 734, 1203, 174, 1086, 1112]	752137
198	0.17012652821020435	0.31227898402500853	2.3635521757840072	3.1467499054067334	[1820, 733, 734, 19, 241, 132, 1108, 1086, 1112]	686856
199	0.1709038347646935	0.3141678662099985	2.3635521757840072	4.292929503476673	[241, 217, 496, 2728, 301, 2627, 261, 1086, 1112]	772509
200	0.1716804132497839	0.3153254725314998	2.3635521757840072	3.464042998863989	[3284, 2308, 651, 19, 734, 1203, 174, 1086, 1112]	731346
201	0.17245626434742656	0.316788095118255	2.3635521757840072	3.983581389889152	[3694, 668, 324, 671, 670, 132, 1108, 1086, 1112]	732305
202	0.17323138873893396	0.3180854267518738	2.3635521757840072	4.116634049553821	[158, 10, 107, 1586, 1587, 132, 1108, 1086, 1112]	679701
203	0.17400578710498016	0.3188938065741802	2.3635521757840072	3.2397234079474657	[1582, 420, 162, 107, 734, 1203, 174, 1086, 1112]	778284
204	0.17477946012560186	0.32055666349172374	2.3635521757840072	4.562731717769327	[3543, 359, 158, 420, 2307, 1468, 1089, 1086, 1096]	737191
205	0.1755524084801986	0.32170348625299827	2.3635521757840072	4.024480378416356	[420, 107, 1549, 162, 1192, 836, 1089, 1086, 1096]	760506
206	0.17632463284753375	0.322721163635592	2.3635521757840072	2.6560778331817	[377, 162, 10, 734, 19, 132, 1108, 1086, 1112]	753503
207	0.17709613390573486	0.323737314153114	2.3635521757840072	3.6902449391290917	[1715, 132, 19, 651, 734, 1203, 174, 1086, 1112]	766928
208	0.17786691233229424	0.3251819671074988	2.3635521757840072	4.063960129583163	[1742, 400, 19, 241, 1729, 1822, 1094, 1086, 1112]	755054
209	0.17863696880406965	0.32646335985658936	2.3635521757840072	4.511108830122957	[3284, 162, 107, 232, 1879, 836, 1089, 1086, 1096]	758702
210	0.17940630399728497	0.3277423194054728	2.3635521757840072	2.927281987577019	[2636, 162, 1549, 107, 734, 1203, 174, 1086, 1096]	717619
211	0.18017491858753054	0.3293579289131272	2.3635521757840072	3.8249909854742947	[2149, 420, 1879, 496, 217, 132, 1108, 1086, 1112]	765154
212	0.18094281324976402	0.33036412200675036	2.3635521757840072	4.732978480155699	[1799, 1019, 10, 107, 420, 1582, 1087, 1086, 1112]	789010
213	0.18170998865831067	0.33179461857228765	2.3635521757840072	3.679929488398706	[1799, 232, 10, 734, 19, 1987, 334, 1086, 1112]	759336
214	0.18247644548686437	0.332922472948733	2.3635521757840072	3.2619436845198377	[157, 10, 415, 733, 734, 1203, 174, 1086, 1112]	769920
215	0.18324218440848794	0.33418916747167104	2.3635521757840072	3.8538427291257067	[846, 10, 232, 1792, 496, 217, 261, 1086, 1112]	648161
216	0.18400720609561372	0.33578928353190074	2.3635521757840072	4.72986546189849	[1742, 1743, 193, 232, 3135, 836, 1089, 1086, 1112]	667649
217	0.1847715112200441	0.3372081907020902	2.3635521757840072	3.025347229191784	[158, 10, 1820, 733, 734, 1203, 174, 1086, 1112]	745945
218	0.1855351004529524	0.3382026057108962	2.3635521757840072	3.8556763153803884	[377, 162, 10, 107, 1586, 1587, 132, 393, 794]	694703
219	0.18629797446488328	0.3394792210548181	2.3635521757840072	3.8352848997201603	[4343, 453, 853, 19, 734, 1203, 174, 1086, 1112]	748285
220	0.18706013392575316	0.340470228739278	2.3635521757840072	3.568084029037413	[3764, 162, 107, 734, 19, 132, 1108, 1086, 1112]	670839
221	0.18782157950485112	0.3414597495723596	2.3635521757840072	4.451674642790741	[1873, 10, 494, 1580, 438, 2627, 261, 1086, 1096]	631589
222	0.1885823118708394	0.3428665433202214	2.3635521757840072	4.47424532481559	[394, 193, 232, 1879, 420, 158, 1115, 1086, 1112]	767987
223	0.18934233169175374	0.34411435533106083	2.3635521757840072	3.1254791452591837	[1020, 1018, 415, 733, 734, 1203, 174, 1086, 1112]	762106
224	0.19010163963500426	0.34551547822921835	2.3635521757840072	3.524727613525444	[1579, 1580, 301, 2627, 261, 132, 1108, 1086, 1112]	653585
225	0.19086023636737603	0.3469136080059504	2.3635521757840072	4.168468506906577	[157, 842, 193, 232, 1192, 836, 1089, 1086, 1096]	733382
226	0.1916181225550294	0.34870736335505514	2.3635521757840072	3.742634330956321	[2196, 2197, 4018, 241, 1209, 132, 1108, 1086, 1112]	663431
227	0.1923752988635009	0.3500986745295286	2.3635521757840072	4.076379682694545	[1265, 415, 733, 734, 19, 1987, 334, 1086, 1112]	743589
228	0.19313176595770365	0.35168534768741544	2.3635521757840072	3.894007977334561	[358, 359, 158, 1557, 734, 1203, 174, 1086, 1112]	736475
229	0.19388752450192792	0.3530702972010227	2.3635521757840072	4.104147617173706	[10, 438, 2729, 496, 1879, 836, 1089, 1086, 1112]	792809
230	0.19464257515984174	0.35429873359414144	2.3635521757840072	4.198761292875488	[2047, 232, 1792, 1791, 420, 1822, 1094, 1086, 1112]	734447
231	0.1953969185944916	0.3551598654461535	2.3635521757840072	4.113655239951693	[734, 10, 107, 162, 320, 836, 1089, 1086, 1112]	753772
232	0.19615055546830296	0.3562482819541293	2.3635521757840072	3.829321618759141	[157, 651, 733, 734, 19, 132, 1108, 1086, 1112]	764422
233	0.19690348644308076	0.35762348398852906	2.3635521757840072	4.027573963089331	[382, 409, 786, 19, 734, 1203, 174, 1086, 1096]	648614
234	0.1976557121800101	0.3584801818265263	2.3635521757840072	2.729395569867336	[241, 1720, 132, 19, 734, 1203, 174, 1086, 1112]	725320
235	0.1984072333396567	0.35944268155372416	2.3635521757840072	3.6896429729984863	[377, 162, 10, 734, 19, 1987, 334, 1086, 1112]	741211
236	0.19915805058196756	0.36040373720125585	2.3635521757840072	3.7407328919413816	[420, 162, 107, 811, 3459, 1203, 174, 1086, 1112]	774091
237	0.1999081645662717	0.3616182483339575	2.3635521757840072	3.571055120824365	[734, 19, 241, 1031, 132, 1713, 174, 1086, 1112]	680598
238	0.2006575759512803	0.36269576382915003	2.3635521757840072	2.6927737052426832	[1743, 1742, 400, 19, 734, 1203, 174, 1086, 1112]	682359
239	0.20140628539508776	0.3636519387376711	2.3635521757840072	4.089741400153584	[1791, 420, 158, 10, 438, 132, 1108, 1086, 1112]	747468
240	0.202154293555172	0.3648602819529587	2.3635521757840072	3.670045427539967	[2627, 301, 10, 734, 19, 132, 1094, 1086, 1112]	770462
241	0.20290160108839517	0.3658132093420039	2.3635521757840072	3.479615381049805	[1792, 232, 107, 734, 19, 132, 1108, 1086, 1112]	678882
242	0.20364820865100408	0.3667647070131729	2.3635521757840072	3.670321541003206	[846, 10, 107, 811, 3459, 1203, 174, 1086, 1112]	757250
243	0.20439411689863096	0.36811744353993914	2.3635521757840072	3.9932680801416236	[193, 394, 432, 422, 19, 1987, 334, 1086, 1112]	755424
244	0.20513932648629385	0.36933635279236976	2.3635521757840072	3.637777171065162	[420, 107, 10, 232, 320, 836, 1089, 1086, 1112]	781072
245	0.20588383806839727	0.3702825645401522	2.3635521757840072	4.124715853885539	[377, 162, 1549, 10, 438, 2627, 261, 1086, 1112]	773479
246	0.2066276522987328	0.3712273566458233	2.3635521757840072	3.9747096521107066	[2047, 232, 10, 162, 420, 158, 1115, 1086, 1112]	767331
247	0.20737076983047964	0.37257055992447297	2.3635521757840072	3.864291842125417	[3694, 673, 669, 811, 734, 1203, 174, 1086, 1112]	767717
248	0.2081131913162052	0.3737619678239219	2.3635521757840072	3.20364678036257	[1549, 107, 734, 19, 241, 132, 1108, 1086, 1096]	773156
249	0.20885491740786577	0.3749511133928326	2.3635521757840072	3.2460022722310127	[709, 1580, 301, 10, 734, 1203, 174, 1086, 1112]	755973
250	0.20959594875680676	0.376006124534386	2.3635521757840072	3.673241313315615	[87, 160, 107, 734, 19, 132, 1108, 1086, 1112]	680295
251	0.21033628601376364	0.3770593549376121	2.3635521757840072	3.497062871534239	[811, 734, 10, 232, 320, 836, 1089, 1086, 1112]	675410
252	0.21107592982886225	0.37799397953368485	2.3635521757840072	4.103312912460989	[1792, 232, 10, 107, 420, 1822, 1094, 1086, 1112]	761553
253	0.2118148808516196	0.3791750890560547	2.3635521757840072	3.809355070641505	[837, 162, 3284, 734, 19, 132, 1108, 1086, 1112]	654431
254	0.21255313973094436	0.3802229706090562	2.3635521757840072	3.1875349142329252	[811, 3284, 162, 10, 494, 2229, 734, 19, 794]	766547
255	0.2132907071151372	0.38126908345766164	2.3635521757840072	3.95537157821237	[1820, 10, 494, 2229, 734, 19, 334, 1086, 1112]	773224
256	0.21402758365189178	0.38296847867521566	2.3635521757840072	3.6405061422644396	[2196, 2197, 4018, 241, 217, 132, 1108, 1086, 1112]	764009
257	0.21476376998829494	0.38400995741973576	2.3635521757840072	3.4493735664421363	[107, 10, 734, 19, 132, 217, 261, 1086, 1112]	736137
258	0.21549926677082742	0.3853258541171424	2.3635521757840072	4.035130572922869	[1579, 1580, 301, 2728, 1676, 132, 1108, 1086, 1112]	718273
259	0.21623407464536448	0.38649304135162044	2.3635521757840072	4.218342990064394	[193, 1265, 2308, 651, 19, 132, 1108, 1086, 1112]	750065
260	0.2169681942571765	0.38796745764170715	2.3635521757840072	4.093002196968696	[1535, 496, 1879, 232, 320, 836, 1089, 1086, 1112]	795021
261	0.21770162625092937	0.3892749002065594	2.3635521757840072	3.2655021438255183	[432, 15, 1557, 734, 19, 132, 1108, 1086, 1112]	656316
262	0.2184343712706851	0.3904345887098565	2.3635521757840072	3.4368387883570906	[193, 232, 10, 734, 19, 132, 1094, 1086, 1112]	732357
263	0.21916642995990254	0.3914634655132494	2.3635521757840072	3.099294893324587	[846, 10, 415, 733, 734, 1203, 174, 1086, 1112]	761649
264	0.21989780296143768	0.3926189982121988	2.3635521757840072	4.335992411479231	[1549, 107, 160, 87, 1265, 255, 174, 1086, 1112]	747918
265	0.22062849091754466	0.3937723367030068	2.3635521757840072	3.9239231604422002	[193, 232, 10, 734, 19, 387, 344, 1086, 1112]	733087
266	0.22135849446987577	0.39522925895900773	2.3635521757840072	3.350197656851903	[3895, 1030, 1032, 1729, 241, 132, 1108, 1086, 1112]	732782
267	0.22208781425948243	0.396521188642628	2.3635521757840072	3.6253385290913105	[4356, 669, 813, 19, 734, 1203, 174, 1086, 1096]	743691
268	0.22281645092681557	0.3976671173751317	2.3635521757840072	3.331681059793028	[1799, 232, 1792, 496, 217, 132, 1108, 1086, 1112]	742544
269	0.22354440511172624	0.39881087013619243	2.3635521757840072	3.9467183453159977	[2636, 162, 10, 232, 1879, 836, 1089, 1086, 1112]	745260
270	0.2242716774534662	0.39982560873308837	2.3635521757840072	4.412789155064388	[420, 158, 156, 668, 670, 132, 1108, 1086, 1112]	760770
271	0.2249982685906884	0.40096526279636646	2.3635521757840072	3.5697263482650916	[2047, 232, 10, 734, 19, 1987, 334, 1086, 1112]	755301
272	0.2257241791614476	0.40210275280299235	2.3635521757840072	3.742473736223195	[331, 241, 132, 1032, 370, 1713, 174, 1086, 1112]	732319
273	0.22644940980320105	0.4032380828622315	2.3635521757840072	4.011772121171251	[811, 734, 10, 158, 420, 1822, 1094, 1086, 1112]	754304
274	0.22717396115280875	0.40437125707554655	2.3635521757840072	3.3212990430632914	[420, 158, 1557, 734, 19, 132, 1108, 1086, 1112]	780006
275	0.22789783384653428	0.40566385417390693	2.3635521757840072	3.935115999568387	[813, 3580, 162, 107, 734, 1203, 174, 1086, 1112]	745344
276	0.22862102852004518	0.40655556221162614	2.3635521757840072	3.669220817147468	[377, 162, 107, 232, 320, 836, 1089, 1086, 1112]	753786
277	0.22934354580841365	0.40755722865272337	2.3635521757840072	3.5840406156573206	[734, 19, 132, 241, 1729, 1822, 1094, 1086, 1112]	762947
278	0.23006538634611695	0.4085572043952559	2.3635521757840072	4.444273975964589	[2520, 2709, 2051, 1849, 420, 158, 1115, 1086, 1112]	661701
279	0.23078655076703825	0.40944457141541046	2.3635521757840072	3.205740620726451	[1580, 438, 2729, 301, 2627, 261, 132, 393, 794]	752582
280	0.23150703970446684	0.41070613391543853	2.3635521757840072	4.177703077813192	[2004, 19, 132, 1720, 241, 1729, 1094, 1086, 1112]	738477
281	0.23222685379109886	0.4118251272592406	2.3635521757840072	4.100372806786372	[2689, 1549, 107, 811, 3459, 1203, 174, 1086, 1112]	658359
282	0.2329459936590378	0.41260953971717096	2.3635521757840072	3.865364107906988	[734, 10, 107, 162, 420, 158, 1115, 1086, 1112]	747620
283	0.23366445993979512	0.4137249187378903	2.3635521757840072	3.762110849176943	[119, 409, 19, 241, 132, 1713, 174, 1086, 1112]	730215
284	0.23438225326429085	0.41483817979714455	2.3635521757840072	3.3676873098653024	[1468, 2229, 494, 10, 734, 1203, 174, 1086, 1112]	734861
285	0.23509937426285388	0.41610806221945973	2.3635521757840072	3.2503618800892022	[432, 15, 422, 19, 734, 1203, 174, 1086, 1112]	783784
286	0.2358158235652229	0.4172167979954102	2.3635521757840072	3.7869695552620186	[377, 162, 1549, 107, 10, 158, 1115, 1086, 1112]	723232
287	0.23653160180054655	0.41861737713230784	2.3635521757840072	4.3866581638581	[1819, 1513, 1031, 241, 1587, 132, 1094, 1086, 1096]	773077
288	0.23724670959738436	0.41948965044336617	2.3635521757840072	2.7050945281237446	[2654, 232, 10, 734, 19, 132, 1108, 1086, 1112]	772346
289	0.237961147583707	0.4203606150453244	2.3635521757840072	2.7972272025268525	[1580, 438, 10, 734, 19, 132, 1108, 1086, 1112]	742068
290	0.23867491638689708	0.421230272901695	2.3635521757840072	3.8265182619248623	[1820, 10, 734, 19, 241, 217, 261, 1086, 1096]	790111
291	0.2393880166337493	0.4224666584271125	2.3635521757840072	4.272169536604385	[2260, 1553, 10, 232, 320, 836, 1089, 1086, 1112]	751851
292	0.24010044895047156	0.42323687893294437	2.3635521757840072	3.425517234313027	[1580, 438, 3366, 496, 217, 132, 1108, 1086, 1112]	764492
293	0.24081221396268515	0.4239206063199399	2.3635521757840072	3.8334177060187837	[1549, 162, 107, 420, 158, 1713, 174, 1086, 1112]	655686
294	0.24152331229542523	0.42501450707833843	2.3635521757840072	4.442083354763324	[1799, 232, 10, 415, 2558, 255, 174, 1086, 1112]	736057
295	0.2422337445731415	0.4259850169284666	2.3635521757840072	3.9634941116829836	[107, 10, 438, 496, 217, 132, 1108, 1086, 1112]	775606
296	0.24294351141969905	0.4273645237618675	2.3635521757840072	3.93898136310478	[1579, 4018, 2197, 241, 1209, 132, 1108, 1086, 1112]	747407
297	0.2436526134583783	0.42833106705220003	2.3635521757840072	3.8416349220999155	[4647, 3621, 1720, 241, 19, 132, 1108, 1086, 1112]	775723
298	0.24436105131187613	0.4290934665588748	2.3635521757840072	3.3248987589734043	[158, 420, 107, 734, 19, 132, 1108, 1086, 1096]	661093
299	0.24506882560230592	0.4301947523101115	2.3635521757840072	3.957578815312311	[432, 422, 19, 132, 1032, 1729, 1094, 1086, 1112]	757977
300	0.2457759369511986	0.43127673927132826	2.3635521757840072	4.536332384710349	[432, 422, 19, 132, 387, 1822, 1094, 1086, 1112]	783642
301	0.24648238597950267	0.43264352872391565	2.3635521757840072	4.050882423356405	[193, 1743, 1742, 400, 1032, 132, 1108, 1086, 1112]	767944
302	0.24718817330758525	0.43372086577332225	2.3635521757840072	3.3120919925278223	[1196, 2558, 415, 10, 734, 1203, 174, 1086, 1112]	718498
303	0.24789329955523232	0.43508178135621867	2.3635521757840072	3.5450457481194073	[2636, 301, 2627, 261, 217, 132, 1108, 1086, 1112]	755605
304	0.24859776534164924	0.43583517785265713	2.3635521757840072	4.080261776885486	[2297, 400, 19, 132, 1727, 1203, 174, 1086, 1112]	755632
305	0.2493015712854615	0.43690645437040654	2.3635521757840072	4.00615986614231	[846, 10, 107, 162, 2636, 836, 1089, 1086, 1112]	741533
306	0.250004718004715	0.438477585915132	2.3635521757840072	4.428069526658452	[10, 1820, 841, 840, 843, 3094, 174, 1086, 1112]	768893
307	0.2507072061168769	0.43906928386822086	2.3635521757840072	2.8724681001663566	[3819, 438, 1549, 162, 107, 10, 734, 19, 794]	755273
308	0.25140903623883604	0.4400160708601485	2.3635521757840072	3.5761550083958458	[2307, 420, 158, 651, 734, 1203, 174, 1086, 1112]	735375
309	0.2521102089869032	0.4412123255915874	2.3635521757840072	3.5276606584572354	[1847, 420, 158, 651, 734, 1203, 174, 1086, 1112]	663451
310	0.2528107249768121	0.4420506987313463	2.3635521757840072	3.5276606584572354	[1847, 420, 158, 651, 734, 1203, 174, 1086, 1112]	720465
311	0.2535105848237198	0.44288781402388755	2.3635521757840072	4.192254156062524	[2872, 241, 1209, 132, 387, 344, 174, 1086, 1112]	680796
312	0.25420978914220693	0.4437236733564135	2.3635521757840072	4.208221057224416	[421, 438, 10, 158, 420, 1822, 1094, 1086, 1112]	745034
313	0.2549083385462786	0.44491200779443385	2.3635521757840072	3.264712197243572	[10, 438, 2627, 261, 217, 132, 1108, 1086, 1112]	739743
314	0.25560623364936474	0.44609780367622065	2.3635521757840072	3.363463039962916	[1742, 400, 19, 241, 217, 132, 1108, 1086, 1112]	784211
315	0.25630347506432083	0.44668147191021335	2.3635521757840072	2.3895911939201495	[377, 162, 107, 10, 734, 19, 409, 4290, 794]	774404
316	0.2570000634034282	0.44741939861662783	2.3635521757840072	4.797847981738447	[378, 1742, 400, 19, 241, 217, 261, 1086, 1112]	749106
317	0.2576959992783947	0.4483520915684227	2.3635521757840072	3.729104031242101	[87, 415, 10, 232, 320, 836, 1089, 1086, 1112]	748563
318	0.2583912833003553	0.44908779027270196	2.3635521757840072	3.8388609537583678	[107, 162, 10, 158, 420, 1822, 1094, 1086, 1112]	677329
319	0.2590859160798725	0.45003242712065683	2.3635521757840072	3.6014198057525126	[3580, 159, 10, 734, 19, 132, 1108, 1086, 1112]	761766
320	0.2597798982269369	0.45076588486531377	2.3635521757840072	4.0375697235650305	[1582, 420, 158, 10, 157, 1713, 174, 1086, 1112]	781240
321	0.2604732303509677	0.4519391755165414	2.3635521757840072	3.9830139077735955	[988, 420, 107, 811, 3459, 1203, 174, 1086, 1112]	776050
322	0.2611659130608134	0.4528642396010766	2.3635521757840072	3.56831686413683	[2636, 162, 107, 811, 3459, 1203, 174, 1086, 1112]	778725
323	0.26185794696475206	0.45378774228307706	2.3635521757840072	3.579877713429039	[2238, 1549, 107, 10, 734, 19, 334, 1086, 1112]	677350
324	0.2625493326704922	0.4551212683028938	2.3635521757840072	3.640497340765182	[1259, 734, 19, 241, 1720, 132, 1108, 1086, 1112]	691932
325	0.26324007078517286	0.45569542816212627	2.3635521757840072	4.301931449861644	[988, 420, 158, 651, 734, 19, 334, 1086, 1112]	739328
326	0.26393016191536467	0.4566141521211504	2.3635521757840072	4.0327490250524205	[1792, 232, 10, 158, 420, 1582, 1087, 1086, 1112]	747724
327	0.26461960666706996	0.45742941723928143	2.3635521757840072	3.339965583260699	[734, 10, 438, 421, 261, 217, 132, 19, 794]	773965
328	0.26530840564572356	0.45845968907069556	2.3635521757840072	3.6667189110240637	[1549, 162, 3284, 734, 19, 132, 1108, 1086, 1112]	679645
329	0.26599655945619305	0.45937374727297786	2.3635521757840072	3.1433252120916846	[195, 3284, 162, 10, 734, 1203, 174, 1086, 1112]	779309
330	0.2666840687027795	0.46028626264939787	2.3635521757840072	2.952552559685305	[377, 162, 107, 10, 158, 1557, 734, 19, 794]	732590
331	0.2673709339892181	0.4610960183424393	2.3635521757840072	2.465656797017007	[2309, 420, 158, 10, 734, 1203, 174, 1086, 1112]	778546
332	0.2680571559186783	0.46224724144778684	2.3635521757840072	3.7106410809189088	[2627, 261, 217, 241, 132, 1713, 174, 1086, 1096]	769236
333	0.2687427350937648	0.46326836484998557	2.3635521757840072	4.265499142868762	[1580, 1579, 1583, 162, 420, 158, 1115, 1086, 1112]	759892
334	0.26942767211651786	0.4642875492700296	2.3635521757840072	4.103331588371835	[3284, 811, 734, 19, 132, 387, 344, 1086, 1112]	774501
335	0.2701119675884137	0.46530479838979677	2.3635521757840072	2.618611884826732	[2238, 1549, 107, 10, 734, 1203, 174, 1086, 1112]	785622
336	0.27079562211036523	0.46632011588417377	2.3635521757840072	2.8015263992762196	[377, 162, 846, 10, 734, 1203, 174, 1086, 1096]	747787
337	0.2714786362827225	0.46760268701680685	2.3635521757840072	3.230696100199915	[2627, 438, 2729, 496, 217, 132, 1108, 1086, 1112]	772639
338	0.2721610107052733	0.46840146556423534	2.3635521757840072	3.948748534039642	[4015, 241, 132, 1032, 370, 1713, 174, 1086, 1112]	789002
339	0.27284274597724356	0.4691990456699131	2.3635521757840072	4.292704828501341	[158, 420, 1791, 1792, 496, 132, 1108, 1086, 1112]	754401
340	0.273523842697298	0.47009497706466397	2.3635521757840072	3.97689768075616	[421, 438, 10, 811, 3459, 1203, 174, 1086, 1112]	736154
341	0.2742043014635406	0.4709893962295336	2.3635521757840072	2.8209375817823568	[394, 432, 422, 19, 734, 1203, 174, 1086, 1112]	780217
342	0.27488412287351494	0.4717830935517201	2.3635521757840072	4.697740192513373	[1579, 1580, 1674, 438, 240, 1203, 174, 1086, 1112]	732506
343	0.2755633075242051	0.4726746633687383	2.3635521757840072	3.8601951829380345	[77, 19, 132, 241, 1729, 1822, 1094, 1086, 1112]	663563
344	0.2762418560120359	0.47367598643634323	2.3635521757840072	5.017897563214967	[320, 232, 1792, 496, 217, 19, 334, 1086, 1112]	726589
345	0.2769197689328736	0.47429992047332026	2.3635521757840072	2.7162997500929436	[1726, 132, 241, 19, 734, 1203, 174, 1086, 1112]	771240
346	0.27759704688202635	0.47529815738648395	2.3635521757840072	3.5127912754247888	[846, 10, 734, 19, 241, 132, 1094, 1086, 1112]	737465
347	0.27827369045424455	0.4760853900893077	2.3635521757840072	4.141947276848882	[1791, 420, 158, 10, 107, 1546, 234, 1086, 1112]	670162
348	0.27894970024372157	0.4772045924420222	2.3635521757840072	4.24969472824201	[19, 1126, 241, 132, 1032, 1729, 1094, 1086, 1112]	750850
349	0.2796250768440943	0.478501208036164	2.3635521757840072	3.4528470814823207	[2299, 2297, 400, 19, 241, 132, 1108, 1086, 1112]	750303
350	0.2802998208484436	0.4794914672439947	2.3635521757840072	4.40605849911962	[1849, 420, 2149, 157, 320, 836, 1089, 1086, 1112]	681520
351	0.28097393284929484	0.4807423842042772	2.3635521757840072	4.8461067817325585	[1555, 2229, 1529, 156, 677, 132, 1108, 1086, 1112]	737733
352	0.2816474134386182	0.48185163814427046	2.3635521757840072	4.764495491509003	[2149, 420, 1791, 1792, 232, 193, 1115, 1086, 1112]	714639
353	0.28232026320782955	0.4829585224621996	2.3635521757840072	3.96520465025717	[19, 241, 1031, 1511, 2327, 387, 344, 1086, 1096]	549319
354	0.2829924827477909	0.4836480687094875	2.3635521757840072	2.962468664666881	[107, 10, 494, 2229, 734, 1203, 174, 1086, 1112]	728180
355	0.28366407264881055	0.4843366953515835	2.3635521757840072	2.7470858029841683	[107, 10, 734, 19, 241, 132, 1108, 1086, 1112]	770473
356	0.28433503350064404	0.4853158737187002	2.3635521757840072	2.5361612084483056	[2047, 232, 10, 734, 19, 132, 1108, 1086, 1112]	795998
357	0.2850053658924946	0.486293192751895	2.3635521757840072	3.4814995724336164	[1851, 159, 651, 734, 19, 132, 1108, 1086, 1112]	778738
358	0.28567507041301343	0.487268655981804	2.3635521757840072	3.142915990885162	[1819, 1513, 1031, 241, 19, 132, 1108, 1086, 1112]	721165
359	0.2863441476503005	0.48803792883162556	2.3635521757840072	2.7365872267454594	[377, 162, 1549, 10, 734, 1203, 174, 1086, 1112]	644483
360	0.28701259819190483	0.48913159780689974	2.3635521757840072	3.964665999922029	[2004, 19, 241, 1720, 132, 1713, 174, 1086, 1112]	684535
361	0.2876804226248252	0.48989807560511467	2.3635521757840072	4.173908285078309	[837, 162, 1549, 10, 158, 1713, 174, 1086, 1112]	762472
362	0.2883476215355103	0.490759069401113	2.3635521757840072	3.331681059793028	[1799, 232, 1792, 496, 217, 132, 1108, 1086, 1112]	767637
363	0.28901419550985996	0.49172605250500634	2.3635521757840072	3.1510380723991984	[195, 10, 494, 2229, 734, 1203, 174, 1086, 1112]	726472
364	0.2896801451332248	0.4929475665847558	2.3635521757840072	4.138000368859888	[432, 394, 193, 232, 1879, 836, 1089, 1086, 1112]	742849
365	0.29034547099040753	0.49391039401365844	2.3635521757840072	4.963129414515386	[3, 19, 422, 432, 394, 193, 1115, 1086, 1096]	774062
366	0.29101017366566284	0.49487139315697015	2.3635521757840072	4.128238121799464	[2003, 1417, 21, 422, 19, 132, 1108, 1086, 1112]	716068
367	0.2916742537426983	0.4956292592937802	2.3635521757840072	2.5137599120354004	[2149, 420, 158, 10, 734, 1203, 174, 1086, 1112]	660196
368	0.2923377118046746	0.49684139295560314	2.3635521757840072	2.8696379783974537	[1019, 10, 734, 19, 241, 132, 1108, 1086, 1112]	737553
369	0.2930005484342064	0.4975124244769624	2.3635521757840072	3.3150469371284377	[1549, 162, 10, 232, 320, 836, 1089, 1086, 1112]	763663
370	0.29366276421336257	0.49818256108507497	2.3635521757840072	2.744160349070045	[241, 217, 132, 19, 734, 1203, 174, 1086, 1096]	780176
371	0.2943243597236668	0.4988518039734312	2.3635521757840072	3.6564643104275216	[1527, 1534, 158, 10, 734, 1203, 174, 1086, 1112]	765016
372	0.29498533554609796	0.4996036981289923	2.3635521757840072	3.84178221102092	[377, 162, 107, 10, 301, 2627, 261, 1086, 1112]	651045
373	0.29564569226109105	0.5003544641854689	2.3635521757840072	3.8679544043316154	[2636, 162, 107, 10, 438, 2627, 261, 1086, 1096]	745651
374	0.2963054304485371	0.5011978087916373	2.3635521757840072	4.751965253574234	[1879, 420, 162, 2636, 301, 2627, 261, 1086, 1112]	681266
375	0.29696455068778405	0.5022633652303758	2.3635521757840072	4.32812823380397	[2051, 1849, 420, 158, 2151, 132, 1108, 1086, 1112]	764018
376	0.2976230535576372	0.5033266453949838	2.3635521757840072	3.9371838307600084	[3621, 1720, 241, 217, 132, 1713, 174, 1086, 1112]	672610
377	0.2982809396363598	0.5041649732986864	2.3635521757840072	3.9657994076749326	[1791, 420, 158, 10, 415, 255, 174, 1086, 1112]	657295
378	0.2989382095016735	0.5050018862006224	2.3635521757840072	4.064212563263013	[107, 162, 10, 261, 217, 132, 1108, 1086, 1096]	740298
379	0.2995948637307585	0.5059418240252197	2.3635521757840072	4.333795855004705	[3085, 651, 734, 19, 132, 1713, 174, 1086, 1112]	750889
380	0.3002509029002548	0.5068799770286441	2.3635521757840072	2.952838817484044	[1807, 157, 1805, 162, 107, 10, 734, 19, 794]	659234
381	0.300906327586262	0.5078312116408572	2.3635521757840072	3.3771612264931568	[3539, 359, 158, 10, 734, 1203, 174, 1086, 1112]	676315
382	0.3015611383643402	0.5088825976023179	2.3635521757840072	4.180251379844738	[332, 165, 261, 217, 132, 1713, 174, 1086, 1112]	721677
383	0.3022153358095103	0.5100628800558951	2.3635521757840072	4.184226032578272	[1726, 132, 1720, 241, 1729, 1822, 1094, 1086, 1112]	772567
384	0.3028689204962548	0.5107979537526561	2.3635521757840072	3.445470414709181	[1019, 10, 158, 1557, 734, 1203, 174, 1086, 1112]	767337
385	0.30352189299851795	0.5119736331087956	2.3635521757840072	4.168581474246704	[1580, 438, 2627, 301, 1879, 836, 1089, 1086, 1112]	719301
386	0.3041742538897064	0.5129003324816902	2.3635521757840072	4.247610719034837	[420, 158, 10, 232, 3135, 836, 1089, 1086, 1112]	771430
387	0.30482600374268987	0.5135499471884095	2.3635521757840072	3.370347905802177	[420, 158, 10, 734, 19, 132, 1094, 1086, 1096]	687921
388	0.30547714312980123	0.5145891166127506	2.3635521757840072	3.6376595384239296	[157, 1805, 162, 107, 734, 1203, 174, 1086, 1112]	572550
389	0.3061276726228376	0.5155108495184881	2.3635521757840072	3.501360769444612	[1078, 334, 1987, 19, 734, 1203, 174, 1086, 1112]	747089
390	0.30677759279306027	0.5164308321718547	2.3635521757840072	3.832970332198456	[157, 10, 107, 811, 3459, 1203, 174, 1086, 1112]	764564
391	0.30742690421119556	0.5172470417047437	2.3635521757840072	4.436163592595393	[241, 19, 734, 107, 10, 158, 1115, 1086, 1112]	751445
392	0.30807560744743523	0.5182783132831332	2.3635521757840072	4.303666872597501	[320, 160, 331, 241, 1729, 132, 1108, 1086, 1112]	678090
393	0.30872370307143693	0.5194360153958332	2.3635521757840072	3.230696100199915	[2627, 438, 2729, 496, 217, 132, 1108, 1086, 1112]	734693
394	0.30937119165232463	0.5202471525226245	2.3635521757840072	3.217193451896649	[3284, 811, 734, 19, 241, 132, 1108, 1086, 1096]	749007
395	0.3100180737586895	0.5208869692297464	2.3635521757840072	4.125237748946061	[320, 232, 1799, 1019, 10, 158, 1115, 1086, 1112]	777894
396	0.3106643499585898	0.5215259326528892	2.3635521757840072	2.956330174893786	[813, 3284, 162, 10, 734, 1203, 174, 1086, 1112]	739801
397	0.31131002081955206	0.5222438078396668	2.3635521757840072	3.87155833307271	[837, 162, 1549, 107, 10, 158, 1115, 1086, 1112]	747650
398	0.3119550869085709	0.5230502057334561	2.3635521757840072	3.8303762970214095	[1917, 10, 107, 811, 3459, 1203, 174, 1086, 1112]	671504
399	0.31259954879211005	0.5240690804160322	2.3635521757840072	3.9335191230914317	[4356, 669, 813, 651, 734, 1203, 174, 1086, 1112]	755780
400	0.31324340703610276	0.5249728120884194	2.3635521757840072	3.781493148378831	[320, 836, 1879, 496, 217, 132, 1108, 1086, 1096]	661480
401	0.31388666220595196	0.525889145398434	2.3635521757840072	3.3820643451289696	[321, 1398, 132, 19, 734, 1203, 174, 1086, 1112]	590792
402	0.31452931486653113	0.5267894210012473	2.3635521757840072	4.436211131925476	[2180, 1549, 107, 162, 2636, 836, 1089, 1086, 1112]	753009
403	0.3151713655821845	0.5279266687153632	2.3635521757840072	4.162750121059582	[1742, 1743, 193, 232, 1192, 836, 1089, 1086, 1112]	783139
404	0.31581281491672797	0.5289351261491377	2.3635521757840072	4.485947554931715	[1879, 420, 1822, 1729, 1032, 132, 1108, 1086, 1112]	686641
405	0.31645366343344905	0.5299414292854159	2.3635521757840072	4.172305364700273	[160, 331, 241, 1720, 132, 1713, 174, 1086, 1112]	767692
406	0.3170939116951079	0.5310711019063805	2.3635521757840072	4.200951552006387	[1819, 1513, 1031, 241, 1720, 132, 1094, 1086, 1112]	709226
407	0.3177335602639375	0.5319615376395228	2.3635521757840072	3.993718341415555	[1743, 1742, 400, 19, 241, 1729, 1094, 1086, 1112]	637948
408	0.31837260970164405	0.532850282549604	2.3635521757840072	4.028258787434632	[1265, 193, 1743, 1742, 400, 19, 334, 1086, 1112]	739667
409	0.31901106056940776	0.5335511673280147	2.3635521757840072	4.2987501486218145	[1791, 420, 162, 107, 10, 232, 1023, 1086, 1112]	544928
410	0.31964891342788315	0.5343384796902599	2.3635521757840072	3.9496913074263125	[2636, 162, 107, 420, 158, 1713, 174, 1086, 1112]	777712
411	0.3202861688371996	0.5353332400180701	2.3635521757840072	4.610734285730849	[1549, 107, 1586, 1587, 132, 1713, 174, 1086, 1096]	782823
412	0.320922827356962	0.5361175444451229	2.3635521757840072	3.7039674050528966	[3284, 2308, 651, 19, 241, 132, 1108, 1086, 1112]	749206
413	0.3215588895462509	0.5369983976322117	2.3635521757840072	4.04294129691113	[2238, 1549, 107, 162, 2636, 836, 1089, 1086, 1112]	760532
414	0.3221943559636232	0.5378775781922635	2.3308375742080556	2.3308375742080556	[1791, 420, 158, 10, 734, 1203, 174, 1086, 1112]	739483
415	0.3228292271671127	0.5388647781900217	2.3308375742080556	4.049097945341332	[241, 1031, 132, 1032, 1729, 1822, 1094, 1086, 1112]	747831
416	0.3234635037142305	0.5397404147331721	2.3308375742080556	3.8518134042118604	[846, 10, 107, 162, 1192, 836, 1089, 1086, 1112]	753117
417	0.3240971861619655	0.540628261155369	2.3308375742080556	3.8883420691562476	[3543, 359, 158, 10, 734, 19, 334, 1086, 1112]	641945
418	0.32473027506678476	0.5413174762985258	2.3308375742080556	3.543066911359708	[119, 409, 19, 241, 217, 132, 1108, 1086, 1112]	738997
419	0.3253627709846343	0.541929192817713	2.3308375742080556	3.9381740284841484	[1582, 420, 158, 651, 19, 132, 1108, 1086, 1112]	748086
420	0.3259946744709393	0.5426164561172406	2.3308375742080556	4.489603142942832	[1579, 1580, 438, 2729, 496, 970, 261, 1086, 1096]	752733
421	0.3266259860806049	0.5434849687059937	2.3308375742080556	4.124278719397891	[734, 10, 301, 2729, 438, 132, 1108, 1086, 1112]	746610
422	0.32725670636801607	0.5442555139459286	2.3308375742080556	3.6359172199571725	[1586, 1587, 241, 19, 734, 1203, 174, 1086, 1112]	672455
423	0.32788683588703893	0.545024758593493	2.3308375742080556	2.4628299353627563	[320, 232, 10, 734, 19, 132, 1108, 1086, 1112]	767069
424	0.3285163751910206	0.5461181820633649	2.3308375742080556	4.621231866572508	[2796, 1791, 1792, 496, 1879, 836, 1089, 1086, 1096]	655264
425	0.32914532483279	0.5469800453244208	2.3308375742080556	2.9660699786662237	[195, 1583, 162, 10, 734, 1203, 174, 1086, 1112]	761786
426	0.32977368536465823	0.5476597306130716	2.3308375742080556	3.8802726290071554	[1820, 10, 301, 1580, 438, 2627, 261, 1086, 1112]	741738
427	0.33040145733841897	0.5483383961407011	2.3308375742080556	4.415624755150894	[1582, 420, 162, 10, 161, 1713, 174, 1086, 1096]	689912
428	0.33102864130534915	0.5490160434373008	2.3308375742080556	3.4445429964330634	[2627, 438, 1549, 10, 734, 1203, 174, 1086, 1112]	742406
429	0.3316552378162093	0.5497772528547243	2.3308375742080556	3.4425541069623073	[1791, 420, 158, 10, 232, 1799, 1019, 386, 794]	759258
430	0.3322812474212441	0.5505371774375796	2.3308375742080556	2.8867200805870303	[420, 162, 10, 734, 19, 132, 1108, 1086, 1112]	669057
431	0.33290667067018276	0.5516173531357238	2.3308375742080556	3.9540696077057405	[1580, 1579, 4018, 241, 1587, 132, 1108, 1086, 1112]	711212
432	0.33353150811223975	0.55229008087236	2.3308375742080556	4.702491830281184	[2411, 1468, 2307, 420, 158, 1546, 234, 1086, 1112]	709682
433	0.33415576029611493	0.552961799286689	2.3308375742080556	4.366088348224361	[320, 232, 1549, 162, 107, 1546, 234, 1086, 1112]	731249
434	0.33477942776999436	0.5538106673978525	2.3308375742080556	4.532756484865362	[811, 3284, 813, 19, 132, 217, 261, 1086, 1112]	744562
435	0.3354025110815505	0.5546579236175289	2.3308375742080556	4.332109198813675	[377, 162, 107, 734, 19, 387, 344, 1086, 1096]	689058
436	0.336025010777943	0.5553260894557228	2.3308375742080556	2.690956155420611	[1791, 420, 107, 10, 734, 1203, 174, 1086, 1112]	747066
437	0.3366469274058189	0.5561704680836009	2.3308375742080556	3.1370989558516458	[1791, 420, 158, 651, 734, 1203, 174, 1086, 1112]	758863
438	0.3372682615113133	0.5568363645863905	2.3308375742080556	3.0062272059967086	[2151, 158, 10, 734, 19, 132, 1108, 1086, 1112]	735848
439	0.33788901364004953	0.5576778753958238	2.3308375742080556	4.19899081178098	[1715, 132, 217, 241, 1729, 1822, 1094, 1086, 1096]	782718
440	0.33850918433714017	0.5586227773954056	2.3308375742080556	3.113154942969383	[1820, 10, 734, 811, 3459, 1203, 174, 1086, 1112]	783807
441	0.339128774147187	0.5592849945932434	2.3308375742080556	3.9110293060050694	[1820, 10, 232, 3, 19, 132, 1108, 1086, 1112]	721246
442	0.3397477836142817	0.5602264634158286	2.3308375742080556	3.5984627064676165	[2404, 1743, 1742, 400, 19, 132, 1108, 1086, 1112]	755084
443	0.34036621328200656	0.56074779565788	2.3308375742080556	3.743194331248434	[1792, 232, 10, 158, 420, 1822, 1094, 1086, 1112]	753681
444	0.34098406369343437	0.5614068245995799	2.3308375742080556	3.834499517270503	[1849, 420, 158, 10, 438, 2627, 261, 1086, 1112]	665655
445	0.3416013353911296	0.5621471197933982	2.3308375742080556	3.97907961315072	[2047, 232, 107, 811, 3459, 1203, 174, 1086, 1112]	753949
446	0.34221802891714825	0.5628040492690167	2.3308375742080556	4.237041046214874	[119, 409, 19, 132, 1032, 1729, 1094, 1086, 1112]	666074
447	0.34283414481303875	0.5638547444936282	2.3308375742080556	3.93898136310478	[1579, 4018, 2197, 241, 1209, 132, 1108, 1086, 1112]	705517
448	0.3434496836198422	0.5649029146251934	2.3308375742080556	4.164917075654545	[2267, 438, 2627, 261, 217, 132, 1094, 1086, 1112]	762562
449	0.34406464587809293	0.5659485657321656	2.3308375742080556	4.070163667035541	[3284, 811, 734, 19, 1126, 132, 1108, 1086, 1112]	721710
450	0.34467903212781903	0.5666811949856077	2.3308375742080556	3.886584519684959	[3, 19, 132, 1032, 370, 1713, 174, 1086, 1112]	740597
451	0.3452928429085428	0.5675040117269001	2.3308375742080556	3.920825132299778	[1549, 162, 1583, 1013, 156, 1713, 174, 1086, 1096]	775007
452	0.34590607875928103	0.5683383018277356	2.3308375742080556	4.6626261100346404	[2078, 435, 422, 19, 132, 387, 344, 1086, 1112]	736782
453	0.3465187402185459	0.5691579719360271	2.3308375742080556	4.256013223737174	[4356, 669, 673, 670, 132, 217, 261, 1086, 1112]	726009
454	0.3471308278243449	0.5701933970370414	2.3308375742080556	3.9645464965755215	[2654, 232, 1792, 496, 1879, 836, 1089, 1086, 1112]	747637
455	0.34774234211418187	0.5708382543374403	2.3308375742080556	4.056305068088538	[2636, 162, 420, 158, 19, 132, 1108, 1086, 1112]	774591
456	0.3483532836250569	0.571482144130744	2.3308375742080556	4.137831114820516	[193, 1265, 808, 331, 241, 19, 334, 1086, 1112]	722912
457	0.3489636528934673	0.5722958444863986	2.3308375742080556	3.5737586357920224	[1579, 4018, 2197, 241, 19, 132, 1108, 1086, 1112]	762393
458	0.3495734504554079	0.5732095191350177	2.3308375742080556	4.6085835664406085	[160, 2229, 494, 10, 158, 1713, 174, 1086, 1112]	679394
459	0.3501826768463713	0.5742352073176384	2.3308375742080556	3.270354725875218	[2627, 301, 2729, 496, 217, 132, 1108, 1086, 1112]	761331
460	0.35079133260134865	0.5750436799599932	2.3308375742080556	4.294828076337146	[1265, 1580, 438, 2729, 301, 2627, 261, 1086, 1112]	711071
461	0.35139941825483	0.5757609576992583	2.3308375742080556	2.935613391505804	[249, 318, 158, 10, 734, 1203, 174, 1086, 1112]	761948
462	0.35200693434080477	0.5766672300674545	2.3308375742080556	4.225315262050943	[1265, 415, 87, 160, 320, 836, 1089, 1086, 1096]	738099
463	0.35261388139276206	0.5773023743982003	2.3308375742080556	4.1552315839471765	[1579, 1580, 301, 2729, 438, 254, 174, 1086, 1112]	737123
464	0.35322025994369155	0.578015839719191	2.3308375742080556	4.168581474246704	[1580, 438, 2627, 301, 1879, 836, 1089, 1086, 1112]	766403
465	0.3538260705260834	0.5787281007921958	2.3308375742080556	4.212716344212969	[1797, 838, 1019, 10, 734, 19, 334, 1086, 1112]	734539
466	0.35443131367192926	0.579450446298382	2.3308375742080556	3.534649232153148	[1019, 1799, 232, 10, 734, 19, 334, 1086, 1112]	764658
467	0.35503598991272234	0.5802490158719258	2.3308375742080556	4.041634498072603	[10, 162, 107, 1586, 1587, 132, 1108, 1086, 1096]	745508
468	0.3556400997794581	0.5812577863187056	2.3308375742080556	3.9771754513912514	[3869, 438, 2627, 261, 217, 132, 1094, 1086, 1112]	666949
469	0.3562436438026345	0.5818860432408098	2.3308375742080556	3.8529085796859777	[988, 420, 3, 19, 734, 1203, 174, 1086, 1112]	763409
470	0.35684662251225285	0.5825133575620792	2.3308375742080556	4.396024257888532	[542, 156, 1529, 2229, 734, 19, 334, 1086, 1112]	732870
471	0.3574490364378178	0.5833061110606321	2.3308375742080556	3.725732686598568	[3819, 438, 10, 232, 320, 836, 1089, 1086, 1096]	752581
472	0.358050886108338	0.5841962652423263	2.3308375742080556	3.839743117911315	[1820, 10, 734, 19, 241, 1729, 1094, 1086, 1112]	665871
473	0.3586521720523269	0.5849858231154013	2.3308375742080556	3.260202139468001	[107, 162, 3284, 811, 3459, 1203, 174, 1086, 1112]	723583
474	0.35925289479780276	0.5857738817195116	2.3308375742080556	3.8603224019679336	[3135, 232, 10, 734, 19, 132, 1094, 1086, 1096]	761374
475	0.35985305487228914	0.586395362949785	2.3308375742080556	3.4898124603537823	[1677, 1580, 301, 10, 734, 1203, 174, 1086, 1112]	743910
476	0.3604526528028156	0.5871807450188365	2.3308375742080556	4.584672451289439	[320, 232, 10, 157, 842, 193, 1115, 1086, 1112]	751477
477	0.361051689115918	0.5879646357482387	2.3308375742080556	4.138105526971911	[2872, 241, 1031, 132, 19, 387, 344, 1086, 1112]	746108
478	0.3616501643376392	0.5889548635599704	2.3308375742080556	4.9815366457676875	[1582, 1579, 1580, 438, 2627, 301, 1092, 1086, 1112]	654390
479	0.3622480789935292	0.5898329507044651	2.3308375742080556	3.696270330469976	[249, 318, 158, 1557, 734, 1203, 174, 1086, 1112]	724435
480	0.36284543360864563	0.5908186884709453	2.3308375742080556	3.6208345828395823	[193, 1265, 2308, 651, 734, 1203, 174, 1086, 1112]	718047
481	0.3634422287075546	0.5915093397973109	2.3308375742080556	4.191420951041564	[269, 1402, 1078, 334, 19, 132, 1108, 1086, 1112]	760248
482	0.36403846481433055	0.5924910487661512	2.3308375742080556	3.1958448816006024	[811, 3284, 2308, 651, 734, 1203, 174, 1086, 1112]	769718
483	0.3646341424525573	0.5932648559109639	2.3308375742080556	3.291660443615336	[2558, 415, 733, 734, 19, 132, 1108, 1086, 1112]	740725
484	0.36522926214532825	0.5938072934221328	2.3308375742080556	3.03216864668155	[420, 162, 846, 10, 734, 1203, 174, 1086, 1112]	751082
485	0.36582382441524663	0.5947834798126054	2.3308375742080556	3.2870120422153617	[394, 432, 15, 1557, 734, 1203, 174, 1086, 1112]	730058
486	0.3664178297844263	0.5953914435560279	2.3308375742080556	4.381039290456601	[1799, 232, 107, 162, 420, 158, 1115, 1086, 1112]	731853
487	0.367011278774492	0.5961597432237546	2.3308375742080556	3.8959946989389005	[1851, 159, 10, 811, 3459, 1203, 174, 1086, 1112]	653322
488	0.3676041719065801	0.59669832000272	2.3308375742080556	3.8965440762853945	[1549, 162, 10, 158, 19, 132, 1108, 1086, 1112]	759379
489	0.36819650970133866	0.5973034108291906	2.3308375742080556	4.0755567399636226	[715, 494, 10, 734, 19, 132, 1094, 1086, 1112]	734427
490	0.3687882926789281	0.5977807899760339	2.3308375742080556	2.865623564852017	[10, 107, 1549, 162, 420, 1582, 793, 2372, 794]	732528
491	0.36937952135902163	0.5983172048651835	2.3308375742080556	3.763096435487366	[158, 10, 734, 19, 241, 217, 261, 1086, 1112]	741749
492	0.36997019626080574	0.5990799488880632	2.3308375742080556	3.877264041843623	[1549, 107, 10, 232, 1879, 836, 1089, 1086, 1112]	768638
493	0.3705603179029806	0.600043463720371	2.3308375742080556	4.060560721926895	[846, 10, 415, 733, 734, 19, 334, 1086, 1112]	728171
494	0.3711498868037606	0.6006435356840965	2.3308375742080556	2.421599557590757	[377, 162, 107, 10, 734, 1203, 174, 1086, 1112]	654207
495	0.37173890348087457	0.6012427073340902	2.3308375742080556	4.344143351941921	[1872, 193, 232, 10, 301, 2627, 261, 1086, 1096]	749060
